./ps4_degrader: invalid option -- 'v'
Capturing with the following configuration:
 - Capture device: DeckLink 4K Extreme 12G
 - Video mode: 720p59.94
 - Pixel format: 8 bit BGRA (4:4:4:x)
[libx264 @ 0x27efe40] using cpu capabilities: MMX2 SSE2Fast SSSE3 SSE4.2 AVX AVX2 FMA3 LZCNT BMI2
[libx264 @ 0x27efe40] profile High 4:2:2 Intra, level 3.1, 4:2:2 8-bit
PLAYBACK (hw timestamp): Frame 108 Displayed Late. Expected (+/- 5%): 50000
	Timestamp delay: 66596
	Hardware timestamp delay: 66710
PLAYBACK (hw timestamp): Frame 111 Displayed Late. Expected (+/- 5%): 50000
	Timestamp delay: 66597
	Hardware timestamp delay: 66649
PLAYBACK (hw timestamp): Frame 114 Displayed Late. Expected (+/- 5%): 50000
	Timestamp delay: 66624
	Hardware timestamp delay: 66703
PLAYBACK (hw timestamp): Frame 239 Displayed Late. Expected (+/- 5%): 50000
	Timestamp delay: 66646
	Hardware timestamp delay: 66645
PLAYBACK (hw timestamp): Frame 417 Displayed Late. Expected (+/- 5%): 50000
	Timestamp delay: 83517
	Hardware timestamp delay: 83487
PLAYBACK (hw timestamp): Frame 419 Displayed Late. Expected (+/- 5%): 50000
	Timestamp delay: 66670
	Hardware timestamp delay: 60665
[libx264 @ 0x27efe40] frame I:591   Avg QP:26.00  size: 72228
[libx264 @ 0x27efe40] mb I  I16..4:  9.6% 67.9% 22.5%
[libx264 @ 0x27efe40] final ratefactor: 39.62
[libx264 @ 0x27efe40] 8x8 transform intra:67.9%
[libx264 @ 0x27efe40] coded y,uvDC,uvAC intra: 74.3% 78.9% 38.4%
[libx264 @ 0x27efe40] i16 v,h,dc,p: 18% 40% 13% 29%
[libx264 @ 0x27efe40] i8 v,h,dc,ddl,ddr,vr,hd,vl,hu:  9% 23% 19%  7%  8%  5% 11%  5% 12%
[libx264 @ 0x27efe40] i4 v,h,dc,ddl,ddr,vr,hd,vl,hu: 14% 27% 14%  6% 10%  6% 11%  4%  8%
[libx264 @ 0x27efe40] i8c dc,h,v,p: 61% 19% 14%  6%
[libx264 @ 0x27efe40] kb/s:11556.44
Stopping Capture
