00000000: 14.7103   (Y': 13.0988   Cb: 15.6246   Cr: 16.0144 )
00000001: 14.7171   (Y': 13.1204   Cb: 15.6128   Cr: 16.013  )
00000002: 14.714    (Y': 13.106    Cb: 15.6192   Cr: 16.0212 )
00000003: 14.7057   (Y': 13.1045   Cb: 15.6061   Cr: 16.0052 )
00000004: 14.7164   (Y': 13.1126   Cb: 15.6171   Cr: 16.0207 )
00000005: 14.7102   (Y': 13.1106   Cb: 15.6052   Cr: 16.0122 )
00000006: 14.7127   (Y': 13.1073   Cb: 15.617    Cr: 16.016  )
00000007: 14.7097   (Y': 13.1019   Cb: 15.6101   Cr: 16.022  )
00000008: 14.7144   (Y': 13.1166   Cb: 15.6211   Cr: 16.0002 )
00000009: 14.705    (Y': 13.1067   Cb: 15.6091   Cr: 15.9946 )
00000010: 14.7114   (Y': 13.111    Cb: 15.6082   Cr: 16.0133 )
00000011: 14.7026   (Y': 13.0993   Cb: 15.6018   Cr: 16.0071 )
00000013: 14.7045   (Y': 13.1055   Cb: 15.5931   Cr: 16.0124 )
00000012: 14.7019   (Y': 13.0954   Cb: 15.5968   Cr: 16.0179 )
00000015: 14.711    (Y': 13.1129   Cb: 15.5993   Cr: 16.0176 )
00000014: 14.7126   (Y': 13.1145   Cb: 15.6019   Cr: 16.0184 )
00000016: 14.7153   (Y': 13.1233   Cb: 15.595    Cr: 16.0197 )
00000017: 14.7206   (Y': 13.1171   Cb: 15.6207   Cr: 16.0249 )
00000018: 14.7102   (Y': 13.1048   Cb: 15.6064   Cr: 16.0223 )
00000019: 14.7036   (Y': 13.1026   Cb: 15.6053   Cr: 16.0012 )
00000021: 14.7138   (Y': 13.1091   Cb: 15.6202   Cr: 16.0135 )
00000020: 14.7007   (Y': 13.1003   Cb: 15.5986   Cr: 16.0013 )
00000022: 14.7066   (Y': 13.1027   Cb: 15.6037   Cr: 16.0151 )
00000023: 14.6986   (Y': 13.0923   Cb: 15.5983   Cr: 16.0086 )
00000025: 14.7096   (Y': 13.1056   Cb: 15.6086   Cr: 16.0162 )
00000026: 14.7091   (Y': 13.1103   Cb: 15.6065   Cr: 16.0074 )
00000024: 14.7175   (Y': 13.1078   Cb: 15.6215   Cr: 16.0297 )
00000027: 14.7207   (Y': 13.1186   Cb: 15.6288   Cr: 16.0136 )
00000028: 14.7188   (Y': 13.1209   Cb: 15.6214   Cr: 16.0094 )
00000029: 14.7282   (Y': 13.1143   Cb: 15.6445   Cr: 16.0348 )
00000030: 14.7301   (Y': 13.116    Cb: 15.6472   Cr: 16.0365 )
00000031: 14.7305   (Y': 13.1193   Cb: 15.6544   Cr: 16.0239 )
00000032: 14.7208   (Y': 13.1025   Cb: 15.6407   Cr: 16.0325 )
00000033: 14.7326   (Y': 13.1159   Cb: 15.645    Cr: 16.0493 )
00000036: 14.7428   (Y': 13.1394   Cb: 15.6482   Cr: 16.0412 )
00000034: 14.7364   (Y': 13.1198   Cb: 15.6634   Cr: 16.0368 )
00000035: 14.7313   (Y': 13.1149   Cb: 15.6562   Cr: 16.0339 )
00000037: 14.8868   (Y': 13.2953   Cb: 15.8106   Cr: 16.1422 )
00000038: 15.0002   (Y': 13.4277   Cb: 15.9263   Cr: 16.2166 )
00000039: 15.1519   (Y': 13.5784   Cb: 16.0924   Cr: 16.3547 )
00000040: 15.1974   (Y': 13.6513   Cb: 16.1287   Cr: 16.3586 )
00000041: 15.2539   (Y': 13.6917   Cb: 16.1964   Cr: 16.4332 )
00000043: 15.4607   (Y': 13.901    Cb: 16.4295   Cr: 16.6079 )
00000042: 15.2571   (Y': 13.6965   Cb: 16.2145   Cr: 16.418  )
00000044: 15.6351   (Y': 14.088    Cb: 16.6252   Cr: 16.7368 )
00000046: 16.0152   (Y': 14.47     Cb: 17.0153   Cr: 17.1032 )
00000045: 15.8691   (Y': 14.3333   Cb: 16.8316   Cr: 16.9786 )
00000047: 16.2403   (Y': 14.72     Cb: 17.2207   Cr: 17.3033 )
00000048: 16.3196   (Y': 14.7743   Cb: 17.3353   Cr: 17.3921 )
00000049: 16.4747   (Y': 14.9095   Cb: 17.4663   Cr: 17.6082 )
00000050: 16.5707   (Y': 15.0048   Cb: 17.5673   Cr: 17.7006 )
00000051: 16.6889   (Y': 15.0668   Cb: 17.6753   Cr: 17.936  )
00000052: 16.7732   (Y': 15.108    Cb: 17.7882   Cr: 18.0746 )
00000053: 16.8684   (Y': 15.1685   Cb: 17.9034   Cr: 18.2175 )
00000054: 16.9343   (Y': 15.213    Cb: 17.9793   Cr: 18.3158 )
00000055: 17.0162   (Y': 15.2657   Cb: 18.0322   Cr: 18.4904 )
00000057: 17.1839   (Y': 15.2744   Cb: 18.1549   Cr: 19.0673 )
00000056: 17.0965   (Y': 15.2808   Cb: 18.1487   Cr: 18.6697 )
00000058: 17.1594   (Y': 15.2137   Cb: 18.1018   Cr: 19.1668 )
00000059: 17.0507   (Y': 15.0173   Cb: 17.976    Cr: 19.3072 )
00000060: 16.8587   (Y': 14.8144   Cb: 17.7046   Cr: 19.2557 )
00000061: 16.6675   (Y': 14.5815   Cb: 17.5256   Cr: 19.1647 )
00000064: 16.7193   (Y': 14.639    Cb: 17.6441   Cr: 19.105  )
00000063: 16.6899   (Y': 14.6065   Cb: 17.5866   Cr: 19.1242 )
00000062: 16.6653   (Y': 14.5849   Cb: 17.5305   Cr: 19.136  )
00000065: 16.8988   (Y': 14.8017   Cb: 17.9243   Cr: 19.1933 )
00000066: 16.9736   (Y': 14.9107   Cb: 17.9886   Cr: 19.1892 )
00000068: 17.141    (Y': 15.0336   Cb: 18.2323   Cr: 19.3769 )
00000067: 17.0763   (Y': 15.0105   Cb: 18.1373   Cr: 19.2395 )
00000069: 17.1864   (Y': 15.0406   Cb: 18.3507   Cr: 19.4325 )
00000071: 17.228    (Y': 15.0782   Cb: 18.4642   Cr: 19.3947 )
00000072: 17.2492   (Y': 15.1148   Cb: 18.4677   Cr: 19.3964 )
00000070: 17.1994   (Y': 15.048    Cb: 18.4019   Cr: 19.4126 )
00000073: 17.2735   (Y': 15.1471   Cb: 18.5107   Cr: 19.3764 )
00000074: 17.2499   (Y': 15.0999   Cb: 18.5256   Cr: 19.3686 )
00000075: 17.2705   (Y': 15.1091   Cb: 18.5811   Cr: 19.3774 )
00000076: 17.2877   (Y': 15.0759   Cb: 18.682    Cr: 19.4308 )
00000077: 17.2946   (Y': 15.0266   Cb: 18.7833   Cr: 19.4814 )
00000078: 17.2469   (Y': 14.9743   Cb: 18.7871   Cr: 19.3864 )
00000079: 17.1895   (Y': 14.8563   Cb: 18.8596   Cr: 19.3505 )
00000080: 17.1841   (Y': 14.8709   Cb: 18.8408   Cr: 19.3044 )
00000081: 17.1583   (Y': 14.7928   Cb: 18.8824   Cr: 19.3506 )
00000082: 17.1533   (Y': 14.8055   Cb: 18.8851   Cr: 19.2869 )
00000083: 17.1418   (Y': 14.7798   Cb: 18.9123   Cr: 19.2731 )
00000084: 17.0723   (Y': 14.7236   Cb: 18.8538   Cr: 19.1549 )
00000085: 16.9976   (Y': 14.664    Cb: 18.8029   Cr: 19.0133 )
00000086: 16.9759   (Y': 14.6557   Cb: 18.7615   Cr: 18.976  )
00000087: 16.9397   (Y': 14.6467   Cb: 18.7529   Cr: 18.8387 )
00000088: 16.8817   (Y': 14.612    Cb: 18.6749   Cr: 18.7403 )
00000089: 16.7116   (Y': 14.4535   Cb: 18.4968   Cr: 18.5484 )
00000090: 16.6416   (Y': 14.4182   Cb: 18.4      Cr: 18.4175 )
00000091: 16.4557   (Y': 14.2824   Cb: 18.1313   Cr: 18.1906 )
00000092: 16.4529   (Y': 14.3119   Cb: 18.0861   Cr: 18.1521 )
00000093: 16.3271   (Y': 14.2524   Cb: 17.8017   Cr: 18.0307 )
00000094: 16.36     (Y': 14.2782   Cb: 17.7927   Cr: 18.1256 )
00000097: 16.7688   (Y': 14.6684   Cb: 18.2151   Cr: 18.565  )
00000095: 16.4389   (Y': 14.3511   Cb: 17.8874   Cr: 18.202  )
00000096: 16.5427   (Y': 14.4177   Cb: 18.0058   Cr: 18.3812 )
00000098: 16.961    (Y': 14.8931   Cb: 18.3987   Cr: 18.6877 )
00000099: 17.0667   (Y': 15.0202   Cb: 18.4871   Cr: 18.7608 )
00000100: 17.1402   (Y': 15.0942   Cb: 18.5623   Cr: 18.8312 )
00000101: 17.2655   (Y': 15.2375   Cb: 18.6994   Cr: 18.9021 )
00000102: 17.3095   (Y': 15.2854   Cb: 18.756    Cr: 18.9234 )
00000103: 17.3669   (Y': 15.3297   Cb: 18.7896   Cr: 19.0366 )
00000105: 17.4156   (Y': 15.3778   Cb: 18.9105   Cr: 19.0117 )
00000104: 17.3694   (Y': 15.3119   Cb: 18.8671   Cr: 19.0082 )
00000106: 17.43     (Y': 15.3664   Cb: 18.9647   Cr: 19.0452 )
00000107: 17.4225   (Y': 15.3774   Cb: 18.9115   Cr: 19.0413 )
00000108: 17.432    (Y': 15.3849   Cb: 18.9433   Cr: 19.0327 )
00000109: 17.452    (Y': 15.3283   Cb: 19.0148   Cr: 19.1816 )
00000110: 17.4446   (Y': 15.2865   Cb: 18.9933   Cr: 19.2734 )
00000112: 17.4184   (Y': 15.2167   Cb: 18.9683   Cr: 19.3572 )
00000111: 17.3929   (Y': 15.1822   Cb: 18.9896   Cr: 19.3047 )
00000114: 17.4018   (Y': 15.1389   Cb: 18.9341   Cr: 19.5236 )
00000113: 17.4305   (Y': 15.1964   Cb: 18.962    Cr: 19.4748 )
00000115: 17.4254   (Y': 15.1902   Cb: 18.846    Cr: 19.6011 )
00000116: 17.3836   (Y': 15.1717   Cb: 18.7147   Cr: 19.6034 )
00000117: 17.3297   (Y': 15.134    Cb: 18.5623   Cr: 19.6275 )
00000118: 17.3247   (Y': 15.1615   Cb: 18.5054   Cr: 19.5981 )
00000119: 17.3206   (Y': 15.2556   Cb: 18.318    Cr: 19.565  )
00000120: 17.3046   (Y': 15.2998   Cb: 18.2278   Cr: 19.4879 )
00000124: 17.0307   (Y': 15.2764   Cb: 17.4782   Cr: 19.2477 )
00000122: 17.2008   (Y': 15.2945   Cb: 17.9273   Cr: 19.3977 )
00000121: 17.2184   (Y': 15.2634   Cb: 18.0139   Cr: 19.4453 )
00000123: 17.089    (Y': 15.3218   Cb: 17.6167   Cr: 19.2199 )
00000125: 17.0765   (Y': 15.3249   Cb: 17.4901   Cr: 19.3381 )
00000127: 16.9096   (Y': 15.2926   Cb: 17.2038   Cr: 19.025  )
00000128: 16.682    (Y': 15.0234   Cb: 17.0375   Cr: 18.8035 )
00000126: 17.0146   (Y': 15.363    Cb: 17.3614   Cr: 19.1326 )
00000129: 16.6166   (Y': 15.0161   Cb: 16.861    Cr: 18.7699 )
00000131: 16.1611   (Y': 14.7623   Cb: 16.1443   Cr: 18.2643 )
00000130: 17.0167   (Y': 15.5102   Cb: 17.1588   Cr: 19.1101 )
00000132: 15.8465   (Y': 14.4384   Cb: 15.8608   Cr: 17.9203 )
00000133: 15.7566   (Y': 14.3953   Cb: 15.8112   Cr: 17.6655 )
00000134: 15.6359   (Y': 14.2881   Cb: 15.6999   Cr: 17.5018 )
00000136: 15.6693   (Y': 14.3991   Cb: 15.7548   Cr: 17.3458 )
00000135: 15.6702   (Y': 14.3831   Cb: 15.7499   Cr: 17.3885 )
00000138: 15.3573   (Y': 14.1292   Cb: 15.4012   Cr: 17.0114 )
00000137: 15.5182   (Y': 14.2677   Cb: 15.584    Cr: 17.1842 )
00000139: 15.1923   (Y': 14.0045   Cb: 15.1837   Cr: 16.8454 )
00000140: 15.1421   (Y': 13.9437   Cb: 15.155    Cr: 16.7837 )
00000141: 15.0877   (Y': 13.9069   Cb: 15.0746   Cr: 16.7335 )
00000142: 15.0799   (Y': 13.9091   Cb: 15.0733   Cr: 16.6975 )
00000144: 15.0805   (Y': 13.8791   Cb: 15.101    Cr: 16.7169 )
00000143: 15.0909   (Y': 13.9059   Cb: 15.0994   Cr: 16.7133 )
00000146: 15.0103   (Y': 13.8198   Cb: 15.0008   Cr: 16.6698 )
00000145: 15.0646   (Y': 13.8738   Cb: 15.0664   Cr: 16.708  )
00000147: 15.0787   (Y': 13.909    Cb: 15.0736   Cr: 16.6919 )
00000148: 15.0842   (Y': 13.9165   Cb: 15.0751   Cr: 16.6995 )
00000150: 15.1412   (Y': 13.9821   Cb: 15.1528   Cr: 16.7103 )
00000149: 15.1303   (Y': 13.9616   Cb: 15.1458   Cr: 16.7118 )
00000151: 15.1002   (Y': 13.9163   Cb: 15.1235   Cr: 16.6995 )
00000153: 14.9936   (Y': 13.7913   Cb: 15.0253   Cr: 16.6156 )
00000152: 15.0691   (Y': 13.8734   Cb: 15.1076   Cr: 16.6688 )
00000154: 14.9934   (Y': 13.795    Cb: 15.022    Cr: 16.6124 )
00000155: 15.0087   (Y': 13.8224   Cb: 15.042    Cr: 16.5979 )
00000156: 15.0115   (Y': 13.84     Cb: 15.0197   Cr: 16.609  )
00000157: 15.0043   (Y': 13.843    Cb: 15.0143   Cr: 16.5799 )
00000158: 14.9786   (Y': 13.8288   Cb: 14.9705   Cr: 16.5586 )
00000160: 14.9978   (Y': 13.9333   Cb: 14.9485   Cr: 16.4802 )
00000159: 14.9683   (Y': 13.8759   Cb: 14.9313   Cr: 16.4836 )
00000162: 15.2215   (Y': 14.2475   Cb: 15.1482   Cr: 16.5788 )
00000161: 15.1214   (Y': 14.1204   Cb: 15.049    Cr: 16.5241 )
00000163: 15.3502   (Y': 14.3832   Cb: 15.3175   Cr: 16.6399 )
00000164: 15.438    (Y': 14.4594   Cb: 15.4318   Cr: 16.7115 )
00000166: 15.644    (Y': 14.682    Cb: 15.711    Cr: 16.7941 )
00000165: 15.5965   (Y': 14.6325   Cb: 15.6436   Cr: 16.7757 )
00000168: 15.798    (Y': 14.8558   Cb: 15.9179   Cr: 16.8496 )
00000167: 15.7718   (Y': 14.7883   Cb: 15.8944   Cr: 16.8861 )
00000169: 15.9219   (Y': 14.9222   Cb: 16.1133   Cr: 16.9773 )
00000171: 16.1216   (Y': 15.1224   Cb: 16.3665   Cr: 17.1116 )
00000170: 16.0011   (Y': 15.0069   Cb: 16.2122   Cr: 17.0238 )
00000172: 16.1617   (Y': 15.1559   Cb: 16.4421   Cr: 17.1206 )
00000173: 16.2714   (Y': 15.2172   Cb: 16.6284   Cr: 17.218  )
00000174: 16.3072   (Y': 15.2408   Cb: 16.7393   Cr: 17.1881 )
00000176: 16.4065   (Y': 15.2994   Cb: 16.9567   Cr: 17.2226 )
00000175: 16.3651   (Y': 15.2732   Cb: 16.8632   Cr: 17.2139 )
00000177: 16.4059   (Y': 15.3166   Cb: 16.9762   Cr: 17.1737 )
00000178: 16.3909   (Y': 15.2958   Cb: 16.9601   Cr: 17.1689 )
00000179: 16.3953   (Y': 15.2301   Cb: 17.0462   Cr: 17.1971 )
00000180: 16.4126   (Y': 15.2331   Cb: 17.0938   Cr: 17.2054 )
00000182: 16.3752   (Y': 15.1968   Cb: 17.0708   Cr: 17.1518 )
00000181: 16.3605   (Y': 15.171    Cb: 17.0529   Cr: 17.1578 )
00000184: 16.3621   (Y': 15.1586   Cb: 17.1284   Cr: 17.1067 )
00000183: 16.3306   (Y': 15.132    Cb: 17.0662   Cr: 17.0984 )
00000185: 16.3996   (Y': 15.1654   Cb: 17.2119   Cr: 17.1469 )
00000186: 16.4114   (Y': 15.1541   Cb: 17.2642   Cr: 17.1556 )
00000187: 16.4765   (Y': 15.178    Cb: 17.3387   Cr: 17.2775 )
00000188: 16.4795   (Y': 15.1537   Cb: 17.3628   Cr: 17.3041 )
00000189: 16.4915   (Y': 15.101    Cb: 17.4425   Cr: 17.3572 )
00000190: 16.4863   (Y': 15.058    Cb: 17.496    Cr: 17.3587 )
00000191: 16.4604   (Y': 14.9717   Cb: 17.5003   Cr: 17.4073 )
00000192: 16.4699   (Y': 14.9792   Cb: 17.5102   Cr: 17.42   )
00000193: 16.4716   (Y': 14.9527   Cb: 17.5597   Cr: 17.425  )
00000194: 16.4781   (Y': 14.8945   Cb: 17.6365   Cr: 17.4793 )
00000195: 16.4992   (Y': 14.8738   Cb: 17.6921   Cr: 17.5433 )
00000196: 16.5268   (Y': 14.8767   Cb: 17.7591   Cr: 17.579  )
00000198: 16.5788   (Y': 14.8584   Cb: 17.8824   Cr: 17.6957 )
00000197: 16.5831   (Y': 14.8567   Cb: 17.8558   Cr: 17.7412 )
00000199: 16.5856   (Y': 14.7869   Cb: 17.977    Cr: 17.7716 )
00000201: 16.5275   (Y': 14.7228   Cb: 17.9222   Cr: 17.7224 )
00000200: 16.5865   (Y': 14.8053   Cb: 17.9611   Cr: 17.7539 )
00000202: 16.4503   (Y': 14.6562   Cb: 17.8223   Cr: 17.6459 )
00000203: 16.3115   (Y': 14.5516   Cb: 17.6432   Cr: 17.4782 )
00000204: 16.2311   (Y': 14.5064   Cb: 17.5059   Cr: 17.3842 )
00000205: 16.0446   (Y': 14.3668   Cb: 17.2467   Cr: 17.1783 )
00000206: 15.9993   (Y': 14.3617   Cb: 17.1418   Cr: 17.1159 )
00000207: 15.8      (Y': 14.2079   Cb: 16.8529   Cr: 16.9214 )
00000208: 15.689    (Y': 14.1432   Cb: 16.7224   Cr: 16.7444 )
00000209: 15.4861   (Y': 13.9508   Cb: 16.493    Cr: 16.549  )
00000210: 15.4087   (Y': 13.882    Cb: 16.3936   Cr: 16.4785 )
00000211: 15.0141   (Y': 13.4776   Cb: 15.9576   Cr: 16.1445 )
00000212: 14.9214   (Y': 13.3668   Cb: 15.8749   Cr: 16.075  )
00000214: 14.9096   (Y': 13.3624   Cb: 15.8513   Cr: 16.0619 )
00000213: 14.9155   (Y': 13.3747   Cb: 15.8479   Cr: 16.0657 )
00000216: 15.2559   (Y': 13.6817   Cb: 16.2651   Cr: 16.3881 )
00000215: 15.0288   (Y': 13.5018   Cb: 15.9785   Cr: 16.1355 )
00000217: 15.6179   (Y': 14.0587   Cb: 16.6767   Cr: 16.6724 )
00000218: 15.7637   (Y': 14.1678   Cb: 16.8849   Cr: 16.8234 )
00000219: 16.0619   (Y': 14.4689   Cb: 17.2064   Cr: 17.0936 )
00000220: 16.1915   (Y': 14.5855   Cb: 17.3773   Cr: 17.207  )
00000222: 16.3886   (Y': 14.7615   Cb: 17.5989   Cr: 17.4192 )
00000221: 16.3642   (Y': 14.7439   Cb: 17.567    Cr: 17.3895 )
00000225: 16.4559   (Y': 14.824    Cb: 17.6225   Cr: 17.5379 )
00000224: 16.4373   (Y': 14.7889   Cb: 17.6091   Cr: 17.5454 )
00000223: 16.417    (Y': 14.77     Cb: 17.6081   Cr: 17.5033 )
00000226: 16.4997   (Y': 14.8376   Cb: 17.6918   Cr: 17.6134 )
00000227: 16.5713   (Y': 14.9157   Cb: 17.7355   Cr: 17.7004 )
00000228: 16.6382   (Y': 14.9995   Cb: 17.768    Cr: 17.7693 )
00000229: 16.6909   (Y': 15.0451   Cb: 17.8493   Cr: 17.807  )
00000230: 16.7518   (Y': 15.0758   Cb: 17.9203   Cr: 17.9156 )
00000233: 16.8073   (Y': 15.144    Cb: 17.9748   Cr: 17.9477 )
00000231: 16.8107   (Y': 15.129    Cb: 17.9951   Cr: 17.9695 )
00000232: 16.8223   (Y': 15.1655   Cb: 17.9745   Cr: 17.9654 )
00000234: 16.7696   (Y': 15.1384   Cb: 17.8936   Cr: 17.8925 )
00000235: 16.7589   (Y': 15.0573   Cb: 17.9398   Cr: 17.9599 )
00000236: 16.7527   (Y': 15.0576   Cb: 17.922    Cr: 17.9525 )
00000237: 16.8614   (Y': 15.1755   Cb: 17.9569   Cr: 18.1185 )
00000238: 16.9045   (Y': 15.214    Cb: 17.9981   Cr: 18.1729 )
00000240: 16.997    (Y': 15.2008   Cb: 18.0174   Cr: 18.5636 )
00000241: 16.9927   (Y': 15.1876   Cb: 17.9952   Cr: 18.5992 )
00000239: 17.0201   (Y': 15.2901   Cb: 18.0136   Cr: 18.4761 )
00000242: 16.9341   (Y': 15.1372   Cb: 17.9022   Cr: 18.5625 )
00000243: 16.7256   (Y': 14.902    Cb: 17.5311   Cr: 18.613  )
00000244: 16.593    (Y': 14.7617   Cb: 17.3203   Cr: 18.6021 )
00000245: 16.3081   (Y': 14.3986   Cb: 17.0924   Cr: 18.4335 )
00000246: 16.2559   (Y': 14.3348   Cb: 17.0607   Cr: 18.3826 )
00000247: 16.358    (Y': 14.3262   Cb: 17.3135   Cr: 18.57   )
00000248: 16.3873   (Y': 14.3267   Cb: 17.3956   Cr: 18.6056 )
00000249: 16.6002   (Y': 14.5092   Cb: 17.6869   Cr: 18.7977 )
00000250: 16.7229   (Y': 14.6053   Cb: 17.856    Cr: 18.9322 )
00000251: 16.9434   (Y': 14.8201   Cb: 18.1139   Cr: 19.1204 )
00000252: 17.0156   (Y': 14.8885   Cb: 18.2417   Cr: 19.1342 )
00000254: 17.1682   (Y': 15.0528   Cb: 18.4439   Cr: 19.1958 )
00000253: 17.1479   (Y': 15.0283   Cb: 18.4257   Cr: 19.1839 )
00000255: 17.2528   (Y': 15.1258   Cb: 18.6051   Cr: 19.2206 )
00000256: 17.2413   (Y': 15.1306   Cb: 18.5915   Cr: 19.1702 )
00000257: 17.2163   (Y': 15.0712   Cb: 18.6199   Cr: 19.1716 )
00000258: 17.2187   (Y': 15.0658   Cb: 18.6447   Cr: 19.1693 )
00000259: 17.1878   (Y': 15.0535   Cb: 18.6296   Cr: 19.0731 )
00000260: 17.1519   (Y': 15.0066   Cb: 18.6023   Cr: 19.0557 )
00000262: 17.0368   (Y': 14.8669   Cb: 18.565    Cr: 18.9175 )
00000261: 17.0752   (Y': 14.9197   Cb: 18.5774   Cr: 18.9479 )
00000263: 16.951    (Y': 14.7663   Cb: 18.541    Cr: 18.803  )
00000264: 16.9497   (Y': 14.7531   Cb: 18.5726   Cr: 18.7973 )
00000265: 16.8879   (Y': 14.6646   Cb: 18.5114   Cr: 18.8029 )
00000267: 16.6971   (Y': 14.4873   Cb: 18.3137   Cr: 18.5849 )
00000266: 16.8245   (Y': 14.6022   Cb: 18.4645   Cr: 18.7197 )
00000268: 16.587    (Y': 14.4081   Cb: 18.1497   Cr: 18.4538 )
00000269: 16.3066   (Y': 14.1373   Cb: 17.8471   Cr: 18.1725 )
00000270: 16.2066   (Y': 14.0624   Cb: 17.6866   Cr: 18.075  )
00000272: 16.0833   (Y': 14.0135   Cb: 17.3866   Cr: 17.9631 )
00000273: 15.9998   (Y': 13.9791   Cb: 17.1889   Cr: 17.8904 )
00000271: 16.1055   (Y': 14.0269   Cb: 17.4517   Cr: 17.9587 )
00000275: 16.0033   (Y': 14.0674   Cb: 17.0688   Cr: 17.8352 )
00000274: 15.9863   (Y': 14.0074   Cb: 17.1342   Cr: 17.8233 )
00000276: 16.0854   (Y': 14.195    Cb: 17.0882   Cr: 17.8848 )
00000278: 16.2803   (Y': 14.5037   Cb: 17.1606   Cr: 17.9678 )
00000277: 16.1922   (Y': 14.3745   Cb: 17.1274   Cr: 17.9056 )
00000279: 16.4406   (Y': 14.6571   Cb: 17.356    Cr: 18.1014 )
00000280: 16.4981   (Y': 14.7249   Cb: 17.3947   Cr: 18.1586 )
00000281: 16.5927   (Y': 14.8303   Cb: 17.5102   Cr: 18.2047 )
00000282: 16.6543   (Y': 14.896    Cb: 17.5929   Cr: 18.2329 )
00000283: 16.7743   (Y': 14.9732   Cb: 17.7455   Cr: 18.408  )
00000284: 16.8003   (Y': 14.9836   Cb: 17.8097   Cr: 18.4246 )
00000285: 16.8933   (Y': 15.1183   Cb: 17.9108   Cr: 18.4175 )
00000286: 16.971    (Y': 15.1975   Cb: 18.0048   Cr: 18.4739 )
00000287: 17.0338   (Y': 15.2394   Cb: 18.1235   Cr: 18.5196 )
00000288: 17.0726   (Y': 15.264    Cb: 18.1795   Cr: 18.5697 )
00000289: 17.1876   (Y': 15.3266   Cb: 18.3661   Cr: 18.7202 )
00000290: 17.2321   (Y': 15.3608   Cb: 18.4463   Cr: 18.7484 )
00000291: 17.3045   (Y': 15.3486   Cb: 18.6909   Cr: 18.8261 )
00000292: 17.3002   (Y': 15.3628   Cb: 18.6918   Cr: 18.7758 )
00000293: 17.3686   (Y': 15.4142   Cb: 18.7634   Cr: 18.8784 )
00000294: 17.3976   (Y': 15.4397   Cb: 18.7975   Cr: 18.9097 )
00000295: 17.4521   (Y': 15.4442   Cb: 18.8821   Cr: 19.0463 )
00000296: 17.4359   (Y': 15.463    Cb: 18.8493   Cr: 18.9678 )
00000297: 17.4367   (Y': 15.3943   Cb: 18.8827   Cr: 19.094  )
00000299: 17.4197   (Y': 15.3226   Cb: 18.9154   Cr: 19.155  )
00000298: 17.3678   (Y': 15.2816   Cb: 18.8839   Cr: 19.0554 )
00000300: 17.4979   (Y': 15.3365   Cb: 18.9926   Cr: 19.3936 )
00000302: 17.6186   (Y': 15.3848   Cb: 19.1502   Cr: 19.6621 )
00000301: 17.5457   (Y': 15.3113   Cb: 19.106    Cr: 19.5589 )
00000304: 17.6209   (Y': 15.5139   Cb: 18.9444   Cr: 19.5708 )
00000303: 17.6602   (Y': 15.485    Cb: 19.0823   Cr: 19.6732 )
00000305: 17.5467   (Y': 15.4344   Cb: 18.7976   Cr: 19.596  )
00000306: 17.4754   (Y': 15.3448   Cb: 18.697    Cr: 19.6083 )
00000307: 17.3375   (Y': 15.1911   Cb: 18.6035   Cr: 19.4583 )
00000308: 17.2401   (Y': 15.1103   Cb: 18.4756   Cr: 19.354  )
00000309: 17.0706   (Y': 14.9212   Cb: 18.3574   Cr: 19.1745 )
00000310: 16.9461   (Y': 14.7949   Cb: 18.2096   Cr: 19.0831 )
00000311: 16.8372   (Y': 14.6924   Cb: 18.1353   Cr: 18.9151 )
00000312: 16.8419   (Y': 14.67     Cb: 18.2027   Cr: 18.917  )
00000313: 16.9558   (Y': 14.7833   Cb: 18.2778   Cr: 19.0792 )
00000315: 17.1721   (Y': 15.002    Cb: 18.4686   Cr: 19.3196 )
00000314: 17.0246   (Y': 14.8389   Cb: 18.3618   Cr: 19.165  )
00000317: 17.3596   (Y': 15.2099   Cb: 18.5926   Cr: 19.53   )
00000316: 17.2381   (Y': 15.0703   Cb: 18.5254   Cr: 19.3908 )
00000318: 17.4291   (Y': 15.269    Cb: 18.6316   Cr: 19.6663 )
00000319: 17.5213   (Y': 15.3873   Cb: 18.7253   Cr: 19.6851 )
00000320: 17.6167   (Y': 15.4615   Cb: 18.8636   Cr: 19.7848 )
00000321: 17.6527   (Y': 15.483    Cb: 18.8868   Cr: 19.8761 )
00000322: 17.6797   (Y': 15.5161   Cb: 18.8972   Cr: 19.9071 )
00000323: 17.7497   (Y': 15.598    Cb: 18.9953   Cr: 19.9097 )
00000324: 17.7581   (Y': 15.6018   Cb: 18.9966   Cr: 19.9392 )
00000325: 17.7409   (Y': 15.6001   Cb: 18.9636   Cr: 19.9001 )
00000326: 17.7378   (Y': 15.5863   Cb: 18.9701   Cr: 19.9137 )
00000327: 17.6551   (Y': 15.5037   Cb: 18.8875   Cr: 19.831  )
00000328: 17.6188   (Y': 15.4664   Cb: 18.8561   Cr: 19.791  )
00000329: 17.5474   (Y': 15.4009   Cb: 18.8024   Cr: 19.6819 )
00000330: 17.5155   (Y': 15.3426   Cb: 18.8026   Cr: 19.6818 )
00000331: 17.4446   (Y': 15.1994   Cb: 18.85     Cr: 19.6668 )
00000332: 17.4154   (Y': 15.1427   Cb: 18.8693   Cr: 19.6566 )
00000333: 17.4167   (Y': 15.1472   Cb: 18.8383   Cr: 19.6873 )
00000334: 17.4159   (Y': 15.1722   Cb: 18.8769   Cr: 19.5673 )
00000335: 17.3684   (Y': 15.131    Cb: 18.8663   Cr: 19.4604 )
00000336: 17.3603   (Y': 15.1296   Cb: 18.8172   Cr: 19.481  )
00000337: 17.2558   (Y': 15.0186   Cb: 18.7049   Cr: 19.4039 )
00000338: 17.195    (Y': 14.9455   Cb: 18.6497   Cr: 19.3701 )
00000339: 17.0625   (Y': 14.8256   Cb: 18.4737   Cr: 19.2544 )
00000340: 16.9746   (Y': 14.7192   Cb: 18.3582   Cr: 19.2517 )
00000341: 16.8348   (Y': 14.5712   Cb: 18.2778   Cr: 19.0632 )
00000342: 16.7749   (Y': 14.5174   Cb: 18.1718   Cr: 19.0416 )
00000344: 16.6218   (Y': 14.3663   Cb: 17.972    Cr: 18.9408 )
00000343: 16.6463   (Y': 14.378    Cb: 18.0279   Cr: 18.9627 )
00000347: 16.9952   (Y': 14.7272   Cb: 18.3547   Cr: 19.3387 )
00000345: 16.7471   (Y': 14.4906   Cb: 18.0966   Cr: 19.0699 )
00000346: 16.7953   (Y': 14.5427   Cb: 18.1428   Cr: 19.1093 )
00000348: 17.0691   (Y': 14.7947   Cb: 18.4495   Cr: 19.405  )
00000349: 17.2042   (Y': 14.9375   Cb: 18.6294   Cr: 19.4629 )
00000350: 17.2636   (Y': 15.0041   Cb: 18.6793   Cr: 19.5135 )
00000351: 17.3512   (Y': 15.1127   Cb: 18.7562   Cr: 19.555  )
00000352: 17.4322   (Y': 15.228    Cb: 18.8194   Cr: 19.563  )
00000353: 17.4948   (Y': 15.3193   Cb: 18.8756   Cr: 19.5564 )
00000354: 17.5462   (Y': 15.3856   Cb: 18.9123   Cr: 19.5855 )
00000355: 17.4818   (Y': 15.3431   Cb: 18.8631   Cr: 19.4463 )
00000356: 17.446    (Y': 15.3046   Cb: 18.8179   Cr: 19.4286 )
00000357: 17.4113   (Y': 15.2822   Cb: 18.8558   Cr: 19.2809 )
00000358: 17.4151   (Y': 15.3285   Cb: 18.8163   Cr: 19.2267 )
00000359: 17.4234   (Y': 15.3535   Cb: 18.8532   Cr: 19.1633 )
00000360: 17.4078   (Y': 15.3253   Cb: 18.8709   Cr: 19.1423 )
00000361: 17.3333   (Y': 15.2298   Cb: 18.8236   Cr: 19.0899 )
00000363: 17.2101   (Y': 15.1525   Cb: 18.699    Cr: 18.8584 )
00000362: 17.2687   (Y': 15.1814   Cb: 18.7666   Cr: 18.9777 )
00000365: 17.05     (Y': 14.9627   Cb: 18.5982   Cr: 18.7069 )
00000364: 17.2035   (Y': 15.1381   Cb: 18.7166   Cr: 18.8451 )
00000366: 17.0314   (Y': 14.9562   Cb: 18.5951   Cr: 18.6441 )
00000367: 16.9535   (Y': 14.8959   Cb: 18.5259   Cr: 18.5169 )
00000368: 16.9441   (Y': 14.9226   Cb: 18.4813   Cr: 18.4604 )
00000369: 16.7953   (Y': 14.8094   Cb: 18.2933   Cr: 18.2707 )
00000371: 16.6068   (Y': 14.6645   Cb: 18.0782   Cr: 18.0131 )
00000370: 16.7469   (Y': 14.8039   Cb: 18.2329   Cr: 18.1402 )
00000372: 16.4898   (Y': 14.5579   Cb: 17.9379   Cr: 17.8968 )
00000373: 16.4229   (Y': 14.5076   Cb: 17.8695   Cr: 17.7958 )
00000374: 16.4218   (Y': 14.524    Cb: 17.8656   Cr: 17.7602 )
00000375: 16.4687   (Y': 14.5603   Cb: 17.9535   Cr: 17.7897 )
00000376: 16.5723   (Y': 14.625    Cb: 18.1295   Cr: 17.9065 )
00000377: 16.6712   (Y': 14.7011   Cb: 18.2211   Cr: 18.0611 )
00000378: 16.8247   (Y': 14.8637   Cb: 18.3607   Cr: 18.2082 )
00000379: 16.8631   (Y': 14.9131   Cb: 18.3476   Cr: 18.2731 )
00000380: 16.8981   (Y': 14.9182   Cb: 18.3869   Cr: 18.3694 )
00000381: 16.8444   (Y': 14.881    Cb: 18.2797   Cr: 18.3327 )
00000382: 16.8238   (Y': 14.8466   Cb: 18.2444   Cr: 18.358  )
00000383: 16.8576   (Y': 14.8571   Cb: 18.2984   Cr: 18.4236 )
00000385: 16.8138   (Y': 14.8087   Cb: 18.256    Cr: 18.3887 )
00000384: 16.8562   (Y': 14.8572   Cb: 18.2898   Cr: 18.4264 )
00000386: 16.7483   (Y': 14.7564   Cb: 18.1612   Cr: 18.3237 )
00000387: 16.6272   (Y': 14.67     Cb: 17.9928   Cr: 18.1734 )
00000388: 16.5628   (Y': 14.6321   Cb: 17.9036   Cr: 18.0757 )
00000389: 16.4031   (Y': 14.453    Cb: 17.7554   Cr: 17.9473 )
00000390: 16.2941   (Y': 14.3443   Cb: 17.6309   Cr: 17.854  )
00000391: 16.2307   (Y': 14.2735   Cb: 17.5542   Cr: 17.8213 )
00000392: 16.2339   (Y': 14.2597   Cb: 17.5608   Cr: 17.8597 )
00000393: 16.2259   (Y': 14.2148   Cb: 17.5693   Cr: 17.9192 )
00000394: 16.2129   (Y': 14.254    Cb: 17.4818   Cr: 17.8662 )
00000395: 16.218    (Y': 14.3017   Cb: 17.3882   Cr: 17.8827 )
00000396: 16.2486   (Y': 14.3302   Cb: 17.4218   Cr: 17.9149 )
00000397: 16.2438   (Y': 14.351    Cb: 17.4527   Cr: 17.8132 )
00000398: 16.2293   (Y': 14.339    Cb: 17.4245   Cr: 17.8082 )
00000399: 16.2416   (Y': 14.3379   Cb: 17.3948   Cr: 17.8971 )
00000400: 16.1918   (Y': 14.3082   Cb: 17.3328   Cr: 17.8154 )
00000401: 16.1941   (Y': 14.3047   Cb: 17.2775   Cr: 17.8961 )
00000402: 16.1474   (Y': 14.2553   Cb: 17.1953   Cr: 17.8971 )
00000403: 16.1175   (Y': 14.2375   Cb: 17.1497   Cr: 17.8577 )
00000404: 16.0969   (Y': 14.241    Cb: 17.0852   Cr: 17.8337 )
00000405: 16.1038   (Y': 14.227    Cb: 17.0779   Cr: 17.906  )
00000406: 16.0816   (Y': 14.2124   Cb: 17.0292   Cr: 17.8984 )
00000407: 16.0866   (Y': 14.2296   Cb: 17.0105   Cr: 17.904  )
00000408: 16.1108   (Y': 14.2887   Cb: 16.987    Cr: 17.906  )
00000409: 15.9944   (Y': 14.2296   Cb: 16.8149   Cr: 17.7283 )
00000410: 15.9649   (Y': 14.2332   Cb: 16.7583   Cr: 17.659  )
00000411: 15.9236   (Y': 14.2349   Cb: 16.6923   Cr: 17.5543 )
00000412: 15.9367   (Y': 14.2763   Cb: 16.698    Cr: 17.5162 )
00000413: 15.9801   (Y': 14.3711   Cb: 16.6769   Cr: 17.5302 )
00000414: 15.9791   (Y': 14.3961   Cb: 16.6288   Cr: 17.5331 )
00000415: 15.8682   (Y': 14.3188   Cb: 16.4356   Cr: 17.4562 )
00000417: 15.7912   (Y': 14.1968   Cb: 16.3523   Cr: 17.4813 )
00000416: 15.8366   (Y': 14.271    Cb: 16.4083   Cr: 17.4523 )
00000418: 15.7666   (Y': 14.1574   Cb: 16.3389   Cr: 17.4737 )
00000419: 15.7667   (Y': 14.1726   Cb: 16.2797   Cr: 17.5194 )
00000420: 15.8033   (Y': 14.2473   Cb: 16.2895   Cr: 17.5099 )
00000421: 15.9369   (Y': 14.3871   Cb: 16.3854   Cr: 17.6811 )
00000422: 16.0272   (Y': 14.5049   Cb: 16.4608   Cr: 17.7328 )
00000423: 16.1203   (Y': 14.5317   Cb: 16.6537   Cr: 17.8341 )
00000424: 16.1474   (Y': 14.5357   Cb: 16.6901   Cr: 17.8987 )
00000425: 16.3083   (Y': 14.7051   Cb: 16.8573   Cr: 18.033  )
00000426: 16.3232   (Y': 14.7329   Cb: 16.8256   Cr: 18.0818 )
00000427: 16.0326   (Y': 14.6004   Cb: 16.3087   Cr: 17.7658 )
00000429: 15.9617   (Y': 14.3898   Cb: 16.2171   Cr: 18.0306 )
00000428: 15.9731   (Y': 14.5097   Cb: 16.2611   Cr: 17.7547 )
00000430: 15.9789   (Y': 14.4022   Cb: 16.2232   Cr: 18.0758 )
00000433: 16.3772   (Y': 14.6377   Cb: 16.7418   Cr: 18.6843 )
00000432: 16.2679   (Y': 14.547    Cb: 16.5899   Cr: 18.5943 )
00000431: 16.1294   (Y': 14.4383   Cb: 16.4328   Cr: 18.4105 )
00000434: 16.4037   (Y': 14.6821   Cb: 16.7697   Cr: 18.6631 )
00000435: 16.4218   (Y': 14.6509   Cb: 16.8618   Cr: 18.6917 )
00000436: 16.4317   (Y': 14.6685   Cb: 16.8695   Cr: 18.6857 )
00000437: 16.407    (Y': 14.5649   Cb: 16.8763   Cr: 18.8172 )
00000438: 16.4177   (Y': 14.5794   Cb: 16.8935   Cr: 18.8075 )
00000439: 16.5544   (Y': 14.6445   Cb: 17.1291   Cr: 18.9835 )
00000440: 16.6388   (Y': 14.7077   Cb: 17.2138   Cr: 19.1254 )
00000441: 16.7505   (Y': 14.7837   Cb: 17.3615   Cr: 19.2809 )
00000442: 16.7679   (Y': 14.8116   Cb: 17.3591   Cr: 19.2995 )
00000443: 16.8702   (Y': 14.8581   Cb: 17.5223   Cr: 19.466  )
00000445: 16.9406   (Y': 14.8733   Cb: 17.6301   Cr: 19.6397 )
00000444: 16.9225   (Y': 14.8856   Cb: 17.5737   Cr: 19.5922 )
00000446: 16.9571   (Y': 14.9166   Cb: 17.5767   Cr: 19.6882 )
00000447: 16.9054   (Y': 14.8831   Cb: 17.4864   Cr: 19.645  )
00000448: 16.9533   (Y': 14.9709   Cb: 17.511    Cr: 19.613  )
00000449: 16.9531   (Y': 14.9556   Cb: 17.5308   Cr: 19.6247 )
00000450: 16.9344   (Y': 14.8969   Cb: 17.5347   Cr: 19.6878 )
00000451: 16.8474   (Y': 14.829    Cb: 17.4272   Cr: 19.5774 )
00000452: 16.8467   (Y': 14.7483   Cb: 17.5074   Cr: 19.6872 )
00000453: 16.8576   (Y': 14.7281   Cb: 17.5216   Cr: 19.7909 )
00000454: 16.8161   (Y': 14.6834   Cb: 17.469    Cr: 19.7785 )
00000455: 16.8703   (Y': 14.7263   Cb: 17.5732   Cr: 19.7849 )
00000456: 16.8572   (Y': 14.6681   Cb: 17.5665   Cr: 19.9086 )
00000459: 16.899    (Y': 14.7354   Cb: 17.5827   Cr: 19.9103 )
00000457: 16.8927   (Y': 14.691    Cb: 17.6086   Cr: 19.9751 )
00000460: 16.9156   (Y': 14.7275   Cb: 17.6274   Cr: 19.9598 )
00000458: 16.8991   (Y': 14.703    Cb: 17.6126   Cr: 19.9671 )
00000461: 16.9163   (Y': 14.7478   Cb: 17.6028   Cr: 19.9386 )
00000462: 16.9275   (Y': 14.8075   Cb: 17.581    Cr: 19.8487 )
00000463: 16.9715   (Y': 14.8578   Cb: 17.6724   Cr: 19.794  )
00000465: 16.9971   (Y': 14.8843   Cb: 17.7119   Cr: 19.7946 )
00000468: 16.9583   (Y': 14.8523   Cb: 17.6762   Cr: 19.7293 )
00000466: 16.9789   (Y': 14.865    Cb: 17.7062   Cr: 19.7592 )
00000467: 16.9319   (Y': 14.8162   Cb: 17.6551   Cr: 19.7248 )
00000464: 16.9535   (Y': 14.8347   Cb: 17.6889   Cr: 19.7361 )
00000469: 17.0031   (Y': 14.8979   Cb: 17.6853   Cr: 19.8295 )
00000470: 16.9959   (Y': 14.9216   Cb: 17.6754   Cr: 19.7322 )
00000471: 17.0461   (Y': 14.9954   Cb: 17.7124   Cr: 19.7325 )
00000473: 16.9873   (Y': 14.9482   Cb: 17.6757   Cr: 19.6044 )
00000476: 16.9252   (Y': 14.9312   Cb: 17.6201   Cr: 19.4036 )
00000472: 17.0104   (Y': 14.9492   Cb: 17.721    Cr: 19.6577 )
00000475: 16.9069   (Y': 14.9155   Cb: 17.5779   Cr: 19.4137 )
00000474: 16.9319   (Y': 14.9228   Cb: 17.5805   Cr: 19.5246 )
00000477: 16.8994   (Y': 14.879    Cb: 17.6383   Cr: 19.386  )
00000478: 16.9716   (Y': 14.955    Cb: 17.6839   Cr: 19.4873 )
00000479: 16.9754   (Y': 14.9187   Cb: 17.7469   Cr: 19.5164 )
00000481: 17.1685   (Y': 15.1193   Cb: 17.9785   Cr: 19.6311 )
00000480: 17.0314   (Y': 14.9629   Cb: 17.8254   Cr: 19.5726 )
00000482: 17.1554   (Y': 15.0766   Cb: 18.008    Cr: 19.6399 )
00000483: 17.1684   (Y': 15.1381   Cb: 17.9632   Cr: 19.6004 )
00000484: 17.2395   (Y': 15.1969   Cb: 18.0705   Cr: 19.6533 )
00000485: 17.2412   (Y': 15.2044   Cb: 18.0333   Cr: 19.6953 )
00000486: 17.1837   (Y': 15.1388   Cb: 17.9335   Cr: 19.7234 )
00000487: 17.2434   (Y': 15.1459   Cb: 18.0838   Cr: 19.8    )
00000488: 17.2635   (Y': 15.1614   Cb: 18.1097   Cr: 19.8251 )
00000489: 17.2912   (Y': 15.1975   Cb: 18.1084   Cr: 19.8715 )
00000490: 17.239    (Y': 15.1735   Cb: 18.0737   Cr: 19.7119 )
00000492: 17.1038   (Y': 15.0067   Cb: 17.9423   Cr: 19.6621 )
00000493: 16.9909   (Y': 14.7991   Cb: 17.9079   Cr: 19.7164 )
00000491: 17.1623   (Y': 15.11     Cb: 17.9711   Cr: 19.6355 )
00000494: 17.0065   (Y': 14.8116   Cb: 17.9263   Cr: 19.7369 )
00000495: 17.0418   (Y': 14.8351   Cb: 18.0085   Cr: 19.7386 )
00000496: 17.1311   (Y': 14.9274   Cb: 18.0911   Cr: 19.8289 )
00000498: 17.18     (Y': 14.998    Cb: 18.1764   Cr: 19.7582 )
00000497: 17.1228   (Y': 14.9235   Cb: 18.1328   Cr: 19.7338 )
00000499: 17.1916   (Y': 15.0259   Cb: 18.1931   Cr: 19.7145 )
00000500: 17.1848   (Y': 14.9603   Cb: 18.2428   Cr: 19.8029 )
00000501: 17.1832   (Y': 14.9975   Cb: 18.254    Cr: 19.6677 )
00000502: 17.1709   (Y': 14.9813   Cb: 18.2093   Cr: 19.7119 )
00000503: 17.1794   (Y': 15.0076   Cb: 18.2147   Cr: 19.6725 )
00000504: 17.1828   (Y': 15.0034   Cb: 18.179    Cr: 19.7537 )
00000506: 17.2833   (Y': 15.0895   Cb: 18.2098   Cr: 20.0008 )
00000505: 17.198    (Y': 15.0119   Cb: 18.1427   Cr: 19.8643 )
00000507: 17.1984   (Y': 15.0889   Cb: 18.0758   Cr: 19.7353 )
00000509: 17.4077   (Y': 15.3029   Cb: 18.2243   Cr: 20.0217 )
00000508: 17.2665   (Y': 15.162    Cb: 18.1334   Cr: 19.8045 )
00000510: 17.4756   (Y': 15.4043   Cb: 18.2849   Cr: 20.0025 )
00000511: 17.5067   (Y': 15.4614   Cb: 18.2551   Cr: 20.0499 )
00000512: 17.5805   (Y': 15.4683   Cb: 18.3535   Cr: 20.2833 )
00000517: 17.7217   (Y': 15.6407   Cb: 18.5494   Cr: 20.2492 )
00000514: 17.5541   (Y': 15.554    Cb: 18.1472   Cr: 20.2083 )
00000513: 17.855    (Y': 15.7653   Cb: 18.6431   Cr: 20.4675 )
00000515: 17.6139   (Y': 15.5827   Cb: 18.2939   Cr: 20.2213 )
00000516: 17.6482   (Y': 15.5799   Cb: 18.4295   Cr: 20.2082 )
00000518: 17.7465   (Y': 15.6342   Cb: 18.6988   Cr: 20.1843 )
00000519: 17.8996   (Y': 15.6767   Cb: 19.0578   Cr: 20.3736 )
00000520: 17.9928   (Y': 15.7126   Cb: 19.1917   Cr: 20.5836 )
00000521: 17.8246   (Y': 15.5964   Cb: 18.8971   Cr: 20.4335 )
00000524: 18.208    (Y': 16.0959   Cb: 19.2087   Cr: 20.5774 )
00000525: 18.2602   (Y': 16.1454   Cb: 19.248    Cr: 20.6555 )
00000523: 18.094    (Y': 15.9485   Cb: 19.103    Cr: 20.5475 )
00000522: 17.9118   (Y': 15.6904   Cb: 19.0235   Cr: 20.4449 )
00000526: 18.2286   (Y': 16.1419   Cb: 19.1757   Cr: 20.6011 )
00000527: 18.0866   (Y': 15.9259   Cb: 19.1182   Cr: 20.5523 )
00000528: 18.0211   (Y': 15.8282   Cb: 19.1675   Cr: 20.4231 )
00000529: 18.0678   (Y': 15.8084   Cb: 19.3422   Cr: 20.4951 )
00000531: 18.2066   (Y': 15.8906   Cb: 19.549    Cr: 20.714  )
00000530: 18.088    (Y': 15.7732   Cb: 19.4049   Cr: 20.6253 )
00000532: 18.2354   (Y': 15.8808   Cb: 19.5893   Cr: 20.8466 )
00000534: 18.2554   (Y': 16.0005   Cb: 19.4705   Cr: 20.7477 )
00000533: 18.3087   (Y': 16.0099   Cb: 19.524    Cr: 20.9342 )
00000535: 18.2557   (Y': 16.0229   Cb: 19.4338   Cr: 20.7321 )
00000536: 18.2578   (Y': 16.0332   Cb: 19.4282   Cr: 20.7202 )
00000537: 18.2784   (Y': 16.0244   Cb: 19.4665   Cr: 20.8045 )
00000538: 18.2824   (Y': 16.0275   Cb: 19.4725   Cr: 20.8083 )
00000539: 18.2351   (Y': 16.0368   Cb: 19.3217   Cr: 20.7345 )
00000540: 18.3447   (Y': 16.1812   Cb: 19.3997   Cr: 20.7862 )
00000542: 18.3857   (Y': 16.2992   Cb: 19.4083   Cr: 20.6548 )
00000541: 18.4138   (Y': 16.2684   Cb: 19.4864   Cr: 20.7798 )
00000543: 18.4799   (Y': 16.3863   Cb: 19.4682   Cr: 20.8152 )
00000544: 18.4756   (Y': 16.3503   Cb: 19.5461   Cr: 20.788  )
00000545: 18.4418   (Y': 16.3428   Cb: 19.476    Cr: 20.7298 )
00000546: 18.5045   (Y': 16.4113   Cb: 19.5564   Cr: 20.7534 )
00000547: 18.5144   (Y': 16.4732   Cb: 19.5839   Cr: 20.6025 )
00000548: 18.5348   (Y': 16.537    Cb: 19.5514   Cr: 20.5787 )
00000550: 18.5762   (Y': 16.5782   Cb: 19.6413   Cr: 20.5601 )
00000549: 18.4972   (Y': 16.5436   Cb: 19.485    Cr: 20.4668 )
00000551: 18.6547   (Y': 16.6154   Cb: 19.6822   Cr: 20.7918 )
00000552: 18.6048   (Y': 16.5468   Cb: 19.6468   Cr: 20.7721 )
00000553: 18.6406   (Y': 16.6658   Cb: 19.5893   Cr: 20.7131 )
00000554: 18.7269   (Y': 16.842    Cb: 19.5636   Cr: 20.7208 )
00000556: 19.0771   (Y': 17.342    Cb: 19.7889   Cr: 20.8811 )
00000555: 19.0104   (Y': 17.2509   Cb: 19.7688   Cr: 20.8103 )
00000557: 19.0018   (Y': 17.1854   Cb: 19.8187   Cr: 20.8581 )
00000558: 18.859    (Y': 16.9815   Cb: 19.7103   Cr: 20.8163 )
00000559: 18.6939   (Y': 16.7206   Cb: 19.6877   Cr: 20.7051 )
00000560: 18.6058   (Y': 16.6475   Cb: 19.5849   Cr: 20.5982 )
00000561: 18.5889   (Y': 16.5637   Cb: 19.7101   Cr: 20.5721 )
00000562: 18.5739   (Y': 16.5882   Cb: 19.694    Cr: 20.4604 )
00000564: 18.6631   (Y': 16.6809   Cb: 19.9729   Cr: 20.3255 )
00000563: 18.6492   (Y': 16.6739   Cb: 19.9207   Cr: 20.3376 )
00000566: 18.7409   (Y': 16.7598   Cb: 20.055    Cr: 20.3964 )
00000565: 18.6912   (Y': 16.704    Cb: 20.036    Cr: 20.3278 )
00000567: 18.9434   (Y': 17.0151   Cb: 20.2167   Cr: 20.5225 )
00000568: 19.1408   (Y': 17.226    Cb: 20.45     Cr: 20.6518 )
00000569: 19.3667   (Y': 17.3165   Cb: 20.8035   Cr: 21.0519 )
00000570: 19.4314   (Y': 17.4291   Cb: 20.7736   Cr: 21.1054 )
00000571: 19.5346   (Y': 17.5594   Cb: 20.8218   Cr: 21.2054 )
00000573: 19.5357   (Y': 17.6373   Cb: 20.8771   Cr: 20.9778 )
00000572: 19.5224   (Y': 17.5512   Cb: 20.8026   Cr: 21.1915 )
00000574: 19.5791   (Y': 17.5935   Cb: 20.9452   Cr: 21.1891 )
00000575: 19.5397   (Y': 17.6566   Cb: 20.8334   Cr: 20.998  )
00000576: 19.5667   (Y': 17.6254   Cb: 20.8768   Cr: 21.1356 )
00000577: 19.7242   (Y': 17.7362   Cb: 21.1943   Cr: 21.232  )
00000578: 19.8069   (Y': 17.7927   Cb: 21.2953   Cr: 21.3553 )
00000579: 19.7138   (Y': 17.6631   Cb: 21.2624   Cr: 21.2852 )
00000580: 19.7129   (Y': 17.6806   Cb: 21.3686   Cr: 21.1381 )
00000581: 19.8286   (Y': 17.7823   Cb: 21.5008   Cr: 21.2695 )
00000582: 19.7924   (Y': 17.6987   Cb: 21.4534   Cr: 21.3514 )
00000583: 19.792    (Y': 17.6736   Cb: 21.5418   Cr: 21.3229 )
00000584: 19.845    (Y': 17.6681   Cb: 21.6967   Cr: 21.4167 )
00000585: 19.927    (Y': 17.758    Cb: 21.8477   Cr: 21.4168 )
00000586: 19.9733   (Y': 17.8686   Cb: 21.8801   Cr: 21.3293 )
00000587: 19.9324   (Y': 17.7998   Cb: 21.7856   Cr: 21.3994 )
00000588: 19.9419   (Y': 17.8137   Cb: 21.7382   Cr: 21.4516 )
00000589: 19.9383   (Y': 17.8053   Cb: 21.7661   Cr: 21.4298 )
00000590: 19.9109   (Y': 17.8035   Cb: 21.6919   Cr: 21.3869 )
00000591: 19.9549   (Y': 17.7318   Cb: 21.7934   Cr: 21.6509 )
00000592: 19.9766   (Y': 17.7797   Cb: 21.7896   Cr: 21.6334 )
00000593: 19.9868   (Y': 17.7041   Cb: 21.881    Cr: 21.7783 )
Total: 16.677    (Y': 14.8422   Cb: 17.6212   Cr: 18.4185 )
