00000005: 10.2428   (Y': 7.05949   Cb: 12.7337   Cr: 14.7381 )
00000000: 10.283    (Y': 7.10707   Cb: 12.7603   Cr: 14.7568 )
00000003: 10.2511   (Y': 7.07044   Cb: 12.7365   Cr: 14.7392 )
00000002: 10.26     (Y': 7.08362   Cb: 12.7278   Cr: 14.7516 )
00000001: 10.2445   (Y': 7.08152   Cb: 12.7335   Cr: 14.6251 )
00000006: 10.2227   (Y': 7.04273   Cb: 12.7018   Cr: 14.7175 )
00000007: 10.2127   (Y': 7.03569   Cb: 12.6866   Cr: 14.6984 )
00000004: 10.2233   (Y': 7.04566   Cb: 12.7013   Cr: 14.7056 )
00000008: 10.2105   (Y': 7.04038   Cb: 12.6705   Cr: 14.6779 )
00000011: 10.2261   (Y': 7.05526   Cb: 12.6981   Cr: 14.6787 )
00000012: 10.2499   (Y': 7.07259   Cb: 12.7386   Cr: 14.7137 )
00000009: 10.2071   (Y': 7.03612   Cb: 12.6719   Cr: 14.6721 )
00000010: 10.1958   (Y': 7.02247   Cb: 12.6751   Cr: 14.6515 )
00000013: 10.2476   (Y': 7.06875   Cb: 12.7337   Cr: 14.7241 )
00000014: 10.2434   (Y': 7.0717    Cb: 12.7154   Cr: 14.7012 )
00000015: 10.2465   (Y': 7.07603   Cb: 12.7125   Cr: 14.7068 )
00000016: 10.3131   (Y': 7.14037   Cb: 12.7849   Cr: 14.777  )
00000019: 10.7293   (Y': 7.6022    Cb: 13.1202   Cr: 15.0613 )
00000017: 10.479    (Y': 7.33152   Cb: 12.8947   Cr: 14.8863 )
00000018: 10.6669   (Y': 7.52105   Cb: 13.0965   Cr: 15.0436 )
00000020: 10.7159   (Y': 7.60356   Cb: 13.0816   Cr: 15.0054 )
00000023: 10.547    (Y': 7.41428   Cb: 12.9443   Cr: 14.9002 )
00000022: 10.5723   (Y': 7.43456   Cb: 12.9859   Cr: 14.9283 )
00000021: 10.6685   (Y': 7.54718   Cb: 13.0494   Cr: 14.9837 )
00000024: 10.4544   (Y': 7.30553   Cb: 12.8951   Cr: 14.8305 )
00000028: 10.6589   (Y': 7.51486   Cb: 13.09     Cr: 15.0226 )
00000026: 10.4848   (Y': 7.35371   Cb: 12.8919   Cr: 14.8132 )
00000027: 10.5292   (Y': 7.39356   Cb: 12.927    Cr: 14.8978 )
00000025: 10.4631   (Y': 7.32241   Cb: 12.8796   Cr: 14.8312 )
00000029: 10.6934   (Y': 7.56132   Cb: 13.0891   Cr: 15.0457 )
00000030: 10.7571   (Y': 7.6179    Cb: 13.206    Cr: 15.066  )
00000031: 10.772    (Y': 7.6205    Cb: 13.2372   Cr: 15.1252 )
00000032: 10.8533   (Y': 7.69994   Cb: 13.3399   Cr: 15.1836 )
00000036: 11.148    (Y': 7.92694   Cb: 13.8744   Cr: 15.504  )
00000035: 11.0242   (Y': 7.84043   Cb: 13.6596   Cr: 15.3022 )
00000034: 10.9427   (Y': 7.76417   Cb: 13.5379   Cr: 15.2507 )
00000033: 10.8939   (Y': 7.73862   Cb: 13.3803   Cr: 15.2352 )
00000039: 11.2744   (Y': 8.04216   Cb: 14.059    Cr: 15.6105 )
00000038: 11.2642   (Y': 8.02404   Cb: 14.0293   Cr: 15.6744 )
00000037: 11.1836   (Y': 7.95094   Cb: 13.9503   Cr: 15.5475 )
00000040: 11.3301   (Y': 8.08285   Cb: 14.1037   Cr: 15.769  )
00000041: 11.4058   (Y': 8.1582    Cb: 14.1683   Cr: 15.8628 )
00000042: 11.4534   (Y': 8.17291   Cb: 14.3007   Cr: 15.982  )
00000043: 11.514    (Y': 8.22381   Cb: 14.3819   Cr: 16.0711 )
00000044: 11.6074   (Y': 8.2766    Cb: 14.6134   Cr: 16.2128 )
00000045: 11.6524   (Y': 8.29645   Cb: 14.7197   Cr: 16.3268 )
00000046: 11.7356   (Y': 8.35173   Cb: 14.8892   Cr: 16.4647 )
00000047: 11.8136   (Y': 8.3931    Cb: 15.0645   Cr: 16.6441 )
00000051: 12.0928   (Y': 8.65367   Cb: 15.483    Cr: 16.8516 )
00000050: 12.0149   (Y': 8.57507   Cb: 15.4317   Cr: 16.7416 )
00000048: 11.8663   (Y': 8.42339   Cb: 15.2335   Cr: 16.6821 )
00000049: 11.933    (Y': 8.48338   Cb: 15.336    Cr: 16.7436 )
00000053: 12.3155   (Y': 8.88489   Cb: 15.686    Cr: 17.0446 )
00000052: 12.2694   (Y': 8.84031   Cb: 15.6292   Cr: 17.003  )
00000054: 12.3883   (Y': 8.9388    Cb: 15.8105   Cr: 17.1714 )
00000055: 12.3828   (Y': 8.95209   Cb: 15.7109   Cr: 17.1718 )
00000056: 12.404    (Y': 8.95651   Cb: 15.7435   Cr: 17.2896 )
00000057: 12.4777   (Y': 9.03437   Cb: 15.8211   Cr: 17.3293 )
00000058: 12.4185   (Y': 8.97152   Cb: 15.7376   Cr: 17.3293 )
00000059: 12.4248   (Y': 9.00473   Cb: 15.6595   Cr: 17.2757 )
00000060: 12.4082   (Y': 9.02699   Cb: 15.5066   Cr: 17.2001 )
00000061: 12.3881   (Y': 8.99343   Cb: 15.5308   Cr: 17.2036 )
00000062: 12.3526   (Y': 8.96418   Cb: 15.4971   Cr: 17.1246 )
00000063: 12.2513   (Y': 8.88283   Cb: 15.32     Cr: 17.0043 )
00000067: 11.9183   (Y': 8.63078   Cb: 14.8003   Cr: 16.4381 )
00000064: 12.0978   (Y': 8.76762   Cb: 15.1348   Cr: 16.6546 )
00000066: 11.9622   (Y': 8.68563   Cb: 14.7851   Cr: 16.5032 )
00000065: 12.1128   (Y': 8.78369   Cb: 15.1086   Cr: 16.7218 )
00000068: 11.8319   (Y': 8.58138   Cb: 14.5601   Cr: 16.3578 )
00000069: 11.7253   (Y': 8.46705   Cb: 14.4573   Cr: 16.2916 )
00000070: 11.5614   (Y': 8.33275   Cb: 14.2355   Cr: 16.039  )
00000071: 11.4786   (Y': 8.24887   Cb: 14.0986   Cr: 16.046  )
00000072: 11.2945   (Y': 8.03407   Cb: 13.9826   Cr: 15.9426 )
00000076: 10.6926   (Y': 7.47355   Cb: 13.1231   Cr: 15.5056 )
00000073: 11.2124   (Y': 7.96865   Cb: 13.8362   Cr: 15.8588 )
00000077: 10.6707   (Y': 7.43485   Cb: 13.1246   Cr: 15.5512 )
00000074: 11.0399   (Y': 7.79774   Cb: 13.5926   Cr: 15.7924 )
00000075: 10.883    (Y': 7.65266   Cb: 13.3645   Cr: 15.6808 )
00000078: 10.7836   (Y': 7.53558   Cb: 13.2542   Cr: 15.7146 )
00000079: 10.82     (Y': 7.56766   Cb: 13.2876   Cr: 15.7847 )
00000080: 10.9902   (Y': 7.71973   Cb: 13.5013   Cr: 15.9989 )
00000082: 11.6081   (Y': 8.27453   Cb: 14.3345   Cr: 16.6709 )
00000081: 11.2176   (Y': 7.93442   Cb: 13.7872   Cr: 16.208  )
00000084: 12.0695   (Y': 8.75315   Cb: 14.8123   Cr: 16.9885 )
00000085: 12.1916   (Y': 8.86922   Cb: 14.9758   Cr: 17.0821 )
00000083: 11.7841   (Y': 8.46415   Cb: 14.5055   Cr: 16.7627 )
00000086: 12.4572   (Y': 9.10598   Cb: 15.3482   Cr: 17.3683 )
00000087: 12.5502   (Y': 9.19614   Cb: 15.4663   Cr: 17.4411 )
00000088: 12.7994   (Y': 9.41939   Cb: 15.8233   Cr: 17.6964 )
00000089: 12.9152   (Y': 9.54047   Cb: 15.9314   Cr: 17.7885 )
00000091: 13.0117   (Y': 9.59619   Cb: 16.2717   Cr: 17.7958 )
00000090: 13.0783   (Y': 9.67981   Cb: 16.2771   Cr: 17.8374 )
00000092: 12.9275   (Y': 9.56      Cb: 16.0701   Cr: 17.568  )
00000094: 12.5253   (Y': 9.12207   Cb: 15.5625   Cr: 17.5601 )
00000093: 12.666    (Y': 9.2759    Cb: 15.7057   Cr: 17.6064 )
00000095: 12.5502   (Y': 9.17075   Cb: 15.553    Cr: 17.4755 )
00000096: 12.5456   (Y': 9.14821   Cb: 15.6404   Cr: 17.4507 )
00000098: 12.7477   (Y': 9.32999   Cb: 15.8946   Cr: 17.7127 )
00000099: 12.7977   (Y': 9.38933   Cb: 15.9707   Cr: 17.6604 )
00000097: 12.697    (Y': 9.29599   Cb: 15.8243   Cr: 17.5778 )
00000101: 12.9316   (Y': 9.54694   Cb: 16.0829   Cr: 17.6694 )
00000100: 12.919    (Y': 9.52817   Cb: 16.0601   Cr: 17.7115 )
00000102: 12.9145   (Y': 9.55108   Cb: 16.0115   Cr: 17.5936 )
00000103: 12.8315   (Y': 9.50813   Cb: 15.9189   Cr: 17.277  )
00000104: 12.5961   (Y': 9.31419   Cb: 15.5989   Cr: 16.9137 )
00000106: 12.2642   (Y': 9.00228   Cb: 15.2073   Cr: 16.5482 )
00000105: 12.497    (Y': 9.22659   Cb: 15.4812   Cr: 16.7736 )
00000107: 12.155    (Y': 8.8886    Cb: 15.0933   Cr: 16.4712 )
00000108: 12.1755   (Y': 8.90818   Cb: 15.0062   Cr: 16.6498 )
00000110: 12.4446   (Y': 9.17134   Cb: 15.2643   Cr: 16.9704 )
00000109: 12.2064   (Y': 8.94277   Cb: 15.0689   Cr: 16.6125 )
00000111: 12.5389   (Y': 9.27076   Cb: 15.2861   Cr: 17.1422 )
00000112: 12.7185   (Y': 9.4471    Cb: 15.5058   Cr: 17.2815 )
00000113: 12.8435   (Y': 9.55236   Cb: 15.6301   Cr: 17.5289 )
00000114: 12.951    (Y': 9.63409   Cb: 15.8969   Cr: 17.5574 )
00000115: 13.0097   (Y': 9.68245   Cb: 16.0267   Cr: 17.5771 )
00000116: 13.0507   (Y': 9.72093   Cb: 16.0873   Cr: 17.6053 )
00000117: 13.0911   (Y': 9.75169   Cb: 16.19     Cr: 17.6177 )
00000118: 13.0923   (Y': 9.75675   Cb: 16.3094   Cr: 17.4372 )
00000119: 13.07     (Y': 9.71207   Cb: 16.2999   Cr: 17.5314 )
00000120: 13.0293   (Y': 9.7009    Cb: 16.3739   Cr: 17.1741 )
00000122: 12.8137   (Y': 9.64681   Cb: 15.84     Cr: 16.4954 )
00000121: 12.9118   (Y': 9.6469    Cb: 16.108    Cr: 16.8889 )
00000123: 12.7292   (Y': 9.59535   Cb: 15.7929   Cr: 16.2129 )
00000124: 12.6639   (Y': 9.56477   Cb: 15.656    Cr: 16.0692 )
00000125: 12.5539   (Y': 9.44716   Cb: 15.5347   Cr: 16.0054 )
00000126: 12.5891   (Y': 9.4551    Cb: 15.6229   Cr: 16.1062 )
00000127: 12.5175   (Y': 9.35875   Cb: 15.5874   Cr: 16.11   )
00000130: 12.3548   (Y': 9.21592   Cb: 15.2645   Cr: 16.0384 )
00000128: 12.4927   (Y': 9.35344   Cb: 15.4469   Cr: 16.1256 )
00000129: 12.4053   (Y': 9.26255   Cb: 15.3278   Cr: 16.0921 )
00000131: 12.2566   (Y': 9.0904    Cb: 15.2253   Cr: 16.0029 )
00000132: 12.1827   (Y': 8.94931   Cb: 15.3371   Cr: 16.0456 )
00000133: 12.0842   (Y': 8.86545   Cb: 15.2491   Cr: 15.8601 )
00000134: 11.9398   (Y': 8.76108   Cb: 14.9173   Cr: 15.7375 )
00000135: 11.9217   (Y': 8.75808   Cb: 14.865    Cr: 15.6854 )
00000136: 11.8208   (Y': 8.71307   Cb: 14.6127   Cr: 15.4979 )
00000137: 11.7904   (Y': 8.72769   Cb: 14.5322   Cr: 15.3182 )
00000138: 11.7179   (Y': 8.68262   Cb: 14.2914   Cr: 15.3273 )
00000139: 11.7185   (Y': 8.75108   Cb: 14.1484   Cr: 15.2039 )
00000141: 11.6309   (Y': 8.75106   Cb: 13.8724   Cr: 14.9809 )
00000140: 11.6304   (Y': 8.70912   Cb: 13.9266   Cr: 15.0862 )
00000142: 11.6357   (Y': 8.81487   Cb: 13.7684   Cr: 14.8834 )
00000143: 11.6534   (Y': 8.852     Cb: 13.7267   Cr: 14.8999 )
00000144: 11.5005   (Y': 8.79928   Cb: 13.448    Cr: 14.5215 )
00000145: 11.3472   (Y': 8.66415   Cb: 13.1824   Cr: 14.4468 )
00000146: 11.1653   (Y': 8.47641   Cb: 12.9601   Cr: 14.3425 )
00000147: 11.0396   (Y': 8.34853   Cb: 12.7714   Cr: 14.3132 )
00000150: 10.6432   (Y': 7.88117   Cb: 12.5496   Cr: 13.9551 )
00000148: 10.8174   (Y': 8.14369   Cb: 12.5174   Cr: 14.0683 )
00000149: 10.7371   (Y': 7.98235   Cb: 12.6237   Cr: 14.0474 )
00000151: 10.8079   (Y': 8.12762   Cb: 12.5616   Cr: 14.0085 )
00000152: 10.2169   (Y': 7.55127   Cb: 11.867    Cr: 13.508  )
00000153: 9.99148   (Y': 7.31229   Cb: 11.6487   Cr: 13.3259 )
00000154: 9.96008   (Y': 7.28229   Cb: 11.6452   Cr: 13.2483 )
00000155: 9.96784   (Y': 7.28876   Cb: 11.6449   Cr: 13.2728 )
00000157: 9.99175   (Y': 7.3156    Cb: 11.6454   Cr: 13.3193 )
00000158: 9.98064   (Y': 7.28785   Cb: 11.6742   Cr: 13.3162 )
00000156: 9.96306   (Y': 7.2747    Cb: 11.6398   Cr: 13.3056 )
00000159: 9.99716   (Y': 7.2923    Cb: 11.7125   Cr: 13.3495 )
00000161: 10.0401   (Y': 7.32944   Cb: 11.7568   Cr: 13.4139 )
00000160: 10.0125   (Y': 7.30338   Cb: 11.7441   Cr: 13.3588 )
00000162: 10.0766   (Y': 7.35705   Cb: 11.8132   Cr: 13.4574 )
00000163: 10.0967   (Y': 7.3643    Cb: 11.8548   Cr: 13.4988 )
00000165: 10.1901   (Y': 7.41123   Cb: 12.0351   Cr: 13.6586 )
00000164: 10.1449   (Y': 7.38562   Cb: 11.9598   Cr: 13.5755 )
00000166: 10.2575   (Y': 7.4497    Cb: 12.1414   Cr: 13.7929 )
00000167: 10.283    (Y': 7.47007   Cb: 12.1606   Cr: 13.8498 )
00000169: 10.3106   (Y': 7.5041    Cb: 12.191    Cr: 13.8454 )
00000168: 10.2935   (Y': 7.47612   Cb: 12.2003   Cr: 13.8371 )
00000170: 10.308    (Y': 7.49975   Cb: 12.2293   Cr: 13.7913 )
00000171: 10.3486   (Y': 7.51933   Cb: 12.3287   Cr: 13.8377 )
00000172: 10.412    (Y': 7.59631   Cb: 12.3795   Cr: 13.8609 )
00000173: 10.4476   (Y': 7.64031   Cb: 12.4179   Cr: 13.8575 )
00000174: 10.514    (Y': 7.71217   Cb: 12.4839   Cr: 13.9016 )
00000175: 10.5158   (Y': 7.72496   Cb: 12.4659   Cr: 13.8852 )
00000176: 10.6091   (Y': 7.79258   Cb: 12.6111   Cr: 14.0138 )
00000177: 10.624    (Y': 7.81506   Cb: 12.6323   Cr: 13.9884 )
00000178: 10.7126   (Y': 7.88236   Cb: 12.8296   Cr: 14.0189 )
00000180: 10.9039   (Y': 8.006     Cb: 13.1811   Cr: 14.2846 )
00000179: 10.811    (Y': 7.98339   Cb: 12.9515   Cr: 14.076  )
00000181: 10.9698   (Y': 8.05583   Cb: 13.2859   Cr: 14.3688 )
00000182: 11.1214   (Y': 8.16186   Cb: 13.5538   Cr: 14.5694 )
00000183: 11.2057   (Y': 8.22967   Cb: 13.7214   Cr: 14.6216 )
00000184: 11.3289   (Y': 8.31258   Cb: 13.9405   Cr: 14.805  )
00000185: 11.3576   (Y': 8.30507   Cb: 14.0538   Cr: 14.8938 )
00000186: 11.4219   (Y': 8.31764   Cb: 14.2348   Cr: 15.0568 )
00000187: 11.4905   (Y': 8.32333   Cb: 14.3593   Cr: 15.3641 )
00000188: 11.6363   (Y': 8.41204   Cb: 14.6938   Cr: 15.568  )
00000189: 11.7084   (Y': 8.43894   Cb: 14.8512   Cr: 15.7748 )
00000190: 11.7693   (Y': 8.46817   Cb: 15.0278   Cr: 15.8667 )
00000191: 11.7504   (Y': 8.4408    Cb: 15.018    Cr: 15.8838 )
00000193: 11.8816   (Y': 8.56553   Cb: 15.1067   Cr: 16.1042 )
00000192: 11.853    (Y': 8.54125   Cb: 15.0998   Cr: 16.024  )
00000194: 11.9744   (Y': 8.65768   Cb: 15.2889   Cr: 16.0902 )
00000195: 12.0181   (Y': 8.72167   Cb: 15.3385   Cr: 16.0167 )
00000196: 12.1445   (Y': 8.82314   Cb: 15.5332   Cr: 16.1981 )
00000197: 12.2481   (Y': 8.90543   Cb: 15.6541   Cr: 16.3995 )
00000198: 12.482    (Y': 9.05503   Cb: 16.082    Cr: 16.8941 )
00000199: 12.5734   (Y': 9.12346   Cb: 16.2528   Cr: 17.0305 )
00000200: 12.7741   (Y': 9.34482   Cb: 16.3614   Cr: 17.2152 )
00000201: 12.9882   (Y': 9.52731   Cb: 16.72     Cr: 17.4506 )
00000202: 13.2934   (Y': 9.82605   Cb: 17.0104   Cr: 17.8138 )
00000203: 13.4645   (Y': 10.0051   Cb: 17.1037   Cr: 18.0299 )
00000205: 13.8347   (Y': 10.4736   Cb: 17.0957   Cr: 18.2744 )
00000204: 13.6439   (Y': 10.2342   Cb: 17.0423   Cr: 18.202  )
00000206: 14.0006   (Y': 10.7726   Cb: 16.9981   Cr: 18.0268 )
00000207: 14.096    (Y': 10.9127   Cb: 17.0625   Cr: 17.9293 )
00000209: 14.181    (Y': 11.1029   Cb: 17.0743   Cr: 17.602  )
00000208: 14.1265   (Y': 10.9941   Cb: 17.0842   Cr: 17.7231 )
00000210: 14.3115   (Y': 11.2482   Cb: 17.0561   Cr: 17.839  )
00000211: 14.4455   (Y': 11.4121   Cb: 17.1864   Cr: 17.8434 )
00000213: 14.4875   (Y': 11.4727   Cb: 17.3025   Cr: 17.7215 )
00000212: 14.5159   (Y': 11.4696   Cb: 17.3336   Cr: 17.882  )
00000214: 14.2651   (Y': 11.217    Cb: 17.0002   Cr: 17.7348 )
00000216: 13.8702   (Y': 10.8043   Cb: 16.5764   Cr: 17.4557 )
00000215: 14.1692   (Y': 11.1361   Cb: 16.7953   Cr: 17.7034 )
00000217: 13.9017   (Y': 10.8535   Cb: 16.655    Cr: 17.3509 )
00000218: 13.3055   (Y': 10.2653   Cb: 15.9411   Cr: 16.8598 )
00000219: 12.7097   (Y': 9.64811   Cb: 15.3306   Cr: 16.3816 )
00000220: 12.5594   (Y': 9.52217   Cb: 15.215    Cr: 16.0761 )
00000222: 12.4416   (Y': 9.40792   Cb: 15.0948   Cr: 15.9448 )
00000221: 12.392    (Y': 9.32707   Cb: 15.0835   Cr: 15.991  )
00000223: 12.1825   (Y': 9.13823   Cb: 14.83     Cr: 15.7408 )
00000224: 12.0588   (Y': 9.03801   Cb: 14.6604   Cr: 15.5672 )
00000225: 11.9442   (Y': 8.9253    Cb: 14.558    Cr: 15.4292 )
00000226: 11.8178   (Y': 8.79605   Cb: 14.406    Cr: 15.3473 )
00000227: 11.7928   (Y': 8.79232   Cb: 14.3323   Cr: 15.2873 )
00000228: 11.7842   (Y': 8.79177   Cb: 14.3407   Cr: 15.2219 )
00000229: 11.8431   (Y': 8.86265   Cb: 14.3811   Cr: 15.2508 )
00000230: 11.9325   (Y': 8.96175   Cb: 14.4716   Cr: 15.2973 )
00000232: 12.0795   (Y': 9.08849   Cb: 14.612    Cr: 15.5405 )
00000231: 11.9381   (Y': 8.97007   Cb: 14.4504   Cr: 15.3233 )
00000233: 12.146    (Y': 9.12131   Cb: 14.7273   Cr: 15.6974 )
00000234: 12.3195   (Y': 9.26105   Cb: 15.0191   Cr: 15.8787 )
00000235: 12.4118   (Y': 9.33891   Cb: 15.1609   Cr: 15.9773 )
00000236: 12.5577   (Y': 9.43809   Cb: 15.4009   Cr: 16.229  )
00000237: 12.6309   (Y': 9.48382   Cb: 15.5581   Cr: 16.3333 )
00000238: 12.7188   (Y': 9.50502   Cb: 15.8144   Cr: 16.5507 )
00000241: 13.0131   (Y': 9.68439   Cb: 16.2959   Cr: 17.235  )
00000239: 12.7502   (Y': 9.50875   Cb: 15.8839   Cr: 16.6788 )
00000240: 12.884    (Y': 9.5605    Cb: 16.2132   Cr: 17.02   )
00000242: 13.0803   (Y': 9.66292   Cb: 16.5422   Cr: 17.6045 )
00000243: 13.1156   (Y': 9.66682   Cb: 16.6519   Cr: 17.743  )
00000244: 13.2059   (Y': 9.72819   Cb: 16.7591   Cr: 18.0007 )
00000245: 13.2257   (Y': 9.72846   Cb: 16.9117   Cr: 17.9781 )
00000246: 13.1056   (Y': 9.64867   Cb: 16.7216   Cr: 17.6842 )
00000247: 13.041    (Y': 9.5645    Cb: 16.7604   Cr: 17.6171 )
00000248: 12.9935   (Y': 9.62391   Cb: 16.3309   Cr: 17.3851 )
00000249: 12.827    (Y': 9.50319   Cb: 15.9349   Cr: 17.247  )
00000250: 12.652    (Y': 9.37755   Cb: 15.5622   Cr: 17.0536 )
00000251: 12.6078   (Y': 9.31311   Cb: 15.5746   Cr: 17.0492 )
00000252: 12.5316   (Y': 9.23761   Cb: 15.4467   Cr: 17.043  )
00000253: 12.487    (Y': 9.18803   Cb: 15.417    Cr: 17.007  )
00000254: 12.429    (Y': 9.16172   Cb: 15.2215   Cr: 16.9592 )
00000255: 12.3605   (Y': 9.06048   Cb: 15.1657   Cr: 17.0734 )
00000258: 12.1602   (Y': 8.88739   Cb: 14.8067   Cr: 16.9529 )
00000257: 12.1942   (Y': 8.93781   Cb: 14.7758   Cr: 16.9895 )
00000256: 12.2146   (Y': 8.95362   Cb: 14.8259   Cr: 16.9893 )
00000259: 12.0774   (Y': 8.80122   Cb: 14.6926   Cr: 16.9433 )
00000262: 11.8581   (Y': 8.5448    Cb: 14.5857   Cr: 16.7812 )
00000261: 11.9241   (Y': 8.62824   Cb: 14.6054   Cr: 16.8092 )
00000260: 11.9325   (Y': 8.66344   Cb: 14.5965   Cr: 16.673  )
00000263: 11.8344   (Y': 8.52133   Cb: 14.5801   Cr: 16.726  )
00000264: 11.866    (Y': 8.54      Cb: 14.6017   Cr: 16.861  )
00000266: 11.8616   (Y': 8.55142   Cb: 14.5865   Cr: 16.769  )
00000265: 11.8693   (Y': 8.53633   Cb: 14.6158   Cr: 16.894  )
00000267: 11.8713   (Y': 8.58577   Cb: 14.5009   Cr: 16.7742 )
00000269: 11.8033   (Y': 8.52673   Cb: 14.4834   Cr: 16.5654 )
00000268: 11.8432   (Y': 8.54844   Cb: 14.5644   Cr: 16.6555 )
00000270: 11.7435   (Y': 8.50523   Cb: 14.3844   Cr: 16.3299 )
00000271: 11.769    (Y': 8.54693   Cb: 14.3928   Cr: 16.2848 )
00000273: 11.8626   (Y': 8.6221    Cb: 14.5332   Cr: 16.4164 )
00000272: 11.7894   (Y': 8.57174   Cb: 14.4583   Cr: 16.2105 )
00000274: 12.0101   (Y': 8.75696   Cb: 14.6275   Cr: 16.7252 )
00000276: 12.3223   (Y': 9.12317   Cb: 14.7689   Cr: 16.9846 )
00000275: 12.0939   (Y': 8.86076   Cb: 14.6114   Cr: 16.8484 )
00000277: 12.3974   (Y': 9.16096   Cb: 14.9429   Cr: 17.1259 )
00000278: 12.516    (Y': 9.28268   Cb: 15.0916   Cr: 17.1758 )
00000279: 12.5326   (Y': 9.34693   Cb: 15.0637   Cr: 16.9787 )
00000281: 11.9049   (Y': 8.94173   Cb: 14.0313   Cr: 15.7908 )
00000280: 12.3822   (Y': 9.34133   Cb: 14.6667   Cr: 16.4171 )
00000283: 11.7233   (Y': 8.80699   Cb: 13.6451   Cr: 15.698  )
00000282: 11.7285   (Y': 8.80885   Cb: 13.7145   Cr: 15.6185 )
00000284: 11.7973   (Y': 8.89222   Cb: 13.6978   Cr: 15.7515 )
00000285: 11.8747   (Y': 8.99912   Cb: 13.7114   Cr: 15.7903 )
00000287: 12.0378   (Y': 9.14612   Cb: 13.8768   Cr: 16.0273 )
00000286: 12.0016   (Y': 9.11917   Cb: 13.8285   Cr: 15.9655 )
00000288: 12.1367   (Y': 9.2608    Cb: 13.9929   Cr: 16.0222 )
00000289: 12.1562   (Y': 9.27282   Cb: 14.0634   Cr: 15.9968 )
00000290: 12.1909   (Y': 9.31416   Cb: 14.062    Cr: 16.0565 )
00000291: 12.3481   (Y': 9.49134   Cb: 14.2039   Cr: 16.1447 )
00000292: 12.4674   (Y': 9.56217   Cb: 14.3328   Cr: 16.4797 )
00000293: 12.5442   (Y': 9.68014   Cb: 14.3764   Cr: 16.4118 )
00000294: 12.6415   (Y': 9.79422   Cb: 14.4773   Cr: 16.4255 )
00000295: 12.7206   (Y': 9.85867   Cb: 14.6145   Cr: 16.4819 )
00000296: 13.0407   (Y': 10.1828   Cb: 14.9784   Cr: 16.7172 )
00000297: 13.1271   (Y': 10.2981   Cb: 14.9905   Cr: 16.7857 )
00000299: 12.6425   (Y': 9.91338   Cb: 14.1719   Cr: 16.3873 )
00000298: 12.832    (Y': 10.0682   Cb: 14.4445   Cr: 16.5947 )
00000300: 12.5912   (Y': 9.8161    Cb: 14.1723   Cr: 16.4573 )
00000301: 12.566    (Y': 9.83216   Cb: 14.1263   Cr: 16.2806 )
00000303: 12.2527   (Y': 9.49063   Cb: 13.8555   Cr: 16.0232 )
00000302: 12.3002   (Y': 9.52612   Cb: 13.8751   Cr: 16.1716 )
00000304: 12.1509   (Y': 9.40052   Cb: 13.8424   Cr: 15.7282 )
00000305: 12.0855   (Y': 9.31359   Cb: 13.7568   Cr: 15.789  )
00000306: 11.9166   (Y': 9.12123   Cb: 13.5864   Cr: 15.7284 )
00000307: 11.8175   (Y': 8.97745   Cb: 13.6023   Cr: 15.6488 )
00000308: 11.7788   (Y': 8.95938   Cb: 13.5874   Cr: 15.4788 )
00000311: 11.8972   (Y': 9.0669    Cb: 13.8227   Cr: 15.4691 )
00000309: 11.7713   (Y': 8.93513   Cb: 13.6153   Cr: 15.4914 )
00000310: 11.8915   (Y': 9.07975   Cb: 13.7204   Cr: 15.5259 )
00000312: 12.0804   (Y': 9.28141   Cb: 13.9988   Cr: 15.5285 )
00000313: 12.148    (Y': 9.32095   Cb: 14.1581   Cr: 15.5858 )
00000316: 12.1668   (Y': 9.47241   Cb: 14.0486   Cr: 15.2478 )
00000314: 11.9706   (Y': 9.25121   Cb: 13.913    Cr: 15.0666 )
00000315: 12.1148   (Y': 9.41051   Cb: 13.9343   Cr: 15.3177 )
00000317: 12.0536   (Y': 9.34615   Cb: 14.0656   Cr: 15.0164 )
00000318: 11.7738   (Y': 9.08102   Cb: 13.6835   Cr: 14.812  )
00000319: 11.6491   (Y': 8.93063   Cb: 13.5733   Cr: 14.7658 )
00000320: 11.4899   (Y': 8.81798   Cb: 13.3013   Cr: 14.5798 )
00000321: 11.4828   (Y': 8.82401   Cb: 13.189    Cr: 14.6673 )
00000323: 11.6224   (Y': 8.98931   Cb: 13.2616   Cr: 14.8029 )
00000322: 11.5569   (Y': 8.92377   Cb: 13.1518   Cr: 14.8017 )
00000324: 11.6617   (Y': 8.98049   Cb: 13.4123   Cr: 14.8704 )
00000325: 11.7229   (Y': 9.01582   Cb: 13.5342   Cr: 14.9474 )
00000327: 11.7367   (Y': 9.03136   Cb: 13.5474   Cr: 14.9553 )
00000326: 11.7069   (Y': 9.01882   Cb: 13.5351   Cr: 14.8353 )
00000328: 11.6649   (Y': 8.97207   Cb: 13.4761   Cr: 14.8343 )
00000329: 11.5966   (Y': 8.91426   Cb: 13.3148   Cr: 14.8553 )
00000330: 11.246    (Y': 8.60106   Cb: 12.7609   Cr: 14.6576 )
00000331: 11.1044   (Y': 8.5446    Cb: 12.469    Cr: 14.4142 )
00000332: 11.1575   (Y': 8.5822    Cb: 12.7311   Cr: 14.2156 )
00000333: 11.2268   (Y': 8.62384   Cb: 12.8674   Cr: 14.2927 )
00000334: 11.2829   (Y': 8.6653    Cb: 12.9093   Cr: 14.423  )
00000335: 11.2977   (Y': 8.67921   Cb: 13.0333   Cr: 14.2906 )
00000336: 11.3472   (Y': 8.68075   Cb: 13.1462   Cr: 14.4331 )
00000337: 11.3195   (Y': 8.68412   Cb: 13.0496   Cr: 14.3824 )
00000338: 11.4918   (Y': 8.82754   Cb: 13.3072   Cr: 14.5474 )
00000339: 11.5915   (Y': 8.91836   Cb: 13.4087   Cr: 14.6781 )
00000340: 11.7135   (Y': 8.96647   Cb: 13.6564   Cr: 14.9164 )
00000341: 11.8045   (Y': 9.02603   Cb: 13.824    Cr: 15.0298 )
00000342: 11.931    (Y': 9.11508   Cb: 14.1107   Cr: 15.0991 )
00000343: 11.9546   (Y': 9.16159   Cb: 14.1619   Cr: 14.9995 )
00000344: 11.9565   (Y': 9.16099   Cb: 14.249    Cr: 14.9093 )
00000346: 11.9438   (Y': 9.1728    Cb: 14.2152   Cr: 14.8304 )
00000345: 11.9508   (Y': 9.1435    Cb: 14.2489   Cr: 14.9418 )
00000348: 11.9391   (Y': 9.19201   Cb: 14.183    Cr: 14.77   )
00000347: 11.9572   (Y': 9.21422   Cb: 14.1969   Cr: 14.7778 )
00000349: 11.903    (Y': 9.14848   Cb: 14.1578   Cr: 14.7482 )
00000351: 11.9438   (Y': 9.21096   Cb: 14.2167   Cr: 14.6908 )
00000350: 11.9342   (Y': 9.1846    Cb: 14.211    Cr: 14.7364 )
00000352: 11.8809   (Y': 9.2208    Cb: 13.9765   Cr: 14.5755 )
00000353: 11.8292   (Y': 9.1075    Cb: 13.9979   Cr: 14.655  )
00000355: 11.8277   (Y': 9.20045   Cb: 13.8626   Cr: 14.48   )
00000354: 11.8357   (Y': 9.17089   Cb: 13.8859   Cr: 14.5994 )
00000356: 11.7473   (Y': 9.1311    Cb: 13.7953   Cr: 14.348  )
00000357: 11.688    (Y': 9.02679   Cb: 13.7885   Cr: 14.3808 )
00000358: 11.7041   (Y': 9.02333   Cb: 13.8187   Cr: 14.4481 )
00000360: 11.688    (Y': 8.94867   Cb: 13.8897   Cr: 14.5395 )
00000361: 11.7043   (Y': 8.98619   Cb: 13.9075   Cr: 14.478  )
00000359: 11.745    (Y': 9.03912   Cb: 13.9663   Cr: 14.4552 )
00000362: 11.7163   (Y': 9.01254   Cb: 13.8611   Cr: 14.5063 )
00000363: 11.6932   (Y': 9.03178   Cb: 13.8025   Cr: 14.3767 )
00000364: 11.6611   (Y': 9.02064   Cb: 13.6952   Cr: 14.3594 )
00000365: 11.7335   (Y': 9.06643   Cb: 13.7827   Cr: 14.5059 )
00000366: 11.8556   (Y': 9.17963   Cb: 14.0034   Cr: 14.545  )
00000367: 11.8995   (Y': 9.21401   Cb: 14.068    Cr: 14.5982 )
00000370: 11.9173   (Y': 9.24064   Cb: 13.9038   Cr: 14.7993 )
00000369: 11.8402   (Y': 9.11133   Cb: 14.0026   Cr: 14.6998 )
00000368: 11.8995   (Y': 9.1643    Cb: 14.1159   Cr: 14.719  )
00000371: 11.8843   (Y': 9.21706   Cb: 13.8049   Cr: 14.8144 )
00000372: 11.8273   (Y': 9.20391   Cb: 13.6688   Cr: 14.7    )
00000373: 11.7759   (Y': 9.2661    Cb: 13.3905   Cr: 14.5479 )
00000374: 11.7294   (Y': 9.40838   Cb: 13.103    Cr: 14.2116 )
00000377: 11.9945   (Y': 9.48695   Cb: 13.4642   Cr: 14.9556 )
00000375: 11.7721   (Y': 9.44255   Cb: 13.1896   Cr: 14.224  )
00000376: 11.8632   (Y': 9.42804   Cb: 13.3071   Cr: 14.6128 )
00000378: 12.0588   (Y': 9.39293   Cb: 13.767    Cr: 15.2673 )
00000379: 12.0721   (Y': 9.35849   Cb: 13.8582   Cr: 15.3581 )
00000380: 12.0342   (Y': 9.24103   Cb: 14.0005   Cr: 15.391  )
00000381: 12.0892   (Y': 9.27386   Cb: 14.1282   Cr: 15.4384 )
00000382: 12.0887   (Y': 9.16716   Cb: 14.3282   Cr: 15.6214 )
00000385: 12.2939   (Y': 9.32781   Cb: 14.593    Cr: 15.9465 )
00000384: 12.1858   (Y': 9.24223   Cb: 14.4492   Cr: 15.7841 )
00000386: 12.4649   (Y': 9.4326    Cb: 14.9419   Cr: 16.1857 )
00000383: 12.1029   (Y': 9.20046   Cb: 14.3212   Cr: 15.5797 )
00000387: 12.5684   (Y': 9.52543   Cb: 15.1103   Cr: 16.2544 )
00000388: 12.6596   (Y': 9.56452   Cb: 15.356    Cr: 16.3951 )
00000389: 12.7367   (Y': 9.65069   Cb: 15.4528   Cr: 16.4042 )
00000390: 12.8565   (Y': 9.76973   Cb: 15.5971   Cr: 16.4969 )
00000394: 13.0682   (Y': 9.88773   Cb: 16.0404   Cr: 16.8804 )
00000392: 12.9936   (Y': 9.84968   Cb: 15.87     Cr: 16.7421 )
00000393: 12.9849   (Y': 9.82491   Cb: 15.9152   Cr: 16.7464 )
00000391: 12.8648   (Y': 9.74633   Cb: 15.7156   Cr: 16.5212 )
00000395: 13.0194   (Y': 9.83268   Cb: 16.0618   Cr: 16.7788 )
00000396: 13.0391   (Y': 9.80038   Cb: 16.2133   Cr: 16.906  )
00000397: 12.9603   (Y': 9.72182   Cb: 16.1767   Cr: 16.7767 )
00000398: 12.8716   (Y': 9.63408   Cb: 16.04     Cr: 16.7391 )
00000400: 12.8084   (Y': 9.56308   Cb: 15.953    Cr: 16.7446 )
00000401: 12.8272   (Y': 9.58734   Cb: 16.0153   Cr: 16.6833 )
00000399: 12.9019   (Y': 9.64761   Cb: 16.1109   Cr: 16.8086 )
00000402: 12.8336   (Y': 9.61101   Cb: 15.9744   Cr: 16.6573 )
00000403: 12.8669   (Y': 9.61391   Cb: 16.0606   Cr: 16.7843 )
00000404: 12.841    (Y': 9.58312   Cb: 16.0615   Cr: 16.7528 )
00000405: 12.755    (Y': 9.45775   Cb: 16.0344   Cr: 16.8063 )
00000406: 12.7825   (Y': 9.50273   Cb: 16.0206   Cr: 16.7888 )
00000407: 12.7626   (Y': 9.43258   Cb: 16.0523   Cr: 16.9834 )
00000408: 12.8475   (Y': 9.53288   Cb: 16.1118   Cr: 17.0131 )
00000409: 12.8571   (Y': 9.54423   Cb: 16.1269   Cr: 17.0059 )
00000410: 13.001    (Y': 9.70274   Cb: 16.2362   Cr: 17.1112 )
00000411: 13.09     (Y': 9.76839   Cb: 16.3619   Cr: 17.2849 )
00000412: 13.336    (Y': 9.94707   Cb: 16.7864   Cr: 17.7012 )
00000414: 13.5387   (Y': 10.1585   Cb: 17.0079   Cr: 17.8292 )
00000413: 13.357    (Y': 9.96175   Cb: 16.7761   Cr: 17.7997 )
00000415: 13.6158   (Y': 10.2246   Cb: 17.1519   Cr: 17.8911 )
00000416: 13.7114   (Y': 10.2914   Cb: 17.3823   Cr: 17.9981 )
00000418: 13.9418   (Y': 10.594    Cb: 17.4942   Cr: 17.9531 )
00000417: 13.7541   (Y': 10.3374   Cb: 17.4391   Cr: 18.0049 )
00000419: 14.0034   (Y': 10.6445   Cb: 17.599    Cr: 18.0277 )
00000420: 14.0023   (Y': 10.6374   Cb: 17.6235   Cr: 18.0317 )
00000421: 14.0536   (Y': 10.6967   Cb: 17.7551   Cr: 17.9534 )
00000422: 14.1349   (Y': 10.7913   Cb: 17.7685   Cr: 18.0355 )
00000423: 14.2313   (Y': 10.8624   Cb: 17.9102   Cr: 18.2193 )
00000425: 14.3633   (Y': 11.0418   Cb: 17.9078   Cr: 18.243  )
00000424: 14.3868   (Y': 11.0594   Cb: 17.9652   Cr: 18.2612 )
00000426: 14.3356   (Y': 11.0211   Cb: 17.768    Cr: 18.3025 )
00000427: 14.3984   (Y': 11.0932   Cb: 17.7756   Cr: 18.3784 )
00000428: 14.2733   (Y': 10.9786   Cb: 17.6452   Cr: 18.2033 )
00000429: 14.2262   (Y': 10.9101   Cb: 17.5533   Cr: 18.3238 )
00000430: 14.2785   (Y': 10.9876   Cb: 17.4746   Cr: 18.3962 )
00000431: 14.1915   (Y': 10.891    Cb: 17.3888   Cr: 18.3612 )
00000432: 14.2495   (Y': 10.9706   Cb: 17.348    Cr: 18.4237 )
00000433: 14.1976   (Y': 10.9397   Cb: 17.1926   Cr: 18.3893 )
00000435: 14.2498   (Y': 11.0647   Cb: 17.1221   Cr: 18.2105 )
00000434: 14.2174   (Y': 11.0132   Cb: 17.1325   Cr: 18.2228 )
00000436: 14.1361   (Y': 10.9151   Cb: 17.2196   Cr: 18.0197 )
00000437: 14.105    (Y': 10.8745   Cb: 17.2398   Cr: 17.9759 )
00000439: 14.0192   (Y': 10.8313   Cb: 16.9717   Cr: 17.8934 )
00000438: 14.0273   (Y': 10.7977   Cb: 17.1238   Cr: 17.9395 )
00000441: 13.8705   (Y': 10.6745   Cb: 16.844    Cr: 17.7599 )
00000440: 13.886    (Y': 10.6676   Cb: 16.9004   Cr: 17.8406 )
00000442: 13.744    (Y': 10.5571   Cb: 16.7138   Cr: 17.5918 )
00000443: 13.6666   (Y': 10.4465   Cb: 16.5949   Cr: 17.7392 )
00000444: 13.7137   (Y': 10.501    Cb: 16.6041   Cr: 17.7968 )
00000447: 13.6058   (Y': 10.4022   Cb: 16.2354   Cr: 18.0052 )
00000445: 13.6966   (Y': 10.4851   Cb: 16.485    Cr: 17.9109 )
00000446: 13.6378   (Y': 10.4221   Cb: 16.2988   Cr: 18.0597 )
00000449: 13.5716   (Y': 10.4197   Cb: 16.1026   Cr: 17.8267 )
00000448: 13.5165   (Y': 10.3314   Cb: 16.0969   Cr: 17.8833 )
00000450: 13.7097   (Y': 10.5765   Cb: 16.2789   Cr: 17.8084 )
00000451: 13.6785   (Y': 10.5595   Cb: 16.2715   Cr: 17.6701 )
00000452: 13.5418   (Y': 10.4474   Cb: 16.0782   Cr: 17.4864 )
00000453: 13.4069   (Y': 10.2896   Cb: 16.0132   Cr: 17.3716 )
00000454: 13.203    (Y': 10.1209   Cb: 15.674    Cr: 17.1762 )
00000455: 13.1422   (Y': 10.071    Cb: 15.5489   Cr: 17.1515 )
00000457: 13.0589   (Y': 10.0192   Cb: 15.3979   Cr: 17.0076 )
00000456: 13.0038   (Y': 9.96562   Cb: 15.3606   Cr: 16.9193 )
00000458: 13.0742   (Y': 9.99096   Cb: 15.4896   Cr: 17.1331 )
00000459: 13.162    (Y': 10.0742   Cb: 15.568    Cr: 17.2587 )
00000460: 13.2944   (Y': 10.2302   Cb: 15.6958   Cr: 17.2765 )
00000461: 13.2025   (Y': 10.1789   Cb: 15.6001   Cr: 16.9893 )
00000462: 13.2969   (Y': 10.2195   Cb: 15.8352   Cr: 17.1538 )
00000463: 13.2865   (Y': 10.2117   Cb: 15.7525   Cr: 17.2297 )
00000466: 13.2291   (Y': 10.198    Cb: 15.6167   Cr: 17.0664 )
00000467: 13.204    (Y': 10.1925   Cb: 15.5294   Cr: 17.0339 )
00000464: 13.2472   (Y': 10.185    Cb: 15.6988   Cr: 17.1483 )
00000465: 13.2552   (Y': 10.2236   Cb: 15.6265   Cr: 17.118  )
00000468: 13.2105   (Y': 10.2738   Cb: 15.4017   Cr: 16.8773 )
00000469: 13.2233   (Y': 10.2978   Cb: 15.4304   Cr: 16.8177 )
00000472: 13.036    (Y': 10.0183   Cb: 15.3699   Cr: 16.8832 )
00000473: 12.9673   (Y': 9.9633    Cb: 15.2519   Cr: 16.8184 )
00000470: 13.2057   (Y': 10.2628   Cb: 15.49     Cr: 16.773  )
00000471: 13.1661   (Y': 10.167    Cb: 15.5173   Cr: 16.9006 )
00000474: 12.9595   (Y': 9.93594   Cb: 15.2908   Cr: 16.8396 )
00000475: 12.9292   (Y': 9.91885   Cb: 15.2225   Cr: 16.7991 )
00000476: 13.0162   (Y': 10.0286   Cb: 15.2398   Cr: 16.8765 )
00000477: 12.9512   (Y': 9.97121   Cb: 15.1428   Cr: 16.8212 )
00000482: 12.9256   (Y': 10.0199   Cb: 15.0036   Cr: 16.6124 )
00000480: 12.8704   (Y': 9.88914   Cb: 15.1254   Cr: 16.6552 )
00000481: 12.9306   (Y': 9.98104   Cb: 15.1505   Cr: 16.6164 )
00000483: 12.9483   (Y': 10.0436   Cb: 15.0827   Cr: 16.5505 )
00000478: 12.9082   (Y': 9.94048   Cb: 15.1263   Cr: 16.6813 )
00000484: 12.944    (Y': 10.0615   Cb: 14.9498   Cr: 16.6308 )
00000479: 12.9201   (Y': 9.96399   Cb: 15.1001   Cr: 16.6935 )
00000485: 12.9186   (Y': 10.0503   Cb: 14.9219   Cr: 16.5449 )
00000487: 12.8349   (Y': 9.97077   Cb: 14.7289   Cr: 16.6059 )
00000486: 12.8986   (Y': 10.0184   Cb: 14.8497   Cr: 16.6565 )
00000489: 12.768    (Y': 9.86374   Cb: 14.777    Cr: 16.5498 )
00000488: 12.823    (Y': 9.95342   Cb: 14.7355   Cr: 16.5911 )
00000490: 12.622    (Y': 9.69345   Cb: 14.6876   Cr: 16.4332 )
00000492: 12.5757   (Y': 9.6175    Cb: 14.7514   Cr: 16.3649 )
00000491: 12.5821   (Y': 9.67763   Cb: 14.6341   Cr: 16.3011 )
00000493: 12.6251   (Y': 9.65571   Cb: 14.8289   Cr: 16.4265 )
00000495: 12.6318   (Y': 9.64371   Cb: 14.934    Cr: 16.3823 )
00000496: 12.74     (Y': 9.81054   Cb: 14.9316   Cr: 16.3736 )
00000494: 12.6489   (Y': 9.61274   Cb: 15.043    Cr: 16.5016 )
00000497: 12.7244   (Y': 9.78727   Cb: 14.9637   Cr: 16.327  )
00000499: 12.7212   (Y': 9.77308   Cb: 14.9827   Cr: 16.3427 )
00000498: 12.7501   (Y': 9.82241   Cb: 14.9913   Cr: 16.3073 )
00000500: 12.8783   (Y': 10.0036   Cb: 15.0053   Cr: 16.3587 )
00000502: 12.8729   (Y': 9.87407   Cb: 15.4143   Cr: 16.3572 )
00000501: 12.8558   (Y': 9.92145   Cb: 15.141    Cr: 16.3837 )
00000503: 12.8837   (Y': 9.85252   Cb: 15.3836   Cr: 16.5695 )
00000505: 12.9915   (Y': 9.96465   Cb: 15.6071   Cr: 16.5098 )
00000504: 12.9253   (Y': 9.92567   Cb: 15.3911   Cr: 16.5092 )
00000506: 12.955    (Y': 9.92767   Cb: 15.4997   Cr: 16.5643 )
00000507: 12.964    (Y': 9.92741   Cb: 15.5424   Cr: 16.5736 )
00000508: 13.1702   (Y': 10.1821   Cb: 15.6275   Cr: 16.7129 )
00000509: 13.2614   (Y': 10.2876   Cb: 15.7131   Cr: 16.7474 )
00000510: 13.4103   (Y': 10.4081   Cb: 15.9797   Cr: 16.8752 )
00000511: 13.4056   (Y': 10.4019   Cb: 15.969    Cr: 16.8847 )
00000514: 13.4964   (Y': 10.6447   Cb: 15.8547   Cr: 16.5877 )
00000513: 13.4856   (Y': 10.5217   Cb: 16.0221   Cr: 16.8239 )
00000512: 13.5773   (Y': 10.6076   Cb: 16.1569   Cr: 16.889  )
00000515: 13.4      (Y': 10.5365   Cb: 15.8159   Cr: 16.4701 )
00000516: 13.2403   (Y': 10.3873   Cb: 15.6555   Cr: 16.2705 )
00000517: 13.154    (Y': 10.3289   Cb: 15.4446   Cr: 16.2225 )
00000518: 12.8852   (Y': 10.0998   Cb: 15.1412   Cr: 15.8427 )
00000519: 12.8634   (Y': 10.1174   Cb: 15.1077   Cr: 15.6898 )
00000521: 12.6805   (Y': 9.98426   Cb: 14.9565   Cr: 15.2974 )
00000520: 12.7236   (Y': 10.0513   Cb: 14.926    Cr: 15.3395 )
00000522: 12.4593   (Y': 9.7904    Cb: 14.7251   Cr: 14.9953 )
00000524: 12.1503   (Y': 9.50158   Cb: 14.4914   Cr: 14.5423 )
00000523: 12.276    (Y': 9.61177   Cb: 14.4838   Cr: 14.8591 )
00000525: 12.1239   (Y': 9.50567   Cb: 14.4095   Cr: 14.476  )
00000526: 12.2192   (Y': 9.6315    Cb: 14.5543   Cr: 14.428  )
00000527: 12.198    (Y': 9.58273   Cb: 14.5552   Cr: 14.4696 )
00000528: 12.1271   (Y': 9.48776   Cb: 14.4982   Cr: 14.4597 )
00000529: 12.0929   (Y': 9.44356   Cb: 14.4339   Cr: 14.487  )
00000530: 12.1332   (Y': 9.41955   Cb: 14.5516   Cr: 14.6586 )
00000531: 12.1588   (Y': 9.42095   Cb: 14.5647   Cr: 14.779  )
00000532: 12.3545   (Y': 9.59469   Cb: 14.7283   Cr: 15.086  )
00000533: 12.3534   (Y': 9.56873   Cb: 14.6962   Cr: 15.2086 )
00000534: 12.4592   (Y': 9.6665    Cb: 14.7077   Cr: 15.4536 )
00000535: 12.4739   (Y': 9.74427   Cb: 14.6511   Cr: 15.3186 )
00000536: 12.5319   (Y': 9.80121   Cb: 14.726    Cr: 15.3611 )
00000537: 12.5116   (Y': 9.78521   Cb: 14.6451   Cr: 15.3963 )
00000538: 12.531    (Y': 9.77905   Cb: 14.6599   Cr: 15.5153 )
00000539: 12.3489   (Y': 9.58474   Cb: 14.5436   Cr: 15.2998 )
00000540: 12.2213   (Y': 9.43609   Cb: 14.5276   Cr: 15.1198 )
00000541: 12.0671   (Y': 9.23506   Cb: 14.51     Cr: 14.9859 )
00000542: 11.9584   (Y': 9.10814   Cb: 14.445    Cr: 14.8974 )
00000543: 11.9628   (Y': 9.11781   Cb: 14.3728   Cr: 14.9679 )
00000544: 11.8925   (Y': 9.08034   Cb: 14.3452   Cr: 14.7265 )
00000545: 11.8647   (Y': 9.0542    Cb: 14.3361   Cr: 14.6723 )
00000546: 11.8976   (Y': 9.10574   Cb: 14.3476   Cr: 14.6611 )
00000547: 11.8824   (Y': 9.07646   Cb: 14.3676   Cr: 14.6585 )
00000548: 11.8099   (Y': 8.98032   Cb: 14.3268   Cr: 14.6384 )
00000549: 11.7909   (Y': 8.9359    Cb: 14.312    Cr: 14.7099 )
00000550: 11.8132   (Y': 9.00997   Cb: 14.1732   Cr: 14.7174 )
00000551: 11.8077   (Y': 9.01423   Cb: 14.0745   Cr: 14.7829 )
00000552: 11.8388   (Y': 9.00737   Cb: 14.0827   Cr: 14.9885 )
00000553: 11.8609   (Y': 9.04536   Cb: 14.0704   Cr: 14.9902 )
00000554: 11.8209   (Y': 9.00304   Cb: 13.9498   Cr: 15.0615 )
00000555: 11.8106   (Y': 8.99665   Cb: 13.9355   Cr: 15.0405 )
00000556: 11.7765   (Y': 8.93893   Cb: 13.8747   Cr: 15.138  )
00000557: 11.89     (Y': 9.11122   Cb: 13.8423   Cr: 15.2069 )
00000558: 11.8948   (Y': 9.12617   Cb: 13.7549   Cr: 15.2989 )
00000559: 11.9792   (Y': 9.25122   Cb: 13.7767   Cr: 15.3065 )
00000560: 12.0095   (Y': 9.29183   Cb: 13.7282   Cr: 15.4086 )
00000561: 12.128    (Y': 9.49279   Cb: 13.7178   Cr: 15.3885 )
00000562: 12.4086   (Y': 9.88868   Cb: 13.8348   Cr: 15.4759 )
00000563: 12.5249   (Y': 10.0108   Cb: 13.8053   Cr: 15.7919 )
00000564: 12.6234   (Y': 10.0359   Cb: 13.9602   Cr: 16.0867 )
00000565: 12.5911   (Y': 9.90398   Cb: 14.0242   Cr: 16.3122 )
00000566: 12.4397   (Y': 9.67216   Cb: 13.9709   Cr: 16.3558 )
00000567: 12.4209   (Y': 9.64562   Cb: 14.0127   Cr: 16.2698 )
00000568: 12.4637   (Y': 9.68554   Cb: 14.0585   Cr: 16.3208 )
00000569: 12.4545   (Y': 9.71184   Cb: 14.0238   Cr: 16.1934 )
00000570: 12.2024   (Y': 9.34501   Cb: 14.0279   Cr: 16.0498 )
00000571: 12.1881   (Y': 9.31705   Cb: 14.0118   Cr: 16.1031 )
00000572: 12.3589   (Y': 9.40266   Cb: 14.2956   Cr: 16.5093 )
00000573: 12.4719   (Y': 9.46732   Cb: 14.5161   Cr: 16.6965 )
00000574: 12.5502   (Y': 9.58079   Cb: 14.5684   Cr: 16.6347 )
00000575: 12.6621   (Y': 9.71439   Cb: 14.6299   Cr: 16.7186 )
00000576: 12.8436   (Y': 9.83409   Cb: 14.9618   Cr: 16.9734 )
00000577: 12.9228   (Y': 9.931     Cb: 15.024    Cr: 16.989  )
00000578: 12.9024   (Y': 9.91331   Cb: 15.0565   Cr: 16.8734 )
00000579: 12.8746   (Y': 9.87297   Cb: 15.0065   Cr: 16.9425 )
00000580: 12.9322   (Y': 9.9721    Cb: 15.0153   Cr: 16.8686 )
00000581: 13.0922   (Y': 10.178    Cb: 15.1408   Cr: 16.8614 )
00000582: 13.2747   (Y': 10.2844   Cb: 15.5242   Cr: 17.1102 )
00000583: 13.2902   (Y': 10.2845   Cb: 15.5457   Cr: 17.1919 )
00000584: 13.3796   (Y': 10.3236   Cb: 15.8362   Cr: 17.2428 )
00000585: 13.5193   (Y': 10.4806   Cb: 16.0039   Cr: 17.2607 )
00000586: 13.5232   (Y': 10.4803   Cb: 15.9945   Cr: 17.3021 )
00000587: 13.531    (Y': 10.4878   Cb: 16.0016   Cr: 17.3129 )
00000588: 13.5523   (Y': 10.482    Cb: 16.0851   Cr: 17.3816 )
00000590: 13.5762   (Y': 10.4226   Cb: 16.2922   Cr: 17.5787 )
00000589: 13.6283   (Y': 10.5362   Cb: 16.2642   Cr: 17.4276 )
00000591: 13.591    (Y': 10.39     Cb: 16.4439   Cr: 17.6603 )
00000592: 13.686    (Y': 10.457    Cb: 16.6394   Cr: 17.7739 )
00000593: 13.6478   (Y': 10.4163   Cb: 16.6064   Cr: 17.7424 )
Total: 12.1335   (Y': 9.10671   Cb: 14.5532   Cr: 15.9058 )
