00000002: 14.8874   (Y': 13.2244   Cb: 15.4106   Cr: 16.7787 )
00000001: 14.8708   (Y': 13.2019   Cb: 15.4033   Cr: 16.7628 )
00000000: 14.8746   (Y': 13.208    Cb: 15.4045   Cr: 16.7648 )
00000007: 14.8779   (Y': 13.2279   Cb: 15.3954   Cr: 16.7479 )
00000003: 14.8886   (Y': 13.2344   Cb: 15.4025   Cr: 16.773  )
00000004: 14.8779   (Y': 13.2091   Cb: 15.4064   Cr: 16.7752 )
00000005: 14.8815   (Y': 13.2247   Cb: 15.4032   Cr: 16.7607 )
00000006: 14.8698   (Y': 13.2039   Cb: 15.407    Cr: 16.7485 )
00000008: 14.879    (Y': 13.221    Cb: 15.4043   Cr: 16.7562 )
00000009: 14.8892   (Y': 13.235    Cb: 15.4126   Cr: 16.7603 )
00000010: 14.8831   (Y': 13.2193   Cb: 15.4131   Cr: 16.7671 )
00000014: 14.8811   (Y': 13.2192   Cb: 15.4086   Cr: 16.7639 )
00000012: 14.8732   (Y': 13.1968   Cb: 15.4162   Cr: 16.7676 )
00000011: 14.8737   (Y': 13.2123   Cb: 15.4012   Cr: 16.7559 )
00000015: 14.8801   (Y': 13.2216   Cb: 15.4165   Cr: 16.7432 )
00000013: 14.8836   (Y': 13.2217   Cb: 15.4097   Cr: 16.7684 )
00000016: 14.8814   (Y': 13.2157   Cb: 15.4137   Cr: 16.7667 )
00000017: 14.8767   (Y': 13.2182   Cb: 15.3979   Cr: 16.7608 )
00000018: 14.8784   (Y': 13.2271   Cb: 15.3909   Cr: 16.7581 )
00000019: 14.9534   (Y': 13.3726   Cb: 15.4121   Cr: 16.7499 )
00000020: 15.0073   (Y': 13.485    Cb: 15.4179   Cr: 16.744  )
00000021: 15.0418   (Y': 13.5595   Cb: 15.441    Cr: 16.7104 )
00000022: 15.034    (Y': 13.5485   Cb: 15.4461   Cr: 16.6916 )
00000023: 15.0485   (Y': 13.5369   Cb: 15.4699   Cr: 16.748  )
00000024: 15.0256   (Y': 13.4828   Cb: 15.4765   Cr: 16.7513 )
00000025: 14.9775   (Y': 13.3831   Cb: 15.4634   Cr: 16.767  )
00000026: 14.9657   (Y': 13.3553   Cb: 15.4669   Cr: 16.7696 )
00000028: 14.9515   (Y': 13.3655   Cb: 15.4309   Cr: 16.7314 )
00000027: 14.9375   (Y': 13.318    Cb: 15.4393   Cr: 16.7607 )
00000031: 17.9402   (Y': 16.1019   Cb: 18.9656   Cr: 19.5941 )
00000029: 18.0233   (Y': 16.2699   Cb: 18.9093   Cr: 19.653  )
00000030: 17.983    (Y': 16.188    Cb: 18.9752   Cr: 19.5795 )
00000032: 17.5821   (Y': 15.915    Cb: 18.4987   Cr: 18.9947 )
00000033: 16.7995   (Y': 15.3032   Cb: 17.5688   Cr: 18.0433 )
00000037: 15.3175   (Y': 14.1274   Cb: 15.6429   Cr: 16.527  )
00000034: 16.4875   (Y': 15.0367   Cb: 17.1697   Cr: 17.7439 )
00000036: 15.6009   (Y': 14.3001   Cb: 16.0422   Cr: 16.8651 )
00000039: 17.6273   (Y': 15.9686   Cb: 18.4162   Cr: 19.17   )
00000035: 15.8252   (Y': 14.4931   Cb: 16.3405   Cr: 17.0575 )
00000038: 15.2621   (Y': 14.1266   Cb: 15.5426   Cr: 16.4329 )
00000040: 17.5718   (Y': 15.9647   Cb: 18.2627   Cr: 19.1252 )
00000041: 17.379    (Y': 15.8773   Cb: 17.9524   Cr: 18.8626 )
00000042: 17.5806   (Y': 15.9611   Cb: 18.2927   Cr: 19.1342 )
00000043: 17.6415   (Y': 15.9462   Cb: 18.3408   Cr: 19.373  )
00000044: 17.7998   (Y': 15.9773   Cb: 18.6813   Cr: 19.5893 )
00000046: 18.0815   (Y': 16.0444   Cb: 19.4064   Cr: 19.8567 )
00000047: 17.9288   (Y': 15.8847   Cb: 19.362    Cr: 19.6036 )
00000045: 18.0096   (Y': 15.9828   Cb: 19.212    Cr: 19.8997 )
00000048: 17.6885   (Y': 15.738    Cb: 18.9256   Cr: 19.3571 )
00000049: 18.1712   (Y': 16.0997   Cb: 19.7119   Cr: 19.7988 )
00000051: 18.6074   (Y': 16.4247   Cb: 20.1493   Cr: 20.506  )
00000050: 18.361    (Y': 16.1838   Cb: 20.0846   Cr: 20.0571 )
00000053: 18.3593   (Y': 16.3384   Cb: 19.5379   Cr: 20.2625 )
00000052: 18.6262   (Y': 16.482    Cb: 20.0236   Cr: 20.5868 )
00000054: 18.0485   (Y': 16.1488   Cb: 19.0827   Cr: 19.8318 )
00000055: 17.1901   (Y': 15.4631   Cb: 18.0438   Cr: 18.8006 )
00000056: 16.6978   (Y': 15.0424   Cb: 17.4391   Cr: 18.2908 )
00000057: 16.0468   (Y': 14.3763   Cb: 16.7414   Cr: 17.7299 )
00000058: 15.8053   (Y': 14.1338   Cb: 16.4724   Cr: 17.5256 )
00000060: 15.6542   (Y': 14.0211   Cb: 16.2667   Cr: 17.3607 )
00000059: 15.6245   (Y': 13.9882   Cb: 16.2288   Cr: 17.3486 )
00000061: 15.6415   (Y': 14.0428   Cb: 16.2054   Cr: 17.3371 )
00000062: 15.6037   (Y': 13.986    Cb: 16.1749   Cr: 17.3308 )
00000063: 15.5898   (Y': 13.8584   Cb: 16.24     Cr: 17.4658 )
00000064: 15.6251   (Y': 13.8393   Cb: 16.327    Cr: 17.5594 )
00000066: 15.8595   (Y': 13.8904   Cb: 16.7398   Cr: 18.0074 )
00000065: 15.7558   (Y': 13.8537   Cb: 16.5515   Cr: 17.847  )
00000067: 16.0423   (Y': 13.9657   Cb: 17.0541   Cr: 18.299  )
00000068: 16.1799   (Y': 14.0728   Cb: 17.224    Cr: 18.4774 )
00000070: 16.666    (Y': 14.4624   Cb: 17.8697   Cr: 19.0234 )
00000069: 16.4625   (Y': 14.2856   Cb: 17.6262   Cr: 18.796  )
00000071: 17.2198   (Y': 14.9352   Cb: 18.593    Cr: 19.5939 )
00000072: 17.65     (Y': 15.3367   Cb: 19.1334   Cr: 19.9719 )
00000074: 17.8012   (Y': 15.6194   Cb: 19.0782   Cr: 20.0042 )
00000073: 17.7661   (Y': 15.5611   Cb: 19.0955   Cr: 19.9689 )
00000075: 17.8026   (Y': 15.7486   Cb: 18.8819   Cr: 19.9115 )
00000076: 17.8192   (Y': 15.8218   Cb: 18.8423   Cr: 19.8535 )
00000077: 17.8552   (Y': 15.9625   Cb: 18.7349   Cr: 19.813  )
00000078: 17.8013   (Y': 15.9646   Cb: 18.6788   Cr: 19.6287 )
00000079: 17.7789   (Y': 15.9657   Cb: 18.6388   Cr: 19.5736 )
00000080: 17.7802   (Y': 15.9704   Cb: 18.6464   Cr: 19.5597 )
00000081: 17.769    (Y': 15.9545   Cb: 18.6364   Cr: 19.5579 )
00000082: 17.7692   (Y': 15.9476   Cb: 18.6401   Cr: 19.57   )
00000083: 17.7695   (Y': 15.9483   Cb: 18.6307   Cr: 19.5811 )
00000084: 17.7552   (Y': 15.928    Cb: 18.6145   Cr: 19.5833 )
00000086: 17.7523   (Y': 15.9104   Cb: 18.6261   Cr: 19.5966 )
00000085: 17.754    (Y': 15.9102   Cb: 18.6215   Cr: 19.6105 )
00000087: 17.7481   (Y': 15.9101   Cb: 18.6182   Cr: 19.5877 )
00000088: 17.7453   (Y': 15.8949   Cb: 18.6269   Cr: 19.5996 )
00000089: 17.7528   (Y': 15.9195   Cb: 18.6293   Cr: 19.5738 )
00000090: 17.7392   (Y': 15.92     Cb: 18.6124   Cr: 19.5315 )
00000091: 17.7371   (Y': 15.9013   Cb: 18.5663   Cr: 19.6232 )
00000092: 17.7059   (Y': 15.9046   Cb: 18.5201   Cr: 19.5307 )
00000093: 17.7195   (Y': 15.869    Cb: 18.5948   Cr: 19.582  )
00000094: 17.7459   (Y': 15.9086   Cb: 18.6049   Cr: 19.598  )
00000095: 17.752    (Y': 15.9193   Cb: 18.6223   Cr: 19.5792 )
00000096: 25.4743   (Y': 22.4717   Cb: 28.6249   Cr: 28.319  )
00000097: 25.175    (Y': 22.6355   Cb: 27.5242   Cr: 27.2285 )
00000098: 25.2291   (Y': 22.6161   Cb: 27.4682   Cr: 27.612  )
00000100: 25.3473   (Y': 22.7043   Cb: 27.5503   Cr: 27.865  )
00000099: 25.2135   (Y': 22.5756   Cb: 27.418    Cr: 27.7133 )
00000101: 25.3624   (Y': 22.7377   Cb: 27.3819   Cr: 28.0237 )
00000102: 25.3797   (Y': 22.7837   Cb: 27.5204   Cr: 27.8125 )
00000103: 25.3373   (Y': 22.5937   Cb: 27.529    Cr: 28.2157 )
00000104: 25.344    (Y': 22.7114   Cb: 27.3951   Cr: 27.9959 )
00000105: 25.402    (Y': 22.6753   Cb: 27.6251   Cr: 28.1832 )
00000106: 25.2571   (Y': 22.5237   Cb: 27.4348   Cr: 28.1149 )
00000107: 25.2417   (Y': 22.6425   Cb: 27.2842   Cr: 27.7925 )
00000109: 25.3183   (Y': 22.6862   Cb: 27.5003   Cr: 27.8227 )
00000108: 25.2405   (Y': 22.6405   Cb: 27.2321   Cr: 27.8516 )
00000110: 25.3716   (Y': 22.712    Cb: 27.6149   Cr: 27.9007 )
00000112: 16.8148   (Y': 14.8842   Cb: 17.6521   Cr: 18.922  )
00000111: 17.0619   (Y': 15.0838   Cb: 17.9947   Cr: 19.1634 )
00000113: 16.4926   (Y': 14.6452   Cb: 17.1929   Cr: 18.5773 )
00000114: 16.3586   (Y': 14.5282   Cb: 17.0435   Cr: 18.4227 )
00000115: 16.2241   (Y': 14.4158   Cb: 16.9064   Cr: 18.2381 )
00000116: 16.2077   (Y': 14.3805   Cb: 16.9163   Cr: 18.232  )
00000117: 16.1718   (Y': 14.2891   Cb: 16.9788   Cr: 18.1997 )
00000119: 16.1356   (Y': 13.9531   Cb: 17.4225   Cr: 18.3284 )
00000118: 16.1208   (Y': 14.172    Cb: 17.0443   Cr: 18.1601 )
00000120: 16.2366   (Y': 13.9775   Cb: 17.7312   Cr: 18.3912 )
00000121: 16.4147   (Y': 13.9518   Cb: 18.0686   Cr: 18.9834 )
00000122: 16.3625   (Y': 13.8785   Cb: 17.9184   Cr: 19.1251 )
00000123: 16.2018   (Y': 13.7681   Cb: 17.6486   Cr: 18.9429 )
00000124: 16.4407   (Y': 13.9658   Cb: 17.9366   Cr: 19.2528 )
00000125: 16.7391   (Y': 14.0975   Cb: 18.4721   Cr: 19.8209 )
00000126: 16.8867   (Y': 14.2059   Cb: 18.7238   Cr: 19.9754 )
00000127: 17.5305   (Y': 14.7199   Cb: 19.6005   Cr: 20.8184 )
00000128: 18.1572   (Y': 15.2916   Cb: 20.3306   Cr: 21.5363 )
00000129: 21.3421   (Y': 18.0283   Cb: 24.6043   Cr: 25.5057 )
00000130: 27.8631   (Y': 23.5664   Cb: 35.8962   Cr: 36.0087 )
00000131: INF       (Y': INF       Cb: INF       Cr: INF     )
00000132: INF       (Y': INF       Cb: INF       Cr: INF     )
00000134: INF       (Y': INF       Cb: INF       Cr: INF     )
00000135: INF       (Y': INF       Cb: INF       Cr: INF     )
00000136: INF       (Y': INF       Cb: INF       Cr: INF     )
00000133: INF       (Y': INF       Cb: INF       Cr: INF     )
00000137: INF       (Y': INF       Cb: INF       Cr: INF     )
00000138: INF       (Y': INF       Cb: INF       Cr: INF     )
00000139: INF       (Y': INF       Cb: INF       Cr: INF     )
00000140: INF       (Y': INF       Cb: INF       Cr: INF     )
00000141: INF       (Y': INF       Cb: INF       Cr: INF     )
00000142: INF       (Y': INF       Cb: INF       Cr: INF     )
00000144: INF       (Y': INF       Cb: INF       Cr: INF     )
00000143: INF       (Y': INF       Cb: INF       Cr: INF     )
00000146: INF       (Y': INF       Cb: INF       Cr: INF     )
00000147: INF       (Y': INF       Cb: INF       Cr: INF     )
00000145: INF       (Y': INF       Cb: INF       Cr: INF     )
00000148: INF       (Y': INF       Cb: INF       Cr: INF     )
00000149: INF       (Y': INF       Cb: INF       Cr: INF     )
00000152: INF       (Y': INF       Cb: INF       Cr: INF     )
00000151: INF       (Y': INF       Cb: INF       Cr: INF     )
00000150: INF       (Y': INF       Cb: INF       Cr: INF     )
00000155: INF       (Y': INF       Cb: INF       Cr: INF     )
00000154: INF       (Y': INF       Cb: INF       Cr: INF     )
00000153: INF       (Y': INF       Cb: INF       Cr: INF     )
00000156: INF       (Y': INF       Cb: INF       Cr: INF     )
00000157: INF       (Y': INF       Cb: INF       Cr: INF     )
00000158: INF       (Y': INF       Cb: INF       Cr: INF     )
00000159: INF       (Y': INF       Cb: INF       Cr: INF     )
00000160: INF       (Y': INF       Cb: INF       Cr: INF     )
00000161: INF       (Y': INF       Cb: INF       Cr: INF     )
00000163: INF       (Y': INF       Cb: INF       Cr: INF     )
00000162: INF       (Y': INF       Cb: INF       Cr: INF     )
00000164: INF       (Y': INF       Cb: INF       Cr: INF     )
00000166: INF       (Y': INF       Cb: INF       Cr: INF     )
00000165: INF       (Y': INF       Cb: INF       Cr: INF     )
00000167: INF       (Y': INF       Cb: INF       Cr: INF     )
00000169: INF       (Y': INF       Cb: INF       Cr: INF     )
00000168: INF       (Y': INF       Cb: INF       Cr: INF     )
00000170: INF       (Y': INF       Cb: INF       Cr: INF     )
00000171: INF       (Y': INF       Cb: INF       Cr: INF     )
00000173: INF       (Y': INF       Cb: INF       Cr: INF     )
00000172: INF       (Y': INF       Cb: INF       Cr: INF     )
00000174: INF       (Y': INF       Cb: INF       Cr: INF     )
00000175: 22.5303   (Y': 19.0199   Cb: 26.5413   Cr: 26.9813 )
00000176: 16.4734   (Y': 14.0378   Cb: 18.0448   Cr: 19.0578 )
00000178: 15.2213   (Y': 13.238    Cb: 16.1662   Cr: 17.3201 )
00000177: 15.5453   (Y': 13.4058   Cb: 16.693    Cr: 17.7959 )
00000179: 14.7916   (Y': 13.153    Cb: 15.3421   Cr: 16.5916 )
00000180: 14.6155   (Y': 13.1658   Cb: 14.9887   Cr: 16.2518 )
00000181: 14.5493   (Y': 13.1638   Cb: 14.8583   Cr: 16.1426 )
00000182: 14.513    (Y': 13.1488   Cb: 14.7911   Cr: 16.1058 )
00000184: 14.4492   (Y': 13.1521   Cb: 14.6581   Cr: 16.0051 )
00000183: 14.4698   (Y': 13.157    Cb: 14.6964   Cr: 16.0319 )
00000186: 14.3909   (Y': 13.1386   Cb: 14.5554   Cr: 15.9215 )
00000185: 14.3986   (Y': 13.1347   Cb: 14.5878   Cr: 15.9177 )
00000188: 14.384    (Y': 13.1825   Cb: 14.5206   Cr: 15.8577 )
00000187: 14.3668   (Y': 13.1484   Cb: 14.513    Cr: 15.8588 )
00000189: 14.3512   (Y': 13.1534   Cb: 14.4773   Cr: 15.8323 )
00000190: 14.3551   (Y': 13.174    Cb: 14.4666   Cr: 15.8254 )
00000193: 14.3362   (Y': 13.1776   Cb: 14.4267   Cr: 15.7939 )
00000191: 14.3383   (Y': 13.1499   Cb: 14.4582   Cr: 15.8104 )
00000194: 14.3374   (Y': 13.1769   Cb: 14.4231   Cr: 15.8051 )
00000192: 14.3404   (Y': 13.1548   Cb: 14.4622   Cr: 15.8049 )
00000196: 14.3492   (Y': 13.2098   Cb: 14.4196   Cr: 15.7995 )
00000195: 14.3327   (Y': 13.1866   Cb: 14.4132   Cr: 15.7815 )
00000197: 14.3436   (Y': 13.2209   Cb: 14.4073   Cr: 15.7729 )
00000198: 14.3548   (Y': 13.2211   Cb: 14.4239   Cr: 15.7964 )
00000200: 14.3526   (Y': 13.2316   Cb: 14.407    Cr: 15.7917 )
00000199: 14.3497   (Y': 13.2145   Cb: 14.4198   Cr: 15.7927 )
00000201: 14.3478   (Y': 13.2199   Cb: 14.4141   Cr: 15.7828 )
00000202: 14.3456   (Y': 13.2138   Cb: 14.4122   Cr: 15.7876 )
00000205: 14.3494   (Y': 13.2377   Cb: 14.394    Cr: 15.7852 )
00000203: 14.3455   (Y': 13.2256   Cb: 14.4024   Cr: 15.7793 )
00000204: 14.3491   (Y': 13.239    Cb: 14.397    Cr: 15.7774 )
00000206: 14.3389   (Y': 13.2181   Cb: 14.3878   Cr: 15.7851 )
00000207: 14.3493   (Y': 13.2394   Cb: 14.3982   Cr: 15.7758 )
00000208: 14.3579   (Y': 13.2356   Cb: 14.4166   Cr: 15.7935 )
00000210: 14.3363   (Y': 13.2112   Cb: 14.3906   Cr: 15.7827 )
00000209: 14.3426   (Y': 13.1994   Cb: 14.4188   Cr: 15.7921 )
00000211: 14.3476   (Y': 13.238    Cb: 14.3966   Cr: 15.7738 )
00000213: 14.345    (Y': 13.2274   Cb: 14.4065   Cr: 15.768  )
00000212: 14.3432   (Y': 13.2213   Cb: 14.4069   Cr: 15.7713 )
00000214: 14.3409   (Y': 13.2222   Cb: 14.4026   Cr: 15.7656 )
00000215: 14.3438   (Y': 13.2125   Cb: 14.4164   Cr: 15.7764 )
00000216: 14.347    (Y': 13.2227   Cb: 14.4195   Cr: 15.7673 )
00000217: 14.3442   (Y': 13.2235   Cb: 14.3964   Cr: 15.7856 )
00000218: 14.3378   (Y': 13.2267   Cb: 14.385    Cr: 15.7689 )
00000219: 14.3294   (Y': 13.214    Cb: 14.3747   Cr: 15.7711 )
00000220: 14.3285   (Y': 13.2087   Cb: 14.3819   Cr: 15.7668 )
00000221: 14.3326   (Y': 13.2252   Cb: 14.3796   Cr: 15.7573 )
00000222: 14.3314   (Y': 13.2129   Cb: 14.3881   Cr: 15.7626 )
00000223: 14.3251   (Y': 13.2154   Cb: 14.3704   Cr: 15.7562 )
00000224: 14.3333   (Y': 13.2169   Cb: 14.3878   Cr: 15.7638 )
00000226: 14.3342   (Y': 13.222    Cb: 14.3793   Cr: 15.7701 )
00000225: 14.3366   (Y': 13.2356   Cb: 14.3795   Cr: 15.7556 )
00000227: 14.3463   (Y': 13.244    Cb: 14.3774   Cr: 15.7838 )
00000228: 14.3447   (Y': 13.2573   Cb: 14.3582   Cr: 15.7797 )
00000230: 14.3305   (Y': 13.2009   Cb: 14.3931   Cr: 15.7737 )
00000229: 14.3259   (Y': 13.1999   Cb: 14.3751   Cr: 15.7811 )
00000231: 14.3248   (Y': 13.2011   Cb: 14.3778   Cr: 15.7707 )
00000232: 14.3285   (Y': 13.2096   Cb: 14.366    Cr: 15.7869 )
00000234: 14.3193   (Y': 13.1829   Cb: 14.368    Cr: 15.7941 )
00000233: 14.3184   (Y': 13.1954   Cb: 14.3653   Cr: 15.7713 )
00000235: 14.3598   (Y': 13.2519   Cb: 14.4012   Cr: 15.7932 )
00000236: 14.3838   (Y': 13.3145   Cb: 14.3977   Cr: 15.7862 )
00000238: 14.395    (Y': 13.33     Cb: 14.4028   Cr: 15.7984 )
00000237: 14.3966   (Y': 13.3122   Cb: 14.4172   Cr: 15.8167 )
00000239: 14.4022   (Y': 13.3497   Cb: 14.4128   Cr: 15.7795 )
00000240: 14.3995   (Y': 13.3521   Cb: 14.3986   Cr: 15.7836 )
00000241: 14.419    (Y': 13.3726   Cb: 14.4185   Cr: 15.801  )
00000242: 14.4223   (Y': 13.3785   Cb: 14.4139   Cr: 15.8107 )
00000243: 14.4302   (Y': 13.3708   Cb: 14.4425   Cr: 15.8174 )
00000244: 14.438    (Y': 13.3836   Cb: 14.4381   Cr: 15.8331 )
00000245: 14.4323   (Y': 13.3803   Cb: 14.4302   Cr: 15.8264 )
00000246: 14.4344   (Y': 13.381    Cb: 14.4316   Cr: 15.8321 )
00000248: 14.4287   (Y': 13.3796   Cb: 14.4304   Cr: 15.8125 )
00000247: 14.4261   (Y': 13.3821   Cb: 14.432    Cr: 15.7953 )
00000249: 14.4462   (Y': 13.3984   Cb: 14.4506   Cr: 15.824  )
00000251: 14.4137   (Y': 13.3578   Cb: 14.4124   Cr: 15.8137 )
00000250: 14.4315   (Y': 13.3647   Cb: 14.4502   Cr: 15.8228 )
00000252: 14.4202   (Y': 13.3643   Cb: 14.428    Cr: 15.8073 )
00000253: 14.4062   (Y': 13.345    Cb: 14.4142   Cr: 15.8024 )
00000254: 14.4034   (Y': 13.3535   Cb: 14.4026   Cr: 15.7919 )
00000255: 14.4226   (Y': 13.3773   Cb: 14.4085   Cr: 15.8214 )
00000256: 14.4222   (Y': 13.3621   Cb: 14.4277   Cr: 15.8202 )
00000258: 14.5722   (Y': 13.4764   Cb: 14.6138   Cr: 15.9834 )
00000257: 14.4422   (Y': 13.3803   Cb: 14.4404   Cr: 15.8532 )
00000259: 14.8094   (Y': 13.6725   Cb: 14.9151   Cr: 16.2074 )
00000261: 14.9317   (Y': 13.7931   Cb: 15.0389   Cr: 16.3303 )
00000260: 14.8697   (Y': 13.7037   Cb: 14.9993   Cr: 16.2877 )
00000263: 15.0203   (Y': 13.862    Cb: 15.1395   Cr: 16.4384 )
00000262: 14.9657   (Y': 13.8395   Cb: 15.0709   Cr: 16.3449 )
00000264: 15.0337   (Y': 13.877    Cb: 15.1557   Cr: 16.445  )
00000265: 15.0627   (Y': 13.905    Cb: 15.1825   Cr: 16.4788 )
00000266: 15.0619   (Y': 13.8928   Cb: 15.1936   Cr: 16.4826 )
00000267: 15.1111   (Y': 13.9264   Cb: 15.2696   Cr: 16.5243 )
00000268: 15.1238   (Y': 13.9449   Cb: 15.2879   Cr: 16.5193 )
00000269: 15.1541   (Y': 13.9633   Cb: 15.3377   Cr: 16.5449 )
00000270: 15.1631   (Y': 13.9649   Cb: 15.3335   Cr: 16.585  )
00000271: 15.2059   (Y': 14.0198   Cb: 15.3765   Cr: 16.6054 )
00000273: 15.3298   (Y': 14.1822   Cb: 15.4846   Cr: 16.6814 )
00000272: 15.2593   (Y': 14.0558   Cb: 15.4457   Cr: 16.6699 )
00000274: 15.3552   (Y': 14.1951   Cb: 15.5133   Cr: 16.7244 )
00000275: 15.4408   (Y': 14.3129   Cb: 15.5892   Cr: 16.7659 )
00000276: 15.4383   (Y': 14.3035   Cb: 15.5879   Cr: 16.7739 )
00000278: 15.4775   (Y': 14.3592   Cb: 15.6114   Cr: 16.8046 )
00000277: 15.4667   (Y': 14.3227   Cb: 15.6129   Cr: 16.8232 )
00000279: 15.5136   (Y': 14.4021   Cb: 15.6718   Cr: 16.7973 )
00000280: 15.5184   (Y': 14.401    Cb: 15.6692   Cr: 16.822  )
00000281: 15.5389   (Y': 14.4313   Cb: 15.6732   Cr: 16.8467 )
00000282: 15.5435   (Y': 14.4445   Cb: 15.686    Cr: 16.8259 )
00000283: 15.5918   (Y': 14.5308   Cb: 15.7138   Cr: 16.8357 )
00000284: 15.6052   (Y': 14.5513   Cb: 15.7171   Cr: 16.8501 )
00000285: 15.6151   (Y': 14.5881   Cb: 15.6643   Cr: 16.8968 )
00000287: 15.6437   (Y': 14.6247   Cb: 15.6963   Cr: 16.9071 )
00000286: 15.6039   (Y': 14.5733   Cb: 15.6613   Cr: 16.8808 )
00000288: 15.6544   (Y': 14.6278   Cb: 15.712    Cr: 16.9241 )
00000289: 15.6818   (Y': 14.6329   Cb: 15.7683   Cr: 16.9513 )
00000291: 15.725    (Y': 14.7356   Cb: 15.7781   Cr: 16.938  )
00000290: 15.7202   (Y': 14.6862   Cb: 15.8078   Cr: 16.963  )
00000292: 15.7688   (Y': 14.7566   Cb: 15.8239   Cr: 17.0173 )
00000294: 15.8522   (Y': 14.8283   Cb: 15.9052   Cr: 17.1234 )
00000293: 15.8195   (Y': 14.8062   Cb: 15.892    Cr: 17.047  )
00000295: 15.8951   (Y': 14.9119   Cb: 15.9197   Cr: 17.1353 )
00000296: 15.9184   (Y': 14.9221   Cb: 15.9536   Cr: 17.1664 )
00000297: 15.9796   (Y': 14.9832   Cb: 16.0285   Cr: 17.2098 )
00000298: 15.9489   (Y': 14.9589   Cb: 15.9546   Cr: 17.2256 )
00000299: 15.9858   (Y': 15.0011   Cb: 15.9977   Cr: 17.2452 )
00000300: 15.9623   (Y': 14.9736   Cb: 15.9912   Cr: 17.2061 )
00000302: 15.9519   (Y': 15.0558   Cb: 15.9391   Cr: 17.099  )
00000301: 15.949    (Y': 15.0016   Cb: 15.9662   Cr: 17.1399 )
00000303: 15.96     (Y': 15.0383   Cb: 15.9767   Cr: 17.1097 )
00000304: 15.981    (Y': 15.0329   Cb: 16.0116   Cr: 17.1556 )
00000306: 16.0354   (Y': 15.131    Cb: 16.0175   Cr: 17.2022 )
00000305: 16.0241   (Y': 15.1275   Cb: 15.9887   Cr: 17.2018 )
00000307: 16.02     (Y': 15.1531   Cb: 15.9674   Cr: 17.1728 )
00000308: 16.0374   (Y': 15.1812   Cb: 15.9774   Cr: 17.1827 )
00000309: 15.9925   (Y': 15.1353   Cb: 15.902    Cr: 17.1801 )
00000311: 15.9706   (Y': 15.1458   Cb: 15.8286   Cr: 17.1761 )
00000310: 15.9961   (Y': 15.1498   Cb: 15.897    Cr: 17.1776 )
00000312: 16.0079   (Y': 15.1802   Cb: 15.8781   Cr: 17.2014 )
00000314: 16.0797   (Y': 15.2015   Cb: 15.9742   Cr: 17.3217 )
00000313: 16.0697   (Y': 15.1878   Cb: 15.9587   Cr: 17.3253 )
00000315: 16.0653   (Y': 15.1939   Cb: 15.9699   Cr: 17.2827 )
00000316: 16.0638   (Y': 15.1901   Cb: 15.9675   Cr: 17.2857 )
00000317: 16.1146   (Y': 15.2763   Cb: 16.0306   Cr: 17.2635 )
00000319: 16.1663   (Y': 15.2719   Cb: 16.1401   Cr: 17.3283 )
00000318: 16.1456   (Y': 15.2892   Cb: 16.0775   Cr: 17.3021 )
00000320: 16.1474   (Y': 15.273    Cb: 16.1203   Cr: 17.2785 )
00000321: 16.2318   (Y': 15.3805   Cb: 16.2211   Cr: 17.3055 )
00000322: 16.2357   (Y': 15.3793   Cb: 16.2198   Cr: 17.3238 )
00000323: 16.3029   (Y': 15.4323   Cb: 16.3099   Cr: 17.384  )
00000324: 16.2808   (Y': 15.3996   Cb: 16.2979   Cr: 17.3654 )
00000325: 16.2688   (Y': 15.3711   Cb: 16.276    Cr: 17.3923 )
00000326: 16.2403   (Y': 15.2625   Cb: 16.3153   Cr: 17.4058 )
00000327: 16.1395   (Y': 15.1008   Cb: 16.2589   Cr: 17.3491 )
00000329: 16.0124   (Y': 14.797    Cb: 16.2933   Cr: 17.3219 )
00000328: 16.0785   (Y': 14.9327   Cb: 16.3111   Cr: 17.3265 )
00000330: 16.0108   (Y': 14.8141   Cb: 16.2903   Cr: 17.289  )
00000331: 15.9594   (Y': 14.7933   Cb: 16.2458   Cr: 17.1751 )
00000332: 15.9452   (Y': 14.8089   Cb: 16.213    Cr: 17.1328 )
00000333: 15.8523   (Y': 14.7821   Cb: 16.0615   Cr: 17.0011 )
00000334: 15.8904   (Y': 14.7845   Cb: 16.1555   Cr: 17.0297 )
00000335: 15.8188   (Y': 14.7028   Cb: 16.1098   Cr: 16.9436 )
00000338: 15.7115   (Y': 14.685    Cb: 15.9008   Cr: 16.8128 )
00000337: 15.7366   (Y': 14.697    Cb: 15.9445   Cr: 16.8362 )
00000336: 15.7959   (Y': 14.6905   Cb: 16.0656   Cr: 16.929  )
00000339: 15.6888   (Y': 14.6908   Cb: 15.8476   Cr: 16.7814 )
00000341: 15.5897   (Y': 14.7234   Cb: 15.6946   Cr: 16.5419 )
00000340: 15.6348   (Y': 14.7286   Cb: 15.7045   Cr: 16.6923 )
00000342: 15.5724   (Y': 14.701    Cb: 15.6949   Cr: 16.5112 )
00000343: 15.5107   (Y': 14.6015   Cb: 15.6809   Cr: 16.4498 )
00000345: 15.5436   (Y': 14.6975   Cb: 15.6823   Cr: 16.4249 )
00000344: 15.2898   (Y': 14.1312   Cb: 15.6697   Cr: 16.3801 )
00000347: 15.65     (Y': 14.7406   Cb: 15.9239   Cr: 16.4686 )
00000346: 15.5514   (Y': 14.6789   Cb: 15.7339   Cr: 16.4204 )
00000349: 15.7497   (Y': 14.8216   Cb: 16.0089   Cr: 16.6135 )
00000348: 15.7473   (Y': 14.8183   Cb: 16.048    Cr: 16.5649 )
00000350: 15.7498   (Y': 14.8798   Cb: 16.0114   Cr: 16.5243 )
00000353: 15.803    (Y': 15.028    Cb: 15.9775   Cr: 16.5396 )
00000352: 15.8048   (Y': 14.9642   Cb: 16.0547   Cr: 16.5497 )
00000351: 15.7239   (Y': 14.9136   Cb: 15.9372   Cr: 16.4664 )
00000355: 15.8321   (Y': 15.0491   Cb: 15.9251   Cr: 16.6749 )
00000354: 15.7916   (Y': 14.9818   Cb: 15.9908   Cr: 16.5496 )
00000358: 15.7754   (Y': 15.0765   Cb: 15.7491   Cr: 16.6409 )
00000359: 15.753    (Y': 15.0771   Cb: 15.7068   Cr: 16.6101 )
00000356: 15.8426   (Y': 15.0914   Cb: 15.9093   Cr: 16.6708 )
00000357: 15.8234   (Y': 15.1223   Cb: 15.8157   Cr: 16.6691 )
00000360: 15.7616   (Y': 15.1191   Cb: 15.6658   Cr: 16.6328 )
00000361: 15.7604   (Y': 15.0822   Cb: 15.6949   Cr: 16.6446 )
00000362: 15.7943   (Y': 15.1144   Cb: 15.7306   Cr: 16.6786 )
00000363: 15.7548   (Y': 15.0163   Cb: 15.7287   Cr: 16.6776 )
00000364: 15.7047   (Y': 14.988    Cb: 15.6307   Cr: 16.6556 )
00000365: 15.7662   (Y': 14.9565   Cb: 15.7808   Cr: 16.7441 )
00000366: 15.7823   (Y': 14.9205   Cb: 15.8642   Cr: 16.7557 )
00000367: 15.8241   (Y': 14.9162   Cb: 15.9567   Cr: 16.8065 )
00000368: 15.8674   (Y': 14.9199   Cb: 16.0672   Cr: 16.8303 )
00000369: 15.8533   (Y': 14.8357   Cb: 16.1362   Cr: 16.8278 )
00000370: 15.7611   (Y': 14.7764   Cb: 15.9903   Cr: 16.7471 )
00000372: 15.7297   (Y': 14.7598   Cb: 15.9399   Cr: 16.715  )
00000371: 15.7266   (Y': 14.7411   Cb: 15.9686   Cr: 16.6987 )
00000373: 15.6935   (Y': 14.7874   Cb: 15.8229   Cr: 16.6768 )
00000375: 15.6915   (Y': 14.8357   Cb: 15.7175   Cr: 16.7255 )
00000377: 15.7547   (Y': 15.0012   Cb: 15.7128   Cr: 16.7193 )
00000374: 15.7036   (Y': 14.821    Cb: 15.7896   Cr: 16.704  )
00000376: 15.6699   (Y': 14.8378   Cb: 15.6686   Cr: 16.7019 )
00000378: 15.7558   (Y': 15.0118   Cb: 15.6911   Cr: 16.7352 )
00000379: 15.7591   (Y': 15.0784   Cb: 15.6629   Cr: 16.6856 )
00000380: 15.6971   (Y': 14.9815   Cb: 15.6063   Cr: 16.6674 )
00000381: 15.592    (Y': 14.9913   Cb: 15.4277   Cr: 16.4905 )
00000382: 15.5933   (Y': 14.9865   Cb: 15.4141   Cr: 16.5195 )
00000385: 15.7101   (Y': 15.0721   Cb: 15.5524   Cr: 16.6534 )
00000383: 15.6386   (Y': 15.0188   Cb: 15.4445   Cr: 16.6028 )
00000384: 15.6746   (Y': 15.014    Cb: 15.5325   Cr: 16.6303 )
00000386: 15.7291   (Y': 15.0394   Cb: 15.6525   Cr: 16.6437 )
00000387: 15.7273   (Y': 14.9848   Cb: 15.6775   Cr: 16.6855 )
00000389: 15.8431   (Y': 15.0601   Cb: 15.8429   Cr: 16.7991 )
00000388: 15.7812   (Y': 15.0418   Cb: 15.7647   Cr: 16.6933 )
00000390: 15.7878   (Y': 14.9788   Cb: 15.7631   Cr: 16.8141 )
00000391: 15.7273   (Y': 14.9058   Cb: 15.7473   Cr: 16.716  )
00000392: 15.6579   (Y': 14.8578   Cb: 15.6366   Cr: 16.6664 )
00000393: 15.6842   (Y': 14.8607   Cb: 15.6518   Cr: 16.7424 )
00000394: 15.7324   (Y': 14.9707   Cb: 15.5987   Cr: 16.8279 )
00000395: 15.849    (Y': 15.2027   Cb: 15.6656   Cr: 16.8377 )
00000396: 15.9006   (Y': 15.2176   Cb: 15.7402   Cr: 16.913  )
00000397: 15.9085   (Y': 15.1651   Cb: 15.7625   Cr: 16.9925 )
00000398: 15.8808   (Y': 15.119    Cb: 15.7677   Cr: 16.9494 )
00000399: 15.8506   (Y': 15.1357   Cb: 15.708    Cr: 16.8873 )
00000400: 15.8262   (Y': 15.0769   Cb: 15.6918   Cr: 16.904  )
00000401: 15.8216   (Y': 15.0648   Cb: 15.6835   Cr: 16.9156 )
00000402: 15.7927   (Y': 15.1156   Cb: 15.5717   Cr: 16.8767 )
00000403: 15.716    (Y': 15.0691   Cb: 15.4733   Cr: 16.7846 )
00000404: 15.7099   (Y': 15.1337   Cb: 15.4143   Cr: 16.7465 )
00000405: 15.6997   (Y': 15.1099   Cb: 15.3954   Cr: 16.7679 )
00000406: 15.7298   (Y': 15.1416   Cb: 15.4058   Cr: 16.8229 )
00000407: 15.77     (Y': 15.1635   Cb: 15.467    Cr: 16.861  )
00000408: 15.7656   (Y': 15.141    Cb: 15.5035   Cr: 16.8273 )
00000409: 15.7888   (Y': 15.1032   Cb: 15.5956   Cr: 16.8484 )
00000410: 15.7726   (Y': 15.0882   Cb: 15.5821   Cr: 16.8267 )
00000411: 15.7306   (Y': 15.0414   Cb: 15.5015   Cr: 16.8441 )
00000412: 15.6838   (Y': 15.0098   Cb: 15.4338   Cr: 16.8027 )
00000413: 15.6718   (Y': 15.0952   Cb: 15.368    Cr: 16.72   )
00000414: 15.7357   (Y': 15.1679   Cb: 15.4146   Cr: 16.7948 )
00000415: 15.721    (Y': 15.1969   Cb: 15.4044   Cr: 16.7115 )
00000416: 15.7379   (Y': 15.2977   Cb: 15.3546   Cr: 16.7013 )
00000417: 15.6408   (Y': 15.322    Cb: 15.1851   Cr: 16.5388 )
00000418: 15.69     (Y': 15.3394   Cb: 15.2484   Cr: 16.6109 )
00000420: 15.6491   (Y': 15.4164   Cb: 15.1633   Cr: 16.4761 )
00000419: 15.6724   (Y': 15.4164   Cb: 15.1997   Cr: 16.5117 )
00000421: 15.6448   (Y': 15.4198   Cb: 15.1898   Cr: 16.4207 )
00000422: 15.6874   (Y': 15.4705   Cb: 15.2838   Cr: 16.3861 )
00000424: 15.7169   (Y': 15.4415   Cb: 15.4483   Cr: 16.3182 )
00000423: 15.7295   (Y': 15.4745   Cb: 15.4187   Cr: 16.3578 )
00000425: 15.7694   (Y': 15.4094   Cb: 15.5742   Cr: 16.3862 )
00000426: 15.7477   (Y': 15.3229   Cb: 15.5791   Cr: 16.4146 )
00000427: 15.6779   (Y': 15.2562   Cb: 15.4766   Cr: 16.3806 )
00000428: 15.6881   (Y': 15.3236   Cb: 15.4111   Cr: 16.4113 )
00000429: 15.7611   (Y': 15.446    Cb: 15.4577   Cr: 16.4545 )
00000430: 15.7668   (Y': 15.5072   Cb: 15.4364   Cr: 16.425  )
00000432: 15.2501   (Y': 14.6084   Cb: 15.1296   Cr: 16.1513 )
00000431: 15.2621   (Y': 14.4555   Cb: 15.2418   Cr: 16.2791 )
00000434: 15.3772   (Y': 15.4319   Cb: 14.833    Cr: 15.9374 )
00000433: 15.4206   (Y': 15.1915   Cb: 15.0287   Cr: 16.1192 )
00000435: 15.6916   (Y': 16.1021   Cb: 14.8859   Cr: 16.2155 )
00000436: 15.7524   (Y': 16.1624   Cb: 14.9088   Cr: 16.3288 )
00000437: 15.8103   (Y': 16.0275   Cb: 15.0034   Cr: 16.5438 )
00000438: 15.8665   (Y': 16.0014   Cb: 15.0749   Cr: 16.6722 )
00000441: 15.6671   (Y': 15.5316   Cb: 15.0195   Cr: 16.5958 )
00000439: 15.8068   (Y': 15.8536   Cb: 15.0687   Cr: 16.64   )
00000442: 15.6179   (Y': 15.4498   Cb: 15.0012   Cr: 16.5439 )
00000440: 15.7746   (Y': 15.751    Cb: 15.0503   Cr: 16.6732 )
00000443: 15.5281   (Y': 15.1073   Cb: 15.0611   Cr: 16.5809 )
00000444: 15.5643   (Y': 15.1169   Cb: 15.1537   Cr: 16.5753 )
00000446: 15.7313   (Y': 15.2541   Cb: 15.3513   Cr: 16.7416 )
00000445: 15.637    (Y': 15.1174   Cb: 15.2558   Cr: 16.7095 )
00000449: 15.7778   (Y': 15.2329   Cb: 15.3937   Cr: 16.8913 )
00000447: 15.7503   (Y': 15.2255   Cb: 15.384    Cr: 16.8096 )
00000450: 15.6942   (Y': 15.0811   Cb: 15.3506   Cr: 16.8518 )
00000448: 15.8186   (Y': 15.2449   Cb: 15.4928   Cr: 16.8927 )
00000451: 15.639    (Y': 15.0053   Cb: 15.3248   Cr: 16.786  )
00000452: 15.5853   (Y': 14.6601   Cb: 15.4472   Cr: 16.9506 )
00000453: 15.5321   (Y': 14.5115   Cb: 15.4508   Cr: 16.9818 )
00000454: 15.4449   (Y': 14.3025   Cb: 15.4521   Cr: 16.9893 )
00000455: 15.5062   (Y': 14.2703   Cb: 15.5819   Cr: 17.1299 )
00000457: 15.1964   (Y': 13.7274   Cb: 15.4454   Cr: 17.0459 )
00000458: 15.0947   (Y': 13.6227   Cb: 15.3463   Cr: 16.9466 )
00000456: 15.2818   (Y': 13.8792   Cb: 15.4697   Cr: 17.0789 )
00000460: 15.8723   (Y': 15.3203   Cb: 15.5026   Cr: 16.9757 )
00000459: 15.0795   (Y': 13.507    Cb: 15.4427   Cr: 16.9912 )
00000461: 15.9422   (Y': 15.3173   Cb: 15.6322   Cr: 17.0703 )
00000462: 15.9854   (Y': 15.2347   Cb: 15.8121   Cr: 17.1172 )
00000464: 16.4022   (Y': 16.2949   Cb: 15.8458   Cr: 17.1681 )
00000463: 16.1251   (Y': 15.4462   Cb: 15.9059   Cr: 17.2096 )
00000465: 16.4052   (Y': 16.2633   Cb: 15.9063   Cr: 17.1362 )
00000466: 16.3316   (Y': 16.2127   Cb: 15.778    Cr: 17.1081 )
00000467: 15.84     (Y': 15.0826   Cb: 15.6262   Cr: 17.0377 )
00000468: 15.948    (Y': 15.2518   Cb: 15.6991   Cr: 17.099  )
00000469: 15.8739   (Y': 15.1091   Cb: 15.6991   Cr: 17.0294 )
00000472: 16.4014   (Y': 16.3496   Cb: 15.8041   Cr: 17.1558 )
00000471: 16.3307   (Y': 16.2726   Cb: 15.7425   Cr: 17.0802 )
00000470: 16.2869   (Y': 16.2071   Cb: 15.7051   Cr: 17.0538 )
00000473: 16.396    (Y': 16.3228   Cb: 15.8143   Cr: 17.1549 )
00000474: 16.3757   (Y': 16.2708   Cb: 15.7779   Cr: 17.1954 )
00000475: 16.3273   (Y': 16.2847   Cb: 15.7252   Cr: 17.077  )
00000476: 16.3159   (Y': 16.1994   Cb: 15.7304   Cr: 17.1332 )
00000479: 16.4081   (Y': 16.1005   Cb: 15.9092   Cr: 17.3509 )
00000477: 16.335    (Y': 16.0959   Cb: 15.8116   Cr: 17.2218 )
00000480: 16.2933   (Y': 16.0721   Cb: 15.7281   Cr: 17.2152 )
00000481: 16.2961   (Y': 16.0722   Cb: 15.726    Cr: 17.2285 )
00000478: 16.3257   (Y': 16.0435   Cb: 15.8119   Cr: 17.2556 )
00000482: 16.2251   (Y': 15.9834   Cb: 15.6605   Cr: 17.1731 )
00000483: 16.2074   (Y': 16.0859   Cb: 15.5817   Cr: 17.087  )
00000484: 16.1063   (Y': 16.0851   Cb: 15.4289   Cr: 16.9348 )
00000485: 16.1688   (Y': 16.0458   Cb: 15.5077   Cr: 17.1008 )
00000486: 16.0439   (Y': 15.9699   Cb: 15.3948   Cr: 16.8975 )
00000487: 16.0531   (Y': 16.0186   Cb: 15.3877   Cr: 16.8809 )
00000488: 16.0391   (Y': 16.0072   Cb: 15.3703   Cr: 16.8684 )
00000489: 15.9391   (Y': 15.948    Cb: 15.2636   Cr: 16.7287 )
00000490: 15.9219   (Y': 15.9231   Cb: 15.2399   Cr: 16.7297 )
00000491: 15.9408   (Y': 15.9313   Cb: 15.2492   Cr: 16.7755 )
00000492: 15.9954   (Y': 15.9887   Cb: 15.2932   Cr: 16.8414 )
00000495: 16.0806   (Y': 16.0049   Cb: 15.4649   Cr: 16.8891 )
00000493: 16.003    (Y': 15.9424   Cb: 15.3454   Cr: 16.8517 )
00000494: 16.0348   (Y': 15.9735   Cb: 15.398    Cr: 16.8551 )
00000496: 16.1172   (Y': 15.87     Cb: 15.5932   Cr: 17.015  )
00000497: 16.1631   (Y': 15.9724   Cb: 15.6252   Cr: 17.0078 )
00000498: 16.1816   (Y': 15.9523   Cb: 15.6188   Cr: 17.1105 )
00000499: 16.2141   (Y': 15.9753   Cb: 15.6563   Cr: 17.1485 )
00000500: 16.2703   (Y': 15.8893   Cb: 15.7688   Cr: 17.3167 )
00000501: 16.2909   (Y': 15.9473   Cb: 15.7718   Cr: 17.3106 )
00000503: 16.4209   (Y': 16.113    Cb: 15.8272   Cr: 17.4998 )
00000502: 16.3247   (Y': 16.0038   Cb: 15.7744   Cr: 17.3581 )
00000504: 16.4267   (Y': 15.9873   Cb: 15.8742   Cr: 17.6308 )
00000505: 16.3854   (Y': 15.9811   Cb: 15.8043   Cr: 17.5812 )
00000506: 16.3853   (Y': 16.0314   Cb: 15.7849   Cr: 17.5381 )
00000507: 16.3664   (Y': 16.0695   Cb: 15.7673   Cr: 17.438  )
00000508: 16.3632   (Y': 16.1582   Cb: 15.6929   Cr: 17.4155 )
00000511: 16.1868   (Y': 15.719    Cb: 15.7157   Cr: 17.3125 )
00000510: 16.171    (Y': 15.7254   Cb: 15.649    Cr: 17.3388 )
00000509: 16.3943   (Y': 16.1003   Cb: 15.7917   Cr: 17.4672 )
00000512: 16.2569   (Y': 15.7085   Cb: 15.7584   Cr: 17.5425 )
00000513: 16.2778   (Y': 15.7108   Cb: 15.7731   Cr: 17.6012 )
00000514: 16.2195   (Y': 15.5931   Cb: 15.7244   Cr: 17.6217 )
00000515: 16.2135   (Y': 15.5815   Cb: 15.7597   Cr: 17.5613 )
00000517: 16.187    (Y': 15.4793   Cb: 15.7244   Cr: 17.6709 )
00000516: 16.2151   (Y': 15.5048   Cb: 15.7661   Cr: 17.6821 )
00000518: 16.3093   (Y': 15.6583   Cb: 15.7916   Cr: 17.7862 )
00000520: 16.4898   (Y': 15.7063   Cb: 16.1291   Cr: 17.9427 )
00000519: 16.4108   (Y': 15.6914   Cb: 15.9379   Cr: 17.9304 )
00000521: 16.4574   (Y': 15.6111   Cb: 16.0983   Cr: 18.0147 )
00000522: 16.4431   (Y': 15.6866   Cb: 16.0383   Cr: 17.9181 )
00000523: 16.4248   (Y': 15.6857   Cb: 16.0045   Cr: 17.895  )
00000525: 16.4167   (Y': 15.7117   Cb: 15.9567   Cr: 17.8919 )
00000524: 16.3919   (Y': 15.6592   Cb: 15.95     Cr: 17.8844 )
00000526: 16.4726   (Y': 15.8221   Cb: 15.9791   Cr: 17.911  )
00000527: 16.4792   (Y': 15.8595   Cb: 15.9565   Cr: 17.9134 )
00000528: 16.6187   (Y': 16.0614   Cb: 16.0417   Cr: 18.0393 )
00000529: 16.6076   (Y': 16.1469   Cb: 15.9492   Cr: 18.008  )
00000530: 16.5989   (Y': 15.9632   Cb: 16.0739   Cr: 18.0625 )
00000531: 16.6012   (Y': 15.8631   Cb: 16.12     Cr: 18.1655 )
00000533: 16.8077   (Y': 15.8688   Cb: 16.5014   Cr: 18.4468 )
00000532: 16.754    (Y': 15.9081   Cb: 16.3484   Cr: 18.384  )
00000534: 16.8934   (Y': 15.9551   Cb: 16.6577   Cr: 18.4236 )
00000535: 17.0642   (Y': 16.0153   Cb: 16.9439   Cr: 18.6209 )
00000536: 16.9916   (Y': 15.9233   Cb: 16.8865   Cr: 18.5613 )
00000537: 16.9739   (Y': 15.9027   Cb: 16.8754   Cr: 18.5397 )
00000538: 17.0234   (Y': 15.9125   Cb: 16.9398   Cr: 18.641  )
00000539: 17.0176   (Y': 15.9169   Cb: 16.959    Cr: 18.5791 )
00000540: 16.9092   (Y': 15.8917   Cb: 16.7623   Cr: 18.4485 )
00000541: 16.9285   (Y': 15.8273   Cb: 16.819    Cr: 18.5661 )
00000542: 16.8944   (Y': 15.88     Cb: 16.6816   Cr: 18.527  )
00000543: 16.7321   (Y': 15.7429   Cb: 16.434    Cr: 18.4509 )
00000544: 16.7759   (Y': 15.8033   Cb: 16.4325   Cr: 18.5364 )
00000547: 16.6264   (Y': 15.4735   Cb: 16.3666   Cr: 18.6034 )
00000545: 16.7908   (Y': 15.7444   Cb: 16.5228   Cr: 18.5698 )
00000546: 16.7322   (Y': 15.6092   Cb: 16.4996   Cr: 18.6035 )
00000548: 16.4575   (Y': 15.2548   Cb: 16.2829   Cr: 18.3962 )
00000549: 16.3596   (Y': 15.0997   Cb: 16.2069   Cr: 18.3824 )
00000551: 16.3252   (Y': 15.2593   Cb: 16.015    Cr: 18.2108 )
00000550: 16.3798   (Y': 15.188    Cb: 16.1747   Cr: 18.3462 )
00000552: 16.3849   (Y': 15.3337   Cb: 16.0905   Cr: 18.216  )
00000553: 16.3122   (Y': 15.3319   Cb: 15.9527   Cr: 18.1135 )
00000554: 16.4438   (Y': 15.5015   Cb: 16.0489   Cr: 18.2319 )
00000555: 16.4682   (Y': 15.474    Cb: 16.1079   Cr: 18.2973 )
00000556: 16.439    (Y': 15.4246   Cb: 16.1002   Cr: 18.2713 )
00000557: 16.4189   (Y': 15.4305   Cb: 16.1174   Cr: 18.1415 )
00000559: 16.4147   (Y': 15.282    Cb: 16.2372   Cr: 18.2176 )
00000558: 16.4719   (Y': 15.3697   Cb: 16.2328   Cr: 18.3126 )
00000560: 16.4802   (Y': 15.3008   Cb: 16.3292   Cr: 18.3337 )
00000561: 16.4617   (Y': 15.2454   Cb: 16.3499   Cr: 18.3279 )
00000563: 16.4861   (Y': 15.2429   Cb: 16.4474   Cr: 18.2929 )
00000562: 16.434    (Y': 15.2084   Cb: 16.3904   Cr: 18.2133 )
00000564: 16.5272   (Y': 15.239    Cb: 16.5315   Cr: 18.3601 )
00000565: 16.5284   (Y': 15.1938   Cb: 16.5554   Cr: 18.4231 )
00000566: 16.4961   (Y': 15.1525   Cb: 16.5678   Cr: 18.3415 )
00000567: 16.5013   (Y': 15.1372   Cb: 16.5567   Cr: 18.4151 )
00000568: 16.5019   (Y': 15.1004   Cb: 16.5724   Cr: 18.4725 )
00000569: 16.5157   (Y': 15.1621   Cb: 16.563    Cr: 18.4193 )
00000571: 16.5048   (Y': 15.2474   Cb: 16.4802   Cr: 18.3188 )
00000570: 16.5599   (Y': 15.2943   Cb: 16.5371   Cr: 18.3878 )
00000572: 16.4681   (Y': 15.2611   Cb: 16.3874   Cr: 18.2673 )
00000573: 16.4869   (Y': 15.2762   Cb: 16.368    Cr: 18.3532 )
00000574: 16.3609   (Y': 15.1783   Cb: 16.2277   Cr: 18.1929 )
00000575: 16.355    (Y': 15.2174   Cb: 16.2124   Cr: 18.1125 )
00000576: 16.4      (Y': 15.277    Cb: 16.3066   Cr: 18.0544 )
00000577: 16.4496   (Y': 15.3053   Cb: 16.3366   Cr: 18.1749 )
00000578: 16.4958   (Y': 15.2648   Cb: 16.4182   Cr: 18.3384 )
00000579: 16.4476   (Y': 15.2765   Cb: 16.3396   Cr: 18.2175 )
00000580: 16.3012   (Y': 15.1749   Cb: 16.1663   Cr: 18.0248 )
00000581: 16.3027   (Y': 15.1036   Cb: 16.2294   Cr: 18.0743 )
00000583: 16.2694   (Y': 15.0763   Cb: 16.1424   Cr: 18.1125 )
00000582: 16.2964   (Y': 15.0597   Cb: 16.2496   Cr: 18.1029 )
00000584: 16.3376   (Y': 15.1554   Cb: 16.2119   Cr: 18.1566 )
00000585: 16.1596   (Y': 14.9511   Cb: 16.0517   Cr: 18.0039 )
00000586: 16.1485   (Y': 15.0094   Cb: 15.9697   Cr: 17.9659 )
00000587: 16.1672   (Y': 15.1025   Cb: 15.9287   Cr: 17.9343 )
00000588: 16.2504   (Y': 15.2968   Cb: 15.9453   Cr: 17.9147 )
00000589: 16.225    (Y': 15.2964   Cb: 15.8757   Cr: 17.9134 )
00000591: 16.349    (Y': 15.3031   Cb: 16.1323   Cr: 18.0459 )
00000590: 16.2781   (Y': 15.2237   Cb: 16.0804   Cr: 17.9619 )
00000592: 16.3593   (Y': 15.2256   Cb: 16.1645   Cr: 18.1915 )
00000593: 16.3878   (Y': 15.2326   Cb: 16.2205   Cr: 18.219  )
00000594: 16.3561   (Y': 15.1824   Cb: 16.2044   Cr: 18.1994 )
00000595: 16.4347   (Y': 15.2539   Cb: 16.3012   Cr: 18.2632 )
00000597: 16.366    (Y': 15.1808   Cb: 16.3229   Cr: 18.0647 )
00000596: 16.4561   (Y': 15.2601   Cb: 16.3908   Cr: 18.2098 )
00000598: 16.3674   (Y': 15.1842   Cb: 16.3099   Cr: 18.0842 )
00000599: 16.4006   (Y': 15.1597   Cb: 16.3939   Cr: 18.1546 )
00000601: 16.3004   (Y': 15.1454   Cb: 16.2192   Cr: 17.9981 )
00000600: 16.3246   (Y': 15.1474   Cb: 16.2626   Cr: 18.0362 )
00000602: 16.3348   (Y': 15.2164   Cb: 16.1532   Cr: 18.1159 )
00000603: 16.421    (Y': 15.3269   Cb: 16.213    Cr: 18.1964 )
00000604: 16.3269   (Y': 15.0787   Cb: 16.207    Cr: 18.2718 )
00000605: 16.3777   (Y': 15.1987   Cb: 16.2435   Cr: 18.2037 )
00000606: 16.3926   (Y': 15.1084   Cb: 16.3406   Cr: 18.3048 )
00000607: 16.3564   (Y': 15.0411   Cb: 16.3282   Cr: 18.2964 )
00000608: 16.3264   (Y': 15.1536   Cb: 16.2148   Cr: 18.1053 )
00000609: 16.3101   (Y': 15.1035   Cb: 16.227    Cr: 18.1116 )
00000610: 16.3791   (Y': 15.2448   Cb: 16.2851   Cr: 18.0562 )
00000611: 16.39     (Y': 15.2546   Cb: 16.2973   Cr: 18.0674 )
00000612: 16.5115   (Y': 15.3436   Cb: 16.4551   Cr: 18.197  )
00000613: 16.5801   (Y': 15.4344   Cb: 16.5092   Cr: 18.2446 )
00000614: 16.5717   (Y': 15.5772   Cb: 16.3748   Cr: 18.144  )
00000616: 16.5624   (Y': 15.6544   Cb: 16.3369   Cr: 18.0242 )
00000615: 16.5507   (Y': 15.5865   Cb: 16.3347   Cr: 18.097  )
00000618: 16.5623   (Y': 15.9153   Cb: 16.1942   Cr: 17.8065 )
00000617: 16.6438   (Y': 15.8177   Cb: 16.3806   Cr: 18.0224 )
00000619: 16.5734   (Y': 16.0381   Cb: 16.1337   Cr: 17.7524 )
00000620: 16.4494   (Y': 16.1349   Cb: 15.8935   Cr: 17.4822 )
00000621: 16.3534   (Y': 15.8827   Cb: 15.8992   Cr: 17.459  )
00000622: 16.2756   (Y': 15.7374   Cb: 15.8064   Cr: 17.5019 )
00000624: 16.2268   (Y': 15.6117   Cb: 15.8122   Cr: 17.4898 )
00000623: 16.2309   (Y': 15.724    Cb: 15.7703   Cr: 17.398  )
00000626: 16.062    (Y': 15.4671   Cb: 15.6117   Cr: 17.3468 )
00000625: 16.1494   (Y': 15.5914   Cb: 15.6803   Cr: 17.4057 )
00000627: 15.9785   (Y': 15.2379   Cb: 15.6222   Cr: 17.3536 )
00000629: 16.075    (Y': 15.3509   Cb: 15.7975   Cr: 17.3097 )
00000628: 15.9907   (Y': 15.2329   Cb: 15.6962   Cr: 17.3031 )
00000631: 15.9898   (Y': 15.3206   Cb: 15.6437   Cr: 17.2367 )
00000630: 16.0379   (Y': 15.3578   Cb: 15.7151   Cr: 17.2681 )
00000632: 16.0214   (Y': 15.2523   Cb: 15.7606   Cr: 17.3036 )
00000633: 16.0181   (Y': 15.3201   Cb: 15.6938   Cr: 17.2784 )
00000634: 15.9795   (Y': 15.4398   Cb: 15.4977   Cr: 17.2268 )
00000637: 15.9221   (Y': 15.2816   Cb: 15.5645   Cr: 17.1409 )
00000636: 15.9186   (Y': 15.2784   Cb: 15.5459   Cr: 17.1587 )
00000635: 15.9618   (Y': 15.3327   Cb: 15.5442   Cr: 17.2507 )
00000638: 16.1406   (Y': 15.418    Cb: 15.8245   Cr: 17.428  )
00000639: 16.1745   (Y': 15.4696   Cb: 15.8286   Cr: 17.477  )
00000640: 16.1996   (Y': 15.5495   Cb: 15.8298   Cr: 17.4509 )
00000642: 16.2388   (Y': 15.5416   Cb: 15.9047   Cr: 17.5121 )
00000641: 16.1649   (Y': 15.5059   Cb: 15.7935   Cr: 17.4324 )
00000643: 16.4015   (Y': 15.64     Cb: 16.1326   Cr: 17.6829 )
00000647: 16.2455   (Y': 15.5655   Cb: 15.9509   Cr: 17.4354 )
00000644: 16.4222   (Y': 15.671    Cb: 16.1995   Cr: 17.6225 )
00000645: 16.2328   (Y': 15.5482   Cb: 15.9545   Cr: 17.4072 )
00000646: 16.1602   (Y': 15.5062   Cb: 15.8472   Cr: 17.3363 )
00000648: 16.1271   (Y': 15.5696   Cb: 15.7807   Cr: 17.2061 )
00000650: 16.3308   (Y': 15.8853   Cb: 15.9262   Cr: 17.3309 )
00000649: 16.1971   (Y': 15.6936   Cb: 15.8338   Cr: 17.2219 )
00000651: 16.1735   (Y': 15.725    Cb: 15.7514   Cr: 17.2021 )
00000653: 16.0145   (Y': 15.7704   Cb: 15.4949   Cr: 16.9023 )
00000652: 16.0739   (Y': 15.7659   Cb: 15.5801   Cr: 17.0101 )
00000654: 16.0001   (Y': 15.9344   Cb: 15.4033   Cr: 16.7706 )
00000656: 16.1446   (Y': 15.9922   Cb: 15.6738   Cr: 16.8516 )
00000655: 16.1187   (Y': 16.0369   Cb: 15.5687   Cr: 16.8453 )
00000658: 16.2018   (Y': 15.9234   Cb: 15.7155   Cr: 17.0885 )
00000657: 16.1045   (Y': 15.8847   Cb: 15.677    Cr: 16.8379 )
00000659: 16.0728   (Y': 15.8444   Cb: 15.5574   Cr: 16.9347 )
00000661: 15.736    (Y': 15.4539   Cb: 15.2473   Cr: 16.6309 )
00000660: 16.0439   (Y': 15.7215   Cb: 15.6459   Cr: 16.8691 )
00000662: 16.021    (Y': 15.5656   Cb: 15.6782   Cr: 16.9506 )
00000663: 15.7706   (Y': 15.3383   Cb: 15.3696   Cr: 16.7472 )
00000664: 16.0323   (Y': 15.1152   Cb: 16.1324   Cr: 17.0688 )
00000665: 16.1086   (Y': 15.2718   Cb: 16.145    Cr: 17.1004 )
00000666: 15.9932   (Y': 15.1149   Cb: 16.0602   Cr: 17.0106 )
00000667: 15.8785   (Y': 15.2303   Cb: 15.7096   Cr: 16.8508 )
00000668: 16.0498   (Y': 15.4951   Cb: 15.7971   Cr: 16.998  )
00000669: 16.2049   (Y': 15.5658   Cb: 16.0114   Cr: 17.1964 )
00000671: 15.7041   (Y': 15.4045   Cb: 15.3722   Cr: 16.4142 )
00000670: 15.9003   (Y': 15.4992   Cb: 15.6164   Cr: 16.6799 )
00000672: 15.8128   (Y': 15.4985   Cb: 15.4683   Cr: 16.5576 )
00000674: 16.1158   (Y': 15.5212   Cb: 15.9369   Cr: 17.0244 )
00000673: 16.0007   (Y': 15.3965   Cb: 15.8944   Cr: 16.8313 )
00000675: 16.119    (Y': 15.5753   Cb: 15.9365   Cr: 16.9611 )
00000676: 16.2953   (Y': 15.5564   Cb: 16.2226   Cr: 17.2773 )
00000677: 16.2406   (Y': 15.5054   Cb: 16.1336   Cr: 17.2611 )
00000679: 16.2354   (Y': 15.5029   Cb: 16.1195   Cr: 17.2632 )
00000678: 16.0257   (Y': 15.3241   Cb: 15.9196   Cr: 16.9953 )
00000680: 16.2406   (Y': 15.4698   Cb: 16.1269   Cr: 17.3238 )
00000681: 16.4552   (Y': 15.5778   Cb: 16.3811   Cr: 17.6534 )
00000683: 16.4773   (Y': 15.5978   Cb: 16.4466   Cr: 17.6213 )
00000682: 16.4942   (Y': 15.6392   Cb: 16.4383   Cr: 17.6325 )
00000684: 16.5282   (Y': 15.5997   Cb: 16.5458   Cr: 17.6877 )
00000685: 16.4789   (Y': 15.4907   Cb: 16.5735   Cr: 17.6364 )
00000687: 16.3343   (Y': 15.2567   Cb: 16.5128   Cr: 17.5338 )
00000686: 16.4017   (Y': 15.3256   Cb: 16.5368   Cr: 17.6543 )
00000688: 16.3255   (Y': 15.1652   Cb: 16.5773   Cr: 17.5743 )
00000689: 16.2185   (Y': 15.0271   Cb: 16.491    Cr: 17.4958 )
00000690: 16.0828   (Y': 14.8698   Cb: 16.3592   Cr: 17.3935 )
00000691: 16.0149   (Y': 14.7935   Cb: 16.2806   Cr: 17.3545 )
00000692: 15.867    (Y': 14.6619   Cb: 16.0765   Cr: 17.2499 )
00000693: 15.7838   (Y': 14.5709   Cb: 15.9609   Cr: 17.2239 )
00000694: 15.739    (Y': 14.5257   Cb: 15.8487   Cr: 17.2716 )
00000695: 15.7159   (Y': 14.5516   Cb: 15.7531   Cr: 17.2581 )
00000696: 15.7116   (Y': 14.5313   Cb: 15.7009   Cr: 17.3532 )
00000697: 15.7556   (Y': 14.5395   Cb: 15.7908   Cr: 17.3993 )
00000698: 15.7589   (Y': 14.5355   Cb: 15.7749   Cr: 17.4449 )
00000699: 15.7939   (Y': 14.5603   Cb: 15.7879   Cr: 17.5324 )
00000703: 15.7701   (Y': 14.6389   Cb: 15.6008   Cr: 17.5567 )
00000700: 15.8065   (Y': 14.6092   Cb: 15.7321   Cr: 17.5763 )
00000701: 15.8022   (Y': 14.6568   Cb: 15.6887   Cr: 17.5301 )
00000702: 15.7579   (Y': 14.6173   Cb: 15.6031   Cr: 17.5403 )
00000704: 15.7212   (Y': 14.5936   Cb: 15.5368   Cr: 17.5246 )
00000705: 15.7255   (Y': 14.6001   Cb: 15.5454   Cr: 17.518  )
00000707: 15.6888   (Y': 14.5896   Cb: 15.5027   Cr: 17.4397 )
00000706: 15.6957   (Y': 14.6005   Cb: 15.4949   Cr: 17.4621 )
00000708: 15.7235   (Y': 14.517    Cb: 15.6944   Cr: 17.4429 )
00000709: 15.7106   (Y': 14.5475   Cb: 15.6494   Cr: 17.3936 )
00000711: 15.6671   (Y': 14.6235   Cb: 15.4712   Cr: 17.3278 )
00000710: 15.6532   (Y': 14.6152   Cb: 15.4414   Cr: 17.328  )
00000712: 15.6881   (Y': 14.7473   Cb: 15.3966   Cr: 17.308  )
00000713: 15.6136   (Y': 14.7442   Cb: 15.263    Cr: 17.1982 )
00000714: 15.6394   (Y': 14.8207   Cb: 15.2448   Cr: 17.2043 )
00000715: 15.6228   (Y': 14.7718   Cb: 15.2763   Cr: 17.1687 )
00000716: 15.5846   (Y': 14.7517   Cb: 15.1946   Cr: 17.1668 )
00000717: 15.5805   (Y': 14.7993   Cb: 15.1807   Cr: 17.0891 )
00000718: 15.5708   (Y': 14.7483   Cb: 15.1682   Cr: 17.1548 )
00000719: 15.5817   (Y': 14.6958   Cb: 15.2252   Cr: 17.2048 )
00000720: 15.5801   (Y': 14.6537   Cb: 15.2558   Cr: 17.2249 )
00000721: 15.5938   (Y': 14.6282   Cb: 15.2956   Cr: 17.2693 )
00000722: 15.679    (Y': 14.7015   Cb: 15.3193   Cr: 17.4756 )
00000723: 15.698    (Y': 14.7217   Cb: 15.3321   Cr: 17.5022 )
00000724: 15.7544   (Y': 14.7808   Cb: 15.3409   Cr: 17.6332 )
00000726: 15.7483   (Y': 14.774    Cb: 15.2904   Cr: 17.705  )
00000725: 15.7491   (Y': 14.7859   Cb: 15.3012   Cr: 17.6666 )
00000727: 15.7601   (Y': 14.7722   Cb: 15.3201   Cr: 17.7121 )
00000728: 15.7394   (Y': 14.6806   Cb: 15.3489   Cr: 17.7471 )
00000729: 15.7378   (Y': 14.7106   Cb: 15.3157   Cr: 17.7369 )
00000731: 15.7492   (Y': 14.7682   Cb: 15.3015   Cr: 17.701  )
00000732: 15.7814   (Y': 14.7951   Cb: 15.3281   Cr: 17.7534 )
00000730: 15.7373   (Y': 14.746    Cb: 15.299    Cr: 17.6932 )
00000734: 15.7344   (Y': 14.7562   Cb: 15.2654   Cr: 17.718  )
00000735: 15.7143   (Y': 14.73     Cb: 15.2599   Cr: 17.6844 )
00000733: 15.7367   (Y': 14.7687   Cb: 15.2279   Cr: 17.7709 )
00000736: 15.6709   (Y': 14.6149   Cb: 15.245    Cr: 17.7352 )
00000737: 15.6888   (Y': 14.6905   Cb: 15.2454   Cr: 17.6675 )
00000738: 15.7579   (Y': 14.7481   Cb: 15.3585   Cr: 17.6834 )
00000739: 15.7904   (Y': 14.7432   Cb: 15.4541   Cr: 17.6826 )
00000744: 16.1031   (Y': 15.0606   Cb: 15.7736   Cr: 17.9746 )
00000740: 15.8027   (Y': 14.7479   Cb: 15.457    Cr: 17.7258 )
00000742: 15.9698   (Y': 14.9266   Cb: 15.6514   Cr: 17.8245 )
00000741: 15.936    (Y': 14.854    Cb: 15.6668   Cr: 17.7862 )
00000743: 16.0039   (Y': 14.9172   Cb: 15.6995   Cr: 17.9213 )
00000746: 15.9951   (Y': 15.0259   Cb: 15.5755   Cr: 17.8756 )
00000745: 15.9757   (Y': 14.9602   Cb: 15.6157   Cr: 17.8454 )
00000747: 15.9151   (Y': 15.0493   Cb: 15.4217   Cr: 17.7256 )
00000748: 15.9029   (Y': 15.1425   Cb: 15.3664   Cr: 17.5959 )
00000749: 15.7971   (Y': 15.1259   Cb: 15.1929   Cr: 17.449  )
00000751: 15.8794   (Y': 15.0794   Cb: 15.3847   Cr: 17.5731 )
00000750: 15.8426   (Y': 15.1396   Cb: 15.2769   Cr: 17.4845 )
00000752: 15.9432   (Y': 15.0393   Cb: 15.4767   Cr: 17.7791 )
00000753: 15.9456   (Y': 15.0022   Cb: 15.4931   Cr: 17.8328 )
00000754: 16.032    (Y': 14.9736   Cb: 15.6674   Cr: 17.9943 )
00000756: 16.014    (Y': 14.8637   Cb: 15.7498   Cr: 17.9932 )
00000755: 16.0052   (Y': 14.9022   Cb: 15.6784   Cr: 17.9931 )
00000757: 16.0021   (Y': 14.8506   Cb: 15.7243   Cr: 18.0068 )
00000759: 16.0074   (Y': 14.8288   Cb: 15.7929   Cr: 17.9619 )
00000760: 16.0752   (Y': 14.9187   Cb: 15.8474   Cr: 18.0068 )
00000758: 15.9571   (Y': 14.7682   Cb: 15.7304   Cr: 17.9534 )
00000761: 16.0956   (Y': 14.9601   Cb: 15.8891   Cr: 17.9497 )
00000762: 16.1309   (Y': 15.0205   Cb: 15.9262   Cr: 17.9329 )
00000764: 16.1829   (Y': 15.0881   Cb: 15.9043   Cr: 18.0735 )
00000766: 16.2499   (Y': 15.2992   Cb: 15.8317   Cr: 18.0929 )
00000763: 16.1377   (Y': 15.0559   Cb: 15.8678   Cr: 17.9887 )
00000765: 16.2383   (Y': 15.1539   Cb: 15.9577   Cr: 18.1115 )
00000767: 16.3169   (Y': 15.3536   Cb: 15.951    Cr: 18.0967 )
00000768: 16.3471   (Y': 15.4135   Cb: 15.9338   Cr: 18.1493 )
00000769: 16.4158   (Y': 15.5492   Cb: 15.9632   Cr: 18.1595 )
00000770: 16.5103   (Y': 15.6577   Cb: 16.0425   Cr: 18.2538 )
00000772: 16.1512   (Y': 15.1412   Cb: 15.7052   Cr: 18.1578 )
00000771: 16.4123   (Y': 15.5592   Cb: 15.9772   Cr: 18.103  )
00000773: 16.1385   (Y': 15.0964   Cb: 15.7456   Cr: 18.1166 )
00000774: 15.9951   (Y': 14.991    Cb: 15.5632   Cr: 17.9649 )
00000775: 15.9122   (Y': 15.0518   Cb: 15.3647   Cr: 17.8064 )
00000776: 15.8682   (Y': 14.978    Cb: 15.3343   Cr: 17.7951 )
00000777: 15.8912   (Y': 14.9472   Cb: 15.4197   Cr: 17.8124 )
00000778: 15.855    (Y': 14.9667   Cb: 15.3443   Cr: 17.7375 )
00000780: 15.7271   (Y': 14.8724   Cb: 15.2291   Cr: 17.525  )
00000779: 15.8087   (Y': 14.9925   Cb: 15.2602   Cr: 17.6221 )
00000781: 15.7639   (Y': 14.9092   Cb: 15.2959   Cr: 17.5115 )
00000782: 15.8931   (Y': 14.9721   Cb: 15.5396   Cr: 17.5747 )
00000783: 15.9687   (Y': 15.0121   Cb: 15.63     Cr: 17.6921 )
00000784: 16.0687   (Y': 15.0908   Cb: 15.7704   Cr: 17.7668 )
00000785: 16.0715   (Y': 15.0315   Cb: 15.7782   Cr: 17.879  )
00000786: 16.142    (Y': 15.0553   Cb: 15.8718   Cr: 18.0029 )
00000787: 16.1007   (Y': 15.1361   Cb: 15.719    Cr: 17.9093 )
00000788: 16.193    (Y': 15.3706   Cb: 15.6699   Cr: 17.9742 )
00000789: 16.1533   (Y': 15.3454   Cb: 15.5939   Cr: 17.9708 )
00000790: 16.0596   (Y': 15.3172   Cb: 15.4318   Cr: 17.8768 )
00000791: 16.0976   (Y': 15.3575   Cb: 15.454    Cr: 17.9385 )
00000792: 16.0346   (Y': 15.327    Cb: 15.3645   Cr: 17.8644 )
00000793: 16.0241   (Y': 15.3242   Cb: 15.3712   Cr: 17.8096 )
00000794: 15.9596   (Y': 15.1941   Cb: 15.3312   Cr: 17.8203 )
00000795: 15.9241   (Y': 15.1745   Cb: 15.3215   Cr: 17.7107 )
00000796: 15.9241   (Y': 15.1574   Cb: 15.36     Cr: 17.6748 )
00000797: 15.9554   (Y': 15.2215   Cb: 15.4111   Cr: 17.6154 )
00000798: 15.9592   (Y': 15.2977   Cb: 15.3586   Cr: 17.5886 )
00000799: 15.986    (Y': 15.309    Cb: 15.4437   Cr: 17.5456 )
00000800: 15.8875   (Y': 15.0966   Cb: 15.4297   Cr: 17.5051 )
00000801: 15.9174   (Y': 15.1562   Cb: 15.4391   Cr: 17.5164 )
00000802: 16.0581   (Y': 15.2464   Cb: 15.5427   Cr: 17.8069 )
00000803: 15.7195   (Y': 14.5188   Cb: 15.4615   Cr: 17.7931 )
00000805: 15.873    (Y': 14.849    Cb: 15.5149   Cr: 17.7561 )
00000804: 15.8829   (Y': 14.828    Cb: 15.5607   Cr: 17.7669 )
00000806: 15.7495   (Y': 14.8033   Cb: 15.264    Cr: 17.6991 )
00000808: 15.7548   (Y': 14.7105   Cb: 15.4096   Cr: 17.6564 )
00000807: 15.7865   (Y': 14.8454   Cb: 15.296    Cr: 17.7353 )
00000809: 15.7764   (Y': 14.6666   Cb: 15.4507   Cr: 17.7764 )
00000810: 15.6752   (Y': 14.5714   Cb: 15.3908   Cr: 17.5935 )
00000811: 15.6931   (Y': 14.4467   Cb: 15.5143   Cr: 17.7304 )
00000812: 15.6868   (Y': 14.3632   Cb: 15.5877   Cr: 17.7585 )
00000814: 16.0695   (Y': 15.0404   Cb: 15.8501   Cr: 17.7394 )
00000813: 16.0771   (Y': 15.1214   Cb: 15.7611   Cr: 17.7624 )
00000815: 16.0922   (Y': 15.0168   Cb: 15.8786   Cr: 17.8406 )
00000816: 16.1784   (Y': 15.1265   Cb: 15.9528   Cr: 17.9008 )
00000817: 16.135    (Y': 15.1065   Cb: 15.8505   Cr: 17.906  )
00000818: 16.1325   (Y': 15.126    Cb: 15.8746   Cr: 17.8201 )
00000819: 16.1901   (Y': 15.2292   Cb: 15.9006   Cr: 17.8429 )
00000820: 16.2742   (Y': 15.3408   Cb: 15.9883   Cr: 17.872  )
00000822: 15.9517   (Y': 15.2163   Cb: 15.5219   Cr: 17.4303 )
00000821: 16.1374   (Y': 15.3024   Cb: 15.7732   Cr: 17.683  )
00000823: 15.835    (Y': 15.1352   Cb: 15.3675   Cr: 17.3132 )
00000824: 15.8432   (Y': 15.1316   Cb: 15.4025   Cr: 17.2993 )
00000825: 15.7482   (Y': 14.9581   Cb: 15.4555   Cr: 17.1105 )
00000826: 15.8058   (Y': 14.9081   Cb: 15.6285   Cr: 17.18   )
00000827: 15.9208   (Y': 14.9757   Cb: 15.7413   Cr: 17.3795 )
00000828: 15.8115   (Y': 14.7467   Cb: 15.8366   Cr: 17.1906 )
00000831: 15.9212   (Y': 14.6699   Cb: 16.2593   Cr: 17.2229 )
00000830: 15.8864   (Y': 14.7039   Cb: 16.1411   Cr: 17.1708 )
00000829: 15.8256   (Y': 14.675    Cb: 15.961    Cr: 17.208  )
00000832: 15.9425   (Y': 14.6655   Cb: 16.3138   Cr: 17.2496 )
00000833: 15.9887   (Y': 14.6706   Cb: 16.4664   Cr: 17.2406 )
00000834: 15.8718   (Y': 14.5989   Cb: 16.3575   Cr: 17.0338 )
00000835: 15.8711   (Y': 14.6374   Cb: 16.3815   Cr: 16.9371 )
00000836: 15.9147   (Y': 14.7556   Cb: 16.2177   Cr: 17.0981 )
00000837: 15.9899   (Y': 14.8305   Cb: 16.2663   Cr: 17.2066 )
00000838: 15.8468   (Y': 14.6884   Cb: 16.1053   Cr: 17.0841 )
00000839: 15.6817   (Y': 14.4847   Cb: 15.9308   Cr: 16.9985 )
00000840: 15.8835   (Y': 14.9272   Cb: 15.8832   Cr: 17.112  )
00000841: 15.8867   (Y': 14.9928   Cb: 15.8013   Cr: 17.1271 )
00000842: 16.0131   (Y': 15.1479   Cb: 15.7583   Cr: 17.4451 )
00000843: 16.0299   (Y': 15.2081   Cb: 15.7436   Cr: 17.4352 )
00000844: 16.0302   (Y': 15.1525   Cb: 15.6981   Cr: 17.6004 )
00000845: 15.8769   (Y': 15.0121   Cb: 15.4568   Cr: 17.564  )
00000846: 15.9548   (Y': 15.0028   Cb: 15.5944   Cr: 17.7046 )
00000847: 15.9315   (Y': 14.9311   Cb: 15.5877   Cr: 17.7455 )
00000848: 15.9      (Y': 14.992    Cb: 15.4718   Cr: 17.6795 )
00000849: 15.939    (Y': 15.0329   Cb: 15.5348   Cr: 17.6753 )
00000850: 15.904    (Y': 14.9797   Cb: 15.561    Cr: 17.5747 )
00000851: 15.9354   (Y': 14.9271   Cb: 15.6166   Cr: 17.7237 )
00000852: 15.85     (Y': 14.7928   Cb: 15.5827   Cr: 17.6487 )
00000853: 15.8162   (Y': 14.8114   Cb: 15.5624   Cr: 17.4942 )
00000854: 15.864    (Y': 14.8249   Cb: 15.7183   Cr: 17.4407 )
00000855: 15.9346   (Y': 14.9137   Cb: 15.7454   Cr: 17.5432 )
00000856: 15.9135   (Y': 14.842    Cb: 15.7978   Cr: 17.5053 )
00000857: 15.9      (Y': 14.7811   Cb: 15.8261   Cr: 17.5181 )
00000858: 15.7972   (Y': 14.7617   Cb: 15.7164   Cr: 17.2728 )
00000860: 15.8702   (Y': 14.6781   Cb: 15.8878   Cr: 17.493  )
00000859: 15.8266   (Y': 14.75     Cb: 15.7683   Cr: 17.3438 )
00000861: 15.9377   (Y': 14.6802   Cb: 16.0276   Cr: 17.5832 )
00000862: 16.1098   (Y': 14.9187   Cb: 16.1053   Cr: 17.7631 )
00000863: 16.2827   (Y': 15.096    Cb: 16.2515   Cr: 17.9667 )
00000864: 16.3181   (Y': 15.0851   Cb: 16.2255   Cr: 18.1881 )
00000865: 16.305    (Y': 15.0677   Cb: 16.2112   Cr: 18.1855 )
00000866: 16.1877   (Y': 15.0317   Cb: 16.0025   Cr: 18.0488 )
00000867: 16.2621   (Y': 15.1035   Cb: 16.021    Cr: 18.2196 )
00000868: 16.347    (Y': 15.1641   Cb: 16.0667   Cr: 18.4211 )
00000870: 16.3574   (Y': 15.1133   Cb: 16.1217   Cr: 18.4862 )
00000869: 16.3505   (Y': 15.1238   Cb: 16.1544   Cr: 18.375  )
00000871: 16.2357   (Y': 15.0433   Cb: 16.0069   Cr: 18.2426 )
00000872: 16.2269   (Y': 15.0745   Cb: 15.9782   Cr: 18.1843 )
00000873: 16.2287   (Y': 15.0183   Cb: 16.0613   Cr: 18.1715 )
00000874: 16.2754   (Y': 15.1604   Cb: 16.0298   Cr: 18.1523 )
00000875: 16.3229   (Y': 15.2345   Cb: 16.0735   Cr: 18.1532 )
00000877: 16.3241   (Y': 15.0817   Cb: 16.1481   Cr: 18.3485 )
00000876: 16.3158   (Y': 15.1374   Cb: 16.0981   Cr: 18.2753 )
00000878: 16.224    (Y': 15.0857   Cb: 15.9769   Cr: 18.1504 )
00000879: 16.3355   (Y': 15.151    Cb: 16.1463   Cr: 18.261  )
00000880: 16.2692   (Y': 15.1485   Cb: 16.0819   Cr: 18.0636 )
00000881: 16.2527   (Y': 15.0782   Cb: 16.1278   Cr: 18.0554 )
00000883: 16.355    (Y': 15.143    Cb: 16.2575   Cr: 18.1899 )
00000882: 16.3109   (Y': 15.081    Cb: 16.2174   Cr: 18.176  )
00000884: 16.434    (Y': 15.4082   Cb: 16.2145   Cr: 18.0979 )
00000885: 16.3566   (Y': 15.3923   Cb: 16.0724   Cr: 18.0078 )
00000886: 16.3548   (Y': 15.5421   Cb: 15.944    Cr: 17.935  )
00000887: 16.3442   (Y': 15.5183   Cb: 15.9252   Cr: 17.9606 )
00000888: 16.2914   (Y': 15.3616   Cb: 15.9037   Cr: 18.0445 )
00000889: 16.2505   (Y': 15.1952   Cb: 15.935    Cr: 18.1242 )
00000890: 16.3865   (Y': 15.295    Cb: 16.1533   Cr: 18.1971 )
00000891: 16.4141   (Y': 15.3125   Cb: 16.1733   Cr: 18.2567 )
00000892: 16.3126   (Y': 15.125    Cb: 16.1402   Cr: 18.217  )
00000893: 16.3128   (Y': 15.0713   Cb: 16.2139   Cr: 18.21   )
00000894: 16.3748   (Y': 15.0704   Cb: 16.3884   Cr: 18.2272 )
00000895: 16.3762   (Y': 14.9989   Cb: 16.4557   Cr: 18.2811 )
00000896: 16.398    (Y': 14.983    Cb: 16.5627   Cr: 18.2554 )
00000897: 16.3963   (Y': 14.9553   Cb: 16.5957   Cr: 18.2576 )
00000898: 16.5222   (Y': 15.0968   Cb: 16.721    Cr: 18.3516 )
00000899: 16.4746   (Y': 14.9914   Cb: 16.7266   Cr: 18.3503 )
00000900: 16.4967   (Y': 15.0168   Cb: 16.7248   Cr: 18.4002 )
00000901: 16.5504   (Y': 15.0031   Cb: 16.8558   Cr: 18.4893 )
00000902: 16.586    (Y': 15.0171   Cb: 16.9047   Cr: 18.5541 )
00000903: 16.6409   (Y': 15.0521   Cb: 16.9722   Cr: 18.6359 )
00000904: 16.5973   (Y': 15.0645   Cb: 16.8632   Cr: 18.5616 )
00000905: 16.6198   (Y': 15.0338   Cb: 16.9394   Cr: 18.6254 )
00000907: 16.6174   (Y': 14.9808   Cb: 17.0223   Cr: 18.6146 )
00000906: 16.5817   (Y': 14.9652   Cb: 16.9098   Cr: 18.645  )
00000908: 16.6496   (Y': 14.9256   Cb: 17.1954   Cr: 18.6507 )
00000909: 16.6416   (Y': 14.9249   Cb: 17.1861   Cr: 18.6273 )
00000910: 16.5748   (Y': 14.9095   Cb: 17.0706   Cr: 18.5091 )
00000911: 16.5673   (Y': 14.9075   Cb: 17.0719   Cr: 18.4769 )
00000912: 16.7285   (Y': 15.0861   Cb: 17.1392   Cr: 18.731  )
00000913: 16.7588   (Y': 15.1041   Cb: 17.1753   Cr: 18.7813 )
00000914: 16.8857   (Y': 15.0994   Cb: 17.3561   Cr: 19.1487 )
00000916: 17.084    (Y': 15.3539   Cb: 17.5318   Cr: 19.2409 )
00000915: 16.939    (Y': 15.1879   Cb: 17.3927   Cr: 19.1386 )
00000917: 17.0678   (Y': 15.3539   Cb: 17.472    Cr: 19.2504 )
00000918: 17.0527   (Y': 15.4762   Cb: 17.338    Cr: 19.0876 )
00000919: 17.0058   (Y': 15.5256   Cb: 17.1781   Cr: 18.9933 )
00000920: 16.3812   (Y': 14.5376   Cb: 16.8658   Cr: 18.7712 )
00000921: 16.4452   (Y': 14.6456   Cb: 16.8415   Cr: 18.8577 )
00000922: 16.4707   (Y': 14.6509   Cb: 16.8704   Cr: 18.9313 )
00000923: 16.4615   (Y': 14.6611   Cb: 16.8661   Cr: 18.8632 )
00000925: 16.2255   (Y': 14.4171   Cb: 16.7183   Cr: 18.5112 )
00000924: 16.2471   (Y': 14.3963   Cb: 16.7305   Cr: 18.6583 )
00000926: 16.8363   (Y': 15.5072   Cb: 16.9014   Cr: 18.6618 )
00000927: 16.8554   (Y': 15.5662   Cb: 16.8659   Cr: 18.6811 )
00000928: 16.6104   (Y': 15.3782   Cb: 16.6322   Cr: 18.3049 )
00000930: 16.4728   (Y': 15.2322   Cb: 16.4269   Cr: 18.2857 )
00000929: 16.4866   (Y': 15.2376   Cb: 16.5104   Cr: 18.2111 )
00000931: 16.5167   (Y': 15.2429   Cb: 16.487    Cr: 18.3724 )
00000932: 16.4125   (Y': 15.1538   Cb: 16.3546   Cr: 18.2809 )
00000933: 16.3781   (Y': 15.1224   Cb: 16.3254   Cr: 18.2323 )
00000934: 16.3366   (Y': 15.1597   Cb: 16.2858   Cr: 18.0311 )
00000935: 16.3222   (Y': 15.1236   Cb: 16.3243   Cr: 17.9802 )
00000936: 16.412    (Y': 15.188    Cb: 16.4599   Cr: 18.0523 )
00000937: 16.416    (Y': 15.2085   Cb: 16.4567   Cr: 18.0349 )
00000938: 16.5162   (Y': 15.3883   Cb: 16.482    Cr: 18.0929 )
00000939: 16.5716   (Y': 15.3571   Cb: 16.5916   Cr: 18.234  )
00000940: 16.6717   (Y': 15.4011   Cb: 16.6867   Cr: 18.453  )
00000941: 16.6278   (Y': 15.3642   Cb: 16.599    Cr: 18.4612 )
00000942: 16.6093   (Y': 15.336    Cb: 16.645    Cr: 18.3648 )
00000944: 16.7331   (Y': 15.3609   Cb: 16.9571   Cr: 18.4162 )
00000943: 16.5438   (Y': 15.1644   Cb: 16.676    Cr: 18.3738 )
00000945: 16.8435   (Y': 15.5654   Cb: 16.9681   Cr: 18.4796 )
00000946: 16.9267   (Y': 15.4352   Cb: 17.3463   Cr: 18.5868 )
00000947: 16.7838   (Y': 15.34     Cb: 17.1174   Cr: 18.4614 )
00000948: 16.6598   (Y': 15.5645   Cb: 16.6238   Cr: 18.1789 )
00000950: 16.6365   (Y': 15.5378   Cb: 16.6432   Cr: 18.1014 )
00000949: 16.6663   (Y': 15.6652   Cb: 16.5457   Cr: 18.1379 )
00000951: 16.6575   (Y': 15.5623   Cb: 16.6454   Cr: 18.1425 )
00000952: 16.4194   (Y': 15.3178   Cb: 16.33     Cr: 18.0278 )
00000954: 16.4234   (Y': 15.3329   Cb: 16.3473   Cr: 17.9918 )
00000953: 16.412    (Y': 15.3223   Cb: 16.3234   Cr: 17.9973 )
00000956: 16.6953   (Y': 15.4864   Cb: 16.663    Cr: 18.4245 )
00000955: 16.4602   (Y': 15.2832   Cb: 16.4173   Cr: 18.1427 )
00000958: 16.6209   (Y': 15.4643   Cb: 16.5662   Cr: 18.282  )
00000957: 16.6678   (Y': 15.6129   Cb: 16.5428   Cr: 18.2427 )
00000960: 16.9831   (Y': 15.6954   Cb: 16.9553   Cr: 18.8645 )
00000959: 16.7625   (Y': 15.5151   Cb: 16.7039   Cr: 18.6087 )
00000964: 16.796    (Y': 15.7011   Cb: 16.6592   Cr: 18.4627 )
00000963: 16.8256   (Y': 15.7036   Cb: 16.6749   Cr: 18.5654 )
00000962: 16.8677   (Y': 15.747    Cb: 16.7349   Cr: 18.5776 )
00000965: 16.6941   (Y': 15.5791   Cb: 16.5687   Cr: 18.3818 )
00000966: 16.6489   (Y': 15.5685   Cb: 16.5297   Cr: 18.2619 )
00000961: 16.9929   (Y': 15.6952   Cb: 17.0178   Cr: 18.8143 )
00000968: 16.5612   (Y': 15.5159   Cb: 16.5148   Cr: 18.0051 )
00000967: 16.6078   (Y': 15.5758   Cb: 16.4817   Cr: 18.1428 )
00000969: 16.5528   (Y': 15.4849   Cb: 16.483    Cr: 18.0705 )
00000971: 16.6172   (Y': 15.487    Cb: 16.586    Cr: 18.1937 )
00000973: 14.2248   (Y': 14.398    Cb: 13.242    Cr: 15.2753 )
00000974: 17.2612   (Y': 15.485    Cb: 17.8116   Cr: 19.3814 )
00000970: 16.6289   (Y': 15.4937   Cb: 16.5948   Cr: 18.2193 )
00000972: 16.545    (Y': 15.2739   Cb: 16.6042   Cr: 18.2615 )
00000975: 17.3682   (Y': 15.7483   Cb: 17.7694   Cr: 19.3325 )
00000976: 17.2767   (Y': 15.6312   Cb: 17.5167   Cr: 19.5457 )
00000978: 17.1645   (Y': 15.6246   Cb: 16.9993   Cr: 19.8757 )
00000979: 17.2489   (Y': 15.7094   Cb: 17.0717   Cr: 19.9822 )
00000977: 17.1881   (Y': 15.5665   Cb: 17.2635   Cr: 19.6711 )
00000980: 17.2955   (Y': 15.8759   Cb: 17.0596   Cr: 19.8323 )
00000982: 16.885    (Y': 15.4895   Cb: 16.6665   Cr: 19.3306 )
00000984: 17.0121   (Y': 15.6412   Cb: 16.8528   Cr: 19.2927 )
00000983: 16.9521   (Y': 15.5079   Cb: 16.8163   Cr: 19.3649 )
00000981: 17.0987   (Y': 15.7999   Cb: 16.7662   Cr: 19.5257 )
00000985: 17.035    (Y': 15.6463   Cb: 16.9441   Cr: 19.2384 )
00000986: 17.0402   (Y': 15.4071   Cb: 17.1366   Cr: 19.516  )
00000988: 17.1811   (Y': 15.6016   Cb: 17.1855   Cr: 19.6808 )
00000989: 17.0026   (Y': 15.4063   Cb: 17.0808   Cr: 19.4165 )
00000987: 17.0604   (Y': 15.4755   Cb: 17.0679   Cr: 19.5687 )
00000990: 16.7609   (Y': 15.1234   Cb: 16.8999   Cr: 19.1756 )
00000991: 16.8397   (Y': 15.2994   Cb: 16.9537   Cr: 19.0568 )
00000992: 16.8416   (Y': 15.3533   Cb: 16.9078   Cr: 19.014  )
00000994: 16.6786   (Y': 15.1387   Cb: 16.7416   Cr: 18.9789 )
00000995: 16.6557   (Y': 15.0118   Cb: 16.8668   Cr: 18.9671 )
00000993: 16.6933   (Y': 15.305    Cb: 16.6253   Cr: 18.8577 )
00000996: 16.5884   (Y': 14.9073   Cb: 16.827    Cr: 18.9482 )
00000997: 16.5037   (Y': 14.683    Cb: 16.8486   Cr: 19.0563 )
00000999: 16.6451   (Y': 14.753    Cb: 17.0577   Cr: 19.2844 )
00001000: 16.9598   (Y': 15.1109   Cb: 17.338    Cr: 19.5347 )
00001001: 16.9848   (Y': 15.1411   Cb: 17.3311   Cr: 19.5989 )
00000998: 16.5508   (Y': 14.5629   Cb: 17.0401   Cr: 19.3407 )
00001002: 17.0912   (Y': 15.3311   Cb: 17.3541   Cr: 19.6168 )
00001003: 17.0162   (Y': 15.3281   Cb: 17.2309   Cr: 19.4337 )
00001004: 17.2826   (Y': 15.5118   Cb: 17.5496   Cr: 19.8302 )
00001005: 17.2857   (Y': 15.6013   Cb: 17.4554   Cr: 19.7688 )
00001006: 17.3926   (Y': 15.8229   Cb: 17.5275   Cr: 19.6457 )
00001007: 17.3656   (Y': 15.8677   Cb: 17.4026   Cr: 19.6084 )
00001008: 17.3659   (Y': 15.7658   Cb: 17.3942   Cr: 19.8762 )
00001010: 17.4238   (Y': 15.6543   Cb: 17.552    Cr: 20.2132 )
00001009: 17.4086   (Y': 15.7213   Cb: 17.4962   Cr: 20.0429 )
00001012: 17.5298   (Y': 15.6321   Cb: 17.8225   Cr: 20.3934 )
00001013: 17.5762   (Y': 15.6923   Cb: 17.8868   Cr: 20.3668 )
00001014: 17.4403   (Y': 15.824    Cb: 17.5086   Cr: 19.9219 )
00001011: 17.4896   (Y': 15.6388   Cb: 17.7247   Cr: 20.3184 )
00001016: 17.6479   (Y': 16.124    Cb: 17.6143   Cr: 20.0744 )
00001017: 17.6214   (Y': 16.0959   Cb: 17.5766   Cr: 20.0718 )
00001015: 17.6119   (Y': 16.0569   Cb: 17.6423   Cr: 20.0044 )
00001018: 17.521    (Y': 16.0328   Cb: 17.4024   Cr: 20.0111 )
00001019: 17.528    (Y': 16.0129   Cb: 17.4282   Cr: 20.0514 )
00001020: 17.4375   (Y': 16.0446   Cb: 17.2548   Cr: 19.8115 )
00001021: 17.3913   (Y': 16.0296   Cb: 17.1908   Cr: 19.7236 )
00001022: 17.2617   (Y': 16.0179   Cb: 16.9667   Cr: 19.494  )
00001023: 17.2244   (Y': 16.0147   Cb: 16.9015   Cr: 19.4311 )
00001025: 17.2641   (Y': 15.9761   Cb: 16.931    Cr: 19.6671 )
00001026: 17.2848   (Y': 16.0646   Cb: 16.8995   Cr: 19.6293 )
00001024: 17.2615   (Y': 16.0068   Cb: 16.9738   Cr: 19.505  )
00001027: 17.2429   (Y': 16.0019   Cb: 16.8509   Cr: 19.648  )
00001028: 17.344    (Y': 16.1529   Cb: 16.8843   Cr: 19.7642 )
00001029: 17.3777   (Y': 16.1672   Cb: 16.9889   Cr: 19.7071 )
00001032: 17.1324   (Y': 16.0215   Cb: 16.6856   Cr: 19.35   )
00001033: 17.1581   (Y': 16.0935   Cb: 16.6885   Cr: 19.3191 )
00001031: 17.0502   (Y': 15.8777   Cb: 16.5956   Cr: 19.4179 )
00001034: 17.1913   (Y': 16.0308   Cb: 16.8074   Cr: 19.4006 )
00001030: 17.1875   (Y': 16.0062   Cb: 16.831    Cr: 19.3923 )
00001035: 17.126    (Y': 16.0098   Cb: 16.7012   Cr: 19.3145 )
00001036: 17.0892   (Y': 15.9617   Cb: 16.6918   Cr: 19.2523 )
00001037: 17.0317   (Y': 15.8956   Cb: 16.6533   Cr: 19.1785 )
00001040: 16.9501   (Y': 15.901    Cb: 16.5548   Cr: 18.9467 )
00001038: 17.0191   (Y': 15.8308   Cb: 16.6733   Cr: 19.2203 )
00001041: 16.0438   (Y': 14.6902   Cb: 15.621    Cr: 18.7847 )
00001042: 17.5715   (Y': 15.7389   Cb: 17.8476   Cr: 20.2748 )
00001043: 17.6378   (Y': 15.8097   Cb: 17.9486   Cr: 20.2683 )
00001044: 17.6472   (Y': 15.8376   Cb: 17.9636   Cr: 20.2174 )
00001039: 17.019    (Y': 15.8472   Cb: 16.6893   Cr: 19.156  )
00001045: 17.6403   (Y': 15.855    Cb: 17.9226   Cr: 20.2012 )
00001046: 17.6133   (Y': 15.8585   Cb: 17.8758   Cr: 20.1257 )
00001047: 17.5939   (Y': 15.8849   Cb: 17.8193   Cr: 20.0475 )
00001048: 17.5541   (Y': 15.8442   Cb: 17.8051   Cr: 19.9676 )
00001050: 17.5186   (Y': 15.871    Cb: 17.6732   Cr: 19.9327 )
00001051: 17.5031   (Y': 15.8922   Cb: 17.664    Cr: 19.8145 )
00001052: 17.4608   (Y': 15.8018   Cb: 17.6652   Cr: 19.821  )
00001053: 17.543    (Y': 15.8687   Cb: 17.7466   Cr: 19.943  )
00001049: 17.588    (Y': 15.8915   Cb: 17.7817   Cr: 20.0623 )
00001054: 17.565    (Y': 15.8465   Cb: 17.8269   Cr: 19.9829 )
00001055: 17.5493   (Y': 15.8781   Cb: 17.7977   Cr: 19.8683 )
00001057: 17.6518   (Y': 16.0195   Cb: 17.9557   Cr: 19.7892 )
00001058: 17.7081   (Y': 16.0796   Cb: 18.0411   Cr: 19.7921 )
00001056: 17.6555   (Y': 16.0936   Cb: 17.8593   Cr: 19.7809 )
00001060: 17.8347   (Y': 16.0902   Cb: 18.3653   Cr: 19.9062 )
00001059: 17.7955   (Y': 16.1478   Cb: 18.1937   Cr: 19.8282 )
00001061: 17.8703   (Y': 16.0869   Cb: 18.462    Cr: 19.9493 )
00001062: 17.9074   (Y': 16.027    Cb: 18.6304   Cr: 20.0435 )
00001063: 17.9222   (Y': 15.9761   Cb: 18.7068   Cr: 20.1412 )
00001064: 17.923    (Y': 15.9476   Cb: 18.7931   Cr: 20.1013 )
00001066: 18.0951   (Y': 16.0049   Cb: 19.1805   Cr: 20.2919 )
00001065: 18.051    (Y': 15.9917   Cb: 19.068    Cr: 20.254  )
00001068: 18.0987   (Y': 15.9714   Cb: 19.2042   Cr: 20.3705 )
00001067: 18.0617   (Y': 15.9876   Cb: 19.0963   Cr: 20.2817 )
00001069: 18.1536   (Y': 16.0332   Cb: 19.2634   Cr: 20.4009 )
00001070: 18.3008   (Y': 16.0908   Cb: 19.5039   Cr: 20.6772 )
00001071: 18.3702   (Y': 16.1362   Cb: 19.5941   Cr: 20.7891 )
00001073: 18.5396   (Y': 16.2839   Cb: 19.77     Cr: 21.0137 )
00001072: 18.5309   (Y': 16.2998   Cb: 19.72     Cr: 20.9873 )
00001074: 18.525    (Y': 16.2072   Cb: 19.892    Cr: 21.0059 )
00001075: 18.5469   (Y': 16.2423   Cb: 19.958    Cr: 20.9326 )
00001076: 18.5408   (Y': 16.1932   Cb: 20.0393   Cr: 20.9453 )
00001077: 18.5244   (Y': 16.1686   Cb: 19.9986   Cr: 20.9836 )
00001078: 18.4697   (Y': 16.0156   Cb: 20.0435   Cr: 21.1106 )
00001079: 18.461    (Y': 15.9473   Cb: 20.1302   Cr: 21.1756 )
00001080: 18.4945   (Y': 15.8557   Cb: 20.3001   Cr: 21.4694 )
00001082: 18.4424   (Y': 15.7434   Cb: 20.2953   Cr: 21.5792 )
00001081: 18.5453   (Y': 15.8765   Cb: 20.4316   Cr: 21.5248 )
00001083: 18.3788   (Y': 15.6565   Cb: 20.2765   Cr: 21.545  )
00001084: 18.3305   (Y': 15.5956   Cb: 20.2662   Cr: 21.495  )
00001085: 18.2785   (Y': 15.5465   Cb: 20.212    Cr: 21.4349 )
00001086: 18.2965   (Y': 15.6743   Cb: 20.1386   Cr: 21.1645 )
00001087: 18.3186   (Y': 15.6951   Cb: 20.0934   Cr: 21.2784 )
00001088: 18.4174   (Y': 15.8284   Cb: 20.1352   Cr: 21.3282 )
00001089: 18.3774   (Y': 15.745    Cb: 20.1378   Cr: 21.3885 )
00001091: 18.2587   (Y': 15.6256   Cb: 19.9055   Cr: 21.4287 )
00001092: 18.2657   (Y': 15.6131   Cb: 19.8933   Cr: 21.5387 )
00001093: 18.2933   (Y': 15.6128   Cb: 20.0078   Cr: 21.55   )
00001090: 18.315    (Y': 15.6952   Cb: 19.9845   Cr: 21.4031 )
00001094: 18.2539   (Y': 15.5646   Cb: 20.0063   Cr: 21.4918 )
00001095: 18.2585   (Y': 15.527    Cb: 20.0611   Cr: 21.5929 )
00001096: 18.2358   (Y': 15.4443   Cb: 20.1923   Cr: 21.599  )
00001098: 18.1503   (Y': 15.3263   Cb: 20.1871   Cr: 21.5382 )
00001097: 18.2229   (Y': 15.4307   Cb: 20.1603   Cr: 21.6161 )
00001099: 18.2474   (Y': 15.4295   Cb: 20.2624   Cr: 21.6399 )
00001101: 18.2548   (Y': 15.416    Cb: 20.2484   Cr: 21.7659 )
00001100: 18.2563   (Y': 15.4045   Cb: 20.3321   Cr: 21.7086 )
00001102: 18.3304   (Y': 15.4988   Cb: 20.3211   Cr: 21.8145 )
00001103: 18.2958   (Y': 15.4417   Cb: 20.322    Cr: 21.8273 )
00001104: 18.206    (Y': 15.4011   Cb: 20.1738   Cr: 21.6097 )
00001105: 18.2826   (Y': 15.5473   Cb: 20.1058   Cr: 21.6028 )
00001106: 18.2448   (Y': 15.5129   Cb: 20.0876   Cr: 21.5243 )
00001107: 18.2139   (Y': 15.5061   Cb: 20.0147   Cr: 21.4557 )
00001110: 18.0181   (Y': 15.33     Cb: 19.9672   Cr: 20.9888 )
00001109: 18.0675   (Y': 15.3789   Cb: 19.9386   Cr: 21.1407 )
00001111: 18.0445   (Y': 15.3855   Cb: 19.9874   Cr: 20.9169 )
00001108: 18.0792   (Y': 15.3809   Cb: 19.8837   Cr: 21.2792 )
00001112: 17.9338   (Y': 15.359    Cb: 19.7889   Cr: 20.6225 )
00001113: 17.872    (Y': 15.348    Cb: 19.7786   Cr: 20.3344 )
00001114: 17.7156   (Y': 15.2741   Cb: 19.5374   Cr: 20.0208 )
00001115: 17.7049   (Y': 15.3854   Cb: 19.4313   Cr: 19.7659 )
00001116: 17.726    (Y': 15.4007   Cb: 19.422    Cr: 19.8362 )
00001118: 17.6456   (Y': 15.2761   Cb: 19.2248   Cr: 20.0171 )
00001117: 17.6798   (Y': 15.3301   Cb: 19.358    Cr: 19.8787 )
00001119: 18.108    (Y': 16.0233   Cb: 19.2858   Cr: 20.1738 )
00001120: 18.0982   (Y': 16.0049   Cb: 19.1807   Cr: 20.3069 )
00001122: 17.746    (Y': 15.8638   Cb: 18.2544   Cr: 20.2028 )
00001121: 17.8724   (Y': 15.8047   Cb: 18.8127   Cr: 20.2018 )
00001123: 17.7181   (Y': 15.8535   Cb: 18.1906   Cr: 20.1834 )
00001124: 17.7519   (Y': 15.8554   Cb: 18.1862   Cr: 20.3675 )
00001125: 17.8259   (Y': 15.8574   Cb: 18.3019   Cr: 20.5799 )
00001128: 17.9034   (Y': 15.6907   Cb: 18.5306   Cr: 21.1819 )
00001129: 17.8246   (Y': 15.597    Cb: 18.4448   Cr: 21.1695 )
00001126: 18.0333   (Y': 16.0964   Cb: 18.4366   Cr: 20.8181 )
00001130: 17.6871   (Y': 15.4077   Cb: 18.3505   Cr: 21.1413 )
00001131: 17.931    (Y': 15.7894   Cb: 18.394    Cr: 21.2683 )
00001132: 17.986    (Y': 16.1202   Cb: 18.1677   Cr: 20.9591 )
00001127: 18.0889   (Y': 16.0517   Cb: 18.5052   Cr: 21.1615 )
00001133: 17.7635   (Y': 15.6789   Cb: 18.1668   Cr: 21.0185 )
00001134: 17.6835   (Y': 15.5985   Cb: 17.9831   Cr: 21.1467 )
00001135: 17.6595   (Y': 15.5347   Cb: 17.9866   Cr: 21.2102 )
00001137: 17.679    (Y': 15.4106   Cb: 18.205    Cr: 21.3631 )
00001138: 17.7242   (Y': 15.4546   Cb: 18.2196   Cr: 21.4769 )
00001139: 17.7754   (Y': 15.4945   Cb: 18.315    Cr: 21.4808 )
00001136: 17.6622   (Y': 15.3994   Cb: 18.1729   Cr: 21.3561 )
00001140: 17.8926   (Y': 15.5889   Cb: 18.4866   Cr: 21.5767 )
00001141: 17.9226   (Y': 15.6116   Cb: 18.5582   Cr: 21.5516 )
00001143: 17.8906   (Y': 15.4875   Cb: 18.6086   Cr: 21.7272 )
00001144: 17.982    (Y': 15.539    Cb: 18.777    Cr: 21.8313 )
00001145: 17.9669   (Y': 15.476    Cb: 18.8404   Cr: 21.8639 )
00001146: 17.9742   (Y': 15.4372   Cb: 18.8954   Cr: 21.9793 )
00001142: 17.908    (Y': 15.514    Cb: 18.6176   Cr: 21.724  )
00001147: 17.9399   (Y': 15.4033   Cb: 18.8768   Cr: 21.9116 )
00001149: 17.943    (Y': 15.4365   Cb: 18.8054   Cr: 21.9313 )
00001148: 17.9489   (Y': 15.4022   Cb: 18.9095   Cr: 21.9179 )
00001150: 17.9721   (Y': 15.4335   Cb: 18.9437   Cr: 21.884  )
00001153: 17.928    (Y': 15.3138   Cb: 18.9643   Cr: 22.0555 )
00001152: 17.9122   (Y': 15.2919   Cb: 18.9363   Cr: 22.0934 )
00001151: 17.9816   (Y': 15.4093   Cb: 18.9941   Cr: 21.9633 )
00001154: 17.9422   (Y': 15.2934   Cb: 19.061    Cr: 22.0669 )
00001156: 17.9521   (Y': 15.3529   Cb: 19.0621   Cr: 21.8648 )
00001157: 17.955    (Y': 15.3923   Cb: 18.9606   Cr: 21.9064 )
00001155: 17.965    (Y': 15.3585   Cb: 19.0471   Cr: 21.9646 )
00001158: 17.9881   (Y': 15.4825   Cb: 18.8959   Cr: 21.8813 )
00001159: 17.9672   (Y': 15.5059   Cb: 18.7768   Cr: 21.8646 )
00001160: 17.9734   (Y': 15.5107   Cb: 18.8129   Cr: 21.817  )
00001162: 18.0209   (Y': 15.564    Cb: 18.8732   Cr: 21.815  )
00001164: 17.998    (Y': 15.5361   Cb: 18.9421   Cr: 21.6372 )
00001161: 18.0057   (Y': 15.5398   Cb: 18.8451   Cr: 21.8634 )
00001163: 17.9553   (Y': 15.5106   Cb: 18.7706   Cr: 21.7711 )
00001165: 18.0395   (Y': 15.5872   Cb: 18.96     Cr: 21.6832 )
00001166: 18.1408   (Y': 15.6208   Cb: 19.2066   Cr: 21.7948 )
00001167: 18.1122   (Y': 15.5554   Cb: 19.2965   Cr: 21.7074 )
00001170: 18.163    (Y': 15.4647   Cb: 19.7019   Cr: 21.7584 )
00001168: 18.1804   (Y': 15.5113   Cb: 19.648    Cr: 21.7672 )
00001169: 18.151    (Y': 15.4457   Cb: 19.6495   Cr: 21.8421 )
00001171: 18.1356   (Y': 15.4044   Cb: 19.7226   Cr: 21.7947 )
00001173: 18.1172   (Y': 15.3258   Cb: 19.7943   Cr: 21.8988 )
00001172: 18.0957   (Y': 15.3154   Cb: 19.7502   Cr: 21.8641 )
00001174: 18.0913   (Y': 15.2991   Cb: 19.774    Cr: 21.8672 )
00001175: 18.051    (Y': 15.2678   Cb: 19.6852   Cr: 21.8651 )
00001176: 18.0118   (Y': 15.2192   Cb: 19.6029   Cr: 21.9425 )
00001177: 18.0445   (Y': 15.2786   Cb: 19.5763   Cr: 21.9523 )
00001178: 18.0109   (Y': 15.2987   Cb: 19.401    Cr: 21.9194 )
00001179: 17.9542   (Y': 15.2463   Cb: 19.2899   Cr: 21.9412 )
00001181: 17.9367   (Y': 15.3445   Cb: 19.1228   Cr: 21.6778 )
00001180: 17.917    (Y': 15.2794   Cb: 19.1308   Cr: 21.8075 )
00001182: 17.8959   (Y': 15.3571   Cb: 19.0034   Cr: 21.5523 )
00001183: 17.9135   (Y': 15.4042   Cb: 18.9621   Cr: 21.5544 )
00001184: 17.8982   (Y': 15.4632   Cb: 18.8446   Cr: 21.4247 )
00001185: 17.8996   (Y': 15.5198   Cb: 18.7904   Cr: 21.3127 )
00001186: 18.3891   (Y': 16.2173   Cb: 19.1183   Cr: 21.3502 )
00001187: 18.4363   (Y': 16.2638   Cb: 19.1862   Cr: 21.365  )
00001188: 18.3994   (Y': 16.2794   Cb: 19.0715   Cr: 21.2889 )
00001189: 18.3425   (Y': 16.192    Cb: 19.0649   Cr: 21.2458 )
00001190: 18.3254   (Y': 15.9554   Cb: 19.3372   Cr: 21.4946 )
00001191: 18.2551   (Y': 15.9037   Cb: 19.2725   Cr: 21.3497 )
Total: 16.4305   (Y': 15.2194   Cb: 16.4708   Cr: 18.0572 )
