00000000: 13.0042   (Y': 10.6413   Cb: 14.2825   Cr: 15.7455 )
00000001: 13.0369   (Y': 10.7248   Cb: 14.2245   Cr: 15.7433 )
00000002: 12.9864   (Y': 10.7398   Cb: 14.1092   Cr: 15.5804 )
00000003: 13.0067   (Y': 10.8127   Cb: 14.0735   Cr: 15.5209 )
00000004: 12.9598   (Y': 10.8536   Cb: 13.8728   Cr: 15.4356 )
00000007: 13.046    (Y': 11.0588   Cb: 13.819    Cr: 15.3907 )
00000005: 12.9937   (Y': 10.9146   Cb: 13.8859   Cr: 15.422  )
00000006: 13.0697   (Y': 11.0127   Cb: 13.915    Cr: 15.5028 )
00000008: 12.9919   (Y': 11.0184   Cb: 13.7246   Cr: 15.3578 )
00000010: 13.9683   (Y': 12.0338   Cb: 14.9303   Cr: 15.9234 )
00000009: 13.1603   (Y': 11.2507   Cb: 13.9117   Cr: 15.3308 )
00000011: 14.3996   (Y': 12.4483   Cb: 15.4024   Cr: 16.3448 )
00000012: 13.8024   (Y': 12.0121   Cb: 14.5922   Cr: 15.6328 )
00000014: 13.3346   (Y': 11.6263   Cb: 13.9802   Cr: 15.1639 )
00000013: 13.3538   (Y': 11.6109   Cb: 14.0595   Cr: 15.1834 )
00000015: 13.571    (Y': 11.7717   Cb: 14.3511   Cr: 15.4344 )
00000016: 13.6016   (Y': 11.7631   Cb: 14.3791   Cr: 15.5609 )
00000017: 13.5872   (Y': 11.7283   Cb: 14.4162   Cr: 15.5286 )
00000021: 13.5008   (Y': 11.5102   Cb: 14.3953   Cr: 15.6858 )
00000018: 13.4624   (Y': 11.5674   Cb: 14.3241   Cr: 15.4489 )
00000019: 13.4854   (Y': 11.5573   Cb: 14.4068   Cr: 15.4761 )
00000020: 13.4724   (Y': 11.5129   Cb: 14.3904   Cr: 15.546  )
00000022: 13.8673   (Y': 11.7981   Cb: 14.8556   Cr: 16.1351 )
00000024: 14.1306   (Y': 11.9564   Cb: 15.1476   Cr: 16.6564 )
00000023: 13.863    (Y': 11.7044   Cb: 14.9226   Cr: 16.2845 )
00000025: 14.2357   (Y': 12.0426   Cb: 15.2173   Cr: 16.8692 )
00000026: 14.3991   (Y': 12.1341   Cb: 15.5128   Cr: 17.0623 )
00000028: 14.539    (Y': 12.2446   Cb: 15.7122   Cr: 17.2098 )
00000027: 14.4599   (Y': 12.1967   Cb: 15.6111   Cr: 17.0646 )
00000029: 14.6151   (Y': 12.3144   Cb: 15.8303   Cr: 17.2468 )
00000030: 14.737    (Y': 12.4539   Cb: 15.8743   Cr: 17.423  )
00000031: 14.8333   (Y': 12.5775   Cb: 15.9722   Cr: 17.4327 )
00000032: 15.0957   (Y': 12.7979   Cb: 16.3357   Cr: 17.6844 )
00000033: 15.1915   (Y': 12.8684   Cb: 16.5263   Cr: 17.7304 )
00000034: 15.1642   (Y': 12.7983   Cb: 16.6201   Cr: 17.6774 )
00000036: 15.3352   (Y': 12.8924   Cb: 16.9097   Cr: 17.9385 )
00000035: 15.2713   (Y': 12.8988   Cb: 16.7244   Cr: 17.8089 )
00000037: 15.4144   (Y': 12.9622   Cb: 17.0404   Cr: 17.9833 )
00000038: 15.5034   (Y': 13.0407   Cb: 17.2048   Cr: 18.0133 )
00000039: 15.5536   (Y': 13.0689   Cb: 17.2244   Cr: 18.1714 )
00000040: 15.5431   (Y': 13.0672   Cb: 17.2105   Cr: 18.1362 )
00000041: 15.6216   (Y': 13.1401   Cb: 17.3037   Cr: 18.2147 )
00000042: 15.7213   (Y': 13.1552   Cb: 17.5245   Cr: 18.4437 )
00000043: 15.7676   (Y': 13.2011   Cb: 17.6332   Cr: 18.4158 )
00000044: 15.8897   (Y': 13.3203   Cb: 17.7808   Cr: 18.5169 )
00000045: 15.9636   (Y': 13.3763   Cb: 17.8826   Cr: 18.6174 )
00000046: 16.2038   (Y': 13.6246   Cb: 18.1873   Cr: 18.7559 )
00000047: 16.1701   (Y': 13.5636   Cb: 18.2362   Cr: 18.7184 )
00000048: 16.2021   (Y': 13.6149   Cb: 18.2532   Cr: 18.7038 )
00000049: 16.3721   (Y': 13.8161   Cb: 18.4629   Cr: 18.7321 )
00000050: 16.507    (Y': 13.9508   Cb: 18.649    Cr: 18.814  )
00000051: 16.3795   (Y': 13.7904   Cb: 18.4984   Cr: 18.8133 )
00000052: 16.5883   (Y': 14.0806   Cb: 18.6782   Cr: 18.8028 )
00000053: 16.527    (Y': 14.0285   Cb: 18.6175   Cr: 18.7139 )
00000055: 16.5697   (Y': 14.0217   Cb: 18.6637   Cr: 18.9017 )
00000054: 16.6135   (Y': 14.2031   Cb: 18.6119   Cr: 18.6417 )
00000056: 16.5564   (Y': 14.1102   Cb: 18.6027   Cr: 18.637  )
00000057: 16.5184   (Y': 14.0455   Cb: 18.5841   Cr: 18.6558 )
00000058: 16.3803   (Y': 13.9195   Cb: 18.3985   Cr: 18.5311 )
00000059: 16.3544   (Y': 13.9249   Cb: 18.3463   Cr: 18.4431 )
00000062: 16.1005   (Y': 13.714    Cb: 18.1904   Cr: 17.9741 )
00000060: 16.2856   (Y': 13.8982   Cb: 18.2591   Cr: 18.2756 )
00000061: 16.1833   (Y': 13.7705   Cb: 18.2602   Cr: 18.1405 )
00000063: 16.015    (Y': 13.628    Cb: 18.0911   Cr: 17.9036 )
00000064: 15.7656   (Y': 13.3602   Cb: 17.8634   Cr: 17.6824 )
00000065: 15.5586   (Y': 13.1219   Cb: 17.7146   Cr: 17.5054 )
00000066: 15.4909   (Y': 12.9693   Cb: 17.6666   Cr: 17.6594 )
00000068: 15.451    (Y': 12.7669   Cb: 17.8326   Cr: 17.9165 )
00000067: 15.4745   (Y': 12.8836   Cb: 17.7116   Cr: 17.7905 )
00000071: 15.4756   (Y': 12.6284   Cb: 18.0514   Cr: 18.3064 )
00000069: 15.447    (Y': 12.7434   Cb: 17.8578   Cr: 17.9469 )
00000070: 15.5413   (Y': 12.698    Cb: 18.1282   Cr: 18.3458 )
00000072: 15.3443   (Y': 12.4596   Cb: 17.9207   Cr: 18.316  )
00000073: 15.2682   (Y': 12.3698   Cb: 17.8702   Cr: 18.2645 )
00000074: 15.0978   (Y': 12.1872   Cb: 17.6803   Cr: 18.1634 )
00000075: 14.94     (Y': 12.0202   Cb: 17.5122   Cr: 18.0544 )
00000076: 14.6102   (Y': 11.7025   Cb: 17.1442   Cr: 17.7191 )
00000077: 14.4273   (Y': 11.5211   Cb: 16.9425   Cr: 17.5523 )
00000078: 14        (Y': 11.145    Cb: 16.4336   Cr: 17.0168 )
00000079: 13.8305   (Y': 11.0055   Cb: 16.2034   Cr: 16.8019 )
00000080: 13.5219   (Y': 10.8225   Cb: 15.7474   Cr: 16.2048 )
00000081: 13.3574   (Y': 10.7274   Cb: 15.472    Cr: 15.9288 )
00000082: 13.1046   (Y': 10.6216   Cb: 15.0295   Cr: 15.4205 )
00000083: 12.9665   (Y': 10.5421   Cb: 14.8432   Cr: 15.1611 )
00000084: 12.6574   (Y': 10.4245   Cb: 14.287    Cr: 14.5914 )
00000085: 12.6098   (Y': 10.4781   Cb: 14.1228   Cr: 14.4113 )
00000087: 12.4963   (Y': 10.6014   Cb: 13.7339   Cr: 14.0393 )
00000086: 12.4904   (Y': 10.534    Cb: 13.8034   Cr: 14.0904 )
00000088: 12.172    (Y': 10.3147   Cb: 13.3726   Cr: 13.6725 )
00000089: 12.9462   (Y': 10.9889   Cb: 14.3684   Cr: 14.4343 )
00000090: 12.4957   (Y': 10.8385   Cb: 13.5686   Cr: 13.7205 )
00000091: 12.283    (Y': 10.6615   Cb: 13.2907   Cr: 13.5066 )
00000092: 11.3086   (Y': 9.53399   Cb: 12.3206   Cr: 12.8384 )
00000093: 11.6656   (Y': 9.94143   Cb: 12.6834   Cr: 13.0828 )
00000094: 11.3774   (Y': 9.60732   Cb: 12.39     Cr: 12.8966 )
00000095: 11.4119   (Y': 9.66418   Cb: 12.4027   Cr: 12.9082 )
00000096: 11.4473   (Y': 9.69951   Cb: 12.4553   Cr: 12.9245 )
00000097: 11.4142   (Y': 9.66502   Cb: 12.4087   Cr: 12.9096 )
00000098: 11.3891   (Y': 9.6324    Cb: 12.4017   Cr: 12.8803 )
00000099: 11.4681   (Y': 9.73294   Cb: 12.4827   Cr: 12.9115 )
00000101: 11.5666   (Y': 9.80741   Cb: 12.6157   Cr: 13.0224 )
00000100: 11.5242   (Y': 9.77089   Cb: 12.5684   Cr: 12.9732 )
00000102: 11.6107   (Y': 9.84774   Cb: 12.6548   Cr: 13.0797 )
00000104: 11.6527   (Y': 9.86508   Cb: 12.7102   Cr: 13.1593 )
00000103: 11.5918   (Y': 9.80746   Cb: 12.6329   Cr: 13.1097 )
00000105: 11.6773   (Y': 9.89053   Cb: 12.7383   Cr: 13.1783 )
00000106: 11.7622   (Y': 9.95917   Cb: 12.8343   Cr: 13.2854 )
00000107: 11.7979   (Y': 9.95728   Cb: 12.8821   Cr: 13.3896 )
00000108: 11.917    (Y': 10.0538   Cb: 13.0426   Cr: 13.5122 )
00000109: 11.974    (Y': 10.0929   Cb: 13.128    Cr: 13.5775 )
00000110: 12.2017   (Y': 10.273    Cb: 13.4341   Cr: 13.826  )
00000111: 12.2501   (Y': 10.3      Cb: 13.5332   Cr: 13.8678 )
00000112: 12.3556   (Y': 10.4177   Cb: 13.6479   Cr: 13.9359 )
00000113: 12.417    (Y': 10.4715   Cb: 13.7529   Cr: 13.9679 )
00000117: 12.7475   (Y': 10.7257   Cb: 14.1696   Cr: 14.382  )
00000114: 12.4872   (Y': 10.4905   Cb: 13.9178   Cr: 14.0553 )
00000115: 12.6033   (Y': 10.6091   Cb: 14.0307   Cr: 14.1691 )
00000118: 12.8172   (Y': 10.7578   Cb: 14.2531   Cr: 14.5253 )
00000116: 12.7198   (Y': 10.7191   Cb: 14.1438   Cr: 14.3038 )
00000119: 12.8284   (Y': 10.7675   Cb: 14.2525   Cr: 14.5531 )
00000120: 12.8802   (Y': 10.7819   Cb: 14.2996   Cr: 14.7003 )
00000121: 12.885    (Y': 10.7623   Cb: 14.3638   Cr: 14.7011 )
00000123: 13.0482   (Y': 10.8723   Cb: 14.5419   Cr: 14.982  )
00000122: 12.9986   (Y': 10.8294   Cb: 14.5147   Cr: 14.8909 )
00000124: 13.1175   (Y': 10.8668   Cb: 14.6767   Cr: 15.1754 )
00000125: 13.1642   (Y': 10.8787   Cb: 14.7255   Cr: 15.3154 )
00000126: 13.3107   (Y': 10.9551   Cb: 14.9626   Cr: 15.5564 )
00000127: 13.4369   (Y': 11.0517   Cb: 15.1175   Cr: 15.7357 )
00000128: 13.6656   (Y': 11.1866   Cb: 15.4375   Cr: 16.1424 )
00000129: 13.7587   (Y': 11.2212   Cb: 15.6671   Cr: 16.2621 )
00000130: 13.9783   (Y': 11.3792   Cb: 15.9931   Cr: 16.56   )
00000132: 14.2117   (Y': 11.4642   Cb: 16.4327   Cr: 17.0704 )
00000131: 14.0183   (Y': 11.3926   Cb: 16.0923   Cr: 16.621  )
00000133: 14.2844   (Y': 11.4374   Cb: 16.6724   Cr: 17.323  )
00000134: 14.5071   (Y': 11.5757   Cb: 17.0125   Cr: 17.7461 )
00000135: 14.6058   (Y': 11.6408   Cb: 17.1944   Cr: 17.8867 )
00000136: 14.6953   (Y': 11.6732   Cb: 17.4144   Cr: 18.0691 )
00000137: 14.7586   (Y': 11.6978   Cb: 17.6275   Cr: 18.1306 )
00000138: 14.8966   (Y': 11.771    Cb: 17.9914   Cr: 18.3081 )
00000139: 14.9734   (Y': 11.809    Cb: 18.1566   Cr: 18.4678 )
00000140: 15.0289   (Y': 11.8468   Cb: 18.2892   Cr: 18.5236 )
00000141: 15.0663   (Y': 11.8753   Cb: 18.4306   Cr: 18.4945 )
00000143: 15.1794   (Y': 11.9931   Cb: 18.6071   Cr: 18.5226 )
00000144: 15.2612   (Y': 11.9967   Cb: 18.9496   Cr: 18.7122 )
00000142: 15.1389   (Y': 11.9428   Cb: 18.5352   Cr: 18.5576 )
00000145: 15.3387   (Y': 12.0973   Cb: 19.1037   Cr: 18.6137 )
00000147: 15.4188   (Y': 12.1267   Cb: 19.3364   Cr: 18.7893 )
00000146: 15.3914   (Y': 12.1186   Cb: 19.2402   Cr: 18.7342 )
00000148: 15.381    (Y': 12.0815   Cb: 19.3465   Cr: 18.7445 )
00000149: 15.3894   (Y': 12.0919   Cb: 19.3017   Cr: 18.7901 )
00000152: 15.1903   (Y': 11.9194   Cb: 18.9396   Cr: 18.6144 )
00000150: 15.3237   (Y': 12.0335   Cb: 19.1489   Cr: 18.7682 )
00000151: 15.2882   (Y': 11.9945   Cb: 19.0953   Cr: 18.7663 )
00000153: 15.1208   (Y': 11.8386   Cb: 18.8438   Cr: 18.6229 )
00000154: 14.9005   (Y': 11.6227   Cb: 18.6151   Cr: 18.3897 )
00000155: 14.8357   (Y': 11.5453   Cb: 18.4914   Cr: 18.4426 )
00000156: 14.6487   (Y': 11.3941   Cb: 18.208    Cr: 18.1784 )
00000158: 14.3766   (Y': 11.1108   Cb: 17.8654   Cr: 18.0319 )
00000157: 14.5569   (Y': 11.2983   Cb: 18.1331   Cr: 18.089  )
00000159: 14.2704   (Y': 11.0228   Cb: 17.6996   Cr: 17.8995 )
00000160: 14.0065   (Y': 10.7357   Cb: 17.4326   Cr: 17.753  )
00000161: 13.9344   (Y': 10.6431   Cb: 17.4121   Cr: 17.7298 )
00000162: 13.859    (Y': 10.5823   Cb: 17.252    Cr: 17.6719 )
00000163: 13.8324   (Y': 10.5423   Cb: 17.3081   Cr: 17.6235 )
00000164: 13.8298   (Y': 10.512    Cb: 17.3793   Cr: 17.685  )
00000165: 13.8864   (Y': 10.58     Cb: 17.419    Cr: 17.7002 )
00000166: 14.1757   (Y': 10.8483   Cb: 17.8184   Cr: 17.9817 )
00000167: 14.2841   (Y': 10.9431   Cb: 18.0512   Cr: 18.0338 )
00000168: 14.4399   (Y': 11.0777   Cb: 18.3294   Cr: 18.1779 )
00000169: 14.6037   (Y': 11.2362   Cb: 18.5192   Cr: 18.3437 )
00000170: 14.8218   (Y': 11.4276   Cb: 18.8859   Cr: 18.5596 )
00000172: 15.0962   (Y': 11.6729   Cb: 19.2762   Cr: 18.8793 )
00000171: 14.9184   (Y': 11.5318   Cb: 18.9812   Cr: 18.6181 )
00000173: 15.2267   (Y': 11.8209   Cb: 19.4381   Cr: 18.891  )
00000174: 15.3318   (Y': 11.9053   Cb: 19.5617   Cr: 19.0864 )
00000175: 15.4945   (Y': 12.0593   Cb: 19.8157   Cr: 19.2139 )
00000176: 15.6117   (Y': 12.1819   Cb: 19.9695   Cr: 19.2716 )
00000177: 15.7306   (Y': 12.2833   Cb: 20.1712   Cr: 19.4103 )
00000178: 15.8807   (Y': 12.4665   Cb: 20.3536   Cr: 19.3674 )
00000179: 15.9493   (Y': 12.5493   Cb: 20.3737   Cr: 19.4057 )
00000181: 16.0532   (Y': 12.701    Cb: 20.1808   Cr: 19.5251 )
00000180: 16.0369   (Y': 12.6666   Cb: 20.246    Cr: 19.5267 )
00000182: 15.9787   (Y': 12.6647   Cb: 19.9088   Cr: 19.4406 )
00000183: 15.9573   (Y': 12.6733   Cb: 19.7602   Cr: 19.3934 )
00000184: 15.9553   (Y': 12.6878   Cb: 19.7188   Cr: 19.3509 )
00000185: 15.9573   (Y': 12.7224   Cb: 19.5415   Cr: 19.37   )
00000186: 16.0883   (Y': 12.9394   Cb: 19.3435   Cr: 19.4367 )
00000187: 16.0692   (Y': 12.9315   Cb: 19.2232   Cr: 19.4725 )
00000190: 15.7866   (Y': 12.8345   Cb: 18.3712   Cr: 19.0187 )
00000189: 15.9555   (Y': 12.9112   Cb: 18.7483   Cr: 19.3412 )
00000188: 15.9666   (Y': 12.8663   Cb: 18.962    Cr: 19.3731 )
00000191: 15.6927   (Y': 12.7739   Cb: 18.1312   Cr: 18.9589 )
00000192: 15.5979   (Y': 12.7336   Cb: 17.8937   Cr: 18.8159 )
00000193: 15.6111   (Y': 12.7604   Cb: 17.8039   Cr: 18.9033 )
00000194: 15.7446   (Y': 12.9139   Cb: 17.8816   Cr: 19.0265 )
00000195: 15.8482   (Y': 13.0239   Cb: 17.959    Cr: 19.1381 )
00000196: 16.0291   (Y': 13.1967   Cb: 18.2233   Cr: 19.2444 )
00000198: 16.4136   (Y': 13.5708   Cb: 18.7466   Cr: 19.5002 )
00000197: 16.0772   (Y': 13.2286   Cb: 18.3749   Cr: 19.2295 )
00000199: 16.3299   (Y': 13.4214   Cb: 18.8485   Cr: 19.4601 )
00000200: 16.2164   (Y': 13.2709   Cb: 18.8553   Cr: 19.3593 )
00000201: 16.0407   (Y': 13.0312   Cb: 18.8513   Cr: 19.2572 )
00000202: 15.9507   (Y': 12.8957   Cb: 18.7574   Cr: 19.3678 )
00000203: 15.9924   (Y': 12.9733   Cb: 18.7494   Cr: 19.3096 )
00000204: 15.997    (Y': 12.9754   Cb: 18.6773   Cr: 19.414  )
00000205: 15.8989   (Y': 12.8909   Cb: 18.5674   Cr: 19.27   )
00000206: 15.9707   (Y': 12.9405   Cb: 18.7428   Cr: 19.3187 )
00000207: 15.9807   (Y': 12.9636   Cb: 18.7459   Cr: 19.2797 )
00000208: 16.0356   (Y': 12.9142   Cb: 19.0879   Cr: 19.4743 )
00000209: 16.1255   (Y': 12.9704   Cb: 19.2226   Cr: 19.6705 )
00000211: 16.1383   (Y': 12.919    Cb: 19.5245   Cr: 19.6759 )
00000210: 16.1483   (Y': 12.9441   Cb: 19.3847   Cr: 19.7731 )
00000212: 16.0608   (Y': 12.7777   Cb: 19.6834   Cr: 19.6652 )
00000213: 15.9973   (Y': 12.7273   Cb: 19.6378   Cr: 19.5212 )
00000214: 15.9166   (Y': 12.6514   Cb: 19.5821   Cr: 19.3932 )
00000215: 15.8245   (Y': 12.543    Cb: 19.4754   Cr: 19.3927 )
00000216: 15.7151   (Y': 12.4655   Cb: 19.3202   Cr: 19.1763 )
00000217: 15.7226   (Y': 12.4968   Cb: 19.2651   Cr: 19.1339 )
00000218: 15.5388   (Y': 12.3253   Cb: 19.0146   Cr: 18.9587 )
00000219: 15.4517   (Y': 12.2356   Cb: 18.9455   Cr: 18.8652 )
00000221: 15.1963   (Y': 11.9601   Cb: 18.7367   Cr: 18.6576 )
00000220: 15.3038   (Y': 12.0765   Cb: 18.8338   Cr: 18.7339 )
00000222: 15.003    (Y': 11.7669   Cb: 18.5536   Cr: 18.4539 )
00000223: 14.895    (Y': 11.6629   Cb: 18.4769   Cr: 18.2971 )
00000224: 14.6824   (Y': 11.4313   Cb: 18.281    Cr: 18.1567 )
00000225: 14.5282   (Y': 11.2602   Cb: 18.1004   Cr: 18.1093 )
00000227: 14.4149   (Y': 11.093    Cb: 18.0766   Cr: 18.1737 )
00000226: 14.4023   (Y': 11.0799   Cb: 18.054    Cr: 18.1736 )
00000229: 14.4436   (Y': 11.1153   Cb: 18.1323   Cr: 18.2071 )
00000230: 14.4578   (Y': 11.1183   Cb: 18.191    Cr: 18.2333 )
00000228: 14.4284   (Y': 11.1099   Cb: 18.1051   Cr: 18.1545 )
00000231: 14.4667   (Y': 11.1284   Cb: 18.2085   Cr: 18.2278 )
00000232: 14.454    (Y': 11.0938   Cb: 18.2345   Cr: 18.2898 )
00000233: 14.4514   (Y': 11.0863   Cb: 18.2401   Cr: 18.3049 )
00000234: 14.4573   (Y': 11.0693   Cb: 18.3119   Cr: 18.3653 )
00000235: 14.4717   (Y': 11.1082   Cb: 18.2874   Cr: 18.2894 )
00000236: 14.4632   (Y': 11.0872   Cb: 18.2479   Cr: 18.3789 )
00000237: 14.4598   (Y': 11.0746   Cb: 18.3128   Cr: 18.3544 )
00000238: 14.5353   (Y': 11.1616   Cb: 18.3676   Cr: 18.3896 )
00000239: 14.5391   (Y': 11.148    Cb: 18.401    Cr: 18.4568 )
00000240: 14.6621   (Y': 11.2652   Cb: 18.5374   Cr: 18.5972 )
00000242: 14.8411   (Y': 11.4362   Cb: 18.704    Cr: 18.8329 )
00000241: 14.7271   (Y': 11.3267   Cb: 18.6017   Cr: 18.6822 )
00000243: 14.8766   (Y': 11.4566   Cb: 18.771    Cr: 18.9191 )
00000244: 15.0063   (Y': 11.5966   Cb: 18.8622   Cr: 19.0312 )
00000246: 15.0545   (Y': 11.6677   Cb: 18.8453   Cr: 19.0218 )
00000245: 15.0397   (Y': 11.6369   Cb: 18.8891   Cr: 19.0332 )
00000247: 15.0938   (Y': 11.7151   Cb: 18.8272   Cr: 19.077  )
00000248: 15.0759   (Y': 11.691    Cb: 18.7803   Cr: 19.1244 )
00000249: 15.1306   (Y': 11.7397   Cb: 18.8055   Cr: 19.2446 )
00000250: 15.1647   (Y': 11.7566   Cb: 18.8767   Cr: 19.3354 )
00000251: 15.2317   (Y': 11.8323   Cb: 18.8794   Cr: 19.425  )
00000252: 15.2324   (Y': 11.9133   Cb: 18.5937   Cr: 19.3059 )
00000253: 15.2106   (Y': 11.8998   Cb: 18.5884   Cr: 19.2197 )
00000254: 15.2326   (Y': 11.9334   Cb: 18.5511   Cr: 19.2485 )
00000255: 15.2285   (Y': 11.938    Cb: 18.5079   Cr: 19.2432 )
00000256: 15.2408   (Y': 11.9599   Cb: 18.4702   Cr: 19.2633 )
00000258: 15.2758   (Y': 12.0712   Cb: 18.3289   Cr: 19.1124 )
00000257: 15.24     (Y': 12.0036   Cb: 18.3649   Cr: 19.1532 )
00000259: 15.2842   (Y': 12.1207   Cb: 18.2474   Cr: 19.0231 )
00000260: 15.3513   (Y': 12.1605   Cb: 18.3718   Cr: 19.1571 )
00000261: 15.3107   (Y': 12.147    Cb: 18.3247   Cr: 18.9909 )
00000262: 15.2916   (Y': 12.1624   Cb: 18.195    Cr: 18.9364 )
00000263: 15.3397   (Y': 12.2283   Cb: 18.1849   Cr: 18.97   )
00000264: 15.2591   (Y': 12.2492   Cb: 17.8087   Cr: 18.7829 )
00000266: 15.1008   (Y': 12.1566   Cb: 17.4239   Cr: 18.6217 )
00000265: 15.1836   (Y': 12.2152   Cb: 17.6632   Cr: 18.6111 )
00000267: 15.076    (Y': 12.1481   Cb: 17.3762   Cr: 18.5555 )
00000268: 15.0598   (Y': 12.1869   Cb: 17.2217   Cr: 18.4852 )
00000269: 15.0622   (Y': 12.2233   Cb: 17.2008   Cr: 18.3761 )
00000270: 15.0062   (Y': 12.1774   Cb: 17.1034   Cr: 18.3327 )
00000271: 14.9944   (Y': 12.1614   Cb: 17.0157   Cr: 18.4416 )
00000272: 14.8614   (Y': 12.085    Cb: 16.813    Cr: 18.1698 )
00000273: 14.8369   (Y': 12.04     Cb: 16.8027   Cr: 18.2097 )
00000274: 14.7142   (Y': 11.9304   Cb: 16.7058   Cr: 17.9983 )
00000275: 14.6829   (Y': 11.8873   Cb: 16.6382   Cr: 18.0652 )
00000277: 14.4132   (Y': 11.8101   Cb: 16.0968   Cr: 17.4204 )
00000276: 14.5514   (Y': 11.866    Cb: 16.3449   Cr: 17.7165 )
00000278: 14.2493   (Y': 11.7811   Cb: 15.7279   Cr: 17.0625 )
00000279: 14.143    (Y': 11.7556   Cb: 15.4767   Cr: 16.8869 )
00000280: 14.0258   (Y': 11.698    Cb: 15.3026   Cr: 16.6574 )
00000282: 14.0357   (Y': 11.7057   Cb: 15.3456   Cr: 16.629  )
00000281: 14.0039   (Y': 11.6813   Cb: 15.2958   Cr: 16.5987 )
00000283: 14.0255   (Y': 11.72     Cb: 15.2999   Cr: 16.5909 )
00000284: 13.9605   (Y': 11.7116   Cb: 15.2253   Cr: 16.3691 )
00000285: 13.8999   (Y': 11.6946   Cb: 15.1494   Cr: 16.2031 )
00000286: 13.8275   (Y': 11.6534   Cb: 15.1132   Cr: 15.9991 )
00000287: 13.7535   (Y': 11.6184   Cb: 15.0205   Cr: 15.8429 )
00000288: 13.7474   (Y': 11.5826   Cb: 15.0835   Cr: 15.8329 )
00000289: 13.7573   (Y': 11.627    Cb: 15.024    Cr: 15.8346 )
00000290: 13.6075   (Y': 11.4994   Cb: 14.883    Cr: 15.6161 )
00000291: 13.4992   (Y': 11.4333   Cb: 14.7313   Cr: 15.4517 )
00000292: 13.3503   (Y': 11.4139   Cb: 14.4859   Cr: 15.1009 )
00000293: 13.2265   (Y': 11.2985   Cb: 14.3709   Cr: 14.9476 )
00000294: 13.1284   (Y': 11.2169   Cb: 14.249    Cr: 14.8384 )
00000295: 13.1024   (Y': 11.2557   Cb: 14.1885   Cr: 14.7053 )
00000296: 13.0874   (Y': 11.2589   Cb: 14.1732   Cr: 14.6509 )
00000297: 13.0285   (Y': 11.2341   Cb: 14.1069   Cr: 14.5263 )
00000298: 12.9407   (Y': 11.2724   Cb: 13.902    Cr: 14.3062 )
00000299: 12.834    (Y': 11.1601   Cb: 13.7861   Cr: 14.221  )
00000300: 12.5211   (Y': 10.8461   Cb: 13.4993   Cr: 13.8816 )
00000302: 12.2322   (Y': 10.6648   Cb: 13.0992   Cr: 13.5027 )
00000301: 12.7239   (Y': 11.0876   Cb: 13.7188   Cr: 13.9895 )
00000303: 11.9367   (Y': 10.3825   Cb: 12.7761   Cr: 13.2123 )
00000304: 11.819    (Y': 10.2707   Cb: 12.6163   Cr: 13.1302 )
00000305: 11.7503   (Y': 10.1719   Cb: 12.5808   Cr: 13.0826 )
00000306: 11.7863   (Y': 10.2478   Cb: 12.5916   Cr: 13.0697 )
00000307: 11.7474   (Y': 10.2174   Cb: 12.518    Cr: 13.0535 )
00000308: 11.6806   (Y': 10.0756   Cb: 12.5169   Cr: 13.059  )
00000309: 11.6941   (Y': 10.0489   Cb: 12.5681   Cr: 13.1103 )
00000310: 11.818    (Y': 10.0619   Cb: 12.8073   Cr: 13.3337 )
00000311: 11.8549   (Y': 10.0583   Cb: 12.883    Cr: 13.4136 )
00000312: 11.9001   (Y': 10.0276   Cb: 12.9891   Cr: 13.5577 )
00000313: 11.8131   (Y': 9.92151   Cb: 12.9163   Cr: 13.4974 )
00000314: 11.7162   (Y': 9.75786   Cb: 12.8806   Cr: 13.4854 )
00000315: 11.7403   (Y': 9.72784   Cb: 12.9691   Cr: 13.5648 )
00000316: 11.8778   (Y': 9.79088   Cb: 13.2095   Cr: 13.7679 )
00000317: 11.8721   (Y': 9.80049   Cb: 13.1809   Cr: 13.7499 )
00000318: 11.8808   (Y': 9.80959   Cb: 13.173    Cr: 13.7769 )
00000319: 11.8275   (Y': 9.75255   Cb: 13.13     Cr: 13.7212 )
00000320: 11.9213   (Y': 9.89182   Cb: 13.2002   Cr: 13.7297 )
00000321: 11.86     (Y': 9.83344   Cb: 13.117    Cr: 13.6862 )
00000322: 11.8033   (Y': 9.71311   Cb: 13.1302   Cr: 13.7068 )
00000323: 11.839    (Y': 9.71759   Cb: 13.2036   Cr: 13.7787 )
00000324: 11.9584   (Y': 9.7577    Cb: 13.4452   Cr: 13.9645 )
00000325: 12.0135   (Y': 9.77201   Cb: 13.5548   Cr: 14.0668 )
00000326: 12.2787   (Y': 10.024    Cb: 13.8859   Cr: 14.2945 )
00000327: 12.3796   (Y': 10.1115   Cb: 14.0351   Cr: 14.3786 )
00000328: 12.3358   (Y': 10.0921   Cb: 13.8956   Cr: 14.3745 )
00000329: 12.2886   (Y': 10.0756   Cb: 13.8316   Cr: 14.2644 )
00000330: 12.2446   (Y': 10.0977   Cb: 13.6816   Cr: 14.1673 )
00000331: 12.1987   (Y': 10.0735   Cb: 13.6101   Cr: 14.0952 )
00000332: 12.1352   (Y': 10.0661   Cb: 13.4946   Cr: 13.9503 )
00000333: 12.0986   (Y': 10.0597   Cb: 13.4243   Cr: 13.8776 )
00000334: 12.1166   (Y': 10.1397   Cb: 13.3715   Cr: 13.8272 )
00000335: 12.1384   (Y': 10.2042   Cb: 13.3537   Cr: 13.7941 )
00000336: 12.1978   (Y': 10.2905   Cb: 13.3982   Cr: 13.8091 )
00000337: 12.1829   (Y': 10.276    Cb: 13.385    Cr: 13.7909 )
00000338: 12.2016   (Y': 10.3022   Cb: 13.4333   Cr: 13.7612 )
00000339: 12.2344   (Y': 10.3235   Cb: 13.4861   Cr: 13.7979 )
00000340: 12.2427   (Y': 10.3661   Cb: 13.4701   Cr: 13.7564 )
00000341: 12.2678   (Y': 10.3553   Cb: 13.5035   Cr: 13.8521 )
00000342: 12.362    (Y': 10.4438   Cb: 13.5981   Cr: 13.9586 )
00000343: 12.4248   (Y': 10.4905   Cb: 13.6756   Cr: 14.0418 )
00000344: 12.5126   (Y': 10.5579   Cb: 13.8081   Cr: 14.1276 )
00000345: 12.5808   (Y': 10.6038   Cb: 13.8956   Cr: 14.2257 )
00000346: 12.6575   (Y': 10.6648   Cb: 13.9717   Cr: 14.3396 )
00000347: 12.7003   (Y': 10.7007   Cb: 14.0381   Cr: 14.3726 )
00000349: 12.879    (Y': 10.7421   Cb: 14.3232   Cr: 14.7684 )
00000348: 12.8394   (Y': 10.76     Cb: 14.2402   Cr: 14.6337 )
00000350: 12.9977   (Y': 10.8466   Cb: 14.4457   Cr: 14.9188 )
00000353: 13.1804   (Y': 10.9115   Cb: 14.7248   Cr: 15.3045 )
00000351: 13.0572   (Y': 10.8614   Cb: 14.5465   Cr: 15.0478 )
00000352: 13.1667   (Y': 10.9087   Cb: 14.6937   Cr: 15.2813 )
00000354: 13.1898   (Y': 10.9377   Cb: 14.6989   Cr: 15.3088 )
00000355: 13.2375   (Y': 10.9622   Cb: 14.7355   Cr: 15.4333 )
00000356: 13.2899   (Y': 10.9851   Cb: 14.7918   Cr: 15.5648 )
00000357: 13.3606   (Y': 11.0256   Cb: 14.913    Cr: 15.6627 )
00000358: 13.5326   (Y': 11.1349   Cb: 15.1398   Cr: 15.9554 )
00000359: 13.5953   (Y': 11.1367   Cb: 15.2463   Cr: 16.1534 )
00000360: 13.7456   (Y': 11.2228   Cb: 15.4992   Cr: 16.3852 )
00000361: 13.7705   (Y': 11.2468   Cb: 15.5662   Cr: 16.3617 )
00000362: 13.8708   (Y': 11.2665   Cb: 15.7858   Cr: 16.5868 )
00000363: 13.9106   (Y': 11.2641   Cb: 15.8647   Cr: 16.725  )
00000364: 14.0248   (Y': 11.3315   Cb: 16.0319   Cr: 16.9417 )
00000365: 14.0775   (Y': 11.2887   Cb: 16.2712   Cr: 17.1224 )
00000366: 14.216    (Y': 11.3328   Cb: 16.5387   Cr: 17.4774 )
00000367: 14.2825   (Y': 11.3729   Cb: 16.6458   Cr: 17.6027 )
00000368: 14.3388   (Y': 11.326    Cb: 16.9024   Cr: 17.858  )
00000369: 14.3739   (Y': 11.3243   Cb: 17.0151   Cr: 17.9642 )
00000370: 14.3651   (Y': 11.2744   Cb: 17.0472   Cr: 18.0981 )
00000371: 14.3551   (Y': 11.2683   Cb: 17.0145   Cr: 18.098  )
00000372: 14.2763   (Y': 11.1454   Cb: 17.0261   Cr: 18.1188 )
00000373: 14.2627   (Y': 11.1206   Cb: 17.0417   Cr: 18.1239 )
00000374: 14.209    (Y': 11.0351   Cb: 17.0601   Cr: 18.1387 )
00000377: 13.8996   (Y': 10.6687   Cb: 16.8384   Cr: 18.0167 )
00000375: 14.1522   (Y': 10.9767   Cb: 17.012    Cr: 18.0798 )
00000376: 14.0407   (Y': 10.8251   Cb: 17.0192   Cr: 18.0254 )
00000378: 13.8053   (Y': 10.5589   Cb: 16.8043   Cr: 17.9286 )
00000379: 13.8147   (Y': 10.5704   Cb: 16.8033   Cr: 17.9399 )
00000380: 13.8565   (Y': 10.6036   Cb: 16.8821   Cr: 17.9806 )
00000381: 13.8828   (Y': 10.6207   Cb: 16.9408   Cr: 18.0158 )
00000382: 13.9545   (Y': 10.6838   Cb: 17.0263   Cr: 18.1177 )
00000383: 14.0374   (Y': 10.7566   Cb: 17.164    Cr: 18.1867 )
00000384: 14.2462   (Y': 10.9773   Cb: 17.4593   Cr: 18.2243 )
00000385: 14.3599   (Y': 11.1019   Cb: 17.5747   Cr: 18.279  )
00000386: 14.5436   (Y': 11.3146   Cb: 17.6778   Cr: 18.408  )
00000387: 14.6523   (Y': 11.4333   Cb: 17.728    Cr: 18.5353 )
00000388: 14.8259   (Y': 11.6322   Cb: 17.8649   Cr: 18.624  )
00000390: 15.1239   (Y': 11.9737   Cb: 18.0052   Cr: 18.8971 )
00000389: 14.9275   (Y': 11.7468   Cb: 17.9111   Cr: 18.7279 )
00000393: 15.4684   (Y': 12.3708   Cb: 18.1229   Cr: 19.2703 )
00000391: 15.2265   (Y': 12.0655   Cb: 18.1044   Cr: 19.0575 )
00000392: 15.4282   (Y': 12.3167   Cb: 18.1874   Cr: 19.1641 )
00000394: 15.5391   (Y': 12.4978   Cb: 18.0497   Cr: 19.258  )
00000395: 15.5997   (Y': 12.5924   Cb: 18.0426   Cr: 19.2485 )
00000396: 15.5452   (Y': 12.59     Cb: 17.8057   Cr: 19.2002 )
00000397: 15.569    (Y': 12.6624   Cb: 17.7391   Cr: 19.1299 )
00000398: 15.5948   (Y': 12.7127   Cb: 17.747    Cr: 19.0724 )
00000399: 15.6055   (Y': 12.7183   Cb: 17.7745   Cr: 19.083  )
00000400: 15.5629   (Y': 12.6588   Cb: 17.8164   Cr: 19.0003 )
00000401: 15.6074   (Y': 12.6951   Cb: 17.8363   Cr: 19.1134 )
00000402: 15.5801   (Y': 12.6656   Cb: 17.8621   Cr: 19.0248 )
00000403: 15.6017   (Y': 12.6967   Cb: 17.8454   Cr: 19.0564 )
00000404: 15.6382   (Y': 12.7083   Cb: 17.9491   Cr: 19.1128 )
00000405: 15.657    (Y': 12.7033   Cb: 18.051    Cr: 19.1283 )
00000406: 15.7541   (Y': 12.8068   Cb: 18.1215   Cr: 19.2311 )
00000407: 15.8193   (Y': 12.8355   Cb: 18.2701   Cr: 19.3511 )
00000408: 15.941    (Y': 12.9052   Cb: 18.5161   Cr: 19.5513 )
00000409: 16.0461   (Y': 13.0168   Cb: 18.6523   Cr: 19.5871 )
00000410: 16.1485   (Y': 13.1209   Cb: 18.7994   Cr: 19.627  )
00000411: 16.2185   (Y': 13.166    Cb: 18.8478   Cr: 19.8375 )
00000412: 16.2653   (Y': 13.2358   Cb: 18.9237   Cr: 19.7431 )
00000413: 16.2716   (Y': 13.2835   Cb: 18.8319   Cr: 19.6853 )
00000414: 16.3437   (Y': 13.3514   Cb: 18.9675   Cr: 19.6999 )
00000417: 16.3087   (Y': 13.3433   Cb: 18.8612   Cr: 19.6344 )
00000415: 16.4052   (Y': 13.4045   Cb: 19.1301   Cr: 19.6804 )
00000416: 16.3025   (Y': 13.2946   Cb: 18.8844   Cr: 19.7773 )
00000419: 16.218    (Y': 13.2417   Cb: 18.8616   Cr: 19.4828 )
00000418: 16.2847   (Y': 13.3109   Cb: 18.9512   Cr: 19.513  )
00000420: 16.3007   (Y': 13.262    Cb: 19.1073   Cr: 19.6463 )
00000421: 16.3129   (Y': 13.2455   Cb: 19.1981   Cr: 19.6957 )
00000422: 16.2926   (Y': 13.2122   Cb: 19.2593   Cr: 19.6422 )
00000424: 16.4129   (Y': 13.3272   Cb: 19.3815   Cr: 19.7838 )
00000423: 16.3575   (Y': 13.2872   Cb: 19.3189   Cr: 19.6688 )
00000425: 16.4236   (Y': 13.3528   Cb: 19.4468   Cr: 19.6712 )
00000426: 16.3491   (Y': 13.2971   Cb: 19.2788   Cr: 19.6161 )
00000427: 16.2797   (Y': 13.2194   Cb: 19.2251   Cr: 19.5646 )
00000428: 16.1648   (Y': 13.1181   Cb: 19.0083   Cr: 19.5036 )
00000429: 16.1847   (Y': 13.2009   Cb: 18.9356   Cr: 19.3596 )
00000430: 16.1426   (Y': 13.2232   Cb: 18.7276   Cr: 19.2407 )
00000432: 16.1393   (Y': 13.3755   Cb: 18.353    Cr: 19.0659 )
00000431: 16.107    (Y': 13.2341   Cb: 18.5841   Cr: 19.1438 )
00000433: 16.0495   (Y': 13.3078   Cb: 18.1921   Cr: 18.9793 )
00000434: 15.8976   (Y': 13.1397   Cb: 18.0061   Cr: 18.9295 )
00000435: 15.7352   (Y': 12.9712   Cb: 17.8009   Cr: 18.8443 )
00000436: 15.6535   (Y': 12.8493   Cb: 17.7665   Cr: 18.8598 )
00000437: 15.573    (Y': 12.7777   Cb: 17.6556   Cr: 18.7832 )
00000438: 15.5092   (Y': 12.7023   Cb: 17.5848   Cr: 18.7747 )
00000439: 15.5321   (Y': 12.7667   Cb: 17.5546   Cr: 18.7022 )
00000440: 15.6059   (Y': 12.8398   Cb: 17.6671   Cr: 18.7285 )
00000441: 15.5024   (Y': 12.7245   Cb: 17.6295   Cr: 18.588  )
00000442: 15.5941   (Y': 12.8211   Cb: 17.8278   Cr: 18.532  )
00000443: 15.5835   (Y': 12.8197   Cb: 17.824    Cr: 18.4794 )
00000444: 15.612    (Y': 12.8534   Cb: 17.8047   Cr: 18.5444 )
00000445: 15.5552   (Y': 12.798    Cb: 17.78     Cr: 18.4445 )
00000446: 15.5439   (Y': 12.7792   Cb: 17.7162   Cr: 18.5236 )
00000447: 15.5338   (Y': 12.7407   Cb: 17.8058   Cr: 18.5018 )
00000448: 15.4577   (Y': 12.6762   Cb: 17.6509   Cr: 18.4753 )
00000449: 15.3942   (Y': 12.5985   Cb: 17.6839   Cr: 18.3508 )
00000450: 15.4792   (Y': 12.7009   Cb: 17.7878   Cr: 18.3495 )
00000451: 15.4478   (Y': 12.6799   Cb: 17.7735   Cr: 18.2609 )
00000452: 15.4959   (Y': 12.7269   Cb: 17.8697   Cr: 18.2601 )
00000453: 15.4992   (Y': 12.7549   Cb: 17.8248   Cr: 18.2281 )
00000454: 15.5516   (Y': 12.8014   Cb: 17.9465   Cr: 18.2268 )
00000455: 15.5891   (Y': 12.8319   Cb: 17.9689   Cr: 18.3047 )
00000456: 15.5766   (Y': 12.8537   Cb: 17.8849   Cr: 18.25   )
00000457: 15.6384   (Y': 12.9302   Cb: 17.9152   Cr: 18.2952 )
00000458: 15.7845   (Y': 13.0753   Cb: 17.9791   Cr: 18.5362 )
00000459: 15.9074   (Y': 13.1956   Cb: 18.136    Cr: 18.6301 )
00000460: 15.9055   (Y': 13.2479   Cb: 18.011    Cr: 18.5803 )
00000461: 15.8657   (Y': 13.197    Cb: 17.9767   Cr: 18.5722 )
00000462: 15.8411   (Y': 13.2285   Cb: 17.7879   Cr: 18.547  )
00000463: 15.8497   (Y': 13.217    Cb: 17.8199   Cr: 18.5966 )
00000464: 15.8056   (Y': 13.1891   Cb: 17.8064   Cr: 18.4616 )
00000465: 15.8427   (Y': 13.2562   Cb: 17.8598   Cr: 18.3806 )
00000466: 15.8415   (Y': 13.2117   Cb: 17.9403   Cr: 18.4299 )
00000467: 15.8497   (Y': 13.1824   Cb: 17.9961   Cr: 18.5112 )
00000470: 15.8006   (Y': 13.0816   Cb: 18.1746   Cr: 18.3901 )
00000469: 15.8693   (Y': 13.1616   Cb: 18.102    Cr: 18.5734 )
00000468: 15.8536   (Y': 13.1765   Cb: 18.0218   Cr: 18.5239 )
00000472: 15.5765   (Y': 12.8971   Cb: 17.8781   Cr: 18.1091 )
00000471: 15.7301   (Y': 12.9921   Cb: 18.106    Cr: 18.3827 )
00000473: 15.492    (Y': 12.8469   Cb: 17.7152   Cr: 17.995  )
00000474: 15.3462   (Y': 12.7436   Cb: 17.4797   Cr: 17.8077 )
00000475: 15.2622   (Y': 12.6138   Cb: 17.4404   Cr: 17.8248 )
00000477: 15.0733   (Y': 12.419    Cb: 17.0353   Cr: 17.9056 )
00000476: 15.1285   (Y': 12.4866   Cb: 17.1126   Cr: 17.8911 )
00000478: 15.053    (Y': 12.3789   Cb: 16.9836   Cr: 17.9955 )
00000479: 15.009    (Y': 12.3285   Cb: 16.9105   Cr: 18.0121 )
00000480: 14.8153   (Y': 12.1683   Cb: 16.5638   Cr: 17.8966 )
00000481: 14.6668   (Y': 12.0228   Cb: 16.3996   Cr: 17.7583 )
00000482: 14.3812   (Y': 11.832    Cb: 15.867    Cr: 17.469  )
00000483: 14.1902   (Y': 11.7155   Cb: 15.5468   Cr: 17.1974 )
00000487: 13.6182   (Y': 11.1592   Cb: 14.871    Cr: 16.7252 )
00000485: 13.7278   (Y': 11.2849   Cb: 14.9223   Cr: 16.8668 )
00000484: 13.8185   (Y': 11.3712   Cb: 15.0638   Cr: 16.8943 )
00000486: 13.6712   (Y': 11.1996   Cb: 14.9233   Cr: 16.8245 )
00000488: 13.7195   (Y': 11.2757   Cb: 15.0212   Cr: 16.6991 )
00000489: 13.7487   (Y': 11.3214   Cb: 15.074    Cr: 16.6368 )
00000490: 13.8156   (Y': 11.3888   Cb: 15.2184   Cr: 16.5935 )
00000491: 13.8347   (Y': 11.4111   Cb: 15.248    Cr: 16.5874 )
00000494: 13.9593   (Y': 11.5671   Cb: 15.3593   Cr: 16.6285 )
00000495: 13.9406   (Y': 11.5829   Cb: 15.2759   Cr: 16.5866 )
00000492: 13.9991   (Y': 11.5808   Cb: 15.3753   Cr: 16.7856 )
00000493: 13.9937   (Y': 11.579    Cb: 15.4116   Cr: 16.7112 )
00000496: 14.0056   (Y': 11.5699   Cb: 15.4714   Cr: 16.7277 )
00000497: 14.0351   (Y': 11.5825   Cb: 15.5087   Cr: 16.8026 )
00000498: 14.2117   (Y': 11.743    Cb: 15.7671   Cr: 16.9242 )
00000499: 14.2883   (Y': 11.7841   Cb: 15.8792   Cr: 17.0723 )
00000500: 14.4037   (Y': 11.8409   Cb: 16.0551   Cr: 17.3099 )
00000501: 14.4798   (Y': 11.921    Cb: 16.1304   Cr: 17.3733 )
00000503: 14.4301   (Y': 11.8865   Cb: 16.0528   Cr: 17.3075 )
00000504: 14.4931   (Y': 12.0175   Cb: 16.0066   Cr: 17.2841 )
00000502: 14.4115   (Y': 11.8764   Cb: 16.0323   Cr: 17.2616 )
00000505: 14.5364   (Y': 12.0898   Cb: 16.0029   Cr: 17.2931 )
00000506: 14.5289   (Y': 12.0925   Cb: 15.9753   Cr: 17.2794 )
00000507: 14.529    (Y': 12.0875   Cb: 15.9522   Cr: 17.3276 )
00000508: 14.525    (Y': 12.1321   Cb: 15.8163   Cr: 17.3465 )
00000511: 14.6121   (Y': 12.1683   Cb: 15.8817   Cr: 17.6391 )
00000509: 14.5664   (Y': 12.1298   Cb: 15.8902   Cr: 17.4884 )
00000512: 14.6259   (Y': 12.162    Cb: 15.9337   Cr: 17.6668 )
00000510: 14.5902   (Y': 12.1504   Cb: 15.9012   Cr: 17.5423 )
00000513: 14.6106   (Y': 12.1493   Cb: 15.9285   Cr: 17.6278 )
00000514: 14.6985   (Y': 12.2787   Cb: 15.9678   Cr: 17.6426 )
00000515: 14.6747   (Y': 12.2764   Cb: 15.8763   Cr: 17.6451 )
00000517: 14.7248   (Y': 12.3371   Cb: 15.969    Cr: 17.5966 )
00000516: 14.7087   (Y': 12.3057   Cb: 16.0058   Cr: 17.5554 )
00000519: 14.7592   (Y': 12.3766   Cb: 16.0235   Cr: 17.5851 )
00000518: 14.7312   (Y': 12.3257   Cb: 16.0199   Cr: 17.5985 )
00000520: 14.7562   (Y': 12.3458   Cb: 16.032    Cr: 17.6586 )
00000521: 14.7863   (Y': 12.3673   Cb: 16.0775   Cr: 17.6954 )
00000522: 14.7747   (Y': 12.3424   Cb: 16.0682   Cr: 17.7263 )
00000523: 14.7852   (Y': 12.3591   Cb: 16.0555   Cr: 17.7493 )
00000524: 14.8194   (Y': 12.3872   Cb: 16.0831   Cr: 17.8149 )
00000525: 14.8256   (Y': 12.3922   Cb: 16.1343   Cr: 17.759  )
00000527: 14.8187   (Y': 12.3805   Cb: 16.1233   Cr: 17.7741 )
00000526: 14.7768   (Y': 12.369    Cb: 16.0714   Cr: 17.643  )
00000528: 14.7716   (Y': 12.3646   Cb: 16.06     Cr: 17.6443 )
00000529: 14.7524   (Y': 12.3657   Cb: 15.9917   Cr: 17.6275 )
00000530: 14.7567   (Y': 12.4327   Cb: 15.8755   Cr: 17.6015 )
00000531: 14.7806   (Y': 12.4297   Cb: 15.9589   Cr: 17.626  )
00000532: 14.8156   (Y': 12.4798   Cb: 16.0329   Cr: 17.5554 )
00000533: 14.7869   (Y': 12.4695   Cb: 15.9763   Cr: 17.5077 )
00000535: 14.7423   (Y': 12.4154   Cb: 15.9557   Cr: 17.4591 )
00000536: 14.7392   (Y': 12.4454   Cb: 15.8378   Cr: 17.5153 )
00000534: 14.8213   (Y': 12.5291   Cb: 15.9759   Cr: 17.5116 )
00000537: 14.8025   (Y': 12.4735   Cb: 15.9068   Cr: 17.6855 )
00000538: 14.8442   (Y': 12.5335   Cb: 15.916    Cr: 17.7157 )
00000540: 14.8991   (Y': 12.5618   Cb: 15.9629   Cr: 17.8718 )
00000539: 14.8335   (Y': 12.5144   Cb: 15.9063   Cr: 17.7311 )
00000541: 14.9273   (Y': 12.5759   Cb: 16.0318   Cr: 17.8849 )
00000542: 14.9308   (Y': 12.5618   Cb: 16.0954   Cr: 17.8572 )
00000543: 14.87     (Y': 12.4604   Cb: 16.0677   Cr: 17.8859 )
00000544: 14.8113   (Y': 12.4094   Cb: 16.0994   Cr: 17.6669 )
00000545: 14.7489   (Y': 12.3757   Cb: 16.0729   Cr: 17.4596 )
00000546: 14.4566   (Y': 12.046    Cb: 15.8171   Cr: 17.2394 )
00000547: 14.445    (Y': 12.0284   Cb: 15.8078   Cr: 17.2445 )
00000548: 14.3877   (Y': 11.9547   Cb: 15.8164   Cr: 17.1511 )
00000549: 14.3758   (Y': 11.9422   Cb: 15.7955   Cr: 17.1533 )
00000550: 14.3181   (Y': 11.8847   Cb: 15.7723   Cr: 17.048  )
00000551: 14.2834   (Y': 11.9143   Cb: 15.6112   Cr: 16.9759 )
00000552: 14.2032   (Y': 11.7678   Cb: 15.6755   Cr: 16.9158 )
00000553: 14.1786   (Y': 11.7391   Cb: 15.6783   Cr: 16.8683 )
00000554: 14.1634   (Y': 11.8017   Cb: 15.4846   Cr: 16.8416 )
00000555: 14.1404   (Y': 11.7263   Cb: 15.5899   Cr: 16.814  )
00000556: 14.157    (Y': 11.7169   Cb: 15.7014   Cr: 16.7905 )
00000557: 14.123    (Y': 11.644    Cb: 15.7476   Cr: 16.7803 )
00000558: 14.1144   (Y': 11.6838   Cb: 15.6781   Cr: 16.6928 )
00000559: 14.0973   (Y': 11.6101   Cb: 15.7472   Cr: 16.749  )
00000560: 14.2032   (Y': 11.7049   Cb: 15.8766   Cr: 16.8617 )
00000561: 14.1657   (Y': 11.6435   Cb: 15.829    Cr: 16.9163 )
00000562: 14.2595   (Y': 11.7907   Cb: 15.8477   Cr: 16.9296 )
00000563: 14.3157   (Y': 11.8828   Cb: 15.8197   Cr: 16.9784 )
00000564: 14.3179   (Y': 11.9031   Cb: 15.8471   Cr: 16.8899 )
00000565: 14.365    (Y': 11.9496   Cb: 15.8398   Cr: 17.0094 )
00000566: 14.4348   (Y': 12.0283   Cb: 15.8527   Cr: 17.1258 )
00000567: 14.5599   (Y': 12.1555   Cb: 15.9728   Cr: 17.2509 )
00000568: 14.703    (Y': 12.3049   Cb: 16.115    Cr: 17.3748 )
00000569: 14.7896   (Y': 12.3904   Cb: 16.244    Cr: 17.4087 )
00000570: 14.8963   (Y': 12.4989   Cb: 16.4077   Cr: 17.4365 )
00000571: 14.9733   (Y': 12.5884   Cb: 16.4903   Cr: 17.468  )
00000572: 14.9382   (Y': 12.5957   Cb: 16.4131   Cr: 17.3567 )
00000573: 14.8876   (Y': 12.5781   Cb: 16.4007   Cr: 17.1627 )
00000575: 14.6746   (Y': 12.365    Cb: 16.1633   Cr: 16.9794 )
00000574: 14.7482   (Y': 12.473    Cb: 16.2083   Cr: 16.9888 )
00000576: 14.6009   (Y': 12.4093   Cb: 15.9014   Cr: 16.8022 )
00000577: 14.5899   (Y': 12.4043   Cb: 15.8897   Cr: 16.7756 )
00000578: 14.5414   (Y': 12.3632   Cb: 15.8165   Cr: 16.7369 )
00000580: 14.4087   (Y': 12.3193   Cb: 15.6669   Cr: 16.3898 )
00000579: 14.4836   (Y': 12.3112   Cb: 15.7522   Cr: 16.6716 )
00000581: 14.5165   (Y': 12.4561   Cb: 15.7555   Cr: 16.4469 )
00000582: 14.4484   (Y': 12.3755   Cb: 15.6982   Cr: 16.3975 )
00000583: 14.4099   (Y': 12.2842   Cb: 15.8198   Cr: 16.3091 )
00000584: 14.2479   (Y': 12.1734   Cb: 15.6627   Cr: 16.0151 )
00000585: 14.185    (Y': 12.1245   Cb: 15.6307   Cr: 15.8854 )
00000586: 14.0421   (Y': 11.9332   Cb: 15.6002   Cr: 15.7405 )
00000587: 14.118    (Y': 12.0214   Cb: 15.6397   Cr: 15.8245 )
00000588: 14.0833   (Y': 11.9762   Cb: 15.6796   Cr: 15.7385 )
00000589: 14.0409   (Y': 11.9077   Cb: 15.6754   Cr: 15.7197 )
00000591: 14.1043   (Y': 12.0059   Cb: 15.6214   Cr: 15.82   )
00000590: 13.9978   (Y': 11.8665   Cb: 15.5486   Cr: 15.7582 )
00000592: 14.0884   (Y': 11.9507   Cb: 15.5483   Cr: 15.9626 )
00000593: 14.1577   (Y': 12.0148   Cb: 15.6203   Cr: 16.0419 )
Total: 14.2456   (Y': 11.726    Cb: 16.0736   Cr: 16.7852 )
