./ps4_degrader: invalid option -- 'v'
Capturing with the following configuration:
 - Capture device: DeckLink 4K Extreme 12G
 - Video mode: 720p59.94
 - Pixel format: 8 bit BGRA (4:4:4:x)
[libx264 @ 0x1aa6e40] using cpu capabilities: MMX2 SSE2Fast SSSE3 SSE4.2 AVX AVX2 FMA3 LZCNT BMI2
[libx264 @ 0x1aa6e40] profile High 4:2:2 Intra, level 3.1, 4:2:2 8-bit
PLAYBACK (hw timestamp): Frame 31 Displayed Late. Expected (+/- 5%): 50000
	Timestamp delay: 66624
	Hardware timestamp delay: 66661
PLAYBACK (hw timestamp): Frame 43 Displayed Late. Expected (+/- 5%): 50000
	Timestamp delay: 66731
	Hardware timestamp delay: 66657
PLAYBACK (hw timestamp): Frame 54 Displayed Late. Expected (+/- 5%): 50000
	Timestamp delay: 66732
	Hardware timestamp delay: 66670
PLAYBACK (hw timestamp): Frame 59 Displayed Late. Expected (+/- 5%): 50000
	Timestamp delay: 66651
	Hardware timestamp delay: 66652
PLAYBACK (hw timestamp): Frame 94 Displayed Late. Expected (+/- 5%): 50000
	Timestamp delay: 66728
	Hardware timestamp delay: 66627
PLAYBACK (hw timestamp): Frame 100 Displayed Late. Expected (+/- 5%): 50000
	Timestamp delay: 66599
	Hardware timestamp delay: 66720
PLAYBACK (hw timestamp): Frame 105 Displayed Late. Expected (+/- 5%): 50000
	Timestamp delay: 66632
	Hardware timestamp delay: 66715
PLAYBACK (hw timestamp): Frame 114 Displayed Late. Expected (+/- 5%): 50000
	Timestamp delay: 66603
	Hardware timestamp delay: 66677
PLAYBACK (hw timestamp): Frame 127 Displayed Late. Expected (+/- 5%): 50000
	Timestamp delay: 66674
	Hardware timestamp delay: 66770
PLAYBACK (hw timestamp): Frame 131 Displayed Late. Expected (+/- 5%): 50000
	Timestamp delay: 66688
	Hardware timestamp delay: 66659
PLAYBACK (hw timestamp): Frame 135 Displayed Late. Expected (+/- 5%): 50000
	Timestamp delay: 66715
	Hardware timestamp delay: 66638
PLAYBACK (hw timestamp): Frame 173 Displayed Late. Expected (+/- 5%): 50000
	Timestamp delay: 66627
	Hardware timestamp delay: 66663
PLAYBACK (hw timestamp): Frame 175 Displayed Late. Expected (+/- 5%): 50000
	Timestamp delay: 66732
	Hardware timestamp delay: 66666
PLAYBACK (hw timestamp): Frame 183 Displayed Late. Expected (+/- 5%): 50000
	Timestamp delay: 66693
	Hardware timestamp delay: 66621
PLAYBACK (hw timestamp): Frame 188 Displayed Late. Expected (+/- 5%): 50000
	Timestamp delay: 66656
	Hardware timestamp delay: 66726
PLAYBACK (hw timestamp): Frame 190 Displayed Late. Expected (+/- 5%): 50000
	Timestamp delay: 66699
	Hardware timestamp delay: 66611
PLAYBACK (hw timestamp): Frame 193 Displayed Late. Expected (+/- 5%): 50000
	Timestamp delay: 66615
	Hardware timestamp delay: 66656
PLAYBACK (hw timestamp): Frame 211 Displayed Late. Expected (+/- 5%): 50000
	Timestamp delay: 66705
	Hardware timestamp delay: 66603
PLAYBACK (hw timestamp): Frame 213 Displayed Late. Expected (+/- 5%): 50000
	Timestamp delay: 66666
	Hardware timestamp delay: 66630
PLAYBACK (hw timestamp): Frame 224 Displayed Late. Expected (+/- 5%): 50000
	Timestamp delay: 66637
	Hardware timestamp delay: 66699
PLAYBACK (hw timestamp): Frame 227 Displayed Late. Expected (+/- 5%): 50000
	Timestamp delay: 66730
	Hardware timestamp delay: 66669
PLAYBACK (hw timestamp): Frame 231 Displayed Late. Expected (+/- 5%): 50000
	Timestamp delay: 66628
	Hardware timestamp delay: 66681
PLAYBACK (hw timestamp): Frame 237 Displayed Late. Expected (+/- 5%): 50000
	Timestamp delay: 66632
	Hardware timestamp delay: 66670
PLAYBACK (hw timestamp): Frame 243 Displayed Late. Expected (+/- 5%): 50000
	Timestamp delay: 66703
	Hardware timestamp delay: 66726
PLAYBACK (hw timestamp): Frame 247 Displayed Late. Expected (+/- 5%): 50000
	Timestamp delay: 66636
	Hardware timestamp delay: 66662
PLAYBACK (hw timestamp): Frame 257 Displayed Late. Expected (+/- 5%): 50000
	Timestamp delay: 66759
	Hardware timestamp delay: 66727
PLAYBACK (hw timestamp): Frame 262 Displayed Late. Expected (+/- 5%): 50000
	Timestamp delay: 66675
	Hardware timestamp delay: 66706
PLAYBACK (hw timestamp): Frame 267 Displayed Late. Expected (+/- 5%): 50000
	Timestamp delay: 66607
	Hardware timestamp delay: 66659
PLAYBACK (hw timestamp): Frame 269 Displayed Late. Expected (+/- 5%): 50000
	Timestamp delay: 66679
	Hardware timestamp delay: 66744
PLAYBACK (hw timestamp): Frame 273 Displayed Late. Expected (+/- 5%): 50000
	Timestamp delay: 66709
	Hardware timestamp delay: 66758
PLAYBACK (hw timestamp): Frame 276 Displayed Late. Expected (+/- 5%): 50000
	Timestamp delay: 66580
	Hardware timestamp delay: 66617
PLAYBACK (hw timestamp): Frame 278 Displayed Late. Expected (+/- 5%): 50000
	Timestamp delay: 66700
	Hardware timestamp delay: 66716
PLAYBACK (hw timestamp): Frame 281 Displayed Late. Expected (+/- 5%): 50000
	Timestamp delay: 66539
	Hardware timestamp delay: 66709
PLAYBACK (hw timestamp): Frame 283 Displayed Late. Expected (+/- 5%): 50000
	Timestamp delay: 66703
	Hardware timestamp delay: 66720
PLAYBACK (hw timestamp): Frame 287 Displayed Late. Expected (+/- 5%): 50000
	Timestamp delay: 66601
	Hardware timestamp delay: 66688
PLAYBACK (hw timestamp): Frame 291 Displayed Late. Expected (+/- 5%): 50000
	Timestamp delay: 66669
	Hardware timestamp delay: 66722
CAPTURE: dropped a frame (dropped_count=0)
CAPTURE: dropped a frame (dropped_count=1)
CAPTURE: dropped a frame (dropped_count=2)
PLAYBACK (hw timestamp): Frame 292 Displayed Late. Expected (+/- 5%): 50000
	Timestamp delay: 266933
	Hardware timestamp delay: 266928
PLAYBACK (hw timestamp): Frame 299 Displayed Late. Expected (+/- 5%): 50000
	Timestamp delay: 66731
	Hardware timestamp delay: 66708
PLAYBACK (hw timestamp): Frame 302 Displayed Late. Expected (+/- 5%): 50000
	Timestamp delay: 66637
	Hardware timestamp delay: 66732
PLAYBACK (hw timestamp): Frame 307 Displayed Late. Expected (+/- 5%): 50000
	Timestamp delay: 66642
	Hardware timestamp delay: 66664
PLAYBACK (hw timestamp): Frame 315 Displayed Late. Expected (+/- 5%): 50000
	Timestamp delay: 66717
	Hardware timestamp delay: 66726
PLAYBACK (callback): Frame 319 Displayed Late. Expected (+/- 5%): 50000
	Timestamp delay: 50025
	Hardware timestamp delay: 57498
PLAYBACK (hw timestamp): Frame 326 Displayed Late. Expected (+/- 5%): 50000
	Timestamp delay: 66711
	Hardware timestamp delay: 66756
PLAYBACK (hw timestamp): Frame 332 Displayed Late. Expected (+/- 5%): 50000
	Timestamp delay: 66602
	Hardware timestamp delay: 66728
PLAYBACK (hw timestamp): Frame 338 Displayed Late. Expected (+/- 5%): 50000
	Timestamp delay: 66708
	Hardware timestamp delay: 66646
PLAYBACK (hw timestamp): Frame 341 Displayed Late. Expected (+/- 5%): 50000
	Timestamp delay: 66607
	Hardware timestamp delay: 66621
PLAYBACK (hw timestamp): Frame 345 Displayed Late. Expected (+/- 5%): 50000
	Timestamp delay: 66620
	Hardware timestamp delay: 66631
PLAYBACK (hw timestamp): Frame 350 Displayed Late. Expected (+/- 5%): 50000
	Timestamp delay: 66687
	Hardware timestamp delay: 66696
PLAYBACK (hw timestamp): Frame 353 Displayed Late. Expected (+/- 5%): 50000
	Timestamp delay: 66683
	Hardware timestamp delay: 66672
PLAYBACK (hw timestamp): Frame 368 Displayed Late. Expected (+/- 5%): 50000
	Timestamp delay: 66621
	Hardware timestamp delay: 66647
PLAYBACK (hw timestamp): Frame 373 Displayed Late. Expected (+/- 5%): 50000
	Timestamp delay: 66636
	Hardware timestamp delay: 66666
PLAYBACK (hw timestamp): Frame 379 Displayed Late. Expected (+/- 5%): 50000
	Timestamp delay: 66714
	Hardware timestamp delay: 66685
PLAYBACK (hw timestamp): Frame 382 Displayed Late. Expected (+/- 5%): 50000
	Timestamp delay: 66698
	Hardware timestamp delay: 66667
PLAYBACK (hw timestamp): Frame 393 Displayed Late. Expected (+/- 5%): 50000
	Timestamp delay: 66647
	Hardware timestamp delay: 66670
PLAYBACK (hw timestamp): Frame 396 Displayed Late. Expected (+/- 5%): 50000
	Timestamp delay: 66573
	Hardware timestamp delay: 66665
PLAYBACK (hw timestamp): Frame 398 Displayed Late. Expected (+/- 5%): 50000
	Timestamp delay: 66719
	Hardware timestamp delay: 66669
PLAYBACK (hw timestamp): Frame 404 Displayed Late. Expected (+/- 5%): 50000
	Timestamp delay: 66528
	Hardware timestamp delay: 66753
PLAYBACK (hw timestamp): Frame 408 Displayed Late. Expected (+/- 5%): 50000
	Timestamp delay: 66733
	Hardware timestamp delay: 66705
PLAYBACK (hw timestamp): Frame 412 Displayed Late. Expected (+/- 5%): 50000
	Timestamp delay: 66629
	Hardware timestamp delay: 66706
PLAYBACK (hw timestamp): Frame 420 Displayed Late. Expected (+/- 5%): 50000
	Timestamp delay: 66683
	Hardware timestamp delay: 66711
PLAYBACK (hw timestamp): Frame 432 Displayed Late. Expected (+/- 5%): 50000
	Timestamp delay: 66732
	Hardware timestamp delay: 66732
PLAYBACK (hw timestamp): Frame 439 Displayed Late. Expected (+/- 5%): 50000
	Timestamp delay: 66637
	Hardware timestamp delay: 66706
PLAYBACK (hw timestamp): Frame 450 Displayed Late. Expected (+/- 5%): 50000
	Timestamp delay: 66713
	Hardware timestamp delay: 66657
PLAYBACK (hw timestamp): Frame 453 Displayed Late. Expected (+/- 5%): 50000
	Timestamp delay: 66704
	Hardware timestamp delay: 66607
PLAYBACK (hw timestamp): Frame 458 Displayed Late. Expected (+/- 5%): 50000
	Timestamp delay: 66699
	Hardware timestamp delay: 66647
PLAYBACK (hw timestamp): Frame 465 Displayed Late. Expected (+/- 5%): 50000
	Timestamp delay: 66704
	Hardware timestamp delay: 66614
PLAYBACK (hw timestamp): Frame 471 Displayed Late. Expected (+/- 5%): 50000
	Timestamp delay: 66728
	Hardware timestamp delay: 66726
PLAYBACK (hw timestamp): Frame 476 Displayed Late. Expected (+/- 5%): 50000
	Timestamp delay: 66732
	Hardware timestamp delay: 66665
PLAYBACK (hw timestamp): Frame 486 Displayed Late. Expected (+/- 5%): 50000
	Timestamp delay: 66674
	Hardware timestamp delay: 66717
PLAYBACK (hw timestamp): Frame 497 Displayed Late. Expected (+/- 5%): 50000
	Timestamp delay: 66698
	Hardware timestamp delay: 66664
PLAYBACK (hw timestamp): Frame 501 Displayed Late. Expected (+/- 5%): 50000
	Timestamp delay: 66702
	Hardware timestamp delay: 66672
PLAYBACK (hw timestamp): Frame 504 Displayed Late. Expected (+/- 5%): 50000
	Timestamp delay: 66533
	Hardware timestamp delay: 66666
PLAYBACK (hw timestamp): Frame 507 Displayed Late. Expected (+/- 5%): 50000
	Timestamp delay: 66633
	Hardware timestamp delay: 66713
PLAYBACK (hw timestamp): Frame 511 Displayed Late. Expected (+/- 5%): 50000
	Timestamp delay: 66703
	Hardware timestamp delay: 66631
PLAYBACK (callback): Frame 513 Displayed Late. Expected (+/- 5%): 50000
	Timestamp delay: 50049
	Hardware timestamp delay: 53352
PLAYBACK (hw timestamp): Frame 556 Displayed Late. Expected (+/- 5%): 50000
	Timestamp delay: 66677
	Hardware timestamp delay: 66669
PLAYBACK (hw timestamp): Frame 558 Displayed Late. Expected (+/- 5%): 50000
	Timestamp delay: 66692
	Hardware timestamp delay: 66686
PLAYBACK (hw timestamp): Frame 563 Displayed Late. Expected (+/- 5%): 50000
	Timestamp delay: 66636
	Hardware timestamp delay: 66635
PLAYBACK (hw timestamp): Frame 574 Displayed Late. Expected (+/- 5%): 50000
	Timestamp delay: 66642
	Hardware timestamp delay: 66690
PLAYBACK (hw timestamp): Frame 578 Displayed Late. Expected (+/- 5%): 50000
	Timestamp delay: 66631
	Hardware timestamp delay: 66630
PLAYBACK (hw timestamp): Frame 580 Displayed Late. Expected (+/- 5%): 50000
	Timestamp delay: 66636
	Hardware timestamp delay: 66678
PLAYBACK (hw timestamp): Frame 583 Displayed Late. Expected (+/- 5%): 50000
	Timestamp delay: 66642
	Hardware timestamp delay: 66695
[libx264 @ 0x1aa6e40] frame I:588   Avg QP:26.00  size: 58070
[libx264 @ 0x1aa6e40] mb I  I16..4: 15.2% 63.4% 21.4%
[libx264 @ 0x1aa6e40] final ratefactor: 38.26
[libx264 @ 0x1aa6e40] 8x8 transform intra:63.4%
[libx264 @ 0x1aa6e40] coded y,uvDC,uvAC intra: 64.9% 69.4% 25.3%
[libx264 @ 0x1aa6e40] i16 v,h,dc,p: 24% 36% 16% 24%
[libx264 @ 0x1aa6e40] i8 v,h,dc,ddl,ddr,vr,hd,vl,hu: 11% 22% 24%  6%  7%  5%  9%  5% 11%
[libx264 @ 0x1aa6e40] i4 v,h,dc,ddl,ddr,vr,hd,vl,hu: 16% 28% 16%  6%  8%  6%  9%  5%  8%
[libx264 @ 0x1aa6e40] i8c dc,h,v,p: 64% 17% 14%  5%
[libx264 @ 0x1aa6e40] kb/s:9291.18
Stopping Capture
