00000000: 16.2528   (Y': 14.6935   Cb: 16.688    Cr: 18.035  )
00000005: 16.3668   (Y': 14.749    Cb: 16.8764   Cr: 18.1756 )
00000001: 16.2596   (Y': 14.679    Cb: 16.6562   Cr: 18.1419 )
00000002: 16.4726   (Y': 14.8431   Cb: 16.953    Cr: 18.3474 )
00000004: 16.2814   (Y': 14.6524   Cb: 16.7493   Cr: 18.1724 )
00000006: 16.4265   (Y': 14.8093   Cb: 16.9392   Cr: 18.2299 )
00000003: 16.4613   (Y': 14.8215   Cb: 16.9568   Cr: 18.3382 )
00000007: 16.3958   (Y': 14.7524   Cb: 16.9212   Cr: 18.2404 )
00000008: 16.549    (Y': 14.936    Cb: 17.1256   Cr: 18.2589 )
00000012: 16.3921   (Y': 14.7768   Cb: 16.9792   Cr: 18.0931 )
00000009: 16.577    (Y': 15.0055   Cb: 17.1675   Cr: 18.1811 )
00000013: 16.3719   (Y': 14.7688   Cb: 16.9677   Cr: 18.0357 )
00000010: 16.3876   (Y': 14.7157   Cb: 17.0476   Cr: 18.1179 )
00000011: 16.3348   (Y': 14.701    Cb: 16.9641   Cr: 18.0215 )
00000014: 16.2271   (Y': 14.6141   Cb: 16.8873   Cr: 17.8305 )
00000015: 16.3662   (Y': 14.708    Cb: 17.0536   Cr: 18.0318 )
00000016: 16.3015   (Y': 14.64     Cb: 16.9456   Cr: 18.0291 )
00000017: 16.4208   (Y': 14.734    Cb: 17.0959   Cr: 18.164  )
00000019: 16.3944   (Y': 14.6714   Cb: 17.0671   Cr: 18.2219 )
00000018: 16.341    (Y': 14.628    Cb: 16.9775   Cr: 18.1931 )
00000021: 16.4742   (Y': 14.7625   Cb: 17.1679   Cr: 18.249  )
00000022: 16.4952   (Y': 14.7681   Cb: 17.2135   Cr: 18.2728 )
00000020: 16.5585   (Y': 14.8233   Cb: 17.2715   Cr: 18.3612 )
00000023: 16.5551   (Y': 14.8163   Cb: 17.3088   Cr: 18.314  )
00000024: 16.7434   (Y': 14.9776   Cb: 17.5453   Cr: 18.5028 )
00000025: 16.6283   (Y': 14.8671   Cb: 17.4297   Cr: 18.3782 )
00000026: 16.4474   (Y': 14.6783   Cb: 17.2797   Cr: 18.1764 )
00000028: 16.4227   (Y': 14.6535   Cb: 17.2589   Cr: 18.1472 )
00000029: 16.3868   (Y': 14.6265   Cb: 17.2095   Cr: 18.1079 )
00000030: 16.3944   (Y': 14.6385   Cb: 17.2559   Cr: 18.0584 )
00000027: 16.4389   (Y': 14.6329   Cb: 17.3286   Cr: 18.181  )
00000031: 16.3915   (Y': 14.632    Cb: 17.2592   Cr: 18.0566 )
00000032: 15.9614   (Y': 14.2132   Cb: 16.7021   Cr: 17.7583 )
00000034: 21.9155   (Y': 19.272    Cb: 24.2512   Cr: 24.2963 )
00000035: 20.6732   (Y': 18.0936   Cb: 22.7811   Cr: 23.089  )
00000033: 27.0641   (Y': 25.6011   Cb: 28.4064   Cr: 27.6924 )
00000037: 18.6502   (Y': 16.0889   Cb: 20.5371   Cr: 21.2559 )
00000036: 19.143    (Y': 16.5895   Cb: 21.1599   Cr: 21.5752 )
00000038: 17.9852   (Y': 15.5943   Cb: 19.4551   Cr: 20.5581 )
00000039: 17.7371   (Y': 15.3857   Cb: 19.0829   Cr: 20.3495 )
00000040: 17.3051   (Y': 15.0563   Cb: 18.5322   Cr: 19.7628 )
00000041: 17.0299   (Y': 14.8318   Cb: 18.1386   Cr: 19.4982 )
00000042: 16.7615   (Y': 14.7414   Cb: 17.6525   Cr: 19.0291 )
00000043: 16.7889   (Y': 14.7451   Cb: 17.7234   Cr: 19.0611 )
00000044: 16.8073   (Y': 14.7605   Cb: 17.7283   Cr: 19.1062 )
00000045: 16.8011   (Y': 14.7279   Cb: 17.7615   Cr: 19.1183 )
00000046: 16.8304   (Y': 14.7613   Cb: 17.8148   Cr: 19.1036 )
00000047: 16.8423   (Y': 14.7421   Cb: 17.8628   Cr: 19.1523 )
00000048: 16.8592   (Y': 14.755    Cb: 17.8925   Cr: 19.1628 )
00000050: 16.857    (Y': 14.7316   Cb: 17.8962   Cr: 19.2116 )
00000049: 16.8198   (Y': 14.6931   Cb: 17.8608   Cr: 19.1755 )
00000051: 16.8505   (Y': 14.7326   Cb: 17.8613   Cr: 19.2228 )
00000052: 16.8201   (Y': 14.7132   Cb: 17.8218   Cr: 19.174  )
00000053: 16.869    (Y': 14.7672   Cb: 17.8527   Cr: 19.2332 )
00000054: 16.8382   (Y': 14.732    Cb: 17.8095   Cr: 19.2316 )
00000055: 16.9356   (Y': 14.8453   Cb: 17.9073   Cr: 19.2843 )
00000056: 16.9264   (Y': 14.8536   Cb: 17.901    Cr: 19.2229 )
00000058: 16.9948   (Y': 14.907    Cb: 18.0014   Cr: 19.2893 )
00000057: 16.9508   (Y': 14.8441   Cb: 17.9328   Cr: 19.3309 )
00000059: 17.1578   (Y': 14.9809   Cb: 18.1957   Cr: 19.6624 )
00000061: 17.1409   (Y': 15.0357   Cb: 18.2367   Cr: 19.365  )
00000062: 17.5124   (Y': 15.2941   Cb: 18.6635   Cr: 19.9823 )
00000060: 17.2384   (Y': 15.035    Cb: 18.3339   Cr: 19.7407 )
00000063: 17.6992   (Y': 15.4788   Cb: 18.8846   Cr: 20.1294 )
00000064: 17.9722   (Y': 15.8928   Cb: 18.9709   Cr: 20.2541 )
00000065: 18.1535   (Y': 16.1078   Cb: 19.1402   Cr: 20.3605 )
00000066: 18.463    (Y': 16.5213   Cb: 19.4029   Cr: 20.4638 )
00000067: 18.5136   (Y': 16.581    Cb: 19.4404   Cr: 20.5085 )
00000068: 18.3547   (Y': 16.4534   Cb: 19.2632   Cr: 20.2967 )
00000070: 18.0568   (Y': 16.1689   Cb: 18.8851   Cr: 20.0692 )
00000069: 18.2781   (Y': 16.397    Cb: 19.1115   Cr: 20.2676 )
00000071: 17.8733   (Y': 15.9537   Cb: 18.7321   Cr: 19.9244 )
00000072: 17.6576   (Y': 15.6425   Cb: 18.6228   Cr: 19.8122 )
00000073: 17.5645   (Y': 15.4747   Cb: 18.5513   Cr: 19.8915 )
00000074: 17.4206   (Y': 15.2567   Cb: 18.421    Cr: 19.9395 )
00000076: 17.4612   (Y': 15.2602   Cb: 18.5066   Cr: 20.0263 )
00000075: 17.4332   (Y': 15.2549   Cb: 18.4654   Cr: 19.9494 )
00000078: 17.5982   (Y': 15.4127   Cb: 18.6897   Cr: 20.0534 )
00000077: 17.4848   (Y': 15.3063   Cb: 18.5542   Cr: 19.9501 )
00000079: 17.6255   (Y': 15.4793   Cb: 18.6683   Cr: 20.034  )
00000081: 17.7514   (Y': 15.5891   Cb: 18.8368   Cr: 20.1482 )
00000080: 17.7258   (Y': 15.5916   Cb: 18.7887   Cr: 20.0731 )
00000082: 17.7547   (Y': 15.5533   Cb: 18.9116   Cr: 20.1679 )
00000083: 17.7898   (Y': 15.5747   Cb: 19.0211   Cr: 20.1444 )
00000085: 17.8186   (Y': 15.5688   Cb: 19.0735   Cr: 20.243  )
00000084: 17.8185   (Y': 15.5747   Cb: 19.0721   Cr: 20.227  )
00000086: 17.8019   (Y': 15.5411   Cb: 19.0839   Cr: 20.2233 )
00000087: 17.674    (Y': 15.427    Cb: 18.8932   Cr: 20.1374 )
00000088: 17.6515   (Y': 15.4548   Cb: 18.7678   Cr: 20.1055 )
00000089: 17.6914   (Y': 15.4951   Cb: 18.7815   Cr: 20.1801 )
00000090: 17.6037   (Y': 15.4581   Cb: 18.6098   Cr: 20.0611 )
00000091: 17.6059   (Y': 15.4669   Cb: 18.5675   Cr: 20.1071 )
00000093: 17.5876   (Y': 15.4808   Cb: 18.4943   Cr: 20.0745 )
00000092: 17.608    (Y': 15.5052   Cb: 18.5351   Cr: 20.054  )
00000094: 17.6092   (Y': 15.5067   Cb: 18.4402   Cr: 20.1946 )
00000095: 17.6287   (Y': 15.5281   Cb: 18.4658   Cr: 20.1991 )
00000096: 17.702    (Y': 15.6408   Cb: 18.486    Cr: 20.2373 )
00000097: 17.6977   (Y': 15.653    Cb: 18.4367   Cr: 20.2534 )
00000098: 17.6646   (Y': 15.6703   Cb: 18.3394   Cr: 20.1745 )
00000100: 17.5575   (Y': 15.5831   Cb: 18.2298   Cr: 20.0151 )
00000099: 17.646    (Y': 15.6772   Cb: 18.3177   Cr: 20.0889 )
00000101: 17.6209   (Y': 15.6508   Cb: 18.28     Cr: 20.0867 )
00000102: 17.651    (Y': 15.7136   Cb: 18.2569   Cr: 20.1078 )
00000103: 17.5431   (Y': 15.6233   Cb: 18.1219   Cr: 19.9928 )
00000104: 17.381    (Y': 15.468    Cb: 17.9548   Cr: 19.8199 )
00000105: 17.3293   (Y': 15.4087   Cb: 17.8892   Cr: 19.8106 )
00000106: 17.3318   (Y': 15.4682   Cb: 17.9227   Cr: 19.6138 )
00000108: 17.253    (Y': 15.4655   Cb: 17.75     Cr: 19.4792 )
00000107: 17.3066   (Y': 15.4365   Cb: 17.9129   Cr: 19.5827 )
00000109: 17.191    (Y': 15.4456   Cb: 17.6852   Cr: 19.317  )
00000110: 17.0167   (Y': 15.3163   Cb: 17.4323   Cr: 19.1492 )
00000111: 16.8027   (Y': 15.0906   Cb: 17.1316   Cr: 19.0966 )
00000112: 16.6466   (Y': 14.9194   Cb: 16.969    Cr: 18.9886 )
00000113: 16.5694   (Y': 14.7991   Cb: 16.881    Cr: 19.0413 )
00000114: 16.5873   (Y': 14.8629   Cb: 16.957    Cr: 18.8482 )
00000115: 16.502    (Y': 14.824    Cb: 16.8698   Cr: 18.652  )
00000116: 16.5393   (Y': 14.8025   Cb: 16.7347   Cr: 19.1174 )
00000117: 16.5554   (Y': 14.8044   Cb: 16.8696   Cr: 18.9721 )
00000118: 16.7081   (Y': 15.0581   Cb: 17.0038   Cr: 18.9001 )
00000119: 16.8437   (Y': 15.2529   Cb: 17.1076   Cr: 18.9437 )
00000120: 17.1267   (Y': 15.5948   Cb: 17.3309   Cr: 19.1821 )
00000122: 16.9027   (Y': 15.3204   Cb: 17.1109   Cr: 19.0693 )
00000121: 17.0221   (Y': 15.4605   Cb: 17.24     Cr: 19.1249 )
00000123: 16.8294   (Y': 15.2145   Cb: 17.0657   Cr: 19.0294 )
00000124: 16.6683   (Y': 15.0281   Cb: 16.9637   Cr: 18.8372 )
00000126: 16.5863   (Y': 14.7391   Cb: 17.2252   Cr: 18.7563 )
00000125: 16.5579   (Y': 14.8773   Cb: 16.9395   Cr: 18.6931 )
00000127: 16.4089   (Y': 14.577    Cb: 17.0788   Cr: 18.4974 )
00000129: 16.3527   (Y': 14.4416   Cb: 17.1415   Cr: 18.4759 )
00000128: 16.3731   (Y': 14.5008   Cb: 17.1183   Cr: 18.4581 )
00000130: 16.3556   (Y': 14.3187   Cb: 17.2254   Cr: 18.6982 )
00000131: 16.3982   (Y': 14.3046   Cb: 17.3304   Cr: 18.811  )
00000132: 16.6395   (Y': 14.5109   Cb: 17.5887   Cr: 19.1282 )
00000133: 16.6527   (Y': 14.5284   Cb: 17.5836   Cr: 19.1551 )
00000134: 16.9182   (Y': 14.7606   Cb: 17.9902   Cr: 19.3196 )
00000135: 16.936    (Y': 14.7839   Cb: 17.983    Cr: 19.3557 )
00000136: 17.0584   (Y': 14.8463   Cb: 18.2056   Cr: 19.5157 )
00000137: 17.1073   (Y': 14.8821   Cb: 18.2667   Cr: 19.5867 )
00000138: 17.1778   (Y': 14.8953   Cb: 18.395    Cr: 19.7502 )
00000139: 17.1925   (Y': 14.9256   Cb: 18.371    Cr: 19.7707 )
00000140: 17.1286   (Y': 14.929    Cb: 18.1971   Cr: 19.6574 )
00000141: 17.1171   (Y': 14.8893   Cb: 18.1915   Cr: 19.7221 )
00000142: 17.1671   (Y': 14.931    Cb: 18.2631   Cr: 19.7665 )
00000143: 17.1249   (Y': 14.8873   Cb: 18.2172   Cr: 19.7342 )
00000144: 17.2408   (Y': 15.0349   Cb: 18.3201   Cr: 19.7729 )
00000145: 17.2972   (Y': 15.0853   Cb: 18.417    Cr: 19.7909 )
00000146: 17.3302   (Y': 15.1474   Cb: 18.4991   Cr: 19.6741 )
00000147: 17.3802   (Y': 15.1724   Cb: 18.5923   Cr: 19.7386 )
00000148: 17.523    (Y': 15.3384   Cb: 18.7705   Cr: 19.7709 )
00000149: 17.5364   (Y': 15.3466   Cb: 18.8466   Cr: 19.7207 )
00000150: 17.7238   (Y': 15.5694   Cb: 19.0222   Cr: 19.8268 )
00000151: 17.795    (Y': 15.6532   Cb: 19.0419   Cr: 19.9271 )
00000152: 17.9721   (Y': 15.8308   Cb: 19.2408   Cr: 20.0764 )
00000153: 18.0475   (Y': 15.8243   Cb: 19.4758   Cr: 20.1817 )
00000154: 18.1894   (Y': 16.078    Cb: 19.5245   Cr: 20.137  )
00000155: 18.2929   (Y': 16.2107   Cb: 19.562    Cr: 20.2429 )
00000156: 18.3946   (Y': 16.3698   Cb: 19.6172   Cr: 20.2565 )
00000157: 18.4438   (Y': 16.4255   Cb: 19.6582   Cr: 20.2988 )
00000158: 18.3337   (Y': 16.2934   Cb: 19.6109   Cr: 20.1705 )
00000159: 18.317    (Y': 16.3414   Cb: 19.5248   Cr: 20.077  )
00000160: 18.1266   (Y': 16.1687   Cb: 19.4107   Cr: 19.761  )
00000161: 18.0938   (Y': 16.1446   Cb: 19.4516   Cr: 19.6303 )
00000162: 17.9199   (Y': 15.9321   Cb: 19.214    Cr: 19.6126 )
00000163: 17.8695   (Y': 15.8501   Cb: 19.2512   Cr: 19.5413 )
00000164: 17.709    (Y': 15.6632   Cb: 19.0328   Cr: 19.5068 )
00000165: 17.7899   (Y': 15.771    Cb: 19.1341   Cr: 19.5007 )
00000166: 17.7881   (Y': 15.8497   Cb: 18.9985   Cr: 19.4589 )
00000167: 17.8873   (Y': 16.019    Cb: 19.0654   Cr: 19.4362 )
00000168: 17.933    (Y': 16.0628   Cb: 19.1748   Cr: 19.4175 )
00000169: 18.4475   (Y': 16.4493   Cb: 19.8542   Cr: 20.0439 )
00000170: 18.6572   (Y': 16.551    Cb: 20.4105   Cr: 20.1569 )
00000171: 18.4984   (Y': 16.4201   Cb: 20.1298   Cr: 20.0511 )
00000172: 18.2099   (Y': 16.0479   Cb: 19.9186   Cr: 19.8837 )
00000174: 17.7188   (Y': 15.7877   Cb: 18.9801   Cr: 19.3172 )
00000173: 18.0049   (Y': 15.8865   Cb: 19.6366   Cr: 19.6509 )
00000175: 17.7412   (Y': 15.767    Cb: 19.0866   Cr: 19.3469 )
00000176: 17.722    (Y': 15.6578   Cb: 19.1038   Cr: 19.5001 )
00000177: 17.7146   (Y': 15.6125   Cb: 19.1318   Cr: 19.5468 )
00000178: 17.5508   (Y': 15.4858   Cb: 18.8336   Cr: 19.4419 )
00000181: 17.3065   (Y': 15.5066   Cb: 18.3107   Cr: 18.8997 )
00000179: 17.4655   (Y': 15.4071   Cb: 18.7665   Cr: 19.3197 )
00000180: 17.4126   (Y': 15.6517   Cb: 18.4575   Cr: 18.8764 )
00000182: 17.048    (Y': 15.2674   Cb: 17.9993   Cr: 18.6602 )
00000183: 17.0659   (Y': 15.3649   Cb: 17.8595   Cr: 18.6927 )
00000184: 17.5712   (Y': 15.5791   Cb: 18.7777   Cr: 19.372  )
00000186: 17.3679   (Y': 15.4452   Cb: 18.6128   Cr: 18.9652 )
00000185: 17.5632   (Y': 15.5846   Cb: 18.8338   Cr: 19.2601 )
00000187: 17.3728   (Y': 15.433    Cb: 18.621    Cr: 19.0048 )
00000189: 17.2509   (Y': 15.2822   Cb: 18.656    Cr: 18.782  )
00000188: 17.2607   (Y': 15.31     Cb: 18.6332   Cr: 18.7853 )
00000190: 17.1183   (Y': 15.2526   Cb: 18.4307   Cr: 18.5201 )
00000191: 17.2004   (Y': 15.3965   Cb: 18.4704   Cr: 18.5159 )
00000192: 17.2122   (Y': 15.5578   Cb: 18.2103   Cr: 18.5102 )
00000193: 17.1033   (Y': 15.5362   Cb: 17.9633   Cr: 18.381  )
00000194: 17.2556   (Y': 15.765    Cb: 18.0005   Cr: 18.5157 )
00000195: 17.3821   (Y': 16.0395   Cb: 17.9902   Cr: 18.5262 )
00000196: 17.5415   (Y': 16.3726   Cb: 17.9531   Cr: 18.6118 )
00000198: 17.2099   (Y': 16.2716   Cb: 17.4214   Cr: 18.1446 )
00000197: 17.4014   (Y': 16.3521   Cb: 17.6575   Cr: 18.4585 )
00000199: 17.1054   (Y': 16.1293   Cb: 17.3984   Cr: 18.003  )
00000200: 17.0095   (Y': 15.8285   Cb: 17.4675   Cr: 18.0467 )
00000201: 16.9375   (Y': 15.748    Cb: 17.4257   Cr: 17.9543 )
00000202: 17.2479   (Y': 15.6339   Cb: 18.2083   Cr: 18.5072 )
00000203: 17.3254   (Y': 15.5962   Cb: 18.3666   Cr: 18.7276 )
00000205: 17.494    (Y': 16.0279   Cb: 18.3134   Cr: 18.6269 )
00000204: 17.4854   (Y': 16.0377   Cb: 18.3145   Cr: 18.5745 )
00000206: 17.359    (Y': 16.0277   Cb: 18.04     Cr: 18.4026 )
00000207: 17.2768   (Y': 15.9096   Cb: 18.0297   Cr: 18.3052 )
00000209: 17.6225   (Y': 16.1142   Cb: 18.6438   Cr: 18.6225 )
00000208: 17.6616   (Y': 16.1053   Cb: 18.7129   Cr: 18.7182 )
00000210: 17.6011   (Y': 16.181    Cb: 18.6487   Cr: 18.4233 )
00000211: 17.7029   (Y': 16.158    Cb: 18.8604   Cr: 18.6355 )
00000213: 17.9951   (Y': 16.3223   Cb: 19.5373   Cr: 18.8093 )
00000212: 17.899    (Y': 16.2792   Cb: 19.2154   Cr: 18.8173 )
00000215: 18.6118   (Y': 16.8858   Cb: 20.3202   Cr: 19.3835 )
00000214: 18.4027   (Y': 16.6655   Cb: 19.9673   Cr: 19.3141 )
00000216: 18.7037   (Y': 17.1075   Cb: 20.0857   Cr: 19.5216 )
00000217: 18.7058   (Y': 17.0614   Cb: 20.0654   Cr: 19.6288 )
00000218: 18.8576   (Y': 17.3109   Cb: 20.0869   Cr: 19.7263 )
00000219: 18.8573   (Y': 17.3788   Cb: 20.0101   Cr: 19.6792 )
00000220: 18.6181   (Y': 17.1752   Cb: 19.7212   Cr: 19.4262 )
00000221: 18.5206   (Y': 17.1167   Cb: 19.5359   Cr: 19.3466 )
00000222: 18.2152   (Y': 16.8419   Cb: 19.1883   Cr: 19.0306 )
00000223: 18.0923   (Y': 16.6895   Cb: 19.1193   Cr: 18.9053 )
00000224: 17.7644   (Y': 16.3368   Cb: 18.7336   Cr: 18.675  )
00000225: 17.71     (Y': 16.3373   Cb: 18.578    Cr: 18.6281 )
00000226: 17.5464   (Y': 16.2727   Cb: 18.3175   Cr: 18.3983 )
00000227: 17.4592   (Y': 16.1702   Cb: 18.2992   Cr: 18.2669 )
00000228: 17.4837   (Y': 16.1593   Cb: 18.4997   Cr: 18.179  )
00000230: 17.209    (Y': 15.9419   Cb: 18.1462   Cr: 17.8878 )
00000229: 17.4099   (Y': 16.1304   Cb: 18.4322   Cr: 18.0291 )
00000231: 17.1315   (Y': 15.894    Cb: 18.0218   Cr: 17.8084 )
00000233: 16.9232   (Y': 15.7193   Cb: 17.6905   Cr: 17.6674 )
00000234: 16.9057   (Y': 15.6532   Cb: 17.6032   Cr: 17.799  )
00000232: 16.9662   (Y': 15.7426   Cb: 17.7472   Cr: 17.7279 )
00000235: 16.9182   (Y': 15.6458   Cb: 17.7258   Cr: 17.731  )
00000236: 16.8718   (Y': 15.5898   Cb: 17.637    Cr: 17.7432 )
00000237: 16.7682   (Y': 15.465    Cb: 17.5876   Cr: 17.6197 )
00000238: 16.6883   (Y': 15.3423   Cb: 17.5992   Cr: 17.5189 )
00000239: 16.6172   (Y': 15.3326   Cb: 17.5045   Cr: 17.3713 )
00000241: 16.4111   (Y': 15.3441   Cb: 17.095    Cr: 17.0298 )
00000240: 16.4726   (Y': 15.2888   Cb: 17.2846   Cr: 17.142  )
00000242: 16.2122   (Y': 15.216    Cb: 16.7786   Cr: 16.8447 )
00000243: 16.1443   (Y': 15.1752   Cb: 16.6842   Cr: 16.7647 )
00000244: 16.0071   (Y': 15.0902   Cb: 16.5477   Cr: 16.5526 )
00000245: 15.9074   (Y': 15.0376   Cb: 16.4176   Cr: 16.4179 )
00000246: 15.8319   (Y': 14.932    Cb: 16.3509   Cr: 16.3754 )
00000247: 15.7867   (Y': 14.8874   Cb: 16.2959   Cr: 16.3393 )
00000248: 15.7329   (Y': 14.8058   Cb: 16.24     Cr: 16.3264 )
00000249: 15.6955   (Y': 14.7573   Cb: 16.2015   Cr: 16.3062 )
00000250: 15.6478   (Y': 14.6899   Cb: 16.169    Cr: 16.2712 )
00000252: 15.6931   (Y': 14.7158   Cb: 16.2503   Cr: 16.3076 )
00000251: 15.6657   (Y': 14.7172   Cb: 16.1786   Cr: 16.2839 )
00000253: 15.7038   (Y': 14.7431   Cb: 16.2551   Cr: 16.3003 )
00000254: 15.7827   (Y': 14.7589   Cb: 16.3641   Cr: 16.4405 )
00000255: 15.8488   (Y': 14.823    Cb: 16.4436   Cr: 16.4958 )
00000256: 15.9859   (Y': 14.9033   Cb: 16.6011   Cr: 16.697  )
00000257: 16.0222   (Y': 14.9167   Cb: 16.6438   Cr: 16.7613 )
00000258: 16.091    (Y': 14.9612   Cb: 16.6969   Cr: 16.8839 )
00000260: 16.1839   (Y': 15.0164   Cb: 16.8136   Cr: 17.011  )
00000259: 16.1311   (Y': 14.9793   Cb: 16.7532   Cr: 16.9417 )
00000261: 16.1962   (Y': 14.9916   Cb: 16.84     Cr: 17.0682 )
00000262: 16.2297   (Y': 14.9682   Cb: 16.9128   Cr: 17.1528 )
00000263: 16.227    (Y': 14.9716   Cb: 16.9256   Cr: 17.1241 )
00000264: 16.3324   (Y': 15.0491   Cb: 17.1186   Cr: 17.1846 )
00000265: 16.4173   (Y': 15.1157   Cb: 17.2812   Cr: 17.2216 )
00000266: 16.5567   (Y': 15.2005   Cb: 17.4617   Cr: 17.4104 )
00000267: 16.609    (Y': 15.2438   Cb: 17.5471   Cr: 17.445  )
00000268: 16.7092   (Y': 15.3453   Cb: 17.6471   Cr: 17.543  )
00000269: 16.7663   (Y': 15.4239   Cb: 17.7057   Cr: 17.5635 )
00000270: 16.9431   (Y': 15.5072   Cb: 18.0152   Cr: 17.7685 )
00000271: 17.0231   (Y': 15.5807   Cb: 18.1161   Cr: 17.8398 )
00000272: 17.1731   (Y': 15.677    Cb: 18.3202   Cr: 18.0305 )
00000273: 17.2809   (Y': 15.7321   Cb: 18.4534   Cr: 18.2062 )
00000274: 16.5023   (Y': 14.9793   Cb: 17.3594   Cr: 17.6997 )
00000276: 16.9412   (Y': 15.3641   Cb: 18.0547   Cr: 17.9741 )
00000275: 16.6807   (Y': 15.1559   Cb: 17.6219   Cr: 17.7921 )
00000277: 16.9222   (Y': 15.3602   Cb: 18.0045   Cr: 17.9583 )
00000278: 16.8056   (Y': 15.25     Cb: 17.8036   Cr: 17.9151 )
00000279: 16.8112   (Y': 15.2399   Cb: 17.8344   Cr: 17.924  )
00000280: 17.0788   (Y': 15.4379   Cb: 18.2319   Cr: 18.1909 )
00000281: 17.1184   (Y': 15.4583   Cb: 18.2304   Cr: 18.3085 )
00000282: 17.1253   (Y': 15.4471   Cb: 18.2348   Cr: 18.353  )
00000283: 17.1885   (Y': 15.4806   Cb: 18.3279   Cr: 18.4439 )
00000284: 17.2867   (Y': 15.5333   Cb: 18.5082   Cr: 18.5489 )
00000285: 17.3695   (Y': 15.6156   Cb: 18.6287   Cr: 18.5951 )
00000286: 17.5417   (Y': 15.6974   Cb: 18.9964   Cr: 18.7593 )
00000287: 17.6096   (Y': 15.7744   Cb: 19.0649   Cr: 18.8081 )
00000288: 17.5633   (Y': 15.7468   Cb: 19.0057   Cr: 18.7365 )
00000289: 17.5595   (Y': 15.7614   Cb: 18.9848   Cr: 18.7124 )
00000290: 17.6443   (Y': 15.8145   Cb: 19.1228   Cr: 18.81   )
00000291: 17.624    (Y': 15.7403   Cb: 19.192    Cr: 18.8157 )
00000292: 17.7422   (Y': 15.7978   Cb: 19.4368   Cr: 18.9434 )
00000293: 17.8119   (Y': 15.8114   Cb: 19.5583   Cr: 19.0844 )
00000294: 17.9235   (Y': 15.8754   Cb: 19.8544   Cr: 19.1361 )
00000295: 17.9646   (Y': 15.8442   Cb: 19.9971   Cr: 19.2471 )
00000296: 17.8018   (Y': 15.6969   Cb: 19.7796   Cr: 19.0969 )
00000297: 17.7707   (Y': 15.7183   Cb: 19.6773   Cr: 19.0132 )
00000300: 17.751    (Y': 15.7026   Cb: 19.6038   Cr: 19.0315 )
00000298: 17.746    (Y': 15.7349   Cb: 19.6331   Cr: 18.9183 )
00000299: 17.753    (Y': 15.6988   Cb: 19.6243   Cr: 19.03   )
00000301: 17.7612   (Y': 15.6569   Cb: 19.6206   Cr: 19.1586 )
00000302: 17.7649   (Y': 15.6694   Cb: 19.7254   Cr: 19.0543 )
00000303: 17.8163   (Y': 15.739    Cb: 19.7734   Cr: 19.0691 )
00000304: 17.455    (Y': 15.5509   Cb: 19.0767   Cr: 18.6393 )
00000305: 17.405    (Y': 15.5181   Cb: 18.976    Cr: 18.6006 )
00000306: 17.3698   (Y': 15.455    Cb: 18.922    Cr: 18.6402 )
00000307: 17.3009   (Y': 15.4558   Cb: 18.7413   Cr: 18.5334 )
00000308: 17.3238   (Y': 15.4267   Cb: 18.807    Cr: 18.6225 )
00000309: 17.2851   (Y': 15.4451   Cb: 18.6319   Cr: 18.5981 )
00000310: 17.3363   (Y': 15.5034   Cb: 18.6923   Cr: 18.6257 )
00000311: 17.3487   (Y': 15.5013   Cb: 18.6719   Cr: 18.7007 )
00000312: 17.3301   (Y': 15.5158   Cb: 18.6548   Cr: 18.6121 )
00000313: 17.318    (Y': 15.5185   Cb: 18.6142   Cr: 18.5984 )
00000315: 17.2696   (Y': 15.497    Cb: 18.5041   Cr: 18.5577 )
00000314: 17.293    (Y': 15.4831   Cb: 18.6388   Cr: 18.5456 )
00000316: 17.2223   (Y': 15.4775   Cb: 18.3597   Cr: 18.5537 )
00000317: 17.1103   (Y': 15.4404   Cb: 18.2073   Cr: 18.3348 )
00000319: 16.8694   (Y': 15.4578   Cb: 17.7363   Cr: 17.8556 )
00000318: 17.0492   (Y': 15.4396   Cb: 18.0918   Cr: 18.214  )
00000320: 16.835    (Y': 15.4722   Cb: 17.6332   Cr: 17.808  )
00000321: 16.8018   (Y': 15.437    Cb: 17.5575   Cr: 17.8231 )
00000323: 16.6124   (Y': 15.3794   Cb: 17.2496   Cr: 17.5374 )
00000325: 16.3813   (Y': 15.2412   Cb: 16.9165   Cr: 17.2657 )
00000322: 16.7223   (Y': 15.39     Cb: 17.4279   Cr: 17.741  )
00000324: 16.5267   (Y': 15.2983   Cb: 17.1976   Cr: 17.4086 )
00000326: 16.3142   (Y': 15.1658   Cb: 16.8636   Cr: 17.1963 )
00000327: 16.5132   (Y': 15.3191   Cb: 17.1631   Cr: 17.3617 )
00000328: 17.0215   (Y': 15.8365   Cb: 17.7792   Cr: 17.7458 )
00000329: 16.9848   (Y': 15.896    Cb: 17.6772   Cr: 17.6277 )
00000330: 16.8052   (Y': 15.7767   Cb: 17.3876   Cr: 17.4689 )
00000331: 16.1646   (Y': 15.227    Cb: 16.6278   Cr: 16.8185 )
00000332: 16.0996   (Y': 15.1873   Cb: 16.4921   Cr: 16.7917 )
00000333: 16.3397   (Y': 15.3524   Cb: 16.78     Cr: 17.0908 )
00000334: 16.4156   (Y': 15.422    Cb: 16.8636   Cr: 17.1681 )
00000335: 16.4968   (Y': 15.5673   Cb: 16.8459   Cr: 17.2613 )
00000336: 16.4846   (Y': 15.5203   Cb: 16.8314   Cr: 17.3037 )
00000341: 16.4267   (Y': 15.3905   Cb: 16.6959   Cr: 17.4471 )
00000337: 16.457    (Y': 15.4912   Cb: 16.7901   Cr: 17.2934 )
00000338: 16.4438   (Y': 15.4856   Cb: 16.753    Cr: 17.296  )
00000340: 16.4404   (Y': 15.4568   Cb: 16.7141   Cr: 17.3722 )
00000339: 16.4722   (Y': 15.4914   Cb: 16.7478   Cr: 17.3973 )
00000342: 16.4284   (Y': 15.3972   Cb: 16.7294   Cr: 17.4032 )
00000343: 16.472    (Y': 15.316    Cb: 16.8147   Cr: 17.6018 )
00000344: 16.4463   (Y': 15.292    Cb: 16.7738   Cr: 17.5918 )
00000345: 16.2651   (Y': 15.0872   Cb: 16.6517   Cr: 17.3797 )
00000346: 16.2503   (Y': 15.0049   Cb: 16.6958   Cr: 17.4114 )
00000348: 16.1939   (Y': 14.7615   Cb: 16.698    Cr: 17.6275 )
00000350: 16.0882   (Y': 14.5485   Cb: 16.6147   Cr: 17.7082 )
00000347: 16.1879   (Y': 14.8465   Cb: 16.7244   Cr: 17.4125 )
00000349: 16.1571   (Y': 14.5904   Cb: 16.6929   Cr: 17.8214 )
00000351: 15.9676   (Y': 14.3591   Cb: 16.5585   Cr: 17.6491 )
00000352: 15.9503   (Y': 14.3471   Cb: 16.5347   Cr: 17.6291 )
00000353: 15.8587   (Y': 14.2108   Cb: 16.4509   Cr: 17.624  )
00000354: 15.7305   (Y': 14.1012   Cb: 16.2393   Cr: 17.5661 )
00000355: 15.539    (Y': 13.9113   Cb: 16.0238   Cr: 17.4038 )
00000356: 15.4667   (Y': 13.8406   Cb: 15.9356   Cr: 17.35   )
00000357: 15.5266   (Y': 13.9767   Cb: 15.9173   Cr: 17.3499 )
00000358: 15.5178   (Y': 14.0397   Cb: 15.8412   Cr: 17.2811 )
00000359: 15.5323   (Y': 14.1428   Cb: 15.8087   Cr: 17.1781 )
00000361: 15.5215   (Y': 14.2254   Cb: 15.7544   Cr: 17.043  )
00000360: 15.5587   (Y': 14.232    Cb: 15.799    Cr: 17.1293 )
00000365: 16.2595   (Y': 15.0654   Cb: 16.5044   Cr: 17.577  )
00000362: 15.6484   (Y': 14.4169   Cb: 15.8584   Cr: 17.0791 )
00000364: 16.0388   (Y': 14.8406   Cb: 16.2629   Cr: 17.3904 )
00000363: 15.944    (Y': 14.7753   Cb: 16.1367   Cr: 17.2833 )
00000366: 16.3744   (Y': 15.1474   Cb: 16.6892   Cr: 17.6617 )
00000367: 16.2015   (Y': 15.018    Cb: 16.5029   Cr: 17.429  )
00000369: 16.3956   (Y': 15.1794   Cb: 16.7202   Cr: 17.6519 )
00000368: 16.0481   (Y': 14.9356   Cb: 16.2903   Cr: 17.227  )
00000370: 16.2761   (Y': 15.1108   Cb: 16.5512   Cr: 17.5046 )
00000373: 15.8173   (Y': 14.8465   Cb: 15.8858   Cr: 16.9798 )
00000372: 15.8873   (Y': 14.8249   Cb: 16.0423   Cr: 17.0913 )
00000371: 16.0065   (Y': 14.9475   Cb: 16.1487   Cr: 17.2212 )
00000374: 16.1978   (Y': 15.1087   Cb: 16.321    Cr: 17.4883 )
00000375: 16.0972   (Y': 15.0189   Cb: 16.1893   Cr: 17.4099 )
00000377: 16.2069   (Y': 15.107    Cb: 16.3807   Cr: 17.4504 )
00000376: 16.014    (Y': 14.9043   Cb: 16.1904   Cr: 17.2711 )
00000378: 16.0179   (Y': 14.9568   Cb: 16.1303   Cr: 17.2745 )
00000380: 15.719    (Y': 14.7919   Cb: 15.8123   Cr: 16.78   )
00000379: 15.4239   (Y': 14.5806   Cb: 15.4258   Cr: 16.4688 )
00000381: 15.9593   (Y': 14.9672   Cb: 16.0977   Cr: 17.0678 )
00000382: 15.9412   (Y': 14.9647   Cb: 16.0276   Cr: 17.0901 )
00000383: 16.0111   (Y': 14.9824   Cb: 16.1325   Cr: 17.2014 )
00000384: 15.933    (Y': 14.8376   Cb: 16.0339   Cr: 17.2637 )
00000385: 24.7427   (Y': 22.2727   Cb: 27.1128   Cr: 26.5832 )
00000386: 22.1152   (Y': 19.3257   Cb: 24.9027   Cr: 24.5352 )
00000387: 18.6867   (Y': 15.8014   Cb: 21.2688   Cr: 21.6544 )
00000388: 17.7892   (Y': 14.9199   Cb: 20.2544   Cr: 20.8256 )
00000389: 16.9239   (Y': 14.1985   Cb: 19.0096   Cr: 19.8626 )
00000390: 16.6291   (Y': 14.0277   Cb: 18.5107   Cr: 19.3752 )
00000391: 16.3237   (Y': 14.0253   Cb: 17.7626   Cr: 18.6566 )
00000392: 16.1868   (Y': 14.0054   Cb: 17.4811   Cr: 18.3675 )
00000394: 15.9444   (Y': 14.1602   Cb: 16.7877   Cr: 17.6938 )
00000393: 16.0077   (Y': 14.0995   Cb: 17.0073   Cr: 17.8526 )
00000395: 15.8879   (Y': 14.2171   Cb: 16.606    Cr: 17.5422 )
00000396: 15.9456   (Y': 14.2921   Cb: 16.6693   Cr: 17.5562 )
00000398: 16.0569   (Y': 14.3807   Cb: 16.7988   Cr: 17.6937 )
00000397: 16.0111   (Y': 14.3413   Cb: 16.7666   Cr: 17.6176 )
00000399: 16.1283   (Y': 14.4383   Cb: 16.8727   Cr: 17.7917 )
00000400: 16.1619   (Y': 14.4512   Cb: 16.9303   Cr: 17.8405 )
00000401: 16.2028   (Y': 14.4993   Cb: 16.9597   Cr: 17.8801 )
00000402: 16.2152   (Y': 14.5117   Cb: 16.9868   Cr: 17.8744 )
00000403: 16.2455   (Y': 14.5201   Cb: 17.0079   Cr: 17.9641 )
00000404: 16.2846   (Y': 14.5723   Cb: 17.0512   Cr: 17.9693 )
00000406: 16.3052   (Y': 14.5482   Cb: 17.0823   Cr: 18.0757 )
00000405: 16.2738   (Y': 14.517    Cb: 17.0773   Cr: 18.0111 )
00000407: 16.4009   (Y': 14.6353   Cb: 17.2415   Cr: 18.112  )
00000408: 16.4604   (Y': 14.6646   Cb: 17.3368   Cr: 18.1952 )
00000409: 16.5042   (Y': 14.7268   Cb: 17.3541   Cr: 18.2305 )
00000410: 16.6843   (Y': 14.8927   Cb: 17.4889   Cr: 18.499  )
00000411: 16.6051   (Y': 14.7582   Cb: 17.4299   Cr: 18.5234 )
00000412: 16.4296   (Y': 14.5821   Cb: 17.2664   Cr: 18.3339 )
00000413: 16.5443   (Y': 14.7091   Cb: 17.3717   Cr: 18.4314 )
00000414: 16.7707   (Y': 14.8849   Cb: 17.621    Cr: 18.7494 )
00000415: 16.8305   (Y': 14.8773   Cb: 17.7136   Cr: 18.9343 )
00000416: 16.8304   (Y': 14.8427   Cb: 17.7592   Cr: 18.9618 )
00000417: 16.8258   (Y': 14.7572   Cb: 17.7981   Cr: 19.1135 )
00000418: 16.8189   (Y': 14.7122   Cb: 17.8186   Cr: 19.1747 )
00000419: 16.7245   (Y': 14.5602   Cb: 17.7357   Cr: 19.2291 )
00000420: 16.6425   (Y': 14.4397   Cb: 17.6232   Cr: 19.3069 )
00000421: 16.5612   (Y': 14.3669   Cb: 17.484    Cr: 19.2857 )
00000422: 16.5661   (Y': 14.3744   Cb: 17.5055   Cr: 19.2574 )
00000423: 16.6816   (Y': 14.4929   Cb: 17.6423   Cr: 19.3324 )
00000424: 16.7874   (Y': 14.6219   Cb: 17.8018   Cr: 19.2911 )
00000425: 16.998    (Y': 14.7871   Cb: 18.1295   Cr: 19.4726 )
00000426: 17.07     (Y': 14.8231   Cb: 18.287    Cr: 19.536  )
00000429: 17.2617   (Y': 14.9305   Cb: 18.7464   Cr: 19.6345 )
00000427: 17.2034   (Y': 14.886    Cb: 18.5389   Cr: 19.724  )
00000428: 17.2002   (Y': 14.864    Cb: 18.6008   Cr: 19.6936 )
00000430: 17.296    (Y': 14.9417   Cb: 18.8452   Cr: 19.6583 )
00000431: 17.3528   (Y': 15.0502   Cb: 18.8776   Cr: 19.5944 )
00000434: 17.322    (Y': 15.0683   Cb: 18.856    Cr: 19.4168 )
00000436: 17.2499   (Y': 14.9925   Cb: 18.7905   Cr: 19.3474 )
00000432: 17.4046   (Y': 15.129    Cb: 18.9821   Cr: 19.5101 )
00000435: 17.2824   (Y': 15.021    Cb: 18.8593   Cr: 19.3498 )
00000433: 17.335    (Y': 15.0874   Cb: 18.8593   Cr: 19.4245 )
00000437: 17.279    (Y': 15.0005   Cb: 18.8988   Cr: 19.3447 )
00000438: 17.2862   (Y': 15.0247   Cb: 18.9219   Cr: 19.2889 )
00000439: 17.1651   (Y': 14.9524   Cb: 18.6877   Cr: 19.1631 )
00000441: 17.0385   (Y': 14.8927   Cb: 18.4126   Cr: 19.0299 )
00000442: 17.0503   (Y': 14.8676   Cb: 18.4405   Cr: 19.1198 )
00000440: 17.1184   (Y': 14.9294   Cb: 18.5861   Cr: 19.1155 )
00000445: 17.0008   (Y': 14.8366   Cb: 18.4594   Cr: 18.944  )
00000444: 17.0689   (Y': 14.8615   Cb: 18.5685   Cr: 19.0784 )
00000443: 17.0153   (Y': 14.8096   Cb: 18.4817   Cr: 19.0579 )
00000446: 17.0364   (Y': 14.8823   Cb: 18.5092   Cr: 18.9376 )
00000447: 17.0537   (Y': 14.9068   Cb: 18.5202   Cr: 18.9435 )
00000448: 17.0872   (Y': 14.9579   Cb: 18.4689   Cr: 19.027  )
00000450: 17.0802   (Y': 14.9968   Cb: 18.3848   Cr: 18.9927 )
00000449: 17.0379   (Y': 14.9263   Cb: 18.3843   Cr: 18.9733 )
00000451: 17.0194   (Y': 14.9726   Cb: 18.2682   Cr: 18.9049 )
00000453: 16.9533   (Y': 14.9406   Cb: 18.2257   Cr: 18.7288 )
00000452: 17.0342   (Y': 14.9944   Cb: 18.2845   Cr: 18.9003 )
00000454: 16.876    (Y': 14.902    Cb: 18.1537   Cr: 18.5545 )
00000455: 16.773    (Y': 14.8607   Cb: 17.9738   Cr: 18.3948 )
00000456: 16.8044   (Y': 14.8859   Cb: 18.0565   Cr: 18.3844 )
00000457: 16.7267   (Y': 14.8498   Cb: 17.9429   Cr: 18.253  )
00000458: 16.7107   (Y': 14.8517   Cb: 17.9008   Cr: 18.2265 )
00000459: 16.6632   (Y': 14.9058   Cb: 17.7598   Cr: 18.0637 )
00000460: 16.6514   (Y': 14.918    Cb: 17.7165   Cr: 18.0365 )
00000461: 16.5898   (Y': 14.9251   Cb: 17.5182   Cr: 17.9844 )
00000462: 16.5216   (Y': 14.9299   Cb: 17.3587   Cr: 17.8726 )
00000463: 16.3558   (Y': 14.8506   Cb: 17.052    Cr: 17.6995 )
00000464: 16.2741   (Y': 14.8352   Cb: 16.8975   Cr: 17.5764 )
00000465: 16.1454   (Y': 14.772    Cb: 16.7596   Cr: 17.3378 )
00000466: 16.1409   (Y': 14.8295   Cb: 16.6926   Cr: 17.2942 )
00000468: 16.0028   (Y': 14.8573   Cb: 16.4005   Cr: 17.0502 )
00000467: 16.0357   (Y': 14.8453   Cb: 16.4431   Cr: 17.1473 )
00000469: 15.8097   (Y': 14.8428   Cb: 16.1121   Cr: 16.6829 )
00000470: 15.6057   (Y': 14.7238   Cb: 15.8726   Cr: 16.3915 )
00000471: 15.0106   (Y': 14.2957   Cb: 15.1297   Cr: 15.7261 )
00000472: 14.9978   (Y': 14.2572   Cb: 15.1858   Cr: 15.6707 )
00000473: 13.9281   (Y': 13.4407   Cb: 13.9388   Cr: 14.4652 )
00000474: 14.9829   (Y': 14.6402   Cb: 14.9985   Cr: 15.338  )
00000475: 14.2071   (Y': 13.8422   Cb: 14.1467   Cr: 14.6726 )
00000476: 14.0708   (Y': 13.6995   Cb: 13.9799   Cr: 14.5786 )
00000477: 14.1607   (Y': 13.8795   Cb: 14.0362   Cr: 14.5987 )
00000478: 14.1915   (Y': 13.9233   Cb: 14.0458   Cr: 14.6385 )
00000479: 14.321    (Y': 14.0464   Cb: 14.1587   Cr: 14.7948 )
00000480: 14.3629   (Y': 14.0633   Cb: 14.2301   Cr: 14.8325 )
00000482: 14.5683   (Y': 14.2004   Cb: 14.4908   Cr: 15.0568 )
00000481: 14.5027   (Y': 14.1723   Cb: 14.3988   Cr: 14.976  )
00000483: 14.7843   (Y': 14.3249   Cb: 14.7698   Cr: 15.3146 )
00000485: 14.9801   (Y': 14.4064   Cb: 15.0941   Cr: 15.5121 )
00000484: 14.9116   (Y': 14.4124   Cb: 14.9682   Cr: 15.4123 )
00000486: 15.0925   (Y': 14.4721   Cb: 15.2489   Cr: 15.6388 )
00000487: 15.2612   (Y': 14.556    Cb: 15.4737   Cr: 15.8587 )
00000489: 15.3329   (Y': 14.4198   Cb: 15.6711   Cr: 16.0851 )
00000488: 15.283    (Y': 14.4969   Cb: 15.5484   Cr: 15.9338 )
00000490: 15.3088   (Y': 14.326    Cb: 15.6843   Cr: 16.1238 )
00000491: 15.3723   (Y': 14.3433   Cb: 15.796    Cr: 16.2047 )
00000493: 15.064    (Y': 14.0269   Cb: 15.5045   Cr: 15.8902 )
00000492: 15.2757   (Y': 14.2463   Cb: 15.7164   Cr: 16.0902 )
00000494: 15.134    (Y': 14.1569   Cb: 15.5733   Cr: 15.8711 )
00000495: 15.0474   (Y': 14.0826   Cb: 15.4614   Cr: 15.7935 )
00000496: 15.0856   (Y': 14.1465   Cb: 15.5041   Cr: 15.7889 )
00000497: 14.9742   (Y': 14.0057   Cb: 15.3569   Cr: 15.7599 )
00000498: 14.8742   (Y': 13.8904   Cb: 15.2462   Cr: 15.6946 )
00000499: 14.8673   (Y': 13.9197   Cb: 15.2171   Cr: 15.6578 )
00000500: 14.8835   (Y': 13.9977   Cb: 15.1874   Cr: 15.6337 )
00000501: 14.7913   (Y': 13.9573   Cb: 15.0388   Cr: 15.5296 )
00000502: 14.7543   (Y': 13.9732   Cb: 14.967    Cr: 15.4564 )
00000503: 14.6167   (Y': 13.9136   Cb: 14.761    Cr: 15.287  )
00000504: 14.4805   (Y': 13.8475   Cb: 14.5909   Cr: 15.0942 )
00000505: 14.3903   (Y': 13.8706   Cb: 14.4291   Cr: 14.9367 )
00000506: 14.4382   (Y': 13.9162   Cb: 14.4837   Cr: 14.9799 )
00000507: 14.4757   (Y': 13.9642   Cb: 14.5219   Cr: 15.0034 )
00000508: 14.4058   (Y': 13.8847   Cb: 14.4496   Cr: 14.9484 )
00000509: 14.3189   (Y': 13.8363   Cb: 14.3332   Cr: 14.8458 )
00000510: 14.2145   (Y': 13.7597   Cb: 14.1938   Cr: 14.7459 )
00000511: 14.0591   (Y': 13.6626   Cb: 13.993    Cr: 14.5699 )
00000512: 14.0756   (Y': 13.6996   Cb: 14.006    Cr: 14.5653 )
00000513: 14.0335   (Y': 13.6797   Cb: 13.9535   Cr: 14.5078 )
00000515: 13.9897   (Y': 13.7034   Cb: 13.8764   Cr: 14.4213 )
00000514: 13.9957   (Y': 13.6546   Cb: 13.9095   Cr: 14.4618 )
00000516: 13.9348   (Y': 13.6562   Cb: 13.8104   Cr: 14.3696 )
00000517: 13.8819   (Y': 13.6521   Cb: 13.7378   Cr: 14.2821 )
00000518: 13.8589   (Y': 13.653    Cb: 13.6946   Cr: 14.2546 )
00000519: 13.8497   (Y': 13.7398   Cb: 13.6646   Cr: 14.1611 )
00000520: 13.8295   (Y': 13.7158   Cb: 13.6279   Cr: 14.1635 )
00000521: 13.8462   (Y': 13.7202   Cb: 13.6772   Cr: 14.1573 )
00000522: 13.7781   (Y': 13.653    Cb: 13.5904   Cr: 14.1093 )
00000523: 13.7601   (Y': 13.6919   Cb: 13.5417   Cr: 14.0632 )
00000524: 13.7188   (Y': 13.6282   Cb: 13.4983   Cr: 14.0488 )
00000526: 13.7268   (Y': 13.6453   Cb: 13.4999   Cr: 14.0539 )
00000525: 13.8187   (Y': 13.7221   Cb: 13.614    Cr: 14.1375 )
00000527: 13.6623   (Y': 13.6337   Cb: 13.4066   Cr: 13.9647 )
00000529: 13.7584   (Y': 13.6731   Cb: 13.5167   Cr: 14.1067 )
00000528: 13.6508   (Y': 13.6112   Cb: 13.4025   Cr: 13.9569 )
00000531: 13.8391   (Y': 13.7471   Cb: 13.6156   Cr: 14.1738 )
00000530: 13.8019   (Y': 13.7175   Cb: 13.5688   Cr: 14.1395 )
00000532: 13.8298   (Y': 13.7603   Cb: 13.6009   Cr: 14.146  )
00000533: 13.7845   (Y': 13.7166   Cb: 13.5491   Cr: 14.1063 )
00000534: 13.6728   (Y': 13.6125   Cb: 13.426    Cr: 13.9993 )
00000535: 13.5271   (Y': 13.4644   Cb: 13.2557   Cr: 13.8847 )
00000536: 13.5522   (Y': 13.4658   Cb: 13.306    Cr: 13.9069 )
00000537: 13.67     (Y': 13.5947   Cb: 13.4145   Cr: 14.0232 )
00000538: 13.78     (Y': 13.6823   Cb: 13.5615   Cr: 14.1156 )
00000541: 13.9303   (Y': 13.841    Cb: 13.7321   Cr: 14.2336 )
00000539: 13.86     (Y': 13.7704   Cb: 13.6464   Cr: 14.1811 )
00000540: 13.8994   (Y': 13.7668   Cb: 13.704    Cr: 14.2474 )
00000542: 13.9185   (Y': 13.8132   Cb: 13.7342   Cr: 14.2239 )
00000544: 13.8907   (Y': 13.7686   Cb: 13.7257   Cr: 14.1928 )
00000545: 13.854    (Y': 13.7705   Cb: 13.6849   Cr: 14.1186 )
00000543: 13.8968   (Y': 13.7657   Cb: 13.7419   Cr: 14.1978 )
00000546: 13.8492   (Y': 13.7835   Cb: 13.6842   Cr: 14.0902 )
00000547: 13.8909   (Y': 13.8392   Cb: 13.7454   Cr: 14.0956 )
00000548: 13.8971   (Y': 13.8513   Cb: 13.7413   Cr: 14.1067 )
00000550: 22.0078   (Y': 18.5601   Cb: 26.2236   Cr: 25.8876 )
00000549: 28.4528   (Y': 24.8741   Cb: 33.3749   Cr: 32.4499 )
00000551: 18.5866   (Y': 15.4197   Cb: 21.6429   Cr: 22.2332 )
00000552: 17.9874   (Y': 14.9743   Cb: 20.7057   Cr: 21.3229 )
00000553: 17.1685   (Y': 14.4548   Cb: 19.2287   Cr: 20.0951 )
00000554: 16.9444   (Y': 14.3621   Cb: 18.7865   Cr: 19.6742 )
00000555: 16.603    (Y': 14.275    Cb: 18.0897   Cr: 18.9638 )
00000557: 16.174    (Y': 14.2133   Cb: 17.2155   Cr: 18.0946 )
00000556: 16.4548   (Y': 14.2203   Cb: 17.8493   Cr: 18.6601 )
00000558: 16.0907   (Y': 14.2501   Cb: 16.9684   Cr: 17.9267 )
00000559: 15.9932   (Y': 14.274    Cb: 16.7318   Cr: 17.7277 )
00000560: 16.0105   (Y': 14.287    Cb: 16.7309   Cr: 17.7773 )
00000561: 16.0148   (Y': 14.2792   Cb: 16.752    Cr: 17.7876 )
00000563: 16.0799   (Y': 14.3267   Cb: 16.806    Cr: 17.9065 )
00000564: 16.1093   (Y': 14.3676   Cb: 16.8249   Cr: 17.9234 )
00000566: 16.1548   (Y': 14.4292   Cb: 16.8743   Cr: 17.9277 )
00000562: 16.0275   (Y': 14.2849   Cb: 16.768    Cr: 17.812  )
00000565: 16.1111   (Y': 14.3722   Cb: 16.8123   Cr: 17.9372 )
00000567: 16.1735   (Y': 14.4717   Cb: 16.8398   Cr: 17.9617 )
00000570: 16.1799   (Y': 14.5535   Cb: 16.7874   Cr: 17.8787 )
00000571: 16.161    (Y': 14.5301   Cb: 16.7603   Cr: 17.8798 )
00000569: 16.1947   (Y': 14.5571   Cb: 16.8148   Cr: 17.9015 )
00000568: 16.1775   (Y': 14.4909   Cb: 16.8429   Cr: 17.9328 )
00000572: 16.111    (Y': 14.4992   Cb: 16.7017   Cr: 17.7999 )
00000574: 16.2212   (Y': 14.6004   Cb: 16.7687   Cr: 17.9864 )
00000573: 16.0758   (Y': 14.4742   Cb: 16.6557   Cr: 17.757  )
00000575: 16.1841   (Y': 14.553    Cb: 16.7631   Cr: 17.9299 )
00000576: 16.0315   (Y': 14.4007   Cb: 16.651    Cr: 17.7242 )
00000577: 16.0057   (Y': 14.3687   Cb: 16.6395   Cr: 17.6934 )
00000579: 16.1439   (Y': 14.4829   Cb: 16.7619   Cr: 17.9045 )
00000578: 16.1176   (Y': 14.4887   Cb: 16.6925   Cr: 17.864  )
00000580: 16.1219   (Y': 14.4653   Cb: 16.7324   Cr: 17.8824 )
00000581: 16.1373   (Y': 14.4152   Cb: 16.8215   Cr: 17.9475 )
00000582: 16.1439   (Y': 14.4038   Cb: 16.8547   Cr: 17.9606 )
00000583: 16.2121   (Y': 14.4831   Cb: 16.9256   Cr: 18.0003 )
00000585: 16.2032   (Y': 14.4601   Cb: 16.9554   Cr: 17.9738 )
00000584: 16.2006   (Y': 14.4549   Cb: 16.9575   Cr: 17.971  )
Total: 16.4502   (Y': 14.9901   Cb: 17.0916   Cr: 17.7714 )
