00000000: 13.7121   (Y': 12.5732   Cb: 13.8929   Cr: 15.0143 )
00000007: 13.3698   (Y': 11.9889   Cb: 13.5856   Cr: 15.0822 )
00000001: 14.4942   (Y': 13.3376   Cb: 14.7523   Cr: 15.7289 )
00000004: 14.2956   (Y': 13.1378   Cb: 14.4468   Cr: 15.6698 )
00000002: 14.607    (Y': 13.3523   Cb: 14.8936   Cr: 15.9802 )
00000006: 13.4432   (Y': 12.2106   Cb: 13.5633   Cr: 14.998  )
00000003: 14.2484   (Y': 13.0897   Cb: 14.4024   Cr: 15.6209 )
00000005: 13.8917   (Y': 12.6937   Cb: 13.9891   Cr: 15.4128 )
00000008: 13.402    (Y': 12.0339   Cb: 13.6249   Cr: 15.0786 )
00000012: 13.7334   (Y': 12.3516   Cb: 13.8087   Cr: 15.6543 )
00000011: 13.6803   (Y': 12.225    Cb: 13.7987   Cr: 15.6952 )
00000009: 13.456    (Y': 12.08     Cb: 13.6167   Cr: 15.2373 )
00000010: 13.4847   (Y': 12.0429   Cb: 13.606    Cr: 15.4652 )
00000013: 13.7712   (Y': 12.3832   Cb: 13.7859   Cr: 15.7998 )
00000015: 13.8124   (Y': 12.5332   Cb: 13.7918   Cr: 15.6651 )
00000014: 13.9963   (Y': 12.6667   Cb: 13.9513   Cr: 15.9934 )
00000016: 13.7325   (Y': 12.4936   Cb: 13.6965   Cr: 15.5266 )
00000018: 13.428    (Y': 12.1736   Cb: 13.4609   Cr: 15.1502 )
00000020: 13.5689   (Y': 12.2038   Cb: 13.8295   Cr: 15.1873 )
00000017: 13.2907   (Y': 12.0162   Cb: 13.3411   Cr: 15.0269 )
00000021: 13.343    (Y': 11.9444   Cb: 13.6042   Cr: 15.0279 )
00000019: 13.4497   (Y': 12.1173   Cb: 13.5882   Cr: 15.174  )
00000023: 13.2729   (Y': 11.8179   Cb: 13.587    Cr: 15.0008 )
00000022: 13.456    (Y': 12.0793   Cb: 13.7128   Cr: 15.1026 )
00000024: 13.1945   (Y': 11.6809   Cb: 13.505    Cr: 15.0521 )
00000025: 13.1372   (Y': 11.5396   Cb: 13.5273   Cr: 15.067  )
00000026: 13.1581   (Y': 11.555    Cb: 13.5527   Cr: 15.0937 )
00000027: 13.2846   (Y': 11.6276   Cb: 13.7259   Cr: 15.2769 )
00000029: 13.4633   (Y': 11.7937   Cb: 13.9607   Cr: 15.4053 )
00000028: 13.3576   (Y': 11.637    Cb: 13.8948   Cr: 15.3629 )
00000031: 13.7007   (Y': 12.0035   Cb: 14.1651   Cr: 15.7542 )
00000030: 13.5288   (Y': 11.8303   Cb: 14.0364   Cr: 15.5236 )
00000032: 13.7862   (Y': 12.0816   Cb: 14.2592   Cr: 15.8446 )
00000035: 14.1299   (Y': 12.4006   Cb: 14.5899   Cr: 16.2667 )
00000033: 13.9221   (Y': 12.2167   Cb: 14.373    Cr: 16.0142 )
00000034: 14.0271   (Y': 12.2928   Cb: 14.5315   Cr: 16.1114 )
00000037: 14.0804   (Y': 12.2563   Cb: 14.5957   Cr: 16.3725 )
00000038: 14.0861   (Y': 12.2401   Cb: 14.6287   Cr: 16.3941 )
00000036: 14.0689   (Y': 12.3047   Cb: 14.5447   Cr: 16.2684 )
00000039: 13.8117   (Y': 12.0712   Cb: 14.2414   Cr: 16.0211 )
00000041: 13.8519   (Y': 12.2599   Cb: 14.1019   Cr: 15.9759 )
00000040: 13.8444   (Y': 12.1446   Cb: 14.215    Cr: 16.0429 )
00000043: 13.9249   (Y': 12.3587   Cb: 14.1382   Cr: 16.0452 )
00000047: 14.3667   (Y': 12.9659   Cb: 14.6508   Cr: 16.0246 )
00000045: 14.3416   (Y': 13.0146   Cb: 14.5099   Cr: 16.0125 )
00000042: 13.8347   (Y': 12.2336   Cb: 14.0761   Cr: 15.9937 )
00000046: 14.3612   (Y': 12.991    Cb: 14.5633   Cr: 16.0711 )
00000044: 14.0757   (Y': 12.5564   Cb: 14.2737   Cr: 16.1116 )
00000048: 14.2507   (Y': 12.8109   Cb: 14.4568   Cr: 16.1    )
00000049: 14.06     (Y': 12.5433   Cb: 14.3159   Cr: 16.0036 )
00000052: 13.6407   (Y': 12.0083   Cb: 13.9551   Cr: 15.7621 )
00000050: 13.8438   (Y': 12.19     Cb: 14.2272   Cr: 15.9126 )
00000054: 13.5089   (Y': 11.9425   Cb: 13.6428   Cr: 15.7562 )
00000051: 13.69     (Y': 12.0486   Cb: 14.025    Cr: 15.8017 )
00000053: 13.5504   (Y': 11.9324   Cb: 13.7682   Cr: 15.787  )
00000055: 13.4487   (Y': 11.8482   Cb: 13.5818   Cr: 15.7802 )
00000056: 13.4694   (Y': 11.9077   Cb: 13.5521   Cr: 15.7894 )
00000057: 13.6074   (Y': 12.1347   Cb: 13.645    Cr: 15.7901 )
00000059: 13.9788   (Y': 12.4547   Cb: 14.1312   Cr: 16.0966 )
00000058: 13.7217   (Y': 12.2325   Cb: 13.7909   Cr: 15.8914 )
00000060: 13.9353   (Y': 12.3781   Cb: 14.1319   Cr: 16.0606 )
00000061: 13.8196   (Y': 12.1349   Cb: 14.1677   Cr: 16.0155 )
00000063: 13.8098   (Y': 12.0604   Cb: 14.2271   Cr: 16.0605 )
00000062: 13.7719   (Y': 12.0664   Cb: 14.1531   Cr: 15.9684 )
00000064: 13.8326   (Y': 12.1073   Cb: 14.238    Cr: 16.0412 )
00000066: 13.7282   (Y': 11.9533   Cb: 14.2041   Cr: 15.9544 )
00000067: 13.6331   (Y': 11.8944   Cb: 14.0616   Cr: 15.8399 )
00000065: 13.7819   (Y': 11.9881   Cb: 14.2515   Cr: 16.0656 )
00000068: 13.6824   (Y': 11.9337   Cb: 14.177    Cr: 15.816  )
00000069: 13.3671   (Y': 11.4365   Cb: 14.0853   Cr: 15.6388 )
00000070: 13.3284   (Y': 11.339    Cb: 14.1203   Cr: 15.6522 )
00000071: 13.3552   (Y': 11.3602   Cb: 14.1677   Cr: 15.6649 )
00000072: 13.3518   (Y': 11.3561   Cb: 14.1806   Cr: 15.6405 )
00000073: 13.3665   (Y': 11.3953   Cb: 14.1288   Cr: 15.6832 )
00000074: 13.3955   (Y': 11.45     Cb: 14.1064   Cr: 15.7176 )
00000076: 13.4025   (Y': 11.4264   Cb: 14.1417   Cr: 15.7659 )
00000075: 13.3464   (Y': 11.3868   Cb: 14.062    Cr: 15.6997 )
00000077: 13.421    (Y': 11.498    Cb: 14.1391   Cr: 15.6731 )
00000079: 13.3034   (Y': 11.4166   Cb: 13.9952   Cr: 15.4992 )
00000078: 13.3912   (Y': 11.5523   Cb: 14.0103   Cr: 15.5687 )
00000080: 13.3149   (Y': 11.4618   Cb: 13.9523   Cr: 15.5024 )
00000082: 13.2733   (Y': 11.4219   Cb: 13.8884   Cr: 15.4885 )
00000081: 13.2651   (Y': 11.3742   Cb: 13.9252   Cr: 15.5169 )
00000083: 13.3011   (Y': 11.4055   Cb: 13.9796   Cr: 15.5387 )
00000084: 13.3498   (Y': 11.4704   Cb: 14.0039   Cr: 15.5804 )
00000085: 13.3166   (Y': 11.409    Cb: 14.0149   Cr: 15.5567 )
00000086: 13.291    (Y': 11.3996   Cb: 13.9744   Cr: 15.5106 )
00000087: 13.345    (Y': 11.4863   Cb: 13.9635   Cr: 15.5738 )
00000088: 13.4007   (Y': 11.4725   Cb: 14.1331   Cr: 15.6462 )
00000089: 13.4871   (Y': 11.5605   Cb: 14.2123   Cr: 15.7385 )
00000090: 13.4863   (Y': 11.5471   Cb: 14.2076   Cr: 15.7767 )
00000091: 13.5001   (Y': 11.6374   Cb: 14.1214   Cr: 15.7352 )
00000092: 13.4849   (Y': 11.5979   Cb: 14.1507   Cr: 15.7181 )
00000093: 13.4323   (Y': 11.5376   Cb: 14.1048   Cr: 15.6763 )
00000094: 13.5424   (Y': 11.7115   Cb: 14.1481   Cr: 15.719  )
00000095: 13.5077   (Y': 11.6992   Cb: 14.0692   Cr: 15.6919 )
00000096: 13.4689   (Y': 11.6594   Cb: 14.0391   Cr: 15.6429 )
00000097: 13.525    (Y': 11.747    Cb: 14.0512   Cr: 15.6847 )
00000098: 13.5232   (Y': 11.7077   Cb: 14.1433   Cr: 15.6411 )
00000099: 13.5127   (Y': 11.7168   Cb: 14.0971   Cr: 15.6327 )
00000100: 13.5385   (Y': 11.7805   Cb: 14.0991   Cr: 15.5999 )
00000101: 13.6225   (Y': 11.8348   Cb: 14.2454   Cr: 15.6685 )
00000102: 13.6779   (Y': 11.9516   Cb: 14.2153   Cr: 15.696  )
00000103: 13.7944   (Y': 12.0184   Cb: 14.4257   Cr: 15.8007 )
00000104: 13.7454   (Y': 11.9803   Cb: 14.3796   Cr: 15.7219 )
00000105: 13.9215   (Y': 12.2083   Cb: 14.5119   Cr: 15.836  )
00000106: 13.9604   (Y': 12.3122   Cb: 14.4639   Cr: 15.8456 )
00000107: 14.0138   (Y': 12.4863   Cb: 14.3885   Cr: 15.8107 )
00000108: 13.9633   (Y': 12.3982   Cb: 14.3667   Cr: 15.802  )
00000109: 13.8807   (Y': 12.2858   Cb: 14.3378   Cr: 15.7106 )
00000110: 13.8886   (Y': 12.3069   Cb: 14.3379   Cr: 15.7004 )
00000111: 13.8622   (Y': 12.3116   Cb: 14.2824   Cr: 15.6462 )
00000112: 13.89     (Y': 12.4004   Cb: 14.2231   Cr: 15.664  )
00000113: 13.8699   (Y': 12.4125   Cb: 14.201    Cr: 15.579  )
00000114: 13.878    (Y': 12.4043   Cb: 14.2485   Cr: 15.5673 )
00000115: 13.9108   (Y': 12.4412   Cb: 14.3172   Cr: 15.5433 )
00000116: 13.9556   (Y': 12.5175   Cb: 14.3588   Cr: 15.5286 )
00000117: 14.2365   (Y': 12.7953   Cb: 14.6273   Cr: 15.8321 )
00000118: 14.431    (Y': 13.0346   Cb: 14.7668   Cr: 16.0104 )
00000119: 14.5642   (Y': 13.1644   Cb: 14.8876   Cr: 16.1667 )
00000120: 14.5957   (Y': 13.2025   Cb: 14.9292   Cr: 16.1714 )
00000121: 14.7455   (Y': 13.3382   Cb: 15.1593   Cr: 16.2442 )
00000122: 14.6373   (Y': 13.1782   Cb: 15.0652   Cr: 16.2203 )
00000124: 14.6417   (Y': 13.1487   Cb: 15.093    Cr: 16.263  )
00000123: 14.6784   (Y': 13.1732   Cb: 15.122    Cr: 16.3353 )
00000125: 14.6722   (Y': 13.1704   Cb: 15.1658   Cr: 16.2566 )
00000126: 14.7209   (Y': 13.2255   Cb: 15.1915   Cr: 16.3219 )
00000127: 14.705    (Y': 13.2095   Cb: 15.1875   Cr: 16.2908 )
00000128: 14.7895   (Y': 13.3329   Cb: 15.2778   Cr: 16.29   )
00000129: 14.8384   (Y': 13.3425   Cb: 15.3308   Cr: 16.4124 )
00000130: 14.8875   (Y': 13.3513   Cb: 15.4956   Cr: 16.3977 )
00000131: 14.883    (Y': 13.3551   Cb: 15.5442   Cr: 16.3121 )
00000132: 14.9284   (Y': 13.4105   Cb: 15.5298   Cr: 16.4098 )
00000133: 15.0059   (Y': 13.4398   Cb: 15.7221   Cr: 16.4458 )
00000134: 15.0454   (Y': 13.4317   Cb: 15.78     Cr: 16.5599 )
00000135: 15.0299   (Y': 13.3335   Cb: 15.8622   Cr: 16.6005 )
00000136: 15.0419   (Y': 13.3663   Cb: 15.8367   Cr: 16.6131 )
00000137: 14.953    (Y': 13.2173   Cb: 15.745    Cr: 16.6575 )
00000139: 14.8795   (Y': 13.1337   Cb: 15.5932   Cr: 16.7056 )
00000138: 14.9845   (Y': 13.2036   Cb: 15.8086   Cr: 16.7503 )
00000140: 14.888    (Y': 13.1157   Cb: 15.6083   Cr: 16.7663 )
00000141: 14.8237   (Y': 13.0127   Cb: 15.5305   Cr: 16.8112 )
00000142: 14.7565   (Y': 12.9122   Cb: 15.4962   Cr: 16.7804 )
00000143: 14.6735   (Y': 12.7562   Cb: 15.4756   Cr: 16.7944 )
00000144: 14.6951   (Y': 12.7777   Cb: 15.4774   Cr: 16.8431 )
00000146: 14.6227   (Y': 12.7009   Cb: 15.3641   Cr: 16.8386 )
00000145: 14.6776   (Y': 12.7453   Cb: 15.4422   Cr: 16.8886 )
00000147: 14.6009   (Y': 12.6608   Cb: 15.3476   Cr: 16.8573 )
00000148: 14.6642   (Y': 12.7092   Cb: 15.4472   Cr: 16.9086 )
00000149: 14.597    (Y': 12.6306   Cb: 15.3941   Cr: 16.852  )
00000150: 14.6493   (Y': 12.6697   Cb: 15.4727   Cr: 16.9023 )
00000152: 14.6375   (Y': 12.7696   Cb: 15.34     Cr: 16.7705 )
00000151: 14.6869   (Y': 12.8065   Cb: 15.4319   Cr: 16.7926 )
00000154: 14.5625   (Y': 12.6629   Cb: 15.386    Cr: 16.6104 )
00000153: 14.5412   (Y': 12.6662   Cb: 15.3422   Cr: 16.5583 )
00000156: 14.6092   (Y': 12.6919   Cb: 15.4005   Cr: 16.7448 )
00000155: 14.5504   (Y': 12.6075   Cb: 15.3683   Cr: 16.7149 )
00000157: 14.6093   (Y': 12.6945   Cb: 15.4509   Cr: 16.6709 )
00000158: 14.5915   (Y': 12.7223   Cb: 15.4343   Cr: 16.5397 )
00000159: 14.6905   (Y': 12.917    Cb: 15.4489   Cr: 16.5224 )
00000160: 14.6106   (Y': 12.906    Cb: 15.3372   Cr: 16.328  )
00000161: 14.5961   (Y': 12.8908   Cb: 15.3462   Cr: 16.2856 )
00000162: 14.6466   (Y': 12.9621   Cb: 15.3738   Cr: 16.3194 )
00000164: 14.7524   (Y': 13.0786   Cb: 15.3823   Cr: 16.5257 )
00000163: 14.7217   (Y': 13.0383   Cb: 15.4418   Cr: 16.4009 )
00000166: 14.617    (Y': 12.9963   Cb: 15.2083   Cr: 16.3245 )
00000165: 14.6915   (Y': 13.0667   Cb: 15.2981   Cr: 16.3881 )
00000167: 14.4899   (Y': 12.943    Cb: 15.0366   Cr: 16.0987 )
00000168: 14.4438   (Y': 12.9255   Cb: 14.9461   Cr: 16.0509 )
00000169: 14.4065   (Y': 12.8534   Cb: 14.9239   Cr: 16.066  )
00000174: 14.4956   (Y': 12.976    Cb: 14.9126   Cr: 16.218  )
00000170: 14.4468   (Y': 12.8482   Cb: 14.9694   Cr: 16.1966 )
00000172: 14.4829   (Y': 12.8527   Cb: 14.9959   Cr: 16.3144 )
00000173: 14.5409   (Y': 13.0137   Cb: 14.9762   Cr: 16.2547 )
00000171: 14.48     (Y': 12.8011   Cb: 15.0207   Cr: 16.3839 )
00000175: 14.3246   (Y': 12.7828   Cb: 14.7388   Cr: 16.0978 )
00000176: 14.4003   (Y': 12.8889   Cb: 14.8275   Cr: 16.0919 )
00000177: 14.3828   (Y': 12.7504   Cb: 14.9406   Cr: 16.1595 )
00000178: 14.4196   (Y': 12.8621   Cb: 14.9241   Cr: 16.1053 )
00000180: 14.4502   (Y': 12.8151   Cb: 15.1385   Cr: 16.0657 )
00000179: 14.3744   (Y': 12.7369   Cb: 15.0001   Cr: 16.0737 )
00000181: 14.4434   (Y': 12.7704   Cb: 15.1642   Cr: 16.0995 )
00000182: 14.2876   (Y': 12.5377   Cb: 15.0714   Cr: 16.0337 )
00000183: 14.2268   (Y': 12.3863   Cb: 15.1843   Cr: 15.9653 )
00000184: 14.201    (Y': 12.3858   Cb: 15.1782   Cr: 15.8591 )
00000185: 14.0589   (Y': 12.1065   Cb: 15.1834   Cr: 15.86   )
00000186: 13.9535   (Y': 12        Cb: 15.1269   Cr: 15.701  )
00000187: 13.8673   (Y': 11.8707   Cb: 15.1176   Cr: 15.6293 )
00000188: 13.9321   (Y': 11.9958   Cb: 15.2252   Cr: 15.5079 )
00000189: 13.9288   (Y': 12.1285   Cb: 15.0893   Cr: 15.3504 )
00000190: 13.7988   (Y': 12.0354   Cb: 14.9573   Cr: 15.1461 )
00000191: 13.6402   (Y': 11.9382   Cb: 14.7141   Cr: 14.9522 )
00000192: 13.5889   (Y': 11.8411   Cb: 14.756    Cr: 14.8956 )
00000193: 13.6449   (Y': 11.8553   Cb: 14.844    Cr: 15.0037 )
00000194: 13.6892   (Y': 11.8504   Cb: 14.9388   Cr: 15.0983 )
00000195: 13.7495   (Y': 11.9358   Cb: 14.9999   Cr: 15.1053 )
00000197: 13.6657   (Y': 12.1299   Cb: 14.5703   Cr: 14.8358 )
00000196: 13.7673   (Y': 12.0262   Cb: 14.9218   Cr: 15.0733 )
00000198: 13.7011   (Y': 12.2686   Cb: 14.4689   Cr: 14.8287 )
00000199: 14.089    (Y': 12.844    Cb: 14.6514   Cr: 15.1156 )
00000200: 14.1742   (Y': 12.818    Cb: 14.7872   Cr: 15.3371 )
00000201: 14.1485   (Y': 12.478    Cb: 15.1002   Cr: 15.5292 )
00000202: 13.9818   (Y': 12.2265   Cb: 14.978    Cr: 15.4879 )
00000203: 13.7384   (Y': 11.9299   Cb: 14.7125   Cr: 15.385  )
00000205: 13.8601   (Y': 12.2439   Cb: 14.5341   Cr: 15.4534 )
00000204: 13.8321   (Y': 12.0405   Cb: 14.7886   Cr: 15.4622 )
00000206: 13.9481   (Y': 12.3859   Cb: 14.6749   Cr: 15.3675 )
00000207: 13.7998   (Y': 12.1565   Cb: 14.6222   Cr: 15.2715 )
00000208: 13.8756   (Y': 12.3274   Cb: 14.6056   Cr: 15.2638 )
00000209: 13.7438   (Y': 12.11     Cb: 14.5582   Cr: 15.205  )
00000212: 13.5096   (Y': 11.9923   Cb: 14.2431   Cr: 14.8338 )
00000210: 13.6692   (Y': 12.0435   Cb: 14.4786   Cr: 15.1199 )
00000211: 13.5639   (Y': 11.9743   Cb: 14.3883   Cr: 14.9253 )
00000214: 13.495    (Y': 11.925    Cb: 14.241    Cr: 14.9074 )
00000213: 13.435    (Y': 11.9799   Cb: 14.1249   Cr: 14.6909 )
00000215: 13.5981   (Y': 11.9581   Cb: 14.3604   Cr: 15.1334 )
00000216: 13.6101   (Y': 11.9208   Cb: 14.4458   Cr: 15.1617 )
00000217: 13.5976   (Y': 11.909    Cb: 14.4956   Cr: 15.0755 )
00000219: 13.6096   (Y': 11.9879   Cb: 14.4159   Cr: 15.0559 )
00000218: 13.5548   (Y': 11.8324   Cb: 14.5382   Cr: 15.0065 )
00000220: 13.679    (Y': 12.0184   Cb: 14.4049   Cr: 15.3021 )
00000221: 13.7649   (Y': 12.156    Cb: 14.2809   Cr: 15.5458 )
00000222: 13.7785   (Y': 12.0419   Cb: 14.407    Cr: 15.6957 )
00000223: 13.7041   (Y': 11.9674   Cb: 14.2906   Cr: 15.6784 )
00000224: 13.7183   (Y': 12.0296   Cb: 14.2583   Cr: 15.6455 )
00000226: 13.6741   (Y': 12.031    Cb: 14.2322   Cr: 15.474  )
00000225: 13.6487   (Y': 12.0172   Cb: 14.1797   Cr: 15.4591 )
00000227: 13.7402   (Y': 12.0181   Cb: 14.3713   Cr: 15.6205 )
00000228: 13.7807   (Y': 12.0431   Cb: 14.406    Cr: 15.7046 )
00000229: 13.8179   (Y': 12.0594   Cb: 14.5325   Cr: 15.6717 )
00000230: 13.9082   (Y': 12.1665   Cb: 14.597    Cr: 15.7569 )
00000231: 13.88     (Y': 12.2838   Cb: 14.4683   Cr: 15.539  )
00000232: 13.8453   (Y': 12.2875   Cb: 14.4182   Cr: 15.4436 )
00000234: 13.7155   (Y': 12.189    Cb: 14.2567   Cr: 15.2898 )
00000235: 13.5092   (Y': 12.011    Cb: 14.0075   Cr: 15.0805 )
00000233: 13.7633   (Y': 12.2315   Cb: 14.2812   Cr: 15.3779 )
00000236: 13.5124   (Y': 12.0863   Cb: 13.9515   Cr: 15.0153 )
00000237: 13.6026   (Y': 12.1923   Cb: 14.0488   Cr: 15.0659 )
00000239: 13.6289   (Y': 12.2831   Cb: 14.2148   Cr: 14.804  )
00000238: 13.7189   (Y': 12.3485   Cb: 14.2279   Cr: 15.0289 )
00000240: 13.65     (Y': 12.2384   Cb: 14.3235   Cr: 14.8444 )
00000241: 13.5872   (Y': 12.1513   Cb: 14.2034   Cr: 14.8925 )
00000242: 13.6113   (Y': 12.1615   Cb: 14.1678   Cr: 15.0143 )
00000243: 13.7756   (Y': 12.3574   Cb: 14.321    Cr: 15.1313 )
00000244: 13.8303   (Y': 12.4797   Cb: 14.3543   Cr: 15.0864 )
00000246: 13.6919   (Y': 12.8449   Cb: 13.7054   Cr: 14.728  )
00000245: 13.7281   (Y': 12.6392   Cb: 13.9686   Cr: 14.8695 )
00000248: 13.9535   (Y': 13.4529   Cb: 13.4772   Cr: 15.1343 )
00000247: 13.8743   (Y': 13.3985   Cb: 13.4863   Cr: 14.8938 )
00000249: 14.0113   (Y': 13.2024   Cb: 13.6146   Cr: 15.5624 )
00000250: 13.9644   (Y': 13.1143   Cb: 13.5742   Cr: 15.5772 )
00000251: 13.5412   (Y': 12.103    Cb: 13.6143   Cr: 15.5884 )
00000252: 13.5207   (Y': 12.0405   Cb: 13.6157   Cr: 15.6284 )
00000253: 13.9109   (Y': 12.8989   Cb: 13.665    Cr: 15.5901 )
00000254: 13.9692   (Y': 12.9355   Cb: 13.742    Cr: 15.6598 )
00000255: 14.1053   (Y': 12.9345   Cb: 14.0004   Cr: 15.8695 )
00000257: 14.2192   (Y': 13.12     Cb: 14.0494   Cr: 15.9448 )
00000256: 14.2268   (Y': 13.069    Cb: 14.1295   Cr: 15.9545 )
00000258: 14.2245   (Y': 13.0641   Cb: 14.1171   Cr: 15.9725 )
00000259: 14.0572   (Y': 12.8436   Cb: 13.9762   Cr: 15.8699 )
00000260: 14.0816   (Y': 12.7941   Cb: 14.0856   Cr: 15.9139 )
00000261: 14.1116   (Y': 12.7857   Cb: 14.1292   Cr: 16.0023 )
00000262: 14.0432   (Y': 12.6841   Cb: 14.0528   Cr: 16.017  )
00000264: 14.0463   (Y': 12.8306   Cb: 14.0092   Cr: 15.7962 )
00000263: 14.0509   (Y': 12.7682   Cb: 14.0367   Cr: 15.9009 )
00000266: 14.0135   (Y': 12.7249   Cb: 14.0384   Cr: 15.8159 )
00000265: 14.0813   (Y': 12.817    Cb: 14.0853   Cr: 15.8662 )
00000267: 14.1768   (Y': 12.9019   Cb: 14.2251   Cr: 15.917  )
00000268: 14.2222   (Y': 12.9522   Cb: 14.2543   Cr: 15.9765 )
00000269: 14.3703   (Y': 13.1593   Cb: 14.4195   Cr: 15.9839 )
00000270: 14.4175   (Y': 13.1333   Cb: 14.5554   Cr: 16.0467 )
00000271: 14.4747   (Y': 13.1547   Cb: 14.5751   Cr: 16.229  )
00000274: 14.4965   (Y': 13.178    Cb: 14.5672   Cr: 16.2918 )
00000272: 14.4856   (Y': 13.1301   Cb: 14.6365   Cr: 16.2388 )
00000273: 14.4693   (Y': 13.1486   Cb: 14.553    Cr: 16.2497 )
00000275: 14.5552   (Y': 13.3114   Cb: 14.5616   Cr: 16.2956 )
00000276: 14.5982   (Y': 13.4824   Cb: 14.5003   Cr: 16.2458 )
00000277: 14.4671   (Y': 13.0768   Cb: 14.5656   Cr: 16.3708 )
00000278: 14.4658   (Y': 13.0372   Cb: 14.613    Cr: 16.3781 )
00000279: 14.5984   (Y': 13.1874   Cb: 14.7578   Cr: 16.455  )
00000280: 14.6905   (Y': 13.2616   Cb: 14.8793   Cr: 16.5419 )
00000281: 14.7656   (Y': 13.2968   Cb: 15.0128   Cr: 16.6169 )
00000282: 14.7376   (Y': 13.2119   Cb: 14.9984   Cr: 16.6938 )
00000283: 14.7025   (Y': 13.2273   Cb: 14.9463   Cr: 16.573  )
00000284: 14.6335   (Y': 13.1322   Cb: 14.8838   Cr: 16.5509 )
00000285: 14.59     (Y': 13.185    Cb: 14.7082   Cr: 16.4951 )
00000286: 14.5791   (Y': 13.0438   Cb: 14.8142   Cr: 16.595  )
00000287: 14.4763   (Y': 13.0393   Cb: 14.6747   Cr: 16.3307 )
00000288: 14.4354   (Y': 13.0033   Cb: 14.661    Cr: 16.2397 )
00000289: 14.356    (Y': 12.8908   Cb: 14.5717   Cr: 16.2459 )
00000290: 14.3771   (Y': 12.8253   Cb: 14.6989   Cr: 16.3024 )
00000293: 14.3582   (Y': 12.7862   Cb: 14.7044   Cr: 16.2932 )
00000292: 14.2752   (Y': 12.7371   Cb: 14.5984   Cr: 16.1678 )
00000291: 14.3192   (Y': 12.8042   Cb: 14.5897   Cr: 16.2375 )
00000295: 14.406    (Y': 12.8839   Cb: 14.6672   Cr: 16.3535 )
00000294: 14.3839   (Y': 12.8559   Cb: 14.6263   Cr: 16.3724 )
00000298: 14.5369   (Y': 12.9783   Cb: 14.8449   Cr: 16.4972 )
00000297: 14.4462   (Y': 12.9471   Cb: 14.7267   Cr: 16.3151 )
00000296: 14.4583   (Y': 12.922    Cb: 14.7614   Cr: 16.3762 )
00000301: 14.4909   (Y': 12.7334   Cb: 14.9255   Cr: 16.7355 )
00000299: 14.5804   (Y': 12.955    Cb: 14.9673   Cr: 16.5781 )
00000300: 14.5654   (Y': 12.904    Cb: 14.9841   Cr: 16.6007 )
00000302: 14.4538   (Y': 12.695    Cb: 14.8915   Cr: 16.697  )
00000303: 14.2496   (Y': 12.5392   Cb: 14.6135   Cr: 16.4846 )
00000304: 14.2725   (Y': 12.4962   Cb: 14.6327   Cr: 16.6812 )
00000306: 14.628    (Y': 12.8615   Cb: 15.1434   Cr: 16.7749 )
00000305: 14.2709   (Y': 12.5204   Cb: 14.6222   Cr: 16.6268 )
00000307: 14.6046   (Y': 12.838    Cb: 15.1727   Cr: 16.6761 )
00000308: 14.5426   (Y': 12.6133   Cb: 15.2344   Cr: 16.8495 )
00000309: 14.5791   (Y': 12.6018   Cb: 15.3102   Cr: 16.9574 )
00000310: 14.6474   (Y': 12.5977   Cb: 15.4403   Cr: 17.1367 )
00000311: 14.6013   (Y': 12.6162   Cb: 15.3128   Cr: 17.0304 )
00000312: 14.5259   (Y': 12.5871   Cb: 15.1643   Cr: 16.9369 )
00000313: 14.5643   (Y': 12.6223   Cb: 15.1823   Cr: 17.0148 )
00000314: 14.6261   (Y': 12.6549   Cb: 15.3214   Cr: 17.0406 )
00000315: 14.6031   (Y': 12.5964   Cb: 15.3494   Cr: 17.0401 )
00000316: 14.8926   (Y': 12.8552   Cb: 15.6445   Cr: 17.408  )
00000317: 14.9144   (Y': 12.843    Cb: 15.6756   Cr: 17.514  )
00000318: 14.9472   (Y': 12.8393   Cb: 15.7871   Cr: 17.5352 )
00000320: 14.8418   (Y': 12.8059   Cb: 15.619    Cr: 17.3148 )
00000319: 14.9299   (Y': 12.8361   Cb: 15.7534   Cr: 17.5011 )
00000321: 14.8409   (Y': 12.8547   Cb: 15.5653   Cr: 17.2538 )
00000322: 14.6604   (Y': 12.7059   Cb: 15.2687   Cr: 17.1605 )
00000323: 14.6491   (Y': 12.7259   Cb: 15.2041   Cr: 17.145  )
00000324: 14.5414   (Y': 12.6207   Cb: 15.0459   Cr: 17.1107 )
00000325: 14.4927   (Y': 12.6148   Cb: 14.9734   Cr: 16.9814 )
00000326: 14.5271   (Y': 12.6641   Cb: 15.064    Cr: 16.8882 )
00000328: 14.6289   (Y': 12.7779   Cb: 15.3308   Cr: 16.7206 )
00000327: 14.6094   (Y': 12.7055   Cb: 15.2479   Cr: 16.9266 )
00000329: 14.6106   (Y': 12.7764   Cb: 15.271    Cr: 16.7183 )
00000330: 14.5472   (Y': 12.7361   Cb: 15.1972   Cr: 16.6124 )
00000331: 14.5744   (Y': 12.7909   Cb: 15.1589   Cr: 16.6639 )
00000332: 14.6101   (Y': 12.6889   Cb: 15.3867   Cr: 16.7756 )
00000333: 14.5685   (Y': 12.6902   Cb: 15.3384   Cr: 16.6353 )
00000334: 14.5352   (Y': 12.6095   Cb: 15.4044   Cr: 16.5878 )
00000336: 14.5364   (Y': 12.6849   Cb: 15.3196   Cr: 16.5197 )
00000335: 14.5316   (Y': 12.6155   Cb: 15.3866   Cr: 16.579  )
00000337: 14.5943   (Y': 12.7515   Cb: 15.3776   Cr: 16.5563 )
00000338: 15.2824   (Y': 13.2756   Cb: 16.3134   Cr: 17.3306 )
00000339: 15.6199   (Y': 13.4548   Cb: 16.9376   Cr: 17.7284 )
00000340: 15.7268   (Y': 13.4599   Cb: 17.321    Cr: 17.7895 )
00000341: 15.3818   (Y': 13.189    Cb: 16.9843   Cr: 17.2409 )
00000342: 14.9224   (Y': 12.9556   Cb: 16.1586   Cr: 16.6298 )
00000345: 14.9244   (Y': 12.694    Cb: 16.2088   Cr: 17.2546 )
00000344: 14.9115   (Y': 12.8133   Cb: 16.1096   Cr: 16.9877 )
00000343: 14.7678   (Y': 12.7456   Cb: 15.8771   Cr: 16.7579 )
00000346: 15.0546   (Y': 12.7056   Cb: 16.4002   Cr: 17.6595 )
00000347: 14.9252   (Y': 12.5985   Cb: 16.2154   Cr: 17.5348 )
00000349: 14.5431   (Y': 12.2259   Cb: 15.628    Cr: 17.416  )
00000348: 14.6877   (Y': 12.344    Cb: 15.9277   Cr: 17.4209 )
00000350: 14.5678   (Y': 12.2354   Cb: 15.5812   Cr: 17.6031 )
00000351: 14.5232   (Y': 12.2335   Cb: 15.4192   Cr: 17.602  )
00000352: 14.3288   (Y': 12.0269   Cb: 15.2123   Cr: 17.4703 )
00000353: 14.3198   (Y': 12.0968   Cb: 15.107    Cr: 17.3529 )
00000354: 14.2473   (Y': 11.9703   Cb: 15.0902   Cr: 17.3707 )
00000355: 14.1642   (Y': 11.9354   Cb: 14.9747   Cr: 17.1779 )
00000356: 14.0764   (Y': 11.8433   Cb: 14.8742   Cr: 17.1258 )
00000357: 14.0966   (Y': 11.8983   Cb: 14.8159   Cr: 17.1619 )
00000358: 14.0164   (Y': 11.8617   Cb: 14.698    Cr: 17.0016 )
00000361: 14.0739   (Y': 11.9678   Cb: 14.7251   Cr: 16.9548 )
00000359: 14.0104   (Y': 11.8529   Cb: 14.6826   Cr: 17.0211 )
00000360: 14.0157   (Y': 11.8593   Cb: 14.72     Cr: 16.9681 )
00000362: 14.1364   (Y': 11.9914   Cb: 14.8293   Cr: 17.0712 )
00000363: 14.1026   (Y': 11.945    Cb: 14.8037   Cr: 17.0645 )
00000364: 14.1807   (Y': 12.0256   Cb: 14.9187   Cr: 17.0733 )
00000365: 14.136    (Y': 11.9024   Cb: 14.9926   Cr: 17.09   )
00000366: 14.132    (Y': 11.8147   Cb: 15.1564   Cr: 17.0982 )
00000368: 14.2926   (Y': 11.8296   Cb: 15.5615   Cr: 17.389  )
00000367: 14.1501   (Y': 11.7908   Cb: 15.2163   Cr: 17.1941 )
00000369: 14.3243   (Y': 11.8709   Cb: 15.5822   Cr: 17.4031 )
00000370: 14.3504   (Y': 11.8697   Cb: 15.6648   Cr: 17.4416 )
00000371: 14.3192   (Y': 11.8123   Cb: 15.6358   Cr: 17.5027 )
00000372: 14.1658   (Y': 11.6486   Cb: 15.4705   Cr: 17.4066 )
00000373: 14.2427   (Y': 11.7397   Cb: 15.5319   Cr: 17.4542 )
00000374: 14.2434   (Y': 11.7462   Cb: 15.5535   Cr: 17.4017 )
00000375: 14.2036   (Y': 11.6696   Cb: 15.5961   Cr: 17.3728 )
00000376: 14.1537   (Y': 11.6131   Cb: 15.5416   Cr: 17.3546 )
00000377: 14.1092   (Y': 11.5913   Cb: 15.5003   Cr: 17.2211 )
00000378: 14.1565   (Y': 11.6436   Cb: 15.492    Cr: 17.3336 )
00000379: 14.1773   (Y': 11.6576   Cb: 15.4853   Cr: 17.4224 )
00000380: 14.1476   (Y': 11.5947   Cb: 15.4812   Cr: 17.4791 )
00000381: 14.1655   (Y': 11.6128   Cb: 15.4908   Cr: 17.5099 )
00000382: 14.1526   (Y': 11.68     Cb: 15.3707   Cr: 17.3635 )
00000383: 14.0742   (Y': 11.6338   Cb: 15.2852   Cr: 17.1782 )
00000384: 14.0737   (Y': 11.8112   Cb: 15.0785   Cr: 16.8897 )
00000385: 14.1659   (Y': 11.9313   Cb: 15.1591   Cr: 16.9104 )
00000386: 14.1243   (Y': 11.8734   Cb: 15.2243   Cr: 16.7637 )
00000387: 14.2338   (Y': 11.9328   Cb: 15.3549   Cr: 16.9999 )
00000388: 14.2744   (Y': 11.8843   Cb: 15.5299   Cr: 17.1374 )
00000389: 14.3196   (Y': 11.9251   Cb: 15.5355   Cr: 17.2561 )
00000390: 14.1588   (Y': 11.7946   Cb: 15.3434   Cr: 17.0393 )
00000392: 13.9668   (Y': 11.5581   Cb: 15.2218   Cr: 16.8936 )
00000391: 14.0912   (Y': 11.725    Cb: 15.2769   Cr: 16.9766 )
00000393: 13.8666   (Y': 11.4584   Cb: 15.1263   Cr: 16.785  )
00000394: 13.8427   (Y': 11.432    Cb: 15.0555   Cr: 16.8394 )
00000395: 13.9183   (Y': 11.4904   Cb: 15.1448   Cr: 16.9547 )
00000396: 14.1695   (Y': 11.9098   Cb: 15.1027   Cr: 17.0871 )
00000397: 14.246    (Y': 12.1207   Cb: 15.0391   Cr: 16.957  )
00000398: 14.1113   (Y': 11.9934   Cb: 14.8597   Cr: 16.8702 )
00000400: 14.0822   (Y': 12.0264   Cb: 14.789    Cr: 16.7199 )
00000399: 14.0493   (Y': 11.9656   Cb: 14.7577   Cr: 16.768  )
00000401: 14.1687   (Y': 12.1663   Cb: 14.8075   Cr: 16.7572 )
00000402: 14.1729   (Y': 12.137    Cb: 14.8355   Cr: 16.8215 )
00000403: 14.2019   (Y': 12.2122   Cb: 14.855    Cr: 16.7318 )
00000404: 14.3781   (Y': 12.3317   Cb: 15.0768   Cr: 17.0006 )
00000405: 14.4274   (Y': 12.3769   Cb: 15.0865   Cr: 17.1243 )
00000406: 14.4049   (Y': 12.335    Cb: 15.1073   Cr: 17.091  )
00000407: 14.3683   (Y': 12.28     Cb: 15.0758   Cr: 17.102  )
00000408: 14.3742   (Y': 12.2501   Cb: 15.1437   Cr: 17.119  )
00000409: 14.3922   (Y': 12.2432   Cb: 15.2155   Cr: 17.1291 )
00000410: 14.259    (Y': 12.0981   Cb: 15.1731   Cr: 16.8942 )
00000412: 14.1762   (Y': 12.0561   Cb: 15.0714   Cr: 16.7178 )
00000411: 14.1591   (Y': 12.0108   Cb: 15.0652   Cr: 16.7685 )
00000414: 14.107    (Y': 12.0139   Cb: 14.9372   Cr: 16.666  )
00000413: 14.1269   (Y': 11.9907   Cb: 15.0569   Cr: 16.6657 )
00000416: 14.1458   (Y': 12.0543   Cb: 14.9741   Cr: 16.7028 )
00000415: 14.1545   (Y': 12.0795   Cb: 14.9845   Cr: 16.6613 )
00000417: 14.1218   (Y': 12.0363   Cb: 14.9207   Cr: 16.7052 )
00000418: 14.1486   (Y': 11.9923   Cb: 15.0349   Cr: 16.8117 )
00000420: 14.2572   (Y': 12.1596   Cb: 15.0403   Cr: 16.9005 )
00000419: 14.161    (Y': 12.0098   Cb: 15.0006   Cr: 16.8795 )
00000421: 14.2214   (Y': 12.0673   Cb: 15.0403   Cr: 16.9813 )
00000422: 14.2162   (Y': 12.0757   Cb: 15.0017   Cr: 16.9865 )
00000423: 14.2408   (Y': 12.0922   Cb: 15.0565   Cr: 16.9885 )
00000424: 14.1797   (Y': 12.0551   Cb: 14.9854   Cr: 16.8695 )
00000425: 14.1777   (Y': 12.0679   Cb: 14.9413   Cr: 16.8882 )
00000426: 14.1584   (Y': 12.009    Cb: 14.9929   Cr: 16.8789 )
00000427: 14.1606   (Y': 12.0015   Cb: 15.0454   Cr: 16.8347 )
00000428: 14.2804   (Y': 12.1394   Cb: 15.1451   Cr: 16.9299 )
00000430: 14.2665   (Y': 12.2051   Cb: 15.0875   Cr: 16.7477 )
00000429: 14.2774   (Y': 12.1429   Cb: 15.1426   Cr: 16.9064 )
00000431: 14.2221   (Y': 12.1662   Cb: 15.0851   Cr: 16.6271 )
00000432: 14.0607   (Y': 12.0341   Cb: 14.8731   Cr: 16.4567 )
00000433: 14.1092   (Y': 12.0954   Cb: 14.9561   Cr: 16.4208 )
00000434: 14.2441   (Y': 12.2591   Cb: 15.0262   Cr: 16.5695 )
00000435: 14.269    (Y': 12.3085   Cb: 15.0127   Cr: 16.5836 )
00000436: 14.3058   (Y': 12.4567   Cb: 14.9065   Cr: 16.5361 )
00000437: 14.3279   (Y': 12.4205   Cb: 15.0961   Cr: 16.47   )
00000438: 14.2531   (Y': 12.3668   Cb: 15.0076   Cr: 16.3607 )
00000439: 14.1462   (Y': 12.242    Cb: 14.8778   Cr: 16.3308 )
00000440: 14.1732   (Y': 12.2475   Cb: 14.8675   Cr: 16.4669 )
00000441: 14.2256   (Y': 12.3107   Cb: 14.9086   Cr: 16.5069 )
00000442: 14.1499   (Y': 12.2281   Cb: 14.7978   Cr: 16.5008 )
00000443: 13.9787   (Y': 11.9992   Cb: 14.7251   Cr: 16.3409 )
00000444: 13.8362   (Y': 11.7761   Cb: 14.7135   Cr: 16.2322 )
00000445: 13.8106   (Y': 11.7861   Cb: 14.7316   Cr: 16.0494 )
00000446: 13.7278   (Y': 11.7151   Cb: 14.5866   Cr: 16.0201 )
00000447: 13.691    (Y': 11.7169   Cb: 14.4902   Cr: 15.9631 )
00000448: 13.5791   (Y': 11.7305   Cb: 14.216    Cr: 15.7558 )
00000449: 13.4429   (Y': 11.6378   Cb: 14.0059   Cr: 15.6163 )
00000451: 13.2943   (Y': 11.6159   Cb: 13.7025   Cr: 15.385  )
00000450: 13.3722   (Y': 11.6658   Cb: 13.8231   Cr: 15.4669 )
00000452: 13.1739   (Y': 11.5944   Cb: 13.4818   Cr: 15.1819 )
00000453: 13.1648   (Y': 11.6374   Cb: 13.4511   Cr: 15.0872 )
00000454: 13.226    (Y': 11.7323   Cb: 13.5177   Cr: 15.0671 )
00000455: 13.1985   (Y': 11.6848   Cb: 13.4861   Cr: 15.0889 )
00000456: 13.2534   (Y': 11.7012   Cb: 13.622    Cr: 15.1126 )
00000457: 13.3745   (Y': 11.7796   Cb: 13.8165   Cr: 15.2251 )
00000458: 13.4804   (Y': 11.7598   Cb: 13.9941   Cr: 15.5189 )
00000459: 13.5544   (Y': 11.7725   Cb: 14.1114   Cr: 15.6788 )
00000461: 13.5942   (Y': 11.7586   Cb: 14.1843   Cr: 15.805  )
00000460: 13.568    (Y': 11.7485   Cb: 14.1687   Cr: 15.7231 )
00000463: 13.6194   (Y': 11.8066   Cb: 14.1902   Cr: 15.8009 )
00000462: 13.5693   (Y': 11.7412   Cb: 14.1584   Cr: 15.7631 )
00000464: 13.6878   (Y': 11.853    Cb: 14.3416   Cr: 15.8063 )
00000465: 13.7648   (Y': 11.9333   Cb: 14.3981   Cr: 15.9036 )
00000466: 13.8411   (Y': 12.0728   Cb: 14.431    Cr: 15.8859 )
00000467: 13.8808   (Y': 12.2024   Cb: 14.3726   Cr: 15.851  )
00000469: 13.8491   (Y': 12.2247   Cb: 14.28     Cr: 15.7813 )
00000468: 13.8626   (Y': 12.1933   Cb: 14.3363   Cr: 15.8375 )
00000472: 13.8826   (Y': 12.2821   Cb: 14.3744   Cr: 15.6775 )
00000470: 13.8659   (Y': 12.2971   Cb: 14.2997   Cr: 15.6706 )
00000471: 13.8338   (Y': 12.2399   Cb: 14.3114   Cr: 15.6338 )
00000473: 14.0288   (Y': 12.425    Cb: 14.548    Cr: 15.7943 )
00000475: 13.9639   (Y': 12.319    Cb: 14.4976   Cr: 15.8001 )
00000474: 13.9997   (Y': 12.3683   Cb: 14.516    Cr: 15.8298 )
00000476: 14.0319   (Y': 12.2894   Cb: 14.6431   Cr: 15.986  )
00000477: 14.0343   (Y': 12.2938   Cb: 14.6305   Cr: 16.0046 )
00000478: 14.0434   (Y': 12.2881   Cb: 14.6642   Cr: 16.0147 )
00000479: 14.0667   (Y': 12.3125   Cb: 14.6454   Cr: 16.0935 )
00000480: 14.1625   (Y': 12.3034   Cb: 14.8224   Cr: 16.3328 )
00000481: 14.1323   (Y': 12.2402   Cb: 14.7655   Cr: 16.4261 )
00000482: 14.1352   (Y': 12.2031   Cb: 14.8246   Cr: 16.4527 )
00000483: 14.0873   (Y': 12.1437   Cb: 14.7773   Cr: 16.4348 )
00000484: 14.2085   (Y': 12.2479   Cb: 14.9133   Cr: 16.5798 )
00000485: 14.1866   (Y': 12.2691   Cb: 14.7927   Cr: 16.5885 )
00000486: 14.225    (Y': 12.3182   Cb: 14.8524   Cr: 16.5666 )
00000487: 14.3034   (Y': 12.3559   Cb: 14.9322   Cr: 16.7524 )
00000488: 14.3119   (Y': 12.3968   Cb: 14.8275   Cr: 16.8474 )
00000489: 14.48     (Y': 12.5468   Cb: 15.0205   Cr: 17.0269 )
00000490: 14.4294   (Y': 12.479    Cb: 14.9782   Cr: 17.0117 )
00000491: 14.3394   (Y': 12.4059   Cb: 14.9036   Cr: 16.8497 )
00000494: 14.3803   (Y': 12.5089   Cb: 14.934    Cr: 16.7382 )
00000492: 14.4659   (Y': 12.5374   Cb: 15.1323   Cr: 16.8077 )
00000495: 14.2861   (Y': 12.421    Cb: 14.8431   Cr: 16.6225 )
00000496: 14.1797   (Y': 12.3207   Cb: 14.7475   Cr: 16.4835 )
00000493: 14.3646   (Y': 12.5092   Cb: 14.9165   Cr: 16.6829 )
00000497: 14.1127   (Y': 12.2702   Cb: 14.7013   Cr: 16.3434 )
00000498: 13.9137   (Y': 12.1589   Cb: 14.518    Cr: 15.9065 )
00000499: 13.8277   (Y': 12.0069   Cb: 14.4794   Cr: 15.9144 )
00000501: 14.0347   (Y': 12.0492   Cb: 14.6747   Cr: 16.5725 )
00000504: 13.3829   (Y': 11.6637   Cb: 13.7498   Cr: 15.6353 )
00000500: 13.9678   (Y': 12.0855   Cb: 14.5931   Cr: 16.2476 )
00000502: 14.0959   (Y': 12.0443   Cb: 14.7931   Cr: 16.7361 )
00000505: 13.3963   (Y': 11.679    Cb: 13.7728   Cr: 15.6293 )
00000503: 13.728    (Y': 11.8279   Cb: 14.1491   Cr: 16.3754 )
00000506: 13.4674   (Y': 11.8097   Cb: 13.7541   Cr: 15.6924 )
00000507: 13.769    (Y': 12.0282   Cb: 14.2763   Cr: 15.8647 )
00000510: 14.1502   (Y': 12.1409   Cb: 14.9519   Cr: 16.5139 )
00000509: 14.2741   (Y': 12.4028   Cb: 15.0747   Cr: 16.2822 )
00000511: 13.9643   (Y': 11.9543   Cb: 14.6651   Cr: 16.479  )
00000512: 13.8009   (Y': 11.7753   Cb: 14.4965   Cr: 16.3678 )
00000508: 14.1513   (Y': 12.3649   Cb: 14.8918   Cr: 16.0358 )
00000513: 13.8543   (Y': 11.8029   Cb: 14.6422   Cr: 16.356  )
00000514: 13.7371   (Y': 11.7187   Cb: 14.6897   Cr: 15.9171 )
00000515: 13.8027   (Y': 11.7754   Cb: 14.7141   Cr: 16.0619 )
00000516: 13.6978   (Y': 11.6715   Cb: 14.4505   Cr: 16.1804 )
00000518: 13.6773   (Y': 11.6284   Cb: 14.504    Cr: 16.1148 )
00000517: 13.6956   (Y': 11.712    Cb: 14.4508   Cr: 16.056  )
00000519: 13.781    (Y': 11.7992   Cb: 14.4859   Cr: 16.2104 )
00000522: 13.2445   (Y': 11.1888   Cb: 14.032    Cr: 15.7591 )
00000520: 13.5153   (Y': 11.5177   Cb: 14.292    Cr: 15.8827 )
00000523: 13.206    (Y': 11.1256   Cb: 13.9651   Cr: 15.835  )
00000521: 13.4186   (Y': 11.4228   Cb: 14.1866   Cr: 15.7937 )
00000524: 13.1205   (Y': 10.9978   Cb: 13.8931   Cr: 15.8561 )
00000525: 13.1918   (Y': 11.1104   Cb: 13.9644   Cr: 15.8033 )
00000527: 13.2369   (Y': 11.1178   Cb: 14.02     Cr: 15.9452 )
00000526: 13.1897   (Y': 11.0825   Cb: 13.9581   Cr: 15.8847 )
00000528: 13.3418   (Y': 11.2167   Cb: 14.0987   Cr: 16.1094 )
00000529: 13.3189   (Y': 11.1348   Cb: 14.1608   Cr: 16.1365 )
00000530: 13.4612   (Y': 11.2927   Cb: 14.3105   Cr: 16.2178 )
00000531: 13.5106   (Y': 11.3952   Cb: 14.2991   Cr: 16.1992 )
00000532: 13.4816   (Y': 11.4006   Cb: 14.2112   Cr: 16.1584 )
00000533: 13.475    (Y': 11.3858   Cb: 14.2277   Cr: 16.1399 )
00000534: 13.4608   (Y': 11.36     Cb: 14.1906   Cr: 16.1973 )
00000536: 13.4698   (Y': 11.3014   Cb: 14.2845   Cr: 16.2806 )
00000538: 13.459    (Y': 11.3267   Cb: 14.2632   Cr: 16.1743 )
00000535: 13.467    (Y': 11.3351   Cb: 14.2298   Cr: 16.2463 )
00000537: 13.4587   (Y': 11.3033   Cb: 14.2763   Cr: 16.2242 )
00000540: 13.3921   (Y': 11.2664   Cb: 14.1749   Cr: 16.1208 )
00000541: 13.3502   (Y': 11.2074   Cb: 14.1759   Cr: 16.0645 )
00000542: 13.3847   (Y': 11.2144   Cb: 14.2572   Cr: 16.1114 )
00000539: 13.4857   (Y': 11.3912   Cb: 14.2355   Cr: 16.1711 )
00000543: 13.4184   (Y': 11.2189   Cb: 14.3457   Cr: 16.1521 )
00000545: 13.4939   (Y': 11.3142   Cb: 14.4068   Cr: 16.1884 )
00000546: 13.5392   (Y': 11.3256   Cb: 14.4567   Cr: 16.332  )
00000547: 13.5912   (Y': 11.3488   Cb: 14.4964   Cr: 16.496  )
00000544: 13.4241   (Y': 11.2408   Cb: 14.3685   Cr: 16.0821 )
00000549: 13.5473   (Y': 11.2809   Cb: 14.4762   Cr: 16.4936 )
00000548: 13.5493   (Y': 11.3191   Cb: 14.4233   Cr: 16.4638 )
00000550: 13.5513   (Y': 11.3772   Cb: 14.31     Cr: 16.4707 )
00000551: 13.5165   (Y': 11.4765   Cb: 14.0898   Cr: 16.3221 )
00000552: 13.6163   (Y': 11.785    Cb: 13.9744   Cr: 16.1761 )
00000553: 13.6697   (Y': 11.7918   Cb: 14.0724   Cr: 16.285  )
00000555: 13.7598   (Y': 11.8422   Cb: 14.1958   Cr: 16.4328 )
00000557: 13.8042   (Y': 11.7711   Cb: 14.3964   Cr: 16.5577 )
00000558: 13.8271   (Y': 11.7248   Cb: 14.5949   Cr: 16.5083 )
00000556: 13.8166   (Y': 11.8389   Cb: 14.3481   Cr: 16.5054 )
00000559: 13.8407   (Y': 11.6903   Cb: 14.6669   Cr: 16.5775 )
00000554: 13.7335   (Y': 11.8806   Cb: 14.1105   Cr: 16.3219 )
00000561: 13.8818   (Y': 11.6967   Cb: 14.771    Cr: 16.6288 )
00000560: 13.9265   (Y': 11.6844   Cb: 14.8701   Cr: 16.7703 )
00000563: 13.9343   (Y': 11.6526   Cb: 15.0005   Cr: 16.7195 )
00000562: 13.9267   (Y': 11.6888   Cb: 14.8918   Cr: 16.7242 )
00000564: 14.062    (Y': 11.7787   Cb: 15.1428   Cr: 16.8311 )
00000566: 14.1688   (Y': 11.8174   Cb: 15.2925   Cr: 17.0969 )
00000565: 14.0566   (Y': 11.7625   Cb: 15.1118   Cr: 16.8985 )
00000567: 14.2509   (Y': 11.9258   Cb: 15.3361   Cr: 17.1497 )
00000568: 14.2847   (Y': 11.9652   Cb: 15.3168   Cr: 17.2465 )
00000570: 14.301    (Y': 12.0546   Cb: 15.2267   Cr: 17.1865 )
00000571: 14.3431   (Y': 12.1735   Cb: 15.1579   Cr: 17.1576 )
00000569: 14.2831   (Y': 11.9545   Cb: 15.3308   Cr: 17.2507 )
00000573: 14.5446   (Y': 12.4842   Cb: 15.1901   Cr: 17.2932 )
00000574: 14.4953   (Y': 12.4931   Cb: 15.1398   Cr: 17.0742 )
00000572: 14.4681   (Y': 12.3777   Cb: 15.1603   Cr: 17.2322 )
00000575: 14.2835   (Y': 12.2801   Cb: 14.9747   Cr: 16.7937 )
00000576: 13.9186   (Y': 11.8062   Cb: 14.6451   Cr: 16.6952 )
00000577: 13.835    (Y': 11.7142   Cb: 14.6186   Cr: 16.5475 )
00000578: 13.576    (Y': 11.5678   Cb: 14.2189   Cr: 16.175  )
00000579: 13.6341   (Y': 11.6887   Cb: 14.202    Cr: 16.1716 )
00000581: 13.766    (Y': 11.6667   Cb: 14.4123   Cr: 16.6333 )
00000582: 13.7249   (Y': 11.6428   Cb: 14.3621   Cr: 16.5537 )
00000583: 13.696    (Y': 11.6418   Cb: 14.2753   Cr: 16.5353 )
00000584: 13.7585   (Y': 11.6973   Cb: 14.406    Cr: 16.5063 )
00000580: 13.7451   (Y': 11.6743   Cb: 14.3616   Cr: 16.5737 )
00000586: 13.8589   (Y': 11.7575   Cb: 14.5942   Cr: 16.5882 )
00000585: 13.7691   (Y': 11.6936   Cb: 14.4198   Cr: 16.5556 )
00000587: 13.8222   (Y': 11.6409   Cb: 14.6575   Cr: 16.6414 )
00000588: 13.9419   (Y': 11.7478   Cb: 14.7818   Cr: 16.7945 )
00000591: 13.9699   (Y': 11.7133   Cb: 14.9058   Cr: 16.8729 )
00000590: 13.9353   (Y': 11.6982   Cb: 14.8635   Cr: 16.7871 )
00000589: 13.9569   (Y': 11.7573   Cb: 14.8072   Cr: 16.8105 )
00000593: 13.7333   (Y': 11.6695   Cb: 14.4772   Cr: 16.3369 )
00000592: 13.8609   (Y': 11.7118   Cb: 14.74     Cr: 16.5128 )
00000594: 13.7419   (Y': 11.6506   Cb: 14.4497   Cr: 16.4841 )
00000595: 13.7141   (Y': 11.6811   Cb: 14.2591   Cr: 16.5461 )
00000596: 13.7832   (Y': 11.6895   Cb: 14.446    Cr: 16.6061 )
Total: 14.0183   (Y': 12.1947   Cb: 14.6295   Cr: 16.1689 )
