00000003: 17.6646   (Y': 15.6075   Cb: 19.2523   Cr: 19.2114 )
00000001: 17.7501   (Y': 15.72     Cb: 19.3118   Cr: 19.2614 )
00000000: 17.751    (Y': 15.7375   Cb: 19.3101   Cr: 19.2275 )
00000002: 17.7116   (Y': 15.6709   Cb: 19.3344   Cr: 19.1867 )
00000004: 17.6592   (Y': 15.6457   Cb: 19.2231   Cr: 19.1307 )
00000005: 17.6591   (Y': 15.6371   Cb: 19.1958   Cr: 19.1767 )
00000006: 17.6449   (Y': 15.6249   Cb: 19.1642   Cr: 19.1752 )
00000007: 17.6549   (Y': 15.6449   Cb: 19.1516   Cr: 19.1857 )
00000008: 17.6501   (Y': 15.6544   Cb: 19.156    Cr: 19.1395 )
00000012: 17.6833   (Y': 15.6909   Cb: 19.2084   Cr: 19.1461 )
00000009: 17.6031   (Y': 15.5995   Cb: 19.1325   Cr: 19.0865 )
00000011: 17.6429   (Y': 15.6347   Cb: 19.2152   Cr: 19.0944 )
00000010: 17.6546   (Y': 15.6264   Cb: 19.2034   Cr: 19.1745 )
00000013: 17.7001   (Y': 15.7037   Cb: 19.2341   Cr: 19.1632 )
00000014: 17.7508   (Y': 15.7727   Cb: 19.2746   Cr: 19.1834 )
00000015: 17.7392   (Y': 15.7527   Cb: 19.2654   Cr: 19.1878 )
00000016: 17.7881   (Y': 15.783    Cb: 19.308    Cr: 19.2844 )
00000017: 17.8223   (Y': 15.8047   Cb: 19.3453   Cr: 19.3438 )
00000018: 17.8453   (Y': 15.7727   Cb: 19.439    Cr: 19.422  )
00000019: 17.8447   (Y': 15.7808   Cb: 19.4364   Cr: 19.4035 )
00000020: 17.8345   (Y': 15.7127   Cb: 19.5275   Cr: 19.428  )
00000021: 17.8476   (Y': 15.6899   Cb: 19.5251   Cr: 19.5423 )
00000022: 17.8617   (Y': 15.6813   Cb: 19.5443   Cr: 19.6068 )
00000023: 17.8314   (Y': 15.6438   Cb: 19.5168   Cr: 19.5917 )
00000024: 17.8192   (Y': 15.5972   Cb: 19.5542   Cr: 19.6153 )
00000026: 17.7943   (Y': 15.6027   Cb: 19.4538   Cr: 19.5909 )
00000025: 17.862    (Y': 15.6505   Cb: 19.5626   Cr: 19.6667 )
00000027: 17.8043   (Y': 15.6054   Cb: 19.4198   Cr: 19.6654 )
00000028: 17.7156   (Y': 15.5222   Cb: 19.3824   Cr: 19.5091 )
00000029: 17.736    (Y': 15.5616   Cb: 19.3368   Cr: 19.5506 )
00000030: 17.7666   (Y': 15.5809   Cb: 19.4699   Cr: 19.5042 )
00000031: 17.7691   (Y': 15.5973   Cb: 19.4288   Cr: 19.5163 )
00000032: 17.6951   (Y': 15.5099   Cb: 19.3611   Cr: 19.4692 )
00000033: 17.6012   (Y': 15.4184   Cb: 19.2614   Cr: 19.3751 )
00000034: 17.5562   (Y': 15.37     Cb: 19.2043   Cr: 19.3511 )
00000037: 17.4004   (Y': 15.2477   Cb: 18.9417   Cr: 19.2237 )
00000035: 17.4961   (Y': 15.325    Cb: 19.1315   Cr: 19.2665 )
00000038: 17.3291   (Y': 15.188    Cb: 18.8506   Cr: 19.1446 )
00000036: 17.4343   (Y': 15.2817   Cb: 18.9842   Cr: 19.2482 )
00000039: 17.2971   (Y': 15.1986   Cb: 18.7551   Cr: 19.076  )
00000040: 17.2846   (Y': 15.2318   Cb: 18.7022   Cr: 18.9966 )
00000041: 17.2799   (Y': 15.2419   Cb: 18.6805   Cr: 18.9749 )
00000042: 17.2104   (Y': 15.1871   Cb: 18.6176   Cr: 18.8642 )
00000043: 17.1489   (Y': 15.1249   Cb: 18.5662   Cr: 18.7934 )
00000045: 16.9183   (Y': 14.9534   Cb: 18.2095   Cr: 18.5613 )
00000046: 16.8054   (Y': 14.876    Cb: 18.0491   Cr: 18.4186 )
00000044: 16.9954   (Y': 15.0181   Cb: 18.3345   Cr: 18.6152 )
00000047: 16.7406   (Y': 14.821    Cb: 17.9443   Cr: 18.3757 )
00000050: 16.5632   (Y': 14.7722   Cb: 17.6148   Cr: 18.0834 )
00000049: 16.6237   (Y': 14.788    Cb: 17.7292   Cr: 18.1809 )
00000051: 16.5232   (Y': 14.7447   Cb: 17.5771   Cr: 18.0143 )
00000048: 16.6357   (Y': 14.7686   Cb: 17.7598   Cr: 18.2414 )
00000053: 16.4475   (Y': 14.6681   Cb: 17.4933   Cr: 17.9497 )
00000054: 16.3796   (Y': 14.678    Cb: 17.3998   Cr: 17.7481 )
00000055: 16.3729   (Y': 14.7023   Cb: 17.3385   Cr: 17.7384 )
00000052: 16.4707   (Y': 14.7288   Cb: 17.5016   Cr: 17.9102 )
00000056: 16.3099   (Y': 14.6963   Cb: 17.2393   Cr: 17.6019 )
00000057: 16.3104   (Y': 14.7018   Cb: 17.2402   Cr: 17.5921 )
00000058: 16.3077   (Y': 14.6954   Cb: 17.1843   Cr: 17.6553 )
00000060: 16.291    (Y': 14.6628   Cb: 17.1823   Cr: 17.6539 )
00000061: 16.2882   (Y': 14.6451   Cb: 17.2194   Cr: 17.6362 )
00000062: 16.3296   (Y': 14.6589   Cb: 17.3295   Cr: 17.6582 )
00000059: 16.296    (Y': 14.6735   Cb: 17.1524   Cr: 17.6866 )
00000063: 16.3469   (Y': 14.6507   Cb: 17.3734   Cr: 17.6976 )
00000065: 16.3462   (Y': 14.6724   Cb: 17.3999   Cr: 17.6234 )
00000064: 16.3857   (Y': 14.6847   Cb: 17.4539   Cr: 17.7017 )
00000066: 16.2778   (Y': 14.6356   Cb: 17.2774   Cr: 17.55   )
00000067: 16.2378   (Y': 14.6074   Cb: 17.1909   Cr: 17.5368 )
00000068: 16.322    (Y': 14.7283   Cb: 17.2371   Cr: 17.5908 )
00000069: 16.3623   (Y': 14.7687   Cb: 17.2621   Cr: 17.6477 )
00000070: 16.3833   (Y': 14.7921   Cb: 17.328    Cr: 17.6153 )
00000071: 16.3998   (Y': 14.7909   Cb: 17.3342   Cr: 17.6773 )
00000072: 16.4      (Y': 14.7167   Cb: 17.3578   Cr: 17.7997 )
00000073: 16.3987   (Y': 14.7295   Cb: 17.3152   Cr: 17.8156 )
00000074: 16.4763   (Y': 14.831    Cb: 17.3611   Cr: 17.8807 )
00000075: 16.477    (Y': 14.8264   Cb: 17.3919   Cr: 17.8582 )
00000076: 16.5618   (Y': 14.8711   Cb: 17.5165   Cr: 17.9802 )
00000077: 16.6288   (Y': 14.9503   Cb: 17.5849   Cr: 18.0207 )
00000078: 16.6848   (Y': 15.0177   Cb: 17.6606   Cr: 18.0321 )
00000079: 16.6627   (Y': 15.0162   Cb: 17.638    Cr: 17.9696 )
00000080: 16.6984   (Y': 15.1199   Cb: 17.6269   Cr: 17.9237 )
00000081: 16.7395   (Y': 15.1233   Cb: 17.6703   Cr: 18.0352 )
00000082: 16.9621   (Y': 15.3035   Cb: 17.9098   Cr: 18.3232 )
00000083: 17.0865   (Y': 15.4099   Cb: 18.0908   Cr: 18.4218 )
00000084: 17.2495   (Y': 15.5505   Cb: 18.3938   Cr: 18.4826 )
00000085: 17.2444   (Y': 15.5146   Cb: 18.4443   Cr: 18.4814 )
00000086: 17.4212   (Y': 15.7082   Cb: 18.6572   Cr: 18.5893 )
00000087: 17.4748   (Y': 15.7161   Cb: 18.7638   Cr: 18.6805 )
00000088: 17.4356   (Y': 15.6971   Cb: 18.73     Cr: 18.5962 )
00000089: 17.4246   (Y': 15.6984   Cb: 18.8112   Cr: 18.4742 )
00000090: 17.6975   (Y': 15.8074   Cb: 19.3131   Cr: 18.8586 )
00000091: 17.8173   (Y': 15.9463   Cb: 19.4008   Cr: 18.9693 )
00000092: 17.5528   (Y': 15.6811   Cb: 19.0097   Cr: 18.8241 )
00000093: 17.3835   (Y': 15.5483   Cb: 18.7946   Cr: 18.6238 )
00000094: 17.2981   (Y': 15.5302   Cb: 18.5093   Cr: 18.6    )
00000095: 17.1333   (Y': 15.3719   Cb: 18.3294   Cr: 18.4377 )
00000096: 17.0279   (Y': 15.22     Cb: 18.2995   Cr: 18.3503 )
00000097: 17.0947   (Y': 15.2466   Cb: 18.2869   Cr: 18.5844 )
00000098: 17.0465   (Y': 15.2009   Cb: 18.2146   Cr: 18.5568 )
00000099: 17.0332   (Y': 15.1675   Cb: 18.1779   Cr: 18.6126 )
00000100: 16.9872   (Y': 15.1      Cb: 18.1226   Cr: 18.6252 )
00000101: 17.0342   (Y': 15.1313   Cb: 18.2036   Cr: 18.6697 )
00000102: 17.0421   (Y': 15.1308   Cb: 18.2324   Cr: 18.6733 )
00000103: 17.0579   (Y': 15.1637   Cb: 18.2955   Cr: 18.5995 )
00000104: 17.0977   (Y': 15.1361   Cb: 18.3242   Cr: 18.8044 )
00000105: 17.1365   (Y': 15.151    Cb: 18.3692   Cr: 18.8922 )
00000106: 17.179    (Y': 15.1797   Cb: 18.469    Cr: 18.9029 )
00000107: 17.1797   (Y': 15.2289   Cb: 18.4205   Cr: 18.8451 )
00000108: 17.2388   (Y': 15.1992   Cb: 18.6004   Cr: 18.9798 )
00000109: 17.2405   (Y': 15.2003   Cb: 18.5722   Cr: 19.0161 )
00000110: 17.2555   (Y': 15.1718   Cb: 18.603    Cr: 19.1193 )
00000111: 17.237    (Y': 15.177    Cb: 18.5632   Cr: 19.0666 )
00000112: 17.1714   (Y': 15.1305   Cb: 18.3732   Cr: 19.0972 )
00000113: 17.1906   (Y': 15.1298   Cb: 18.4197   Cr: 19.1339 )
00000114: 17.1761   (Y': 15.1333   Cb: 18.3266   Cr: 19.1681 )
00000115: 17.1695   (Y': 15.1437   Cb: 18.3072   Cr: 19.1341 )
00000117: 17.0512   (Y': 15.0687   Cb: 18.1165   Cr: 18.9961 )
00000116: 17.1205   (Y': 15.1424   Cb: 18.2348   Cr: 18.9955 )
00000118: 17.0583   (Y': 15.1201   Cb: 18.015    Cr: 19.0294 )
00000119: 17.0607   (Y': 15.1363   Cb: 17.996    Cr: 19.0248 )
00000120: 17.1256   (Y': 15.2016   Cb: 18.0081   Cr: 19.1565 )
00000121: 17.1457   (Y': 15.2003   Cb: 17.9954   Cr: 19.274  )
00000122: 17.1495   (Y': 15.2268   Cb: 17.9242   Cr: 19.3216 )
00000123: 17.165    (Y': 15.2301   Cb: 17.9402   Cr: 19.3681 )
00000125: 17.1831   (Y': 15.2324   Cb: 17.9952   Cr: 19.3759 )
00000124: 17.1705   (Y': 15.2223   Cb: 17.9697   Cr: 19.3747 )
00000126: 17.1789   (Y': 15.329    Cb: 17.8502   Cr: 19.3105 )
00000127: 17.083    (Y': 15.2532   Cb: 17.7315   Cr: 19.1964 )
00000128: 17.1695   (Y': 15.35     Cb: 17.7419   Cr: 19.3653 )
00000129: 17.137    (Y': 15.3132   Cb: 17.7164   Cr: 19.3337 )
00000130: 17.1439   (Y': 15.4029   Cb: 17.649    Cr: 19.2435 )
00000131: 17.1819   (Y': 15.4791   Cb: 17.6753   Cr: 19.2069 )
00000132: 17.083    (Y': 15.3683   Cb: 17.5703   Cr: 19.1448 )
00000133: 17.0158   (Y': 15.2641   Cb: 17.5375   Cr: 19.1174 )
00000134: 16.9255   (Y': 15.276    Cb: 17.3413   Cr: 18.9369 )
00000135: 16.9026   (Y': 15.2251   Cb: 17.2901   Cr: 19.0215 )
00000136: 16.8292   (Y': 15.1503   Cb: 17.2771   Cr: 18.8629 )
00000137: 16.8301   (Y': 15.2012   Cb: 17.2365   Cr: 18.8078 )
00000138: 17.0048   (Y': 15.4465   Cb: 17.3551   Cr: 18.9035 )
00000139: 17.4901   (Y': 15.7229   Cb: 18.1695   Cr: 19.4106 )
00000140: 17.5956   (Y': 15.6953   Cb: 18.4777   Cr: 19.5688 )
00000141: 17.9284   (Y': 16.0209   Cb: 18.7941   Cr: 19.9402 )
00000142: 17.6329   (Y': 15.9121   Cb: 18.3151   Cr: 19.4431 )
00000143: 17.1576   (Y': 15.5578   Cb: 17.748    Cr: 18.8213 )
00000144: 16.6364   (Y': 15.1119   Cb: 17.1319   Cr: 18.2648 )
00000145: 16.9651   (Y': 15.4005   Cb: 17.5678   Cr: 18.5399 )
00000146: 16.3809   (Y': 15.0948   Cb: 16.6381   Cr: 17.851  )
00000147: 16.026    (Y': 14.8743   Cb: 16.1149   Cr: 17.4732 )
00000149: 15.9053   (Y': 14.7486   Cb: 15.9762   Cr: 17.3868 )
00000148: 15.9586   (Y': 14.8289   Cb: 15.9857   Cr: 17.4513 )
00000150: 15.7972   (Y': 14.5998   Cb: 16.0019   Cr: 17.1727 )
00000151: 15.7971   (Y': 14.6253   Cb: 15.986    Cr: 17.1469 )
00000152: 15.7454   (Y': 14.5429   Cb: 16.0149   Cr: 17.0462 )
00000153: 15.7791   (Y': 14.539    Cb: 16.089    Cr: 17.0963 )
00000154: 15.7786   (Y': 14.4374   Cb: 16.1876   Cr: 17.157  )
00000155: 15.795    (Y': 14.4216   Cb: 16.2002   Cr: 17.2392 )
00000157: 15.8015   (Y': 14.406    Cb: 16.143    Cr: 17.3714 )
00000156: 15.7672   (Y': 14.3856   Cb: 16.1218   Cr: 17.2921 )
00000158: 15.8105   (Y': 14.4229   Cb: 16.092    Cr: 17.445  )
00000159: 15.8084   (Y': 14.4175   Cb: 16.0668   Cr: 17.4816 )
00000160: 15.809    (Y': 14.4302   Cb: 16.0556   Cr: 17.4742 )
00000161: 15.7854   (Y': 14.4187   Cb: 15.9917   Cr: 17.4822 )
00000162: 15.7735   (Y': 14.5022   Cb: 15.8756   Cr: 17.4282 )
00000163: 15.7613   (Y': 14.5282   Cb: 15.8274   Cr: 17.3931 )
00000164: 15.7613   (Y': 14.585    Cb: 15.8099   Cr: 17.31   )
00000165: 15.8221   (Y': 14.6826   Cb: 15.8462   Cr: 17.337  )
00000166: 15.8391   (Y': 14.7215   Cb: 15.8691   Cr: 17.3055 )
00000167: 16.013    (Y': 14.8694   Cb: 16.093    Cr: 17.458  )
00000169: 16.1952   (Y': 15.004    Cb: 16.3916   Cr: 17.5701 )
00000168: 16.1449   (Y': 14.9738   Cb: 16.302    Cr: 17.5353 )
00000170: 16.2826   (Y': 15.1295   Cb: 16.4832   Cr: 17.5842 )
00000171: 16.3112   (Y': 15.1544   Cb: 16.5281   Cr: 17.5985 )
00000172: 16.3212   (Y': 15.142    Cb: 16.5834   Cr: 17.5903 )
00000173: 16.3172   (Y': 15.1861   Cb: 16.5307   Cr: 17.5638 )
00000174: 16.3553   (Y': 15.1838   Cb: 16.6261   Cr: 17.5999 )
00000175: 16.3467   (Y': 15.1855   Cb: 16.6284   Cr: 17.5597 )
00000176: 16.5135   (Y': 15.2059   Cb: 16.9614   Cr: 17.7823 )
00000177: 16.5454   (Y': 15.2231   Cb: 17.02     Cr: 17.8086 )
00000178: 16.5276   (Y': 15.1223   Cb: 17.1363   Cr: 17.7844 )
00000179: 16.493    (Y': 15.0324   Cb: 17.154    Cr: 17.7924 )
00000180: 16.3868   (Y': 14.9087   Cb: 17.0891   Cr: 17.6719 )
00000181: 16.494    (Y': 14.9389   Cb: 17.2345   Cr: 17.8837 )
00000182: 16.668    (Y': 15.0484   Cb: 17.4566   Cr: 18.1307 )
00000183: 16.6771   (Y': 15.0741   Cb: 17.4984   Cr: 18.0686 )
00000184: 16.7106   (Y': 15.1052   Cb: 17.5383   Cr: 18.0995 )
00000185: 16.7749   (Y': 15.1586   Cb: 17.6118   Cr: 18.1753 )
00000186: 16.8891   (Y': 15.2296   Cb: 17.7587   Cr: 18.3393 )
00000187: 16.9445   (Y': 15.269    Cb: 17.8328   Cr: 18.4065 )
00000188: 17.0516   (Y': 15.3158   Cb: 17.9482   Cr: 18.6306 )
00000189: 17.0607   (Y': 15.2548   Cb: 18.0316   Cr: 18.7059 )
00000190: 17.1615   (Y': 15.2657   Cb: 18.2235   Cr: 18.9034 )
00000191: 17.1875   (Y': 15.2477   Cb: 18.3022   Cr: 18.9702 )
00000192: 17.248    (Y': 15.2026   Cb: 18.4962   Cr: 19.1305 )
00000193: 17.3129   (Y': 15.2127   Cb: 18.6646   Cr: 19.2134 )
00000194: 17.4049   (Y': 15.2185   Cb: 18.8839   Cr: 19.3822 )
00000195: 17.368    (Y': 15.1799   Cb: 18.8241   Cr: 19.3758 )
00000196: 17.2999   (Y': 15.0506   Cb: 18.8697   Cr: 19.3425 )
00000197: 17.2876   (Y': 14.9706   Cb: 18.9316   Cr: 19.4325 )
00000198: 17.2087   (Y': 14.8449   Cb: 18.9402   Cr: 19.3882 )
00000199: 17.1636   (Y': 14.8079   Cb: 18.861    Cr: 19.3581 )
00000200: 17.1566   (Y': 14.8648   Cb: 18.771    Cr: 19.2645 )
00000201: 17.1007   (Y': 14.8473   Cb: 18.6371   Cr: 19.192  )
00000202: 17.0796   (Y': 14.8571   Cb: 18.5478   Cr: 19.1651 )
00000203: 17.0596   (Y': 14.8807   Cb: 18.4627   Cr: 19.1042 )
00000204: 17.0926   (Y': 14.9856   Cb: 18.3789   Cr: 19.0859 )
00000205: 17.0866   (Y': 14.9915   Cb: 18.4157   Cr: 19.0001 )
00000206: 17.1601   (Y': 15.109    Cb: 18.4292   Cr: 19.0326 )
00000207: 17.1857   (Y': 15.1836   Cb: 18.4262   Cr: 18.972  )
00000208: 17.254    (Y': 15.263    Cb: 18.4509   Cr: 19.0631 )
00000209: 17.2706   (Y': 15.3135   Cb: 18.4421   Cr: 19.0286 )
00000210: 17.2686   (Y': 15.3841   Cb: 18.3353   Cr: 18.9789 )
00000211: 17.2799   (Y': 15.3898   Cb: 18.3458   Cr: 19.0042 )
00000212: 17.3799   (Y': 15.6061   Cb: 18.2618   Cr: 19.0592 )
00000213: 17.4469   (Y': 15.7164   Cb: 18.2892   Cr: 19.0788 )
00000214: 17.4691   (Y': 15.8395   Cb: 18.2657   Cr: 18.9425 )
00000215: 17.6523   (Y': 15.9914   Cb: 18.4494   Cr: 19.1901 )
00000216: 17.4866   (Y': 15.621    Cb: 18.5178   Cr: 19.1951 )
00000217: 17.9582   (Y': 16.0825   Cb: 19.0241   Cr: 19.6493 )
00000218: 17.972    (Y': 16.1326   Cb: 18.9951   Cr: 19.6309 )
00000219: 17.7495   (Y': 15.9561   Cb: 18.6969   Cr: 19.3943 )
00000220: 17.2126   (Y': 15.6018   Cb: 17.9029   Cr: 18.7746 )
00000221: 17.3559   (Y': 15.6345   Cb: 18.1955   Cr: 18.9714 )
00000222: 17.5196   (Y': 15.7923   Cb: 18.3613   Cr: 19.1452 )
00000223: 17.5276   (Y': 15.7861   Cb: 18.4091   Cr: 19.1365 )
00000224: 17.2538   (Y': 15.5746   Cb: 18.1108   Cr: 18.7594 )
00000225: 17.0506   (Y': 15.4288   Cb: 17.8932   Cr: 18.4554 )
00000226: 16.8894   (Y': 15.3312   Cb: 17.7862   Cr: 18.1101 )
00000227: 16.8898   (Y': 15.3166   Cb: 17.8719   Cr: 18.0482 )
00000228: 16.8099   (Y': 15.1685   Cb: 17.875    Cr: 18.0118 )
00000229: 16.6048   (Y': 15.0049   Cb: 17.6079   Cr: 17.7918 )
00000230: 16.5033   (Y': 14.8185   Cb: 17.5556   Cr: 17.804  )
00000231: 16.5114   (Y': 14.7672   Cb: 17.6344   Cr: 17.8567 )
00000232: 16.5387   (Y': 14.7383   Cb: 17.753    Cr: 17.9045 )
00000233: 16.5529   (Y': 14.7365   Cb: 17.8094   Cr: 17.9081 )
00000234: 16.4975   (Y': 14.6393   Cb: 17.7902   Cr: 17.9033 )
00000235: 16.4518   (Y': 14.5578   Cb: 17.7691   Cr: 17.909  )
00000236: 16.4057   (Y': 14.5262   Cb: 17.7265   Cr: 17.8281 )
00000237: 16.3851   (Y': 14.4675   Cb: 17.7329   Cr: 17.8623 )
00000238: 16.4123   (Y': 14.5355   Cb: 17.75     Cr: 17.8116 )
00000239: 16.4157   (Y': 14.5312   Cb: 17.7873   Cr: 17.7971 )
00000240: 16.482    (Y': 14.6506   Cb: 17.7766   Cr: 17.8297 )
00000241: 16.5237   (Y': 14.7023   Cb: 17.8466   Cr: 17.8221 )
00000242: 16.6126   (Y': 14.8316   Cb: 17.8103   Cr: 17.9552 )
00000243: 16.7287   (Y': 14.9918   Cb: 17.8483   Cr: 18.0626 )
00000244: 16.7745   (Y': 15.0923   Cb: 17.8636   Cr: 18.0314 )
00000245: 16.731    (Y': 15.0894   Cb: 17.7696   Cr: 17.961  )
00000246: 17.1377   (Y': 15.3456   Cb: 18.2315   Cr: 18.6142 )
00000247: 17.1558   (Y': 15.239    Cb: 18.3481   Cr: 18.7974 )
00000248: 17.8077   (Y': 15.8843   Cb: 18.9326   Cr: 19.5403 )
00000249: 17.8277   (Y': 15.9112   Cb: 18.9226   Cr: 19.5791 )
00000250: 17.4012   (Y': 15.5092   Cb: 18.552    Cr: 19.0328 )
00000251: 17.2144   (Y': 15.3247   Cb: 18.3425   Cr: 18.8663 )
00000252: 17.3471   (Y': 15.37     Cb: 18.585    Cr: 19.0769 )
00000253: 17.4732   (Y': 15.4584   Cb: 18.7521   Cr: 19.2463 )
00000254: 17.3815   (Y': 15.324    Cb: 18.6917   Cr: 19.2228 )
00000255: 17.2313   (Y': 15.1583   Cb: 18.4978   Cr: 19.1616 )
00000256: 17.1402   (Y': 15.0766   Cb: 18.2531   Cr: 19.2317 )
00000257: 17.1674   (Y': 15.0989   Cb: 18.3114   Cr: 19.2332 )
00000258: 17.1258   (Y': 15.0751   Cb: 18.2627   Cr: 19.1547 )
00000259: 17.0431   (Y': 14.9752   Cb: 18.1813   Cr: 19.1143 )
00000260: 16.8898   (Y': 14.874    Cb: 17.9556   Cr: 18.9175 )
00000261: 16.79     (Y': 14.7662   Cb: 17.9068   Cr: 18.7749 )
00000262: 16.7275   (Y': 14.677    Cb: 17.8645   Cr: 18.7557 )
00000263: 16.6786   (Y': 14.6185   Cb: 17.8321   Cr: 18.7108 )
00000264: 16.6857   (Y': 14.5943   Cb: 17.9106   Cr: 18.7118 )
00000265: 16.6647   (Y': 14.5288   Cb: 17.8987   Cr: 18.7965 )
00000266: 16.6455   (Y': 14.475    Cb: 17.824    Cr: 18.9419 )
00000267: 16.5684   (Y': 14.3968   Cb: 17.6967   Cr: 18.9342 )
00000268: 16.4343   (Y': 14.3079   Cb: 17.4208   Cr: 18.8644 )
00000269: 16.3362   (Y': 14.2634   Cb: 17.2442   Cr: 18.7244 )
00000270: 16.2375   (Y': 14.2041   Cb: 17.0867   Cr: 18.5994 )
00000271: 16.1875   (Y': 14.2077   Cb: 16.9703   Cr: 18.498  )
00000272: 15.9939   (Y': 14.1172   Cb: 16.6251   Cr: 18.2504 )
00000273: 15.8084   (Y': 14.0295   Cb: 16.3096   Cr: 18.0067 )
00000274: 15.5908   (Y': 13.8991   Cb: 15.9579   Cr: 17.7751 )
00000275: 15.496    (Y': 13.82     Cb: 15.8215   Cr: 17.7052 )
00000276: 15.4834   (Y': 13.8196   Cb: 15.764    Cr: 17.733  )
00000277: 15.5465   (Y': 13.8744   Cb: 15.8363   Cr: 17.8018 )
00000278: 15.5947   (Y': 13.9793   Cb: 15.8457   Cr: 17.7733 )
00000279: 15.8399   (Y': 14.2221   Cb: 16.1858   Cr: 17.8799 )
00000280: 16.0337   (Y': 14.475    Cb: 16.3569   Cr: 17.9722 )
00000281: 16.1464   (Y': 14.5927   Cb: 16.4752   Cr: 18.0655 )
00000282: 16.2891   (Y': 14.7947   Cb: 16.5488   Cr: 18.178  )
00000283: 16.3336   (Y': 14.867    Cb: 16.5927   Cr: 18.1632 )
00000284: 16.2119   (Y': 14.8296   Cb: 16.3776   Cr: 17.999  )
00000285: 16.138    (Y': 14.7614   Cb: 16.3074   Cr: 17.9079 )
00000286: 15.7672   (Y': 14.5597   Cb: 15.8911   Cr: 17.2694 )
00000287: 16.3393   (Y': 15.0756   Cb: 16.6005   Cr: 17.762  )
00000288: 16.855    (Y': 15.5673   Cb: 17.1471   Cr: 18.2823 )
00000289: 16.2433   (Y': 15.1579   Cb: 16.3382   Cr: 17.5648 )
00000290: 15.152    (Y': 14.2459   Cb: 14.9689   Cr: 16.5487 )
00000291: 14.9626   (Y': 14.0239   Cb: 14.7686   Cr: 16.4315 )
00000292: 14.736    (Y': 13.7203   Cb: 14.5528   Cr: 16.326  )
00000293: 14.7302   (Y': 13.6971   Cb: 14.5461   Cr: 16.3537 )
00000294: 14.7875   (Y': 13.6809   Cb: 14.6875   Cr: 16.421  )
00000295: 14.7919   (Y': 13.6671   Cb: 14.6774   Cr: 16.4818 )
00000296: 14.8075   (Y': 13.6467   Cb: 14.7402   Cr: 16.4956 )
00000297: 14.8153   (Y': 13.6304   Cb: 14.7646   Cr: 16.525  )
00000298: 14.8656   (Y': 13.6722   Cb: 14.8206   Cr: 16.5834 )
00000299: 14.8755   (Y': 13.6423   Cb: 14.8592   Cr: 16.6284 )
00000300: 14.8767   (Y': 13.616    Cb: 14.8528   Cr: 16.6965 )
00000301: 14.8719   (Y': 13.5804   Cb: 14.9004   Cr: 16.675  )
00000302: 14.8525   (Y': 13.542    Cb: 14.8907   Cr: 16.6801 )
00000303: 14.8286   (Y': 13.5091   Cb: 14.8813   Cr: 16.6525 )
00000304: 14.8256   (Y': 13.4741   Cb: 14.8916   Cr: 16.6961 )
00000305: 14.8464   (Y': 13.5025   Cb: 14.9196   Cr: 16.6902 )
00000306: 14.851    (Y': 13.5211   Cb: 14.9156   Cr: 16.6788 )
00000307: 14.8265   (Y': 13.4714   Cb: 14.8994   Cr: 16.6944 )
00000308: 14.8137   (Y': 13.447    Cb: 14.9022   Cr: 16.6827 )
00000309: 14.8023   (Y': 13.434    Cb: 14.8758   Cr: 16.697  )
00000310: 14.7983   (Y': 13.4242   Cb: 14.8724   Cr: 16.7043 )
00000311: 14.7537   (Y': 13.3644   Cb: 14.8311   Cr: 16.6872 )
00000312: 14.6693   (Y': 13.2816   Cb: 14.7172   Cr: 16.645  )
00000313: 14.6319   (Y': 13.253    Cb: 14.6681   Cr: 16.607  )
00000314: 14.6227   (Y': 13.2411   Cb: 14.662    Cr: 16.5988 )
00000315: 14.596    (Y': 13.2354   Cb: 14.6077   Cr: 16.5695 )
00000316: 14.5359   (Y': 13.1788   Cb: 14.5401   Cr: 16.514  )
00000317: 14.4923   (Y': 13.139    Cb: 14.4901   Cr: 16.4721 )
00000318: 14.4483   (Y': 13.102    Cb: 14.4363   Cr: 16.4284 )
00000319: 14.4484   (Y': 13.0942   Cb: 14.4435   Cr: 16.4347 )
00000320: 14.4345   (Y': 13.0812   Cb: 14.4292   Cr: 16.4193 )
00000321: 14.4187   (Y': 13.0638   Cb: 14.4095   Cr: 16.4131 )
00000322: 14.4018   (Y': 13.049    Cb: 14.3923   Cr: 16.3923 )
00000323: 14.4266   (Y': 13.0739   Cb: 14.4124   Cr: 16.4242 )
00000324: 14.4194   (Y': 13.077    Cb: 14.4046   Cr: 16.3959 )
00000325: 14.3987   (Y': 13.0466   Cb: 14.3903   Cr: 16.3861 )
00000326: 14.3906   (Y': 13.0445   Cb: 14.3766   Cr: 16.3738 )
00000327: 14.3837   (Y': 13.0353   Cb: 14.3643   Cr: 16.3805 )
00000328: 14.4269   (Y': 13.0824   Cb: 14.42     Cr: 16.3955 )
00000329: 14.3997   (Y': 13.0416   Cb: 14.3981   Cr: 16.3891 )
00000330: 14.3926   (Y': 13.0378   Cb: 14.3737   Cr: 16.4022 )
00000331: 14.3644   (Y': 13.0067   Cb: 14.3396   Cr: 16.3898 )
00000332: 14.3559   (Y': 13.0274   Cb: 14.3347   Cr: 16.3129 )
00000333: 14.3192   (Y': 13.0094   Cb: 14.2864   Cr: 16.2549 )
00000334: 14.3095   (Y': 13.035    Cb: 14.262    Cr: 16.1941 )
00000335: 14.2687   (Y': 12.9996   Cb: 14.2171   Cr: 16.1487 )
00000336: 14.242    (Y': 12.986    Cb: 14.1854   Cr: 16.1028 )
00000337: 14.256    (Y': 13.0015   Cb: 14.2063   Cr: 16.1029 )
00000338: 14.2222   (Y': 12.9714   Cb: 14.1666   Cr: 16.0709 )
00000339: 14.2082   (Y': 12.9516   Cb: 14.15     Cr: 16.0724 )
00000340: 14.1955   (Y': 12.9366   Cb: 14.1294   Cr: 16.077  )
00000341: 14.1789   (Y': 12.9076   Cb: 14.1162   Cr: 16.0809 )
00000342: 14.2095   (Y': 12.9214   Cb: 14.1474   Cr: 16.1454 )
00000343: 14.2347   (Y': 12.9305   Cb: 14.1872   Cr: 16.1816 )
00000344: 14.2414   (Y': 12.9099   Cb: 14.1945   Cr: 16.2455 )
00000345: 14.2598   (Y': 12.913    Cb: 14.2132   Cr: 16.2968 )
00000346: 14.2638   (Y': 12.9227   Cb: 14.201    Cr: 16.3142 )
00000347: 14.2767   (Y': 12.9379   Cb: 14.2113   Cr: 16.3268 )
00000348: 14.2701   (Y': 12.9255   Cb: 14.2124   Cr: 16.3203 )
00000349: 14.2706   (Y': 12.9294   Cb: 14.2122   Cr: 16.3144 )
00000350: 14.26     (Y': 12.9186   Cb: 14.1981   Cr: 16.3101 )
00000351: 14.3032   (Y': 12.9642   Cb: 14.2491   Cr: 16.335  )
00000352: 14.2843   (Y': 12.9347   Cb: 14.2395   Cr: 16.3241 )
00000353: 14.3022   (Y': 12.9493   Cb: 14.259    Cr: 16.3469 )
00000354: 14.3025   (Y': 12.9508   Cb: 14.2668   Cr: 16.3325 )
00000355: 14.2845   (Y': 12.9328   Cb: 14.2538   Cr: 16.3065 )
00000356: 14.2784   (Y': 12.9308   Cb: 14.2329   Cr: 16.3153 )
00000357: 14.2968   (Y': 12.9402   Cb: 14.2604   Cr: 16.3386 )
00000358: 14.2874   (Y': 12.9331   Cb: 14.2425   Cr: 16.3377 )
00000359: 14.3089   (Y': 12.9411   Cb: 14.2733   Cr: 16.374  )
00000360: 14.2923   (Y': 12.9437   Cb: 14.2318   Cr: 16.3556 )
00000362: 23.8157   (Y': 20.4252   Cb: 27.4768   Cr: 27.9429 )
00000361: 13.7834   (Y': 12.4156   Cb: 13.7249   Cr: 15.8858 )
00000363: 22.1212   (Y': 18.8803   Cb: 25.4816   Cr: 25.79   )
00000365: 19.1466   (Y': 16.2776   Cb: 21.4594   Cr: 22.3622 )
00000364: 19.7784   (Y': 16.8374   Cb: 22.215    Cr: 23.141  )
00000366: 18.3317   (Y': 15.6032   Cb: 20.3415   Cr: 21.376  )
00000367: 18.0313   (Y': 15.4023   Cb: 19.8415   Cr: 20.9645 )
00000368: 17.4805   (Y': 14.9735   Cb: 19.0591   Cr: 20.2901 )
00000369: 17.2892   (Y': 14.8217   Cb: 18.8092   Cr: 20.0439 )
00000370: 16.9911   (Y': 14.6474   Cb: 18.2945   Cr: 19.6365 )
00000371: 16.9028   (Y': 14.6155   Cb: 18.141    Cr: 19.4618 )
00000372: 16.9138   (Y': 14.6252   Cb: 18.1917   Cr: 19.4233 )
00000373: 16.9307   (Y': 14.6407   Cb: 18.226    Cr: 19.4215 )
00000374: 16.9639   (Y': 14.6585   Cb: 18.2979   Cr: 19.4506 )
00000375: 16.9753   (Y': 14.6567   Cb: 18.2787   Cr: 19.5422 )
00000376: 17.0024   (Y': 14.6614   Cb: 18.2974   Cr: 19.6502 )
00000377: 16.9735   (Y': 14.627    Cb: 18.2806   Cr: 19.6224 )
00000378: 16.9956   (Y': 14.6636   Cb: 18.3027   Cr: 19.5991 )
00000379: 17.0076   (Y': 14.6459   Cb: 18.343    Cr: 19.6665 )
00000380: 17.0078   (Y': 14.6427   Cb: 18.3577   Cr: 19.6577 )
00000381: 17.0478   (Y': 14.6829   Cb: 18.4284   Cr: 19.6559 )
00000382: 17.0666   (Y': 14.7124   Cb: 18.4322   Cr: 19.6609 )
00000383: 17.0452   (Y': 14.6842   Cb: 18.4397   Cr: 19.6228 )
00000384: 17.0247   (Y': 14.6757   Cb: 18.3892   Cr: 19.6044 )
00000385: 17.0363   (Y': 14.7058   Cb: 18.4113   Cr: 19.5452 )
00000387: 17.0602   (Y': 14.7196   Cb: 18.4411   Cr: 19.5922 )
00000386: 17.2819   (Y': 14.8791   Cb: 18.666    Cr: 20.0066 )
00000388: 17.1059   (Y': 14.7822   Cb: 18.5008   Cr: 19.5687 )
00000389: 17.3234   (Y': 14.9444   Cb: 18.6879   Cr: 19.9978 )
00000390: 17.2314   (Y': 14.8928   Cb: 18.5306   Cr: 19.8664 )
00000391: 17.2858   (Y': 14.9521   Cb: 18.5407   Cr: 19.9661 )
00000392: 17.2401   (Y': 14.93     Cb: 18.4148   Cr: 19.9579 )
00000393: 17.2596   (Y': 14.9739   Cb: 18.3652   Cr: 19.9999 )
00000394: 17.3276   (Y': 15.0933   Cb: 18.3551   Cr: 20.0205 )
00000395: 17.301    (Y': 15.1228   Cb: 18.3044   Cr: 19.8582 )
00000396: 17.3505   (Y': 15.2254   Cb: 18.2651   Cr: 19.8791 )
00000397: 17.4002   (Y': 15.2832   Cb: 18.3616   Cr: 19.8382 )
00000398: 17.3302   (Y': 15.2606   Cb: 18.2183   Cr: 19.7377 )
00000399: 17.2489   (Y': 15.2527   Cb: 18.0586   Cr: 19.5654 )
00000400: 17.2201   (Y': 15.1737   Cb: 18.0344   Cr: 19.6685 )
00000401: 17.2331   (Y': 15.1834   Cb: 18.0212   Cr: 19.7295 )
00000403: 17.3156   (Y': 15.2355   Cb: 18.0838   Cr: 19.9301 )
00000402: 17.2413   (Y': 15.1914   Cb: 17.991    Cr: 19.7954 )
00000404: 17.3359   (Y': 15.2893   Cb: 18.0848   Cr: 19.882  )
00000405: 17.3307   (Y': 15.265    Cb: 18.1343   Cr: 19.8497 )
00000406: 17.195    (Y': 15.1137   Cb: 18.0944   Cr: 19.6192 )
00000407: 17.0686   (Y': 15.0028   Cb: 17.9859   Cr: 19.4244 )
00000408: 16.864    (Y': 14.7941   Cb: 17.6508   Cr: 19.4202 )
00000409: 16.8697   (Y': 14.7555   Cb: 17.6813   Cr: 19.5191 )
00000410: 16.8415   (Y': 14.7337   Cb: 17.6295   Cr: 19.5075 )
00000411: 16.8737   (Y': 14.7622   Cb: 17.6824   Cr: 19.5195 )
00000412: 16.8866   (Y': 14.742    Cb: 17.7468   Cr: 19.5538 )
00000413: 16.8713   (Y': 14.6987   Cb: 17.7312   Cr: 19.6247 )
00000414: 16.8893   (Y': 14.7226   Cb: 17.7416   Cr: 19.6361 )
00000415: 16.949    (Y': 14.7358   Cb: 17.8352   Cr: 19.7897 )
00000416: 16.95     (Y': 14.7255   Cb: 17.9058   Cr: 19.7191 )
00000417: 16.9843   (Y': 14.7583   Cb: 17.9011   Cr: 19.8182 )
00000418: 16.9986   (Y': 14.7944   Cb: 17.9143   Cr: 19.7647 )
00000419: 16.9884   (Y': 14.7853   Cb: 17.9311   Cr: 19.7099 )
00000420: 16.9402   (Y': 14.8273   Cb: 17.7703   Cr: 19.5575 )
00000421: 16.8741   (Y': 14.7533   Cb: 17.6927   Cr: 19.5326 )
00000422: 16.9187   (Y': 14.8105   Cb: 17.7448   Cr: 19.5281 )
00000423: 16.935    (Y': 14.8346   Cb: 17.8142   Cr: 19.4429 )
00000424: 17.0239   (Y': 15.0071   Cb: 17.8487   Cr: 19.3752 )
00000425: 17.0569   (Y': 15.0389   Cb: 17.9308   Cr: 19.3423 )
00000426: 17.2732   (Y': 15.3092   Cb: 18.1296   Cr: 19.4401 )
00000427: 17.3384   (Y': 15.481    Cb: 18.1549   Cr: 19.2925 )
00000428: 17.5227   (Y': 15.7985   Cb: 18.273    Cr: 19.2537 )
00000429: 17.4347   (Y': 15.7123   Cb: 18.1877   Cr: 19.158  )
00000430: 17.1689   (Y': 15.2575   Cb: 17.879    Cr: 19.4024 )
00000431: 16.8973   (Y': 15.0717   Cb: 17.4485   Cr: 19.1397 )
00000432: 16.7927   (Y': 14.9916   Cb: 17.2751   Cr: 19.0756 )
00000433: 16.6759   (Y': 14.9006   Cb: 17.0889   Cr: 18.999  )
00000434: 16.5811   (Y': 14.8286   Cb: 16.9556   Cr: 18.9055 )
00000435: 16.5159   (Y': 14.746    Cb: 16.879    Cr: 18.9035 )
00000436: 16.5454   (Y': 14.7652   Cb: 16.9029   Cr: 18.9689 )
00000437: 16.5373   (Y': 14.7628   Cb: 16.8819   Cr: 18.9664 )
00000438: 16.5218   (Y': 14.8203   Cb: 16.8149   Cr: 18.8456 )
00000439: 16.5151   (Y': 14.7834   Cb: 16.8529   Cr: 18.8444 )
00000440: 16.4649   (Y': 14.7855   Cb: 16.7738   Cr: 18.7087 )
00000441: 16.4683   (Y': 14.7931   Cb: 16.7652   Cr: 18.7202 )
00000442: 16.3779   (Y': 14.7166   Cb: 16.6698   Cr: 18.6037 )
00000443: 16.4197   (Y': 14.7014   Cb: 16.8029   Cr: 18.6446 )
00000444: 16.3801   (Y': 14.6567   Cb: 16.8246   Cr: 18.5256 )
00000445: 16.3481   (Y': 14.5841   Cb: 16.8487   Cr: 18.5107 )
00000446: 16.3798   (Y': 14.5491   Cb: 16.9571   Cr: 18.597  )
00000447: 16.4473   (Y': 14.6154   Cb: 17.0442   Cr: 18.6391 )
00000448: 16.4778   (Y': 14.6017   Cb: 17.149    Cr: 18.6753 )
00000449: 16.4649   (Y': 14.6339   Cb: 17.0901   Cr: 18.6137 )
00000450: 16.4349   (Y': 14.5815   Cb: 17.132    Cr: 18.5391 )
00000451: 16.4463   (Y': 14.5668   Cb: 17.1758   Cr: 18.5709 )
00000452: 16.4334   (Y': 14.534    Cb: 17.1679   Cr: 18.6018 )
00000453: 16.4124   (Y': 14.5715   Cb: 17.0205   Cr: 18.611  )
00000454: 16.3905   (Y': 14.4921   Cb: 17.0863   Cr: 18.6103 )
00000455: 16.3303   (Y': 14.4753   Cb: 16.9629   Cr: 18.5293 )
00000456: 16.3862   (Y': 14.584    Cb: 16.9932   Cr: 18.4896 )
00000457: 16.3364   (Y': 14.5468   Cb: 16.9377   Cr: 18.4172 )
00000458: 16.3417   (Y': 14.5992   Cb: 16.8835   Cr: 18.3926 )
00000459: 16.318    (Y': 14.6443   Cb: 16.7941   Cr: 18.2995 )
00000460: 16.4107   (Y': 14.6844   Cb: 16.9863   Cr: 18.3759 )
00000461: 16.3614   (Y': 14.6672   Cb: 16.8742   Cr: 18.3388 )
00000462: 16.5489   (Y': 14.7556   Cb: 17.1779   Cr: 18.5997 )
00000463: 16.5402   (Y': 14.7723   Cb: 17.1326   Cr: 18.5804 )
00000464: 16.5612   (Y': 14.8021   Cb: 17.1954   Cr: 18.5232 )
00000465: 16.5023   (Y': 14.7886   Cb: 17.0931   Cr: 18.4171 )
00000466: 16.6209   (Y': 14.9388   Cb: 17.1445   Cr: 18.5555 )
00000467: 16.7552   (Y': 15.106    Cb: 17.2646   Cr: 18.634  )
00000468: 16.6459   (Y': 15.1444   Cb: 17.0494   Cr: 18.3481 )
00000469: 16.5725   (Y': 15.0943   Cb: 16.9784   Cr: 18.2233 )
00000470: 16.5198   (Y': 15.1266   Cb: 16.8555   Cr: 18.0928 )
00000471: 16.6422   (Y': 15.3388   Cb: 16.979    Cr: 18.0412 )
00000472: 16.514    (Y': 15.2503   Cb: 16.8779   Cr: 17.8061 )
00000473: 16.5153   (Y': 15.2957   Cb: 16.7612   Cr: 17.8773 )
00000474: 16.3736   (Y': 15.1304   Cb: 16.6271   Cr: 17.7685 )
00000475: 16.295    (Y': 15.1009   Cb: 16.5018   Cr: 17.6615 )
00000476: 16.3613   (Y': 15.1768   Cb: 16.6408   Cr: 17.6178 )
00000477: 16.26     (Y': 15.1374   Cb: 16.5191   Cr: 17.435  )
00000478: 16.0536   (Y': 15.0143   Cb: 16.2342   Cr: 17.1866 )
00000479: 16.1522   (Y': 15.1083   Cb: 16.3792   Cr: 17.2356 )
00000480: 15.9566   (Y': 14.9691   Cb: 16.14     Cr: 17.002  )
00000481: 15.9498   (Y': 14.929    Cb: 16.1617   Cr: 17.0141 )
00000482: 15.9266   (Y': 14.8791   Cb: 16.1396   Cr: 17.0329 )
00000483: 15.8721   (Y': 14.7771   Cb: 16.0677   Cr: 17.0797 )
00000484: 15.8378   (Y': 14.6436   Cb: 16.1118   Cr: 17.1185 )
00000485: 15.8651   (Y': 14.6831   Cb: 16.1477   Cr: 17.1134 )
00000486: 15.8785   (Y': 14.6836   Cb: 16.1853   Cr: 17.1193 )
00000487: 15.904    (Y': 14.6773   Cb: 16.2248   Cr: 17.1833 )
00000488: 15.7934   (Y': 14.5724   Cb: 16.0692   Cr: 17.1193 )
00000489: 15.8656   (Y': 14.662    Cb: 16.1419   Cr: 17.16   )
00000490: 15.8696   (Y': 14.6331   Cb: 16.2256   Cr: 17.1229 )
00000491: 15.8708   (Y': 14.5772   Cb: 16.3041   Cr: 17.132  )
00000492: 15.8317   (Y': 14.5242   Cb: 16.2992   Cr: 17.0766 )
00000493: 15.7466   (Y': 14.4323   Cb: 16.2177   Cr: 16.9998 )
00000494: 15.6368   (Y': 14.4251   Cb: 16.0168   Cr: 16.8173 )
00000495: 15.6522   (Y': 14.4993   Cb: 16.0019   Cr: 16.7685 )
00000496: 15.6828   (Y': 14.7155   Cb: 15.803    Cr: 16.774  )
00000497: 15.7804   (Y': 14.8281   Cb: 15.8698   Cr: 16.8863 )
00000498: 15.8432   (Y': 14.8192   Cb: 15.9311   Cr: 17.0689 )
00000499: 15.8821   (Y': 14.7422   Cb: 16.0431   Cr: 17.212  )
00000500: 16.0244   (Y': 14.6793   Cb: 16.3667   Cr: 17.4949 )
00000501: 15.9727   (Y': 14.6095   Cb: 16.3304   Cr: 17.4581 )
00000502: 16.0329   (Y': 14.5563   Cb: 16.5159   Cr: 17.5797 )
00000503: 16.0356   (Y': 14.5112   Cb: 16.5865   Cr: 17.5932 )
00000504: 16.1343   (Y': 14.5965   Cb: 16.661    Cr: 17.75   )
00000505: 16.2242   (Y': 14.6131   Cb: 16.8509   Cr: 17.8658 )
00000506: 16.2228   (Y': 14.4578   Cb: 16.9683   Cr: 18.0518 )
00000507: 16.2296   (Y': 14.4094   Cb: 17.0077   Cr: 18.1447 )
00000508: 16.3121   (Y': 14.5409   Cb: 17.0348   Cr: 18.1848 )
00000509: 16.3316   (Y': 14.6071   Cb: 17.033    Cr: 18.1252 )
00000510: 16.347    (Y': 14.8061   Cb: 16.8938   Cr: 17.9433 )
00000511: 16.3665   (Y': 14.9024   Cb: 16.8544   Cr: 17.8821 )
00000512: 16.4348   (Y': 15.0839   Cb: 16.6889   Cr: 18.034  )
00000513: 16.644    (Y': 15.2804   Cb: 16.9496   Cr: 18.1988 )
00000514: 16.4673   (Y': 15.3711   Cb: 16.5208   Cr: 17.863  )
00000515: 16.4555   (Y': 15.3868   Cb: 16.4852   Cr: 17.8353 )
00000516: 17.2678   (Y': 16.0192   Cb: 17.5678   Cr: 18.613  )
00000517: 17.7572   (Y': 16.3356   Cb: 18.1921   Cr: 19.2567 )
00000518: 17.7103   (Y': 16.3376   Cb: 18.1429   Cr: 19.1187 )
00000519: 17.6153   (Y': 16.3011   Cb: 17.9939   Cr: 18.9814 )
00000520: 17.4074   (Y': 16.3319   Cb: 17.6335   Cr: 18.544  )
00000521: 17.3856   (Y': 16.281    Cb: 17.5741   Cr: 18.6185 )
00000522: 17.2225   (Y': 15.9384   Cb: 17.5678   Cr: 18.575  )
00000523: 17.2791   (Y': 15.9967   Cb: 17.6698   Cr: 18.5718 )
00000524: 17.2961   (Y': 15.7848   Cb: 17.8071   Cr: 18.8775 )
00000525: 17.6594   (Y': 15.9965   Cb: 18.2997   Cr: 19.3951 )
00000526: 17.8456   (Y': 16.1556   Cb: 18.5121   Cr: 19.6071 )
00000527: 17.9166   (Y': 16.1528   Cb: 18.6677   Cr: 19.7358 )
00000528: 17.7923   (Y': 15.978    Cb: 18.5746   Cr: 19.688  )
00000529: 17.833    (Y': 16.0247   Cb: 18.6619   Cr: 19.6553 )
00000530: 18.0278   (Y': 16.154    Cb: 18.9268   Cr: 19.9156 )
00000531: 17.9886   (Y': 16.1776   Cb: 18.8619   Cr: 19.7621 )
00000532: 17.9454   (Y': 16.1217   Cb: 18.8624   Cr: 19.6943 )
00000533: 18.0473   (Y': 16.1693   Cb: 19.0262   Cr: 19.8467 )
00000534: 18.3125   (Y': 16.4647   Cb: 19.3032   Cr: 20.0282 )
00000535: 18.3129   (Y': 16.4502   Cb: 19.3401   Cr: 20.0194 )
00000536: 18.3335   (Y': 16.436    Cb: 19.4507   Cr: 20.0154 )
00000537: 18.3998   (Y': 16.4872   Cb: 19.627    Cr: 19.9936 )
00000538: 18.5094   (Y': 16.5472   Cb: 19.7953   Cr: 20.1517 )
00000539: 18.5127   (Y': 16.5526   Cb: 19.8349   Cr: 20.1111 )
00000540: 18.6097   (Y': 16.6927   Cb: 19.9029   Cr: 20.1424 )
00000541: 18.6304   (Y': 16.6592   Cb: 20.0001   Cr: 20.2037 )
00000542: 18.8009   (Y': 16.8398   Cb: 20.176    Cr: 20.3459 )
00000543: 18.8303   (Y': 16.7863   Cb: 20.2912   Cr: 20.4759 )
00000544: 18.9372   (Y': 16.9081   Cb: 20.3934   Cr: 20.553  )
00000545: 19.081    (Y': 17.0286   Cb: 20.5293   Cr: 20.7593 )
00000546: 19.0412   (Y': 17.0118   Cb: 20.4694   Cr: 20.6868 )
00000547: 19.081    (Y': 17.023    Cb: 20.4892   Cr: 20.8155 )
00000548: 19.0712   (Y': 16.9851   Cb: 20.5481   Cr: 20.7995 )
00000549: 18.9277   (Y': 16.805    Cb: 20.4345   Cr: 20.7136 )
00000550: 18.8718   (Y': 16.708    Cb: 20.4106   Cr: 20.7258 )
00000551: 18.8071   (Y': 16.6221   Cb: 20.3789   Cr: 20.6793 )
00000552: 18.6531   (Y': 16.4604   Cb: 20.3399   Cr: 20.4242 )
00000553: 18.5732   (Y': 16.4212   Cb: 20.3208   Cr: 20.1851 )
00000554: 18.4413   (Y': 16.262    Cb: 20.1346   Cr: 20.1728 )
00000555: 18.3697   (Y': 16.1544   Cb: 20.1128   Cr: 20.1404 )
00000556: 18.3473   (Y': 16.0668   Cb: 20.213    Cr: 20.161  )
00000557: 18.3382   (Y': 16.0188   Cb: 20.2258   Cr: 20.2315 )
00000558: 18.2977   (Y': 15.9221   Cb: 20.2259   Cr: 20.3008 )
00000559: 18.3017   (Y': 15.8514   Cb: 20.3086   Cr: 20.434  )
00000560: 18.1755   (Y': 15.6951   Cb: 20.1512   Cr: 20.4287 )
00000561: 18.1592   (Y': 15.673    Cb: 20.1595   Cr: 20.4033 )
00000562: 18.004    (Y': 15.548    Cb: 19.915    Cr: 20.2546 )
00000563: 17.9381   (Y': 15.5347   Cb: 19.7797   Cr: 20.1101 )
00000564: 17.7094   (Y': 15.3185   Cb: 19.4172   Cr: 19.9939 )
00000565: 17.5038   (Y': 15.1528   Cb: 19.1701   Cr: 19.7196 )
00000566: 17.2511   (Y': 14.9758   Cb: 18.7979   Cr: 19.3905 )
00000567: 17.0571   (Y': 14.8296   Cb: 18.5402   Cr: 19.139  )
00000568: 16.6935   (Y': 14.6519   Cb: 17.9547   Cr: 18.552  )
00000570: 16.1815   (Y': 14.3372   Cb: 17.1879   Cr: 17.8706 )
00000569: 16.6107   (Y': 14.6191   Cb: 17.7827   Cr: 18.4504 )
00000571: 16.0351   (Y': 14.2443   Cb: 16.9758   Cr: 17.6821 )
00000572: 15.8621   (Y': 14.2288   Cb: 16.6806   Cr: 17.3177 )
00000573: 15.7949   (Y': 14.2444   Cb: 16.5414   Cr: 17.1686 )
00000574: 15.5994   (Y': 14.2664   Cb: 16.2045   Cr: 16.7301 )
00000575: 15.514    (Y': 14.2984   Cb: 16.0388   Cr: 16.533  )
00000576: 16.2829   (Y': 14.8085   Cb: 17.1855   Cr: 17.343  )
00000577: 15.3841   (Y': 14.3738   Cb: 15.7381   Cr: 16.2652 )
00000578: 15.3074   (Y': 14.5614   Cb: 15.4437   Cr: 16.0466 )
00000579: 14.9935   (Y': 14.2577   Cb: 15.0844   Cr: 15.7709 )
00000580: 15.9672   (Y': 15.0482   Cb: 16.3495   Cr: 16.6802 )
00000581: 15.8366   (Y': 14.976    Cb: 16.1926   Cr: 16.4938 )
00000582: 15.0976   (Y': 14.5163   Cb: 15.1418   Cr: 15.7176 )
00000583: 14.8047   (Y': 14.2725   Cb: 14.7466   Cr: 15.4793 )
00000585: 15.2285   (Y': 14.6575   Cb: 15.2967   Cr: 15.808  )
00000586: 14.8765   (Y': 14.3417   Cb: 14.8261   Cr: 15.5452 )
00000584: 15.1166   (Y': 14.5569   Cb: 15.1534   Cr: 15.717  )
00000587: 14.7969   (Y': 14.2901   Cb: 14.7329   Cr: 15.4449 )
00000588: 14.7801   (Y': 14.2655   Cb: 14.7056   Cr: 15.4506 )
Total: 16.4835   (Y': 14.8116   Cb: 17.1283   Cr: 18.2331 )
