00000002: 9.06931   (Y': 6.90862   Cb: 9.96109   Cr: 11.7373 )
00000000: 9.09214   (Y': 6.94254   Cb: 9.98223   Cr: 11.7291 )
00000003: 9.06986   (Y': 6.92279   Cb: 9.95415   Cr: 11.708  )
00000001: 9.08958   (Y': 6.94346   Cb: 9.9805    Cr: 11.7149 )
00000004: 9.05823   (Y': 6.90503   Cb: 9.95463   Cr: 11.6967 )
00000005: 9.0282    (Y': 6.89815   Cb: 9.92546   Cr: 11.5963 )
00000006: 9.0064    (Y': 6.88458   Cb: 9.91183   Cr: 11.5385 )
00000007: 9.01235   (Y': 6.91138   Cb: 9.89031   Cr: 11.5238 )
00000008: 8.99771   (Y': 6.89524   Cb: 9.88642   Cr: 11.4979 )
00000009: 8.97475   (Y': 6.89345   Cb: 9.83917   Cr: 11.4493 )
00000012: 8.97018   (Y': 6.87844   Cb: 9.84712   Cr: 11.4566 )
00000010: 8.95657   (Y': 6.86682   Cb: 9.84555   Cr: 11.4199 )
00000011: 8.96002   (Y': 6.87658   Cb: 9.83094   Cr: 11.4313 )
00000013: 8.97674   (Y': 6.89162   Cb: 9.84867   Cr: 11.4513 )
00000014: 8.96111   (Y': 6.87236   Cb: 9.8339    Cr: 11.4449 )
00000015: 8.96411   (Y': 6.84284   Cb: 9.85745   Cr: 11.5122 )
00000017: 9.00559   (Y': 6.87176   Cb: 9.90501   Cr: 11.5817 )
00000016: 8.9774    (Y': 6.85856   Cb: 9.86387   Cr: 11.5285 )
00000018: 9.01024   (Y': 6.86091   Cb: 9.90975   Cr: 11.6324 )
00000020: 9.04195   (Y': 6.87536   Cb: 9.95405   Cr: 11.6975 )
00000019: 9.0312    (Y': 6.86591   Cb: 9.94856   Cr: 11.6749 )
00000022: 9.03602   (Y': 6.87356   Cb: 9.94373   Cr: 11.6855 )
00000021: 9.04588   (Y': 6.88039   Cb: 9.96347   Cr: 11.6899 )
00000023: 9.0294    (Y': 6.86856   Cb: 9.9237    Cr: 11.6941 )
00000024: 9.03226   (Y': 6.86481   Cb: 9.92849   Cr: 11.7142 )
00000025: 9.22814   (Y': 7.11118   Cb: 10.0853   Cr: 11.817  )
00000026: 9.29962   (Y': 7.19508   Cb: 10.1526   Cr: 11.8582 )
00000027: 9.36488   (Y': 7.27445   Cb: 10.2048   Cr: 11.9015 )
00000029: 9.39385   (Y': 7.29429   Cb: 10.2465   Cr: 11.9383 )
00000028: 9.39419   (Y': 7.30441   Cb: 10.246    Cr: 11.9115 )
00000030: 9.40925   (Y': 7.32618   Cb: 10.256    Cr: 11.9146 )
00000031: 9.16123   (Y': 6.95434   Cb: 10.0108   Cr: 12.0393 )
00000032: 24.77     (Y': 20.6457   Cb: 32.5828   Cr: 30.7962 )
00000033: 15.9228   (Y': 11.7024   Cb: 23.2101   Cr: 23.6034 )
00000034: 15.0997   (Y': 11.0191   Cb: 21.441    Cr: 21.9013 )
00000035: 14.0109   (Y': 10.1082   Cb: 19.325    Cr: 20.0384 )
00000036: 13.657    (Y': 9.82711   Cb: 18.5791   Cr: 19.4636 )
00000037: 13.1711   (Y': 9.5151    Cb: 17.466    Cr: 18.2932 )
00000038: 12.9981   (Y': 9.36854   Cb: 17.1464   Cr: 18.1025 )
00000039: 12.7069   (Y': 9.24952   Cb: 16.2608   Cr: 17.3669 )
00000040: 12.5783   (Y': 9.19594   Cb: 15.9157   Cr: 17.0472 )
00000041: 12.3767   (Y': 9.18897   Cb: 15.1407   Cr: 16.4945 )
00000042: 12.4381   (Y': 9.27199   Cb: 15.1019   Cr: 16.5791 )
00000043: 12.4128   (Y': 9.26302   Cb: 15.095    Cr: 16.4418 )
00000044: 12.4067   (Y': 9.2253    Cb: 15.1238   Cr: 16.5554 )
00000045: 12.4126   (Y': 9.22878   Cb: 15.1251   Cr: 16.5809 )
00000046: 12.4087   (Y': 9.22822   Cb: 15.1129   Cr: 16.5705 )
00000047: 12.3907   (Y': 9.20746   Cb: 15.1066   Cr: 16.5513 )
00000048: 12.3792   (Y': 9.14446   Cb: 15.1774   Cr: 16.7105 )
00000049: 12.3252   (Y': 9.09049   Cb: 15.1423   Cr: 16.6291 )
00000050: 12.2552   (Y': 9.02259   Cb: 15.0798   Cr: 16.5366 )
00000051: 12.2172   (Y': 9.00538   Cb: 15.0565   Cr: 16.3635 )
00000052: 12.1852   (Y': 8.96867   Cb: 15.0596   Cr: 16.3099 )
00000054: 12.0817   (Y': 8.87913   Cb: 14.9939   Cr: 16.0823 )
00000053: 12.09     (Y': 8.89118   Cb: 14.992    Cr: 16.0837 )
00000055: 12.0396   (Y': 8.83322   Cb: 14.9197   Cr: 16.1022 )
00000056: 11.9973   (Y': 8.79476   Cb: 14.8665   Cr: 16.0534 )
00000057: 11.9832   (Y': 8.76114   Cb: 14.8962   Cr: 16.0868 )
00000059: 12.3558   (Y': 9.33529   Cb: 14.8482   Cr: 16.0015 )
00000058: 12.266    (Y': 9.2227    Cb: 14.8006   Cr: 15.9634 )
00000060: 12.1013   (Y': 8.91206   Cb: 14.9757   Cr: 16.081  )
00000061: 12.5888   (Y': 9.55957   Cb: 15.0997   Cr: 16.2508 )
00000062: 12.6669   (Y': 9.62779   Cb: 15.2056   Cr: 16.3387 )
00000063: 12.8008   (Y': 9.70174   Cb: 15.4018   Cr: 16.6807 )
00000064: 12.7983   (Y': 9.70054   Cb: 15.35     Cr: 16.7382 )
00000065: 12.8334   (Y': 9.72921   Cb: 15.4386   Cr: 16.7331 )
00000066: 12.9315   (Y': 9.80322   Cb: 15.5943   Cr: 16.8755 )
00000067: 13.0439   (Y': 9.85288   Cb: 15.8886   Cr: 17.0717 )
00000068: 13.083    (Y': 9.85853   Cb: 15.9962   Cr: 17.1989 )
00000069: 13.1568   (Y': 9.95452   Cb: 16.0365   Cr: 17.1983 )
00000070: 13.2687   (Y': 10.0451   Cb: 16.2007   Cr: 17.3558 )
00000071: 13.4096   (Y': 10.1595   Cb: 16.5191   Cr: 17.4139 )
00000072: 13.4254   (Y': 10.2234   Cb: 16.4659   Cr: 17.2639 )
00000073: 13.4359   (Y': 10.2187   Cb: 16.4021   Cr: 17.4444 )
00000074: 13.4393   (Y': 10.2412   Cb: 16.41     Cr: 17.343  )
00000075: 13.4247   (Y': 10.2917   Cb: 16.2195   Cr: 17.221  )
00000076: 13.4414   (Y': 10.3449   Cb: 16.0892   Cr: 17.246  )
00000077: 13.4725   (Y': 10.3758   Cb: 16.1121   Cr: 17.2892 )
00000078: 13.4352   (Y': 10.359    Cb: 16.0086   Cr: 17.2389 )
00000079: 13.3488   (Y': 10.3086   Cb: 15.8341   Cr: 17.0964 )
00000080: 13.3152   (Y': 10.2831   Cb: 15.7966   Cr: 17.0295 )
00000081: 13.2978   (Y': 10.2403   Cb: 15.8012   Cr: 17.1041 )
00000082: 13.2096   (Y': 10.1438   Cb: 15.74     Cr: 17.0205 )
00000083: 13.0471   (Y': 9.97932   Cb: 15.514    Cr: 16.9542 )
00000084: 12.9718   (Y': 9.94684   Cb: 15.3577   Cr: 16.7815 )
00000085: 12.8226   (Y': 9.79493   Cb: 15.1061   Cr: 16.7927 )
00000086: 12.8219   (Y': 9.79587   Cb: 15.085    Cr: 16.8133 )
00000087: 12.7135   (Y': 9.67043   Cb: 14.949    Cr: 16.8341 )
00000088: 12.6425   (Y': 9.60113   Cb: 14.9226   Cr: 16.6865 )
00000089: 12.4974   (Y': 9.46837   Cb: 14.6245   Cr: 16.7154 )
00000090: 12.458    (Y': 9.4231    Cb: 14.6229   Cr: 16.647  )
00000091: 12.3174   (Y': 9.32978   Cb: 14.3016   Cr: 16.5519 )
00000092: 12.2667   (Y': 9.25043   Cb: 14.3177   Cr: 16.5418 )
00000093: 12.2036   (Y': 9.23838   Cb: 14.1788   Cr: 16.3365 )
00000094: 12.2786   (Y': 9.32355   Cb: 14.1953   Cr: 16.4566 )
00000095: 12.2641   (Y': 9.32059   Cb: 14.2388   Cr: 16.2886 )
00000096: 12.3392   (Y': 9.40805   Cb: 14.248    Cr: 16.409  )
00000097: 12.3452   (Y': 9.39082   Cb: 14.3315   Cr: 16.4055 )
00000098: 12.3695   (Y': 9.41015   Cb: 14.3542   Cr: 16.4577 )
00000099: 12.2949   (Y': 9.34708   Cb: 14.2142   Cr: 16.4316 )
00000100: 12.2833   (Y': 9.32207   Cb: 14.2358   Cr: 16.4339 )
00000101: 12.2775   (Y': 9.347     Cb: 14.2209   Cr: 16.2879 )
00000102: 12.3019   (Y': 9.35752   Cb: 14.2152   Cr: 16.4307 )
00000103: 12.3316   (Y': 9.39794   Cb: 14.2822   Cr: 16.3461 )
00000104: 12.3874   (Y': 9.42459   Cb: 14.4831   Cr: 16.3177 )
00000105: 12.4111   (Y': 9.44884   Cb: 14.5257   Cr: 16.3104 )
00000106: 12.4527   (Y': 9.46763   Cb: 14.617    Cr: 16.388  )
00000107: 12.4035   (Y': 9.43216   Cb: 14.5746   Cr: 16.2618 )
00000108: 12.3763   (Y': 9.40337   Cb: 14.592    Cr: 16.1773 )
00000109: 12.183    (Y': 9.27516   Cb: 14.2692   Cr: 15.8677 )
00000110: 12.0882   (Y': 9.20039   Cb: 14.1193   Cr: 15.7622 )
00000111: 11.9709   (Y': 9.11668   Cb: 13.9207   Cr: 15.613  )
00000112: 11.8609   (Y': 9.00687   Cb: 13.7883   Cr: 15.5354 )
00000113: 11.7734   (Y': 8.95052   Cb: 13.6189   Cr: 15.4322 )
00000114: 11.7031   (Y': 8.914     Cb: 13.5049   Cr: 15.2792 )
00000115: 11.6394   (Y': 8.88258   Cb: 13.3307   Cr: 15.245  )
00000116: 11.6411   (Y': 8.921     Cb: 13.3117   Cr: 15.1223 )
00000117: 11.5982   (Y': 8.88254   Cb: 13.2719   Cr: 15.0565 )
00000118: 11.5869   (Y': 8.88984   Cb: 13.1932   Cr: 15.0711 )
00000119: 11.5704   (Y': 8.84028   Cb: 13.2285   Cr: 15.1129 )
00000120: 11.6023   (Y': 8.89959   Cb: 13.2229   Cr: 15.0872 )
00000121: 11.6481   (Y': 8.92673   Cb: 13.2683   Cr: 15.2128 )
00000122: 11.6206   (Y': 8.88784   Cb: 13.2618   Cr: 15.2007 )
00000123: 11.6729   (Y': 8.97563   Cb: 13.2405   Cr: 15.2181 )
00000124: 11.6591   (Y': 8.93085   Cb: 13.3095   Cr: 15.2054 )
00000125: 11.6709   (Y': 8.97775   Cb: 13.2622   Cr: 15.1615 )
00000126: 11.69     (Y': 9.03736   Cb: 13.2226   Cr: 15.1057 )
00000127: 11.7051   (Y': 9.07693   Cb: 13.2583   Cr: 14.9924 )
00000128: 11.7431   (Y': 9.10954   Cb: 13.2968   Cr: 15.0503 )
00000129: 11.7625   (Y': 9.11645   Cb: 13.3475   Cr: 15.072  )
00000130: 11.686    (Y': 9.01394   Cb: 13.2951   Cr: 15.0633 )
00000131: 11.7947   (Y': 9.1494    Cb: 13.3066   Cr: 15.2126 )
00000132: 11.7826   (Y': 9.09758   Cb: 13.3854   Cr: 15.222  )
00000133: 11.785    (Y': 9.121     Cb: 13.4007   Cr: 15.1201 )
00000134: 11.7276   (Y': 9.06405   Cb: 13.3358   Cr: 15.0723 )
00000135: 11.7102   (Y': 9.09357   Cb: 13.2891   Cr: 14.9147 )
00000136: 11.69     (Y': 9.06412   Cb: 13.2911   Cr: 14.8977 )
00000137: 11.6966   (Y': 9.07635   Cb: 13.2388   Cr: 14.9695 )
00000138: 11.6406   (Y': 9.02012   Cb: 13.1614   Cr: 14.9461 )
00000139: 11.5795   (Y': 8.92956   Cb: 13.089    Cr: 15.0197 )
00000140: 11.5611   (Y': 8.95767   Cb: 13.031    Cr: 14.8771 )
00000141: 11.5479   (Y': 8.92343   Cb: 12.9838   Cr: 15.0007 )
00000142: 11.542    (Y': 8.91373   Cb: 13.0068   Cr: 14.9647 )
00000143: 11.4695   (Y': 8.82409   Cb: 12.9387   Cr: 14.9551 )
00000145: 11.3917   (Y': 8.78495   Cb: 12.8201   Cr: 14.7854 )
00000144: 11.4191   (Y': 8.78519   Cb: 12.9052   Cr: 14.8315 )
00000146: 11.4094   (Y': 8.80073   Cb: 12.8639   Cr: 14.7699 )
00000147: 11.5608   (Y': 8.9156    Cb: 13.0175   Cr: 15.065  )
00000149: 11.6382   (Y': 9.0069    Cb: 13.1103   Cr: 15.0618 )
00000148: 11.6062   (Y': 8.93351   Cb: 13.1308   Cr: 15.1165 )
00000150: 11.7085   (Y': 9.06739   Cb: 13.1857   Cr: 15.1634 )
00000151: 11.6656   (Y': 8.99187   Cb: 13.1567   Cr: 15.2334 )
00000152: 11.6515   (Y': 9.00022   Cb: 13.0938   Cr: 15.2048 )
00000153: 11.6472   (Y': 8.96354   Cb: 13.1616   Cr: 15.2195 )
00000154: 11.6475   (Y': 8.9745    Cb: 13.1437   Cr: 15.2043 )
00000155: 11.669    (Y': 8.98637   Cb: 13.1674   Cr: 15.2629 )
00000156: 11.6992   (Y': 9.01685   Cb: 13.2021   Cr: 15.2846 )
00000157: 11.7106   (Y': 8.99696   Cb: 13.2165   Cr: 15.4259 )
00000158: 11.6342   (Y': 8.91112   Cb: 13.1552   Cr: 15.3661 )
00000159: 11.1869   (Y': 8.39356   Cb: 12.8749   Cr: 14.9593 )
00000160: 11.0628   (Y': 8.24155   Cb: 12.8126   Cr: 14.8632 )
00000161: 11.1146   (Y': 8.3337    Cb: 12.8027   Cr: 14.8312 )
00000163: 11.0535   (Y': 8.33023   Cb: 12.721    Cr: 14.5527 )
00000162: 11.1252   (Y': 8.34593   Cb: 12.8609   Cr: 14.7594 )
00000164: 11.0134   (Y': 8.27206   Cb: 12.6907   Cr: 14.5742 )
00000165: 11.0774   (Y': 8.4085    Cb: 12.6515   Cr: 14.4948 )
00000166: 11.0306   (Y': 8.35319   Cb: 12.6214   Cr: 14.4571 )
00000167: 11.0479   (Y': 8.39667   Cb: 12.5911   Cr: 14.4415 )
00000168: 11.0816   (Y': 8.4563    Cb: 12.629    Cr: 14.3664 )
00000169: 11.0274   (Y': 8.37984   Cb: 12.6056   Cr: 14.3536 )
00000170: 11.0573   (Y': 8.47015   Cb: 12.5267   Cr: 14.3112 )
00000171: 11.0639   (Y': 8.53109   Cb: 12.4398   Cr: 14.2536 )
00000172: 11.1048   (Y': 8.56308   Cb: 12.505    Cr: 14.2913 )
00000173: 11.3789   (Y': 8.95467   Cb: 12.6304   Cr: 14.3646 )
00000174: 11.3981   (Y': 8.97587   Cb: 12.6617   Cr: 14.3589 )
00000175: 11.2254   (Y': 8.74159   Cb: 12.5712   Cr: 14.281  )
00000176: 11.249    (Y': 8.77325   Cb: 12.6212   Cr: 14.2372 )
00000177: 11.3537   (Y': 8.94011   Cb: 12.6162   Cr: 14.2866 )
00000178: 11.3229   (Y': 8.84979   Cb: 12.707    Cr: 14.2847 )
00000179: 11.3777   (Y': 8.92761   Cb: 12.7509   Cr: 14.2757 )
00000180: 11.399    (Y': 8.96743   Cb: 12.7472   Cr: 14.2691 )
00000181: 11.3671   (Y': 8.94398   Cb: 12.7259   Cr: 14.1937 )
00000182: 11.2507   (Y': 8.77235   Cb: 12.7061   Cr: 14.1299 )
00000183: 11.3257   (Y': 8.93133   Cb: 12.6272   Cr: 14.1372 )
00000184: 11.153    (Y': 8.76198   Cb: 12.4398   Cr: 13.9743 )
00000185: 10.7578   (Y': 8.25765   Cb: 12.1404   Cr: 13.8177 )
00000186: 10.6996   (Y': 8.22237   Cb: 12.0497   Cr: 13.7252 )
00000187: 10.6952   (Y': 8.25836   Cb: 11.9617   Cr: 13.7023 )
00000188: 10.6108   (Y': 8.17433   Cb: 11.8629   Cr: 13.6385 )
00000189: 10.6818   (Y': 8.20443   Cb: 12.1002   Cr: 13.6095 )
00000190: 10.7758   (Y': 8.29324   Cb: 12.2266   Cr: 13.676  )
00000191: 10.8208   (Y': 8.35504   Cb: 12.3415   Cr: 13.5689 )
00000192: 10.8344   (Y': 8.35039   Cb: 12.4219   Cr: 13.5553 )
00000193: 10.9242   (Y': 8.39244   Cb: 12.7368   Cr: 13.5214 )
00000194: 10.9358   (Y': 8.4143    Cb: 12.7534   Cr: 13.4939 )
00000195: 10.9193   (Y': 8.42059   Cb: 12.751    Cr: 13.3886 )
00000196: 11.07     (Y': 8.62416   Cb: 12.8964   Cr: 13.3833 )
00000197: 11.3347   (Y': 8.97004   Cb: 13.0246   Cr: 13.5634 )
00000198: 11.306    (Y': 8.96291   Cb: 12.9641   Cr: 13.5089 )
00000199: 11.0879   (Y': 8.72507   Cb: 12.7225   Cr: 13.3743 )
00000200: 11.0564   (Y': 8.66929   Cb: 12.6766   Cr: 13.4319 )
00000201: 11.2456   (Y': 8.85083   Cb: 12.9463   Cr: 13.5496 )
00000202: 11.3137   (Y': 8.95377   Cb: 12.8753   Cr: 13.678  )
00000204: 11.2589   (Y': 8.82814   Cb: 12.8527   Cr: 13.8003 )
00000203: 11.4105   (Y': 9.05189   Cb: 12.907    Cr: 13.8506 )
00000205: 11.1911   (Y': 8.74998   Cb: 12.7063   Cr: 13.8654 )
00000206: 11.2839   (Y': 8.82909   Cb: 12.8024   Cr: 13.9988 )
00000207: 11.3884   (Y': 8.96398   Cb: 12.8978   Cr: 14.0166 )
00000208: 11.3356   (Y': 8.81892   Cb: 12.9401   Cr: 14.1444 )
00000209: 11.3155   (Y': 8.76887   Cb: 12.9526   Cr: 14.184  )
00000210: 11.4393   (Y': 8.92849   Cb: 13.0269   Cr: 14.2504 )
00000211: 11.4367   (Y': 8.83958   Cb: 13.1848   Cr: 14.3364 )
00000212: 11.6971   (Y': 9.1413    Cb: 13.3675   Cr: 14.5538 )
00000213: 11.6665   (Y': 9.14036   Cb: 13.3648   Cr: 14.3857 )
00000214: 11.5569   (Y': 9.00892   Cb: 13.2725   Cr: 14.328  )
00000215: 11.6083   (Y': 9.078     Cb: 13.3044   Cr: 14.3445 )
00000216: 11.5172   (Y': 9.04318   Cb: 13.1129   Cr: 14.1945 )
00000217: 11.5583   (Y': 9.00119   Cb: 13.3209   Cr: 14.3012 )
00000218: 11.4932   (Y': 8.92421   Cb: 13.2257   Cr: 14.3148 )
00000219: 11.5102   (Y': 8.90216   Cb: 13.2632   Cr: 14.4425 )
00000220: 11.5429   (Y': 8.95504   Cb: 13.2021   Cr: 14.5279 )
00000221: 11.6079   (Y': 9.05817   Cb: 13.2378   Cr: 14.4967 )
00000222: 11.6673   (Y': 9.08316   Cb: 13.3295   Cr: 14.635  )
00000223: 11.6437   (Y': 9.10736   Cb: 13.1438   Cr: 14.6642 )
00000224: 11.4794   (Y': 8.98865   Cb: 12.8681   Cr: 14.4969 )
00000225: 11.318    (Y': 8.86115   Cb: 12.636    Cr: 14.3193 )
00000226: 11.3234   (Y': 8.87625   Cb: 12.5483   Cr: 14.4304 )
00000227: 11.2976   (Y': 8.8981    Cb: 12.4517   Cr: 14.3449 )
00000228: 11.2093   (Y': 8.95634   Cb: 12.0852   Cr: 14.1964 )
00000229: 11.0436   (Y': 8.68403   Cb: 12.0639   Cr: 14.1622 )
00000230: 11.1898   (Y': 8.9063    Cb: 12.0462   Cr: 14.3129 )
00000231: 11.352    (Y': 9.12829   Cb: 12.1666   Cr: 14.3421 )
00000232: 11.7462   (Y': 9.59601   Cb: 12.4965   Cr: 14.6032 )
00000233: 11.9931   (Y': 9.85546   Cb: 12.703    Cr: 14.8764 )
00000234: 12.2062   (Y': 10.0253   Cb: 12.8263   Cr: 15.3867 )
00000235: 12.1365   (Y': 9.98158   Cb: 12.8069   Cr: 15.1418 )
00000236: 12.0704   (Y': 9.94787   Cb: 12.6281   Cr: 15.1658 )
00000237: 12.0178   (Y': 9.8118    Cb: 12.6861   Cr: 15.1985 )
00000238: 11.9821   (Y': 9.77277   Cb: 12.6323   Cr: 15.2072 )
00000239: 11.8933   (Y': 9.716     Cb: 12.5      Cr: 15.0861 )
00000240: 11.8133   (Y': 9.5166    Cb: 12.5515   Cr: 15.1915 )
00000241: 11.7435   (Y': 9.45482   Cb: 12.4449   Cr: 15.1604 )
00000242: 11.839    (Y': 9.62109   Cb: 12.4467   Cr: 15.1729 )
00000243: 11.8336   (Y': 9.61126   Cb: 12.4864   Cr: 15.0995 )
00000244: 11.6457   (Y': 9.21749   Cb: 12.5222   Cr: 15.2743 )
00000245: 11.7467   (Y': 9.22662   Cb: 12.7265   Cr: 15.5614 )
00000246: 11.659    (Y': 9.18068   Cb: 12.563    Cr: 15.4422 )
00000247: 11.5297   (Y': 8.97149   Cb: 12.5366   Cr: 15.4592 )
00000248: 11.7643   (Y': 9.27309   Cb: 12.7608   Cr: 15.4263 )
00000249: 11.8504   (Y': 9.36713   Cb: 12.8336   Cr: 15.5045 )
00000250: 11.8979   (Y': 9.37542   Cb: 12.9653   Cr: 15.5592 )
00000251: 12.0241   (Y': 9.48312   Cb: 13.169    Cr: 15.6231 )
00000252: 12.1672   (Y': 9.59584   Cb: 13.3664   Cr: 15.7967 )
00000253: 12.1795   (Y': 9.56081   Cb: 13.4398   Cr: 15.9021 )
00000254: 12.1155   (Y': 9.46501   Cb: 13.4101   Cr: 15.9165 )
00000255: 12.0539   (Y': 9.39795   Cb: 13.3563   Cr: 15.8649 )
00000256: 12.2347   (Y': 9.63233   Cb: 13.4765   Cr: 15.9206 )
00000257: 12.2247   (Y': 9.56109   Cb: 13.5837   Cr: 15.9701 )
00000258: 12.0729   (Y': 9.38706   Cb: 13.4535   Cr: 15.879  )
00000259: 12.0312   (Y': 9.34588   Cb: 13.4677   Cr: 15.7392 )
00000260: 12.2643   (Y': 9.53014   Cb: 13.7371   Cr: 16.1283 )
00000261: 12.1166   (Y': 9.37629   Cb: 13.5948   Cr: 15.999  )
00000262: 12.1949   (Y': 9.41291   Cb: 13.8252   Cr: 16.0105 )
00000263: 12.0663   (Y': 9.23489   Cb: 13.7141   Cr: 16.0847 )
00000264: 12.114    (Y': 9.30992   Cb: 13.6756   Cr: 16.1503 )
00000265: 12.0039   (Y': 9.19924   Cb: 13.5676   Cr: 16.0398 )
00000266: 12.0051   (Y': 9.20706   Cb: 13.5821   Cr: 15.9854 )
00000267: 11.8969   (Y': 9.11329   Cb: 13.4536   Cr: 15.8446 )
00000268: 11.4304   (Y': 8.60944   Cb: 12.9938   Cr: 15.5461 )
00000269: 11.8437   (Y': 9.10129   Cb: 13.2518   Cr: 15.8607 )
00000270: 11.5816   (Y': 8.82621   Cb: 13.0021   Cr: 15.638  )
00000271: 11.5109   (Y': 8.80423   Cb: 12.8879   Cr: 15.4173 )
00000272: 11.539    (Y': 8.82493   Cb: 12.8814   Cr: 15.5424 )
00000273: 11.6278   (Y': 8.89983   Cb: 13.0042   Cr: 15.6346 )
00000274: 11.2311   (Y': 8.55413   Cb: 12.5369   Cr: 15.1303 )
00000275: 11.4367   (Y': 8.77354   Cb: 12.7153   Cr: 15.3232 )
00000276: 12.0233   (Y': 9.41749   Cb: 13.3264   Cr: 15.618  )
00000277: 11.9702   (Y': 9.42688   Cb: 13.2619   Cr: 15.3315 )
00000278: 11.8526   (Y': 9.43508   Cb: 12.9654   Cr: 15.0295 )
00000279: 11.7407   (Y': 9.33307   Cb: 12.8414   Cr: 14.9008 )
00000280: 11.6931   (Y': 9.35332   Cb: 12.7322   Cr: 14.713  )
00000281: 11.5925   (Y': 9.27031   Cb: 12.5804   Cr: 14.6335 )
00000282: 11.2309   (Y': 8.84602   Cb: 12.3012   Cr: 14.3588 )
00000283: 11.1798   (Y': 8.78351   Cb: 12.2445   Cr: 14.3574 )
00000284: 11.2066   (Y': 8.81841   Cb: 12.3066   Cr: 14.2988 )
00000285: 11.2163   (Y': 8.80022   Cb: 12.3766   Cr: 14.3123 )
00000286: 11.3144   (Y': 8.8613    Cb: 12.5538   Cr: 14.4204 )
00000287: 11.3041   (Y': 8.83089   Cb: 12.5386   Cr: 14.491  )
00000288: 11.4648   (Y': 9.03609   Cb: 12.6685   Cr: 14.5386 )
00000289: 11.5511   (Y': 9.11245   Cb: 12.7774   Cr: 14.6257 )
00000290: 11.78     (Y': 9.21626   Cb: 13.1888   Cr: 15.0364 )
00000291: 11.7686   (Y': 9.21632   Cb: 13.1674   Cr: 14.9968 )
00000292: 11.882    (Y': 9.3218    Cb: 13.313    Cr: 15.0914 )
00000293: 11.9448   (Y': 9.3842    Cb: 13.3615   Cr: 15.1769 )
00000294: 11.999    (Y': 9.41884   Cb: 13.4679   Cr: 15.2272 )
00000295: 11.9658   (Y': 9.41948   Cb: 13.3722   Cr: 15.1597 )
00000296: 11.9106   (Y': 9.33106   Cb: 13.3169   Cr: 15.2317 )
00000297: 11.8991   (Y': 9.33781   Cb: 13.2678   Cr: 15.208  )
00000298: 11.81     (Y': 9.21539   Cb: 13.2372   Cr: 15.1576 )
00000299: 11.7824   (Y': 9.18929   Cb: 13.173    Cr: 15.1815 )
00000300: 11.9096   (Y': 9.27707   Cb: 13.3452   Cr: 15.3958 )
00000301: 11.9143   (Y': 9.25703   Cb: 13.3411   Cr: 15.5177 )
00000302: 12.0153   (Y': 9.41126   Cb: 13.3824   Cr: 15.4964 )
00000303: 12.0624   (Y': 9.44818   Cb: 13.4369   Cr: 15.5724 )
00000304: 12.0549   (Y': 9.45449   Cb: 13.4591   Cr: 15.4614 )
00000306: 12.1078   (Y': 9.42533   Cb: 13.5892   Cr: 15.7287 )
00000307: 12.0812   (Y': 9.41278   Cb: 13.5351   Cr: 15.6871 )
00000305: 12.087    (Y': 9.47276   Cb: 13.4326   Cr: 15.6449 )
00000308: 11.9668   (Y': 9.25322   Cb: 13.5394   Cr: 15.5734 )
00000309: 12.0723   (Y': 9.34163   Cb: 13.6538   Cr: 15.7386 )
00000310: 12.0475   (Y': 9.28521   Cb: 13.6486   Cr: 15.8218 )
00000311: 12.1613   (Y': 9.4238    Cb: 13.7353   Cr: 15.8697 )
00000312: 12.2333   (Y': 9.45146   Cb: 13.8871   Cr: 16.0095 )
00000313: 12.2768   (Y': 9.52391   Cb: 13.8846   Cr: 15.9978 )
00000314: 12.3265   (Y': 9.53032   Cb: 13.9847   Cr: 16.1606 )
00000316: 12.3914   (Y': 9.63472   Cb: 14.0046   Cr: 16.121  )
00000315: 12.3425   (Y': 9.58275   Cb: 13.9867   Cr: 16.0353 )
00000318: 12.3953   (Y': 9.64576   Cb: 14.0271   Cr: 16.0632 )
00000317: 12.4162   (Y': 9.69538   Cb: 14.036    Cr: 15.9791 )
00000319: 12.5097   (Y': 9.72486   Cb: 14.1754   Cr: 16.28   )
00000320: 12.6037   (Y': 9.81474   Cb: 14.2514   Cr: 16.4223 )
00000321: 12.6181   (Y': 9.81676   Cb: 14.2691   Cr: 16.4881 )
00000322: 12.7575   (Y': 9.91458   Cb: 14.3978   Cr: 16.8448 )
00000323: 12.7633   (Y': 9.94183   Cb: 14.4022   Cr: 16.7487 )
00000324: 12.8829   (Y': 10.0698   Cb: 14.4995   Cr: 16.867  )
00000325: 12.8333   (Y': 10.0112   Cb: 14.4758   Cr: 16.8158 )
00000327: 12.7287   (Y': 9.8883    Cb: 14.2948   Cr: 16.9369 )
00000326: 12.8132   (Y': 9.99474   Cb: 14.4182   Cr: 16.8427 )
00000328: 12.6757   (Y': 9.80414   Cb: 14.2861   Cr: 16.9623 )
00000329: 12.6245   (Y': 9.7742    Cb: 14.2297   Cr: 16.8115 )
00000330: 12.5433   (Y': 9.73424   Cb: 14.085    Cr: 16.6393 )
00000331: 12.4945   (Y': 9.6949    Cb: 14.0171   Cr: 16.5793 )
00000332: 12.5779   (Y': 9.8574    Cb: 14.002    Cr: 16.4637 )
00000333: 12.7498   (Y': 10.0584   Cb: 14.2301   Cr: 16.4106 )
00000334: 12.9174   (Y': 10.2472   Cb: 14.47     Cr: 16.3733 )
00000335: 12.8131   (Y': 10.2354   Cb: 14.1869   Cr: 16.1783 )
00000336: 12.4066   (Y': 9.79569   Cb: 13.8289   Cr: 15.8261 )
00000337: 12.0904   (Y': 9.45279   Cb: 13.5505   Cr: 15.5585 )
00000338: 11.7168   (Y': 9.0237    Cb: 13.2496   Cr: 15.2996 )
00000339: 11.67     (Y': 8.9966    Cb: 13.1944   Cr: 15.1833 )
00000340: 11.5268   (Y': 8.80159   Cb: 13.0752   Cr: 15.2228 )
00000341: 11.5155   (Y': 8.80328   Cb: 13.085    Cr: 15.1213 )
00000342: 11.8241   (Y': 9.04894   Cb: 13.6198   Cr: 15.3495 )
00000343: 12.4445   (Y': 9.67168   Cb: 14.2972   Cr: 15.8771 )
00000344: 12.4934   (Y': 9.7813    Cb: 14.3561   Cr: 15.6675 )
00000345: 12.2788   (Y': 9.57888   Cb: 14.2189   Cr: 15.3045 )
00000346: 11.9544   (Y': 9.30049   Cb: 13.7986   Cr: 14.934  )
00000347: 12.0366   (Y': 9.40615   Cb: 13.8574   Cr: 14.9615 )
00000348: 12.0414   (Y': 9.51207   Cb: 13.6192   Cr: 14.9294 )
00000349: 11.7854   (Y': 9.21828   Cb: 13.44     Cr: 14.7024 )
00000350: 11.503    (Y': 8.96457   Cb: 13.0896   Cr: 14.4108 )
00000351: 11.3444   (Y': 8.77979   Cb: 12.975    Cr: 14.2852 )
00000352: 11.0407   (Y': 8.50162   Cb: 12.5727   Cr: 14.0261 )
00000353: 11.0482   (Y': 8.48582   Cb: 12.5863   Cr: 14.1087 )
00000354: 11.1075   (Y': 8.49627   Cb: 12.7558   Cr: 14.1928 )
00000355: 11.1115   (Y': 8.43213   Cb: 12.9065   Cr: 14.2518 )
00000356: 11.13     (Y': 8.3596    Cb: 13.1312   Cr: 14.3478 )
00000357: 11.1698   (Y': 8.38683   Cb: 13.1782   Cr: 14.4278 )
00000358: 11.2198   (Y': 8.4104    Cb: 13.2935   Cr: 14.4984 )
00000359: 11.3198   (Y': 8.49431   Cb: 13.4437   Cr: 14.5978 )
00000360: 11.5424   (Y': 8.72396   Cb: 13.6945   Cr: 14.7554 )
00000361: 11.6954   (Y': 8.83351   Cb: 13.9253   Cr: 14.9857 )
00000362: 11.8454   (Y': 8.93494   Cb: 14.2023   Cr: 15.1777 )
00000363: 11.9234   (Y': 9.02252   Cb: 14.2538   Cr: 15.2489 )
00000364: 12.0136   (Y': 9.08731   Cb: 14.4176   Cr: 15.3541 )
00000365: 12.0676   (Y': 9.13095   Cb: 14.5429   Cr: 15.3646 )
00000366: 12.1258   (Y': 9.1903    Cb: 14.5005   Cr: 15.5425 )
00000367: 12.1217   (Y': 9.17388   Cb: 14.588    Cr: 15.4768 )
00000368: 12.095    (Y': 9.13556   Cb: 14.522    Cr: 15.5495 )
00000369: 12.0168   (Y': 9.08704   Cb: 14.3632   Cr: 15.4447 )
00000370: 11.8759   (Y': 8.95948   Cb: 14.1166   Cr: 15.3845 )
00000371: 11.8094   (Y': 8.90105   Cb: 14.0204   Cr: 15.322  )
00000372: 11.7449   (Y': 8.8715    Cb: 13.9014   Cr: 15.1795 )
00000373: 11.7099   (Y': 8.85898   Cb: 13.784    Cr: 15.1608 )
00000374: 11.6367   (Y': 8.83586   Cb: 13.6671   Cr: 14.9375 )
00000375: 11.65     (Y': 8.83002   Cb: 13.6983   Cr: 15.0057 )
00000376: 11.6391   (Y': 8.82677   Cb: 13.6771   Cr: 14.9769 )
00000377: 11.6004   (Y': 8.77927   Cb: 13.6685   Cr: 14.9345 )
00000378: 11.6318   (Y': 8.7817    Cb: 13.7381   Cr: 15.035  )
00000379: 11.7275   (Y': 8.87692   Cb: 13.8196   Cr: 15.1524 )
00000380: 11.7861   (Y': 8.88338   Cb: 13.9865   Cr: 15.2887 )
00000381: 11.7891   (Y': 8.89776   Cb: 13.9992   Cr: 15.2293 )
00000382: 11.8409   (Y': 8.87882   Cb: 14.2116   Cr: 15.3793 )
00000383: 11.9184   (Y': 8.97439   Cb: 14.2439   Cr: 15.4358 )
00000384: 11.9711   (Y': 9.02036   Cb: 14.2963   Cr: 15.5187 )
00000385: 11.9517   (Y': 8.99621   Cb: 14.295    Cr: 15.4966 )
00000386: 11.99     (Y': 9.03765   Cb: 14.3584   Cr: 15.4882 )
00000387: 12.0759   (Y': 9.12901   Cb: 14.4211   Cr: 15.5803 )
00000388: 12.2244   (Y': 9.26915   Cb: 14.603    Cr: 15.7219 )
00000389: 12.1984   (Y': 9.24002   Cb: 14.5797   Cr: 15.7066 )
00000390: 12.1564   (Y': 9.19366   Cb: 14.5547   Cr: 15.6621 )
00000391: 12.1466   (Y': 9.17538   Cb: 14.5336   Cr: 15.7044 )
00000392: 12.0434   (Y': 9.09743   Cb: 14.3718   Cr: 15.5654 )
00000393: 12.0667   (Y': 9.13353   Cb: 14.3992   Cr: 15.5272 )
00000394: 12.0041   (Y': 9.08178   Cb: 14.2874   Cr: 15.4819 )
00000395: 11.9635   (Y': 9.03295   Cb: 14.2756   Cr: 15.439  )
00000396: 12.0251   (Y': 9.12634   Cb: 14.3226   Cr: 15.3828 )
00000397: 12.0922   (Y': 9.21914   Cb: 14.3445   Cr: 15.4004 )
00000398: 12.1615   (Y': 9.33891   Cb: 14.3704   Cr: 15.3198 )
00000399: 12.2046   (Y': 9.40424   Cb: 14.3947   Cr: 15.2988 )
00000400: 12.2121   (Y': 9.41131   Cb: 14.4066   Cr: 15.3021 )
00000401: 12.1934   (Y': 9.36703   Cb: 14.4667   Cr: 15.2875 )
00000402: 12.1997   (Y': 9.42979   Cb: 14.3254   Cr: 15.2557 )
00000403: 12.1807   (Y': 9.4013    Cb: 14.309    Cr: 15.2699 )
00000404: 12.0723   (Y': 9.31522   Cb: 14.2219   Cr: 15.0505 )
00000405: 12.0537   (Y': 9.28571   Cb: 14.2422   Cr: 15.0263 )
00000406: 12.0949   (Y': 9.33204   Cb: 14.2894   Cr: 15.041  )
00000407: 12.0307   (Y': 9.25828   Cb: 14.1947   Cr: 15.0495 )
00000408: 12.124    (Y': 9.3431    Cb: 14.3285   Cr: 15.1261 )
00000409: 12.131    (Y': 9.36785   Cb: 14.2663   Cr: 15.1495 )
00000410: 12.2822   (Y': 9.48647   Cb: 14.5278   Cr: 15.291  )
00000411: 12.3978   (Y': 9.63377   Cb: 14.6519   Cr: 15.2785 )
00000412: 12.3296   (Y': 9.51022   Cb: 14.7288   Cr: 15.2498 )
00000413: 12.2772   (Y': 9.49826   Cb: 14.6184   Cr: 15.1132 )
00000414: 12.1603   (Y': 9.44907   Cb: 14.3982   Cr: 14.8706 )
00000415: 12.2148   (Y': 9.51623   Cb: 14.4428   Cr: 14.8924 )
00000416: 12.0499   (Y': 9.27225   Cb: 14.3958   Cr: 14.8757 )
00000417: 12.0461   (Y': 9.29133   Cb: 14.3139   Cr: 14.877  )
00000418: 12.0742   (Y': 9.33087   Cb: 14.2671   Cr: 14.9502 )
00000419: 12.1053   (Y': 9.36067   Cb: 14.2748   Cr: 15.0137 )
00000420: 12.1295   (Y': 9.36992   Cb: 14.2509   Cr: 15.1519 )
00000421: 12.1085   (Y': 9.29372   Cb: 14.347    Cr: 15.1997 )
00000422: 12.2374   (Y': 9.47212   Cb: 14.3543   Cr: 15.2867 )
00000423: 12.2732   (Y': 9.49217   Cb: 14.4541   Cr: 15.3042 )
00000424: 12.218    (Y': 9.47574   Cb: 14.324    Cr: 15.1941 )
00000425: 12.279    (Y': 9.55215   Cb: 14.3024   Cr: 15.2996 )
00000426: 12.0921   (Y': 9.39413   Cb: 14.0514   Cr: 15.0863 )
00000427: 11.9991   (Y': 9.27912   Cb: 13.9925   Cr: 15.0321 )
00000428: 11.9337   (Y': 9.21324   Cb: 13.9075   Cr: 14.9936 )
00000429: 11.9811   (Y': 9.33557   Cb: 13.8576   Cr: 14.8889 )
00000430: 11.9615   (Y': 9.3034    Cb: 13.8278   Cr: 14.9277 )
00000431: 12.0039   (Y': 9.38981   Cb: 13.752    Cr: 14.9643 )
00000432: 12.0169   (Y': 9.46766   Cb: 13.6433   Cr: 14.9089 )
00000433: 12.0735   (Y': 9.53572   Cb: 13.7176   Cr: 14.9024 )
00000434: 12.0811   (Y': 9.59329   Cb: 13.694    Cr: 14.7821 )
00000435: 11.9907   (Y': 9.53933   Cb: 13.5085   Cr: 14.6952 )
00000436: 11.9255   (Y': 9.46709   Cb: 13.3888   Cr: 14.7262 )
00000437: 11.9832   (Y': 9.54965   Cb: 13.4051   Cr: 14.7574 )
00000438: 11.9197   (Y': 9.41957   Cb: 13.4278   Cr: 14.8013 )
00000439: 11.9502   (Y': 9.44556   Cb: 13.4864   Cr: 14.8087 )
00000440: 12.0345   (Y': 9.46322   Cb: 13.608    Cr: 15.0779 )
00000441: 12.071    (Y': 9.4819    Cb: 13.6836   Cr: 15.1244 )
00000442: 12.1053   (Y': 9.53669   Cb: 13.712    Cr: 15.0926 )
00000443: 12.1908   (Y': 9.6646    Cb: 13.7525   Cr: 15.0894 )
00000444: 12.3034   (Y': 9.76928   Cb: 13.7793   Cr: 15.3501 )
00000445: 12.4316   (Y': 9.90035   Cb: 13.8981   Cr: 15.4816 )
00000446: 12.3783   (Y': 9.78065   Cb: 13.872    Cr: 15.636  )
00000447: 12.3755   (Y': 9.795     Cb: 13.8519   Cr: 15.5937 )
00000448: 12.4192   (Y': 9.72591   Cb: 14.0235   Cr: 15.8903 )
00000449: 12.4315   (Y': 9.77093   Cb: 13.9394   Cr: 15.9181 )
00000450: 12.3031   (Y': 9.63953   Cb: 13.8178   Cr: 15.7909 )
00000451: 12.4124   (Y': 9.76713   Cb: 13.9462   Cr: 15.7962 )
00000452: 12.4285   (Y': 9.74583   Cb: 13.9062   Cr: 16.0565 )
00000453: 12.4509   (Y': 9.85836   Cb: 13.8194   Cr: 15.8833 )
00000454: 12.5344   (Y': 10.0314   Cb: 13.7277   Cr: 15.9004 )
00000455: 12.5757   (Y': 10.1382   Cb: 13.777    Cr: 15.6844 )
00000456: 12.3484   (Y': 9.87024   Cb: 13.5351   Cr: 15.6296 )
00000457: 12.1215   (Y': 9.52835   Cb: 13.4998   Cr: 15.5407 )
00000458: 11.9153   (Y': 9.24387   Cb: 13.3564   Cr: 15.5556 )
00000459: 11.7959   (Y': 9.1565    Cb: 13.2029   Cr: 15.357  )
00000460: 11.7142   (Y': 9.13208   Cb: 13.0382   Cr: 15.1766 )
00000461: 11.7401   (Y': 9.18363   Cb: 13.099    Cr: 15.0459 )
00000462: 11.7469   (Y': 9.25368   Cb: 12.9845   Cr: 15.0031 )
00000463: 11.8634   (Y': 9.40097   Cb: 13.0483   Cr: 15.0893 )
00000464: 11.9074   (Y': 9.64876   Cb: 12.8743   Cr: 14.769  )
00000465: 11.9247   (Y': 9.68466   Cb: 12.8901   Cr: 14.7283 )
00000466: 12.3602   (Y': 9.88404   Cb: 13.8517   Cr: 15.1822 )
00000467: 12.5335   (Y': 10.1155   Cb: 13.9703   Cr: 15.2362 )
00000468: 12.5438   (Y': 10.1607   Cb: 14.0516   Cr: 15.0442 )
00000469: 12.16     (Y': 9.89117   Cb: 13.4539   Cr: 14.5894 )
00000470: 11.5107   (Y': 9.44579   Cb: 12.2579   Cr: 14.1123 )
00000471: 11.6031   (Y': 9.50715   Cb: 12.4941   Cr: 14.0813 )
00000472: 11.555    (Y': 9.54756   Cb: 12.2706   Cr: 14.04   )
00000473: 11.521    (Y': 9.58445   Cb: 12.0772   Cr: 14.0521 )
00000474: 11.3675   (Y': 9.40532   Cb: 11.8831   Cr: 14.0374 )
00000475: 11.4055   (Y': 9.42935   Cb: 11.9428   Cr: 14.0803 )
00000476: 11.2815   (Y': 9.33237   Cb: 11.6824   Cr: 14.1072 )
00000477: 11.1164   (Y': 9.17439   Cb: 11.5438   Cr: 13.8747 )
00000478: 11.1741   (Y': 9.40886   Cb: 11.4503   Cr: 13.6914 )
00000479: 10.9751   (Y': 9.17604   Cb: 11.2395   Cr: 13.6044 )
00000480: 10.9508   (Y': 9.12007   Cb: 11.2386   Cr: 13.6283 )
00000481: 10.9348   (Y': 9.08339   Cb: 11.2198   Cr: 13.6763 )
00000482: 10.9732   (Y': 9.18938   Cb: 11.1909   Cr: 13.6414 )
00000483: 10.8566   (Y': 9.03285   Cb: 11.1454   Cr: 13.5125 )
00000484: 10.8976   (Y': 9.08488   Cb: 11.2495   Cr: 13.4167 )
00000485: 10.847    (Y': 9.04992   Cb: 11.1745   Cr: 13.3643 )
00000486: 11.1385   (Y': 9.35554   Cb: 11.5019   Cr: 13.5594 )
00000487: 11.0954   (Y': 9.31514   Cb: 11.4685   Cr: 13.4942 )
00000488: 11.0091   (Y': 9.18688   Cb: 11.3889   Cr: 13.5086 )
00000489: 10.9609   (Y': 9.15881   Cb: 11.3154   Cr: 13.4476 )
00000490: 11.0338   (Y': 9.16326   Cb: 11.3774   Cr: 13.7281 )
00000491: 11.0309   (Y': 9.18602   Cb: 11.3676   Cr: 13.6643 )
00000492: 11.0794   (Y': 9.28709   Cb: 11.41     Cr: 13.5791 )
00000493: 11.0964   (Y': 9.37175   Cb: 11.4157   Cr: 13.4369 )
00000494: 11.0926   (Y': 9.37904   Cb: 11.41     Cr: 13.4079 )
00000495: 11.193    (Y': 9.53371   Cb: 11.568    Cr: 13.287  )
00000496: 11.2924   (Y': 9.53652   Cb: 11.7501   Cr: 13.4979 )
00000497: 11.3466   (Y': 9.6153    Cb: 11.7942   Cr: 13.5067 )
00000498: 11.3439   (Y': 9.65173   Cb: 11.7679   Cr: 13.4441 )
00000499: 11.2678   (Y': 9.59594   Cb: 11.6536   Cr: 13.376  )
00000500: 11.0166   (Y': 9.317     Cb: 11.3665   Cr: 13.2466 )
00000501: 10.9609   (Y': 9.22642   Cb: 11.3386   Cr: 13.2349 )
00000502: 10.8805   (Y': 9.1102    Cb: 11.33     Cr: 13.1347 )
00000503: 10.8422   (Y': 9.07056   Cb: 11.2903   Cr: 13.1019 )
00000504: 10.7137   (Y': 8.91941   Cb: 11.1907   Cr: 12.9874 )
00000505: 10.6754   (Y': 8.83333   Cb: 11.1926   Cr: 13.0117 )
00000506: 10.7362   (Y': 8.85491   Cb: 11.2125   Cr: 13.2413 )
00000507: 10.8234   (Y': 8.94801   Cb: 11.2845   Cr: 13.3365 )
00000508: 10.7943   (Y': 8.94079   Cb: 11.1944   Cr: 13.3461 )
00000509: 10.7746   (Y': 8.8898    Cb: 11.1815   Cr: 13.4022 )
00000510: 10.6981   (Y': 8.67537   Cb: 11.1912   Cr: 13.5875 )
00000511: 10.8043   (Y': 8.82917   Cb: 11.2404   Cr: 13.6469 )
00000512: 10.7574   (Y': 8.64153   Cb: 11.2828   Cr: 13.8891 )
00000513: 10.8219   (Y': 8.73487   Cb: 11.3316   Cr: 13.8866 )
00000514: 10.8207   (Y': 8.67077   Cb: 11.4542   Cr: 13.8732 )
00000515: 10.8639   (Y': 8.72194   Cb: 11.4603   Cr: 13.9554 )
00000516: 10.7855   (Y': 8.61072   Cb: 11.4236   Cr: 13.9131 )
00000517: 10.8207   (Y': 8.63419   Cb: 11.4575   Cr: 13.9909 )
00000518: 10.7982   (Y': 8.65282   Cb: 11.3584   Cr: 13.9664 )
00000519: 10.7997   (Y': 8.62269   Cb: 11.3989   Cr: 14.0046 )
00000520: 10.8018   (Y': 8.63069   Cb: 11.4467   Cr: 13.9052 )
00000521: 10.8449   (Y': 8.70069   Cb: 11.4246   Cr: 13.9739 )
00000522: 11.0182   (Y': 8.91736   Cb: 11.5845   Cr: 14.0272 )
00000523: 11.153    (Y': 9.08707   Cb: 11.7178   Cr: 14.0535 )
00000524: 11.2718   (Y': 9.13849   Cb: 11.8847   Cr: 14.3052 )
00000525: 11.2535   (Y': 9.04378   Cb: 11.9539   Cr: 14.3904 )
00000526: 11.2047   (Y': 8.9765    Cb: 11.8537   Cr: 14.4981 )
00000527: 11.2666   (Y': 9.00947   Cb: 11.9599   Cr: 14.5827 )
00000528: 11.4357   (Y': 9.22845   Cb: 12.0438   Cr: 14.7304 )
00000529: 11.441    (Y': 9.19457   Cb: 12.1282   Cr: 14.7301 )
00000530: 11.4275   (Y': 9.19755   Cb: 12.0426   Cr: 14.7905 )
00000531: 11.4256   (Y': 9.18527   Cb: 12.0799   Cr: 14.753  )
00000532: 11.3968   (Y': 9.20403   Cb: 12.0378   Cr: 14.581  )
00000533: 11.2713   (Y': 9.04518   Cb: 11.9624   Cr: 14.4816 )
00000534: 11.3784   (Y': 9.14997   Cb: 12.0842   Cr: 14.5702 )
00000535: 11.4419   (Y': 9.1623    Cb: 12.2213   Cr: 14.6839 )
00000536: 11.648    (Y': 9.46101   Cb: 12.3298   Cr: 14.74   )
00000537: 11.7035   (Y': 9.57165   Cb: 12.3383   Cr: 14.6946 )
00000538: 11.6041   (Y': 9.46113   Cb: 12.2402   Cr: 14.6292 )
00000539: 11.5693   (Y': 9.44433   Cb: 12.1679   Cr: 14.6006 )
00000540: 11.4875   (Y': 9.31293   Cb: 12.1327   Cr: 14.6017 )
00000541: 11.4471   (Y': 9.23796   Cb: 12.1083   Cr: 14.6515 )
00000542: 11.3644   (Y': 9.07587   Cb: 12.1215   Cr: 14.6787 )
00000543: 11.3172   (Y': 8.99297   Cb: 12.1229   Cr: 14.6745 )
00000544: 11.18     (Y': 8.72748   Cb: 12.1111   Cr: 14.8052 )
00000545: 11.2204   (Y': 8.77001   Cb: 12.1569   Cr: 14.8264 )
00000546: 11.1723   (Y': 8.67581   Cb: 12.175    Cr: 14.8448 )
00000547: 11.1487   (Y': 8.65334   Cb: 12.1751   Cr: 14.7725 )
00000548: 11.0716   (Y': 8.61389   Cb: 12.0364   Cr: 14.6551 )
00000549: 11.0795   (Y': 8.63424   Cb: 12.0265   Cr: 14.6461 )
00000550: 11.1218   (Y': 8.58512   Cb: 12.1836   Cr: 14.8529 )
00000551: 11.1153   (Y': 8.62496   Cb: 12.103    Cr: 14.7901 )
00000552: 11.2086   (Y': 8.67138   Cb: 12.2663   Cr: 14.9492 )
00000553: 11.1479   (Y': 8.61067   Cb: 12.2015   Cr: 14.8967 )
00000554: 11.1356   (Y': 8.58186   Cb: 12.2233   Cr: 14.8912 )
00000555: 11.1759   (Y': 8.65575   Cb: 12.2757   Cr: 14.7694 )
00000556: 11.0108   (Y': 8.55134   Cb: 12.0332   Cr: 14.4979 )
00000557: 10.9355   (Y': 8.51354   Cb: 11.9673   Cr: 14.2625 )
00000558: 10.9658   (Y': 8.60026   Cb: 11.9418   Cr: 14.1788 )
00000559: 11.0451   (Y': 8.68272   Cb: 12.0262   Cr: 14.2385 )
00000560: 11.1561   (Y': 8.73125   Cb: 12.2016   Cr: 14.4705 )
00000561: 11.236    (Y': 8.77      Cb: 12.3373   Cr: 14.6124 )
00000562: 11.247    (Y': 8.73529   Cb: 12.4335   Cr: 14.6574 )
00000563: 11.232    (Y': 8.7521    Cb: 12.4152   Cr: 14.5254 )
00000564: 11.0849   (Y': 8.7269    Cb: 12.0953   Cr: 14.2144 )
00000565: 11.0302   (Y': 8.65093   Cb: 12.1076   Cr: 14.1267 )
00000566: 11.2699   (Y': 8.87582   Cb: 12.3632   Cr: 14.3936 )
00000567: 11.2773   (Y': 8.89189   Cb: 12.322    Cr: 14.4485 )
00000568: 11.222    (Y': 8.8199    Cb: 12.2262   Cr: 14.5217 )
00000569: 11.1775   (Y': 8.81686   Cb: 12.163    Cr: 14.3573 )
00000570: 10.9952   (Y': 8.75649   Cb: 11.836    Cr: 13.9921 )
00000571: 11.0058   (Y': 8.75481   Cb: 11.8206   Cr: 14.0874 )
00000572: 11.0519   (Y': 8.76361   Cb: 11.8946   Cr: 14.2152 )
00000573: 11.1144   (Y': 8.78566   Cb: 11.9572   Cr: 14.4226 )
00000574: 11.1389   (Y': 8.72132   Cb: 12.057    Cr: 14.6486 )
00000575: 11.1718   (Y': 8.76609   Cb: 12.0837   Cr: 14.6461 )
00000576: 11.166    (Y': 8.74996   Cb: 12.0569   Cr: 14.7196 )
00000577: 11.1906   (Y': 8.81026   Cb: 12.0434   Cr: 14.6743 )
00000578: 11.4425   (Y': 9.10344   Cb: 12.2558   Cr: 14.8416 )
00000579: 11.458    (Y': 9.10719   Cb: 12.2243   Cr: 14.9888 )
00000580: 11.5874   (Y': 9.26714   Cb: 12.276    Cr: 15.1484 )
00000581: 11.5543   (Y': 9.21418   Cb: 12.2707   Cr: 15.1392 )
00000582: 11.5982   (Y': 9.26704   Cb: 12.3107   Cr: 15.1552 )
00000583: 11.5405   (Y': 9.20876   Cb: 12.2621   Cr: 15.0823 )
00000584: 11.6229   (Y': 9.34181   Cb: 12.2705   Cr: 15.1136 )
00000585: 11.6333   (Y': 9.34881   Cb: 12.2941   Cr: 15.1111 )
00000586: 11.6482   (Y': 9.34758   Cb: 12.3369   Cr: 15.1342 )
00000587: 11.6311   (Y': 9.40478   Cb: 12.1823   Cr: 15.1034 )
00000588: 11.719    (Y': 9.50578   Cb: 12.2945   Cr: 15.0967 )
00000589: 11.7043   (Y': 9.43673   Cb: 12.3494   Cr: 15.1489 )
00000590: 11.6744   (Y': 9.37363   Cb: 12.3222   Cr: 15.2397 )
00000591: 11.6232   (Y': 9.31807   Cb: 12.2664   Cr: 15.2142 )
00000592: 11.6862   (Y': 9.26996   Cb: 12.5014   Cr: 15.3835 )
00000595: 11.7101   (Y': 9.29491   Cb: 12.5009   Cr: 15.4512 )
00000593: 11.6735   (Y': 9.25207   Cb: 12.4826   Cr: 15.4041 )
00000596: 11.7203   (Y': 9.29511   Cb: 12.5294   Cr: 15.4667 )
00000594: 11.6887   (Y': 9.30567   Cb: 12.4365   Cr: 15.383  )
Total: 11.5634   (Y': 9.02857   Cb: 12.9309   Cr: 14.7733 )
