./ps4_degrader: invalid option -- 'v'
Capturing with the following configuration:
 - Capture device: DeckLink 4K Extreme 12G
 - Video mode: 720p59.94
 - Pixel format: 8 bit BGRA (4:4:4:x)
[libx264 @ 0x36a4e40] using cpu capabilities: MMX2 SSE2Fast SSSE3 SSE4.2 AVX AVX2 FMA3 LZCNT BMI2
[libx264 @ 0x36a4e40] profile High 4:2:2 Intra, level 3.1, 4:2:2 8-bit
PLAYBACK (hw timestamp): Frame 291 Displayed Late. Expected (+/- 5%): 50000
	Timestamp delay: 83361
	Hardware timestamp delay: 83423
PLAYBACK (callback): Frame 292 Displayed Late. Expected (+/- 5%): 50000
	Timestamp delay: 16645
	Hardware timestamp delay: 236540
CAPTURE: dropped a frame (dropped_count=0)
CAPTURE: dropped a frame (dropped_count=1)
CAPTURE: dropped a frame (dropped_count=2)
PLAYBACK (hw timestamp): Frame 293 Displayed Late. Expected (+/- 5%): 50000
	Timestamp delay: 266963
	Hardware timestamp delay: 47073
[libx264 @ 0x36a4e40] frame I:588   Avg QP:40.00  size: 14822
[libx264 @ 0x36a4e40] mb I  I16..4: 28.6% 63.8%  7.7%
[libx264 @ 0x36a4e40] final ratefactor: 39.93
[libx264 @ 0x36a4e40] 8x8 transform intra:63.8%
[libx264 @ 0x36a4e40] coded y,uvDC,uvAC intra: 26.8% 38.9% 5.3%
[libx264 @ 0x36a4e40] i16 v,h,dc,p: 28% 40% 19% 13%
[libx264 @ 0x36a4e40] i8 v,h,dc,ddl,ddr,vr,hd,vl,hu: 12% 19% 47%  3%  4%  3%  5%  2%  5%
[libx264 @ 0x36a4e40] i4 v,h,dc,ddl,ddr,vr,hd,vl,hu: 19% 24% 25%  5%  6%  5%  7%  4%  5%
[libx264 @ 0x36a4e40] i8c dc,h,v,p: 82%  9%  7%  1%
[libx264 @ 0x36a4e40] kb/s:2371.57
Stopping Capture
