./ps4_degrader: invalid option -- 'v'
Capturing with the following configuration:
 - Capture device: DeckLink 4K Extreme 12G
 - Video mode: 720p59.94
 - Pixel format: 8 bit BGRA (4:4:4:x)
[libx264 @ 0x3182e40] using cpu capabilities: MMX2 SSE2Fast SSSE3 SSE4.2 AVX AVX2 FMA3 LZCNT BMI2
[libx264 @ 0x3182e40] profile High 4:2:2 Intra, level 3.1, 4:2:2 8-bit
PLAYBACK (hw timestamp): Frame 295 Displayed Late. Expected (+/- 5%): 50000
	Timestamp delay: 100210
	Hardware timestamp delay: 100131
PLAYBACK (callback): Frame 296 Displayed Late. Expected (+/- 5%): 50000
	Timestamp delay: 16639
	Hardware timestamp delay: 190836
CAPTURE: dropped a frame (dropped_count=0)
CAPTURE: dropped a frame (dropped_count=1)
PLAYBACK (hw timestamp): Frame 297 Displayed Late. Expected (+/- 5%): 50000
	Timestamp delay: 216841
	Hardware timestamp delay: 42622
PLAYBACK (hw timestamp): Frame 585 Displayed Late. Expected (+/- 5%): 50000
	Timestamp delay: 66719
	Hardware timestamp delay: 66612
CAPTURE: dropped a frame (dropped_count=2)
CAPTURE: dropped a frame (dropped_count=3)
CAPTURE: dropped a frame (dropped_count=4)
CAPTURE: dropped a frame (dropped_count=5)
CAPTURE: dropped a frame (dropped_count=6)
[libx264 @ 0x3182e40] frame I:594   Avg QP:33.00  size: 39332
[libx264 @ 0x3182e40] mb I  I16..4: 16.3% 66.1% 17.6%
[libx264 @ 0x3182e40] final ratefactor: 40.82
[libx264 @ 0x3182e40] 8x8 transform intra:66.1%
[libx264 @ 0x3182e40] coded y,uvDC,uvAC intra: 56.8% 65.4% 19.6%
[libx264 @ 0x3182e40] i16 v,h,dc,p: 21% 38% 20% 20%
[libx264 @ 0x3182e40] i8 v,h,dc,ddl,ddr,vr,hd,vl,hu: 10% 22% 27%  6%  7%  5%  9%  4%  9%
[libx264 @ 0x3182e40] i4 v,h,dc,ddl,ddr,vr,hd,vl,hu: 16% 26% 19%  6%  8%  5%  9%  4%  7%
[libx264 @ 0x3182e40] i8c dc,h,v,p: 67% 16% 13%  4%
[libx264 @ 0x3182e40] kb/s:6293.10
Stopping Capture
