00000000: 11.8502   (Y': 11.1228   Cb: 11.4356   Cr: 13.292  )
00000001: 11.8032   (Y': 11.0956   Cb: 11.3887   Cr: 13.2125 )
00000005: 11.7296   (Y': 11.0092   Cb: 11.3224   Cr: 13.1484 )
00000002: 11.8024   (Y': 11.0819   Cb: 11.3877   Cr: 13.2327 )
00000007: 11.6904   (Y': 11.0096   Cb: 11.2595   Cr: 13.0811 )
00000003: 11.7656   (Y': 11.0557   Cb: 11.3516   Cr: 13.1779 )
00000004: 11.747    (Y': 11.0209   Cb: 11.3459   Cr: 13.1659 )
00000006: 11.7062   (Y': 10.9784   Cb: 11.3048   Cr: 13.1286 )
00000009: 11.6571   (Y': 11.014    Cb: 11.217    Cr: 13.0018 )
00000008: 11.6818   (Y': 11.006    Cb: 11.2544   Cr: 13.0592 )
00000014: 11.5972   (Y': 10.9637   Cb: 11.154    Cr: 12.9312 )
00000010: 11.6348   (Y': 10.9882   Cb: 11.1998   Cr: 12.977  )
00000012: 11.5946   (Y': 10.9643   Cb: 11.1502   Cr: 12.9253 )
00000013: 11.5857   (Y': 10.969    Cb: 11.1304   Cr: 12.9117 )
00000011: 11.6138   (Y': 10.9863   Cb: 11.166    Cr: 12.9453 )
00000015: 11.6114   (Y': 11.0184   Cb: 11.1344   Cr: 12.9331 )
00000017: 11.6541   (Y': 11.0822   Cb: 11.1376   Cr: 13.0034 )
00000016: 11.6244   (Y': 11.0094   Cb: 11.148    Cr: 12.9795 )
00000018: 11.679    (Y': 11.108    Cb: 11.1828   Cr: 12.9957 )
00000020: 11.7721   (Y': 11.1869   Cb: 11.2782   Cr: 13.1073 )
00000019: 11.7325   (Y': 11.1526   Cb: 11.2302   Cr: 13.0726 )
00000022: 11.8332   (Y': 11.1761   Cb: 11.3679   Cr: 13.2384 )
00000023: 11.8407   (Y': 11.1178   Cb: 11.4145   Cr: 13.2931 )
00000021: 11.7999   (Y': 11.1798   Cb: 11.3397   Cr: 13.1388 )
00000025: 11.974    (Y': 11.1753   Cb: 11.5839   Cr: 13.4978 )
00000024: 11.8891   (Y': 11.126    Cb: 11.4922   Cr: 13.3631 )
00000026: 12.0138   (Y': 11.1984   Cb: 11.604    Cr: 13.5974 )
00000027: 12.0794   (Y': 11.1524   Cb: 11.7529   Cr: 13.729  )
00000028: 12.0858   (Y': 11.1129   Cb: 11.7778   Cr: 13.7904 )
00000030: 12.1398   (Y': 11.1371   Cb: 11.8142   Cr: 13.9282 )
00000029: 12.1373   (Y': 11.1002   Cb: 11.8576   Cr: 13.9172 )
00000031: 12.1357   (Y': 11.047    Cb: 11.8725   Cr: 13.9892 )
00000032: 12.1796   (Y': 11.1177   Cb: 11.8813   Cr: 14.038  )
00000033: 12.2064   (Y': 11.1122   Cb: 11.9019   Cr: 14.1388 )
00000035: 12.2894   (Y': 11.2167   Cb: 11.9772   Cr: 14.1919 )
00000034: 12.2503   (Y': 11.149    Cb: 11.9533   Cr: 14.1847 )
00000036: 12.2946   (Y': 11.2967   Cb: 11.9242   Cr: 14.1476 )
00000037: 12.499    (Y': 11.5256   Cb: 12.1639   Cr: 14.2475 )
00000038: 12.5581   (Y': 11.6543   Cb: 12.2071   Cr: 14.2046 )
00000039: 12.6525   (Y': 11.7952   Cb: 12.3233   Cr: 14.1825 )
00000041: 12.677    (Y': 11.8833   Cb: 12.3043   Cr: 14.1653 )
00000040: 12.6501   (Y': 11.8167   Cb: 12.318    Cr: 14.1436 )
00000043: 12.7261   (Y': 12.0227   Cb: 12.2843   Cr: 14.1702 )
00000042: 12.7101   (Y': 11.9454   Cb: 12.3071   Cr: 14.1961 )
00000044: 12.7887   (Y': 12.065    Cb: 12.3921   Cr: 14.1972 )
00000045: 12.8622   (Y': 12.1088   Cb: 12.5023   Cr: 14.2637 )
00000046: 12.8979   (Y': 12.1365   Cb: 12.5657   Cr: 14.2711 )
00000047: 12.9147   (Y': 12.1657   Cb: 12.5257   Cr: 14.3529 )
00000048: 12.8667   (Y': 12.0107   Cb: 12.5452   Cr: 14.3832 )
00000049: 12.8178   (Y': 11.8354   Cb: 12.5386   Cr: 14.4945 )
00000051: 12.7223   (Y': 11.6765   Cb: 12.4508   Cr: 14.5057 )
00000050: 12.7724   (Y': 11.7445   Cb: 12.4899   Cr: 14.5392 )
00000052: 12.6862   (Y': 11.5659   Cb: 12.4848   Cr: 14.5025 )
00000053: 12.7361   (Y': 11.5719   Cb: 12.5879   Cr: 14.5549 )
00000055: 12.8693   (Y': 11.8751   Cb: 12.6971   Cr: 14.4038 )
00000054: 12.7178   (Y': 11.6919   Cb: 12.5266   Cr: 14.3383 )
00000056: 12.9025   (Y': 11.9238   Cb: 12.7584   Cr: 14.3685 )
00000057: 12.9436   (Y': 11.9397   Cb: 12.8478   Cr: 14.3847 )
00000058: 12.9777   (Y': 11.9209   Cb: 12.9124   Cr: 14.4692 )
00000060: 12.9245   (Y': 11.6923   Cb: 12.9921   Cr: 14.5523 )
00000059: 12.9414   (Y': 11.7465   Cb: 12.9795   Cr: 14.5399 )
00000061: 12.9211   (Y': 11.7047   Cb: 12.9431   Cr: 14.5844 )
00000062: 12.9563   (Y': 11.6968   Cb: 13.0318   Cr: 14.6261 )
00000063: 13.0441   (Y': 11.7464   Cb: 13.1583   Cr: 14.7339 )
00000064: 13.0272   (Y': 11.7783   Cb: 13.1019   Cr: 14.6773 )
00000065: 13.0227   (Y': 11.7448   Cb: 13.1355   Cr: 14.6749 )
00000067: 13.0002   (Y': 11.7696   Cb: 13.0485   Cr: 14.6529 )
00000066: 13.0543   (Y': 11.7732   Cb: 13.1744   Cr: 14.7029 )
00000068: 12.9965   (Y': 11.7871   Cb: 13.0395   Cr: 14.6158 )
00000069: 12.9019   (Y': 11.7821   Cb: 12.8966   Cr: 14.422  )
00000070: 12.8955   (Y': 11.7898   Cb: 12.8911   Cr: 14.3888 )
00000071: 12.8228   (Y': 11.9172   Cb: 12.703    Cr: 14.1296 )
00000072: 12.7584   (Y': 11.9418   Cb: 12.5736   Cr: 14.0096 )
00000073: 12.6836   (Y': 11.9714   Cb: 12.4159   Cr: 13.8857 )
00000074: 12.6069   (Y': 11.9713   Cb: 12.3041   Cr: 13.7411 )
00000075: 12.467    (Y': 12.023    Cb: 12.0036   Cr: 13.5474 )
00000077: 12.2361   (Y': 11.8094   Cb: 11.6823   Cr: 13.4236 )
00000079: 12.3038   (Y': 11.7155   Cb: 11.8337   Cr: 13.6078 )
00000078: 12.2511   (Y': 11.7617   Cb: 11.7064   Cr: 13.5174 )
00000076: 12.4131   (Y': 11.9922   Cb: 11.9114   Cr: 13.5158 )
00000080: 12.4088   (Y': 11.8058   Cb: 11.9325   Cr: 13.7451 )
00000082: 12.7142   (Y': 11.9962   Cb: 12.3929   Cr: 14.0019 )
00000081: 12.6137   (Y': 11.9611   Cb: 12.2297   Cr: 13.8898 )
00000085: 12.6697   (Y': 11.8179   Cb: 12.3831   Cr: 14.1261 )
00000083: 12.5793   (Y': 11.9094   Cb: 12.2372   Cr: 13.8216 )
00000086: 12.8051   (Y': 11.9352   Cb: 12.5059   Cr: 14.3112 )
00000084: 12.593    (Y': 11.8699   Cb: 12.264    Cr: 13.9    )
00000087: 12.7388   (Y': 11.7804   Cb: 12.4827   Cr: 14.3356 )
00000088: 12.8003   (Y': 11.7964   Cb: 12.591    Cr: 14.4085 )
00000089: 12.5048   (Y': 11.6323   Cb: 12.2951   Cr: 13.8832 )
00000090: 12.5334   (Y': 11.6578   Cb: 12.3418   Cr: 13.891  )
00000091: 12.8147   (Y': 11.8064   Cb: 12.6233   Cr: 14.4037 )
00000092: 13.2365   (Y': 12.0734   Cb: 13.2281   Cr: 14.8419 )
00000093: 13.4348   (Y': 12.1994   Cb: 13.4353   Cr: 15.1672 )
00000094: 13.369    (Y': 12.2411   Cb: 13.2798   Cr: 15.0266 )
00000095: 12.9895   (Y': 11.9802   Cb: 12.7307   Cr: 14.6839 )
00000096: 13.013    (Y': 11.9665   Cb: 12.8126   Cr: 14.6858 )
00000097: 13.329    (Y': 12.0694   Cb: 13.3709   Cr: 15.0478 )
00000098: 13.2021   (Y': 11.9168   Cb: 13.2754   Cr: 14.9262 )
00000099: 13.2061   (Y': 11.9844   Cb: 13.0721   Cr: 15.1185 )
00000100: 13.4162   (Y': 12.2029   Cb: 13.2497   Cr: 15.3637 )
00000101: 13.7775   (Y': 12.6016   Cb: 13.4568   Cr: 15.907  )
00000102: 13.6807   (Y': 12.517    Cb: 13.3419   Cr: 15.8163 )
00000103: 13.6331   (Y': 12.574    Cb: 13.1805   Cr: 15.7514 )
00000104: 13.6144   (Y': 12.5345   Cb: 13.1864   Cr: 15.7317 )
00000105: 13.6461   (Y': 12.5288   Cb: 13.2245   Cr: 15.8311 )
00000107: 13.361    (Y': 12.212    Cb: 12.9251   Cr: 15.6411 )
00000106: 13.5582   (Y': 12.4409   Cb: 13.119    Cr: 15.7756 )
00000108: 13.2744   (Y': 12.1108   Cb: 12.8358   Cr: 15.5923 )
00000109: 13.2949   (Y': 12.0876   Cb: 12.8733   Cr: 15.6788 )
00000111: 13.4465   (Y': 12.3107   Cb: 12.9906   Cr: 15.7348 )
00000110: 13.3383   (Y': 12.2154   Cb: 12.8654   Cr: 15.6306 )
00000112: 13.4488   (Y': 12.2724   Cb: 13.0497   Cr: 15.721  )
00000113: 13.4799   (Y': 12.2033   Cb: 13.1848   Cr: 15.7863 )
00000114: 13.4659   (Y': 12.2365   Cb: 13.1963   Cr: 15.6216 )
00000115: 13.482    (Y': 12.4512   Cb: 13.1051   Cr: 15.4104 )
00000116: 13.4691   (Y': 12.4897   Cb: 13.072    Cr: 15.3313 )
00000117: 13.4547   (Y': 12.4741   Cb: 13.1156   Cr: 15.2233 )
00000118: 13.4911   (Y': 12.5446   Cb: 13.1086   Cr: 15.2666 )
00000119: 13.4603   (Y': 12.4591   Cb: 13.1249   Cr: 15.2618 )
00000120: 13.5277   (Y': 12.4703   Cb: 13.2516   Cr: 15.3411 )
00000121: 13.4246   (Y': 12.3537   Cb: 13.1649   Cr: 15.2376 )
00000122: 13.4433   (Y': 12.3914   Cb: 13.1477   Cr: 15.2776 )
00000123: 13.4958   (Y': 12.427    Cb: 13.2199   Cr: 15.3305 )
00000124: 13.3748   (Y': 12.2875   Cb: 13.0813   Cr: 15.2751 )
00000125: 13.3701   (Y': 12.226    Cb: 13.1367   Cr: 15.2854 )
00000126: 13.2804   (Y': 12.1663   Cb: 12.9967   Cr: 15.2181 )
00000127: 13.3705   (Y': 12.1155   Cb: 13.2581   Cr: 15.3173 )
00000128: 13.4247   (Y': 12.2242   Cb: 13.2651   Cr: 15.3349 )
00000129: 13.2829   (Y': 11.9578   Cb: 13.258    Cr: 15.2382 )
00000130: 13.212    (Y': 11.8958   Cb: 13.1763   Cr: 15.1656 )
00000131: 13.1671   (Y': 11.8799   Cb: 13.0855   Cr: 15.1325 )
00000132: 13.2561   (Y': 11.9645   Cb: 13.1611   Cr: 15.2523 )
00000134: 13.4017   (Y': 12.2279   Cb: 13.2256   Cr: 15.2841 )
00000133: 13.3984   (Y': 12.1458   Cb: 13.2443   Cr: 15.408  )
00000135: 13.4383   (Y': 12.3673   Cb: 13.1891   Cr: 15.2345 )
00000136: 13.3347   (Y': 12.4002   Cb: 13.0018   Cr: 15.0078 )
00000137: 13.2675   (Y': 12.3814   Cb: 12.9369   Cr: 14.8504 )
00000138: 13.2171   (Y': 12.3674   Cb: 12.8596   Cr: 14.7779 )
00000139: 13.2127   (Y': 12.4815   Cb: 12.8467   Cr: 14.5873 )
00000140: 13.2104   (Y': 12.5985   Cb: 12.842    Cr: 14.4012 )
00000141: 13.1515   (Y': 12.5537   Cb: 12.8001   Cr: 14.297  )
00000142: 13.0427   (Y': 12.4816   Cb: 12.6831   Cr: 14.1455 )
00000143: 12.9235   (Y': 12.3271   Cb: 12.6203   Cr: 14      )
00000144: 12.9919   (Y': 12.3423   Cb: 12.7128   Cr: 14.1142 )
00000145: 13.1523   (Y': 12.5386   Cb: 12.8519   Cr: 14.2501 )
00000146: 13.0682   (Y': 12.4264   Cb: 12.7667   Cr: 14.2098 )
00000148: 12.8939   (Y': 11.9226   Cb: 12.7938   Cr: 14.2845 )
00000147: 12.9072   (Y': 12.1021   Cb: 12.693    Cr: 14.1809 )
00000149: 13.0473   (Y': 12.0203   Cb: 12.9307   Cr: 14.5591 )
00000150: 13.0545   (Y': 12.037    Cb: 12.8949   Cr: 14.6123 )
00000151: 13.2077   (Y': 12.2263   Cb: 13.0073   Cr: 14.7614 )
00000152: 13.209    (Y': 12.2343   Cb: 13.0109   Cr: 14.7476 )
00000153: 13.0792   (Y': 12.022    Cb: 12.9617   Cr: 14.647  )
00000154: 13.0827   (Y': 12.052    Cb: 12.9669   Cr: 14.6002 )
00000155: 13.3669   (Y': 11.7483   Cb: 14.0384   Cr: 14.9681 )
00000156: 13.8681   (Y': 12.143    Cb: 14.6477   Cr: 15.5646 )
00000157: 13.9438   (Y': 12.1657   Cb: 14.7253   Cr: 15.7567 )
00000158: 13.8579   (Y': 12.1828   Cb: 14.5247   Cr: 15.5866 )
00000159: 13.4134   (Y': 11.885    Cb: 13.9259   Cr: 15.0281 )
00000160: 13.4711   (Y': 12.0543   Cb: 13.8639   Cr: 15.0157 )
00000161: 13.8008   (Y': 12.3024   Cb: 14.3151   Cr: 15.3519 )
00000163: 13.7051   (Y': 12.2499   Cb: 14.2371   Cr: 15.1484 )
00000162: 13.7398   (Y': 12.2238   Cb: 14.2016   Cr: 15.3947 )
00000164: 13.7485   (Y': 12.3836   Cb: 14.1147   Cr: 15.2265 )
00000165: 13.7905   (Y': 12.3272   Cb: 14.2544   Cr: 15.3356 )
00000166: 13.8607   (Y': 12.3468   Cb: 14.363    Cr: 15.4587 )
00000167: 13.7334   (Y': 12.263    Cb: 14.2092   Cr: 15.2771 )
00000168: 13.8165   (Y': 12.3408   Cb: 14.2925   Cr: 15.3709 )
00000171: 13.5101   (Y': 11.9738   Cb: 13.9498   Cr: 15.237  )
00000169: 13.9343   (Y': 12.3483   Cb: 14.4979   Cr: 15.6036 )
00000170: 13.8443   (Y': 12.196    Cb: 14.4264   Cr: 15.6237 )
00000172: 13.5036   (Y': 11.8643   Cb: 14.0154   Cr: 15.3573 )
00000173: 13.3456   (Y': 11.779    Cb: 13.7193   Cr: 15.2293 )
00000174: 13.3744   (Y': 11.7205   Cb: 13.8041   Cr: 15.3759 )
00000175: 13.3744   (Y': 11.7208   Cb: 13.7778   Cr: 15.4133 )
00000176: 13.4622   (Y': 11.7395   Cb: 13.9308   Cr: 15.5706 )
00000177: 13.4857   (Y': 11.7446   Cb: 13.8717   Cr: 15.7632 )
00000178: 13.4242   (Y': 11.6227   Cb: 13.8558   Cr: 15.7858 )
00000179: 13.2673   (Y': 11.3738   Cb: 13.778    Cr: 15.7512 )
00000180: 13.2955   (Y': 11.354    Cb: 13.8381   Cr: 15.862  )
00000181: 13.3959   (Y': 11.3768   Cb: 13.9767   Cr: 16.1259 )
00000182: 13.4536   (Y': 11.4677   Cb: 14.0054   Cr: 16.1334 )
00000183: 13.5487   (Y': 11.5669   Cb: 14.1248   Cr: 16.1771 )
00000184: 13.5828   (Y': 11.6497   Cb: 14.0923   Cr: 16.179  )
00000187: 13.7485   (Y': 11.9109   Cb: 14.2849   Cr: 16.0442 )
00000185: 13.6419   (Y': 11.8007   Cb: 14.0839   Cr: 16.0925 )
00000186: 13.7409   (Y': 11.9062   Cb: 14.2125   Cr: 16.1276 )
00000188: 13.7779   (Y': 11.9232   Cb: 14.3215   Cr: 16.1068 )
00000189: 13.8438   (Y': 12.0058   Cb: 14.4601   Cr: 16.0231 )
00000190: 13.8576   (Y': 12.0242   Cb: 14.459    Cr: 16.0466 )
00000191: 13.8924   (Y': 12.0788   Cb: 14.5272   Cr: 15.9851 )
00000192: 13.7923   (Y': 11.973    Cb: 14.4164   Cr: 15.9135 )
00000193: 13.7591   (Y': 11.9796   Cb: 14.346    Cr: 15.8356 )
00000196: 13.4916   (Y': 11.683    Cb: 14.1392   Cr: 15.5539 )
00000194: 13.7782   (Y': 12.0147   Cb: 14.3682   Cr: 15.8115 )
00000195: 13.569    (Y': 11.746    Cb: 14.2193   Cr: 15.6627 )
00000197: 13.4044   (Y': 11.6142   Cb: 14.0106   Cr: 15.4796 )
00000198: 13.3531   (Y': 11.6349   Cb: 13.9037   Cr: 15.334  )
00000200: 13.209    (Y': 11.5018   Cb: 13.6413   Cr: 15.3331 )
00000199: 13.2949   (Y': 11.581    Cb: 13.7607   Cr: 15.3862 )
00000201: 13.254    (Y': 11.5791   Cb: 13.6104   Cr: 15.4138 )
00000202: 13.2695   (Y': 11.5868   Cb: 13.5687   Cr: 15.5364 )
00000204: 13.2337   (Y': 11.6309   Cb: 13.5101   Cr: 15.3428 )
00000203: 13.2473   (Y': 11.6379   Cb: 13.5054   Cr: 15.4001 )
00000205: 13.2773   (Y': 11.6802   Cb: 13.5587   Cr: 15.3656 )
00000206: 13.301    (Y': 11.629    Cb: 13.6267   Cr: 15.5006 )
00000207: 13.353    (Y': 11.5835   Cb: 13.8401   Cr: 15.5487 )
00000209: 13.5378   (Y': 11.7078   Cb: 14.0973   Cr: 15.779  )
00000208: 13.4767   (Y': 11.6497   Cb: 13.9975   Cr: 15.7682 )
00000210: 13.5659   (Y': 11.7554   Cb: 14.1147   Cr: 15.7736 )
00000212: 13.6458   (Y': 11.8822   Cb: 14.1742   Cr: 15.7671 )
00000211: 13.6634   (Y': 11.8966   Cb: 14.1891   Cr: 15.796  )
00000213: 13.7208   (Y': 11.9809   Cb: 14.2442   Cr: 15.7913 )
00000214: 13.7989   (Y': 12.0751   Cb: 14.2984   Cr: 15.8649 )
00000215: 13.9327   (Y': 12.1788   Cb: 14.4955   Cr: 15.9814 )
00000216: 14.0474   (Y': 12.3334   Cb: 14.5866   Cr: 16.0344 )
00000217: 14.2189   (Y': 12.5149   Cb: 14.7504   Cr: 16.1931 )
00000219: 14.3684   (Y': 12.7162   Cb: 14.788    Cr: 16.3808 )
00000218: 14.2906   (Y': 12.5755   Cb: 14.7729   Cr: 16.3607 )
00000220: 14.2611   (Y': 12.5528   Cb: 14.6977   Cr: 16.3816 )
00000221: 14.0102   (Y': 12.3478   Cb: 14.3865   Cr: 16.1101 )
00000222: 13.8448   (Y': 12.2184   Cb: 14.1183   Cr: 16.0143 )
00000223: 13.7328   (Y': 12.0977   Cb: 13.9338   Cr: 16.0387 )
00000224: 13.5608   (Y': 11.9052   Cb: 13.7342   Cr: 15.9635 )
00000228: 13.7562   (Y': 12.3494   Cb: 13.8015   Cr: 15.7777 )
00000225: 14.2748   (Y': 12.6911   Cb: 14.5178   Cr: 16.3904 )
00000229: 13.5229   (Y': 12.2773   Cb: 13.438    Cr: 15.4068 )
00000226: 14.4419   (Y': 12.738    Cb: 14.8283   Cr: 16.6265 )
00000227: 14.1866   (Y': 12.599    Cb: 14.4444   Cr: 16.2887 )
00000230: 13.6934   (Y': 12.5057   Cb: 13.6493   Cr: 15.3988 )
00000231: 13.7806   (Y': 12.5381   Cb: 13.9066   Cr: 15.3458 )
00000234: 13.4817   (Y': 12.342    Cb: 13.4078   Cr: 15.1392 )
00000232: 13.5843   (Y': 12.564    Cb: 13.5334   Cr: 14.9906 )
00000233: 13.4497   (Y': 12.3176   Cb: 13.4012   Cr: 15.0552 )
00000235: 13.5137   (Y': 12.4678   Cb: 13.3579   Cr: 15.1181 )
00000236: 13.3456   (Y': 12.3575   Cb: 13.1224   Cr: 14.9461 )
00000237: 13.2352   (Y': 12.3183   Cb: 12.9605   Cr: 14.7866 )
00000238: 13.1476   (Y': 12.2154   Cb: 12.8855   Cr: 14.7067 )
00000239: 13.019    (Y': 12.138    Cb: 12.7481   Cr: 14.502  )
00000242: 12.8538   (Y': 11.7632   Cb: 12.68     Cr: 14.569  )
00000241: 12.8419   (Y': 11.8786   Cb: 12.6208   Cr: 14.3944 )
00000240: 12.9973   (Y': 12.0783   Cb: 12.7667   Cr: 14.4858 )
00000243: 12.822    (Y': 11.596    Cb: 12.7507   Cr: 14.6446 )
00000244: 12.8258   (Y': 11.6094   Cb: 12.7843   Cr: 14.5834 )
00000245: 12.7061   (Y': 11.5051   Cb: 12.6413   Cr: 14.4686 )
00000246: 12.7336   (Y': 11.5277   Cb: 12.6646   Cr: 14.5126 )
00000247: 12.9246   (Y': 11.7348   Cb: 12.812    Cr: 14.7388 )
00000250: 12.9518   (Y': 11.6848   Cb: 12.9148   Cr: 14.8048 )
00000249: 12.9224   (Y': 11.6864   Cb: 12.86     Cr: 14.7512 )
00000248: 12.9716   (Y': 11.7679   Cb: 12.8975   Cr: 14.7539 )
00000251: 13.1229   (Y': 11.7962   Cb: 13.1242   Cr: 15.0406 )
00000252: 13.1521   (Y': 11.7767   Cb: 13.2093   Cr: 15.0867 )
00000253: 13.2608   (Y': 11.8097   Cb: 13.3886   Cr: 15.2519 )
00000254: 13.3447   (Y': 11.8342   Cb: 13.5157   Cr: 15.4023 )
00000255: 13.4648   (Y': 11.8533   Cb: 13.7271   Cr: 15.6164 )
00000256: 13.554    (Y': 11.9278   Cb: 13.826    Cr: 15.7257 )
00000257: 13.528    (Y': 11.9404   Cb: 13.7307   Cr: 15.7155 )
00000258: 13.5437   (Y': 11.9749   Cb: 13.7345   Cr: 15.7058 )
00000260: 13.6874   (Y': 12.3058   Cb: 13.671    Cr: 15.7516 )
00000261: 13.9824   (Y': 12.5227   Cb: 13.993    Cr: 16.1798 )
00000259: 13.5998   (Y': 12.1511   Cb: 13.6986   Cr: 15.6304 )
00000262: 14.1007   (Y': 12.5596   Cb: 14.1561   Cr: 16.4164 )
00000263: 14.189    (Y': 12.5373   Cb: 14.3877   Cr: 16.54   )
00000264: 14.2435   (Y': 12.5779   Cb: 14.446    Cr: 16.6235 )
00000265: 14.2174   (Y': 12.6634   Cb: 14.2759   Cr: 16.5591 )
00000266: 14.3327   (Y': 12.6926   Cb: 14.4647   Cr: 16.7658 )
00000267: 14.5334   (Y': 13.0081   Cb: 14.5465   Cr: 16.8825 )
00000268: 14.5934   (Y': 13.1633   Cb: 14.5734   Cr: 16.7732 )
00000269: 14.9102   (Y': 13.5848   Cb: 14.7444   Cr: 17.0985 )
00000270: 14.912    (Y': 13.5976   Cb: 14.7572   Cr: 17.0569 )
00000271: 15.1475   (Y': 13.7982   Cb: 15.0688   Cr: 17.2423 )
00000272: 15.1937   (Y': 13.8672   Cb: 15.0917   Cr: 17.2765 )
00000273: 15.056    (Y': 13.6605   Cb: 14.935    Cr: 17.3269 )
00000274: 15.1485   (Y': 13.7521   Cb: 15.0507   Cr: 17.3815 )
00000275: 15.1303   (Y': 13.6949   Cb: 15.0267   Cr: 17.465  )
00000276: 14.7127   (Y': 13.2888   Cb: 14.6855   Cr: 16.8899 )
00000277: 15.3811   (Y': 13.9774   Cb: 15.5339   Cr: 17.2321 )
00000278: 15.3436   (Y': 13.8933   Cb: 15.5765   Cr: 17.176  )
00000279: 14.8008   (Y': 13.5678   Cb: 14.7831   Cr: 16.5557 )
00000280: 14.4734   (Y': 13.2649   Cb: 14.3986   Cr: 16.2662 )
00000281: 13.9846   (Y': 12.6034   Cb: 14.003    Cr: 15.9927 )
00000282: 13.9154   (Y': 12.465    Cb: 13.9672   Cr: 16.0239 )
00000283: 13.841    (Y': 12.3183   Cb: 13.9846   Cr: 15.9692 )
00000285: 13.3923   (Y': 11.8031   Cb: 13.6926   Cr: 15.4336 )
00000284: 13.6931   (Y': 12.1391   Cb: 13.8813   Cr: 15.824  )
00000286: 13.1483   (Y': 11.5491   Cb: 13.4388   Cr: 15.2275 )
00000287: 13.0548   (Y': 11.4982   Cb: 13.3449   Cr: 15.0372 )
00000288: 13.032    (Y': 11.5596   Cb: 13.2588   Cr: 14.9212 )
00000289: 12.9653   (Y': 11.5194   Cb: 13.1136   Cr: 14.9137 )
00000290: 12.8631   (Y': 11.4831   Cb: 12.935    Cr: 14.7853 )
00000292: 12.8485   (Y': 11.5022   Cb: 12.7066   Cr: 15.0428 )
00000291: 12.8045   (Y': 11.4204   Cb: 12.7569   Cr: 14.9252 )
00000293: 12.7542   (Y': 11.3955   Cb: 12.6166   Cr: 14.9689 )
00000294: 12.7037   (Y': 11.3124   Cb: 12.6183   Cr: 14.9038 )
00000295: 12.6797   (Y': 11.2847   Cb: 12.6368   Cr: 14.8173 )
00000297: 12.4489   (Y': 10.9941   Cb: 12.5076   Cr: 14.5566 )
00000296: 12.6368   (Y': 11.2299   Cb: 12.6232   Cr: 14.7529 )
00000298: 12.4185   (Y': 10.917    Cb: 12.5459   Cr: 14.5236 )
00000299: 12.3919   (Y': 10.8471   Cb: 12.4915   Cr: 14.643  )
00000300: 12.7862   (Y': 11.1462   Cb: 13.0883   Cr: 14.9442 )
00000301: 12.7999   (Y': 11.3966   Cb: 12.9328   Cr: 14.6793 )
00000302: 12.8159   (Y': 11.4815   Cb: 12.9223   Cr: 14.5908 )
00000303: 12.304    (Y': 10.9863   Cb: 12.3968   Cr: 14.0648 )
00000304: 12.1238   (Y': 10.831    Cb: 12.1941   Cr: 13.8672 )
00000305: 12.043    (Y': 10.7563   Cb: 12.1379   Cr: 13.7386 )
00000306: 12.0188   (Y': 10.7215   Cb: 12.1288   Cr: 13.7135 )
00000307: 11.9668   (Y': 10.6588   Cb: 12.0999   Cr: 13.6498 )
00000308: 11.9539   (Y': 10.6645   Cb: 12.0925   Cr: 13.5921 )
00000309: 11.9382   (Y': 10.6506   Cb: 12.0781   Cr: 13.5711 )
00000310: 11.9155   (Y': 10.6038   Cb: 12.0951   Cr: 13.5401 )
00000311: 11.8548   (Y': 10.5556   Cb: 12.0245   Cr: 13.4686 )
00000312: 11.863    (Y': 10.5788   Cb: 12.0171   Cr: 13.4695 )
00000313: 11.867    (Y': 10.5459   Cb: 12.045    Cr: 13.5125 )
00000314: 11.8803   (Y': 10.5484   Cb: 12.0553   Cr: 13.5514 )
00000316: 11.9484   (Y': 10.5992   Cb: 12.1808   Cr: 13.5738 )
00000315: 11.8863   (Y': 10.535    Cb: 12.1096   Cr: 13.5286 )
00000317: 12.0565   (Y': 10.6833   Cb: 12.3151   Cr: 13.6936 )
00000318: 12.1023   (Y': 10.7161   Cb: 12.4043   Cr: 13.7066 )
00000319: 12.0688   (Y': 10.6826   Cb: 12.3479   Cr: 13.704  )
00000320: 11.8885   (Y': 10.4746   Cb: 12.1516   Cr: 13.6021 )
00000322: 11.9108   (Y': 10.5236   Cb: 12.1793   Cr: 13.5629 )
00000321: 11.8746   (Y': 10.4884   Cb: 12.145    Cr: 13.5219 )
00000323: 11.8812   (Y': 10.4846   Cb: 12.1389   Cr: 13.567  )
00000324: 11.8417   (Y': 10.4528   Cb: 12.0949   Cr: 13.518  )
00000325: 11.8369   (Y': 10.4602   Cb: 12.067    Cr: 13.5207 )
00000326: 11.8348   (Y': 10.4498   Cb: 12.0849   Cr: 13.5073 )
00000327: 11.8259   (Y': 10.4172   Cb: 12.0854   Cr: 13.5336 )
00000328: 11.7814   (Y': 10.3693   Cb: 12.0391   Cr: 13.4989 )
00000329: 11.7562   (Y': 10.3374   Cb: 12.0139   Cr: 13.4874 )
00000330: 11.7903   (Y': 10.3671   Cb: 12.0611   Cr: 13.5124 )
00000331: 11.8108   (Y': 10.3598   Cb: 12.1089   Cr: 13.5525 )
00000332: 11.8032   (Y': 10.3472   Cb: 12.0974   Cr: 13.5609 )
00000333: 11.7529   (Y': 10.2529   Cb: 12.0681   Cr: 13.5743 )
00000334: 11.7895   (Y': 10.2882   Cb: 12.1005   Cr: 13.6194 )
00000335: 11.9045   (Y': 10.4096   Cb: 12.2273   Cr: 13.7043 )
00000337: 11.926    (Y': 10.4392   Cb: 12.2396   Cr: 13.7213 )
00000338: 11.8937   (Y': 10.4207   Cb: 12.1893   Cr: 13.685  )
00000336: 11.945    (Y': 10.4815   Cb: 12.2542   Cr: 13.6973 )
00000339: 11.8461   (Y': 10.3592   Cb: 12.1622   Cr: 13.6382 )
00000340: 11.8332   (Y': 10.3541   Cb: 12.1407   Cr: 13.6206 )
00000341: 11.8526   (Y': 10.3733   Cb: 12.1674   Cr: 13.6301 )
00000342: 11.8875   (Y': 10.4173   Cb: 12.1944   Cr: 13.6569 )
00000343: 11.9954   (Y': 10.5714   Cb: 12.2584   Cr: 13.73   )
00000344: 12.0204   (Y': 10.6194   Cb: 12.3148   Cr: 13.6648 )
00000345: 12.1618   (Y': 10.8205   Cb: 12.4117   Cr: 13.7477 )
00000347: 12.3127   (Y': 11.0139   Cb: 12.5951   Cr: 13.7735 )
00000346: 12.214    (Y': 10.8653   Cb: 12.4864   Cr: 13.7841 )
00000348: 12.347    (Y': 11.0972   Cb: 12.5901   Cr: 13.7678 )
00000349: 12.3966   (Y': 11.143    Cb: 12.6821   Cr: 13.7695 )
00000350: 12.43     (Y': 11.2083   Cb: 12.6999   Cr: 13.7646 )
00000351: 12.4902   (Y': 11.2401   Cb: 12.8038   Cr: 13.8207 )
00000352: 12.1699   (Y': 10.5833   Cb: 12.4809   Cr: 14.1897 )
00000353: 18.9816   (Y': 15.4575   Cb: 23.1934   Cr: 23.3041 )
00000354: 17.3298   (Y': 14.046    Cb: 20.5108   Cr: 21.4273 )
00000355: 15.6473   (Y': 12.7268   Cb: 17.9076   Cr: 19.1475 )
00000356: 15.0239   (Y': 12.2658   Cb: 16.8796   Cr: 18.3912 )
00000357: 14.4061   (Y': 11.8857   Cb: 15.8628   Cr: 17.4313 )
00000358: 14.1443   (Y': 11.7086   Cb: 15.4753   Cr: 17.0533 )
00000359: 13.665    (Y': 11.3793   Cb: 14.7865   Cr: 16.3819 )
00000360: 13.5142   (Y': 11.3528   Cb: 14.461    Cr: 16.1028 )
00000361: 13.1339   (Y': 11.2085   Cb: 13.8085   Cr: 15.4551 )
00000362: 12.9886   (Y': 11.196    Cb: 13.5275   Cr: 15.1657 )
00000363: 12.9616   (Y': 11.2473   Cb: 13.403    Cr: 15.0896 )
00000364: 13.0124   (Y': 11.3429   Cb: 13.401    Cr: 15.1108 )
00000365: 13.0477   (Y': 11.565    Cb: 13.3086   Cr: 14.9094 )
00000366: 13.0317   (Y': 11.5725   Cb: 13.2564   Cr: 14.8952 )
00000367: 12.9947   (Y': 11.5306   Cb: 13.2357   Cr: 14.8449 )
00000368: 13.042    (Y': 11.6983   Cb: 13.1925   Cr: 14.7717 )
00000369: 12.9635   (Y': 11.6486   Cb: 13.1233   Cr: 14.6221 )
00000370: 12.9158   (Y': 11.5807   Cb: 13.122    Cr: 14.5496 )
00000371: 12.7639   (Y': 11.373    Cb: 13.049    Cr: 14.4003 )
00000372: 12.7067   (Y': 11.3446   Cb: 12.9488   Cr: 14.3447 )
00000373: 12.7189   (Y': 11.3712   Cb: 12.9693   Cr: 14.3167 )
00000374: 12.6969   (Y': 11.412    Cb: 12.8943   Cr: 14.2449 )
00000375: 12.7547   (Y': 11.4865   Cb: 12.9662   Cr: 14.2517 )
00000376: 12.7759   (Y': 11.4629   Cb: 13.0124   Cr: 14.3251 )
00000377: 12.925    (Y': 11.7284   Cb: 13.015    Cr: 14.4539 )
00000378: 12.7647   (Y': 11.4223   Cb: 12.9884   Cr: 14.3888 )
00000379: 12.7245   (Y': 11.2665   Cb: 13.03     Cr: 14.4706 )
00000380: 13.0398   (Y': 11.6127   Cb: 13.278    Cr: 14.8158 )
00000381: 13.8769   (Y': 12.2637   Cb: 14.4324   Cr: 15.615  )
00000382: 14.2131   (Y': 12.5854   Cb: 14.824    Cr: 15.91   )
00000383: 14.004    (Y': 12.4119   Cb: 14.5099   Cr: 15.7618 )
00000385: 13.5914   (Y': 11.9827   Cb: 14.0796   Cr: 15.4091 )
00000386: 13.7124   (Y': 12.0647   Cb: 14.2773   Cr: 15.5132 )
00000384: 13.7233   (Y': 12.155    Cb: 14.1683   Cr: 15.5119 )
00000387: 13.9495   (Y': 12.3114   Cb: 14.473    Cr: 15.7844 )
00000388: 13.9546   (Y': 12.3271   Cb: 14.4445   Cr: 15.8119 )
00000389: 13.9578   (Y': 12.3083   Cb: 14.45     Cr: 15.8612 )
00000390: 13.867    (Y': 12.1958   Cb: 14.38     Cr: 15.791  )
00000391: 14.0296   (Y': 12.3292   Cb: 14.5248   Cr: 16.0465 )
00000392: 14.0993   (Y': 12.4051   Cb: 14.5056   Cr: 16.2305 )
00000393: 14.0594   (Y': 12.2932   Cb: 14.4978   Cr: 16.3202 )
00000394: 14.0861   (Y': 12.3058   Cb: 14.5544   Cr: 16.3371 )
00000395: 14.0895   (Y': 12.2241   Cb: 14.6847   Cr: 16.3697 )
00000396: 14.1724   (Y': 12.2634   Cb: 14.8274   Cr: 16.4786 )
00000397: 14.2899   (Y': 12.4305   Cb: 14.9076   Cr: 16.5216 )
00000398: 14.3086   (Y': 12.4891   Cb: 14.9252   Cr: 16.4414 )
00000399: 14.3938   (Y': 12.5364   Cb: 15.0083   Cr: 16.6247 )
00000401: 14.4388   (Y': 12.5741   Cb: 14.9694   Cr: 16.8139 )
00000400: 14.4349   (Y': 12.5348   Cb: 15.118    Cr: 16.6775 )
00000402: 14.5334   (Y': 12.7027   Cb: 15.0155   Cr: 16.8936 )
00000403: 14.489    (Y': 12.6752   Cb: 14.9349   Cr: 16.8608 )
00000404: 14.4845   (Y': 12.6823   Cb: 14.9185   Cr: 16.8446 )
00000405: 14.5765   (Y': 12.7462   Cb: 15.0108   Cr: 17.0103 )
00000406: 14.5404   (Y': 12.7615   Cb: 14.9002   Cr: 16.9567 )
00000407: 14.5799   (Y': 12.8506   Cb: 14.8406   Cr: 17.0277 )
00000408: 14.5741   (Y': 12.8731   Cb: 14.7722   Cr: 17.0521 )
00000409: 14.5095   (Y': 12.8281   Cb: 14.7162   Cr: 16.923  )
00000410: 14.4832   (Y': 12.8488   Cb: 14.6477   Cr: 16.8471 )
00000411: 14.3766   (Y': 12.7783   Cb: 14.483    Cr: 16.7469 )
00000412: 14.2765   (Y': 12.7344   Cb: 14.3129   Cr: 16.6269 )
00000413: 14.1408   (Y': 12.6134   Cb: 14.1508   Cr: 16.5004 )
00000414: 14.1736   (Y': 12.7274   Cb: 14.0865   Cr: 16.5053 )
00000415: 14.1661   (Y': 12.6981   Cb: 14.0709   Cr: 16.5641 )
00000416: 14.146    (Y': 12.6328   Cb: 14.1129   Cr: 16.5452 )
00000417: 14.1515   (Y': 12.6533   Cb: 14.1567   Cr: 16.4487 )
00000418: 14.2182   (Y': 12.6943   Cb: 14.2336   Cr: 16.56   )
00000419: 13.6683   (Y': 11.959    Cb: 13.6433   Cr: 16.5762 )
00000420: 14.1776   (Y': 12.7252   Cb: 14.0388   Cr: 16.6162 )
00000421: 14.0111   (Y': 12.4882   Cb: 13.9704   Cr: 16.448  )
00000422: 13.9361   (Y': 12.3839   Cb: 13.9023   Cr: 16.4343 )
00000423: 13.4713   (Y': 11.8252   Cb: 13.5149   Cr: 16.0747 )
00000424: 13.5028   (Y': 11.8885   Cb: 13.5817   Cr: 15.9607 )
00000425: 13.3487   (Y': 11.6879   Cb: 13.3218   Cr: 16.1231 )
00000426: 13.3549   (Y': 11.7096   Cb: 13.2908   Cr: 16.1572 )
00000427: 13.3113   (Y': 11.6431   Cb: 13.2527   Cr: 16.1673 )
00000428: 13.2356   (Y': 11.5597   Cb: 13.2009   Cr: 16.0666 )
00000429: 13.1819   (Y': 11.4902   Cb: 13.1546   Cr: 16.0437 )
00000430: 13.1724   (Y': 11.4894   Cb: 13.1177   Cr: 16.0625 )
00000431: 13.1641   (Y': 11.4578   Cb: 13.1261   Cr: 16.0891 )
00000432: 13.1261   (Y': 11.4463   Cb: 13.0817   Cr: 15.9876 )
00000433: 13.1534   (Y': 11.5289   Cb: 13.0891   Cr: 15.8984 )
00000434: 13.2298   (Y': 11.6194   Cb: 13.1878   Cr: 15.8946 )
00000435: 13.3339   (Y': 11.6754   Cb: 13.3802   Cr: 15.9657 )
00000436: 13.4217   (Y': 11.7489   Cb: 13.5149   Cr: 16.0072 )
00000437: 13.5894   (Y': 11.8803   Cb: 13.7705   Cr: 16.118  )
00000438: 13.6432   (Y': 11.9271   Cb: 13.8666   Cr: 16.1185 )
00000439: 13.7456   (Y': 12.057    Cb: 13.9558   Cr: 16.1713 )
00000440: 13.7858   (Y': 12.0565   Cb: 14.0599   Cr: 16.2116 )
00000441: 13.9064   (Y': 12.1127   Cb: 14.286    Cr: 16.3298 )
00000442: 13.9786   (Y': 12.1725   Cb: 14.3835   Cr: 16.3948 )
00000443: 14.1475   (Y': 12.3368   Cb: 14.5896   Cr: 16.5167 )
00000444: 14.1697   (Y': 12.4016   Cb: 14.6081   Cr: 16.4355 )
00000445: 14.2293   (Y': 12.456    Cb: 14.6745   Cr: 16.4979 )
00000446: 14.2758   (Y': 12.4999   Cb: 14.7346   Cr: 16.5301 )
00000447: 14.3713   (Y': 12.5693   Cb: 14.8951   Cr: 16.5945 )
00000449: 14.4386   (Y': 12.5897   Cb: 15.046    Cr: 16.6583 )
00000448: 14.3913   (Y': 12.5868   Cb: 14.9535   Cr: 16.5646 )
00000450: 14.4638   (Y': 12.5996   Cb: 15.0792   Cr: 16.7111 )
00000451: 14.5202   (Y': 12.7004   Cb: 15.0936   Cr: 16.7154 )
00000452: 14.4619   (Y': 12.6506   Cb: 15.0705   Cr: 16.5855 )
00000453: 14.3231   (Y': 12.5006   Cb: 14.9407   Cr: 16.462  )
00000454: 14.1982   (Y': 12.3693   Cb: 14.8235   Cr: 16.3418 )
00000455: 13.9204   (Y': 12.143    Cb: 14.5758   Cr: 15.8969 )
00000456: 13.817    (Y': 12.1159   Cb: 14.4201   Cr: 15.6868 )
00000457: 13.5918   (Y': 11.9791   Cb: 14.1589   Cr: 15.3135 )
00000458: 13.5426   (Y': 12.0034   Cb: 14.0728   Cr: 15.1566 )
00000459: 13.5675   (Y': 12.1185   Cb: 14.017    Cr: 15.1025 )
00000460: 13.5749   (Y': 12.1285   Cb: 13.9699   Cr: 15.1757 )
00000461: 13.546    (Y': 12.0878   Cb: 13.9128   Cr: 15.2083 )
00000462: 13.4976   (Y': 11.985    Cb: 13.8621   Cr: 15.2768 )
00000463: 13.3434   (Y': 11.8274   Cb: 13.6781   Cr: 15.1718 )
00000465: 12.9716   (Y': 11.5563   Cb: 13.0836   Cr: 14.9084 )
00000464: 13.242    (Y': 11.7456   Cb: 13.5048   Cr: 15.1305 )
00000466: 12.8557   (Y': 11.5067   Cb: 12.8801   Cr: 14.785  )
00000467: 12.6125   (Y': 11.4421   Cb: 12.4409   Cr: 14.4807 )
00000468: 12.5295   (Y': 11.3816   Cb: 12.34     Cr: 14.3813 )
00000469: 12.1477   (Y': 10.9909   Cb: 11.9007   Cr: 14.1112 )
00000470: 12.4059   (Y': 11.057    Cb: 12.4136   Cr: 14.361  )
00000471: 13.1061   (Y': 11.7164   Cb: 13.3026   Cr: 14.864  )
00000473: 13.2346   (Y': 11.9121   Cb: 13.4365   Cr: 14.8498 )
00000474: 12.6368   (Y': 11.4279   Cb: 12.7279   Cr: 14.187  )
00000472: 13.6625   (Y': 12.0951   Cb: 14.0655   Cr: 15.5068 )
00000476: 12.3873   (Y': 11.3487   Cb: 12.2758   Cr: 13.9125 )
00000475: 12.2289   (Y': 11.1213   Cb: 12.1717   Cr: 13.8012 )
00000477: 12.5159   (Y': 11.5221   Cb: 12.3833   Cr: 13.9917 )
00000478: 12.3723   (Y': 11.4056   Cb: 12.2097   Cr: 13.844  )
00000479: 12.0155   (Y': 11.0814   Cb: 11.7567   Cr: 13.5729 )
00000481: 12.4587   (Y': 11.5331   Cb: 12.3001   Cr: 13.8538 )
00000480: 12.3343   (Y': 11.3802   Cb: 12.1588   Cr: 13.8031 )
00000482: 12.4626   (Y': 11.5207   Cb: 12.3141   Cr: 13.8709 )
00000483: 12.5386   (Y': 11.6075   Cb: 12.3597   Cr: 13.9722 )
00000485: 12.7335   (Y': 11.7148   Cb: 12.6278   Cr: 14.2148 )
00000484: 12.6014   (Y': 11.6536   Cb: 12.4509   Cr: 14.0228 )
00000486: 12.8406   (Y': 11.73     Cb: 12.8315   Cr: 14.3494 )
00000487: 13.0539   (Y': 11.8333   Cb: 13.2007   Cr: 14.5489 )
00000489: 13.2386   (Y': 11.9173   Cb: 13.463    Cr: 14.8204 )
00000488: 13.1527   (Y': 11.8866   Cb: 13.3255   Cr: 14.6985 )
00000490: 13.2647   (Y': 11.9775   Cb: 13.4894   Cr: 14.7802 )
00000491: 13.3841   (Y': 12.1442   Cb: 13.6194   Cr: 14.7969 )
00000492: 13.4188   (Y': 12.202    Cb: 13.6333   Cr: 14.8163 )
00000493: 13.6377   (Y': 12.343    Cb: 13.8621   Cr: 15.168  )
00000494: 13.6829   (Y': 12.3879   Cb: 13.8918   Cr: 15.2349 )
00000495: 13.7914   (Y': 12.4641   Cb: 13.9945   Cr: 15.4139 )
00000496: 13.8058   (Y': 12.5019   Cb: 13.9915   Cr: 15.4067 )
00000497: 13.7843   (Y': 12.3418   Cb: 14.1025   Cr: 15.4803 )
00000498: 13.8673   (Y': 12.412    Cb: 14.1713   Cr: 15.6097 )
00000499: 13.9196   (Y': 12.38     Cb: 14.325    Cr: 15.7004 )
00000501: 13.9703   (Y': 12.3559   Cb: 14.441    Cr: 15.8247 )
00000500: 13.9352   (Y': 12.3458   Cb: 14.382    Cr: 15.7671 )
00000502: 13.9872   (Y': 12.3325   Cb: 14.5008   Cr: 15.873  )
00000503: 13.9814   (Y': 12.2894   Cb: 14.5372   Cr: 15.8945 )
00000504: 14.0339   (Y': 12.347    Cb: 14.5837   Cr: 15.9434 )
00000505: 14.1528   (Y': 12.4471   Cb: 14.7346   Cr: 16.0618 )
00000506: 14.1743   (Y': 12.41     Cb: 14.7893   Cr: 16.1747 )
00000507: 14.2526   (Y': 12.4003   Cb: 14.9704   Cr: 16.3257 )
00000508: 14.3177   (Y': 12.4225   Cb: 15.0607   Cr: 16.4631 )
00000509: 14.461    (Y': 12.4583   Cb: 15.3142   Cr: 16.7341 )
00000510: 14.4655   (Y': 12.5029   Cb: 15.2198   Cr: 16.7706 )
00000512: 14.4335   (Y': 12.5362   Cb: 15.0579   Cr: 16.754  )
00000511: 14.4466   (Y': 12.5091   Cb: 15.1153   Cr: 16.8091 )
00000513: 14.2186   (Y': 12.3712   Cb: 14.6568   Cr: 16.692  )
00000514: 14.1392   (Y': 12.3337   Cb: 14.4558   Cr: 16.6978 )
00000515: 14.1658   (Y': 12.3593   Cb: 14.3541   Cr: 16.951  )
00000516: 14.0554   (Y': 12.2603   Cb: 14.1553   Cr: 16.9722 )
00000518: 13.8436   (Y': 12.1903   Cb: 13.836    Cr: 16.5605 )
00000517: 13.8207   (Y': 12.1068   Cb: 13.8299   Cr: 16.6752 )
00000520: 14.1249   (Y': 12.5974   Cb: 14.0927   Cr: 16.558  )
00000519: 14.0442   (Y': 12.3944   Cb: 14.0549   Cr: 16.7177 )
00000521: 14.2412   (Y': 12.7321   Cb: 14.2757   Cr: 16.5149 )
00000522: 14.2082   (Y': 12.6358   Cb: 14.2676   Cr: 16.5941 )
00000523: 14.4219   (Y': 12.8711   Cb: 14.5901   Cr: 16.5771 )
00000524: 13.963    (Y': 12.2826   Cb: 14.26     Cr: 16.2274 )
00000525: 14.8654   (Y': 13.2485   Cb: 15.2261   Cr: 16.8814 )
00000526: 14.756    (Y': 13.1981   Cb: 15.0777   Cr: 16.6949 )
00000528: 13.8732   (Y': 12.4727   Cb: 13.9024   Cr: 15.9064 )
00000527: 14.1687   (Y': 12.7839   Cb: 14.2376   Cr: 16.1059 )
00000529: 14.2412   (Y': 12.8034   Cb: 14.3276   Cr: 16.2669 )
00000531: 14.3249   (Y': 12.8247   Cb: 14.5012   Cr: 16.351  )
00000530: 14.3679   (Y': 12.8626   Cb: 14.555    Cr: 16.3892 )
00000534: 14.0869   (Y': 12.6133   Cb: 14.3416   Cr: 15.9381 )
00000532: 14.306    (Y': 12.8235   Cb: 14.5428   Cr: 16.2025 )
00000533: 14.2305   (Y': 12.7369   Cb: 14.4967   Cr: 16.1083 )
00000535: 13.9676   (Y': 12.4222   Cb: 14.2885   Cr: 15.8801 )
00000536: 13.8694   (Y': 12.3362   Cb: 14.1962   Cr: 15.7462 )
00000537: 13.6885   (Y': 12.1695   Cb: 13.9505   Cr: 15.6281 )
00000538: 13.5245   (Y': 11.9881   Cb: 13.7632   Cr: 15.5374 )
00000539: 13.2942   (Y': 11.8302   Cb: 13.3459   Cr: 15.4342 )
00000540: 13.2281   (Y': 11.7864   Cb: 13.3233   Cr: 15.2484 )
00000541: 13.1975   (Y': 11.7814   Cb: 13.3844   Cr: 15.0243 )
00000542: 13.2533   (Y': 11.8061   Cb: 13.4356   Cr: 15.1534 )
00000543: 13.4073   (Y': 11.9021   Cb: 13.6869   Cr: 15.2905 )
00000544: 13.496    (Y': 12.0393   Cb: 13.7736   Cr: 15.2783 )
00000545: 13.6526   (Y': 12.2952   Cb: 13.9103   Cr: 15.2599 )
00000546: 13.6692   (Y': 12.322    Cb: 13.9191   Cr: 15.2669 )
00000547: 13.5814   (Y': 12.2447   Cb: 13.8025   Cr: 15.1979 )
00000548: 13.5893   (Y': 12.2197   Cb: 13.8504   Cr: 15.2162 )
00000550: 13.4428   (Y': 11.8457   Cb: 13.8643   Cr: 15.3267 )
00000549: 13.5223   (Y': 11.9461   Cb: 13.9398   Cr: 15.3659 )
00000551: 13.3346   (Y': 11.6668   Cb: 13.8152   Cr: 15.2962 )
00000552: 13.3201   (Y': 11.6626   Cb: 13.7893   Cr: 15.2741 )
00000553: 13.2025   (Y': 11.633    Cb: 13.5964   Cr: 15.0645 )
00000554: 13.128    (Y': 11.5961   Cb: 13.4705   Cr: 14.9795 )
00000555: 12.9978   (Y': 11.5      Cb: 13.2524   Cr: 14.9013 )
00000556: 12.9077   (Y': 11.4771   Cb: 13.1186   Cr: 14.7302 )
00000557: 12.6397   (Y': 11.3015   Cb: 12.7814   Cr: 14.3709 )
00000558: 12.5916   (Y': 11.3234   Cb: 12.6466   Cr: 14.3083 )
00000559: 12.3958   (Y': 11.2417   Cb: 12.3488   Cr: 14.0408 )
00000560: 12.3933   (Y': 11.3298   Cb: 12.2848   Cr: 13.9596 )
00000561: 12.0862   (Y': 10.869    Cb: 12.2315   Cr: 13.5772 )
00000562: 12.4117   (Y': 11.5084   Cb: 12.2378   Cr: 13.7907 )
00000563: 12.4929   (Y': 11.9023   Cb: 12.0329   Cr: 13.7852 )
00000564: 11.7701   (Y': 11.3057   Cb: 11.1982   Cr: 13.0404 )
00000565: 11.3677   (Y': 10.85     Cb: 10.8048   Cr: 12.7048 )
00000566: 11.3357   (Y': 10.8472   Cb: 10.7471   Cr: 12.668  )
00000567: 11.3538   (Y': 10.9133   Cb: 10.7398   Cr: 12.6533 )
00000568: 11.2896   (Y': 10.8724   Cb: 10.658    Cr: 12.5817 )
00000569: 11.2032   (Y': 10.7695   Cb: 10.5948   Cr: 12.4838 )
00000570: 11.2919   (Y': 10.8278   Cb: 10.7217   Cr: 12.5592 )
00000571: 11.5307   (Y': 10.9911   Cb: 11.0754   Cr: 12.7388 )
00000572: 11.5314   (Y': 10.9814   Cb: 11.1034   Cr: 12.715  )
00000573: 11.3882   (Y': 10.8635   Cb: 10.9308   Cr: 12.5771 )
00000574: 11.2765   (Y': 10.7752   Cb: 10.7834   Cr: 12.4834 )
00000575: 10.968    (Y': 10.4509   Cb: 10.4202   Cr: 12.2809 )
00000576: 10.9251   (Y': 10.3975   Cb: 10.3754   Cr: 12.2568 )
00000577: 10.9184   (Y': 10.366    Cb: 10.3838   Cr: 12.2654 )
00000578: 10.9576   (Y': 10.3945   Cb: 10.4206   Cr: 12.3249 )
00000579: 10.9335   (Y': 10.3446   Cb: 10.4038   Cr: 12.3296 )
00000582: 10.969    (Y': 10.3509   Cb: 10.4688   Cr: 12.3656 )
00000581: 10.9786   (Y': 10.3634   Cb: 10.4867   Cr: 12.3578 )
00000580: 10.965    (Y': 10.3633   Cb: 10.4639   Cr: 12.337  )
00000583: 10.976    (Y': 10.3726   Cb: 10.4421   Cr: 12.4019 )
00000584: 10.974    (Y': 10.365    Cb: 10.4509   Cr: 12.392  )
00000585: 10.9483   (Y': 10.355    Cb: 10.4104   Cr: 12.3641 )
00000587: 10.9623   (Y': 10.3711   Cb: 10.4051   Cr: 12.4053 )
00000586: 10.9606   (Y': 10.3715   Cb: 10.402    Cr: 12.4024 )
00000588: 10.9885   (Y': 10.3903   Cb: 10.4497   Cr: 12.414  )
00000590: 11.015    (Y': 10.3819   Cb: 10.4867   Cr: 12.4799 )
00000591: 11.0125   (Y': 10.3767   Cb: 10.4705   Cr: 12.5033 )
00000589: 11.034    (Y': 10.4123   Cb: 10.5059   Cr: 12.4801 )
00000592: 10.9888   (Y': 10.3331   Cb: 10.457    Cr: 12.496  )
Total: 13.0478   (Y': 11.7642   Cb: 13.0725   Cr: 14.8407 )
