00000000: 9.02302   (Y': 6.53743   Cb: 10.337    Cr: 12.1327 )
00000001: 9.00158   (Y': 6.54325   Cb: 10.2801   Cr: 12.0668 )
00000002: 8.9193    (Y': 6.46421   Cb: 10.1745   Cr: 12.0083 )
00000005: 8.82422   (Y': 6.40558   Cb: 10.0107   Cr: 11.8889 )
00000004: 8.83425   (Y': 6.3939    Cb: 10.0497   Cr: 11.9314 )
00000007: 8.78819   (Y': 6.39966   Cb: 9.94277   Cr: 11.7965 )
00000003: 8.86413   (Y': 6.40379   Cb: 10.1289   Cr: 11.9574 )
00000006: 8.76707   (Y': 6.36143   Cb: 9.95567   Cr: 11.7829 )
00000008: 8.77222   (Y': 6.37501   Cb: 9.94982   Cr: 11.7754 )
00000010: 8.70617   (Y': 6.33665   Cb: 9.85126   Cr: 11.6636 )
00000011: 8.6935    (Y': 6.31277   Cb: 9.86035   Cr: 11.6563 )
00000012: 8.70546   (Y': 6.33721   Cb: 9.84289   Cr: 11.6702 )
00000013: 8.70277   (Y': 6.33983   Cb: 9.8332    Cr: 11.6601 )
00000014: 8.71795   (Y': 6.35501   Cb: 9.83992   Cr: 11.6882 )
00000009: 8.74579   (Y': 6.35397   Cb: 9.90949   Cr: 11.7515 )
00000015: 8.73464   (Y': 6.3909    Cb: 9.85802   Cr: 11.6378 )
00000016: 8.77282   (Y': 6.44446   Cb: 9.87986   Cr: 11.6493 )
00000017: 8.75648   (Y': 6.44944   Cb: 9.81376   Cr: 11.6377 )
00000019: 8.85162   (Y': 6.57799   Cb: 9.88655   Cr: 11.6577 )
00000018: 8.85259   (Y': 6.57954   Cb: 9.88447   Cr: 11.6614 )
00000020: 8.91389   (Y': 6.67706   Cb: 9.88713   Cr: 11.6955 )
00000021: 8.85091   (Y': 6.58745   Cb: 9.83321   Cr: 11.7042 )
00000022: 8.88955   (Y': 6.66508   Cb: 9.80606   Cr: 11.7188 )
00000023: 8.88518   (Y': 6.65777   Cb: 9.79902   Cr: 11.728  )
00000024: 8.89679   (Y': 6.71331   Cb: 9.75459   Cr: 11.6874 )
00000025: 8.90246   (Y': 6.7092    Cb: 9.74674   Cr: 11.7452 )
00000026: 8.92468   (Y': 6.72163   Cb: 9.71443   Cr: 11.8873 )
00000027: 8.8125    (Y': 6.58142   Cb: 9.64207   Cr: 11.8022 )
00000029: 9.321     (Y': 7.07681   Cb: 10.231    Cr: 12.2242 )
00000030: 9.07019   (Y': 6.86385   Cb: 9.91571   Cr: 11.953  )
00000028: 9.05793   (Y': 6.80015   Cb: 9.95075   Cr: 12.0336 )
00000031: 8.86778   (Y': 6.69704   Cb: 9.63667   Cr: 11.7597 )
00000032: 8.64299   (Y': 6.48747   Cb: 9.37953   Cr: 11.5391 )
00000033: 8.71057   (Y': 6.58368   Cb: 9.42469   Cr: 11.5527 )
00000034: 8.76951   (Y': 6.63313   Cb: 9.46966   Cr: 11.6646 )
00000035: 8.79754   (Y': 6.66968   Cb: 9.51524   Cr: 11.6369 )
00000036: 8.67636   (Y': 6.56326   Cb: 9.40144   Cr: 11.4578 )
00000038: 8.63629   (Y': 6.53046   Cb: 9.34675   Cr: 11.4189 )
00000037: 8.68021   (Y': 6.57286   Cb: 9.38172   Cr: 11.4819 )
00000039: 8.66468   (Y': 6.57508   Cb: 9.36841   Cr: 11.4083 )
00000040: 8.61689   (Y': 6.55737   Cb: 9.27751   Cr: 11.3387 )
00000041: 8.67246   (Y': 6.6356    Cb: 9.303     Cr: 11.3748 )
00000042: 8.77583   (Y': 6.74474   Cb: 9.42422   Cr: 11.4325 )
00000043: 8.877     (Y': 6.84342   Cb: 9.57017   Cr: 11.4708 )
00000044: 8.90328   (Y': 6.87164   Cb: 9.58118   Cr: 11.5152 )
00000046: 9.05996   (Y': 7.03459   Cb: 9.67536   Cr: 11.7526 )
00000045: 8.98444   (Y': 6.97468   Cb: 9.62693   Cr: 11.5882 )
00000047: 9.06354   (Y': 7.00647   Cb: 9.71404   Cr: 11.7943 )
00000048: 9.16705   (Y': 7.11421   Cb: 9.82191   Cr: 11.878  )
00000049: 9.28262   (Y': 7.21815   Cb: 9.93354   Cr: 12.035  )
00000050: 9.42612   (Y': 7.30972   Cb: 10.1204   Cr: 12.2679 )
00000051: 9.49024   (Y': 7.37704   Cb: 10.1459   Cr: 12.3858 )
00000052: 9.58899   (Y': 7.46226   Cb: 10.3002   Cr: 12.4353 )
00000054: 9.80055   (Y': 7.58748   Cb: 10.6709   Cr: 12.6656 )
00000053: 9.65244   (Y': 7.52001   Cb: 10.3868   Cr: 12.4791 )
00000055: 9.81128   (Y': 7.62613   Cb: 10.6305   Cr: 12.6681 )
00000056: 9.89336   (Y': 7.68056   Cb: 10.764    Cr: 12.7571 )
00000057: 9.91554   (Y': 7.6908    Cb: 10.8094   Cr: 12.781  )
00000058: 10.0922   (Y': 7.86665   Cb: 11.0134   Cr: 12.9174 )
00000059: 10.0465   (Y': 7.7978    Cb: 11.0084   Cr: 12.8835 )
00000060: 10.0593   (Y': 7.81914   Cb: 11.0162   Cr: 12.8763 )
00000061: 10.088    (Y': 7.80897   Cb: 11.0648   Cr: 13.0007 )
00000062: 10.0434   (Y': 7.78044   Cb: 11.0087   Cr: 12.9216 )
00000063: 10.0115   (Y': 7.7783    Cb: 10.9737   Cr: 12.7983 )
00000064: 10.117    (Y': 7.86659   Cb: 11.1482   Cr: 12.8548 )
00000065: 10.2243   (Y': 7.99886   Cb: 11.2821   Cr: 12.8458 )
00000067: 10.3716   (Y': 8.11221   Cb: 11.4901   Cr: 13.0109 )
00000066: 10.317    (Y': 8.07533   Cb: 11.397    Cr: 12.9566 )
00000068: 10.301    (Y': 8.04471   Cb: 11.47     Cr: 12.8603 )
00000069: 10.3512   (Y': 8.09117   Cb: 11.5302   Cr: 12.9078 )
00000070: 10.4453   (Y': 8.08189   Cb: 11.7584   Cr: 13.1401 )
00000071: 10.4165   (Y': 8.07726   Cb: 11.6894   Cr: 13.0892 )
00000072: 10.547    (Y': 8.15271   Cb: 11.9317   Cr: 13.2431 )
00000073: 10.5965   (Y': 8.20345   Cb: 11.9913   Cr: 13.2752 )
00000074: 10.6184   (Y': 8.14744   Cb: 12.0786   Cr: 13.466  )
00000075: 10.6932   (Y': 8.19269   Cb: 12.1582   Cr: 13.6361 )
00000076: 10.7865   (Y': 8.20422   Cb: 12.3116   Cr: 13.9394 )
00000078: 10.9735   (Y': 8.40638   Cb: 12.525    Cr: 14.0324 )
00000079: 11.0379   (Y': 8.43654   Cb: 12.6421   Cr: 14.1486 )
00000081: 11.1341   (Y': 8.49018   Cb: 12.8617   Cr: 14.2324 )
00000077: 10.8126   (Y': 8.21586   Cb: 12.3802   Cr: 13.9585 )
00000080: 11.0896   (Y': 8.46523   Cb: 12.7884   Cr: 14.1543 )
00000083: 11.3625   (Y': 8.68883   Cb: 13.2027   Cr: 14.4203 )
00000082: 11.2953   (Y': 8.64974   Cb: 13.097    Cr: 14.2997 )
00000084: 11.5596   (Y': 8.8184    Cb: 13.437    Cr: 14.8283 )
00000085: 11.6671   (Y': 8.85948   Cb: 13.5993   Cr: 15.1321 )
00000086: 11.7251   (Y': 8.86116   Cb: 13.7904   Cr: 15.2437 )
00000087: 11.8003   (Y': 8.89147   Cb: 13.9318   Cr: 15.4249 )
00000088: 11.8661   (Y': 8.89095   Cb: 14.1097   Cr: 15.638  )
00000089: 11.9106   (Y': 8.90658   Cb: 14.1811   Cr: 15.7821 )
00000090: 11.9772   (Y': 8.97295   Cb: 14.2112   Cr: 15.9032 )
00000091: 12.0302   (Y': 9.01196   Cb: 14.3197   Cr: 15.9441 )
00000092: 12.105    (Y': 8.97193   Cb: 14.6577   Cr: 16.2268 )
00000093: 12.1587   (Y': 9.059     Cb: 14.6667   Cr: 16.1694 )
00000094: 12.161    (Y': 8.9891    Cb: 14.9409   Cr: 16.1735 )
00000095: 12.1547   (Y': 9.01796   Cb: 14.8211   Cr: 16.1373 )
00000098: 12.0411   (Y': 8.88425   Cb: 14.9597   Cr: 15.8012 )
00000097: 12.0761   (Y': 8.95881   Cb: 14.832    Cr: 15.8443 )
00000096: 12.1122   (Y': 8.99929   Cb: 14.8194   Cr: 15.921  )
00000099: 12.0143   (Y': 8.87629   Cb: 14.9666   Cr: 15.6435 )
00000100: 11.9942   (Y': 8.89369   Cb: 14.9648   Cr: 15.4289 )
00000101: 11.9759   (Y': 8.89805   Cb: 14.9499   Cr: 15.3067 )
00000102: 11.9434   (Y': 8.85307   Cb: 14.866    Cr: 15.3863 )
00000103: 11.835    (Y': 8.72199   Cb: 14.8116   Cr: 15.32   )
00000104: 11.7407   (Y': 8.62039   Cb: 14.743    Cr: 15.2298 )
00000106: 11.6015   (Y': 8.47921   Cb: 14.5253   Cr: 15.1895 )
00000105: 11.681    (Y': 8.52804   Cb: 14.7186   Cr: 15.2826 )
00000107: 11.5464   (Y': 8.44141   Cb: 14.449    Cr: 15.079  )
00000108: 11.4225   (Y': 8.32735   Cb: 14.2629   Cr: 14.9821 )
00000109: 11.4588   (Y': 8.36888   Cb: 14.2738   Cr: 15.0241 )
00000110: 11.3712   (Y': 8.27951   Cb: 14.2365   Cr: 14.8855 )
00000111: 11.3692   (Y': 8.28043   Cb: 14.2055   Cr: 14.9046 )
00000115: 11.459    (Y': 8.30163   Cb: 14.5075   Cr: 15.0693 )
00000112: 11.4103   (Y': 8.31056   Cb: 14.2855   Cr: 14.9501 )
00000113: 11.397    (Y': 8.26218   Cb: 14.3898   Cr: 14.9646 )
00000114: 11.5057   (Y': 8.34795   Cb: 14.4832   Cr: 15.1998 )
00000116: 11.557    (Y': 8.40274   Cb: 14.5542   Cr: 15.2112 )
00000117: 11.6162   (Y': 8.46253   Cb: 14.6426   Cr: 15.2338 )
00000118: 11.6743   (Y': 8.49613   Cb: 14.7724   Cr: 15.3274 )
00000119: 11.7719   (Y': 8.60525   Cb: 14.8723   Cr: 15.3678 )
00000120: 11.8364   (Y': 8.65841   Cb: 14.9507   Cr: 15.4705 )
00000121: 11.8747   (Y': 8.68814   Cb: 15.0407   Cr: 15.4919 )
00000122: 12.0391   (Y': 8.85189   Cb: 15.2204   Cr: 15.6426 )
00000123: 12.126    (Y': 8.95518   Cb: 15.2433   Cr: 15.7225 )
00000124: 12.1808   (Y': 8.98742   Cb: 15.3205   Cr: 15.8604 )
00000125: 12.2734   (Y': 9.05008   Cb: 15.4503   Cr: 16.0589 )
00000126: 12.2065   (Y': 8.99626   Cb: 15.4028   Cr: 15.9053 )
00000129: 12.0731   (Y': 8.85721   Cb: 15.2508   Cr: 15.8207 )
00000128: 12.0687   (Y': 8.84088   Cb: 15.3158   Cr: 15.7968 )
00000130: 12.0451   (Y': 8.84275   Cb: 15.2966   Cr: 15.6445 )
00000127: 12.1068   (Y': 8.89277   Cb: 15.2891   Cr: 15.8398 )
00000131: 11.9576   (Y': 8.71966   Cb: 15.2915   Cr: 15.6402 )
00000132: 11.9347   (Y': 8.71201   Cb: 15.2745   Cr: 15.5368 )
00000133: 11.9928   (Y': 8.7628    Cb: 15.3872   Cr: 15.5726 )
00000134: 12.1083   (Y': 8.90482   Cb: 15.4707   Cr: 15.5958 )
00000136: 12.2204   (Y': 9.01485   Cb: 15.5521   Cr: 15.7494 )
00000135: 12.2073   (Y': 9.00563   Cb: 15.588    Cr: 15.6674 )
00000138: 12.3042   (Y': 9.07516   Cb: 15.6313   Cr: 15.9507 )
00000137: 12.2657   (Y': 9.02403   Cb: 15.7102   Cr: 15.8496 )
00000139: 12.3292   (Y': 9.13282   Cb: 15.5648   Cr: 15.9173 )
00000140: 12.2208   (Y': 8.98615   Cb: 15.4777   Cr: 15.9724 )
00000141: 12.1223   (Y': 8.89783   Cb: 15.3108   Cr: 15.9004 )
00000142: 12.0555   (Y': 8.78329   Cb: 15.345    Cr: 15.9618 )
00000143: 11.9943   (Y': 8.75768   Cb: 15.2085   Cr: 15.8037 )
00000145: 12.0605   (Y': 8.86991   Cb: 15.1457   Cr: 15.7888 )
00000144: 12.0477   (Y': 8.81621   Cb: 15.2006   Cr: 15.9022 )
00000146: 12.0685   (Y': 8.9083    Cb: 15.0375   Cr: 15.7847 )
00000147: 12.1001   (Y': 8.95419   Cb: 15.0386   Cr: 15.7837 )
00000148: 12.0748   (Y': 8.93043   Cb: 14.9632   Cr: 15.8107 )
00000149: 12.1164   (Y': 8.95995   Cb: 15.0101   Cr: 15.9054 )
00000150: 12.0918   (Y': 8.9485    Cb: 14.9911   Cr: 15.8094 )
00000151: 12.0814   (Y': 8.94104   Cb: 14.947    Cr: 15.8257 )
00000153: 12.1017   (Y': 8.98445   Cb: 14.8952   Cr: 15.8229 )
00000152: 12.0797   (Y': 8.93676   Cb: 14.9185   Cr: 15.8699 )
00000155: 12.2327   (Y': 9.11765   Cb: 15.0308   Cr: 15.9371 )
00000154: 12.1869   (Y': 9.07522   Cb: 15.0197   Cr: 15.8329 )
00000156: 12.198    (Y': 9.09819   Cb: 14.9913   Cr: 15.8355 )
00000157: 12.2882   (Y': 9.21746   Cb: 15.0402   Cr: 15.8407 )
00000158: 12.4025   (Y': 9.38886   Cb: 15.0837   Cr: 15.7831 )
00000159: 12.4835   (Y': 9.49381   Cb: 15.1763   Cr: 15.7485 )
00000161: 12.5004   (Y': 9.50114   Cb: 15.0877   Cr: 15.9308 )
00000160: 12.4621   (Y': 9.48892   Cb: 15.0457   Cr: 15.7838 )
00000162: 12.5147   (Y': 9.48781   Cb: 15.1697   Cr: 15.9854 )
00000163: 12.5477   (Y': 9.48007   Cb: 15.2378   Cr: 16.1615 )
00000165: 12.5146   (Y': 9.33555   Cb: 15.3935   Cr: 16.4359 )
00000164: 12.5852   (Y': 9.47897   Cb: 15.318    Cr: 16.3288 )
00000166: 12.5629   (Y': 9.36981   Cb: 15.4385   Cr: 16.5611 )
00000167: 12.5217   (Y': 9.32535   Cb: 15.4193   Cr: 16.5087 )
00000168: 12.714    (Y': 9.55596   Cb: 15.5549   Cr: 16.5765 )
00000169: 12.851    (Y': 9.73096   Cb: 15.5542   Cr: 16.6997 )
00000171: 12.8417   (Y': 9.73056   Cb: 15.6732   Cr: 16.4868 )
00000170: 12.9109   (Y': 9.81744   Cb: 15.5784   Cr: 16.6754 )
00000174: 12.6951   (Y': 9.50526   Cb: 15.4608   Cr: 16.8223 )
00000172: 12.8303   (Y': 9.65872   Cb: 15.6188   Cr: 16.8297 )
00000173: 12.7761   (Y': 9.62539   Cb: 15.533    Cr: 16.7097 )
00000175: 12.7092   (Y': 9.56255   Cb: 15.4439   Cr: 16.6515 )
00000178: 13.1484   (Y': 10.1518   Cb: 15.5434   Cr: 16.8118 )
00000176: 12.8252   (Y': 9.7413    Cb: 15.4265   Cr: 16.63   )
00000177: 12.9248   (Y': 9.86955   Cb: 15.4488   Cr: 16.6927 )
00000179: 13.2873   (Y': 10.3547   Cb: 15.4271   Cr: 17.0084 )
00000180: 13.4958   (Y': 10.5856   Cb: 15.5565   Cr: 17.2287 )
00000181: 13.489    (Y': 10.6055   Cb: 15.5071   Cr: 17.1625 )
00000182: 13.2745   (Y': 10.3086   Cb: 15.4734   Cr: 17.0668 )
00000183: 13.1883   (Y': 10.1475   Cb: 15.5339   Cr: 17.1333 )
00000184: 12.9521   (Y': 9.79939   Cb: 15.4994   Cr: 17.188  )
00000185: 12.9445   (Y': 9.79137   Cb: 15.5809   Cr: 17.0543 )
00000186: 12.8591   (Y': 9.66804   Cb: 15.5806   Cr: 17.0541 )
00000187: 12.8579   (Y': 9.67696   Cb: 15.5628   Cr: 17.021  )
00000188: 12.8086   (Y': 9.63214   Cb: 15.589    Cr: 16.8444 )
00000189: 12.8439   (Y': 9.71133   Cb: 15.4664   Cr: 16.8645 )
00000190: 12.8256   (Y': 9.75407   Cb: 15.4203   Cr: 16.5786 )
00000191: 12.8601   (Y': 9.77005   Cb: 15.4605   Cr: 16.6962 )
00000193: 12.6927   (Y': 9.68552   Cb: 15.0401   Cr: 16.4704 )
00000192: 12.6822   (Y': 9.64459   Cb: 15.096    Cr: 16.5143 )
00000194: 12.6955   (Y': 9.79693   Cb: 14.7998   Cr: 16.3122 )
00000195: 12.7617   (Y': 9.90467   Cb: 14.8246   Cr: 16.2544 )
00000196: 12.7812   (Y': 10.0484   Cb: 14.5957   Cr: 16.1037 )
00000197: 12.8039   (Y': 10.0968   Cb: 14.5392   Cr: 16.1368 )
00000198: 12.5465   (Y': 9.88008   Cb: 14.2011   Cr: 15.8344 )
00000199: 12.5489   (Y': 9.86287   Cb: 14.282    Cr: 15.8009 )
00000201: 12.0976   (Y': 9.63152   Cb: 13.5403   Cr: 14.9527 )
00000200: 12.5422   (Y': 9.961     Cb: 14.1431   Cr: 15.5831 )
00000202: 12.4778   (Y': 9.96105   Cb: 14.0089   Cr: 15.3855 )
00000203: 12.2259   (Y': 9.80689   Cb: 13.6587   Cr: 14.9378 )
00000204: 12.0611   (Y': 9.51708   Cb: 13.6542   Cr: 14.9799 )
00000205: 12.1394   (Y': 9.59585   Cb: 13.6506   Cr: 15.17   )
00000206: 12.0063   (Y': 9.45984   Cb: 13.5418   Cr: 15.013  )
00000207: 11.8827   (Y': 9.32088   Cb: 13.379    Cr: 15.0016 )
00000208: 11.7999   (Y': 9.33904   Cb: 13.2207   Cr: 14.6673 )
00000209: 11.8333   (Y': 9.32273   Cb: 13.2941   Cr: 14.8174 )
00000210: 11.7554   (Y': 9.29694   Cb: 13.1383   Cr: 14.6681 )
00000211: 11.8938   (Y': 9.4785    Cb: 13.2706   Cr: 14.6693 )
00000212: 11.8732   (Y': 9.335     Cb: 13.4006   Cr: 14.8615 )
00000213: 11.8622   (Y': 9.32337   Cb: 13.4617   Cr: 14.7537 )
00000214: 11.842    (Y': 9.34213   Cb: 13.4028   Cr: 14.6513 )
00000215: 11.7945   (Y': 9.31401   Cb: 13.3242   Cr: 14.5802 )
00000216: 11.7444   (Y': 9.24561   Cb: 13.3181   Cr: 14.5328 )
00000217: 11.7771   (Y': 9.26807   Cb: 13.3741   Cr: 14.5697 )
00000218: 11.9019   (Y': 9.42741   Cb: 13.4451   Cr: 14.6492 )
00000219: 11.8071   (Y': 9.28761   Cb: 13.347    Cr: 14.7123 )
00000220: 11.9439   (Y': 9.5092    Cb: 13.4108   Cr: 14.6611 )
00000221: 12.0266   (Y': 9.59707   Cb: 13.6067   Cr: 14.5812 )
00000222: 11.9285   (Y': 9.4702    Cb: 13.5368   Cr: 14.5388 )
00000223: 11.9327   (Y': 9.45855   Cb: 13.5313   Cr: 14.6073 )
00000224: 11.9463   (Y': 9.46243   Cb: 13.512    Cr: 14.6956 )
00000225: 12.202    (Y': 9.72101   Cb: 13.8141   Cr: 14.8813 )
00000226: 11.7516   (Y': 9.3189    Cb: 13.2666   Cr: 14.3989 )
00000227: 11.725    (Y': 9.34877   Cb: 13.1738   Cr: 14.2792 )
00000228: 11.5713   (Y': 9.19072   Cb: 13.0064   Cr: 14.157  )
00000229: 11.336    (Y': 8.97832   Cb: 12.6707   Cr: 13.983  )
00000230: 11.2551   (Y': 8.91294   Cb: 12.535    Cr: 13.9277 )
00000233: 11.0768   (Y': 8.67968   Cb: 12.3469   Cr: 13.9425 )
00000232: 11.1008   (Y': 8.74759   Cb: 12.3217   Cr: 13.8921 )
00000231: 11.3515   (Y': 9.03665   Cb: 12.6146   Cr: 13.9611 )
00000234: 11.1295   (Y': 8.76355   Cb: 12.4193   Cr: 13.8648 )
00000235: 11.179    (Y': 8.86515   Cb: 12.4199   Cr: 13.8163 )
00000236: 11.1024   (Y': 8.77459   Cb: 12.3624   Cr: 13.7572 )
00000237: 11.1511   (Y': 8.84607   Cb: 12.3562   Cr: 13.8103 )
00000238: 11.2808   (Y': 8.94411   Cb: 12.531    Cr: 13.9772 )
00000239: 11.3491   (Y': 8.99183   Cb: 12.6029   Cr: 14.1068 )
00000241: 11.6929   (Y': 9.32615   Cb: 12.9031   Cr: 14.5439 )
00000240: 11.6423   (Y': 9.27693   Cb: 12.8572   Cr: 14.4821 )
00000242: 11.6997   (Y': 9.3051    Cb: 12.9239   Cr: 14.6243 )
00000243: 11.6308   (Y': 9.22727   Cb: 12.8463   Cr: 14.5985 )
00000246: 11.7959   (Y': 9.27586   Cb: 13.0039   Cr: 15.2035 )
00000245: 11.7278   (Y': 9.24122   Cb: 12.9579   Cr: 14.9712 )
00000244: 11.7282   (Y': 9.27445   Cb: 12.9559   Cr: 14.8544 )
00000247: 11.778    (Y': 9.21981   Cb: 12.9973   Cr: 15.3185 )
00000248: 11.8322   (Y': 9.22572   Cb: 13.0651   Cr: 15.5512 )
00000250: 11.9925   (Y': 9.40073   Cb: 13.2385   Cr: 15.6263 )
00000249: 11.8844   (Y': 9.26933   Cb: 13.1625   Cr: 15.5609 )
00000251: 12.0621   (Y': 9.45878   Cb: 13.3418   Cr: 15.6863 )
00000254: 12.1517   (Y': 9.52364   Cb: 13.6335   Cr: 15.5471 )
00000252: 12.0094   (Y': 9.3883    Cb: 13.3474   Cr: 15.6087 )
00000253: 12.0618   (Y': 9.42422   Cb: 13.4645   Cr: 15.6224 )
00000256: 12.2044   (Y': 9.47661   Cb: 13.9359   Cr: 15.6263 )
00000255: 12.1878   (Y': 9.4915    Cb: 13.7795   Cr: 15.6908 )
00000257: 12.3427   (Y': 9.61782   Cb: 14.0841   Cr: 15.7385 )
00000258: 12.2578   (Y': 9.51025   Cb: 14.0249   Cr: 15.7096 )
00000259: 12.3022   (Y': 9.54814   Cb: 14.092    Cr: 15.7474 )
00000261: 12.2004   (Y': 9.4297    Cb: 13.8977   Cr: 15.8573 )
00000260: 12.1912   (Y': 9.40805   Cb: 13.923    Cr: 15.8489 )
00000262: 12.1924   (Y': 9.33903   Cb: 14.0196   Cr: 16.0183 )
00000263: 12.2071   (Y': 9.35986   Cb: 13.9919   Cr: 16.0719 )
00000264: 12.277    (Y': 9.42467   Cb: 14.0701   Cr: 16.1521 )
00000265: 12.2715   (Y': 9.3903    Cb: 14.1567   Cr: 16.1358 )
00000266: 12.4289   (Y': 9.58783   Cb: 14.2372   Cr: 16.2277 )
00000267: 12.4955   (Y': 9.63287   Cb: 14.3428   Cr: 16.3327 )
00000268: 12.6228   (Y': 9.75107   Cb: 14.5271   Cr: 16.4133 )
00000269: 12.6392   (Y': 9.75568   Cb: 14.5126   Cr: 16.5336 )
00000270: 12.7536   (Y': 9.87311   Cb: 14.6879   Cr: 16.5385 )
00000271: 12.7668   (Y': 9.91463   Cb: 14.6789   Cr: 16.4558 )
00000272: 12.8434   (Y': 9.95236   Cb: 14.8279   Cr: 16.6013 )
00000273: 12.8682   (Y': 9.98515   Cb: 14.8781   Cr: 16.5516 )
00000274: 12.8136   (Y': 9.84185   Cb: 14.9616   Cr: 16.7086 )
00000275: 12.8724   (Y': 9.90229   Cb: 15.0439   Cr: 16.7243 )
00000276: 12.71     (Y': 9.69539   Cb: 14.9055   Cr: 16.7456 )
00000277: 12.6476   (Y': 9.62618   Cb: 14.8223   Cr: 16.7506 )
00000278: 12.713    (Y': 9.69421   Cb: 14.8751   Cr: 16.822  )
00000279: 12.7185   (Y': 9.70348   Cb: 14.9027   Cr: 16.7735 )
00000280: 12.6298   (Y': 9.61521   Cb: 14.8011   Cr: 16.7028 )
00000281: 12.6311   (Y': 9.62909   Cb: 14.7645   Cr: 16.6988 )
00000282: 12.6485   (Y': 9.67378   Cb: 14.7177   Cr: 16.6789 )
00000283: 12.676    (Y': 9.69745   Cb: 14.7441   Cr: 16.7272 )
00000284: 12.6079   (Y': 9.64378   Cb: 14.6398   Cr: 16.6437 )
00000285: 12.6195   (Y': 9.66667   Cb: 14.6244   Cr: 16.6417 )
00000286: 12.625    (Y': 9.70846   Cb: 14.5975   Cr: 16.5212 )
00000289: 12.5479   (Y': 9.58154   Cb: 14.6425   Cr: 16.4972 )
00000288: 12.5539   (Y': 9.57923   Cb: 14.6939   Cr: 16.4748 )
00000287: 12.6134   (Y': 9.67321   Cb: 14.6238   Cr: 16.5645 )
00000290: 12.4399   (Y': 9.49383   Cb: 14.5368   Cr: 16.2877 )
00000291: 12.3713   (Y': 9.4156    Cb: 14.4873   Cr: 16.2367 )
00000292: 12.3896   (Y': 9.4995    Cb: 14.4232   Cr: 16.07   )
00000293: 12.3726   (Y': 9.52335   Cb: 14.3349   Cr: 15.974  )
00000294: 12.4971   (Y': 9.58628   Cb: 14.528    Cr: 16.2768 )
00000295: 12.5087   (Y': 9.62378   Cb: 14.4724   Cr: 16.269  )
00000296: 12.5184   (Y': 9.56228   Cb: 14.6111   Cr: 16.4208 )
00000297: 12.5223   (Y': 9.55698   Cb: 14.638    Cr: 16.4341 )
00000298: 12.6253   (Y': 9.64211   Cb: 14.7236   Cr: 16.6529 )
00000299: 12.5778   (Y': 9.64202   Cb: 14.6512   Cr: 16.4115 )
00000300: 12.6183   (Y': 9.68078   Cb: 14.7443   Cr: 16.3825 )
00000301: 12.5726   (Y': 9.66841   Cb: 14.6757   Cr: 16.2168 )
00000303: 12.4829   (Y': 9.56624   Cb: 14.5483   Cr: 16.2389 )
00000304: 12.5032   (Y': 9.54607   Cb: 14.6169   Cr: 16.3788 )
00000302: 12.4486   (Y': 9.5535    Cb: 14.517    Cr: 16.1012 )
00000305: 12.5325   (Y': 9.57828   Cb: 14.6153   Cr: 16.4406 )
00000306: 12.4929   (Y': 9.60261   Cb: 14.4604   Cr: 16.2724 )
00000307: 12.5645   (Y': 9.70856   Cb: 14.4944   Cr: 16.2441 )
00000308: 12.5738   (Y': 9.74618   Cb: 14.4037   Cr: 16.2775 )
00000309: 12.6299   (Y': 9.82817   Cb: 14.4208   Cr: 16.2779 )
00000311: 12.6225   (Y': 9.84308   Cb: 14.4423   Cr: 16.1304 )
00000313: 12.6204   (Y': 9.80053   Cb: 14.4464   Cr: 16.2953 )
00000310: 12.5814   (Y': 9.80968   Cb: 14.3532   Cr: 16.1278 )
00000312: 12.6538   (Y': 9.81744   Cb: 14.5405   Cr: 16.3102 )
00000314: 12.5429   (Y': 9.72605   Cb: 14.4347   Cr: 16.1059 )
00000315: 12.5377   (Y': 9.69089   Cb: 14.4345   Cr: 16.226  )
00000316: 12.5725   (Y': 9.74755   Cb: 14.4845   Cr: 16.1409 )
00000317: 12.5404   (Y': 9.72694   Cb: 14.4001   Cr: 16.1359 )
00000318: 12.6655   (Y': 9.83593   Cb: 14.5551   Cr: 16.2878 )
00000320: 12.7146   (Y': 9.90369   Cb: 14.4693   Cr: 16.4602 )
00000319: 12.6705   (Y': 9.84762   Cb: 14.4896   Cr: 16.3697 )
00000321: 12.7148   (Y': 9.8737    Cb: 14.5165   Cr: 16.5238 )
00000322: 12.739    (Y': 9.91841   Cb: 14.5617   Cr: 16.4219 )
00000323: 12.7966   (Y': 10.0076   Cb: 14.5425   Cr: 16.4575 )
00000324: 12.8497   (Y': 10.1127   Cb: 14.525    Cr: 16.3949 )
00000325: 12.9155   (Y': 10.1839   Cb: 14.5375   Cr: 16.5207 )
00000326: 12.942    (Y': 10.174    Cb: 14.5925   Cr: 16.6611 )
00000329: 13.1418   (Y': 10.4502   Cb: 14.7729   Cr: 16.5649 )
00000328: 13.203    (Y': 10.4993   Cb: 14.7491   Cr: 16.8093 )
00000327: 12.9899   (Y': 10.2557   Cb: 14.5666   Cr: 16.679  )
00000330: 13.0517   (Y': 10.3489   Cb: 14.6228   Cr: 16.6146 )
00000331: 12.9386   (Y': 10.2377   Cb: 14.5014   Cr: 16.5065 )
00000332: 12.8644   (Y': 10.1324   Cb: 14.4404   Cr: 16.5452 )
00000333: 12.874    (Y': 10.1573   Cb: 14.4328   Cr: 16.5158 )
00000335: 12.5688   (Y': 9.81944   Cb: 14.1568   Cr: 16.3066 )
00000334: 12.6946   (Y': 9.98307   Cb: 14.2896   Cr: 16.2569 )
00000337: 12.6141   (Y': 9.87245   Cb: 14.1753   Cr: 16.3621 )
00000336: 12.6352   (Y': 9.93125   Cb: 14.1608   Cr: 16.2758 )
00000338: 12.6638   (Y': 9.87912   Cb: 14.296    Cr: 16.4884 )
00000339: 12.6632   (Y': 9.84669   Cb: 14.3436   Cr: 16.5549 )
00000340: 12.7018   (Y': 9.83563   Cb: 14.4809   Cr: 16.6659 )
00000341: 12.7248   (Y': 9.83273   Cb: 14.5499   Cr: 16.7387 )
00000344: 12.5541   (Y': 9.69537   Cb: 14.35     Cr: 16.4555 )
00000343: 12.5767   (Y': 9.70889   Cb: 14.3916   Cr: 16.4903 )
00000342: 12.5925   (Y': 9.67775   Cb: 14.4646   Cr: 16.6406 )
00000345: 12.5597   (Y': 9.7003    Cb: 14.3671   Cr: 16.4455 )
00000346: 12.5724   (Y': 9.74475   Cb: 14.3348   Cr: 16.3822 )
00000347: 12.7041   (Y': 9.9154    Cb: 14.4174   Cr: 16.4153 )
00000348: 12.5462   (Y': 9.76174   Cb: 14.211    Cr: 16.3161 )
00000350: 12.3531   (Y': 9.54499   Cb: 14.1163   Cr: 16.0724 )
00000349: 12.6248   (Y': 9.86053   Cb: 14.2758   Cr: 16.3267 )
00000351: 12.2828   (Y': 9.41943   Cb: 14.1714   Cr: 16.0588 )
00000352: 12.1696   (Y': 9.3123    Cb: 14.0534   Cr: 15.9253 )
00000353: 12.1832   (Y': 9.33882   Cb: 13.985    Cr: 16.0078 )
00000355: 12.2367   (Y': 9.35214   Cb: 14.1873   Cr: 16.0156 )
00000354: 12.1745   (Y': 9.29471   Cb: 14.0837   Cr: 15.995  )
00000356: 12.1678   (Y': 9.34107   Cb: 14.0039   Cr: 15.8577 )
00000357: 12.1376   (Y': 9.3145    Cb: 13.916    Cr: 15.9009 )
00000358: 12.0967   (Y': 9.24276   Cb: 13.9156   Cr: 15.9382 )
00000360: 12.0793   (Y': 9.25653   Cb: 13.8712   Cr: 15.8198 )
00000359: 12.0398   (Y': 9.20842   Cb: 13.7688   Cr: 15.9215 )
00000361: 12.0763   (Y': 9.2349    Cb: 13.8546   Cr: 15.9247 )
00000362: 12.0734   (Y': 9.217     Cb: 13.9237   Cr: 15.8768 )
00000363: 12.1415   (Y': 9.33174   Cb: 13.9367   Cr: 15.8187 )
00000364: 12.1189   (Y': 9.31753   Cb: 13.9412   Cr: 15.7178 )
00000365: 12.058    (Y': 9.26092   Cb: 13.8591   Cr: 15.6703 )
00000366: 12.0327   (Y': 9.26137   Cb: 13.7953   Cr: 15.5913 )
00000367: 12.0415   (Y': 9.28035   Cb: 13.756    Cr: 15.6301 )
00000369: 11.9836   (Y': 9.23848   Cb: 13.7295   Cr: 15.4561 )
00000368: 12.0009   (Y': 9.28305   Cb: 13.6688   Cr: 15.4768 )
00000370: 11.976    (Y': 9.23577   Cb: 13.6311   Cr: 15.5664 )
00000371: 11.8936   (Y': 9.16371   Cb: 13.5057   Cr: 15.507  )
00000372: 11.8795   (Y': 9.14226   Cb: 13.5161   Cr: 15.4861 )
00000373: 11.9691   (Y': 9.22162   Cb: 13.6192   Cr: 15.5989 )
00000374: 12.2649   (Y': 9.55749   Cb: 13.8919   Cr: 15.7597 )
00000375: 12.3625   (Y': 9.69852   Cb: 13.8507   Cr: 15.8942 )
00000377: 12.4639   (Y': 9.8391    Cb: 13.8743   Cr: 15.9594 )
00000376: 12.3674   (Y': 9.73613   Cb: 13.8034   Cr: 15.848  )
00000378: 12.5203   (Y': 9.88763   Cb: 14.0288   Cr: 15.893  )
00000379: 12.5652   (Y': 9.92312   Cb: 14.1368   Cr: 15.8794 )
00000380: 12.695    (Y': 10.0477   Cb: 14.2808   Cr: 16.0089 )
00000382: 12.637    (Y': 10.0283   Cb: 14.1524   Cr: 15.9046 )
00000381: 12.7016   (Y': 10.0222   Cb: 14.3739   Cr: 16.0151 )
00000383: 12.6624   (Y': 10.0623   Cb: 14.1894   Cr: 15.8797 )
00000384: 12.7504   (Y': 10.2181   Cb: 14.213    Cr: 15.8103 )
00000385: 12.711    (Y': 10.1372   Cb: 14.2377   Cr: 15.8301 )
00000386: 12.8088   (Y': 10.2217   Cb: 14.4314   Cr: 15.8413 )
00000387: 12.787    (Y': 10.1776   Cb: 14.4936   Cr: 15.7857 )
00000388: 12.8864   (Y': 10.2774   Cb: 14.6028   Cr: 15.8704 )
00000390: 12.8041   (Y': 10.1753   Cb: 14.5715   Cr: 15.7925 )
00000391: 12.8344   (Y': 10.2503   Cb: 14.5302   Cr: 15.7565 )
00000389: 12.8623   (Y': 10.2286   Cb: 14.6596   Cr: 15.829  )
00000392: 12.78     (Y': 10.1732   Cb: 14.5195   Cr: 15.7258 )
00000393: 12.7935   (Y': 10.2177   Cb: 14.5662   Cr: 15.5877 )
00000395: 12.6374   (Y': 10.0537   Cb: 14.4843   Cr: 15.3658 )
00000394: 12.7268   (Y': 10.1769   Cb: 14.5567   Cr: 15.3626 )
00000396: 12.6564   (Y': 10.0797   Cb: 14.4746   Cr: 15.3965 )
00000399: 12.4521   (Y': 9.92198   Cb: 14.1495   Cr: 15.1863 )
00000398: 12.5561   (Y': 9.99543   Cb: 14.3532   Cr: 15.2679 )
00000397: 12.6407   (Y': 10.0252   Cb: 14.426    Cr: 15.5579 )
00000400: 12.4354   (Y': 9.91824   Cb: 14.1721   Cr: 15.0774 )
00000401: 12.3459   (Y': 9.78222   Cb: 14.1903   Cr: 15.0102 )
00000402: 12.3773   (Y': 9.7895    Cb: 14.1927   Cr: 15.1591 )
00000403: 12.3717   (Y': 9.76133   Cb: 14.1129   Cr: 15.328  )
00000404: 12.3288   (Y': 9.62698   Cb: 14.1494   Cr: 15.5204 )
00000405: 12.3419   (Y': 9.60433   Cb: 14.2015   Cr: 15.6204 )
00000406: 12.3725   (Y': 9.66479   Cb: 14.0704   Cr: 15.7622 )
00000407: 12.4374   (Y': 9.78792   Cb: 14.0712   Cr: 15.6893 )
00000409: 12.4252   (Y': 9.75375   Cb: 14.0113   Cr: 15.8349 )
00000408: 12.4102   (Y': 9.73057   Cb: 14.0311   Cr: 15.8008 )
00000411: 12.4995   (Y': 9.83528   Cb: 13.897    Cr: 16.1815 )
00000410: 12.5027   (Y': 9.85958   Cb: 13.9017   Cr: 16.0929 )
00000412: 12.4855   (Y': 9.79305   Cb: 13.9069   Cr: 16.2501 )
00000414: 12.4206   (Y': 9.7415    Cb: 13.7995   Cr: 16.1996 )
00000413: 12.4614   (Y': 9.809     Cb: 13.7965   Cr: 16.1992 )
00000415: 12.491    (Y': 9.83721   Cb: 13.8544   Cr: 16.186  )
00000417: 12.5222   (Y': 9.86359   Cb: 13.8331   Cr: 16.3303 )
00000416: 12.5207   (Y': 9.83958   Cb: 13.8966   Cr: 16.3137 )
00000418: 12.578    (Y': 9.98374   Cb: 13.8871   Cr: 16.1146 )
00000419: 12.6317   (Y': 10.0259   Cb: 14.03     Cr: 16.0695 )
00000420: 12.6894   (Y': 10.0905   Cb: 14.0369   Cr: 16.1815 )
00000421: 12.6637   (Y': 10.0144   Cb: 14.055    Cr: 16.2922 )
00000423: 12.6944   (Y': 10.1002   Cb: 14.0241   Cr: 16.196  )
00000422: 12.7017   (Y': 10.1188   Cb: 14.0509   Cr: 16.1265 )
00000424: 12.5772   (Y': 9.91475   Cb: 13.9531   Cr: 16.2886 )
00000425: 12.4197   (Y': 9.76624   Cb: 13.8121   Cr: 16.0645 )
00000426: 12.0234   (Y': 9.33278   Cb: 13.4853   Cr: 15.7117 )
00000427: 11.9839   (Y': 9.33039   Cb: 13.3645   Cr: 15.6488 )
00000428: 11.9521   (Y': 9.28118   Cb: 13.3069   Cr: 15.7371 )
00000429: 11.8985   (Y': 9.20759   Cb: 13.2864   Cr: 15.7142 )
00000431: 11.8914   (Y': 9.20654   Cb: 13.2083   Cr: 15.8067 )
00000430: 11.9103   (Y': 9.23943   Cb: 13.2299   Cr: 15.7571 )
00000432: 11.7084   (Y': 9.06796   Cb: 12.8948   Cr: 15.6627 )
00000433: 11.7534   (Y': 9.07122   Cb: 13.0288   Cr: 15.733  )
00000434: 11.791    (Y': 9.12556   Cb: 13.0371   Cr: 15.7476 )
00000435: 11.832    (Y': 9.11048   Cb: 13.209    Cr: 15.807  )
00000436: 11.8196   (Y': 9.0801    Cb: 13.2598   Cr: 15.7653 )
00000437: 11.9019   (Y': 9.20306   Cb: 13.3313   Cr: 15.6808 )
00000438: 11.9763   (Y': 9.22123   Cb: 13.5354   Cr: 15.7879 )
00000439: 11.9782   (Y': 9.17745   Cb: 13.6229   Cr: 15.8559 )
00000440: 11.9875   (Y': 9.29712   Cb: 13.4242   Cr: 15.7172 )
00000441: 11.9971   (Y': 9.32717   Cb: 13.3724   Cr: 15.7418 )
00000443: 11.9001   (Y': 9.21466   Cb: 13.3938   Cr: 15.5137 )
00000442: 11.9297   (Y': 9.26004   Cb: 13.3555   Cr: 15.5879 )
00000444: 11.9164   (Y': 9.24791   Cb: 13.3657   Cr: 15.5301 )
00000445: 11.9731   (Y': 9.26937   Cb: 13.4479   Cr: 15.6968 )
00000446: 11.9121   (Y': 9.17632   Cb: 13.342    Cr: 15.8589 )
00000447: 12.0271   (Y': 9.33356   Cb: 13.4164   Cr: 15.8524 )
00000448: 11.9624   (Y': 9.28466   Cb: 13.2096   Cr: 15.9741 )
00000449: 11.9553   (Y': 9.28637   Cb: 13.2046   Cr: 15.922  )
00000450: 12.0631   (Y': 9.37127   Cb: 13.3842   Cr: 16.0029 )
00000451: 12.0338   (Y': 9.34417   Cb: 13.381    Cr: 15.9163 )
00000452: 11.9766   (Y': 9.32244   Cb: 13.2987   Cr: 15.7445 )
00000453: 12.0017   (Y': 9.37558   Cb: 13.2255   Cr: 15.8221 )
00000454: 11.9462   (Y': 9.31574   Cb: 13.2332   Cr: 15.6732 )
00000455: 11.9767   (Y': 9.33413   Cb: 13.2988   Cr: 15.6949 )
00000457: 12.2179   (Y': 9.65257   Cb: 13.4421   Cr: 15.7795 )
00000456: 11.9726   (Y': 9.36173   Cb: 13.2729   Cr: 15.5927 )
00000459: 12.3634   (Y': 9.84661   Cb: 13.5284   Cr: 15.8299 )
00000458: 12.3804   (Y': 9.8734    Cb: 13.4634   Cr: 15.9498 )
00000460: 12.3963   (Y': 9.83738   Cb: 13.6242   Cr: 15.9255 )
00000461: 12.452    (Y': 9.89782   Cb: 13.6597   Cr: 15.996  )
00000462: 12.5926   (Y': 9.98176   Cb: 13.8943   Cr: 16.2104 )
00000463: 12.6772   (Y': 10.0667   Cb: 13.9414   Cr: 16.3584 )
00000464: 12.6489   (Y': 9.97873   Cb: 14.0069   Cr: 16.4252 )
00000465: 12.6483   (Y': 9.97239   Cb: 14.0309   Cr: 16.4068 )
00000466: 12.7637   (Y': 10.0641   Cb: 14.2097   Cr: 16.5183 )
00000467: 12.7437   (Y': 10.0328   Cb: 14.2207   Cr: 16.4955 )
00000468: 12.7639   (Y': 10.0673   Cb: 14.2535   Cr: 16.4319 )
00000469: 12.7669   (Y': 10.0604   Cb: 14.2349   Cr: 16.5146 )
00000470: 12.7696   (Y': 10.0268   Cb: 14.3133   Cr: 16.5515 )
00000471: 12.8406   (Y': 10.1104   Cb: 14.3198   Cr: 16.6751 )
00000472: 12.91     (Y': 10.1928   Cb: 14.3585   Cr: 16.7389 )
00000473: 12.9114   (Y': 10.1532   Cb: 14.4895   Cr: 16.7054 )
00000475: 13.0502   (Y': 10.2554   Cb: 14.7003   Cr: 16.8915 )
00000474: 12.9788   (Y': 10.2242   Cb: 14.5478   Cr: 16.7713 )
00000476: 12.9777   (Y': 10.209    Cb: 14.5805   Cr: 16.778  )
00000477: 13.0029   (Y': 10.2631   Cb: 14.5286   Cr: 16.8015 )
00000478: 12.908    (Y': 10.1854   Cb: 14.3732   Cr: 16.732  )
00000479: 12.8475   (Y': 10.1613   Cb: 14.1777   Cr: 16.7444 )
00000480: 12.6528   (Y': 10.0431   Cb: 13.8591   Cr: 16.4336 )
00000481: 12.6148   (Y': 9.99089   Cb: 13.8269   Cr: 16.447  )
00000482: 12.6418   (Y': 10.0257   Cb: 13.8305   Cr: 16.4822 )
00000483: 12.5067   (Y': 9.88936   Cb: 13.701    Cr: 16.3421 )
00000484: 12.4604   (Y': 9.85224   Cb: 13.6042   Cr: 16.3494 )
00000485: 12.4411   (Y': 9.86988   Cb: 13.5249   Cr: 16.2795 )
00000487: 12.2691   (Y': 9.71026   Cb: 13.3393   Cr: 16.0794 )
00000486: 12.3733   (Y': 9.81147   Cb: 13.4508   Cr: 16.183  )
00000489: 12.2787   (Y': 9.70946   Cb: 13.3769   Cr: 16.0818 )
00000488: 12.2754   (Y': 9.712     Cb: 13.3739   Cr: 16.053  )
00000491: 12.1403   (Y': 9.54179   Cb: 13.2543   Cr: 16.0424 )
00000490: 12.2519   (Y': 9.64513   Cb: 13.3903   Cr: 16.1445 )
00000492: 12.1057   (Y': 9.48111   Cb: 13.3106   Cr: 15.9542 )
00000493: 12.0504   (Y': 9.45008   Cb: 13.2076   Cr: 15.8798 )
00000495: 12.0843   (Y': 9.59168   Cb: 13.0893   Cr: 15.7362 )
00000494: 12.0774   (Y': 9.57263   Cb: 13.0788   Cr: 15.7866 )
00000497: 11.9409   (Y': 9.4573    Cb: 12.888    Cr: 15.6634 )
00000496: 12.0241   (Y': 9.52904   Cb: 13.0301   Cr: 15.684  )
00000498: 11.9119   (Y': 9.44209   Cb: 12.8971   Cr: 15.5069 )
00000499: 11.88     (Y': 9.44866   Cb: 12.8106   Cr: 15.4212 )
00000500: 11.8129   (Y': 9.39374   Cb: 12.8432   Cr: 15.1321 )
00000501: 11.8233   (Y': 9.37961   Cb: 12.8935   Cr: 15.1672 )
00000502: 11.8793   (Y': 9.41009   Cb: 12.9665   Cr: 15.2922 )
00000503: 11.8646   (Y': 9.3668    Cb: 13.016    Cr: 15.2795 )
00000504: 11.874    (Y': 9.39966   Cb: 13.0612   Cr: 15.1403 )
00000505: 11.9013   (Y': 9.47845   Cb: 13.0297   Cr: 15.0725 )
00000506: 11.9909   (Y': 9.59108   Cb: 13.047    Cr: 15.1953 )
00000507: 12.0063   (Y': 9.59894   Cb: 13.0686   Cr: 15.2282 )
00000508: 11.968    (Y': 9.54797   Cb: 13.0251   Cr: 15.245  )
00000509: 11.9852   (Y': 9.56185   Cb: 13.0468   Cr: 15.2672 )
00000510: 11.9181   (Y': 9.56511   Cb: 12.8358   Cr: 15.1843 )
00000511: 11.8452   (Y': 9.45073   Cb: 12.8029   Cr: 15.1957 )
00000512: 11.7325   (Y': 9.40073   Cb: 12.6282   Cr: 14.9599 )
00000513: 11.7109   (Y': 9.38589   Cb: 12.6548   Cr: 14.8331 )
00000514: 11.629    (Y': 9.39232   Cb: 12.4329   Cr: 14.6801 )
00000515: 11.618    (Y': 9.38494   Cb: 12.4226   Cr: 14.6559 )
00000516: 11.5071   (Y': 9.23115   Cb: 12.4126   Cr: 14.5231 )
00000517: 11.4916   (Y': 9.24435   Cb: 12.3008   Cr: 14.5695 )
00000519: 11.5071   (Y': 9.25273   Cb: 12.3076   Cr: 14.6246 )
00000518: 11.57     (Y': 9.29154   Cb: 12.3981   Cr: 14.7236 )
00000520: 11.5403   (Y': 9.24899   Cb: 12.3788   Cr: 14.7212 )
00000521: 11.5667   (Y': 9.25069   Cb: 12.4171   Cr: 14.8156 )
00000522: 11.6146   (Y': 9.23076   Cb: 12.5818   Cr: 14.9093 )
00000523: 11.5775   (Y': 9.20045   Cb: 12.5564   Cr: 14.8273 )
00000524: 11.682    (Y': 9.3116    Cb: 12.6641   Cr: 14.902  )
00000525: 11.7054   (Y': 9.33558   Cb: 12.7285   Cr: 14.8558 )
00000527: 12.08     (Y': 9.70607   Cb: 13.0429   Cr: 15.3457 )
00000526: 12.0089   (Y': 9.60253   Cb: 13.06     Cr: 15.2452 )
00000528: 11.9123   (Y': 9.633     Cb: 12.7522   Cr: 15.049  )
00000529: 11.9033   (Y': 9.62729   Cb: 12.7739   Cr: 14.9771 )
00000530: 12.0607   (Y': 9.80734   Cb: 12.9036   Cr: 15.1031 )
00000531: 12.0695   (Y': 9.76349   Cb: 12.9877   Cr: 15.1678 )
00000532: 12.1305   (Y': 9.72398   Cb: 13.1418   Cr: 15.4343 )
00000533: 12.164    (Y': 9.77607   Cb: 13.1574   Cr: 15.4293 )
00000534: 12.0107   (Y': 9.62542   Cb: 12.9513   Cr: 15.3563 )
00000535: 11.8151   (Y': 9.44427   Cb: 12.7119   Cr: 15.1836 )
00000536: 11.7578   (Y': 9.34895   Cb: 12.7476   Cr: 15.1073 )
00000537: 11.8141   (Y': 9.39643   Cb: 12.8298   Cr: 15.152  )
00000538: 11.7652   (Y': 9.39725   Cb: 12.7444   Cr: 14.9814 )
00000539: 11.7139   (Y': 9.2863    Cb: 12.7762   Cr: 15.0104 )
00000540: 11.7448   (Y': 9.32144   Cb: 12.8406   Cr: 14.9705 )
00000541: 11.7716   (Y': 9.3745    Cb: 12.8609   Cr: 14.9124 )
00000543: 11.8636   (Y': 9.44397   Cb: 12.966    Cr: 15.0648 )
00000542: 11.7874   (Y': 9.389     Cb: 12.8233   Cr: 15.02   )
00000544: 11.8821   (Y': 9.49047   Cb: 12.901    Cr: 15.1182 )
00000546: 11.9134   (Y': 9.64901   Cb: 12.7446   Cr: 15.0133 )
00000545: 11.8284   (Y': 9.47199   Cb: 12.7829   Cr: 15.0448 )
00000548: 11.9105   (Y': 9.7895    Cb: 12.5468   Cr: 14.8638 )
00000547: 11.935    (Y': 9.71147   Cb: 12.6915   Cr: 15.0218 )
00000549: 11.8383   (Y': 9.63655   Cb: 12.5856   Cr: 14.8677 )
00000550: 11.757    (Y': 9.56148   Cb: 12.4749   Cr: 14.8157 )
00000551: 11.7012   (Y': 9.48595   Cb: 12.449    Cr: 14.7751 )
00000552: 11.5564   (Y': 9.36766   Cb: 12.2148   Cr: 14.6956 )
00000553: 11.404    (Y': 9.19834   Cb: 12.092    Cr: 14.5488 )
00000554: 11.2851   (Y': 9.11146   Cb: 11.9272   Cr: 14.4017 )
00000555: 11.2712   (Y': 9.11372   Cb: 11.8939   Cr: 14.3676 )
00000556: 11.4772   (Y': 9.43192   Cb: 12.1005   Cr: 14.2163 )
00000557: 11.5627   (Y': 9.53177   Cb: 12.2417   Cr: 14.1709 )
00000558: 11.6557   (Y': 9.6274    Cb: 12.3318   Cr: 14.2607 )
00000559: 11.603    (Y': 9.51881   Cb: 12.3699   Cr: 14.2316 )
00000563: 11.5901   (Y': 9.24635   Cb: 12.54     Cr: 14.7683 )
00000561: 11.6876   (Y': 9.3243    Cb: 12.7658   Cr: 14.7271 )
00000560: 11.6693   (Y': 9.42791   Cb: 12.6291   Cr: 14.4861 )
00000562: 11.5376   (Y': 9.19394   Cb: 12.5321   Cr: 14.6421 )
00000564: 11.7461   (Y': 9.46824   Cb: 12.6271   Cr: 14.8091 )
00000565: 11.8953   (Y': 9.6398    Cb: 12.6363   Cr: 15.1199 )
00000566: 12.0987   (Y': 9.89287   Cb: 12.8378   Cr: 15.1554 )
00000567: 12.2046   (Y': 10.0592   Cb: 12.8787   Cr: 15.1722 )
00000569: 12.1125   (Y': 10.086    Cb: 12.6223   Cr: 14.9847 )
00000570: 12.0013   (Y': 9.98048   Cb: 12.4688   Cr: 14.9294 )
00000568: 12.2647   (Y': 10.2327   Cb: 12.8425   Cr: 15.0387 )
00000571: 11.9404   (Y': 9.91083   Cb: 12.46     Cr: 14.8053 )
00000572: 11.7427   (Y': 9.6948    Cb: 12.2651   Cr: 14.6598 )
00000573: 11.7295   (Y': 9.61429   Cb: 12.3073   Cr: 14.7655 )
00000574: 11.7306   (Y': 9.65021   Cb: 12.316    Cr: 14.641  )
00000575: 11.7356   (Y': 9.66613   Cb: 12.312    Cr: 14.6271 )
00000579: 11.7996   (Y': 9.75079   Cb: 12.2521   Cr: 14.8434 )
00000576: 11.9194   (Y': 9.85465   Cb: 12.3597   Cr: 15.0379 )
00000578: 11.8658   (Y': 9.79866   Cb: 12.3665   Cr: 14.8823 )
00000577: 11.747    (Y': 9.7161    Cb: 12.1533   Cr: 14.8178 )
00000580: 11.8196   (Y': 9.75633   Cb: 12.3592   Cr: 14.7549 )
00000581: 11.8234   (Y': 9.71178   Cb: 12.4819   Cr: 14.7095 )
00000582: 11.6977   (Y': 9.53976   Cb: 12.4064   Cr: 14.6475 )
00000583: 11.694    (Y': 9.4977    Cb: 12.4622   Cr: 14.6699 )
00000585: 11.8851   (Y': 9.55575   Cb: 12.8261   Cr: 15.027  )
00000584: 11.7989   (Y': 9.50695   Cb: 12.6721   Cr: 14.9235 )
00000586: 12.1522   (Y': 9.82836   Cb: 13.0502   Cr: 15.3468 )
00000587: 12.2848   (Y': 9.90028   Cb: 13.361    Cr: 15.4018 )
00000588: 12.5303   (Y': 10.1724   Cb: 13.6034   Cr: 15.559  )
00000590: 12.4716   (Y': 10.0412   Cb: 13.5729   Cr: 15.7139 )
00000589: 12.4324   (Y': 10.078    Cb: 13.485    Cr: 15.4814 )
00000591: 12.3797   (Y': 9.97213   Cb: 13.361    Cr: 15.739  )
00000592: 12.3137   (Y': 9.95991   Cb: 13.096    Cr: 15.8262 )
00000594: 12.2139   (Y': 10.0192   Cb: 12.7639   Cr: 15.5732 )
00000593: 12.2338   (Y': 9.96098   Cb: 12.8653   Cr: 15.7239 )
00000595: 12.5555   (Y': 10.488    Cb: 13.0281   Cr: 15.6233 )
00000596: 12.7327   (Y': 10.5604   Cb: 13.348    Cr: 15.8931 )
00000597: 12.6514   (Y': 10.3846   Cb: 13.3917   Cr: 15.9171 )
Total: 11.6724   (Y': 9.07131   Cb: 13.1452   Cr: 14.9749 )
