00000001: 17.019    (Y': 15.2632   Cb: 17.7308   Cr: 18.8703 )
00000000: 17.0357   (Y': 15.2121   Cb: 17.7663   Cr: 19.0216 )
00000003: 16.9838   (Y': 15.234    Cb: 17.691    Cr: 18.8273 )
00000007: 17.0898   (Y': 15.3375   Cb: 17.8195   Cr: 18.9097 )
00000004: 17.0532   (Y': 15.2848   Cb: 17.7672   Cr: 18.9307 )
00000006: 17.1018   (Y': 15.2846   Cb: 17.8611   Cr: 19.0345 )
00000002: 16.9775   (Y': 15.2156   Cb: 17.7525   Cr: 18.7616 )
00000005: 17.053    (Y': 15.2513   Cb: 17.7776   Cr: 18.9944 )
00000008: 17.0432   (Y': 15.4467   Cb: 17.6565   Cr: 18.6711 )
00000009: 17.043    (Y': 15.55     Cb: 17.5542   Cr: 18.5872 )
00000012: 17.1189   (Y': 16.0673   Cb: 17.1996   Cr: 18.4007 )
00000011: 16.9017   (Y': 15.6868   Cb: 17.1641   Cr: 18.2339 )
00000014: 17.4239   (Y': 16.2581   Cb: 17.8605   Cr: 18.4604 )
00000010: 16.967    (Y': 15.6144   Cb: 17.2761   Cr: 18.4957 )
00000015: 17.1425   (Y': 15.8789   Cb: 17.7007   Cr: 18.2055 )
00000013: 17.451    (Y': 16.1971   Cb: 17.9001   Cr: 18.623  )
00000016: 16.7017   (Y': 15.7783   Cb: 16.9888   Cr: 17.5265 )
00000017: 16.6667   (Y': 15.6578   Cb: 17.0253   Cr: 17.5406 )
00000018: 16.5559   (Y': 15.406    Cb: 17.0102   Cr: 17.5456 )
00000019: 16.5104   (Y': 15.3737   Cb: 16.9824   Cr: 17.4587 )
00000020: 16.5565   (Y': 15.4004   Cb: 16.8582   Cr: 17.7363 )
00000022: 16.6501   (Y': 15.506    Cb: 16.9822   Cr: 17.7726 )
00000021: 16.5742   (Y': 15.4011   Cb: 16.9214   Cr: 17.7277 )
00000023: 16.6021   (Y': 15.4883   Cb: 16.9147   Cr: 17.6974 )
00000025: 16.6016   (Y': 15.5711   Cb: 16.8876   Cr: 17.5927 )
00000024: 16.6174   (Y': 15.5062   Cb: 16.9657   Cr: 17.6661 )
00000027: 17.0863   (Y': 16.0277   Cb: 17.3627   Cr: 18.1343 )
00000026: 16.9229   (Y': 15.868    Cb: 17.1583   Cr: 18.014  )
00000028: 17.3838   (Y': 16.0547   Cb: 17.8691   Cr: 18.6465 )
00000029: 17.5203   (Y': 16.1448   Cb: 18.0835   Cr: 18.7755 )
00000030: 17.683    (Y': 16.2408   Cb: 18.3148   Cr: 18.9816 )
00000031: 17.6639   (Y': 16.2827   Cb: 18.2466   Cr: 18.9068 )
00000032: 17.756    (Y': 16.3425   Cb: 18.3258   Cr: 19.0738 )
00000033: 18.014    (Y': 16.4687   Cb: 18.7399   Cr: 19.401  )
00000034: 17.8331   (Y': 16.4112   Cb: 18.397    Cr: 19.1737 )
00000039: 17.6178   (Y': 16.1995   Cb: 18.1731   Cr: 18.962  )
00000038: 17.7574   (Y': 16.3456   Cb: 18.3498   Cr: 19.0453 )
00000036: 17.7831   (Y': 16.2318   Cb: 18.5845   Cr: 19.0956 )
00000035: 17.8529   (Y': 16.4373   Cb: 18.4901   Cr: 19.0957 )
00000037: 17.8455   (Y': 16.3175   Cb: 18.5621   Cr: 19.2094 )
00000041: 17.4123   (Y': 15.9379   Cb: 17.9411   Cr: 18.8972 )
00000040: 17.5084   (Y': 16.13     Cb: 18.0073   Cr: 18.8456 )
00000042: 17.2152   (Y': 15.8666   Cb: 17.714    Cr: 18.4973 )
00000043: 17.0949   (Y': 15.6958   Cb: 17.626    Cr: 18.4319 )
00000044: 17.1893   (Y': 15.7394   Cb: 17.7512   Cr: 18.5857 )
00000045: 17.177    (Y': 15.7711   Cb: 17.7686   Cr: 18.4549 )
00000047: 17.2117   (Y': 15.9399   Cb: 17.6081   Cr: 18.4787 )
00000046: 17.209    (Y': 15.8403   Cb: 17.6568   Cr: 18.5905 )
00000048: 17.0649   (Y': 15.8756   Cb: 17.4909   Cr: 18.1529 )
00000049: 16.9431   (Y': 15.7224   Cb: 17.4079   Cr: 18.0391 )
00000050: 17.0974   (Y': 15.8801   Cb: 17.6079   Cr: 18.1355 )
00000051: 17.2077   (Y': 15.8838   Cb: 17.6933   Cr: 18.4609 )
00000055: 17.5195   (Y': 15.9614   Cb: 18.2414   Cr: 18.9368 )
00000052: 17.1605   (Y': 15.7334   Cb: 17.7127   Cr: 18.525  )
00000053: 17.3064   (Y': 15.7913   Cb: 17.9326   Cr: 18.7525 )
00000054: 17.4873   (Y': 15.8808   Cb: 18.1578   Cr: 19.0645 )
00000056: 17.6534   (Y': 15.8933   Cb: 18.4325   Cr: 19.4285 )
00000057: 17.7685   (Y': 15.9882   Cb: 18.4456   Cr: 19.7227 )
00000058: 17.8697   (Y': 16.0075   Cb: 18.6739   Cr: 19.8513 )
00000060: 18.0352   (Y': 16.2444   Cb: 18.701    Cr: 20.0295 )
00000059: 17.9677   (Y': 16.1004   Cb: 18.74     Cr: 20.0037 )
00000061: 18.0559   (Y': 16.2287   Cb: 18.7413   Cr: 20.1115 )
00000063: 17.9085   (Y': 16.096    Cb: 18.5321   Cr: 20.0136 )
00000062: 18.0027   (Y': 16.18     Cb: 18.6125   Cr: 20.1531 )
00000064: 17.9146   (Y': 16.134    Cb: 18.485    Cr: 20.0171 )
00000066: 17.832    (Y': 15.9573   Cb: 18.5014   Cr: 20.0288 )
00000065: 17.9596   (Y': 16.1132   Cb: 18.5885   Cr: 20.1419 )
00000067: 17.7772   (Y': 15.8649   Cb: 18.4918   Cr: 20.0063 )
00000069: 17.5208   (Y': 15.5922   Cb: 18.2231   Cr: 19.8102 )
00000068: 17.6021   (Y': 15.6936   Cb: 18.3085   Cr: 19.8335 )
00000070: 17.3634   (Y': 15.4225   Cb: 18.0302   Cr: 19.7378 )
00000071: 17.3136   (Y': 15.3492   Cb: 18.0086   Cr: 19.71   )
00000072: 17.3047   (Y': 15.3548   Cb: 18.0335   Cr: 19.6128 )
00000076: 17.0575   (Y': 15.0297   Cb: 17.7406   Cr: 19.6501 )
00000075: 17.0816   (Y': 15.0747   Cb: 17.7003   Cr: 19.7149 )
00000074: 17.1608   (Y': 15.1778   Cb: 17.7538   Cr: 19.7657 )
00000073: 17.2161   (Y': 15.295    Cb: 17.8139   Cr: 19.6403 )
00000078: 17.0285   (Y': 15.0298   Cb: 17.7799   Cr: 19.4359 )
00000077: 17.0333   (Y': 14.9913   Cb: 17.7478   Cr: 19.6187 )
00000079: 17.044    (Y': 15.0129   Cb: 17.8593   Cr: 19.4482 )
00000080: 17.0497   (Y': 15.0046   Cb: 17.902    Cr: 19.4396 )
00000082: 17.1233   (Y': 15.0077   Cb: 18.0644   Cr: 19.5863 )
00000083: 17.1814   (Y': 15.018    Cb: 18.2044   Cr: 19.6666 )
00000081: 17.0849   (Y': 14.9933   Cb: 17.9626   Cr: 19.5695 )
00000084: 17.2398   (Y': 15.0323   Cb: 18.3675   Cr: 19.7096 )
00000086: 17.2804   (Y': 15.1063   Cb: 18.324    Cr: 19.7687 )
00000085: 17.2314   (Y': 15.0481   Cb: 18.3039   Cr: 19.7062 )
00000087: 17.3996   (Y': 15.2614   Cb: 18.3727   Cr: 19.8823 )
00000088: 17.4358   (Y': 15.3226   Cb: 18.376    Cr: 19.8929 )
00000089: 17.5206   (Y': 15.4113   Cb: 18.4443   Cr: 19.9899 )
00000091: 17.636    (Y': 15.5863   Cb: 18.4654   Cr: 20.0717 )
00000090: 17.6281   (Y': 15.5803   Cb: 18.4582   Cr: 20.0577 )
00000092: 17.6984   (Y': 15.6451   Cb: 18.5393   Cr: 20.1278 )
00000093: 17.652    (Y': 15.6513   Cb: 18.4102   Cr: 20.0551 )
00000095: 17.841    (Y': 15.7463   Cb: 18.7617   Cr: 20.273  )
00000094: 17.8109   (Y': 15.7457   Cb: 18.6433   Cr: 20.2861 )
00000096: 17.7995   (Y': 15.6309   Cb: 18.8393   Cr: 20.2765 )
00000097: 17.9853   (Y': 15.6832   Cb: 19.275    Cr: 20.5198 )
00000098: 18.2056   (Y': 15.9526   Cb: 19.4162   Cr: 20.698  )
00000099: 18.2491   (Y': 15.8578   Cb: 19.7106   Cr: 20.8343 )
00000100: 17.2281   (Y': 15.3509   Cb: 17.9647   Cr: 19.3374 )
00000102: 16.9202   (Y': 15.1562   Cb: 17.5142   Cr: 18.9491 )
00000101: 16.9409   (Y': 15.1525   Cb: 17.4875   Cr: 19.0966 )
00000103: 16.9311   (Y': 15.1965   Cb: 17.5094   Cr: 18.9117 )
00000104: 16.8288   (Y': 15.1301   Cb: 17.3167   Cr: 18.8522 )
00000105: 16.8112   (Y': 15.0996   Cb: 17.2839   Cr: 18.8868 )
00000107: 17.0692   (Y': 15.2813   Cb: 17.5706   Cr: 19.29   )
00000106: 16.9124   (Y': 15.1434   Cb: 17.4135   Cr: 19.0865 )
00000108: 17.1395   (Y': 15.3626   Cb: 17.6029   Cr: 19.3895 )
00000110: 17.1181   (Y': 15.3555   Cb: 17.5929   Cr: 19.3149 )
00000109: 17.1427   (Y': 15.378    Cb: 17.6412   Cr: 19.3101 )
00000111: 17.1326   (Y': 15.3613   Cb: 17.631    Cr: 19.3164 )
00000112: 17.1565   (Y': 15.4197   Cb: 17.684    Cr: 19.2138 )
00000114: 17.2208   (Y': 15.4956   Cb: 17.757    Cr: 19.238  )
00000113: 17.0644   (Y': 15.3218   Cb: 17.6363   Cr: 19.0731 )
00000115: 17.2292   (Y': 15.5861   Cb: 17.6645   Cr: 19.1978 )
00000116: 17.1534   (Y': 15.6841   Cb: 17.412    Cr: 18.9898 )
00000118: 17.4664   (Y': 15.7573   Cb: 18.2653   Cr: 19.1043 )
00000117: 17.4422   (Y': 15.8558   Cb: 17.9607   Cr: 19.1708 )
00000119: 17.2386   (Y': 15.8038   Cb: 17.6269   Cr: 18.8246 )
00000120: 17.0745   (Y': 15.8067   Cb: 17.5392   Cr: 18.2523 )
00000122: 16.5212   (Y': 15.2432   Cb: 16.7413   Cr: 18.0252 )
00000121: 16.8397   (Y': 15.7274   Cb: 17.1269   Cr: 17.9632 )
00000123: 16.5695   (Y': 15.1909   Cb: 16.8529   Cr: 18.1834 )
00000124: 16.8282   (Y': 15.4632   Cb: 17.0698   Cr: 18.4726 )
00000125: 17.0373   (Y': 15.6515   Cb: 17.3574   Cr: 18.6163 )
00000126: 16.7176   (Y': 15.3466   Cb: 17.0458   Cr: 18.2567 )
00000127: 16.6891   (Y': 15.3179   Cb: 17.0146   Cr: 18.2322 )
00000128: 16.3796   (Y': 15.0152   Cb: 16.7229   Cr: 17.8861 )
00000129: 16.5537   (Y': 15.1888   Cb: 16.9773   Cr: 17.9584 )
00000130: 16.5219   (Y': 15.1775   Cb: 16.9666   Cr: 17.8618 )
00000131: 16.5875   (Y': 15.2489   Cb: 17.0164   Cr: 17.9363 )
00000132: 16.5083   (Y': 15.1375   Cb: 16.8491   Cr: 18.0303 )
00000133: 16.3131   (Y': 15.0165   Cb: 16.6589   Cr: 17.6882 )
00000135: 16.2747   (Y': 15.0057   Cb: 16.4571   Cr: 17.8128 )
00000134: 16.2804   (Y': 15.0089   Cb: 16.6385   Cr: 17.5938 )
00000136: 16.288    (Y': 14.9224   Cb: 16.5145   Cr: 17.9546 )
00000137: 16.3449   (Y': 15.0323   Cb: 16.5337   Cr: 17.9586 )
00000138: 16.2706   (Y': 15.0209   Cb: 16.4301   Cr: 17.8031 )
00000139: 16.2087   (Y': 14.9529   Cb: 16.3988   Cr: 17.7111 )
00000140: 16.1192   (Y': 14.8577   Cb: 16.3372   Cr: 17.5951 )
00000142: 16.0961   (Y': 14.9616   Cb: 16.325    Cr: 17.3292 )
00000141: 16.058    (Y': 14.8345   Cb: 16.2735   Cr: 17.4665 )
00000143: 16.1358   (Y': 15.0397   Cb: 16.3114   Cr: 17.3708 )
00000144: 16.0554   (Y': 14.9923   Cb: 16.2555   Cr: 17.2035 )
00000145: 15.9685   (Y': 14.9458   Cb: 16.1399   Cr: 17.0859 )
00000146: 15.9544   (Y': 14.9581   Cb: 16.1522   Cr: 16.9963 )
00000147: 15.8764   (Y': 14.8959   Cb: 16.0363   Cr: 16.9397 )
00000148: 15.8477   (Y': 14.8549   Cb: 16.0305   Cr: 16.9025 )
00000149: 15.8852   (Y': 14.8926   Cb: 16.0646   Cr: 16.9437 )
00000150: 15.938    (Y': 14.9176   Cb: 16.127    Cr: 17.0297 )
00000151: 16.0095   (Y': 14.9707   Cb: 16.1868   Cr: 17.1457 )
00000152: 16.1505   (Y': 15.1041   Cb: 16.3221   Cr: 17.3065 )
00000153: 16.226    (Y': 15.0826   Cb: 16.4636   Cr: 17.4638 )
00000154: 16.4603   (Y': 15.236    Cb: 16.709    Cr: 17.827  )
00000155: 16.5793   (Y': 15.3455   Cb: 16.8341   Cr: 17.9553 )
00000156: 16.6355   (Y': 15.3893   Cb: 16.8358   Cr: 18.1064 )
00000157: 16.6796   (Y': 15.4479   Cb: 16.8657   Cr: 18.1422 )
00000158: 17.0717   (Y': 15.6725   Cb: 17.5211   Cr: 18.5094 )
00000159: 17.4504   (Y': 15.6561   Cb: 18.3746   Cr: 19.1246 )
00000160: 18.0466   (Y': 16.4685   Cb: 18.8494   Cr: 19.4099 )
00000161: 17.9573   (Y': 16.4124   Cb: 18.7024   Cr: 19.3217 )
00000162: 17.4206   (Y': 15.9435   Cb: 18.1046   Cr: 18.7247 )
00000163: 17.1802   (Y': 15.7023   Cb: 17.8911   Cr: 18.4551 )
00000164: 17.1911   (Y': 15.5886   Cb: 18.0043   Cr: 18.5906 )
00000165: 17.2444   (Y': 15.6005   Cb: 18.1029   Cr: 18.6759 )
00000166: 17.386    (Y': 15.5772   Cb: 18.3411   Cr: 19.056  )
00000167: 17.2494   (Y': 15.5442   Cb: 18.0439   Cr: 18.8843 )
00000168: 16.9332   (Y': 15.3315   Cb: 17.7666   Cr: 18.3083 )
00000169: 16.8433   (Y': 15.2286   Cb: 17.6909   Cr: 18.2283 )
00000170: 16.751    (Y': 15.1473   Cb: 17.5694   Cr: 18.1474 )
00000171: 16.7432   (Y': 15.1895   Cb: 17.5627   Cr: 18.04   )
00000172: 16.7824   (Y': 15.2413   Cb: 17.5926   Cr: 18.0655 )
00000173: 16.7728   (Y': 15.2114   Cb: 17.6266   Cr: 18.0463 )
00000175: 16.6407   (Y': 15.0135   Cb: 17.5541   Cr: 17.9769 )
00000174: 16.6568   (Y': 15.0338   Cb: 17.5438   Cr: 18.0138 )
00000176: 16.6314   (Y': 14.9531   Cb: 17.5846   Cr: 18.026  )
00000177: 16.5806   (Y': 14.8809   Cb: 17.5219   Cr: 18.0324 )
00000179: 16.5603   (Y': 14.8386   Cb: 17.5667   Cr: 17.9849 )
00000178: 16.5758   (Y': 14.8386   Cb: 17.5902   Cr: 18.0241 )
00000180: 16.6169   (Y': 14.8261   Cb: 17.7024   Cr: 18.0994 )
00000181: 16.6486   (Y': 14.8128   Cb: 17.8024   Cr: 18.153  )
00000183: 16.7058   (Y': 14.6958   Cb: 18.0643   Cr: 18.3802 )
00000182: 16.6693   (Y': 14.7356   Cb: 17.947    Cr: 18.2556 )
00000184: 16.6807   (Y': 14.6155   Cb: 18.0599   Cr: 18.4643 )
00000185: 16.7368   (Y': 14.6039   Cb: 18.1915   Cr: 18.6045 )
00000186: 16.5906   (Y': 14.2928   Cb: 18.275    Cr: 18.6378 )
00000187: 16.6379   (Y': 14.3498   Cb: 18.281    Cr: 18.7044 )
00000189: 16.4985   (Y': 14.1951   Cb: 18.163    Cr: 18.5832 )
00000188: 16.4733   (Y': 14.1819   Cb: 18.1319   Cr: 18.5314 )
00000191: 16.4463   (Y': 14.3651   Cb: 17.862    Cr: 18.2287 )
00000190: 16.5178   (Y': 14.4115   Cb: 17.9777   Cr: 18.3137 )
00000192: 16.5201   (Y': 14.4683   Cb: 17.9103   Cr: 18.2591 )
00000193: 16.5432   (Y': 14.5744   Cb: 17.8174   Cr: 18.2136 )
00000195: 16.5485   (Y': 14.7782   Cb: 17.6624   Cr: 17.9573 )
00000194: 16.5534   (Y': 14.6962   Cb: 17.7482   Cr: 18.0598 )
00000197: 16.6005   (Y': 15.0205   Cb: 17.4717   Cr: 17.8908 )
00000198: 16.7031   (Y': 15.2738   Cb: 17.454    Cr: 17.8437 )
00000196: 16.5321   (Y': 14.9196   Cb: 17.412    Cr: 17.8763 )
00000199: 16.6697   (Y': 15.3124   Cb: 17.4575   Cr: 17.6441 )
00000200: 16.7776   (Y': 15.3613   Cb: 17.6634   Cr: 17.7525 )
00000201: 17.4685   (Y': 15.9377   Cb: 18.516    Cr: 18.4827 )
00000202: 15.8527   (Y': 14.4273   Cb: 16.6035   Cr: 16.9862 )
00000203: 15.9538   (Y': 14.5171   Cb: 16.7188   Cr: 17.0925 )
00000204: 16.1559   (Y': 14.8083   Cb: 16.916    Cr: 17.1428 )
00000205: 15.4706   (Y': 14.1129   Cb: 16.1104   Cr: 16.6057 )
00000206: 15.3739   (Y': 14.0957   Cb: 15.9322   Cr: 16.4617 )
00000207: 15.3736   (Y': 14.1054   Cb: 15.9532   Cr: 16.4204 )
00000208: 15.9171   (Y': 14.7111   Cb: 16.4946   Cr: 16.8622 )
00000209: 15.8837   (Y': 14.6786   Cb: 16.4578   Cr: 16.8308 )
00000210: 15.4789   (Y': 14.276    Cb: 15.9564   Cr: 16.5303 )
00000211: 15.4455   (Y': 14.2098   Cb: 15.9767   Cr: 16.4915 )
00000212: 15.5461   (Y': 14.3284   Cb: 16.0485   Cr: 16.594  )
00000213: 15.7848   (Y': 14.5699   Cb: 16.3267   Cr: 16.7839 )
00000214: 15.9809   (Y': 14.7615   Cb: 16.5021   Cr: 17.0104 )
00000215: 16.0088   (Y': 14.8054   Cb: 16.5335   Cr: 17.0076 )
00000216: 16.0982   (Y': 14.9277   Cb: 16.5889   Cr: 17.0808 )
00000217: 16.1711   (Y': 15.0269   Cb: 16.6576   Cr: 17.1157 )
00000218: 16.2561   (Y': 15.1161   Cb: 16.7611   Cr: 17.1732 )
00000219: 16.2579   (Y': 15.1124   Cb: 16.7436   Cr: 17.2056 )
00000220: 16.168    (Y': 15.0385   Cb: 16.6171   Cr: 17.1306 )
00000222: 15.646    (Y': 14.45     Cb: 16.0137   Cr: 16.8143 )
00000221: 15.9951   (Y': 14.8852   Cb: 16.3793   Cr: 16.9997 )
00000224: 15.6901   (Y': 14.4555   Cb: 16.1018   Cr: 16.8724 )
00000223: 15.6369   (Y': 14.4312   Cb: 16.0315   Cr: 16.7895 )
00000225: 15.7035   (Y': 14.4643   Cb: 16.1293   Cr: 16.8771 )
00000226: 15.8854   (Y': 14.7009   Cb: 16.3042   Cr: 16.9735 )
00000227: 16.0858   (Y': 14.8864   Cb: 16.5771   Cr: 17.1156 )
00000228: 16.2299   (Y': 15.0576   Cb: 16.7488   Cr: 17.1841 )
00000229: 16.3105   (Y': 15.1137   Cb: 16.8468   Cr: 17.2856 )
00000232: 16.6259   (Y': 15.4261   Cb: 17.2531   Cr: 17.5073 )
00000231: 16.546    (Y': 15.362    Cb: 17.1378   Cr: 17.4399 )
00000230: 16.466    (Y': 15.2812   Cb: 17.0532   Cr: 17.3662 )
00000234: 16.7132   (Y': 15.5707   Cb: 17.3591   Cr: 17.4845 )
00000233: 16.6778   (Y': 15.4993   Cb: 17.3133   Cr: 17.5166 )
00000236: 16.7487   (Y': 15.6441   Cb: 17.421    Cr: 17.4352 )
00000235: 16.7263   (Y': 15.6035   Cb: 17.3547   Cr: 17.485  )
00000237: 16.7002   (Y': 15.6052   Cb: 17.3646   Cr: 17.3802 )
00000238: 16.6793   (Y': 15.6436   Cb: 17.3318   Cr: 17.2834 )
00000239: 16.6775   (Y': 15.6271   Cb: 17.3439   Cr: 17.289  )
00000240: 16.7026   (Y': 15.6457   Cb: 17.3786   Cr: 17.3143 )
00000241: 16.7049   (Y': 15.642    Cb: 17.371    Cr: 17.3351 )
00000242: 16.6867   (Y': 15.6017   Cb: 17.3714   Cr: 17.3313 )
00000246: 16.9245   (Y': 15.8144   Cb: 17.5811   Cr: 17.635  )
00000243: 16.7019   (Y': 15.6109   Cb: 17.4009   Cr: 17.3415 )
00000244: 16.7673   (Y': 15.6826   Cb: 17.4124   Cr: 17.451  )
00000245: 16.8099   (Y': 15.722    Cb: 17.4783   Cr: 17.4752 )
00000248: 16.9566   (Y': 15.7683   Cb: 17.6744   Cr: 17.7262 )
00000247: 16.9869   (Y': 15.7937   Cb: 17.7496   Cr: 17.7191 )
00000249: 16.9624   (Y': 15.7653   Cb: 17.6718   Cr: 17.7543 )
00000250: 16.7652   (Y': 15.5409   Cb: 17.4741   Cr: 17.6008 )
00000251: 16.7628   (Y': 15.5676   Cb: 17.4389   Cr: 17.5858 )
00000252: 16.6826   (Y': 15.5105   Cb: 17.2768   Cr: 17.5547 )
00000253: 16.6909   (Y': 15.52     Cb: 17.252    Cr: 17.5966 )
00000254: 16.7305   (Y': 15.5354   Cb: 17.3196   Cr: 17.6451 )
00000255: 16.6966   (Y': 15.5591   Cb: 17.2208   Cr: 17.5887 )
00000256: 16.7228   (Y': 15.6502   Cb: 17.1914   Cr: 17.5732 )
00000257: 16.7372   (Y': 15.6846   Cb: 17.2068   Cr: 17.5555 )
00000258: 16.7466   (Y': 15.7      Cb: 17.1689   Cr: 17.6077 )
00000262: 16.8217   (Y': 15.6837   Cb: 17.2143   Cr: 17.8627 )
00000260: 16.8197   (Y': 15.6943   Cb: 17.2746   Cr: 17.769  )
00000261: 16.8113   (Y': 15.6957   Cb: 17.2374   Cr: 17.7774 )
00000263: 16.7914   (Y': 15.6579   Cb: 17.179    Cr: 17.8307 )
00000259: 16.7917   (Y': 15.6841   Cb: 17.2375   Cr: 17.7228 )
00000264: 16.7702   (Y': 15.6863   Cb: 17.1464   Cr: 17.7421 )
00000265: 16.7452   (Y': 15.6346   Cb: 17.1153   Cr: 17.7672 )
00000266: 16.8084   (Y': 15.6558   Cb: 17.206    Cr: 17.8678 )
00000271: 16.4782   (Y': 15.3144   Cb: 16.9102   Cr: 17.5165 )
00000267: 16.7484   (Y': 15.6116   Cb: 17.1585   Cr: 17.7673 )
00000268: 16.6384   (Y': 15.5459   Cb: 17.0319   Cr: 17.6041 )
00000269: 16.6012   (Y': 15.4771   Cb: 17.0041   Cr: 17.6073 )
00000270: 16.5215   (Y': 15.3999   Cb: 16.9157   Cr: 17.5338 )
00000272: 16.409    (Y': 15.23     Cb: 16.8454   Cr: 17.4674 )
00000273: 16.3828   (Y': 15.1726   Cb: 16.8164   Cr: 17.4972 )
00000274: 16.279    (Y': 15.017    Cb: 16.7274   Cr: 17.4659 )
00000275: 16.2327   (Y': 14.9698   Cb: 16.6769   Cr: 17.4261 )
00000276: 16.1118   (Y': 14.8595   Cb: 16.5372   Cr: 17.3088 )
00000277: 16.0714   (Y': 14.8127   Cb: 16.4952   Cr: 17.2816 )
00000279: 15.8374   (Y': 14.6106   Cb: 16.2426   Cr: 17.0141 )
00000278: 15.9031   (Y': 14.6553   Cb: 16.3126   Cr: 17.1113 )
00000280: 15.6396   (Y': 14.4428   Cb: 16.0243   Cr: 16.7888 )
00000281: 15.4404   (Y': 14.3129   Cb: 15.7555   Cr: 16.5557 )
00000283: 15.2153   (Y': 14.1919   Cb: 15.4289   Cr: 16.2819 )
00000282: 15.2663   (Y': 14.2083   Cb: 15.5082   Cr: 16.3547 )
00000285: 15.205    (Y': 14.2935   Cb: 15.3537   Cr: 16.1731 )
00000286: 15.269    (Y': 14.3657   Cb: 15.449    Cr: 16.1875 )
00000287: 15.3676   (Y': 14.4268   Cb: 15.5648   Cr: 16.3231 )
00000284: 15.204    (Y': 14.2626   Cb: 15.3966   Cr: 16.166  )
00000288: 15.7234   (Y': 14.7551   Cb: 15.9608   Cr: 16.6738 )
00000289: 15.7928   (Y': 14.8344   Cb: 16.016    Cr: 16.7446 )
00000290: 16.0019   (Y': 15.0262   Cb: 16.2632   Cr: 16.936  )
00000292: 16.1576   (Y': 15.2885   Cb: 16.4741   Cr: 16.8698 )
00000291: 16.0765   (Y': 15.1077   Cb: 16.3655   Cr: 16.9678 )
00000293: 16.1963   (Y': 15.3729   Cb: 16.5352   Cr: 16.8196 )
00000294: 16.291    (Y': 15.5168   Cb: 16.6675   Cr: 16.8073 )
00000295: 16.3467   (Y': 15.59     Cb: 16.7434   Cr: 16.8191 )
00000296: 16.515    (Y': 15.6341   Cb: 16.9699   Cr: 17.0972 )
00000297: 16.6315   (Y': 15.7325   Cb: 17.1024   Cr: 17.2224 )
00000299: 16.7551   (Y': 15.786    Cb: 17.1881   Cr: 17.487  )
00000298: 16.7436   (Y': 15.7827   Cb: 17.2132   Cr: 17.4248 )
00000300: 16.8571   (Y': 15.8242   Cb: 17.2816   Cr: 17.6946 )
00000303: 16.8241   (Y': 15.6559   Cb: 17.2886   Cr: 17.8325 )
00000301: 16.8632   (Y': 15.7679   Cb: 17.3032   Cr: 17.7812 )
00000302: 16.8481   (Y': 15.7277   Cb: 17.314    Cr: 17.7771 )
00000304: 16.7663   (Y': 15.5413   Cb: 17.2591   Cr: 17.8377 )
00000308: 16.701    (Y': 15.3319   Cb: 17.3402   Cr: 17.8572 )
00000305: 16.7125   (Y': 15.4229   Cb: 17.2395   Cr: 17.8559 )
00000307: 16.7233   (Y': 15.3621   Cb: 17.3272   Cr: 17.9056 )
00000306: 16.7321   (Y': 15.4116   Cb: 17.2785   Cr: 17.9076 )
00000310: 16.537    (Y': 15.1857   Cb: 17.1616   Cr: 17.678  )
00000309: 16.6282   (Y': 15.288    Cb: 17.234    Cr: 17.7707 )
00000311: 16.425    (Y': 15.0388   Cb: 17.0376   Cr: 17.6425 )
00000312: 16.4062   (Y': 15.0334   Cb: 16.9973   Cr: 17.6237 )
00000313: 16.3892   (Y': 14.9614   Cb: 17.0092   Cr: 17.6746 )
00000314: 16.3183   (Y': 14.8902   Cb: 16.9212   Cr: 17.6244 )
00000315: 16.2956   (Y': 15.0377   Cb: 16.7957   Cr: 17.4148 )
00000316: 16.0505   (Y': 14.8243   Cb: 16.467    Cr: 17.2128 )
00000319: 15.1186   (Y': 14.0868   Cb: 15.2646   Cr: 16.2826 )
00000317: 16.358    (Y': 15.2983   Cb: 16.6677   Cr: 17.368  )
00000318: 15.9003   (Y': 14.8937   Cb: 16.1135   Cr: 16.9402 )
00000320: 14.9664   (Y': 13.9119   Cb: 15.1237   Cr: 16.1542 )
00000321: 15.0947   (Y': 14.0745   Cb: 15.259    Cr: 16.2167 )
00000322: 15.0584   (Y': 14.0472   Cb: 15.2235   Cr: 16.1648 )
00000323: 15.0314   (Y': 14.0077   Cb: 15.1865   Cr: 16.1708 )
00000324: 15.0562   (Y': 13.9878   Cb: 15.2358   Cr: 16.2391 )
00000325: 15.0162   (Y': 13.9324   Cb: 15.2226   Cr: 16.1912 )
00000326: 15.0846   (Y': 14.0235   Cb: 15.2793   Cr: 16.2362 )
00000327: 15.13     (Y': 14.102    Cb: 15.3493   Cr: 16.1971 )
00000328: 15.1506   (Y': 14.1557   Cb: 15.3416   Cr: 16.1988 )
00000329: 15.1221   (Y': 14.1265   Cb: 15.3263   Cr: 16.1553 )
00000330: 15.1165   (Y': 14.1272   Cb: 15.3114   Cr: 16.1509 )
00000331: 15.0783   (Y': 14.0932   Cb: 15.2976   Cr: 16.0768 )
00000332: 15.0343   (Y': 14.0476   Cb: 15.2529   Cr: 16.0359 )
00000333: 14.9657   (Y': 13.9766   Cb: 15.2251   Cr: 15.9227 )
00000334: 14.9641   (Y': 13.98     Cb: 15.2201   Cr: 15.9173 )
00000335: 14.9281   (Y': 13.9588   Cb: 15.1819   Cr: 15.861  )
00000336: 14.9015   (Y': 13.9081   Cb: 15.1768   Cr: 15.8465 )
00000339: 14.8426   (Y': 13.8195   Cb: 15.1091   Cr: 15.845  )
00000338: 14.891    (Y': 13.8781   Cb: 15.1632   Cr: 15.8705 )
00000340: 14.8967   (Y': 13.8851   Cb: 15.1593   Cr: 15.8855 )
00000337: 14.9006   (Y': 13.8908   Cb: 15.1788   Cr: 15.8681 )
00000344: 14.911    (Y': 13.8862   Cb: 15.2024   Cr: 15.887  )
00000343: 14.9337   (Y': 13.8972   Cb: 15.2303   Cr: 15.9221 )
00000342: 14.9704   (Y': 13.9448   Cb: 15.2788   Cr: 15.9277 )
00000341: 14.9485   (Y': 13.9474   Cb: 15.2388   Cr: 15.8882 )
00000346: 14.9575   (Y': 13.9731   Cb: 15.2061   Cr: 15.9199 )
00000347: 14.9288   (Y': 13.9767   Cb: 15.1706   Cr: 15.8493 )
00000345: 14.9183   (Y': 13.9244   Cb: 15.1691   Cr: 15.893  )
00000348: 14.9153   (Y': 13.9548   Cb: 15.1502   Cr: 15.8568 )
00000351: 14.971    (Y': 14.0484   Cb: 15.2186   Cr: 15.8398 )
00000349: 14.8904   (Y': 13.9624   Cb: 15.1105   Cr: 15.7992 )
00000350: 14.91     (Y': 13.9952   Cb: 15.1342   Cr: 15.7938 )
00000352: 15.0041   (Y': 14.0748   Cb: 15.2777   Cr: 15.8529 )
00000353: 15.1198   (Y': 14.2174   Cb: 15.403    Cr: 15.9178 )
00000354: 15.1441   (Y': 14.249    Cb: 15.4417   Cr: 15.9149 )
00000355: 15.2701   (Y': 14.4095   Cb: 15.6011   Cr: 15.9544 )
00000356: 15.3266   (Y': 14.4932   Cb: 15.6602   Cr: 15.9694 )
00000358: 15.5683   (Y': 14.8035   Cb: 15.9789   Cr: 16.0374 )
00000357: 15.4854   (Y': 14.7012   Cb: 15.8582   Cr: 16.0193 )
00000359: 15.6644   (Y': 14.916    Cb: 16.0859   Cr: 16.1007 )
00000360: 15.7477   (Y': 15.0102   Cb: 16.1589   Cr: 16.18   )
00000361: 15.8543   (Y': 15.0931   Cb: 16.3014   Cr: 16.2819 )
00000362: 15.9372   (Y': 15.1703   Cb: 16.3682   Cr: 16.3882 )
00000363: 16.0128   (Y': 15.2255   Cb: 16.4535   Cr: 16.4812 )
00000364: 16.0785   (Y': 15.2908   Cb: 16.4904   Cr: 16.5767 )
00000366: 16.3133   (Y': 15.4151   Cb: 16.7514   Cr: 16.9373 )
00000368: 16.3941   (Y': 15.515    Cb: 16.8238   Cr: 16.9996 )
00000365: 16.252    (Y': 15.4038   Cb: 16.6647   Cr: 16.8323 )
00000367: 16.3681   (Y': 15.4797   Cb: 16.8008   Cr: 16.9836 )
00000370: 16.3057   (Y': 15.5179   Cb: 16.7346   Cr: 16.7867 )
00000371: 16.2997   (Y': 15.6333   Cb: 16.7101   Cr: 16.6414 )
00000372: 16.3131   (Y': 15.6892   Cb: 16.71     Cr: 16.615  )
00000369: 16.3623   (Y': 15.526    Cb: 16.8147   Cr: 16.8852 )
00000373: 16.3128   (Y': 15.7282   Cb: 16.6811   Cr: 16.5944 )
00000374: 16.3172   (Y': 15.7257   Cb: 16.661    Cr: 16.6313 )
00000375: 16.3627   (Y': 15.7487   Cb: 16.7235   Cr: 16.6879 )
00000376: 16.3961   (Y': 15.7836   Cb: 16.7406   Cr: 16.7357 )
00000377: 16.5158   (Y': 15.8386   Cb: 16.8578   Cr: 16.9397 )
00000378: 16.5141   (Y': 15.8238   Cb: 16.8484   Cr: 16.963  )
00000379: 16.5738   (Y': 15.7654   Cb: 16.9297   Cr: 17.158  )
00000380: 16.6159   (Y': 15.7697   Cb: 16.988    Cr: 17.2358 )
00000381: 16.6385   (Y': 15.7812   Cb: 16.9705   Cr: 17.317  )
00000382: 16.6158   (Y': 15.7407   Cb: 16.9589   Cr: 17.3077 )
00000384: 16.4809   (Y': 15.5671   Cb: 16.8551   Cr: 17.1951 )
00000383: 16.5063   (Y': 15.6235   Cb: 16.8471   Cr: 17.2117 )
00000386: 16.3137   (Y': 15.3168   Cb: 16.7344   Cr: 17.1005 )
00000385: 16.3772   (Y': 15.416    Cb: 16.7916   Cr: 17.1174 )
00000387: 16.1847   (Y': 15.2336   Cb: 16.5955   Cr: 16.914  )
00000389: 15.9851   (Y': 15.0956   Cb: 16.3213   Cr: 16.7053 )
00000388: 16.0702   (Y': 15.1401   Cb: 16.4323   Cr: 16.8215 )
00000390: 15.9149   (Y': 15.0345   Cb: 16.2318   Cr: 16.643  )
00000391: 15.7787   (Y': 14.9896   Cb: 15.9939   Cr: 16.4892 )
00000392: 15.7203   (Y': 14.9357   Cb: 15.9156   Cr: 16.4467 )
00000394: 15.4732   (Y': 14.785    Cb: 15.5552   Cr: 16.1945 )
00000393: 15.5776   (Y': 14.855    Cb: 15.7078   Cr: 16.2911 )
00000395: 15.3983   (Y': 14.7466   Cb: 15.4445   Cr: 16.1109 )
00000396: 15.398    (Y': 14.7354   Cb: 15.4272   Cr: 16.1457 )
00000397: 15.3903   (Y': 14.7171   Cb: 15.4389   Cr: 16.1295 )
00000398: 15.3931   (Y': 14.7151   Cb: 15.4428   Cr: 16.138  )
00000399: 15.5252   (Y': 14.8005   Cb: 15.6744   Cr: 16.22   )
00000400: 15.5558   (Y': 14.8224   Cb: 15.7156   Cr: 16.2505 )
00000401: 15.5224   (Y': 14.7443   Cb: 15.7234   Cr: 16.2333 )
00000402: 15.4658   (Y': 14.7051   Cb: 15.6489   Cr: 16.1722 )
00000403: 15.3714   (Y': 14.5863   Cb: 15.574    Cr: 16.0901 )
00000404: 15.2859   (Y': 14.5229   Cb: 15.4607   Cr: 16.0051 )
00000405: 15.1705   (Y': 14.4236   Cb: 15.3508   Cr: 15.861  )
00000407: 15.0142   (Y': 14.3034   Cb: 15.1592   Cr: 15.6943 )
00000406: 15.1037   (Y': 14.3664   Cb: 15.2662   Cr: 15.8009 )
00000408: 14.9666   (Y': 14.3028   Cb: 15.0789   Cr: 15.6197 )
00000409: 14.8829   (Y': 14.2355   Cb: 14.9837   Cr: 15.527  )
00000410: 14.8658   (Y': 14.2274   Cb: 14.9849   Cr: 15.477  )
00000411: 14.7971   (Y': 14.1741   Cb: 14.8963   Cr: 15.4103 )
00000412: 14.7874   (Y': 14.1762   Cb: 14.8908   Cr: 15.38   )
00000413: 14.7434   (Y': 14.1258   Cb: 14.8743   Cr: 15.314  )
00000414: 14.702    (Y': 14.0882   Cb: 14.8263   Cr: 15.2749 )
00000415: 14.6424   (Y': 14.0324   Cb: 14.7693   Cr: 15.2075 )
00000416: 14.5863   (Y': 13.994    Cb: 14.7047   Cr: 15.1377 )
00000417: 14.6231   (Y': 14.0218   Cb: 14.7471   Cr: 15.1801 )
00000418: 14.6789   (Y': 14.0555   Cb: 14.8277   Cr: 15.2374 )
00000419: 14.7945   (Y': 14.1419   Cb: 14.9881   Cr: 15.3424 )
00000421: 15.0257   (Y': 14.3135   Cb: 15.281    Cr: 15.5863 )
00000420: 14.8458   (Y': 14.1887   Cb: 15.0377   Cr: 15.4017 )
00000424: 15.3182   (Y': 14.5638   Cb: 15.6598   Cr: 15.8441 )
00000422: 15.1349   (Y': 14.4047   Cb: 15.4314   Cr: 15.676  )
00000423: 15.2594   (Y': 14.5167   Cb: 15.5691   Cr: 15.8031 )
00000426: 15.5726   (Y': 14.7432   Cb: 15.9884   Cr: 16.1234 )
00000427: 15.7521   (Y': 14.8453   Cb: 16.2193   Cr: 16.3578 )
00000425: 15.4556   (Y': 14.6432   Cb: 15.8711   Cr: 15.9836 )
00000428: 15.8584   (Y': 14.9343   Cb: 16.3493   Cr: 16.4643 )
00000430: 16.2594   (Y': 15.2066   Cb: 16.7627   Cr: 17.042  )
00000429: 16.1104   (Y': 15.0834   Cb: 16.6269   Cr: 16.8399 )
00000431: 16.5401   (Y': 15.3571   Cb: 17.1418   Cr: 17.4217 )
00000432: 16.7226   (Y': 15.5391   Cb: 17.3203   Cr: 17.6095 )
00000433: 16.8864   (Y': 15.6408   Cb: 17.4499   Cr: 17.9127 )
00000434: 16.9534   (Y': 15.6347   Cb: 17.5719   Cr: 18.0441 )
00000435: 17.0241   (Y': 15.6738   Cb: 17.5899   Cr: 18.2304 )
00000436: 17.0315   (Y': 15.6557   Cb: 17.6349   Cr: 18.2407 )
00000437: 17.0359   (Y': 15.6319   Cb: 17.6238   Cr: 18.3147 )
00000439: 17.0614   (Y': 15.5234   Cb: 17.7731   Cr: 18.4509 )
00000438: 17.0644   (Y': 15.6467   Cb: 17.6755   Cr: 18.3416 )
00000440: 17.095    (Y': 15.5326   Cb: 17.8222   Cr: 18.5147 )
00000441: 17.1666   (Y': 15.709    Cb: 17.8108   Cr: 18.4799 )
00000442: 17.0998   (Y': 15.5776   Cb: 17.7802   Cr: 18.495  )
00000443: 17.0188   (Y': 15.5137   Cb: 17.6493   Cr: 18.4398 )
00000444: 17.0538   (Y': 15.5293   Cb: 17.6611   Cr: 18.5414 )
00000445: 16.9722   (Y': 15.4158   Cb: 17.5663   Cr: 18.5408 )
00000446: 16.8953   (Y': 15.3889   Cb: 17.4419   Cr: 18.4216 )
00000447: 16.8549   (Y': 15.3356   Cb: 17.4476   Cr: 18.3499 )
00000448: 16.8134   (Y': 15.3104   Cb: 17.3533   Cr: 18.3414 )
00000449: 16.6307   (Y': 15.1638   Cb: 17.1335   Cr: 18.1334 )
00000450: 16.5129   (Y': 15.0753   Cb: 17.0017   Cr: 17.9758 )
00000451: 16.1354   (Y': 14.7902   Cb: 16.5081   Cr: 17.5673 )
00000452: 16.023    (Y': 14.7356   Cb: 16.3666   Cr: 17.3838 )
00000453: 15.6356   (Y': 14.4914   Cb: 15.8171   Cr: 16.9462 )
00000454: 15.5711   (Y': 14.4462   Cb: 15.7401   Cr: 16.8641 )
00000455: 15.582    (Y': 14.5275   Cb: 15.738    Cr: 16.7711 )
00000456: 15.6958   (Y': 14.6179   Cb: 15.9233   Cr: 16.8348 )
00000457: 15.9096   (Y': 14.867    Cb: 16.1637   Cr: 16.9583 )
00000458: 15.9917   (Y': 14.9485   Cb: 16.268    Cr: 17.0149 )
00000459: 16.1763   (Y': 15.0807   Cb: 16.5443   Cr: 17.1762 )
00000460: 16.2074   (Y': 15.1168   Cb: 16.5683   Cr: 17.2076 )
00000462: 16.1507   (Y': 14.9011   Cb: 16.663    Cr: 17.2415 )
00000463: 16.049    (Y': 14.8779   Cb: 16.4867   Cr: 17.0928 )
00000464: 16.0847   (Y': 14.9003   Cb: 16.5089   Cr: 17.1665 )
00000461: 16.2189   (Y': 15.0413   Cb: 16.6477   Cr: 17.2838 )
00000465: 16.0213   (Y': 14.8842   Cb: 16.3728   Cr: 17.1089 )
00000466: 16.06     (Y': 14.9231   Cb: 16.4253   Cr: 17.1309 )
00000467: 16.1167   (Y': 15.0189   Cb: 16.4305   Cr: 17.1839 )
00000468: 16.1239   (Y': 15.0743   Cb: 16.4018   Cr: 17.1555 )
00000469: 16.1115   (Y': 15.1738   Cb: 16.3498   Cr: 17.0137 )
00000470: 16.0941   (Y': 15.2241   Cb: 16.2847   Cr: 16.9497 )
00000471: 16.195    (Y': 15.4454   Cb: 16.3051   Cr: 16.9694 )
00000472: 16.1506   (Y': 15.4241   Cb: 16.2333   Cr: 16.9247 )
00000473: 16.1565   (Y': 15.5435   Cb: 16.1189   Cr: 16.9151 )
00000474: 16.0761   (Y': 15.5342   Cb: 15.984    Cr: 16.8041 )
00000475: 15.706    (Y': 15.2821   Cb: 15.5744   Cr: 16.3274 )
00000476: 15.5908   (Y': 15.214    Cb: 15.4237   Cr: 16.195  )
00000477: 15.5949   (Y': 15.0297   Cb: 15.6315   Cr: 16.2026 )
00000478: 16.0874   (Y': 15.2821   Cb: 16.3513   Cr: 16.7666 )
00000479: 15.9622   (Y': 15.6728   Cb: 15.9189   Cr: 16.3192 )
00000480: 15.7188   (Y': 15.5296   Cb: 15.5831   Cr: 16.0634 )
00000481: 14.8725   (Y': 14.4419   Cb: 14.7978   Cr: 15.4355 )
00000482: 15.06     (Y': 14.6665   Cb: 14.9908   Cr: 15.5706 )
00000483: 14.743    (Y': 14.3197   Cb: 14.6293   Cr: 15.3424 )
00000484: 14.8081   (Y': 14.4003   Cb: 14.7024   Cr: 15.3787 )
00000485: 14.8555   (Y': 14.4568   Cb: 14.7325   Cr: 15.4348 )
00000487: 15.0364   (Y': 14.5393   Cb: 14.9787   Cr: 15.6646 )
00000486: 14.9038   (Y': 14.4935   Cb: 14.7867   Cr: 15.4906 )
00000488: 15.1674   (Y': 14.5975   Cb: 15.176    Cr: 15.8138 )
00000489: 15.3694   (Y': 14.7054   Cb: 15.4886   Cr: 16.015  )
00000490: 15.4647   (Y': 14.7558   Cb: 15.616    Cr: 16.1354 )
00000491: 15.5355   (Y': 14.7997   Cb: 15.7241   Cr: 16.2012 )
00000492: 15.5781   (Y': 14.8663   Cb: 15.7609   Cr: 16.2175 )
00000493: 15.5971   (Y': 14.875    Cb: 15.7778   Cr: 16.2528 )
00000494: 15.642    (Y': 14.8935   Cb: 15.8393   Cr: 16.3158 )
00000495: 15.7153   (Y': 15.0169   Cb: 15.8902   Cr: 16.345  )
00000496: 15.6701   (Y': 14.9479   Cb: 15.8458   Cr: 16.3316 )
00000497: 15.5806   (Y': 14.8934   Cb: 15.7484   Cr: 16.2032 )
00000498: 15.5858   (Y': 14.914    Cb: 15.7441   Cr: 16.1982 )
00000499: 15.6295   (Y': 14.9043   Cb: 15.8254   Cr: 16.2728 )
00000500: 15.6243   (Y': 14.9058   Cb: 15.8154   Cr: 16.2635 )
00000501: 15.5532   (Y': 14.7982   Cb: 15.7594   Cr: 16.226  )
00000502: 15.5198   (Y': 14.7863   Cb: 15.7387   Cr: 16.1487 )
00000503: 15.4424   (Y': 14.7472   Cb: 15.6759   Cr: 16.0037 )
00000504: 15.4232   (Y': 14.7149   Cb: 15.6461   Cr: 16.0138 )
00000505: 15.3937   (Y': 14.7141   Cb: 15.5829   Cr: 15.9823 )
00000506: 15.3708   (Y': 14.6972   Cb: 15.5432   Cr: 15.9699 )
00000507: 15.376    (Y': 14.6899   Cb: 15.532    Cr: 16.0099 )
00000508: 15.3512   (Y': 14.6583   Cb: 15.5033   Cr: 15.999  )
00000509: 15.3332   (Y': 14.6153   Cb: 15.4999   Cr: 15.999  )
00000510: 15.3783   (Y': 14.6621   Cb: 15.5588   Cr: 16.0262 )
00000511: 15.531    (Y': 14.7999   Cb: 15.7591   Cr: 16.1467 )
00000512: 15.6568   (Y': 14.8995   Cb: 15.9119   Cr: 16.2788 )
00000513: 15.8719   (Y': 15.092    Cb: 16.1921   Cr: 16.455  )
00000514: 15.9554   (Y': 15.1422   Cb: 16.3105   Cr: 16.5474 )
00000515: 15.9731   (Y': 15.1772   Cb: 16.2864   Cr: 16.5855 )
00000516: 16.026    (Y': 15.1924   Cb: 16.3594   Cr: 16.6696 )
00000518: 16.2331   (Y': 15.3274   Cb: 16.6196   Cr: 16.9223 )
00000517: 16.1352   (Y': 15.2476   Cb: 16.5244   Cr: 16.7956 )
00000520: 16.3687   (Y': 15.3793   Cb: 16.796    Cr: 17.1369 )
00000519: 16.312    (Y': 15.3349   Cb: 16.7482   Cr: 17.0526 )
00000521: 16.4217   (Y': 15.343    Cb: 16.8962   Cr: 17.2753 )
00000522: 16.4603   (Y': 15.3823   Cb: 16.9077   Cr: 17.3428 )
00000523: 16.4235   (Y': 15.2573   Cb: 16.9007   Cr: 17.4143 )
00000525: 16.3414   (Y': 15.1959   Cb: 16.8256   Cr: 17.2906 )
00000526: 16.3269   (Y': 15.2018   Cb: 16.8069   Cr: 17.2479 )
00000524: 16.4177   (Y': 15.2595   Cb: 16.906    Cr: 17.383  )
00000528: 16.2956   (Y': 15.2032   Cb: 16.7703   Cr: 17.1705 )
00000527: 16.2997   (Y': 15.2188   Cb: 16.7924   Cr: 17.1369 )
00000529: 16.3532   (Y': 15.2941   Cb: 16.8445   Cr: 17.1582 )
00000530: 16.3626   (Y': 15.3113   Cb: 16.849    Cr: 17.1611 )
00000531: 16.3907   (Y': 15.3423   Cb: 16.8839   Cr: 17.1774 )
00000532: 16.4058   (Y': 15.386    Cb: 16.8898   Cr: 17.1589 )
00000533: 16.4475   (Y': 15.3892   Cb: 16.9997   Cr: 17.1867 )
00000536: 16.6329   (Y': 15.4562   Cb: 17.2394   Cr: 17.4995 )
00000535: 16.5665   (Y': 15.4368   Cb: 17.1448   Cr: 17.3882 )
00000538: 16.8417   (Y': 15.538    Cb: 17.5538   Cr: 17.8049 )
00000537: 16.7795   (Y': 15.4976   Cb: 17.4548   Cr: 17.745  )
00000534: 16.5044   (Y': 15.4168   Cb: 17.0864   Cr: 17.2572 )
00000539: 16.9509   (Y': 15.6545   Cb: 17.6769   Cr: 17.8871 )
00000540: 16.9722   (Y': 15.6649   Cb: 17.6985   Cr: 17.9264 )
00000542: 16.9597   (Y': 15.6996   Cb: 17.6381   Cr: 17.8855 )
00000543: 16.9446   (Y': 15.6816   Cb: 17.6685   Cr: 17.8274 )
00000544: 16.9653   (Y': 15.6651   Cb: 17.7004   Cr: 17.8983 )
00000541: 17.0037   (Y': 15.7356   Cb: 17.718    Cr: 17.9049 )
00000545: 16.9545   (Y': 15.61     Cb: 17.7412   Cr: 17.9083 )
00000546: 16.923    (Y': 15.5542   Cb: 17.7095   Cr: 17.9184 )
00000547: 16.9071   (Y': 15.4899   Cb: 17.685    Cr: 17.9965 )
00000548: 16.839    (Y': 15.4098   Cb: 17.602    Cr: 17.9659 )
00000549: 16.753    (Y': 15.2685   Cb: 17.4926   Cr: 18.0076 )
00000551: 16.5652   (Y': 15.0085   Cb: 17.3034   Cr: 17.9605 )
00000552: 16.5068   (Y': 14.9014   Cb: 17.2481   Cr: 17.9963 )
00000553: 16.2499   (Y': 14.6016   Cb: 16.9196   Cr: 17.9166 )
00000554: 16.2124   (Y': 14.5368   Cb: 16.8898   Cr: 17.9285 )
00000550: 16.6957   (Y': 15.174    Cb: 17.4241   Cr: 18.0338 )
00000555: 16.3219   (Y': 14.5867   Cb: 17.0636   Cr: 18.0881 )
00000556: 16.3089   (Y': 14.5708   Cb: 17.0714   Cr: 18.0554 )
00000557: 16.3965   (Y': 14.6379   Cb: 17.1662   Cr: 18.1799 )
00000560: 16.9437   (Y': 15.2019   Cb: 17.7599   Cr: 18.6319 )
00000559: 16.7877   (Y': 15.0477   Cb: 17.5414   Cr: 18.5494 )
00000562: 17.2884   (Y': 15.6291   Cb: 18.1473   Cr: 18.7505 )
00000558: 16.4897   (Y': 14.74     Cb: 17.2345   Cr: 18.2844 )
00000561: 17.1709   (Y': 15.4745   Cb: 18.0101   Cr: 18.7336 )
00000563: 17.3548   (Y': 15.7605   Cb: 18.2521   Cr: 18.6441 )
00000564: 17.3994   (Y': 15.8338   Cb: 18.2686   Cr: 18.6643 )
00000565: 17.347    (Y': 15.8122   Cb: 18.2867   Cr: 18.4782 )
00000569: 16.325    (Y': 14.6936   Cb: 17.1231   Cr: 17.8005 )
00000567: 16.6445   (Y': 15.2127   Cb: 17.3963   Cr: 17.7887 )
00000568: 16.5409   (Y': 15.0534   Cb: 17.2921   Cr: 17.7881 )
00000566: 17.203    (Y': 15.673    Cb: 18.1273   Cr: 18.3418 )
00000570: 16.2884   (Y': 14.5623   Cb: 17.1101   Cr: 17.9357 )
00000571: 16.097    (Y': 14.3614   Cb: 16.8468   Cr: 17.8539 )
00000572: 16.0334   (Y': 14.2714   Cb: 16.7717   Cr: 17.8647 )
00000573: 15.9435   (Y': 14.1669   Cb: 16.6609   Cr: 17.8356 )
00000574: 15.9054   (Y': 14.0751   Cb: 16.6709   Cr: 17.8607 )
00000575: 15.9189   (Y': 14.0392   Cb: 16.724    Cr: 17.942  )
00000577: 15.9196   (Y': 14.048    Cb: 16.6952   Cr: 17.962  )
00000578: 15.9356   (Y': 14.0253   Cb: 16.747    Cr: 18.0264 )
00000579: 15.9367   (Y': 14.0199   Cb: 16.7378   Cr: 18.0576 )
00000576: 15.9203   (Y': 14.049    Cb: 16.7138   Cr: 17.9381 )
00000581: 16.1191   (Y': 14.17     Cb: 16.99     Cr: 18.2282 )
00000580: 15.9482   (Y': 14.0221   Cb: 16.761    Cr: 18.0768 )
00000582: 16.24     (Y': 14.2817   Cb: 17.1184   Cr: 18.3628 )
00000583: 16.3904   (Y': 14.3883   Cb: 17.3963   Cr: 18.4588 )
00000584: 16.4471   (Y': 14.4311   Cb: 17.4806   Cr: 18.5162 )
00000585: 16.5853   (Y': 14.5006   Cb: 17.6984   Cr: 18.7318 )
00000586: 16.6406   (Y': 14.5479   Cb: 17.804    Cr: 18.7452 )
00000587: 16.756    (Y': 14.6298   Cb: 17.9609   Cr: 18.898  )
00000588: 16.8467   (Y': 14.7413   Cb: 18.0694   Cr: 18.9121 )
00000589: 16.8976   (Y': 14.8147   Cb: 18.0737   Cr: 18.961  )
00000591: 16.9654   (Y': 14.9198   Cb: 18.147    Cr: 18.9266 )
00000593: 17.0639   (Y': 14.9814   Cb: 18.2591   Cr: 19.1027 )
00000590: 16.9179   (Y': 14.8408   Cb: 18.1413   Cr: 18.9094 )
00000592: 16.9988   (Y': 14.9606   Cb: 18.1787   Cr: 18.9437 )
Total: 16.3043   (Y': 15.0748   Cb: 16.7651   Cr: 17.4202 )
