./ps4_degrader: invalid option -- 'v'
Capturing with the following configuration:
 - Capture device: DeckLink 4K Extreme 12G
 - Video mode: 720p59.94
 - Pixel format: 8 bit BGRA (4:4:4:x)
[libx264 @ 0x319fe40] using cpu capabilities: MMX2 SSE2Fast SSSE3 SSE4.2 AVX AVX2 FMA3 LZCNT BMI2
[libx264 @ 0x319fe40] profile High 4:2:2 Intra, level 3.1, 4:2:2 8-bit
CAPTURE: dropped a frame (dropped_count=0)
PLAYBACK (hw timestamp): Frame 289 Displayed Late. Expected (+/- 5%): 50000
	Timestamp delay: 200193
	Hardware timestamp delay: 200181
PLAYBACK (hw timestamp): Frame 489 Displayed Late. Expected (+/- 5%): 50000
	Timestamp delay: 66700
	Hardware timestamp delay: 66694
[libx264 @ 0x319fe40] frame I:588   Avg QP:40.00  size:  9429
[libx264 @ 0x319fe40] mb I  I16..4: 32.6% 61.3%  6.1%
[libx264 @ 0x319fe40] final ratefactor: 37.37
[libx264 @ 0x319fe40] 8x8 transform intra:61.3%
[libx264 @ 0x319fe40] coded y,uvDC,uvAC intra: 15.7% 17.0% 1.2%
[libx264 @ 0x319fe40] i16 v,h,dc,p: 21% 56% 13% 11%
[libx264 @ 0x319fe40] i8 v,h,dc,ddl,ddr,vr,hd,vl,hu: 10% 25% 55%  1%  2%  1%  2%  1%  3%
[libx264 @ 0x319fe40] i4 v,h,dc,ddl,ddr,vr,hd,vl,hu: 18% 25% 27%  5%  6%  4%  7%  3%  5%
[libx264 @ 0x319fe40] i8c dc,h,v,p: 92%  5%  3%  0%
[libx264 @ 0x319fe40] kb/s:1508.62
Stopping Capture
