./ps4_degrader: invalid option -- 'v'
Capturing with the following configuration:
 - Capture device: DeckLink 4K Extreme 12G
 - Video mode: 720p59.94
 - Pixel format: 8 bit BGRA (4:4:4:x)
[libx264 @ 0x1c09e40] using cpu capabilities: MMX2 SSE2Fast SSSE3 SSE4.2 AVX AVX2 FMA3 LZCNT BMI2
[libx264 @ 0x1c09e40] profile High 4:2:2 Intra, level 3.1, 4:2:2 8-bit
PLAYBACK (hw timestamp): Frame 197 Displayed Late. Expected (+/- 5%): 50000
	Timestamp delay: 66622
	Hardware timestamp delay: 66653
PLAYBACK (hw timestamp): Frame 226 Displayed Late. Expected (+/- 5%): 50000
	Timestamp delay: 66574
	Hardware timestamp delay: 66649
PLAYBACK (hw timestamp): Frame 303 Displayed Late. Expected (+/- 5%): 50000
	Timestamp delay: 66611
	Hardware timestamp delay: 66727
PLAYBACK (hw timestamp): Frame 433 Displayed Late. Expected (+/- 5%): 50000
	Timestamp delay: 66666
	Hardware timestamp delay: 66626
CAPTURE: dropped a frame (dropped_count=0)
PLAYBACK (hw timestamp): Frame 434 Displayed Late. Expected (+/- 5%): 50000
	Timestamp delay: 166830
	Hardware timestamp delay: 166862
[libx264 @ 0x1c09e40] frame I:560   Avg QP:33.00  size: 39154
[libx264 @ 0x1c09e40] mb I  I16..4: 16.3% 66.6% 17.2%
[libx264 @ 0x1c09e40] final ratefactor: 40.79
[libx264 @ 0x1c09e40] 8x8 transform intra:66.6%
[libx264 @ 0x1c09e40] coded y,uvDC,uvAC intra: 58.2% 67.0% 20.2%
[libx264 @ 0x1c09e40] i16 v,h,dc,p: 23% 37% 21% 19%
[libx264 @ 0x1c09e40] i8 v,h,dc,ddl,ddr,vr,hd,vl,hu: 10% 20% 26%  6%  8%  5%  9%  5% 10%
[libx264 @ 0x1c09e40] i4 v,h,dc,ddl,ddr,vr,hd,vl,hu: 16% 24% 19%  6%  8%  6%  9%  4%  7%
[libx264 @ 0x1c09e40] i8c dc,h,v,p: 66% 16% 14%  5%
[libx264 @ 0x1c09e40] kb/s:6264.61
Stopping Capture
