00000007: 13.0592   (Y': 10.8884   Cb: 14.038    Cr: 15.6292 )
00000004: 13.1984   (Y': 10.9514   Cb: 14.1935   Cr: 15.9791 )
00000002: 13.2582   (Y': 11.044    Cb: 14.2145   Cr: 15.994  )
00000003: 13.282    (Y': 11.04     Cb: 14.2929   Cr: 16.0236 )
00000001: 13.3728   (Y': 11.0851   Cb: 14.4298   Cr: 16.1912 )
00000000: 13.7501   (Y': 11.2308   Cb: 15.0947   Cr: 16.9371 )
00000006: 13.1413   (Y': 10.9522   Cb: 14.115    Cr: 15.7738 )
00000005: 13.1764   (Y': 10.9606   Cb: 14.1401   Cr: 15.9059 )
00000014: 13.2043   (Y': 11.0476   Cb: 14.1965   Cr: 15.7138 )
00000008: 13.0803   (Y': 10.9282   Cb: 14.0651   Cr: 15.5872 )
00000011: 13.1994   (Y': 11.085    Cb: 14.2002   Cr: 15.5756 )
00000009: 13.1887   (Y': 11.0701   Cb: 14.2023   Cr: 15.5591 )
00000013: 13.1639   (Y': 10.9735   Cb: 14.2419   Cr: 15.652  )
00000012: 13.1637   (Y': 11.0279   Cb: 14.1662   Cr: 15.5983 )
00000010: 13.2555   (Y': 11.1803   Cb: 14.163    Cr: 15.6513 )
00000015: 13.2475   (Y': 11.0605   Cb: 14.2434   Cr: 15.8413 )
00000017: 13.4635   (Y': 11.3762   Cb: 14.2816   Cr: 16.0237 )
00000016: 13.2177   (Y': 11.0541   Cb: 14.1418   Cr: 15.8465 )
00000018: 13.2132   (Y': 10.9678   Cb: 14.242    Cr: 15.9388 )
00000019: 13.2264   (Y': 10.9576   Cb: 14.2628   Cr: 16.0146 )
00000021: 13.4474   (Y': 11.3429   Cb: 14.3097   Cr: 15.9922 )
00000023: 13.6701   (Y': 11.4727   Cb: 14.6731   Cr: 16.2852 )
00000020: 13.4356   (Y': 11.3676   Cb: 14.2486   Cr: 15.9477 )
00000022: 13.5366   (Y': 11.4014   Cb: 14.4357   Cr: 16.1172 )
00000024: 13.6644   (Y': 11.4547   Cb: 14.7431   Cr: 16.2087 )
00000025: 13.7026   (Y': 11.4574   Cb: 14.8021   Cr: 16.3249 )
00000027: 13.5272   (Y': 11.2051   Cb: 14.7658   Cr: 16.1937 )
00000026: 13.6121   (Y': 11.3345   Cb: 14.7377   Cr: 16.2978 )
00000029: 13.5832   (Y': 11.2928   Cb: 14.7834   Cr: 16.2038 )
00000031: 13.5883   (Y': 11.3068   Cb: 14.7953   Cr: 16.172  )
00000028: 13.5743   (Y': 11.299    Cb: 14.7695   Cr: 16.155  )
00000030: 13.5532   (Y': 11.2711   Cb: 14.7887   Cr: 16.0999 )
00000032: 13.5698   (Y': 11.2836   Cb: 14.7884   Cr: 16.152  )
00000033: 13.5005   (Y': 11.1946   Cb: 14.716    Cr: 16.1477 )
00000035: 13.5624   (Y': 11.2378   Cb: 14.8454   Cr: 16.1756 )
00000034: 13.5258   (Y': 11.2061   Cb: 14.7738   Cr: 16.1719 )
00000037: 13.6668   (Y': 11.2894   Cb: 15.0549   Cr: 16.3041 )
00000038: 13.6973   (Y': 11.3008   Cb: 15.0996   Cr: 16.3767 )
00000039: 13.7681   (Y': 11.3838   Cb: 15.1998   Cr: 16.3703 )
00000036: 13.6278   (Y': 11.3373   Cb: 14.8728   Cr: 16.1872 )
00000040: 13.8049   (Y': 11.4364   Cb: 15.1775   Cr: 16.4351 )
00000042: 13.766    (Y': 11.3522   Cb: 15.2623   Cr: 16.377  )
00000041: 13.7186   (Y': 11.3097   Cb: 15.1931   Cr: 16.3427 )
00000043: 13.8873   (Y': 11.4259   Cb: 15.4055   Cr: 16.624  )
00000044: 13.9001   (Y': 11.4358   Cb: 15.4227   Cr: 16.6412 )
00000045: 13.8766   (Y': 11.4027   Cb: 15.4124   Cr: 16.6322 )
00000046: 13.9874   (Y': 11.4988   Cb: 15.5444   Cr: 16.7638 )
00000047: 14.0416   (Y': 11.5181   Cb: 15.6413   Cr: 16.8804 )
00000048: 14.1399   (Y': 11.5945   Cb: 15.7699   Cr: 17.0139 )
00000049: 14.1668   (Y': 11.6449   Cb: 15.7693   Cr: 16.9957 )
00000051: 14.0752   (Y': 11.5879   Cb: 15.6613   Cr: 16.8092 )
00000050: 14.1952   (Y': 11.654    Cb: 15.8971   Cr: 16.9607 )
00000052: 14.1387   (Y': 11.6513   Cb: 15.7386   Cr: 16.855  )
00000054: 14.0424   (Y': 11.5165   Cb: 15.7008   Cr: 16.8119 )
00000053: 14.0392   (Y': 11.4925   Cb: 15.712    Cr: 16.8615 )
00000055: 14.0462   (Y': 11.4846   Cb: 15.7626   Cr: 16.8631 )
00000056: 13.9792   (Y': 11.4278   Cb: 15.6911   Cr: 16.7666 )
00000058: 14.0199   (Y': 11.4603   Cb: 15.5863   Cr: 17.0304 )
00000057: 14.0047   (Y': 11.41     Cb: 15.6439   Cr: 17.042  )
00000060: 14.063    (Y': 11.4615   Cb: 15.6379   Cr: 17.216  )
00000059: 14.0891   (Y': 11.514    Cb: 15.6349   Cr: 17.1852 )
00000061: 14.1048   (Y': 11.5171   Cb: 15.6534   Cr: 17.244  )
00000062: 14.0616   (Y': 11.4865   Cb: 15.5821   Cr: 17.1942 )
00000063: 14.1052   (Y': 11.4998   Cb: 15.6779   Cr: 17.2764 )
00000064: 14.1362   (Y': 11.5638   Cb: 15.657    Cr: 17.2583 )
00000065: 14.1558   (Y': 11.6277   Cb: 15.6259   Cr: 17.1894 )
00000067: 14.0864   (Y': 11.6686   Cb: 15.365    Cr: 17.0098 )
00000066: 14.1726   (Y': 11.6805   Cb: 15.5671   Cr: 17.1866 )
00000068: 14.0887   (Y': 11.7042   Cb: 15.3232   Cr: 16.9637 )
00000069: 14.1165   (Y': 11.8104   Cb: 15.2081   Cr: 16.9432 )
00000070: 14.204    (Y': 11.9836   Cb: 15.2279   Cr: 16.8593 )
00000071: 14.3499   (Y': 12.1633   Cb: 15.3039   Cr: 17.0039 )
00000072: 14.3695   (Y': 12.2083   Cb: 15.2566   Cr: 17.0459 )
00000073: 14.3389   (Y': 12.181    Cb: 15.239    Cr: 16.9859 )
00000074: 14.295    (Y': 12.1521   Cb: 15.196    Cr: 16.8956 )
00000075: 14.3835   (Y': 12.3039   Cb: 15.2212   Cr: 16.8922 )
00000076: 14.3445   (Y': 12.3337   Cb: 15.1025   Cr: 16.776  )
00000077: 14.1951   (Y': 12.2302   Cb: 14.8983   Cr: 16.5808 )
00000079: 14.0565   (Y': 11.9486   Cb: 15.0019   Cr: 16.4912 )
00000078: 14.1607   (Y': 12.1393   Cb: 14.9609   Cr: 16.5598 )
00000080: 14.0329   (Y': 11.8844   Cb: 15.0459   Cr: 16.4892 )
00000081: 13.905    (Y': 11.692    Cb: 15.0205   Cr: 16.4081 )
00000083: 13.6489   (Y': 11.4005   Cb: 14.8233   Cr: 16.1769 )
00000082: 13.8191   (Y': 11.5641   Cb: 14.9899   Cr: 16.372  )
00000084: 13.7738   (Y': 11.5299   Cb: 14.9042   Cr: 16.3488 )
00000085: 13.8649   (Y': 11.6152   Cb: 15.0211   Cr: 16.4215 )
00000086: 13.8625   (Y': 11.5832   Cb: 15.0104   Cr: 16.5219 )
00000087: 13.7374   (Y': 11.4381   Cb: 14.8986   Cr: 16.4402 )
00000088: 13.7513   (Y': 11.501    Cb: 14.8299   Cr: 16.4194 )
00000089: 13.72     (Y': 11.4813   Cb: 14.7898   Cr: 16.3647 )
00000090: 13.711    (Y': 11.4225   Cb: 14.8625   Cr: 16.3936 )
00000092: 13.7738   (Y': 11.5735   Cb: 14.8026   Cr: 16.3609 )
00000091: 13.7859   (Y': 11.5599   Cb: 14.8602   Cr: 16.3858 )
00000093: 13.8282   (Y': 11.6401   Cb: 14.879    Cr: 16.3471 )
00000094: 13.8724   (Y': 11.6667   Cb: 14.9281   Cr: 16.437  )
00000095: 13.9658   (Y': 11.7722   Cb: 14.9678   Cr: 16.5711 )
00000096: 13.9687   (Y': 11.74     Cb: 15.0485   Cr: 16.5684 )
00000097: 13.9975   (Y': 11.8532   Cb: 14.9928   Cr: 16.4666 )
00000098: 14.0146   (Y': 11.9421   Cb: 14.894    Cr: 16.4428 )
00000101: 14.1624   (Y': 12.0616   Cb: 15.2049   Cr: 16.4443 )
00000099: 14.0952   (Y': 12.0259   Cb: 15.0522   Cr: 16.4058 )
00000100: 14.1021   (Y': 11.9931   Cb: 15.0925   Cr: 16.4773 )
00000102: 14.1914   (Y': 12.0872   Cb: 15.2142   Cr: 16.5093 )
00000103: 14.2515   (Y': 12.1344   Cb: 15.3161   Cr: 16.5491 )
00000104: 14.2098   (Y': 12.1257   Cb: 15.192    Cr: 16.5269 )
00000105: 14.2273   (Y': 12.1038   Cb: 15.2639   Cr: 16.5797 )
00000106: 14.2565   (Y': 12.0879   Cb: 15.3348   Cr: 16.6807 )
00000107: 14.2789   (Y': 12.1789   Cb: 15.3204   Cr: 16.5602 )
00000108: 14.3072   (Y': 12.2267   Cb: 15.3224   Cr: 16.5702 )
00000109: 14.2194   (Y': 12.2073   Cb: 15.1217   Cr: 16.4501 )
00000110: 14.2691   (Y': 12.2317   Cb: 15.2406   Cr: 16.474  )
00000111: 14.385    (Y': 12.2442   Cb: 15.5127   Cr: 16.6647 )
00000112: 14.3449   (Y': 12.1496   Cb: 15.5086   Cr: 16.731  )
00000118: 14.2687   (Y': 12.065    Cb: 15.4189   Cr: 16.697  )
00000113: 14.2348   (Y': 12.0638   Cb: 15.3734   Cr: 16.5852 )
00000114: 14.207    (Y': 12.0055   Cb: 15.401    Cr: 16.5714 )
00000117: 14.199    (Y': 11.9356   Cb: 15.4396   Cr: 16.6823 )
00000116: 14.1508   (Y': 11.9777   Cb: 15.2585   Cr: 16.5479 )
00000115: 14.1753   (Y': 11.9643   Cb: 15.3761   Cr: 16.5574 )
00000119: 14.2656   (Y': 12.0548   Cb: 15.5265   Cr: 16.5698 )
00000120: 14.2821   (Y': 12.0311   Cb: 15.5843   Cr: 16.649  )
00000121: 14.3393   (Y': 12.0009   Cb: 15.7248   Cr: 16.8589 )
00000122: 14.3807   (Y': 12.0199   Cb: 15.7583   Cr: 16.9801 )
00000124: 14.5265   (Y': 12.1883   Cb: 15.8422   Cr: 17.1378 )
00000123: 14.5036   (Y': 12.1702   Cb: 15.8215   Cr: 17.0969 )
00000126: 14.5642   (Y': 12.2038   Cb: 15.8996   Cr: 17.2187 )
00000125: 14.5845   (Y': 12.289    Cb: 15.8398   Cr: 17.1451 )
00000127: 14.5917   (Y': 12.2777   Cb: 15.9378   Cr: 17.0882 )
00000128: 14.4877   (Y': 12.2103   Cb: 15.8063   Cr: 16.9103 )
00000129: 14.4057   (Y': 12.2561   Cb: 15.5475   Cr: 16.6915 )
00000130: 14.3118   (Y': 12.2011   Cb: 15.4695   Cr: 16.4717 )
00000131: 14.3246   (Y': 12.266    Cb: 15.4164   Cr: 16.4295 )
00000135: 14.5193   (Y': 12.2418   Cb: 15.8169   Cr: 16.9697 )
00000133: 14.3956   (Y': 12.3061   Cb: 15.5011   Cr: 16.5648 )
00000132: 14.3293   (Y': 12.2871   Cb: 15.4217   Cr: 16.3911 )
00000134: 14.3902   (Y': 12.2534   Cb: 15.5733   Cr: 16.5882 )
00000136: 14.5175   (Y': 12.2176   Cb: 15.8467   Cr: 16.9937 )
00000137: 14.5399   (Y': 12.1741   Cb: 15.9378   Cr: 17.1279 )
00000138: 14.5945   (Y': 12.1806   Cb: 16.0501   Cr: 17.2588 )
00000139: 14.5655   (Y': 12.1907   Cb: 15.8681   Cr: 17.3117 )
00000140: 14.5945   (Y': 12.235    Cb: 15.9287   Cr: 17.2477 )
00000141: 14.6414   (Y': 12.1995   Cb: 16.0344   Cr: 17.4834 )
00000143: 14.7676   (Y': 12.3618   Cb: 15.9941   Cr: 17.7266 )
00000142: 14.6991   (Y': 12.3018   Cb: 15.9863   Cr: 17.5409 )
00000144: 14.8636   (Y': 12.4618   Cb: 16.0522   Cr: 17.8659 )
00000145: 14.9212   (Y': 12.5374   Cb: 16.144    Cr: 17.8109 )
00000147: 14.8889   (Y': 12.6026   Cb: 15.8532   Cr: 17.8452 )
00000148: 15.0309   (Y': 12.7375   Cb: 16.0177   Cr: 17.9756 )
00000146: 14.9404   (Y': 12.5406   Cb: 16.1803   Cr: 17.8591 )
00000149: 14.8081   (Y': 12.4672   Cb: 15.9847   Cr: 17.6231 )
00000150: 14.8378   (Y': 12.4328   Cb: 16.0597   Cr: 17.8014 )
00000151: 14.9121   (Y': 12.4025   Cb: 16.3107   Cr: 17.9828 )
00000152: 14.8859   (Y': 12.3076   Cb: 16.3364   Cr: 18.134  )
00000153: 14.9506   (Y': 12.3692   Cb: 16.3951   Cr: 18.2199 )
00000154: 14.8625   (Y': 12.2688   Cb: 16.3553   Cr: 18.1063 )
00000155: 14.9237   (Y': 12.3868   Cb: 16.2878   Cr: 18.1465 )
00000156: 14.8979   (Y': 12.3821   Cb: 16.2379   Cr: 18.079  )
00000158: 14.812    (Y': 12.2778   Cb: 16.1776   Cr: 18.0224 )
00000157: 14.7651   (Y': 12.2402   Cb: 16.1071   Cr: 17.9773 )
00000159: 14.6392   (Y': 12.1058   Cb: 15.9797   Cr: 17.8853 )
00000160: 14.7539   (Y': 12.228    Cb: 16.1026   Cr: 17.9591 )
00000161: 14.67     (Y': 12.1019   Cb: 15.9984   Cr: 18.0694 )
00000162: 14.667    (Y': 12.1241   Cb: 15.9653   Cr: 18.0162 )
00000163: 14.8181   (Y': 12.2655   Cb: 16.0872   Cr: 18.2532 )
00000164: 14.8342   (Y': 12.2581   Cb: 16.1185   Cr: 18.338  )
00000165: 14.9494   (Y': 12.3977   Cb: 16.2554   Cr: 18.3208 )
00000167: 14.8534   (Y': 12.2665   Cb: 16.1861   Cr: 18.3208 )
00000168: 14.8218   (Y': 12.2478   Cb: 16.1298   Cr: 18.2781 )
00000166: 14.929    (Y': 12.3228   Cb: 16.2868   Cr: 18.4335 )
00000169: 14.8032   (Y': 12.221    Cb: 16.0815   Cr: 18.3419 )
00000170: 14.8059   (Y': 12.294    Cb: 16.0624   Cr: 18.1028 )
00000172: 14.8415   (Y': 12.3234   Cb: 16.1035   Cr: 18.1534 )
00000171: 14.7932   (Y': 12.2699   Cb: 16.0621   Cr: 18.1139 )
00000173: 14.8258   (Y': 12.3067   Cb: 16.0125   Cr: 18.265  )
00000174: 14.8683   (Y': 12.371    Cb: 16.0098   Cr: 18.2981 )
00000175: 14.9954   (Y': 12.4922   Cb: 16.1976   Cr: 18.3468 )
00000177: 15.0779   (Y': 12.5757   Cb: 16.2024   Cr: 18.5562 )
00000178: 14.9618   (Y': 12.4491   Cb: 16.1399   Cr: 18.3902 )
00000179: 14.869    (Y': 12.3657   Cb: 16.0401   Cr: 18.2721 )
00000176: 15.0253   (Y': 12.5281   Cb: 16.2107   Cr: 18.3813 )
00000182: 14.6927   (Y': 12.1817   Cb: 15.82     Cr: 18.201  )
00000180: 14.8161   (Y': 12.3188   Cb: 15.9626   Cr: 18.2376 )
00000183: 14.6817   (Y': 12.1828   Cb: 15.7547   Cr: 18.2363 )
00000181: 14.7323   (Y': 12.2234   Cb: 15.8763   Cr: 18.2036 )
00000184: 14.6667   (Y': 12.1599   Cb: 15.757    Cr: 18.2228 )
00000186: 14.5745   (Y': 12.1094   Cb: 15.6069   Cr: 18.0659 )
00000185: 14.6158   (Y': 12.1177   Cb: 15.6966   Cr: 18.1537 )
00000187: 14.6614   (Y': 12.1587   Cb: 15.7153   Cr: 18.2656 )
00000189: 14.7601   (Y': 12.1861   Cb: 15.936    Cr: 18.4422 )
00000190: 14.8175   (Y': 12.2881   Cb: 15.9336   Cr: 18.42   )
00000191: 14.742    (Y': 12.2806   Cb: 15.6921   Cr: 18.3676 )
00000188: 14.7254   (Y': 12.213    Cb: 15.7986   Cr: 18.3347 )
00000192: 14.7554   (Y': 12.354    Cb: 15.622    Cr: 18.296  )
00000193: 14.7291   (Y': 12.3047   Cb: 15.7055   Cr: 18.1607 )
00000195: 14.6478   (Y': 12.2683   Cb: 15.6142   Cr: 17.928  )
00000194: 14.7563   (Y': 12.3661   Cb: 15.7168   Cr: 18.086  )
00000196: 14.5557   (Y': 12.2185   Cb: 15.4368   Cr: 17.8274 )
00000197: 14.4878   (Y': 12.133    Cb: 15.4007   Cr: 17.7688 )
00000198: 14.4702   (Y': 12.1106   Cb: 15.4157   Cr: 17.713  )
00000199: 14.5136   (Y': 12.1905   Cb: 15.3498   Cr: 17.813  )
00000200: 14.5259   (Y': 12.268    Cb: 15.3628   Cr: 17.5937 )
00000201: 14.4397   (Y': 12.2053   Cb: 15.2317   Cr: 17.5032 )
00000202: 14.3821   (Y': 12.1443   Cb: 15.2219   Cr: 17.3775 )
00000205: 14.6018   (Y': 12.4511   Cb: 15.3779   Cr: 17.4184 )
00000204: 14.5597   (Y': 12.3028   Cb: 15.4318   Cr: 17.5662 )
00000203: 14.5321   (Y': 12.2796   Cb: 15.387    Cr: 17.5515 )
00000206: 14.6677   (Y': 12.5343   Cb: 15.4299   Cr: 17.4525 )
00000207: 14.6245   (Y': 12.5174   Cb: 15.427    Cr: 17.2664 )
00000208: 14.6226   (Y': 12.4458   Cb: 15.4345   Cr: 17.4645 )
00000209: 14.5613   (Y': 12.3697   Cb: 15.4077   Cr: 17.3953 )
00000210: 14.5013   (Y': 12.2911   Cb: 15.4159   Cr: 17.2879 )
00000211: 14.4435   (Y': 12.2397   Cb: 15.386    Cr: 17.1679 )
00000213: 14.5635   (Y': 12.3901   Cb: 15.5699   Cr: 17.1021 )
00000214: 14.5898   (Y': 12.4128   Cb: 15.6428   Cr: 17.0734 )
00000212: 14.544    (Y': 12.3652   Cb: 15.4924   Cr: 17.1825 )
00000215: 14.7081   (Y': 12.5555   Cb: 15.777    Cr: 17.0996 )
00000217: 14.8767   (Y': 12.6852   Cb: 16.0759   Cr: 17.2054 )
00000216: 14.827    (Y': 12.6492   Cb: 15.9623   Cr: 17.2009 )
00000218: 14.996    (Y': 12.7928   Cb: 16.2415   Cr: 17.2981 )
00000219: 15.119    (Y': 12.8755   Cb: 16.4929   Cr: 17.3746 )
00000220: 15.1636   (Y': 12.8933   Cb: 16.5793   Cr: 17.4441 )
00000222: 15.1857   (Y': 12.8494   Cb: 16.5902   Cr: 17.6744 )
00000223: 15.1503   (Y': 12.9195   Cb: 16.4792   Cr: 17.4257 )
00000224: 15.1588   (Y': 12.9283   Cb: 16.4747   Cr: 17.4493 )
00000221: 15.1319   (Y': 12.7722   Cb: 16.5694   Cr: 17.65   )
00000226: 15.3194   (Y': 13.0814   Cb: 16.667    Cr: 17.592  )
00000225: 15.2472   (Y': 12.9796   Cb: 16.6019   Cr: 17.5953 )
00000227: 15.3955   (Y': 13.1924   Cb: 16.5936   Cr: 17.759  )
00000228: 15.456    (Y': 13.2777   Cb: 16.6936   Cr: 17.6988 )
00000229: 15.4556   (Y': 13.2894   Cb: 16.7155   Cr: 17.6372 )
00000230: 15.543    (Y': 13.424    Cb: 16.7465   Cr: 17.6675 )
00000231: 15.4528   (Y': 13.2935   Cb: 16.6844   Cr: 17.6513 )
00000232: 15.5421   (Y': 13.3749   Cb: 16.7788   Cr: 17.7554 )
00000233: 15.4807   (Y': 13.2421   Cb: 16.8117   Cr: 17.7754 )
00000235: 15.4073   (Y': 13.0751   Cb: 16.8002   Cr: 17.8983 )
00000234: 15.4604   (Y': 13.1402   Cb: 16.8965   Cr: 17.8604 )
00000237: 15.5781   (Y': 13.211    Cb: 17.1004   Cr: 18.0119 )
00000236: 15.3996   (Y': 13.0279   Cb: 16.8703   Cr: 17.9121 )
00000239: 15.5024   (Y': 13.2494   Cb: 16.9052   Cr: 17.7498 )
00000240: 15.4279   (Y': 13.1507   Cb: 16.8145   Cr: 17.7639 )
00000241: 15.4609   (Y': 13.2499   Cb: 16.7449   Cr: 17.7364 )
00000238: 15.4847   (Y': 13.1088   Cb: 17.0445   Cr: 17.8987 )
00000242: 15.3465   (Y': 13.2062   Cb: 16.4572   Cr: 17.6473 )
00000243: 15.3475   (Y': 13.117    Cb: 16.6017   Cr: 17.7168 )
00000244: 15.3033   (Y': 13.0771   Cb: 16.6037   Cr: 17.6009 )
00000245: 15.3503   (Y': 13.0904   Cb: 16.6865   Cr: 17.6995 )
00000247: 15.4359   (Y': 13.1826   Cb: 16.744    Cr: 17.8017 )
00000250: 15.4272   (Y': 13.2205   Cb: 16.7174   Cr: 17.6828 )
00000249: 15.4241   (Y': 13.189    Cb: 16.7286   Cr: 17.7421 )
00000248: 15.423    (Y': 13.2185   Cb: 16.6657   Cr: 17.7325 )
00000246: 15.3428   (Y': 13.0757   Cb: 16.7264   Cr: 17.6537 )
00000251: 15.3328   (Y': 13.063    Cb: 16.664    Cr: 17.7167 )
00000252: 15.4578   (Y': 13.1307   Cb: 16.8967   Cr: 17.8755 )
00000253: 15.3875   (Y': 13.137    Cb: 16.679    Cr: 17.7667 )
00000254: 15.3507   (Y': 13.1317   Cb: 16.575    Cr: 17.7258 )
00000255: 15.4246   (Y': 13.2283   Cb: 16.6047   Cr: 17.7921 )
00000257: 14.5719   (Y': 12.1099   Cb: 16.0932   Cr: 17.3066 )
00000256: 15.296    (Y': 13.0422   Cb: 16.5592   Cr: 17.7213 )
00000259: 14.4806   (Y': 12.0787   Cb: 16.0194   Cr: 17.0001 )
00000258: 14.5271   (Y': 12.0635   Cb: 16.0723   Cr: 17.2361 )
00000261: 14.3095   (Y': 11.9305   Cb: 15.843    Cr: 16.7653 )
00000260: 14.4603   (Y': 12.04     Cb: 16.0154   Cr: 17.017  )
00000262: 14.3426   (Y': 12.0013   Cb: 15.8374   Cr: 16.7327 )
00000263: 14.2265   (Y': 11.8259   Cb: 15.863    Cr: 16.6227 )
00000264: 14.2124   (Y': 11.7846   Cb: 15.9059   Cr: 16.6238 )
00000265: 14.232    (Y': 11.7607   Cb: 15.879    Cr: 16.8363 )
00000266: 14.254    (Y': 11.7933   Cb: 15.8401   Cr: 16.9009 )
00000267: 14.3172   (Y': 11.9062   Cb: 15.8163   Cr: 16.9161 )
00000268: 14.3051   (Y': 11.8721   Cb: 15.792    Cr: 16.9903 )
00000269: 14.2626   (Y': 11.8464   Cb: 15.6773   Cr: 16.9897 )
00000270: 14.2053   (Y': 11.8432   Cb: 15.4594   Cr: 16.9783 )
00000271: 13.9643   (Y': 11.6896   Cb: 14.8728   Cr: 16.971  )
00000272: 13.8988   (Y': 11.6853   Cb: 14.6792   Cr: 16.9115 )
00000274: 13.9176   (Y': 11.5836   Cb: 14.7475   Cr: 17.2683 )
00000273: 13.8678   (Y': 11.6507   Cb: 14.5393   Cr: 17.0812 )
00000275: 14.3149   (Y': 12.0914   Cb: 14.968    Cr: 17.5842 )
00000276: 14.8254   (Y': 12.6756   Cb: 15.2072   Cr: 18.3552 )
00000277: 14.8133   (Y': 12.6893   Cb: 15.2278   Cr: 18.1833 )
00000278: 14.8645   (Y': 12.634    Cb: 15.4456   Cr: 18.2942 )
00000279: 14.7631   (Y': 12.5063   Cb: 15.3204   Cr: 18.3386 )
00000280: 14.6659   (Y': 12.4208   Cb: 15.2311   Cr: 18.1814 )
00000281: 14.6575   (Y': 12.4839   Cb: 15.1974   Cr: 17.9611 )
00000283: 14.6605   (Y': 12.3772   Cb: 15.3393   Cr: 18.0996 )
00000282: 14.6588   (Y': 12.433    Cb: 15.1832   Cr: 18.1822 )
00000284: 14.5621   (Y': 12.2115   Cb: 15.2707   Cr: 18.2034 )
00000285: 14.4323   (Y': 12.1127   Cb: 15.1041   Cr: 18.0233 )
00000286: 14.4436   (Y': 12.1313   Cb: 15.109    Cr: 18.0192 )
00000287: 14.6084   (Y': 12.2358   Cb: 15.3403   Cr: 18.2916 )
00000288: 14.531    (Y': 12.1821   Cb: 15.182    Cr: 18.2808 )
00000289: 14.6903   (Y': 12.327    Cb: 15.4002   Cr: 18.38   )
00000290: 14.7195   (Y': 12.4163   Cb: 15.3864   Cr: 18.2571 )
00000292: 14.6781   (Y': 12.3532   Cb: 15.3032   Cr: 18.3835 )
00000291: 14.6788   (Y': 12.33     Cb: 15.3304   Cr: 18.4267 )
00000294: 14.816    (Y': 12.5375   Cb: 15.3307   Cr: 18.5635 )
00000295: 14.7917   (Y': 12.5528   Cb: 15.2604   Cr: 18.4797 )
00000293: 14.7294   (Y': 12.4558   Cb: 15.2271   Cr: 18.4934 )
00000296: 14.7929   (Y': 12.5595   Cb: 15.2807   Cr: 18.4199 )
00000297: 14.7384   (Y': 12.5107   Cb: 15.237    Cr: 18.3211 )
00000298: 14.7122   (Y': 12.5051   Cb: 15.1981   Cr: 18.243  )
00000299: 14.7057   (Y': 12.5437   Cb: 15.1344   Cr: 18.1846 )
00000300: 14.8438   (Y': 12.6989   Cb: 15.2994   Cr: 18.2078 )
00000301: 14.8665   (Y': 12.6997   Cb: 15.359    Cr: 18.2361 )
00000302: 14.7749   (Y': 12.5566   Cb: 15.3471   Cr: 18.1772 )
00000303: 14.7376   (Y': 12.3961   Cb: 15.5068   Cr: 18.2272 )
00000304: 14.7402   (Y': 12.4149   Cb: 15.4573   Cr: 18.2657 )
00000306: 14.8289   (Y': 12.5694   Cb: 15.4756   Cr: 18.2407 )
00000307: 14.8079   (Y': 12.6527   Cb: 15.3223   Cr: 18.095  )
00000309: 14.7407   (Y': 12.6193   Cb: 15.1691   Cr: 18.0744 )
00000310: 14.7088   (Y': 12.586    Cb: 15.1375   Cr: 18.0466 )
00000305: 14.7067   (Y': 12.4683   Cb: 15.3258   Cr: 18.0932 )
00000312: 14.8581   (Y': 12.763    Cb: 15.3202   Cr: 18.0372 )
00000308: 14.7602   (Y': 12.6228   Cb: 15.1847   Cr: 18.158  )
00000311: 14.8759   (Y': 12.7629   Cb: 15.3408   Cr: 18.1105 )
00000313: 14.9542   (Y': 12.85     Cb: 15.3723   Cr: 18.2478 )
00000314: 14.9755   (Y': 12.878    Cb: 15.4028   Cr: 18.2286 )
00000315: 14.9296   (Y': 12.6323   Cb: 15.6099   Cr: 18.4185 )
00000317: 14.8768   (Y': 12.5364   Cb: 15.6436   Cr: 18.3666 )
00000318: 14.8438   (Y': 12.4848   Cb: 15.5954   Cr: 18.4347 )
00000316: 14.9253   (Y': 12.5965   Cb: 15.6534   Cr: 18.4432 )
00000320: 14.8297   (Y': 12.4431   Cb: 15.6614   Cr: 18.3771 )
00000321: 14.8946   (Y': 12.4936   Cb: 15.7683   Cr: 18.4199 )
00000319: 14.8646   (Y': 12.4791   Cb: 15.6632   Cr: 18.4698 )
00000322: 14.7941   (Y': 12.3292   Cb: 15.7913   Cr: 18.3477 )
00000325: 14.7204   (Y': 12.4712   Cb: 15.3668   Cr: 18.0944 )
00000326: 14.658    (Y': 12.394    Cb: 15.3113   Cr: 18.0736 )
00000324: 14.7281   (Y': 12.3496   Cb: 15.5447   Cr: 18.2725 )
00000323: 14.8063   (Y': 12.4613   Cb: 15.6074   Cr: 18.2499 )
00000328: 14.7111   (Y': 12.4984   Cb: 15.2652   Cr: 18.1275 )
00000327: 14.7422   (Y': 12.5435   Cb: 15.2684   Cr: 18.1623 )
00000329: 15.0253   (Y': 12.9308   Cb: 15.4824   Cr: 18.2117 )
00000330: 15.0814   (Y': 12.9604   Cb: 15.5775   Cr: 18.2843 )
00000331: 15.258    (Y': 13.285    Cb: 15.6397   Cr: 18.1902 )
00000333: 15.1713   (Y': 13.0993   Cb: 15.5358   Cr: 18.4586 )
00000334: 14.9986   (Y': 12.9018   Cb: 15.3872   Cr: 18.3241 )
00000335: 14.803    (Y': 12.508    Cb: 15.4486   Cr: 18.3501 )
00000332: 15.2179   (Y': 13.0946   Cb: 15.6463   Cr: 18.5581 )
00000336: 14.8104   (Y': 12.4834   Cb: 15.4841   Cr: 18.4266 )
00000337: 15.1716   (Y': 12.9884   Cb: 15.8627   Cr: 18.235  )
00000338: 15.3793   (Y': 13.3614   Cb: 15.8316   Cr: 18.3256 )
00000339: 15.6513   (Y': 13.6881   Cb: 16.0954   Cr: 18.4441 )
00000340: 15.7315   (Y': 13.6524   Cb: 16.2847   Cr: 18.6938 )
00000341: 15.7857   (Y': 13.7342   Cb: 16.3899   Cr: 18.5749 )
00000342: 15.772    (Y': 13.7138   Cb: 16.4531   Cr: 18.4569 )
00000344: 15.795    (Y': 13.7981   Cb: 16.2976   Cr: 18.5889 )
00000345: 16.2288   (Y': 14.2731   Cb: 16.7433   Cr: 18.8816 )
00000343: 15.9499   (Y': 13.8663   Cb: 16.6379   Cr: 18.7008 )
00000346: 16.1177   (Y': 14.2245   Cb: 16.5446   Cr: 18.7359 )
00000347: 15.9964   (Y': 13.9108   Cb: 16.7731   Cr: 18.6139 )
00000349: 15.3318   (Y': 13.5546   Cb: 15.6501   Cr: 17.8111 )
00000348: 15.7053   (Y': 13.8689   Cb: 16.1238   Cr: 18.1804 )
00000351: 15.088    (Y': 13.6407   Cb: 14.9923   Cr: 17.4372 )
00000350: 15.2314   (Y': 13.5306   Cb: 15.4627   Cr: 17.6535 )
00000352: 15.0063   (Y': 13.4792   Cb: 14.9694   Cr: 17.4468 )
00000353: 14.9887   (Y': 13.5064   Cb: 14.9762   Cr: 17.2777 )
00000354: 14.9373   (Y': 13.4268   Cb: 14.9844   Cr: 17.1933 )
00000355: 14.8194   (Y': 13.0504   Cb: 15.1714   Cr: 17.222  )
00000356: 14.8333   (Y': 13.0581   Cb: 15.1796   Cr: 17.2618 )
00000357: 14.767    (Y': 12.911    Cb: 15.141    Cr: 17.3689 )
00000358: 14.8964   (Y': 13.0687   Cb: 15.2936   Cr: 17.3821 )
00000360: 15.1529   (Y': 13.231    Cb: 15.685    Cr: 17.6816 )
00000359: 14.9756   (Y': 13.04     Cb: 15.5472   Cr: 17.4801 )
00000361: 15.2855   (Y': 13.2634   Cb: 15.9877   Cr: 17.8323 )
00000362: 15.6722   (Y': 13.8668   Cb: 16.1193   Cr: 18.0204 )
00000363: 15.1608   (Y': 13.0822   Cb: 15.953    Cr: 17.7345 )
00000364: 14.99     (Y': 12.7989   Cb: 15.9534   Cr: 17.644  )
00000365: 15.1534   (Y': 13.1568   Cb: 15.932    Cr: 17.5154 )
00000366: 15.1848   (Y': 13.1655   Cb: 15.9973   Cr: 17.5605 )
00000367: 15.2218   (Y': 13.2503   Cb: 16.065    Cr: 17.4263 )
00000370: 15.3376   (Y': 13.4097   Cb: 16.1216   Cr: 17.5103 )
00000368: 15.1105   (Y': 13.2179   Cb: 15.8413   Cr: 17.2665 )
00000369: 15.2911   (Y': 13.4007   Cb: 16.0333   Cr: 17.4256 )
00000371: 15.3133   (Y': 13.2974   Cb: 16.1435   Cr: 17.6543 )
00000373: 15.4278   (Y': 13.4032   Cb: 16.2768   Cr: 17.7659 )
00000375: 15.6128   (Y': 13.621    Cb: 16.45     Cr: 17.8792 )
00000372: 15.331    (Y': 13.3206   Cb: 16.1366   Cr: 17.6925 )
00000374: 15.4312   (Y': 13.3858   Cb: 16.3273   Cr: 17.7606 )
00000376: 15.6961   (Y': 13.7243   Cb: 16.4699   Cr: 17.9981 )
00000377: 15.6183   (Y': 13.5171   Cb: 16.5827   Cr: 18.0077 )
00000378: 15.6117   (Y': 13.4394   Cb: 16.6678   Cr: 18.0771 )
00000379: 15.6745   (Y': 13.4082   Cb: 16.8997   Cr: 18.1872 )
00000380: 15.8039   (Y': 13.5269   Cb: 17.0775   Cr: 18.2843 )
00000381: 15.5747   (Y': 13.0701   Cb: 17.1673   Cr: 18.3579 )
00000382: 15.5118   (Y': 12.9453   Cb: 17.1954   Cr: 18.3881 )
00000383: 15.6224   (Y': 13.1202   Cb: 17.2502   Cr: 18.3517 )
00000384: 15.7463   (Y': 13.2821   Cb: 17.3212   Cr: 18.4185 )
00000385: 15.8787   (Y': 13.4052   Cb: 17.4005   Cr: 18.651  )
00000386: 15.9029   (Y': 13.4015   Cb: 17.4902   Cr: 18.6823 )
00000387: 15.9498   (Y': 13.4497   Cb: 17.5653   Cr: 18.6882 )
00000388: 15.8201   (Y': 13.3056   Cb: 17.4805   Cr: 18.5488 )
00000389: 15.7489   (Y': 13.1983   Cb: 17.4357   Cr: 18.5661 )
00000391: 15.7287   (Y': 13.2199   Cb: 17.4033   Cr: 18.4205 )
00000390: 15.8011   (Y': 13.3576   Cb: 17.3683   Cr: 18.4164 )
00000392: 15.7418   (Y': 13.294    Cb: 17.2336   Cr: 18.4692 )
00000393: 15.6818   (Y': 13.2302   Cb: 17.3235   Cr: 18.2296 )
00000394: 15.719    (Y': 13.2708   Cb: 17.3508   Cr: 18.2678 )
00000395: 15.4127   (Y': 12.8653   Cb: 17.1622   Cr: 18.1394 )
00000396: 15.3822   (Y': 12.8249   Cb: 17.0615   Cr: 18.2325 )
00000398: 15.2306   (Y': 12.5771   Cb: 17.0855   Cr: 18.1947 )
00000397: 15.469    (Y': 12.8516   Cb: 17.2643   Cr: 18.3797 )
00000399: 15.8203   (Y': 13.4677   Cb: 17.2015   Cr: 18.3889 )
00000400: 15.7874   (Y': 13.4044   Cb: 17.1874   Cr: 18.4271 )
00000401: 15.7303   (Y': 13.3405   Cb: 17.145    Cr: 18.3724 )
00000402: 15.7897   (Y': 13.3404   Cb: 17.3518   Cr: 18.43   )
00000403: 15.7239   (Y': 13.2659   Cb: 17.3061   Cr: 18.3666 )
00000404: 15.8021   (Y': 13.3824   Cb: 17.3607   Cr: 18.3527 )
00000405: 15.7683   (Y': 13.3163   Cb: 17.3461   Cr: 18.397  )
00000406: 15.843    (Y': 13.395    Cb: 17.4557   Cr: 18.4152 )
00000407: 15.8055   (Y': 13.2542   Cb: 17.6145   Cr: 18.4716 )
00000408: 15.7338   (Y': 13.1586   Cb: 17.5091   Cr: 18.5224 )
00000409: 15.6684   (Y': 13.1263   Cb: 17.4272   Cr: 18.3654 )
00000410: 15.6728   (Y': 13.1111   Cb: 17.4528   Cr: 18.4096 )
00000411: 15.5073   (Y': 12.8726   Cb: 17.4191   Cr: 18.3322 )
00000412: 15.4075   (Y': 12.7838   Cb: 17.2887   Cr: 18.2314 )
00000413: 15.409    (Y': 12.8664   Cb: 17.1599   Cr: 18.1176 )
00000415: 15.1992   (Y': 12.6334   Cb: 16.9794   Cr: 17.9493 )
00000414: 15.3727   (Y': 12.8243   Cb: 17.1679   Cr: 18.0456 )
00000416: 15.1315   (Y': 12.6171   Cb: 16.815    Cr: 17.8306 )
00000417: 15.2625   (Y': 12.7499   Cb: 16.967    Cr: 17.9289 )
00000418: 15.1889   (Y': 12.7604   Cb: 16.7765   Cr: 17.731  )
00000420: 15.077    (Y': 12.5169   Cb: 16.8445   Cr: 17.8236 )
00000419: 15.0303   (Y': 12.5954   Cb: 16.5852   Cr: 17.6334 )
00000421: 15.121    (Y': 12.5791   Cb: 16.8743   Cr: 17.8241 )
00000422: 15.1813   (Y': 12.7038   Cb: 16.7998   Cr: 17.8412 )
00000423: 15.0995   (Y': 12.7037   Cb: 16.518    Cr: 17.7554 )
00000424: 15.1801   (Y': 12.8123   Cb: 16.6166   Cr: 17.7242 )
00000425: 15.0654   (Y': 12.7716   Cb: 16.3164   Cr: 17.6265 )
00000426: 15.1348   (Y': 12.8016   Cb: 16.4843   Cr: 17.6852 )
00000428: 15.0934   (Y': 12.8602   Cb: 16.3667   Cr: 17.4455 )
00000427: 15.1205   (Y': 12.8401   Cb: 16.452    Cr: 17.5355 )
00000429: 15.2404   (Y': 13.0809   Cb: 16.381    Cr: 17.5558 )
00000430: 15.1131   (Y': 13.0672   Cb: 16.1399   Cr: 17.2681 )
00000431: 15.0528   (Y': 12.957    Cb: 16.0967   Cr: 17.319  )
00000432: 15.1437   (Y': 12.967    Cb: 16.2275   Cr: 17.5839 )
00000433: 15.1868   (Y': 13.0321   Cb: 16.2151   Cr: 17.6399 )
00000434: 15.1159   (Y': 12.9618   Cb: 16.1722   Cr: 17.5288 )
00000435: 15.1836   (Y': 12.9832   Cb: 16.2985   Cr: 17.6507 )
00000436: 15.3021   (Y': 13.0441   Cb: 16.5237   Cr: 17.7948 )
00000437: 15.3569   (Y': 13.099    Cb: 16.6406   Cr: 17.7672 )
00000438: 15.3286   (Y': 13.0832   Cb: 16.5383   Cr: 17.7997 )
00000439: 15.2747   (Y': 12.9961   Cb: 16.54     Cr: 17.7709 )
00000440: 15.3372   (Y': 13.0764   Cb: 16.56     Cr: 17.8366 )
00000441: 15.4648   (Y': 13.2257   Cb: 16.6968   Cr: 17.8877 )
00000442: 15.4355   (Y': 13.1329   Cb: 16.6829   Cr: 18.0288 )
00000443: 15.4184   (Y': 13.0285   Cb: 16.7529   Cr: 18.1694 )
00000444: 15.3674   (Y': 12.931    Cb: 16.8281   Cr: 18.0985 )
00000445: 15.3486   (Y': 12.9068   Cb: 16.818    Cr: 18.0857 )
00000446: 15.5204   (Y': 13.0648   Cb: 17.0561   Cr: 18.2156 )
00000447: 15.632    (Y': 13.2993   Cb: 17.0005   Cr: 18.1563 )
00000448: 15.7178   (Y': 13.4153   Cb: 17.0993   Cr: 18.134  )
00000449: 15.8886   (Y': 13.6048   Cb: 17.1703   Cr: 18.3786 )
00000450: 15.9437   (Y': 13.6641   Cb: 17.1915   Cr: 18.4662 )
00000451: 15.9735   (Y': 13.6821   Cb: 17.2732   Cr: 18.4628 )
00000452: 15.9563   (Y': 13.6992   Cb: 17.2376   Cr: 18.3676 )
00000454: 15.854    (Y': 13.6925   Cb: 17.0901   Cr: 18.0525 )
00000453: 15.8968   (Y': 13.7435   Cb: 17.105    Cr: 18.1079 )
00000455: 15.8571   (Y': 13.6933   Cb: 17.1363   Cr: 18.0089 )
00000456: 15.9254   (Y': 13.7729   Cb: 17.1629   Cr: 18.0975 )
00000457: 15.8394   (Y': 13.7247   Cb: 17.0473   Cr: 17.9473 )
00000458: 15.9112   (Y': 13.7933   Cb: 17.0947   Cr: 18.0578 )
00000460: 16.2442   (Y': 13.8526   Cb: 17.8973   Cr: 18.5938 )
00000459: 16.3026   (Y': 13.9856   Cb: 17.8309   Cr: 18.5813 )
00000461: 15.5478   (Y': 13.2345   Cb: 17.1446   Cr: 17.7361 )
00000462: 15.004    (Y': 13.1252   Cb: 15.9632   Cr: 16.8289 )
00000463: 14.646    (Y': 12.7874   Cb: 15.504    Cr: 16.5492 )
00000464: 14.5371   (Y': 12.5709   Cb: 15.5095   Cr: 16.5574 )
00000466: 14.1645   (Y': 12.3641   Cb: 14.8806   Cr: 16.1138 )
00000465: 14.3494   (Y': 12.5139   Cb: 15.0791   Cr: 16.3651 )
00000467: 14.163    (Y': 12.4037   Cb: 14.9385   Cr: 15.9408 )
00000468: 14.1598   (Y': 12.473    Cb: 14.8845   Cr: 15.8408 )
00000470: 13.8745   (Y': 12.3356   Cb: 14.43     Cr: 15.4558 )
00000469: 14.0238   (Y': 12.4333   Cb: 14.6303   Cr: 15.6475 )
00000471: 13.5849   (Y': 11.959    Cb: 14.1958   Cr: 15.2781 )
00000472: 13.5246   (Y': 11.9506   Cb: 14.0562   Cr: 15.2097 )
00000474: 13.3494   (Y': 11.8509   Cb: 13.8961   Cr: 14.8599 )
00000473: 13.3915   (Y': 11.8939   Cb: 13.9107   Cr: 14.9346 )
00000476: 13.4976   (Y': 11.9212   Cb: 14.1911   Cr: 14.9849 )
00000475: 13.4096   (Y': 11.8623   Cb: 14.0677   Cr: 14.8809 )
00000477: 13.7555   (Y': 12.0796   Cb: 14.6137   Cr: 15.2529 )
00000480: 14.1071   (Y': 12.4441   Cb: 14.9154   Cr: 15.6357 )
00000479: 14.0744   (Y': 12.3571   Cb: 14.9403   Cr: 15.6499 )
00000478: 13.8663   (Y': 12.1139   Cb: 14.7695   Cr: 15.4736 )
00000481: 14.1477   (Y': 12.4744   Cb: 14.973    Cr: 15.6778 )
00000482: 14.0531   (Y': 12.4627   Cb: 14.8023   Cr: 15.5026 )
00000484: 13.909    (Y': 12.3048   Cb: 14.7112   Cr: 15.3249 )
00000483: 13.9796   (Y': 12.3942   Cb: 14.7808   Cr: 15.3591 )
00000485: 13.6814   (Y': 11.8918   Cb: 14.6485   Cr: 15.295  )
00000486: 13.7031   (Y': 11.9142   Cb: 14.7088   Cr: 15.2705 )
00000487: 13.6678   (Y': 11.8904   Cb: 14.6578   Cr: 15.2284 )
00000488: 13.6452   (Y': 11.8627   Cb: 14.6083   Cr: 15.248  )
00000489: 13.715    (Y': 12.0037   Cb: 14.5687   Cr: 15.2921 )
00000490: 13.6822   (Y': 11.9598   Cb: 14.5295   Cr: 15.2909 )
00000491: 13.6379   (Y': 11.9509   Cb: 14.4258   Cr: 15.2414 )
00000492: 13.6731   (Y': 11.9761   Cb: 14.4582   Cr: 15.3016 )
00000493: 13.8359   (Y': 12.2429   Cb: 14.4588   Cr: 15.4443 )
00000494: 13.8359   (Y': 12.2597   Cb: 14.4337   Cr: 15.441  )
00000495: 14.0102   (Y': 12.3855   Cb: 14.611    Cr: 15.7139 )
00000496: 14.0796   (Y': 12.457    Cb: 14.7146   Cr: 15.735  )
00000497: 14.2354   (Y': 12.5674   Cb: 14.9216   Cr: 15.9237 )
00000498: 14.2525   (Y': 12.5343   Cb: 15.0037   Cr: 15.9689 )
00000499: 14.2492   (Y': 12.5623   Cb: 14.9987   Cr: 15.8998 )
00000500: 14.2412   (Y': 12.6229   Cb: 14.9322   Cr: 15.818  )
00000501: 14.2158   (Y': 12.6316   Cb: 14.8709   Cr: 15.7657 )
00000502: 14.2325   (Y': 12.7407   Cb: 14.7838   Cr: 15.724  )
00000503: 14.1317   (Y': 12.6542   Cb: 14.6478   Cr: 15.6388 )
00000504: 14.0787   (Y': 12.6524   Cb: 14.559    Cr: 15.5302 )
00000505: 13.9382   (Y': 12.5616   Cb: 14.4276   Cr: 15.2835 )
00000506: 13.7878   (Y': 12.3207   Cb: 14.3169   Cr: 15.2579 )
00000507: 13.616    (Y': 12.0059   Cb: 14.3151   Cr: 15.1656 )
00000508: 13.646    (Y': 12.013    Cb: 14.3373   Cr: 15.2534 )
00000509: 13.6182   (Y': 11.9578   Cb: 14.3625   Cr: 15.2185 )
00000511: 13.5578   (Y': 11.8429   Cb: 14.3645   Cr: 15.1986 )
00000510: 13.5984   (Y': 11.9302   Cb: 14.3373   Cr: 15.2216 )
00000512: 13.5573   (Y': 11.8384   Cb: 14.3191   Cr: 15.2622 )
00000513: 13.6652   (Y': 11.8949   Cb: 14.5222   Cr: 15.3668 )
00000514: 13.7245   (Y': 11.9286   Cb: 14.6119   Cr: 15.4465 )
00000515: 13.7605   (Y': 11.9892   Cb: 14.6499   Cr: 15.425  )
00000517: 13.7881   (Y': 12.0271   Cb: 14.6555   Cr: 15.4565 )
00000516: 13.7946   (Y': 11.9917   Cb: 14.7078   Cr: 15.5013 )
00000519: 13.8814   (Y': 12.0383   Cb: 14.7919   Cr: 15.6826 )
00000518: 13.8134   (Y': 12.0079   Cb: 14.7219   Cr: 15.5317 )
00000520: 13.9846   (Y': 12.1253   Cb: 14.9643   Cr: 15.7396 )
00000521: 14.1047   (Y': 12.1561   Cb: 15.2183   Cr: 15.9095 )
00000522: 14.1277   (Y': 12.1961   Cb: 15.2346   Cr: 15.9005 )
00000523: 14.0921   (Y': 12.189    Cb: 15.1547   Cr: 15.8502 )
00000526: 13.9966   (Y': 12.1098   Cb: 15.0057   Cr: 15.78   )
00000524: 14.0938   (Y': 12.2438   Cb: 15.0975   Cr: 15.7992 )
00000525: 14.0473   (Y': 12.1505   Cb: 15.0882   Cr: 15.8163 )
00000527: 14.1429   (Y': 12.2364   Cb: 15.041    Cr: 16.1103 )
00000528: 14.2504   (Y': 12.3481   Cb: 15.1111   Cr: 16.2558 )
00000529: 14.2991   (Y': 12.319    Cb: 15.2192   Cr: 16.4226 )
00000530: 14.2861   (Y': 12.2762   Cb: 15.2573   Cr: 16.4193 )
00000531: 14.3275   (Y': 12.3174   Cb: 15.2956   Cr: 16.4656 )
00000532: 14.3244   (Y': 12.3005   Cb: 15.3289   Cr: 16.451  )
00000533: 14.331    (Y': 12.3569   Cb: 15.3168   Cr: 16.3542 )
00000534: 14.3385   (Y': 12.3365   Cb: 15.4014   Cr: 16.335  )
00000535: 14.407    (Y': 12.3926   Cb: 15.4431   Cr: 16.4683 )
00000537: 14.4757   (Y': 12.4907   Cb: 15.5251   Cr: 16.4462 )
00000536: 14.4215   (Y': 12.4256   Cb: 15.4518   Cr: 16.4434 )
00000538: 14.3725   (Y': 12.4249   Cb: 15.4049   Cr: 16.2723 )
00000539: 14.2834   (Y': 12.3957   Cb: 15.2447   Cr: 16.1269 )
00000541: 14.2196   (Y': 12.3438   Cb: 15.2296   Cr: 15.9766 )
00000540: 14.1784   (Y': 12.2851   Cb: 15.1411   Cr: 16.0334 )
00000542: 14.213    (Y': 12.3985   Cb: 15.232    Cr: 15.8211 )
00000543: 14.0207   (Y': 12.2772   Cb: 14.977    Cr: 15.5472 )
00000544: 14.1199   (Y': 12.3861   Cb: 14.9372   Cr: 15.789  )
00000545: 14.1637   (Y': 12.4167   Cb: 14.8282   Cr: 16.0569 )
00000546: 14.1443   (Y': 12.4117   Cb: 14.7371   Cr: 16.1005 )
00000547: 14.1373   (Y': 12.2366   Cb: 14.9249   Cr: 16.2361 )
00000548: 14.1604   (Y': 12.3124   Cb: 14.9218   Cr: 16.1637 )
00000549: 14.225    (Y': 12.4175   Cb: 14.8872   Cr: 16.2645 )
00000550: 14.2642   (Y': 12.4733   Cb: 14.9407   Cr: 16.2446 )
00000551: 14.3921   (Y': 12.4949   Cb: 15.1908   Cr: 16.4672 )
00000552: 14.2554   (Y': 12.351    Cb: 15.0729   Cr: 16.3233 )
00000553: 14.2451   (Y': 12.3135   Cb: 15.1266   Cr: 16.2961 )
00000554: 14.289    (Y': 12.3998   Cb: 15.1499   Cr: 16.2621 )
00000555: 14.3512   (Y': 12.5226   Cb: 15.1826   Cr: 16.2176 )
00000556: 14.2859   (Y': 12.4669   Cb: 15.1105   Cr: 16.1384 )
00000557: 14.2322   (Y': 12.3116   Cb: 15.1873   Cr: 16.1622 )
00000558: 14.1621   (Y': 12.1884   Cb: 15.2273   Cr: 16.0856 )
00000559: 14.1734   (Y': 12.2042   Cb: 15.2037   Cr: 16.1284 )
00000560: 14.1324   (Y': 12.1847   Cb: 15.0708   Cr: 16.15   )
00000561: 14.1003   (Y': 12.1884   Cb: 14.9873   Cr: 16.0953 )
00000562: 14.0362   (Y': 12.151    Cb: 14.921    Cr: 15.9691 )
00000563: 13.9546   (Y': 12.1832   Cb: 14.7623   Cr: 15.719  )
00000565: 14.0679   (Y': 12.2414   Cb: 14.9783   Cr: 15.8313 )
00000564: 13.9658   (Y': 12.2125   Cb: 14.8068   Cr: 15.6492 )
00000566: 14.13     (Y': 12.255    Cb: 15.0798   Cr: 15.9577 )
00000567: 14.1576   (Y': 12.2478   Cb: 15.0887   Cr: 16.0913 )
00000568: 14.2588   (Y': 12.4462   Cb: 15.0593   Cr: 16.1272 )
00000569: 14.3237   (Y': 12.5534   Cb: 15.0659   Cr: 16.1686 )
00000570: 14.3629   (Y': 12.604    Cb: 15.0909   Cr: 16.2001 )
00000571: 14.5016   (Y': 12.8054   Cb: 15.1601   Cr: 16.2874 )
00000572: 14.4053   (Y': 12.7306   Cb: 15.0377   Cr: 16.1773 )
00000573: 14.5515   (Y': 12.9667   Cb: 15.0876   Cr: 16.2536 )
00000574: 14.6732   (Y': 13.0418   Cb: 15.1659   Cr: 16.5351 )
00000575: 14.8171   (Y': 13.0623   Cb: 15.4142   Cr: 16.82   )
00000576: 15.0184   (Y': 13.2227   Cb: 15.7809   Cr: 16.8964 )
00000577: 14.9279   (Y': 13.1034   Cb: 15.6291   Cr: 16.9554 )
00000578: 14.6429   (Y': 13.0071   Cb: 15.2393   Cr: 16.3762 )
00000579: 14.5567   (Y': 12.9095   Cb: 15.1254   Cr: 16.3514 )
00000580: 14.6361   (Y': 12.9688   Cb: 15.224    Cr: 16.4501 )
00000581: 14.5568   (Y': 12.9108   Cb: 15.1248   Cr: 16.3499 )
00000582: 14.5546   (Y': 12.9601   Cb: 15.0698   Cr: 16.3053 )
00000583: 14.311    (Y': 12.8338   Cb: 14.7445   Cr: 15.9231 )
00000584: 14.2293   (Y': 12.7593   Cb: 14.6546   Cr: 15.8378 )
00000585: 14.2361   (Y': 12.6882   Cb: 14.8143   Cr: 15.8074 )
00000586: 14.1946   (Y': 12.6238   Cb: 14.7671   Cr: 15.8205 )
00000587: 14.336    (Y': 12.6876   Cb: 14.9813   Cr: 16.0339 )
00000588: 14.3119   (Y': 12.5865   Cb: 15.0336   Cr: 16.0816 )
00000589: 14.5022   (Y': 12.8183   Cb: 15.2549   Cr: 16.1421 )
00000590: 14.5068   (Y': 12.7607   Cb: 15.3165   Cr: 16.2123 )
00000591: 14.574    (Y': 12.7504   Cb: 15.5154   Cr: 16.2933 )
00000592: 14.6033   (Y': 12.7402   Cb: 15.5573   Cr: 16.3979 )
00000593: 14.5735   (Y': 12.598    Cb: 15.7266   Cr: 16.3965 )
00000594: 14.5432   (Y': 12.5945   Cb: 15.6363   Cr: 16.3727 )
00000595: 14.6122   (Y': 12.6623   Cb: 15.7      Cr: 16.4509 )
00000596: 14.6335   (Y': 12.7087   Cb: 15.6908   Cr: 16.4486 )
00000597: 14.7242   (Y': 12.8973   Cb: 15.6683   Cr: 16.4477 )
Total: 14.55     (Y': 12.3902   Cb: 15.5674   Cr: 17.0331 )
