00000000: 8.50506   (Y': 6.40102   Cb: 9.37022   Cr: 11.0441 )
00000001: 8.50776   (Y': 6.41096   Cb: 9.36046   Cr: 11.0441 )
00000002: 8.49945   (Y': 6.39465   Cb: 9.36448   Cr: 11.041  )
00000003: 8.49806   (Y': 6.39597   Cb: 9.35568   Cr: 11.0426 )
00000004: 8.51372   (Y': 6.41711   Cb: 9.37705   Cr: 11.0339 )
00000006: 8.50244   (Y': 6.4053    Cb: 9.35648   Cr: 11.0378 )
00000005: 8.50228   (Y': 6.39642   Cb: 9.37159   Cr: 11.0406 )
00000007: 8.50505   (Y': 6.41124   Cb: 9.35942   Cr: 11.0303 )
00000008: 8.50086   (Y': 6.40503   Cb: 9.35729   Cr: 11.0289 )
00000009: 8.491     (Y': 6.39119   Cb: 9.35969   Cr: 11.0126 )
00000011: 8.49038   (Y': 6.38738   Cb: 9.35928   Cr: 11.0209 )
00000010: 8.50306   (Y': 6.41      Cb: 9.35827   Cr: 11.0249 )
00000013: 8.4952    (Y': 6.40085   Cb: 9.34962   Cr: 11.0219 )
00000012: 8.48518   (Y': 6.3898    Cb: 9.33706   Cr: 11.0186 )
00000014: 8.50688   (Y': 6.416     Cb: 9.35343   Cr: 11.0351 )
00000015: 8.50303   (Y': 6.41097   Cb: 9.36139   Cr: 11.0174 )
00000016: 8.49938   (Y': 6.40266   Cb: 9.34972   Cr: 11.039  )
00000018: 8.50392   (Y': 6.41916   Cb: 9.34779   Cr: 11.0184 )
00000019: 8.50073   (Y': 6.40459   Cb: 9.36183   Cr: 11.0228 )
00000017: 8.4993    (Y': 6.41524   Cb: 9.34568   Cr: 11.0081 )
00000021: 8.49387   (Y': 6.40544   Cb: 9.34561   Cr: 11.0074 )
00000020: 8.50382   (Y': 6.4203    Cb: 9.34534   Cr: 11.0182 )
00000022: 8.49759   (Y': 6.41235   Cb: 9.34455   Cr: 11.0089 )
00000023: 8.54794   (Y': 6.46429   Cb: 9.3867    Cr: 11.0668 )
00000024: 8.56823   (Y': 6.47894   Cb: 9.42358   Cr: 11.079  )
00000025: 8.76924   (Y': 6.68134   Cb: 9.63995   Cr: 11.2536 )
00000026: 8.82791   (Y': 6.74643   Cb: 9.68709   Cr: 11.3106 )
00000028: 8.8954    (Y': 6.82674   Cb: 9.74427   Cr: 11.3565 )
00000027: 8.88322   (Y': 6.80382   Cb: 9.74336   Cr: 11.3586 )
00000030: 8.91831   (Y': 6.82227   Cb: 9.80922   Cr: 11.3968 )
00000029: 8.89974   (Y': 6.80942   Cb: 9.77833   Cr: 11.3796 )
00000031: 8.98566   (Y': 6.88824   Cb: 9.89989   Cr: 11.4347 )
00000032: 8.95874   (Y': 6.87442   Cb: 9.84995   Cr: 11.4034 )
00000033: 8.97444   (Y': 6.89009   Cb: 9.87765   Cr: 11.4021 )
00000034: 8.96019   (Y': 6.87069   Cb: 9.86556   Cr: 11.3993 )
00000035: 8.90097   (Y': 6.80546   Cb: 9.80781   Cr: 11.3551 )
00000036: 8.91563   (Y': 6.82569   Cb: 9.81268   Cr: 11.3679 )
00000038: 8.924     (Y': 6.82796   Cb: 9.81156   Cr: 11.4073 )
00000037: 8.92006   (Y': 6.83414   Cb: 9.79895   Cr: 11.3869 )
00000039: 8.93207   (Y': 6.85723   Cb: 9.80721   Cr: 11.3728 )
00000040: 8.92483   (Y': 6.84796   Cb: 9.79116   Cr: 11.3841 )
00000042: 8.84725   (Y': 6.75501   Cb: 9.73238   Cr: 11.3232 )
00000041: 8.88667   (Y': 6.80418   Cb: 9.75231   Cr: 11.3629 )
00000043: 8.78512   (Y': 6.68745   Cb: 9.66766   Cr: 11.2804 )
00000044: 8.76958   (Y': 6.66684   Cb: 9.65435   Cr: 11.2762 )
00000045: 8.91608   (Y': 6.82708   Cb: 9.80884   Cr: 11.3718 )
00000046: 8.94142   (Y': 6.84434   Cb: 9.85888   Cr: 11.3849 )
00000047: 8.95366   (Y': 6.85135   Cb: 9.87674   Cr: 11.404  )
00000048: 8.96542   (Y': 6.871     Cb: 9.85348   Cr: 11.4434 )
00000049: 9.00333   (Y': 6.91889   Cb: 9.90208   Cr: 11.4375 )
00000050: 9.01694   (Y': 6.93194   Cb: 9.92291   Cr: 11.4425 )
00000052: 9.05592   (Y': 6.93731   Cb: 9.98669   Cr: 11.5421 )
00000051: 9.05627   (Y': 6.94554   Cb: 9.97816   Cr: 11.5325 )
00000054: 9.11708   (Y': 6.98386   Cb: 10.061    Cr: 11.6268 )
00000053: 9.08614   (Y': 6.94537   Cb: 10.0282   Cr: 11.6206 )
00000055: 9.13868   (Y': 6.952     Cb: 10.1469   Cr: 11.714  )
00000056: 9.16071   (Y': 6.93925   Cb: 10.2123   Cr: 11.7789 )
00000059: 9.33976   (Y': 7.03563   Cb: 10.5376   Cr: 12.0063 )
00000057: 9.21955   (Y': 6.95556   Cb: 10.3338   Cr: 11.879  )
00000058: 9.26259   (Y': 6.9786    Cb: 10.4148   Cr: 11.9303 )
00000060: 9.37413   (Y': 7.06393   Cb: 10.5712   Cr: 12.0609 )
00000061: 9.48588   (Y': 7.123     Cb: 10.7516   Cr: 12.2447 )
00000062: 9.5646    (Y': 7.20002   Cb: 10.8572   Cr: 12.2913 )
00000063: 9.73809   (Y': 7.34284   Cb: 11.0658   Cr: 12.5158 )
00000064: 9.81083   (Y': 7.40578   Cb: 11.1509   Cr: 12.6037 )
00000066: 10.0326   (Y': 7.55105   Cb: 11.5117   Cr: 12.8901 )
00000065: 9.93913   (Y': 7.46532   Cb: 11.4108   Cr: 12.7805 )
00000067: 10.2006   (Y': 7.64716   Cb: 11.8406   Cr: 13.0891 )
00000068: 10.3079   (Y': 7.69686   Cb: 12.0168   Cr: 13.3096 )
00000069: 10.4932   (Y': 7.83084   Cb: 12.3331   Cr: 13.5096 )
00000070: 10.6002   (Y': 7.87713   Cb: 12.5618   Cr: 13.6855 )
00000071: 10.851    (Y': 8.03516   Cb: 12.9622   Cr: 14.1062 )
00000072: 10.9016   (Y': 8.04871   Cb: 13.1104   Cr: 14.1822 )
00000073: 11.1518   (Y': 8.16839   Cb: 13.6602   Cr: 14.6089 )
00000074: 11.2601   (Y': 8.23986   Cb: 13.8852   Cr: 14.7371 )
00000076: 11.5561   (Y': 8.43732   Cb: 14.3915   Cr: 15.2326 )
00000075: 11.496    (Y': 8.41188   Cb: 14.2204   Cr: 15.1442 )
00000078: 11.9268   (Y': 8.68561   Cb: 15.0357   Cr: 15.884  )
00000077: 11.8154   (Y': 8.6181    Cb: 14.824    Cr: 15.6683 )
00000079: 12.1987   (Y': 8.9203    Cb: 15.4597   Cr: 16.1704 )
00000080: 12.2965   (Y': 9.00055   Cb: 15.5987   Cr: 16.3138 )
00000081: 12.5336   (Y': 9.22099   Cb: 15.9198   Cr: 16.5426 )
00000082: 12.608    (Y': 9.29162   Cb: 15.9849   Cr: 16.648  )
00000083: 12.7385   (Y': 9.38545   Cb: 16.1347   Cr: 16.9601 )
00000084: 12.857    (Y': 9.48716   Cb: 16.3515   Cr: 17.0581 )
00000085: 13.0875   (Y': 9.73391   Cb: 16.6248   Cr: 17.1479 )
00000086: 13.178    (Y': 9.79094   Cb: 16.8409   Cr: 17.2843 )
00000087: 13.3092   (Y': 9.87831   Cb: 16.9957   Cr: 17.6426 )
00000088: 13.3369   (Y': 9.91901   Cb: 16.9444   Cr: 17.6853 )
00000089: 13.3679   (Y': 9.99469   Cb: 16.7858   Cr: 17.6804 )
00000091: 13.3563   (Y': 9.99829   Cb: 16.5307   Cr: 17.893  )
00000090: 13.4338   (Y': 10.0426   Cb: 16.8414   Cr: 17.8664 )
00000092: 13.3605   (Y': 9.99646   Cb: 16.5784   Cr: 17.8754 )
00000093: 13.2084   (Y': 9.88964   Cb: 16.1297   Cr: 17.8625 )
00000095: 13.1126   (Y': 9.86323   Cb: 15.8776   Cr: 17.5763 )
00000094: 13.1126   (Y': 9.83473   Cb: 15.9732   Cr: 17.6059 )
00000096: 13.0802   (Y': 9.85933   Cb: 15.6919   Cr: 17.6077 )
00000097: 13.009    (Y': 9.82041   Cb: 15.508    Cr: 17.5228 )
00000099: 12.8238   (Y': 9.7533    Cb: 15.0198   Cr: 17.1542 )
00000098: 12.9253   (Y': 9.74497   Cb: 15.3735   Cr: 17.4712 )
00000100: 12.6978   (Y': 9.62585   Cb: 14.9454   Cr: 16.9528 )
00000101: 12.4649   (Y': 9.40736   Cb: 14.7376   Cr: 16.6041 )
00000105: 11.7462   (Y': 8.59387   Cb: 14.1763   Cr: 16.1585 )
00000102: 12.3024   (Y': 9.19494   Cb: 14.6328   Cr: 16.6199 )
00000103: 12.0342   (Y': 8.87848   Cb: 14.4397   Cr: 16.5055 )
00000104: 11.9073   (Y': 8.73014   Cb: 14.4049   Cr: 16.3561 )
00000107: 11.5286   (Y': 8.41454   Cb: 13.7661   Cr: 16.0352 )
00000106: 11.6781   (Y': 8.5207    Cb: 14.0358   Cr: 16.237  )
00000108: 11.4807   (Y': 8.38475   Cb: 13.6569   Cr: 15.987  )
00000109: 11.4568   (Y': 8.37874   Cb: 13.5751   Cr: 15.9601 )
00000110: 11.3803   (Y': 8.3068    Cb: 13.4994   Cr: 15.8564 )
00000111: 11.4282   (Y': 8.33015   Cb: 13.574    Cr: 15.9994 )
00000112: 11.5035   (Y': 8.40604   Cb: 13.654    Cr: 16.0628 )
00000113: 11.7139   (Y': 8.57867   Cb: 14.0091   Cr: 16.2469 )
00000114: 11.8252   (Y': 8.71692   Cb: 14.1224   Cr: 16.2009 )
00000115: 12.0688   (Y': 8.92307   Cb: 14.5003   Cr: 16.4416 )
00000116: 12.2308   (Y': 9.07351   Cb: 14.6893   Cr: 16.627  )
00000117: 12.403    (Y': 9.25764   Cb: 14.8967   Cr: 16.6781 )
00000119: 12.8413   (Y': 9.68439   Cb: 15.3596   Cr: 17.1434 )
00000118: 12.5707   (Y': 9.43464   Cb: 15.0374   Cr: 16.835  )
00000122: 13.4027   (Y': 10.1382   Cb: 16.1658   Cr: 17.9597 )
00000121: 13.245    (Y': 9.98672   Cb: 15.9314   Cr: 17.8825 )
00000120: 12.9732   (Y': 9.76125   Cb: 15.5248   Cr: 17.5417 )
00000124: 13.7776   (Y': 10.4296   Cb: 16.8414   Cr: 18.4072 )
00000123: 13.603    (Y': 10.2585   Cb: 16.6309   Cr: 18.2619 )
00000125: 13.9166   (Y': 10.5121   Cb: 17.1653   Cr: 18.644  )
00000127: 14.0559   (Y': 10.6281   Cb: 17.515    Cr: 18.6488 )
00000126: 13.9738   (Y': 10.5869   Cb: 17.1777   Cr: 18.6512 )
00000128: 14.0791   (Y': 10.6647   Cb: 17.5449   Cr: 18.5796 )
00000130: 14.2079   (Y': 10.835    Cb: 17.7601   Cr: 18.3592 )
00000129: 14.1691   (Y': 10.7777   Cb: 17.6904   Cr: 18.4625 )
00000132: 14.1976   (Y': 10.8843   Cb: 17.747    Cr: 18.0287 )
00000131: 14.326    (Y': 11.0026   Cb: 17.879    Cr: 18.2061 )
00000133: 13.9836   (Y': 10.6285   Cb: 17.5655   Cr: 18.0026 )
00000134: 13.8167   (Y': 10.4311   Cb: 17.4273   Cr: 17.9733 )
00000135: 13.7085   (Y': 10.3881   Cb: 17.0168   Cr: 17.8528 )
00000136: 13.7472   (Y': 10.4624   Cb: 17.0173   Cr: 17.7425 )
00000137: 13.6795   (Y': 10.4852   Cb: 16.8439   Cr: 17.3359 )
00000139: 12.9688   (Y': 9.77096   Cb: 15.9848   Cr: 16.8153 )
00000138: 13.6131   (Y': 10.3888   Cb: 16.7602   Cr: 17.4382 )
00000140: 12.7438   (Y': 9.56935   Cb: 15.6833   Cr: 16.5664 )
00000141: 12.5213   (Y': 9.39769   Cb: 15.2946   Cr: 16.2986 )
00000142: 12.4009   (Y': 9.31597   Cb: 15.0421   Cr: 16.1585 )
00000144: 12.1633   (Y': 9.18086   Cb: 14.6358   Cr: 15.6615 )
00000143: 12.2238   (Y': 9.19209   Cb: 14.814    Cr: 15.7955 )
00000145: 11.9837   (Y': 9.02339   Cb: 14.4247   Cr: 15.4238 )
00000146: 11.8899   (Y': 8.9276    Cb: 14.3279   Cr: 15.3426 )
00000147: 11.7748   (Y': 8.83879   Cb: 14.1552   Cr: 15.1865 )
00000148: 11.757    (Y': 8.86244   Cb: 14.0513   Cr: 15.1012 )
00000149: 11.7306   (Y': 8.86264   Cb: 14.0051   Cr: 14.9898 )
00000150: 11.7906   (Y': 8.89945   Cb: 14.0953   Cr: 15.1075 )
00000151: 11.8256   (Y': 8.95609   Cb: 14.1219   Cr: 15.0634 )
00000152: 11.8275   (Y': 8.9436    Cb: 14.1642   Cr: 15.0747 )
00000153: 11.969    (Y': 9.10683   Cb: 14.327    Cr: 15.1024 )
00000154: 11.9891   (Y': 9.13466   Cb: 14.3123   Cr: 15.1338 )
00000155: 12.0126   (Y': 9.16103   Cb: 14.3506   Cr: 15.1277 )
00000156: 11.951    (Y': 9.1067    Cb: 14.3186   Cr: 15.0027 )
00000157: 12.1349   (Y': 9.30393   Cb: 14.4641   Cr: 15.1801 )
00000158: 12.0797   (Y': 9.23442   Cb: 14.4098   Cr: 15.1798 )
00000160: 12.1272   (Y': 9.37343   Cb: 14.4105   Cr: 14.9375 )
00000159: 12.2236   (Y': 9.39497   Cb: 14.6025   Cr: 15.2021 )
00000161: 12.4016   (Y': 9.69646   Cb: 14.5473   Cr: 15.1951 )
00000162: 12.4752   (Y': 9.78034   Cb: 14.5709   Cr: 15.2911 )
00000163: 12.5963   (Y': 9.86087   Cb: 14.7345   Cr: 15.5081 )
00000164: 12.6593   (Y': 9.90978   Cb: 14.845    Cr: 15.5665 )
00000165: 12.6953   (Y': 9.93153   Cb: 14.8536   Cr: 15.6885 )
00000166: 12.8809   (Y': 10.1039   Cb: 15.0576   Cr: 15.9018 )
00000167: 13.0636   (Y': 10.3036   Cb: 15.2089   Cr: 16.0584 )
00000168: 13.081    (Y': 10.2783   Cb: 15.3011   Cr: 16.1477 )
00000169: 13.0205   (Y': 10.1561   Cb: 15.4197   Cr: 16.1141 )
00000170: 13.1684   (Y': 10.2999   Cb: 15.5734   Cr: 16.2715 )
00000171: 13.2438   (Y': 10.3023   Cb: 15.7751   Cr: 16.494  )
00000172: 13.2593   (Y': 10.2933   Cb: 15.8383   Cr: 16.5561 )
00000173: 13.2738   (Y': 10.2527   Cb: 15.8989   Cr: 16.7547 )
00000174: 13.2955   (Y': 10.2619   Cb: 15.8855   Cr: 16.8768 )
00000175: 13.3288   (Y': 10.1663   Cb: 16.1689   Cr: 17.2147 )
00000176: 13.4474   (Y': 10.2725   Cb: 16.3062   Cr: 17.3728 )
00000177: 13.5634   (Y': 10.3608   Cb: 16.4859   Cr: 17.5507 )
00000180: 13.849    (Y': 10.5088   Cb: 16.9923   Cr: 18.3189 )
00000178: 13.662    (Y': 10.442    Cb: 16.6285   Cr: 17.6853 )
00000179: 13.8902   (Y': 10.5904   Cb: 16.9708   Cr: 18.2065 )
00000181: 13.7077   (Y': 10.278    Cb: 17.1186   Cr: 18.377  )
00000182: 13.6522   (Y': 10.208    Cb: 17.0624   Cr: 18.4168 )
00000183: 13.5221   (Y': 10.0294   Cb: 17.007    Cr: 18.5141 )
00000184: 13.4033   (Y': 9.93045   Cb: 16.8574   Cr: 18.3009 )
00000185: 13.3569   (Y': 9.91871   Cb: 16.5722   Cr: 18.3602 )
00000187: 13.3963   (Y': 10.0486   Cb: 16.364    Cr: 18.1652 )
00000186: 13.3677   (Y': 9.95704   Cb: 16.4654   Cr: 18.3591 )
00000188: 13.4388   (Y': 10.0862   Cb: 16.4454   Cr: 18.1808 )
00000189: 13.5398   (Y': 10.2727   Cb: 16.3684   Cr: 18.0156 )
00000190: 13.5449   (Y': 10.3043   Cb: 16.3331   Cr: 17.924  )
00000192: 13.7205   (Y': 10.569    Cb: 16.2767   Cr: 17.9362 )
00000191: 13.6171   (Y': 10.4588   Cb: 16.1488   Cr: 17.9074 )
00000193: 13.9101   (Y': 10.8056   Cb: 16.3381   Cr: 18.0615 )
00000194: 14.0634   (Y': 11.0238   Cb: 16.3374   Cr: 18.1079 )
00000195: 14.0252   (Y': 11.0823   Cb: 16.1455   Cr: 17.8227 )
00000196: 14.1142   (Y': 11.0972   Cb: 16.3584   Cr: 18.0889 )
00000197: 14.3414   (Y': 11.2589   Cb: 16.9791   Cr: 18.0915 )
00000198: 14.3788   (Y': 11.2511   Cb: 17.1722   Cr: 18.1505 )
00000200: 13.6022   (Y': 10.5059   Cb: 16.1411   Cr: 17.553  )
00000199: 13.9967   (Y': 10.8751   Cb: 16.5714   Cr: 18.0274 )
00000201: 13.4237   (Y': 10.4546   Cb: 15.5902   Cr: 17.2786 )
00000203: 13.2514   (Y': 10.3834   Cb: 15.2193   Cr: 16.9284 )
00000202: 13.4314   (Y': 10.4994   Cb: 15.5507   Cr: 17.1801 )
00000204: 13.0977   (Y': 10.3201   Cb: 14.9186   Cr: 16.5965 )
00000205: 12.7731   (Y': 10.1813   Cb: 14.3552   Cr: 15.8794 )
00000206: 12.7214   (Y': 10.1594   Cb: 14.2661   Cr: 15.7711 )
00000207: 12.5548   (Y': 9.92873   Cb: 14.2665   Cr: 15.6082 )
00000208: 12.4248   (Y': 9.8145    Cb: 14.0676   Cr: 15.5146 )
00000209: 12.2481   (Y': 9.59645   Cb: 13.9313   Cr: 15.4375 )
00000210: 12.142    (Y': 9.44658   Cb: 13.8645   Cr: 15.4462 )
00000211: 11.9875   (Y': 9.26059   Cb: 13.7845   Cr: 15.3109 )
00000212: 11.9048   (Y': 9.19122   Cb: 13.6368   Cr: 15.2683 )
00000213: 11.765    (Y': 9.06613   Cb: 13.4003   Cr: 15.212  )
00000214: 11.6438   (Y': 8.96307   Cb: 13.2732   Cr: 15.0257 )
00000215: 11.4244   (Y': 8.79006   Cb: 12.9536   Cr: 14.7716 )
00000216: 11.2685   (Y': 8.61951   Cb: 12.8044   Cr: 14.6639 )
00000217: 10.9789   (Y': 8.35845   Cb: 12.4575   Cr: 14.3487 )
00000218: 10.9096   (Y': 8.26698   Cb: 12.4194   Cr: 14.32   )
00000219: 10.8151   (Y': 8.20925   Cb: 12.1959   Cr: 14.2811 )
00000220: 10.7958   (Y': 8.21995   Cb: 12.1799   Cr: 14.1371 )
00000221: 10.854    (Y': 8.2321    Cb: 12.3431   Cr: 14.2134 )
00000222: 10.8973   (Y': 8.24593   Cb: 12.4786   Cr: 14.2336 )
00000223: 11.1663   (Y': 8.49193   Cb: 12.8528   Cr: 14.4391 )
00000224: 11.1944   (Y': 8.54044   Cb: 12.83     Cr: 14.4606 )
00000225: 11.343    (Y': 8.71561   Cb: 12.9988   Cr: 14.4787 )
00000226: 11.3726   (Y': 8.72463   Cb: 13.0954   Cr: 14.4923 )
00000227: 11.5021   (Y': 8.83717   Cb: 13.3145   Cr: 14.5642 )
00000228: 11.4784   (Y': 8.82248   Cb: 13.2552   Cr: 14.5543 )
00000229: 11.6795   (Y': 9.00641   Cb: 13.4532   Cr: 14.8244 )
00000230: 11.7515   (Y': 9.05935   Cb: 13.5153   Cr: 14.9843 )
00000231: 11.8726   (Y': 9.1955    Cb: 13.6353   Cr: 15.0485 )
00000232: 11.8144   (Y': 9.12819   Cb: 13.6203   Cr: 14.9655 )
00000233: 11.8514   (Y': 9.16891   Cb: 13.6901   Cr: 14.9446 )
00000236: 11.9942   (Y': 9.25035   Cb: 13.9648   Cr: 15.148  )
00000234: 11.8971   (Y': 9.19962   Cb: 13.7713   Cr: 14.9999 )
00000235: 11.9952   (Y': 9.24093   Cb: 13.9699   Cr: 15.1843 )
00000237: 12.0158   (Y': 9.28663   Cb: 14.0395   Cr: 15.0447 )
00000238: 12.0645   (Y': 9.32701   Cb: 14.1081   Cr: 15.1001 )
00000239: 12.1624   (Y': 9.46629   Cb: 14.1195   Cr: 15.1525 )
00000240: 12.2196   (Y': 9.52333   Cb: 14.2937   Cr: 15.0662 )
00000241: 12.2146   (Y': 9.51973   Cb: 14.2393   Cr: 15.1156 )
00000242: 12.2276   (Y': 9.48449   Cb: 14.396    Cr: 15.1315 )
00000243: 12.2654   (Y': 9.47317   Cb: 14.4095   Cr: 15.3849 )
00000244: 12.312    (Y': 9.53328   Cb: 14.4315   Cr: 15.4098 )
00000245: 12.359    (Y': 9.6448    Cb: 14.4504   Cr: 15.2496 )
00000246: 12.3703   (Y': 9.61593   Cb: 14.5231   Cr: 15.3347 )
00000247: 12.4714   (Y': 9.70302   Cb: 14.6647   Cr: 15.4396 )
00000248: 12.5223   (Y': 9.7468    Cb: 14.7024   Cr: 15.533  )
00000249: 12.6591   (Y': 9.89612   Cb: 14.8571   Cr: 15.6016 )
00000250: 12.6441   (Y': 9.87858   Cb: 14.8599   Cr: 15.5749 )
00000251: 12.7305   (Y': 9.93478   Cb: 15.0341   Cr: 15.6714 )
00000252: 12.7552   (Y': 9.98225   Cb: 15.0384   Cr: 15.6351 )
00000253: 12.8452   (Y': 10.055    Cb: 15.1242   Cr: 15.7942 )
00000254: 12.8937   (Y': 10.1491   Cb: 15.095    Cr: 15.7649 )
00000255: 13.0597   (Y': 10.3689   Cb: 15.1291   Cr: 15.8919 )
00000256: 13.0723   (Y': 10.3841   Cb: 15.1937   Cr: 15.8345 )
00000257: 13.1966   (Y': 10.4615   Cb: 15.3351   Cr: 16.107  )
00000259: 13.2508   (Y': 10.4823   Cb: 15.3005   Cr: 16.3974 )
00000258: 13.2069   (Y': 10.4578   Cb: 15.2362   Cr: 16.3045 )
00000260: 13.2236   (Y': 10.4567   Cb: 15.2809   Cr: 16.3542 )
00000261: 13.2393   (Y': 10.4564   Cb: 15.1876   Cr: 16.5785 )
00000262: 13.271    (Y': 10.4952   Cb: 15.2385   Cr: 16.5551 )
00000263: 13.2839   (Y': 10.2596   Cb: 15.946    Cr: 16.7346 )
00000264: 13.7532   (Y': 10.9014   Cb: 16.1552   Cr: 16.7941 )
00000265: 13.6529   (Y': 10.8936   Cb: 15.8409   Cr: 16.5935 )
00000266: 13.4237   (Y': 10.6586   Cb: 15.7046   Cr: 16.2775 )
00000268: 12.8596   (Y': 10.2766   Cb: 14.6515   Cr: 15.6541 )
00000267: 12.825    (Y': 10.2121   Cb: 14.6844   Cr: 15.6384 )
00000269: 12.8863   (Y': 10.2475   Cb: 14.7097   Cr: 15.8374 )
00000270: 12.7552   (Y': 10.0906   Cb: 14.5945   Cr: 15.7802 )
00000272: 12.0566   (Y': 9.49653   Cb: 13.7291   Cr: 14.925  )
00000271: 12.1792   (Y': 9.59349   Cb: 13.8295   Cr: 15.1688 )
00000273: 11.9723   (Y': 9.48841   Cb: 13.6316   Cr: 14.6016 )
00000274: 11.9098   (Y': 9.42902   Cb: 13.5861   Cr: 14.5077 )
00000275: 11.7623   (Y': 9.34063   Cb: 13.418    Cr: 14.2    )
00000276: 11.6466   (Y': 9.25744   Cb: 13.2565   Cr: 14.0403 )
00000277: 11.4055   (Y': 9.1269    Cb: 12.833    Cr: 13.6952 )
00000278: 11.2129   (Y': 8.95708   Cb: 12.6626   Cr: 13.4113 )
00000279: 10.9966   (Y': 8.75693   Cb: 12.4436   Cr: 13.1539 )
00000280: 10.9143   (Y': 8.69111   Cb: 12.3588   Cr: 13.0292 )
00000281: 10.5967   (Y': 8.33808   Cb: 12.0526   Cr: 12.7959 )
00000282: 10.5571   (Y': 8.28079   Cb: 12.0118   Cr: 12.8074 )
00000283: 10.4161   (Y': 8.14897   Cb: 11.8194   Cr: 12.7024 )
00000285: 10.4221   (Y': 8.13344   Cb: 11.8163   Cr: 12.7818 )
00000284: 10.4514   (Y': 8.13491   Cb: 11.9173   Cr: 12.8036 )
00000286: 10.3753   (Y': 8.05991   Cb: 11.7805   Cr: 12.8003 )
00000287: 10.2525   (Y': 7.97136   Cb: 11.6161   Cr: 12.6287 )
00000288: 10.235    (Y': 7.97318   Cb: 11.5884   Cr: 12.5684 )
00000289: 10.2269   (Y': 7.97673   Cb: 11.5121   Cr: 12.6131 )
00000290: 10.8117   (Y': 8.27919   Cb: 12.5792   Cr: 13.4663 )
00000292: 11.0336   (Y': 8.84892   Cb: 12.343    Cr: 13.2048 )
00000291: 11.0483   (Y': 8.74524   Cb: 12.5292   Cr: 13.3437 )
00000293: 10.4675   (Y': 8.38285   Cb: 11.6878   Cr: 12.4819 )
00000294: 10.6478   (Y': 8.48567   Cb: 12.0057   Cr: 12.7006 )
00000295: 11.1662   (Y': 8.91757   Cb: 12.6685   Cr: 13.2837 )
00000296: 11.2178   (Y': 8.94351   Cb: 12.742    Cr: 13.3806 )
00000297: 11.1791   (Y': 8.95374   Cb: 12.667    Cr: 13.2497 )
00000298: 11.1536   (Y': 8.97723   Cb: 12.5607   Cr: 13.1868 )
00000299: 11.1671   (Y': 8.93134   Cb: 12.6426   Cr: 13.2803 )
00000301: 11.1101   (Y': 8.87037   Cb: 12.6579   Cr: 13.1516 )
00000300: 11.2075   (Y': 8.97262   Cb: 12.705    Cr: 13.2931 )
00000302: 10.9862   (Y': 8.72709   Cb: 12.5435   Cr: 13.0692 )
00000303: 10.7057   (Y': 8.46731   Cb: 12.2558   Cr: 12.7412 )
00000304: 10.6474   (Y': 8.36922   Cb: 12.2491   Cr: 12.7325 )
00000305: 10.5213   (Y': 8.26176   Cb: 12.0577   Cr: 12.6291 )
00000306: 10.4335   (Y': 8.17973   Cb: 11.9688   Cr: 12.5271 )
00000307: 10.5905   (Y': 8.34787   Cb: 12.2138   Cr: 12.5565 )
00000308: 10.6638   (Y': 8.42093   Cb: 12.3128   Cr: 12.6029 )
00000309: 10.2034   (Y': 7.94394   Cb: 11.7856   Cr: 12.2592 )
00000310: 10.0309   (Y': 7.7706    Cb: 11.6239   Cr: 12.0774 )
00000311: 9.82232   (Y': 7.58193   Cb: 11.4114   Cr: 11.8197 )
00000312: 10.0007   (Y': 7.68863   Cb: 11.6857   Cr: 12.0867 )
00000313: 10.2204   (Y': 7.83759   Cb: 12.005    Cr: 12.3954 )
00000315: 10.7175   (Y': 8.2061    Cb: 12.7294   Cr: 13.0254 )
00000314: 10.4075   (Y': 7.95971   Cb: 12.3411   Cr: 12.6094 )
00000316: 10.8549   (Y': 8.30526   Cb: 12.9104   Cr: 13.233  )
00000317: 10.8803   (Y': 8.34249   Cb: 12.9578   Cr: 13.1988 )
00000318: 10.8091   (Y': 8.28178   Cb: 12.8479   Cr: 13.1361 )
00000319: 10.7057   (Y': 8.20656   Cb: 12.6829   Cr: 13.0136 )
00000320: 10.6423   (Y': 8.1748    Cb: 12.6021   Cr: 12.8739 )
00000321: 10.4795   (Y': 8.03742   Cb: 12.4086   Cr: 12.6697 )
00000322: 10.3766   (Y': 7.94011   Cb: 12.2833   Cr: 12.5743 )
00000323: 10.3138   (Y': 7.90704   Cb: 12.2234   Cr: 12.4234 )
00000325: 10.286    (Y': 7.96902   Cb: 12.0996   Cr: 12.2484 )
00000324: 10.318    (Y': 7.94785   Cb: 12.1735   Cr: 12.3814 )
00000326: 10.3287   (Y': 8.01167   Cb: 12.1304   Cr: 12.3036 )
00000327: 10.2899   (Y': 8.03657   Cb: 11.9851   Cr: 12.2073 )
00000328: 10.3262   (Y': 8.06205   Cb: 12.0352   Cr: 12.2576 )
00000329: 10.274    (Y': 7.99933   Cb: 11.9564   Cr: 12.2613 )
00000331: 10.2302   (Y': 7.95676   Cb: 11.8741   Cr: 12.256  )
00000330: 10.2893   (Y': 8.03649   Cb: 11.9171   Cr: 12.2774 )
00000332: 10.247    (Y': 7.968     Cb: 11.8546   Cr: 12.3276 )
00000333: 10.1625   (Y': 7.84291   Cb: 11.8019   Cr: 12.32   )
00000334: 10.01     (Y': 7.71752   Cb: 11.6157   Cr: 12.1299 )
00000335: 9.80124   (Y': 7.4935    Cb: 11.3739   Cr: 12.0015 )
00000336: 9.68364   (Y': 7.34905   Cb: 11.2723   Cr: 11.9418 )
00000337: 9.3423    (Y': 7.05469   Cb: 10.8557   Cr: 11.5548 )
00000340: 9.18386   (Y': 6.92811   Cb: 10.679    Cr: 11.3289 )
00000338: 9.24817   (Y': 6.98102   Cb: 10.7324   Cr: 11.4376 )
00000339: 9.20334   (Y': 6.92602   Cb: 10.7109   Cr: 11.3937 )
00000341: 9.1508    (Y': 6.90377   Cb: 10.606    Cr: 11.3185 )
00000342: 9.1172    (Y': 6.88119   Cb: 10.5329   Cr: 11.3013 )
00000343: 9.09096   (Y': 6.84235   Cb: 10.5152   Cr: 11.2999 )
00000344: 9.06858   (Y': 6.84248   Cb: 10.4627   Cr: 11.2511 )
00000345: 9.04749   (Y': 6.83878   Cb: 10.4127   Cr: 11.217  )
00000348: 9.07299   (Y': 6.88237   Cb: 10.4305   Cr: 11.2024 )
00000346: 9.05768   (Y': 6.86555   Cb: 10.3944   Cr: 11.2162 )
00000347: 9.06172   (Y': 6.85111   Cb: 10.4235   Cr: 11.2405 )
00000349: 9.00823   (Y': 6.82281   Cb: 10.3404   Cr: 11.1539 )
00000350: 8.96411   (Y': 6.78665   Cb: 10.2856   Cr: 11.1011 )
00000351: 8.93182   (Y': 6.74252   Cb: 10.29     Cr: 11.0569 )
00000352: 8.97124   (Y': 6.8008    Cb: 10.3102   Cr: 11.0685 )
00000353: 8.99289   (Y': 6.82977   Cb: 10.3228   Cr: 11.0814 )
00000354: 9.00398   (Y': 6.83167   Cb: 10.3711   Cr: 11.073  )
00000355: 9.11246   (Y': 6.94561   Cb: 10.4565   Cr: 11.1942 )
00000356: 9.1619    (Y': 7.01504   Cb: 10.4996   Cr: 11.1983 )
00000357: 9.32948   (Y': 7.18787   Cb: 10.6657   Cr: 11.3539 )
00000358: 9.39428   (Y': 7.23937   Cb: 10.7823   Cr: 11.3932 )
00000359: 9.49548   (Y': 7.34674   Cb: 10.8743   Cr: 11.4889 )
00000360: 9.54658   (Y': 7.38382   Cb: 10.9256   Cr: 11.5765 )
00000361: 9.62992   (Y': 7.46902   Cb: 11.0221   Cr: 11.6397 )
00000362: 9.69263   (Y': 7.53727   Cb: 11.0828   Cr: 11.6903 )
00000363: 9.76347   (Y': 7.61753   Cb: 11.1376   Cr: 11.7551 )
00000364: 9.82931   (Y': 7.6835    Cb: 11.2186   Cr: 11.8032 )
00000365: 9.88895   (Y': 7.74121   Cb: 11.3049   Cr: 11.8374 )
00000366: 9.89937   (Y': 7.75892   Cb: 11.3108   Cr: 11.8343 )
00000367: 9.942     (Y': 7.7896    Cb: 11.395    Cr: 11.8608 )
00000368: 9.99588   (Y': 7.85452   Cb: 11.4451   Cr: 11.8908 )
00000369: 10.071    (Y': 7.94116   Cb: 11.5281   Cr: 11.9284 )
00000370: 10.0894   (Y': 7.94231   Cb: 11.57     Cr: 11.9641 )
00000371: 10.1607   (Y': 8.00644   Cb: 11.6583   Cr: 12.0351 )
00000372: 10.2047   (Y': 8.06644   Cb: 11.6826   Cr: 12.0605 )
00000373: 10.2344   (Y': 8.12671   Cb: 11.6837   Cr: 12.0452 )
00000374: 10.2611   (Y': 8.13733   Cb: 11.6768   Cr: 12.1491 )
00000375: 10.3091   (Y': 8.19995   Cb: 11.7257   Cr: 12.1593 )
00000376: 10.3431   (Y': 8.22381   Cb: 11.8046   Cr: 12.1693 )
00000377: 10.4087   (Y': 8.25733   Cb: 11.9132   Cr: 12.2685 )
00000378: 10.4664   (Y': 8.3083    Cb: 11.9674   Cr: 12.3469 )
00000379: 10.548    (Y': 8.36949   Cb: 12.1251   Cr: 12.398  )
00000380: 10.5987   (Y': 8.39383   Cb: 12.2031   Cr: 12.4871 )
00000381: 10.6797   (Y': 8.49692   Cb: 12.2812   Cr: 12.5148 )
00000382: 10.663    (Y': 8.46616   Cb: 12.2821   Cr: 12.515  )
00000383: 10.7251   (Y': 8.53672   Cb: 12.357    Cr: 12.5422 )
00000384: 10.7967   (Y': 8.57015   Cb: 12.5098   Cr: 12.6266 )
00000385: 10.8763   (Y': 8.59464   Cb: 12.7212   Cr: 12.7138 )
00000386: 10.944    (Y': 8.65178   Cb: 12.8325   Cr: 12.7656 )
00000387: 11.0364   (Y': 8.72249   Cb: 12.93     Cr: 12.9091 )
00000388: 11.112    (Y': 8.76922   Cb: 13.0148   Cr: 13.0523 )
00000389: 11.3821   (Y': 8.97301   Cb: 13.3935   Cr: 13.3939 )
00000390: 11.5767   (Y': 9.16724   Cb: 13.5998   Cr: 13.5779 )
00000391: 11.7962   (Y': 9.43143   Cb: 13.7162   Cr: 13.7785 )
00000392: 11.8614   (Y': 9.50807   Cb: 13.7394   Cr: 13.8554 )
00000393: 11.8802   (Y': 9.57642   Cb: 13.7407   Cr: 13.7595 )
00000394: 11.9286   (Y': 9.62032   Cb: 13.8103   Cr: 13.7988 )
00000395: 11.6765   (Y': 9.47377   Cb: 13.3906   Cr: 13.4453 )
00000397: 11.7818   (Y': 9.56199   Cb: 13.4813   Cr: 13.6084 )
00000396: 11.64     (Y': 9.42297   Cb: 13.3619   Cr: 13.4366 )
00000398: 11.7533   (Y': 9.51879   Cb: 13.4389   Cr: 13.632  )
00000399: 11.6284   (Y': 9.39927   Cb: 13.2811   Cr: 13.5277 )
00000400: 11.6619   (Y': 9.43995   Cb: 13.2377   Cr: 13.6253 )
00000401: 11.5948   (Y': 9.37567   Cb: 13.1985   Cr: 13.5204 )
00000402: 11.5954   (Y': 9.3571    Cb: 13.1832   Cr: 13.5889 )
00000404: 11.6199   (Y': 9.36092   Cb: 13.2826   Cr: 13.5868 )
00000405: 11.5112   (Y': 9.25844   Cb: 13.1357   Cr: 13.5028 )
00000403: 11.6124   (Y': 9.34316   Cb: 13.3105   Cr: 13.5686 )
00000406: 11.5842   (Y': 9.38136   Cb: 13.1813   Cr: 13.4752 )
00000407: 11.5414   (Y': 9.30766   Cb: 13.175    Cr: 13.4728 )
00000408: 11.4718   (Y': 9.24882   Cb: 13.1059   Cr: 13.3749 )
00000409: 11.501    (Y': 9.33383   Cb: 13.0942   Cr: 13.3057 )
00000410: 11.4925   (Y': 9.30534   Cb: 13.1341   Cr: 13.2967 )
00000412: 11.1564   (Y': 8.90217   Cb: 12.9145   Cr: 13.0107 )
00000411: 11.2717   (Y': 9.00476   Cb: 12.991    Cr: 13.1996 )
00000413: 11.0985   (Y': 8.83759   Cb: 12.8565   Cr: 12.9701 )
00000414: 11.0875   (Y': 8.83301   Cb: 12.8634   Cr: 12.9246 )
00000415: 11.0151   (Y': 8.73146   Cb: 12.8128   Cr: 12.9055 )
00000416: 11.01     (Y': 8.7065    Cb: 12.7738   Cr: 12.9879 )
00000417: 11.0086   (Y': 8.69777   Cb: 12.7928   Cr: 12.9847 )
00000418: 10.9648   (Y': 8.62704   Cb: 12.855    Cr: 12.9044 )
00000420: 11.0629   (Y': 8.69227   Cb: 12.984    Cr: 13.0601 )
00000419: 11.1394   (Y': 8.76294   Cb: 13.0397   Cr: 13.1738 )
00000421: 11.1023   (Y': 8.72762   Cb: 13.0511   Cr: 13.0824 )
00000422: 11.0918   (Y': 8.68909   Cb: 13.0988   Cr: 13.0902 )
00000423: 11.0637   (Y': 8.64897   Cb: 13.0478   Cr: 13.1188 )
00000424: 11.0974   (Y': 8.7042    Cb: 13.0447   Cr: 13.1299 )
00000425: 11.0372   (Y': 8.65498   Cb: 12.9578   Cr: 13.0665 )
00000426: 11.014    (Y': 8.6341    Cb: 12.9342   Cr: 13.0375 )
00000427: 11.0405   (Y': 8.621     Cb: 13.0222   Cr: 13.1113 )
00000428: 11.0212   (Y': 8.59046   Cb: 13.0153   Cr: 13.1109 )
00000429: 11.0148   (Y': 8.55395   Cb: 13.0648   Cr: 13.1333 )
00000430: 11.0027   (Y': 8.55435   Cb: 13.0359   Cr: 13.1027 )
00000431: 10.9329   (Y': 8.47868   Cb: 12.976    Cr: 13.0394 )
00000432: 10.8915   (Y': 8.44232   Cb: 12.9564   Cr: 12.9618 )
00000433: 10.7998   (Y': 8.36273   Cb: 12.8291   Cr: 12.8717 )
00000434: 10.7587   (Y': 8.33966   Cb: 12.7974   Cr: 12.7707 )
00000435: 10.6006   (Y': 8.18719   Cb: 12.5813   Cr: 12.6552 )
00000436: 10.5483   (Y': 8.14036   Cb: 12.5378   Cr: 12.579  )
00000437: 10.4434   (Y': 8.07078   Cb: 12.3664   Cr: 12.4441 )
00000438: 10.4285   (Y': 8.03651   Cb: 12.3794   Cr: 12.4542 )
00000439: 10.4113   (Y': 8.04743   Cb: 12.3131   Cr: 12.4096 )
00000440: 10.3672   (Y': 7.99757   Cb: 12.271    Cr: 12.3792 )
00000441: 10.3511   (Y': 7.95741   Cb: 12.241    Cr: 12.4445 )
00000443: 10.2638   (Y': 7.87236   Cb: 12.1252   Cr: 12.3807 )
00000442: 10.3098   (Y': 7.93976   Cb: 12.1567   Cr: 12.3821 )
00000444: 10.2287   (Y': 7.82297   Cb: 12.11     Cr: 12.365  )
00000445: 10.147    (Y': 7.7158    Cb: 12.0296   Cr: 12.3553 )
00000446: 10.1076   (Y': 7.67372   Cb: 12.0057   Cr: 12.3072 )
00000447: 10.0514   (Y': 7.63081   Cb: 11.954    Cr: 12.2077 )
00000448: 10.0401   (Y': 7.64738   Cb: 11.8988   Cr: 12.1637 )
00000449: 9.99614   (Y': 7.59829   Cb: 11.8375   Cr: 12.1527 )
00000450: 9.98098   (Y': 7.59466   Cb: 11.8133   Cr: 12.1144 )
00000451: 9.99138   (Y': 7.64543   Cb: 11.7582   Cr: 12.082  )
00000452: 10.0079   (Y': 7.69029   Cb: 11.7438   Cr: 12.0538 )
00000453: 10.0205   (Y': 7.74311   Cb: 11.7056   Cr: 12.0124 )
00000454: 10.0268   (Y': 7.72944   Cb: 11.7203   Cr: 12.0634 )
00000455: 10.0982   (Y': 7.84573   Cb: 11.7299   Cr: 12.0811 )
00000456: 10.0977   (Y': 7.84944   Cb: 11.7247   Cr: 12.0745 )
00000457: 10.1846   (Y': 7.92237   Cb: 11.8296   Cr: 12.1791 )
00000458: 10.2005   (Y': 7.97359   Cb: 11.8088   Cr: 12.1414 )
00000459: 10.2643   (Y': 8.0326    Cb: 11.8827   Cr: 12.207  )
00000460: 10.2849   (Y': 8.06162   Cb: 11.9194   Cr: 12.1884 )
00000461: 10.3038   (Y': 8.05318   Cb: 11.9958   Cr: 12.2173 )
00000462: 10.3404   (Y': 8.0724    Cb: 12.0644   Cr: 12.266  )
00000463: 10.4318   (Y': 8.12466   Cb: 12.2505   Cr: 12.3625 )
00000464: 10.4661   (Y': 8.15659   Cb: 12.3184   Cr: 12.3686 )
00000465: 10.516    (Y': 8.19861   Cb: 12.3859   Cr: 12.4218 )
00000466: 10.5338   (Y': 8.20862   Cb: 12.4291   Cr: 12.4346 )
00000467: 10.5379   (Y': 8.22993   Cb: 12.4239   Cr: 12.4026 )
00000468: 10.5789   (Y': 8.26335   Cb: 12.4643   Cr: 12.4644 )
00000469: 10.6426   (Y': 8.33805   Cb: 12.5477   Cr: 12.4796 )
00000470: 10.7383   (Y': 8.43192   Cb: 12.6758   Cr: 12.5486 )
00000471: 10.9455   (Y': 8.60974   Cb: 12.8744   Cr: 12.841  )
00000472: 11.0483   (Y': 8.70851   Cb: 12.9505   Cr: 12.9812 )
00000473: 11.1658   (Y': 8.76305   Cb: 13.1603   Cr: 13.1767 )
00000476: 11.1718   (Y': 8.74179   Cb: 13.2514   Cr: 13.174  )
00000474: 11.1937   (Y': 8.76019   Cb: 13.269    Cr: 13.2095 )
00000475: 11.2146   (Y': 8.76062   Cb: 13.3252   Cr: 13.2533 )
00000477: 11.2108   (Y': 8.72289   Cb: 13.4094   Cr: 13.2595 )
00000478: 11.3051   (Y': 8.80015   Cb: 13.512    Cr: 13.3947 )
00000479: 11.5275   (Y': 8.9448    Cb: 13.7797   Cr: 13.8032 )
00000480: 11.6078   (Y': 9.03096   Cb: 13.8708   Cr: 13.8548 )
00000481: 11.804    (Y': 9.13911   Cb: 14.2426   Cr: 14.1509 )
00000482: 11.9628   (Y': 9.28838   Cb: 14.3973   Cr: 14.3437 )
00000485: 11.7548   (Y': 9.20723   Cb: 14.0434   Cr: 13.8891 )
00000483: 12.0998   (Y': 9.44295   Cb: 14.4891   Cr: 14.4693 )
00000484: 12.1276   (Y': 9.48302   Cb: 14.5247   Cr: 14.4507 )
00000486: 11.3994   (Y': 8.93457   Cb: 13.5453   Cr: 13.434  )
00000487: 11.3548   (Y': 8.92732   Cb: 13.3952   Cr: 13.3889 )
00000488: 11.4289   (Y': 9.00609   Cb: 13.4468   Cr: 13.472  )
00000489: 11.6278   (Y': 9.19987   Cb: 13.6597   Cr: 13.6713 )
00000490: 11.6837   (Y': 9.2764    Cb: 13.702    Cr: 13.6834 )
00000491: 11.6728   (Y': 9.28355   Cb: 13.7475   Cr: 13.5684 )
00000493: 11.4167   (Y': 9.0388    Cb: 13.436    Cr: 13.3354 )
00000492: 11.5781   (Y': 9.21284   Cb: 13.6022   Cr: 13.4583 )
00000494: 11.4854   (Y': 9.08778   Cb: 13.5233   Cr: 13.4395 )
00000495: 11.8788   (Y': 9.43231   Cb: 13.9466   Cr: 13.9388 )
00000496: 12.0973   (Y': 9.66011   Cb: 14.1245   Cr: 14.1716 )
00000497: 12.3075   (Y': 9.81742   Cb: 14.3694   Cr: 14.499  )
00000502: 11.3443   (Y': 8.90379   Cb: 13.1588   Cr: 13.6547 )
00000500: 11.5121   (Y': 9.04433   Cb: 13.4272   Cr: 13.793  )
00000499: 11.4753   (Y': 9.00029   Cb: 13.4084   Cr: 13.758  )
00000498: 12.0647   (Y': 9.52326   Cb: 14.1913   Cr: 14.3425 )
00000501: 11.4021   (Y': 8.98428   Cb: 13.2712   Cr: 13.5861 )
00000503: 11.3241   (Y': 8.79515   Cb: 13.2939   Cr: 13.7313 )
00000505: 11.4107   (Y': 8.84294   Cb: 13.4228   Cr: 13.8938 )
00000504: 11.3532   (Y': 8.79513   Cb: 13.3      Cr: 13.8785 )
00000508: 11.4205   (Y': 8.8748    Cb: 13.3351   Cr: 13.9433 )
00000507: 11.4018   (Y': 8.82657   Cb: 13.3971   Cr: 13.9278 )
00000506: 11.479    (Y': 8.91938   Cb: 13.3971   Cr: 14.0428 )
00000509: 11.4196   (Y': 8.89267   Cb: 13.3066   Cr: 13.9139 )
00000510: 11.4253   (Y': 8.87232   Cb: 13.3404   Cr: 13.971  )
00000511: 11.4445   (Y': 8.89831   Cb: 13.3271   Cr: 14.0056 )
00000513: 11.5623   (Y': 8.98176   Cb: 13.4681   Cr: 14.209  )
00000512: 11.5085   (Y': 8.93692   Cb: 13.4359   Cr: 14.1002 )
00000516: 11.8643   (Y': 9.42773   Cb: 13.5237   Cr: 14.3434 )
00000515: 11.7705   (Y': 9.3024    Cb: 13.4213   Cr: 14.3596 )
00000514: 11.6374   (Y': 9.10103   Cb: 13.4036   Cr: 14.306  )
00000517: 11.8088   (Y': 9.42259   Cb: 13.4111   Cr: 14.2025 )
00000518: 11.8092   (Y': 9.42147   Cb: 13.4611   Cr: 14.149  )
00000519: 11.6315   (Y': 9.2801    Cb: 13.2419   Cr: 13.9128 )
00000520: 11.7043   (Y': 9.32167   Cb: 13.3562   Cr: 14.029  )
00000521: 11.6967   (Y': 9.36528   Cb: 13.2814   Cr: 13.9504 )
00000522: 11.6964   (Y': 9.38915   Cb: 13.303    Cr: 13.8564 )
00000523: 11.7111   (Y': 9.46789   Cb: 13.2301   Cr: 13.7945 )
00000524: 11.8112   (Y': 9.48532   Cb: 13.4576   Cr: 13.9783 )
00000525: 11.6686   (Y': 9.34078   Cb: 13.26     Cr: 13.9043 )
00000526: 11.4419   (Y': 9.07332   Cb: 13.028    Cr: 13.8026 )
00000527: 11.273    (Y': 8.88584   Cb: 12.8689   Cr: 13.6773 )
00000528: 11.2636   (Y': 8.89746   Cb: 12.8096   Cr: 13.6651 )
00000529: 11.2518   (Y': 8.88641   Cb: 12.7924   Cr: 13.6581 )
00000530: 11.1825   (Y': 8.82395   Cb: 12.7      Cr: 13.5966 )
00000531: 11.0972   (Y': 8.70335   Cb: 12.7211   Cr: 13.4883 )
00000532: 11.1156   (Y': 8.7148    Cb: 12.7231   Cr: 13.5473 )
00000533: 11.0906   (Y': 8.65278   Cb: 12.7813   Cr: 13.5357 )
00000534: 11.106    (Y': 8.65626   Cb: 12.7979   Cr: 13.5867 )
00000535: 11.0504   (Y': 8.58673   Cb: 12.7936   Cr: 13.5137 )
00000536: 11.0979   (Y': 8.63392   Cb: 12.8378   Cr: 13.5658 )
00000537: 11.1049   (Y': 8.62365   Cb: 12.8711   Cr: 13.5958 )
00000538: 11.0841   (Y': 8.57358   Cb: 12.8854   Cr: 13.6261 )
00000539: 11.0879   (Y': 8.56005   Cb: 12.9691   Cr: 13.5918 )
00000540: 11.0823   (Y': 8.52178   Cb: 12.9825   Cr: 13.6696 )
00000541: 11.0243   (Y': 8.49211   Cb: 12.915    Cr: 13.531  )
00000542: 11.0235   (Y': 8.46872   Cb: 12.9522   Cr: 13.5589 )
00000543: 10.9466   (Y': 8.43878   Cb: 12.8016   Cr: 13.4175 )
00000544: 10.8651   (Y': 8.31947   Cb: 12.7709   Cr: 13.3976 )
00000545: 10.7593   (Y': 8.24577   Cb: 12.6213   Cr: 13.2401 )
00000546: 10.7089   (Y': 8.18677   Cb: 12.6026   Cr: 13.1804 )
00000547: 10.5863   (Y': 8.06865   Cb: 12.4987   Cr: 13.0224 )
00000548: 10.4987   (Y': 7.98824   Cb: 12.3706   Cr: 12.9582 )
00000550: 10.2006   (Y': 7.72492   Cb: 12.004    Cr: 12.6307 )
00000549: 10.3247   (Y': 7.84843   Cb: 12.1371   Cr: 12.7463 )
00000552: 10.0141   (Y': 7.57871   Cb: 11.7661   Cr: 12.3801 )
00000553: 9.98149   (Y': 7.55517   Cb: 11.6901   Cr: 12.3705 )
00000551: 10.094    (Y': 7.66482   Cb: 11.8372   Cr: 12.4514 )
00000554: 10.0032   (Y': 7.57719   Cb: 11.7197   Cr: 12.3823 )
00000555: 10.0512   (Y': 7.63895   Cb: 11.7315   Cr: 12.431  )
00000558: 10.3248   (Y': 7.92719   Cb: 12.003    Cr: 12.6631 )
00000556: 10.1187   (Y': 7.70795   Cb: 11.8034   Cr: 12.4886 )
00000557: 10.2369   (Y': 7.84881   Cb: 11.9085   Cr: 12.5547 )
00000559: 10.4467   (Y': 8.06188   Cb: 12.1036   Cr: 12.7719 )
00000561: 10.6225   (Y': 8.2345    Cb: 12.2683   Cr: 12.9701 )
00000560: 10.4964   (Y': 8.09418   Cb: 12.1869   Cr: 12.8344 )
00000563: 10.8477   (Y': 8.47476   Cb: 12.5537   Cr: 13.0819 )
00000562: 10.6913   (Y': 8.29782   Cb: 12.3652   Cr: 13.0221 )
00000566: 11.0492   (Y': 8.63135   Cb: 12.819    Cr: 13.3424 )
00000564: 10.8784   (Y': 8.52698   Cb: 12.59     Cr: 13.0445 )
00000565: 11.0174   (Y': 8.60965   Cb: 12.7792   Cr: 13.2901 )
00000567: 11.1139   (Y': 8.6389    Cb: 12.9601   Cr: 13.4927 )
00000569: 11.3159   (Y': 8.76112   Cb: 13.2334   Cr: 13.8646 )
00000568: 11.1932   (Y': 8.67554   Cb: 13.0672   Cr: 13.673  )
00000570: 11.4234   (Y': 8.88535   Cb: 13.3652   Cr: 13.8905 )
00000571: 11.7453   (Y': 9.20844   Cb: 13.7657   Cr: 14.1218 )
00000572: 11.8666   (Y': 9.33594   Cb: 13.8832   Cr: 14.228  )
00000573: 12.1233   (Y': 9.54415   Cb: 14.1566   Cr: 14.619  )
00000574: 12.2809   (Y': 9.68467   Cb: 14.2519   Cr: 14.9034 )
00000575: 12.533    (Y': 9.80681   Cb: 14.7059   Cr: 15.3705 )
00000576: 12.5731   (Y': 9.83835   Cb: 14.7751   Cr: 15.4074 )
00000577: 12.5294   (Y': 9.71207   Cb: 14.8953   Cr: 15.48   )
00000578: 12.5001   (Y': 9.64139   Cb: 14.9453   Cr: 15.5181 )
00000579: 12.4462   (Y': 9.55684   Cb: 14.8764   Cr: 15.6026 )
00000580: 12.4284   (Y': 9.54085   Cb: 14.7582   Cr: 15.6989 )
00000581: 12.3326   (Y': 9.35437   Cb: 14.8364   Cr: 15.7727 )
00000582: 12.2913   (Y': 9.26296   Cb: 14.8583   Cr: 15.877  )
00000583: 12.3282   (Y': 9.34857   Cb: 14.7483   Cr: 15.8809 )
00000585: 12.3645   (Y': 9.46671   Cb: 14.5131   Cr: 15.9163 )
00000584: 12.3542   (Y': 9.41524   Cb: 14.6137   Cr: 15.9372 )
00000587: 12.1253   (Y': 9.3998    Cb: 14.1082   Cr: 15.1921 )
00000588: 11.9775   (Y': 9.26292   Cb: 13.9284   Cr: 15.0442 )
00000586: 12.2528   (Y': 9.34462   Cb: 14.5248   Cr: 15.6839 )
00000590: 11.5314   (Y': 8.94235   Cb: 13.0946   Cr: 14.655  )
00000589: 11.6782   (Y': 9.0252    Cb: 13.4353   Cr: 14.7701 )
00000591: 11.053    (Y': 8.62793   Cb: 12.3561   Cr: 13.966  )
00000592: 10.8394   (Y': 8.443     Cb: 12.0606   Cr: 13.7744 )
Total: 10.9992   (Y': 8.52774   Cb: 12.6946   Cr: 13.544  )
