00000001: 17.2664   (Y': 16.2278   Cb: 17.159    Cr: 18.7857 )
00000000: 17.318    (Y': 16.2485   Cb: 17.1853   Cr: 18.9309 )
00000002: 17.2464   (Y': 16.2391   Cb: 17.0909   Cr: 18.7799 )
00000007: 16.9549   (Y': 16.02     Cb: 16.7083   Cr: 18.4954 )
00000003: 17.2463   (Y': 16.285    Cb: 17.042    Cr: 18.7702 )
00000005: 17.1813   (Y': 16.3389   Cb: 16.9453   Cr: 18.5473 )
00000004: 17.2056   (Y': 16.2577   Cb: 16.9762   Cr: 18.7434 )
00000006: 16.9989   (Y': 16.1079   Cb: 16.7058   Cr: 18.5327 )
00000008: 16.9893   (Y': 16.0518   Cb: 16.7587   Cr: 18.5102 )
00000011: 17.0647   (Y': 16.1645   Cb: 16.8451   Cr: 18.5045 )
00000009: 17.141    (Y': 16.245    Cb: 16.923    Cr: 18.5714 )
00000010: 17.1636   (Y': 16.2499   Cb: 16.9589   Cr: 18.6048 )
00000012: 17.0645   (Y': 16.0981   Cb: 16.8814   Cr: 18.566  )
00000014: 17.1094   (Y': 16.0951   Cb: 16.9569   Cr: 18.6511 )
00000013: 17.1091   (Y': 16.1235   Cb: 16.9545   Cr: 18.6026 )
00000015: 17.1078   (Y': 16.035    Cb: 16.9632   Cr: 18.745  )
00000016: 17.1459   (Y': 16.0402   Cb: 17.0061   Cr: 18.8378 )
00000017: 17.1574   (Y': 15.9247   Cb: 17.1302   Cr: 18.9258 )
00000018: 17.1647   (Y': 15.9467   Cb: 17.1398   Cr: 18.9006 )
00000019: 17.1716   (Y': 16.1589   Cb: 17.0129   Cr: 18.7197 )
00000020: 17.157    (Y': 16.1671   Cb: 16.9903   Cr: 18.6761 )
00000021: 17.149    (Y': 16.2001   Cb: 16.9817   Cr: 18.5967 )
00000022: 17.1874   (Y': 16.2282   Cb: 17.0549   Cr: 18.6027 )
00000023: 17.2523   (Y': 16.3328   Cb: 17.0796   Cr: 18.6572 )
00000027: 17.2889   (Y': 16.366    Cb: 17.0929   Cr: 18.7331 )
00000024: 17.252    (Y': 16.3232   Cb: 17.11     Cr: 18.6289 )
00000025: 17.2673   (Y': 16.3377   Cb: 17.1154   Cr: 18.6598 )
00000026: 17.2999   (Y': 16.3806   Cb: 17.1166   Cr: 18.7196 )
00000028: 17.3119   (Y': 16.3691   Cb: 17.1847   Cr: 18.6916 )
00000030: 17.2993   (Y': 16.3231   Cb: 17.2229   Cr: 18.665  )
00000029: 17.288    (Y': 16.3073   Cb: 17.2112   Cr: 18.6618 )
00000031: 17.3816   (Y': 16.4052   Cb: 17.4105   Cr: 18.6047 )
00000032: 17.3552   (Y': 16.3395   Cb: 17.421    Cr: 18.5954 )
00000033: 17.351    (Y': 16.3211   Cb: 17.4807   Cr: 18.5327 )
00000034: 17.3154   (Y': 16.3059   Cb: 17.4506   Cr: 18.4563 )
00000035: 17.3832   (Y': 16.3558   Cb: 17.5194   Cr: 18.5523 )
00000036: 17.3422   (Y': 16.3325   Cb: 17.4638   Cr: 18.5005 )
00000037: 17.3059   (Y': 16.3254   Cb: 17.4195   Cr: 18.4266 )
00000038: 17.3198   (Y': 16.3477   Cb: 17.4574   Cr: 18.397  )
00000039: 17.3865   (Y': 16.3446   Cb: 17.5708   Cr: 18.5191 )
00000040: 17.3903   (Y': 16.2748   Cb: 17.6551   Cr: 18.5465 )
00000041: 17.4247   (Y': 16.2292   Cb: 17.8315   Cr: 18.5455 )
00000042: 17.5033   (Y': 16.3117   Cb: 17.8867   Cr: 18.6453 )
00000043: 17.5483   (Y': 16.3055   Cb: 17.9843   Cr: 18.7162 )
00000044: 17.5546   (Y': 16.2912   Cb: 17.9884   Cr: 18.761  )
00000045: 17.5624   (Y': 16.2917   Cb: 17.9499   Cr: 18.8382 )
00000046: 17.5846   (Y': 16.3012   Cb: 17.9835   Cr: 18.8691 )
00000047: 17.6154   (Y': 16.2859   Cb: 18.0169   Cr: 18.981  )
00000048: 17.6104   (Y': 16.2476   Cb: 18.0301   Cr: 19.016  )
00000049: 17.6397   (Y': 16.1896   Cb: 18.0987   Cr: 19.1648 )
00000050: 17.5904   (Y': 16.13     Cb: 18.0881   Cr: 19.0868 )
00000051: 17.5378   (Y': 15.9352   Cb: 18.1613   Cr: 19.1654 )
00000052: 17.5071   (Y': 15.8715   Cb: 18.1613   Cr: 19.1659 )
00000053: 17.3911   (Y': 15.7229   Cb: 18.1164   Cr: 19.0313 )
00000054: 17.4026   (Y': 15.729    Cb: 18.0973   Cr: 19.0923 )
00000055: 17.4003   (Y': 15.7678   Cb: 18.0074   Cr: 19.1127 )
00000057: 17.3875   (Y': 15.6406   Cb: 18.0856   Cr: 19.236  )
00000056: 17.4301   (Y': 15.8021   Cb: 18.0093   Cr: 19.1692 )
00000058: 17.5618   (Y': 16.0102   Cb: 18.0469   Cr: 19.2607 )
00000059: 17.5292   (Y': 16.021    Cb: 17.968    Cr: 19.1984 )
00000060: 17.443    (Y': 15.9176   Cb: 17.9027   Cr: 19.1205 )
00000061: 17.3906   (Y': 15.853    Cb: 17.8287   Cr: 19.1227 )
00000062: 17.2771   (Y': 15.6913   Cb: 17.7718   Cr: 19.0363 )
00000063: 17.3865   (Y': 15.8373   Cb: 17.8329   Cr: 19.1318 )
00000064: 17.4589   (Y': 15.9125   Cb: 17.9287   Cr: 19.167  )
00000065: 17.5301   (Y': 16.0105   Cb: 17.9892   Cr: 19.1962 )
00000066: 17.527    (Y': 15.9929   Cb: 18.0291   Cr: 19.1666 )
00000068: 17.7195   (Y': 16.2121   Cb: 18.1911   Cr: 19.3437 )
00000067: 17.5901   (Y': 15.998    Cb: 18.1575   Cr: 19.2669 )
00000069: 17.7797   (Y': 16.2452   Cb: 18.2963   Cr: 19.4014 )
00000070: 17.8718   (Y': 16.35     Cb: 18.4316   Cr: 19.413  )
00000071: 18.1149   (Y': 16.6855   Cb: 18.6702   Cr: 19.48   )
00000072: 18.2798   (Y': 16.8662   Cb: 18.851    Cr: 19.5962 )
00000073: 18.1355   (Y': 16.7965   Cb: 18.6598   Cr: 19.3698 )
00000074: 17.936    (Y': 16.5479   Cb: 18.4226   Cr: 19.3064 )
00000076: 17.618    (Y': 16.1924   Cb: 18.0763   Cr: 19.0958 )
00000075: 17.7762   (Y': 16.3681   Cb: 18.2339   Cr: 19.2206 )
00000077: 17.539    (Y': 16.0608   Cb: 18.027    Cr: 19.0827 )
00000078: 17.7089   (Y': 16.3271   Cb: 18.1581   Cr: 19.1134 )
00000079: 17.6981   (Y': 16.2454   Cb: 18.2607   Cr: 19.099  )
00000080: 17.6296   (Y': 16.1247   Cb: 18.241    Cr: 19.0733 )
00000081: 17.7456   (Y': 16.2454   Cb: 18.385    Cr: 19.1466 )
00000082: 17.6812   (Y': 16.1811   Cb: 18.348    Cr: 19.0496 )
00000083: 17.6533   (Y': 16.1369   Cb: 18.3186   Cr: 19.055  )
00000084: 17.5711   (Y': 16.0747   Cb: 18.2081   Cr: 18.9672 )
00000085: 17.7785   (Y': 16.3044   Cb: 18.3756   Cr: 19.1792 )
00000086: 17.7766   (Y': 16.3304   Cb: 18.2423   Cr: 19.2854 )
00000087: 17.8219   (Y': 16.3408   Cb: 18.3061   Cr: 19.3764 )
00000088: 17.8131   (Y': 16.3767   Cb: 18.257    Cr: 19.3301 )
00000089: 17.7746   (Y': 16.2842   Cb: 18.2517   Cr: 19.3572 )
00000090: 17.7297   (Y': 16.2268   Cb: 18.198    Cr: 19.349  )
00000091: 17.8619   (Y': 16.3279   Cb: 18.3762   Cr: 19.4856 )
00000092: 17.8644   (Y': 16.3121   Cb: 18.426    Cr: 19.4658 )
00000093: 17.916    (Y': 16.3492   Cb: 18.4691   Cr: 19.5582 )
00000094: 17.9186   (Y': 16.2989   Cb: 18.5822   Cr: 19.532  )
00000095: 17.9231   (Y': 16.326    Cb: 18.5448   Cr: 19.5415 )
00000096: 17.9477   (Y': 16.3543   Cb: 18.5747   Cr: 19.5519 )
00000097: 17.9941   (Y': 16.3047   Cb: 18.6228   Cr: 19.8037 )
00000098: 17.9991   (Y': 16.3201   Cb: 18.6105   Cr: 19.8081 )
00000099: 17.9598   (Y': 16.2044   Cb: 18.7025   Cr: 19.7705 )
00000100: 17.9776   (Y': 16.1685   Cb: 18.7983   Cr: 19.812  )
00000101: 17.88     (Y': 16.0061   Cb: 18.7899   Cr: 19.7543 )
00000102: 17.8145   (Y': 15.892    Cb: 18.7578   Cr: 19.7638 )
00000103: 17.7334   (Y': 15.7326   Cb: 18.762    Cr: 19.7699 )
00000104: 17.6935   (Y': 15.6093   Cb: 18.7771   Cr: 19.8768 )
00000105: 17.9052   (Y': 15.9784   Cb: 18.9283   Cr: 19.7661 )
00000106: 17.8641   (Y': 15.9333   Cb: 18.8853   Cr: 19.7369 )
00000108: 17.8263   (Y': 15.8599   Cb: 18.8641   Cr: 19.7653 )
00000107: 17.8347   (Y': 15.8819   Cb: 18.9153   Cr: 19.6889 )
00000109: 17.7933   (Y': 15.7587   Cb: 18.9359   Cr: 19.7738 )
00000110: 17.7931   (Y': 15.7291   Cb: 18.9969   Cr: 19.7745 )
00000111: 17.7394   (Y': 15.6466   Cb: 18.9574   Cr: 19.7778 )
00000112: 17.7446   (Y': 15.6428   Cb: 18.9435   Cr: 19.8297 )
00000113: 17.7108   (Y': 15.5746   Cb: 18.9871   Cr: 19.792  )
00000114: 17.7194   (Y': 15.5533   Cb: 19.0138   Cr: 19.8587 )
00000115: 17.7479   (Y': 15.5756   Cb: 19.0723   Cr: 19.8677 )
00000116: 17.7791   (Y': 15.5987   Cb: 19.135    Cr: 19.8831 )
00000117: 17.7491   (Y': 15.5929   Cb: 19.0821   Cr: 19.8154 )
00000118: 17.7159   (Y': 15.5788   Cb: 18.9945   Cr: 19.7966 )
00000119: 17.6775   (Y': 15.5107   Cb: 19.0435   Cr: 19.7333 )
00000120: 17.7036   (Y': 15.559    Cb: 18.9969   Cr: 19.7867 )
00000121: 17.7117   (Y': 15.5278   Cb: 19.0475   Cr: 19.8488 )
00000122: 17.725    (Y': 15.5821   Cb: 18.9637   Cr: 19.8703 )
00000123: 17.6616   (Y': 15.5329   Cb: 18.9372   Cr: 19.7241 )
00000125: 17.5101   (Y': 15.3612   Cb: 18.7431   Cr: 19.6782 )
00000124: 17.6029   (Y': 15.4514   Cb: 18.9035   Cr: 19.6956 )
00000126: 17.4442   (Y': 15.2823   Cb: 18.6681   Cr: 19.6592 )
00000127: 17.4128   (Y': 15.2786   Cb: 18.5855   Cr: 19.6168 )
00000128: 17.3959   (Y': 15.2501   Cb: 18.5576   Cr: 19.6458 )
00000129: 17.3247   (Y': 15.1738   Cb: 18.4674   Cr: 19.6135 )
00000130: 17.3103   (Y': 15.1493   Cb: 18.4651   Cr: 19.6111 )
00000131: 17.3148   (Y': 15.1356   Cb: 18.476    Cr: 19.6583 )
00000133: 17.3262   (Y': 15.1652   Cb: 18.4505   Cr: 19.667  )
00000132: 17.3086   (Y': 15.1236   Cb: 18.4624   Cr: 19.6785 )
00000134: 17.3596   (Y': 15.1931   Cb: 18.4725   Cr: 19.7315 )
00000135: 17.385    (Y': 15.1956   Cb: 18.5126   Cr: 19.8026 )
00000136: 17.3697   (Y': 15.1784   Cb: 18.5044   Cr: 19.7834 )
00000137: 17.3641   (Y': 15.1904   Cb: 18.4968   Cr: 19.7296 )
00000138: 17.3368   (Y': 15.1332   Cb: 18.4771   Cr: 19.7782 )
00000139: 17.3204   (Y': 15.0995   Cb: 18.4785   Cr: 19.7888 )
00000140: 17.2866   (Y': 15.1097   Cb: 18.4042   Cr: 19.6813 )
00000141: 17.2918   (Y': 15.124    Cb: 18.3905   Cr: 19.6862 )
00000142: 17.3199   (Y': 15.116    Cb: 18.5156   Cr: 19.6887 )
00000143: 17.444    (Y': 15.1879   Cb: 18.7219   Cr: 19.8565 )
00000144: 17.4742   (Y': 15.2057   Cb: 18.781    Cr: 19.8861 )
00000145: 17.5335   (Y': 15.2508   Cb: 18.8758   Cr: 19.9415 )
00000146: 17.5313   (Y': 15.2308   Cb: 18.8996   Cr: 19.9586 )
00000147: 17.5202   (Y': 15.2448   Cb: 18.8767   Cr: 19.8891 )
00000148: 17.5159   (Y': 15.2543   Cb: 18.8573   Cr: 19.8637 )
00000149: 17.4961   (Y': 15.2727   Cb: 18.7933   Cr: 19.7901 )
00000150: 17.4811   (Y': 15.262    Cb: 18.8013   Cr: 19.7342 )
00000151: 17.4949   (Y': 15.3174   Cb: 18.807    Cr: 19.6432 )
00000152: 17.4667   (Y': 15.2582   Cb: 18.7864   Cr: 19.6911 )
00000153: 17.3973   (Y': 15.1763   Cb: 18.725    Cr: 19.6464 )
00000155: 17.42     (Y': 15.1451   Cb: 18.8034   Cr: 19.7534 )
00000154: 17.3966   (Y': 15.1645   Cb: 18.7657   Cr: 19.6263 )
00000156: 17.4547   (Y': 15.1458   Cb: 18.8922   Cr: 19.82   )
00000157: 17.4539   (Y': 15.1374   Cb: 18.9051   Cr: 19.8248 )
00000158: 17.4576   (Y': 15.1365   Cb: 18.9119   Cr: 19.8378 )
00000159: 17.485    (Y': 15.131    Cb: 18.9697   Cr: 19.926  )
00000160: 17.5059   (Y': 15.1706   Cb: 18.9426   Cr: 19.9507 )
00000161: 17.5269   (Y': 15.1692   Cb: 18.9611   Cr: 20.0425 )
00000162: 17.5225   (Y': 15.1253   Cb: 19.0596   Cr: 20.0295 )
00000163: 17.5436   (Y': 15.1303   Cb: 19.0666   Cr: 20.1189 )
00000164: 17.5708   (Y': 15.1462   Cb: 19.127    Cr: 20.1398 )
00000165: 17.5672   (Y': 15.1296   Cb: 19.1605   Cr: 20.1304 )
00000166: 17.5707   (Y': 15.1304   Cb: 19.1542   Cr: 20.1551 )
00000167: 17.5189   (Y': 15.0917   Cb: 19.0823   Cr: 20.0873 )
00000168: 17.5223   (Y': 15.0559   Cb: 19.1247   Cr: 20.1662 )
00000169: 17.5746   (Y': 15.0651   Cb: 19.1998   Cr: 20.3321 )
00000170: 17.5671   (Y': 15.0543   Cb: 19.1844   Cr: 20.3459 )
00000171: 17.5302   (Y': 14.9997   Cb: 19.1614   Cr: 20.3508 )
00000172: 17.5112   (Y': 14.9609   Cb: 19.1682   Cr: 20.3661 )
00000173: 17.4992   (Y': 14.951    Cb: 19.133    Cr: 20.3774 )
00000174: 17.5056   (Y': 14.9307   Cb: 19.1824   Cr: 20.4206 )
00000175: 17.5111   (Y': 14.9342   Cb: 19.2318   Cr: 20.3753 )
00000176: 17.5187   (Y': 14.9414   Cb: 19.2304   Cr: 20.3962 )
00000177: 17.5494   (Y': 14.9982   Cb: 19.2619   Cr: 20.3353 )
00000178: 17.5287   (Y': 15.0148   Cb: 19.1949   Cr: 20.2481 )
00000180: 17.4817   (Y': 15.0007   Cb: 19.0733   Cr: 20.1875 )
00000179: 17.5155   (Y': 15.0168   Cb: 19.1423   Cr: 20.2344 )
00000181: 17.3799   (Y': 14.9256   Cb: 18.9073   Cr: 20.0814 )
00000182: 17.3537   (Y': 14.9115   Cb: 18.8608   Cr: 20.0425 )
00000183: 17.217    (Y': 14.7794   Cb: 18.6681   Cr: 19.965  )
00000184: 17.2175   (Y': 14.7797   Cb: 18.6717   Cr: 19.9616 )
00000185: 17.1699   (Y': 14.738    Cb: 18.5814   Cr: 19.9529 )
00000186: 17.1842   (Y': 14.7636   Cb: 18.5726   Cr: 19.9615 )
00000187: 17.1735   (Y': 14.7593   Cb: 18.5659   Cr: 19.9243 )
00000188: 17.1697   (Y': 14.7756   Cb: 18.4974   Cr: 19.944  )
00000189: 17.1878   (Y': 14.779    Cb: 18.5299   Cr: 19.9904 )
00000190: 17.1452   (Y': 14.719    Cb: 18.4957   Cr: 19.9939 )
00000191: 17.1435   (Y': 14.7316   Cb: 18.4903   Cr: 19.9494 )
00000192: 17.1221   (Y': 14.6933   Cb: 18.4839   Cr: 19.9638 )
00000193: 17.119    (Y': 14.6762   Cb: 18.5315   Cr: 19.9367 )
00000194: 17.0857   (Y': 14.6565   Cb: 18.4683   Cr: 19.8997 )
00000195: 17.0445   (Y': 14.6222   Cb: 18.4299   Cr: 19.8315 )
00000196: 17.0518   (Y': 14.6437   Cb: 18.391    Cr: 19.8559 )
00000197: 17.0694   (Y': 14.6859   Cb: 18.3721   Cr: 19.8436 )
00000198: 17.0637   (Y': 14.7036   Cb: 18.3167   Cr: 19.8315 )
00000199: 17.0491   (Y': 14.6631   Cb: 18.2865   Cr: 19.9247 )
00000200: 17.0408   (Y': 14.6149   Cb: 18.3336   Cr: 19.9713 )
00000201: 17.0524   (Y': 14.64     Cb: 18.3252   Cr: 19.966  )
00000202: 17.0282   (Y': 14.6129   Cb: 18.3107   Cr: 19.9375 )
00000203: 17.0334   (Y': 14.6016   Cb: 18.3201   Cr: 19.9931 )
00000204: 17.0216   (Y': 14.6023   Cb: 18.2989   Cr: 19.9521 )
00000205: 16.9942   (Y': 14.5775   Cb: 18.2524   Cr: 19.9436 )
00000206: 17.0144   (Y': 14.6116   Cb: 18.2607   Cr: 19.9341 )
00000207: 17.0447   (Y': 14.6155   Cb: 18.3671   Cr: 19.944  )
00000208: 17.0445   (Y': 14.6264   Cb: 18.2965   Cr: 20.0081 )
00000209: 17.0201   (Y': 14.6072   Cb: 18.2608   Cr: 19.9826 )
00000210: 17.0042   (Y': 14.5996   Cb: 18.2283   Cr: 19.9629 )
00000211: 16.9686   (Y': 14.5841   Cb: 18.1613   Cr: 19.9057 )
00000212: 16.9756   (Y': 14.5901   Cb: 18.151    Cr: 19.9419 )
00000213: 16.9118   (Y': 14.5241   Cb: 18.1029   Cr: 19.8619 )
00000214: 16.9049   (Y': 14.5234   Cb: 18.0963   Cr: 19.8335 )
00000215: 16.9137   (Y': 14.5125   Cb: 18.1296   Cr: 19.873  )
00000216: 16.9418   (Y': 14.5467   Cb: 18.1422   Cr: 19.9034 )
00000217: 16.9588   (Y': 14.5833   Cb: 18.1487   Cr: 19.8689 )
00000218: 16.9657   (Y': 14.5843   Cb: 18.1558   Cr: 19.8961 )
00000219: 16.9456   (Y': 14.5562   Cb: 18.12     Cr: 19.9267 )
00000220: 16.998    (Y': 14.6414   Cb: 18.1301   Cr: 19.9314 )
00000221: 16.9894   (Y': 14.65     Cb: 18.1025   Cr: 19.8939 )
00000222: 16.9817   (Y': 14.6416   Cb: 18.0965   Cr: 19.8858 )
00000223: 16.9976   (Y': 14.6702   Cb: 18.0837   Cr: 19.9027 )
00000224: 17.0058   (Y': 14.6814   Cb: 18.1207   Cr: 19.8572 )
00000225: 17.0608   (Y': 14.735    Cb: 18.2222   Cr: 19.8487 )
00000226: 17.0836   (Y': 14.7846   Cb: 18.2305   Cr: 19.8064 )
00000227: 17.0781   (Y': 14.818    Cb: 18.1851   Cr: 19.7361 )
00000228: 17.0957   (Y': 14.8498   Cb: 18.1737   Cr: 19.7508 )
00000229: 17.16     (Y': 15.0328   Cb: 18.1188   Cr: 19.6311 )
00000230: 17.1569   (Y': 15.1297   Cb: 17.9689   Cr: 19.555  )
00000231: 17.2007   (Y': 15.2479   Cb: 17.948    Cr: 19.4898 )
00000232: 17.2379   (Y': 15.3611   Cb: 17.9023   Cr: 19.4471 )
00000233: 17.2595   (Y': 15.421    Cb: 17.9356   Cr: 19.3558 )
00000234: 17.2917   (Y': 15.4287   Cb: 17.9849   Cr: 19.4249 )
00000235: 17.3495   (Y': 15.5335   Cb: 18.0164   Cr: 19.4032 )
00000236: 17.3498   (Y': 15.5169   Cb: 18.0228   Cr: 19.4366 )
00000237: 17.3361   (Y': 15.4986   Cb: 18.0362   Cr: 19.3968 )
00000238: 17.3564   (Y': 15.5114   Cb: 18.0557   Cr: 19.437  )
00000239: 17.3046   (Y': 15.4049   Cb: 18.0865   Cr: 19.4083 )
00000240: 17.2772   (Y': 15.365    Cb: 18.1026   Cr: 19.3541 )
00000241: 17.283    (Y': 15.4071   Cb: 18.0263   Cr: 19.3796 )
00000242: 17.2768   (Y': 15.4192   Cb: 17.9916   Cr: 19.3669 )
00000243: 17.2943   (Y': 15.4564   Cb: 18.0137   Cr: 19.3298 )
00000244: 17.2837   (Y': 15.4598   Cb: 17.994    Cr: 19.2972 )
00000245: 17.2749   (Y': 15.4684   Cb: 17.9858   Cr: 19.2463 )
00000246: 17.301    (Y': 15.4523   Cb: 18.0537   Cr: 19.318  )
00000247: 17.2057   (Y': 15.3922   Cb: 17.9359   Cr: 19.1677 )
00000248: 17.2273   (Y': 15.4429   Cb: 17.9443   Cr: 19.1381 )
00000249: 17.1451   (Y': 15.3958   Cb: 17.8526   Cr: 18.9874 )
00000250: 17.139    (Y': 15.4113   Cb: 17.8128   Cr: 18.9755 )
00000251: 17.1512   (Y': 15.4517   Cb: 17.786    Cr: 18.9753 )
00000252: 17.1438   (Y': 15.4862   Cb: 17.7362   Cr: 18.9299 )
00000253: 17.1645   (Y': 15.5128   Cb: 17.7655   Cr: 18.9269 )
00000254: 17.2003   (Y': 15.5777   Cb: 17.7801   Cr: 18.9267 )
00000255: 17.1658   (Y': 15.5721   Cb: 17.7124   Cr: 18.8731 )
00000257: 17.1474   (Y': 15.5778   Cb: 17.7307   Cr: 18.7569 )
00000256: 17.1628   (Y': 15.5662   Cb: 17.739    Cr: 18.8382 )
00000259: 17.1405   (Y': 15.5499   Cb: 17.7259   Cr: 18.7913 )
00000258: 17.1503   (Y': 15.5761   Cb: 17.6943   Cr: 18.8197 )
00000260: 17.108    (Y': 15.5427   Cb: 17.6817   Cr: 18.7209 )
00000261: 17.1258   (Y': 15.5575   Cb: 17.6993   Cr: 18.7449 )
00000262: 17.1299   (Y': 15.5803   Cb: 17.6921   Cr: 18.7245 )
00000263: 17.1274   (Y': 15.5332   Cb: 17.7029   Cr: 18.7983 )
00000266: 17.1136   (Y': 15.578    Cb: 17.6828   Cr: 18.6709 )
00000267: 17.0958   (Y': 15.5767   Cb: 17.6428   Cr: 18.6474 )
00000268: 17.1205   (Y': 15.5793   Cb: 17.6769   Cr: 18.7054 )
00000269: 17.0586   (Y': 15.4987   Cb: 17.6721   Cr: 18.61   )
00000264: 17.1304   (Y': 15.5693   Cb: 17.717    Cr: 18.7183 )
00000265: 17.1431   (Y': 15.6084   Cb: 17.6974   Cr: 18.7174 )
00000270: 17.1084   (Y': 15.5595   Cb: 17.7259   Cr: 18.6324 )
00000271: 17.0722   (Y': 15.5673   Cb: 17.6873   Cr: 18.5115 )
00000273: 17.0222   (Y': 15.5123   Cb: 17.6155   Cr: 18.4979 )
00000272: 17.0738   (Y': 15.5856   Cb: 17.6684   Cr: 18.5049 )
00000274: 17.0172   (Y': 15.4728   Cb: 17.6534   Cr: 18.5093 )
00000278: 16.804    (Y': 15.3417   Cb: 17.4558   Cr: 18.1174 )
00000277: 16.8221   (Y': 15.3535   Cb: 17.4681   Cr: 18.1543 )
00000275: 16.9168   (Y': 15.4184   Cb: 17.5346   Cr: 18.3397 )
00000276: 16.8689   (Y': 15.4056   Cb: 17.4375   Cr: 18.2831 )
00000279: 16.8447   (Y': 15.376    Cb: 17.4638   Cr: 18.2086 )
00000280: 16.8357   (Y': 15.3535   Cb: 17.478    Cr: 18.198  )
00000281: 16.8097   (Y': 15.3426   Cb: 17.4352   Cr: 18.1629 )
00000282: 16.7789   (Y': 15.3268   Cb: 17.3905   Cr: 18.1199 )
00000283: 16.7333   (Y': 15.2542   Cb: 17.3996   Cr: 18.0615 )
00000284: 16.769    (Y': 15.2606   Cb: 17.4609   Cr: 18.1238 )
00000286: 16.8466   (Y': 15.3018   Cb: 17.6643   Cr: 18.1282 )
00000285: 16.844    (Y': 15.3173   Cb: 17.6021   Cr: 18.158  )
00000287: 16.5996   (Y': 15.1319   Cb: 17.3721   Cr: 17.7862 )
00000288: 16.5354   (Y': 15.1059   Cb: 17.2834   Cr: 17.6793 )
00000289: 16.5625   (Y': 15.1571   Cb: 17.2879   Cr: 17.6877 )
00000290: 16.5464   (Y': 15.162    Cb: 17.2366   Cr: 17.6729 )
00000291: 16.5025   (Y': 15.1256   Cb: 17.1729   Cr: 17.6376 )
00000292: 16.4827   (Y': 15.1158   Cb: 17.129    Cr: 17.6271 )
00000293: 16.4853   (Y': 15.1688   Cb: 17.1047   Cr: 17.571  )
00000294: 16.4078   (Y': 15.1111   Cb: 16.9993   Cr: 17.4902 )
00000295: 16.4792   (Y': 15.0777   Cb: 17.1328   Cr: 17.6776 )
00000297: 16.5194   (Y': 15.125    Cb: 17.187    Cr: 17.6893 )
00000296: 16.495    (Y': 15.074    Cb: 17.1457   Cr: 17.7323 )
00000298: 16.5101   (Y': 15.1234   Cb: 17.1622   Cr: 17.6834 )
00000299: 16.5644   (Y': 15.2392   Cb: 17.1662   Cr: 17.6852 )
00000300: 16.5905   (Y': 15.3025   Cb: 17.1746   Cr: 17.6663 )
00000301: 16.6874   (Y': 15.4533   Cb: 17.2576   Cr: 17.6871 )
00000302: 16.725    (Y': 15.5152   Cb: 17.2742   Cr: 17.7075 )
00000303: 16.84     (Y': 15.6716   Cb: 17.3755   Cr: 17.7695 )
00000304: 16.8941   (Y': 15.6948   Cb: 17.4126   Cr: 17.8932 )
00000305: 16.8188   (Y': 15.5554   Cb: 17.3401   Cr: 17.9233 )
00000306: 16.8755   (Y': 15.588    Cb: 17.3713   Cr: 18.0512 )
00000307: 16.7656   (Y': 15.3811   Cb: 17.3531   Cr: 18.009  )
00000308: 16.7739   (Y': 15.3039   Cb: 17.408    Cr: 18.1226 )
00000309: 16.8039   (Y': 15.2961   Cb: 17.5335   Cr: 18.1141 )
00000310: 16.839    (Y': 15.289    Cb: 17.6134   Cr: 18.1794 )
00000311: 16.8809   (Y': 15.3877   Cb: 17.6473   Cr: 18.1221 )
00000312: 16.8565   (Y': 15.3536   Cb: 17.6108   Cr: 18.1292 )
00000313: 16.8732   (Y': 15.3718   Cb: 17.6081   Cr: 18.1651 )
00000314: 16.8405   (Y': 15.3322   Cb: 17.5895   Cr: 18.1295 )
00000315: 16.8385   (Y': 15.2643   Cb: 17.6428   Cr: 18.1923 )
00000316: 16.8672   (Y': 15.322    Cb: 17.6096   Cr: 18.2349 )
00000317: 16.9333   (Y': 15.3192   Cb: 17.7387   Cr: 18.3653 )
00000318: 16.9801   (Y': 15.3433   Cb: 17.7935   Cr: 18.449  )
00000319: 16.9307   (Y': 15.3582   Cb: 17.6891   Cr: 18.3339 )
00000320: 16.9229   (Y': 15.3821   Cb: 17.6968   Cr: 18.2462 )
00000321: 16.9184   (Y': 15.384    Cb: 17.6939   Cr: 18.2274 )
00000322: 16.8541   (Y': 15.3342   Cb: 17.5878   Cr: 18.1829 )
00000323: 16.7909   (Y': 15.2502   Cb: 17.4664   Cr: 18.2282 )
00000324: 16.8365   (Y': 15.3228   Cb: 17.4673   Cr: 18.2742 )
00000326: 16.8158   (Y': 15.2869   Cb: 17.4161   Cr: 18.3209 )
00000325: 16.8219   (Y': 15.287    Cb: 17.4601   Cr: 18.2929 )
00000327: 16.8252   (Y': 15.3656   Cb: 17.3157   Cr: 18.3288 )
00000328: 16.8291   (Y': 15.3359   Cb: 17.3226   Cr: 18.3963 )
00000329: 16.8299   (Y': 15.3375   Cb: 17.3017   Cr: 18.4233 )
00000330: 16.7962   (Y': 15.3004   Cb: 17.2626   Cr: 18.4038 )
00000331: 16.7324   (Y': 15.237    Cb: 17.2108   Cr: 18.3233 )
00000332: 16.7743   (Y': 15.2925   Cb: 17.261    Cr: 18.3272 )
00000334: 16.7569   (Y': 15.339    Cb: 17.1911   Cr: 18.2502 )
00000333: 16.7346   (Y': 15.2408   Cb: 17.2194   Cr: 18.3138 )
00000335: 16.7402   (Y': 15.3268   Cb: 17.1449   Cr: 18.2624 )
00000336: 16.7185   (Y': 15.2972   Cb: 17.0944   Cr: 18.2939 )
00000337: 16.7127   (Y': 15.2843   Cb: 17.1133   Cr: 18.27   )
00000338: 16.7629   (Y': 15.3422   Cb: 17.179    Cr: 18.2849 )
00000339: 16.8489   (Y': 15.425    Cb: 17.3152   Cr: 18.3132 )
00000340: 16.8105   (Y': 15.3737   Cb: 17.2617   Cr: 18.3189 )
00000341: 16.8561   (Y': 15.4669   Cb: 17.2747   Cr: 18.3135 )
00000342: 16.8447   (Y': 15.4752   Cb: 17.2116   Cr: 18.3304 )
00000343: 16.8275   (Y': 15.4628   Cb: 17.1967   Cr: 18.301  )
00000344: 16.8548   (Y': 15.4811   Cb: 17.24     Cr: 18.3247 )
00000345: 16.8346   (Y': 15.4303   Cb: 17.2487   Cr: 18.327  )
00000346: 16.7999   (Y': 15.4082   Cb: 17.2209   Cr: 18.2591 )
00000347: 16.8591   (Y': 15.4556   Cb: 17.3081   Cr: 18.3058 )
00000348: 16.9307   (Y': 15.5292   Cb: 17.415    Cr: 18.3295 )
00000349: 16.8096   (Y': 15.5904   Cb: 17.21     Cr: 17.979  )
00000350: 16.7423   (Y': 15.5852   Cb: 17.1251   Cr: 17.8268 )
00000351: 16.699    (Y': 15.588    Cb: 17.0598   Cr: 17.7325 )
00000352: 16.6728   (Y': 15.6045   Cb: 16.9908   Cr: 17.6871 )
00000353: 16.7381   (Y': 15.6473   Cb: 17.052    Cr: 17.7938 )
00000354: 16.7531   (Y': 15.5315   Cb: 17.1732   Cr: 17.9029 )
00000355: 16.7591   (Y': 15.5495   Cb: 17.1689   Cr: 17.9007 )
00000356: 16.6712   (Y': 15.4915   Cb: 17.0448   Cr: 17.8044 )
00000357: 16.6194   (Y': 15.4629   Cb: 16.9686   Cr: 17.7424 )
00000358: 16.6935   (Y': 15.6021   Cb: 17.0082   Cr: 17.7493 )
00000359: 16.7112   (Y': 15.7832   Cb: 16.9738   Cr: 17.5707 )
00000360: 16.624    (Y': 15.7643   Cb: 16.8581   Cr: 17.4145 )
00000361: 16.4938   (Y': 15.6788   Cb: 16.7001   Cr: 17.2512 )
00000362: 16.4348   (Y': 15.6644   Cb: 16.6142   Cr: 17.1593 )
00000363: 16.2712   (Y': 15.5768   Cb: 16.4031   Cr: 16.9438 )
00000364: 16.1848   (Y': 15.4436   Cb: 16.2903   Cr: 16.953  )
00000365: 16.1498   (Y': 15.3878   Cb: 16.2605   Cr: 16.9413 )
00000366: 16.205    (Y': 15.4196   Cb: 16.3385   Cr: 17.0034 )
00000367: 16.3225   (Y': 15.4683   Cb: 16.4775   Cr: 17.1967 )
00000368: 16.3709   (Y': 15.4884   Cb: 16.5451   Cr: 17.2648 )
00000369: 16.6204   (Y': 15.6217   Cb: 16.88     Cr: 17.5924 )
00000370: 16.7758   (Y': 15.7769   Cb: 17.0447   Cr: 17.7371 )
00000371: 17.0008   (Y': 15.9745   Cb: 17.3032   Cr: 17.9661 )
00000372: 17.0797   (Y': 16.0557   Cb: 17.421    Cr: 17.9965 )
00000373: 17.2168   (Y': 16.1176   Cb: 17.6419   Cr: 18.1577 )
00000374: 17.7582   (Y': 16.1604   Cb: 18.645    Cr: 19.0658 )
00000375: 18.1192   (Y': 16.4344   Cb: 19.1241   Cr: 19.4705 )
00000376: 18.3223   (Y': 16.6258   Cb: 19.2831   Cr: 19.7456 )
00000377: 17.7746   (Y': 16.5803   Cb: 18.2198   Cr: 18.8488 )
00000378: 17.7894   (Y': 16.5935   Cb: 18.2556   Cr: 18.8418 )
00000379: 17.5983   (Y': 16.5727   Cb: 18.0702   Cr: 18.3731 )
00000380: 17.2267   (Y': 16.251    Cb: 17.498    Cr: 18.1491 )
00000381: 17.2364   (Y': 16.2215   Cb: 17.5705   Cr: 18.1472 )
00000382: 17.4931   (Y': 16.3765   Cb: 17.9445   Cr: 18.4323 )
00000383: 17.4086   (Y': 16.3604   Cb: 17.8025   Cr: 18.3039 )
00000384: 17.1948   (Y': 16.2667   Cb: 17.4618   Cr: 18.0493 )
00000385: 16.9398   (Y': 16.1419   Cb: 17.0326   Cr: 17.8044 )
00000386: 16.7743   (Y': 16.1167   Cb: 16.7759   Cr: 17.5477 )
00000387: 16.8714   (Y': 16.0658   Cb: 16.9804   Cr: 17.7283 )
00000388: 16.8379   (Y': 16.0243   Cb: 16.9844   Cr: 17.6621 )
00000389: 16.6273   (Y': 15.8801   Cb: 16.7793   Cr: 17.3502 )
00000390: 16.6239   (Y': 15.8874   Cb: 16.683    Cr: 17.4401 )
00000391: 16.7213   (Y': 15.9915   Cb: 16.7494   Cr: 17.565  )
00000392: 16.6796   (Y': 15.9111   Cb: 16.7267   Cr: 17.5561 )
00000393: 16.8136   (Y': 16.0254   Cb: 16.8431   Cr: 17.7409 )
00000394: 16.7412   (Y': 15.8792   Cb: 16.8951   Cr: 17.6283 )
00000395: 16.7342   (Y': 15.8601   Cb: 16.8207   Cr: 17.721  )
00000396: 16.7463   (Y': 15.8291   Cb: 16.8517   Cr: 17.7765 )
00000397: 16.6996   (Y': 15.4958   Cb: 16.9547   Cr: 18.0213 )
00000398: 16.7461   (Y': 15.4549   Cb: 17.0487   Cr: 18.1666 )
00000399: 17.2602   (Y': 15.9208   Cb: 17.705    Cr: 18.5909 )
00000400: 17.2307   (Y': 15.8398   Cb: 17.7403   Cr: 18.5781 )
00000401: 17.2514   (Y': 15.8596   Cb: 17.7665   Cr: 18.5941 )
00000402: 17.1682   (Y': 15.8197   Cb: 17.5937   Cr: 18.5398 )
00000403: 17.2411   (Y': 15.9869   Cb: 17.5191   Cr: 18.6246 )
00000404: 17.2006   (Y': 16.0317   Cb: 17.4249   Cr: 18.4993 )
00000405: 17.4403   (Y': 16.303    Cb: 17.6206   Cr: 18.7402 )
00000406: 17.4469   (Y': 16.2414   Cb: 17.6536   Cr: 18.8343 )
00000407: 17.4605   (Y': 16.156    Cb: 17.7657   Cr: 18.9023 )
00000408: 17.3563   (Y': 16.0788   Cb: 17.5945   Cr: 18.8352 )
00000409: 17.2072   (Y': 15.9969   Cb: 17.4218   Cr: 18.5927 )
00000410: 17.2134   (Y': 15.9611   Cb: 17.4562   Cr: 18.6391 )
00000411: 17.1599   (Y': 15.9427   Cb: 17.3085   Cr: 18.6465 )
00000412: 17.0018   (Y': 15.7781   Cb: 17.1      Cr: 18.5704 )
00000413: 16.8304   (Y': 15.542    Cb: 17.0011   Cr: 18.4218 )
00000414: 16.7095   (Y': 15.3941   Cb: 16.9068   Cr: 18.317  )
00000415: 16.5714   (Y': 15.1782   Cb: 16.8233   Cr: 18.2582 )
00000416: 16.4334   (Y': 15.0397   Cb: 16.6336   Cr: 18.1945 )
00000417: 16.4144   (Y': 14.9755   Cb: 16.7092   Cr: 18.1352 )
00000418: 16.3984   (Y': 15.0707   Cb: 16.5839   Cr: 18.0465 )
00000419: 16.3709   (Y': 15.0902   Cb: 16.4176   Cr: 18.125  )
00000420: 16.3618   (Y': 15.0013   Cb: 16.4758   Cr: 18.1796 )
00000421: 16.288    (Y': 14.9042   Cb: 16.3765   Cr: 18.1928 )
00000422: 16.2342   (Y': 14.8448   Cb: 16.3057   Cr: 18.1772 )
00000423: 16.2116   (Y': 14.829    Cb: 16.2772   Cr: 18.1491 )
00000424: 16.1914   (Y': 14.7841   Cb: 16.3043   Cr: 18.1097 )
00000425: 16.1431   (Y': 14.8106   Cb: 16.2503   Cr: 17.9132 )
00000426: 16.1546   (Y': 14.8325   Cb: 16.269    Cr: 17.893  )
00000427: 16.2967   (Y': 14.906    Cb: 16.4727   Cr: 18.0864 )
00000428: 16.3192   (Y': 14.8599   Cb: 16.5762   Cr: 18.1363 )
00000429: 16.4125   (Y': 14.9125   Cb: 16.7      Cr: 18.2732 )
00000430: 16.4118   (Y': 14.9082   Cb: 16.7058   Cr: 18.2712 )
00000431: 16.4562   (Y': 14.9214   Cb: 16.7233   Cr: 18.4234 )
00000432: 16.4605   (Y': 14.9491   Cb: 16.734    Cr: 18.3665 )
00000433: 16.4113   (Y': 14.933    Cb: 16.7065   Cr: 18.2146 )
00000434: 16.381    (Y': 14.8945   Cb: 16.685    Cr: 18.1891 )
00000435: 16.4518   (Y': 15.0006   Cb: 16.7466   Cr: 18.1983 )
00000436: 16.4627   (Y': 15.0504   Cb: 16.7269   Cr: 18.1715 )
00000437: 16.9478   (Y': 14.9945   Cb: 17.8922   Cr: 18.9717 )
00000438: 17.6727   (Y': 15.7847   Cb: 18.5783   Cr: 19.586  )
00000439: 17.5996   (Y': 15.7512   Cb: 18.511    Cr: 19.4122 )
00000440: 17.3292   (Y': 15.5594   Cb: 18.1746   Cr: 19.0437 )
00000441: 16.7384   (Y': 15.1753   Cb: 17.2365   Cr: 18.4444 )
00000442: 17.1064   (Y': 15.3245   Cb: 17.9047   Cr: 18.9068 )
00000443: 17.0591   (Y': 15.3069   Cb: 17.8113   Cr: 18.8502 )
00000444: 17.1118   (Y': 15.3115   Cb: 17.9309   Cr: 18.9283 )
00000445: 17.0273   (Y': 15.1979   Cb: 17.798    Cr: 18.974  )
00000446: 16.9259   (Y': 15.1275   Cb: 17.6661   Cr: 18.8391 )
00000447: 16.9621   (Y': 15.1451   Cb: 17.682    Cr: 18.9465 )
00000448: 16.9661   (Y': 15.171    Cb: 17.7028   Cr: 18.8758 )
00000449: 16.9598   (Y': 15.1439   Cb: 17.6638   Cr: 18.9626 )
00000450: 16.9676   (Y': 15.1401   Cb: 17.6912   Cr: 18.972  )
00000451: 17.0371   (Y': 15.1473   Cb: 17.782    Cr: 19.1663 )
00000452: 17.203    (Y': 15.2603   Cb: 17.9759   Cr: 19.4295 )
00000453: 17.781    (Y': 15.7095   Cb: 18.754    Cr: 20.0757 )
00000454: 17.9896   (Y': 15.6728   Cb: 19.2575   Cr: 20.599  )
00000455: 16.1684   (Y': 14.543    Cb: 16.509    Cr: 18.2339 )
00000456: 16.1481   (Y': 14.5396   Cb: 16.4903   Cr: 18.1721 )
00000457: 16.1466   (Y': 14.5708   Cb: 16.481    Cr: 18.1074 )
00000458: 16.129    (Y': 14.5502   Cb: 16.5191   Cr: 18.0168 )
00000459: 16.2892   (Y': 14.7083   Cb: 16.7144   Cr: 18.1323 )
00000460: 16.5394   (Y': 14.9477   Cb: 17.0151   Cr: 18.337  )
00000461: 16.7616   (Y': 15.2075   Cb: 17.2565   Cr: 18.453  )
00000462: 16.8007   (Y': 15.2596   Cb: 17.2986   Cr: 18.4607 )
00000463: 16.8164   (Y': 15.327    Cb: 17.2726   Cr: 18.424  )
00000464: 16.8979   (Y': 15.3853   Cb: 17.3643   Cr: 18.5398 )
00000465: 16.9263   (Y': 15.4145   Cb: 17.3593   Cr: 18.6106 )
00000466: 16.7989   (Y': 15.3591   Cb: 17.1528   Cr: 18.4408 )
00000467: 16.5176   (Y': 15.2449   Cb: 16.7363   Cr: 18.0137 )
00000468: 16.3998   (Y': 15.2156   Cb: 16.5551   Cr: 17.8168 )
00000469: 16.1895   (Y': 15.1967   Cb: 16.2141   Cr: 17.4457 )
00000470: 16.1046   (Y': 15.1289   Cb: 16.1331   Cr: 17.3273 )
00000471: 15.8988   (Y': 14.9845   Cb: 15.8744   Cr: 17.0906 )
00000472: 15.807    (Y': 14.9185   Cb: 15.759    Cr: 16.988  )
00000473: 15.5232   (Y': 14.7169   Cb: 15.3786   Cr: 16.7027 )
00000474: 15.4289   (Y': 14.6022   Cb: 15.283    Cr: 16.6428 )
00000475: 15.2337   (Y': 14.4197   Cb: 15.0696   Cr: 16.4525 )
00000476: 15.1623   (Y': 14.3309   Cb: 15.0068   Cr: 16.3971 )
00000477: 14.9531   (Y': 14.1306   Cb: 14.7514   Cr: 16.2376 )
00000478: 14.9039   (Y': 14.0563   Cb: 14.7311   Cr: 16.189  )
00000479: 15.4103   (Y': 14.5199   Cb: 15.4087   Cr: 16.5335 )
00000480: 15.3998   (Y': 14.4928   Cb: 15.4189   Cr: 16.5228 )
00000481: 14.9843   (Y': 14.1681   Cb: 14.9818   Cr: 15.9935 )
00000482: 14.7709   (Y': 13.9829   Cb: 14.7311   Cr: 15.7844 )
00000483: 14.6486   (Y': 13.878    Cb: 14.5756   Cr: 15.6783 )
00000484: 14.606    (Y': 13.8367   Cb: 14.5406   Cr: 15.6241 )
00000485: 14.5776   (Y': 13.8058   Cb: 14.5093   Cr: 15.6033 )
00000486: 14.6004   (Y': 13.8224   Cb: 14.5276   Cr: 15.6414 )
00000487: 14.6174   (Y': 13.8154   Cb: 14.5668   Cr: 15.6662 )
00000488: 14.6419   (Y': 13.8296   Cb: 14.5822   Cr: 15.7183 )
00000489: 14.6983   (Y': 13.8153   Cb: 14.6819   Cr: 15.8293 )
00000490: 14.7089   (Y': 13.8054   Cb: 14.6981   Cr: 15.8653 )
00000491: 14.8056   (Y': 13.8555   Cb: 14.8305   Cr: 15.9909 )
00000492: 14.858    (Y': 13.8735   Cb: 14.8942   Cr: 16.0852 )
00000493: 14.9118   (Y': 13.8922   Cb: 14.9557   Cr: 16.1876 )
00000494: 14.9667   (Y': 13.9498   Cb: 15.0132   Cr: 16.2346 )
00000495: 15.1214   (Y': 14.0511   Cb: 15.1903   Cr: 16.4508 )
00000496: 15.1813   (Y': 14.0896   Cb: 15.2577   Cr: 16.5384 )
00000497: 15.288    (Y': 14.1435   Cb: 15.3853   Cr: 16.7108 )
00000498: 15.3418   (Y': 14.2046   Cb: 15.4064   Cr: 16.7963 )
00000499: 15.4171   (Y': 14.2601   Cb: 15.4874   Cr: 16.8996 )
00000500: 15.4694   (Y': 14.2721   Cb: 15.559    Cr: 16.9999 )
00000501: 15.5413   (Y': 14.3104   Cb: 15.6286   Cr: 17.1389 )
00000502: 16.0448   (Y': 14.8175   Cb: 16.3021   Cr: 17.406  )
00000503: 16.156    (Y': 14.8688   Cb: 16.4732   Cr: 17.5501 )
00000504: 16.2181   (Y': 14.8992   Cb: 16.5412   Cr: 17.6638 )
00000505: 16.3272   (Y': 14.9677   Cb: 16.6759   Cr: 17.8173 )
00000506: 16.3739   (Y': 14.9664   Cb: 16.7945   Cr: 17.8641 )
00000507: 16.4623   (Y': 14.9679   Cb: 16.9475   Cr: 18.0423 )
00000508: 16.4896   (Y': 14.9718   Cb: 16.9834   Cr: 18.1065 )
00000509: 16.5138   (Y': 14.9834   Cb: 17.0117   Cr: 18.1514 )
00000510: 16.5152   (Y': 14.9583   Cb: 17.0338   Cr: 18.1812 )
00000511: 16.5131   (Y': 14.9537   Cb: 17.0317   Cr: 18.1846 )
00000512: 16.4752   (Y': 14.9183   Cb: 16.9969   Cr: 18.137  )
00000513: 16.4029   (Y': 14.8948   Cb: 16.9024   Cr: 17.9927 )
00000514: 16.3617   (Y': 14.8976   Cb: 16.7992   Cr: 17.9425 )
00000516: 16.3425   (Y': 14.9328   Cb: 16.7719   Cr: 17.8258 )
00000515: 16.3651   (Y': 14.9258   Cb: 16.7869   Cr: 17.9162 )
00000517: 16.3454   (Y': 14.9501   Cb: 16.7537   Cr: 17.8278 )
00000518: 16.3333   (Y': 14.9178   Cb: 16.7214   Cr: 17.8812 )
00000519: 16.3155   (Y': 14.9161   Cb: 16.7222   Cr: 17.8078 )
00000520: 16.3003   (Y': 14.93     Cb: 16.6588   Cr: 17.7985 )
00000521: 16.2664   (Y': 14.9236   Cb: 16.6024   Cr: 17.7408 )
00000522: 16.2408   (Y': 14.928    Cb: 16.5335   Cr: 17.7147 )
00000524: 16.2263   (Y': 14.9246   Cb: 16.4732   Cr: 17.7395 )
00000523: 16.209    (Y': 14.9149   Cb: 16.4467   Cr: 17.7201 )
00000525: 16.1558   (Y': 14.9046   Cb: 16.3646   Cr: 17.6248 )
00000526: 16.0812   (Y': 14.8744   Cb: 16.2468   Cr: 17.5255 )
00000527: 16.0149   (Y': 14.8575   Cb: 16.1409   Cr: 17.4221 )
00000528: 16.0388   (Y': 14.9065   Cb: 16.1514   Cr: 17.4192 )
00000529: 16.0154   (Y': 14.899    Cb: 16.1043   Cr: 17.3994 )
00000530: 15.9893   (Y': 14.8673   Cb: 16.0733   Cr: 17.3898 )
00000532: 15.9569   (Y': 14.8983   Cb: 16.0043   Cr: 17.2951 )
00000531: 15.9571   (Y': 14.8888   Cb: 15.9927   Cr: 17.3279 )
00000533: 15.8757   (Y': 14.9019   Cb: 15.8572   Cr: 17.1579 )
00000534: 15.8593   (Y': 14.9135   Cb: 15.8176   Cr: 17.126  )
00000535: 15.796    (Y': 14.9515   Cb: 15.7022   Cr: 16.9679 )
00000536: 15.7661   (Y': 14.9279   Cb: 15.6759   Cr: 16.9231 )
00000537: 15.7129   (Y': 14.9232   Cb: 15.5844   Cr: 16.845  )
00000538: 15.6692   (Y': 14.8648   Cb: 15.5427   Cr: 16.8216 )
00000539: 15.6188   (Y': 14.788    Cb: 15.487    Cr: 16.8199 )
00000540: 15.607    (Y': 14.7647   Cb: 15.4722   Cr: 16.8307 )
00000541: 15.5204   (Y': 14.7111   Cb: 15.3531   Cr: 16.7357 )
00000542: 15.4257   (Y': 14.6279   Cb: 15.2291   Cr: 16.6631 )
00000543: 15.183    (Y': 14.4397   Cb: 14.9394   Cr: 16.3999 )
00000544: 15.0155   (Y': 14.3313   Cb: 14.6988   Cr: 16.2434 )
00000545: 14.5926   (Y': 13.9793   Cb: 14.1753   Cr: 15.8568 )
00000546: 14.5319   (Y': 13.9033   Cb: 14.1065   Cr: 15.8318 )
00000548: 14.4717   (Y': 13.8589   Cb: 14.0381   Cr: 15.7593 )
00000547: 14.5045   (Y': 13.8693   Cb: 14.0807   Cr: 15.8122 )
00000549: 14.4862   (Y': 13.8836   Cb: 14.0476   Cr: 15.7655 )
00000550: 14.5176   (Y': 13.9281   Cb: 14.0741   Cr: 15.7838 )
00000551: 14.4852   (Y': 13.897    Cb: 14.0283   Cr: 15.7694 )
00000552: 14.4881   (Y': 13.876    Cb: 14.046    Cr: 15.787  )
00000553: 14.5093   (Y': 13.9273   Cb: 14.0689   Cr: 15.7593 )
00000554: 14.5316   (Y': 13.9268   Cb: 14.0955   Cr: 15.8104 )
00000555: 14.5243   (Y': 13.8981   Cb: 14.0913   Cr: 15.8319 )
00000556: 14.5193   (Y': 13.8936   Cb: 14.0787   Cr: 15.8374 )
00000557: 14.5972   (Y': 13.9893   Cb: 14.1586   Cr: 15.8846 )
00000558: 14.7218   (Y': 14.086    Cb: 14.3167   Cr: 16.0026 )
00000559: 14.9913   (Y': 14.2962   Cb: 14.6613   Cr: 16.2552 )
00000560: 15.0904   (Y': 14.3597   Cb: 14.792    Cr: 16.3651 )
00000561: 15.255    (Y': 14.5056   Cb: 14.9836   Cr: 16.521  )
00000562: 15.3612   (Y': 14.6109   Cb: 15.1096   Cr: 16.6002 )
00000563: 15.5167   (Y': 14.7129   Cb: 15.3022   Cr: 16.7888 )
00000564: 15.591    (Y': 14.7776   Cb: 15.3945   Cr: 16.8534 )
00000565: 15.7492   (Y': 14.95     Cb: 15.5507   Cr: 16.9916 )
00000566: 15.8412   (Y': 14.9948   Cb: 15.6949   Cr: 17.0874 )
00000567: 15.9889   (Y': 15.0489   Cb: 15.9284   Cr: 17.2713 )
00000568: 16.0729   (Y': 15.0621   Cb: 16.0678   Cr: 17.3995 )
00000569: 16.1821   (Y': 14.9931   Cb: 16.2976   Cr: 17.6615 )
00000570: 16.2587   (Y': 15.0414   Cb: 16.4087   Cr: 17.7435 )
00000571: 16.3868   (Y': 15.1159   Cb: 16.5948   Cr: 17.8938 )
00000572: 16.3958   (Y': 15.0792   Cb: 16.6636   Cr: 17.9099 )
00000573: 16.478    (Y': 15.1457   Cb: 16.7724   Cr: 17.9869 )
00000574: 16.5391   (Y': 15.2107   Cb: 16.825    Cr: 18.0519 )
00000575: 16.6477   (Y': 15.2795   Cb: 16.9574   Cr: 18.2059 )
00000576: 16.698    (Y': 15.3714   Cb: 16.9827   Cr: 18.2088 )
00000577: 16.8025   (Y': 15.4228   Cb: 17.1548   Cr: 18.327  )
00000578: 16.825    (Y': 15.4177   Cb: 17.2014   Cr: 18.372  )
00000580: 16.9839   (Y': 15.5873   Cb: 17.3969   Cr: 18.4625 )
00000579: 16.9412   (Y': 15.5178   Cb: 17.3569   Cr: 18.4692 )
00000581: 17.0117   (Y': 15.5357   Cb: 17.441    Cr: 18.6273 )
00000582: 17.0739   (Y': 15.5661   Cb: 17.5524   Cr: 18.6904 )
00000583: 17.1291   (Y': 15.5798   Cb: 17.623    Cr: 18.8115 )
00000584: 17.0899   (Y': 15.6163   Cb: 17.495    Cr: 18.7327 )
Total: 16.7758   (Y': 15.2883   Cb: 17.2272   Cr: 18.3856 )
