00000000: 12.7782   (Y': 11.0876   Cb: 12.9254   Cr: 15.3166 )
00000001: 12.7618   (Y': 11.0604   Cb: 12.9163   Cr: 15.3161 )
00000002: 12.7582   (Y': 11.0713   Cb: 12.8864   Cr: 15.3199 )
00000003: 12.7682   (Y': 11.0906   Cb: 12.9086   Cr: 15.2838 )
00000005: 12.7102   (Y': 11.0475   Cb: 12.834    Cr: 15.2156 )
00000004: 12.7464   (Y': 11.0599   Cb: 12.894    Cr: 15.2732 )
00000007: 12.7055   (Y': 11.045    Cb: 12.8213   Cr: 15.2193 )
00000006: 12.7018   (Y': 11.0201   Cb: 12.8365   Cr: 15.2382 )
00000008: 12.6946   (Y': 11.0528   Cb: 12.7918   Cr: 15.1918 )
00000009: 12.6823   (Y': 11.0804   Cb: 12.7651   Cr: 15.1018 )
00000010: 12.6807   (Y': 11.0726   Cb: 12.7616   Cr: 15.1196 )
00000011: 12.6677   (Y': 11.0839   Cb: 12.7321   Cr: 15.0732 )
00000012: 12.6527   (Y': 11.0802   Cb: 12.7057   Cr: 15.0501 )
00000013: 12.6553   (Y': 11.1198   Cb: 12.6789   Cr: 15.0116 )
00000014: 12.6601   (Y': 11.1333   Cb: 12.6961   Cr: 14.9738 )
00000015: 12.6676   (Y': 11.1637   Cb: 12.6672   Cr: 14.9879 )
00000016: 12.6832   (Y': 11.1947   Cb: 12.6692   Cr: 14.9895 )
00000017: 12.6512   (Y': 11.1894   Cb: 12.6215   Cr: 14.9209 )
00000018: 12.6601   (Y': 11.1971   Cb: 12.6287   Cr: 14.9357 )
00000019: 12.6584   (Y': 11.2159   Cb: 12.6222   Cr: 14.8936 )
00000020: 12.6394   (Y': 11.2113   Cb: 12.5852   Cr: 14.8717 )
00000021: 12.6444   (Y': 11.2326   Cb: 12.5708   Cr: 14.8718 )
00000022: 12.625    (Y': 11.2461   Cb: 12.5174   Cr: 14.8347 )
00000023: 12.6581   (Y': 11.3021   Cb: 12.5288   Cr: 14.8526 )
00000024: 12.6516   (Y': 11.3217   Cb: 12.5177   Cr: 14.7957 )
00000026: 12.6645   (Y': 11.3844   Cb: 12.495    Cr: 14.7586 )
00000025: 12.6525   (Y': 11.3481   Cb: 12.5149   Cr: 14.7462 )
00000027: 12.6671   (Y': 11.3854   Cb: 12.5151   Cr: 14.7353 )
00000028: 12.6871   (Y': 11.3775   Cb: 12.5699   Cr: 14.7585 )
00000029: 12.6932   (Y': 11.4005   Cb: 12.5589   Cr: 14.7558 )
00000030: 12.6948   (Y': 11.4219   Cb: 12.5315   Cr: 14.763  )
00000031: 12.7096   (Y': 11.4077   Cb: 12.6011   Cr: 14.7495 )
00000032: 12.7105   (Y': 11.3979   Cb: 12.631    Cr: 14.7266 )
00000033: 12.705    (Y': 11.3677   Cb: 12.6175   Cr: 14.7877 )
00000034: 12.7044   (Y': 11.3415   Cb: 12.6677   Cr: 14.7605 )
00000035: 12.7139   (Y': 11.3295   Cb: 12.7025   Cr: 14.7766 )
00000036: 12.7418   (Y': 11.3716   Cb: 12.7156   Cr: 14.797  )
00000037: 12.7287   (Y': 11.3672   Cb: 12.6993   Cr: 14.7698 )
00000038: 12.7452   (Y': 11.3596   Cb: 12.7367   Cr: 14.8057 )
00000040: 12.7351   (Y': 11.3796   Cb: 12.7284   Cr: 14.7269 )
00000039: 12.7392   (Y': 11.3735   Cb: 12.7155   Cr: 14.7803 )
00000041: 12.7601   (Y': 11.4406   Cb: 12.7504   Cr: 14.6796 )
00000044: 12.8098   (Y': 11.4868   Cb: 12.8132   Cr: 14.7163 )
00000042: 12.7699   (Y': 11.4308   Cb: 12.7869   Cr: 14.6897 )
00000043: 12.7966   (Y': 11.4802   Cb: 12.7865   Cr: 14.7104 )
00000045: 12.8003   (Y': 11.4614   Cb: 12.8263   Cr: 14.7056 )
00000046: 12.8067   (Y': 11.4472   Cb: 12.8532   Cr: 14.724  )
00000047: 12.8132   (Y': 11.4505   Cb: 12.855    Cr: 14.7447 )
00000048: 12.8078   (Y': 11.4444   Cb: 12.8654   Cr: 14.7165 )
00000049: 12.7796   (Y': 11.4625   Cb: 12.8084   Cr: 14.635  )
00000050: 12.7942   (Y': 11.4767   Cb: 12.7862   Cr: 14.7071 )
00000051: 12.8093   (Y': 11.5149   Cb: 12.7667   Cr: 14.7276 )
00000052: 12.8213   (Y': 11.5377   Cb: 12.7814   Cr: 14.7132 )
00000053: 12.8227   (Y': 11.5671   Cb: 12.7518   Cr: 14.7053 )
00000054: 12.8178   (Y': 11.5724   Cb: 12.746    Cr: 14.6807 )
00000055: 12.8211   (Y': 11.5843   Cb: 12.7446   Cr: 14.6736 )
00000056: 12.8      (Y': 11.5794   Cb: 12.7291   Cr: 14.6113 )
00000057: 12.8022   (Y': 11.561    Cb: 12.7305   Cr: 14.6561 )
00000059: 12.8455   (Y': 11.6464   Cb: 12.7656   Cr: 14.6273 )
00000058: 12.8084   (Y': 11.6012   Cb: 12.728    Cr: 14.6074 )
00000062: 13.0131   (Y': 11.8015   Cb: 12.982    Cr: 14.7459 )
00000060: 12.8968   (Y': 11.6864   Cb: 12.8371   Cr: 14.6703 )
00000061: 12.9496   (Y': 11.7422   Cb: 12.8811   Cr: 14.7303 )
00000063: 13.0768   (Y': 11.8775   Cb: 13.0421   Cr: 14.7907 )
00000064: 13.1001   (Y': 11.9195   Cb: 13.0578   Cr: 14.7887 )
00000065: 13.1434   (Y': 11.9672   Cb: 13.0851   Cr: 14.8475 )
00000067: 13.2245   (Y': 12.0926   Cb: 13.1109   Cr: 14.9267 )
00000066: 13.157    (Y': 12.0058   Cb: 13.0924   Cr: 14.8222 )
00000068: 13.2459   (Y': 12.1039   Cb: 13.1385   Cr: 14.9583 )
00000070: 13.2226   (Y': 12.1304   Cb: 13.0702   Cr: 14.908  )
00000069: 13.232    (Y': 12.1108   Cb: 13.0922   Cr: 14.9534 )
00000072: 13.2032   (Y': 12.1237   Cb: 13.0391   Cr: 14.8825 )
00000071: 13.2207   (Y': 12.135    Cb: 13.069    Cr: 14.8925 )
00000073: 13.1436   (Y': 12.0824   Cb: 12.9394   Cr: 14.8501 )
00000074: 13.1451   (Y': 12.1196   Cb: 12.9462   Cr: 14.7769 )
00000075: 13.1312   (Y': 12.1398   Cb: 12.9099   Cr: 14.7347 )
00000076: 13.1165   (Y': 12.1101   Cb: 12.8923   Cr: 14.7517 )
00000078: 13.1297   (Y': 12.2      Cb: 12.8447   Cr: 14.7196 )
00000077: 13.1165   (Y': 12.1765   Cb: 12.8613   Cr: 14.6791 )
00000079: 13.1526   (Y': 12.3107   Cb: 12.8021   Cr: 14.6891 )
00000080: 13.0644   (Y': 12.2789   Cb: 12.6769   Cr: 14.5616 )
00000081: 13.0198   (Y': 12.3151   Cb: 12.5806   Cr: 14.4623 )
00000082: 12.933    (Y': 12.2804   Cb: 12.4607   Cr: 14.3417 )
00000083: 12.884    (Y': 12.2548   Cb: 12.3881   Cr: 14.2918 )
00000084: 12.8768   (Y': 12.2079   Cb: 12.4297   Cr: 14.2731 )
00000085: 12.8872   (Y': 12.2097   Cb: 12.4462   Cr: 14.288  )
00000086: 12.942    (Y': 12.2833   Cb: 12.4648   Cr: 14.3681 )
00000087: 12.8707   (Y': 12.1946   Cb: 12.3669   Cr: 14.3668 )
00000088: 12.9247   (Y': 12.2797   Cb: 12.4002   Cr: 14.4027 )
00000089: 12.7902   (Y': 12.2112   Cb: 12.1909   Cr: 14.2813 )
00000090: 12.8139   (Y': 12.2613   Cb: 12.1878   Cr: 14.3063 )
00000091: 12.7511   (Y': 12.2017   Cb: 12.1132   Cr: 14.2573 )
00000092: 12.7406   (Y': 12.2414   Cb: 12.0656   Cr: 14.2278 )
00000093: 12.6065   (Y': 12.0127   Cb: 11.9763   Cr: 14.1721 )
00000094: 12.5909   (Y': 11.9833   Cb: 11.9466   Cr: 14.2031 )
00000095: 12.5918   (Y': 11.9117   Cb: 11.9755   Cr: 14.2795 )
00000096: 12.6856   (Y': 11.9679   Cb: 12.094    Cr: 14.3963 )
00000097: 12.7148   (Y': 11.9175   Cb: 12.1964   Cr: 14.4432 )
00000098: 12.6661   (Y': 11.816    Cb: 12.1737   Cr: 14.4461 )
00000099: 12.6779   (Y': 11.8902   Cb: 12.137    Cr: 14.4267 )
00000100: 12.6943   (Y': 11.895    Cb: 12.1622   Cr: 14.4493 )
00000102: 12.7132   (Y': 11.8859   Cb: 12.2137   Cr: 14.4638 )
00000101: 12.6911   (Y': 11.8132   Cb: 12.2088   Cr: 14.5057 )
00000103: 12.6485   (Y': 11.6112   Cb: 12.2716   Cr: 14.5899 )
00000104: 12.6873   (Y': 11.6423   Cb: 12.3323   Cr: 14.6067 )
00000105: 12.6451   (Y': 11.5391   Cb: 12.3287   Cr: 14.6216 )
00000106: 12.6307   (Y': 11.4918   Cb: 12.3251   Cr: 14.6563 )
00000107: 12.6566   (Y': 11.5033   Cb: 12.3909   Cr: 14.6445 )
00000108: 12.6418   (Y': 11.4865   Cb: 12.3537   Cr: 14.6715 )
00000109: 12.7153   (Y': 11.6083   Cb: 12.3945   Cr: 14.7013 )
00000110: 12.7353   (Y': 11.6174   Cb: 12.4393   Cr: 14.7015 )
00000111: 12.7545   (Y': 11.6381   Cb: 12.4689   Cr: 14.7    )
00000112: 12.8234   (Y': 11.7217   Cb: 12.5027   Cr: 14.7982 )
00000113: 12.9215   (Y': 11.8381   Cb: 12.619    Cr: 14.8293 )
00000114: 13.0411   (Y': 12.0479   Cb: 12.6775   Cr: 14.8739 )
00000115: 13.1752   (Y': 12.2289   Cb: 12.7879   Cr: 14.9583 )
00000116: 13.2124   (Y': 12.194    Cb: 12.8813   Cr: 15.04   )
00000117: 13.274    (Y': 12.2489   Cb: 12.9617   Cr: 15.0835 )
00000118: 13.2423   (Y': 12.2256   Cb: 12.9288   Cr: 15.0376 )
00000120: 13.2911   (Y': 12.3244   Cb: 12.9421   Cr: 15.0498 )
00000119: 13.2799   (Y': 12.2458   Cb: 12.9921   Cr: 15.067  )
00000121: 13.3304   (Y': 12.4439   Cb: 12.9173   Cr: 15.0451 )
00000122: 13.3283   (Y': 12.4152   Cb: 12.9208   Cr: 15.0829 )
00000123: 13.2847   (Y': 12.3445   Cb: 12.8952   Cr: 15.0598 )
00000125: 13.3752   (Y': 12.4662   Cb: 12.9541   Cr: 15.1447 )
00000124: 13.2843   (Y': 12.3049   Cb: 12.9311   Cr: 15.0737 )
00000126: 13.372    (Y': 12.4068   Cb: 12.9928   Cr: 15.1771 )
00000127: 13.3604   (Y': 12.3609   Cb: 13.0176   Cr: 15.171  )
00000128: 13.3736   (Y': 12.3618   Cb: 13.0599   Cr: 15.1598 )
00000129: 13.3184   (Y': 12.3518   Cb: 12.9602   Cr: 15.092  )
00000130: 13.309    (Y': 12.3941   Cb: 12.9028   Cr: 15.0648 )
00000131: 13.4039   (Y': 12.481    Cb: 12.9816   Cr: 15.2013 )
00000132: 13.3806   (Y': 12.4211   Cb: 13.01     Cr: 15.1613 )
00000133: 13.3799   (Y': 12.4194   Cb: 13.0153   Cr: 15.1523 )
00000134: 13.305    (Y': 12.3596   Cb: 12.8958   Cr: 15.1228 )
00000136: 13.2887   (Y': 12.2099   Cb: 12.9519   Cr: 15.2448 )
00000135: 13.3424   (Y': 12.3282   Cb: 13.0035   Cr: 15.1748 )
00000137: 13.2989   (Y': 12.0627   Cb: 13.0842   Cr: 15.3749 )
00000138: 13.2134   (Y': 11.9161   Cb: 13.0269   Cr: 15.3744 )
00000139: 13.1779   (Y': 11.8308   Cb: 13.0538   Cr: 15.3434 )
00000142: 13.0808   (Y': 11.6533   Cb: 12.9942   Cr: 15.3673 )
00000140: 13.1878   (Y': 11.8332   Cb: 13.0426   Cr: 15.4064 )
00000141: 13.1394   (Y': 11.756    Cb: 13.0072   Cr: 15.4017 )
00000143: 13.0466   (Y': 11.4496   Cb: 13.1053   Cr: 15.4956 )
00000145: 13.1111   (Y': 11.4409   Cb: 13.2058   Cr: 15.6873 )
00000146: 13.1156   (Y': 11.4546   Cb: 13.2187   Cr: 15.6527 )
00000144: 13.0796   (Y': 11.4626   Cb: 13.1481   Cr: 15.5626 )
00000147: 13.1754   (Y': 11.4864   Cb: 13.2934   Cr: 15.7603 )
00000150: 13.2127   (Y': 11.4647   Cb: 13.4156   Cr: 15.8085 )
00000148: 13.1533   (Y': 11.4562   Cb: 13.2793   Cr: 15.7458 )
00000149: 13.2295   (Y': 11.4947   Cb: 13.4064   Cr: 15.8343 )
00000151: 13.1944   (Y': 11.4542   Cb: 13.3743   Cr: 15.8087 )
00000153: 13.2538   (Y': 11.5127   Cb: 13.4437   Cr: 15.8533 )
00000152: 13.2309   (Y': 11.5133   Cb: 13.3955   Cr: 15.8108 )
00000154: 13.3031   (Y': 11.5319   Cb: 13.5314   Cr: 15.9182 )
00000155: 13.1615   (Y': 11.4235   Cb: 13.3669   Cr: 15.726  )
00000157: 13.0403   (Y': 11.359    Cb: 13.2934   Cr: 15.3772 )
00000158: 13.0601   (Y': 11.3675   Cb: 13.3011   Cr: 15.4455 )
00000159: 13.1574   (Y': 11.4819   Cb: 13.4088   Cr: 15.4822 )
00000156: 13.1129   (Y': 11.43     Cb: 13.3041   Cr: 15.5557 )
00000161: 13.2637   (Y': 11.486    Cb: 13.546    Cr: 15.8041 )
00000162: 13.3664   (Y': 11.5646   Cb: 13.6568   Cr: 15.959  )
00000160: 13.207    (Y': 11.4783   Cb: 13.4698   Cr: 15.6501 )
00000163: 13.3046   (Y': 11.5393   Cb: 13.5779   Cr: 15.8268 )
00000164: 13.3002   (Y': 11.5517   Cb: 13.5778   Cr: 15.7704 )
00000165: 13.2255   (Y': 11.5298   Cb: 13.4816   Cr: 15.5942 )
00000166: 13.1741   (Y': 11.4954   Cb: 13.4055   Cr: 15.5398 )
00000167: 13.1194   (Y': 11.5071   Cb: 13.2865   Cr: 15.4241 )
00000168: 13.1978   (Y': 11.5792   Cb: 13.3941   Cr: 15.4704 )
00000169: 13.2907   (Y': 11.6696   Cb: 13.4577   Cr: 15.6171 )
00000170: 13.2656   (Y': 11.7013   Cb: 13.3655   Cr: 15.5635 )
00000171: 13.2026   (Y': 11.7683   Cb: 13.1821   Cr: 15.3925 )
00000172: 13.1015   (Y': 11.7849   Cb: 13.0122   Cr: 15.1421 )
00000173: 13.0296   (Y': 11.7847   Cb: 12.923    Cr: 14.946  )
00000174: 13.0717   (Y': 11.852    Cb: 12.9476   Cr: 14.9643 )
00000175: 13.0572   (Y': 11.8609   Cb: 12.8926   Cr: 14.9667 )
00000177: 13.2042   (Y': 12.0067   Cb: 13.0144   Cr: 15.157  )
00000178: 13.1811   (Y': 11.9222   Cb: 13.0077   Cr: 15.2359 )
00000176: 13.1102   (Y': 11.9367   Cb: 12.9392   Cr: 14.9837 )
00000179: 13.1676   (Y': 11.8416   Cb: 13.0746   Cr: 15.2349 )
00000181: 13.2344   (Y': 11.8824   Cb: 13.1606   Cr: 15.3269 )
00000180: 13.1157   (Y': 11.7295   Cb: 13.0598   Cr: 15.2549 )
00000183: 13.4692   (Y': 12.0931   Cb: 13.3717   Cr: 15.6555 )
00000182: 13.3197   (Y': 11.9796   Cb: 13.2409   Cr: 15.3941 )
00000184: 13.5337   (Y': 12.1597   Cb: 13.4184   Cr: 15.7454 )
00000185: 13.5155   (Y': 12.1094   Cb: 13.4304   Cr: 15.749  )
00000186: 13.5284   (Y': 12.1192   Cb: 13.4404   Cr: 15.7744 )
00000187: 13.5434   (Y': 12.1582   Cb: 13.4428   Cr: 15.7553 )
00000189: 13.5893   (Y': 12.1639   Cb: 13.5014   Cr: 15.873  )
00000188: 13.5349   (Y': 12.1482   Cb: 13.4187   Cr: 15.7772 )
00000190: 13.5676   (Y': 12.1417   Cb: 13.4743   Cr: 15.8615 )
00000191: 13.6148   (Y': 12.2964   Cb: 13.4626   Cr: 15.764  )
00000192: 13.6187   (Y': 12.2467   Cb: 13.5076   Cr: 15.8188 )
00000193: 13.707    (Y': 12.3943   Cb: 13.5506   Cr: 15.8509 )
00000195: 13.6024   (Y': 12.156    Cb: 13.5079   Cr: 15.9475 )
00000194: 13.6832   (Y': 12.3024   Cb: 13.56     Cr: 15.9238 )
00000197: 13.5517   (Y': 12.0437   Cb: 13.5001   Cr: 15.9707 )
00000196: 13.554    (Y': 12.0898   Cb: 13.4739   Cr: 15.9161 )
00000198: 13.62     (Y': 12.1137   Cb: 13.5682   Cr: 16.0354 )
00000200: 13.5977   (Y': 12.109    Cb: 13.5791   Cr: 15.9123 )
00000199: 13.6129   (Y': 12.1015   Cb: 13.5933   Cr: 15.9841 )
00000201: 13.5487   (Y': 12.0396   Cb: 13.5507   Cr: 15.8772 )
00000203: 13.3392   (Y': 11.9674   Cb: 13.2103   Cr: 15.5692 )
00000202: 13.3873   (Y': 12.0162   Cb: 13.2558   Cr: 15.6199 )
00000205: 13.4294   (Y': 12.0358   Cb: 13.266    Cr: 15.7701 )
00000204: 13.4143   (Y': 12.0163   Cb: 13.2795   Cr: 15.7151 )
00000206: 13.4337   (Y': 11.9899   Cb: 13.3676   Cr: 15.7231 )
00000208: 13.3608   (Y': 11.9381   Cb: 13.296    Cr: 15.5986 )
00000207: 13.3967   (Y': 11.9641   Cb: 13.3531   Cr: 15.6212 )
00000209: 13.2688   (Y': 11.849    Cb: 13.2168   Cr: 15.4783 )
00000210: 13.2037   (Y': 11.8301   Cb: 13.1459   Cr: 15.3178 )
00000211: 13.1824   (Y': 11.7887   Cb: 13.124    Cr: 15.3426 )
00000212: 12.9461   (Y': 11.4115   Cb: 13.0393   Cr: 15.1834 )
00000213: 12.8645   (Y': 11.2837   Cb: 12.9936   Cr: 15.1543 )
00000215: 12.8351   (Y': 11.2154   Cb: 13.0786   Cr: 15.0355 )
00000214: 12.8046   (Y': 11.1976   Cb: 13.0106   Cr: 15.0335 )
00000216: 12.9396   (Y': 11.3037   Cb: 13.1701   Cr: 15.2    )
00000217: 12.9616   (Y': 11.316    Cb: 13.1918   Cr: 15.2464 )
00000218: 12.8961   (Y': 11.2708   Cb: 13.1343   Cr: 15.1185 )
00000219: 12.8765   (Y': 11.2615   Cb: 13.0966   Cr: 15.1023 )
00000220: 12.8376   (Y': 11.2596   Cb: 13.0387   Cr: 15.0048 )
00000222: 12.8898   (Y': 11.3565   Cb: 13.06     Cr: 15.001  )
00000221: 12.8424   (Y': 11.2812   Cb: 13.036    Cr: 14.9817 )
00000223: 12.8779   (Y': 11.3462   Cb: 13.0481   Cr: 14.985  )
00000224: 12.8719   (Y': 11.3193   Cb: 13.0821   Cr: 14.9657 )
00000225: 12.8307   (Y': 11.2893   Cb: 13.0229   Cr: 14.9261 )
00000226: 12.7955   (Y': 11.3046   Cb: 12.9262   Cr: 14.8709 )
00000227: 12.7488   (Y': 11.2724   Cb: 12.9209   Cr: 14.7279 )
00000228: 12.5501   (Y': 11.1428   Cb: 12.617    Cr: 14.5387 )
00000229: 12.5009   (Y': 11.064    Cb: 12.625    Cr: 14.4663 )
00000230: 12.5168   (Y': 11.1271   Cb: 12.6022   Cr: 14.4387 )
00000231: 12.6225   (Y': 11.2468   Cb: 12.6768   Cr: 14.5626 )
00000232: 12.7095   (Y': 11.3246   Cb: 12.7172   Cr: 14.7426 )
00000233: 12.7363   (Y': 11.3352   Cb: 12.735    Cr: 14.8197 )
00000234: 12.7537   (Y': 11.3487   Cb: 12.7249   Cr: 14.8904 )
00000235: 12.7018   (Y': 11.2275   Cb: 12.7321   Cr: 14.9004 )
00000237: 12.8077   (Y': 11.3824   Cb: 12.7722   Cr: 15.002  )
00000236: 12.7363   (Y': 11.2537   Cb: 12.7642   Cr: 14.9585 )
00000238: 13.1063   (Y': 11.7258   Cb: 12.972    Cr: 15.3653 )
00000240: 13.2654   (Y': 11.8624   Cb: 13.1979   Cr: 15.4623 )
00000239: 13.1309   (Y': 11.8235   Cb: 12.9505   Cr: 15.304  )
00000241: 13.2169   (Y': 11.7506   Cb: 13.202    Cr: 15.4722 )
00000242: 13.2389   (Y': 11.7915   Cb: 13.2035   Cr: 15.4845 )
00000243: 13.3002   (Y': 11.8844   Cb: 13.2432   Cr: 15.5089 )
00000244: 13.4681   (Y': 12.1451   Cb: 13.3678   Cr: 15.5404 )
00000245: 13.4459   (Y': 12.1651   Cb: 13.3017   Cr: 15.4993 )
00000246: 13.4643   (Y': 12.2761   Cb: 13.2669   Cr: 15.4108 )
00000247: 13.4048   (Y': 12.1823   Cb: 13.2537   Cr: 15.3462 )
00000248: 13.503    (Y': 12.3966   Cb: 13.2461   Cr: 15.3811 )
00000249: 13.5951   (Y': 12.5374   Cb: 13.3336   Cr: 15.3853 )
00000250: 13.5753   (Y': 12.5745   Cb: 13.2894   Cr: 15.2966 )
00000251: 13.5778   (Y': 12.5257   Cb: 13.3388   Cr: 15.3217 )
00000252: 13.5776   (Y': 12.5914   Cb: 13.2943   Cr: 15.2676 )
00000253: 13.6921   (Y': 12.6979   Cb: 13.4381   Cr: 15.351  )
00000254: 13.5675   (Y': 12.6816   Cb: 13.2289   Cr: 15.1625 )
00000256: 13.4561   (Y': 12.6223   Cb: 13.1269   Cr: 14.9461 )
00000255: 13.564    (Y': 12.6529   Cb: 13.2598   Cr: 15.1504 )
00000257: 13.3874   (Y': 12.5429   Cb: 13.0573   Cr: 14.8971 )
00000258: 13.2528   (Y': 12.2246   Cb: 13.0699   Cr: 14.8654 )
00000259: 13.1723   (Y': 12.1258   Cb: 13.0163   Cr: 14.7778 )
00000260: 13.3341   (Y': 12.4419   Cb: 13.1016   Cr: 14.7793 )
00000261: 13.3043   (Y': 12.3247   Cb: 13.1103   Cr: 14.8453 )
00000262: 13.2513   (Y': 12.229    Cb: 13.0807   Cr: 14.8344 )
00000263: 13.2447   (Y': 12.1483   Cb: 13.164    Cr: 14.8307 )
00000264: 13.0576   (Y': 11.7765   Cb: 13.1438   Cr: 14.7546 )
00000265: 13.0547   (Y': 11.7947   Cb: 13.1383   Cr: 14.7137 )
00000266: 13.1132   (Y': 11.7612   Cb: 13.2583   Cr: 14.8678 )
00000267: 13.1488   (Y': 11.8071   Cb: 13.2624   Cr: 14.9281 )
00000268: 13.1056   (Y': 11.6987   Cb: 13.2687   Cr: 14.9478 )
00000269: 13.086    (Y': 11.6715   Cb: 13.1654   Cr: 15.0713 )
00000270: 13.0956   (Y': 11.6491   Cb: 13.149    Cr: 15.193  )
00000271: 13.1693   (Y': 11.7816   Cb: 13.1765   Cr: 15.2094 )
00000272: 13.1518   (Y': 11.7706   Cb: 13.1576   Cr: 15.1797 )
00000273: 13.1724   (Y': 11.7977   Cb: 13.1711   Cr: 15.1975 )
00000274: 13.1789   (Y': 11.883    Cb: 13.0638   Cr: 15.2171 )
00000275: 13.2103   (Y': 11.9284   Cb: 13.056    Cr: 15.2832 )
00000276: 13.2286   (Y': 12.0037   Cb: 12.9938   Cr: 15.3145 )
00000278: 13.261    (Y': 12.0267   Cb: 13.0844   Cr: 15.2691 )
00000277: 13.2299   (Y': 11.9644   Cb: 13.0241   Cr: 15.354  )
00000279: 13.3851   (Y': 12.2742   Cb: 13.0903   Cr: 15.3351 )
00000280: 13.7243   (Y': 12.6641   Cb: 13.3645   Cr: 15.6818 )
00000281: 13.8288   (Y': 12.8008   Cb: 13.4218   Cr: 15.8031 )
00000282: 13.7827   (Y': 12.7558   Cb: 13.3889   Cr: 15.7321 )
00000283: 13.7671   (Y': 12.7566   Cb: 13.3571   Cr: 15.7123 )
00000284: 13.6108   (Y': 12.5171   Cb: 13.3018   Cr: 15.5498 )
00000286: 13.3487   (Y': 11.9888   Cb: 13.242    Cr: 15.514  )
00000285: 13.4719   (Y': 12.1968   Cb: 13.3117   Cr: 15.5399 )
00000287: 13.2618   (Y': 11.8715   Cb: 13.217    Cr: 15.3919 )
00000288: 13.2524   (Y': 11.843    Cb: 13.2584   Cr: 15.3426 )
00000289: 13.2479   (Y': 11.7515   Cb: 13.3059   Cr: 15.4527 )
00000290: 13.3525   (Y': 11.8081   Cb: 13.3805   Cr: 15.723  )
00000291: 13.2591   (Y': 11.7269   Cb: 13.2594   Cr: 15.6472 )
00000292: 13.1618   (Y': 11.6568   Cb: 13.1852   Cr: 15.4446 )
00000293: 13.0962   (Y': 11.5529   Cb: 13.1392   Cr: 15.4385 )
00000294: 12.7208   (Y': 11.0924   Cb: 12.8715   Cr: 15.0927 )
00000295: 12.6746   (Y': 11.0441   Cb: 12.8568   Cr: 14.9997 )
00000296: 12.4552   (Y': 10.9254   Cb: 12.5809   Cr: 14.6286 )
00000297: 12.4508   (Y': 10.9507   Cb: 12.5258   Cr: 14.6364 )
00000298: 12.4606   (Y': 10.9921   Cb: 12.5591   Cr: 14.5359 )
00000299: 12.4894   (Y': 11.0292   Cb: 12.5414   Cr: 14.6203 )
00000300: 12.5162   (Y': 11.0481   Cb: 12.5668   Cr: 14.6673 )
00000301: 12.5153   (Y': 11.0043   Cb: 12.604    Cr: 14.704  )
00000302: 12.4449   (Y': 10.8931   Cb: 12.609    Cr: 14.6086 )
00000303: 12.4542   (Y': 10.8822   Cb: 12.6233   Cr: 14.6576 )
00000304: 12.5446   (Y': 11.0083   Cb: 12.6755   Cr: 14.7247 )
00000305: 12.6553   (Y': 11.1212   Cb: 12.7736   Cr: 14.8507 )
00000306: 12.8897   (Y': 11.2602   Cb: 13.086    Cr: 15.1894 )
00000307: 12.921    (Y': 11.2716   Cb: 13.1152   Cr: 15.2736 )
00000308: 13.0219   (Y': 11.348    Cb: 13.2495   Cr: 15.3815 )
00000310: 12.8569   (Y': 11.3042   Cb: 12.9076   Cr: 15.2092 )
00000309: 12.9866   (Y': 11.3378   Cb: 13.1656   Cr: 15.3629 )
00000311: 12.9617   (Y': 11.3236   Cb: 13.0998   Cr: 15.3793 )
00000312: 12.8792   (Y': 11.3142   Cb: 12.9846   Cr: 15.1699 )
00000313: 12.8226   (Y': 11.2409   Cb: 12.9692   Cr: 15.086  )
00000314: 12.7448   (Y': 11.1904   Cb: 12.8193   Cr: 15.0607 )
00000315: 12.7426   (Y': 11.1907   Cb: 12.7834   Cr: 15.1093 )
00000316: 12.6715   (Y': 11.1026   Cb: 12.6748   Cr: 15.1464 )
00000317: 12.6655   (Y': 11.0738   Cb: 12.683    Cr: 15.1734 )
00000318: 12.6315   (Y': 11.0669   Cb: 12.6258   Cr: 15.1112 )
00000319: 12.6215   (Y': 10.9999   Cb: 12.6951   Cr: 15.1077 )
00000320: 12.4314   (Y': 10.9107   Cb: 12.389    Cr: 14.8659 )
00000321: 12.4839   (Y': 10.9798   Cb: 12.4677   Cr: 14.8317 )
00000322: 12.5722   (Y': 11.085    Cb: 12.5537   Cr: 14.8831 )
00000323: 12.9031   (Y': 11.5366   Cb: 12.8024   Cr: 15.0731 )
00000324: 13.2246   (Y': 11.8957   Cb: 13.1539   Cr: 15.2616 )
00000325: 13.178    (Y': 11.839    Cb: 13.1309   Cr: 15.1985 )
00000327: 13.2212   (Y': 11.8597   Cb: 13.2456   Cr: 15.1769 )
00000328: 12.7346   (Y': 11.3075   Cb: 12.7862   Cr: 14.7912 )
00000326: 13.2808   (Y': 11.9593   Cb: 13.233    Cr: 15.2647 )
00000331: 13.205    (Y': 11.8978   Cb: 13.1899   Cr: 15.1071 )
00000329: 12.8693   (Y': 11.5419   Cb: 12.829    Cr: 14.8543 )
00000330: 13.2156   (Y': 11.903    Cb: 13.2159   Cr: 15.105  )
00000332: 13.4326   (Y': 12.2037   Cb: 13.3857   Cr: 15.2233 )
00000333: 13.5153   (Y': 12.3524   Cb: 13.4317   Cr: 15.2315 )
00000336: 13.4288   (Y': 12.5629   Cb: 13.1385   Cr: 14.9147 )
00000335: 13.504    (Y': 12.5359   Cb: 13.2794   Cr: 15.0706 )
00000334: 13.4949   (Y': 12.4544   Cb: 13.331    Cr: 15.1014 )
00000337: 13.3751   (Y': 12.4536   Cb: 13.1722   Cr: 14.8271 )
00000338: 13.051    (Y': 11.8493   Cb: 13.0329   Cr: 14.7445 )
00000339: 13.0645   (Y': 11.8863   Cb: 13.0226   Cr: 14.7481 )
00000340: 13.087    (Y': 11.9643   Cb: 12.9976   Cr: 14.7349 )
00000342: 13.185    (Y': 12.1344   Cb: 13.0692   Cr: 14.7383 )
00000341: 13.1578   (Y': 12.0616   Cb: 13.0835   Cr: 14.7342 )
00000343: 13.2089   (Y': 12.1372   Cb: 13.0844   Cr: 14.8138 )
00000344: 13.3943   (Y': 12.443    Cb: 13.1588   Cr: 14.9471 )
00000345: 13.4307   (Y': 12.5338   Cb: 13.1764   Cr: 14.9164 )
00000346: 13.4653   (Y': 12.5384   Cb: 13.2645   Cr: 14.9236 )
00000347: 13.4104   (Y': 12.5631   Cb: 13.1395   Cr: 14.8357 )
00000348: 13.4062   (Y': 12.5663   Cb: 13.1186   Cr: 14.8438 )
00000351: 13.4028   (Y': 12.584    Cb: 13.0478   Cr: 14.9067 )
00000349: 13.4042   (Y': 12.5608   Cb: 13.1056   Cr: 14.864  )
00000350: 13.4764   (Y': 12.638    Cb: 13.1564   Cr: 14.9602 )
00000352: 13.3825   (Y': 12.4969   Cb: 13.0345   Cr: 14.9915 )
00000353: 13.3155   (Y': 12.3697   Cb: 13.0046   Cr: 14.9748 )
00000354: 13.1479   (Y': 12.0546   Cb: 12.9752   Cr: 14.8668 )
00000355: 13.0424   (Y': 11.8434   Cb: 12.9926   Cr: 14.7785 )
00000356: 12.9727   (Y': 11.6878   Cb: 12.9887   Cr: 14.7811 )
00000357: 12.9802   (Y': 11.694    Cb: 13.0268   Cr: 14.7453 )
00000359: 13.1729   (Y': 11.8461   Cb: 13.1537   Cr: 15.1228 )
00000358: 13.0836   (Y': 11.7905   Cb: 13.0984   Cr: 14.9109 )
00000360: 13.1371   (Y': 11.7904   Cb: 13.1295   Cr: 15.1115 )
00000361: 13.0695   (Y': 11.7619   Cb: 13.0156   Cr: 15.0336 )
00000362: 13.0344   (Y': 11.7561   Cb: 12.9282   Cr: 15.0203 )
00000363: 12.9574   (Y': 11.7115   Cb: 12.8501   Cr: 14.8772 )
00000364: 12.706    (Y': 11.4745   Cb: 12.5693   Cr: 14.643  )
00000365: 12.6139   (Y': 11.3832   Cb: 12.4884   Cr: 14.5311 )
00000366: 12.9218   (Y': 11.3222   Cb: 13.3383   Cr: 14.8185 )
00000367: 13.2793   (Y': 11.7002   Cb: 13.7864   Cr: 15.0073 )
00000369: 13.2779   (Y': 11.84     Cb: 13.5226   Cr: 15.0672 )
00000368: 13.5728   (Y': 11.9282   Cb: 13.9865   Cr: 15.5759 )
00000370: 13.0257   (Y': 11.7919   Cb: 13.0458   Cr: 14.7257 )
00000371: 12.9623   (Y': 11.7618   Cb: 12.9066   Cr: 14.7102 )
00000373: 13.3595   (Y': 12.1344   Cb: 13.3393   Cr: 15.1023 )
00000374: 13.1828   (Y': 12.0893   Cb: 13.0751   Cr: 14.8035 )
00000372: 13.4092   (Y': 12.1235   Cb: 13.4394   Cr: 15.1979 )
00000375: 13.1085   (Y': 12.0421   Cb: 13.0083   Cr: 14.6679 )
00000376: 13.1029   (Y': 12.052    Cb: 13.0254   Cr: 14.6009 )
00000377: 13.0003   (Y': 11.928    Cb: 12.9388   Cr: 14.5141 )
00000378: 12.9335   (Y': 11.8502   Cb: 12.8197   Cr: 14.5439 )
00000379: 12.944    (Y': 11.8007   Cb: 12.9193   Cr: 14.5357 )
00000380: 12.9419   (Y': 11.8436   Cb: 12.9223   Cr: 14.4433 )
00000382: 12.8233   (Y': 11.6482   Cb: 12.7605   Cr: 14.5323 )
00000381: 12.8761   (Y': 11.7546   Cb: 12.8314   Cr: 14.4563 )
00000383: 12.7596   (Y': 11.5315   Cb: 12.701    Cr: 14.5668 )
00000384: 12.8634   (Y': 11.629    Cb: 12.7565   Cr: 14.7588 )
00000385: 12.8796   (Y': 11.6165   Cb: 12.8328   Cr: 14.7394 )
00000386: 12.5728   (Y': 11.3607   Cb: 12.5205   Cr: 14.3384 )
00000387: 12.6416   (Y': 11.3526   Cb: 12.6995   Cr: 14.3956 )
00000388: 12.4856   (Y': 11.2785   Cb: 12.5479   Cr: 14.0731 )
00000390: 12.4064   (Y': 11.0908   Cb: 12.3898   Cr: 14.3286 )
00000389: 12.4593   (Y': 11.2262   Cb: 12.4853   Cr: 14.1495 )
00000391: 12.4999   (Y': 11.1195   Cb: 12.5303   Cr: 14.4873 )
00000392: 12.6935   (Y': 11.2679   Cb: 12.7834   Cr: 14.6868 )
00000393: 12.7392   (Y': 11.2811   Cb: 12.8999   Cr: 14.6953 )
00000394: 12.6568   (Y': 11.1476   Cb: 12.822    Cr: 14.7204 )
00000395: 12.6011   (Y': 11.0953   Cb: 12.7458   Cr: 14.6885 )
00000396: 12.3811   (Y': 10.8576   Cb: 12.5158   Cr: 14.5254 )
00000397: 12.3569   (Y': 10.8146   Cb: 12.4909   Cr: 14.5465 )
00000398: 12.4109   (Y': 10.8643   Cb: 12.5422   Cr: 14.6149 )
00000399: 12.4801   (Y': 10.9236   Cb: 12.6252   Cr: 14.6857 )
00000401: 12.903    (Y': 11.3651   Cb: 13.1328   Cr: 14.9327 )
00000400: 12.5769   (Y': 11.0775   Cb: 12.719    Cr: 14.6543 )
00000402: 12.9589   (Y': 11.4218   Cb: 13.1871   Cr: 14.9894 )
00000403: 12.9458   (Y': 11.4258   Cb: 13.1725   Cr: 14.9402 )
00000404: 12.9178   (Y': 11.4202   Cb: 13.1465   Cr: 14.8593 )
00000405: 12.86     (Y': 11.3827   Cb: 13.0774   Cr: 14.7736 )
00000406: 12.7914   (Y': 11.366    Cb: 12.9817   Cr: 14.6331 )
00000407: 12.7128   (Y': 11.2975   Cb: 12.8948   Cr: 14.5453 )
00000408: 12.6337   (Y': 11.2366   Cb: 12.7849   Cr: 14.4729 )
00000409: 12.5668   (Y': 11.1687   Cb: 12.7019   Cr: 14.4322 )
00000410: 12.4881   (Y': 11.1      Cb: 12.6229   Cr: 14.3327 )
00000411: 12.4592   (Y': 11.0659   Cb: 12.6059   Cr: 14.2973 )
00000412: 12.3135   (Y': 10.9315   Cb: 12.4598   Cr: 14.1282 )
00000413: 12.3218   (Y': 10.9574   Cb: 12.4581   Cr: 14.1147 )
00000414: 12.2623   (Y': 10.9658   Cb: 12.3366   Cr: 14.0074 )
00000415: 12.2332   (Y': 10.9589   Cb: 12.2861   Cr: 13.9655 )
00000416: 12.1617   (Y': 10.9408   Cb: 12.177    Cr: 13.8434 )
00000417: 12.0992   (Y': 10.8765   Cb: 12.1123   Cr: 13.7879 )
00000418: 12.0202   (Y': 10.7904   Cb: 12.0206   Cr: 13.7417 )
00000419: 12.0159   (Y': 10.7571   Cb: 12.0361   Cr: 13.7654 )
00000420: 11.975    (Y': 10.7327   Cb: 11.9402   Cr: 13.7744 )
00000421: 11.9639   (Y': 10.7025   Cb: 11.9722   Cr: 13.7365 )
00000422: 11.9646   (Y': 10.7437   Cb: 11.9158   Cr: 13.7425 )
00000423: 11.9679   (Y': 10.682    Cb: 11.959    Cr: 13.8166 )
00000424: 11.9773   (Y': 10.6867   Cb: 11.9747   Cr: 13.8259 )
00000425: 11.9624   (Y': 10.7052   Cb: 11.9448   Cr: 13.7654 )
00000426: 11.9974   (Y': 10.7122   Cb: 12.0096   Cr: 13.8122 )
00000427: 11.9743   (Y': 10.6836   Cb: 11.9922   Cr: 13.7917 )
00000428: 11.9963   (Y': 10.6828   Cb: 12.043    Cr: 13.8173 )
00000430: 12.053    (Y': 10.7512   Cb: 12.0584   Cr: 13.9126 )
00000429: 12.0198   (Y': 10.7092   Cb: 12.0413   Cr: 13.8728 )
00000431: 12.0989   (Y': 10.7968   Cb: 12.1127   Cr: 13.946  )
00000432: 12.1162   (Y': 10.7837   Cb: 12.1706   Cr: 13.9649 )
00000433: 12.1643   (Y': 10.8567   Cb: 12.1856   Cr: 14.0114 )
00000434: 12.1972   (Y': 10.9086   Cb: 12.2333   Cr: 13.9832 )
00000435: 12.2239   (Y': 10.927    Cb: 12.2761   Cr: 14.0025 )
00000436: 12.2621   (Y': 10.9567   Cb: 12.3191   Cr: 14.0509 )
00000438: 12.3541   (Y': 11.1019   Cb: 12.3646   Cr: 14.1048 )
00000437: 12.289    (Y': 11.0175   Cb: 12.3183   Cr: 14.0506 )
00000439: 12.3187   (Y': 11.0523   Cb: 12.359    Cr: 14.0537 )
00000440: 12.3455   (Y': 11.0586   Cb: 12.4222   Cr: 14.0678 )
00000441: 12.3552   (Y': 11.116    Cb: 12.3807   Cr: 14.0578 )
00000442: 12.3146   (Y': 11.0776   Cb: 12.3687   Cr: 13.9714 )
00000443: 12.3249   (Y': 11.1052   Cb: 12.3637   Cr: 13.9702 )
00000444: 12.3018   (Y': 11.0773   Cb: 12.364    Cr: 13.9227 )
00000445: 12.298    (Y': 11.1053   Cb: 12.3272   Cr: 13.9053 )
00000446: 12.2868   (Y': 11.0396   Cb: 12.3633   Cr: 13.9311 )
00000447: 12.2797   (Y': 11.0308   Cb: 12.343    Cr: 13.9466 )
00000448: 12.3311   (Y': 11.0398   Cb: 12.4342   Cr: 14.0241 )
00000449: 12.3547   (Y': 11.0573   Cb: 12.4593   Cr: 14.0576 )
00000450: 12.433    (Y': 11.0524   Cb: 12.579    Cr: 14.245  )
00000451: 12.5207   (Y': 11.1139   Cb: 12.7114   Cr: 14.3224 )
00000452: 12.6676   (Y': 11.2245   Cb: 12.9076   Cr: 14.4749 )
00000453: 12.651    (Y': 11.2149   Cb: 12.8938   Cr: 14.4396 )
00000454: 12.6118   (Y': 11.1707   Cb: 12.8603   Cr: 14.4026 )
00000455: 12.6124   (Y': 11.1413   Cb: 12.8938   Cr: 14.4198 )
00000456: 12.5756   (Y': 11.1061   Cb: 12.8214   Cr: 14.4309 )
00000457: 12.5538   (Y': 11.0661   Cb: 12.8092   Cr: 14.4342 )
00000458: 12.4372   (Y': 10.9415   Cb: 12.6953   Cr: 14.3312 )
00000459: 12.4356   (Y': 10.9088   Cb: 12.7089   Cr: 14.376  )
00000460: 12.4414   (Y': 10.9884   Cb: 12.6524   Cr: 14.3117 )
00000461: 12.4166   (Y': 10.9441   Cb: 12.6233   Cr: 14.3354 )
00000462: 12.3903   (Y': 10.8738   Cb: 12.6383   Cr: 14.3449 )
00000463: 12.3827   (Y': 10.868    Cb: 12.6198   Cr: 14.3493 )
00000464: 12.366    (Y': 10.8489   Cb: 12.6031   Cr: 14.3381 )
00000465: 12.3518   (Y': 10.8221   Cb: 12.6182   Cr: 14.3085 )
00000466: 12.3465   (Y': 10.8426   Cb: 12.6052   Cr: 14.2576 )
00000467: 12.3599   (Y': 10.8437   Cb: 12.6473   Cr: 14.256  )
00000468: 12.3798   (Y': 10.8423   Cb: 12.6801   Cr: 14.3044 )
00000469: 12.4028   (Y': 10.8828   Cb: 12.6993   Cr: 14.2943 )
00000471: 12.5164   (Y': 10.9811   Cb: 12.8683   Cr: 14.3621 )
00000473: 12.6082   (Y': 11.0672   Cb: 12.9581   Cr: 14.4692 )
00000470: 12.4868   (Y': 10.9467   Cb: 12.7996   Cr: 14.3988 )
00000472: 12.6004   (Y': 11.0556   Cb: 12.9341   Cr: 14.4927 )
00000474: 12.5398   (Y': 10.9972   Cb: 12.8848   Cr: 14.4113 )
00000475: 12.5663   (Y': 11.0231   Cb: 12.9213   Cr: 14.4252 )
00000477: 12.5036   (Y': 10.9904   Cb: 12.8202   Cr: 14.3514 )
00000479: 12.4973   (Y': 10.9689   Cb: 12.8185   Cr: 14.3718 )
00000476: 12.5074   (Y': 10.9943   Cb: 12.8058   Cr: 14.3807 )
00000478: 12.4968   (Y': 10.9784   Cb: 12.7981   Cr: 14.3777 )
00000480: 12.4849   (Y': 10.973    Cb: 12.8057   Cr: 14.3241 )
00000481: 12.4874   (Y': 10.9571   Cb: 12.8285   Cr: 14.3375 )
00000482: 12.4961   (Y': 10.9922   Cb: 12.7966   Cr: 14.3464 )
00000483: 12.5099   (Y': 10.9992   Cb: 12.8262   Cr: 14.3525 )
00000484: 12.517    (Y': 10.9372   Cb: 12.8886   Cr: 14.433  )
00000486: 12.5603   (Y': 10.985    Cb: 12.9101   Cr: 14.4974 )
00000485: 12.5295   (Y': 10.9467   Cb: 12.8793   Cr: 14.4838 )
00000487: 12.5452   (Y': 10.9705   Cb: 12.9019   Cr: 14.4713 )
00000488: 12.5767   (Y': 10.9844   Cb: 12.9495   Cr: 14.5191 )
00000489: 12.5466   (Y': 10.905    Cb: 12.9361   Cr: 14.578  )
00000490: 12.573    (Y': 10.9948   Cb: 12.9024   Cr: 14.5464 )
00000491: 12.5822   (Y': 11.0079   Cb: 12.923    Cr: 14.5302 )
00000492: 12.6098   (Y': 11.0103   Cb: 12.9604   Cr: 14.6006 )
00000495: 12.6316   (Y': 11.0455   Cb: 12.976    Cr: 14.6011 )
00000494: 12.6529   (Y': 11.0536   Cb: 12.9957   Cr: 14.6547 )
00000493: 12.6266   (Y': 11.0274   Cb: 12.9912   Cr: 14.5964 )
00000496: 12.6317   (Y': 11.0558   Cb: 12.979    Cr: 14.5736 )
00000497: 12.6415   (Y': 11.0808   Cb: 12.9885   Cr: 14.5504 )
00000498: 12.6914   (Y': 11.1569   Cb: 13.0062   Cr: 14.5886 )
00000499: 12.6892   (Y': 11.169    Cb: 12.9909   Cr: 14.5738 )
00000500: 12.7198   (Y': 11.2102   Cb: 13.0163   Cr: 14.5884 )
00000502: 12.7428   (Y': 11.2623   Cb: 13.0231   Cr: 14.5715 )
00000501: 12.748    (Y': 11.243    Cb: 13.0412   Cr: 14.6115 )
00000504: 12.7349   (Y': 11.2422   Cb: 13.0273   Cr: 14.5729 )
00000503: 12.7658   (Y': 11.2936   Cb: 13.0417   Cr: 14.5833 )
00000506: 12.7419   (Y': 11.3098   Cb: 12.9682   Cr: 14.5456 )
00000505: 12.7408   (Y': 11.2705   Cb: 13.0112   Cr: 14.5621 )
00000507: 12.726    (Y': 11.3117   Cb: 12.9262   Cr: 14.5298 )
00000508: 12.727    (Y': 11.2994   Cb: 12.9208   Cr: 14.5681 )
00000509: 12.7133   (Y': 11.2879   Cb: 12.8846   Cr: 14.5831 )
00000510: 12.7305   (Y': 11.3006   Cb: 12.9161   Cr: 14.5884 )
00000511: 12.714    (Y': 11.2939   Cb: 12.9      Cr: 14.5504 )
00000512: 12.7499   (Y': 11.338    Cb: 12.9379   Cr: 14.5663 )
00000513: 12.7644   (Y': 11.3586   Cb: 12.9585   Cr: 14.559  )
00000514: 12.771    (Y': 11.3299   Cb: 12.9849   Cr: 14.6118 )
00000515: 12.7732   (Y': 11.3293   Cb: 12.9732   Cr: 14.6399 )
00000516: 12.7926   (Y': 11.3225   Cb: 13.0311   Cr: 14.6595 )
00000517: 12.8075   (Y': 11.3417   Cb: 13.0052   Cr: 14.7249 )
00000518: 12.8109   (Y': 11.337    Cb: 13.0087   Cr: 14.746  )
00000519: 12.8105   (Y': 11.3368   Cb: 13.0019   Cr: 14.7548 )
00000522: 12.7288   (Y': 11.1696   Cb: 12.9299   Cr: 14.852  )
00000520: 12.8061   (Y': 11.2876   Cb: 12.994    Cr: 14.8557 )
00000521: 12.7828   (Y': 11.2623   Cb: 12.9581   Cr: 14.8567 )
00000523: 12.7396   (Y': 11.2356   Cb: 12.9062   Cr: 14.7893 )
00000524: 12.7537   (Y': 11.2259   Cb: 12.9396   Cr: 14.8278 )
00000527: 12.7874   (Y': 11.2605   Cb: 12.9812   Cr: 14.8472 )
00000526: 12.7621   (Y': 11.2127   Cb: 12.9683   Cr: 14.8547 )
00000525: 12.7356   (Y': 11.1915   Cb: 12.9298   Cr: 14.8341 )
00000530: 12.8303   (Y': 11.3347   Cb: 12.9992   Cr: 14.8577 )
00000529: 12.8069   (Y': 11.2908   Cb: 13.0049   Cr: 14.8355 )
00000528: 12.8047   (Y': 11.2899   Cb: 12.9878   Cr: 14.8534 )
00000531: 12.8402   (Y': 11.3521   Cb: 12.9867   Cr: 14.8852 )
00000532: 12.8851   (Y': 11.3832   Cb: 13.0191   Cr: 14.9806 )
00000533: 12.8985   (Y': 11.4032   Cb: 13.0318   Cr: 14.9798 )
00000534: 12.8711   (Y': 11.3902   Cb: 13.0175   Cr: 14.8996 )
00000535: 12.8746   (Y': 11.3746   Cb: 13.02     Cr: 14.9478 )
00000536: 12.9127   (Y': 11.4207   Cb: 13.028    Cr: 15.015  )
00000537: 12.938    (Y': 11.4613   Cb: 13.0305   Cr: 15.0416 )
00000538: 12.9527   (Y': 11.4567   Cb: 13.0323   Cr: 15.1216 )
00000539: 12.9633   (Y': 11.4809   Cb: 13.0038   Cr: 15.1642 )
00000540: 12.9199   (Y': 11.4389   Cb: 12.974    Cr: 15.0953 )
00000541: 12.8633   (Y': 11.3919   Cb: 12.9183   Cr: 15.0151 )
00000542: 12.8186   (Y': 11.4686   Cb: 12.7666   Cr: 14.8712 )
00000544: 12.8321   (Y': 11.5045   Cb: 12.7438   Cr: 14.8949 )
00000543: 12.7977   (Y': 11.4307   Cb: 12.7389   Cr: 14.8989 )
00000545: 12.831    (Y': 11.4853   Cb: 12.8042   Cr: 14.8335 )
00000546: 12.9073   (Y': 11.5536   Cb: 12.8892   Cr: 14.9133 )
00000547: 12.9956   (Y': 11.634    Cb: 13.0043   Cr: 14.9763 )
00000548: 13.2102   (Y': 11.8345   Cb: 13.2935   Cr: 15.1058 )
00000549: 13.284    (Y': 11.9329   Cb: 13.3516   Cr: 15.1515 )
00000550: 13.4358   (Y': 12.0434   Cb: 13.5747   Cr: 15.2834 )
00000551: 13.4709   (Y': 12.0934   Cb: 13.6432   Cr: 15.2384 )
00000552: 13.5307   (Y': 12.1915   Cb: 13.6798   Cr: 15.2534 )
00000553: 13.5918   (Y': 12.2869   Cb: 13.7326   Cr: 15.2575 )
00000554: 13.678    (Y': 12.4182   Cb: 13.8089   Cr: 15.2696 )
00000555: 13.7124   (Y': 12.4132   Cb: 13.8753   Cr: 15.3358 )
00000556: 13.6544   (Y': 12.4464   Cb: 13.7104   Cr: 15.2523 )
00000557: 13.5448   (Y': 12.3445   Cb: 13.5992   Cr: 15.1308 )
00000558: 13.4032   (Y': 12.239    Cb: 13.3866   Cr: 15.0224 )
00000559: 13.3976   (Y': 12.2515   Cb: 13.3944   Cr: 14.9634 )
00000560: 13.2116   (Y': 12.1152   Cb: 13.1311   Cr: 14.7974 )
00000561: 13.1819   (Y': 12.0577   Cb: 13.0967   Cr: 14.8266 )
00000562: 13.1071   (Y': 11.9486   Cb: 13.0176   Cr: 14.8241 )
00000563: 13.0925   (Y': 11.922    Cb: 13.0146   Cr: 14.8152 )
00000564: 13.1882   (Y': 11.9937   Cb: 13.1329   Cr: 14.9239 )
00000565: 13.2548   (Y': 12.0022   Cb: 13.2316   Cr: 15.0573 )
00000566: 13.5931   (Y': 12.2984   Cb: 13.6532   Cr: 15.3555 )
00000567: 13.6573   (Y': 12.3314   Cb: 13.7323   Cr: 15.4611 )
00000568: 13.735    (Y': 12.3798   Cb: 13.9002   Cr: 15.4671 )
00000569: 13.7383   (Y': 12.3025   Cb: 13.9507   Cr: 15.57   )
00000570: 13.6738   (Y': 12.2748   Cb: 13.8705   Cr: 15.4506 )
00000571: 13.6418   (Y': 12.2842   Cb: 13.8007   Cr: 15.3879 )
00000572: 13.4986   (Y': 12.1975   Cb: 13.5988   Cr: 15.2152 )
00000573: 13.4359   (Y': 12.1923   Cb: 13.5064   Cr: 15.0818 )
00000574: 13.1513   (Y': 11.9652   Cb: 13.1643   Cr: 14.7696 )
00000575: 13.0475   (Y': 11.905    Cb: 12.9855   Cr: 14.6927 )
00000576: 12.895    (Y': 11.802    Cb: 12.7813   Cr: 14.5237 )
00000577: 12.8417   (Y': 11.8138   Cb: 12.6655   Cr: 14.4436 )
00000578: 12.8876   (Y': 11.8802   Cb: 12.7008   Cr: 14.4681 )
00000579: 12.9098   (Y': 11.8772   Cb: 12.7138   Cr: 14.5503 )
00000580: 12.9418   (Y': 11.8627   Cb: 12.7454   Cr: 14.67   )
00000581: 12.9891   (Y': 11.8955   Cb: 12.8187   Cr: 14.7049 )
00000582: 13.0097   (Y': 11.9255   Cb: 12.8185   Cr: 14.7399 )
00000583: 13.0567   (Y': 11.9986   Cb: 12.8539   Cr: 14.7552 )
00000584: 13.1281   (Y': 12.1123   Cb: 12.8389   Cr: 14.8829 )
00000585: 13.2068   (Y': 12.1736   Cb: 12.913    Cr: 15.0019 )
00000586: 13.3579   (Y': 12.2983   Cb: 13.0382   Cr: 15.2468 )
00000588: 13.2985   (Y': 12.362    Cb: 12.9058   Cr: 15.0723 )
00000587: 13.3204   (Y': 12.2616   Cb: 13.0131   Cr: 15.1873 )
00000589: 13.3016   (Y': 12.4159   Cb: 12.8861   Cr: 15.0189 )
00000591: 13.2776   (Y': 12.4477   Cb: 12.8087   Cr: 14.9818 )
00000592: 13.2509   (Y': 12.4708   Cb: 12.7492   Cr: 14.9206 )
00000590: 13.2897   (Y': 12.4141   Cb: 12.8446   Cr: 15.0375 )
Total: 12.9169   (Y': 11.5893   Cb: 12.903    Cr: 14.8601 )
