00000000: 15.1093   (Y': 13.4644   Cb: 15.8354   Cr: 16.6986 )
00000002: 14.976    (Y': 13.3292   Cb: 15.6284   Cr: 16.6612 )
00000005: 15.1091   (Y': 13.5303   Cb: 15.6735   Cr: 16.762  )
00000001: 15.1      (Y': 13.457    Cb: 15.7956   Cr: 16.7229 )
00000003: 14.9288   (Y': 13.3091   Cb: 15.5948   Cr: 16.5396 )
00000006: 15.1455   (Y': 13.4931   Cb: 15.7934   Cr: 16.8484 )
00000004: 15.0544   (Y': 13.4964   Cb: 15.6247   Cr: 16.6564 )
00000007: 15.1448   (Y': 13.4917   Cb: 15.803    Cr: 16.8362 )
00000015: 16.0484   (Y': 14.0273   Cb: 17.179    Cr: 18.0095 )
00000008: 15.1429   (Y': 13.5279   Cb: 15.8153   Cr: 16.7356 )
00000014: 15.3187   (Y': 13.5533   Cb: 16.076    Cr: 17.1334 )
00000010: 15.1837   (Y': 13.4911   Cb: 15.9653   Cr: 16.8071 )
00000009: 15.1446   (Y': 13.4958   Cb: 15.8531   Cr: 16.7639 )
00000013: 15.2235   (Y': 13.4773   Cb: 16.0677   Cr: 16.8875 )
00000012: 15.2566   (Y': 13.4669   Cb: 16.1408   Cr: 16.9686 )
00000011: 15.2811   (Y': 13.5642   Cb: 16.0628   Cr: 16.957  )
00000016: 15.5637   (Y': 13.5566   Cb: 16.6533   Cr: 17.54   )
00000017: 15.4881   (Y': 13.5795   Cb: 16.5072   Cr: 17.3109 )
00000019: 14.7289   (Y': 13.0205   Cb: 15.4235   Cr: 16.4954 )
00000020: 14.2971   (Y': 12.7083   Cb: 14.9263   Cr: 15.889  )
00000018: 15.0992   (Y': 13.338    Cb: 15.9485   Cr: 16.7897 )
00000021: 14.2486   (Y': 12.7551   Cb: 14.8205   Cr: 15.718  )
00000023: 14.4194   (Y': 12.8249   Cb: 14.956    Cr: 16.1419 )
00000022: 14.4066   (Y': 12.827    Cb: 14.9164   Cr: 16.1321 )
00000024: 14.4548   (Y': 12.8789   Cb: 15.05     Cr: 16.0622 )
00000026: 14.1181   (Y': 12.5748   Cb: 14.8103   Cr: 15.5407 )
00000027: 14.409    (Y': 12.7765   Cb: 15.1043   Cr: 16.0104 )
00000025: 14.4283   (Y': 12.9169   Cb: 14.9569   Cr: 15.9879 )
00000029: 14.6963   (Y': 12.946    Cb: 15.4623   Cr: 16.4659 )
00000028: 14.6541   (Y': 12.8901   Cb: 15.4724   Cr: 16.3891 )
00000031: 14.464    (Y': 12.9115   Cb: 15.0631   Cr: 16.0183 )
00000030: 14.5148   (Y': 12.904    Cb: 15.1699   Cr: 16.1202 )
00000034: 14.4542   (Y': 12.8682   Cb: 15.0116   Cr: 16.1313 )
00000033: 14.509    (Y': 12.9387   Cb: 15.0814   Cr: 16.1338 )
00000032: 14.5815   (Y': 12.9751   Cb: 15.2466   Cr: 16.1656 )
00000035: 14.4291   (Y': 12.8031   Cb: 15.0192   Cr: 16.1494 )
00000037: 14.427    (Y': 12.8092   Cb: 14.9932   Cr: 16.1606 )
00000036: 14.3981   (Y': 12.7868   Cb: 14.9328   Cr: 16.159  )
00000038: 14.5545   (Y': 12.8918   Cb: 15.163    Cr: 16.3309 )
00000039: 14.5564   (Y': 12.8986   Cb: 15.1763   Cr: 16.3071 )
00000040: 14.7449   (Y': 13.2095   Cb: 15.2619   Cr: 16.368  )
00000041: 14.6356   (Y': 13.1117   Cb: 15.1519   Cr: 16.2361 )
00000042: 14.5566   (Y': 13.1724   Cb: 14.9125   Cr: 16.085  )
00000043: 14.4905   (Y': 13.1203   Cb: 14.7737   Cr: 16.0882 )
00000044: 14.4876   (Y': 13.0855   Cb: 14.783    Cr: 16.1326 )
00000045: 14.5144   (Y': 13.0597   Cb: 14.8961   Cr: 16.1494 )
00000046: 14.5367   (Y': 13.0096   Cb: 15.0017   Cr: 16.2107 )
00000047: 14.5623   (Y': 13.0356   Cb: 15.0806   Cr: 16.1661 )
00000048: 14.492    (Y': 12.8475   Cb: 15.1129   Cr: 16.2126 )
00000049: 14.4195   (Y': 12.6722   Cb: 15.2084   Cr: 16.1538 )
00000050: 14.4046   (Y': 12.6557   Cb: 15.2523   Cr: 16.07   )
00000052: 14.1933   (Y': 12.3077   Cb: 15.36     Cr: 15.7926 )
00000051: 14.3404   (Y': 12.5684   Cb: 15.2459   Cr: 15.9877 )
00000054: 14.0079   (Y': 12.1064   Cb: 15.2212   Cr: 15.5919 )
00000055: 13.9996   (Y': 12.1313   Cb: 15.2032   Cr: 15.5208 )
00000053: 14.1443   (Y': 12.2582   Cb: 15.3086   Cr: 15.7476 )
00000057: 13.8221   (Y': 12.1661   Cb: 14.8831   Cr: 15.0567 )
00000056: 13.9782   (Y': 12.3085   Cb: 15.0735   Cr: 15.2042 )
00000058: 13.7802   (Y': 12.1439   Cb: 14.8601   Cr: 14.9573 )
00000059: 13.6127   (Y': 11.9299   Cb: 14.6695   Cr: 14.9041 )
00000060: 13.6691   (Y': 11.9353   Cb: 14.8779   Cr: 14.9052 )
00000061: 13.7679   (Y': 12.003    Cb: 14.9397   Cr: 15.1043 )
00000063: 13.756    (Y': 12.0943   Cb: 14.8526   Cr: 14.9649 )
00000062: 13.7702   (Y': 12.0411   Cb: 14.9152   Cr: 15.0621 )
00000064: 13.6869   (Y': 12.1262   Cb: 14.5948   Cr: 14.9002 )
00000066: 13.9788   (Y': 12.5797   Cb: 14.6861   Cr: 15.1129 )
00000065: 13.7199   (Y': 12.2314   Cb: 14.5544   Cr: 14.8776 )
00000070: 13.8581   (Y': 12.1151   Cb: 14.8338   Cr: 15.3614 )
00000067: 14.1189   (Y': 12.7519   Cb: 14.7775   Cr: 15.2497 )
00000068: 14.1776   (Y': 12.6118   Cb: 15.0606   Cr: 15.4277 )
00000069: 14.1436   (Y': 12.4717   Cb: 15.1147   Cr: 15.5055 )
00000071: 13.8164   (Y': 12.0153   Cb: 14.8184   Cr: 15.4146 )
00000072: 13.9978   (Y': 12.2815   Cb: 14.8984   Cr: 15.5309 )
00000074: 13.9458   (Y': 12.4794   Cb: 14.6082   Cr: 15.2548 )
00000073: 13.9828   (Y': 12.3373   Cb: 14.798    Cr: 15.4675 )
00000075: 13.9118   (Y': 12.3844   Cb: 14.6652   Cr: 15.2323 )
00000078: 13.7286   (Y': 12.1717   Cb: 14.5534   Cr: 15.0256 )
00000076: 14.0035   (Y': 12.5943   Cb: 14.6849   Cr: 15.1844 )
00000077: 13.9134   (Y': 12.4316   Cb: 14.6657   Cr: 15.1486 )
00000079: 13.6927   (Y': 12.2008   Cb: 14.4779   Cr: 14.9104 )
00000080: 13.5443   (Y': 12.2337   Cb: 14.1923   Cr: 14.5881 )
00000082: 13.5299   (Y': 12.2924   Cb: 14.0214   Cr: 14.6238 )
00000081: 13.4964   (Y': 12.2375   Cb: 14.0883   Cr: 14.5139 )
00000083: 13.6503   (Y': 12.2954   Cb: 14.2084   Cr: 14.8741 )
00000084: 13.6853   (Y': 12.2279   Cb: 14.2912   Cr: 15.0432 )
00000085: 13.6993   (Y': 12.1438   Cb: 14.44     Cr: 15.0896 )
00000086: 13.7158   (Y': 12.1191   Cb: 14.6315   Cr: 14.9897 )
00000087: 13.656    (Y': 12.1896   Cb: 14.4941   Cr: 14.7697 )
00000088: 13.8365   (Y': 12.4483   Cb: 14.4379   Cr: 15.0704 )
00000090: 13.7908   (Y': 12.2928   Cb: 14.1842   Cr: 15.4996 )
00000089: 13.961    (Y': 12.5538   Cb: 14.4165   Cr: 15.4064 )
00000091: 13.8331   (Y': 12.3375   Cb: 14.2381   Cr: 15.5214 )
00000092: 13.8565   (Y': 12.3324   Cb: 14.3064   Cr: 15.5441 )
00000093: 13.7873   (Y': 12.2826   Cb: 14.2153   Cr: 15.4636 )
00000094: 13.7966   (Y': 12.3247   Cb: 14.2315   Cr: 15.3965 )
00000095: 13.7283   (Y': 12.1862   Cb: 14.1721   Cr: 15.462  )
00000098: 14.0887   (Y': 12.5832   Cb: 14.6436   Cr: 15.6028 )
00000096: 13.8984   (Y': 12.3209   Cb: 14.461    Cr: 15.551  )
00000097: 14.0038   (Y': 12.4266   Cb: 14.56     Cr: 15.6636 )
00000099: 14.1184   (Y': 12.5528   Cb: 14.7602   Cr: 15.6466 )
00000100: 14.186    (Y': 12.7586   Cb: 14.7034   Cr: 15.5934 )
00000101: 14.1284   (Y': 12.6736   Cb: 14.6593   Cr: 15.5723 )
00000102: 14.1517   (Y': 12.8951   Cb: 14.5109   Cr: 15.4369 )
00000103: 14.172    (Y': 13.0068   Cb: 14.4936   Cr: 15.3433 )
00000105: 14.097    (Y': 13.207    Cb: 14.3501   Cr: 14.9106 )
00000104: 14.1326   (Y': 13.2171   Cb: 14.3125   Cr: 15.0698 )
00000106: 14.0324   (Y': 12.9812   Cb: 14.5113   Cr: 14.8386 )
00000107: 13.9335   (Y': 12.8238   Cb: 14.4309   Cr: 14.8107 )
00000108: 13.64     (Y': 12.3547   Cb: 14.3148   Cr: 14.6118 )
00000109: 13.7647   (Y': 12.4636   Cb: 14.4476   Cr: 14.7545 )
00000110: 13.8512   (Y': 12.5317   Cb: 14.4037   Cr: 15.018  )
00000111: 13.9637   (Y': 12.6681   Cb: 14.4306   Cr: 15.1883 )
00000113: 13.7625   (Y': 12.6637   Cb: 13.9393   Cr: 15.0003 )
00000112: 13.8019   (Y': 12.5997   Cb: 14.0842   Cr: 15.0859 )
00000114: 13.9398   (Y': 12.97     Cb: 13.8569   Cr: 15.3035 )
00000115: 14.0743   (Y': 13.3503   Cb: 13.7801   Cr: 15.3326 )
00000117: 14.601    (Y': 14.3114   Cb: 14.062    Cr: 15.576  )
00000116: 14.5855   (Y': 14.1624   Cb: 14.1792   Cr: 15.5569 )
00000118: 14.386    (Y': 14.1725   Cb: 13.8264   Cr: 15.29   )
00000119: 14.3022   (Y': 13.9926   Cb: 13.7821   Cr: 15.2774 )
00000120: 14.3777   (Y': 13.8971   Cb: 13.8828   Cr: 15.5565 )
00000121: 14.2241   (Y': 13.6045   Cb: 13.8355   Cr: 15.4558 )
00000122: 14.0382   (Y': 13.1278   Cb: 13.8288   Cr: 15.4806 )
00000123: 13.9201   (Y': 13.0433   Cb: 13.6958   Cr: 15.3269 )
00000124: 13.9114   (Y': 12.9736   Cb: 13.7411   Cr: 15.3442 )
00000125: 13.9524   (Y': 12.9968   Cb: 13.8234   Cr: 15.3565 )
00000126: 14.0469   (Y': 12.9902   Cb: 13.984    Cr: 15.5348 )
00000127: 14.0182   (Y': 12.9359   Cb: 13.9317   Cr: 15.5865 )
00000128: 14.1767   (Y': 12.9974   Cb: 14.1392   Cr: 15.8558 )
00000129: 14.1803   (Y': 13.1193   Cb: 14.1203   Cr: 15.6717 )
00000130: 14.1394   (Y': 13.0745   Cb: 14.0998   Cr: 15.6086 )
00000131: 14.0744   (Y': 12.9032   Cb: 14.0762   Cr: 15.6806 )
00000132: 14.2522   (Y': 12.9499   Cb: 14.4083   Cr: 15.8914 )
00000133: 14.2837   (Y': 12.9147   Cb: 14.476    Cr: 16.0051 )
00000134: 14.2461   (Y': 12.9685   Cb: 14.3509   Cr: 15.9094 )
00000135: 14.2412   (Y': 13.04     Cb: 14.2597   Cr: 15.8804 )
00000136: 14.1463   (Y': 13.023    Cb: 14.2179   Cr: 15.5657 )
00000137: 14.1806   (Y': 13.0088   Cb: 14.2745   Cr: 15.6578 )
00000139: 14.4808   (Y': 13.0908   Cb: 14.755    Cr: 16.1306 )
00000138: 14.3847   (Y': 13.1104   Cb: 14.5879   Cr: 15.9048 )
00000140: 14.4701   (Y': 13.1173   Cb: 14.6434   Cr: 16.1857 )
00000142: 14.4062   (Y': 12.9499   Cb: 14.6452   Cr: 16.2426 )
00000141: 14.4581   (Y': 13.1021   Cb: 14.6485   Cr: 16.1561 )
00000143: 14.3983   (Y': 13.0146   Cb: 14.5521   Cr: 16.2056 )
00000144: 14.4009   (Y': 13.0414   Cb: 14.5274   Cr: 16.1981 )
00000145: 14.3426   (Y': 12.9372   Cb: 14.5262   Cr: 16.1518 )
00000146: 14.3173   (Y': 12.8556   Cb: 14.5479   Cr: 16.1777 )
00000147: 14.2477   (Y': 12.7819   Cb: 14.5147   Cr: 16.0645 )
00000148: 14.3514   (Y': 12.8869   Cb: 14.6017   Cr: 16.1891 )
00000150: 14.4757   (Y': 12.9533   Cb: 14.7186   Cr: 16.4507 )
00000149: 14.4287   (Y': 12.9099   Cb: 14.7094   Cr: 16.3403 )
00000151: 14.4746   (Y': 12.9957   Cb: 14.6264   Cr: 16.4903 )
00000152: 14.3012   (Y': 12.7618   Cb: 14.498    Cr: 16.385  )
00000154: 14.3394   (Y': 12.7731   Cb: 14.571    Cr: 16.4318 )
00000153: 14.2535   (Y': 12.8235   Cb: 14.3638   Cr: 16.2249 )
00000155: 14.3443   (Y': 12.8448   Cb: 14.5413   Cr: 16.3373 )
00000156: 14.3624   (Y': 12.8669   Cb: 14.4963   Cr: 16.4435 )
00000157: 14.3586   (Y': 12.8755   Cb: 14.5081   Cr: 16.3877 )
00000158: 14.2674   (Y': 12.8247   Cb: 14.4221   Cr: 16.1989 )
00000159: 14.318    (Y': 12.918    Cb: 14.4432   Cr: 16.202  )
00000160: 14.348    (Y': 12.9649   Cb: 14.4647   Cr: 16.2091 )
00000161: 14.2935   (Y': 12.9726   Cb: 14.3858   Cr: 16.0617 )
00000163: 14.2035   (Y': 12.8412   Cb: 14.3222   Cr: 16.0181 )
00000162: 14.2177   (Y': 12.8751   Cb: 14.3451   Cr: 15.9786 )
00000164: 14.2182   (Y': 12.9305   Cb: 14.3093   Cr: 15.9213 )
00000165: 14.2452   (Y': 12.9913   Cb: 14.3179   Cr: 15.9079 )
00000166: 14.2271   (Y': 12.9701   Cb: 14.2858   Cr: 15.9164 )
00000167: 14.2644   (Y': 13.112    Cb: 14.2944   Cr: 15.7949 )
00000168: 14.2487   (Y': 13.1118   Cb: 14.2982   Cr: 15.7232 )
00000169: 14.2108   (Y': 13.0267   Cb: 14.2452   Cr: 15.7943 )
00000170: 14.1343   (Y': 12.8682   Cb: 14.1982   Cr: 15.834  )
00000172: 14.5384   (Y': 13.167    Cb: 14.7407   Cr: 16.2508 )
00000171: 14.3668   (Y': 13.0617   Cb: 14.4899   Cr: 16.0584 )
00000173: 14.432    (Y': 13.0311   Cb: 14.7364   Cr: 16.0623 )
00000174: 14.4504   (Y': 13.0287   Cb: 14.671    Cr: 16.2401 )
00000175: 14.6329   (Y': 13.2342   Cb: 14.8648   Cr: 16.3589 )
00000177: 14.5707   (Y': 13.2323   Cb: 14.676    Cr: 16.3557 )
00000176: 14.2356   (Y': 12.9266   Cb: 14.5322   Cr: 15.6969 )
00000179: 14.5003   (Y': 13.1108   Cb: 14.6705   Cr: 16.2957 )
00000178: 14.55     (Y': 13.163    Cb: 14.7108   Cr: 16.3542 )
00000180: 14.5352   (Y': 13.0489   Cb: 14.8304   Cr: 16.3554 )
00000181: 14.7673   (Y': 13.3335   Cb: 15.0595   Cr: 16.4812 )
00000182: 14.7113   (Y': 13.3017   Cb: 14.9328   Cr: 16.475  )
00000183: 14.573    (Y': 13.0943   Cb: 14.9672   Cr: 16.2406 )
00000185: 14.8643   (Y': 13.1912   Cb: 15.2362   Cr: 16.9965 )
00000186: 14.9199   (Y': 13.2387   Cb: 15.2939   Cr: 17.0679 )
00000187: 14.9602   (Y': 13.2474   Cb: 15.3439   Cr: 17.1708 )
00000188: 15.0073   (Y': 13.2865   Cb: 15.3655   Cr: 17.2771 )
00000184: 14.7616   (Y': 13.06     Cb: 15.2003   Cr: 16.8629 )
00000189: 15.0253   (Y': 13.3337   Cb: 15.3876   Cr: 17.2165 )
00000190: 15.0384   (Y': 13.2728   Cb: 15.4993   Cr: 17.2637 )
00000191: 14.896    (Y': 13.079    Cb: 15.351    Cr: 17.2618 )
00000193: 14.629    (Y': 12.9603   Cb: 14.83     Cr: 17.0192 )
00000192: 14.7564   (Y': 12.9926   Cb: 15.122    Cr: 17.1243 )
00000195: 14.9759   (Y': 13.5925   Cb: 15.0628   Cr: 16.8825 )
00000194: 14.7401   (Y': 13.3106   Cb: 14.8317   Cr: 16.7393 )
00000196: 15.0075   (Y': 13.4317   Cb: 15.4077   Cr: 16.8741 )
00000197: 14.9928   (Y': 13.4608   Cb: 15.4401   Cr: 16.7007 )
00000198: 15.9148   (Y': 13.771    Cb: 17.372    Cr: 17.8068 )
00000199: 15.3635   (Y': 13.4377   Cb: 16.5145   Cr: 17.0721 )
00000201: 15.4665   (Y': 13.5309   Cb: 16.8093   Cr: 16.9885 )
00000200: 15.2549   (Y': 13.4023   Cb: 16.5313   Cr: 16.6656 )
00000202: 15.1259   (Y': 13.3765   Cb: 16.1209   Cr: 16.6209 )
00000203: 14.8686   (Y': 13.1524   Cb: 15.7485   Cr: 16.4253 )
00000204: 14.7315   (Y': 12.8462   Cb: 15.6321   Cr: 16.6448 )
00000205: 14.8507   (Y': 12.9792   Cb: 15.7439   Cr: 16.7401 )
00000206: 15.0848   (Y': 13.1171   Cb: 16.0481   Cr: 17.1205 )
00000207: 15.1598   (Y': 13.1544   Cb: 16.123    Cr: 17.2917 )
00000212: 15.0687   (Y': 12.7153   Cb: 16.5365   Cr: 17.5289 )
00000209: 15.1776   (Y': 12.9566   Cb: 16.488    Cr: 17.4485 )
00000208: 15.145    (Y': 12.9748   Cb: 16.3221   Cr: 17.4424 )
00000210: 15.1204   (Y': 12.842    Cb: 16.4581   Cr: 17.5216 )
00000213: 15.0899   (Y': 12.7574   Cb: 16.5016   Cr: 17.5578 )
00000211: 15.1688   (Y': 12.8661   Cb: 16.5758   Cr: 17.5542 )
00000214: 15.0593   (Y': 12.7536   Cb: 16.3087   Cr: 17.6591 )
00000215: 15.102    (Y': 12.795    Cb: 16.3709   Cr: 17.6796 )
00000216: 14.9627   (Y': 12.4967   Cb: 16.4064   Cr: 17.8159 )
00000217: 14.9118   (Y': 12.4292   Cb: 16.2962   Cr: 17.907  )
00000219: 14.9494   (Y': 12.3408   Cb: 16.4042   Cr: 18.3092 )
00000218: 14.9105   (Y': 12.3681   Cb: 16.2662   Cr: 18.167  )
00000221: 14.9643   (Y': 12.3248   Cb: 16.4493   Cr: 18.401  )
00000220: 14.9717   (Y': 12.3629   Cb: 16.4057   Cr: 18.3646 )
00000222: 14.9674   (Y': 12.3345   Cb: 16.4121   Cr: 18.4405 )
00000223: 15.038    (Y': 12.371    Cb: 16.547    Cr: 18.5489 )
00000224: 15.0826   (Y': 12.3661   Cb: 16.7286   Cr: 18.5865 )
00000225: 15.029    (Y': 12.2994   Cb: 16.7003   Cr: 18.5493 )
00000226: 14.9182   (Y': 12.1929   Cb: 16.4995   Cr: 18.5614 )
00000227: 14.9905   (Y': 12.3181   Cb: 16.4694   Cr: 18.5726 )
00000228: 14.9059   (Y': 12.3165   Cb: 16.2144   Cr: 18.4235 )
00000229: 14.8577   (Y': 12.292    Cb: 16.1501   Cr: 18.3067 )
00000230: 14.9896   (Y': 12.4567   Cb: 16.2948   Cr: 18.2892 )
00000231: 15.0822   (Y': 12.577    Cb: 16.3288   Cr: 18.3691 )
00000232: 15.4295   (Y': 12.9889   Cb: 16.6684   Cr: 18.4916 )
00000233: 15.5464   (Y': 13.1727   Cb: 16.7441   Cr: 18.4391 )
00000234: 16.1407   (Y': 13.7414   Cb: 17.673    Cr: 18.6603 )
00000235: 16.2986   (Y': 13.8212   Cb: 17.8422   Cr: 19.0553 )
00000236: 16.0126   (Y': 13.537    Cb: 17.5229   Cr: 18.8074 )
00000237: 15.6986   (Y': 13.3429   Cb: 17.0096   Cr: 18.3714 )
00000238: 15.291    (Y': 13.1439   Cb: 16.2585   Cr: 17.8072 )
00000239: 15.4298   (Y': 13.19     Cb: 16.5593   Cr: 17.9938 )
00000240: 15.4019   (Y': 13.1734   Cb: 16.5289   Cr: 17.9353 )
00000241: 15.2521   (Y': 13.1056   Cb: 16.2254   Cr: 17.7587 )
00000243: 14.7654   (Y': 12.731    Cb: 15.4845   Cr: 17.322  )
00000244: 14.7597   (Y': 12.7379   Cb: 15.5087   Cr: 17.2351 )
00000242: 14.8597   (Y': 12.7838   Cb: 15.6035   Cr: 17.4995 )
00000245: 14.6863   (Y': 12.6795   Cb: 15.4475   Cr: 17.1016 )
00000246: 14.4082   (Y': 12.4302   Cb: 15.0494   Cr: 16.9233 )
00000247: 14.3672   (Y': 12.3815   Cb: 15.0647   Cr: 16.8187 )
00000248: 14.2578   (Y': 12.3216   Cb: 14.8443   Cr: 16.7409 )
00000249: 14.2029   (Y': 12.2567   Cb: 14.7799   Cr: 16.7284 )
00000250: 13.9815   (Y': 12        Cb: 14.6651   Cr: 16.4423 )
00000251: 13.9083   (Y': 11.8862   Cb: 14.6345   Cr: 16.4184 )
00000252: 13.7206   (Y': 11.6085   Cb: 14.537    Cr: 16.3563 )
00000253: 13.6956   (Y': 11.596    Cb: 14.4649   Cr: 16.3665 )
00000255: 13.5809   (Y': 11.4339   Cb: 14.373    Cr: 16.3606 )
00000254: 13.5612   (Y': 11.4303   Cb: 14.3194   Cr: 16.3445 )
00000258: 14.0291   (Y': 11.7142   Cb: 15.1194   Cr: 16.8866 )
00000256: 13.7064   (Y': 11.4623   Cb: 14.6535   Cr: 16.5514 )
00000257: 13.7709   (Y': 11.5085   Cb: 14.7395   Cr: 16.6421 )
00000259: 14.161    (Y': 11.791    Cb: 15.3224   Cr: 17.0952 )
00000260: 14.184    (Y': 11.8201   Cb: 15.3628   Cr: 17.0722 )
00000261: 14.2289   (Y': 11.8168   Cb: 15.4707   Cr: 17.187  )
00000262: 14.1192   (Y': 11.7153   Cb: 15.3407   Cr: 17.0793 )
00000263: 14.0328   (Y': 11.6836   Cb: 15.2064   Cr: 16.8793 )
00000264: 14.0155   (Y': 11.7157   Cb: 15.1504   Cr: 16.7583 )
00000265: 14.0815   (Y': 11.7659   Cb: 15.2256   Cr: 16.8614 )
00000266: 14.0767   (Y': 11.7353   Cb: 15.2638   Cr: 16.8778 )
00000268: 14.2605   (Y': 11.8905   Cb: 15.4938   Cr: 17.0891 )
00000267: 14.1711   (Y': 11.8509   Cb: 15.3375   Cr: 16.9332 )
00000269: 14.2489   (Y': 11.9356   Cb: 15.4217   Cr: 16.9802 )
00000270: 14.1989   (Y': 11.9197   Cb: 15.3413   Cr: 16.8658 )
00000271: 14.2144   (Y': 11.9082   Cb: 15.4019   Cr: 16.9021 )
00000274: 14.0782   (Y': 11.7513   Cb: 15.1852   Cr: 16.95   )
00000273: 14.1477   (Y': 11.8      Cb: 15.3256   Cr: 16.9828 )
00000272: 14.2436   (Y': 11.888    Cb: 15.4505   Cr: 17.0626 )
00000275: 14.0375   (Y': 11.7262   Cb: 15.1091   Cr: 16.9113 )
00000277: 13.8163   (Y': 11.5952   Cb: 14.9404   Cr: 16.3312 )
00000276: 13.8118   (Y': 11.5664   Cb: 14.966    Cr: 16.3584 )
00000278: 13.9046   (Y': 11.6858   Cb: 15.0219   Cr: 16.4223 )
00000279: 14.0446   (Y': 11.7404   Cb: 15.2694   Cr: 16.6735 )
00000280: 14.3053   (Y': 12.0508   Cb: 15.4329   Cr: 16.9163 )
00000281: 14.4208   (Y': 12.1732   Cb: 15.5521   Cr: 17.0056 )
00000282: 14.3298   (Y': 12.2005   Cb: 15.4693   Cr: 16.5629 )
00000283: 14.4841   (Y': 12.3973   Cb: 15.4981   Cr: 16.7659 )
00000284: 14.619    (Y': 12.6715   Cb: 15.4393   Cr: 16.7921 )
00000285: 14.7116   (Y': 12.7996   Cb: 15.45     Cr: 16.9065 )
00000286: 14.856    (Y': 12.9494   Cb: 15.5054   Cr: 17.1643 )
00000287: 14.9604   (Y': 13.097    Cb: 15.5854   Cr: 17.1916 )
00000288: 14.8398   (Y': 12.9676   Cb: 15.6064   Cr: 16.8959 )
00000289: 14.928    (Y': 13.0499   Cb: 15.7298   Cr: 16.9514 )
00000290: 14.7807   (Y': 12.8853   Cb: 15.5347   Cr: 16.9116 )
00000291: 15.0247   (Y': 13.1322   Cb: 15.799    Cr: 17.121  )
00000293: 14.6463   (Y': 12.7299   Cb: 15.3596   Cr: 16.8882 )
00000292: 14.7803   (Y': 12.8361   Cb: 15.53     Cr: 17.0434 )
00000294: 14.2983   (Y': 12.378    Cb: 15.0793   Cr: 16.4559 )
00000296: 13.9488   (Y': 11.9248   Cb: 14.9756   Cr: 16.0468 )
00000295: 14.1506   (Y': 12.1778   Cb: 15.0294   Cr: 16.3102 )
00000297: 13.8653   (Y': 11.766    Cb: 14.9639   Cr: 16.0696 )
00000299: 13.7902   (Y': 11.6649   Cb: 14.8912   Cr: 16.0621 )
00000298: 13.7435   (Y': 11.5933   Cb: 14.8942   Cr: 16.0193 )
00000300: 13.8323   (Y': 11.7342   Cb: 14.8471   Cr: 16.1438 )
00000301: 13.8909   (Y': 11.8307   Cb: 14.8216   Cr: 16.2126 )
00000302: 14.0818   (Y': 12.0518   Cb: 14.9054   Cr: 16.4712 )
00000306: 14.016    (Y': 11.9975   Cb: 14.8189   Cr: 16.4034 )
00000304: 14.1397   (Y': 12.1151   Cb: 14.9905   Cr: 16.4754 )
00000305: 14.1792   (Y': 12.1284   Cb: 15.0742   Cr: 16.5251 )
00000303: 14.0564   (Y': 12.0245   Cb: 14.8862   Cr: 16.4421 )
00000307: 13.9575   (Y': 11.954    Cb: 14.7777   Cr: 16.2791 )
00000308: 14.0164   (Y': 12.0156   Cb: 14.8002   Cr: 16.3827 )
00000309: 14.1319   (Y': 12.1187   Cb: 14.9026   Cr: 16.5512 )
00000310: 14.2594   (Y': 12.2796   Cb: 15.0406   Cr: 16.5724 )
00000313: 14.4121   (Y': 12.4889   Cb: 15.1005   Cr: 16.7074 )
00000315: 14.3802   (Y': 12.4346   Cb: 15.1826   Cr: 16.5731 )
00000314: 14.354    (Y': 12.4232   Cb: 15.1061   Cr: 16.5785 )
00000312: 14.3934   (Y': 12.4552   Cb: 15.1042   Cr: 16.6957 )
00000311: 14.3634   (Y': 12.3333   Cb: 15.2303   Cr: 16.6913 )
00000316: 14.2521   (Y': 12.2597   Cb: 15.1004   Cr: 16.5047 )
00000317: 14.1654   (Y': 12.1201   Cb: 15.0328   Cr: 16.5344 )
00000318: 14.0932   (Y': 11.9421   Cb: 15.1077   Cr: 16.5552 )
00000322: 14.012    (Y': 11.8309   Cb: 15.0487   Cr: 16.5305 )
00000321: 14.0144   (Y': 11.7924   Cb: 15.0339   Cr: 16.6808 )
00000320: 14.0144   (Y': 11.8025   Cb: 15.0772   Cr: 16.5877 )
00000323: 14.0116   (Y': 11.7661   Cb: 15.0818   Cr: 16.6768 )
00000319: 14.0292   (Y': 11.875    Cb: 15.049    Cr: 16.4927 )
00000324: 13.9226   (Y': 11.8311   Cb: 14.8739   Cr: 16.3025 )
00000325: 13.9757   (Y': 11.9237   Cb: 14.8617   Cr: 16.3371 )
00000326: 13.9249   (Y': 11.7892   Cb: 14.9356   Cr: 16.3475 )
00000327: 13.9235   (Y': 11.76     Cb: 14.9213   Cr: 16.4446 )
00000328: 13.927    (Y': 11.7836   Cb: 14.882    Cr: 16.4504 )
00000329: 13.9712   (Y': 11.8617   Cb: 14.901    Cr: 16.4325 )
00000330: 13.9975   (Y': 11.9255   Cb: 14.8701   Cr: 16.4341 )
00000331: 14.0606   (Y': 12.0273   Cb: 14.8831   Cr: 16.4604 )
00000332: 14.0777   (Y': 12.0153   Cb: 14.9134   Cr: 16.5401 )
00000333: 14.0716   (Y': 12.0096   Cb: 14.9514   Cr: 16.4697 )
00000334: 14.0201   (Y': 11.9034   Cb: 14.9336   Cr: 16.5256 )
00000335: 14.0018   (Y': 11.9091   Cb: 14.8599   Cr: 16.5184 )
00000337: 14.0875   (Y': 12.0164   Cb: 14.8694   Cr: 16.6548 )
00000339: 14.1187   (Y': 11.9603   Cb: 14.972    Cr: 16.8386 )
00000336: 14.0332   (Y': 11.9339   Cb: 14.8667   Cr: 16.6054 )
00000338: 14.1501   (Y': 11.9949   Cb: 15.0155   Cr: 16.8413 )
00000340: 14.1013   (Y': 11.9501   Cb: 14.987    Cr: 16.75   )
00000341: 14.0333   (Y': 11.8708   Cb: 14.9342   Cr: 16.6935 )
00000342: 14.0128   (Y': 11.864    Cb: 14.9038   Cr: 16.6464 )
00000346: 13.9964   (Y': 11.9022   Cb: 14.8894   Cr: 16.4665 )
00000344: 14.0135   (Y': 11.9123   Cb: 14.8841   Cr: 16.5361 )
00000345: 13.9592   (Y': 11.8601   Cb: 14.8742   Cr: 16.412  )
00000343: 14.0326   (Y': 11.8905   Cb: 14.9269   Cr: 16.6407 )
00000347: 14.0584   (Y': 11.977    Cb: 14.9832   Cr: 16.4475 )
00000348: 14.1316   (Y': 12.058    Cb: 15.1022   Cr: 16.4358 )
00000349: 14.0443   (Y': 12.0131   Cb: 14.9446   Cr: 16.3294 )
00000350: 14.0263   (Y': 12.0177   Cb: 14.9403   Cr: 16.2318 )
00000352: 14.0756   (Y': 12.0555   Cb: 14.9562   Cr: 16.3576 )
00000354: 14.1445   (Y': 12.052    Cb: 15.0409   Cr: 16.6049 )
00000353: 14.1363   (Y': 12.0503   Cb: 15.0752   Cr: 16.5182 )
00000351: 14.0265   (Y': 12.0587   Cb: 14.8455   Cr: 16.2546 )
00000356: 13.992    (Y': 12.0203   Cb: 14.7356   Cr: 16.3369 )
00000355: 14.0905   (Y': 12.0705   Cb: 14.9081   Cr: 16.4609 )
00000357: 13.9439   (Y': 12.1099   Cb: 14.5741   Cr: 16.0934 )
00000358: 13.9299   (Y': 12.027    Cb: 14.6781   Cr: 16.0878 )
00000360: 13.9441   (Y': 12.0152   Cb: 14.7621   Cr: 16.0727 )
00000359: 13.9256   (Y': 12.0389   Cb: 14.7107   Cr: 15.9929 )
00000364: 13.8398   (Y': 12.0204   Cb: 14.5382   Cr: 15.8586 )
00000361: 13.9597   (Y': 12.0266   Cb: 14.781    Cr: 16.0951 )
00000363: 13.9361   (Y': 12.0517   Cb: 14.7041   Cr: 16.0207 )
00000362: 13.9619   (Y': 12.0327   Cb: 14.8002   Cr: 16.064  )
00000365: 13.625    (Y': 11.8932   Cb: 14.2      Cr: 15.6039 )
00000366: 13.5282   (Y': 11.8213   Cb: 14.0871   Cr: 15.4713 )
00000367: 13.2863   (Y': 11.5583   Cb: 13.8128   Cr: 15.3241 )
00000368: 13.2189   (Y': 11.5344   Cb: 13.7203   Cr: 15.1896 )
00000369: 13.1349   (Y': 11.4983   Cb: 13.6282   Cr: 15.0077 )
00000370: 13.0952   (Y': 11.5295   Cb: 13.5033   Cr: 14.929  )
00000372: 13.0746   (Y': 11.6025   Cb: 13.4199   Cr: 14.7948 )
00000371: 13.0722   (Y': 11.5575   Cb: 13.4477   Cr: 14.8406 )
00000373: 13.0669   (Y': 11.6406   Cb: 13.3668   Cr: 14.755  )
00000374: 13.0466   (Y': 11.6292   Cb: 13.327    Cr: 14.7431 )
00000375: 13.0288   (Y': 11.6653   Cb: 13.3397   Cr: 14.5763 )
00000376: 12.9883   (Y': 11.6514   Cb: 13.2837   Cr: 14.5048 )
00000377: 12.9505   (Y': 11.6567   Cb: 13.202    Cr: 14.4429 )
00000378: 13.0456   (Y': 11.7248   Cb: 13.3026   Cr: 14.5819 )
00000379: 13.0577   (Y': 11.7409   Cb: 13.3556   Cr: 14.532  )
00000380: 13.1741   (Y': 11.7105   Cb: 13.5823   Cr: 14.7922 )
00000381: 13.1407   (Y': 11.708    Cb: 13.5061   Cr: 14.753  )
00000382: 13.0982   (Y': 11.6745   Cb: 13.4809   Cr: 14.6694 )
00000386: 13.0065   (Y': 11.5687   Cb: 13.4626   Cr: 14.511  )
00000384: 13.0176   (Y': 11.5948   Cb: 13.4513   Cr: 14.521  )
00000383: 13.0596   (Y': 11.6572   Cb: 13.4774   Cr: 14.5436 )
00000385: 12.9916   (Y': 11.5653   Cb: 13.4182   Cr: 14.5112 )
00000388: 13.1298   (Y': 11.7038   Cb: 13.5374   Cr: 14.6734 )
00000387: 13.126    (Y': 11.7149   Cb: 13.5382   Cr: 14.6341 )
00000390: 13.1322   (Y': 11.6822   Cb: 13.4986   Cr: 14.7782 )
00000389: 13.1337   (Y': 11.7141   Cb: 13.5381   Cr: 14.6689 )
00000391: 13.1247   (Y': 11.6565   Cb: 13.4997   Cr: 14.7963 )
00000393: 13.2513   (Y': 11.7673   Cb: 13.6285   Cr: 14.9526 )
00000392: 13.155    (Y': 11.6557   Cb: 13.5586   Cr: 14.853  )
00000394: 13.3378   (Y': 11.8773   Cb: 13.6654   Cr: 15.0581 )
00000396: 13.4238   (Y': 11.9342   Cb: 13.725    Cr: 15.2427 )
00000395: 13.3883   (Y': 11.8852   Cb: 13.689    Cr: 15.2371 )
00000397: 13.3742   (Y': 11.7985   Cb: 13.7373   Cr: 15.2933 )
00000398: 13.3487   (Y': 11.7014   Cb: 13.7754   Cr: 15.3395 )
00000399: 13.2608   (Y': 11.5764   Cb: 13.6817   Cr: 15.3469 )
00000400: 13.289    (Y': 11.6437   Cb: 13.6976   Cr: 15.3011 )
00000401: 13.4036   (Y': 11.7227   Cb: 13.7924   Cr: 15.529  )
00000402: 13.3356   (Y': 11.7074   Cb: 13.6335   Cr: 15.472  )
00000404: 13.2526   (Y': 11.7285   Cb: 13.4503   Cr: 15.3    )
00000403: 13.2736   (Y': 11.7735   Cb: 13.4728   Cr: 15.2645 )
00000405: 13.3224   (Y': 11.7933   Cb: 13.4373   Cr: 15.5115 )
00000406: 13.349    (Y': 11.8832   Cb: 13.3761   Cr: 15.5332 )
00000407: 13.4539   (Y': 11.9152   Cb: 13.5304   Cr: 15.7286 )
00000408: 13.4479   (Y': 11.8877   Cb: 13.5273   Cr: 15.7701 )
00000409: 13.3283   (Y': 11.7202   Cb: 13.4038   Cr: 15.7764 )
00000410: 13.296    (Y': 11.6615   Cb: 13.3619   Cr: 15.8292 )
00000412: 13.3175   (Y': 11.5993   Cb: 13.4319   Cr: 15.9883 )
00000411: 13.2587   (Y': 11.5877   Cb: 13.3172   Cr: 15.9019 )
00000413: 13.3731   (Y': 11.6436   Cb: 13.5054   Cr: 16.0425 )
00000414: 13.4056   (Y': 11.6181   Cb: 13.5838   Cr: 16.1545 )
00000415: 13.4901   (Y': 11.6346   Cb: 13.703    Cr: 16.3733 )
00000416: 13.5717   (Y': 11.6901   Cb: 13.8395   Cr: 16.432  )
00000417: 13.625    (Y': 11.6665   Cb: 14.0361   Cr: 16.4608 )
00000419: 13.7912   (Y': 11.8521   Cb: 14.2674   Cr: 16.4591 )
00000418: 13.658    (Y': 11.6875   Cb: 14.0712   Cr: 16.5268 )
00000420: 13.7937   (Y': 11.8107   Cb: 14.3593   Cr: 16.4425 )
00000421: 13.8507   (Y': 11.8109   Cb: 14.4146   Cr: 16.6715 )
00000422: 13.8691   (Y': 11.8659   Cb: 14.4074   Cr: 16.6223 )
00000423: 13.9002   (Y': 11.9675   Cb: 14.3514   Cr: 16.591  )
00000424: 13.8192   (Y': 11.8496   Cb: 14.3459   Cr: 16.4923 )
00000425: 13.7753   (Y': 11.8537   Cb: 14.2394   Cr: 16.4129 )
00000426: 13.6925   (Y': 11.7524   Cb: 14.1646   Cr: 16.37   )
00000427: 13.5929   (Y': 11.6956   Cb: 14.0792   Cr: 16.1262 )
00000428: 13.5343   (Y': 11.6865   Cb: 13.9818   Cr: 15.9941 )
00000429: 13.5467   (Y': 11.7689   Cb: 13.8935   Cr: 15.9814 )
00000430: 13.4638   (Y': 11.6826   Cb: 13.7998   Cr: 15.9248 )
00000431: 13.51     (Y': 11.7865   Cb: 13.8552   Cr: 15.8068 )
00000433: 13.5024   (Y': 11.8172   Cb: 13.7599   Cr: 15.8419 )
00000435: 13.6421   (Y': 11.9649   Cb: 13.8402   Cr: 16.0585 )
00000432: 13.4739   (Y': 11.7547   Cb: 13.7828   Cr: 15.8173 )
00000434: 13.553    (Y': 11.8645   Cb: 13.8055   Cr: 15.9091 )
00000436: 13.6573   (Y': 12.02     Cb: 13.8477   Cr: 15.9854 )
00000437: 13.7407   (Y': 12.0843   Cb: 14.003    Cr: 16.0011 )
00000438: 13.7177   (Y': 12.0382   Cb: 13.9928   Cr: 16.0149 )
00000439: 13.7755   (Y': 12.0908   Cb: 14.1781   Cr: 15.8895 )
00000440: 13.6768   (Y': 12.0045   Cb: 14.1015   Cr: 15.7287 )
00000442: 13.6785   (Y': 11.9704   Cb: 14.1313   Cr: 15.7745 )
00000441: 13.6905   (Y': 11.9619   Cb: 14.1807   Cr: 15.7817 )
00000443: 13.7154   (Y': 12.0337   Cb: 14.0295   Cr: 15.9564 )
00000444: 13.8868   (Y': 12.1411   Cb: 14.2811   Cr: 16.1633 )
00000445: 13.7902   (Y': 12.0065   Cb: 14.203    Cr: 16.1352 )
00000446: 13.7359   (Y': 11.9998   Cb: 14.0943   Cr: 16.0439 )
00000447: 14.0414   (Y': 12.2067   Cb: 14.5637   Cr: 16.3508 )
00000448: 13.8687   (Y': 11.9797   Cb: 14.4413   Cr: 16.2448 )
00000449: 13.7565   (Y': 11.8319   Cb: 14.4396   Cr: 16.0634 )
00000450: 13.7995   (Y': 11.9631   Cb: 14.4144   Cr: 15.9765 )
00000451: 14.057    (Y': 12.0439   Cb: 14.7692   Cr: 16.5629 )
00000453: 13.9432   (Y': 11.847    Cb: 14.8232   Cr: 16.4379 )
00000452: 14.1987   (Y': 12.1917   Cb: 14.9312   Cr: 16.6571 )
00000454: 13.996    (Y': 11.9279   Cb: 14.8985   Cr: 16.3787 )
00000456: 14.1207   (Y': 11.982    Cb: 15.1449   Cr: 16.5335 )
00000455: 14.0989   (Y': 11.9898   Cb: 15.1075   Cr: 16.4493 )
00000457: 13.9348   (Y': 11.7493   Cb: 14.9983   Cr: 16.4288 )
00000458: 13.9306   (Y': 11.7046   Cb: 15.0984   Cr: 16.4006 )
00000459: 13.9343   (Y': 11.6461   Cb: 15.1255   Cr: 16.5601 )
00000460: 13.8753   (Y': 11.585    Cb: 15.1119   Cr: 16.4456 )
00000462: 13.7685   (Y': 11.3877   Cb: 15.1592   Cr: 16.4135 )
00000461: 13.8177   (Y': 11.481    Cb: 15.1251   Cr: 16.4353 )
00000463: 13.712    (Y': 11.3247   Cb: 15.1398   Cr: 16.3285 )
00000464: 13.6178   (Y': 11.1679   Cb: 15.1088   Cr: 16.3531 )
00000465: 13.5536   (Y': 11.1034   Cb: 15.0652   Cr: 16.2623 )
00000466: 13.4742   (Y': 11.0073   Cb: 15.0516   Cr: 16.1518 )
00000468: 13.307    (Y': 10.7937   Cb: 14.9785   Cr: 16.0178 )
00000467: 13.3362   (Y': 10.8322   Cb: 14.9747   Cr: 16.0575 )
00000470: 13.205    (Y': 10.6906   Cb: 14.8315   Cr: 15.9774 )
00000469: 13.2253   (Y': 10.7196   Cb: 14.849    Cr: 15.9718 )
00000471: 13.188    (Y': 10.637    Cb: 14.8822   Cr: 15.9967 )
00000472: 13.1738   (Y': 10.6043   Cb: 14.8808   Cr: 16.0301 )
00000474: 13.2226   (Y': 10.6688   Cb: 14.8502   Cr: 16.1287 )
00000473: 13.2503   (Y': 10.6936   Cb: 14.8897   Cr: 16.1513 )
00000475: 13.1776   (Y': 10.7419   Cb: 14.6204   Cr: 15.9304 )
00000477: 13.2312   (Y': 10.9388   Cb: 14.4707   Cr: 15.8037 )
00000476: 13.1239   (Y': 10.7099   Cb: 14.547    Cr: 15.8323 )
00000478: 13.2226   (Y': 10.9869   Cb: 14.3876   Cr: 15.7251 )
00000479: 13.2545   (Y': 11.095    Cb: 14.288    Cr: 15.7143 )
00000480: 13.3136   (Y': 11.1787   Cb: 14.3227   Cr: 15.7363 )
00000482: 13.3805   (Y': 11.3868   Cb: 14.2504   Cr: 15.607  )
00000481: 13.3375   (Y': 11.2596   Cb: 14.2458   Cr: 15.7396 )
00000483: 14.4082   (Y': 12.4443   Cb: 15.3992   Cr: 16.399  )
00000484: 14.5047   (Y': 12.5379   Cb: 15.4379   Cr: 16.577  )
00000485: 14.1138   (Y': 12.2824   Cb: 14.8549   Cr: 16.1044 )
00000486: 13.6313   (Y': 11.8869   Cb: 14.2385   Cr: 15.5953 )
00000487: 13.4513   (Y': 11.6792   Cb: 14.0284   Cr: 15.5236 )
00000488: 13.8957   (Y': 12.1697   Cb: 14.5132   Cr: 15.8034 )
00000489: 13.9299   (Y': 12.1263   Cb: 14.5075   Cr: 16.0787 )
00000490: 13.9813   (Y': 12.2005   Cb: 14.5608   Cr: 16.071  )
00000491: 13.7374   (Y': 12.0075   Cb: 14.2717   Cr: 15.7689 )
00000493: 13.4521   (Y': 11.7036   Cb: 13.9527   Cr: 15.5765 )
00000492: 13.7014   (Y': 11.987    Cb: 14.2258   Cr: 15.7099 )
00000494: 13.5052   (Y': 11.8587   Cb: 13.9045   Cr: 15.5335 )
00000497: 13.5719   (Y': 11.8709   Cb: 14.0469   Cr: 15.6192 )
00000495: 13.4574   (Y': 11.8161   Cb: 13.9614   Cr: 15.326  )
00000496: 13.4375   (Y': 11.7833   Cb: 13.9386   Cr: 15.3395 )
00000498: 13.5269   (Y': 11.8328   Cb: 13.969    Cr: 15.6052 )
00000499: 13.7005   (Y': 11.9478   Cb: 14.1378   Cr: 15.9288 )
00000501: 13.8284   (Y': 11.9931   Cb: 14.2953   Cr: 16.224  )
00000500: 13.8074   (Y': 11.9902   Cb: 14.2768   Cr: 16.1514 )
00000502: 13.796    (Y': 11.9558   Cb: 14.2932   Cr: 16.1578 )
00000503: 13.8776   (Y': 12.0156   Cb: 14.4285   Cr: 16.2148 )
00000504: 13.7913   (Y': 12.0071   Cb: 14.271    Cr: 16.0352 )
00000505: 13.7361   (Y': 11.9834   Cb: 14.2216   Cr: 15.893  )
00000506: 13.7067   (Y': 11.9871   Cb: 14.1654   Cr: 15.8218 )
00000507: 13.675    (Y': 11.9963   Cb: 14.1681   Cr: 15.6439 )
00000508: 13.7117   (Y': 12.0463   Cb: 14.201    Cr: 15.6556 )
00000511: 13.7408   (Y': 11.9568   Cb: 14.2982   Cr: 15.8703 )
00000510: 13.7411   (Y': 12.0124   Cb: 14.2634   Cr: 15.7867 )
00000512: 13.755    (Y': 11.9327   Cb: 14.3738   Cr: 15.8912 )
00000509: 13.7254   (Y': 12.0695   Cb: 14.2034   Cr: 15.663  )
00000513: 13.7762   (Y': 11.9674   Cb: 14.3848   Cr: 15.8935 )
00000514: 13.8292   (Y': 12.0285   Cb: 14.4125   Cr: 15.9626 )
00000515: 13.8275   (Y': 12.0543   Cb: 14.4119   Cr: 15.8923 )
00000518: 13.9536   (Y': 12.0448   Cb: 14.7123   Cr: 16.112  )
00000517: 13.9334   (Y': 12.0495   Cb: 14.6489   Cr: 16.0884 )
00000519: 13.935    (Y': 11.995    Cb: 14.6984   Cr: 16.1678 )
00000520: 13.9322   (Y': 11.976    Cb: 14.6943   Cr: 16.2091 )
00000521: 13.7211   (Y': 11.8322   Cb: 14.3793   Cr: 15.9703 )
00000522: 13.5603   (Y': 11.693    Cb: 14.168    Cr: 15.8269 )
00000516: 13.9091   (Y': 12.0925   Cb: 14.5696   Cr: 15.9731 )
00000523: 13.2699   (Y': 11.4636   Cb: 13.7392   Cr: 15.5856 )
00000524: 13.2263   (Y': 11.4619   Cb: 13.5764   Cr: 15.62   )
00000525: 13.1826   (Y': 11.4795   Cb: 13.4923   Cr: 15.4837 )
00000526: 13.2158   (Y': 11.5133   Cb: 13.5619   Cr: 15.4586 )
00000527: 13.3621   (Y': 11.6626   Cb: 13.8311   Cr: 15.4141 )
00000528: 13.5135   (Y': 11.8459   Cb: 14.0248   Cr: 15.432  )
00000529: 13.4811   (Y': 11.6432   Cb: 14.2699   Cr: 15.4242 )
00000531: 14.3244   (Y': 12.729    Cb: 14.8391   Cr: 16.0777 )
00000533: 13.294    (Y': 11.7122   Cb: 13.6601   Cr: 15.2225 )
00000530: 14.0265   (Y': 12.3574   Cb: 14.6667   Cr: 15.7757 )
00000535: 13.5038   (Y': 11.9015   Cb: 13.9106   Cr: 15.4203 )
00000534: 13.2658   (Y': 11.6621   Cb: 13.6556   Cr: 15.2098 )
00000537: 13.2121   (Y': 11.6091   Cb: 13.6208   Cr: 15.1273 )
00000536: 13.4918   (Y': 11.8935   Cb: 13.9298   Cr: 15.3557 )
00000532: 13.8658   (Y': 12.2695   Cb: 14.3519   Cr: 15.6594 )
00000538: 13.0648   (Y': 11.4995   Cb: 13.4223   Cr: 14.9687 )
00000539: 13.035    (Y': 11.444    Cb: 13.4202   Cr: 14.9568 )
00000540: 13.0622   (Y': 11.4643   Cb: 13.4525   Cr: 14.9923 )
00000542: 13.067    (Y': 11.4484   Cb: 13.443    Cr: 15.0645 )
00000541: 13.0852   (Y': 11.4744   Cb: 13.4868   Cr: 15.0282 )
00000543: 13.0253   (Y': 11.338    Cb: 13.4184   Cr: 15.1598 )
00000544: 13.0142   (Y': 11.2838   Cb: 13.4296   Cr: 15.2204 )
00000545: 13.0638   (Y': 11.335    Cb: 13.5139   Cr: 15.2141 )
00000546: 13.176    (Y': 11.4766   Cb: 13.5719   Cr: 15.3353 )
00000547: 13.1106   (Y': 11.3821   Cb: 13.5191   Cr: 15.3226 )
00000548: 13.0996   (Y': 11.3685   Cb: 13.4994   Cr: 15.3309 )
00000551: 13.0959   (Y': 11.3351   Cb: 13.4499   Cr: 15.4739 )
00000549: 13.1507   (Y': 11.4519   Cb: 13.5183   Cr: 15.3515 )
00000550: 13.1382   (Y': 11.4213   Cb: 13.4916   Cr: 15.4059 )
00000552: 12.9952   (Y': 11.2118   Cb: 13.3364   Cr: 15.4535 )
00000553: 12.8082   (Y': 10.9663   Cb: 13.1888   Cr: 15.36   )
00000555: 12.7434   (Y': 10.9155   Cb: 13.117    Cr: 15.2685 )
00000554: 12.7786   (Y': 10.954    Cb: 13.1374   Cr: 15.3193 )
00000556: 12.7157   (Y': 10.8851   Cb: 13.0948   Cr: 15.2389 )
00000557: 12.7045   (Y': 10.8953   Cb: 13.0601   Cr: 15.2085 )
00000559: 12.7779   (Y': 10.9834   Cb: 13.15     Cr: 15.2153 )
00000558: 12.7234   (Y': 10.9278   Cb: 13.0717   Cr: 15.2027 )
00000560: 12.7549   (Y': 10.9337   Cb: 13.1499   Cr: 15.2267 )
00000562: 12.7582   (Y': 10.908    Cb: 13.1869   Cr: 15.2542 )
00000561: 12.7605   (Y': 10.9411   Cb: 13.1426   Cr: 15.2482 )
00000564: 12.8054   (Y': 10.9609   Cb: 13.2386   Cr: 15.2792 )
00000565: 12.8714   (Y': 11.0128   Cb: 13.3263   Cr: 15.3484 )
00000563: 12.8076   (Y': 10.9625   Cb: 13.2393   Cr: 15.2849 )
00000566: 12.8731   (Y': 11.0302   Cb: 13.2799   Cr: 15.3851 )
00000568: 12.8602   (Y': 10.9704   Cb: 13.3285   Cr: 15.4012 )
00000567: 12.8538   (Y': 10.9764   Cb: 13.3087   Cr: 15.3824 )
00000569: 12.9151   (Y': 11.0237   Cb: 13.3889   Cr: 15.4517 )
00000571: 13.0025   (Y': 11.088    Cb: 13.5584   Cr: 15.4732 )
00000572: 13.038    (Y': 11.1154   Cb: 13.6493   Cr: 15.4458 )
00000573: 13.1484   (Y': 11.2134   Cb: 13.8094   Cr: 15.5152 )
00000570: 12.9289   (Y': 11.0263   Cb: 13.4204   Cr: 15.4684 )
00000574: 13.2844   (Y': 11.3761   Cb: 13.9164   Cr: 15.623  )
00000575: 13.3761   (Y': 11.4428   Cb: 14.0723   Cr: 15.6871 )
00000576: 13.4435   (Y': 11.4891   Cb: 14.1798   Cr: 15.7523 )
00000577: 13.5639   (Y': 11.5769   Cb: 14.3609   Cr: 15.8738 )
00000578: 13.6301   (Y': 11.6471   Cb: 14.4759   Cr: 15.861  )
00000579: 13.6831   (Y': 11.6692   Cb: 14.6153   Cr: 15.8785 )
00000582: 13.8249   (Y': 11.73     Cb: 14.9438   Cr: 15.9915 )
00000580: 13.7507   (Y': 11.7111   Cb: 14.747    Cr: 15.9289 )
00000581: 13.8157   (Y': 11.7595   Cb: 14.8687   Cr: 15.9641 )
00000583: 13.9041   (Y': 11.6936   Cb: 15.1468   Cr: 16.2305 )
00000584: 13.9479   (Y': 11.7027   Cb: 15.2651   Cr: 16.2784 )
00000585: 14.045    (Y': 11.7346   Cb: 15.4698   Cr: 16.4306 )
00000586: 14.1175   (Y': 11.7801   Cb: 15.5414   Cr: 16.585  )
00000587: 14.2553   (Y': 11.8377   Cb: 15.7754   Cr: 16.8481 )
Total: 13.9786   (Y': 12.181    Cb: 14.605    Cr: 16.0433 )
