./ps4_degrader: invalid option -- 'v'
Capturing with the following configuration:
 - Capture device: DeckLink 4K Extreme 12G
 - Video mode: 720p59.94
 - Pixel format: 8 bit BGRA (4:4:4:x)
[libx264 @ 0x367ce40] using cpu capabilities: MMX2 SSE2Fast SSSE3 SSE4.2 AVX AVX2 FMA3 LZCNT BMI2
[libx264 @ 0x367ce40] profile High 4:2:2 Intra, level 3.1, 4:2:2 8-bit
PLAYBACK (hw timestamp): Frame 31 Displayed Late. Expected (+/- 5%): 50000
	Timestamp delay: 66790
	Hardware timestamp delay: 66806
PLAYBACK (hw timestamp): Frame 43 Displayed Late. Expected (+/- 5%): 50000
	Timestamp delay: 66660
	Hardware timestamp delay: 66695
PLAYBACK (hw timestamp): Frame 67 Displayed Late. Expected (+/- 5%): 50000
	Timestamp delay: 66828
	Hardware timestamp delay: 66752
PLAYBACK (hw timestamp): Frame 70 Displayed Late. Expected (+/- 5%): 50000
	Timestamp delay: 66794
	Hardware timestamp delay: 66823
PLAYBACK (hw timestamp): Frame 76 Displayed Late. Expected (+/- 5%): 50000
	Timestamp delay: 66639
	Hardware timestamp delay: 66656
PLAYBACK (hw timestamp): Frame 78 Displayed Late. Expected (+/- 5%): 50000
	Timestamp delay: 66736
	Hardware timestamp delay: 66693
PLAYBACK (hw timestamp): Frame 87 Displayed Late. Expected (+/- 5%): 50000
	Timestamp delay: 66650
	Hardware timestamp delay: 66751
PLAYBACK (hw timestamp): Frame 96 Displayed Late. Expected (+/- 5%): 50000
	Timestamp delay: 66702
	Hardware timestamp delay: 66765
PLAYBACK (hw timestamp): Frame 100 Displayed Late. Expected (+/- 5%): 50000
	Timestamp delay: 66778
	Hardware timestamp delay: 66746
PLAYBACK (hw timestamp): Frame 102 Displayed Late. Expected (+/- 5%): 50000
	Timestamp delay: 66636
	Hardware timestamp delay: 66765
PLAYBACK (hw timestamp): Frame 104 Displayed Late. Expected (+/- 5%): 50000
	Timestamp delay: 66657
	Hardware timestamp delay: 66764
PLAYBACK (hw timestamp): Frame 112 Displayed Late. Expected (+/- 5%): 50000
	Timestamp delay: 66689
	Hardware timestamp delay: 66811
PLAYBACK (hw timestamp): Frame 121 Displayed Late. Expected (+/- 5%): 50000
	Timestamp delay: 66713
	Hardware timestamp delay: 66797
PLAYBACK (hw timestamp): Frame 129 Displayed Late. Expected (+/- 5%): 50000
	Timestamp delay: 66651
	Hardware timestamp delay: 66738
PLAYBACK (hw timestamp): Frame 138 Displayed Late. Expected (+/- 5%): 50000
	Timestamp delay: 66742
	Hardware timestamp delay: 66746
PLAYBACK (hw timestamp): Frame 142 Displayed Late. Expected (+/- 5%): 50000
	Timestamp delay: 66713
	Hardware timestamp delay: 66752
PLAYBACK (hw timestamp): Frame 144 Displayed Late. Expected (+/- 5%): 50000
	Timestamp delay: 66675
	Hardware timestamp delay: 66715
PLAYBACK (hw timestamp): Frame 153 Displayed Late. Expected (+/- 5%): 50000
	Timestamp delay: 66675
	Hardware timestamp delay: 66732
PLAYBACK (hw timestamp): Frame 172 Displayed Late. Expected (+/- 5%): 50000
	Timestamp delay: 66796
	Hardware timestamp delay: 66713
PLAYBACK (hw timestamp): Frame 181 Displayed Late. Expected (+/- 5%): 50000
	Timestamp delay: 66761
	Hardware timestamp delay: 66715
PLAYBACK (hw timestamp): Frame 189 Displayed Late. Expected (+/- 5%): 50000
	Timestamp delay: 66627
	Hardware timestamp delay: 66697
PLAYBACK (hw timestamp): Frame 193 Displayed Late. Expected (+/- 5%): 50000
	Timestamp delay: 66606
	Hardware timestamp delay: 66760
PLAYBACK (hw timestamp): Frame 198 Displayed Late. Expected (+/- 5%): 50000
	Timestamp delay: 66712
	Hardware timestamp delay: 66754
PLAYBACK (hw timestamp): Frame 205 Displayed Late. Expected (+/- 5%): 50000
	Timestamp delay: 66799
	Hardware timestamp delay: 66770
PLAYBACK (hw timestamp): Frame 221 Displayed Late. Expected (+/- 5%): 50000
	Timestamp delay: 66783
	Hardware timestamp delay: 66735
PLAYBACK (hw timestamp): Frame 226 Displayed Late. Expected (+/- 5%): 50000
	Timestamp delay: 83349
	Hardware timestamp delay: 83378
PLAYBACK (hw timestamp): Frame 231 Displayed Late. Expected (+/- 5%): 50000
	Timestamp delay: 66748
	Hardware timestamp delay: 66706
PLAYBACK (hw timestamp): Frame 235 Displayed Late. Expected (+/- 5%): 50000
	Timestamp delay: 66664
	Hardware timestamp delay: 66767
PLAYBACK (hw timestamp): Frame 247 Displayed Late. Expected (+/- 5%): 50000
	Timestamp delay: 66733
	Hardware timestamp delay: 66776
PLAYBACK (hw timestamp): Frame 251 Displayed Late. Expected (+/- 5%): 50000
	Timestamp delay: 66691
	Hardware timestamp delay: 66685
PLAYBACK (hw timestamp): Frame 266 Displayed Late. Expected (+/- 5%): 50000
	Timestamp delay: 66800
	Hardware timestamp delay: 66737
PLAYBACK (hw timestamp): Frame 273 Displayed Late. Expected (+/- 5%): 50000
	Timestamp delay: 66775
	Hardware timestamp delay: 66741
PLAYBACK (hw timestamp): Frame 285 Displayed Late. Expected (+/- 5%): 50000
	Timestamp delay: 66663
	Hardware timestamp delay: 66710
PLAYBACK (hw timestamp): Frame 290 Displayed Late. Expected (+/- 5%): 50000
	Timestamp delay: 66739
	Hardware timestamp delay: 66809
PLAYBACK (hw timestamp): Frame 297 Displayed Late. Expected (+/- 5%): 50000
	Timestamp delay: 66804
	Hardware timestamp delay: 66779
PLAYBACK (hw timestamp): Frame 301 Displayed Late. Expected (+/- 5%): 50000
	Timestamp delay: 66817
	Hardware timestamp delay: 66760
PLAYBACK (hw timestamp): Frame 306 Displayed Late. Expected (+/- 5%): 50000
	Timestamp delay: 66922
	Hardware timestamp delay: 66801
PLAYBACK (hw timestamp): Frame 316 Displayed Late. Expected (+/- 5%): 50000
	Timestamp delay: 66765
	Hardware timestamp delay: 66726
PLAYBACK (hw timestamp): Frame 325 Displayed Late. Expected (+/- 5%): 50000
	Timestamp delay: 66646
	Hardware timestamp delay: 66707
PLAYBACK (hw timestamp): Frame 329 Displayed Late. Expected (+/- 5%): 50000
	Timestamp delay: 66733
	Hardware timestamp delay: 66765
PLAYBACK (hw timestamp): Frame 336 Displayed Late. Expected (+/- 5%): 50000
	Timestamp delay: 66778
	Hardware timestamp delay: 66814
PLAYBACK (hw timestamp): Frame 343 Displayed Late. Expected (+/- 5%): 50000
	Timestamp delay: 66780
	Hardware timestamp delay: 66742
PLAYBACK (hw timestamp): Frame 367 Displayed Late. Expected (+/- 5%): 50000
	Timestamp delay: 66732
	Hardware timestamp delay: 66732
PLAYBACK (hw timestamp): Frame 370 Displayed Late. Expected (+/- 5%): 50000
	Timestamp delay: 66752
	Hardware timestamp delay: 66770
PLAYBACK (hw timestamp): Frame 381 Displayed Late. Expected (+/- 5%): 50000
	Timestamp delay: 66726
	Hardware timestamp delay: 66713
PLAYBACK (hw timestamp): Frame 398 Displayed Late. Expected (+/- 5%): 50000
	Timestamp delay: 66735
	Hardware timestamp delay: 66691
PLAYBACK (hw timestamp): Frame 405 Displayed Late. Expected (+/- 5%): 50000
	Timestamp delay: 66827
	Hardware timestamp delay: 66784
PLAYBACK (hw timestamp): Frame 410 Displayed Late. Expected (+/- 5%): 50000
	Timestamp delay: 66750
	Hardware timestamp delay: 66807
PLAYBACK (hw timestamp): Frame 416 Displayed Late. Expected (+/- 5%): 50000
	Timestamp delay: 66828
	Hardware timestamp delay: 66699
PLAYBACK (hw timestamp): Frame 426 Displayed Late. Expected (+/- 5%): 50000
	Timestamp delay: 66731
	Hardware timestamp delay: 66732
PLAYBACK (hw timestamp): Frame 431 Displayed Late. Expected (+/- 5%): 50000
	Timestamp delay: 66755
	Hardware timestamp delay: 66685
PLAYBACK (hw timestamp): Frame 436 Displayed Late. Expected (+/- 5%): 50000
	Timestamp delay: 66730
	Hardware timestamp delay: 66797
PLAYBACK (hw timestamp): Frame 441 Displayed Late. Expected (+/- 5%): 50000
	Timestamp delay: 66761
	Hardware timestamp delay: 66769
PLAYBACK (hw timestamp): Frame 450 Displayed Late. Expected (+/- 5%): 50000
	Timestamp delay: 66816
	Hardware timestamp delay: 66776
PLAYBACK (hw timestamp): Frame 463 Displayed Late. Expected (+/- 5%): 50000
	Timestamp delay: 66648
	Hardware timestamp delay: 66784
PLAYBACK (hw timestamp): Frame 468 Displayed Late. Expected (+/- 5%): 50000
	Timestamp delay: 66681
	Hardware timestamp delay: 66717
PLAYBACK (hw timestamp): Frame 474 Displayed Late. Expected (+/- 5%): 50000
	Timestamp delay: 66783
	Hardware timestamp delay: 66721
PLAYBACK (hw timestamp): Frame 503 Displayed Late. Expected (+/- 5%): 50000
	Timestamp delay: 66868
	Hardware timestamp delay: 66694
PLAYBACK (hw timestamp): Frame 513 Displayed Late. Expected (+/- 5%): 50000
	Timestamp delay: 66648
	Hardware timestamp delay: 66721
PLAYBACK (hw timestamp): Frame 528 Displayed Late. Expected (+/- 5%): 50000
	Timestamp delay: 66717
	Hardware timestamp delay: 66755
PLAYBACK (hw timestamp): Frame 581 Displayed Late. Expected (+/- 5%): 50000
	Timestamp delay: 66671
	Hardware timestamp delay: 66762
[libx264 @ 0x367ce40] frame I:591   Avg QP:40.00  size: 13870
[libx264 @ 0x367ce40] mb I  I16..4: 30.4% 61.5%  8.1%
[libx264 @ 0x367ce40] final ratefactor: 39.50
[libx264 @ 0x367ce40] 8x8 transform intra:61.5%
[libx264 @ 0x367ce40] coded y,uvDC,uvAC intra: 23.7% 32.9% 2.7%
[libx264 @ 0x367ce40] i16 v,h,dc,p: 30% 39% 19% 13%
[libx264 @ 0x367ce40] i8 v,h,dc,ddl,ddr,vr,hd,vl,hu: 13% 17% 50%  3%  4%  3%  5%  2%  4%
[libx264 @ 0x367ce40] i4 v,h,dc,ddl,ddr,vr,hd,vl,hu: 19% 23% 27%  5%  6%  5%  6%  4%  5%
[libx264 @ 0x367ce40] i8c dc,h,v,p: 85%  8%  6%  1%
[libx264 @ 0x367ce40] kb/s:2219.13
Stopping Capture
