./ps4_degrader: invalid option -- 'v'
Capturing with the following configuration:
 - Capture device: DeckLink 4K Extreme 12G
 - Video mode: 720p59.94
 - Pixel format: 8 bit BGRA (4:4:4:x)
[libx264 @ 0x31ade40] using cpu capabilities: MMX2 SSE2Fast SSSE3 SSE4.2 AVX AVX2 FMA3 LZCNT BMI2
[libx264 @ 0x31ade40] profile High 4:2:2 Intra, level 3.1, 4:2:2 8-bit
PLAYBACK (hw timestamp): Frame 100 Displayed Late. Expected (+/- 5%): 50000
	Timestamp delay: 66594
	Hardware timestamp delay: 66695
PLAYBACK (hw timestamp): Frame 107 Displayed Late. Expected (+/- 5%): 50000
	Timestamp delay: 66686
	Hardware timestamp delay: 66720
PLAYBACK (hw timestamp): Frame 200 Displayed Late. Expected (+/- 5%): 50000
	Timestamp delay: 200196
	Hardware timestamp delay: 200187
[libx264 @ 0x31ade40] frame I:600   Avg QP:33.00  size: 32107
[libx264 @ 0x31ade40] mb I  I16..4: 22.6% 63.6% 13.7%
[libx264 @ 0x31ade40] final ratefactor: 39.69
[libx264 @ 0x31ade40] 8x8 transform intra:63.6%
[libx264 @ 0x31ade40] coded y,uvDC,uvAC intra: 50.6% 58.8% 15.4%
[libx264 @ 0x31ade40] i16 v,h,dc,p: 24% 38% 21% 18%
[libx264 @ 0x31ade40] i8 v,h,dc,ddl,ddr,vr,hd,vl,hu: 10% 22% 30%  6%  6%  4%  8%  4%  9%
[libx264 @ 0x31ade40] i4 v,h,dc,ddl,ddr,vr,hd,vl,hu: 15% 30% 19%  6%  7%  5%  8%  4%  7%
[libx264 @ 0x31ade40] i8c dc,h,v,p: 69% 16% 12%  4%
[libx264 @ 0x31ade40] kb/s:5137.15
Stopping Capture
