00000001: 11.6568   (Y': 10.3955   Cb: 11.6913   Cr: 13.3899 )
00000000: 11.5766   (Y': 10.3439   Cb: 11.6028   Cr: 13.2658 )
00000002: 11.7099   (Y': 10.4137   Cb: 11.7791   Cr: 13.4618 )
00000007: 11.9263   (Y': 10.6046   Cb: 11.9471   Cr: 13.8033 )
00000006: 11.944    (Y': 10.6794   Cb: 11.9356   Cr: 13.748  )
00000004: 11.88     (Y': 10.6176   Cb: 11.9131   Cr: 13.6178 )
00000005: 11.9212   (Y': 10.6687   Cb: 11.9325   Cr: 13.6713 )
00000003: 11.8071   (Y': 10.5503   Cb: 11.8305   Cr: 13.5482 )
00000009: 11.7918   (Y': 10.4319   Cb: 11.8068   Cr: 13.7589 )
00000008: 11.879    (Y': 10.5486   Cb: 11.8845   Cr: 13.7979 )
00000010: 11.6912   (Y': 10.3397   Cb: 11.7048   Cr: 13.6423 )
00000013: 11.5207   (Y': 10.2622   Cb: 11.4195   Cr: 13.4568 )
00000012: 11.5386   (Y': 10.2292   Cb: 11.4806   Cr: 13.513  )
00000011: 11.5862   (Y': 10.2579   Cb: 11.5487   Cr: 13.5685 )
00000014: 11.4797   (Y': 10.25     Cb: 11.3757   Cr: 13.3607 )
00000015: 11.3098   (Y': 10.2363   Cb: 11.1229   Cr: 13.013  )
00000017: 11.4504   (Y': 10.2144   Cb: 11.3641   Cr: 13.3166 )
00000016: 11.3565   (Y': 10.2251   Cb: 11.2233   Cr: 13.0877 )
00000018: 11.5009   (Y': 10.1889   Cb: 11.4624   Cr: 13.4502 )
00000019: 11.4286   (Y': 10.1269   Cb: 11.4051   Cr: 13.3323 )
00000020: 11.3916   (Y': 10.1011   Cb: 11.3573   Cr: 13.2892 )
00000022: 11.3051   (Y': 10.1101   Cb: 11.2111   Cr: 13.1008 )
00000021: 11.3412   (Y': 10.1102   Cb: 11.2735   Cr: 13.1683 )
00000023: 11.3594   (Y': 10.1866   Cb: 11.2523   Cr: 13.1311 )
00000024: 11.3712   (Y': 10.224    Cb: 11.2559   Cr: 13.1054 )
00000025: 11.5178   (Y': 10.3311   Cb: 11.4215   Cr: 13.3006 )
00000026: 11.589    (Y': 10.4171   Cb: 11.4752   Cr: 13.3693 )
00000027: 11.6814   (Y': 10.4514   Cb: 11.5818   Cr: 13.5561 )
00000028: 11.7475   (Y': 10.4993   Cb: 11.6788   Cr: 13.6109 )
00000030: 11.7867   (Y': 10.4729   Cb: 11.767    Cr: 13.71   )
00000032: 11.7465   (Y': 10.4441   Cb: 11.7513   Cr: 13.608  )
00000029: 11.7761   (Y': 10.464    Cb: 11.7653   Cr: 13.6821 )
00000031: 11.7389   (Y': 10.4626   Cb: 11.7192   Cr: 13.5843 )
00000033: 11.7432   (Y': 10.46     Cb: 11.7093   Cr: 13.6248 )
00000034: 11.7243   (Y': 10.4225   Cb: 11.6798   Cr: 13.6611 )
00000035: 11.7355   (Y': 10.3984   Cb: 11.7641   Cr: 13.6328 )
00000040: 11.6895   (Y': 10.3767   Cb: 11.7136   Cr: 13.5431 )
00000037: 11.8413   (Y': 10.4817   Cb: 11.9057   Cr: 13.7313 )
00000036: 11.7367   (Y': 10.3822   Cb: 11.7474   Cr: 13.6988 )
00000038: 11.8067   (Y': 10.4582   Cb: 11.8678   Cr: 13.6785 )
00000042: 11.6937   (Y': 10.3784   Cb: 11.6818   Cr: 13.6082 )
00000039: 11.7047   (Y': 10.3859   Cb: 11.7311   Cr: 13.5672 )
00000041: 11.6633   (Y': 10.354    Cb: 11.6598   Cr: 13.5521 )
00000043: 11.6823   (Y': 10.3283   Cb: 11.669    Cr: 13.6811 )
00000044: 11.6455   (Y': 10.3219   Cb: 11.6429   Cr: 13.563  )
00000046: 11.6324   (Y': 10.2982   Cb: 11.6374   Cr: 13.5602 )
00000045: 11.6594   (Y': 10.3056   Cb: 11.6537   Cr: 13.6459 )
00000047: 11.6044   (Y': 10.2569   Cb: 11.6416   Cr: 13.5109 )
00000048: 11.5759   (Y': 10.2494   Cb: 11.5778   Cr: 13.4924 )
00000050: 11.5536   (Y': 10.2429   Cb: 11.5448   Cr: 13.4534 )
00000049: 11.5792   (Y': 10.2584   Cb: 11.5513   Cr: 13.5301 )
00000051: 11.5435   (Y': 10.2392   Cb: 11.5086   Cr: 13.4707 )
00000052: 11.542    (Y': 10.2295   Cb: 11.5105   Cr: 13.4812 )
00000053: 11.5761   (Y': 10.2569   Cb: 11.5598   Cr: 13.5054 )
00000054: 11.515    (Y': 10.1975   Cb: 11.4949   Cr: 13.4468 )
00000055: 11.4973   (Y': 10.1459   Cb: 11.4904   Cr: 13.4808 )
00000056: 11.4802   (Y': 10.1228   Cb: 11.4765   Cr: 13.4712 )
00000057: 11.5027   (Y': 10.1154   Cb: 11.5312   Cr: 13.5082 )
00000058: 11.4882   (Y': 10.086    Cb: 11.5176   Cr: 13.5248 )
00000059: 11.5349   (Y': 10.0877   Cb: 11.6044   Cr: 13.608  )
00000065: 12.3327   (Y': 10.6274   Cb: 12.6281   Cr: 14.6625 )
00000060: 11.6266   (Y': 10.1647   Cb: 11.6987   Cr: 13.7291 )
00000061: 11.7584   (Y': 10.2626   Cb: 11.8482   Cr: 13.9102 )
00000062: 11.8211   (Y': 10.2985   Cb: 11.9456   Cr: 13.9797 )
00000064: 12.0778   (Y': 10.441    Cb: 12.2849   Cr: 14.378  )
00000063: 11.9922   (Y': 10.3919   Cb: 12.1491   Cr: 14.2842 )
00000066: 12.4883   (Y': 10.7218   Cb: 12.8718   Cr: 14.8348 )
00000067: 12.8409   (Y': 10.9923   Cb: 13.3404   Cr: 15.2209 )
00000068: 12.9785   (Y': 11.0963   Cb: 13.5361   Cr: 15.3591 )
00000069: 13.2302   (Y': 11.2394   Cb: 13.8974   Cr: 15.7414 )
00000071: 13.6387   (Y': 11.4958   Cb: 14.4917   Cr: 16.3113 )
00000072: 13.757    (Y': 11.5443   Cb: 14.7034   Cr: 16.5032 )
00000070: 13.3763   (Y': 11.3304   Cb: 14.1171   Cr: 15.9328 )
00000073: 14.0343   (Y': 11.7587   Cb: 15.0468   Cr: 16.8807 )
00000074: 14.1139   (Y': 11.8227   Cb: 15.1681   Cr: 16.948  )
00000075: 14.2672   (Y': 11.885    Cb: 15.449    Cr: 17.2125 )
00000076: 14.3094   (Y': 11.9316   Cb: 15.5213   Cr: 17.1949 )
00000077: 14.4471   (Y': 11.9776   Cb: 15.827    Cr: 17.4028 )
00000078: 14.4899   (Y': 11.9903   Cb: 15.8986   Cr: 17.5101 )
00000079: 14.6073   (Y': 12.0867   Cb: 16.0953   Cr: 17.5885 )
00000080: 14.5875   (Y': 12.0746   Cb: 16.0776   Cr: 17.5383 )
00000081: 14.5672   (Y': 12.0373   Cb: 16.1065   Cr: 17.5097 )
00000082: 14.6087   (Y': 12.1045   Cb: 16.1024   Cr: 17.5245 )
00000083: 14.6537   (Y': 12.155    Cb: 16.2221   Cr: 17.4492 )
00000084: 14.6216   (Y': 12.1269   Cb: 16.19     Cr: 17.4036 )
00000086: 14.5084   (Y': 12.0644   Cb: 16.0694   Cr: 17.133  )
00000085: 14.5469   (Y': 12.0631   Cb: 16.1546   Cr: 17.2411 )
00000087: 14.4498   (Y': 12.0423   Cb: 15.9613   Cr: 17.0214 )
00000088: 14.4315   (Y': 12.0093   Cb: 16.0026   Cr: 16.974  )
00000090: 14.5931   (Y': 12.1241   Cb: 16.2523   Cr: 17.1742 )
00000089: 14.4856   (Y': 12.0655   Cb: 16.0885   Cr: 16.9823 )
00000091: 14.6981   (Y': 12.2492   Cb: 16.2039   Cr: 17.4106 )
00000092: 14.7685   (Y': 12.3638   Cb: 16.1643   Cr: 17.4836 )
00000093: 14.9248   (Y': 12.5703   Cb: 16.2697   Cr: 17.548  )
00000096: 15.3203   (Y': 12.9014   Cb: 16.7365   Cr: 18.0542 )
00000094: 15.0308   (Y': 12.631    Cb: 16.4248   Cr: 17.7325 )
00000097: 15.4083   (Y': 13.0857   Cb: 16.6671   Cr: 18.0485 )
00000095: 15.2645   (Y': 12.8116   Cb: 16.7284   Cr: 18.0462 )
00000098: 15.344    (Y': 12.9866   Cb: 16.6455   Cr: 18.0351 )
00000099: 15.0467   (Y': 12.8987   Cb: 16.163    Cr: 17.3613 )
00000100: 14.962    (Y': 12.8292   Cb: 16.1344   Cr: 17.1624 )
00000103: 14.7138   (Y': 12.5031   Cb: 15.9928   Cr: 16.9949 )
00000101: 14.7967   (Y': 12.6735   Cb: 16.0797   Cr: 16.836  )
00000102: 14.8179   (Y': 12.6012   Cb: 16.2283   Cr: 16.955  )
00000104: 14.8315   (Y': 12.6117   Cb: 16.1163   Cr: 17.1311 )
00000105: 14.9649   (Y': 12.7319   Cb: 16.2612   Cr: 17.2877 )
00000107: 14.8473   (Y': 12.6003   Cb: 16.2122   Cr: 17.1238 )
00000106: 14.8957   (Y': 12.7269   Cb: 16.1597   Cr: 17.0794 )
00000108: 14.7847   (Y': 12.498    Cb: 16.2761   Cr: 17.0208 )
00000109: 14.4194   (Y': 12.1924   Cb: 15.7592   Cr: 16.6708 )
00000110: 14.4875   (Y': 12.1824   Cb: 15.8912   Cr: 16.8836 )
00000112: 14.6835   (Y': 12.2772   Cb: 16.1461   Cr: 17.3149 )
00000111: 14.6214   (Y': 12.2209   Cb: 16.0944   Cr: 17.2207 )
00000113: 14.3142   (Y': 11.9322   Cb: 15.7736   Cr: 16.8727 )
00000115: 13.735    (Y': 11.4344   Cb: 15.1283   Cr: 16.1313 )
00000114: 14.4491   (Y': 12.1359   Cb: 15.9114   Cr: 16.7963 )
00000116: 13.5704   (Y': 11.3167   Cb: 14.9326   Cr: 15.8695 )
00000117: 13.8257   (Y': 11.6487   Cb: 15.1532   Cr: 15.9541 )
00000118: 13.598    (Y': 11.3692   Cb: 14.9255   Cr: 15.8691 )
00000119: 13.6265   (Y': 11.3373   Cb: 15.0022   Cr: 16.0112 )
00000120: 13.6492   (Y': 11.325    Cb: 15.0557   Cr: 16.0989 )
00000121: 13.6537   (Y': 11.3157   Cb: 15.1445   Cr: 16.0387 )
00000123: 13.7236   (Y': 11.3628   Cb: 15.2576   Cr: 16.1239 )
00000122: 13.6504   (Y': 11.2883   Cb: 15.1588   Cr: 16.0863 )
00000124: 13.7426   (Y': 11.3423   Cb: 15.3335   Cr: 16.1927 )
00000125: 13.8225   (Y': 11.4167   Cb: 15.45     Cr: 16.2451 )
00000127: 13.7887   (Y': 11.3711   Cb: 15.4018   Cr: 16.2652 )
00000128: 13.7561   (Y': 11.318    Cb: 15.3686   Cr: 16.2972 )
00000126: 13.8054   (Y': 11.4025   Cb: 15.4155   Cr: 16.2407 )
00000129: 13.7501   (Y': 11.3248   Cb: 15.3445   Cr: 16.2736 )
00000130: 13.7642   (Y': 11.3429   Cb: 15.3844   Cr: 16.2434 )
00000131: 13.8565   (Y': 11.4269   Cb: 15.4451   Cr: 16.4007 )
00000132: 13.9196   (Y': 11.5019   Cb: 15.5273   Cr: 16.4031 )
00000134: 14.1054   (Y': 11.7299   Cb: 15.744    Cr: 16.4242 )
00000133: 14.0379   (Y': 11.634    Cb: 15.6661   Cr: 16.4543 )
00000136: 14.2643   (Y': 11.8449   Cb: 15.9942   Cr: 16.608  )
00000135: 14.1987   (Y': 11.7907   Cb: 15.877    Cr: 16.5677 )
00000137: 14.3463   (Y': 11.9165   Cb: 16.0946   Cr: 16.6999 )
00000138: 14.4254   (Y': 11.9886   Cb: 16.1428   Cr: 16.8362 )
00000141: 14.8015   (Y': 12.3657   Cb: 16.5619   Cr: 17.1589 )
00000140: 14.6506   (Y': 12.2073   Cb: 16.4175   Cr: 17.0235 )
00000139: 14.5454   (Y': 12.112    Cb: 16.2576   Cr: 16.9514 )
00000143: 15.0578   (Y': 12.6154   Cb: 16.7671   Cr: 17.4954 )
00000142: 14.9148   (Y': 12.4829   Cb: 16.6973   Cr: 17.2359 )
00000144: 15.0907   (Y': 12.6501   Cb: 16.7877   Cr: 17.5369 )
00000145: 15.2416   (Y': 12.8078   Cb: 16.8101   Cr: 17.8239 )
00000146: 15.2801   (Y': 12.8751   Cb: 16.7874   Cr: 17.8494 )
00000147: 15.2749   (Y': 12.9837   Cb: 16.607    Cr: 17.7209 )
00000150: 15.1142   (Y': 12.8626   Cb: 16.2567   Cr: 17.6956 )
00000148: 15.2436   (Y': 12.9649   Cb: 16.5135   Cr: 17.7341 )
00000152: 14.7264   (Y': 12.5326   Cb: 15.8345   Cr: 17.1831 )
00000151: 14.9425   (Y': 12.7288   Cb: 16.0812   Cr: 17.4156 )
00000149: 15.1824   (Y': 12.9494   Cb: 16.3422   Cr: 17.6841 )
00000153: 14.4821   (Y': 12.3174   Cb: 15.4851   Cr: 16.9996 )
00000154: 14.322    (Y': 12.1574   Cb: 15.2977   Cr: 16.878  )
00000155: 14.056    (Y': 11.8632   Cb: 14.9895   Cr: 16.7599 )
00000159: 13.365    (Y': 11.0662   Cb: 14.3639   Cr: 16.3086 )
00000156: 13.9532   (Y': 11.7533   Cb: 14.9087   Cr: 16.646  )
00000157: 13.7114   (Y': 11.4743   Cb: 14.6544   Cr: 16.5402 )
00000158: 13.6118   (Y': 11.3545   Cb: 14.571    Cr: 16.4808 )
00000160: 13.328    (Y': 11.046    Cb: 14.3514   Cr: 16.1787 )
00000161: 13.3967   (Y': 11.1599   Cb: 14.4336   Cr: 16.0834 )
00000162: 13.4113   (Y': 11.2099   Cb: 14.4492   Cr: 15.9886 )
00000165: 13.4949   (Y': 11.4785   Cb: 14.4068   Cr: 15.7241 )
00000164: 13.5098   (Y': 11.4762   Cb: 14.4305   Cr: 15.7733 )
00000163: 13.4886   (Y': 11.4281   Cb: 14.4219   Cr: 15.808  )
00000166: 13.5173   (Y': 11.5504   Cb: 14.4034   Cr: 15.6519 )
00000167: 13.7043   (Y': 11.7894   Cb: 14.5461   Cr: 15.7661 )
00000168: 13.7504   (Y': 11.8453   Cb: 14.5588   Cr: 15.8319 )
00000169: 13.837    (Y': 12.0481   Cb: 14.5639   Cr: 15.7452 )
00000170: 13.807    (Y': 12.0693   Cb: 14.4483   Cr: 15.7098 )
00000171: 13.8321   (Y': 12.1015   Cb: 14.4436   Cr: 15.7585 )
00000175: 13.8678   (Y': 12.1694   Cb: 14.5542   Cr: 15.6226 )
00000172: 13.9083   (Y': 12.1916   Cb: 14.554    Cr: 15.7568 )
00000173: 13.9318   (Y': 12.223    Cb: 14.5955   Cr: 15.7391 )
00000174: 13.9377   (Y': 12.2225   Cb: 14.5967   Cr: 15.7656 )
00000176: 13.8805   (Y': 12.1868   Cb: 14.5927   Cr: 15.5922 )
00000177: 13.9044   (Y': 12.2332   Cb: 14.6046   Cr: 15.5819 )
00000178: 13.8794   (Y': 12.1981   Cb: 14.5976   Cr: 15.5562 )
00000182: 13.8492   (Y': 12.2026   Cb: 14.5759   Cr: 15.4416 )
00000179: 13.8717   (Y': 12.2014   Cb: 14.5893   Cr: 15.5255 )
00000181: 13.846    (Y': 12.2074   Cb: 14.5734   Cr: 15.4209 )
00000183: 13.7473   (Y': 12.0692   Cb: 14.5091   Cr: 15.3635 )
00000180: 13.8723   (Y': 12.2246   Cb: 14.6019   Cr: 15.4636 )
00000184: 13.6952   (Y': 12.0089   Cb: 14.4879   Cr: 15.2917 )
00000185: 13.6395   (Y': 11.9661   Cb: 14.4014   Cr: 15.2458 )
00000186: 13.5993   (Y': 11.9277   Cb: 14.3763   Cr: 15.1836 )
00000187: 13.5707   (Y': 11.8997   Cb: 14.3406   Cr: 15.1621 )
00000189: 13.4466   (Y': 11.7418   Cb: 14.2577   Cr: 15.0606 )
00000188: 13.5412   (Y': 11.8489   Cb: 14.3515   Cr: 15.1293 )
00000190: 13.4122   (Y': 11.6836   Cb: 14.2423   Cr: 15.0548 )
00000191: 13.3338   (Y': 11.6294   Cb: 14.1662   Cr: 14.9216 )
00000192: 13.2511   (Y': 11.5239   Cb: 14.1052   Cr: 14.8619 )
00000193: 13.0965   (Y': 11.3396   Cb: 13.9703   Cr: 14.7483 )
00000195: 12.8576   (Y': 11.0803   Cb: 13.7313   Cr: 14.5546 )
00000196: 12.7711   (Y': 10.9863   Cb: 13.6511   Cr: 14.477  )
00000194: 13.0369   (Y': 11.2761   Cb: 13.916    Cr: 14.6908 )
00000197: 12.7018   (Y': 10.9329   Cb: 13.5714   Cr: 14.3849 )
00000198: 12.7052   (Y': 10.9128   Cb: 13.6263   Cr: 14.379  )
00000199: 12.6793   (Y': 10.8986   Cb: 13.5804   Cr: 14.351  )
00000200: 12.6846   (Y': 10.9046   Cb: 13.5694   Cr: 14.374  )
00000201: 12.6309   (Y': 10.8287   Cb: 13.5405   Cr: 14.3402 )
00000202: 12.6529   (Y': 10.8549   Cb: 13.5616   Cr: 14.3536 )
00000203: 12.6626   (Y': 10.8229   Cb: 13.6305   Cr: 14.3869 )
00000204: 12.6673   (Y': 10.8312   Cb: 13.6325   Cr: 14.3863 )
00000205: 12.6373   (Y': 10.7907   Cb: 13.5997   Cr: 14.3837 )
00000207: 12.6923   (Y': 10.8825   Cb: 13.6441   Cr: 14.3684 )
00000206: 12.6014   (Y': 10.7457   Cb: 13.5574   Cr: 14.3764 )
00000208: 12.72     (Y': 10.9146   Cb: 13.6634   Cr: 14.3963 )
00000209: 12.7154   (Y': 10.9272   Cb: 13.6581   Cr: 14.3542 )
00000210: 12.7054   (Y': 10.9301   Cb: 13.6384   Cr: 14.3274 )
00000211: 12.7258   (Y': 10.9528   Cb: 13.6407   Cr: 14.364  )
00000212: 12.7604   (Y': 11.001    Cb: 13.6637   Cr: 14.3825 )
00000213: 12.8149   (Y': 11.0706   Cb: 13.7082   Cr: 14.4163 )
00000214: 12.8614   (Y': 11.0921   Cb: 13.7852   Cr: 14.481  )
00000215: 12.8944   (Y': 11.1462   Cb: 13.7909   Cr: 14.5    )
00000216: 12.933    (Y': 11.1731   Cb: 13.8404   Cr: 14.5512 )
00000217: 12.9492   (Y': 11.1864   Cb: 13.872    Cr: 14.5558 )
00000218: 12.9936   (Y': 11.2014   Cb: 13.96     Cr: 14.6137 )
00000221: 13.3189   (Y': 11.4916   Cb: 14.2786   Cr: 15.0248 )
00000219: 13.1228   (Y': 11.3034   Cb: 14.0768   Cr: 14.8177 )
00000220: 13.229    (Y': 11.4492   Cb: 14.1338   Cr: 14.8941 )
00000222: 13.3673   (Y': 11.5755   Cb: 14.3032   Cr: 15.0221 )
00000223: 13.4907   (Y': 11.6682   Cb: 14.4542   Cr: 15.1811 )
00000224: 13.5816   (Y': 11.7895   Cb: 14.525    Cr: 15.2285 )
00000226: 13.7598   (Y': 11.9489   Cb: 14.6817   Cr: 15.474  )
00000225: 13.693    (Y': 11.8639   Cb: 14.6469   Cr: 15.4101 )
00000228: 13.9841   (Y': 12.1588   Cb: 14.9053   Cr: 15.7314 )
00000229: 14.0962   (Y': 12.2349   Cb: 15.0224   Cr: 15.9207 )
00000227: 13.9059   (Y': 12.0916   Cb: 14.8008   Cr: 15.6604 )
00000231: 14.2653   (Y': 12.3613   Cb: 15.1328   Cr: 16.2662 )
00000230: 14.1726   (Y': 12.313    Cb: 15.0834   Cr: 16.0121 )
00000232: 14.2379   (Y': 12.3034   Cb: 15.1391   Cr: 16.2709 )
00000233: 14.1933   (Y': 12.2816   Cb: 14.9986   Cr: 16.2956 )
00000234: 14.1653   (Y': 12.2885   Cb: 14.8776   Cr: 16.307  )
00000237: 13.6905   (Y': 11.9782   Cb: 14.225    Cr: 15.6802 )
00000235: 14.0342   (Y': 12.2209   Cb: 14.6931   Cr: 16.0923 )
00000236: 13.9359   (Y': 12.1484   Cb: 14.5685   Cr: 15.9678 )
00000238: 13.6225   (Y': 11.8897   Cb: 14.1658   Cr: 15.6479 )
00000239: 13.3823   (Y': 11.7056   Cb: 13.8603   Cr: 15.3682 )
00000240: 13.2858   (Y': 11.6314   Cb: 13.7557   Cr: 15.2313 )
00000241: 13.0388   (Y': 11.4142   Cb: 13.476    Cr: 14.9624 )
00000243: 12.6806   (Y': 11.1343   Cb: 13.017    Cr: 14.5726 )
00000242: 12.9003   (Y': 11.3308   Cb: 13.2493   Cr: 14.8254 )
00000245: 12.2134   (Y': 10.7564   Cb: 12.4318   Cr: 14.0816 )
00000247: 11.6201   (Y': 10.1911   Cb: 11.7204   Cr: 13.6049 )
00000244: 12.5297   (Y': 11.0177   Cb: 12.8065   Cr: 14.4321 )
00000246: 12.0787   (Y': 10.6546   Cb: 12.2617   Cr: 13.9283 )
00000248: 11.5863   (Y': 10.1766   Cb: 11.6914   Cr: 13.5214 )
00000249: 11.5505   (Y': 10.1727   Cb: 11.5908   Cr: 13.517  )
00000251: 11.5114   (Y': 10.2016   Cb: 11.5237   Cr: 13.377  )
00000250: 11.4868   (Y': 10.1481   Cb: 11.4878   Cr: 13.4306 )
00000252: 11.5866   (Y': 10.3003   Cb: 11.5946   Cr: 13.41   )
00000254: 11.463    (Y': 10.1885   Cb: 11.424    Cr: 13.3345 )
00000253: 11.5161   (Y': 10.2442   Cb: 11.4882   Cr: 13.3652 )
00000255: 11.3326   (Y': 10.0765   Cb: 11.2758   Cr: 13.1942 )
00000256: 11.3531   (Y': 10.1308   Cb: 11.2891   Cr: 13.1571 )
00000257: 11.3618   (Y': 10.175    Cb: 11.2953   Cr: 13.0991 )
00000258: 11.3978   (Y': 10.2131   Cb: 11.3532   Cr: 13.0982 )
00000259: 11.3957   (Y': 10.2376   Cb: 11.3424   Cr: 13.0574 )
00000260: 11.4291   (Y': 10.2668   Cb: 11.3799   Cr: 13.0929 )
00000261: 11.6273   (Y': 10.4855   Cb: 11.5993   Cr: 13.221  )
00000262: 11.7454   (Y': 10.5951   Cb: 11.7773   Cr: 13.2691 )
00000263: 11.9014   (Y': 10.737    Cb: 11.9434   Cr: 13.4372 )
00000265: 12.1036   (Y': 10.9071   Cb: 12.2281   Cr: 13.5845 )
00000264: 11.9775   (Y': 10.7952   Cb: 12.0573   Cr: 13.4936 )
00000267: 12.3233   (Y': 11.1063   Cb: 12.4784   Cr: 13.8005 )
00000266: 12.2012   (Y': 11.0089   Cb: 12.3267   Cr: 13.6729 )
00000270: 12.6172   (Y': 11.385    Cb: 12.84     Cr: 14.0323 )
00000268: 12.3911   (Y': 11.1825   Cb: 12.5753   Cr: 13.8137 )
00000269: 12.5431   (Y': 11.3221   Cb: 12.7122   Cr: 14.0089 )
00000271: 12.7641   (Y': 11.4882   Cb: 13.0579   Cr: 14.1672 )
00000273: 12.9943   (Y': 11.693    Cb: 13.3423   Cr: 14.375  )
00000272: 12.8201   (Y': 11.5354   Cb: 13.1385   Cr: 14.2081 )
00000274: 13.0648   (Y': 11.7432   Cb: 13.4464   Cr: 14.4412 )
00000275: 13.2431   (Y': 11.8771   Cb: 13.6603   Cr: 14.6577 )
00000277: 13.4306   (Y': 12.0147   Cb: 13.9257   Cr: 14.8433 )
00000278: 13.5307   (Y': 12.0844   Cb: 14.0709   Cr: 14.9468 )
00000276: 13.2752   (Y': 11.8879   Cb: 13.7159   Cr: 14.7008 )
00000279: 13.6347   (Y': 12.1056   Cb: 14.2706   Cr: 15.0968 )
00000280: 13.7002   (Y': 12.1363   Cb: 14.3946   Cr: 15.1615 )
00000281: 13.8514   (Y': 12.2834   Cb: 14.5893   Cr: 15.2695 )
00000282: 13.8665   (Y': 12.2828   Cb: 14.6179   Cr: 15.3003 )
00000283: 13.9466   (Y': 12.3537   Cb: 14.772    Cr: 15.3133 )
00000284: 13.9856   (Y': 12.4244   Cb: 14.7967   Cr: 15.3065 )
00000285: 14.0926   (Y': 12.492    Cb: 14.9662   Cr: 15.4205 )
00000286: 14.1203   (Y': 12.5255   Cb: 14.9817   Cr: 15.4504 )
00000287: 14.1485   (Y': 12.5917   Cb: 14.9653   Cr: 15.4542 )
00000288: 14.1996   (Y': 12.6098   Cb: 15.0713   Cr: 15.5084 )
00000289: 14.3134   (Y': 12.6573   Cb: 15.3104   Cr: 15.6157 )
00000290: 14.3251   (Y': 12.6371   Cb: 15.3097   Cr: 15.7046 )
00000291: 14.4152   (Y': 12.6805   Cb: 15.4643   Cr: 15.8202 )
00000292: 14.3564   (Y': 12.5754   Cb: 15.4372   Cr: 15.8233 )
00000293: 14.2889   (Y': 12.4818   Cb: 15.3353   Cr: 15.8499 )
00000294: 14.3708   (Y': 12.5149   Cb: 15.4408   Cr: 16.0128 )
00000295: 14.4484   (Y': 12.5577   Cb: 15.5461   Cr: 16.1372 )
00000296: 14.4019   (Y': 12.4622   Cb: 15.5278   Cr: 16.1717 )
00000297: 14.266    (Y': 12.2446   Cb: 15.4683   Cr: 16.1427 )
00000298: 14.2671   (Y': 12.2686   Cb: 15.4138   Cr: 16.1534 )
00000299: 14.2732   (Y': 12.3204   Cb: 15.3099   Cr: 16.1804 )
00000300: 14.1832   (Y': 12.2353   Cb: 15.2222   Cr: 16.0759 )
00000301: 14.0803   (Y': 12.1175   Cb: 15.0729   Cr: 16.0667 )
00000302: 14.0455   (Y': 12.0561   Cb: 15.0977   Cr: 16.0237 )
00000304: 14.0245   (Y': 12.039    Cb: 15.0103   Cr: 16.0764 )
00000303: 14.076    (Y': 12.12     Cb: 15.0678   Cr: 16.0466 )
00000305: 13.9874   (Y': 11.9444   Cb: 15.0233   Cr: 16.123  )
00000306: 14.0876   (Y': 12.015    Cb: 15.1813   Cr: 16.227  )
00000307: 14.5028   (Y': 12.5093   Cb: 15.6222   Cr: 16.4096 )
00000308: 14.2233   (Y': 12.2475   Cb: 15.3272   Cr: 16.1048 )
00000309: 14.052    (Y': 12.0077   Cb: 15.1183   Cr: 16.1523 )
00000310: 13.825    (Y': 11.7993   Cb: 14.8191   Cr: 15.9696 )
00000312: 13.7925   (Y': 11.7736   Cb: 14.785    Cr: 15.9217 )
00000311: 13.8374   (Y': 11.8537   Cb: 14.7913   Cr: 15.9261 )
00000313: 13.8738   (Y': 11.8169   Cb: 14.8566   Cr: 16.1158 )
00000314: 13.906    (Y': 11.8051   Cb: 14.9492   Cr: 16.1875 )
00000315: 13.9294   (Y': 11.7855   Cb: 15.0275   Cr: 16.2566 )
00000316: 13.9765   (Y': 11.7987   Cb: 15.1754   Cr: 16.2671 )
00000319: 14.0418   (Y': 11.8063   Cb: 15.386    Cr: 16.3112 )
00000317: 13.9575   (Y': 11.7499   Cb: 15.2416   Cr: 16.2234 )
00000321: 14.1759   (Y': 11.939    Cb: 15.5508   Cr: 16.4118 )
00000318: 13.9826   (Y': 11.7643   Cb: 15.2636   Cr: 16.2826 )
00000320: 14.0803   (Y': 11.8321   Cb: 15.4765   Cr: 16.322  )
00000322: 14.2654   (Y': 12.0729   Cb: 15.6032   Cr: 16.4235 )
00000323: 14.27     (Y': 12.0594   Cb: 15.6365   Cr: 16.443  )
00000324: 14.2615   (Y': 12.0729   Cb: 15.6403   Cr: 16.36   )
00000326: 14.2349   (Y': 12.0043   Cb: 15.6963   Cr: 16.3501 )
00000325: 14.2488   (Y': 11.9854   Cb: 15.7608   Cr: 16.3956 )
00000327: 14.2734   (Y': 12.0777   Cb: 15.7862   Cr: 16.2373 )
00000328: 14.2755   (Y': 12.0733   Cb: 15.8503   Cr: 16.1886 )
00000329: 14.2671   (Y': 12.0992   Cb: 15.8224   Cr: 16.1135 )
00000330: 14.2399   (Y': 12.1046   Cb: 15.7307   Cr: 16.0743 )
00000331: 14.2102   (Y': 12.1365   Cb: 15.5805   Cr: 16.0244 )
00000333: 14.1864   (Y': 12.2046   Cb: 15.4379   Cr: 15.9122 )
00000332: 14.1934   (Y': 12.1174   Cb: 15.5478   Cr: 16.0309 )
00000334: 14.1524   (Y': 12.1612   Cb: 15.3631   Cr: 15.9463 )
00000336: 13.919    (Y': 11.986    Cb: 14.9761   Cr: 15.754  )
00000335: 13.9855   (Y': 12.0351   Cb: 15.0665   Cr: 15.8333 )
00000337: 13.9219   (Y': 11.9717   Cb: 14.9721   Cr: 15.8066 )
00000338: 13.8862   (Y': 11.9505   Cb: 14.9364   Cr: 15.7357 )
00000339: 13.7865   (Y': 11.8742   Cb: 14.7572   Cr: 15.677  )
00000340: 13.7112   (Y': 11.8646   Cb: 14.5551   Cr: 15.6043 )
00000341: 13.6697   (Y': 11.8877   Cb: 14.4495   Cr: 15.4938 )
00000342: 13.6801   (Y': 11.96     Cb: 14.3962   Cr: 15.4453 )
00000343: 13.6737   (Y': 12.0596   Cb: 14.2768   Cr: 15.3515 )
00000344: 13.679    (Y': 12.1163   Cb: 14.148    Cr: 15.423  )
00000345: 13.7063   (Y': 12.2366   Cb: 14.0491   Cr: 15.4249 )
00000346: 13.7348   (Y': 12.2878   Cb: 14.0832   Cr: 15.399  )
00000347: 13.7328   (Y': 12.2968   Cb: 14.0289   Cr: 15.4457 )
00000348: 13.719    (Y': 12.2559   Cb: 13.9952   Cr: 15.5166 )
00000349: 13.6744   (Y': 12.1702   Cb: 13.9782   Cr: 15.5207 )
00000350: 13.6065   (Y': 12.1294   Cb: 13.8887   Cr: 15.4257 )
00000351: 13.443    (Y': 11.9785   Cb: 13.682    Cr: 15.2973 )
00000352: 13.339    (Y': 11.9185   Cb: 13.5322   Cr: 15.166  )
00000353: 13.1087   (Y': 11.7487   Cb: 13.2751   Cr: 14.8486 )
00000354: 12.9342   (Y': 11.6031   Cb: 13.0662   Cr: 14.6651 )
00000355: 12.6825   (Y': 11.3904   Cb: 12.7697   Cr: 14.4    )
00000357: 12.4522   (Y': 11.2209   Cb: 12.4228   Cr: 14.2214 )
00000356: 12.556    (Y': 11.2634   Cb: 12.637    Cr: 14.2835 )
00000358: 12.4262   (Y': 11.2567   Cb: 12.3379   Cr: 14.1626 )
00000361: 12.3543   (Y': 11.2624   Cb: 12.2118   Cr: 14.0243 )
00000360: 12.3423   (Y': 11.2253   Cb: 12.1892   Cr: 14.0762 )
00000359: 12.3919   (Y': 11.2448   Cb: 12.2722   Cr: 14.1326 )
00000362: 12.3781   (Y': 11.293    Cb: 12.2302   Cr: 14.0432 )
00000363: 12.4681   (Y': 11.4201   Cb: 12.3198   Cr: 14.065  )
00000364: 12.5245   (Y': 11.4668   Cb: 12.3803   Cr: 14.133  )
00000365: 12.5633   (Y': 11.5018   Cb: 12.3796   Cr: 14.2386 )
00000366: 12.5768   (Y': 11.4946   Cb: 12.3849   Cr: 14.3043 )
00000367: 12.6209   (Y': 11.5435   Cb: 12.4306   Cr: 14.3365 )
00000368: 12.6473   (Y': 11.5859   Cb: 12.4668   Cr: 14.3177 )
00000369: 12.7258   (Y': 11.5604   Cb: 12.6125   Cr: 14.4923 )
00000370: 12.8384   (Y': 11.6073   Cb: 12.8196   Cr: 14.5909 )
00000371: 12.9901   (Y': 11.6863   Cb: 13.0412   Cr: 14.7844 )
00000372: 13.0751   (Y': 11.7896   Cb: 13.1332   Cr: 14.8218 )
00000373: 13.0574   (Y': 11.798    Cb: 13.1405   Cr: 14.7162 )
00000374: 12.9848   (Y': 11.7647   Cb: 13.037    Cr: 14.6116 )
00000375: 12.9071   (Y': 11.7751   Cb: 12.9069   Cr: 14.4427 )
00000377: 12.641    (Y': 11.4115   Cb: 12.65     Cr: 14.3488 )
00000376: 12.7328   (Y': 11.6367   Cb: 12.6643   Cr: 14.3004 )
00000378: 12.6519   (Y': 11.4407   Cb: 12.6244   Cr: 14.3781 )
00000379: 12.6496   (Y': 11.4734   Cb: 12.5694   Cr: 14.3868 )
00000380: 12.6711   (Y': 11.5054   Cb: 12.6125   Cr: 14.3557 )
00000382: 12.6811   (Y': 11.5875   Cb: 12.5945   Cr: 14.2707 )
00000381: 12.6469   (Y': 11.5344   Cb: 12.5487   Cr: 14.2892 )
00000383: 12.6441   (Y': 11.6846   Cb: 12.4522   Cr: 14.1463 )
00000384: 12.6721   (Y': 11.7776   Cb: 12.4766   Cr: 14.0673 )
00000385: 12.6267   (Y': 11.6181   Cb: 12.4628   Cr: 14.1749 )
00000386: 12.6883   (Y': 11.6962   Cb: 12.5134   Cr: 14.2233 )
00000387: 12.7768   (Y': 11.849    Cb: 12.5488   Cr: 14.2772 )
00000388: 12.8478   (Y': 11.8879   Cb: 12.6497   Cr: 14.3599 )
00000389: 12.7718   (Y': 11.7355   Cb: 12.6125   Cr: 14.3638 )
00000390: 12.6956   (Y': 11.6471   Cb: 12.5203   Cr: 14.3341 )
00000391: 12.6522   (Y': 11.5439   Cb: 12.564    Cr: 14.2715 )
00000393: 12.4919   (Y': 11.3561   Cb: 12.4502   Cr: 14.0942 )
00000392: 12.6066   (Y': 11.5047   Cb: 12.518    Cr: 14.2147 )
00000394: 12.4838   (Y': 11.3375   Cb: 12.4577   Cr: 14.0831 )
00000395: 12.5294   (Y': 11.3132   Cb: 12.5906   Cr: 14.1358 )
00000396: 12.6033   (Y': 11.3523   Cb: 12.7255   Cr: 14.1903 )
00000397: 12.7271   (Y': 11.4126   Cb: 12.9798   Cr: 14.2575 )
00000398: 12.7848   (Y': 11.4865   Cb: 12.9991   Cr: 14.3356 )
00000399: 12.7607   (Y': 11.3582   Cb: 12.9633   Cr: 14.5362 )
00000400: 12.8132   (Y': 11.3667   Cb: 13.0836   Cr: 14.584  )
00000401: 12.6821   (Y': 11.1888   Cb: 12.945    Cr: 14.564  )
00000402: 12.6808   (Y': 11.2104   Cb: 12.9383   Cr: 14.5209 )
00000403: 12.6076   (Y': 11.102    Cb: 12.9154   Cr: 14.4516 )
00000404: 12.5589   (Y': 11.0712   Cb: 12.8502   Cr: 14.3875 )
00000405: 12.5446   (Y': 11.0359   Cb: 12.8223   Cr: 14.4385 )
00000406: 12.5542   (Y': 11.0925   Cb: 12.7737   Cr: 14.4307 )
00000407: 12.6237   (Y': 11.1032   Cb: 12.8081   Cr: 14.6836 )
00000408: 12.6221   (Y': 11.1429   Cb: 12.7643   Cr: 14.6534 )
00000409: 12.6982   (Y': 11.2364   Cb: 12.7906   Cr: 14.7678 )
00000410: 12.6806   (Y': 11.1745   Cb: 12.8147   Cr: 14.7858 )
00000411: 12.7258   (Y': 11.2084   Cb: 12.8576   Cr: 14.8603 )
00000412: 12.6826   (Y': 11.1854   Cb: 12.7788   Cr: 14.8274 )
00000413: 12.6785   (Y': 11.1966   Cb: 12.7435   Cr: 14.838  )
00000414: 12.6134   (Y': 11.1735   Cb: 12.612    Cr: 14.7846 )
00000415: 12.6278   (Y': 11.2062   Cb: 12.5983   Cr: 14.8037 )
00000417: 12.7047   (Y': 11.3201   Cb: 12.6523   Cr: 14.8346 )
00000416: 12.621    (Y': 11.196    Cb: 12.6068   Cr: 14.7791 )
00000418: 12.7      (Y': 11.2774   Cb: 12.7032   Cr: 14.8242 )
00000419: 12.8072   (Y': 11.4415   Cb: 12.7468   Cr: 14.9083 )
00000420: 12.8563   (Y': 11.4694   Cb: 12.8151   Cr: 14.9732 )
00000421: 12.8943   (Y': 11.552    Cb: 12.7961   Cr: 15.0056 )
00000422: 12.913    (Y': 11.6053   Cb: 12.817    Cr: 14.945  )
00000423: 13.0338   (Y': 11.7702   Cb: 12.8777   Cr: 15.0705 )
00000424: 13.0326   (Y': 11.763    Cb: 12.8623   Cr: 15.1055 )
00000425: 13.0927   (Y': 11.84     Cb: 12.9206   Cr: 15.1325 )
00000427: 13.1957   (Y': 11.9278   Cb: 12.9882   Cr: 15.3279 )
00000426: 13.1147   (Y': 11.8707   Cb: 12.9347   Cr: 15.1489 )
00000428: 13.1844   (Y': 11.8682   Cb: 13.0228   Cr: 15.345  )
00000429: 13.2818   (Y': 11.857    Cb: 13.2885   Cr: 15.4057 )
00000430: 13.1787   (Y': 11.7117   Cb: 13.2115   Cr: 15.3563 )
00000431: 13.3729   (Y': 11.8333   Cb: 13.5385   Cr: 15.5058 )
00000432: 13.2691   (Y': 11.7392   Cb: 13.4102   Cr: 15.4181 )
00000433: 13.2515   (Y': 11.6388   Cb: 13.5533   Cr: 15.3454 )
00000434: 13.2795   (Y': 11.6584   Cb: 13.6124   Cr: 15.3465 )
00000435: 13.1666   (Y': 11.5878   Cb: 13.476    Cr: 15.171  )
00000437: 13.3041   (Y': 11.5622   Cb: 13.5638   Cr: 15.7868 )
00000436: 13.2712   (Y': 11.6525   Cb: 13.5403   Cr: 15.4293 )
00000438: 13.2907   (Y': 11.5404   Cb: 13.5569   Cr: 15.7846 )
00000439: 13.1558   (Y': 11.3714   Cb: 13.4024   Cr: 15.7755 )
00000440: 13.2777   (Y': 11.4412   Cb: 13.5851   Cr: 15.9374 )
00000441: 13.108    (Y': 11.287    Cb: 13.3342   Cr: 15.8665 )
00000442: 13.0561   (Y': 11.2343   Cb: 13.2728   Cr: 15.8336 )
00000443: 12.7001   (Y': 10.9414   Cb: 12.8815   Cr: 15.3624 )
00000444: 12.5257   (Y': 10.8032   Cb: 12.662    Cr: 15.1692 )
00000445: 12.4267   (Y': 10.7285   Cb: 12.4654   Cr: 15.1806 )
00000446: 12.4437   (Y': 10.7145   Cb: 12.5391   Cr: 15.1795 )
00000447: 12.5602   (Y': 10.8528   Cb: 12.6827   Cr: 15.1869 )
00000448: 12.5934   (Y': 10.851    Cb: 12.7631   Cr: 15.232  )
00000449: 12.6929   (Y': 10.9954   Cb: 12.8142   Cr: 15.2948 )
00000450: 12.7123   (Y': 11.02     Cb: 12.8791   Cr: 15.2212 )
00000451: 12.7559   (Y': 11.1362   Cb: 12.9029   Cr: 15.1122 )
00000452: 12.7538   (Y': 11.1863   Cb: 12.8542   Cr: 15.0585 )
00000453: 12.7725   (Y': 11.2199   Cb: 12.8733   Cr: 15.0403 )
00000454: 12.6738   (Y': 11.0594   Cb: 12.8657   Cr: 14.9436 )
00000456: 12.6725   (Y': 11.0013   Cb: 12.9419   Cr: 14.9581 )
00000457: 12.7201   (Y': 11.0962   Cb: 12.9664   Cr: 14.9264 )
00000458: 12.6586   (Y': 11.0808   Cb: 12.8719   Cr: 14.8065 )
00000455: 12.6744   (Y': 11.0165   Cb: 12.8981   Cr: 15.0004 )
00000459: 12.6563   (Y': 11.0838   Cb: 12.8781   Cr: 14.7783 )
00000460: 12.6252   (Y': 11.0056   Cb: 12.8861   Cr: 14.7982 )
00000461: 12.6269   (Y': 11.0984   Cb: 12.7829   Cr: 14.7491 )
00000462: 12.6408   (Y': 11.1184   Cb: 12.7986   Cr: 14.7462 )
00000464: 12.4665   (Y': 11.0624   Cb: 12.5082   Cr: 14.4875 )
00000463: 12.4406   (Y': 11.0074   Cb: 12.5189   Cr: 14.4686 )
00000465: 12.2797   (Y': 10.8883   Cb: 12.3333   Cr: 14.2545 )
00000466: 12.2692   (Y': 10.9021   Cb: 12.299    Cr: 14.2286 )
00000467: 12.2329   (Y': 10.9166   Cb: 12.1866   Cr: 14.2034 )
00000468: 12.2325   (Y': 10.9152   Cb: 12.1787   Cr: 14.2173 )
00000469: 12.3244   (Y': 10.9291   Cb: 12.3445   Cr: 14.3605 )
00000470: 12.3594   (Y': 10.9508   Cb: 12.4248   Cr: 14.3536 )
00000472: 12.6188   (Y': 11.0728   Cb: 12.8035   Cr: 14.7365 )
00000471: 12.5447   (Y': 11.0566   Cb: 12.6961   Cr: 14.582  )
00000473: 12.7112   (Y': 11.0778   Cb: 12.9811   Cr: 14.9033 )
00000474: 12.7689   (Y': 11.0721   Cb: 13.1027   Cr: 15.0165 )
00000477: 12.8091   (Y': 11.0857   Cb: 13.1184   Cr: 15.1626 )
00000476: 12.8215   (Y': 11.0753   Cb: 13.1735   Cr: 15.1655 )
00000478: 12.8535   (Y': 11.1218   Cb: 13.1932   Cr: 15.1797 )
00000475: 12.7375   (Y': 10.9969   Cb: 13.0733   Cr: 15.0925 )
00000479: 12.8724   (Y': 11.1653   Cb: 13.1931   Cr: 15.1663 )
00000480: 12.9029   (Y': 11.2536   Cb: 13.1746   Cr: 15.1307 )
00000481: 13.0125   (Y': 11.4293   Cb: 13.2117   Cr: 15.1954 )
00000482: 13.1022   (Y': 11.5592   Cb: 13.3104   Cr: 15.1767 )
00000483: 13.1101   (Y': 11.5521   Cb: 13.2798   Cr: 15.2798 )
00000486: 12.7432   (Y': 11.1936   Cb: 12.89     Cr: 14.9292 )
00000485: 12.7695   (Y': 11.2502   Cb: 12.886    Cr: 14.933  )
00000484: 13.0183   (Y': 11.4089   Cb: 13.2547   Cr: 15.2048 )
00000487: 12.7097   (Y': 11.1178   Cb: 12.8441   Cr: 15.0182 )
00000488: 12.8351   (Y': 11.2936   Cb: 12.9276   Cr: 15.0903 )
00000489: 13.0364   (Y': 11.4377   Cb: 13.1617   Cr: 15.3767 )
00000490: 13.003    (Y': 11.4484   Cb: 13.1161   Cr: 15.2555 )
00000491: 13.0439   (Y': 11.4489   Cb: 13.1698   Cr: 15.3739 )
00000494: 13.3512   (Y': 11.8245   Cb: 13.3761   Cr: 15.6835 )
00000493: 13.2515   (Y': 11.7594   Cb: 13.2571   Cr: 15.5332 )
00000492: 13.1106   (Y': 11.5233   Cb: 13.2122   Cr: 15.462  )
00000495: 13.5243   (Y': 12.0907   Cb: 13.4691   Cr: 15.7709 )
00000496: 13.5362   (Y': 12.0402   Cb: 13.5712   Cr: 15.7778 )
00000497: 13.4346   (Y': 11.8863   Cb: 13.6162   Cr: 15.5625 )
00000498: 13.3597   (Y': 11.7548   Cb: 13.5962   Cr: 15.5356 )
00000499: 13.3487   (Y': 11.8185   Cb: 13.4902   Cr: 15.4978 )
00000500: 13.3534   (Y': 11.8204   Cb: 13.5248   Cr: 15.462  )
00000502: 13.5056   (Y': 12.0442   Cb: 13.6573   Cr: 15.4824 )
00000501: 13.5009   (Y': 11.9926   Cb: 13.6779   Cr: 15.544  )
00000503: 13.7542   (Y': 12.3758   Cb: 13.858    Cr: 15.6246 )
00000504: 13.7693   (Y': 12.4155   Cb: 13.8258   Cr: 15.6594 )
00000506: 13.6089   (Y': 12.4519   Cb: 13.5456   Cr: 15.2834 )
00000505: 13.5653   (Y': 12.3465   Cb: 13.5124   Cr: 15.345  )
00000507: 13.581    (Y': 12.4337   Cb: 13.5318   Cr: 15.2162 )
00000508: 13.4291   (Y': 12.311    Cb: 13.3224   Cr: 15.0942 )
00000509: 13.3664   (Y': 12.275    Cb: 13.1972   Cr: 15.0758 )
00000510: 13.3128   (Y': 12.2155   Cb: 13.0981   Cr: 15.1052 )
00000511: 12.9828   (Y': 11.8467   Cb: 12.8244   Cr: 14.7623 )
00000512: 12.8738   (Y': 11.6242   Cb: 12.794    Cr: 14.7577 )
00000513: 12.6494   (Y': 11.3665   Cb: 12.4927   Cr: 14.7287 )
00000514: 12.6556   (Y': 11.3354   Cb: 12.5928   Cr: 14.661  )
00000516: 12.6593   (Y': 11.4157   Cb: 12.529    Cr: 14.6109 )
00000515: 12.6784   (Y': 11.4313   Cb: 12.5695   Cr: 14.6031 )
00000517: 12.6995   (Y': 11.5103   Cb: 12.5632   Cr: 14.5494 )
00000519: 12.8799   (Y': 11.8805   Cb: 12.6353   Cr: 14.5338 )
00000518: 12.8028   (Y': 11.655    Cb: 12.6687   Cr: 14.5674 )
00000522: 12.8285   (Y': 11.658    Cb: 12.7869   Cr: 14.4965 )
00000521: 12.8109   (Y': 11.7256   Cb: 12.6882   Cr: 14.4383 )
00000520: 12.8779   (Y': 11.8605   Cb: 12.6383   Cr: 14.5574 )
00000523: 12.7946   (Y': 11.5199   Cb: 12.8318   Cr: 14.5508 )
00000525: 12.7581   (Y': 11.5123   Cb: 12.7353   Cr: 14.5462 )
00000524: 12.9034   (Y': 11.592    Cb: 12.9455   Cr: 14.7269 )
00000526: 12.8099   (Y': 11.5128   Cb: 12.8402   Cr: 14.6216 )
00000527: 12.7756   (Y': 11.5393   Cb: 12.6703   Cr: 14.6725 )
00000528: 12.7665   (Y': 11.5518   Cb: 12.6253   Cr: 14.676  )
00000529: 12.8502   (Y': 11.5285   Cb: 12.769    Cr: 14.8884 )
00000530: 12.9511   (Y': 11.593    Cb: 12.8908   Cr: 15.035  )
00000531: 12.9625   (Y': 11.5597   Cb: 12.9478   Cr: 15.0717 )
00000533: 13.0353   (Y': 11.6831   Cb: 13.039    Cr: 15.0036 )
00000532: 12.9941   (Y': 11.6467   Cb: 12.9367   Cr: 15.0495 )
00000534: 13.0628   (Y': 11.7335   Cb: 12.9926   Cr: 15.0998 )
00000535: 13.1033   (Y': 11.7736   Cb: 13.0968   Cr: 15.0394 )
00000538: 13.2284   (Y': 11.9248   Cb: 13.2225   Cr: 15.1087 )
00000537: 13.1526   (Y': 11.8029   Cb: 13.1606   Cr: 15.1087 )
00000536: 12.9887   (Y': 11.6775   Cb: 12.9643   Cr: 14.9141 )
00000539: 13.1901   (Y': 11.9116   Cb: 13.1328   Cr: 15.0985 )
00000541: 13.0215   (Y': 11.8078   Cb: 12.8789   Cr: 14.9313 )
00000540: 13.1273   (Y': 11.876    Cb: 13.0345   Cr: 15.0351 )
00000542: 13.0606   (Y': 11.8906   Cb: 12.8606   Cr: 14.9739 )
00000543: 13.0534   (Y': 11.893    Cb: 12.8721   Cr: 14.9171 )
00000545: 13.0994   (Y': 11.9641   Cb: 12.8617   Cr: 15.0039 )
00000544: 13.0632   (Y': 11.9283   Cb: 12.8601   Cr: 14.9109 )
00000546: 13.1504   (Y': 12.0354   Cb: 12.9097   Cr: 15.0192 )
00000547: 13.1949   (Y': 12.0566   Cb: 12.9914   Cr: 15.05   )
00000548: 13.1565   (Y': 12.026    Cb: 12.9901   Cr: 14.9371 )
00000549: 13.3291   (Y': 12.1719   Cb: 13.202    Cr: 15.1009 )
00000550: 13.425    (Y': 12.1932   Cb: 13.4179   Cr: 15.1617 )
00000551: 13.5472   (Y': 12.2469   Cb: 13.6485   Cr: 15.2608 )
00000552: 13.5908   (Y': 12.2515   Cb: 13.756    Cr: 15.2906 )
00000554: 13.6089   (Y': 12.1715   Cb: 13.8466   Cr: 15.4075 )
00000553: 13.5755   (Y': 12.1314   Cb: 13.8061   Cr: 15.3982 )
00000555: 13.5643   (Y': 12.0669   Cb: 13.8619   Cr: 15.405  )
00000556: 13.5731   (Y': 12.087    Cb: 13.8526   Cr: 15.4151 )
00000557: 13.6136   (Y': 12.1067   Cb: 13.9275   Cr: 15.4518 )
00000558: 13.615    (Y': 12.0938   Cb: 13.9485   Cr: 15.456  )
00000559: 13.4668   (Y': 11.8618   Cb: 13.8073   Cr: 15.4852 )
00000560: 13.5319   (Y': 11.9098   Cb: 13.8925   Cr: 15.5599 )
00000562: 13.4737   (Y': 11.8382   Cb: 13.8744   Cr: 15.4744 )
00000561: 13.5551   (Y': 11.8916   Cb: 13.9636   Cr: 15.6098 )
00000563: 13.3821   (Y': 11.7531   Cb: 13.7851   Cr: 15.3646 )
00000564: 13.3827   (Y': 11.7352   Cb: 13.8085   Cr: 15.3751 )
00000565: 13.427    (Y': 11.8357   Cb: 13.8174   Cr: 15.3419 )
00000566: 13.3758   (Y': 11.7996   Cb: 13.7201   Cr: 15.3229 )
00000567: 13.4923   (Y': 11.8988   Cb: 13.8086   Cr: 15.5198 )
00000568: 13.449    (Y': 11.8649   Cb: 13.7767   Cr: 15.4381 )
00000569: 13.5104   (Y': 11.9379   Cb: 13.7888   Cr: 15.546  )
00000570: 13.499    (Y': 11.8839   Cb: 13.8257   Cr: 15.5613 )
00000571: 13.5285   (Y': 11.8692   Cb: 13.875    Cr: 15.6653 )
00000572: 13.4797   (Y': 11.7377   Cb: 13.904    Cr: 15.701  )
00000573: 13.4739   (Y': 11.7336   Cb: 13.888    Cr: 15.7064 )
00000574: 13.4427   (Y': 11.6711   Cb: 13.8759   Cr: 15.725  )
00000576: 13.6297   (Y': 11.842    Cb: 14.142    Cr: 15.8336 )
00000575: 13.4739   (Y': 11.6765   Cb: 13.9502   Cr: 15.7567 )
00000577: 13.6006   (Y': 11.8471   Cb: 14.0503   Cr: 15.8124 )
00000578: 13.5414   (Y': 11.8119   Cb: 13.9744   Cr: 15.7186 )
00000579: 13.4855   (Y': 11.8443   Cb: 13.8526   Cr: 15.5488 )
00000580: 13.4639   (Y': 11.8547   Cb: 13.8083   Cr: 15.4861 )
00000581: 13.3549   (Y': 11.7895   Cb: 13.6741   Cr: 15.3142 )
00000582: 13.3674   (Y': 11.8326   Cb: 13.6565   Cr: 15.302  )
00000583: 13.2673   (Y': 11.7427   Cb: 13.4961   Cr: 15.269  )
00000584: 13.3581   (Y': 11.8271   Cb: 13.5803   Cr: 15.3839 )
00000586: 13.2168   (Y': 11.8049   Cb: 13.3438   Cr: 15.1236 )
00000585: 13.2074   (Y': 11.722    Cb: 13.3794   Cr: 15.2066 )
00000587: 13.1917   (Y': 11.7175   Cb: 13.3395   Cr: 15.2033 )
00000588: 13.1595   (Y': 11.7612   Cb: 13.2793   Cr: 15.0479 )
00000589: 13.0198   (Y': 11.6474   Cb: 13.1425   Cr: 14.8494 )
00000591: 12.8526   (Y': 11.5614   Cb: 12.9066   Cr: 14.6172 )
00000590: 12.9739   (Y': 11.6203   Cb: 13.0972   Cr: 14.7636 )
00000593: 12.5774   (Y': 11.3292   Cb: 12.517    Cr: 14.4283 )
00000594: 12.6891   (Y': 11.3312   Cb: 12.6963   Cr: 14.6641 )
00000592: 12.771    (Y': 11.4502   Cb: 12.8579   Cr: 14.547  )
00000596: 12.5756   (Y': 11.1879   Cb: 12.552    Cr: 14.6653 )
00000595: 12.6194   (Y': 11.2444   Cb: 12.6051   Cr: 14.6658 )
00000597: 12.5255   (Y': 11.1136   Cb: 12.4992   Cr: 14.674  )
Total: 13.0757   (Y': 11.4752   Cb: 13.4472   Cr: 15.0387 )
