00000000: 10.7224   (Y': 7.59229   Cb: 13.9762   Cr: 13.9894 )
00000001: 10.7735   (Y': 7.60034   Cb: 14.0779   Cr: 14.1812 )
00000003: 10.8582   (Y': 7.60201   Cb: 14.2577   Cr: 14.5605 )
00000002: 10.8272   (Y': 7.6266    Cb: 14.1992   Cr: 14.2916 )
00000005: 10.8909   (Y': 7.60117   Cb: 14.2822   Cr: 14.7726 )
00000004: 10.8782   (Y': 7.61068   Cb: 14.2387   Cr: 14.6802 )
00000006: 10.8749   (Y': 7.58611   Cb: 14.2684   Cr: 14.7497 )
00000007: 10.9188   (Y': 7.60825   Cb: 14.3534   Cr: 14.8614 )
00000009: 10.9503   (Y': 7.65894   Cb: 14.3519   Cr: 14.8294 )
00000010: 10.9634   (Y': 7.681     Cb: 14.3362   Cr: 14.8282 )
00000008: 10.9127   (Y': 7.60876   Cb: 14.3178   Cr: 14.8536 )
00000011: 10.9692   (Y': 7.69131   Cb: 14.3308   Cr: 14.8233 )
00000013: 10.9674   (Y': 7.66868   Cb: 14.3932   Cr: 14.858  )
00000012: 10.9636   (Y': 7.6624    Cb: 14.4345   Cr: 14.8168 )
00000014: 11.0155   (Y': 7.71827   Cb: 14.4242   Cr: 14.9173 )
00000015: 10.9884   (Y': 7.6955    Cb: 14.3903   Cr: 14.8751 )
00000016: 10.9649   (Y': 7.66761   Cb: 14.4308   Cr: 14.8035 )
00000017: 10.9905   (Y': 7.67713   Cb: 14.3967   Cr: 14.9803 )
00000019: 10.9696   (Y': 7.67105   Cb: 14.4025   Cr: 14.8514 )
00000018: 10.9725   (Y': 7.66048   Cb: 14.4281   Cr: 14.8994 )
00000020: 10.997    (Y': 7.69532   Cb: 14.3785   Cr: 14.9527 )
00000021: 10.9583   (Y': 7.65583   Cb: 14.321    Cr: 14.9401 )
00000022: 10.9254   (Y': 7.60312   Cb: 14.3459   Cr: 14.9474 )
00000024: 10.9305   (Y': 7.6169    Cb: 14.3261   Cr: 14.9339 )
00000023: 10.9403   (Y': 7.63465   Cb: 14.3516   Cr: 14.8836 )
00000026: 10.9111   (Y': 7.58681   Cb: 14.3292   Cr: 14.9464 )
00000027: 10.9144   (Y': 7.59796   Cb: 14.3209   Cr: 14.921  )
00000025: 10.9404   (Y': 7.62943   Cb: 14.2912   Cr: 14.982  )
00000029: 10.8709   (Y': 7.54724   Cb: 14.3276   Cr: 14.859  )
00000028: 10.9213   (Y': 7.59801   Cb: 14.336    Cr: 14.9551 )
00000030: 10.8717   (Y': 7.54859   Cb: 14.2714   Cr: 14.922  )
00000031: 10.8433   (Y': 7.5061    Cb: 14.2443   Cr: 14.9701 )
00000032: 10.8696   (Y': 7.54992   Cb: 14.2363   Cr: 14.9399 )
00000035: 10.8068   (Y': 7.45949   Cb: 14.2427   Cr: 14.9492 )
00000033: 10.8271   (Y': 7.4718    Cb: 14.2801   Cr: 14.994  )
00000034: 10.8276   (Y': 7.47041   Cb: 14.3042   Cr: 14.9775 )
00000036: 10.779    (Y': 7.43109   Cb: 14.2054   Cr: 14.9361 )
00000037: 10.7433   (Y': 7.40227   Cb: 14.1885   Cr: 14.8397 )
00000038: 10.7618   (Y': 7.41393   Cb: 14.1911   Cr: 14.9149 )
00000041: 10.6546   (Y': 7.30671   Cb: 14.1085   Cr: 14.7786 )
00000039: 10.7211   (Y': 7.36785   Cb: 14.183    Cr: 14.8657 )
00000040: 10.7154   (Y': 7.36694   Cb: 14.1642   Cr: 14.8488 )
00000043: 10.525    (Y': 7.16222   Cb: 14.0223   Cr: 14.6821 )
00000042: 10.5952   (Y': 7.2336    Cb: 14.0902   Cr: 14.7484 )
00000044: 10.4984   (Y': 7.12512   Cb: 14.0194   Cr: 14.6875 )
00000045: 10.4548   (Y': 7.07505   Cb: 13.9894   Cr: 14.665  )
00000046: 10.4287   (Y': 7.04872   Cb: 13.9561   Cr: 14.6491 )
00000047: 10.3834   (Y': 6.99933   Cb: 13.9353   Cr: 14.5985 )
00000048: 10.3786   (Y': 7.01134   Cb: 13.8878   Cr: 14.5478 )
00000049: 10.3761   (Y': 7.00083   Cb: 13.9014   Cr: 14.5715 )
00000050: 10.3511   (Y': 6.96201   Cb: 13.8968   Cr: 14.6027 )
00000053: 10.3778   (Y': 7.00155   Cb: 13.9144   Cr: 14.566  )
00000051: 10.3794   (Y': 6.99561   Cb: 13.9001   Cr: 14.6298 )
00000052: 10.3818   (Y': 7.00282   Cb: 13.9031   Cr: 14.6031 )
00000054: 10.3768   (Y': 6.98725   Cb: 13.9218   Cr: 14.6321 )
00000055: 10.4015   (Y': 7.00061   Cb: 13.9306   Cr: 14.7419 )
00000056: 10.418    (Y': 7.00147   Cb: 13.9502   Cr: 14.8492 )
00000057: 10.369    (Y': 6.96496   Cb: 13.8961   Cr: 14.7311 )
00000058: 10.3783   (Y': 6.97969   Cb: 13.9139   Cr: 14.6975 )
00000059: 10.3771   (Y': 6.97422   Cb: 13.871    Cr: 14.7724 )
00000060: 10.3784   (Y': 6.98194   Cb: 13.8978   Cr: 14.7041 )
00000062: 10.3665   (Y': 6.97392   Cb: 13.9154   Cr: 14.634  )
00000061: 10.3828   (Y': 6.98431   Cb: 13.8984   Cr: 14.7257 )
00000063: 10.3585   (Y': 6.97556   Cb: 13.9034   Cr: 14.575  )
00000065: 10.3455   (Y': 6.94415   Cb: 13.9365   Cr: 14.6156 )
00000064: 10.3462   (Y': 6.94624   Cb: 13.9223   Cr: 14.6251 )
00000066: 10.356    (Y': 6.95316   Cb: 13.9402   Cr: 14.6422 )
00000068: 10.3147   (Y': 6.9058    Cb: 13.8761   Cr: 14.664  )
00000070: 10.399    (Y': 6.99793   Cb: 13.9586   Cr: 14.7042 )
00000067: 10.3565   (Y': 6.95325   Cb: 13.8898   Cr: 14.7058 )
00000071: 10.4242   (Y': 7.03769   Cb: 13.9327   Cr: 14.7045 )
00000069: 10.3815   (Y': 6.97569   Cb: 13.9409   Cr: 14.7147 )
00000072: 10.4169   (Y': 7.03971   Cb: 13.9416   Cr: 14.6239 )
00000073: 10.486    (Y': 7.11184   Cb: 13.971    Cr: 14.7223 )
00000074: 10.5019   (Y': 7.14448   Cb: 13.9468   Cr: 14.6908 )
00000075: 10.5707   (Y': 7.19666   Cb: 14.0769   Cr: 14.7819 )
00000077: 10.5925   (Y': 7.22572   Cb: 14.0421   Cr: 14.8291 )
00000076: 10.594    (Y': 7.22228   Cb: 14.0658   Cr: 14.8322 )
00000078: 10.5911   (Y': 7.24343   Cb: 14.005    Cr: 14.7615 )
00000079: 10.5771   (Y': 7.22633   Cb: 13.9783   Cr: 14.7798 )
00000080: 10.5623   (Y': 7.22269   Cb: 13.9633   Cr: 14.7024 )
00000081: 10.5374   (Y': 7.18428   Cb: 13.9598   Cr: 14.7285 )
00000082: 10.5196   (Y': 7.15969   Cb: 13.9685   Cr: 14.7176 )
00000084: 10.558    (Y': 7.20786   Cb: 13.9512   Cr: 14.7668 )
00000083: 10.5376   (Y': 7.19517   Cb: 13.9455   Cr: 14.6855 )
00000085: 10.5589   (Y': 7.20234   Cb: 13.9695   Cr: 14.7836 )
00000086: 10.5517   (Y': 7.21715   Cb: 13.9761   Cr: 14.6359 )
00000088: 10.5368   (Y': 7.19507   Cb: 13.9532   Cr: 14.6707 )
00000087: 10.5567   (Y': 7.21728   Cb: 13.9626   Cr: 14.69   )
00000089: 10.4963   (Y': 7.15801   Cb: 13.9024   Cr: 14.6227 )
00000090: 10.4959   (Y': 7.17448   Cb: 13.8878   Cr: 14.546  )
00000091: 10.4862   (Y': 7.17615   Cb: 13.8435   Cr: 14.5147 )
00000092: 10.4515   (Y': 7.10946   Cb: 13.8205   Cr: 14.644  )
00000093: 10.4125   (Y': 7.087     Cb: 13.7507   Cr: 14.5489 )
00000094: 10.4094   (Y': 7.08545   Cb: 13.7685   Cr: 14.5124 )
00000095: 10.4554   (Y': 7.12573   Cb: 13.808    Cr: 14.5974 )
00000096: 10.444    (Y': 7.13417   Cb: 13.7262   Cr: 14.5612 )
00000097: 10.4647   (Y': 7.13317   Cb: 13.8191   Cr: 14.6155 )
00000098: 10.473    (Y': 7.15496   Cb: 13.8162   Cr: 14.562  )
00000099: 10.4733   (Y': 7.15857   Cb: 13.822    Cr: 14.5379 )
00000100: 10.5281   (Y': 7.19194   Cb: 13.8729   Cr: 14.7166 )
00000101: 10.5605   (Y': 7.22704   Cb: 13.9448   Cr: 14.6859 )
00000102: 10.579    (Y': 7.25821   Cb: 13.9218   Cr: 14.6839 )
00000103: 10.612    (Y': 7.29441   Cb: 13.9502   Cr: 14.7042 )
00000104: 10.636    (Y': 7.31698   Cb: 13.9614   Cr: 14.7513 )
00000105: 10.6848   (Y': 7.37526   Cb: 14.0302   Cr: 14.7245 )
00000106: 10.6857   (Y': 7.39184   Cb: 13.9917   Cr: 14.6868 )
00000107: 10.7524   (Y': 7.4496    Cb: 14.0967   Cr: 14.7575 )
00000108: 10.7314   (Y': 7.42661   Cb: 14.071    Cr: 14.7523 )
00000109: 10.804    (Y': 7.50555   Cb: 14.1153   Cr: 14.8241 )
00000110: 10.8347   (Y': 7.55695   Cb: 14.1054   Cr: 14.7921 )
00000111: 10.8714   (Y': 7.56017   Cb: 14.1679   Cr: 14.9791 )
00000112: 10.8374   (Y': 7.51134   Cb: 14.1797   Cr: 14.9716 )
00000113: 10.8749   (Y': 7.53917   Cb: 14.2193   Cr: 15.0615 )
00000114: 10.8798   (Y': 7.55049   Cb: 14.2699   Cr: 14.9752 )
00000115: 10.9696   (Y': 7.59738   Cb: 14.4229   Cr: 15.2334 )
00000116: 11.0658   (Y': 7.69417   Cb: 14.5074   Cr: 15.3399 )
00000117: 11.1774   (Y': 7.78262   Cb: 14.6707   Cr: 15.5247 )
00000118: 11.1399   (Y': 7.72726   Cb: 14.6843   Cr: 15.5319 )
00000120: 11.2928   (Y': 7.83219   Cb: 14.8777   Cr: 15.9336 )
00000121: 11.2937   (Y': 7.81716   Cb: 14.9396   Cr: 15.9605 )
00000119: 11.2409   (Y': 7.80125   Cb: 14.7947   Cr: 15.7879 )
00000122: 11.3684   (Y': 7.89399   Cb: 14.9506   Cr: 16.1038 )
00000123: 11.3694   (Y': 7.86618   Cb: 15.0291   Cr: 16.197  )
00000124: 11.3579   (Y': 7.84783   Cb: 15.0029   Cr: 16.2512 )
00000125: 11.3954   (Y': 7.86617   Cb: 15.1235   Cr: 16.3125 )
00000127: 11.4531   (Y': 7.84909   Cb: 15.3131   Cr: 16.7421 )
00000129: 11.6021   (Y': 7.92953   Cb: 15.7269   Cr: 17.0735 )
00000126: 11.4024   (Y': 7.86141   Cb: 15.1336   Cr: 16.3982 )
00000128: 11.5151   (Y': 7.89118   Cb: 15.4567   Cr: 16.8467 )
00000130: 11.6372   (Y': 7.96112   Cb: 15.78     Cr: 17.1125 )
00000131: 11.7001   (Y': 7.99422   Cb: 15.9096   Cr: 17.3342 )
00000132: 11.7361   (Y': 8.01822   Cb: 15.9675   Cr: 17.4443 )
00000134: 11.8207   (Y': 8.04478   Cb: 16.2015   Cr: 17.8464 )
00000133: 11.8382   (Y': 8.0764    Cb: 16.199    Cr: 17.7586 )
00000136: 11.4985   (Y': 7.7532    Cb: 15.6317   Cr: 17.6052 )
00000135: 11.9265   (Y': 8.18695   Cb: 16.1123   Cr: 17.8967 )
00000137: 12.5315   (Y': 8.87079   Cb: 16.9124   Cr: 17.5867 )
00000139: 12.7431   (Y': 9.28695   Cb: 16.512    Cr: 17.1334 )
00000140: 12.6092   (Y': 9.19993   Cb: 16.3187   Cr: 16.7891 )
00000138: 12.6494   (Y': 9.03657   Cb: 16.9244   Cr: 17.4814 )
00000141: 12.4614   (Y': 9.15762   Cb: 15.931    Cr: 16.3297 )
00000142: 12.4557   (Y': 9.27253   Cb: 15.6509   Cr: 16.0251 )
00000143: 12.6126   (Y': 9.62589   Cb: 15.4373   Cr: 15.7195 )
00000144: 12.4046   (Y': 9.39536   Cb: 15.2555   Cr: 15.5761 )
00000145: 12.2053   (Y': 9.28673   Cb: 14.8704   Cr: 15.2116 )
00000146: 12.1542   (Y': 9.28581   Cb: 14.6968   Cr: 15.1004 )
00000147: 11.9383   (Y': 9.0915    Cb: 14.4342   Cr: 14.8537 )
00000148: 11.8617   (Y': 9.03699   Cb: 14.3481   Cr: 14.7051 )
00000149: 11.6573   (Y': 8.86291   Cb: 14.1027   Cr: 14.4348 )
00000150: 11.5063   (Y': 8.72076   Cb: 13.9155   Cr: 14.2912 )
00000152: 11.2063   (Y': 8.41661   Cb: 13.561    Cr: 14.0666 )
00000151: 11.2522   (Y': 8.46422   Cb: 13.7033   Cr: 14.0006 )
00000153: 10.9882   (Y': 8.16495   Cb: 13.455    Cr: 13.8479 )
00000154: 10.9297   (Y': 8.09679   Cb: 13.4281   Cr: 13.7906 )
00000156: 10.5882   (Y': 7.75772   Cb: 13.073    Cr: 13.455  )
00000155: 10.7023   (Y': 7.87089   Cb: 13.2154   Cr: 13.542  )
00000158: 10.4272   (Y': 7.5529    Cb: 12.9782   Cr: 13.3868 )
00000159: 10.3771   (Y': 7.4963    Cb: 12.9115   Cr: 13.3801 )
00000160: 10.3577   (Y': 7.48376   Cb: 12.8738   Cr: 13.3544 )
00000157: 10.4797   (Y': 7.63606   Cb: 12.9547   Cr: 13.4068 )
00000161: 10.3384   (Y': 7.48938   Cb: 12.8186   Cr: 13.28   )
00000162: 10.2834   (Y': 7.42847   Cb: 12.7742   Cr: 13.2354 )
00000165: 10.2057   (Y': 7.33699   Cb: 12.6798   Cr: 13.2297 )
00000164: 10.2322   (Y': 7.35746   Cb: 12.7329   Cr: 13.2496 )
00000163: 10.2606   (Y': 7.3835    Cb: 12.7335   Cr: 13.3188 )
00000166: 10.1963   (Y': 7.3213    Cb: 12.6545   Cr: 13.2631 )
00000167: 10.1784   (Y': 7.30633   Cb: 12.6293   Cr: 13.2417 )
00000168: 10.1968   (Y': 7.32521   Cb: 12.6482   Cr: 13.2577 )
00000169: 10.1978   (Y': 7.29234   Cb: 12.6841   Cr: 13.3529 )
00000170: 10.1748   (Y': 7.24315   Cb: 12.7134   Cr: 13.3758 )
00000171: 10.1915   (Y': 7.28006   Cb: 12.678    Cr: 13.3706 )
00000172: 10.1917   (Y': 7.2686    Cb: 12.7272   Cr: 13.361  )
00000173: 10.1775   (Y': 7.25432   Cb: 12.7106   Cr: 13.3505 )
00000174: 10.1657   (Y': 7.2193    Cb: 12.7713   Cr: 13.3499 )
00000175: 10.2063   (Y': 7.27008   Cb: 12.7691   Cr: 13.3976 )
00000176: 10.2127   (Y': 7.29982   Cb: 12.7075   Cr: 13.3879 )
00000177: 10.2193   (Y': 7.29625   Cb: 12.7247   Cr: 13.4235 )
00000178: 10.1955   (Y': 7.27184   Cb: 12.6794   Cr: 13.4276 )
00000180: 10.2303   (Y': 7.33053   Cb: 12.673    Cr: 13.4139 )
00000179: 10.2239   (Y': 7.31423   Cb: 12.6911   Cr: 13.419  )
00000181: 10.2398   (Y': 7.34574   Cb: 12.6384   Cr: 13.4525 )
00000183: 10.2621   (Y': 7.38381   Cb: 12.6389   Cr: 13.4374 )
00000182: 10.2464   (Y': 7.36096   Cb: 12.6278   Cr: 13.4453 )
00000184: 10.2994   (Y': 7.42762   Cb: 12.6621   Cr: 13.4653 )
00000185: 10.3102   (Y': 7.46262   Cb: 12.6492   Cr: 13.4085 )
00000186: 10.3325   (Y': 7.49099   Cb: 12.6482   Cr: 13.435  )
00000187: 10.3361   (Y': 7.49888   Cb: 12.646    Cr: 13.4285 )
00000189: 10.3607   (Y': 7.56375   Cb: 12.6289   Cr: 13.3474 )
00000188: 10.3385   (Y': 7.51378   Cb: 12.6505   Cr: 13.3799 )
00000190: 10.3797   (Y': 7.59545   Cb: 12.6214   Cr: 13.35   )
00000191: 10.3739   (Y': 7.5824    Cb: 12.6241   Cr: 13.3616 )
00000192: 10.3592   (Y': 7.58698   Cb: 12.5718   Cr: 13.3188 )
00000193: 10.4438   (Y': 7.69544   Cb: 12.6123   Cr: 13.3671 )
00000194: 10.4599   (Y': 7.68296   Cb: 12.7376   Cr: 13.3608 )
00000197: 10.5268   (Y': 7.79535   Cb: 12.68     Cr: 13.4064 )
00000195: 10.462    (Y': 7.73588   Cb: 12.6312   Cr: 13.3033 )
00000196: 10.4954   (Y': 7.76752   Cb: 12.6387   Cr: 13.3738 )
00000200: 10.5983   (Y': 7.90685   Cb: 12.7367   Cr: 13.3522 )
00000198: 10.5301   (Y': 7.81684   Cb: 12.6787   Cr: 13.3491 )
00000199: 10.576    (Y': 7.8621    Cb: 12.7245   Cr: 13.3978 )
00000201: 10.5936   (Y': 7.91849   Cb: 12.7339   Cr: 13.2885 )
00000202: 10.6327   (Y': 7.94645   Cb: 12.81     Cr: 13.3242 )
00000203: 10.6765   (Y': 8.05038   Cb: 12.7755   Cr: 13.2526 )
00000204: 10.708    (Y': 8.05238   Cb: 12.7384   Cr: 13.4631 )
00000205: 10.8404   (Y': 8.15814   Cb: 12.9161   Cr: 13.635  )
00000207: 10.9642   (Y': 8.28121   Cb: 13.0907   Cr: 13.7024 )
00000206: 10.8549   (Y': 8.15335   Cb: 12.9527   Cr: 13.692  )
00000208: 10.9789   (Y': 8.31907   Cb: 13.0385   Cr: 13.7139 )
00000209: 11.1236   (Y': 8.45325   Cb: 13.1744   Cr: 13.9059 )
00000210: 11.1444   (Y': 8.44524   Cb: 13.2731   Cr: 13.9369 )
00000211: 11.2056   (Y': 8.4657    Cb: 13.4269   Cr: 14.0364 )
00000213: 11.3082   (Y': 8.58261   Cb: 13.6345   Cr: 13.9712 )
00000212: 11.3088   (Y': 8.54921   Cb: 13.5761   Cr: 14.1581 )
00000214: 11.2279   (Y': 8.50694   Cb: 13.5227   Cr: 13.9089 )
00000215: 11.232    (Y': 8.54828   Cb: 13.5101   Cr: 13.804  )
00000216: 11.2015   (Y': 8.53764   Cb: 13.429    Cr: 13.7616 )
00000217: 11.1336   (Y': 8.46188   Cb: 13.4032   Cr: 13.6749 )
00000218: 11.1555   (Y': 8.49789   Cb: 13.4418   Cr: 13.6327 )
00000219: 11.1485   (Y': 8.51157   Cb: 13.3642   Cr: 13.6329 )
00000220: 11.1488   (Y': 8.48919   Cb: 13.4352   Cr: 13.6325 )
00000222: 11.1849   (Y': 8.54792   Cb: 13.397    Cr: 13.6731 )
00000221: 11.169    (Y': 8.51622   Cb: 13.4185   Cr: 13.6689 )
00000223: 11.2493   (Y': 8.54428   Cb: 13.5479   Cr: 13.8715 )
00000224: 11.3333   (Y': 8.61292   Cb: 13.7074   Cr: 13.9275 )
00000225: 11.4398   (Y': 8.6431    Cb: 13.9671   Cr: 14.1388 )
00000226: 11.4422   (Y': 8.60338   Cb: 13.9889   Cr: 14.2729 )
00000227: 11.5323   (Y': 8.72379   Cb: 14.0446   Cr: 14.289  )
00000228: 11.6116   (Y': 8.79769   Cb: 14.1626   Cr: 14.3469 )
00000230: 11.6927   (Y': 8.85447   Cb: 14.3191   Cr: 14.4379 )
00000229: 11.6331   (Y': 8.83287   Cb: 14.1923   Cr: 14.3117 )
00000231: 11.836    (Y': 9.02664   Cb: 14.4625   Cr: 14.4781 )
00000232: 11.8916   (Y': 9.07004   Cb: 14.5643   Cr: 14.5305 )
00000233: 12.0505   (Y': 9.22874   Cb: 14.7488   Cr: 14.6649 )
00000234: 12.1342   (Y': 9.31867   Cb: 14.7881   Cr: 14.7704 )
00000235: 12.1733   (Y': 9.34643   Cb: 14.8657   Cr: 14.8115 )
00000236: 12.2309   (Y': 9.40166   Cb: 14.9743   Cr: 14.8276 )
00000237: 12.313    (Y': 9.50713   Cb: 15.0447   Cr: 14.8401 )
00000238: 12.358    (Y': 9.56742   Cb: 15.0465   Cr: 14.8744 )
00000239: 12.6151   (Y': 9.7412    Cb: 15.4587   Cr: 15.2729 )
00000240: 12.6984   (Y': 9.80436   Cb: 15.6684   Cr: 15.3094 )
00000241: 13.0279   (Y': 10.0693   Cb: 15.9867   Cr: 15.8874 )
00000242: 13.1925   (Y': 10.1988   Cb: 16.2286   Cr: 16.112  )
00000243: 13.5263   (Y': 10.4847   Cb: 16.6423   Cr: 16.5582 )
00000244: 13.6119   (Y': 10.5197   Cb: 16.7625   Cr: 16.8191 )
00000245: 13.6507   (Y': 10.5081   Cb: 16.9346   Cr: 16.9416 )
00000246: 13.5687   (Y': 10.3963   Cb: 16.979    Cr: 16.8669 )
00000248: 13.2344   (Y': 10.0238   Cb: 16.7257   Cr: 16.6258 )
00000249: 12.9571   (Y': 9.73875   Cb: 16.4301   Cr: 16.4021 )
00000247: 13.3546   (Y': 10.1559   Cb: 16.813    Cr: 16.7237 )
00000250: 12.9356   (Y': 9.70246   Cb: 16.4096   Cr: 16.449  )
00000251: 12.8033   (Y': 9.56011   Cb: 16.3796   Cr: 16.2623 )
00000252: 12.6963   (Y': 9.43163   Cb: 16.3026   Cr: 16.2273 )
00000253: 12.4825   (Y': 9.2017    Cb: 16.1133   Cr: 16.0672 )
00000254: 12.3377   (Y': 9.04919   Cb: 16.0278   Cr: 15.9018 )
00000255: 12.1882   (Y': 8.89384   Cb: 15.8073   Cr: 15.8511 )
00000256: 12.3118   (Y': 9.0188    Cb: 15.9263   Cr: 15.9726 )
00000257: 12.5521   (Y': 9.22598   Cb: 16.2885   Cr: 16.2566 )
00000258: 12.6142   (Y': 9.31411   Cb: 16.3158   Cr: 16.2233 )
00000259: 12.7485   (Y': 9.48159   Cb: 16.2671   Cr: 16.3789 )
00000260: 12.763    (Y': 9.49265   Cb: 16.3132   Cr: 16.3776 )
00000261: 12.792    (Y': 9.50008   Cb: 16.3296   Cr: 16.5268 )
00000262: 12.8063   (Y': 9.51249   Cb: 16.3907   Cr: 16.502  )
00000263: 12.8574   (Y': 9.57256   Cb: 16.4335   Cr: 16.5167 )
00000264: 12.9189   (Y': 9.65831   Cb: 16.4439   Cr: 16.5114 )
00000265: 12.7584   (Y': 9.44103   Cb: 16.3789   Cr: 16.5363 )
00000266: 12.8693   (Y': 9.59561   Cb: 16.3764   Cr: 16.5446 )
00000267: 12.769    (Y': 9.43932   Cb: 16.4243   Cr: 16.5742 )
00000269: 12.726    (Y': 9.38193   Cb: 16.4893   Cr: 16.4952 )
00000268: 12.7108   (Y': 9.34802   Cb: 16.4491   Cr: 16.6036 )
00000270: 12.6922   (Y': 9.33457   Cb: 16.4345   Cr: 16.5532 )
00000271: 12.6619   (Y': 9.28747   Cb: 16.3562   Cr: 16.6636 )
00000272: 12.6314   (Y': 9.25375   Cb: 16.3301   Cr: 16.6464 )
00000273: 12.4539   (Y': 9.05272   Cb: 16.2623   Cr: 16.4813 )
00000274: 12.4518   (Y': 9.08928   Cb: 16.1233   Cr: 16.413  )
00000275: 12.4995   (Y': 9.16817   Cb: 16.131    Cr: 16.3381 )
00000277: 12.3366   (Y': 9.03298   Cb: 15.8639   Cr: 16.1422 )
00000276: 12.4086   (Y': 9.09226   Cb: 15.9805   Cr: 16.2322 )
00000278: 12.2444   (Y': 8.92458   Cb: 15.7996   Cr: 16.1037 )
00000279: 12.1465   (Y': 8.8479    Cb: 15.6484   Cr: 15.9531 )
00000280: 12.0922   (Y': 8.802     Cb: 15.5485   Cr: 15.9051 )
00000281: 11.9516   (Y': 8.68517   Cb: 15.3939   Cr: 15.6589 )
00000283: 11.6277   (Y': 8.30821   Cb: 15.143    Cr: 15.5287 )
00000282: 11.6874   (Y': 8.33589   Cb: 15.224    Cr: 15.7366 )
00000284: 11.5356   (Y': 8.23324   Cb: 15.1144   Cr: 15.2802 )
00000287: 11.4336   (Y': 8.16275   Cb: 14.939    Cr: 15.0971 )
00000285: 11.4231   (Y': 8.1161    Cb: 14.9812   Cr: 15.2127 )
00000288: 11.4557   (Y': 8.2051    Cb: 14.9375   Cr: 15.044  )
00000286: 11.3681   (Y': 8.07355   Cb: 14.9031   Cr: 15.1191 )
00000289: 11.5174   (Y': 8.24358   Cb: 15.0168   Cr: 15.2018 )
00000291: 11.6395   (Y': 8.33678   Cb: 15.204    Cr: 15.4008 )
00000290: 11.5451   (Y': 8.26119   Cb: 15.0627   Cr: 15.2602 )
00000293: 11.6888   (Y': 8.35604   Cb: 15.3584   Cr: 15.4948 )
00000292: 11.6635   (Y': 8.33818   Cb: 15.254    Cr: 15.5142 )
00000294: 11.7468   (Y': 8.41536   Cb: 15.4561   Cr: 15.5055 )
00000296: 11.9056   (Y': 8.58151   Cb: 15.6772   Cr: 15.5658 )
00000297: 12.0131   (Y': 8.6606    Cb: 15.8615   Cr: 15.7417 )
00000295: 11.8787   (Y': 8.54169   Cb: 15.6175   Cr: 15.6366 )
00000298: 12.044    (Y': 8.67455   Cb: 15.9289   Cr: 15.8243 )
00000299: 12.1002   (Y': 8.68005   Cb: 16.1866   Cr: 15.9536 )
00000300: 12.1805   (Y': 8.75878   Cb: 16.2845   Cr: 16.0255 )
00000301: 12.2267   (Y': 8.78416   Cb: 16.4737   Cr: 16.0504 )
00000302: 12.3003   (Y': 8.84942   Cb: 16.5254   Cr: 16.1887 )
00000303: 12.3904   (Y': 8.96389   Cb: 16.6173   Cr: 16.1475 )
00000304: 12.4289   (Y': 9.00333   Cb: 16.6758   Cr: 16.1631 )
00000305: 12.6712   (Y': 9.21419   Cb: 17.0788   Cr: 16.4299 )
00000306: 12.7043   (Y': 9.26627   Cb: 17.1193   Cr: 16.358  )
00000307: 12.7912   (Y': 9.28479   Cb: 17.369    Cr: 16.6688 )
00000308: 12.8063   (Y': 9.31273   Cb: 17.3772   Cr: 16.6202 )
00000310: 12.7195   (Y': 9.15029   Cb: 17.4609   Cr: 16.8121 )
00000309: 12.7785   (Y': 9.24078   Cb: 17.4193   Cr: 16.7771 )
00000311: 12.6244   (Y': 9.0628    Cb: 17.1865   Cr: 16.8322 )
00000312: 12.5483   (Y': 9.00893   Cb: 16.9592   Cr: 16.7648 )
00000313: 12.3947   (Y': 8.93958   Cb: 16.4534   Cr: 16.4671 )
00000314: 12.3388   (Y': 8.90801   Cb: 16.3725   Cr: 16.3003 )
00000315: 12.3553   (Y': 8.92974   Cb: 16.3146   Cr: 16.3624 )
00000316: 12.3222   (Y': 8.90602   Cb: 16.2942   Cr: 16.265  )
00000317: 12.3196   (Y': 8.94502   Cb: 16.3176   Cr: 16.018  )
00000318: 12.3507   (Y': 9.03436   Cb: 16.1321   Cr: 15.9628 )
00000319: 12.3652   (Y': 9.1423    Cb: 15.8854   Cr: 15.7847 )
00000320: 12.3544   (Y': 9.2294    Cb: 15.7174   Cr: 15.4929 )
00000321: 12.2101   (Y': 9.25273   Cb: 15.148    Cr: 15.0848 )
00000322: 12.1343   (Y': 9.27372   Cb: 14.782    Cr: 14.9388 )
00000323: 11.9491   (Y': 9.23715   Cb: 14.2244   Cr: 14.6206 )
00000324: 11.6699   (Y': 9.01788   Cb: 13.8292   Cr: 14.2651 )
00000325: 11.1317   (Y': 8.46591   Cb: 13.3441   Cr: 13.7151 )
00000326: 9.66965   (Y': 7.03314   Cb: 11.722    Cr: 12.3333 )
00000327: 10.2591   (Y': 7.75165   Cb: 12.1402   Cr: 12.6991 )
00000330: 9.71644   (Y': 7.17716   Cb: 11.6587   Cr: 12.187  )
00000328: 9.81145   (Y': 7.28588   Cb: 11.6809   Cr: 12.3217 )
00000329: 9.76015   (Y': 7.19434   Cb: 11.7051   Cr: 12.3128 )
00000331: 9.46608   (Y': 6.92135   Cb: 11.3689   Cr: 11.9991 )
00000332: 9.44728   (Y': 6.89827   Cb: 11.3463   Cr: 11.9986 )
00000333: 9.46625   (Y': 6.94034   Cb: 11.3293   Cr: 11.9851 )
00000334: 9.4733    (Y': 6.95174   Cb: 11.3213   Cr: 11.9958 )
00000335: 9.52761   (Y': 7.00307   Cb: 11.3956   Cr: 12.0363 )
00000336: 9.55459   (Y': 7.03262   Cb: 11.4086   Cr: 12.0714 )
00000337: 9.60205   (Y': 7.08345   Cb: 11.4711   Cr: 12.0907 )
00000338: 9.65005   (Y': 7.14128   Cb: 11.5044   Cr: 12.1246 )
00000339: 9.76391   (Y': 7.25771   Cb: 11.635    Cr: 12.2111 )
00000340: 9.84114   (Y': 7.33399   Cb: 11.7104   Cr: 12.2934 )
00000341: 9.84264   (Y': 7.32107   Cb: 11.7119   Cr: 12.3404 )
00000342: 9.87938   (Y': 7.36603   Cb: 11.7449   Cr: 12.3555 )
00000343: 9.91552   (Y': 7.42467   Cb: 11.7763   Cr: 12.3267 )
00000344: 9.95338   (Y': 7.43378   Cb: 11.8467   Cr: 12.4173 )
00000345: 10.005    (Y': 7.44859   Cb: 11.952    Cr: 12.5247 )
00000346: 10.0271   (Y': 7.45962   Cb: 11.9815   Cr: 12.5745 )
00000347: 10.0818   (Y': 7.49321   Cb: 12.0781   Cr: 12.6502 )
00000348: 10.1026   (Y': 7.51233   Cb: 12.0745   Cr: 12.7046 )
00000349: 10.1866   (Y': 7.58913   Cb: 12.1984   Cr: 12.7666 )
00000350: 10.2131   (Y': 7.6133    Cb: 12.2224   Cr: 12.8034 )
00000351: 10.174    (Y': 7.56521   Cb: 12.1716   Cr: 12.8076 )
00000352: 10.1715   (Y': 7.55171   Cb: 12.191    Cr: 12.8164 )
00000353: 10.2362   (Y': 7.62599   Cb: 12.242    Cr: 12.8649 )
00000355: 10.2809   (Y': 7.68846   Cb: 12.2852   Cr: 12.8525 )
00000354: 10.2576   (Y': 7.66077   Cb: 12.2576   Cr: 12.8487 )
00000356: 10.2639   (Y': 7.66539   Cb: 12.2516   Cr: 12.8749 )
00000357: 10.309    (Y': 7.70239   Cb: 12.3466   Cr: 12.8897 )
00000358: 10.3447   (Y': 7.73215   Cb: 12.3999   Cr: 12.9251 )
00000359: 10.3378   (Y': 7.70816   Cb: 12.4413   Cr: 12.9205 )
00000360: 10.3341   (Y': 7.70712   Cb: 12.4348   Cr: 12.9111 )
00000361: 10.3455   (Y': 7.70774   Cb: 12.4686   Cr: 12.9332 )
00000363: 10.3803   (Y': 7.72749   Cb: 12.5483   Cr: 12.9684 )
00000362: 10.3543   (Y': 7.71513   Cb: 12.4734   Cr: 12.9511 )
00000364: 10.4233   (Y': 7.75194   Cb: 12.6238   Cr: 13.0379 )
00000366: 10.4466   (Y': 7.73523   Cb: 12.7463   Cr: 13.0893 )
00000365: 10.4449   (Y': 7.73733   Cb: 12.7306   Cr: 13.0896 )
00000367: 10.5144   (Y': 7.76692   Cb: 12.8518   Cr: 13.2416 )
00000368: 10.5227   (Y': 7.75374   Cb: 12.9237   Cr: 13.2571 )
00000369: 10.5599   (Y': 7.77052   Cb: 13.0389   Cr: 13.2835 )
00000370: 10.5874   (Y': 7.76518   Cb: 13.09     Cr: 13.4046 )
00000371: 10.6298   (Y': 7.77613   Cb: 13.2248   Cr: 13.4644 )
00000372: 10.6477   (Y': 7.79496   Cb: 13.2861   Cr: 13.4335 )
00000373: 10.6878   (Y': 7.79381   Cb: 13.3966   Cr: 13.5537 )
00000374: 10.7073   (Y': 7.8022    Cb: 13.4597   Cr: 13.5701 )
00000375: 10.7702   (Y': 7.83794   Cb: 13.5706   Cr: 13.6875 )
00000376: 10.8036   (Y': 7.88453   Cb: 13.6394   Cr: 13.6345 )
00000377: 10.7854   (Y': 7.84396   Cb: 13.6415   Cr: 13.6808 )
00000379: 10.838    (Y': 7.85397   Cb: 13.7346   Cr: 13.859  )
00000378: 10.7985   (Y': 7.83456   Cb: 13.6636   Cr: 13.7721 )
00000380: 10.8758   (Y': 7.8628    Cb: 13.8868   Cr: 13.8962 )
00000382: 10.9377   (Y': 7.88092   Cb: 14.0076   Cr: 14.0774 )
00000381: 10.906    (Y': 7.86778   Cb: 13.9322   Cr: 14.0136 )
00000383: 10.9678   (Y': 7.88334   Cb: 14.1055   Cr: 14.1553 )
00000384: 10.9732   (Y': 7.84721   Cb: 14.2155   Cr: 14.2336 )
00000385: 12.1319   (Y': 9.33298   Cb: 14.856    Cr: 14.6428 )
00000386: 11.7106   (Y': 8.98263   Cb: 14.2929   Cr: 14.1208 )
00000387: 11.7554   (Y': 9.1949    Cb: 14.1822   Cr: 13.7975 )
00000388: 11.4836   (Y': 8.9566    Cb: 13.7128   Cr: 13.6156 )
00000389: 11.8585   (Y': 9.22025   Cb: 14.0725   Cr: 14.3489 )
00000390: 11.8933   (Y': 9.24155   Cb: 14.1742   Cr: 14.3571 )
00000391: 11.5377   (Y': 8.85498   Cb: 13.7794   Cr: 14.1459 )
00000392: 11.548    (Y': 8.89427   Cb: 13.7357   Cr: 14.1176 )
00000393: 11.7874   (Y': 9.18024   Cb: 13.9062   Cr: 14.2797 )
00000394: 11.7742   (Y': 9.13921   Cb: 13.9553   Cr: 14.2893 )
00000395: 11.8389   (Y': 9.16964   Cb: 14.0947   Cr: 14.3867 )
00000396: 11.7345   (Y': 9.03121   Cb: 14.0613   Cr: 14.3209 )
00000397: 11.6251   (Y': 8.89846   Cb: 14.0062   Cr: 14.2336 )
00000398: 11.5502   (Y': 8.81844   Cb: 13.9531   Cr: 14.1529 )
00000399: 11.5008   (Y': 8.77501   Cb: 13.8951   Cr: 14.0923 )
00000400: 11.3317   (Y': 8.60208   Cb: 13.7838   Cr: 13.8765 )
00000401: 11.1018   (Y': 8.35682   Cb: 13.5685   Cr: 13.6838 )
00000402: 11.4062   (Y': 8.69531   Cb: 13.9083   Cr: 13.8386 )
00000403: 10.8721   (Y': 8.17889   Cb: 13.28     Cr: 13.3405 )
00000404: 10.753    (Y': 8.04277   Cb: 13.2011   Cr: 13.2371 )
00000405: 10.7235   (Y': 8.02137   Cb: 13.2307   Cr: 13.1225 )
00000406: 10.6889   (Y': 7.9662    Cb: 13.1954   Cr: 13.1558 )
00000407: 10.6177   (Y': 7.9107    Cb: 13.1086   Cr: 13.0486 )
00000408: 10.566    (Y': 7.87033   Cb: 13.0988   Cr: 12.9196 )
00000410: 10.5553   (Y': 7.82722   Cb: 13.0874   Cr: 13.0147 )
00000409: 10.5521   (Y': 7.83845   Cb: 13.0943   Cr: 12.9543 )
00000411: 10.5092   (Y': 7.78332   Cb: 13.0093   Cr: 12.9928 )
00000413: 10.4451   (Y': 7.72217   Cb: 12.9659   Cr: 12.8984 )
00000412: 10.4763   (Y': 7.76504   Cb: 12.9746   Cr: 12.9137 )
00000414: 10.424    (Y': 7.70361   Cb: 12.8957   Cr: 12.9178 )
00000416: 10.3267   (Y': 7.59802   Cb: 12.8123   Cr: 12.8342 )
00000415: 10.3465   (Y': 7.62657   Cb: 12.8354   Cr: 12.8219 )
00000417: 10.2221   (Y': 7.48387   Cb: 12.698    Cr: 12.7717 )
00000419: 10.0983   (Y': 7.35911   Cb: 12.5765   Cr: 12.6489 )
00000418: 10.1759   (Y': 7.44073   Cb: 12.6577   Cr: 12.7088 )
00000420: 10.0781   (Y': 7.34724   Cb: 12.5552   Cr: 12.6014 )
00000421: 10.0969   (Y': 7.37139   Cb: 12.5357   Cr: 12.6411 )
00000422: 10.1234   (Y': 7.40721   Cb: 12.6067   Cr: 12.5916 )
00000423: 10.1041   (Y': 7.40086   Cb: 12.5625   Cr: 12.5548 )
00000424: 10.116    (Y': 7.41549   Cb: 12.5664   Cr: 12.5658 )
00000425: 10.1539   (Y': 7.46727   Cb: 12.5666   Cr: 12.596  )
00000426: 10.1635   (Y': 7.45654   Cb: 12.6145   Cr: 12.6339 )
00000427: 10.2756   (Y': 7.54801   Cb: 12.7621   Cr: 12.7785 )
00000428: 10.309    (Y': 7.6013    Cb: 12.7871   Cr: 12.7544 )
00000430: 10.4106   (Y': 7.67412   Cb: 12.9374   Cr: 12.903  )
00000429: 10.3914   (Y': 7.65327   Cb: 12.9049   Cr: 12.9027 )
00000431: 10.4787   (Y': 7.74707   Cb: 12.986    Cr: 12.9745 )
00000432: 10.5051   (Y': 7.77987   Cb: 13.0336   Cr: 12.9584 )
00000433: 10.5013   (Y': 7.75981   Cb: 13.061    Cr: 12.9777 )
00000434: 10.5264   (Y': 7.787     Cb: 13.0619   Cr: 13.0198 )
00000435: 10.5466   (Y': 7.79094   Cb: 13.0962   Cr: 13.0806 )
00000436: 10.5686   (Y': 7.78429   Cb: 13.1597   Cr: 13.1592 )
00000437: 10.6363   (Y': 7.85813   Cb: 13.2316   Cr: 13.2014 )
00000438: 10.6491   (Y': 7.87271   Cb: 13.2377   Cr: 13.215  )
00000439: 10.6669   (Y': 7.84732   Cb: 13.3446   Cr: 13.2939 )
00000441: 10.7218   (Y': 7.83273   Cb: 13.4282   Cr: 13.5719 )
00000440: 10.6693   (Y': 7.81879   Cb: 13.338    Cr: 13.4156 )
00000442: 10.7761   (Y': 7.87302   Cb: 13.4852   Cr: 13.6759 )
00000443: 10.8614   (Y': 7.91053   Cb: 13.6492   Cr: 13.8641 )
00000444: 10.8838   (Y': 7.91008   Cb: 13.7115   Cr: 13.9347 )
00000445: 11.0438   (Y': 8.02315   Cb: 13.9405   Cr: 14.2135 )
00000446: 11.0794   (Y': 8.03478   Cb: 13.9817   Cr: 14.344  )
00000447: 11.2037   (Y': 8.09753   Cb: 14.2626   Cr: 14.5673 )
00000448: 11.268    (Y': 8.13952   Cb: 14.3927   Cr: 14.6613 )
00000449: 11.4195   (Y': 8.22072   Cb: 14.6571   Cr: 15.0168 )
00000450: 11.4846   (Y': 8.28513   Cb: 14.7488   Cr: 15.0562 )
00000451: 11.6097   (Y': 8.36301   Cb: 15.037    Cr: 15.2356 )
00000452: 11.667    (Y': 8.38326   Cb: 15.1952   Cr: 15.3704 )
00000453: 11.7847   (Y': 8.45593   Cb: 15.4773   Cr: 15.547  )
00000454: 11.8025   (Y': 8.44203   Cb: 15.5194   Cr: 15.7049 )
00000455: 11.87     (Y': 8.50031   Cb: 15.6389   Cr: 15.7681 )
00000456: 11.8783   (Y': 8.50721   Cb: 15.6065   Cr: 15.8261 )
00000457: 11.8898   (Y': 8.49131   Cb: 15.6951   Cr: 15.9056 )
00000458: 11.9474   (Y': 8.54031   Cb: 15.7329   Cr: 16.032  )
00000459: 11.991    (Y': 8.57436   Cb: 15.8321   Cr: 16.0707 )
00000460: 12.0055   (Y': 8.55102   Cb: 15.9246   Cr: 16.2187 )
00000461: 12.0942   (Y': 8.59514   Cb: 16.089    Cr: 16.4932 )
00000462: 12.1783   (Y': 8.64281   Cb: 16.1838   Cr: 16.7964 )
00000463: 12.2396   (Y': 8.69783   Cb: 16.2253   Cr: 16.9218 )
00000464: 12.2214   (Y': 8.67738   Cb: 16.174    Cr: 16.9579 )
00000465: 12.2898   (Y': 8.71469   Cb: 16.3675   Cr: 17.0893 )
00000467: 12.2345   (Y': 8.65648   Cb: 16.3526   Cr: 17.0069 )
00000466: 12.2725   (Y': 8.69909   Cb: 16.3738   Cr: 17.0325 )
00000468: 12.1501   (Y': 8.56643   Cb: 16.2355   Cr: 16.9998 )
00000469: 11.9493   (Y': 8.38479   Cb: 16.0156   Cr: 16.6896 )
00000470: 11.9095   (Y': 8.36908   Cb: 15.9556   Cr: 16.5133 )
00000471: 11.8164   (Y': 8.28868   Cb: 15.798    Cr: 16.4115 )
00000472: 11.7788   (Y': 8.25713   Cb: 15.6937   Cr: 16.412  )
00000473: 11.6774   (Y': 8.15829   Cb: 15.6329   Cr: 16.2465 )
00000474: 11.6644   (Y': 8.18828   Cb: 15.5469   Cr: 16.047  )
00000475: 11.5634   (Y': 8.05464   Cb: 15.506    Cr: 16.0811 )
00000476: 11.504    (Y': 7.99357   Cb: 15.4447   Cr: 16.0349 )
00000477: 11.3455   (Y': 7.81522   Cb: 15.33     Cr: 15.9534 )
00000478: 11.2658   (Y': 7.73595   Cb: 15.2765   Cr: 15.8408 )
00000479: 11.2081   (Y': 7.64744   Cb: 15.2836   Cr: 15.9123 )
00000480: 11.2062   (Y': 7.62338   Cb: 15.3291   Cr: 16.0055 )
00000481: 11.1969   (Y': 7.61745   Cb: 15.3358   Cr: 15.9543 )
00000482: 11.214    (Y': 7.615     Cb: 15.447    Cr: 15.9985 )
00000483: 11.1996   (Y': 7.57206   Cb: 15.5195   Cr: 16.0849 )
00000484: 11.2877   (Y': 7.6594    Cb: 15.6049   Cr: 16.1814 )
00000485: 11.4484   (Y': 7.81342   Cb: 15.811    Cr: 16.3373 )
00000486: 11.4841   (Y': 7.84037   Cb: 15.9144   Cr: 16.3597 )
00000487: 11.5681   (Y': 7.93151   Cb: 16.0499   Cr: 16.3376 )
00000488: 11.6537   (Y': 8.00274   Cb: 16.1448   Cr: 16.5141 )
00000489: 11.7857   (Y': 8.12962   Cb: 16.3771   Cr: 16.5748 )
00000490: 11.8735   (Y': 8.21628   Cb: 16.4099   Cr: 16.7293 )
00000491: 12.0032   (Y': 8.31698   Cb: 16.6978   Cr: 16.8985 )
00000492: 12.0819   (Y': 8.38017   Cb: 16.8239   Cr: 17.0405 )
00000493: 12.2276   (Y': 8.53292   Cb: 16.9602   Cr: 17.1447 )
00000495: 12.4365   (Y': 8.73049   Cb: 17.2989   Cr: 17.3031 )
00000494: 12.2735   (Y': 8.54953   Cb: 17.0798   Cr: 17.3299 )
00000496: 12.5601   (Y': 8.84127   Cb: 17.5222   Cr: 17.4199 )
00000497: 12.6738   (Y': 8.98961   Cb: 17.5257   Cr: 17.3961 )
00000498: 12.6717   (Y': 8.97708   Cb: 17.6349   Cr: 17.3603 )
00000499: 12.809    (Y': 9.11228   Cb: 17.6776   Cr: 17.6027 )
00000500: 12.846    (Y': 9.13678   Cb: 17.8268   Cr: 17.6192 )
00000502: 13.0324   (Y': 9.37825   Cb: 17.9078   Cr: 17.5303 )
00000501: 13.0193   (Y': 9.35481   Cb: 17.9033   Cr: 17.5773 )
00000503: 12.9374   (Y': 9.28474   Cb: 17.7846   Cr: 17.4514 )
00000504: 12.8526   (Y': 9.21433   Cb: 17.6501   Cr: 17.3194 )
00000505: 12.7013   (Y': 9.08591   Cb: 17.3097   Cr: 17.2002 )
00000506: 12.6428   (Y': 9.07003   Cb: 17.0438   Cr: 17.0747 )
00000507: 12.6661   (Y': 9.1249    Cb: 16.8984   Cr: 17.0723 )
00000508: 12.6073   (Y': 9.10442   Cb: 16.652    Cr: 16.9755 )
00000509: 12.6001   (Y': 9.16785   Cb: 16.3234   Cr: 16.8987 )
00000510: 12.6307   (Y': 9.24314   Cb: 16.2732   Cr: 16.762  )
00000511: 12.6298   (Y': 9.38452   Cb: 15.8616   Cr: 16.4632 )
00000512: 12.6006   (Y': 9.41408   Cb: 15.6567   Cr: 16.3427 )
00000514: 12.0165   (Y': 8.92238   Cb: 14.8021   Cr: 15.6366 )
00000513: 12.2209   (Y': 9.08357   Cb: 15.134    Cr: 15.8929 )
00000515: 11.6429   (Y': 8.59801   Cb: 14.2472   Cr: 15.2578 )
00000516: 11.5776   (Y': 8.56107   Cb: 14.0908   Cr: 15.1776 )
00000517: 11.453    (Y': 8.52576   Cb: 13.7895   Cr: 14.8826 )
00000518: 11.408    (Y': 8.45629   Cb: 13.7991   Cr: 14.8744 )
00000519: 11.5157   (Y': 8.54697   Cb: 13.9397   Cr: 15.0147 )
00000520: 11.6093   (Y': 8.6371    Cb: 14.0475   Cr: 15.1054 )
00000521: 11.9273   (Y': 9.01755   Cb: 14.3334   Cr: 15.1955 )
00000522: 12.1998   (Y': 9.30839   Cb: 14.6487   Cr: 15.3421 )
00000523: 12.5846   (Y': 9.7398    Cb: 15.0021   Cr: 15.5808 )
00000524: 12.5975   (Y': 9.74162   Cb: 15.0971   Cr: 15.5433 )
00000525: 12.8032   (Y': 10.0061   Cb: 15.2416   Cr: 15.5982 )
00000527: 13.1695   (Y': 10.4111   Cb: 15.6105   Cr: 15.8244 )
00000526: 12.9976   (Y': 10.2099   Cb: 15.4819   Cr: 15.7094 )
00000528: 13.154    (Y': 10.3875   Cb: 15.601    Cr: 15.8303 )
00000529: 13.2502   (Y': 10.5125   Cb: 15.6426   Cr: 15.8846 )
00000530: 13.4038   (Y': 10.6165   Cb: 15.8155   Cr: 16.1918 )
00000531: 13.4589   (Y': 10.6408   Cb: 15.8786   Cr: 16.3515 )
00000532: 13.4948   (Y': 10.6758   Cb: 15.8765   Cr: 16.4337 )
00000533: 13.3482   (Y': 10.5551   Cb: 15.6792   Cr: 16.2481 )
00000534: 13.2604   (Y': 10.42     Cb: 15.6377   Cr: 16.2857 )
00000535: 13.1607   (Y': 10.3115   Cb: 15.5681   Cr: 16.185  )
00000536: 13.1796   (Y': 10.3109   Cb: 15.562    Cr: 16.3095 )
00000538: 13.0165   (Y': 10.0981   Cb: 15.5056   Cr: 16.221  )
00000537: 13.0645   (Y': 10.1834   Cb: 15.4855   Cr: 16.1983 )
00000539: 12.9599   (Y': 10.0556   Cb: 15.4563   Cr: 16.099  )
00000541: 12.9377   (Y': 10.0715   Cb: 15.283    Cr: 16.1021 )
00000540: 13.0012   (Y': 10.1304   Cb: 15.4883   Cr: 16.0182 )
00000542: 12.9066   (Y': 10.1073   Cb: 15.1726   Cr: 15.9048 )
00000543: 13.0123   (Y': 10.1531   Cb: 15.2703   Cr: 16.2561 )
00000544: 13.0174   (Y': 10.1367   Cb: 15.349    Cr: 16.2575 )
00000545: 13.1582   (Y': 10.1934   Cb: 15.6693   Cr: 16.5309 )
00000546: 13.2271   (Y': 10.2121   Cb: 15.8644   Cr: 16.666  )
00000547: 13.3853   (Y': 10.2958   Cb: 16.2396   Cr: 16.9027 )
00000549: 13.7497   (Y': 10.6064   Cb: 16.8335   Cr: 17.2546 )
00000548: 13.4758   (Y': 10.3699   Cb: 16.3988   Cr: 16.9891 )
00000551: 14.0369   (Y': 10.8296   Cb: 17.24     Cr: 17.7133 )
00000552: 14.1531   (Y': 10.9213   Cb: 17.4171   Cr: 17.8823 )
00000550: 13.8134   (Y': 10.6543   Cb: 16.9906   Cr: 17.2894 )
00000553: 14.2881   (Y': 11.0466   Cb: 17.5423   Cr: 18.0771 )
00000554: 14.2433   (Y': 10.9958   Cb: 17.5792   Cr: 17.9714 )
00000555: 14.2844   (Y': 11.0405   Cb: 17.7933   Cr: 17.8134 )
00000557: 14.3094   (Y': 11.1267   Cb: 17.5851   Cr: 17.7902 )
00000558: 14.2806   (Y': 11.1194   Cb: 17.5262   Cr: 17.6945 )
00000556: 14.363    (Y': 11.1646   Cb: 17.7034   Cr: 17.8496 )
00000560: 14.171    (Y': 11.0263   Cb: 17.4274   Cr: 17.4996 )
00000559: 14.1822   (Y': 11.03     Cb: 17.4      Cr: 17.5838 )
00000562: 14.196    (Y': 11.0796   Cb: 17.438    Cr: 17.4152 )
00000561: 14.189    (Y': 11.0931   Cb: 17.3842   Cr: 17.3675 )
00000563: 14.1763   (Y': 11.1283   Cb: 17.2525   Cr: 17.2738 )
00000568: 13.8789   (Y': 10.8873   Cb: 16.8021   Cr: 16.9023 )
00000567: 13.9204   (Y': 10.9149   Cb: 16.86     Cr: 16.9831 )
00000564: 14.1025   (Y': 11.0755   Cb: 17.1499   Cr: 17.143  )
00000565: 14.0539   (Y': 11.0387   Cb: 17.0103   Cr: 17.1384 )
00000566: 14.0233   (Y': 11.0108   Cb: 16.982    Cr: 17.0949 )
00000570: 13.7188   (Y': 10.7524   Cb: 16.6236   Cr: 16.6619 )
00000569: 13.779    (Y': 10.7789   Cb: 16.7039   Cr: 16.8348 )
00000571: 13.7088   (Y': 10.7444   Cb: 16.6285   Cr: 16.6289 )
00000572: 13.6789   (Y': 10.6788   Cb: 16.6753   Cr: 16.6622 )
00000573: 13.5125   (Y': 10.5448   Cb: 16.4723   Cr: 16.4059 )
00000574: 13.4797   (Y': 10.5153   Cb: 16.4167   Cr: 16.3826 )
00000575: 13.3643   (Y': 10.4242   Cb: 16.253    Cr: 16.222  )
00000576: 13.3451   (Y': 10.3987   Cb: 16.2461   Cr: 16.2147 )
00000577: 13.2353   (Y': 10.2712   Cb: 16.1562   Cr: 16.1532 )
00000578: 13.1906   (Y': 10.2432   Cb: 16.0621   Cr: 16.0936 )
00000579: 13.113    (Y': 10.1755   Cb: 16.0141   Cr: 15.9484 )
00000580: 13.014    (Y': 10.0987   Cb: 15.9078   Cr: 15.7736 )
00000581: 12.8536   (Y': 9.89455   Cb: 15.737    Cr: 15.7893 )
00000583: 12.6469   (Y': 9.67155   Cb: 15.4092   Cr: 15.7745 )
00000582: 12.7329   (Y': 9.75499   Cb: 15.6059   Cr: 15.7534 )
00000585: 12.4792   (Y': 9.53684   Cb: 15.1815   Cr: 15.5395 )
00000586: 12.4244   (Y': 9.50771   Cb: 15.0528   Cr: 15.4639 )
00000584: 12.571    (Y': 9.60231   Cb: 15.3732   Cr: 15.629  )
00000587: 12.3117   (Y': 9.36099   Cb: 14.8807   Cr: 15.5557 )
00000588: 12.2935   (Y': 9.33248   Cb: 14.8841   Cr: 15.5556 )
Total: 11.323    (Y': 8.23871   Cb: 14.2803   Cr: 14.7005 )
