00000000: 14.9776   (Y': 13.6142   Cb: 15.5028   Cr: 16.2553 )
00000001: 14.972    (Y': 13.6512   Cb: 15.4603   Cr: 16.2161 )
00000002: 14.9548   (Y': 13.6263   Cb: 15.4263   Cr: 16.2332 )
00000003: 14.9759   (Y': 13.6794   Cb: 15.4445   Cr: 16.1997 )
00000006: 14.9878   (Y': 13.7227   Cb: 15.4092   Cr: 16.2122 )
00000004: 15.001    (Y': 13.6949   Cb: 15.4837   Cr: 16.2253 )
00000005: 14.992    (Y': 13.6992   Cb: 15.4434   Cr: 16.23   )
00000007: 15.0068   (Y': 13.7605   Cb: 15.3866   Cr: 16.2485 )
00000008: 14.9937   (Y': 13.7701   Cb: 15.3632   Cr: 16.2076 )
00000011: 14.9897   (Y': 13.7751   Cb: 15.3264   Cr: 16.228  )
00000010: 14.9855   (Y': 13.7709   Cb: 15.3213   Cr: 16.2252 )
00000009: 14.9964   (Y': 13.7723   Cb: 15.3503   Cr: 16.2306 )
00000013: 15.0498   (Y': 13.8345   Cb: 15.3942   Cr: 16.2797 )
00000012: 15.0207   (Y': 13.8161   Cb: 15.3639   Cr: 16.2335 )
00000015: 15.0611   (Y': 13.8339   Cb: 15.4278   Cr: 16.285  )
00000014: 15.0499   (Y': 13.8578   Cb: 15.3851   Cr: 16.251  )
00000018: 15.061    (Y': 13.8246   Cb: 15.4456   Cr: 16.2791 )
00000016: 15.0519   (Y': 13.8416   Cb: 15.3928   Cr: 16.2774 )
00000017: 15.0524   (Y': 13.8221   Cb: 15.4179   Cr: 16.2834 )
00000019: 15.0518   (Y': 13.8147   Cb: 15.4307   Cr: 16.2783 )
00000022: 15.0657   (Y': 13.8341   Cb: 15.4583   Cr: 16.2659 )
00000020: 15.0649   (Y': 13.8328   Cb: 15.4435   Cr: 16.2827 )
00000021: 15.0714   (Y': 13.8269   Cb: 15.4812   Cr: 16.2737 )
00000023: 15.094    (Y': 13.8411   Cb: 15.5096   Cr: 16.3041 )
00000024: 15.0794   (Y': 13.8262   Cb: 15.5091   Cr: 16.2731 )
00000025: 15.0899   (Y': 13.8335   Cb: 15.52     Cr: 16.2886 )
00000026: 15.0934   (Y': 13.8198   Cb: 15.5459   Cr: 16.2956 )
00000027: 14.7463   (Y': 13.3824   Cb: 15.2385   Cr: 16.0646 )
00000028: 14.6315   (Y': 13.1695   Cb: 15.1962   Cr: 16.0482 )
00000029: 14.5937   (Y': 12.9851   Cb: 15.2843   Cr: 16.1508 )
00000031: 14.7467   (Y': 12.8793   Cb: 15.7397   Cr: 16.5047 )
00000030: 14.6127   (Y': 12.9093   Cb: 15.4193   Cr: 16.2288 )
00000032: 14.8543   (Y': 12.9122   Cb: 15.9522   Cr: 16.6625 )
00000033: 15.0862   (Y': 12.9807   Cb: 16.4262   Cr: 17.0135 )
00000038: 16.6201   (Y': 14.2969   Cb: 18.3065   Cr: 18.7354 )
00000034: 15.2486   (Y': 13.0728   Cb: 16.696    Cr: 17.2339 )
00000035: 15.6943   (Y': 13.4039   Cb: 17.3155   Cr: 17.7911 )
00000037: 16.5524   (Y': 14.1958   Cb: 18.3058   Cr: 18.6871 )
00000039: 16.7686   (Y': 14.5131   Cb: 18.3482   Cr: 18.8168 )
00000036: 15.9921   (Y': 13.6407   Cb: 17.7407   Cr: 18.1179 )
00000040: 16.8291   (Y': 14.6568   Cb: 18.2885   Cr: 18.7917 )
00000041: 16.9894   (Y': 14.9383   Cb: 18.2907   Cr: 18.8253 )
00000043: 17.0515   (Y': 15.0888   Cb: 18.2479   Cr: 18.7943 )
00000042: 17.0287   (Y': 15.011    Cb: 18.2826   Cr: 18.8373 )
00000046: 17.0464   (Y': 15.0821   Cb: 18.2387   Cr: 18.7978 )
00000045: 17.0636   (Y': 15.089    Cb: 18.2695   Cr: 18.8237 )
00000047: 17.0045   (Y': 15.09     Cb: 18.1879   Cr: 18.6505 )
00000044: 17.0496   (Y': 15.088    Cb: 18.2451   Cr: 18.7908 )
00000048: 17.0182   (Y': 15.0866   Cb: 18.1712   Cr: 18.7379 )
00000049: 17.0016   (Y': 15.0933   Cb: 18.1356   Cr: 18.689  )
00000050: 16.9955   (Y': 15.0723   Cb: 18.1289   Cr: 18.7182 )
00000051: 16.9977   (Y': 15.1027   Cb: 18.1315   Cr: 18.6551 )
00000052: 16.9945   (Y': 15.0741   Cb: 18.1367   Cr: 18.7005 )
00000054: 16.9808   (Y': 15.0493   Cb: 18.1896   Cr: 18.6374 )
00000053: 16.9861   (Y': 15.0633   Cb: 18.1766   Cr: 18.6434 )
00000055: 25.5431   (Y': 22.6996   Cb: 28.1617   Cr: 28.3155 )
00000056: 25.0017   (Y': 22.5736   Cb: 26.9439   Cr: 27.1375 )
00000057: 25.2636   (Y': 22.7763   Cb: 27.1631   Cr: 27.6205 )
00000059: 25.3339   (Y': 22.8642   Cb: 27.2064   Cr: 27.6671 )
00000058: 25.2877   (Y': 22.8131   Cb: 27.132    Cr: 27.6677 )
00000060: 25.1356   (Y': 22.7946   Cb: 26.8624   Cr: 27.2559 )
00000063: 25.3857   (Y': 22.9283   Cb: 27.1188   Cr: 27.8413 )
00000062: 25.4607   (Y': 22.9421   Cb: 27.4014   Cr: 27.8682 )
00000061: 25.3327   (Y': 22.872    Cb: 27.2047   Cr: 27.6396 )
00000064: 25.416    (Y': 22.8421   Cb: 27.2933   Cr: 28.0745 )
00000065: 25.4416   (Y': 22.957    Cb: 27.2327   Cr: 27.9135 )
00000067: 25.4808   (Y': 22.9203   Cb: 27.3771   Cr: 28.0725 )
00000066: 25.39     (Y': 22.862    Cb: 27.2562   Cr: 27.912  )
00000068: 25.3197   (Y': 22.7879   Cb: 27.1723   Cr: 27.8694 )
00000069: 25.2822   (Y': 22.8494   Cb: 27.0135   Cr: 27.6641 )
00000070: 25.2978   (Y': 22.8886   Cb: 26.9801   Cr: 27.666  )
00000071: 25.3888   (Y': 22.9186   Cb: 27.2505   Cr: 27.7357 )
00000072: 25.3739   (Y': 22.9131   Cb: 27.1842   Cr: 27.7505 )
00000073: 25.4692   (Y': 22.9924   Cb: 27.1441   Cr: 28.056  )
00000074: 16.3962   (Y': 14.3739   Cb: 17.66     Cr: 18.2043 )
00000075: 15.9032   (Y': 13.9945   Cb: 17.0262   Cr: 17.604  )
00000076: 15.7665   (Y': 13.9187   Cb: 16.8121   Cr: 17.4183 )
00000077: 15.517    (Y': 13.7541   Cb: 16.4577   Cr: 17.103  )
00000079: 15.2242   (Y': 13.3642   Cb: 16.2208   Cr: 16.9606 )
00000078: 15.4102   (Y': 13.6389   Cb: 16.3422   Cr: 17.0246 )
00000080: 15.2055   (Y': 13.3102   Cb: 16.2041   Cr: 17.0211 )
00000081: 15.2745   (Y': 13.2655   Cb: 16.3484   Cr: 17.2751 )
00000082: 15.3614   (Y': 13.2838   Cb: 16.5213   Cr: 17.4314 )
00000083: 15.6539   (Y': 13.3427   Cb: 17.1198   Cr: 17.9909 )
00000084: 15.7771   (Y': 13.3297   Cb: 17.4685   Cr: 18.251  )
00000085: 15.4134   (Y': 13.046    Cb: 17.1043   Cr: 17.6484 )
00000086: 15.3405   (Y': 12.9731   Cb: 17.0724   Cr: 17.5296 )
00000087: 15.6321   (Y': 13.0987   Cb: 17.68     Cr: 17.9685 )
00000088: 15.7617   (Y': 13.1095   Cb: 17.9461   Cr: 18.3302 )
00000089: 16.1573   (Y': 13.3774   Cb: 18.5917   Cr: 18.8945 )
00000091: 17.9875   (Y': 14.9267   Cb: 21.0325   Cr: 21.1699 )
00000090: 16.54     (Y': 13.6508   Cb: 19.1882   Cr: 19.451  )
00000094: INF       (Y': INF       Cb: INF       Cr: INF     )
00000092: 19.8902   (Y': 16.6924   Cb: 23.2854   Cr: 23.318  )
00000093: INF       (Y': INF       Cb: INF       Cr: INF     )
00000095: INF       (Y': INF       Cb: INF       Cr: INF     )
00000096: INF       (Y': INF       Cb: INF       Cr: INF     )
00000097: INF       (Y': INF       Cb: INF       Cr: INF     )
00000098: INF       (Y': INF       Cb: INF       Cr: INF     )
00000099: INF       (Y': INF       Cb: INF       Cr: INF     )
00000100: INF       (Y': INF       Cb: INF       Cr: INF     )
00000101: INF       (Y': INF       Cb: INF       Cr: INF     )
00000102: INF       (Y': INF       Cb: INF       Cr: INF     )
00000103: INF       (Y': INF       Cb: INF       Cr: INF     )
00000104: INF       (Y': INF       Cb: INF       Cr: INF     )
00000105: INF       (Y': INF       Cb: INF       Cr: INF     )
00000106: INF       (Y': INF       Cb: INF       Cr: INF     )
00000107: INF       (Y': INF       Cb: INF       Cr: INF     )
00000108: INF       (Y': INF       Cb: INF       Cr: INF     )
00000109: INF       (Y': INF       Cb: INF       Cr: INF     )
00000110: INF       (Y': INF       Cb: INF       Cr: INF     )
00000111: INF       (Y': INF       Cb: INF       Cr: INF     )
00000112: INF       (Y': INF       Cb: INF       Cr: INF     )
00000113: INF       (Y': INF       Cb: INF       Cr: INF     )
00000114: INF       (Y': INF       Cb: INF       Cr: INF     )
00000115: INF       (Y': INF       Cb: INF       Cr: INF     )
00000116: INF       (Y': INF       Cb: INF       Cr: INF     )
00000118: INF       (Y': INF       Cb: INF       Cr: INF     )
00000117: INF       (Y': INF       Cb: INF       Cr: INF     )
00000120: INF       (Y': INF       Cb: INF       Cr: INF     )
00000119: INF       (Y': INF       Cb: INF       Cr: INF     )
00000121: INF       (Y': INF       Cb: INF       Cr: INF     )
00000122: INF       (Y': INF       Cb: INF       Cr: INF     )
00000125: INF       (Y': INF       Cb: INF       Cr: INF     )
00000123: INF       (Y': INF       Cb: INF       Cr: INF     )
00000124: INF       (Y': INF       Cb: INF       Cr: INF     )
00000128: INF       (Y': INF       Cb: INF       Cr: INF     )
00000126: INF       (Y': INF       Cb: INF       Cr: INF     )
00000130: INF       (Y': INF       Cb: INF       Cr: INF     )
00000127: INF       (Y': INF       Cb: INF       Cr: INF     )
00000129: INF       (Y': INF       Cb: INF       Cr: INF     )
00000131: INF       (Y': INF       Cb: INF       Cr: INF     )
00000132: INF       (Y': INF       Cb: INF       Cr: INF     )
00000133: INF       (Y': INF       Cb: INF       Cr: INF     )
00000134: INF       (Y': INF       Cb: INF       Cr: INF     )
00000135: INF       (Y': INF       Cb: INF       Cr: INF     )
00000136: INF       (Y': INF       Cb: INF       Cr: INF     )
00000138: 17.3469   (Y': 14.8169   Cb: 19.3493   Cr: 19.7215 )
00000137: INF       (Y': INF       Cb: INF       Cr: INF     )
00000141: 15.0392   (Y': 13.4905   Cb: 15.4753   Cr: 16.7974 )
00000139: 16.052    (Y': 13.9078   Cb: 17.2614   Cr: 18.2368 )
00000140: 15.2822   (Y': 13.5498   Cb: 15.9508   Cr: 17.1364 )
00000142: 14.7167   (Y': 13.5753   Cb: 14.8099   Cr: 16.1396 )
00000143: 14.6277   (Y': 13.6905   Cb: 14.5692   Cr: 15.9026 )
00000144: 14.5728   (Y': 13.6238   Cb: 14.5251   Cr: 15.8529 )
00000146: 14.5751   (Y': 13.6203   Cb: 14.5319   Cr: 15.8585 )
00000145: 14.5695   (Y': 13.6269   Cb: 14.5118   Cr: 15.8523 )
00000147: 14.5807   (Y': 13.6221   Cb: 14.5428   Cr: 15.8637 )
00000149: 14.5658   (Y': 13.596    Cb: 14.5424   Cr: 15.8475 )
00000148: 14.5642   (Y': 13.6188   Cb: 14.5239   Cr: 15.8281 )
00000152: 14.5838   (Y': 13.6007   Cb: 14.5642   Cr: 15.8831 )
00000150: 14.6068   (Y': 13.6445   Cb: 14.5815   Cr: 15.8788 )
00000151: 14.6001   (Y': 13.6342   Cb: 14.5755   Cr: 15.8773 )
00000153: 14.5689   (Y': 13.5759   Cb: 14.5607   Cr: 15.8694 )
00000154: 14.5559   (Y': 13.5641   Cb: 14.5479   Cr: 15.8542 )
00000157: 14.5784   (Y': 13.5831   Cb: 14.576    Cr: 15.8748 )
00000155: 14.5549   (Y': 13.558    Cb: 14.5466   Cr: 15.8621 )
00000156: 14.5744   (Y': 13.5917   Cb: 14.5565   Cr: 15.8706 )
00000158: 14.5778   (Y': 13.5782   Cb: 14.5727   Cr: 15.8854 )
00000160: 14.6386   (Y': 13.644    Cb: 14.6347   Cr: 15.9361 )
00000159: 14.5975   (Y': 13.6074   Cb: 14.5907   Cr: 15.891  )
00000162: 14.6149   (Y': 13.6236   Cb: 14.6064   Cr: 15.913  )
00000161: 14.6251   (Y': 13.6293   Cb: 14.6356   Cr: 15.9054 )
00000163: 14.6178   (Y': 13.6191   Cb: 14.6215   Cr: 15.9118 )
00000165: 14.6033   (Y': 13.6044   Cb: 14.6018   Cr: 15.905  )
00000164: 14.6024   (Y': 13.6049   Cb: 14.6069   Cr: 15.8934 )
00000166: 14.625    (Y': 13.6206   Cb: 14.6419   Cr: 15.9111 )
00000168: 14.6293   (Y': 13.6311   Cb: 14.6367   Cr: 15.9178 )
00000167: 14.6458   (Y': 13.6581   Cb: 14.6477   Cr: 15.9237 )
00000169: 14.6178   (Y': 13.6264   Cb: 14.6227   Cr: 15.898  )
00000170: 14.6311   (Y': 13.6196   Cb: 14.6529   Cr: 15.9227 )
00000171: 14.6238   (Y': 13.6199   Cb: 14.6402   Cr: 15.9096 )
00000172: 14.613    (Y': 13.5984   Cb: 14.6328   Cr: 15.9125 )
00000173: 14.6157   (Y': 13.6051   Cb: 14.6357   Cr: 15.9081 )
00000174: 14.6062   (Y': 13.6001   Cb: 14.622    Cr: 15.8965 )
00000175: 14.5954   (Y': 13.5966   Cb: 14.6062   Cr: 15.8803 )
00000176: 14.5962   (Y': 13.5944   Cb: 14.6187   Cr: 15.8704 )
00000178: 14.6014   (Y': 13.6069   Cb: 14.6171   Cr: 15.8722 )
00000177: 14.5949   (Y': 13.5907   Cb: 14.6111   Cr: 15.8815 )
00000179: 14.6025   (Y': 13.5963   Cb: 14.6223   Cr: 15.8879 )
00000180: 14.618    (Y': 13.5969   Cb: 14.657    Cr: 15.9029 )
00000182: 14.6394   (Y': 13.6095   Cb: 14.6838   Cr: 15.9323 )
00000181: 14.6239   (Y': 13.6128   Cb: 14.6653   Cr: 15.8886 )
00000183: 14.6386   (Y': 13.6193   Cb: 14.6786   Cr: 15.9193 )
00000184: 14.6448   (Y': 13.637    Cb: 14.672    Cr: 15.9229 )
00000185: 14.6279   (Y': 13.6194   Cb: 14.6521   Cr: 15.9111 )
00000186: 14.6168   (Y': 13.615    Cb: 14.6387   Cr: 15.892  )
00000187: 14.6049   (Y': 13.6005   Cb: 14.6208   Cr: 15.8924 )
00000188: 14.6202   (Y': 13.626    Cb: 14.6317   Cr: 15.8963 )
00000189: 14.6214   (Y': 13.6131   Cb: 14.6522   Cr: 15.8954 )
00000190: 14.6453   (Y': 13.6496   Cb: 14.6583   Cr: 15.922  )
00000191: 14.641    (Y': 13.6685   Cb: 14.6367   Cr: 15.9018 )
00000192: 14.6069   (Y': 13.5845   Cb: 14.631    Cr: 15.914  )
00000193: 14.6138   (Y': 13.5956   Cb: 14.6362   Cr: 15.916  )
00000194: 14.6086   (Y': 13.5728   Cb: 14.65     Cr: 15.9153 )
00000195: 14.6134   (Y': 13.5856   Cb: 14.6378   Cr: 15.9294 )
00000196: 14.6056   (Y': 13.5735   Cb: 14.6385   Cr: 15.9174 )
00000197: 14.592    (Y': 13.572    Cb: 14.615    Cr: 15.8963 )
00000198: 14.8884   (Y': 13.8767   Cb: 14.9381   Cr: 16.1434 )
00000200: 15.1352   (Y': 14.0845   Cb: 15.2644   Cr: 16.3524 )
00000202: 15.2536   (Y': 14.1987   Cb: 15.4218   Cr: 16.4281 )
00000199: 15.0465   (Y': 14.0329   Cb: 15.1275   Cr: 16.2637 )
00000201: 15.1762   (Y': 14.1335   Cb: 15.3139   Cr: 16.3689 )
00000203: 15.2978   (Y': 14.2143   Cb: 15.4824   Cr: 16.4999 )
00000204: 15.3636   (Y': 14.2913   Cb: 15.5424   Cr: 16.5537 )
00000205: 15.4105   (Y': 14.3491   Cb: 15.5828   Cr: 16.5907 )
00000207: 15.5232   (Y': 14.4714   Cb: 15.6777   Cr: 16.7098 )
00000206: 15.4727   (Y': 14.3938   Cb: 15.6404   Cr: 16.6882 )
00000209: 15.5738   (Y': 14.5034   Cb: 15.7443   Cr: 16.7712 )
00000208: 15.5664   (Y': 14.4981   Cb: 15.7246   Cr: 16.776  )
00000210: 15.5884   (Y': 14.5432   Cb: 15.7392   Cr: 16.7689 )
00000211: 15.5976   (Y': 14.549    Cb: 15.7474   Cr: 16.7849 )
00000212: 15.6042   (Y': 14.5759   Cb: 15.738    Cr: 16.7779 )
00000213: 15.6024   (Y': 14.5525   Cb: 15.7587   Cr: 16.7837 )
00000214: 15.6386   (Y': 14.6096   Cb: 15.7468   Cr: 16.8463 )
00000215: 15.6531   (Y': 14.6187   Cb: 15.7469   Cr: 16.8885 )
00000216: 15.6869   (Y': 14.6808   Cb: 15.7765   Cr: 16.8805 )
00000217: 15.6909   (Y': 14.6926   Cb: 15.7865   Cr: 16.8637 )
00000218: 15.7185   (Y': 14.7417   Cb: 15.764    Cr: 16.9207 )
00000219: 15.7257   (Y': 14.7515   Cb: 15.7773   Cr: 16.9156 )
00000220: 15.7582   (Y': 14.778    Cb: 15.8095   Cr: 16.9584 )
00000221: 15.7552   (Y': 14.7437   Cb: 15.8184   Cr: 16.9918 )
00000222: 15.7906   (Y': 14.8079   Cb: 15.8623   Cr: 16.9686 )
00000223: 15.8174   (Y': 14.8272   Cb: 15.8831   Cr: 17.0154 )
00000224: 15.8952   (Y': 14.8827   Cb: 15.9831   Cr: 17.1012 )
00000225: 15.8905   (Y': 14.8997   Cb: 15.9632   Cr: 17.0803 )
00000226: 15.9616   (Y': 14.9304   Cb: 16.0581   Cr: 17.1882 )
00000227: 16.0048   (Y': 14.9611   Cb: 16.1113   Cr: 17.2392 )
00000228: 16.0119   (Y': 15.0212   Cb: 16.0639   Cr: 17.2284 )
00000229: 16.0313   (Y': 15.0152   Cb: 16.0949   Cr: 17.2751 )
00000230: 16.107    (Y': 15.1022   Cb: 16.1824   Cr: 17.3167 )
00000231: 16.1139   (Y': 15.1037   Cb: 16.1884   Cr: 17.3337 )
00000232: 16.1293   (Y': 15.1525   Cb: 16.1911   Cr: 17.3102 )
00000234: 16.0876   (Y': 15.1435   Cb: 16.1263   Cr: 17.245  )
00000233: 16.0933   (Y': 15.1211   Cb: 16.1348   Cr: 17.2932 )
00000235: 16.1141   (Y': 15.2076   Cb: 16.1431   Cr: 17.2236 )
00000237: 16.1455   (Y': 15.2504   Cb: 16.186    Cr: 17.2225 )
00000236: 16.1343   (Y': 15.2098   Cb: 16.1705   Cr: 17.2635 )
00000238: 16.1551   (Y': 15.3035   Cb: 16.1405   Cr: 17.2343 )
00000239: 16.1503   (Y': 15.3233   Cb: 16.147    Cr: 17.1771 )
00000241: 16.124    (Y': 15.2977   Cb: 16.0893   Cr: 17.1896 )
00000240: 16.1147   (Y': 15.2725   Cb: 16.0929   Cr: 17.1885 )
00000244: 16.1336   (Y': 15.2634   Cb: 16.0939   Cr: 17.2744 )
00000242: 16.1302   (Y': 15.3358   Cb: 16.0767   Cr: 17.1712 )
00000243: 16.1354   (Y': 15.2927   Cb: 16.0777   Cr: 17.2564 )
00000245: 16.1614   (Y': 15.2851   Cb: 16.1148   Cr: 17.3214 )
00000246: 16.1893   (Y': 15.3177   Cb: 16.1524   Cr: 17.3288 )
00000247: 16.1804   (Y': 15.2847   Cb: 16.1506   Cr: 17.3493 )
00000248: 16.1275   (Y': 15.2291   Cb: 16.1328   Cr: 17.2548 )
00000249: 16.115    (Y': 15.213    Cb: 16.1096   Cr: 17.2619 )
00000251: 16.1495   (Y': 15.2704   Cb: 16.1416   Cr: 17.2632 )
00000250: 16.1491   (Y': 15.2762   Cb: 16.1478   Cr: 17.2444 )
00000252: 16.1814   (Y': 15.3114   Cb: 16.183    Cr: 17.2683 )
00000253: 16.1921   (Y': 15.3266   Cb: 16.1987   Cr: 17.2658 )
00000254: 16.2176   (Y': 15.3464   Cb: 16.2209   Cr: 17.3042 )
00000255: 16.236    (Y': 15.391    Cb: 16.2485   Cr: 17.2701 )
00000256: 16.2581   (Y': 15.4229   Cb: 16.27     Cr: 17.2779 )
00000257: 16.2326   (Y': 15.4101   Cb: 16.2693   Cr: 17.2023 )
00000258: 16.2351   (Y': 15.3823   Cb: 16.2845   Cr: 17.235  )
00000260: 16.1586   (Y': 15.1792   Cb: 16.3038   Cr: 17.2383 )
00000259: 16.2479   (Y': 15.3465   Cb: 16.3358   Cr: 17.2752 )
00000262: 16.0834   (Y': 14.9919   Cb: 16.3577   Cr: 17.1877 )
00000261: 16.1115   (Y': 15.0992   Cb: 16.3045   Cr: 17.1851 )
00000263: 16.1186   (Y': 15.023    Cb: 16.4087   Cr: 17.2106 )
00000264: 16.0548   (Y': 14.9813   Cb: 16.3088   Cr: 17.1541 )
00000266: 15.9845   (Y': 14.9009   Cb: 16.2634   Cr: 17.0703 )
00000265: 16.0422   (Y': 14.9749   Cb: 16.2883   Cr: 17.1408 )
00000267: 15.9552   (Y': 14.8862   Cb: 16.225    Cr: 17.0279 )
00000268: 15.9423   (Y': 14.8285   Cb: 16.2729   Cr: 17.0161 )
00000269: 15.9017   (Y': 14.8024   Cb: 16.1937   Cr: 16.9976 )
00000270: 15.8504   (Y': 14.8036   Cb: 16.1133   Cr: 16.8953 )
00000271: 15.8586   (Y': 14.8434   Cb: 16.1228   Cr: 16.8512 )
00000272: 15.8403   (Y': 14.8474   Cb: 16.1011   Cr: 16.8016 )
00000273: 15.8251   (Y': 14.8456   Cb: 16.0532   Cr: 16.804  )
00000274: 15.8383   (Y': 14.8854   Cb: 16.0969   Cr: 16.7402 )
00000275: 15.7675   (Y': 14.8276   Cb: 16.0098   Cr: 16.6687 )
00000276: 15.724    (Y': 14.7266   Cb: 16.0606   Cr: 16.6048 )
00000277: 15.7362   (Y': 14.8062   Cb: 16.0051   Cr: 16.5915 )
00000278: 15.7244   (Y': 14.8856   Cb: 15.9324   Cr: 16.5144 )
00000279: 15.7379   (Y': 14.8971   Cb: 15.9507   Cr: 16.5253 )
00000280: 15.7488   (Y': 14.9015   Cb: 16.003    Cr: 16.4987 )
00000281: 15.7583   (Y': 14.9071   Cb: 16.0184   Cr: 16.5072 )
00000282: 15.7343   (Y': 14.8799   Cb: 15.9939   Cr: 16.4883 )
00000283: 15.7308   (Y': 14.8807   Cb: 16.0036   Cr: 16.4639 )
00000284: 15.8317   (Y': 14.9596   Cb: 16.0916   Cr: 16.6115 )
00000286: 15.9302   (Y': 15.0632   Cb: 16.172    Cr: 16.7226 )
00000285: 15.9108   (Y': 15.0052   Cb: 16.1954   Cr: 16.7116 )
00000287: 15.9677   (Y': 15.0735   Cb: 16.2386   Cr: 16.7672 )
00000288: 15.9862   (Y': 15.1327   Cb: 16.1965   Cr: 16.7948 )
00000290: 15.9953   (Y': 15.1951   Cb: 16.1522   Cr: 16.788  )
00000289: 15.9734   (Y': 15.1162   Cb: 16.18     Cr: 16.7918 )
00000291: 16.0006   (Y': 15.2211   Cb: 16.1318   Cr: 16.7932 )
00000292: 16.0186   (Y': 15.3033   Cb: 16.0998   Cr: 16.7787 )
00000293: 16.0396   (Y': 15.3107   Cb: 16.1239   Cr: 16.8149 )
00000296: 16.0787   (Y': 15.3558   Cb: 16.1476   Cr: 16.8638 )
00000294: 16.1475   (Y': 15.4338   Cb: 16.2431   Cr: 16.8886 )
00000295: 16.1637   (Y': 15.4674   Cb: 16.2267   Cr: 16.9184 )
00000297: 16.1943   (Y': 15.3761   Cb: 16.3165   Cr: 17.0537 )
00000298: 16.0942   (Y': 15.1996   Cb: 16.2304   Cr: 17.0518 )
00000299: 16.0786   (Y': 15.1089   Cb: 16.3056   Cr: 17.0437 )
00000301: 16.192    (Y': 15.124    Cb: 16.5901   Cr: 17.1135 )
00000300: 16.1411   (Y': 15.1077   Cb: 16.4744   Cr: 17.0818 )
00000303: 16.0326   (Y': 14.9721   Cb: 16.4163   Cr: 16.9584 )
00000302: 16.0761   (Y': 15.0122   Cb: 16.4936   Cr: 16.9695 )
00000304: 16.1007   (Y': 15.0737   Cb: 16.4177   Cr: 17.0504 )
00000305: 16.0873   (Y': 15.105    Cb: 16.3597   Cr: 17.0187 )
00000306: 16.1502   (Y': 15.2166   Cb: 16.4106   Cr: 17.0205 )
00000307: 16.1403   (Y': 15.2626   Cb: 16.3789   Cr: 16.952  )
00000308: 16.1627   (Y': 15.3242   Cb: 16.3888   Cr: 16.9314 )
00000309: 16.1671   (Y': 15.3287   Cb: 16.3915   Cr: 16.9378 )
00000310: 16.2186   (Y': 15.3249   Cb: 16.516    Cr: 16.9879 )
00000311: 16.2184   (Y': 15.3016   Cb: 16.5238   Cr: 17.0126 )
00000312: 16.149    (Y': 15.2154   Cb: 16.4237   Cr: 17.0032 )
00000313: 16.0649   (Y': 15.0721   Cb: 16.3707   Cr: 16.974  )
00000314: 15.9432   (Y': 14.9907   Cb: 16.1649   Cr: 16.8877 )
00000315: 15.9119   (Y': 15.0047   Cb: 16.0698   Cr: 16.8626 )
00000316: 15.9355   (Y': 14.994    Cb: 16.1088   Cr: 16.9208 )
00000317: 15.9413   (Y': 15.0171   Cb: 16.0768   Cr: 16.9456 )
00000318: 15.9951   (Y': 15.0761   Cb: 16.1633   Cr: 16.9516 )
00000319: 16.0606   (Y': 15.1275   Cb: 16.259    Cr: 17.0027 )
00000320: 16.0564   (Y': 14.9867   Cb: 16.361    Cr: 17.0888 )
00000321: 16.0766   (Y': 15.0032   Cb: 16.3652   Cr: 17.1338 )
00000322: 16.0972   (Y': 14.9582   Cb: 16.4237   Cr: 17.2179 )
00000323: 15.9755   (Y': 14.861    Cb: 16.2305   Cr: 17.1417 )
00000324: 15.8851   (Y': 14.7565   Cb: 16.196    Cr: 17.0073 )
00000325: 15.848    (Y': 14.7138   Cb: 16.1649   Cr: 16.9721 )
00000328: 15.9295   (Y': 14.8917   Cb: 16.1239   Cr: 17.0429 )
00000326: 15.8317   (Y': 14.7175   Cb: 16.1373   Cr: 16.9362 )
00000327: 15.8297   (Y': 14.7433   Cb: 16.075    Cr: 16.9608 )
00000330: 16.1007   (Y': 15.0637   Cb: 16.2555   Cr: 17.2621 )
00000331: 16.0986   (Y': 15.0515   Cb: 16.2835   Cr: 17.2393 )
00000329: 16.0017   (Y': 15.0219   Cb: 16.1105   Cr: 17.1274 )
00000332: 16.0765   (Y': 15.0339   Cb: 16.262    Cr: 17.2088 )
00000333: 16.0337   (Y': 15.0184   Cb: 16.1881   Cr: 17.1602 )
00000334: 16.0665   (Y': 15.0279   Cb: 16.2215   Cr: 17.2303 )
00000335: 15.9697   (Y': 14.9577   Cb: 16.0661   Cr: 17.1642 )
00000336: 15.9146   (Y': 14.9308   Cb: 15.9636   Cr: 17.1236 )
00000337: 15.9497   (Y': 14.9974   Cb: 15.9608   Cr: 17.1565 )
00000338: 15.9045   (Y': 14.9565   Cb: 15.8916   Cr: 17.1361 )
00000339: 15.9463   (Y': 15.0393   Cb: 15.9295   Cr: 17.1162 )
00000340: 15.9966   (Y': 15.0564   Cb: 15.9966   Cr: 17.1982 )
00000341: 15.9958   (Y': 15.0809   Cb: 16.0199   Cr: 17.1252 )
00000342: 15.9628   (Y': 14.9704   Cb: 16.0541   Cr: 17.1311 )
00000343: 15.9927   (Y': 15.006    Cb: 16.0761   Cr: 17.1619 )
00000344: 16.0693   (Y': 14.9959   Cb: 16.2165   Cr: 17.3015 )
00000345: 16.0041   (Y': 14.9795   Cb: 16.057    Cr: 17.2765 )
00000346: 15.9746   (Y': 15.0082   Cb: 16.011    Cr: 17.1716 )
00000347: 15.9293   (Y': 14.9922   Cb: 15.9421   Cr: 17.1089 )
00000348: 15.904    (Y': 14.9945   Cb: 15.9049   Cr: 17.0546 )
00000349: 15.9405   (Y': 15.0778   Cb: 15.9058   Cr: 17.0629 )
00000351: 15.8286   (Y': 15.0782   Cb: 15.6997   Cr: 16.9005 )
00000350: 15.8806   (Y': 15.0564   Cb: 15.8222   Cr: 16.9738 )
00000352: 15.8843   (Y': 15.168    Cb: 15.7629   Cr: 16.8952 )
00000353: 15.8748   (Y': 15.1474   Cb: 15.7422   Cr: 16.9169 )
00000354: 15.8437   (Y': 15.1748   Cb: 15.713    Cr: 16.797  )
00000355: 15.908    (Y': 15.2551   Cb: 15.8087   Cr: 16.7983 )
00000356: 16.1202   (Y': 15.6269   Cb: 16.0083   Cr: 16.8076 )
00000357: 16.1159   (Y': 15.6525   Cb: 16.0391   Cr: 16.7228 )
00000358: 16.1492   (Y': 15.6172   Cb: 16.1547   Cr: 16.7493 )
00000360: 15.953    (Y': 15.1604   Cb: 16.0787   Cr: 16.7711 )
00000359: 16.0718   (Y': 15.4336   Cb: 16.1852   Cr: 16.6892 )
00000361: 15.9062   (Y': 15.1465   Cb: 15.9927   Cr: 16.7229 )
00000362: 16.0138   (Y': 15.2415   Cb: 16.0657   Cr: 16.8902 )
00000363: 16.0534   (Y': 15.2938   Cb: 16.1178   Cr: 16.8964 )
00000364: 16.1439   (Y': 15.5264   Cb: 16.1243   Cr: 16.8872 )
00000365: 16.1321   (Y': 15.5901   Cb: 16.0261   Cr: 16.8771 )
00000366: 16.1888   (Y': 15.9417   Cb: 15.865    Cr: 16.8235 )
00000367: 16.2241   (Y': 16.1945   Cb: 15.7917   Cr: 16.7377 )
00000368: 16.268    (Y': 16.6599   Cb: 15.5406   Cr: 16.7067 )
00000369: 16.1263   (Y': 15.9658   Cb: 15.6033   Cr: 16.9127 )
00000370: 16.0937   (Y': 15.7662   Cb: 15.6084   Cr: 17.0443 )
00000371: 16.0421   (Y': 15.615    Cb: 15.5929   Cr: 17.0783 )
00000373: 15.9769   (Y': 15.3236   Cb: 15.6698   Cr: 17.1436 )
00000372: 16.0176   (Y': 15.3897   Cb: 15.6878   Cr: 17.1778 )
00000376: 15.8417   (Y': 14.9112   Cb: 15.734    Cr: 17.1731 )
00000374: 15.9582   (Y': 15.2025   Cb: 15.7139   Cr: 17.1955 )
00000375: 15.8883   (Y': 15.0466   Cb: 15.7279   Cr: 17.1462 )
00000377: 15.8543   (Y': 14.8313   Cb: 15.8235   Cr: 17.2372 )
00000378: 15.9381   (Y': 14.9384   Cb: 15.8765   Cr: 17.3235 )
00000379: 16.0112   (Y': 14.9796   Cb: 15.9922   Cr: 17.3928 )
00000380: 16.0877   (Y': 15.1115   Cb: 16.0221   Cr: 17.4383 )
00000381: 16.1641   (Y': 15.1509   Cb: 16.135    Cr: 17.5276 )
00000382: 16.2224   (Y': 15.3101   Cb: 16.1164   Cr: 17.5212 )
00000383: 16.122    (Y': 15.241    Cb: 15.9715   Cr: 17.4304 )
00000384: 15.9748   (Y': 15.0032   Cb: 15.8831   Cr: 17.3537 )
00000386: 15.9078   (Y': 14.7041   Cb: 15.9778   Cr: 17.478  )
00000385: 15.9751   (Y': 14.8872   Cb: 15.9719   Cr: 17.4343 )
00000387: 16.4789   (Y': 16.0256   Cb: 16.0697   Cr: 17.496  )
00000388: 16.4206   (Y': 15.8402   Cb: 16.0849   Cr: 17.5182 )
00000389: 16.4228   (Y': 15.8503   Cb: 16.0303   Cr: 17.5889 )
00000390: 16.3836   (Y': 15.6751   Cb: 16.0936   Cr: 17.6115 )
00000391: 16.317    (Y': 15.6666   Cb: 15.9866   Cr: 17.5123 )
00000394: 16.553    (Y': 15.9824   Cb: 16.2115   Cr: 17.6445 )
00000392: 16.3178   (Y': 15.8045   Cb: 15.9072   Cr: 17.4228 )
00000393: 16.3238   (Y': 15.7538   Cb: 15.989    Cr: 17.4049 )
00000395: 16.6176   (Y': 16.0088   Cb: 16.3312   Cr: 17.6891 )
00000396: 16.7583   (Y': 16.0397   Cb: 16.5712   Cr: 17.8595 )
00000397: 16.8142   (Y': 16.1233   Cb: 16.6455   Cr: 17.8493 )
00000398: 16.7258   (Y': 16.0258   Cb: 16.5392   Cr: 17.7984 )
00000399: 16.7025   (Y': 15.9614   Cb: 16.5193   Cr: 17.8327 )
00000400: 16.642    (Y': 15.9777   Cb: 16.3803   Cr: 17.7623 )
00000401: 16.6885   (Y': 16.0011   Cb: 16.4599   Cr: 17.7986 )
00000402: 16.7004   (Y': 15.8943   Cb: 16.5705   Cr: 17.86   )
00000403: 16.6892   (Y': 15.8435   Cb: 16.6292   Cr: 17.8181 )
00000404: 16.6321   (Y': 15.8738   Cb: 16.4477   Cr: 17.7908 )
00000406: 16.7148   (Y': 16.0308   Cb: 16.4224   Cr: 17.9082 )
00000405: 16.5877   (Y': 15.8399   Cb: 16.3465   Cr: 17.8082 )
00000407: 16.8039   (Y': 16.2047   Cb: 16.5152   Cr: 17.8646 )
00000408: 16.7084   (Y': 16.0064   Cb: 16.4805   Cr: 17.8397 )
00000409: 16.6739   (Y': 15.9363   Cb: 16.4704   Cr: 17.8265 )
00000410: 16.6541   (Y': 15.8322   Cb: 16.5228   Cr: 17.8407 )
00000411: 16.693    (Y': 15.8499   Cb: 16.5754   Cr: 17.8946 )
00000412: 16.7163   (Y': 15.8522   Cb: 16.5964   Cr: 17.955  )
00000413: 16.7098   (Y': 15.8413   Cb: 16.6067   Cr: 17.9327 )
00000414: 16.7224   (Y': 15.8388   Cb: 16.6521   Cr: 17.9256 )
00000415: 16.6832   (Y': 15.7458   Cb: 16.6367   Cr: 17.9426 )
00000416: 16.6473   (Y': 15.6525   Cb: 16.6211   Cr: 17.9754 )
00000417: 16.6161   (Y': 15.6484   Cb: 16.611    Cr: 17.8701 )
00000418: 16.6088   (Y': 15.7001   Cb: 16.5203   Cr: 17.8775 )
00000419: 16.6762   (Y': 15.8005   Cb: 16.5523   Cr: 17.9394 )
00000420: 16.5803   (Y': 15.6769   Cb: 16.4469   Cr: 17.9022 )
00000421: 16.5814   (Y': 15.7714   Cb: 16.4237   Cr: 17.7848 )
00000422: 16.4394   (Y': 15.618    Cb: 16.3119   Cr: 17.6199 )
00000424: 16.4164   (Y': 15.6341   Cb: 16.264    Cr: 17.5689 )
00000423: 16.3981   (Y': 15.6169   Cb: 16.232    Cr: 17.5675 )
00000426: 16.4658   (Y': 15.6564   Cb: 16.3547   Cr: 17.6053 )
00000425: 16.4443   (Y': 15.639    Cb: 16.2937   Cr: 17.6306 )
00000427: 16.4877   (Y': 15.6944   Cb: 16.3676   Cr: 17.6141 )
00000428: 16.5298   (Y': 15.7026   Cb: 16.4769   Cr: 17.6206 )
00000429: 16.5158   (Y': 15.7445   Cb: 16.3881   Cr: 17.6185 )
00000431: 16.5412   (Y': 15.7373   Cb: 16.425    Cr: 17.679  )
00000430: 16.5609   (Y': 15.7494   Cb: 16.4231   Cr: 17.7396 )
00000432: 16.6443   (Y': 15.7754   Cb: 16.5345   Cr: 17.8768 )
00000434: 16.6556   (Y': 15.7125   Cb: 16.5592   Cr: 17.9929 )
00000433: 16.61     (Y': 15.7283   Cb: 16.5167   Cr: 17.8408 )
00000435: 16.7021   (Y': 15.7582   Cb: 16.5815   Cr: 18.0745 )
00000436: 16.7257   (Y': 15.6857   Cb: 16.6554   Cr: 18.194  )
00000437: 16.6839   (Y': 15.6634   Cb: 16.5987   Cr: 18.1388 )
00000438: 16.7251   (Y': 15.6932   Cb: 16.6098   Cr: 18.2439 )
00000439: 16.69     (Y': 15.6253   Cb: 16.5752   Cr: 18.2678 )
00000440: 16.6847   (Y': 15.6295   Cb: 16.5202   Cr: 18.3191 )
00000441: 16.7223   (Y': 15.613    Cb: 16.6328   Cr: 18.3452 )
00000442: 16.9503   (Y': 15.8485   Cb: 16.9292   Cr: 18.4603 )
00000443: 17.1651   (Y': 16.0569   Cb: 17.1567   Cr: 18.6688 )
00000444: 17.4027   (Y': 16.2088   Cb: 17.5244   Cr: 18.8826 )
00000445: 17.2775   (Y': 16.0983   Cb: 17.4405   Cr: 18.6749 )
00000446: 17.0308   (Y': 15.7438   Cb: 17.2345   Cr: 18.5744 )
00000447: 16.9508   (Y': 15.6104   Cb: 17.192    Cr: 18.5467 )
00000448: 16.92     (Y': 15.5763   Cb: 17.1149   Cr: 18.5867 )
00000450: 17.0034   (Y': 15.6284   Cb: 17.1688   Cr: 18.7758 )
00000449: 16.9571   (Y': 15.6171   Cb: 17.0978   Cr: 18.6934 )
00000451: 17.0847   (Y': 15.6167   Cb: 17.3258   Cr: 18.9435 )
00000452: 17.1774   (Y': 15.7298   Cb: 17.402    Cr: 19.0161 )
00000453: 17.3136   (Y': 15.7539   Cb: 17.6628   Cr: 19.2167 )
00000455: 17.2235   (Y': 15.641    Cb: 17.5205   Cr: 19.2543 )
00000454: 17.2132   (Y': 15.6198   Cb: 17.4967   Cr: 19.2895 )
00000456: 17.2362   (Y': 15.7032   Cb: 17.4684   Cr: 19.2514 )
00000457: 17.1182   (Y': 15.6183   Cb: 17.2854   Cr: 19.1577 )
00000458: 17.012    (Y': 15.5917   Cb: 17.1089   Cr: 18.9827 )
00000459: 16.9772   (Y': 15.6175   Cb: 17.0391   Cr: 18.8714 )
00000460: 16.9533   (Y': 15.6065   Cb: 17.0411   Cr: 18.7814 )
00000464: 17.1864   (Y': 15.6931   Cb: 17.4421   Cr: 19.0787 )
00000461: 17.0296   (Y': 15.6909   Cb: 17.1379   Cr: 18.8108 )
00000462: 17.1797   (Y': 15.8198   Cb: 17.3065   Cr: 18.9772 )
00000465: 17.3145   (Y': 15.7656   Cb: 17.665    Cr: 19.1918 )
00000463: 17.1977   (Y': 15.8314   Cb: 17.3519   Cr: 18.9685 )
00000466: 17.354    (Y': 15.7756   Cb: 17.7268   Cr: 19.2654 )
00000467: 17.3858   (Y': 15.7375   Cb: 17.8151   Cr: 19.3753 )
00000468: 17.507    (Y': 15.8892   Cb: 17.9614   Cr: 19.3915 )
00000469: 17.5018   (Y': 15.8998   Cb: 17.9357   Cr: 19.3795 )
00000470: 17.522    (Y': 15.8944   Cb: 18.0473   Cr: 19.3313 )
00000471: 17.508    (Y': 15.8801   Cb: 17.9862   Cr: 19.3822 )
00000472: 17.6307   (Y': 15.9823   Cb: 18.1733   Cr: 19.4628 )
00000473: 17.5642   (Y': 15.9947   Cb: 18.0011   Cr: 19.3664 )
00000474: 17.574    (Y': 15.8652   Cb: 18.1149   Cr: 19.5465 )
00000475: 17.5929   (Y': 15.8713   Cb: 18.1301   Cr: 19.6005 )
00000476: 17.3082   (Y': 15.6378   Cb: 17.6492   Cr: 19.4803 )
00000477: 17.3462   (Y': 15.7089   Cb: 17.6451   Cr: 19.5029 )
00000478: 17.4413   (Y': 15.7789   Cb: 17.8157   Cr: 19.5436 )
00000479: 17.505    (Y': 15.8387   Cb: 17.8791   Cr: 19.6174 )
00000480: 17.514    (Y': 15.9085   Cb: 17.8295   Cr: 19.5707 )
00000481: 17.5152   (Y': 16.019    Cb: 17.7949   Cr: 19.3787 )
00000482: 17.4621   (Y': 16.0354   Cb: 17.6491   Cr: 19.3114 )
00000483: 17.4191   (Y': 16.0429   Cb: 17.5424   Cr: 19.2558 )
00000484: 17.4551   (Y': 16.1031   Cb: 17.543    Cr: 19.2939 )
00000485: 17.428    (Y': 16.0959   Cb: 17.4152   Cr: 19.3793 )
00000486: 17.3715   (Y': 16.0689   Cb: 17.3541   Cr: 19.2678 )
00000487: 17.3995   (Y': 16.1108   Cb: 17.3719   Cr: 19.2828 )
00000489: 17.2952   (Y': 15.9227   Cb: 17.3561   Cr: 19.2182 )
00000488: 17.3478   (Y': 15.9663   Cb: 17.4271   Cr: 19.2619 )
00000490: 17.3987   (Y': 16.0502   Cb: 17.4387   Cr: 19.3027 )
00000491: 17.4185   (Y': 15.9603   Cb: 17.5902   Cr: 19.3586 )
00000492: 17.3903   (Y': 15.8616   Cb: 17.6985   Cr: 19.2837 )
00000493: 17.3808   (Y': 15.8263   Cb: 17.7117   Cr: 19.2988 )
00000494: 17.3913   (Y': 15.8194   Cb: 17.7902   Cr: 19.2512 )
00000495: 17.4297   (Y': 15.8739   Cb: 17.7994   Cr: 19.2954 )
00000496: 17.4545   (Y': 15.8313   Cb: 17.8453   Cr: 19.4414 )
00000497: 17.4328   (Y': 15.7569   Cb: 17.8743   Cr: 19.4688 )
00000498: 17.4215   (Y': 15.7155   Cb: 17.9099   Cr: 19.4611 )
00000499: 17.4409   (Y': 15.6559   Cb: 17.9827   Cr: 19.5951 )
00000500: 17.4573   (Y': 15.6698   Cb: 17.9789   Cr: 19.6474 )
00000501: 17.4274   (Y': 15.5864   Cb: 18.034    Cr: 19.6284 )
00000503: 17.4339   (Y': 15.5981   Cb: 18.0017   Cr: 19.6782 )
00000502: 17.4124   (Y': 15.5494   Cb: 18.0026   Cr: 19.6937 )
00000504: 17.3741   (Y': 15.5584   Cb: 17.9981   Cr: 19.487  )
00000505: 17.3373   (Y': 15.595    Cb: 17.8611   Cr: 19.413  )
00000506: 17.2599   (Y': 15.5946   Cb: 17.7196   Cr: 19.245  )
00000507: 17.3056   (Y': 15.5577   Cb: 17.8269   Cr: 19.3985 )
00000508: 17.3527   (Y': 15.6148   Cb: 17.8839   Cr: 19.4071 )
00000509: 17.316    (Y': 15.5864   Cb: 17.8842   Cr: 19.2993 )
00000511: 17.1448   (Y': 15.4815   Cb: 17.6986   Cr: 18.9953 )
00000510: 17.1933   (Y': 15.4864   Cb: 17.7788   Cr: 19.1001 )
00000512: 17.0541   (Y': 15.3573   Cb: 17.6657   Cr: 18.9028 )
00000513: 17.083    (Y': 15.3563   Cb: 17.6927   Cr: 19.0028 )
00000514: 17.14     (Y': 15.5809   Cb: 17.535    Cr: 18.9773 )
00000515: 16.8899   (Y': 15.2641   Cb: 17.3152   Cr: 18.8333 )
00000516: 16.9018   (Y': 15.3466   Cb: 17.2234   Cr: 18.8349 )
00000517: 16.8605   (Y': 15.3111   Cb: 17.1616   Cr: 18.8105 )
00000518: 16.8165   (Y': 15.3836   Cb: 17.0232   Cr: 18.6502 )
00000519: 16.8441   (Y': 15.393    Cb: 17.0863   Cr: 18.6653 )
00000520: 16.9602   (Y': 15.4567   Cb: 17.2488   Cr: 18.827  )
00000521: 17.0023   (Y': 15.4953   Cb: 17.27     Cr: 18.907  )
00000522: 17.0294   (Y': 15.4662   Cb: 17.3325   Cr: 19.0075 )
00000523: 17.009    (Y': 15.4651   Cb: 17.3276   Cr: 18.9213 )
00000524: 17.0066   (Y': 15.4492   Cb: 17.3705   Cr: 18.8839 )
00000525: 16.9997   (Y': 15.4199   Cb: 17.4241   Cr: 18.8414 )
00000526: 16.8815   (Y': 15.3355   Cb: 17.3084   Cr: 18.6468 )
00000527: 16.9098   (Y': 15.3548   Cb: 17.3142   Cr: 18.7252 )
00000529: 16.8272   (Y': 15.3403   Cb: 17.1719   Cr: 18.5793 )
00000528: 16.8183   (Y': 15.3266   Cb: 17.1836   Cr: 18.5521 )
00000531: 16.7857   (Y': 15.3589   Cb: 17.0382   Cr: 18.5408 )
00000530: 16.8114   (Y': 15.4007   Cb: 17.0715   Cr: 18.5227 )
00000532: 16.7909   (Y': 15.3167   Cb: 17.0549   Cr: 18.6298 )
00000533: 16.8357   (Y': 15.3733   Cb: 17.051    Cr: 18.7202 )
00000534: 16.8154   (Y': 15.2634   Cb: 17.2067   Cr: 18.6424 )
00000535: 16.8059   (Y': 15.2552   Cb: 17.1844   Cr: 18.6477 )
00000536: 16.8711   (Y': 15.329    Cb: 17.2185   Cr: 18.7379 )
00000537: 16.8429   (Y': 15.3838   Cb: 17.1152   Cr: 18.6376 )
00000538: 16.8453   (Y': 15.3286   Cb: 17.1713   Cr: 18.6874 )
00000539: 16.8545   (Y': 15.3075   Cb: 17.1821   Cr: 18.7608 )
00000541: 16.7983   (Y': 15.3632   Cb: 17.1041   Cr: 18.4963 )
00000540: 16.8413   (Y': 15.4012   Cb: 17.1029   Cr: 18.6111 )
00000542: 16.849    (Y': 15.4095   Cb: 17.1497   Cr: 18.5631 )
00000543: 16.9065   (Y': 15.4707   Cb: 17.2224   Cr: 18.5919 )
00000544: 16.8373   (Y': 15.4829   Cb: 17.122    Cr: 18.4018 )
00000545: 16.8899   (Y': 15.5312   Cb: 17.1768   Cr: 18.4598 )
00000546: 16.954    (Y': 15.5454   Cb: 17.2303   Cr: 18.6383 )
00000547: 16.9702   (Y': 15.4934   Cb: 17.2916   Cr: 18.7333 )
00000548: 16.9288   (Y': 15.5387   Cb: 17.2532   Cr: 18.5106 )
00000549: 16.8783   (Y': 15.5972   Cb: 17.0492   Cr: 18.4554 )
00000550: 16.6954   (Y': 15.4662   Cb: 16.8384   Cr: 18.212  )
00000553: 16.5695   (Y': 15.6901   Cb: 16.4303   Cr: 17.8598 )
00000551: 16.6529   (Y': 15.4112   Cb: 16.8169   Cr: 18.1643 )
00000552: 16.7089   (Y': 15.7061   Cb: 16.7341   Cr: 17.9814 )
00000554: 16.2299   (Y': 15.1974   Cb: 16.2609   Cr: 17.5451 )
00000556: 16.0754   (Y': 15.1322   Cb: 15.9994   Cr: 17.3843 )
00000555: 16.0674   (Y': 15.0578   Cb: 16.0409   Cr: 17.4214 )
00000557: 16.0186   (Y': 15.1905   Cb: 15.8397   Cr: 17.2803 )
00000558: 15.9479   (Y': 15.1679   Cb: 15.7051   Cr: 17.2219 )
00000559: 15.9972   (Y': 15.2104   Cb: 15.7606   Cr: 17.2733 )
00000561: 16.758    (Y': 15.3032   Cb: 17.2708   Cr: 18.2244 )
00000560: 16.279    (Y': 15.2899   Cb: 16.2585   Cr: 17.5897 )
00000562: 16.7403   (Y': 15.7396   Cb: 16.8237   Cr: 17.9329 )
00000563: 16.541    (Y': 15.667    Cb: 16.5324   Cr: 17.6473 )
00000564: 16.7684   (Y': 15.4281   Cb: 17.2654   Cr: 18.0377 )
00000565: 16.6819   (Y': 15.5077   Cb: 16.9898   Cr: 17.8853 )
00000566: 17.0279   (Y': 15.8917   Cb: 17.2778   Cr: 18.2376 )
00000567: 16.7703   (Y': 15.7953   Cb: 16.854    Cr: 17.9202 )
00000569: 16.3228   (Y': 15.5162   Cb: 16.2128   Cr: 17.4564 )
00000568: 16.2446   (Y': 15.4846   Cb: 16.0921   Cr: 17.3628 )
00000570: 16.7017   (Y': 15.8004   Cb: 16.725    Cr: 17.81   )
00000571: 16.7067   (Y': 15.7883   Cb: 16.7736   Cr: 17.7869 )
00000572: 16.6024   (Y': 15.719    Cb: 16.6839   Cr: 17.6096 )
00000574: 16.5543   (Y': 15.7655   Cb: 16.582    Cr: 17.4847 )
00000573: 16.594    (Y': 15.7083   Cb: 16.6759   Cr: 17.6041 )
00000575: 16.5331   (Y': 15.7525   Cb: 16.554    Cr: 17.4596 )
00000577: 16.4756   (Y': 15.6892   Cb: 16.5283   Cr: 17.3719 )
00000576: 16.5335   (Y': 15.7432   Cb: 16.6027   Cr: 17.4154 )
00000579: 16.4515   (Y': 15.6434   Cb: 16.564    Cr: 17.3075 )
00000578: 16.439    (Y': 15.6285   Cb: 16.5474   Cr: 17.3037 )
00000580: 16.3807   (Y': 15.663    Cb: 16.3904   Cr: 17.229  )
00000581: 16.394    (Y': 15.676    Cb: 16.385    Cr: 17.2656 )
00000582: 16.4017   (Y': 15.6728   Cb: 16.3894   Cr: 17.2932 )
00000583: 16.3946   (Y': 15.679    Cb: 16.364    Cr: 17.2894 )
00000584: 16.3676   (Y': 15.7018   Cb: 16.3288   Cr: 17.2011 )
00000586: 16.3008   (Y': 15.7616   Cb: 16.132    Cr: 17.1193 )
00000585: 16.2812   (Y': 15.6885   Cb: 16.1816   Cr: 17.0875 )
00000587: 16.3672   (Y': 15.8647   Cb: 16.1499   Cr: 17.1972 )
00000588: 16.0883   (Y': 15.7554   Cb: 15.8081   Cr: 16.7752 )
00000589: 15.7071   (Y': 15.3766   Cb: 15.3087   Cr: 16.5432 )
00000590: 15.9704   (Y': 15.4518   Cb: 15.6885   Cr: 16.9066 )
00000591: 15.8753   (Y': 15.4435   Cb: 15.5522   Cr: 16.7467 )
00000592: 16.3955   (Y': 15.712    Cb: 16.3403   Cr: 17.2744 )
00000593: 16.5463   (Y': 15.932    Cb: 16.4091   Cr: 17.4295 )
00000594: 16.9333   (Y': 16.2621   Cb: 16.883    Cr: 17.7886 )
00000595: 16.8454   (Y': 16.1442   Cb: 16.8071   Cr: 17.7291 )
00000596: 16.7918   (Y': 16.1987   Cb: 16.6561   Cr: 17.6433 )
00000597: 16.4922   (Y': 15.8752   Cb: 16.259    Cr: 17.5038 )
00000598: 16.0418   (Y': 15.4675   Cb: 15.7708   Cr: 17.0422 )
00000599: 16.6754   (Y': 16.0307   Cb: 16.551    Cr: 17.5854 )
00000600: 16.6312   (Y': 16.0114   Cb: 16.427    Cr: 17.6087 )
00000603: 16.5709   (Y': 15.9689   Cb: 16.3109   Cr: 17.5967 )
00000602: 16.2908   (Y': 15.6575   Cb: 15.9803   Cr: 17.4323 )
00000604: 16.2577   (Y': 15.7416   Cb: 15.949    Cr: 17.226  )
00000601: 16.5632   (Y': 15.9418   Cb: 16.3472   Cr: 17.5584 )
00000605: 16.2262   (Y': 15.6667   Cb: 15.9407   Cr: 17.225  )
00000606: 16.2857   (Y': 15.7487   Cb: 16.052    Cr: 17.1844 )
00000607: 16.0899   (Y': 15.3564   Cb: 15.9791   Cr: 17.1127 )
00000608: 16.0396   (Y': 15.3945   Cb: 15.8051   Cr: 17.0944 )
00000611: 16.5783   (Y': 15.7945   Cb: 16.3813   Cr: 17.7943 )
00000609: 16.3255   (Y': 15.6336   Cb: 16.1184   Cr: 17.4133 )
00000610: 16.6772   (Y': 15.9402   Cb: 16.4778   Cr: 17.8232 )
00000612: 16.5592   (Y': 15.7238   Cb: 16.4783   Cr: 17.6993 )
00000613: 16.7389   (Y': 15.8623   Cb: 16.7054   Cr: 17.8819 )
00000614: 16.6498   (Y': 15.8108   Cb: 16.6158   Cr: 17.7342 )
00000615: 16.5215   (Y': 15.7055   Cb: 16.4801   Cr: 17.58   )
00000617: 16.7586   (Y': 15.8101   Cb: 16.8314   Cr: 17.8792 )
00000616: 16.6701   (Y': 15.7637   Cb: 16.6914   Cr: 17.7893 )
00000619: 16.5441   (Y': 15.564    Cb: 16.7473   Cr: 17.5539 )
00000618: 16.646    (Y': 15.7123   Cb: 16.785    Cr: 17.6605 )
00000620: 16.5656   (Y': 15.4895   Cb: 16.8856   Cr: 17.5902 )
00000621: 16.5841   (Y': 15.426    Cb: 16.9762   Cr: 17.659  )
00000622: 16.7381   (Y': 15.4788   Cb: 17.1603   Cr: 17.9512 )
00000624: 16.5372   (Y': 15.2814   Cb: 16.9288   Cr: 17.7813 )
00000623: 16.6282   (Y': 15.395    Cb: 16.9667   Cr: 17.8974 )
00000625: 16.5109   (Y': 15.2273   Cb: 16.9592   Cr: 17.7358 )
00000627: 16.3583   (Y': 15.063    Cb: 16.8707   Cr: 17.5285 )
00000626: 16.382    (Y': 15.0938   Cb: 16.8641   Cr: 17.575  )
00000628: 16.1537   (Y': 14.8194   Cb: 16.6729   Cr: 17.3857 )
00000629: 16.0141   (Y': 14.6428   Cb: 16.5542   Cr: 17.2887 )
00000631: 15.6594   (Y': 14.185    Cb: 16.1778   Cr: 17.1575 )
00000630: 15.665    (Y': 14.2306   Cb: 16.1854   Cr: 17.0822 )
00000632: 15.7537   (Y': 14.2583   Cb: 16.1867   Cr: 17.404  )
00000633: 15.8186   (Y': 14.3033   Cb: 16.2354   Cr: 17.5318 )
00000636: 16.0369   (Y': 14.6157   Cb: 16.4078   Cr: 17.619  )
00000635: 16.0448   (Y': 14.6174   Cb: 16.4264   Cr: 17.6252 )
00000634: 15.9865   (Y': 14.5555   Cb: 16.3555   Cr: 17.5906 )
00000637: 15.9788   (Y': 14.5872   Cb: 16.3071   Cr: 17.5584 )
00000638: 15.8368   (Y': 14.4961   Cb: 16.0861   Cr: 17.4224 )
00000639: 15.75     (Y': 14.4619   Cb: 15.9186   Cr: 17.344  )
00000640: 15.6569   (Y': 14.383    Cb: 15.7638   Cr: 17.3098 )
00000641: 15.6338   (Y': 14.3474   Cb: 15.7396   Cr: 17.3131 )
00000642: 15.6084   (Y': 14.3128   Cb: 15.6725   Cr: 17.3667 )
00000643: 15.6438   (Y': 14.3729   Cb: 15.688    Cr: 17.382  )
00000644: 15.6573   (Y': 14.3696   Cb: 15.7107   Cr: 17.4156 )
00000645: 15.6727   (Y': 14.4025   Cb: 15.693    Cr: 17.4448 )
00000646: 15.7107   (Y': 14.4924   Cb: 15.6749   Cr: 17.4634 )
00000647: 15.731    (Y': 14.5401   Cb: 15.6852   Cr: 17.4451 )
00000648: 15.7633   (Y': 14.6771   Cb: 15.7189   Cr: 17.2781 )
00000649: 15.7514   (Y': 14.7042   Cb: 15.673    Cr: 17.2441 )
00000652: 15.6222   (Y': 14.5737   Cb: 15.5182   Cr: 17.1544 )
00000650: 15.7092   (Y': 14.7238   Cb: 15.5646   Cr: 17.1879 )
00000651: 15.6707   (Y': 14.693    Cb: 15.5277   Cr: 17.1337 )
00000653: 15.6137   (Y': 14.5059   Cb: 15.5474   Cr: 17.1996 )
00000654: 15.7405   (Y': 14.5941   Cb: 15.768    Cr: 17.2633 )
00000656: 15.8739   (Y': 14.759    Cb: 15.882    Cr: 17.3664 )
00000655: 15.8528   (Y': 14.7216   Cb: 15.9368   Cr: 17.2695 )
00000657: 15.83     (Y': 14.7199   Cb: 15.8391   Cr: 17.3121 )
00000658: 15.7746   (Y': 14.6258   Cb: 15.7123   Cr: 17.4319 )
00000659: 15.7686   (Y': 14.6041   Cb: 15.6629   Cr: 17.5217 )
00000660: 15.7514   (Y': 14.5478   Cb: 15.6472   Cr: 17.5797 )
00000663: 15.7511   (Y': 14.4834   Cb: 15.6599   Cr: 17.6907 )
00000661: 15.7941   (Y': 14.5944   Cb: 15.6659   Cr: 17.6525 )
00000662: 15.7797   (Y': 14.5272   Cb: 15.6786   Cr: 17.7031 )
00000664: 15.7118   (Y': 14.4345   Cb: 15.6313   Cr: 17.6545 )
00000665: 15.733    (Y': 14.4245   Cb: 15.6886   Cr: 17.6839 )
00000666: 15.7717   (Y': 14.4631   Cb: 15.6922   Cr: 17.779  )
00000667: 15.7889   (Y': 14.4224   Cb: 15.7666   Cr: 17.8295 )
00000668: 15.8613   (Y': 14.5102   Cb: 15.8561   Cr: 17.841  )
00000670: 16.0374   (Y': 14.6875   Cb: 16.1396   Cr: 17.8507 )
00000669: 15.8663   (Y': 14.5274   Cb: 15.884    Cr: 17.7846 )
00000671: 16.1061   (Y': 14.7073   Cb: 16.2656   Cr: 17.9368 )
00000673: 16.206    (Y': 14.7207   Cb: 16.476    Cr: 18.0603 )
00000672: 16.1232   (Y': 14.6707   Cb: 16.3223   Cr: 18.0095 )
00000674: 16.0211   (Y': 14.5688   Cb: 16.2074   Cr: 17.9261 )
00000675: 15.99     (Y': 14.5684   Cb: 16.1173   Cr: 17.9173 )
00000676: 15.9244   (Y': 14.4693   Cb: 16.0483   Cr: 17.9303 )
00000677: 15.9535   (Y': 14.4695   Cb: 16.0964   Cr: 17.9944 )
00000678: 15.9966   (Y': 14.5308   Cb: 16.1034   Cr: 18.053  )
00000679: 15.9888   (Y': 14.4867   Cb: 16.1405   Cr: 18.0575 )
00000680: 16.0149   (Y': 14.5043   Cb: 16.1592   Cr: 18.1145 )
00000681: 16.0076   (Y': 14.5151   Cb: 16.1486   Cr: 18.071  )
00000682: 16.0038   (Y': 14.4644   Cb: 16.195    Cr: 18.0962 )
00000683: 16.0079   (Y': 14.4709   Cb: 16.2085   Cr: 18.0806 )
00000684: 16.0617   (Y': 14.478    Cb: 16.3145   Cr: 18.1622 )
00000685: 16.0943   (Y': 14.534    Cb: 16.3219   Cr: 18.1789 )
00000686: 16.0665   (Y': 14.494    Cb: 16.3043   Cr: 18.1641 )
00000687: 16.0028   (Y': 14.4599   Cb: 16.2268   Cr: 18.0531 )
00000688: 16.0082   (Y': 14.5292   Cb: 16.1451   Cr: 18.0474 )
00000689: 15.9856   (Y': 14.5595   Cb: 16.0729   Cr: 17.9839 )
00000690: 15.9094   (Y': 14.5481   Cb: 15.9282   Cr: 17.8739 )
00000691: 15.8963   (Y': 14.5392   Cb: 15.8876   Cr: 17.895  )
00000692: 15.8532   (Y': 14.6134   Cb: 15.7595   Cr: 17.7387 )
00000693: 15.8886   (Y': 14.7325   Cb: 15.7204   Cr: 17.723  )
00000694: 15.9279   (Y': 14.8285   Cb: 15.6989   Cr: 17.7468 )
00000695: 15.9469   (Y': 14.8576   Cb: 15.6917   Cr: 17.7886 )
00000696: 16.0061   (Y': 14.8244   Cb: 15.8274   Cr: 17.9086 )
00000697: 16.0228   (Y': 14.7848   Cb: 15.9184   Cr: 17.9216 )
00000698: 16.0624   (Y': 14.7942   Cb: 16.0396   Cr: 17.896  )
00000699: 16.053    (Y': 14.7691   Cb: 16.0372   Cr: 17.9079 )
00000700: 16.0704   (Y': 14.7227   Cb: 16.1797   Cr: 17.8683 )
00000701: 16.0399   (Y': 14.6739   Cb: 16.1923   Cr: 17.8125 )
00000702: 16.1173   (Y': 14.7597   Cb: 16.2901   Cr: 17.8433 )
00000703: 16.1219   (Y': 14.7953   Cb: 16.3165   Cr: 17.7552 )
00000704: 16.1548   (Y': 14.7807   Cb: 16.4278   Cr: 17.774  )
00000705: 16.1919   (Y': 14.7862   Cb: 16.5017   Cr: 17.8244 )
00000706: 16.3029   (Y': 14.8444   Cb: 16.6391   Cr: 18.0072 )
00000707: 16.3188   (Y': 14.8627   Cb: 16.6398   Cr: 18.0393 )
00000708: 16.3855   (Y': 14.8902   Cb: 16.7457   Cr: 18.1338 )
00000709: 16.3689   (Y': 14.838    Cb: 16.7683   Cr: 18.1388 )
00000710: 16.4668   (Y': 14.9418   Cb: 16.803    Cr: 18.312  )
00000711: 16.4813   (Y': 14.9661   Cb: 16.7596   Cr: 18.3883 )
00000712: 16.5563   (Y': 15.0469   Cb: 16.7419   Cr: 18.5892 )
00000713: 16.5775   (Y': 15.072    Cb: 16.7603   Cr: 18.6057 )
00000715: 16.642    (Y': 15.2827   Cb: 16.7114   Cr: 18.5238 )
00000714: 16.5862   (Y': 15.2297   Cb: 16.6327   Cr: 18.497  )
00000716: 16.6113   (Y': 15.3048   Cb: 16.6214   Cr: 18.4736 )
00000718: 16.7304   (Y': 15.597    Cb: 16.6182   Cr: 18.4333 )
00000717: 16.6337   (Y': 15.4153   Cb: 16.5578   Cr: 18.448  )
00000719: 16.7709   (Y': 15.6464   Cb: 16.6587   Cr: 18.4568 )
00000720: 16.5628   (Y': 15.3453   Cb: 16.5406   Cr: 18.2936 )
00000721: 16.38     (Y': 15.1512   Cb: 16.367    Cr: 18.1193 )
00000722: 16.1985   (Y': 14.8921   Cb: 16.1754   Cr: 18.1117 )
00000723: 16.158    (Y': 14.8126   Cb: 16.1489   Cr: 18.132  )
00000727: 16.1285   (Y': 14.8145   Cb: 16.1119   Cr: 18.0472 )
00000724: 16.0369   (Y': 14.878    Cb: 15.9015   Cr: 17.8253 )
00000725: 16.0236   (Y': 14.9174   Cb: 15.8601   Cr: 17.753  )
00000726: 16.0851   (Y': 14.8249   Cb: 16.0412   Cr: 17.9346 )
00000728: 16.1435   (Y': 14.7991   Cb: 16.1525   Cr: 18.0867 )
00000729: 16.1419   (Y': 14.8578   Cb: 16.0967   Cr: 18.0431 )
00000730: 16.1461   (Y': 14.8314   Cb: 16.1239   Cr: 18.075  )
00000731: 16.1633   (Y': 14.8164   Cb: 16.1849   Cr: 18.0924 )
00000732: 16.2342   (Y': 14.9095   Cb: 16.28     Cr: 18.0795 )
00000733: 16.2719   (Y': 14.9394   Cb: 16.3016   Cr: 18.1582 )
00000735: 16.3744   (Y': 14.8965   Cb: 16.5666   Cr: 18.3267 )
00000736: 16.4008   (Y': 14.8602   Cb: 16.6309   Cr: 18.4364 )
00000734: 16.3741   (Y': 14.8928   Cb: 16.5914   Cr: 18.2964 )
00000737: 16.4172   (Y': 14.8532   Cb: 16.6544   Cr: 18.4959 )
00000739: 16.3144   (Y': 14.9353   Cb: 16.3647   Cr: 18.2676 )
00000740: 16.2897   (Y': 15.0223   Cb: 16.2261   Cr: 18.1845 )
00000738: 16.4056   (Y': 14.9447   Cb: 16.5241   Cr: 18.4328 )
00000741: 16.2627   (Y': 15.0444   Cb: 16.13     Cr: 18.166  )
00000742: 16.2228   (Y': 15.066    Cb: 16.0027   Cr: 18.142  )
00000743: 16.2378   (Y': 15.0205   Cb: 16.0468   Cr: 18.2339 )
00000744: 16.1676   (Y': 15.0012   Cb: 15.9517   Cr: 18.0995 )
00000745: 16.1423   (Y': 14.999    Cb: 15.9341   Cr: 18.0151 )
00000748: 16.2994   (Y': 14.9748   Cb: 16.2879   Cr: 18.2328 )
00000746: 16.2126   (Y': 15.0235   Cb: 16.0334   Cr: 18.1309 )
00000747: 16.2399   (Y': 15.0131   Cb: 16.1157   Cr: 18.1469 )
00000749: 16.2541   (Y': 14.9599   Cb: 16.2049   Cr: 18.1826 )
00000750: 16.2576   (Y': 15.0487   Cb: 16.1763   Cr: 18.0611 )
00000751: 16.3099   (Y': 15.1062   Cb: 16.2776   Cr: 18.0289 )
00000752: 16.2901   (Y': 15.0741   Cb: 16.2567   Cr: 18.035  )
00000753: 16.253    (Y': 15.0289   Cb: 16.2017   Cr: 18.0409 )
00000755: 16.3354   (Y': 15.0362   Cb: 16.3209   Cr: 18.2201 )
00000754: 16.2869   (Y': 15.0257   Cb: 16.2617   Cr: 18.1101 )
00000756: 16.2629   (Y': 15.0029   Cb: 16.2114   Cr: 18.124  )
00000757: 16.1721   (Y': 14.9678   Cb: 16.1019   Cr: 17.9494 )
00000758: 16.147    (Y': 14.8876   Cb: 16.0372   Cr: 18.0989 )
00000759: 16.0643   (Y': 14.8725   Cb: 15.9213   Cr: 17.93   )
00000760: 16.0892   (Y': 15.0242   Cb: 15.8848   Cr: 17.8034 )
00000761: 16.1318   (Y': 15.052    Cb: 15.9522   Cr: 17.8354 )
00000762: 16.258    (Y': 15.0086   Cb: 16.2126   Cr: 18.0877 )
00000763: 16.3439   (Y': 15.0683   Cb: 16.3383   Cr: 18.1661 )
00000764: 16.4221   (Y': 15.1168   Cb: 16.4737   Cr: 18.2188 )
00000765: 16.4479   (Y': 15.088    Cb: 16.5789   Cr: 18.2393 )
00000766: 16.5233   (Y': 15.091    Cb: 16.7353   Cr: 18.348  )
00000768: 16.5212   (Y': 15.0381   Cb: 16.8265   Cr: 18.3204 )
00000767: 16.5429   (Y': 15.1386   Cb: 16.7147   Cr: 18.367  )
00000769: 16.5238   (Y': 15.0285   Cb: 16.9111   Cr: 18.2352 )
00000772: 16.4456   (Y': 15.2022   Cb: 16.5879   Cr: 17.9901 )
00000770: 16.5281   (Y': 15.095    Cb: 16.8632   Cr: 18.182  )
00000771: 16.4784   (Y': 15.0978   Cb: 16.761    Cr: 18.0974 )
00000773: 16.401    (Y': 15.2785   Cb: 16.4372   Cr: 17.8681 )
00000777: 16.5106   (Y': 15.4725   Cb: 16.4279   Cr: 17.9933 )
00000774: 16.3532   (Y': 15.2528   Cb: 16.315    Cr: 17.8847 )
00000775: 16.4046   (Y': 15.3254   Cb: 16.3864   Cr: 17.8695 )
00000776: 16.5625   (Y': 15.496    Cb: 16.5167   Cr: 18.0433 )
00000780: 16.3149   (Y': 15.1375   Cb: 16.4096   Cr: 17.8014 )
00000778: 16.5719   (Y': 15.5271   Cb: 16.5311   Cr: 18.0069 )
00000779: 16.5529   (Y': 15.5336   Cb: 16.5299   Cr: 17.9189 )
00000781: 16.2212   (Y': 14.9516   Cb: 16.4051   Cr: 17.7582 )
00000785: 16.3262   (Y': 14.8269   Cb: 16.8699   Cr: 17.8421 )
00000782: 16.1988   (Y': 14.8683   Cb: 16.4965   Cr: 17.6997 )
00000784: 16.3662   (Y': 14.8865   Cb: 16.875    Cr: 17.8865 )
00000783: 16.2338   (Y': 14.8405   Cb: 16.6255   Cr: 17.7335 )
00000787: 16.3056   (Y': 14.7769   Cb: 17.0043   Cr: 17.692  )
00000786: 16.3076   (Y': 14.7679   Cb: 16.9782   Cr: 17.7492 )
00000788: 16.3392   (Y': 14.6836   Cb: 17.1991   Cr: 17.7927 )
00000789: 16.3335   (Y': 14.6897   Cb: 17.1969   Cr: 17.7589 )
00000791: 16.5936   (Y': 14.7515   Cb: 17.6117   Cr: 18.2645 )
00000790: 16.5186   (Y': 14.7591   Cb: 17.4478   Cr: 18.1108 )
00000792: 16.5226   (Y': 14.7058   Cb: 17.5564   Cr: 18.1192 )
00000794: 15.9143   (Y': 14.3637   Cb: 16.6346   Cr: 17.3183 )
00000795: 15.884    (Y': 14.3754   Cb: 16.529    Cr: 17.2943 )
00000793: 16.3615   (Y': 14.6423   Cb: 17.2921   Cr: 17.8661 )
00000796: 15.9167   (Y': 14.4588   Cb: 16.3978   Cr: 17.429  )
00000799: 16.1347   (Y': 14.6661   Cb: 16.4562   Cr: 17.8804 )
00000798: 16.0895   (Y': 14.6811   Cb: 16.3958   Cr: 17.7326 )
00000797: 15.998    (Y': 14.5852   Cb: 16.4599   Cr: 17.4463 )
00000800: 16.0881   (Y': 14.6482   Cb: 16.3146   Cr: 17.9078 )
00000802: 16.1678   (Y': 14.6475   Cb: 16.4826   Cr: 18.0338 )
00000803: 16.1545   (Y': 14.6723   Cb: 16.448    Cr: 17.9685 )
00000801: 16.0866   (Y': 14.5543   Cb: 16.3906   Cr: 17.9942 )
00000804: 16.1593   (Y': 14.7421   Cb: 16.3787   Cr: 17.9416 )
00000806: 16.1298   (Y': 14.6287   Cb: 16.4316   Cr: 17.9726 )
00000805: 16.1475   (Y': 14.7144   Cb: 16.3848   Cr: 17.9372 )
00000807: 16.1606   (Y': 14.7274   Cb: 16.395    Cr: 17.955  )
00000809: 16.0508   (Y': 14.5498   Cb: 16.4434   Cr: 17.7669 )
00000808: 16.0767   (Y': 14.5711   Cb: 16.4283   Cr: 17.8591 )
00000810: 16.0285   (Y': 14.5564   Cb: 16.4857   Cr: 17.5997 )
00000811: 16.1182   (Y': 14.5674   Cb: 16.6276   Cr: 17.7835 )
00000812: 16.1438   (Y': 14.4665   Cb: 16.7781   Cr: 17.9188 )
00000813: 16.114    (Y': 14.516    Cb: 16.6837   Cr: 17.8009 )
00000815: 16.087    (Y': 14.4427   Cb: 16.7106   Cr: 17.8034 )
00000814: 16.0374   (Y': 14.3832   Cb: 16.6395   Cr: 17.8035 )
00000816: 16.1994   (Y': 14.5474   Cb: 16.8421   Cr: 17.9082 )
00000817: 16.2509   (Y': 14.6268   Cb: 16.876    Cr: 17.9223 )
00000820: 16.5858   (Y': 14.9547   Cb: 16.9718   Cr: 18.5979 )
00000818: 16.4376   (Y': 14.8466   Cb: 16.9607   Cr: 18.1702 )
00000819: 16.6409   (Y': 14.9603   Cb: 17.1638   Cr: 18.5728 )
00000821: 16.5591   (Y': 14.967    Cb: 16.8872   Cr: 18.5664 )
00000823: 16.5974   (Y': 14.9408   Cb: 16.9277   Cr: 18.7523 )
00000822: 16.5599   (Y': 14.9723   Cb: 16.8291   Cr: 18.6446 )
00000824: 16.5944   (Y': 14.9426   Cb: 16.9756   Cr: 18.6614 )
00000825: 16.5641   (Y': 14.9305   Cb: 16.935    Cr: 18.6039 )
00000826: 16.4827   (Y': 14.837    Cb: 16.8149   Cr: 18.6087 )
00000827: 16.4682   (Y': 14.8497   Cb: 16.7811   Cr: 18.5591 )
00000828: 16.3976   (Y': 14.8406   Cb: 16.6908   Cr: 18.376  )
00000830: 16.4916   (Y': 14.8907   Cb: 16.7919   Cr: 18.5602 )
00000829: 16.4282   (Y': 14.8434   Cb: 16.7429   Cr: 18.4379 )
00000831: 16.5308   (Y': 14.9509   Cb: 16.799    Cr: 18.5987 )
00000832: 16.693    (Y': 15.0437   Cb: 17.0237   Cr: 18.8298 )
00000833: 16.7066   (Y': 15.0471   Cb: 17.0292   Cr: 18.8806 )
00000834: 16.6594   (Y': 15.0236   Cb: 16.9917   Cr: 18.7619 )
00000835: 16.7019   (Y': 15.066    Cb: 17.0747   Cr: 18.7446 )
00000836: 16.5667   (Y': 14.9676   Cb: 16.957    Cr: 18.4995 )
00000837: 16.5503   (Y': 14.9429   Cb: 16.9051   Cr: 18.553  )
00000839: 16.479    (Y': 14.9089   Cb: 16.8642   Cr: 18.3541 )
00000838: 16.4738   (Y': 14.9187   Cb: 16.8151   Cr: 18.3781 )
00000841: 16.6079   (Y': 15.1161   Cb: 16.9252   Cr: 18.4087 )
00000840: 16.6554   (Y': 15.1785   Cb: 16.9846   Cr: 18.408  )
00000842: 16.7163   (Y': 15.2476   Cb: 17.0115   Cr: 18.4992 )
00000843: 16.6398   (Y': 15.1246   Cb: 16.8984   Cr: 18.5757 )
00000844: 16.6395   (Y': 15.0794   Cb: 16.8863   Cr: 18.6941 )
00000845: 16.61     (Y': 15.0205   Cb: 16.8845   Cr: 18.691  )
00000846: 16.6376   (Y': 15.0177   Cb: 16.968    Cr: 18.7052 )
00000847: 16.7135   (Y': 15.0415   Cb: 17.0299   Cr: 18.9271 )
00000848: 16.6113   (Y': 14.9489   Cb: 16.9884   Cr: 18.7098 )
00000849: 16.6149   (Y': 14.9218   Cb: 17.044    Cr: 18.7097 )
00000850: 16.5814   (Y': 14.8429   Cb: 17.0734   Cr: 18.6939 )
00000851: 16.6133   (Y': 14.8564   Cb: 17.1377   Cr: 18.7237 )
00000852: 16.6281   (Y': 14.8537   Cb: 17.2032   Cr: 18.7084 )
00000853: 16.6739   (Y': 14.9212   Cb: 17.3037   Cr: 18.6269 )
00000854: 16.7328   (Y': 14.9145   Cb: 17.4067   Cr: 18.7822 )
00000855: 16.7027   (Y': 14.8972   Cb: 17.3922   Cr: 18.7002 )
00000856: 16.6954   (Y': 14.7821   Cb: 17.4835   Cr: 18.8253 )
00000857: 16.7142   (Y': 14.7671   Cb: 17.5018   Cr: 18.9319 )
00000858: 16.683    (Y': 14.7811   Cb: 17.4086   Cr: 18.87   )
00000859: 16.7339   (Y': 14.884    Cb: 17.4185   Cr: 18.8466 )
00000860: 16.729    (Y': 14.8199   Cb: 17.4784   Cr: 18.9015 )
00000862: 16.6817   (Y': 14.7808   Cb: 17.4542   Cr: 18.8013 )
00000861: 16.7287   (Y': 14.7986   Cb: 17.5019   Cr: 18.9221 )
00000863: 16.6459   (Y': 14.7973   Cb: 17.3796   Cr: 18.6879 )
00000864: 16.6785   (Y': 14.8108   Cb: 17.4723   Cr: 18.6874 )
00000865: 16.6043   (Y': 14.7618   Cb: 17.4438   Cr: 18.4932 )
00000866: 16.5971   (Y': 14.6811   Cb: 17.4476   Cr: 18.6499 )
00000867: 16.5633   (Y': 14.6697   Cb: 17.3818   Cr: 18.6029 )
00000869: 16.6898   (Y': 14.821    Cb: 17.396    Cr: 18.8199 )
00000868: 16.6255   (Y': 14.7654   Cb: 17.3242   Cr: 18.744  )
00000870: 16.8593   (Y': 14.9817   Cb: 17.5501   Cr: 19.0333 )
00000871: 16.9291   (Y': 15.0593   Cb: 17.6315   Cr: 19.067  )
00000872: 16.9665   (Y': 15.038    Cb: 17.7222   Cr: 19.1798 )
00000873: 16.9597   (Y': 15.0229   Cb: 17.7408   Cr: 19.1597 )
00000874: 17.083    (Y': 15.3002   Cb: 17.6573   Cr: 19.1853 )
00000875: 17.1172   (Y': 15.4958   Cb: 17.5295   Cr: 19.0689 )
00000877: 17.6213   (Y': 16.2196   Cb: 17.7742   Cr: 19.4677 )
00000876: 17.4432   (Y': 16.0448   Cb: 17.6179   Cr: 19.2508 )
00000878: 17.6972   (Y': 16.2247   Cb: 17.9513   Cr: 19.5465 )
00000879: 17.6887   (Y': 16.2534   Cb: 17.8845   Cr: 19.5432 )
00000880: 17.5186   (Y': 16.1355   Cb: 17.7148   Cr: 19.2637 )
00000882: 16.9974   (Y': 15.3624   Cb: 17.4778   Cr: 18.8841 )
00000881: 17.2561   (Y': 15.7856   Cb: 17.5616   Cr: 19.0281 )
00000883: 16.8287   (Y': 15.2314   Cb: 17.2827   Cr: 18.6682 )
00000884: 16.4809   (Y': 14.7703   Cb: 17.0903   Cr: 18.364  )
00000885: 16.4219   (Y': 14.717    Cb: 17.0252   Cr: 18.2997 )
00000886: 16.4625   (Y': 14.7921   Cb: 17.0238   Cr: 18.319  )
00000887: 16.4535   (Y': 14.7858   Cb: 17.0034   Cr: 18.3189 )
00000888: 16.5078   (Y': 14.8445   Cb: 17.0086   Cr: 18.4306 )
00000889: 16.4395   (Y': 14.7892   Cb: 16.9335   Cr: 18.3424 )
00000890: 16.5216   (Y': 14.8697   Cb: 17.0305   Cr: 18.4074 )
00000891: 16.5278   (Y': 14.8697   Cb: 17.0408   Cr: 18.4222 )
00000894: 16.6054   (Y': 15.0794   Cb: 17.0151   Cr: 18.3511 )
00000893: 16.5412   (Y': 15.02     Cb: 16.958    Cr: 18.2672 )
00000892: 16.5369   (Y': 14.9758   Cb: 17.0038   Cr: 18.28   )
00000895: 16.616    (Y': 15.1516   Cb: 16.9652   Cr: 18.315  )
00000896: 16.6862   (Y': 15.3612   Cb: 16.9657   Cr: 18.2008 )
00000897: 16.6731   (Y': 15.3254   Cb: 16.9507   Cr: 18.234  )
00000898: 16.7206   (Y': 15.2363   Cb: 17.1577   Cr: 18.3429 )
00000899: 16.682    (Y': 15.1307   Cb: 17.2569   Cr: 18.2641 )
00000900: 16.7938   (Y': 15.2355   Cb: 17.3177   Cr: 18.4557 )
00000901: 16.7617   (Y': 15.1955   Cb: 17.2828   Cr: 18.4441 )
00000903: 17.0125   (Y': 15.4301   Cb: 17.5489   Cr: 18.7092 )
00000902: 16.9212   (Y': 15.3068   Cb: 17.4504   Cr: 18.6962 )
00000904: 17.2136   (Y': 15.7488   Cb: 17.6904   Cr: 18.745  )
00000905: 17.2393   (Y': 15.8124   Cb: 17.7205   Cr: 18.6906 )
00000906: 17.12     (Y': 15.5212   Cb: 17.7848   Cr: 18.6886 )
00000908: 16.7533   (Y': 15.0977   Cb: 17.441    Cr: 18.4133 )
00000907: 16.9886   (Y': 15.3322   Cb: 17.7015   Cr: 18.6186 )
00000909: 16.8396   (Y': 15.2412   Cb: 17.4393   Cr: 18.4886 )
00000910: 17.0216   (Y': 15.3179   Cb: 17.7132   Cr: 18.7815 )
00000911: 17.0656   (Y': 15.2814   Cb: 17.8242   Cr: 18.9219 )
00000912: 17.058    (Y': 15.28     Cb: 17.9252   Cr: 18.7642 )
00000913: 17.1009   (Y': 15.3396   Cb: 17.8748   Cr: 18.8851 )
00000914: 17.0936   (Y': 15.2746   Cb: 17.8305   Cr: 19.0599 )
00000916: 17.2824   (Y': 15.3783   Cb: 18.0961   Cr: 19.3543 )
00000918: 17.2175   (Y': 15.4163   Cb: 17.9768   Cr: 19.1124 )
00000915: 17.266    (Y': 15.3962   Cb: 18.053    Cr: 19.2886 )
00000917: 17.2311   (Y': 15.3013   Cb: 18.0927   Cr: 19.3038 )
00000919: 17.2627   (Y': 15.4902   Cb: 18.0419   Cr: 19.0656 )
00000921: 17.1026   (Y': 15.3844   Cb: 17.8152   Cr: 18.8682 )
00000920: 17.14     (Y': 15.4477   Cb: 17.8519   Cr: 18.8488 )
00000922: 17.1627   (Y': 15.429    Cb: 17.9525   Cr: 18.8656 )
00000924: 17.18     (Y': 15.3697   Cb: 18.0582   Cr: 18.946  )
00000925: 17.1692   (Y': 15.392    Cb: 18.0199   Cr: 18.894  )
00000923: 17.171    (Y': 15.4387   Cb: 17.9509   Cr: 18.883  )
00000926: 17.2913   (Y': 15.5039   Cb: 18.107    Cr: 19.0823 )
00000927: 17.2637   (Y': 15.4815   Cb: 18.0378   Cr: 19.0956 )
00000928: 17.3029   (Y': 15.4941   Cb: 18.0979   Cr: 19.1698 )
00000929: 17.3444   (Y': 15.5261   Cb: 18.0986   Cr: 19.2864 )
00000930: 17.5191   (Y': 15.6893   Cb: 18.2147   Cr: 19.5673 )
00000933: 17.6372   (Y': 15.8197   Cb: 18.3422   Cr: 19.6427 )
00000931: 17.5625   (Y': 15.7659   Cb: 18.2233   Cr: 19.5776 )
00000932: 17.5824   (Y': 15.7953   Cb: 18.3057   Cr: 19.4913 )
00000934: 17.8033   (Y': 16.0615   Cb: 18.3651   Cr: 19.8241 )
00000935: 17.6375   (Y': 15.9256   Cb: 18.1865   Cr: 19.6055 )
00000937: 17.4896   (Y': 15.4696   Cb: 18.2971   Cr: 19.8746 )
00000936: 17.4745   (Y': 15.4822   Cb: 18.2963   Cr: 19.7636 )
00000939: 17.5062   (Y': 15.3827   Cb: 18.5252   Cr: 19.883  )
00000938: 17.5602   (Y': 15.4958   Cb: 18.4377   Cr: 19.9679 )
00000942: 17.3365   (Y': 15.4186   Cb: 18.109    Cr: 19.4993 )
00000941: 17.4101   (Y': 15.4659   Cb: 18.196    Cr: 19.6222 )
00000940: 17.4609   (Y': 15.3706   Cb: 18.4121   Cr: 19.8377 )
00000943: 17.3015   (Y': 15.3386   Cb: 18.0752   Cr: 19.5799 )
00000944: 17.2948   (Y': 15.2915   Cb: 18.1035   Cr: 19.6319 )
00000945: 17.3316   (Y': 15.2796   Cb: 18.177    Cr: 19.7512 )
00000946: 17.4148   (Y': 15.3888   Cb: 18.2059   Cr: 19.8399 )
00000947: 17.4031   (Y': 15.3694   Cb: 18.167    Cr: 19.89   )
00000948: 17.4415   (Y': 15.2852   Cb: 18.3497   Cr: 20.0719 )
00000950: 17.4325   (Y': 15.246    Cb: 18.386    Cr: 20.0868 )
00000949: 17.4876   (Y': 15.2819   Cb: 18.4215   Cr: 20.2305 )
00000951: 17.3693   (Y': 15.146    Cb: 18.3181   Cr: 20.145  )
00000953: 17.3709   (Y': 15.3184   Cb: 18.1017   Cr: 19.962  )
00000952: 17.3453   (Y': 15.3047   Cb: 18.0541   Cr: 19.9352 )
00000954: 17.364    (Y': 15.2756   Cb: 18.1704   Cr: 19.9447 )
00000955: 17.395    (Y': 15.3787   Cb: 18.1174   Cr: 19.8945 )
00000957: 17.617    (Y': 15.5097   Cb: 18.4369   Cr: 20.233  )
00000958: 17.6372   (Y': 15.4997   Cb: 18.4787   Cr: 20.3114 )
00000956: 17.5248   (Y': 15.3981   Cb: 18.346    Cr: 20.1971 )
00000959: 17.615    (Y': 15.5051   Cb: 18.4222   Cr: 20.2585 )
00000961: 17.5675   (Y': 15.4536   Cb: 18.3568   Cr: 20.2502 )
00000960: 17.6108   (Y': 15.4577   Cb: 18.4377   Cr: 20.3546 )
00000962: 17.4148   (Y': 15.3274   Cb: 18.1234   Cr: 20.1441 )
00000963: 17.3551   (Y': 15.2851   Cb: 18.025    Cr: 20.0937 )
00000966: 17.6271   (Y': 15.5176   Cb: 18.2809   Cr: 20.5141 )
00000964: 17.5162   (Y': 15.362    Cb: 18.2071   Cr: 20.484  )
00000965: 17.5299   (Y': 15.3899   Cb: 18.1864   Cr: 20.51   )
00000967: 17.6249   (Y': 15.4932   Cb: 18.3324   Cr: 20.493  )
00000968: 17.6501   (Y': 15.4614   Cb: 18.3975   Cr: 20.6357 )
00000969: 17.6579   (Y': 15.4757   Cb: 18.4297   Cr: 20.5823 )
00000970: 17.6515   (Y': 15.508    Cb: 18.3882   Cr: 20.5092 )
00000971: 17.6597   (Y': 15.4826   Cb: 18.4415   Cr: 20.5508 )
00000972: 17.5405   (Y': 15.369    Cb: 18.358    Cr: 20.3565 )
00000973: 17.4669   (Y': 15.3261   Cb: 18.2931   Cr: 20.1743 )
00000975: 17.3782   (Y': 15.2284   Cb: 18.2409   Cr: 20.057  )
00000974: 17.4169   (Y': 15.2244   Cb: 18.3556   Cr: 20.1116 )
00000977: 17.312    (Y': 15.2226   Cb: 18.1438   Cr: 19.8575 )
00000976: 17.3212   (Y': 15.2318   Cb: 18.1568   Cr: 19.8614 )
00000978: 17.4081   (Y': 15.2958   Cb: 18.1587   Cr: 20.1464 )
00000979: 17.4204   (Y': 15.3057   Cb: 18.2181   Cr: 20.0926 )
00000983: 17.6039   (Y': 15.7147   Cb: 18.2867   Cr: 19.8186 )
00000980: 17.4138   (Y': 15.2673   Cb: 18.2716   Cr: 20.0901 )
00000981: 17.4167   (Y': 15.324    Cb: 18.2517   Cr: 19.9675 )
00000982: 17.641    (Y': 15.6112   Cb: 18.4612   Cr: 20.0348 )
00000985: 17.5424   (Y': 15.5682   Cb: 18.3243   Cr: 19.8393 )
00000984: 17.5154   (Y': 15.6093   Cb: 18.2452   Cr: 19.7072 )
00000986: 17.5163   (Y': 15.5345   Cb: 18.3918   Cr: 19.7036 )
00000991: 17.6872   (Y': 15.6675   Cb: 18.7722   Cr: 19.7008 )
00000988: 17.4991   (Y': 15.5921   Cb: 18.411    Cr: 19.4504 )
00000987: 17.5406   (Y': 15.597    Cb: 18.3527   Cr: 19.7151 )
00000989: 17.5644   (Y': 15.6593   Cb: 18.5129   Cr: 19.4651 )
00000990: 17.5888   (Y': 15.6407   Cb: 18.5886   Cr: 19.53   )
00000997: 17.8785   (Y': 15.6069   Cb: 19.4096   Cr: 20.0257 )
00000993: 17.9198   (Y': 15.7338   Cb: 19.2901   Cr: 20.0213 )
00000992: 17.8468   (Y': 15.8047   Cb: 19.0568   Cr: 19.7659 )
00000994: 17.9185   (Y': 15.6504   Cb: 19.4369   Cr: 20.0706 )
00000996: 17.9367   (Y': 15.6381   Cb: 19.4996   Cr: 20.1228 )
00000998: 18.0268   (Y': 15.8676   Cb: 19.5554   Cr: 19.8803 )
00000995: 17.9655   (Y': 15.6224   Cb: 19.5566   Cr: 20.2452 )
00000999: 18.0308   (Y': 15.9027   Cb: 19.5032   Cr: 19.8672 )
00001000: 17.9595   (Y': 15.7459   Cb: 19.549    Cr: 19.886  )
00001001: 17.9882   (Y': 15.7679   Cb: 19.5606   Cr: 19.9511 )
00001003: 18.0311   (Y': 15.703    Cb: 19.7386   Cr: 20.1367 )
00001002: 18.0524   (Y': 15.7876   Cb: 19.7152   Cr: 20.0345 )
00001004: 18.0299   (Y': 15.7695   Cb: 19.7944   Cr: 19.8938 )
00001005: 18.0957   (Y': 15.8309   Cb: 19.8462   Cr: 19.9851 )
00001006: 18.1788   (Y': 15.8854   Cb: 19.9326   Cr: 20.1406 )
00001007: 18.2048   (Y': 15.9129   Cb: 20.0078   Cr: 20.1111 )
00001008: 18.2292   (Y': 15.9636   Cb: 20.0237   Cr: 20.076  )
00001011: 18.3791   (Y': 16.2285   Cb: 20.1286   Cr: 19.9859 )
00001009: 18.2345   (Y': 15.9655   Cb: 19.9788   Cr: 20.1415 )
00001010: 18.5726   (Y': 16.3158   Cb: 20.3322   Cr: 20.4321 )
00001012: 18.7669   (Y': 16.6288   Cb: 20.464    Cr: 20.3949 )
00001013: 18.8571   (Y': 16.6755   Cb: 20.6022   Cr: 20.5427 )
00001015: 18.0407   (Y': 15.9113   Cb: 19.7407   Cr: 19.6452 )
00001014: 18.1781   (Y': 16.0353   Cb: 19.9735   Cr: 19.7226 )
00001016: 18.1546   (Y': 16.0271   Cb: 19.8415   Cr: 19.7676 )
00001017: 18.2469   (Y': 16.1493   Cb: 19.92     Cr: 19.8035 )
00001019: 18.2831   (Y': 16.1489   Cb: 19.8487   Cr: 20.0351 )
00001018: 18.433    (Y': 16.3303   Cb: 19.9936   Cr: 20.1142 )
00001020: 18.1148   (Y': 16.0219   Cb: 19.6537   Cr: 19.795  )
00001022: 17.9999   (Y': 15.8119   Cb: 19.6288   Cr: 19.8191 )
00001023: 18.0475   (Y': 15.7793   Cb: 19.8263   Cr: 19.9168 )
00001021: 18.1433   (Y': 16.0279   Cb: 19.673    Cr: 19.8871 )
00001025: 18.0875   (Y': 15.775    Cb: 19.8515   Cr: 20.0894 )
00001024: 18.0129   (Y': 15.7212   Cb: 19.7811   Cr: 19.9551 )
00001026: 18.1688   (Y': 15.8713   Cb: 19.8703   Cr: 20.1972 )
00001027: 18.033    (Y': 15.7364   Cb: 19.7368   Cr: 20.0565 )
00001028: 17.6325   (Y': 15.1901   Cb: 19.5598   Cr: 19.8252 )
00001029: 17.6682   (Y': 15.1738   Cb: 19.5871   Cr: 20.0254 )
00001030: 17.5771   (Y': 15.1564   Cb: 19.4093   Cr: 19.8093 )
00001031: 17.4765   (Y': 15.0762   Cb: 19.2409   Cr: 19.7244 )
00001032: 17.2645   (Y': 14.9368   Cb: 18.9469   Cr: 19.3965 )
00001033: 17.2111   (Y': 14.9385   Cb: 18.8421   Cr: 19.2488 )
00001034: 17.072    (Y': 14.846    Cb: 18.7755   Cr: 18.91   )
00001035: 17.0882   (Y': 14.8511   Cb: 18.8004   Cr: 18.9458 )
00001036: 17.1447   (Y': 14.8634   Cb: 18.9099   Cr: 19.0623 )
00001037: 17.178    (Y': 14.8635   Cb: 19.0251   Cr: 19.0992 )
00001039: 16.8485   (Y': 14.6854   Cb: 18.2242   Cr: 18.8831 )
00001038: 16.9798   (Y': 14.8289   Cb: 18.3937   Cr: 18.9386 )
00001040: 16.8416   (Y': 14.6617   Cb: 18.1261   Cr: 19.0302 )
00001041: 16.9131   (Y': 14.6614   Cb: 18.1869   Cr: 19.3185 )
00001042: 16.9766   (Y': 14.7205   Cb: 18.186    Cr: 19.4802 )
00001043: 17.1415   (Y': 14.9515   Cb: 18.262    Cr: 19.5705 )
00001044: 17.373    (Y': 15.2757   Cb: 18.3389   Cr: 19.7495 )
00001045: 17.7109   (Y': 15.6358   Cb: 18.7228   Cr: 19.9634 )
00001047: 18.5195   (Y': 16.7608   Cb: 19.0447   Cr: 20.633  )
00001046: 18.3019   (Y': 16.4388   Cb: 18.9419   Cr: 20.5107 )
00001048: 18.2855   (Y': 16.605    Cb: 18.7012   Cr: 20.37   )
00001049: 18.2135   (Y': 16.5843   Cb: 18.5778   Cr: 20.253  )
00001050: 18.3356   (Y': 16.6684   Cb: 18.7145   Cr: 20.4426 )
00001051: 18.5218   (Y': 16.6944   Cb: 19.1119   Cr: 20.7124 )
00001052: 18.3955   (Y': 16.3723   Cb: 19.283    Cr: 20.6762 )
00001055: 17.8289   (Y': 15.6945   Cb: 18.8195   Cr: 20.2757 )
00001054: 18.134    (Y': 16.0199   Cb: 19.1361   Cr: 20.5073 )
00001053: 18.3316   (Y': 16.2506   Cb: 19.3209   Cr: 20.6306 )
00001056: 17.6068   (Y': 15.5446   Cb: 18.4117   Cr: 20.1139 )
00001057: 17.6627   (Y': 15.6944   Cb: 18.3576   Cr: 20.0698 )
00001058: 17.4833   (Y': 15.5738   Cb: 18.116    Cr: 19.8237 )
00001059: 17.5567   (Y': 15.5993   Cb: 18.2307   Cr: 19.965  )
00001060: 17.6629   (Y': 15.72     Cb: 18.1845   Cr: 20.2673 )
00001061: 17.7266   (Y': 15.8301   Cb: 18.1483   Cr: 20.3631 )
00001062: 17.6601   (Y': 15.7911   Cb: 18.0061   Cr: 20.3462 )
00001063: 17.6519   (Y': 15.8005   Cb: 17.97     Cr: 20.3359 )
00001064: 17.4122   (Y': 15.5466   Cb: 17.7665   Cr: 20.0745 )
00001065: 17.3077   (Y': 15.4176   Cb: 17.769    Cr: 19.8609 )
00001066: 17.3068   (Y': 15.4028   Cb: 17.8665   Cr: 19.743  )
00001068: 17.2327   (Y': 15.21     Cb: 17.9483   Cr: 19.7609 )
00001067: 17.3162   (Y': 15.3157   Cb: 17.9858   Cr: 19.8513 )
00001069: 17.194    (Y': 15.1458   Cb: 17.9879   Cr: 19.6774 )
00001070: 17.3521   (Y': 15.2658   Cb: 18.1918   Cr: 19.8772 )
00001071: 17.3191   (Y': 15.2332   Cb: 18.1304   Cr: 19.8848 )
00001072: 17.1931   (Y': 15.1249   Cb: 17.9667   Cr: 19.7644 )
00001073: 17.1949   (Y': 15.1828   Cb: 17.9166   Cr: 19.6841 )
00001074: 17.2935   (Y': 15.2418   Cb: 17.9655   Cr: 19.9739 )
00001075: 17.2264   (Y': 15.1911   Cb: 17.9055   Cr: 19.8469 )
00001076: 17.2071   (Y': 15.2047   Cb: 17.8674   Cr: 19.7618 )
00001077: 17.2666   (Y': 15.2374   Cb: 17.9502   Cr: 19.8623 )
00001078: 17.2554   (Y': 15.2305   Cb: 17.9334   Cr: 19.8474 )
00001079: 17.2607   (Y': 15.2704   Cb: 17.9098   Cr: 19.7986 )
00001080: 17.3519   (Y': 15.3215   Cb: 18.0401   Cr: 19.9439 )
00001081: 17.382    (Y': 15.3604   Cb: 18.0484   Cr: 19.9829 )
00001083: 17.2681   (Y': 15.276    Cb: 17.9666   Cr: 19.7359 )
00001082: 17.3838   (Y': 15.3223   Cb: 18.1417   Cr: 19.9591 )
00001084: 17.2371   (Y': 15.3231   Cb: 17.7899   Cr: 19.7113 )
00001085: 17.2314   (Y': 15.2955   Cb: 17.779    Cr: 19.7745 )
00001086: 17.2889   (Y': 15.2706   Cb: 17.9027   Cr: 19.9633 )
00001087: 17.3497   (Y': 15.2516   Cb: 18.0899   Cr: 20.0612 )
00001088: 17.3784   (Y': 15.2536   Cb: 18.1942   Cr: 20.0532 )
00001092: 17.4916   (Y': 15.2934   Cb: 18.4965   Cr: 20.1065 )
00001091: 17.4636   (Y': 15.3303   Cb: 18.3222   Cr: 20.0986 )
00001089: 17.3866   (Y': 15.2696   Cb: 18.1778   Cr: 20.0758 )
00001090: 17.4229   (Y': 15.2904   Cb: 18.2956   Cr: 20.0347 )
00001094: 17.3265   (Y': 14.9201   Cb: 18.6283   Cr: 20.1779 )
00001095: 17.3077   (Y': 14.8404   Cb: 18.6936   Cr: 20.2466 )
00001093: 17.4923   (Y': 15.2873   Cb: 18.5063   Cr: 20.1148 )
00001096: 17.3141   (Y': 14.8287   Cb: 18.7253   Cr: 20.2799 )
00001098: 17.3014   (Y': 14.8216   Cb: 18.7919   Cr: 20.1375 )
00001097: 17.3038   (Y': 14.8533   Cb: 18.6937   Cr: 20.1796 )
00001099: 17.2863   (Y': 14.8164   Cb: 18.7228   Cr: 20.1629 )
00001100: 17.2237   (Y': 14.7246   Cb: 18.6656   Cr: 20.1942 )
00001101: 17.2559   (Y': 14.7845   Cb: 18.677    Cr: 20.1593 )
00001103: 17.2655   (Y': 14.7219   Cb: 18.7855   Cr: 20.2838 )
00001102: 17.2616   (Y': 14.743    Cb: 18.733    Cr: 20.2595 )
00001104: 17.2609   (Y': 14.7655   Cb: 18.7115   Cr: 20.2059 )
00001105: 17.2055   (Y': 14.7094   Cb: 18.6373   Cr: 20.1798 )
00001106: 17.1906   (Y': 14.6976   Cb: 18.5481   Cr: 20.2619 )
00001107: 17.17     (Y': 14.6891   Cb: 18.5064   Cr: 20.2295 )
00001108: 17.1651   (Y': 14.7294   Cb: 18.4653   Cr: 20.1186 )
00001109: 17.1561   (Y': 14.7062   Cb: 18.4859   Cr: 20.1155 )
00001110: 17.2001   (Y': 14.8154   Cb: 18.4681   Cr: 20.0275 )
00001111: 17.2051   (Y': 14.8214   Cb: 18.4249   Cr: 20.0988 )
00001112: 17.2717   (Y': 14.9606   Cb: 18.4075   Cr: 20.049  )
00001113: 17.3654   (Y': 15.0808   Cb: 18.4784   Cr: 20.0914 )
00001115: 17.4798   (Y': 15.1789   Cb: 18.6438   Cr: 20.1838 )
00001114: 17.4848   (Y': 15.2409   Cb: 18.5687   Cr: 20.1254 )
00001116: 17.5609   (Y': 15.16     Cb: 18.75     Cr: 20.5592 )
00001117: 17.613    (Y': 15.2392   Cb: 18.7812   Cr: 20.5501 )
00001119: 17.8966   (Y': 15.5492   Cb: 19.1485   Cr: 20.6245 )
00001118: 17.8012   (Y': 15.3717   Cb: 19.1218   Cr: 20.7038 )
00001120: 18.0744   (Y': 15.8695   Cb: 19.1964   Cr: 20.5447 )
00001122: 18.3113   (Y': 16.1343   Cb: 19.4299   Cr: 20.7052 )
00001123: 18.3949   (Y': 16.1964   Cb: 19.5011   Cr: 20.8679 )
00001121: 18.134    (Y': 15.9632   Cb: 19.2086   Cr: 20.57   )
00001124: 18.3      (Y': 16.0842   Cb: 19.4733   Cr: 20.7326 )
00001125: 18.1585   (Y': 15.8763   Cb: 19.3761   Cr: 20.7298 )
00001127: 18.1247   (Y': 15.7439   Cb: 19.5805   Cr: 20.6845 )
00001126: 18.0979   (Y': 15.745    Cb: 19.445    Cr: 20.7132 )
00001128: 18.2401   (Y': 15.8656   Cb: 19.6821   Cr: 20.7981 )
00001129: 18.3097   (Y': 15.9001   Cb: 19.7999   Cr: 20.9153 )
00001131: 18.3354   (Y': 16.0695   Cb: 19.5215   Cr: 20.8998 )
00001130: 18.3582   (Y': 16.0666   Cb: 19.5857   Cr: 20.9445 )
00001133: 18.3523   (Y': 16.1569   Cb: 19.4473   Cr: 20.8316 )
00001132: 18.2918   (Y': 16.0575   Cb: 19.4365   Cr: 20.8181 )
00001136: 18.3683   (Y': 16.2061   Cb: 19.3474   Cr: 20.9127 )
00001134: 18.3202   (Y': 16.1043   Cb: 19.4377   Cr: 20.8286 )
00001135: 18.4095   (Y': 16.1894   Cb: 19.4962   Cr: 20.9733 )
00001137: 18.3994   (Y': 16.3074   Cb: 19.3226   Cr: 20.8205 )
00001138: 18.4178   (Y': 16.3838   Cb: 19.3161   Cr: 20.7131 )
00001140: 18.4102   (Y': 16.3709   Cb: 19.3104   Cr: 20.7169 )
00001139: 18.4156   (Y': 16.3725   Cb: 19.2835   Cr: 20.7778 )
00001141: 18.3756   (Y': 16.3226   Cb: 19.3417   Cr: 20.6297 )
00001143: 18.3758   (Y': 16.3743   Cb: 19.2418   Cr: 20.6281 )
00001142: 18.3936   (Y': 16.3432   Cb: 19.3416   Cr: 20.6649 )
00001144: 18.3628   (Y': 16.3887   Cb: 19.1907   Cr: 20.595  )
00001145: 18.4057   (Y': 16.4822   Cb: 19.1771   Cr: 20.5845 )
00001146: 18.4712   (Y': 16.5561   Cb: 19.2817   Cr: 20.5749 )
00001147: 18.4981   (Y': 16.5394   Cb: 19.3902   Cr: 20.6037 )
00001149: 18.5679   (Y': 16.6322   Cb: 19.4494   Cr: 20.6291 )
00001148: 18.5322   (Y': 16.587    Cb: 19.398    Cr: 20.6383 )
00001150: 18.7919   (Y': 16.9744   Cb: 19.6851   Cr: 20.5557 )
00001153: 18.7977   (Y': 17.0336   Cb: 19.6022   Cr: 20.5499 )
00001154: 18.5399   (Y': 16.6608   Cb: 19.4935   Cr: 20.3722 )
00001152: 18.8799   (Y': 17.1762   Cb: 19.6884   Cr: 20.4948 )
00001151: 18.9312   (Y': 17.2329   Cb: 19.6955   Cr: 20.5882 )
00001155: 18.5209   (Y': 16.5952   Cb: 19.5157   Cr: 20.4135 )
00001156: 18.5344   (Y': 16.5796   Cb: 19.5531   Cr: 20.4685 )
00001157: 18.5232   (Y': 16.6084   Cb: 19.5099   Cr: 20.3999 )
00001158: 18.5623   (Y': 16.5752   Cb: 19.6294   Cr: 20.5164 )
00001159: 18.5669   (Y': 16.6022   Cb: 19.5728   Cr: 20.5416 )
00001160: 18.6907   (Y': 16.6692   Cb: 19.7916   Cr: 20.6894 )
00001163: 18.8221   (Y': 16.753    Cb: 20.1354   Cr: 20.6885 )
00001164: 18.9607   (Y': 16.8695   Cb: 20.3668   Cr: 20.7782 )
00001162: 18.777    (Y': 16.81     Cb: 19.8606   Cr: 20.662  )
00001165: 19.0898   (Y': 17.051    Cb: 20.4085   Cr: 20.8763 )
00001161: 18.6198   (Y': 16.5844   Cb: 19.7592   Cr: 20.6064 )
00001166: 19.2043   (Y': 17.1173   Cb: 20.6309   Cr: 20.9892 )
00001167: 19.216    (Y': 17.1719   Cb: 20.6112   Cr: 20.9314 )
00001168: 19.3974   (Y': 17.3835   Cb: 20.6904   Cr: 21.1526 )
00001169: 19.4214   (Y': 17.4648   Cb: 20.6764   Cr: 21.0845 )
00001171: 19.5704   (Y': 17.6025   Cb: 20.8695   Cr: 21.2115 )
00001173: 19.5883   (Y': 17.4057   Cb: 21.4111   Cr: 21.2009 )
00001172: 19.552    (Y': 17.4266   Cb: 21.2501   Cr: 21.149  )
00001170: 19.5035   (Y': 17.5165   Cb: 20.863    Cr: 21.1235 )
00001174: 19.2578   (Y': 16.7822   Cb: 21.4582   Cr: 21.2702 )
00001175: 19.188    (Y': 16.7249   Cb: 21.2888   Cr: 21.2622 )
00001176: 19.6402   (Y': 17.4523   Cb: 21.3873   Cr: 21.339  )
00001177: 19.713    (Y': 17.5204   Cb: 21.4788   Cr: 21.4049 )
00001178: 19.6964   (Y': 17.4492   Cb: 21.5661   Cr: 21.422  )
00001180: 19.7526   (Y': 17.562    Cb: 21.6331   Cr: 21.3303 )
00001181: 19.7741   (Y': 17.6121   Cb: 21.6422   Cr: 21.2954 )
00001182: 19.7126   (Y': 17.5933   Cb: 21.4586   Cr: 21.2489 )
00001179: 19.733    (Y': 17.5632   Cb: 21.4373   Cr: 21.4305 )
00001184: 19.6711   (Y': 17.5442   Cb: 21.2826   Cr: 21.3584 )
00001185: 19.7576   (Y': 17.5396   Cb: 21.396    Cr: 21.6433 )
00001183: 19.6381   (Y': 17.5438   Cb: 21.2105   Cr: 21.2872 )
00001186: 19.72     (Y': 17.4135   Cb: 21.4832   Cr: 21.7063 )
00001187: 19.7285   (Y': 17.4038   Cb: 21.5586   Cr: 21.6942 )
00001190: 19.7895   (Y': 17.4405   Cb: 21.8539   Cr: 21.5886 )
00001188: 19.7306   (Y': 17.4092   Cb: 21.6466   Cr: 21.6012 )
00001191: 19.7938   (Y': 17.4582   Cb: 21.8525   Cr: 21.5636 )
00001189: 19.7665   (Y': 17.3876   Cb: 21.8337   Cr: 21.6421 )
00001192: 19.7731   (Y': 17.391    Cb: 21.8774   Cr: 21.6217 )
00001194: 19.6884   (Y': 17.2474   Cb: 21.7776   Cr: 21.7119 )
00001195: 19.6616   (Y': 17.194    Cb: 21.79     Cr: 21.721  )
00001196: 19.5617   (Y': 17.0824   Cb: 21.611    Cr: 21.7347 )
00001193: 19.7166   (Y': 17.2962   Cb: 21.8139   Cr: 21.6749 )
00001197: 19.5086   (Y': 17.0452   Cb: 21.5023   Cr: 21.6927 )
Total: 16.7582   (Y': 15.3384   Cb: 17.1141   Cr: 18.3571 )
