./ps4_degrader: invalid option -- 'v'
Capturing with the following configuration:
 - Capture device: DeckLink 4K Extreme 12G
 - Video mode: 720p59.94
 - Pixel format: 8 bit BGRA (4:4:4:x)
[libx264 @ 0x39a0e40] using cpu capabilities: MMX2 SSE2Fast SSSE3 SSE4.2 AVX AVX2 FMA3 LZCNT BMI2
[libx264 @ 0x39a0e40] profile High 4:2:2 Intra, level 3.1, 4:2:2 8-bit
PLAYBACK (hw timestamp): Frame 38 Displayed Late. Expected (+/- 5%): 50000
	Timestamp delay: 66594
	Hardware timestamp delay: 66659
PLAYBACK (hw timestamp): Frame 41 Displayed Late. Expected (+/- 5%): 50000
	Timestamp delay: 66599
	Hardware timestamp delay: 66657
PLAYBACK (hw timestamp): Frame 79 Displayed Late. Expected (+/- 5%): 50000
	Timestamp delay: 66709
	Hardware timestamp delay: 66595
PLAYBACK (hw timestamp): Frame 81 Displayed Late. Expected (+/- 5%): 50000
	Timestamp delay: 66586
	Hardware timestamp delay: 66641
PLAYBACK (hw timestamp): Frame 92 Displayed Late. Expected (+/- 5%): 50000
	Timestamp delay: 66539
	Hardware timestamp delay: 66614
PLAYBACK (hw timestamp): Frame 95 Displayed Late. Expected (+/- 5%): 50000
	Timestamp delay: 66520
	Hardware timestamp delay: 66710
PLAYBACK (hw timestamp): Frame 106 Displayed Late. Expected (+/- 5%): 50000
	Timestamp delay: 66591
	Hardware timestamp delay: 66719
PLAYBACK (hw timestamp): Frame 111 Displayed Late. Expected (+/- 5%): 50000
	Timestamp delay: 66538
	Hardware timestamp delay: 66657
PLAYBACK (hw timestamp): Frame 116 Displayed Late. Expected (+/- 5%): 50000
	Timestamp delay: 66713
	Hardware timestamp delay: 66619
PLAYBACK (hw timestamp): Frame 131 Displayed Late. Expected (+/- 5%): 50000
	Timestamp delay: 66608
	Hardware timestamp delay: 66702
PLAYBACK (hw timestamp): Frame 134 Displayed Late. Expected (+/- 5%): 50000
	Timestamp delay: 66676
	Hardware timestamp delay: 66635
PLAYBACK (hw timestamp): Frame 138 Displayed Late. Expected (+/- 5%): 50000
	Timestamp delay: 66704
	Hardware timestamp delay: 66647
PLAYBACK (hw timestamp): Frame 141 Displayed Late. Expected (+/- 5%): 50000
	Timestamp delay: 66649
	Hardware timestamp delay: 66641
PLAYBACK (hw timestamp): Frame 144 Displayed Late. Expected (+/- 5%): 50000
	Timestamp delay: 66723
	Hardware timestamp delay: 66631
PLAYBACK (hw timestamp): Frame 148 Displayed Late. Expected (+/- 5%): 50000
	Timestamp delay: 66549
	Hardware timestamp delay: 66692
PLAYBACK (hw timestamp): Frame 151 Displayed Late. Expected (+/- 5%): 50000
	Timestamp delay: 66592
	Hardware timestamp delay: 66638
PLAYBACK (hw timestamp): Frame 154 Displayed Late. Expected (+/- 5%): 50000
	Timestamp delay: 66607
	Hardware timestamp delay: 66609
PLAYBACK (hw timestamp): Frame 156 Displayed Late. Expected (+/- 5%): 50000
	Timestamp delay: 66598
	Hardware timestamp delay: 66622
PLAYBACK (hw timestamp): Frame 165 Displayed Late. Expected (+/- 5%): 50000
	Timestamp delay: 66597
	Hardware timestamp delay: 66652
PLAYBACK (hw timestamp): Frame 169 Displayed Late. Expected (+/- 5%): 50000
	Timestamp delay: 66594
	Hardware timestamp delay: 66727
PLAYBACK (hw timestamp): Frame 172 Displayed Late. Expected (+/- 5%): 50000
	Timestamp delay: 66541
	Hardware timestamp delay: 66729
PLAYBACK (hw timestamp): Frame 174 Displayed Late. Expected (+/- 5%): 50000
	Timestamp delay: 66494
	Hardware timestamp delay: 66693
PLAYBACK (hw timestamp): Frame 178 Displayed Late. Expected (+/- 5%): 50000
	Timestamp delay: 66670
	Hardware timestamp delay: 66618
PLAYBACK (hw timestamp): Frame 181 Displayed Late. Expected (+/- 5%): 50000
	Timestamp delay: 66596
	Hardware timestamp delay: 66648
PLAYBACK (hw timestamp): Frame 184 Displayed Late. Expected (+/- 5%): 50000
	Timestamp delay: 66558
	Hardware timestamp delay: 66632
PLAYBACK (hw timestamp): Frame 187 Displayed Late. Expected (+/- 5%): 50000
	Timestamp delay: 66630
	Hardware timestamp delay: 66727
PLAYBACK (hw timestamp): Frame 190 Displayed Late. Expected (+/- 5%): 50000
	Timestamp delay: 66596
	Hardware timestamp delay: 66741
PLAYBACK (hw timestamp): Frame 192 Displayed Late. Expected (+/- 5%): 50000
	Timestamp delay: 66593
	Hardware timestamp delay: 66711
PLAYBACK (hw timestamp): Frame 227 Displayed Late. Expected (+/- 5%): 50000
	Timestamp delay: 66615
	Hardware timestamp delay: 66641
PLAYBACK (hw timestamp): Frame 235 Displayed Late. Expected (+/- 5%): 50000
	Timestamp delay: 66684
	Hardware timestamp delay: 66690
PLAYBACK (hw timestamp): Frame 238 Displayed Late. Expected (+/- 5%): 50000
	Timestamp delay: 66556
	Hardware timestamp delay: 66625
PLAYBACK (hw timestamp): Frame 241 Displayed Late. Expected (+/- 5%): 50000
	Timestamp delay: 66640
	Hardware timestamp delay: 66703
PLAYBACK (hw timestamp): Frame 246 Displayed Late. Expected (+/- 5%): 50000
	Timestamp delay: 66671
	Hardware timestamp delay: 66687
PLAYBACK (hw timestamp): Frame 251 Displayed Late. Expected (+/- 5%): 50000
	Timestamp delay: 66702
	Hardware timestamp delay: 66667
PLAYBACK (hw timestamp): Frame 255 Displayed Late. Expected (+/- 5%): 50000
	Timestamp delay: 66687
	Hardware timestamp delay: 67401
PLAYBACK (hw timestamp): Frame 263 Displayed Late. Expected (+/- 5%): 50000
	Timestamp delay: 66634
	Hardware timestamp delay: 66666
PLAYBACK (hw timestamp): Frame 265 Displayed Late. Expected (+/- 5%): 50000
	Timestamp delay: 66507
	Hardware timestamp delay: 66674
PLAYBACK (hw timestamp): Frame 267 Displayed Late. Expected (+/- 5%): 50000
	Timestamp delay: 66596
	Hardware timestamp delay: 66706
PLAYBACK (hw timestamp): Frame 270 Displayed Late. Expected (+/- 5%): 50000
	Timestamp delay: 66548
	Hardware timestamp delay: 66712
PLAYBACK (hw timestamp): Frame 273 Displayed Late. Expected (+/- 5%): 50000
	Timestamp delay: 66703
	Hardware timestamp delay: 66707
PLAYBACK (hw timestamp): Frame 277 Displayed Late. Expected (+/- 5%): 50000
	Timestamp delay: 66609
	Hardware timestamp delay: 66637
PLAYBACK (hw timestamp): Frame 279 Displayed Late. Expected (+/- 5%): 50000
	Timestamp delay: 66598
	Hardware timestamp delay: 66637
PLAYBACK (hw timestamp): Frame 281 Displayed Late. Expected (+/- 5%): 50000
	Timestamp delay: 66548
	Hardware timestamp delay: 66619
PLAYBACK (hw timestamp): Frame 287 Displayed Late. Expected (+/- 5%): 50000
	Timestamp delay: 66561
	Hardware timestamp delay: 66671
PLAYBACK (hw timestamp): Frame 293 Displayed Late. Expected (+/- 5%): 50000
	Timestamp delay: 66731
	Hardware timestamp delay: 66775
CAPTURE: dropped a frame (dropped_count=0)
PLAYBACK (hw timestamp): Frame 294 Displayed Late. Expected (+/- 5%): 50000
	Timestamp delay: 183518
	Hardware timestamp delay: 183501
PLAYBACK (hw timestamp): Frame 325 Displayed Late. Expected (+/- 5%): 50000
	Timestamp delay: 66631
	Hardware timestamp delay: 66615
PLAYBACK (hw timestamp): Frame 331 Displayed Late. Expected (+/- 5%): 50000
	Timestamp delay: 66631
	Hardware timestamp delay: 66627
PLAYBACK (hw timestamp): Frame 341 Displayed Late. Expected (+/- 5%): 50000
	Timestamp delay: 66724
	Hardware timestamp delay: 66661
PLAYBACK (hw timestamp): Frame 344 Displayed Late. Expected (+/- 5%): 50000
	Timestamp delay: 66665
	Hardware timestamp delay: 66686
PLAYBACK (hw timestamp): Frame 348 Displayed Late. Expected (+/- 5%): 50000
	Timestamp delay: 66636
	Hardware timestamp delay: 66682
PLAYBACK (hw timestamp): Frame 382 Displayed Late. Expected (+/- 5%): 50000
	Timestamp delay: 66601
	Hardware timestamp delay: 66666
PLAYBACK (hw timestamp): Frame 386 Displayed Late. Expected (+/- 5%): 50000
	Timestamp delay: 66552
	Hardware timestamp delay: 66682
PLAYBACK (hw timestamp): Frame 396 Displayed Late. Expected (+/- 5%): 50000
	Timestamp delay: 66558
	Hardware timestamp delay: 66644
PLAYBACK (hw timestamp): Frame 401 Displayed Late. Expected (+/- 5%): 50000
	Timestamp delay: 66598
	Hardware timestamp delay: 66702
PLAYBACK (hw timestamp): Frame 403 Displayed Late. Expected (+/- 5%): 50000
	Timestamp delay: 66597
	Hardware timestamp delay: 66614
PLAYBACK (hw timestamp): Frame 408 Displayed Late. Expected (+/- 5%): 50000
	Timestamp delay: 66667
	Hardware timestamp delay: 66662
PLAYBACK (hw timestamp): Frame 410 Displayed Late. Expected (+/- 5%): 50000
	Timestamp delay: 66596
	Hardware timestamp delay: 66682
PLAYBACK (hw timestamp): Frame 428 Displayed Late. Expected (+/- 5%): 50000
	Timestamp delay: 66600
	Hardware timestamp delay: 66683
PLAYBACK (hw timestamp): Frame 430 Displayed Late. Expected (+/- 5%): 50000
	Timestamp delay: 66578
	Hardware timestamp delay: 66692
PLAYBACK (hw timestamp): Frame 433 Displayed Late. Expected (+/- 5%): 50000
	Timestamp delay: 66723
	Hardware timestamp delay: 66691
PLAYBACK (hw timestamp): Frame 447 Displayed Late. Expected (+/- 5%): 50000
	Timestamp delay: 66631
	Hardware timestamp delay: 66613
PLAYBACK (hw timestamp): Frame 451 Displayed Late. Expected (+/- 5%): 50000
	Timestamp delay: 66630
	Hardware timestamp delay: 66646
PLAYBACK (hw timestamp): Frame 454 Displayed Late. Expected (+/- 5%): 50000
	Timestamp delay: 66631
	Hardware timestamp delay: 66666
PLAYBACK (hw timestamp): Frame 461 Displayed Late. Expected (+/- 5%): 50000
	Timestamp delay: 66635
	Hardware timestamp delay: 66643
PLAYBACK (hw timestamp): Frame 463 Displayed Late. Expected (+/- 5%): 50000
	Timestamp delay: 66627
	Hardware timestamp delay: 66636
PLAYBACK (hw timestamp): Frame 471 Displayed Late. Expected (+/- 5%): 50000
	Timestamp delay: 66666
	Hardware timestamp delay: 66666
PLAYBACK (hw timestamp): Frame 492 Displayed Late. Expected (+/- 5%): 50000
	Timestamp delay: 66733
	Hardware timestamp delay: 66785
CAPTURE: dropped a frame (dropped_count=1)
CAPTURE: dropped a frame (dropped_count=2)
PLAYBACK (hw timestamp): Frame 493 Displayed Late. Expected (+/- 5%): 50000
	Timestamp delay: 233590
	Hardware timestamp delay: 233598
PLAYBACK (hw timestamp): Frame 506 Displayed Late. Expected (+/- 5%): 50000
	Timestamp delay: 66597
	Hardware timestamp delay: 66641
PLAYBACK (hw timestamp): Frame 510 Displayed Late. Expected (+/- 5%): 50000
	Timestamp delay: 66528
	Hardware timestamp delay: 66675
PLAYBACK (hw timestamp): Frame 512 Displayed Late. Expected (+/- 5%): 50000
	Timestamp delay: 66592
	Hardware timestamp delay: 66638
PLAYBACK (hw timestamp): Frame 514 Displayed Late. Expected (+/- 5%): 50000
	Timestamp delay: 66546
	Hardware timestamp delay: 66701
PLAYBACK (hw timestamp): Frame 516 Displayed Late. Expected (+/- 5%): 50000
	Timestamp delay: 66571
	Hardware timestamp delay: 66614
PLAYBACK (hw timestamp): Frame 518 Displayed Late. Expected (+/- 5%): 50000
	Timestamp delay: 66628
	Hardware timestamp delay: 66659
PLAYBACK (hw timestamp): Frame 520 Displayed Late. Expected (+/- 5%): 50000
	Timestamp delay: 66537
	Hardware timestamp delay: 66666
PLAYBACK (hw timestamp): Frame 522 Displayed Late. Expected (+/- 5%): 50000
	Timestamp delay: 66668
	Hardware timestamp delay: 66592
PLAYBACK (hw timestamp): Frame 535 Displayed Late. Expected (+/- 5%): 50000
	Timestamp delay: 66593
	Hardware timestamp delay: 66670
PLAYBACK (hw timestamp): Frame 539 Displayed Late. Expected (+/- 5%): 50000
	Timestamp delay: 66627
	Hardware timestamp delay: 66643
PLAYBACK (hw timestamp): Frame 565 Displayed Late. Expected (+/- 5%): 50000
	Timestamp delay: 66600
	Hardware timestamp delay: 66621
PLAYBACK (hw timestamp): Frame 568 Displayed Late. Expected (+/- 5%): 50000
	Timestamp delay: 66678
	Hardware timestamp delay: 66699
PLAYBACK (hw timestamp): Frame 573 Displayed Late. Expected (+/- 5%): 50000
	Timestamp delay: 66587
	Hardware timestamp delay: 66646
PLAYBACK (hw timestamp): Frame 576 Displayed Late. Expected (+/- 5%): 50000
	Timestamp delay: 66561
	Hardware timestamp delay: 66613
PLAYBACK (hw timestamp): Frame 582 Displayed Late. Expected (+/- 5%): 50000
	Timestamp delay: 66709
	Hardware timestamp delay: 66661
[libx264 @ 0x39a0e40] frame I:588   Avg QP:26.00  size: 83339
[libx264 @ 0x39a0e40] mb I  I16..4:  6.8% 68.9% 24.3%
[libx264 @ 0x39a0e40] final ratefactor: 40.45
[libx264 @ 0x39a0e40] 8x8 transform intra:68.9%
[libx264 @ 0x39a0e40] coded y,uvDC,uvAC intra: 78.8% 84.9% 45.2%
[libx264 @ 0x39a0e40] i16 v,h,dc,p: 18% 36% 15% 31%
[libx264 @ 0x39a0e40] i8 v,h,dc,ddl,ddr,vr,hd,vl,hu:  9% 22% 19%  7%  8%  6% 11%  5% 13%
[libx264 @ 0x39a0e40] i4 v,h,dc,ddl,ddr,vr,hd,vl,hu: 13% 24% 14%  7% 10%  6% 11%  5%  9%
[libx264 @ 0x39a0e40] i8c dc,h,v,p: 60% 18% 15%  7%
[libx264 @ 0x39a0e40] kb/s:13334.25
Stopping Capture
