00000000: 15.1458   (Y': 14.9532   Cb: 14.2004   Cr: 16.6242 )
00000001: 15.1102   (Y': 14.9456   Cb: 14.1408   Cr: 16.5898 )
00000002: 15.1195   (Y': 14.9746   Cb: 14.1223   Cr: 16.6192 )
00000003: 15.1384   (Y': 15.0383   Cb: 14.1441   Cr: 16.5686 )
00000004: 15.168    (Y': 15.2441   Cb: 14.0902   Cr: 16.5011 )
00000005: 15.2012   (Y': 15.3381   Cb: 14.1281   Cr: 16.4465 )
00000007: 15.1316   (Y': 15.3914   Cb: 13.9943   Cr: 16.3308 )
00000006: 15.1686   (Y': 15.4031   Cb: 14.0426   Cr: 16.3801 )
00000009: 15.1283   (Y': 15.4626   Cb: 13.9599   Cr: 16.2895 )
00000011: 14.9925   (Y': 15.3952   Cb: 13.7813   Cr: 16.1452 )
00000012: 14.9843   (Y': 15.3885   Cb: 13.8153   Cr: 16.0636 )
00000010: 15.0813   (Y': 15.4083   Cb: 13.913    Cr: 16.2511 )
00000008: 15.1505   (Y': 15.4562   Cb: 13.9953   Cr: 16.3241 )
00000016: 14.8955   (Y': 15.2286   Cb: 13.7752   Cr: 15.9773 )
00000013: 14.8941   (Y': 15.3607   Cb: 13.7006   Cr: 15.9422 )
00000015: 14.9411   (Y': 15.306    Cb: 13.8257   Cr: 15.9772 )
00000017: 14.8927   (Y': 15.3201   Cb: 13.7221   Cr: 15.9475 )
00000014: 14.8908   (Y': 15.319    Cb: 13.6993   Cr: 15.9796 )
00000021: 14.9156   (Y': 15.3067   Cb: 13.7767   Cr: 15.9597 )
00000018: 14.9651   (Y': 15.2534   Cb: 13.8849   Cr: 16.0338 )
00000020: 14.9425   (Y': 15.3152   Cb: 13.8023   Cr: 16.0105 )
00000023: 15.0548   (Y': 15.2275   Cb: 14.0272   Cr: 16.1785 )
00000027: 15.2263   (Y': 15.1199   Cb: 14.391    Cr: 16.4002 )
00000034: 16.0808   (Y': 14.393    Cb: 16.184    Cr: 18.6886 )
00000026: 15.2653   (Y': 15.1553   Cb: 14.4186   Cr: 16.4625 )
00000025: 15.1936   (Y': 15.1661   Cb: 14.2971   Cr: 16.3605 )
00000024: 15.1466   (Y': 15.2071   Cb: 14.1781   Cr: 16.3156 )
00000019: 15.0002   (Y': 15.3138   Cb: 13.9002   Cr: 16.0713 )
00000029: 15.1098   (Y': 14.7896   Cb: 14.4717   Cr: 16.2719 )
00000031: 18.226    (Y': 15.423    Cb: 19.9039   Cr: 22.059  )
00000022: 15.0132   (Y': 15.2629   Cb: 13.9648   Cr: 16.0766 )
00000037: 15.7587   (Y': 14.8143   Cb: 15.3271   Cr: 17.6122 )
00000028: 15.3093   (Y': 15.166    Cb: 14.5088   Cr: 16.4781 )
00000033: 16.5805   (Y': 14.4668   Cb: 17.1226   Cr: 19.6747 )
00000030: 20.4842   (Y': 17.5665   Cb: 22.7661   Cr: 23.9431 )
00000032: 16.9245   (Y': 14.559    Cb: 17.767    Cr: 20.3703 )
00000035: 15.8905   (Y': 14.4057   Cb: 15.8339   Cr: 18.2613 )
00000040: 15.5632   (Y': 15.137    Cb: 14.8659   Cr: 16.9732 )
00000036: 15.7218   (Y': 14.6252   Cb: 15.3886   Cr: 17.7076 )
00000043: 15.4895   (Y': 15.2575   Cb: 14.661    Cr: 16.8267 )
00000042: 15.4395   (Y': 15.1898   Cb: 14.6284   Cr: 16.7737 )
00000039: 15.6247   (Y': 15.1097   Cb: 14.962    Cr: 17.1166 )
00000045: 15.7961   (Y': 15.5554   Cb: 15.0054   Cr: 17.0843 )
00000046: 15.9711   (Y': 15.5816   Cb: 15.2136   Cr: 17.4242 )
00000044: 15.6463   (Y': 15.4624   Cb: 14.815    Cr: 16.9201 )
00000049: 15.743    (Y': 15.2121   Cb: 15.0955   Cr: 17.2353 )
00000038: 15.7637   (Y': 15.0566   Cb: 15.1978   Cr: 17.4134 )
00000050: 15.5972   (Y': 14.9927   Cb: 14.9626   Cr: 17.1876 )
00000041: 15.4345   (Y': 15.0789   Cb: 14.6586   Cr: 16.8671 )
00000047: 16.0016   (Y': 15.496    Cb: 15.3462   Cr: 17.4667 )
00000048: 15.8999   (Y': 15.3295   Cb: 15.2971   Cr: 17.3827 )
00000051: 15.521    (Y': 14.9736   Cb: 14.8564   Cr: 17.0678 )
00000053: 15.3697   (Y': 15.0304   Cb: 14.5955   Cr: 16.7748 )
00000052: 15.4815   (Y': 15.0175   Cb: 14.7639   Cr: 16.9838 )
00000054: 15.27     (Y': 15.3238   Cb: 14.2722   Cr: 16.4963 )
00000055: 15.1791   (Y': 15.0915   Cb: 14.2719   Cr: 16.4439 )
00000056: 15.2202   (Y': 15.1437   Cb: 14.2714   Cr: 16.5392 )
00000058: 15.2918   (Y': 15.261    Cb: 14.3159   Cr: 16.5941 )
00000057: 15.2712   (Y': 15.2752   Cb: 14.2848   Cr: 16.5443 )
00000059: 15.2626   (Y': 15.246    Cb: 14.3004   Cr: 16.5228 )
00000062: 15.2449   (Y': 15.1123   Cb: 14.3612   Cr: 16.5329 )
00000061: 15.188    (Y': 14.9997   Cb: 14.3313   Cr: 16.5096 )
00000065: 15.4491   (Y': 15.2645   Cb: 14.631    Cr: 16.7025 )
00000064: 15.4136   (Y': 15.2612   Cb: 14.5758   Cr: 16.6543 )
00000063: 15.2932   (Y': 15.2216   Cb: 14.3863   Cr: 16.5359 )
00000066: 15.5443   (Y': 15.4724   Cb: 14.6641   Cr: 16.744  )
00000060: 15.1346   (Y': 14.9997   Cb: 14.2292   Cr: 16.462  )
00000068: 15.5993   (Y': 15.2288   Cb: 14.8758   Cr: 16.9682 )
00000071: 15.7516   (Y': 15.386    Cb: 15.0275   Cr: 17.114  )
00000072: 15.8452   (Y': 15.5482   Cb: 15.0573   Cr: 17.2101 )
00000067: 15.5084   (Y': 15.3603   Cb: 14.6584   Cr: 16.7628 )
00000073: 15.7953   (Y': 15.6112   Cb: 14.9402   Cr: 17.1084 )
00000074: 15.6676   (Y': 15.5214   Cb: 14.7582   Cr: 17.0175 )
00000070: 15.6981   (Y': 15.37     Cb: 14.9454   Cr: 17.0511 )
00000069: 15.6019   (Y': 15.2554   Cb: 14.8687   Cr: 16.9507 )
00000076: 15.6591   (Y': 15.4429   Cb: 14.8025   Cr: 17.0202 )
00000077: 15.6539   (Y': 15.463    Cb: 14.753    Cr: 17.0535 )
00000075: 15.7015   (Y': 15.5532   Cb: 14.8275   Cr: 16.9955 )
00000078: 15.5947   (Y': 15.4546   Cb: 14.6818   Cr: 16.9417 )
00000079: 15.6242   (Y': 15.5538   Cb: 14.6841   Cr: 16.9204 )
00000081: 15.663    (Y': 15.4716   Cb: 14.8296   Cr: 16.9505 )
00000084: 15.6895   (Y': 15.6478   Cb: 14.7965   Cr: 16.8695 )
00000082: 15.6804   (Y': 15.5068   Cb: 14.8342   Cr: 16.9641 )
00000085: 15.6746   (Y': 15.6829   Cb: 14.7915   Cr: 16.7735 )
00000083: 15.685    (Y': 15.5418   Cb: 14.8293   Cr: 16.942  )
00000086: 15.5809   (Y': 15.5281   Cb: 14.7025   Cr: 16.7523 )
00000080: 15.6279   (Y': 15.4644   Cb: 14.784    Cr: 16.8936 )
00000087: 15.5876   (Y': 15.5649   Cb: 14.7163   Cr: 16.7081 )
00000090: 15.6357   (Y': 15.3206   Cb: 14.882    Cr: 16.9715 )
00000091: 15.7721   (Y': 15.4862   Cb: 14.9803   Cr: 17.127  )
00000092: 15.7674   (Y': 15.4617   Cb: 14.9449   Cr: 17.2028 )
00000089: 15.3981   (Y': 15.0558   Cb: 14.7174   Cr: 16.6576 )
00000088: 15.4312   (Y': 15.1756   Cb: 14.7051   Cr: 16.6381 )
00000095: 15.4121   (Y': 15.0013   Cb: 14.6577   Cr: 16.893  )
00000093: 15.7288   (Y': 15.4246   Cb: 14.8992   Cr: 17.1736 )
00000098: 15.164    (Y': 14.5493   Cb: 14.5653   Cr: 16.7123 )
00000094: 15.3947   (Y': 14.9156   Cb: 14.6661   Cr: 16.9392 )
00000096: 15.2912   (Y': 14.9596   Cb: 14.5132   Cr: 16.6909 )
00000097: 15.122    (Y': 14.62     Cb: 14.4397   Cr: 16.6258 )
00000100: 15.119    (Y': 14.2817   Cb: 14.7362   Cr: 16.6978 )
00000099: 15.2034   (Y': 14.527    Cb: 14.6622   Cr: 16.7602 )
00000101: 15.6764   (Y': 15.329    Cb: 15.0483   Cr: 16.8618 )
00000102: 15.8266   (Y': 15.4171   Cb: 15.1979   Cr: 17.1029 )
00000103: 15.842    (Y': 15.3375   Cb: 15.2432   Cr: 17.215  )
00000104: 15.7866   (Y': 15.4195   Cb: 15.1241   Cr: 17.0532 )
00000106: 15.6575   (Y': 15.2019   Cb: 15.077    Cr: 16.928  )
00000105: 15.7815   (Y': 15.353    Cb: 15.1767   Cr: 17.0488 )
00000107: 15.8144   (Y': 15.357    Cb: 15.2233   Cr: 17.104  )
00000109: 15.8867   (Y': 15.6158   Cb: 15.1441   Cr: 17.141  )
00000108: 15.8933   (Y': 15.5634   Cb: 15.1954   Cr: 17.1617 )
00000111: 15.908    (Y': 15.5773   Cb: 15.2093   Cr: 17.1787 )
00000110: 15.8515   (Y': 15.5205   Cb: 15.1323   Cr: 17.1549 )
00000112: 16.0385   (Y': 15.8584   Cb: 15.2582   Cr: 17.2255 )
00000113: 16.0325   (Y': 15.8802   Cb: 15.2596   Cr: 17.1703 )
00000114: 15.9061   (Y': 15.8749   Cb: 15.0921   Cr: 16.9484 )
00000115: 15.8096   (Y': 15.8021   Cb: 14.9572   Cr: 16.8806 )
00000116: 15.5732   (Y': 15.526    Cb: 14.772    Cr: 16.6164 )
00000117: 15.5184   (Y': 15.481    Cb: 14.757    Cr: 16.489  )
00000119: 15.4638   (Y': 15.2345   Cb: 14.8743   Cr: 16.4308 )
00000118: 15.4171   (Y': 15.2423   Cb: 14.8055   Cr: 16.3445 )
00000120: 15.5274   (Y': 15.33     Cb: 14.8653   Cr: 16.5578 )
00000123: 15.3483   (Y': 14.8186   Cb: 14.9496   Cr: 16.4601 )
00000121: 15.5518   (Y': 15.3591   Cb: 14.9153   Cr: 16.5384 )
00000122: 15.4084   (Y': 14.9316   Cb: 14.966    Cr: 16.5056 )
00000124: 15.4074   (Y': 14.863    Cb: 15.0721   Cr: 16.4522 )
00000127: 15.4675   (Y': 14.7823   Cb: 15.2999   Cr: 16.4927 )
00000125: 15.4075   (Y': 14.8187   Cb: 15.1249   Cr: 16.4446 )
00000126: 15.4337   (Y': 14.7511   Cb: 15.2483   Cr: 16.4783 )
00000130: 15.5887   (Y': 15.084    Cb: 15.3107   Cr: 16.5001 )
00000129: 15.4642   (Y': 14.7913   Cb: 15.2847   Cr: 16.4867 )
00000128: 15.4402   (Y': 14.7744   Cb: 15.2673   Cr: 16.4435 )
00000131: 15.5989   (Y': 15.0271   Cb: 15.2947   Cr: 16.6406 )
00000132: 15.657    (Y': 15.2363   Cb: 15.2887   Cr: 16.5733 )
00000134: 15.2954   (Y': 14.8739   Cb: 14.9389   Cr: 16.1972 )
00000135: 15.2443   (Y': 14.7582   Cb: 14.9224   Cr: 16.1883 )
00000133: 15.5889   (Y': 15.1892   Cb: 15.2215   Cr: 16.4756 )
00000140: 15.7386   (Y': 15.5579   Cb: 15.0093   Cr: 16.8474 )
00000137: 15.5606   (Y': 15.4178   Cb: 14.9531   Cr: 16.4415 )
00000136: 15.5023   (Y': 15.1739   Cb: 15.0474   Cr: 16.412  )
00000141: 15.696    (Y': 15.5516   Cb: 14.9287   Cr: 16.8147 )
00000138: 15.7048   (Y': 15.6661   Cb: 14.9842   Cr: 16.6171 )
00000143: 15.8702   (Y': 15.4234   Cb: 15.198    Cr: 17.2714 )
00000142: 15.8361   (Y': 15.4907   Cb: 15.1335   Cr: 17.1342 )
00000139: 15.6965   (Y': 15.6469   Cb: 14.9603   Cr: 16.645  )
00000145: 15.8283   (Y': 15.3638   Cb: 15.1735   Cr: 17.2287 )
00000148: 15.7816   (Y': 15.2517   Cb: 15.2042   Cr: 17.1603 )
00000147: 15.7828   (Y': 15.3129   Cb: 15.111    Cr: 17.2187 )
00000144: 15.8327   (Y': 15.3293   Cb: 15.2024   Cr: 17.2539 )
00000146: 15.776    (Y': 15.4187   Cb: 15.0564   Cr: 17.119  )
00000149: 15.7217   (Y': 15.2304   Cb: 15.0983   Cr: 17.1132 )
00000150: 15.6545   (Y': 15.1866   Cb: 15.0522   Cr: 16.9767 )
00000151: 15.5013   (Y': 15.1491   Cb: 14.8421   Cr: 16.7413 )
00000152: 15.3074   (Y': 14.8886   Cb: 14.7726   Cr: 16.4553 )
00000154: 15.6787   (Y': 15.2732   Cb: 15.146    Cr: 16.8048 )
00000153: 15.4015   (Y': 15.0285   Cb: 14.8782   Cr: 16.4681 )
00000155: 15.7054   (Y': 15.3584   Cb: 15.1414   Cr: 16.7949 )
00000156: 15.7371   (Y': 15.2948   Cb: 15.1722   Cr: 16.964  )
00000157: 15.6335   (Y': 15.366    Cb: 14.9763   Cr: 16.7512 )
00000159: 15.5201   (Y': 15.2063   Cb: 14.872    Cr: 16.6883 )
00000160: 15.6665   (Y': 15.215    Cb: 15.0711   Cr: 16.9535 )
00000158: 15.467    (Y': 15.0998   Cb: 14.8751   Cr: 16.626  )
00000164: 15.7417   (Y': 15.1251   Cb: 15.1731   Cr: 17.2442 )
00000161: 15.7289   (Y': 15.2425   Cb: 15.1594   Cr: 17.0284 )
00000163: 15.8284   (Y': 15.1176   Cb: 15.3655   Cr: 17.3177 )
00000165: 15.7739   (Y': 15.128    Cb: 15.2089   Cr: 17.3183 )
00000162: 15.7607   (Y': 15.03     Cb: 15.3092   Cr: 17.2654 )
00000168: 16.0805   (Y': 15.3762   Cb: 15.5135   Cr: 17.7267 )
00000166: 15.9139   (Y': 15.3431   Cb: 15.3039   Cr: 17.4092 )
00000167: 16.1505   (Y': 15.4971   Cb: 15.5548   Cr: 17.7583 )
00000170: 16.1776   (Y': 15.2905   Cb: 15.7117   Cr: 17.981  )
00000173: 15.7662   (Y': 14.9893   Cb: 15.2884   Cr: 17.3915 )
00000172: 15.8844   (Y': 15.1244   Cb: 15.3789   Cr: 17.5255 )
00000171: 16.2081   (Y': 15.3445   Cb: 15.744    Cr: 17.9654 )
00000169: 16.0926   (Y': 15.4104   Cb: 15.5008   Cr: 17.7425 )
00000174: 15.9693   (Y': 15.3244   Cb: 15.4067   Cr: 17.5082 )
00000175: 15.8856   (Y': 15.2688   Cb: 15.3159   Cr: 17.3898 )
00000177: 15.7795   (Y': 15.2424   Cb: 15.1845   Cr: 17.1968 )
00000179: 15.815    (Y': 15.2394   Cb: 15.1329   Cr: 17.4379 )
00000176: 15.837    (Y': 15.246    Cb: 15.2335   Cr: 17.3542 )
00000178: 15.9199   (Y': 15.3465   Cb: 15.2726   Cr: 17.4807 )
00000182: 16.3072   (Y': 15.5574   Cb: 15.9579   Cr: 17.6872 )
00000183: 16.2277   (Y': 15.527    Cb: 15.7616   Cr: 17.7053 )
00000181: 16.113    (Y': 15.5525   Cb: 15.5443   Cr: 17.5258 )
00000184: 16.0536   (Y': 15.4816   Cb: 15.6425   Cr: 17.2457 )
00000186: 16.3667   (Y': 15.847    Cb: 15.8846   Cr: 17.5847 )
00000180: 15.8759   (Y': 15.4026   Cb: 15.1487   Cr: 17.4088 )
00000185: 16.1096   (Y': 15.5394   Cb: 15.6675   Cr: 17.3442 )
00000187: 16.3447   (Y': 15.8914   Cb: 15.8644   Cr: 17.4626 )
00000188: 16.2519   (Y': 15.6385   Cb: 15.8531   Cr: 17.4892 )
00000191: 16.2056   (Y': 15.4733   Cb: 15.8205   Cr: 17.6108 )
00000189: 16.1442   (Y': 15.4897   Cb: 15.7305   Cr: 17.4672 )
00000190: 16.0439   (Y': 15.3019   Cb: 15.7069   Cr: 17.3928 )
00000192: 16.301    (Y': 15.5962   Cb: 15.936    Cr: 17.6316 )
00000195: 16.0847   (Y': 15.0485   Cb: 16.0026   Cr: 17.5632 )
00000198: 15.9789   (Y': 14.9281   Cb: 15.9463   Cr: 17.4132 )
00000193: 16.3791   (Y': 15.6169   Cb: 16.0346   Cr: 17.772  )
00000197: 16.0621   (Y': 15.1524   Cb: 15.8999   Cr: 17.4351 )
00000196: 16.0182   (Y': 15.0628   Cb: 15.9144   Cr: 17.3863 )
00000194: 16.0525   (Y': 15.0155   Cb: 15.9296   Cr: 17.5917 )
00000199: 16.0889   (Y': 14.9969   Cb: 16.0218   Cr: 17.6467 )
00000200: 16.0438   (Y': 14.8648   Cb: 16.0688   Cr: 17.6311 )
00000202: 16.3402   (Y': 15.1516   Cb: 16.5173   Cr: 17.736  )
00000203: 16.2999   (Y': 15.1476   Cb: 16.4594   Cr: 17.6534 )
00000201: 16.1812   (Y': 15.0926   Cb: 16.196    Cr: 17.6167 )
00000204: 16.2601   (Y': 15.1335   Cb: 16.3621   Cr: 17.6443 )
00000205: 16.3286   (Y': 15.2358   Cb: 16.4249   Cr: 17.6609 )
00000206: 16.3613   (Y': 15.2004   Cb: 16.429    Cr: 17.8548 )
00000207: 16.3402   (Y': 15.1216   Cb: 16.4039   Cr: 17.9475 )
00000208: 16.3953   (Y': 15.1631   Cb: 16.5131   Cr: 17.9522 )
00000210: 16.2028   (Y': 15.0031   Cb: 16.3165   Cr: 17.7046 )
00000209: 16.346    (Y': 15.1347   Cb: 16.4246   Cr: 17.9182 )
00000212: 16.1505   (Y': 14.9757   Cb: 16.2369   Cr: 17.6436 )
00000213: 16.1765   (Y': 14.981    Cb: 16.2929   Cr: 17.6665 )
00000211: 16.1895   (Y': 15.0283   Cb: 16.2881   Cr: 17.6407 )
00000215: 16.2156   (Y': 15.195    Cb: 16.2955   Cr: 17.4461 )
00000217: 16.2832   (Y': 15.1203   Cb: 16.3528   Cr: 17.7775 )
00000216: 16.2036   (Y': 15.0809   Cb: 16.2856   Cr: 17.6078 )
00000219: 16.463    (Y': 15.2384   Cb: 16.4806   Cr: 18.1489 )
00000220: 16.5517   (Y': 15.2868   Cb: 16.5994   Cr: 18.2726 )
00000218: 16.3265   (Y': 15.1932   Cb: 16.3344   Cr: 17.8528 )
00000214: 16.2284   (Y': 15.139    Cb: 16.3152   Cr: 17.5676 )
00000221: 16.5887   (Y': 15.3328   Cb: 16.6156   Cr: 18.3228 )
00000222: 16.6775   (Y': 15.4561   Cb: 16.6516   Cr: 18.4217 )
00000224: 16.7374   (Y': 15.614    Cb: 16.7226   Cr: 18.278  )
00000225: 16.5877   (Y': 15.5705   Cb: 16.4813   Cr: 18.0674 )
00000226: 16.4225   (Y': 15.293    Cb: 16.4296   Cr: 17.9432 )
00000229: 17.2379   (Y': 15.8143   Cb: 17.5785   Cr: 18.8647 )
00000228: 16.5802   (Y': 15.4542   Cb: 16.5464   Cr: 18.153  )
00000223: 16.7332   (Y': 15.5075   Cb: 16.7437   Cr: 18.4315 )
00000227: 16.5517   (Y': 15.3517   Cb: 16.6039   Cr: 18.1399 )
00000230: 17.0289   (Y': 15.7358   Cb: 17.2668   Cr: 18.5381 )
00000231: 17.0205   (Y': 15.802    Cb: 17.2638   Cr: 18.3838 )
00000232: 16.3592   (Y': 15.0086   Cb: 16.6584   Cr: 17.8969 )
00000235: 16.102    (Y': 15.0192   Cb: 16.0633   Cr: 17.6021 )
00000238: 16.2867   (Y': 15.2125   Cb: 16.2246   Cr: 17.805  )
00000236: 16.3706   (Y': 15.3421   Cb: 16.3095   Cr: 17.8058 )
00000239: 16.1692   (Y': 15.0952   Cb: 16.1134   Cr: 17.678  )
00000237: 16.3844   (Y': 15.3121   Cb: 16.3522   Cr: 17.8563 )
00000241: 16.2038   (Y': 15.1744   Cb: 16.0795   Cr: 17.7312 )
00000233: 16.3144   (Y': 15.1051   Cb: 16.4057   Cr: 17.865  )
00000243: 16.2814   (Y': 15.39     Cb: 16.0511   Cr: 17.7218 )
00000240: 16.1605   (Y': 15.0655   Cb: 16.1421   Cr: 17.6541 )
00000234: 16.1002   (Y': 15.0539   Cb: 16.0353   Cr: 17.572  )
00000242: 16.212    (Y': 15.2879   Cb: 16.0266   Cr: 17.6431 )
00000245: 16.6629   (Y': 15.6321   Cb: 16.4231   Cr: 18.3676 )
00000244: 16.5817   (Y': 15.6076   Cb: 16.3574   Cr: 18.1585 )
00000246: 16.7211   (Y': 15.6251   Cb: 16.5574   Cr: 18.4312 )
00000247: 16.7444   (Y': 15.7815   Cb: 16.4889   Cr: 18.3485 )
00000248: 16.8289   (Y': 15.8643   Cb: 16.5059   Cr: 18.5417 )
00000249: 16.8395   (Y': 15.8919   Cb: 16.5038   Cr: 18.5413 )
00000250: 16.9079   (Y': 15.951    Cb: 16.5935   Cr: 18.5926 )
00000252: 17.0634   (Y': 16.2778   Cb: 16.6555   Cr: 18.5924 )
00000251: 16.9227   (Y': 16.0318   Cb: 16.5495   Cr: 18.5813 )
00000253: 17.117    (Y': 16.3373   Cb: 16.7379   Cr: 18.5913 )
00000255: 16.854    (Y': 15.7111   Cb: 16.6895   Cr: 18.6564 )
00000254: 16.8061   (Y': 15.5333   Cb: 16.7441   Cr: 18.71   )
00000256: 17.1196   (Y': 16.4812   Cb: 16.6535   Cr: 18.4961 )
00000258: 16.2416   (Y': 15.0544   Cb: 16.1702   Cr: 17.9872 )
00000257: 16.9773   (Y': 16.4141   Cb: 16.4963   Cr: 18.2591 )
00000259: 16.175    (Y': 14.9048   Cb: 16.1156   Cr: 18.0694 )
00000260: 15.7738   (Y': 14.3402   Cb: 15.8166   Cr: 17.8591 )
00000261: 16.425    (Y': 15.5672   Cb: 16.0873   Cr: 17.9692 )
00000264: 16.7079   (Y': 15.5714   Cb: 16.6326   Cr: 18.3614 )
00000262: 15.9436   (Y': 14.9892   Cb: 15.5443   Cr: 17.7617 )
00000263: 15.969    (Y': 15.263    Cb: 15.3166   Cr: 17.7644 )
00000265: 16.6586   (Y': 15.2966   Cb: 16.8527   Cr: 18.3633 )
00000266: 16.7315   (Y': 15.546    Cb: 16.6958   Cr: 18.4198 )
00000267: 16.7528   (Y': 15.644    Cb: 16.6774   Cr: 18.3544 )
00000268: 16.472    (Y': 15.4122   Cb: 16.3408   Cr: 18.0651 )
00000269: 16.5938   (Y': 15.4656   Cb: 16.5155   Cr: 18.2361 )
00000271: 16.3086   (Y': 15.0862   Cb: 16.0701   Cr: 18.3954 )
00000270: 16.4183   (Y': 15.2465   Cb: 16.223    Cr: 18.3275 )
00000272: 16.3769   (Y': 15.1721   Cb: 16.1858   Cr: 18.3471 )
00000274: 16.5057   (Y': 15.2855   Cb: 16.5848   Cr: 18.0944 )
00000273: 16.655    (Y': 15.3045   Cb: 16.7361   Cr: 18.5009 )
00000275: 16.4446   (Y': 15.3934   Cb: 16.3754   Cr: 17.9313 )
00000276: 16.4335   (Y': 15.565    Cb: 16.2921   Cr: 17.709  )
00000277: 16.4332   (Y': 15.5048   Cb: 16.3297   Cr: 17.7553 )
00000278: 16.2785   (Y': 15.3142   Cb: 16.2805   Cr: 17.5171 )
00000279: 16.0866   (Y': 15.2407   Cb: 15.9929   Cr: 17.2608 )
00000280: 15.9718   (Y': 15.3982   Cb: 15.6379   Cr: 17.0571 )
00000281: 15.9627   (Y': 15.4502   Cb: 15.5978   Cr: 17.0023 )
00000283: 15.8187   (Y': 15.6829   Cb: 15.1659   Cr: 16.7553 )
00000282: 15.8951   (Y': 15.6326   Cb: 15.3142   Cr: 16.8938 )
00000284: 15.7236   (Y': 15.8295   Cb: 14.8796   Cr: 16.6411 )
00000285: 15.654    (Y': 15.8248   Cb: 14.7861   Cr: 16.5298 )
00000286: 15.3252   (Y': 15.6978   Cb: 14.3336   Cr: 16.1569 )
00000287: 15.1838   (Y': 15.6534   Cb: 14.1253   Cr: 16.0116 )
00000288: 14.901    (Y': 15.5476   Cb: 13.7109   Cr: 15.7464 )
00000289: 14.8257   (Y': 15.5411   Cb: 13.6308   Cr: 15.6081 )
00000291: 14.6299   (Y': 15.4464   Cb: 13.3673   Cr: 15.4183 )
00000290: 14.6786   (Y': 15.4802   Cb: 13.4126   Cr: 15.4874 )
00000292: 14.5279   (Y': 15.3878   Cb: 13.2433   Cr: 15.3086 )
00000293: 14.484    (Y': 15.3334   Cb: 13.1966   Cr: 15.2797 )
00000294: 14.4079   (Y': 15.2761   Cb: 13.1076   Cr: 15.2061 )
00000295: 14.4131   (Y': 15.2247   Cb: 13.1321   Cr: 15.2361 )
00000296: 14.4538   (Y': 15.2179   Cb: 13.1988   Cr: 15.2827 )
00000297: 14.4757   (Y': 15.2271   Cb: 13.2196   Cr: 15.319  )
00000298: 14.4724   (Y': 15.2602   Cb: 13.1885   Cr: 15.324  )
00000299: 14.4806   (Y': 15.2571   Cb: 13.2102   Cr: 15.3218 )
00000301: 14.5408   (Y': 15.2842   Cb: 13.3137   Cr: 15.3458 )
00000300: 14.5215   (Y': 15.3068   Cb: 13.2602   Cr: 15.3391 )
00000302: 14.4953   (Y': 15.2435   Cb: 13.2633   Cr: 15.3033 )
00000303: 14.4649   (Y': 15.2076   Cb: 13.2415   Cr: 15.2645 )
00000304: 14.4193   (Y': 15.1478   Cb: 13.1978   Cr: 15.2303 )
00000305: 14.4127   (Y': 15.1225   Cb: 13.2121   Cr: 15.2098 )
00000307: 14.4778   (Y': 15.1876   Cb: 13.2943   Cr: 15.2477 )
00000306: 14.3872   (Y': 15.1173   Cb: 13.1749   Cr: 15.1821 )
00000308: 14.5026   (Y': 15.2377   Cb: 13.31     Cr: 15.2615 )
00000309: 14.643    (Y': 15.3631   Cb: 13.5016   Cr: 15.3375 )
00000310: 14.7107   (Y': 15.4315   Cb: 13.5989   Cr: 15.3596 )
00000311: 14.846    (Y': 15.5874   Cb: 13.7642   Cr: 15.4304 )
00000313: 15.0565   (Y': 15.6976   Cb: 14.0856   Cr: 15.5786 )
00000314: 15.1028   (Y': 15.6846   Cb: 14.168    Cr: 15.6323 )
00000312: 14.901    (Y': 15.5985   Cb: 13.8658   Cr: 15.46   )
00000315: 15.1812   (Y': 15.6711   Cb: 14.2946   Cr: 15.7356 )
00000316: 15.2375   (Y': 15.6928   Cb: 14.3938   Cr: 15.7676 )
00000318: 15.3984   (Y': 15.7295   Cb: 14.6511   Cr: 15.9257 )
00000317: 15.3484   (Y': 15.6888   Cb: 14.5928   Cr: 15.8771 )
00000320: 15.5405   (Y': 15.6968   Cb: 14.9468   Cr: 16.0522 )
00000319: 15.4966   (Y': 15.701    Cb: 14.865    Cr: 16.0054 )
00000321: 15.5564   (Y': 15.6818   Cb: 14.9927   Cr: 16.0631 )
00000322: 15.5794   (Y': 15.6682   Cb: 15.084    Cr: 16.0396 )
00000323: 15.6003   (Y': 15.7099   Cb: 15.0977   Cr: 16.0471 )
00000325: 15.6533   (Y': 15.6787   Cb: 15.1994   Cr: 16.1319 )
00000324: 15.6287   (Y': 15.6855   Cb: 15.1656   Cr: 16.0841 )
00000327: 15.7039   (Y': 15.6664   Cb: 15.2716   Cr: 16.2264 )
00000326: 15.6574   (Y': 15.6768   Cb: 15.2132   Cr: 16.1307 )
00000328: 15.713    (Y': 15.6589   Cb: 15.2722   Cr: 16.2648 )
00000329: 15.6728   (Y': 15.5496   Cb: 15.2492   Cr: 16.2838 )
00000332: 15.706    (Y': 15.5566   Cb: 15.2993   Cr: 16.3266 )
00000330: 15.6773   (Y': 15.5551   Cb: 15.2568   Cr: 16.2831 )
00000333: 15.6978   (Y': 15.5502   Cb: 15.2917   Cr: 16.3154 )
00000331: 15.6927   (Y': 15.5784   Cb: 15.2562   Cr: 16.3094 )
00000339: 15.5968   (Y': 15.4697   Cb: 15.2249   Cr: 16.1477 )
00000334: 15.6996   (Y': 15.5304   Cb: 15.3205   Cr: 16.309  )
00000335: 15.6601   (Y': 15.4215   Cb: 15.3294   Cr: 16.293  )
00000341: 15.6729   (Y': 15.5526   Cb: 15.3085   Cr: 16.2066 )
00000337: 15.5673   (Y': 15.3619   Cb: 15.2296   Cr: 16.1685 )
00000338: 15.5893   (Y': 15.3915   Cb: 15.2434   Cr: 16.1917 )
00000340: 15.6051   (Y': 15.4696   Cb: 15.2612   Cr: 16.1315 )
00000336: 15.5949   (Y': 15.3479   Cb: 15.2603   Cr: 16.2429 )
00000342: 15.7045   (Y': 15.6015   Cb: 15.3461   Cr: 16.2106 )
00000343: 15.716    (Y': 15.5667   Cb: 15.4116   Cr: 16.2101 )
00000344: 15.6811   (Y': 15.5644   Cb: 15.3529   Cr: 16.1665 )
00000346: 15.6777   (Y': 15.5866   Cb: 15.375    Cr: 16.1033 )
00000347: 15.6286   (Y': 15.6539   Cb: 15.3007   Cr: 15.9562 )
00000349: 15.4468   (Y': 15.7033   Cb: 15.0089   Cr: 15.6639 )
00000345: 15.6887   (Y': 15.5837   Cb: 15.3868   Cr: 16.1292 )
00000350: 15.3927   (Y': 15.7479   Cb: 14.9142   Cr: 15.5607 )
00000351: 15.2896   (Y': 15.7171   Cb: 14.7861   Cr: 15.4181 )
00000348: 15.5671   (Y': 15.6799   Cb: 15.2014   Cr: 15.846  )
00000352: 15.1824   (Y': 15.6151   Cb: 14.69     Cr: 15.2935 )
00000353: 15.0093   (Y': 15.4855   Cb: 14.4699   Cr: 15.1342 )
00000356: 14.6173   (Y': 15.1684   Cb: 14.0707   Cr: 14.6829 )
00000355: 14.6875   (Y': 15.1922   Cb: 14.1471   Cr: 14.7875 )
00000354: 14.9168   (Y': 15.4097   Cb: 14.3693   Cr: 15.0359 )
00000357: 14.4517   (Y': 15.0731   Cb: 13.8639   Cr: 14.5024 )
00000358: 14.3433   (Y': 15.0038   Cb: 13.7431   Cr: 14.3743 )
00000360: 14.1499   (Y': 14.884    Cb: 13.4949   Cr: 14.1817 )
00000361: 14.0555   (Y': 14.7957   Cb: 13.4246   Cr: 14.054  )
00000362: 13.997    (Y': 14.7701   Cb: 13.3474   Cr: 13.9895 )
00000363: 13.864    (Y': 14.6561   Cb: 13.1869   Cr: 13.8726 )
00000359: 14.2303   (Y': 14.9504   Cb: 13.5953   Cr: 14.2506 )
00000364: 13.8353   (Y': 14.6347   Cb: 13.1546   Cr: 13.842  )
00000368: 13.9462   (Y': 14.6589   Cb: 13.2916   Cr: 13.9957 )
00000366: 13.8754   (Y': 14.6327   Cb: 13.2143   Cr: 13.8947 )
00000365: 13.8589   (Y': 14.6262   Cb: 13.1936   Cr: 13.8747 )
00000369: 14.0167   (Y': 14.661    Cb: 13.402    Cr: 14.0786 )
00000367: 13.9086   (Y': 14.636    Cb: 13.2458   Cr: 13.9551 )
00000370: 14.072    (Y': 14.7105   Cb: 13.4649   Cr: 14.1302 )
00000371: 14.2134   (Y': 14.811    Cb: 13.6213   Cr: 14.29   )
00000373: 14.5395   (Y': 15.0103   Cb: 14.0162   Cr: 14.6509 )
00000372: 14.2874   (Y': 14.8638   Cb: 13.7126   Cr: 14.3631 )
00000375: 14.8898   (Y': 15.2154   Cb: 14.4028   Cr: 15.0965 )
00000374: 14.6721   (Y': 15.0912   Cb: 14.1736   Cr: 14.8028 )
00000377: 15.186    (Y': 15.3603   Cb: 14.7817   Cr: 15.4467 )
00000378: 15.3018   (Y': 15.3942   Cb: 14.9492   Cr: 15.5869 )
00000379: 15.5079   (Y': 15.4427   Cb: 15.2199   Cr: 15.8875 )
00000376: 14.9762   (Y': 15.2782   Cb: 14.5045   Cr: 15.188  )
00000380: 15.5911   (Y': 15.414    Cb: 15.3144   Cr: 16.0844 )
00000381: 15.7793   (Y': 15.4206   Cb: 15.6026   Cr: 16.3724 )
00000383: 16.0144   (Y': 15.5074   Cb: 15.9253   Cr: 16.6925 )
00000386: 16.1949   (Y': 15.5164   Cb: 16.2252   Cr: 16.9633 )
00000384: 16.0645   (Y': 15.4899   Cb: 16.0175   Cr: 16.7822 )
00000382: 15.8806   (Y': 15.4405   Cb: 15.7604   Cr: 16.509  )
00000390: 16.4486   (Y': 15.7115   Cb: 16.4622   Cr: 17.3204 )
00000385: 16.1459   (Y': 15.4603   Cb: 16.1856   Cr: 16.9128 )
00000387: 16.2616   (Y': 15.4747   Cb: 16.3464   Cr: 17.1198 )
00000389: 16.394    (Y': 15.596    Cb: 16.44     Cr: 17.3154 )
00000388: 16.2938   (Y': 15.4893   Cb: 16.3732   Cr: 17.1843 )
00000391: 16.5277   (Y': 15.9195   Cb: 16.4696   Cr: 17.3046 )
00000393: 16.5935   (Y': 16.1437   Cb: 16.5133   Cr: 17.1872 )
00000392: 16.5477   (Y': 15.9718   Cb: 16.4956   Cr: 17.2733 )
00000394: 16.6072   (Y': 16.2353   Cb: 16.4451   Cr: 17.1992 )
00000396: 16.5599   (Y': 16.1258   Cb: 16.3932   Cr: 17.2364 )
00000397: 16.5861   (Y': 16.1584   Cb: 16.3332   Cr: 17.3612 )
00000399: 16.7023   (Y': 16.2083   Cb: 16.4552   Cr: 17.5589 )
00000395: 16.5889   (Y': 16.1383   Cb: 16.445    Cr: 17.2592 )
00000398: 16.6179   (Y': 16.1444   Cb: 16.398    Cr: 17.412  )
00000400: 16.6579   (Y': 16.1705   Cb: 16.3573   Cr: 17.5755 )
00000401: 16.6319   (Y': 16.0343   Cb: 16.3198   Cr: 17.7224 )
00000404: 16.5331   (Y': 16.0711   Cb: 15.9708   Cr: 17.7851 )
00000402: 16.6109   (Y': 16.0252   Cb: 16.2896   Cr: 17.6964 )
00000403: 16.5478   (Y': 16.0464   Cb: 16.0577   Cr: 17.7502 )
00000405: 16.4294   (Y': 16.0089   Cb: 15.8053   Cr: 17.7148 )
00000407: 16.1654   (Y': 15.8624   Cb: 15.4225   Cr: 17.4662 )
00000406: 16.3606   (Y': 15.9647   Cb: 15.7143   Cr: 17.6442 )
00000408: 16.0087   (Y': 15.7056   Cb: 15.2615   Cr: 17.3166 )
00000409: 15.8569   (Y': 15.5691   Cb: 15.0972   Cr: 17.1626 )
00000411: 15.7361   (Y': 15.3233   Cb: 15.0124   Cr: 17.169  )
00000410: 15.8249   (Y': 15.4499   Cb: 15.0678   Cr: 17.2556 )
00000412: 15.7122   (Y': 15.283    Cb: 15.0088   Cr: 17.1371 )
00000414: 15.6509   (Y': 15.1725   Cb: 15.016    Cr: 17.0408 )
00000413: 15.6868   (Y': 15.2519   Cb: 15.0603   Cr: 16.9974 )
00000416: 15.7132   (Y': 15.1622   Cb: 15.0963   Cr: 17.1878 )
00000415: 15.6951   (Y': 15.1667   Cb: 15.07     Cr: 17.1471 )
00000417: 15.7019   (Y': 15.0371   Cb: 15.1689   Cr: 17.2258 )
00000418: 15.7786   (Y': 15.0512   Cb: 15.3433   Cr: 17.2526 )
00000419: 15.676    (Y': 15.0876   Cb: 15.1739   Cr: 17.0286 )
00000420: 15.839    (Y': 15.2162   Cb: 15.3888   Cr: 17.167  )
00000421: 15.819    (Y': 15.2587   Cb: 15.4292   Cr: 16.9635 )
00000422: 15.9948   (Y': 15.4629   Cb: 15.5127   Cr: 17.2307 )
00000423: 15.9204   (Y': 15.5583   Cb: 15.3996   Cr: 16.968  )
00000426: 16.0453   (Y': 15.3817   Cb: 15.9034   Cr: 17.0053 )
00000424: 15.6879   (Y': 15.2395   Cb: 15.1072   Cr: 16.9479 )
00000427: 16.1402   (Y': 15.3572   Cb: 16.1563   Cr: 17.0762 )
00000425: 15.4564   (Y': 15.0228   Cb: 14.974    Cr: 16.5493 )
00000428: 16.3603   (Y': 15.4646   Cb: 16.4653   Cr: 17.3577 )
00000429: 15.825    (Y': 14.8734   Cb: 15.821    Cr: 17.0507 )
00000432: 15.7727   (Y': 14.6867   Cb: 15.797    Cr: 17.1906 )
00000433: 15.6586   (Y': 14.5974   Cb: 15.5808   Cr: 17.176  )
00000430: 15.9105   (Y': 14.9105   Cb: 15.932    Cr: 17.183  )
00000434: 15.6349   (Y': 14.6167   Cb: 15.4908   Cr: 17.1714 )
00000431: 15.8917   (Y': 14.7834   Cb: 15.9651   Cr: 17.2821 )
00000436: 15.5988   (Y': 14.6283   Cb: 15.3519   Cr: 17.2036 )
00000435: 15.5842   (Y': 14.6062   Cb: 15.3525   Cr: 17.1791 )
00000437: 15.6801   (Y': 14.7389   Cb: 15.5385   Cr: 17.0776 )
00000438: 15.8197   (Y': 14.8287   Cb: 15.7428   Cr: 17.2116 )
00000439: 15.7131   (Y': 14.8295   Cb: 15.6097   Cr: 16.9608 )
00000442: 16.1597   (Y': 15.1402   Cb: 16.1029   Cr: 17.5729 )
00000440: 15.8991   (Y': 14.9923   Cb: 15.8212   Cr: 17.1504 )
00000441: 16.2194   (Y': 15.2066   Cb: 16.1966   Cr: 17.5736 )
00000444: 15.8083   (Y': 15.1057   Cb: 15.5282   Cr: 17.0129 )
00000445: 15.5476   (Y': 15.0235   Cb: 15.0911   Cr: 16.7345 )
00000443: 15.8867   (Y': 15.099    Cb: 15.6605   Cr: 17.1495 )
00000446: 15.4758   (Y': 14.968    Cb: 15.0088   Cr: 16.6538 )
00000447: 15.3338   (Y': 14.8336   Cb: 14.8958   Cr: 16.4588 )
00000448: 15.1956   (Y': 14.7133   Cb: 14.7388   Cr: 16.3216 )
00000449: 15.0854   (Y': 14.6569   Cb: 14.691    Cr: 16.0477 )
00000450: 15.2455   (Y': 14.686    Cb: 14.9668   Cr: 16.2352 )
00000452: 15.7503   (Y': 15.139    Cb: 15.6393   Cr: 16.5964 )
00000451: 15.4995   (Y': 14.9021   Cb: 15.3283   Cr: 16.4024 )
00000454: 15.8971   (Y': 15.2456   Cb: 15.807    Cr: 16.7737 )
00000453: 15.8893   (Y': 15.3156   Cb: 15.762    Cr: 16.7036 )
00000455: 15.9103   (Y': 15.205    Cb: 15.8593   Cr: 16.8156 )
00000457: 15.7557   (Y': 14.9743   Cb: 15.6665   Cr: 16.8229 )
00000456: 15.9063   (Y': 15.1314   Cb: 15.8493   Cr: 16.9222 )
00000458: 15.6683   (Y': 14.9106   Cb: 15.5566   Cr: 16.729  )
00000459: 15.6107   (Y': 14.9174   Cb: 15.4628   Cr: 16.6219 )
00000460: 15.5216   (Y': 14.8351   Cb: 15.3875   Cr: 16.5047 )
00000462: 15.3042   (Y': 14.6978   Cb: 15.0868   Cr: 16.2797 )
00000463: 15.1342   (Y': 14.6883   Cb: 14.7766   Cr: 16.0707 )
00000461: 15.4384   (Y': 14.8067   Cb: 15.2528   Cr: 16.4087 )
00000464: 15.0326   (Y': 14.6735   Cb: 14.6206   Cr: 15.9247 )
00000465: 14.8677   (Y': 14.7523   Cb: 14.3186   Cr: 15.6338 )
00000468: 14.2525   (Y': 14.7077   Cb: 13.357    Cr: 14.8546 )
00000466: 14.7572   (Y': 14.7551   Cb: 14.1311   Cr: 15.4914 )
00000467: 14.569    (Y': 14.7447   Cb: 13.857    Cr: 15.2165 )
00000469: 15.2085   (Y': 15.5022   Cb: 14.4812   Cr: 15.7484 )
00000470: 15.3031   (Y': 15.604    Cb: 14.5146   Cr: 15.9188 )
00000471: 14.2874   (Y': 15.1575   Cb: 13.1879   Cr: 14.7765 )
00000473: 14.085    (Y': 14.9615   Cb: 13.0066   Cr: 14.5382 )
00000472: 14.1225   (Y': 15.0679   Cb: 12.9977   Cr: 14.5802 )
00000474: 14.1031   (Y': 14.9698   Cb: 13.0358   Cr: 14.5496 )
00000475: 14.0506   (Y': 15.0061   Cb: 12.9418   Cr: 14.4762 )
00000476: 13.9476   (Y': 14.9417   Cb: 12.821    Cr: 14.3646 )
00000477: 13.9218   (Y': 14.8816   Cb: 12.8222   Cr: 14.3306 )
00000478: 13.9017   (Y': 14.8505   Cb: 12.814    Cr: 14.3036 )
00000480: 13.8717   (Y': 14.8467   Cb: 12.7867   Cr: 14.2467 )
00000481: 14.1618   (Y': 15.041    Cb: 13.1655   Cr: 14.4985 )
00000479: 13.8398   (Y': 14.8325   Cb: 12.7292   Cr: 14.2354 )
00000484: 14.1488   (Y': 14.7554   Cb: 13.2922   Cr: 14.5473 )
00000483: 14.207    (Y': 14.8466   Cb: 13.3369   Cr: 14.5921 )
00000482: 14.2447   (Y': 15.068    Cb: 13.2834   Cr: 14.5835 )
00000485: 14.2382   (Y': 14.7993   Cb: 13.401    Cr: 14.6544 )
00000486: 14.26     (Y': 14.7764   Cb: 13.4641   Cr: 14.6649 )
00000487: 14.3069   (Y': 14.7939   Cb: 13.4846   Cr: 14.7761 )
00000488: 14.2971   (Y': 14.7766   Cb: 13.46     Cr: 14.7939 )
00000489: 14.2747   (Y': 14.7126   Cb: 13.4526   Cr: 14.7929 )
00000490: 14.3046   (Y': 14.689    Cb: 13.5142   Cr: 14.8347 )
00000491: 14.4696   (Y': 14.7227   Cb: 13.7452   Cr: 15.0489 )
00000493: 14.7195   (Y': 14.8924   Cb: 14.0589   Cr: 15.3008 )
00000494: 14.7724   (Y': 14.9353   Cb: 14.123    Cr: 15.3498 )
00000492: 14.5377   (Y': 14.77     Cb: 13.8091   Cr: 15.1455 )
00000495: 14.8448   (Y': 14.9857   Cb: 14.2075   Cr: 15.4305 )
00000496: 14.8818   (Y': 14.9691   Cb: 14.2671   Cr: 15.4974 )
00000497: 14.9271   (Y': 14.9669   Cb: 14.3267   Cr: 15.5777 )
00000498: 14.956    (Y': 14.9544   Cb: 14.3769   Cr: 15.6261 )
00000500: 15.0246   (Y': 14.9195   Cb: 14.473    Cr: 15.7816 )
00000499: 14.985    (Y': 14.9249   Cb: 14.4224   Cr: 15.7023 )
00000503: 15.185    (Y': 14.9225   Cb: 14.6774   Cr: 16.0804 )
00000501: 15.0653   (Y': 14.8985   Cb: 14.5351   Cr: 15.8691 )
00000502: 15.0982   (Y': 14.9158   Cb: 14.569    Cr: 15.9202 )
00000504: 15.209    (Y': 14.944    Cb: 14.7149   Cr: 16.089  )
00000506: 15.3786   (Y': 15.039    Cb: 14.9577   Cr: 16.257  )
00000505: 15.3711   (Y': 15.0394   Cb: 14.9264   Cr: 16.2711 )
00000507: 15.4373   (Y': 15.0659   Cb: 15.0489   Cr: 16.3141 )
00000508: 15.4785   (Y': 15.0794   Cb: 15.1037   Cr: 16.3741 )
00000510: 15.5863   (Y': 15.0868   Cb: 15.2995   Cr: 16.5022 )
00000509: 15.561    (Y': 15.1018   Cb: 15.2302   Cr: 16.4797 )
00000511: 15.6924   (Y': 15.1663   Cb: 15.442    Cr: 16.5974 )
00000513: 15.7471   (Y': 15.1746   Cb: 15.5402   Cr: 16.6605 )
00000512: 15.7069   (Y': 15.1583   Cb: 15.4697   Cr: 16.6264 )
00000515: 15.7763   (Y': 15.1473   Cb: 15.6219   Cr: 16.7026 )
00000516: 15.7727   (Y': 15.1174   Cb: 15.6638   Cr: 16.6784 )
00000514: 15.7584   (Y': 15.1605   Cb: 15.5638   Cr: 16.6921 )
00000517: 15.7744   (Y': 15.0289   Cb: 15.7465   Cr: 16.7095 )
00000518: 15.7611   (Y': 15.0028   Cb: 15.7637   Cr: 16.6773 )
00000519: 15.8097   (Y': 14.9699   Cb: 15.8692   Cr: 16.7773 )
00000520: 15.7912   (Y': 14.9448   Cb: 15.8297   Cr: 16.795  )
00000523: 15.8755   (Y': 14.8889   Cb: 16.0031   Cr: 16.9886 )
00000524: 15.8498   (Y': 14.8938   Cb: 15.9276   Cr: 16.9762 )
00000522: 15.8943   (Y': 14.9      Cb: 16.0239   Cr: 17.0176 )
00000521: 15.8987   (Y': 14.9578   Cb: 16.0102   Cr: 16.9586 )
00000525: 15.8563   (Y': 14.8703   Cb: 15.9183   Cr: 17.0522 )
00000526: 15.8559   (Y': 14.8862   Cb: 15.9096   Cr: 17.0357 )
00000528: 15.9264   (Y': 14.9273   Cb: 15.9503   Cr: 17.1943 )
00000529: 15.9692   (Y': 14.9518   Cb: 15.9788   Cr: 17.2875 )
00000532: 16.1145   (Y': 14.9858   Cb: 16.2212   Cr: 17.4962 )
00000527: 15.8805   (Y': 14.8919   Cb: 15.8949   Cr: 17.1433 )
00000530: 16.0308   (Y': 14.9978   Cb: 16.0687   Cr: 17.3377 )
00000531: 16.0735   (Y': 14.9847   Cb: 16.1531   Cr: 17.4212 )
00000533: 16.1668   (Y': 14.9959   Cb: 16.303    Cr: 17.5848 )
00000534: 16.2207   (Y': 15.0219   Cb: 16.373    Cr: 17.6683 )
00000535: 16.2948   (Y': 15.0718   Cb: 16.472    Cr: 17.7532 )
00000536: 16.3395   (Y': 15.0943   Cb: 16.5135   Cr: 17.8441 )
00000538: 16.4673   (Y': 15.1779   Cb: 16.6612   Cr: 18.0288 )
00000542: 16.7727   (Y': 15.2982   Cb: 17.0955   Cr: 18.5291 )
00000537: 16.4108   (Y': 15.1178   Cb: 16.6257   Cr: 17.9508 )
00000541: 16.7255   (Y': 15.281    Cb: 17.0381   Cr: 18.4337 )
00000539: 16.5515   (Y': 15.216    Cb: 16.7967   Cr: 18.1328 )
00000540: 16.6054   (Y': 15.2401   Cb: 16.8618   Cr: 18.2299 )
00000553: 17.2583   (Y': 15.9206   Cb: 17.6763   Cr: 18.6191 )
00000543: 16.9272   (Y': 15.4372   Cb: 17.2337   Cr: 18.7394 )
00000545: 17.0996   (Y': 15.606    Cb: 17.4346   Cr: 18.8795 )
00000546: 17.2063   (Y': 15.721    Cb: 17.5282   Cr: 18.9868 )
00000544: 17.0242   (Y': 15.5124   Cb: 17.3741   Cr: 18.8218 )
00000547: 17.3856   (Y': 15.9232   Cb: 17.7318   Cr: 19.0846 )
00000548: 17.3467   (Y': 15.9321   Cb: 17.6716   Cr: 18.9767 )
00000549: 17.3244   (Y': 15.9434   Cb: 17.6731   Cr: 18.8561 )
00000550: 17.3007   (Y': 15.9225   Cb: 17.6741   Cr: 18.7948 )
00000551: 17.168    (Y': 15.8203   Cb: 17.5371   Cr: 18.609  )
00000552: 17.1782   (Y': 15.8104   Cb: 17.5988   Cr: 18.5924 )
00000555: 17.1697   (Y': 16.0043   Cb: 17.4596   Cr: 18.3799 )
00000556: 17.137    (Y': 16.0695   Cb: 17.28     Cr: 18.3649 )
00000557: 16.8705   (Y': 15.8439   Cb: 16.9271   Cr: 18.1416 )
00000554: 17.2285   (Y': 15.8872   Cb: 17.6478   Cr: 18.5944 )
00000573: 15.5519   (Y': 15.0417   Cb: 15.0183   Cr: 16.8326 )
00000558: 16.7708   (Y': 15.7152   Cb: 16.8542   Cr: 18.0559 )
00000562: 16.5889   (Y': 15.716    Cb: 16.3552   Cr: 18.0028 )
00000561: 16.5982   (Y': 15.6681   Cb: 16.4256   Cr: 18.0213 )
00000560: 16.5818   (Y': 15.5924   Cb: 16.5118   Cr: 17.961  )
00000559: 16.6117   (Y': 15.6085   Cb: 16.5573   Cr: 17.993  )
00000570: 15.3753   (Y': 14.6368   Cb: 14.9439   Cr: 16.8614 )
00000564: 16.2973   (Y': 15.493    Cb: 15.9561   Cr: 17.7554 )
00000563: 16.4216   (Y': 15.5903   Cb: 16.1004   Cr: 17.8953 )
00000565: 16.0803   (Y': 15.2661   Cb: 15.6711   Cr: 17.6606 )
00000575: 15.5268   (Y': 15.0325   Cb: 15.0179   Cr: 16.7466 )
00000567: 15.6343   (Y': 14.8229   Cb: 15.2022   Cr: 17.246  )
00000568: 16.1672   (Y': 15.3877   Cb: 15.7968   Cr: 17.6282 )
00000571: 15.484    (Y': 14.8865   Cb: 14.9948   Cr: 16.8314 )
00000572: 15.44     (Y': 14.8853   Cb: 14.917    Cr: 16.7728 )
00000566: 15.9323   (Y': 14.8993   Cb: 15.5835   Cr: 17.818  )
00000569: 15.5207   (Y': 14.7036   Cb: 15.1473   Cr: 17.0498 )
00000574: 15.5503   (Y': 15.0473   Cb: 15.0377   Cr: 16.7885 )
00000577: 15.6144   (Y': 15.0595   Cb: 15.1737   Cr: 16.824  )
00000582: 15.8666   (Y': 14.998    Cb: 15.7171   Cr: 17.1535 )
00000578: 15.6402   (Y': 15.0627   Cb: 15.2034   Cr: 16.8782 )
00000579: 15.7612   (Y': 15.1122   Cb: 15.4203   Cr: 16.9694 )
00000581: 15.8473   (Y': 15.0172   Cb: 15.646    Cr: 17.1435 )
00000580: 15.7774   (Y': 15.0662   Cb: 15.5026   Cr: 16.9878 )
00000583: 16.0029   (Y': 15.0525   Cb: 15.9466   Cr: 17.297  )
00000576: 15.5563   (Y': 15.0451   Cb: 15.0715   Cr: 16.7652 )
00000584: 16.0661   (Y': 15.0754   Cb: 16.0494   Cr: 17.3743 )
00000585: 16.2553   (Y': 15.2057   Cb: 16.3274   Cr: 17.5449 )
Total: 15.6238   (Y': 15.26     Cb: 15.1028   Cr: 16.6744 )
