00000000: 11.4863   (Y': 9.13851   Cb: 12.6043   Cr: 14.4109 )
00000001: 11.5162   (Y': 9.16452   Cb: 12.7225   Cr: 14.3234 )
00000002: 11.5365   (Y': 9.23255   Cb: 12.7411   Cr: 14.193  )
00000003: 11.4205   (Y': 9.06037   Cb: 12.7103   Cr: 14.1365 )
00000004: 11.4339   (Y': 9.08232   Cb: 12.6058   Cr: 14.2912 )
00000005: 11.7819   (Y': 9.49257   Cb: 12.8843   Cr: 14.5381 )
00000006: 11.8534   (Y': 9.57553   Cb: 12.9338   Cr: 14.6054 )
00000007: 11.6294   (Y': 9.31367   Cb: 12.7217   Cr: 14.4863 )
00000008: 11.5308   (Y': 9.21395   Cb: 12.6029   Cr: 14.422  )
00000009: 11.5153   (Y': 9.1698    Cb: 12.6909   Cr: 14.3466 )
00000010: 11.4725   (Y': 9.18397   Cb: 12.635    Cr: 14.1399 )
00000011: 11.5265   (Y': 9.18604   Cb: 12.764    Cr: 14.2527 )
00000013: 11.2453   (Y': 8.93862   Cb: 12.606    Cr: 13.7008 )
00000014: 11.1659   (Y': 8.8559    Cb: 12.5702   Cr: 13.5761 )
00000012: 11.6101   (Y': 9.22356   Cb: 12.8862   Cr: 14.4318 )
00000015: 11.5551   (Y': 9.17271   Cb: 13.0165   Cr: 14.1123 )
00000016: 11.3117   (Y': 8.92003   Cb: 12.7512   Cr: 13.9267 )
00000017: 11.5123   (Y': 9.16071   Cb: 12.8646   Cr: 14.1163 )
00000018: 11.5271   (Y': 9.18069   Cb: 12.8939   Cr: 14.0958 )
00000019: 11.366    (Y': 8.982     Cb: 12.7611   Cr: 14.0156 )
00000020: 11.4086   (Y': 9.02507   Cb: 12.7838   Cr: 14.0832 )
00000021: 11.568    (Y': 9.23668   Cb: 12.9056   Cr: 14.1289 )
00000022: 11.4534   (Y': 9.1296    Cb: 12.8129   Cr: 13.9623 )
00000025: 11.6268   (Y': 9.29574   Cb: 13.008    Cr: 14.1293 )
00000024: 11.3873   (Y': 9.04563   Cb: 12.844    Cr: 13.8259 )
00000023: 11.3288   (Y': 9.048     Cb: 12.7527   Cr: 13.629  )
00000027: 11.6043   (Y': 9.26228   Cb: 12.9532   Cr: 14.1832 )
00000026: 11.6584   (Y': 9.3226    Cb: 13.0444   Cr: 14.1693 )
00000029: 11.4705   (Y': 9.17591   Cb: 12.8193   Cr: 13.9055 )
00000028: 11.6514   (Y': 9.3123    Cb: 13.0309   Cr: 14.1807 )
00000030: 11.411    (Y': 9.13042   Cb: 12.8275   Cr: 13.7197 )
00000031: 11.6396   (Y': 9.3952    Cb: 13.1429   Cr: 13.744  )
00000032: 11.6613   (Y': 9.30771   Cb: 13.2388   Cr: 13.9877 )
00000034: 11.6207   (Y': 9.30725   Cb: 13.284    Cr: 13.7342 )
00000035: 11.7194   (Y': 9.3965    Cb: 13.3593   Cr: 13.8854 )
00000033: 11.5341   (Y': 9.21998   Cb: 13.163    Cr: 13.688  )
00000037: 11.5358   (Y': 9.18589   Cb: 13.2071   Cr: 13.743  )
00000036: 11.7944   (Y': 9.43384   Cb: 13.424    Cr: 14.0804 )
00000038: 11.573    (Y': 9.23381   Cb: 13.2433   Cr: 13.7508 )
00000039: 11.6298   (Y': 9.28573   Cb: 13.2692   Cr: 13.8568 )
00000040: 11.735    (Y': 9.44554   Cb: 13.3257   Cr: 13.8635 )
00000041: 11.7199   (Y': 9.46061   Cb: 13.3224   Cr: 13.7531 )
00000042: 11.8621   (Y': 9.55754   Cb: 13.4258   Cr: 14.0637 )
00000043: 11.989    (Y': 9.68658   Cb: 13.5306   Cr: 14.2101 )
00000044: 11.9538   (Y': 9.66801   Cb: 13.4761   Cr: 14.1507 )
00000045: 12.1581   (Y': 9.75917   Cb: 13.7466   Cr: 14.6073 )
00000046: 12.1508   (Y': 9.73334   Cb: 13.7621   Cr: 14.629  )
00000047: 12.5011   (Y': 9.99883   Cb: 14.3118   Cr: 15.0058 )
00000048: 12.6329   (Y': 10.1013   Cb: 14.4902   Cr: 15.1764 )
00000050: 12.7285   (Y': 10.1815   Cb: 14.5609   Cr: 15.3516 )
00000049: 12.7615   (Y': 10.2454   Cb: 14.5838   Cr: 15.2968 )
00000051: 12.4525   (Y': 9.9889    Cb: 14.2492   Cr: 14.8528 )
00000053: 12.7427   (Y': 10.219    Cb: 14.6762   Cr: 15.1742 )
00000052: 12.2913   (Y': 9.89517   Cb: 14.0085   Cr: 14.5802 )
00000054: 12.4831   (Y': 10.0129   Cb: 14.3468   Cr: 14.8277 )
00000055: 12.2186   (Y': 9.78264   Cb: 14.0332   Cr: 14.5156 )
00000057: 12.4788   (Y': 10.0251   Cb: 14.287    Cr: 14.836  )
00000056: 12.2753   (Y': 9.81881   Cb: 14.0629   Cr: 14.6647 )
00000058: 12.4465   (Y': 9.97088   Cb: 14.2839   Cr: 14.8374 )
00000059: 12.5174   (Y': 10.0338   Cb: 14.3015   Cr: 14.9946 )
00000060: 12.5759   (Y': 10.0784   Cb: 14.3769   Cr: 15.0771 )
00000061: 12.5052   (Y': 10.0304   Cb: 14.3205   Cr: 14.9191 )
00000062: 12.5503   (Y': 10.0656   Cb: 14.3413   Cr: 15.0232 )
00000064: 12.5781   (Y': 10.0309   Cb: 14.4728   Cr: 15.1284 )
00000063: 12.5112   (Y': 9.97069   Cb: 14.3808   Cr: 15.0691 )
00000065: 12.8012   (Y': 10.163    Cb: 14.8481   Cr: 15.4769 )
00000066: 12.8432   (Y': 10.2248   Cb: 14.8957   Cr: 15.4457 )
00000067: 13.0177   (Y': 10.3236   Cb: 15.187    Cr: 15.7456 )
00000068: 13.0912   (Y': 10.3992   Cb: 15.3194   Cr: 15.7461 )
00000069: 13.19     (Y': 10.5243   Cb: 15.4356   Cr: 15.7367 )
00000070: 13.1809   (Y': 10.5166   Cb: 15.4017   Cr: 15.7498 )
00000072: 13.0332   (Y': 10.4644   Cb: 15.0401   Cr: 15.5253 )
00000071: 13.0901   (Y': 10.4982   Cb: 15.1854   Cr: 15.5585 )
00000073: 12.9674   (Y': 10.3718   Cb: 15.0724   Cr: 15.437  )
00000074: 12.9115   (Y': 10.344    Cb: 14.9571   Cr: 15.3569 )
00000075: 12.8116   (Y': 10.2599   Cb: 14.853    Cr: 15.2113 )
00000076: 12.7936   (Y': 10.2298   Cb: 14.8527   Cr: 15.2123 )
00000077: 12.7907   (Y': 10.2267   Cb: 14.8373   Cr: 15.2238 )
00000078: 12.8216   (Y': 10.2552   Cb: 14.8819   Cr: 15.2473 )
00000079: 12.7955   (Y': 10.204    Cb: 14.8468   Cr: 15.3111 )
00000081: 12.7463   (Y': 10.1436   Cb: 14.7831   Cr: 15.3144 )
00000080: 12.7841   (Y': 10.2129   Cb: 14.8007   Cr: 15.2728 )
00000083: 12.7817   (Y': 10.1631   Cb: 14.739    Cr: 15.4958 )
00000082: 12.6829   (Y': 10.067    Cb: 14.6929   Cr: 15.3261 )
00000084: 12.8059   (Y': 10.1646   Cb: 14.8443   Cr: 15.5021 )
00000085: 12.7852   (Y': 10.1741   Cb: 14.7397   Cr: 15.4767 )
00000086: 12.7892   (Y': 10.1726   Cb: 14.7065   Cr: 15.5444 )
00000087: 12.7667   (Y': 10.1354   Cb: 14.7333   Cr: 15.5129 )
00000088: 12.8079   (Y': 10.1768   Cb: 14.7556   Cr: 15.5765 )
00000089: 12.9142   (Y': 10.2619   Cb: 14.8849   Cr: 15.7285 )
00000090: 13.0394   (Y': 10.3311   Cb: 15.0785   Cr: 15.9721 )
00000091: 12.9188   (Y': 10.1361   Cb: 15.0303   Cr: 16.042  )
00000092: 12.8341   (Y': 10.0506   Cb: 14.9493   Cr: 15.9557 )
00000093: 12.7634   (Y': 10.0244   Cb: 14.7757   Cr: 15.8439 )
00000094: 12.7515   (Y': 9.98548   Cb: 14.7797   Cr: 15.9163 )
00000095: 12.7179   (Y': 9.93764   Cb: 14.7976   Cr: 15.8725 )
00000096: 12.7173   (Y': 9.9539    Cb: 14.7112   Cr: 15.9167 )
00000097: 12.6561   (Y': 9.86419   Cb: 14.7506   Cr: 15.837  )
00000098: 12.6306   (Y': 9.87097   Cb: 14.6556   Cr: 15.7747 )
00000099: 12.6333   (Y': 9.86933   Cb: 14.6978   Cr: 15.7432 )
00000100: 12.6647   (Y': 9.90849   Cb: 14.6625   Cr: 15.8309 )
00000101: 12.6621   (Y': 9.87637   Cb: 14.7196   Cr: 15.8668 )
00000102: 12.6423   (Y': 9.86153   Cb: 14.6703   Cr: 15.8659 )
00000103: 12.6456   (Y': 9.82342   Cb: 14.7332   Cr: 15.9579 )
00000104: 12.5879   (Y': 9.76644   Cb: 14.7033   Cr: 15.8604 )
00000105: 12.5828   (Y': 9.82122   Cb: 14.6333   Cr: 15.7016 )
00000106: 12.6266   (Y': 9.86385   Cb: 14.6823   Cr: 15.7435 )
00000107: 12.6145   (Y': 9.87411   Cb: 14.6338   Cr: 15.6919 )
00000108: 12.6224   (Y': 9.8738    Cb: 14.6985   Cr: 15.6593 )
00000109: 12.5586   (Y': 9.82662   Cb: 14.5363   Cr: 15.657  )
00000110: 12.5894   (Y': 9.88229   Cb: 14.4924   Cr: 15.6904 )
00000111: 12.5413   (Y': 9.903     Cb: 14.3377   Cr: 15.5263 )
00000112: 12.5424   (Y': 9.87877   Cb: 14.3643   Cr: 15.5871 )
00000113: 12.4815   (Y': 9.80957   Cb: 14.2979   Cr: 15.5647 )
00000114: 12.4322   (Y': 9.73429   Cb: 14.2663   Cr: 15.59   )
00000116: 12.3755   (Y': 9.70646   Cb: 14.2068   Cr: 15.4278 )
00000115: 12.3313   (Y': 9.63463   Cb: 14.1816   Cr: 15.4626 )
00000117: 12.4582   (Y': 9.7767    Cb: 14.279    Cr: 15.5714 )
00000118: 12.3772   (Y': 9.69335   Cb: 14.2201   Cr: 15.47   )
00000119: 12.3004   (Y': 9.68522   Cb: 14.0549   Cr: 15.2567 )
00000120: 12.3376   (Y': 9.76005   Cb: 14.061    Cr: 15.2007 )
00000121: 12.2389   (Y': 9.69554   Cb: 13.974    Cr: 14.9696 )
00000122: 12.2439   (Y': 9.72079   Cb: 13.9532   Cr: 14.9394 )
00000124: 12.186    (Y': 9.74617   Cb: 13.7369   Cr: 14.8102 )
00000123: 12.2259   (Y': 9.77452   Cb: 13.8359   Cr: 14.812  )
00000125: 12.2634   (Y': 9.84269   Cb: 13.7681   Cr: 14.8857 )
00000126: 12.2154   (Y': 9.79727   Cb: 13.721    Cr: 14.8285 )
00000127: 12.2241   (Y': 9.77846   Cb: 13.743    Cr: 14.9086 )
00000128: 12.2274   (Y': 9.80023   Cb: 13.7477   Cr: 14.8504 )
00000130: 12.2571   (Y': 9.78512   Cb: 13.9024   Cr: 14.8654 )
00000129: 12.2806   (Y': 9.81152   Cb: 13.873    Cr: 14.9466 )
00000131: 12.1468   (Y': 9.66927   Cb: 13.7972   Cr: 14.7664 )
00000132: 12.142    (Y': 9.6969    Cb: 13.783    Cr: 14.6699 )
00000133: 12.1043   (Y': 9.7019    Cb: 13.6761   Cr: 14.5847 )
00000134: 12.0463   (Y': 9.66581   Cb: 13.5089   Cr: 14.5963 )
00000135: 11.9988   (Y': 9.66832   Cb: 13.4071   Cr: 14.465  )
00000139: 12.1551   (Y': 9.76898   Cb: 13.605    Cr: 14.7388 )
00000137: 12.0135   (Y': 9.68398   Cb: 13.3668   Cr: 14.5478 )
00000136: 11.9701   (Y': 9.67212   Cb: 13.271    Cr: 14.4774 )
00000138: 12.0601   (Y': 9.72625   Cb: 13.471    Cr: 14.533  )
00000140: 12.2492   (Y': 9.86358   Cb: 13.7326   Cr: 14.7884 )
00000141: 12.2724   (Y': 9.82067   Cb: 13.7462   Cr: 15.0367 )
00000142: 12.2606   (Y': 9.78817   Cb: 13.8108   Cr: 14.9918 )
00000143: 12.3219   (Y': 9.84718   Cb: 13.8838   Cr: 15.0452 )
00000145: 12.2682   (Y': 9.79999   Cb: 13.7915   Cr: 15.0212 )
00000146: 12.2444   (Y': 9.77943   Cb: 13.8035   Cr: 14.9396 )
00000144: 12.3015   (Y': 9.83891   Cb: 13.8342   Cr: 15.0232 )
00000147: 12.3298   (Y': 9.89245   Cb: 13.9028   Cr: 14.9178 )
00000148: 12.3306   (Y': 9.8915    Cb: 13.8888   Cr: 14.9431 )
00000149: 12.373    (Y': 9.97322   Cb: 13.907    Cr: 14.8921 )
00000150: 12.3564   (Y': 9.98456   Cb: 13.9012   Cr: 14.7765 )
00000151: 12.2407   (Y': 9.85606   Cb: 13.8345   Cr: 14.6402 )
00000152: 12.2522   (Y': 9.87291   Cb: 13.842    Cr: 14.6406 )
00000153: 12.2396   (Y': 9.81686   Cb: 13.8825   Cr: 14.6958 )
00000154: 12.2245   (Y': 9.77665   Cb: 13.9795   Cr: 14.6248 )
00000155: 12.1348   (Y': 9.67227   Cb: 14.0103   Cr: 14.4432 )
00000156: 12.1236   (Y': 9.5832    Cb: 14.0342   Cr: 14.6339 )
00000157: 12.1794   (Y': 9.72528   Cb: 14.0996   Cr: 14.4144 )
00000158: 12.2081   (Y': 9.79198   Cb: 14.0767   Cr: 14.3877 )
00000159: 12.1018   (Y': 9.73737   Cb: 13.9876   Cr: 14.1182 )
00000160: 12.1221   (Y': 9.82753   Cb: 14.0586   Cr: 13.9028 )
00000161: 12.151    (Y': 9.88636   Cb: 14.2182   Cr: 13.7356 )
00000162: 12.1239   (Y': 9.92409   Cb: 14.0703   Cr: 13.6623 )
00000163: 11.9655   (Y': 9.86174   Cb: 13.7214   Cr: 13.4571 )
00000164: 11.9403   (Y': 9.85818   Cb: 13.6293   Cr: 13.4456 )
00000165: 11.7212   (Y': 9.5567    Cb: 13.5613   Cr: 13.2743 )
00000167: 11.5743   (Y': 9.25102   Cb: 13.562    Cr: 13.3797 )
00000166: 11.6487   (Y': 9.39582   Cb: 13.5102   Cr: 13.3964 )
00000168: 11.7488   (Y': 9.38409   Cb: 13.7572   Cr: 13.643  )
00000170: 11.9232   (Y': 9.68619   Cb: 13.8479   Cr: 13.5712 )
00000172: 12.4556   (Y': 10.4965   Cb: 14.3069   Cr: 13.5511 )
00000169: 11.8365   (Y': 9.54714   Cb: 13.82     Cr: 13.559  )
00000171: 12.2286   (Y': 10.1573   Cb: 14.1167   Cr: 13.5277 )
00000173: 12.4104   (Y': 10.5933   Cb: 14.1048   Cr: 13.3604 )
00000175: 12.405    (Y': 10.4042   Cb: 13.9106   Cr: 13.9062 )
00000174: 12.3804   (Y': 10.5877   Cb: 14.0335   Cr: 13.3195 )
00000176: 12.2998   (Y': 10.2627   Cb: 13.8455   Cr: 13.843  )
00000178: 12.0466   (Y': 9.81274   Cb: 13.7672   Cr: 13.8872 )
00000177: 12.0253   (Y': 9.83464   Cb: 13.6508   Cr: 13.855  )
00000179: 11.9814   (Y': 9.79865   Cb: 13.4945   Cr: 13.9116 )
00000180: 11.9717   (Y': 9.87171   Cb: 13.4269   Cr: 13.7573 )
00000181: 12.3431   (Y': 10.4138   Cb: 13.7182   Cr: 13.8177 )
00000182: 12.3836   (Y': 10.5073   Cb: 13.7113   Cr: 13.7921 )
00000183: 12.1964   (Y': 10.2991   Cb: 13.4294   Cr: 13.7499 )
00000184: 12.1757   (Y': 10.2119   Cb: 13.4406   Cr: 13.8448 )
00000187: 11.8073   (Y': 9.61722   Cb: 13.4565   Cr: 13.6108 )
00000186: 12        (Y': 9.92783   Cb: 13.3881   Cr: 13.7908 )
00000188: 11.7498   (Y': 9.52056   Cb: 13.4537   Cr: 13.5957 )
00000185: 12.0187   (Y': 9.99542   Cb: 13.3425   Cr: 13.7622 )
00000189: 11.6368   (Y': 9.49564   Cb: 13.3328   Cr: 13.2734 )
00000190: 11.6715   (Y': 9.55195   Cb: 13.3925   Cr: 13.2325 )
00000191: 11.566    (Y': 9.53133   Cb: 13.1447   Cr: 13.0706 )
00000192: 11.5141   (Y': 9.4677    Cb: 13.1282   Cr: 13.0107 )
00000195: 11.5928   (Y': 9.28033   Cb: 13.2309   Cr: 13.7318 )
00000194: 11.6447   (Y': 9.36994   Cb: 13.228    Cr: 13.7409 )
00000196: 11.6028   (Y': 9.28854   Cb: 13.302    Cr: 13.679  )
00000193: 11.6685   (Y': 9.46777   Cb: 13.2636   Cr: 13.5559 )
00000197: 11.4628   (Y': 9.20943   Cb: 13.203    Cr: 13.3334 )
00000198: 11.5305   (Y': 9.30504   Cb: 13.3001   Cr: 13.3002 )
00000199: 11.6021   (Y': 9.38785   Cb: 13.1512   Cr: 13.5745 )
00000200: 11.7974   (Y': 9.57325   Cb: 13.0393   Cr: 14.1641 )
00000202: 11.6928   (Y': 9.45776   Cb: 12.7851   Cr: 14.2941 )
00000203: 11.6349   (Y': 9.37258   Cb: 12.7762   Cr: 14.251  )
00000201: 11.7393   (Y': 9.55642   Cb: 12.8153   Cr: 14.2084 )
00000204: 11.65     (Y': 9.31103   Cb: 12.879    Cr: 14.3833 )
00000205: 11.5733   (Y': 9.31218   Cb: 12.7182   Cr: 14.1807 )
00000207: 11.6401   (Y': 9.33352   Cb: 12.9178   Cr: 14.2048 )
00000206: 11.5881   (Y': 9.33856   Cb: 12.7116   Cr: 14.1901 )
00000208: 11.7009   (Y': 9.39992   Cb: 12.9657   Cr: 14.2654 )
00000210: 11.8455   (Y': 9.46775   Cb: 13.3192   Cr: 14.3724 )
00000211: 11.8975   (Y': 9.49771   Cb: 13.4431   Cr: 14.402  )
00000209: 11.7967   (Y': 9.45138   Cb: 13.187    Cr: 14.3313 )
00000212: 11.8936   (Y': 9.52237   Cb: 13.44     Cr: 14.31   )
00000213: 11.9549   (Y': 9.65308   Cb: 13.4577   Cr: 14.2204 )
00000215: 11.9834   (Y': 9.77339   Cb: 13.4003   Cr: 14.0948 )
00000214: 11.96     (Y': 9.71019   Cb: 13.3831   Cr: 14.1735 )
00000216: 11.9166   (Y': 9.75852   Cb: 13.2348   Cr: 14.0057 )
00000218: 11.7705   (Y': 9.72486   Cb: 13.0738   Cr: 13.5906 )
00000217: 11.8612   (Y': 9.82119   Cb: 13.1279   Cr: 13.7093 )
00000219: 11.6719   (Y': 9.6632    Cb: 12.9237   Cr: 13.4612 )
00000220: 11.7086   (Y': 9.69763   Cb: 12.9683   Cr: 13.4945 )
00000221: 11.8354   (Y': 9.83106   Cb: 13.2577   Cr: 13.4292 )
00000223: 11.7862   (Y': 9.72512   Cb: 13.4059   Cr: 13.3106 )
00000222: 11.8326   (Y': 9.78805   Cb: 13.3664   Cr: 13.4045 )
00000224: 11.7731   (Y': 9.67847   Cb: 13.4238   Cr: 13.3447 )
00000226: 11.7764   (Y': 9.46467   Cb: 13.4571   Cr: 13.8662 )
00000225: 11.6662   (Y': 9.43409   Cb: 13.3196   Cr: 13.5726 )
00000227: 11.9713   (Y': 9.69807   Cb: 13.6543   Cr: 13.954  )
00000229: 11.9585   (Y': 9.83971   Cb: 13.4043   Cr: 13.8006 )
00000228: 11.9963   (Y': 9.7726    Cb: 13.582    Cr: 13.9535 )
00000230: 11.9619   (Y': 9.9158    Cb: 13.2467   Cr: 13.8042 )
00000231: 12.1092   (Y': 10.2663   Cb: 12.8896   Cr: 14.0753 )
00000232: 12.1549   (Y': 10.4952   Cb: 12.7079   Cr: 13.9984 )
00000233: 12.0819   (Y': 10.3055   Cb: 12.7099   Cr: 14.0935 )
00000234: 12.1311   (Y': 10.3721   Cb: 12.6711   Cr: 14.2244 )
00000235: 12.1632   (Y': 10.2444   Cb: 12.7865   Cr: 14.5426 )
00000236: 12.1306   (Y': 10.152    Cb: 12.7773   Cr: 14.6389 )
00000237: 12.009    (Y': 9.86775   Cb: 12.8909   Cr: 14.633  )
00000238: 11.9519   (Y': 9.75521   Cb: 12.8847   Cr: 14.6686 )
00000239: 11.9188   (Y': 9.73722   Cb: 12.8707   Cr: 14.5608 )
00000240: 12.0129   (Y': 9.83674   Cb: 12.9299   Cr: 14.69   )
00000241: 12.1445   (Y': 9.95258   Cb: 13.1002   Cr: 14.8121 )
00000242: 12.1958   (Y': 9.95692   Cb: 13.1436   Cr: 15.0226 )
00000243: 12.3768   (Y': 10.2214   Cb: 13.2715   Cr: 15.0243 )
00000244: 12.2436   (Y': 10.0471   Cb: 13.1397   Cr: 15.0155 )
00000245: 12.1656   (Y': 9.98955   Cb: 13.0444   Cr: 14.9007 )
00000246: 12.2099   (Y': 9.96802   Cb: 13.1855   Cr: 15.0039 )
00000247: 12.2649   (Y': 10.0707   Cb: 13.1928   Cr: 14.9812 )
00000248: 12.3646   (Y': 10.2012   Cb: 13.2709   Cr: 15.0192 )
00000249: 12.308    (Y': 10.0962   Cb: 13.3163   Cr: 14.9592 )
00000250: 12.2546   (Y': 10.0712   Cb: 13.2329   Cr: 14.8634 )
00000251: 12.1863   (Y': 10.0286   Cb: 13.1077   Cr: 14.8013 )
00000252: 12.2313   (Y': 10.1694   Cb: 13.0716   Cr: 14.6854 )
00000253: 12.3002   (Y': 10.1351   Cb: 13.2705   Cr: 14.8655 )
00000254: 12.4413   (Y': 10.2608   Cb: 13.4278   Cr: 15.0293 )
00000255: 12.4822   (Y': 10.2802   Cb: 13.4869   Cr: 15.1088 )
00000256: 12.5679   (Y': 10.3211   Cb: 13.6826   Cr: 15.1735 )
00000257: 12.6373   (Y': 10.4312   Cb: 13.6505   Cr: 15.264  )
00000258: 12.5987   (Y': 10.3481   Cb: 13.6999   Cr: 15.2353 )
00000259: 12.7492   (Y': 10.5134   Cb: 13.7931   Cr: 15.4229 )
00000260: 12.7312   (Y': 10.4988   Cb: 13.7523   Cr: 15.4271 )
00000261: 12.7687   (Y': 10.4755   Cb: 13.8625   Cr: 15.5503 )
00000262: 12.7754   (Y': 10.5355   Cb: 13.7801   Cr: 15.5191 )
00000263: 12.6675   (Y': 10.4288   Cb: 13.633    Cr: 15.4668 )
00000264: 12.7796   (Y': 10.5671   Cb: 13.7172   Cr: 15.5384 )
00000267: 12.8239   (Y': 10.567    Cb: 13.7844   Cr: 15.6894 )
00000265: 12.8504   (Y': 10.7279   Cb: 13.6457   Cr: 15.5495 )
00000266: 12.8664   (Y': 10.7089   Cb: 13.6796   Cr: 15.6454 )
00000268: 12.875    (Y': 10.662    Cb: 13.7425   Cr: 15.7445 )
00000269: 12.9825   (Y': 10.7955   Cb: 13.8259   Cr: 15.8068 )
00000270: 13.047    (Y': 10.7926   Cb: 14.0452   Cr: 15.8465 )
00000271: 13.0575   (Y': 10.7959   Cb: 14.0693   Cr: 15.8597 )
00000272: 13.0695   (Y': 10.7889   Cb: 14.0629   Cr: 15.9613 )
00000276: 12.8804   (Y': 10.6231   Cb: 13.7871   Cr: 15.8324 )
00000275: 12.938    (Y': 10.6574   Cb: 13.8956   Cr: 15.8864 )
00000274: 13.1015   (Y': 10.8021   Cb: 14.0923   Cr: 16.0605 )
00000273: 13.1488   (Y': 10.8779   Cb: 14.1254   Cr: 16.0356 )
00000278: 12.9299   (Y': 10.6004   Cb: 13.8902   Cr: 16.0409 )
00000277: 12.8456   (Y': 10.5119   Cb: 13.7976   Cr: 15.9849 )
00000279: 12.7858   (Y': 10.5516   Cb: 13.6107   Cr: 15.7937 )
00000282: 12.7741   (Y': 10.5593   Cb: 13.624    Cr: 15.6769 )
00000280: 12.7855   (Y': 10.5633   Cb: 13.6173   Cr: 15.7424 )
00000281: 12.8706   (Y': 10.5848   Cb: 13.8191   Cr: 15.8506 )
00000284: 12.7909   (Y': 10.5501   Cb: 13.6549   Cr: 15.7569 )
00000285: 12.7972   (Y': 10.533    Cb: 13.7992   Cr: 15.6229 )
00000283: 12.8702   (Y': 10.5569   Cb: 13.8801   Cr: 15.8457 )
00000286: 12.702    (Y': 10.5077   Cb: 13.6356   Cr: 15.4103 )
00000287: 12.8534   (Y': 10.6689   Cb: 13.7357   Cr: 15.6091 )
00000289: 12.7987   (Y': 10.5714   Cb: 13.7437   Cr: 15.5928 )
00000288: 12.762    (Y': 10.6219   Cb: 13.5675   Cr: 15.4995 )
00000291: 12.8609   (Y': 10.6068   Cb: 13.9008   Cr: 15.5972 )
00000290: 12.7818   (Y': 10.5759   Cb: 13.7315   Cr: 15.5016 )
00000292: 12.9226   (Y': 10.6353   Cb: 13.9432   Cr: 15.7952 )
00000293: 13.0811   (Y': 10.7231   Cb: 14.2078   Cr: 16.0271 )
00000294: 13.0916   (Y': 10.7563   Cb: 14.2111   Cr: 15.9724 )
00000295: 13.1791   (Y': 10.8527   Cb: 14.2455   Cr: 16.111  )
00000296: 13.1906   (Y': 10.8443   Cb: 14.1923   Cr: 16.2929 )
00000299: 13.1168   (Y': 10.9683   Cb: 13.7336   Cr: 16.1937 )
00000297: 13.0148   (Y': 10.7639   Cb: 13.8457   Cr: 16.0689 )
00000298: 12.9794   (Y': 10.7709   Cb: 13.6773   Cr: 16.1167 )
00000300: 13.2568   (Y': 11.0639   Cb: 14.0311   Cr: 16.2115 )
00000301: 13.1355   (Y': 10.8128   Cb: 14.1614   Cr: 16.1176 )
00000302: 12.9093   (Y': 10.5561   Cb: 13.9609   Cr: 15.9553 )
00000303: 12.9278   (Y': 10.4932   Cb: 14.1084   Cr: 16.0587 )
00000304: 12.9693   (Y': 10.5562   Cb: 14.1066   Cr: 16.091  )
00000306: 13.2026   (Y': 10.7474   Cb: 14.3837   Cr: 16.4073 )
00000305: 13.1769   (Y': 10.7426   Cb: 14.3502   Cr: 16.3185 )
00000308: 13.2772   (Y': 10.7464   Cb: 14.5616   Cr: 16.6015 )
00000307: 13.3575   (Y': 10.8638   Cb: 14.5493   Cr: 16.6893 )
00000309: 13.2564   (Y': 10.6898   Cb: 14.6415   Cr: 16.56   )
00000310: 13.2871   (Y': 10.7177   Cb: 14.7321   Cr: 16.5105 )
00000311: 13.2689   (Y': 10.7417   Cb: 14.6021   Cr: 16.5027 )
00000312: 13.2619   (Y': 10.6592   Cb: 14.6767   Cr: 16.6606 )
00000315: 12.9285   (Y': 10.447    Cb: 13.9861   Cr: 16.4408 )
00000313: 13.1089   (Y': 10.5321   Cb: 14.4676   Cr: 16.4941 )
00000314: 13.0137   (Y': 10.4602   Cb: 14.2153   Cr: 16.5657 )
00000316: 12.9313   (Y': 10.5139   Cb: 13.9026   Cr: 16.3456 )
00000317: 13.5356   (Y': 11.0155   Cb: 14.9393   Cr: 16.6367 )
00000318: 13.4403   (Y': 10.8739   Cb: 14.9526   Cr: 16.5528 )
00000319: 13.3109   (Y': 10.7414   Cb: 14.9832   Cr: 16.2133 )
00000320: 13.3457   (Y': 10.7759   Cb: 15.0414   Cr: 16.2182 )
00000323: 13.2747   (Y': 10.6935   Cb: 14.9632   Cr: 16.1968 )
00000321: 13.4448   (Y': 10.8617   Cb: 15.142    Cr: 16.3619 )
00000322: 13.347    (Y': 10.7603   Cb: 15.0154   Cr: 16.3154 )
00000324: 13.3638   (Y': 10.7909   Cb: 14.9749   Cr: 16.3606 )
00000325: 13.5333   (Y': 10.9498   Cb: 15.142    Cr: 16.5721 )
00000326: 13.4429   (Y': 10.8745   Cb: 15.0969   Cr: 16.3652 )
00000327: 13.4598   (Y': 10.8728   Cb: 15.0963   Cr: 16.4727 )
00000328: 13.4475   (Y': 10.7573   Cb: 15.2703   Cr: 16.591  )
00000329: 13.578    (Y': 10.8336   Cb: 15.4832   Cr: 16.8212 )
00000331: 13.5032   (Y': 10.7737   Cb: 15.3668   Cr: 16.7441 )
00000330: 13.5877   (Y': 10.7833   Cb: 15.6045   Cr: 16.9216 )
00000332: 13.3613   (Y': 10.6319   Cb: 15.1599   Cr: 16.6931 )
00000333: 13.4546   (Y': 10.7505   Cb: 15.1781   Cr: 16.7921 )
00000334: 13.5006   (Y': 10.7938   Cb: 15.1789   Cr: 16.9157 )
00000335: 13.3073   (Y': 10.6845   Cb: 14.8661   Cr: 16.5653 )
00000336: 13.373    (Y': 10.7762   Cb: 14.7304   Cr: 16.8404 )
00000338: 12.7587   (Y': 10.1391   Cb: 14.0407   Cr: 16.4481 )
00000337: 13.1051   (Y': 10.4633   Cb: 14.4193   Cr: 16.8331 )
00000339: 13.0107   (Y': 10.3611   Cb: 14.2867   Cr: 16.8408 )
00000340: 12.9141   (Y': 10.3003   Cb: 14.0684   Cr: 16.8087 )
00000342: 13.0138   (Y': 10.3787   Cb: 14.2035   Cr: 16.9377 )
00000341: 12.8663   (Y': 10.2497   Cb: 14.0089   Cr: 16.7951 )
00000343: 12.7951   (Y': 10.1443   Cb: 13.9887   Cr: 16.7828 )
00000346: 12.9073   (Y': 10.1933   Cb: 14.3799   Cr: 16.6804 )
00000344: 12.8105   (Y': 10.1391   Cb: 14.0812   Cr: 16.7487 )
00000345: 12.9276   (Y': 10.2071   Cb: 14.3526   Cr: 16.812  )
00000347: 12.9992   (Y': 10.213    Cb: 14.6211   Cr: 16.8477 )
00000348: 13.023    (Y': 10.2248   Cb: 14.6595   Cr: 16.9025 )
00000350: 13.1512   (Y': 10.3677   Cb: 14.8281   Cr: 16.8972 )
00000349: 13.0462   (Y': 10.2317   Cb: 14.7505   Cr: 16.8895 )
00000352: 13.0457   (Y': 10.2176   Cb: 14.788    Cr: 16.8902 )
00000351: 13.0458   (Y': 10.2357   Cb: 14.7432   Cr: 16.88   )
00000354: 13.0282   (Y': 10.1936   Cb: 14.8198   Cr: 16.8232 )
00000353: 13.069    (Y': 10.2279   Cb: 14.8785   Cr: 16.8661 )
00000355: 13.1549   (Y': 10.2002   Cb: 15.1425   Cr: 17.2142 )
00000356: 13.2239   (Y': 10.3028   Cb: 15.2481   Cr: 17.062  )
00000358: 13.0503   (Y': 10.2289   Cb: 14.771    Cr: 16.8983 )
00000357: 13.1264   (Y': 10.2491   Cb: 14.9186   Cr: 17.1229 )
00000361: 13.2808   (Y': 10.4949   Cb: 15.1458   Cr: 16.7505 )
00000359: 12.9942   (Y': 10.291    Cb: 14.5571   Cr: 16.5717 )
00000360: 13.1011   (Y': 10.3625   Cb: 14.8536   Cr: 16.5371 )
00000362: 13.2428   (Y': 10.4057   Cb: 15.2273   Cr: 16.7595 )
00000363: 12.9011   (Y': 10.1171   Cb: 14.7842   Cr: 16.3362 )
00000364: 12.8766   (Y': 10.0492   Cb: 14.8908   Cr: 16.3098 )
00000366: 12.9426   (Y': 10.2448   Cb: 14.8604   Cr: 15.9893 )
00000365: 12.8463   (Y': 10.0682   Cb: 14.8219   Cr: 16.1289 )
00000367: 13.2094   (Y': 10.5582   Cb: 14.8433   Cr: 16.4676 )
00000368: 13.1765   (Y': 10.5518   Cb: 14.716    Cr: 16.4702 )
00000369: 13.0057   (Y': 10.3874   Cb: 14.5065   Cr: 16.3333 )
00000370: 13.0174   (Y': 10.4535   Cb: 14.4522   Cr: 16.235  )
00000372: 13.1676   (Y': 10.6338   Cb: 14.4742   Cr: 16.4686 )
00000371: 13.2431   (Y': 10.6731   Cb: 14.5834   Cr: 16.6311 )
00000373: 13.1767   (Y': 10.605    Cb: 14.6027   Cr: 16.4372 )
00000374: 13.189    (Y': 10.6077   Cb: 14.6996   Cr: 16.3595 )
00000375: 13.1447   (Y': 10.4242   Cb: 14.8646   Cr: 16.5541 )
00000376: 13.1968   (Y': 10.4979   Cb: 14.9197   Cr: 16.5144 )
00000377: 13.1649   (Y': 10.4264   Cb: 14.9601   Cr: 16.538  )
00000378: 13.1357   (Y': 10.3884   Cb: 15.1018   Cr: 16.3084 )
00000379: 13.079    (Y': 10.371    Cb: 14.89     Cr: 16.3082 )
00000380: 13.002    (Y': 10.2927   Cb: 14.8111   Cr: 16.2384 )
00000381: 12.9887   (Y': 10.3577   Cb: 14.6751   Cr: 16.095  )
00000382: 12.9662   (Y': 10.3477   Cb: 14.6084   Cr: 16.0874 )
00000384: 12.9426   (Y': 10.3879   Cb: 14.5076   Cr: 15.9376 )
00000385: 12.8257   (Y': 10.245    Cb: 14.4654   Cr: 15.8116 )
00000383: 12.9771   (Y': 10.4266   Cb: 14.5455   Cr: 15.9524 )
00000386: 12.8267   (Y': 10.1956   Cb: 14.5447   Cr: 15.8898 )
00000387: 12.8493   (Y': 10.1823   Cb: 14.5874   Cr: 16.0204 )
00000388: 12.9544   (Y': 10.2821   Cb: 14.6596   Cr: 16.1925 )
00000389: 12.9825   (Y': 10.2571   Cb: 14.8028   Cr: 16.2671 )
00000390: 12.9396   (Y': 10.325    Cb: 14.5995   Cr: 16.0218 )
00000391: 12.8827   (Y': 10.2177   Cb: 14.5445   Cr: 16.1541 )
00000393: 12.7933   (Y': 10.1164   Cb: 14.5339   Cr: 15.999  )
00000392: 12.8751   (Y': 10.2007   Cb: 14.5724   Cr: 16.1322 )
00000396: 12.6709   (Y': 10.1517   Cb: 14.3846   Cr: 15.3476 )
00000395: 12.747    (Y': 10.148    Cb: 14.5591   Cr: 15.5717 )
00000394: 12.8302   (Y': 10.1695   Cb: 14.5964   Cr: 15.9383 )
00000397: 12.7085   (Y': 10.0406   Cb: 14.5216   Cr: 15.7809 )
00000398: 12.698    (Y': 9.98593   Cb: 14.5828   Cr: 15.8422 )
00000399: 12.7548   (Y': 10.1652   Cb: 14.3983   Cr: 15.7672 )
00000400: 12.6827   (Y': 10.1503   Cb: 14.2468   Cr: 15.6002 )
00000401: 12.6116   (Y': 9.99275   Cb: 14.2484   Cr: 15.7415 )
00000402: 12.5503   (Y': 9.92397   Cb: 14.2011   Cr: 15.6887 )
00000404: 12.5224   (Y': 9.99349   Cb: 14.0269   Cr: 15.5098 )
00000403: 12.5308   (Y': 9.90373   Cb: 14.1948   Cr: 15.6539 )
00000405: 12.3832   (Y': 9.90675   Cb: 13.886    Cr: 15.1913 )
00000406: 12.3144   (Y': 9.89441   Cb: 13.7582   Cr: 15.0142 )
00000407: 12.1889   (Y': 9.79842   Cb: 13.5242   Cr: 14.9403 )
00000408: 12.0755   (Y': 9.72979   Cb: 13.3291   Cr: 14.7957 )
00000409: 11.9321   (Y': 9.68591   Cb: 13.12     Cr: 14.435  )
00000410: 11.8432   (Y': 9.6421    Cb: 12.9348   Cr: 14.344  )
00000411: 12.1085   (Y': 9.77774   Cb: 13.4037   Cr: 14.7241 )
00000412: 12.2942   (Y': 9.97982   Cb: 13.5475   Cr: 14.9161 )
00000413: 12.5072   (Y': 10.2744   Cb: 13.7476   Cr: 14.9012 )
00000414: 12.5675   (Y': 10.3839   Cb: 13.7348   Cr: 14.9157 )
00000416: 12.518    (Y': 10.2422   Cb: 13.9199   Cr: 14.8311 )
00000415: 12.5792   (Y': 10.3747   Cb: 13.8221   Cr: 14.8887 )
00000417: 13.3199   (Y': 10.6345   Cb: 15.4117   Cr: 16.1065 )
00000419: 12.8355   (Y': 10.5706   Cb: 14.0821   Cr: 15.3154 )
00000418: 13.2897   (Y': 10.7724   Cb: 15.1469   Cr: 15.7876 )
00000420: 12.6074   (Y': 10.3751   Cb: 13.8147   Cr: 15.0431 )
00000421: 12.1371   (Y': 9.94237   Cb: 13.3293   Cr: 14.484  )
00000422: 12.4088   (Y': 10.1712   Cb: 13.7681   Cr: 14.6654 )
00000425: 12.0821   (Y': 9.9574    Cb: 13.4008   Cr: 14.0829 )
00000423: 12.1098   (Y': 10.0031   Cb: 13.4259   Cr: 14.0675 )
00000424: 12.1805   (Y': 10.0325   Cb: 13.4454   Cr: 14.3068 )
00000426: 11.977    (Y': 9.81229   Cb: 13.3737   Cr: 13.9913 )
00000427: 11.8638   (Y': 9.56079   Cb: 13.295    Cr: 14.2195 )
00000428: 12.2341   (Y': 9.89919   Cb: 13.696    Cr: 14.6461 )
00000429: 12.0823   (Y': 9.8232    Cb: 13.5375   Cr: 14.2834 )
00000430: 11.8669   (Y': 9.66712   Cb: 13.2387   Cr: 14.0043 )
00000431: 11.9192   (Y': 9.56757   Cb: 13.5027   Cr: 14.2329 )
00000433: 12.2293   (Y': 9.86976   Cb: 13.9161   Cr: 14.4464 )
00000432: 12.1852   (Y': 9.80683   Cb: 13.6925   Cr: 14.672  )
00000434: 12.1411   (Y': 9.81338   Cb: 13.7516   Cr: 14.3545 )
00000435: 12.0953   (Y': 9.7447    Cb: 13.6323   Cr: 14.4617 )
00000436: 12.2017   (Y': 9.81783   Cb: 13.7138   Cr: 14.6992 )
00000437: 11.898    (Y': 9.49195   Cb: 13.3347   Cr: 14.5625 )
00000438: 12.1614   (Y': 9.76149   Cb: 13.594    Cr: 14.8119 )
00000439: 12.0777   (Y': 9.63195   Cb: 13.5327   Cr: 14.8472 )
00000440: 12.1712   (Y': 9.73063   Cb: 13.5985   Cr: 14.9614 )
00000441: 12.1877   (Y': 9.69094   Cb: 13.5577   Cr: 15.2539 )
00000442: 12.2407   (Y': 9.73573   Cb: 13.68     Cr: 15.2357 )
00000443: 12.4314   (Y': 9.93568   Cb: 13.9401   Cr: 15.297  )
00000444: 12.4564   (Y': 9.95821   Cb: 13.8402   Cr: 15.5079 )
00000445: 12.5421   (Y': 10.05     Cb: 13.8045   Cr: 15.7552 )
00000446: 12.3513   (Y': 9.88315   Cb: 13.613    Cr: 15.4771 )
00000447: 12.4614   (Y': 9.98611   Cb: 13.7518   Cr: 15.5696 )
00000448: 12.2618   (Y': 9.77328   Cb: 13.5548   Cr: 15.4144 )
00000449: 12.3761   (Y': 9.84755   Cb: 13.744    Cr: 15.5621 )
00000450: 12.3836   (Y': 9.89332   Cb: 13.7855   Cr: 15.3804 )
00000451: 11.9114   (Y': 9.45467   Cb: 13.4202   Cr: 14.6453 )
00000452: 11.6082   (Y': 9.13974   Cb: 13.1381   Cr: 14.3529 )
00000453: 12.223    (Y': 9.6026    Cb: 13.7962   Cr: 15.4502 )
00000454: 12.3194   (Y': 9.68781   Cb: 13.8318   Cr: 15.6818 )
00000455: 12.0761   (Y': 9.49461   Cb: 13.4459   Cr: 15.4622 )
00000457: 11.9026   (Y': 9.35819   Cb: 13.4471   Cr: 14.8894 )
00000456: 12.0797   (Y': 9.47158   Cb: 13.6071   Cr: 15.3272 )
00000458: 12.0492   (Y': 9.49024   Cb: 13.5279   Cr: 15.1829 )
00000459: 11.706    (Y': 9.16752   Cb: 13.1603   Cr: 14.7999 )
00000460: 11.8096   (Y': 9.28582   Cb: 13.3217   Cr: 14.7683 )
00000462: 11.9178   (Y': 9.35278   Cb: 13.3941   Cr: 15.0777 )
00000461: 12.0028   (Y': 9.41818   Cb: 13.5295   Cr: 15.1623 )
00000463: 11.9207   (Y': 9.40468   Cb: 13.4332   Cr: 14.8512 )
00000466: 11.8447   (Y': 9.35839   Cb: 13.2362   Cr: 14.8425 )
00000465: 11.7195   (Y': 9.19321   Cb: 13.1914   Cr: 14.7442 )
00000464: 11.8851   (Y': 9.33395   Cb: 13.5324   Cr: 14.7561 )
00000468: 11.7782   (Y': 9.23403   Cb: 13.1643   Cr: 14.9947 )
00000467: 11.8061   (Y': 9.24553   Cb: 13.2112   Cr: 15.0562 )
00000469: 11.7249   (Y': 9.17929   Cb: 13.2117   Cr: 14.7977 )
00000470: 11.729    (Y': 9.16691   Cb: 13.2925   Cr: 14.7528 )
00000471: 11.6673   (Y': 9.02376   Cb: 13.3272   Cr: 14.8582 )
00000472: 11.683    (Y': 8.9544    Cb: 13.441    Cr: 15.0693 )
00000473: 11.5696   (Y': 8.77728   Cb: 13.4011   Cr: 15.1154 )
00000474: 11.5524   (Y': 8.70507   Cb: 13.464    Cr: 15.2205 )
00000475: 11.5338   (Y': 8.67125   Cb: 13.4043   Cr: 15.3339 )
00000476: 11.7073   (Y': 8.78322   Cb: 13.6536   Cr: 15.681  )
00000477: 11.8507   (Y': 8.89839   Cb: 13.7739   Cr: 16.0036 )
00000478: 11.8744   (Y': 8.92873   Cb: 13.7772   Cr: 16.0277 )
00000479: 11.9794   (Y': 9.06386   Cb: 13.8468   Cr: 16.0395 )
00000481: 12.0841   (Y': 9.27608   Cb: 13.8465   Cr: 15.8043 )
00000482: 11.99     (Y': 9.1789    Cb: 13.8081   Cr: 15.6384 )
00000480: 12.1046   (Y': 9.22444   Cb: 13.9097   Cr: 16.0936 )
00000485: 12.0084   (Y': 9.25337   Cb: 13.6889   Cr: 15.6232 )
00000483: 12.0485   (Y': 9.26489   Cb: 13.7595   Cr: 15.7408 )
00000484: 12.0712   (Y': 9.31154   Cb: 13.8003   Cr: 15.6308 )
00000486: 12.0417   (Y': 9.3049    Cb: 13.6841   Cr: 15.6373 )
00000488: 11.9894   (Y': 9.23616   Cb: 13.6921   Cr: 15.5621 )
00000487: 12.0276   (Y': 9.2881    Cb: 13.6607   Cr: 15.6498 )
00000490: 11.9463   (Y': 9.19386   Cb: 13.6493   Cr: 15.5149 )
00000489: 11.9787   (Y': 9.22776   Cb: 13.6482   Cr: 15.5928 )
00000493: 11.9478   (Y': 9.24113   Cb: 13.5191   Cr: 15.5271 )
00000491: 11.9848   (Y': 9.2411    Cb: 13.654    Cr: 15.5685 )
00000492: 12.0207   (Y': 9.30282   Cb: 13.683    Cr: 15.5054 )
00000494: 11.9738   (Y': 9.26055   Cb: 13.5224   Cr: 15.6175 )
00000495: 12.0255   (Y': 9.30199   Cb: 13.5003   Cr: 15.8373 )
00000496: 12.0527   (Y': 9.32422   Cb: 13.5638   Cr: 15.8252 )
00000497: 12.102    (Y': 9.3262    Cb: 13.6797   Cr: 15.9769 )
00000498: 12.0966   (Y': 9.2907    Cb: 13.7472   Cr: 15.9885 )
00000499: 12.5165   (Y': 9.70923   Cb: 14.2579   Cr: 16.2665 )
00000500: 12.8116   (Y': 10.0059   Cb: 14.6369   Cr: 16.4248 )
00000501: 12.7822   (Y': 10.0308   Cb: 14.7042   Cr: 16.0301 )
00000502: 12.737    (Y': 10.0515   Cb: 14.4608   Cr: 15.9998 )
00000503: 12.267    (Y': 9.91355   Cb: 13.3296   Cr: 15.297  )
00000504: 12.1283   (Y': 9.76346   Cb: 13.1      Cr: 15.3456 )
00000505: 12.4335   (Y': 9.99601   Cb: 13.547    Cr: 15.6823 )
00000506: 12.3532   (Y': 9.87609   Cb: 13.5746   Cr: 15.5751 )
00000508: 12.1725   (Y': 9.6951    Cb: 13.4919   Cr: 15.2449 )
00000507: 12.226    (Y': 9.78318   Cb: 13.4752   Cr: 15.2801 )
00000509: 12.0808   (Y': 9.50305   Cb: 13.6006   Cr: 15.2246 )
00000510: 12.1138   (Y': 9.4869    Cb: 13.6916   Cr: 15.3596 )
00000511: 12.1697   (Y': 9.45106   Cb: 13.903    Cr: 15.5519 )
00000512: 12.1563   (Y': 9.3578    Cb: 13.9997   Cr: 15.7115 )
00000513: 12.0789   (Y': 9.21631   Cb: 14.0949   Cr: 15.6619 )
00000514: 12.0842   (Y': 9.21201   Cb: 14.1097   Cr: 15.6961 )
00000515: 12.1422   (Y': 9.25293   Cb: 14.2275   Cr: 15.7443 )
00000516: 12.2016   (Y': 9.2844    Cb: 14.3295   Cr: 15.8689 )
00000517: 12.4612   (Y': 9.54538   Cb: 14.5508   Cr: 16.178  )
00000518: 12.4291   (Y': 9.47815   Cb: 14.5644   Cr: 16.243  )
00000519: 12.5699   (Y': 9.69781   Cb: 14.549    Cr: 16.2491 )
00000520: 12.5733   (Y': 9.70923   Cb: 14.5192   Cr: 16.2654 )
00000521: 12.6737   (Y': 9.84477   Cb: 14.4921   Cr: 16.4007 )
00000522: 12.7302   (Y': 9.90059   Cb: 14.5369   Cr: 16.479  )
00000523: 12.7881   (Y': 10.0702   Cb: 14.3565   Cr: 16.4199 )
00000524: 12.6877   (Y': 10.0587   Cb: 14.0519   Cr: 16.2757 )
00000525: 12.7228   (Y': 10.1496   Cb: 13.9512   Cr: 16.3094 )
00000526: 12.6664   (Y': 10.0744   Cb: 13.8904   Cr: 16.339  )
00000527: 12.6445   (Y': 10.0605   Cb: 13.846    Cr: 16.323  )
00000529: 12.5355   (Y': 9.92298   Cb: 13.9019   Cr: 16.0522 )
00000528: 12.5925   (Y': 10.0309   Cb: 13.8076   Cr: 16.1543 )
00000530: 12.6072   (Y': 9.89786   Cb: 14.1658   Cr: 16.2178 )
00000531: 12.4905   (Y': 9.71373   Cb: 14.2465   Cr: 16.0832 )
00000534: 11.6676   (Y': 9.09957   Cb: 12.9811   Cr: 15.0913 )
00000533: 12.0354   (Y': 9.4135    Cb: 13.5425   Cr: 15.3671 )
00000532: 12.387    (Y': 9.61076   Cb: 14.22     Cr: 15.8621 )
00000537: 12.0593   (Y': 9.47867   Cb: 13.3961   Cr: 15.4953 )
00000536: 11.7819   (Y': 9.22295   Cb: 13.0664   Cr: 15.2165 )
00000535: 11.6669   (Y': 9.08383   Cb: 12.9402   Cr: 15.2176 )
00000538: 12.2102   (Y': 9.59578   Cb: 13.6109   Cr: 15.6785 )
00000539: 12.532    (Y': 9.86106   Cb: 14.0201   Cr: 16.0929 )
00000540: 12.4872   (Y': 9.843     Cb: 13.9544   Cr: 15.9705 )
00000541: 12.2042   (Y': 9.51726   Cb: 13.755    Cr: 15.7324 )
00000542: 12.2023   (Y': 9.48999   Cb: 13.8076   Cr: 15.7517 )
00000543: 12.1579   (Y': 9.42747   Cb: 13.7852   Cr: 15.7499 )
00000546: 12.0355   (Y': 9.2363    Cb: 13.8038   Cr: 15.7076 )
00000544: 12.0765   (Y': 9.33338   Cb: 13.7754   Cr: 15.6118 )
00000545: 12.005    (Y': 9.25713   Cb: 13.7039   Cr: 15.5607 )
00000547: 12.2263   (Y': 9.41596   Cb: 14.0029   Cr: 15.9346 )
00000548: 12.2979   (Y': 9.44242   Cb: 14.2462   Cr: 15.948  )
00000549: 12.3609   (Y': 9.51381   Cb: 14.3973   Cr: 15.8473 )
00000550: 12.1054   (Y': 9.34088   Cb: 13.9751   Cr: 15.479  )
00000551: 11.6903   (Y': 8.93476   Cb: 13.4372   Cr: 15.2057 )
00000552: 11.7028   (Y': 8.9526    Cb: 13.376    Cr: 15.3082 )
00000553: 11.6272   (Y': 8.85168   Cb: 13.3249   Cr: 15.3045 )
00000554: 11.6967   (Y': 8.90763   Cb: 13.3763   Cr: 15.4638 )
00000555: 11.6962   (Y': 8.85625   Cb: 13.4265   Cr: 15.6157 )
00000556: 11.7799   (Y': 8.92473   Cb: 13.5292   Cr: 15.7407 )
00000558: 11.9691   (Y': 9.07145   Cb: 13.7817   Cr: 16.0314 )
00000557: 11.8877   (Y': 8.9917    Cb: 13.6776   Cr: 15.9804 )
00000559: 12.0303   (Y': 9.11326   Cb: 13.8737   Cr: 16.1378 )
00000560: 12.0411   (Y': 9.17757   Cb: 13.7518   Cr: 16.1082 )
00000561: 12.0736   (Y': 9.21992   Cb: 13.8118   Cr: 16.0454 )
00000562: 12.1632   (Y': 9.3372    Cb: 13.9149   Cr: 15.9826 )
00000564: 12.2768   (Y': 9.55224   Cb: 13.9068   Cr: 15.8393 )
00000563: 12.3399   (Y': 9.59139   Cb: 13.9869   Cr: 15.9792 )
00000565: 12.1844   (Y': 9.45107   Cb: 13.785    Cr: 15.831  )
00000566: 12.1808   (Y': 9.45971   Cb: 13.7616   Cr: 15.8066 )
00000567: 12.1968   (Y': 9.46282   Cb: 13.7831   Cr: 15.8698 )
00000568: 12.1493   (Y': 9.4282    Cb: 13.6602   Cr: 15.8889 )
00000570: 11.8925   (Y': 9.24911   Cb: 13.2312   Cr: 15.5851 )
00000569: 12.0176   (Y': 9.33615   Cb: 13.4516   Cr: 15.7127 )
00000571: 11.8943   (Y': 9.26087   Cb: 13.1887   Cr: 15.6209 )
00000572: 11.9648   (Y': 9.30595   Cb: 13.3256   Cr: 15.6865 )
00000573: 12.0017   (Y': 9.35563   Cb: 13.3571   Cr: 15.6776 )
00000574: 12.045    (Y': 9.42726   Cb: 13.374    Cr: 15.6456 )
00000575: 12.035    (Y': 9.3768    Cb: 13.456    Cr: 15.652  )
00000576: 12.1091   (Y': 9.44186   Cb: 13.5769   Cr: 15.6875 )
00000577: 12.214    (Y': 9.55255   Cb: 13.7042   Cr: 15.7321 )
00000578: 12.2185   (Y': 9.51712   Cb: 13.7812   Cr: 15.7887 )
00000579: 12.2675   (Y': 9.49701   Cb: 14.0057   Cr: 15.86   )
00000580: 12.3766   (Y': 9.62854   Cb: 14.1485   Cr: 15.8231 )
00000581: 12.3865   (Y': 9.56662   Cb: 14.4108   Cr: 15.7744 )
00000582: 12.3613   (Y': 9.54779   Cb: 14.3678   Cr: 15.7472 )
00000583: 12.4135   (Y': 9.6355    Cb: 14.3681   Cr: 15.7242 )
00000584: 12.4497   (Y': 9.70232   Cb: 14.3672   Cr: 15.6878 )
00000585: 12.5229   (Y': 9.85387   Cb: 14.3285   Cr: 15.6095 )
00000586: 12.5372   (Y': 9.87016   Cb: 14.2698   Cr: 15.7158 )
00000587: 12.5455   (Y': 9.89372   Cb: 14.1687   Cr: 15.8218 )
00000588: 12.5053   (Y': 9.88302   Cb: 14.036    Cr: 15.8033 )
00000589: 12.4309   (Y': 9.87711   Cb: 13.8016   Cr: 15.7076 )
00000590: 12.3144   (Y': 9.7976    Cb: 13.6296   Cr: 15.5372 )
00000591: 12.2832   (Y': 9.75939   Cb: 13.6262   Cr: 15.4896 )
00000592: 12.206    (Y': 9.6734    Cb: 13.6701   Cr: 15.2642 )
00000593: 12.2404   (Y': 9.61444   Cb: 13.8288   Cr: 15.4669 )
Total: 12.3366   (Y': 9.85438   Cb: 13.848    Cr: 15.1525 )
