00000000: 13.0201   (Y': 10.2216   Cb: 14.9932   Cr: 16.3896 )
00000001: 12.9482   (Y': 10.1097   Cb: 14.9864   Cr: 16.395  )
00000002: 12.8666   (Y': 9.98756   Cb: 14.9637   Cr: 16.4073 )
00000004: 12.7969   (Y': 9.99778   Cb: 14.7489   Cr: 16.1985 )
00000007: 12.6949   (Y': 9.9688    Cb: 14.4737   Cr: 16.0414 )
00000006: 12.6846   (Y': 9.9115    Cb: 14.5849   Cr: 16.0502 )
00000003: 12.8369   (Y': 9.99738   Cb: 14.8446   Cr: 16.331  )
00000005: 12.8397   (Y': 10.0672   Cb: 14.7495   Cr: 16.1902 )
00000008: 12.6044   (Y': 9.86284   Cb: 14.3798   Cr: 16.0192 )
00000009: 12.6059   (Y': 9.90592   Cb: 14.3661   Cr: 15.8745 )
00000010: 12.5459   (Y': 9.80146   Cb: 14.3345   Cr: 15.9534 )
00000011: 12.4974   (Y': 9.77114   Cb: 14.2797   Cr: 15.8396 )
00000013: 12.5166   (Y': 9.80413   Cb: 14.2424   Cr: 15.8848 )
00000012: 12.4691   (Y': 9.75119   Cb: 14.2394   Cr: 15.7949 )
00000014: 12.5411   (Y': 9.85117   Cb: 14.2329   Cr: 15.8675 )
00000015: 12.5747   (Y': 9.89277   Cb: 14.2304   Cr: 15.9225 )
00000016: 12.5648   (Y': 9.87461   Cb: 14.157    Cr: 16.042  )
00000018: 12.1969   (Y': 9.55055   Cb: 13.6378   Cr: 15.7316 )
00000017: 12.503    (Y': 9.80854   Cb: 14.0783   Cr: 16.0243 )
00000020: 12.0837   (Y': 9.50203   Cb: 13.3993   Cr: 15.5582 )
00000019: 12.1278   (Y': 9.5351    Cb: 13.4607   Cr: 15.6182 )
00000021: 12.0505   (Y': 9.43826   Cb: 13.4267   Cr: 15.5502 )
00000022: 12.127    (Y': 9.58558   Cb: 13.3853   Cr: 15.5355 )
00000023: 12.1551   (Y': 9.62389   Cb: 13.4049   Cr: 15.5371 )
00000024: 12.2565   (Y': 9.71584   Cb: 13.5872   Cr: 15.5456 )
00000025: 12.0566   (Y': 9.4907    Cb: 13.373    Cr: 15.4665 )
00000026: 12.2171   (Y': 9.64884   Cb: 13.6004   Cr: 15.5304 )
00000027: 12.1794   (Y': 9.61016   Cb: 13.5734   Cr: 15.4794 )
00000028: 11.9907   (Y': 9.42835   Cb: 13.3934   Cr: 15.2511 )
00000029: 12.0378   (Y': 9.47743   Cb: 13.4347   Cr: 15.2996 )
00000030: 11.9671   (Y': 9.42864   Cb: 13.3386   Cr: 15.1846 )
00000031: 11.8707   (Y': 9.32428   Cb: 13.2423   Cr: 15.1183 )
00000032: 11.7931   (Y': 9.25369   Cb: 13.1724   Cr: 15.0021 )
00000033: 11.809    (Y': 9.29973   Cb: 13.1556   Cr: 14.956  )
00000035: 11.6661   (Y': 9.21247   Cb: 12.9339   Cr: 14.7306 )
00000034: 11.7009   (Y': 9.19087   Cb: 13.0285   Cr: 14.8797 )
00000036: 11.5805   (Y': 9.11956   Cb: 12.8637   Cr: 14.6482 )
00000038: 11.4516   (Y': 9.02344   Cb: 12.7694   Cr: 14.3536 )
00000037: 11.5934   (Y': 9.11511   Cb: 12.8872   Cr: 14.707  )
00000039: 11.1418   (Y': 8.73057   Cb: 12.5336   Cr: 13.8834 )
00000040: 11.1094   (Y': 8.72926   Cb: 12.4911   Cr: 13.7641 )
00000041: 11.1844   (Y': 8.83678   Cb: 12.6391   Cr: 13.6434 )
00000042: 11.3115   (Y': 8.89215   Cb: 12.7217   Cr: 14.0549 )
00000043: 11.3557   (Y': 8.8783    Cb: 12.8279   Cr: 14.2086 )
00000044: 11.2548   (Y': 8.72751   Cb: 12.8087   Cr: 14.1681 )
00000045: 11.1725   (Y': 8.67434   Cb: 12.6993   Cr: 14.0217 )
00000046: 11.0594   (Y': 8.56566   Cb: 12.6464   Cr: 13.8137 )
00000047: 10.9896   (Y': 8.45997   Cb: 12.6177   Cr: 13.8113 )
00000048: 10.8943   (Y': 8.33147   Cb: 12.6234   Cr: 13.6988 )
00000049: 10.8553   (Y': 8.29844   Cb: 12.5559   Cr: 13.6761 )
00000050: 10.768    (Y': 8.19487   Cb: 12.5183   Cr: 13.5812 )
00000051: 10.7651   (Y': 8.1729    Cb: 12.5825   Cr: 13.5594 )
00000052: 10.7912   (Y': 8.24266   Cb: 12.5511   Cr: 13.5083 )
00000054: 10.778    (Y': 8.24999   Cb: 12.5415   Cr: 13.4226 )
00000053: 10.7617   (Y': 8.208     Cb: 12.5953   Cr: 13.4057 )
00000055: 10.7117   (Y': 8.17509   Cb: 12.5024   Cr: 13.3515 )
00000056: 10.7238   (Y': 8.20385   Cb: 12.4879   Cr: 13.341  )
00000057: 10.7117   (Y': 8.19971   Cb: 12.4909   Cr: 13.2851 )
00000058: 10.6799   (Y': 8.16227   Cb: 12.4975   Cr: 13.2255 )
00000059: 10.6698   (Y': 8.18181   Cb: 12.5038   Cr: 13.1029 )
00000061: 10.4681   (Y': 8.06235   Cb: 12.2042   Cr: 12.7637 )
00000060: 10.612    (Y': 8.17398   Cb: 12.3951   Cr: 12.9503 )
00000062: 10.1916   (Y': 7.78213   Cb: 11.919    Cr: 12.5083 )
00000063: 9.88753   (Y': 7.26914   Cb: 11.9369   Cr: 12.4938 )
00000065: 10.3243   (Y': 8.09152   Cb: 11.8493   Cr: 12.3728 )
00000066: 8.67529   (Y': 6.36097   Cb: 10.2394   Cr: 10.9041 )
00000064: 10.0026   (Y': 7.6064    Cb: 11.7221   Cr: 12.2894 )
00000068: 8.88285   (Y': 6.49677   Cb: 10.5821   Cr: 11.1629 )
00000067: 9.04125   (Y': 6.73551   Cb: 10.6207   Cr: 11.2281 )
00000069: 8.67715   (Y': 6.26908   Cb: 10.3728   Cr: 11.0264 )
00000070: 8.66206   (Y': 6.30832   Cb: 10.2877   Cr: 10.9326 )
00000071: 8.67984   (Y': 6.3384    Cb: 10.3077   Cr: 10.9123 )
00000073: 8.65587   (Y': 6.2897    Cb: 10.3277   Cr: 10.9093 )
00000072: 8.64588   (Y': 6.26635   Cb: 10.3074   Cr: 10.9501 )
00000074: 8.61908   (Y': 6.25187   Cb: 10.2464   Cr: 10.9269 )
00000075: 8.62294   (Y': 6.25849   Cb: 10.2817   Cr: 10.8863 )
00000076: 8.57387   (Y': 6.2351    Cb: 10.1826   Cr: 10.8208 )
00000077: 8.62027   (Y': 6.28644   Cb: 10.2461   Cr: 10.8334 )
00000078: 8.9216    (Y': 6.72021   Cb: 10.416    Cr: 10.9212 )
00000080: 8.62843   (Y': 6.27658   Cb: 10.2653   Cr: 10.8806 )
00000079: 8.84747   (Y': 6.64964   Cb: 10.3416   Cr: 10.838  )
00000081: 8.66493   (Y': 6.33077   Cb: 10.2801   Cr: 10.8912 )
00000082: 8.65815   (Y': 6.30092   Cb: 10.2933   Cr: 10.9278 )
00000083: 8.67169   (Y': 6.31872   Cb: 10.3152   Cr: 10.9194 )
00000084: 8.73125   (Y': 6.38937   Cb: 10.3495   Cr: 10.9761 )
00000086: 8.90268   (Y': 6.5601    Cb: 10.5192   Cr: 11.1515 )
00000085: 8.78506   (Y': 6.45422   Cb: 10.3753   Cr: 11.0307 )
00000087: 8.94458   (Y': 6.59741   Cb: 10.558    Cr: 11.2103 )
00000088: 9.01396   (Y': 6.64651   Cb: 10.6599   Cr: 11.3009 )
00000089: 9.01705   (Y': 6.64211   Cb: 10.6818   Cr: 11.304  )
00000090: 9.11175   (Y': 6.7267    Cb: 10.7978   Cr: 11.4039 )
00000091: 9.14357   (Y': 6.76073   Cb: 10.816    Cr: 11.4449 )
00000092: 9.25613   (Y': 6.86858   Cb: 10.9615   Cr: 11.5335 )
00000094: 9.30601   (Y': 6.90454   Cb: 11.0487   Cr: 11.5817 )
00000093: 9.30484   (Y': 6.92843   Cb: 11.0032   Cr: 11.5576 )
00000096: 9.33184   (Y': 6.91754   Cb: 11.0768   Cr: 11.6429 )
00000095: 9.31306   (Y': 6.90074   Cb: 11.0713   Cr: 11.6032 )
00000097: 9.35701   (Y': 6.92008   Cb: 11.1163   Cr: 11.7194 )
00000098: 9.41632   (Y': 6.99134   Cb: 11.1602   Cr: 11.7605 )
00000100: 9.45973   (Y': 7.00752   Cb: 11.2697   Cr: 11.8105 )
00000099: 9.40947   (Y': 6.96709   Cb: 11.1652   Cr: 11.7925 )
00000101: 9.48804   (Y': 7.04375   Cb: 11.259    Cr: 11.8594 )
00000102: 9.53844   (Y': 7.08531   Cb: 11.3338   Cr: 11.9086 )
00000103: 9.57462   (Y': 7.11727   Cb: 11.3766   Cr: 11.95   )
00000104: 9.67286   (Y': 7.2279    Cb: 11.4768   Cr: 12.0086 )
00000105: 9.71171   (Y': 7.2524    Cb: 11.5109   Cr: 12.0962 )
00000106: 9.81688   (Y': 7.33167   Cb: 11.6713   Cr: 12.218  )
00000107: 9.84496   (Y': 7.36241   Cb: 11.7168   Cr: 12.2181 )
00000108: 9.95299   (Y': 7.45456   Cb: 11.8105   Cr: 12.3915 )
00000109: 9.98579   (Y': 7.47837   Cb: 11.8535   Cr: 12.4407 )
00000110: 10.0679   (Y': 7.53728   Cb: 11.9995   Cr: 12.5232 )
00000111: 10.0806   (Y': 7.54041   Cb: 12.0103   Cr: 12.5681 )
00000112: 10.1819   (Y': 7.60632   Cb: 12.1574   Cr: 12.7313 )
00000113: 10.2252   (Y': 7.66231   Cb: 12.1491   Cr: 12.7927 )
00000114: 10.3208   (Y': 7.75201   Cb: 12.2302   Cr: 12.9242 )
00000115: 10.3838   (Y': 7.80985   Cb: 12.3186   Cr: 12.9749 )
00000117: 10.6208   (Y': 8.02974   Cb: 12.5638   Cr: 13.2585 )
00000116: 10.5299   (Y': 7.93731   Cb: 12.4732   Cr: 13.1728 )
00000118: 10.758    (Y': 8.08969   Cb: 12.8012   Cr: 13.5419 )
00000119: 10.8632   (Y': 8.18815   Cb: 12.9828   Cr: 13.5815 )
00000120: 11.0377   (Y': 8.3341    Cb: 13.1941   Cr: 13.8134 )
00000121: 11.1318   (Y': 8.39946   Cb: 13.3862   Cr: 13.8979 )
00000122: 11.2694   (Y': 8.54417   Cb: 13.3951   Cr: 14.1589 )
00000125: 11.3589   (Y': 8.57956   Cb: 13.5054   Cr: 14.4256 )
00000124: 11.2795   (Y': 8.52463   Cb: 13.4036   Cr: 14.2804 )
00000123: 11.2952   (Y': 8.56301   Cb: 13.4088   Cr: 14.2246 )
00000126: 11.4336   (Y': 8.59924   Cb: 13.6054   Cr: 14.6859 )
00000127: 11.5093   (Y': 8.6778    Cb: 13.6338   Cr: 14.8111 )
00000128: 11.6179   (Y': 8.80782   Cb: 13.7223   Cr: 14.8587 )
00000129: 11.691    (Y': 8.89797   Cb: 13.7397   Cr: 14.936  )
00000130: 11.759    (Y': 9.04612   Cb: 13.7354   Cr: 14.7866 )
00000133: 12.1618   (Y': 9.46316   Cb: 14.0391   Cr: 15.2648 )
00000132: 12.1174   (Y': 9.41905   Cb: 14.0407   Cr: 15.1587 )
00000131: 11.848    (Y': 9.136     Cb: 13.8368   Cr: 14.8569 )
00000134: 12.2133   (Y': 9.51571   Cb: 14.1887   Cr: 15.1856 )
00000135: 12.2694   (Y': 9.57711   Cb: 14.2297   Cr: 15.2412 )
00000136: 12.328    (Y': 9.67401   Cb: 14.1077   Cr: 15.393  )
00000138: 11.7895   (Y': 9.29548   Cb: 13.1294   Cr: 14.8907 )
00000137: 12.3244   (Y': 9.69978   Cb: 14.0387   Cr: 15.3688 )
00000139: 10.9006   (Y': 8.37923   Cb: 12.2501   Cr: 14.0881 )
00000141: 10.3465   (Y': 7.77348   Cb: 11.7793   Cr: 13.6016 )
00000140: 10.9834   (Y': 8.44549   Cb: 12.4097   Cr: 14.1167 )
00000142: 10.4438   (Y': 7.89724   Cb: 11.8729   Cr: 13.6049 )
00000143: 10.3638   (Y': 7.84353   Cb: 11.7266   Cr: 13.5267 )
00000144: 10.3109   (Y': 7.77988   Cb: 11.6723   Cr: 13.5158 )
00000145: 10.3723   (Y': 7.8393    Cb: 11.732    Cr: 13.5874 )
00000146: 10.3505   (Y': 7.8014    Cb: 11.7215   Cr: 13.6091 )
00000147: 10.3717   (Y': 7.83794   Cb: 11.7386   Cr: 13.5784 )
00000149: 10.4659   (Y': 7.92203   Cb: 11.8298   Cr: 13.7159 )
00000148: 10.4227   (Y': 7.87417   Cb: 11.7945   Cr: 13.678  )
00000151: 10.6064   (Y': 8.05241   Cb: 11.9903   Cr: 13.8637 )
00000150: 10.5424   (Y': 7.98666   Cb: 11.9265   Cr: 13.8061 )
00000152: 10.6264   (Y': 8.04479   Cb: 11.9836   Cr: 14.0329 )
00000154: 10.8415   (Y': 8.26057   Cb: 12.1811   Cr: 14.2742 )
00000153: 10.6504   (Y': 8.07192   Cb: 11.9682   Cr: 14.1081 )
00000155: 11.0455   (Y': 8.48644   Cb: 12.3832   Cr: 14.3945 )
00000157: 11.4989   (Y': 8.91179   Cb: 12.9319   Cr: 14.8083 )
00000156: 11.3506   (Y': 8.76483   Cb: 12.774    Cr: 14.6694 )
00000159: 11.92     (Y': 9.32277   Cb: 13.5396   Cr: 14.9939 )
00000158: 11.7771   (Y': 9.17826   Cb: 13.3716   Cr: 14.8922 )
00000160: 12.1293   (Y': 9.49805   Cb: 13.9226   Cr: 15.0925 )
00000161: 12.2168   (Y': 9.55109   Cb: 14.0679   Cr: 15.2307 )
00000162: 12.3753   (Y': 9.6296    Cb: 14.4369   Cr: 15.419  )
00000163: 12.3937   (Y': 9.62535   Cb: 14.4676   Cr: 15.5087 )
00000164: 12.4888   (Y': 9.65646   Cb: 14.6685   Cr: 15.7229 )
00000165: 12.4539   (Y': 9.58269   Cb: 14.6967   Cr: 15.7662 )
00000166: 12.3301   (Y': 9.41154   Cb: 14.7059   Cr: 15.673  )
00000167: 12.2381   (Y': 9.3061    Cb: 14.575    Cr: 15.688  )
00000168: 12.1031   (Y': 9.14286   Cb: 14.4606   Cr: 15.6509 )
00000169: 12.1079   (Y': 9.15473   Cb: 14.4754   Cr: 15.6109 )
00000170: 12.0826   (Y': 9.10485   Cb: 14.588    Cr: 15.519  )
00000172: 11.8578   (Y': 8.92536   Cb: 14.2976   Cr: 15.18   )
00000171: 12.0487   (Y': 9.08395   Cb: 14.5479   Cr: 15.4364 )
00000173: 11.7509   (Y': 8.8439    Cb: 14.0959   Cr: 15.0836 )
00000174: 11.5671   (Y': 8.72767   Cb: 13.8182   Cr: 14.7401 )
00000175: 11.6012   (Y': 8.78087   Cb: 13.8385   Cr: 14.7151 )
00000176: 11.602    (Y': 8.84923   Cb: 13.7433   Cr: 14.5744 )
00000178: 11.2862   (Y': 8.6524    Cb: 13.2298   Cr: 14.0691 )
00000177: 11.5626   (Y': 8.83851   Cb: 13.6719   Cr: 14.4675 )
00000179: 11.1828   (Y': 8.59545   Cb: 13.0504   Cr: 13.8984 )
00000180: 10.8686   (Y': 8.33446   Cb: 12.6545   Cr: 13.506  )
00000183: 10.1416   (Y': 7.7843    Cb: 11.6241   Cr: 12.595  )
00000182: 10.3145   (Y': 7.92594   Cb: 11.8701   Cr: 12.7724 )
00000181: 10.7201   (Y': 8.24851   Cb: 12.3935   Cr: 13.2925 )
00000184: 9.92527   (Y': 7.63029   Cb: 11.3119   Cr: 12.3132 )
00000185: 9.82462   (Y': 7.57632   Cb: 11.1468   Cr: 12.1581 )
00000186: 9.92655   (Y': 7.73177   Cb: 11.1633   Cr: 12.2163 )
00000187: 10.4967   (Y': 8.23442   Cb: 11.9512   Cr: 12.7079 )
00000188: 10.4527   (Y': 8.21453   Cb: 11.9276   Cr: 12.5733 )
00000189: 10.5661   (Y': 8.25726   Cb: 12.1667   Cr: 12.7374 )
00000190: 10.4016   (Y': 8.07863   Cb: 12.0497   Cr: 12.5588 )
00000191: 10.3308   (Y': 7.99899   Cb: 11.9682   Cr: 12.5252 )
00000192: 10.3443   (Y': 7.9502    Cb: 12.0589   Cr: 12.6303 )
00000193: 10.4662   (Y': 8.03964   Cb: 12.2465   Cr: 12.7738 )
00000194: 10.5996   (Y': 8.05939   Cb: 12.5429   Cr: 13.072  )
00000196: 10.8328   (Y': 8.23991   Cb: 12.8202   Cr: 13.4253 )
00000195: 10.6522   (Y': 8.09341   Cb: 12.5984   Cr: 13.181  )
00000198: 11.1095   (Y': 8.47509   Cb: 13.1414   Cr: 13.7899 )
00000199: 11.2055   (Y': 8.54287   Cb: 13.2063   Cr: 14.0204 )
00000197: 10.8932   (Y': 8.31483   Cb: 12.8447   Cr: 13.4794 )
00000200: 11.3773   (Y': 8.69855   Cb: 13.4211   Cr: 14.1974 )
00000202: 11.5801   (Y': 8.83254   Cb: 13.6551   Cr: 14.6145 )
00000201: 11.4591   (Y': 8.74493   Cb: 13.5159   Cr: 14.3912 )
00000204: 11.7005   (Y': 8.91892   Cb: 13.7287   Cr: 14.927  )
00000203: 11.6359   (Y': 8.88311   Cb: 13.6688   Cr: 14.7434 )
00000205: 11.7093   (Y': 8.93952   Cb: 13.7047   Cr: 14.9318 )
00000206: 11.7375   (Y': 8.94614   Cb: 13.7971   Cr: 14.9617 )
00000207: 11.7812   (Y': 8.97662   Cb: 13.8097   Cr: 15.0998 )
00000208: 11.8613   (Y': 9.03812   Cb: 13.9681   Cr: 15.152  )
00000209: 11.9852   (Y': 9.12975   Cb: 13.9353   Cr: 15.6323 )
00000210: 18.6305   (Y': 14.8626   Cb: 23.9586   Cr: 23.5037 )
00000211: 16.4341   (Y': 12.6413   Cb: 21.3408   Cr: 21.9313 )
00000212: 13.8212   (Y': 10.1101   Cb: 18.2835   Cr: 19.17   )
00000213: 13.1121   (Y': 9.44617   Cb: 17.3728   Cr: 18.353  )
00000214: 12.1419   (Y': 8.58719   Cb: 16.071    Cr: 16.9801 )
00000215: 11.7702   (Y': 8.28374   Cb: 15.5818   Cr: 16.2984 )
00000216: 11.2643   (Y': 7.92412   Cb: 14.634    Cr: 15.4453 )
00000217: 11.0382   (Y': 7.77397   Cb: 14.2276   Cr: 15.0198 )
00000218: 10.7171   (Y': 7.59338   Cb: 13.5404   Cr: 14.4326 )
00000219: 10.5721   (Y': 7.5042    Cb: 13.2939   Cr: 14.1478 )
00000220: 10.6602   (Y': 7.63446   Cb: 13.3016   Cr: 14.1423 )
00000221: 10.7233   (Y': 7.69536   Cb: 13.3813   Cr: 14.1948 )
00000222: 10.733    (Y': 7.73513   Cb: 13.368    Cr: 14.0996 )
00000223: 10.808    (Y': 7.81076   Cb: 13.4156   Cr: 14.2047 )
00000224: 10.8561   (Y': 7.84885   Cb: 13.4607   Cr: 14.3005 )
00000225: 10.9234   (Y': 7.92475   Cb: 13.5395   Cr: 14.3162 )
00000226: 10.9673   (Y': 7.95682   Cb: 13.614    Cr: 14.3751 )
00000228: 11.0671   (Y': 8.06061   Cb: 13.7281   Cr: 14.4404 )
00000227: 11.0194   (Y': 8.01913   Cb: 13.6363   Cr: 14.4184 )
00000230: 11.1197   (Y': 8.13506   Cb: 13.7275   Cr: 14.4617 )
00000229: 11.0833   (Y': 8.08242   Cb: 13.6927   Cr: 14.494  )
00000231: 11.1079   (Y': 8.12142   Cb: 13.6757   Cr: 14.506  )
00000232: 11.0769   (Y': 8.09182   Cb: 13.6253   Cr: 14.4921 )
00000233: 11.1112   (Y': 8.14414   Cb: 13.617    Cr: 14.5006 )
00000234: 11.3363   (Y': 8.43997   Cb: 13.746    Cr: 14.545  )
00000235: 11.0477   (Y': 8.05242   Cb: 13.571    Cr: 14.5388 )
00000236: 11.0774   (Y': 8.07764   Cb: 13.5941   Cr: 14.5973 )
00000238: 11.3774   (Y': 8.43842   Cb: 13.7676   Cr: 14.7895 )
00000237: 11.3308   (Y': 8.39939   Cb: 13.6616   Cr: 14.7862 )
00000239: 11.4546   (Y': 8.50232   Cb: 13.8473   Cr: 14.9212 )
00000240: 11.5679   (Y': 8.64556   Cb: 13.8614   Cr: 15.0324 )
00000241: 11.5912   (Y': 8.66566   Cb: 13.9354   Cr: 15.0039 )
00000242: 11.6921   (Y': 8.75885   Cb: 14.0094   Cr: 15.1726 )
00000244: 11.7923   (Y': 8.83271   Cb: 14.1637   Cr: 15.3189 )
00000243: 11.7211   (Y': 8.77291   Cb: 14.0323   Cr: 15.2757 )
00000245: 11.8156   (Y': 8.8634    Cb: 14.1381   Cr: 15.3735 )
00000246: 11.8953   (Y': 8.92145   Cb: 14.2702   Cr: 15.481  )
00000248: 11.9811   (Y': 9.00821   Cb: 14.3912   Cr: 15.5165 )
00000247: 11.8547   (Y': 8.89066   Cb: 14.1745   Cr: 15.4697 )
00000249: 12.0023   (Y': 9.02585   Cb: 14.4316   Cr: 15.5287 )
00000250: 12.0352   (Y': 9.03806   Cb: 14.4891   Cr: 15.623  )
00000251: 12.077    (Y': 9.06177   Cb: 14.5919   Cr: 15.6693 )
00000252: 12.1983   (Y': 9.19546   Cb: 14.7295   Cr: 15.7137 )
00000253: 12.3144   (Y': 9.31888   Cb: 14.8631   Cr: 15.7756 )
00000254: 12.3832   (Y': 9.34939   Cb: 15.0478   Cr: 15.8729 )
00000255: 12.4988   (Y': 9.44788   Cb: 15.2002   Cr: 16.0212 )
00000256: 12.6143   (Y': 9.55057   Cb: 15.4251   Cr: 16.0656 )
00000257: 12.6626   (Y': 9.59378   Cb: 15.4574   Cr: 16.1553 )
00000258: 12.7489   (Y': 9.67113   Cb: 15.6198   Cr: 16.194  )
00000259: 12.7084   (Y': 9.61302   Cb: 15.5915   Cr: 16.2194 )
00000260: 12.7639   (Y': 9.74779   Cb: 15.5941   Cr: 15.9865 )
00000261: 12.693    (Y': 9.63766   Cb: 15.5882   Cr: 16.0119 )
00000262: 12.7088   (Y': 9.64679   Cb: 15.5587   Cr: 16.1077 )
00000263: 12.5678   (Y': 9.49012   Cb: 15.4414   Cr: 16.0091 )
00000264: 12.5844   (Y': 9.46976   Cb: 15.5317   Cr: 16.1102 )
00000265: 12.591    (Y': 9.48782   Cb: 15.4502   Cr: 16.1661 )
00000266: 12.5266   (Y': 9.441     Cb: 15.4163   Cr: 15.9853 )
00000267: 12.5777   (Y': 9.51184   Cb: 15.4767   Cr: 15.9381 )
00000268: 12.6126   (Y': 9.58547   Cb: 15.4025   Cr: 15.9269 )
00000269: 12.5708   (Y': 9.53225   Cb: 15.3407   Cr: 15.9578 )
00000270: 12.6145   (Y': 9.66381   Cb: 15.2497   Cr: 15.7825 )
00000271: 12.6262   (Y': 9.70127   Cb: 15.2444   Cr: 15.7093 )
00000272: 12.6115   (Y': 9.62278   Cb: 15.2562   Cr: 15.9275 )
00000273: 12.5836   (Y': 9.57392   Cb: 15.283    Cr: 15.9264 )
00000274: 12.5437   (Y': 9.56585   Cb: 15.1024   Cr: 15.915  )
00000275: 12.4921   (Y': 9.54667   Cb: 14.9255   Cr: 15.8779 )
00000278: 12.5054   (Y': 9.47822   Cb: 14.9551   Cr: 16.2391 )
00000277: 12.493    (Y': 9.49515   Cb: 14.9133   Cr: 16.1286 )
00000276: 12.4787   (Y': 9.4929    Cb: 14.9063   Cr: 16.0498 )
00000280: 12.498    (Y': 9.46793   Cb: 14.8486   Cr: 16.3825 )
00000279: 12.4707   (Y': 9.44933   Cb: 14.8223   Cr: 16.311  )
00000281: 12.4933   (Y': 9.49391   Cb: 14.8296   Cr: 16.2494 )
00000282: 12.5082   (Y': 9.48682   Cb: 14.8396   Cr: 16.3775 )
00000283: 12.5139   (Y': 9.4861    Cb: 14.8661   Cr: 16.3846 )
00000284: 12.5788   (Y': 9.57135   Cb: 14.8386   Cr: 16.4827 )
00000286: 12.552    (Y': 9.56139   Cb: 14.8738   Cr: 16.2874 )
00000285: 12.5179   (Y': 9.52096   Cb: 14.7555   Cr: 16.4033 )
00000288: 12.4489   (Y': 9.45965   Cb: 14.7638   Cr: 16.1874 )
00000287: 12.5287   (Y': 9.52428   Cb: 14.8363   Cr: 16.3492 )
00000289: 12.4321   (Y': 9.43876   Cb: 14.8082   Cr: 16.1054 )
00000290: 12.4614   (Y': 9.51881   Cb: 14.8197   Cr: 15.9301 )
00000291: 12.4797   (Y': 9.59392   Cb: 14.8011   Cr: 15.7536 )
00000292: 12.3843   (Y': 9.50607   Cb: 14.7498   Cr: 15.5729 )
00000294: 12.3959   (Y': 9.57109   Cb: 14.6872   Cr: 15.4621 )
00000293: 12.4754   (Y': 9.62957   Cb: 14.8192   Cr: 15.5614 )
00000296: 12.3428   (Y': 9.55114   Cb: 14.5556   Cr: 15.3756 )
00000295: 12.3936   (Y': 9.57549   Cb: 14.6278   Cr: 15.5027 )
00000297: 12.3046   (Y': 9.50665   Cb: 14.4574   Cr: 15.4359 )
00000298: 12.2598   (Y': 9.52324   Cb: 14.3027   Cr: 15.2927 )
00000299: 12.1864   (Y': 9.46964   Cb: 14.236    Cr: 15.1367 )
00000301: 12.0421   (Y': 9.34039   Cb: 14.0661   Cr: 14.9692 )
00000300: 12.0675   (Y': 9.36135   Cb: 14.0668   Cr: 15.0413 )
00000302: 12.0376   (Y': 9.35613   Cb: 14.0355   Cr: 14.9229 )
00000303: 12.0338   (Y': 9.32259   Cb: 14.1097   Cr: 14.9322 )
00000304: 12.0665   (Y': 9.36139   Cb: 14.179    Cr: 14.8992 )
00000305: 12.1412   (Y': 9.4354    Cb: 14.2845   Cr: 14.94   )
00000306: 12.1439   (Y': 9.44008   Cb: 14.2635   Cr: 14.9636 )
00000307: 12.1585   (Y': 9.46372   Cb: 14.2536   Cr: 14.9747 )
00000309: 12.204    (Y': 9.47362   Cb: 14.3273   Cr: 15.1151 )
00000308: 12.2014   (Y': 9.48878   Cb: 14.2523   Cr: 15.1352 )
00000311: 12.3004   (Y': 9.62089   Cb: 14.3623   Cr: 15.102  )
00000310: 12.2742   (Y': 9.58702   Cb: 14.3172   Cr: 15.1255 )
00000312: 12.4102   (Y': 9.75062   Cb: 14.4701   Cr: 15.1441 )
00000313: 12.3873   (Y': 9.76046   Cb: 14.4503   Cr: 15.0064 )
00000314: 12.5597   (Y': 9.91157   Cb: 14.5769   Cr: 15.3042 )
00000315: 12.6542   (Y': 10.039    Cb: 14.6198   Cr: 15.3468 )
00000316: 12.8101   (Y': 10.1158   Cb: 14.8588   Cr: 15.68   )
00000317: 12.7248   (Y': 10.052    Cb: 14.8841   Cr: 15.3903 )
00000318: 12.5277   (Y': 9.89233   Cb: 14.6054   Cr: 15.1589 )
00000319: 12.5738   (Y': 9.95811   Cb: 14.6051   Cr: 15.1915 )
00000320: 12.6486   (Y': 9.97019   Cb: 14.7356   Cr: 15.4163 )
00000321: 12.713    (Y': 10.0406   Cb: 14.8588   Cr: 15.3921 )
00000323: 12.9263   (Y': 10.237    Cb: 15.078    Cr: 15.6572 )
00000322: 12.872    (Y': 10.2185   Cb: 14.9697   Cr: 15.5415 )
00000324: 12.969    (Y': 10.2453   Cb: 15.1416   Cr: 15.7979 )
00000325: 13.1166   (Y': 10.3863   Cb: 15.3643   Cr: 15.8831 )
00000327: 13.241    (Y': 10.5565   Cb: 15.4806   Cr: 15.8574 )
00000326: 13.2344   (Y': 10.5392   Cb: 15.4741   Cr: 15.8875 )
00000328: 13.3267   (Y': 10.6551   Cb: 15.6288   Cr: 15.8336 )
00000329: 13.4333   (Y': 10.8058   Cb: 15.6272   Cr: 15.9105 )
00000330: 13.5296   (Y': 10.818    Cb: 15.7282   Cr: 16.2857 )
00000331: 13.5368   (Y': 10.7951   Cb: 15.6915   Cr: 16.4519 )
00000332: 13.4243   (Y': 10.68     Cb: 15.5072   Cr: 16.4363 )
00000333: 13.2949   (Y': 10.5748   Cb: 15.3752   Cr: 16.22   )
00000334: 13.4597   (Y': 10.776    Cb: 15.5228   Cr: 16.2744 )
00000335: 13.3199   (Y': 10.5647   Cb: 15.5321   Cr: 16.2172 )
00000336: 13.8161   (Y': 11.0805   Cb: 16.1151   Cr: 16.5439 )
00000337: 13.7348   (Y': 10.9999   Cb: 16.0509   Cr: 16.441  )
00000339: 12.7702   (Y': 10.2872   Cb: 14.5      Cr: 15.3097 )
00000338: 13.0596   (Y': 10.5072   Cb: 14.9241   Cr: 15.6626 )
00000340: 12.71     (Y': 10.2333   Cb: 14.6226   Cr: 15.0205 )
00000341: 12.777    (Y': 10.2097   Cb: 14.8156   Cr: 15.2289 )
00000343: 12.4977   (Y': 9.92447   Cb: 14.4812   Cr: 15.0305 )
00000342: 12.6401   (Y': 10.0929   Cb: 14.5897   Cr: 15.1276 )
00000344: 12.4089   (Y': 9.79928   Cb: 14.4975   Cr: 14.9424 )
00000345: 12.505    (Y': 9.96128   Cb: 14.5143   Cr: 14.9152 )
00000346: 12.6225   (Y': 10.0832   Cb: 14.6445   Cr: 15.0047 )
00000347: 12.6501   (Y': 10.0811   Cb: 14.8043   Cr: 14.9837 )
00000348: 12.5557   (Y': 9.93241   Cb: 14.7604   Cr: 15.0076 )
00000349: 12.5274   (Y': 9.88798   Cb: 14.7919   Cr: 14.9685 )
00000350: 12.4642   (Y': 9.76946   Cb: 14.7573   Cr: 15.0578 )
00000351: 12.38     (Y': 9.66753   Cb: 14.6948   Cr: 15.0102 )
00000352: 12.2847   (Y': 9.54151   Cb: 14.6486   Cr: 14.9686 )
00000353: 12.2608   (Y': 9.54556   Cb: 14.5791   Cr: 14.8966 )
00000354: 12.2137   (Y': 9.55444   Cb: 14.4082   Cr: 14.7946 )
00000355: 12.2545   (Y': 9.64302   Cb: 14.3066   Cr: 14.8348 )
00000356: 12.4087   (Y': 9.77145   Cb: 14.4867   Cr: 15.0453 )
00000357: 12.7926   (Y': 9.78316   Cb: 15.473    Cr: 16.1561 )
00000358: 13.2871   (Y': 10.2711   Cb: 15.961    Cr: 16.6868 )
00000359: 13.3427   (Y': 10.3566   Cb: 16.0116   Cr: 16.6199 )
00000360: 13.1092   (Y': 10.1435   Cb: 15.7658   Cr: 16.3149 )
00000361: 13.111    (Y': 10.0617   Cb: 15.8668   Cr: 16.5614 )
00000362: 13.0672   (Y': 10.0451   Cb: 15.6825   Cr: 16.5648 )
00000363: 13.2507   (Y': 10.1958   Cb: 15.9573   Cr: 16.7854 )
00000365: 13.1376   (Y': 10.078    Cb: 15.7661   Cr: 16.7907 )
00000364: 13.3567   (Y': 10.282    Cb: 16.1267   Cr: 16.9058 )
00000367: 12.9272   (Y': 9.9691    Cb: 15.1885   Cr: 16.5947 )
00000366: 12.9044   (Y': 9.93486   Cb: 15.2013   Cr: 16.5753 )
00000368: 12.9603   (Y': 10.0212   Cb: 15.1823   Cr: 16.5955 )
00000369: 12.8389   (Y': 9.91624   Cb: 15.0131   Cr: 16.4662 )
00000372: 12.2277   (Y': 9.34504   Cb: 14.2247   Cr: 15.9279 )
00000371: 12.3441   (Y': 9.45025   Cb: 14.3997   Cr: 16.0096 )
00000370: 12.5418   (Y': 9.63466   Cb: 14.6097   Cr: 16.2496 )
00000373: 12.1393   (Y': 9.24944   Cb: 14.157    Cr: 15.8416 )
00000375: 12.1309   (Y': 9.20806   Cb: 14.1493   Cr: 15.9863 )
00000374: 12.1249   (Y': 9.21986   Cb: 14.1441   Cr: 15.8956 )
00000376: 12.1971   (Y': 9.16512   Cb: 14.3218   Cr: 16.4347 )
00000377: 12.2629   (Y': 9.25796   Cb: 14.3957   Cr: 16.3464 )
00000378: 12.2878   (Y': 9.31586   Cb: 14.4136   Cr: 16.2169 )
00000379: 12.2676   (Y': 9.25005   Cb: 14.479    Cr: 16.2941 )
00000380: 12.3241   (Y': 9.28965   Cb: 14.5928   Cr: 16.3503 )
00000381: 12.3863   (Y': 9.35194   Cb: 14.7386   Cr: 16.2891 )
00000382: 12.459    (Y': 9.34666   Cb: 14.9913   Cr: 16.5011 )
00000383: 12.4882   (Y': 9.37603   Cb: 15.0413   Cr: 16.5    )
00000384: 12.5065   (Y': 9.37565   Cb: 15.0945   Cr: 16.5667 )
00000385: 12.5029   (Y': 9.43875   Cb: 15.0511   Cr: 16.2814 )
00000386: 12.55     (Y': 9.44794   Cb: 15.1809   Cr: 16.4047 )
00000387: 12.5869   (Y': 9.48541   Cb: 15.1829   Cr: 16.4853 )
00000388: 12.716    (Y': 9.52598   Cb: 15.4705   Cr: 16.8598 )
00000389: 12.684    (Y': 9.49671   Cb: 15.4424   Cr: 16.8074 )
00000390: 12.6778   (Y': 9.41632   Cb: 15.4744   Cr: 17.1668 )
00000391: 12.675    (Y': 9.45374   Cb: 15.3599   Cr: 17.0936 )
00000392: 12.7524   (Y': 9.55592   Cb: 15.3051   Cr: 17.2281 )
00000393: 12.7796   (Y': 9.59761   Cb: 15.3244   Cr: 17.1832 )
00000394: 12.7733   (Y': 9.66231   Cb: 15.1516   Cr: 17.036  )
00000395: 12.8498   (Y': 9.76051   Cb: 15.1473   Cr: 17.1195 )
00000396: 13.0303   (Y': 9.95809   Cb: 15.3311   Cr: 17.2034 )
00000397: 13.1066   (Y': 10.0292   Cb: 15.5346   Cr: 17.1172 )
00000398: 13.0071   (Y': 9.95866   Cb: 15.3695   Cr: 16.966  )
00000399: 13.0237   (Y': 10.0084   Cb: 15.2943   Cr: 16.9509 )
00000400: 12.8698   (Y': 9.88361   Cb: 15.0717   Cr: 16.7552 )
00000401: 12.9269   (Y': 9.91692   Cb: 15.1377   Cr: 16.9162 )
00000402: 13.0303   (Y': 9.96931   Cb: 15.2964   Cr: 17.1974 )
00000403: 12.9258   (Y': 9.8584    Cb: 15.1651   Cr: 17.1689 )
00000404: 12.6932   (Y': 9.63411   Cb: 14.8509   Cr: 17.0239 )
00000405: 12.6072   (Y': 9.58595   Cb: 14.6729   Cr: 16.8845 )
00000406: 12.4511   (Y': 9.36398   Cb: 14.6163   Cr: 16.9258 )
00000407: 12.3721   (Y': 9.24504   Cb: 14.6089   Cr: 16.956  )
00000408: 12.382    (Y': 9.20701   Cb: 14.7674   Cr: 16.9998 )
00000409: 12.4183   (Y': 9.23748   Cb: 14.8068   Cr: 17.0663 )
00000410: 12.4152   (Y': 9.19841   Cb: 14.9026   Cr: 17.118  )
00000411: 12.4424   (Y': 9.20993   Cb: 14.967    Cr: 17.1807 )
00000412: 12.4596   (Y': 9.23199   Cb: 15.0375   Cr: 17.081  )
00000413: 12.5526   (Y': 9.35079   Cb: 15.1341   Cr: 17.0142 )
00000414: 12.6603   (Y': 9.47999   Cb: 15.1979   Cr: 17.0655 )
00000415: 12.7125   (Y': 9.55411   Cb: 15.2293   Cr: 17.0249 )
00000416: 12.6739   (Y': 9.5424    Cb: 15.2288   Cr: 16.7842 )
00000417: 12.561    (Y': 9.45371   Cb: 15.0574   Cr: 16.6281 )
00000419: 12.4575   (Y': 9.36595   Cb: 14.8983   Cr: 16.5231 )
00000418: 12.4601   (Y': 9.38685   Cb: 14.8456   Cr: 16.511  )
00000420: 12.5118   (Y': 9.41416   Cb: 14.9841   Cr: 16.5629 )
00000421: 12.4926   (Y': 9.43263   Cb: 14.8402   Cr: 16.5315 )
00000422: 12.6057   (Y': 9.59711   Cb: 14.8134   Cr: 16.5926 )
00000423: 12.7171   (Y': 9.73851   Cb: 14.7716   Cr: 16.79   )
00000424: 12.6425   (Y': 9.67291   Cb: 14.6403   Cr: 16.7615 )
00000426: 12.6319   (Y': 9.64247   Cb: 14.6519   Cr: 16.8168 )
00000428: 12.5655   (Y': 9.56093   Cb: 14.4989   Cr: 16.979  )
00000427: 12.6412   (Y': 9.64565   Cb: 14.5912   Cr: 16.9765 )
00000429: 12.531    (Y': 9.53047   Cb: 14.4799   Cr: 16.8954 )
00000425: 12.6629   (Y': 9.68952   Cb: 14.6521   Cr: 16.8149 )
00000430: 12.5937   (Y': 9.66109   Cb: 14.3997   Cr: 16.8458 )
00000431: 12.5695   (Y': 9.62909   Cb: 14.4306   Cr: 16.7665 )
00000432: 12.5907   (Y': 9.71851   Cb: 14.3413   Cr: 16.6321 )
00000433: 12.5459   (Y': 9.68082   Cb: 14.2897   Cr: 16.564  )
00000436: 12.1882   (Y': 9.36687   Cb: 13.8744   Cr: 16.0931 )
00000435: 12.3719   (Y': 9.5066    Cb: 14.128    Cr: 16.3701 )
00000434: 12.4724   (Y': 9.61234   Cb: 14.2209   Cr: 16.4578 )
00000437: 12.1104   (Y': 9.28622   Cb: 13.7737   Cr: 16.0673 )
00000438: 11.9948   (Y': 9.15827   Cb: 13.7386   Cr: 15.876  )
00000439: 11.9471   (Y': 9.13091   Cb: 13.6914   Cr: 15.7333 )
00000440: 12.0203   (Y': 9.15463   Cb: 13.976    Cr: 15.7053 )
00000441: 12.1121   (Y': 9.18807   Cb: 14.1973   Cr: 15.873  )
00000442: 12.1101   (Y': 9.16895   Cb: 14.1983   Cr: 15.9475 )
00000443: 12.0424   (Y': 9.12102   Cb: 14.1354   Cr: 15.7795 )
00000445: 12.0529   (Y': 9.13189   Cb: 14.183    Cr: 15.7351 )
00000444: 12.0839   (Y': 9.14324   Cb: 14.2319   Cr: 15.8308 )
00000447: 12.0692   (Y': 9.13629   Cb: 14.1453   Cr: 15.8854 )
00000446: 12.0999   (Y': 9.12974   Cb: 14.2911   Cr: 15.9238 )
00000448: 12.0309   (Y': 9.09165   Cb: 14.1172   Cr: 15.8619 )
00000449: 11.9672   (Y': 9.01934   Cb: 14.0425   Cr: 15.856  )
00000451: 11.8089   (Y': 8.98094   Cb: 13.7112   Cr: 15.4051 )
00000450: 11.7924   (Y': 8.92713   Cb: 13.7598   Cr: 15.4577 )
00000452: 11.7209   (Y': 8.86172   Cb: 13.707    Cr: 15.332  )
00000453: 11.8383   (Y': 8.99192   Cb: 13.7889   Cr: 15.444  )
00000454: 11.9995   (Y': 9.1126    Cb: 14.0872   Cr: 15.5882 )
00000456: 12.0503   (Y': 9.07984   Cb: 14.3531   Cr: 15.7178 )
00000455: 11.9895   (Y': 9.04701   Cb: 14.1761   Cr: 15.6898 )
00000460: 12.2561   (Y': 9.37883   Cb: 14.3592   Cr: 15.7809 )
00000457: 12.1183   (Y': 9.16642   Cb: 14.3678   Cr: 15.7735 )
00000459: 12.2888   (Y': 9.42079   Cb: 14.4063   Cr: 15.7534 )
00000458: 12.2593   (Y': 9.38151   Cb: 14.3706   Cr: 15.7744 )
00000461: 12.2455   (Y': 9.36422   Cb: 14.3171   Cr: 15.8315 )
00000462: 12.2882   (Y': 9.44031   Cb: 14.3298   Cr: 15.7707 )
00000463: 12.3221   (Y': 9.54773   Cb: 14.2491   Cr: 15.6557 )
00000464: 12.3294   (Y': 9.62029   Cb: 14.205    Cr: 15.4747 )
00000465: 12.2344   (Y': 9.50254   Cb: 14.1142   Cr: 15.4626 )
00000467: 12.0502   (Y': 9.37904   Cb: 13.8721   Cr: 15.123  )
00000466: 12.0932   (Y': 9.40858   Cb: 13.8964   Cr: 15.2419 )
00000470: 12.0832   (Y': 9.51386   Cb: 13.9509   Cr: 14.7384 )
00000468: 12.1157   (Y': 9.44663   Cb: 14.0828   Cr: 14.9942 )
00000471: 12.1763   (Y': 9.6913    Cb: 13.9032   Cr: 14.7261 )
00000469: 12.0219   (Y': 9.38026   Cb: 13.9758   Cr: 14.8198 )
00000472: 12.02     (Y': 9.59045   Cb: 13.7891   Cr: 14.3492 )
00000474: 12.0478   (Y': 9.58172   Cb: 13.8762   Cr: 14.4198 )
00000475: 12.0464   (Y': 9.56195   Cb: 13.8466   Cr: 14.5074 )
00000473: 12.0816   (Y': 9.65993   Cb: 13.8667   Cr: 14.3691 )
00000476: 11.964    (Y': 9.44762   Cb: 13.8534   Cr: 14.4224 )
00000477: 11.9489   (Y': 9.41904   Cb: 13.9184   Cr: 14.3596 )
00000478: 11.9872   (Y': 9.4546    Cb: 14.019    Cr: 14.3382 )
00000479: 11.9693   (Y': 9.41297   Cb: 13.9544   Cr: 14.4461 )
00000480: 11.8973   (Y': 9.38504   Cb: 13.9337   Cr: 14.1815 )
00000481: 11.937    (Y': 9.39416   Cb: 14.057    Cr: 14.2259 )
00000483: 11.678    (Y': 9.22828   Cb: 13.4889   Cr: 14.0201 )
00000482: 11.6595   (Y': 9.18729   Cb: 13.6049   Cr: 13.9206 )
00000485: 12.2793   (Y': 9.86455   Cb: 14.0106   Cr: 14.6071 )
00000484: 12.522    (Y': 9.97692   Cb: 14.5911   Cr: 14.8717 )
00000487: 12.1123   (Y': 9.91179   Cb: 13.5666   Cr: 14.1549 )
00000486: 12.3502   (Y': 10.0585   Cb: 13.9673   Cr: 14.4552 )
00000488: 11.3844   (Y': 9.39404   Cb: 12.5563   Cr: 13.2212 )
00000489: 11.3221   (Y': 9.28273   Cb: 12.4122   Cr: 13.3798 )
00000491: 11.3833   (Y': 9.21157   Cb: 12.6341   Cr: 13.5914 )
00000490: 11.4003   (Y': 9.24907   Cb: 12.7146   Cr: 13.476  )
00000492: 11.3414   (Y': 9.14614   Cb: 12.5767   Cr: 13.6346 )
00000493: 11.2867   (Y': 9.0656    Cb: 12.5703   Cr: 13.5914 )
00000494: 11.1864   (Y': 8.92148   Cb: 12.4798   Cr: 13.6053 )
00000495: 11.1217   (Y': 8.87016   Cb: 12.4228   Cr: 13.4913 )
00000496: 11.0511   (Y': 8.69573   Cb: 12.4795   Cr: 13.5674 )
00000497: 11.1163   (Y': 8.82739   Cb: 12.4465   Cr: 13.5579 )
00000498: 11.133    (Y': 8.7917    Cb: 12.5172   Cr: 13.663  )
00000499: 11.157    (Y': 8.81183   Cb: 12.5734   Cr: 13.657  )
00000500: 11.1744   (Y': 8.77892   Cb: 12.6355   Cr: 13.7733 )
00000501: 11.1053   (Y': 8.75232   Cb: 12.4887   Cr: 13.6727 )
00000502: 11.2152   (Y': 8.787     Cb: 12.8222   Cr: 13.7319 )
00000503: 11.7008   (Y': 9.0973    Cb: 13.7244   Cr: 14.2867 )
00000504: 11.818    (Y': 9.41524   Cb: 13.6579   Cr: 13.9903 )
00000506: 12.0653   (Y': 9.558     Cb: 13.8898   Cr: 14.57   )
00000505: 11.8841   (Y': 9.45881   Cb: 13.6966   Cr: 14.1517 )
00000507: 12.0592   (Y': 9.57684   Cb: 13.9716   Cr: 14.3867 )
00000508: 11.7491   (Y': 9.36186   Cb: 13.6757   Cr: 13.7865 )
00000509: 11.7423   (Y': 9.39253   Cb: 13.627    Cr: 13.7195 )
00000510: 11.7612   (Y': 9.48421   Cb: 13.6148   Cr: 13.578  )
00000511: 11.6485   (Y': 9.3511    Cb: 13.6671   Cr: 13.3588 )
00000512: 11.579    (Y': 9.18978   Cb: 13.5855   Cr: 13.5409 )
00000513: 11.4487   (Y': 8.99195   Cb: 13.4032   Cr: 13.6546 )
00000514: 11.2428   (Y': 8.72537   Cb: 13.0921   Cr: 13.7505 )
00000515: 11.2907   (Y': 8.79877   Cb: 13.1035   Cr: 13.7605 )
00000516: 11.2539   (Y': 8.75743   Cb: 13.1778   Cr: 13.6119 )
00000518: 11.0317   (Y': 8.5521    Cb: 12.7556   Cr: 13.5681 )
00000517: 11.1619   (Y': 8.66328   Cb: 13.0031   Cr: 13.6199 )
00000519: 10.9957   (Y': 8.51306   Cb: 12.6292   Cr: 13.6535 )
00000520: 10.7753   (Y': 8.29654   Cb: 12.379    Cr: 13.4582 )
00000521: 10.6799   (Y': 8.22082   Cb: 12.285    Cr: 13.2972 )
00000522: 10.5022   (Y': 8.01974   Cb: 12.1442   Cr: 13.1484 )
00000524: 10.286    (Y': 7.71988   Cb: 12.0964   Cr: 13      )
00000523: 10.4556   (Y': 7.97868   Cb: 12.1153   Cr: 13.0619 )
00000525: 10.2216   (Y': 7.65805   Cb: 12.094    Cr: 12.8517 )
00000526: 10.1955   (Y': 7.58319   Cb: 12.1056   Cr: 12.9445 )
00000527: 10.2288   (Y': 7.62226   Cb: 12.1387   Cr: 12.9586 )
00000528: 10.2758   (Y': 7.66293   Cb: 12.1866   Cr: 13.0261 )
00000529: 10.321    (Y': 7.72255   Cb: 12.2197   Cr: 13.0366 )
00000530: 10.3709   (Y': 7.7914    Cb: 12.2596   Cr: 13.0346 )
00000531: 10.4233   (Y': 7.86017   Cb: 12.2957   Cr: 13.0523 )
00000532: 10.4788   (Y': 7.93111   Cb: 12.3965   Cr: 13.0042 )
00000533: 10.4854   (Y': 7.94146   Cb: 12.39     Cr: 13.014  )
00000534: 10.5818   (Y': 8.0605    Cb: 12.4259   Cr: 13.1079 )
00000535: 10.5941   (Y': 8.06626   Cb: 12.4853   Cr: 13.0868 )
00000536: 10.6808   (Y': 8.13065   Cb: 12.6037   Cr: 13.2082 )
00000537: 10.6671   (Y': 8.10904   Cb: 12.6196   Cr: 13.1858 )
00000538: 10.7022   (Y': 8.11885   Cb: 12.7147   Cr: 13.2352 )
00000539: 10.7504   (Y': 8.148     Cb: 12.7782   Cr: 13.328  )
00000540: 10.8557   (Y': 8.24961   Cb: 12.9248   Cr: 13.399  )
00000542: 11.0753   (Y': 8.42442   Cb: 13.2688   Cr: 13.6291 )
00000541: 10.9441   (Y': 8.33242   Cb: 13.0589   Cr: 13.4553 )
00000543: 11.1202   (Y': 8.49097   Cb: 13.3396   Cr: 13.5757 )
00000544: 11.322    (Y': 8.65974   Cb: 13.6259   Cr: 13.7961 )
00000545: 11.4158   (Y': 8.68649   Cb: 13.8501   Cr: 13.9778 )
00000546: 11.5411   (Y': 8.80195   Cb: 14.1016   Cr: 14.0094 )
00000547: 11.6236   (Y': 8.89053   Cb: 14.2472   Cr: 14.0108 )
00000549: 11.7433   (Y': 8.92909   Cb: 14.5654   Cr: 14.2138 )
00000548: 11.748    (Y': 8.96325   Cb: 14.4531   Cr: 14.2288 )
00000550: 11.8714   (Y': 8.99446   Cb: 14.7593   Cr: 14.4979 )
00000552: 12.014    (Y': 9.13795   Cb: 14.9894   Cr: 14.5566 )
00000551: 11.9223   (Y': 9.06414   Cb: 14.7904   Cr: 14.5013 )
00000553: 12.0979   (Y': 9.17924   Cb: 15.0903   Cr: 14.7766 )
00000554: 12.2911   (Y': 9.39451   Cb: 15.2849   Cr: 14.8893 )
00000555: 12.3563   (Y': 9.45165   Cb: 15.3782   Cr: 14.9573 )
00000556: 12.5909   (Y': 9.67796   Cb: 15.5591   Cr: 15.2713 )
00000557: 12.6375   (Y': 9.70862   Cb: 15.7035   Cr: 15.2854 )
00000558: 12.7564   (Y': 9.73436   Cb: 16.0102   Cr: 15.5812 )
00000559: 12.8673   (Y': 9.77704   Cb: 16.2589   Cr: 15.8354 )
00000561: 13.0767   (Y': 9.77157   Cb: 17.0603   Cr: 16.4499 )
00000562: 13.5511   (Y': 10.1624   Cb: 18.047    Cr: 16.897  )
00000563: 13.6635   (Y': 10.2466   Cb: 18.4829   Cr: 16.9051 )
00000564: 13.5963   (Y': 9.9924    Cb: 18.9602   Cr: 17.403  )
00000560: 13.0036   (Y': 9.78153   Cb: 16.8345   Cr: 16.1362 )
00000565: 13.4492   (Y': 9.88412   Cb: 18.6154   Cr: 17.1847 )
00000566: 13.0667   (Y': 9.54175   Cb: 17.8024   Cr: 16.9146 )
00000567: 12.9322   (Y': 9.44664   Cb: 17.3665   Cr: 16.8202 )
00000568: 12.527    (Y': 9.05117   Cb: 16.6293   Cr: 16.674  )
00000569: 12.4146   (Y': 8.98288   Cb: 16.3169   Cr: 16.5144 )
00000570: 12.2787   (Y': 8.98752   Cb: 15.734    Cr: 16.0978 )
00000571: 12.2692   (Y': 9.01802   Cb: 15.7653   Cr: 15.8457 )
00000572: 12.0622   (Y': 8.93206   Cb: 15.217    Cr: 15.4307 )
00000574: 11.7538   (Y': 8.88147   Cb: 14.3672   Cr: 14.6383 )
00000573: 11.9974   (Y': 8.9605    Cb: 14.9916   Cr: 15.1324 )
00000575: 11.704    (Y': 8.86102   Cb: 14.2057   Cr: 14.5989 )
00000576: 11.52     (Y': 8.70871   Cb: 13.8319   Cr: 14.5099 )
00000578: 11.1698   (Y': 8.46492   Cb: 13.0569   Cr: 14.2836 )
00000577: 11.4601   (Y': 8.68657   Cb: 13.6091   Cr: 14.5011 )
00000579: 11.114    (Y': 8.41092   Cb: 12.9481   Cr: 14.2922 )
00000582: 10.984    (Y': 8.43709   Cb: 12.3671   Cr: 14.2158 )
00000581: 11.0876   (Y': 8.49232   Cb: 12.632    Cr: 14.2613 )
00000583: 11.0009   (Y': 8.45494   Cb: 12.4203   Cr: 14.1744 )
00000580: 11.0772   (Y': 8.44366   Cb: 12.7081   Cr: 14.2716 )
00000584: 10.926    (Y': 8.35899   Cb: 12.4245   Cr: 14.0608 )
00000585: 11.0628   (Y': 8.48821   Cb: 12.5852   Cr: 14.1912 )
00000586: 11.0848   (Y': 8.51689   Cb: 12.5983   Cr: 14.2012 )
00000587: 11.3164   (Y': 8.79372   Cb: 12.8729   Cr: 14.2098 )
00000589: 11.3798   (Y': 8.84375   Cb: 12.9673   Cr: 14.278  )
00000590: 11.8879   (Y': 9.28006   Cb: 13.3898   Cr: 15.1728 )
00000588: 11.3819   (Y': 8.86987   Cb: 12.9607   Cr: 14.2088 )
00000592: 11.905    (Y': 9.37006   Cb: 13.468    Cr: 14.8327 )
00000593: 12.0466   (Y': 9.46993   Cb: 13.6573   Cr: 15.0573 )
00000591: 12.0061   (Y': 9.34762   Cb: 13.5228   Cr: 15.47   )
00000595: 11.816    (Y': 9.33952   Cb: 13.0856   Cr: 14.9606 )
00000594: 11.8398   (Y': 9.28316   Cb: 13.2154   Cr: 15.12   )
00000596: 11.6812   (Y': 9.22329   Cb: 13.0286   Cr: 14.6428 )
00000597: 11.9069   (Y': 9.33982   Cb: 13.3753   Cr: 15.0861 )
Total: 11.5466   (Y': 8.84821   Cb: 13.5328   Cr: 14.5081 )
