00000000: 15.8339   (Y': 13.296    Cb: 17.4144   Cr: 18.7479 )
00000004: 15.8664   (Y': 13.3784   Cb: 17.4502   Cr: 18.6058 )
00000003: 15.8457   (Y': 13.3298   Cb: 17.438    Cr: 18.6675 )
00000007: 15.8931   (Y': 13.426    Cb: 17.5005   Cr: 18.5336 )
00000001: 15.8715   (Y': 13.3544   Cb: 17.4833   Cr: 18.6721 )
00000002: 15.8061   (Y': 13.3238   Cb: 17.38     Cr: 18.5393 )
00000006: 15.7974   (Y': 13.3261   Cb: 17.3969   Cr: 18.4614 )
00000005: 15.8391   (Y': 13.3718   Cb: 17.3777   Cr: 18.5689 )
00000009: 15.8679   (Y': 13.3701   Cb: 17.509    Cr: 18.5655 )
00000008: 15.8619   (Y': 13.3443   Cb: 17.584    Cr: 18.523  )
00000010: 15.8766   (Y': 13.4098   Cb: 17.4735   Cr: 18.529  )
00000012: 15.9287   (Y': 13.4748   Cb: 17.4569   Cr: 18.6279 )
00000011: 15.8959   (Y': 13.4163   Cb: 17.461    Cr: 18.6315 )
00000013: 16.0202   (Y': 13.5697   Cb: 17.5726   Cr: 18.6768 )
00000015: 16.3438   (Y': 14.0877   Cb: 17.6845   Cr: 18.6762 )
00000014: 16.195    (Y': 13.8232   Cb: 17.6576   Cr: 18.7177 )
00000016: 16.4387   (Y': 14.2436   Cb: 17.7357   Cr: 18.654  )
00000017: 16.462    (Y': 14.2606   Cb: 17.7851   Cr: 18.6624 )
00000018: 16.3409   (Y': 14.1498   Cb: 17.7025   Cr: 18.4665 )
00000020: 16.0329   (Y': 13.6886   Cb: 17.5608   Cr: 18.3916 )
00000019: 16.2403   (Y': 14.0145   Cb: 17.6081   Cr: 18.4538 )
00000021: 16.027    (Y': 13.6437   Cb: 17.5681   Cr: 18.4869 )
00000022: 15.9485   (Y': 13.5281   Cb: 17.5651   Cr: 18.4294 )
00000023: 16.0318   (Y': 13.5851   Cb: 17.6721   Cr: 18.5656 )
00000024: 16.0861   (Y': 13.6138   Cb: 17.696    Cr: 18.74   )
00000025: 16.0572   (Y': 13.6153   Cb: 17.6153   Cr: 18.679  )
00000028: 16.2126   (Y': 13.9045   Cb: 17.5058   Cr: 18.7609 )
00000026: 16.1418   (Y': 13.7749   Cb: 17.5731   Cr: 18.6896 )
00000027: 16.2404   (Y': 13.9151   Cb: 17.6415   Cr: 18.6999 )
00000029: 16.2162   (Y': 13.9762   Cb: 17.4254   Cr: 18.6722 )
00000030: 16.2882   (Y': 14.0327   Cb: 17.5482   Cr: 18.7224 )
00000031: 16.3509   (Y': 14.1198   Cb: 17.521    Cr: 18.8328 )
00000032: 16.3977   (Y': 14.1109   Cb: 17.61     Cr: 18.9906 )
00000033: 16.5536   (Y': 14.3087   Cb: 17.741    Cr: 19.0534 )
00000034: 16.6354   (Y': 14.3524   Cb: 17.8748   Cr: 19.1795 )
00000035: 16.6271   (Y': 14.3491   Cb: 17.8729   Cr: 19.1476 )
00000036: 16.8084   (Y': 14.4099   Cb: 18.2264   Cr: 19.4734 )
00000037: 16.7667   (Y': 14.3662   Cb: 18.1487   Cr: 19.4865 )
00000038: 17.1103   (Y': 14.7355   Cb: 18.5399   Cr: 19.6854 )
00000039: 17.1408   (Y': 14.7947   Cb: 18.4955   Cr: 19.7247 )
00000040: 17.171    (Y': 14.8885   Cb: 18.4479   Cr: 19.6635 )
00000041: 17.1686   (Y': 14.9154   Cb: 18.3407   Cr: 19.7141 )
00000042: 17.3287   (Y': 15.0166   Cb: 18.5886   Cr: 19.9342 )
00000045: 17.6767   (Y': 15.2122   Cb: 18.9723   Cr: 20.7381 )
00000043: 17.3764   (Y': 15.0185   Cb: 18.5551   Cr: 20.2442 )
00000044: 17.5322   (Y': 15.0951   Cb: 18.8718   Cr: 20.4335 )
00000046: 17.673    (Y': 15.079    Cb: 19.2866   Cr: 20.7434 )
00000047: 17.6876   (Y': 15.1874   Cb: 19.1917   Cr: 20.5747 )
00000048: 17.7904   (Y': 15.2786   Cb: 19.3956   Cr: 20.5816 )
00000049: 17.8439   (Y': 15.3283   Cb: 19.3814   Cr: 20.7393 )
00000052: 17.9792   (Y': 15.5011   Cb: 19.5297   Cr: 20.7292 )
00000051: 17.9065   (Y': 15.453    Cb: 19.4457   Cr: 20.5898 )
00000053: 18.0013   (Y': 15.5968   Cb: 19.4499   Cr: 20.645  )
00000050: 17.8651   (Y': 15.388    Cb: 19.3227   Cr: 20.7368 )
00000054: 17.9759   (Y': 15.4702   Cb: 19.6424   Cr: 20.6674 )
00000055: 18.0513   (Y': 15.5218   Cb: 19.7965   Cr: 20.7229 )
00000056: 18.1473   (Y': 15.6452   Cb: 19.8523   Cr: 20.7791 )
00000058: 18.2181   (Y': 15.7504   Cb: 19.9519   Cr: 20.7053 )
00000057: 18.2078   (Y': 15.7274   Cb: 19.9325   Cr: 20.7455 )
00000059: 18.2736   (Y': 15.8358   Cb: 19.9728   Cr: 20.7086 )
00000060: 18.3834   (Y': 15.9508   Cb: 20.234    Cr: 20.6305 )
00000061: 18.1994   (Y': 15.7035   Cb: 20.0507   Cr: 20.6368 )
00000062: 18.2438   (Y': 15.7324   Cb: 20.1678   Cr: 20.6476 )
00000063: 18.1711   (Y': 15.6329   Cb: 20.1109   Cr: 20.641  )
00000064: 18.157    (Y': 15.5905   Cb: 20.0497   Cr: 20.7729 )
00000065: 18.0908   (Y': 15.4948   Cb: 20.0116   Cr: 20.7714 )
00000066: 18.0582   (Y': 15.4311   Cb: 20.0262   Cr: 20.7887 )
00000067: 18.0206   (Y': 15.389    Cb: 19.9624   Cr: 20.7982 )
00000068: 17.8645   (Y': 15.188    Cb: 19.8101   Cr: 20.797  )
00000070: 17.6299   (Y': 14.9673   Cb: 19.5743   Cr: 20.5136 )
00000069: 17.7645   (Y': 15.1372   Cb: 19.6551   Cr: 20.5898 )
00000071: 17.6135   (Y': 14.9713   Cb: 19.4569   Cr: 20.5511 )
00000072: 17.6518   (Y': 15.0096   Cb: 19.5554   Cr: 20.5135 )
00000073: 17.549    (Y': 14.9307   Cb: 19.3742   Cr: 20.4248 )
00000074: 17.544    (Y': 14.9692   Cb: 19.2699   Cr: 20.3941 )
00000075: 17.5551   (Y': 14.95     Cb: 19.3874   Cr: 20.3755 )
00000076: 17.6918   (Y': 15.0377   Cb: 19.6608   Cr: 20.5147 )
00000078: 17.4457   (Y': 14.8212   Cb: 19.4276   Cr: 20.1507 )
00000077: 17.6183   (Y': 15.0135   Cb: 19.5428   Cr: 20.3243 )
00000079: 17.3988   (Y': 14.802    Cb: 19.3622   Cr: 20.0318 )
00000080: 17.3686   (Y': 14.7963   Cb: 19.3523   Cr: 19.8981 )
00000081: 17.4226   (Y': 14.884    Cb: 19.3824   Cr: 19.8715 )
00000082: 17.3083   (Y': 14.7195   Cb: 19.3686   Cr: 19.8052 )
00000083: 17.3611   (Y': 14.7522   Cb: 19.5712   Cr: 19.7611 )
00000084: 17.2569   (Y': 14.5927   Cb: 19.4512   Cr: 19.8545 )
00000085: 17.3073   (Y': 14.5884   Cb: 19.648    Cr: 19.9317 )
00000086: 17.2806   (Y': 14.5323   Cb: 19.6973   Cr: 19.9258 )
00000087: 17.1727   (Y': 14.389    Cb: 19.5977   Cr: 19.9336 )
00000088: 17.1376   (Y': 14.3217   Cb: 19.6706   Cr: 19.8991 )
00000089: 17.123    (Y': 14.2935   Cb: 19.6373   Cr: 19.9545 )
00000090: 16.9862   (Y': 14.1899   Cb: 19.451    Cr: 19.7498 )
00000091: 16.9075   (Y': 14.1092   Cb: 19.4029   Cr: 19.6455 )
00000093: 16.6695   (Y': 13.8696   Cb: 19.2014   Cr: 19.3748 )
00000092: 16.7887   (Y': 14.0151   Cb: 19.3042   Cr: 19.4188 )
00000094: 16.6045   (Y': 13.7781   Cb: 19.1568   Cr: 19.3837 )
00000095: 16.5909   (Y': 13.7728   Cb: 19.1506   Cr: 19.3324 )
00000096: 16.4463   (Y': 13.6279   Cb: 18.979    Cr: 19.2176 )
00000097: 16.3454   (Y': 13.5132   Cb: 18.9548   Cr: 19.0865 )
00000098: 16.1797   (Y': 13.3999   Cb: 18.7316   Cr: 18.794  )
00000099: 16.1065   (Y': 13.3318   Cb: 18.7496   Cr: 18.613  )
00000100: 16.0005   (Y': 13.2711   Cb: 18.5892   Cr: 18.4092 )
00000101: 15.918    (Y': 13.1989   Cb: 18.4896   Cr: 18.3097 )
00000102: 15.7022   (Y': 13.0906   Cb: 18.1455   Cr: 17.8795 )
00000103: 15.5926   (Y': 13.0204   Cb: 18.0404   Cr: 17.6494 )
00000104: 15.3385   (Y': 12.8546   Cb: 17.6378   Cr: 17.2811 )
00000105: 15.2402   (Y': 12.7644   Cb: 17.5415   Cr: 17.1583 )
00000106: 15.0399   (Y': 12.654    Cb: 17.2527   Cr: 16.7984 )
00000107: 15.0437   (Y': 12.7333   Cb: 17.1325   Cr: 16.722  )
00000108: 15.2636   (Y': 12.9854   Cb: 17.3492   Cr: 16.8651 )
00000109: 15.8135   (Y': 13.4766   Cb: 17.9775   Cr: 17.4904 )
00000110: 16.6972   (Y': 14.3305   Cb: 18.7856   Cr: 18.5199 )
00000111: 16.5598   (Y': 14.1488   Cb: 18.5876   Cr: 18.5602 )
00000112: 15.9787   (Y': 13.5237   Cb: 17.9874   Cr: 18.123  )
00000113: 15.8271   (Y': 13.2892   Cb: 17.9703   Cr: 18.0772 )
00000114: 15.8902   (Y': 13.3912   Cb: 18.1432   Cr: 17.9185 )
00000116: 16.1243   (Y': 13.6093   Cb: 18.6322   Cr: 17.9667 )
00000115: 16.0055   (Y': 13.487    Cb: 18.3259   Cr: 18.0259 )
00000118: 16.1655   (Y': 13.5928   Cb: 18.8733   Cr: 17.9988 )
00000117: 16.0888   (Y': 13.5595   Cb: 18.7038   Cr: 17.8801 )
00000119: 16.2299   (Y': 13.6063   Cb: 18.9477   Cr: 18.1987 )
00000120: 16.339    (Y': 13.5649   Cb: 19.3281   Cr: 18.5326 )
00000121: 16.3104   (Y': 13.4983   Cb: 19.4158   Cr: 18.5282 )
00000122: 16.373    (Y': 13.409    Cb: 19.8218   Cr: 18.8199 )
00000124: 16.6608   (Y': 13.457    Cb: 20.4598   Cr: 19.7419 )
00000123: 16.508    (Y': 13.4697   Cb: 20.0439   Cr: 19.1516 )
00000127: 16.6796   (Y': 13.4125   Cb: 20.4761   Cr: 20.0426 )
00000125: 16.7113   (Y': 13.4797   Cb: 20.5564   Cr: 19.8731 )
00000126: 16.7719   (Y': 13.5024   Cb: 20.5369   Cr: 20.1747 )
00000128: 16.6824   (Y': 13.3482   Cb: 20.5531   Cr: 20.2977 )
00000129: 16.6173   (Y': 13.2969   Cb: 20.3759   Cr: 20.2713 )
00000130: 16.5567   (Y': 13.2318   Cb: 19.9624   Cr: 20.6099 )
00000132: 17.1925   (Y': 13.9379   Cb: 20.526    Cr: 20.959  )
00000131: 16.6627   (Y': 13.3769   Cb: 19.8858   Cr: 20.7197 )
00000134: 17.1705   (Y': 13.9336   Cb: 20.9226   Cr: 20.4364 )
00000133: 17.1951   (Y': 13.9474   Cb: 20.7603   Cr: 20.6864 )
00000135: 17.3201   (Y': 14.1465   Cb: 20.9199   Cr: 20.4464 )
00000137: 17.1361   (Y': 14.1005   Cb: 20.6723   Cr: 19.7697 )
00000136: 17.1456   (Y': 14.0948   Cb: 20.7509   Cr: 19.7793 )
00000139: 16.8799   (Y': 13.9072   Cb: 20.1575   Cr: 19.4989 )
00000138: 16.9911   (Y': 13.9722   Cb: 20.3815   Cr: 19.6838 )
00000140: 16.7437   (Y': 13.8346   Cb: 19.8223   Cr: 19.31   )
00000141: 16.6404   (Y': 13.7691   Cb: 19.6796   Cr: 19.1099 )
00000142: 16.5842   (Y': 13.7524   Cb: 19.5141   Cr: 19.016  )
00000143: 16.51     (Y': 13.6804   Cb: 19.4724   Cr: 18.9062 )
00000144: 16.4542   (Y': 13.6646   Cb: 19.3127   Cr: 18.8102 )
00000145: 16.4196   (Y': 13.6589   Cb: 19.2784   Cr: 18.6821 )
00000147: 16.1015   (Y': 13.5239   Cb: 18.8729   Cr: 17.8968 )
00000146: 16.2599   (Y': 13.5897   Cb: 19.0217   Cr: 18.3274 )
00000148: 15.9481   (Y': 13.366    Cb: 18.8143   Cr: 17.6816 )
00000149: 15.8569   (Y': 13.2402   Cb: 18.7584   Cr: 17.6573 )
00000150: 15.9783   (Y': 13.255    Cb: 18.9558   Cr: 18.0257 )
00000151: 16.0022   (Y': 13.2787   Cb: 18.9341   Cr: 18.0876 )
00000153: 16.0537   (Y': 13.4356   Cb: 18.7275   Cr: 18.0433 )
00000152: 16.0667   (Y': 13.4034   Cb: 18.828    Cr: 18.1142 )
00000154: 15.9706   (Y': 13.4288   Cb: 18.6476   Cr: 17.7448 )
00000155: 15.9066   (Y': 13.3893   Cb: 18.5784   Cr: 17.6195 )
00000156: 15.7757   (Y': 13.2012   Cb: 18.5257   Cr: 17.5798 )
00000157: 15.7062   (Y': 13.1057   Cb: 18.4924   Cr: 17.5532 )
00000158: 15.6383   (Y': 13.0322   Cb: 18.4092   Cr: 17.5132 )
00000159: 15.6406   (Y': 13.0484   Cb: 18.4077   Cr: 17.4796 )
00000160: 15.6357   (Y': 13.0152   Cb: 18.5296   Cr: 17.4526 )
00000161: 15.6572   (Y': 13.0877   Cb: 18.4784   Cr: 17.3914 )
00000162: 15.6875   (Y': 13.128    Cb: 18.5022   Cr: 17.3999 )
00000163: 15.6956   (Y': 13.1258   Cb: 18.5202   Cr: 17.428  )
00000164: 15.66     (Y': 13.0894   Cb: 18.4792   Cr: 17.3988 )
00000165: 15.6407   (Y': 13.0797   Cb: 18.4531   Cr: 17.3592 )
00000166: 15.5689   (Y': 12.9984   Cb: 18.408    Cr: 17.292  )
00000167: 15.5541   (Y': 12.9709   Cb: 18.4227   Cr: 17.2885 )
00000168: 15.506    (Y': 12.9321   Cb: 18.3783   Cr: 17.2126 )
00000170: 15.4271   (Y': 12.8624   Cb: 18.3884   Cr: 17.0427 )
00000169: 15.4607   (Y': 12.893    Cb: 18.3488   Cr: 17.139  )
00000171: 15.4238   (Y': 12.825    Cb: 18.4285   Cr: 17.0977 )
00000174: 15.4804   (Y': 12.8899   Cb: 18.4371   Cr: 17.1678 )
00000173: 15.4138   (Y': 12.8121   Cb: 18.425    Cr: 17.0905 )
00000172: 15.3902   (Y': 12.8194   Cb: 18.3516   Cr: 17.0217 )
00000175: 15.5172   (Y': 12.9346   Cb: 18.4537   Cr: 17.1988 )
00000176: 15.5909   (Y': 13.0026   Cb: 18.5275   Cr: 17.2874 )
00000177: 15.6721   (Y': 13.0651   Cb: 18.5871   Cr: 17.4357 )
00000178: 15.8684   (Y': 13.2001   Cb: 18.8539   Cr: 17.7489 )
00000182: 16.451    (Y': 13.6177   Cb: 19.7243   Cr: 18.6028 )
00000181: 16.2301   (Y': 13.4803   Cb: 19.3826   Cr: 18.2192 )
00000179: 15.9371   (Y': 13.2365   Cb: 18.8989   Cr: 17.9293 )
00000180: 16.1487   (Y': 13.4214   Cb: 19.2252   Cr: 18.1297 )
00000183: 16.5277   (Y': 13.6958   Cb: 19.8062   Cr: 18.6712 )
00000184: 16.5442   (Y': 13.659    Cb: 19.9333   Cr: 18.7732 )
00000185: 16.5435   (Y': 13.6054   Cb: 20.0311   Cr: 18.8718 )
00000186: 16.7532   (Y': 13.826    Cb: 20.0941   Cr: 19.1599 )
00000187: 16.7809   (Y': 13.8042   Cb: 20.2099   Cr: 19.288  )
00000188: 16.9015   (Y': 13.926    Cb: 20.1626   Cr: 19.5455 )
00000189: 16.993    (Y': 13.999    Cb: 20.1927   Cr: 19.7595 )
00000190: 17.1687   (Y': 14.0951   Cb: 20.3959   Cr: 20.2226 )
00000192: 17.2816   (Y': 14.179    Cb: 20.3251   Cr: 20.6457 )
00000193: 17.1615   (Y': 14.0551   Cb: 20.2322   Cr: 20.514  )
00000191: 17.2226   (Y': 14.1243   Cb: 20.3983   Cr: 20.4308 )
00000194: 17.0533   (Y': 13.9873   Cb: 20.1782   Cr: 20.1764 )
00000195: 16.9658   (Y': 13.9366   Cb: 19.9586   Cr: 20.0708 )
00000196: 16.8097   (Y': 13.8247   Cb: 19.8732   Cr: 19.669  )
00000197: 16.661    (Y': 13.7083   Cb: 19.6171   Cr: 19.5005 )
00000198: 16.2172   (Y': 13.2894   Cb: 19.1429   Cr: 18.9924 )
00000199: 15.9934   (Y': 13.0753   Cb: 18.8614   Cr: 18.7885 )
00000200: 15.5371   (Y': 12.6511   Cb: 18.3398   Cr: 18.2783 )
00000201: 15.3045   (Y': 12.3806   Cb: 18.1644   Cr: 18.1298 )
00000202: 14.8616   (Y': 12.0148   Cb: 17.5846   Cr: 17.5403 )
00000203: 14.583    (Y': 11.7697   Cb: 17.1999   Cr: 17.2489 )
00000206: 14.2571   (Y': 11.4009   Cb: 17.0159   Cr: 16.934  )
00000205: 14.3021   (Y': 11.4543   Cb: 17.0155   Cr: 16.9939 )
00000204: 14.4072   (Y': 11.5758   Cb: 17.1068   Cr: 17.054  )
00000209: 14.3942   (Y': 11.5626   Cb: 17.1156   Cr: 17.0203 )
00000207: 14.2104   (Y': 11.3642   Cb: 16.9056   Cr: 16.9146 )
00000208: 14.2994   (Y': 11.4798   Cb: 16.9825   Cr: 16.9209 )
00000212: 14.4258   (Y': 11.6222   Cb: 17.1516   Cr: 16.9505 )
00000210: 14.4156   (Y': 11.594    Cb: 17.1495   Cr: 16.9948 )
00000211: 14.4346   (Y': 11.6242   Cb: 17.1797   Cr: 16.9643 )
00000213: 14.3612   (Y': 11.529    Cb: 17.0873   Cr: 16.985  )
00000214: 14.4246   (Y': 11.5721   Cb: 17.0504   Cr: 17.2224 )
00000215: 14.4992   (Y': 11.6524   Cb: 17.0444   Cr: 17.3615 )
00000217: 14.517    (Y': 11.7211   Cb: 17.0205   Cr: 17.2383 )
00000216: 14.5551   (Y': 11.75     Cb: 17.0122   Cr: 17.3589 )
00000218: 14.439    (Y': 11.6527   Cb: 17.0004   Cr: 17.0665 )
00000219: 14.431    (Y': 11.6302   Cb: 17.0469   Cr: 17.0536 )
00000220: 14.4988   (Y': 11.6981   Cb: 17.2039   Cr: 17.0337 )
00000221: 14.508    (Y': 11.753    Cb: 17.116    Cr: 16.9824 )
00000222: 14.5096   (Y': 11.8009   Cb: 16.9884   Cr: 16.9579 )
00000223: 14.55     (Y': 11.8385   Cb: 17.1404   Cr: 16.8994 )
00000225: 14.8133   (Y': 12.0926   Cb: 17.4238   Cr: 17.1732 )
00000224: 14.6679   (Y': 11.9544   Cb: 17.2506   Cr: 17.0306 )
00000226: 14.9245   (Y': 12.1732   Cb: 17.5679   Cr: 17.3527 )
00000227: 14.9499   (Y': 12.1714   Cb: 17.5966   Cr: 17.4657 )
00000228: 14.8743   (Y': 12.0014   Cb: 17.7035   Cr: 17.5421 )
00000229: 14.772    (Y': 11.8685   Cb: 17.6507   Cr: 17.503  )
00000230: 14.6668   (Y': 11.7634   Cb: 17.5364   Cr: 17.4061 )
00000231: 14.5984   (Y': 11.6979   Cb: 17.4446   Cr: 17.3502 )
00000233: 14.476    (Y': 11.5479   Cb: 17.4449   Cr: 17.2112 )
00000232: 14.5278   (Y': 11.6151   Cb: 17.4526   Cr: 17.2481 )
00000235: 14.3844   (Y': 11.4281   Cb: 17.3654   Cr: 17.2134 )
00000234: 14.4289   (Y': 11.4895   Cb: 17.4468   Cr: 17.1595 )
00000236: 14.3318   (Y': 11.3715   Cb: 17.3455   Cr: 17.1444 )
00000237: 14.3191   (Y': 11.3328   Cb: 17.4234   Cr: 17.1444 )
00000238: 14.2394   (Y': 11.2543   Cb: 17.2424   Cr: 17.1576 )
00000239: 14.2252   (Y': 11.2581   Cb: 17.2211   Cr: 17.0805 )
00000240: 14.1899   (Y': 11.1915   Cb: 17.1974   Cr: 17.1561 )
00000241: 14.1963   (Y': 11.1904   Cb: 17.2095   Cr: 17.1866 )
00000242: 14.2313   (Y': 11.2232   Cb: 17.2953   Cr: 17.1802 )
00000244: 14.4231   (Y': 11.3998   Cb: 17.4483   Cr: 17.4706 )
00000243: 14.2896   (Y': 11.2752   Cb: 17.3223   Cr: 17.2942 )
00000245: 14.47     (Y': 11.4429   Cb: 17.5729   Cr: 17.4559 )
00000246: 14.5905   (Y': 11.5657   Cb: 17.6281   Cr: 17.632  )
00000248: 14.8584   (Y': 11.8522   Cb: 17.7846   Cr: 17.9378 )
00000247: 14.6583   (Y': 11.6317   Cb: 17.6622   Cr: 17.7408 )
00000249: 14.9226   (Y': 11.9165   Cb: 17.8726   Cr: 17.9769 )
00000250: 15.0767   (Y': 12.0494   Cb: 18.0474   Cr: 18.1965 )
00000252: 15.3798   (Y': 12.3457   Cb: 18.2234   Cr: 18.6638 )
00000251: 15.1917   (Y': 12.1753   Cb: 18.103    Cr: 18.3283 )
00000253: 15.4817   (Y': 12.3934   Cb: 18.464    Cr: 18.8492 )
00000254: 15.5365   (Y': 12.4054   Cb: 18.6286   Cr: 18.9762 )
00000257: 15.6695   (Y': 12.5387   Cb: 19.0926   Cr: 18.7761 )
00000255: 15.5854   (Y': 12.422    Cb: 18.8265   Cr: 19.0139 )
00000256: 15.641    (Y': 12.4875   Cb: 19.0376   Cr: 18.8694 )
00000258: 15.7496   (Y': 12.602    Cb: 19.3218   Cr: 18.7908 )
00000259: 15.8233   (Y': 12.691    Cb: 19.4163   Cr: 18.7836 )
00000261: 15.9239   (Y': 12.7886   Cb: 19.4311   Cr: 18.9724 )
00000260: 15.8506   (Y': 12.693    Cb: 19.3863   Cr: 18.9668 )
00000262: 16.001    (Y': 12.8724   Cb: 19.3945   Cr: 19.1257 )
00000263: 16.0653   (Y': 12.9704   Cb: 19.3676   Cr: 19.1353 )
00000264: 16.1803   (Y': 13.1259   Cb: 19.3328   Cr: 19.2281 )
00000265: 16.2793   (Y': 13.2206   Cb: 19.3696   Cr: 19.4064 )
00000267: 16.3144   (Y': 13.2813   Cb: 19.0936   Cr: 19.6666 )
00000266: 16.3359   (Y': 13.3176   Cb: 19.158    Cr: 19.5768 )
00000269: 15.9687   (Y': 12.9418   Cb: 18.5834   Cr: 19.4888 )
00000268: 16.089    (Y': 13.0767   Cb: 18.7698   Cr: 19.4648 )
00000270: 15.9079   (Y': 12.8727   Cb: 18.354    Cr: 19.6845 )
00000271: 15.9085   (Y': 12.8858   Cb: 18.3331   Cr: 19.6546 )
00000272: 15.9703   (Y': 12.9679   Cb: 18.4102   Cr: 19.6011 )
00000273: 15.9816   (Y': 12.9679   Cb: 18.4386   Cr: 19.6418 )
00000275: 16.2944   (Y': 13.3072   Cb: 18.7597   Cr: 19.8229 )
00000274: 16.2004   (Y': 13.1895   Cb: 18.692    Cr: 19.8026 )
00000276: 16.4105   (Y': 13.4057   Cb: 18.9858   Cr: 19.8792 )
00000277: 16.4217   (Y': 13.4585   Cb: 18.9756   Cr: 19.7362 )
00000279: 16.5738   (Y': 13.5837   Cb: 19.1959   Cr: 19.9228 )
00000278: 16.5501   (Y': 13.5595   Cb: 19.1559   Cr: 19.9202 )
00000280: 16.607    (Y': 13.5971   Cb: 19.3517   Cr: 19.8983 )
00000281: 16.5402   (Y': 13.5249   Cb: 19.3034   Cr: 19.8339 )
00000283: 16.5665   (Y': 13.5114   Cb: 19.4963   Cr: 19.8465 )
00000282: 16.6118   (Y': 13.5582   Cb: 19.4868   Cr: 19.9456 )
00000284: 16.3768   (Y': 13.3301   Cb: 19.3183   Cr: 19.608  )
00000286: 16.291    (Y': 13.2593   Cb: 19.333    Cr: 19.3556 )
00000285: 16.3344   (Y': 13.3059   Cb: 19.3108   Cr: 19.4534 )
00000287: 16.2957   (Y': 13.2662   Cb: 19.3344   Cr: 19.355  )
00000288: 16.1188   (Y': 13.1699   Cb: 19.1259   Cr: 18.8947 )
00000289: 16.0234   (Y': 13.1133   Cb: 19.0597   Cr: 18.6306 )
00000290: 15.9154   (Y': 13.1025   Cb: 18.8307   Cr: 18.2977 )
00000291: 15.8331   (Y': 13.0524   Cb: 18.6976   Cr: 18.155  )
00000292: 15.6562   (Y': 12.9581   Cb: 18.4623   Cr: 17.7698 )
00000293: 15.5452   (Y': 12.8786   Cb: 18.2989   Cr: 17.6091 )
00000295: 15.6063   (Y': 12.9979   Cb: 18.3125   Cr: 17.5409 )
00000294: 15.4386   (Y': 12.8031   Cb: 18.0654   Cr: 17.5201 )
00000296: 15.684    (Y': 13.082    Cb: 18.3835   Cr: 17.6062 )
00000297: 15.7426   (Y': 13.1603   Cb: 18.41     Cr: 17.6363 )
00000298: 15.8352   (Y': 13.2271   Cb: 18.4577   Cr: 17.8405 )
00000299: 15.9147   (Y': 13.3299   Cb: 18.4681   Cr: 17.9133 )
00000300: 15.9731   (Y': 13.4039   Cb: 18.4659   Cr: 17.9806 )
00000303: 15.9214   (Y': 13.275    Cb: 18.5574   Cr: 18.0274 )
00000301: 16.0313   (Y': 13.4521   Cb: 18.5242   Cr: 18.0673 )
00000302: 15.9567   (Y': 13.3283   Cb: 18.5075   Cr: 18.0851 )
00000304: 15.749    (Y': 13.0668   Cb: 18.4804   Cr: 17.879  )
00000306: 15.4609   (Y': 12.8069   Cb: 18.1312   Cr: 17.5596 )
00000305: 15.6623   (Y': 12.9867   Cb: 18.3341   Cr: 17.8246 )
00000307: 15.3893   (Y': 12.7056   Cb: 18.0855   Cr: 17.5547 )
00000309: 15.1418   (Y': 12.4481   Cb: 17.7802   Cr: 17.3898 )
00000308: 15.1701   (Y': 12.4763   Cb: 17.8182   Cr: 17.4099 )
00000311: 15.0316   (Y': 12.3176   Cb: 17.6935   Cr: 17.3221 )
00000310: 15.0861   (Y': 12.3732   Cb: 17.7818   Cr: 17.3422 )
00000312: 15.0287   (Y': 12.2915   Cb: 17.7181   Cr: 17.368  )
00000313: 15.0332   (Y': 12.3034   Cb: 17.7102   Cr: 17.36   )
00000314: 15.0002   (Y': 12.2701   Cb: 17.6667   Cr: 17.3378 )
00000315: 15.0477   (Y': 12.2894   Cb: 17.7332   Cr: 17.4591 )
00000317: 15.1872   (Y': 12.3755   Cb: 17.9802   Cr: 17.6763 )
00000316: 15.1522   (Y': 12.3645   Cb: 17.8867   Cr: 17.6152 )
00000318: 15.3809   (Y': 12.5348   Cb: 18.173    Cr: 17.9897 )
00000319: 15.4226   (Y': 12.5737   Cb: 18.2091   Cr: 18.0466 )
00000321: 15.5579   (Y': 12.6524   Cb: 18.3521   Cr: 18.3799 )
00000320: 15.5143   (Y': 12.6208   Cb: 18.3298   Cr: 18.2704 )
00000322: 15.6425   (Y': 12.7226   Cb: 18.4471   Cr: 18.5077 )
00000324: 15.6538   (Y': 12.7834   Cb: 18.2761   Cr: 18.522  )
00000325: 15.6041   (Y': 12.7561   Cb: 18.1693   Cr: 18.4487 )
00000323: 15.6862   (Y': 12.7998   Cb: 18.3682   Cr: 18.5513 )
00000326: 15.5883   (Y': 12.7134   Cb: 18.1763   Cr: 18.5097 )
00000327: 15.4913   (Y': 12.6221   Cb: 18.0035   Cr: 18.4742 )
00000329: 15.2809   (Y': 12.4114   Cb: 17.7371   Cr: 18.3279 )
00000330: 15.0784   (Y': 12.2521   Cb: 17.3177   Cr: 18.2138 )
00000328: 15.3462   (Y': 12.4657   Cb: 17.8584   Cr: 18.3725 )
00000331: 14.9143   (Y': 12.1305   Cb: 16.9959   Cr: 18.0803 )
00000332: 14.5145   (Y': 11.8024   Cb: 16.3997   Cr: 17.6587 )
00000333: 14.3454   (Y': 11.6728   Cb: 16.1231   Cr: 17.4835 )
00000334: 13.8504   (Y': 11.2707   Cb: 15.4807   Cr: 16.8454 )
00000335: 13.6108   (Y': 11.081    Cb: 15.2072   Cr: 16.4755 )
00000336: 13.1317   (Y': 10.7183   Cb: 14.5188   Cr: 15.8868 )
00000338: 12.8282   (Y': 10.5225   Cb: 14.068    Cr: 15.4417 )
00000337: 12.9721   (Y': 10.5994   Cb: 14.2822   Cr: 15.7009 )
00000340: 12.7776   (Y': 10.5681   Cb: 14.0105   Cr: 15.1138 )
00000341: 12.8409   (Y': 10.5974   Cb: 14.1512   Cr: 15.1756 )
00000339: 12.7517   (Y': 10.4885   Cb: 13.9865   Cr: 15.2423 )
00000343: 13.0391   (Y': 10.7909   Cb: 14.4072   Cr: 15.3153 )
00000342: 12.9974   (Y': 10.7438   Cb: 14.332    Cr: 15.3303 )
00000344: 13.0509   (Y': 10.8257   Cb: 14.4578   Cr: 15.2159 )
00000345: 13.0788   (Y': 10.8441   Cb: 14.5137   Cr: 15.2364 )
00000346: 13.0326   (Y': 10.8545   Cb: 14.392    Cr: 15.1259 )
00000347: 12.9715   (Y': 10.8259   Cb: 14.3119   Cr: 15.0012 )
00000348: 12.9689   (Y': 10.8502   Cb: 14.2747   Cr: 14.9696 )
00000349: 12.9435   (Y': 10.8216   Cb: 14.2598   Cr: 14.9401 )
00000350: 12.9648   (Y': 10.8665   Cb: 14.2395   Cr: 14.9495 )
00000352: 12.9253   (Y': 10.8409   Cb: 14.1725   Cr: 14.9069 )
00000351: 12.9447   (Y': 10.9012   Cb: 14.1861   Cr: 14.8308 )
00000353: 12.9348   (Y': 10.8367   Cb: 14.1872   Cr: 14.9452 )
00000354: 13.0016   (Y': 10.9451   Cb: 14.209    Cr: 14.9599 )
00000356: 12.9885   (Y': 10.9211   Cb: 14.2642   Cr: 14.8937 )
00000355: 12.979    (Y': 10.9128   Cb: 14.2188   Cr: 14.9234 )
00000357: 13.028    (Y': 10.9699   Cb: 14.3462   Cr: 14.8618 )
00000358: 13.0175   (Y': 10.9381   Cb: 14.4159   Cr: 14.8146 )
00000359: 13.0193   (Y': 10.9461   Cb: 14.4536   Cr: 14.7623 )
00000360: 12.951    (Y': 10.8431   Cb: 14.4609   Cr: 14.6974 )
00000362: 12.9464   (Y': 10.721    Cb: 14.6321   Cr: 14.8017 )
00000361: 12.8882   (Y': 10.7814   Cb: 14.4054   Cr: 14.6241 )
00000363: 12.8959   (Y': 10.6281   Cb: 14.7087   Cr: 14.7299 )
00000364: 12.6882   (Y': 10.3658   Cb: 14.5903   Cr: 14.575  )
00000365: 12.6282   (Y': 10.2752   Cb: 14.5303   Cr: 14.5967 )
00000367: 12.6191   (Y': 10.238    Cb: 14.682    Cr: 14.5045 )
00000366: 12.6083   (Y': 10.2568   Cb: 14.65     Cr: 14.4358 )
00000368: 12.6868   (Y': 10.2742   Cb: 14.8228   Cr: 14.587  )
00000369: 12.724    (Y': 10.2935   Cb: 14.8925   Cr: 14.6416 )
00000370: 12.8195   (Y': 10.3789   Cb: 15.0488   Cr: 14.708  )
00000371: 12.8518   (Y': 10.4004   Cb: 15.0874   Cr: 14.7639 )
00000372: 12.9337   (Y': 10.4926   Cb: 15.1962   Cr: 14.7933 )
00000373: 12.9622   (Y': 10.5233   Cb: 15.2087   Cr: 14.83   )
00000374: 12.91     (Y': 10.466    Cb: 15.175    Cr: 14.7751 )
00000375: 12.9183   (Y': 10.4881   Cb: 15.1592   Cr: 14.7681 )
00000376: 12.9372   (Y': 10.4906   Cb: 15.1468   Cr: 14.8604 )
00000378: 13.1175   (Y': 10.6428   Cb: 15.2952   Cr: 15.149  )
00000377: 12.9885   (Y': 10.5466   Cb: 15.1415   Cr: 14.9526 )
00000379: 13.1912   (Y': 10.7096   Cb: 15.3777   Cr: 15.2339 )
00000380: 13.4128   (Y': 10.892    Cb: 15.6542   Cr: 15.5148 )
00000381: 13.5278   (Y': 10.9832   Cb: 15.8389   Cr: 15.6317 )
00000382: 13.7602   (Y': 11.1818   Cb: 16.0455   Cr: 15.9896 )
00000383: 13.9063   (Y': 11.28     Cb: 16.2626   Cr: 16.2127 )
00000384: 14.1729   (Y': 11.4846   Cb: 16.5985   Cr: 16.6078 )
00000386: 14.5687   (Y': 11.7935   Cb: 17.0082   Cr: 17.2837 )
00000385: 14.3125   (Y': 11.6445   Cb: 16.6521   Cr: 16.7681 )
00000387: 14.6652   (Y': 11.8708   Cb: 17.0874   Cr: 17.4679 )
00000388: 14.8589   (Y': 11.9633   Cb: 17.3583   Cr: 17.9596 )
00000389: 14.9383   (Y': 12.0071   Cb: 17.498    Cr: 18.1127 )
00000390: 15.0443   (Y': 11.9856   Cb: 17.9132   Cr: 18.4067 )
00000391: 15.0561   (Y': 11.9977   Cb: 18.0813   Cr: 18.2492 )
00000392: 15.2349   (Y': 12.264    Cb: 18.2775   Cr: 18.0605 )
00000393: 15.3462   (Y': 12.4013   Cb: 18.3512   Cr: 18.1093 )
00000394: 15.4221   (Y': 12.4944   Cb: 18.3267   Cr: 18.2172 )
00000395: 15.5026   (Y': 12.5667   Cb: 18.3095   Cr: 18.4266 )
00000396: 15.7524   (Y': 12.8437   Cb: 18.5513   Cr: 18.5811 )
00000397: 15.8732   (Y': 12.9592   Cb: 18.6449   Cr: 18.7499 )
00000398: 16.1434   (Y': 13.2032   Cb: 18.8567   Cr: 19.1827 )
00000399: 16.2028   (Y': 13.2445   Cb: 18.932    Cr: 19.2976 )
00000400: 16.206    (Y': 13.17     Cb: 18.8759   Cr: 19.6996 )
00000401: 16.2411   (Y': 13.2024   Cb: 18.8966   Cr: 19.7643 )
00000402: 16.1587   (Y': 13.1445   Cb: 18.6909   Cr: 19.7238 )
00000403: 16.1466   (Y': 13.1452   Cb: 18.5942   Cr: 19.7625 )
00000404: 16.158    (Y': 13.1795   Cb: 18.4866   Cr: 19.8276 )
00000405: 16.2238   (Y': 13.2318   Cb: 18.5517   Cr: 19.9564 )
00000406: 16.2632   (Y': 13.2688   Cb: 18.5694   Cr: 20.0376 )
00000407: 16.3468   (Y': 13.3203   Cb: 18.7032   Cr: 20.2055 )
00000408: 16.4979   (Y': 13.4583   Cb: 18.871    Cr: 20.3972 )
00000409: 16.5452   (Y': 13.5065   Cb: 18.9257   Cr: 20.4295 )
00000410: 16.5231   (Y': 13.4887   Cb: 19.0025   Cr: 20.2507 )
00000411: 16.4929   (Y': 13.4318   Cb: 19.0588   Cr: 20.2336 )
00000412: 16.4368   (Y': 13.3827   Cb: 19.0321   Cr: 20.1062 )
00000413: 16.4212   (Y': 13.3734   Cb: 19.0022   Cr: 20.0793 )
00000414: 16.1489   (Y': 13.0524   Cb: 18.9713   Cr: 19.7364 )
00000415: 16.0904   (Y': 13.0239   Cb: 18.9156   Cr: 19.5373 )
00000416: 15.9738   (Y': 12.9309   Cb: 18.8983   Cr: 19.2072 )
00000417: 15.8766   (Y': 12.8377   Cb: 18.7583   Cr: 19.1397 )
00000418: 15.7335   (Y': 12.752    Cb: 18.6672   Cr: 18.7062 )
00000419: 15.6678   (Y': 12.6886   Cb: 18.6243   Cr: 18.6088 )
00000420: 15.5164   (Y': 12.5512   Cb: 18.5337   Cr: 18.3444 )
00000421: 15.499    (Y': 12.5555   Cb: 18.4225   Cr: 18.3354 )
00000422: 15.4325   (Y': 12.552    Cb: 18.2276   Cr: 18.1615 )
00000423: 15.42     (Y': 12.5709   Cb: 18.1932   Cr: 18.0576 )
00000424: 15.4962   (Y': 12.668    Cb: 18.1496   Cr: 18.1779 )
00000425: 15.5547   (Y': 12.7534   Cb: 18.1621   Cr: 18.188  )
00000426: 15.696    (Y': 12.8732   Cb: 18.3338   Cr: 18.3745 )
00000427: 15.6986   (Y': 12.8754   Cb: 18.3273   Cr: 18.3877 )
00000429: 15.9028   (Y': 13.0314   Cb: 18.7098   Cr: 18.5871 )
00000428: 15.8432   (Y': 12.9591   Cb: 18.5573   Cr: 18.6667 )
00000430: 15.917    (Y': 13.0547   Cb: 18.7117   Cr: 18.5806 )
00000431: 15.9087   (Y': 13.0681   Cb: 18.6435   Cr: 18.5539 )
00000432: 15.821    (Y': 12.9702   Cb: 18.5542   Cr: 18.5035 )
00000433: 15.7826   (Y': 12.9263   Cb: 18.5269   Cr: 18.4738 )
00000434: 15.6975   (Y': 12.8164   Cb: 18.5039   Cr: 18.4174 )
00000435: 15.6235   (Y': 12.7245   Cb: 18.4824   Cr: 18.3572 )
00000436: 15.4926   (Y': 12.5639   Cb: 18.3553   Cr: 18.3331 )
00000437: 15.3963   (Y': 12.4765   Cb: 18.314    Cr: 18.1499 )
00000438: 15.25     (Y': 12.2867   Cb: 18.2354   Cr: 18.1008 )
00000439: 15.1848   (Y': 12.2186   Cb: 18.1859   Cr: 18.0322 )
00000440: 15.068    (Y': 12.0619   Cb: 18.1258   Cr: 18.0149 )
00000441: 15.0151   (Y': 11.9967   Cb: 18.0539   Cr: 18.0293 )
00000442: 14.8937   (Y': 11.8755   Cb: 17.9494   Cr: 17.8905 )
00000443: 14.8521   (Y': 11.8122   Cb: 17.9588   Cr: 17.886  )
00000444: 14.7867   (Y': 11.7587   Cb: 17.8053   Cr: 17.8601 )
00000445: 14.729    (Y': 11.6987   Cb: 17.7501   Cr: 17.809  )
00000446: 14.7696   (Y': 11.7363   Cb: 17.8091   Cr: 17.8433 )
00000447: 14.8175   (Y': 11.8155   Cb: 17.7154   Cr: 17.9095 )
00000448: 14.883    (Y': 11.8652   Cb: 17.7612   Cr: 18.0609 )
00000449: 14.9142   (Y': 11.8754   Cb: 17.8302   Cr: 18.1393 )
00000450: 15.0173   (Y': 12.0008   Cb: 17.8645   Cr: 18.2229 )
00000451: 15.0429   (Y': 12.0206   Cb: 17.9299   Cr: 18.2297 )
00000452: 15.1731   (Y': 12.1914   Cb: 17.9631   Cr: 18.2968 )
00000453: 15.2166   (Y': 12.2388   Cb: 17.9513   Cr: 18.3846 )
00000454: 15.2974   (Y': 12.3365   Cb: 18.0425   Cr: 18.3854 )
00000455: 15.3316   (Y': 12.3495   Cb: 18.1167   Cr: 18.4623 )
00000456: 15.3169   (Y': 12.3056   Cb: 18.0531   Cr: 18.6243 )
00000458: 15.2514   (Y': 12.3187   Cb: 17.9551   Cr: 18.2717 )
00000457: 15.3287   (Y': 12.3335   Cb: 18.092    Cr: 18.537  )
00000459: 15.1804   (Y': 12.2613   Cb: 17.8179   Cr: 18.2192 )
00000460: 14.9709   (Y': 12.1242   Cb: 17.4197   Cr: 17.9388 )
00000462: 14.5659   (Y': 11.8558   Cb: 16.6999   Cr: 17.3906 )
00000463: 14.3847   (Y': 11.6626   Cb: 16.4794   Cr: 17.3003 )
00000461: 14.9046   (Y': 12.0923   Cb: 17.3067   Cr: 17.7954 )
00000464: 14.0042   (Y': 11.3794   Cb: 15.8923   Cr: 16.8238 )
00000465: 13.7543   (Y': 11.1902   Cb: 15.5519   Cr: 16.4774 )
00000466: 13.3525   (Y': 10.891    Cb: 14.9693   Cr: 15.9627 )
00000467: 13.1121   (Y': 10.7142   Cb: 14.5919   Cr: 15.6941 )
00000468: 12.7309   (Y': 10.3986   Cb: 14.0879   Cr: 15.2691 )
00000469: 12.5963   (Y': 10.3125   Cb: 13.8919   Cr: 15.0682 )
00000470: 12.5817   (Y': 10.3296   Cb: 13.8322   Cr: 15.0185 )
00000471: 12.6258   (Y': 10.384    Cb: 13.9099   Cr: 14.989  )
00000472: 12.8137   (Y': 10.6343   Cb: 14.0703   Cr: 15.0358 )
00000474: 13.1435   (Y': 10.9583   Cb: 14.5391   Cr: 15.2136 )
00000473: 12.9637   (Y': 10.8127   Cb: 14.2704   Cr: 15.048  )
00000475: 13.1121   (Y': 10.9319   Cb: 14.5776   Cr: 15.0888 )
00000476: 13.2894   (Y': 11.0619   Cb: 14.8428   Cr: 15.2917 )
00000477: 13.2757   (Y': 11.0818   Cb: 14.8117   Cr: 15.2093 )
00000478: 13.2613   (Y': 10.9965   Cb: 14.9821   Cr: 15.182  )
00000479: 13.2732   (Y': 11.0157   Cb: 14.9493   Cr: 15.2218 )
00000480: 13.3687   (Y': 11.081    Cb: 15.0471   Cr: 15.3955 )
00000481: 13.4052   (Y': 11.0885   Cb: 15.0997   Cr: 15.4934 )
00000482: 13.4646   (Y': 11.1417   Cb: 15.199    Cr: 15.5266 )
00000483: 13.4974   (Y': 11.1531   Cb: 15.2263   Cr: 15.6244 )
00000484: 13.4742   (Y': 11.1122   Cb: 15.2637   Cr: 15.5849 )
00000485: 13.4977   (Y': 11.1328   Cb: 15.2659   Cr: 15.6397 )
00000486: 13.5121   (Y': 11.1187   Cb: 15.3117   Cr: 15.701  )
00000487: 13.5554   (Y': 11.1043   Cb: 15.5033   Cr: 15.7521 )
00000488: 13.6485   (Y': 11.1409   Cb: 15.6899   Cr: 15.9134 )
00000489: 13.6843   (Y': 11.1335   Cb: 15.7747   Cr: 16.0292 )
00000490: 13.7677   (Y': 11.1613   Cb: 15.9502   Cr: 16.189  )
00000491: 13.8748   (Y': 11.241    Cb: 16.1463   Cr: 16.2908 )
00000493: 14        (Y': 11.2784   Cb: 16.3762   Cr: 16.5964 )
00000492: 13.9519   (Y': 11.2526   Cb: 16.2836   Cr: 16.5195 )
00000496: 14.0186   (Y': 11.1536   Cb: 16.6396   Cr: 16.8676 )
00000494: 13.9675   (Y': 11.1601   Cb: 16.461    Cr: 16.7404 )
00000497: 14.038    (Y': 11.1833   Cb: 16.7181   Cr: 16.7879 )
00000499: 14.1887   (Y': 11.3033   Cb: 16.8731   Cr: 17.0476 )
00000498: 14.162    (Y': 11.2739   Cb: 16.8837   Cr: 16.9927 )
00000495: 13.9735   (Y': 11.1341   Cb: 16.5352   Cr: 16.7904 )
00000500: 14.2474   (Y': 11.3399   Cb: 17.0044   Cr: 17.1144 )
00000501: 14.2563   (Y': 11.3506   Cb: 17.0148   Cr: 17.1147 )
00000504: 14.3205   (Y': 11.3284   Cb: 17.3074   Cr: 17.2816 )
00000502: 14.2954   (Y': 11.3465   Cb: 17.1242   Cr: 17.2475 )
00000505: 14.2736   (Y': 11.2845   Cb: 17.2888   Cr: 17.195  )
00000507: 14.3179   (Y': 11.2967   Cb: 17.4043   Cr: 17.2965 )
00000506: 14.2934   (Y': 11.2876   Cb: 17.3164   Cr: 17.2733 )
00000503: 14.2885   (Y': 11.318    Cb: 17.2325   Cr: 17.2083 )
00000508: 14.3696   (Y': 11.3224   Cb: 17.5471   Cr: 17.3643 )
00000509: 14.3985   (Y': 11.3387   Cb: 17.6102   Cr: 17.4115 )
00000513: 14.8106   (Y': 11.6621   Cb: 18.2572   Cr: 17.9701 )
00000514: 14.9738   (Y': 11.8001   Cb: 18.4773   Cr: 18.1888 )
00000512: 14.7383   (Y': 11.6038   Cb: 18.1255   Cr: 17.894  )
00000510: 14.5179   (Y': 11.4508   Cb: 17.7353   Cr: 17.5549 )
00000515: 15.0543   (Y': 11.8876   Cb: 18.5754   Cr: 18.2225 )
00000511: 14.6149   (Y': 11.5143   Cb: 17.9463   Cr: 17.6812 )
00000516: 15.2173   (Y': 12.0065   Cb: 18.9071   Cr: 18.4239 )
00000517: 15.2877   (Y': 12.0969   Cb: 18.9138   Cr: 18.4638 )
00000518: 15.5239   (Y': 12.2857   Cb: 19.1875   Cr: 18.877  )
00000519: 15.6163   (Y': 12.3634   Cb: 19.2985   Cr: 19.0191 )
00000521: 15.9284   (Y': 12.6945   Cb: 19.4921   Cr: 19.3566 )
00000523: 16.1722   (Y': 13.0106   Cb: 19.407    Cr: 19.5988 )
00000520: 15.8376   (Y': 12.5912   Cb: 19.4301   Cr: 19.2961 )
00000522: 16.1318   (Y': 12.9477   Cb: 19.4898   Cr: 19.5349 )
00000524: 16.3012   (Y': 13.2025   Cb: 19.3652   Cr: 19.6268 )
00000525: 16.3016   (Y': 13.2049   Cb: 19.2085   Cr: 19.7917 )
00000526: 16.1924   (Y': 13.0782   Cb: 19.0232   Cr: 19.8524 )
00000527: 16.0852   (Y': 12.9578   Cb: 18.916    Cr: 19.8087 )
00000528: 16.0613   (Y': 12.9298   Cb: 18.9693   Cr: 19.7115 )
00000529: 16.104    (Y': 12.9795   Cb: 18.9402   Cr: 19.8073 )
00000531: 16.2162   (Y': 13.0918   Cb: 19.1385   Cr: 19.816  )
00000532: 16.3954   (Y': 13.3289   Cb: 19.2525   Cr: 19.8061 )
00000530: 16.1768   (Y': 13.0777   Cb: 19.0458   Cr: 19.7214 )
00000533: 16.4762   (Y': 13.4154   Cb: 19.3301   Cr: 19.8651 )
00000534: 16.5416   (Y': 13.4999   Cb: 19.3699   Cr: 19.8754 )
00000535: 16.5514   (Y': 13.5212   Cb: 19.3574   Cr: 19.8605 )
00000537: 16.6866   (Y': 13.646    Cb: 19.4288   Cr: 20.1147 )
00000538: 16.5815   (Y': 13.5611   Cb: 19.3113   Cr: 19.9354 )
00000536: 16.6928   (Y': 13.6694   Cb: 19.3804   Cr: 20.1091 )
00000540: 16.5705   (Y': 13.63     Cb: 19.3125   Cr: 19.5806 )
00000541: 16.5037   (Y': 13.5661   Cb: 19.3809   Cr: 19.3635 )
00000539: 16.5911   (Y': 13.5778   Cb: 19.3883   Cr: 19.8381 )
00000542: 16.4058   (Y': 13.495    Cb: 19.1527   Cr: 19.2961 )
00000543: 16.3539   (Y': 13.439    Cb: 19.1541   Cr: 19.2049 )
00000544: 16.2257   (Y': 13.3282   Cb: 19.0868   Cr: 18.9521 )
00000545: 16.1841   (Y': 13.2837   Cb: 19.1386   Cr: 18.8321 )
00000547: 15.9189   (Y': 13.0502   Cb: 18.8503   Cr: 18.4761 )
00000548: 15.7419   (Y': 12.9031   Cb: 18.5969   Cr: 18.2662 )
00000546: 15.9418   (Y': 13.0531   Cb: 18.892    Cr: 18.5521 )
00000549: 15.642    (Y': 12.8634   Cb: 18.4653   Cr: 17.9935 )
00000551: 15.3286   (Y': 12.6251   Cb: 17.9759   Cr: 17.5993 )
00000550: 15.4146   (Y': 12.6824   Cb: 18.1049   Cr: 17.7371 )
00000552: 15.2019   (Y': 12.5395   Cb: 17.7689   Cr: 17.4188 )
00000553: 15.111    (Y': 12.4741   Cb: 17.6956   Cr: 17.2346 )
00000554: 14.9788   (Y': 12.3938   Cb: 17.5165   Cr: 16.9917 )
00000555: 14.898    (Y': 12.3217   Cb: 17.4402   Cr: 16.8817 )
00000557: 14.607    (Y': 12.0592   Cb: 17.1312   Cr: 16.526  )
00000556: 14.7215   (Y': 12.1501   Cb: 17.2679   Cr: 16.688  )
00000559: 14.5621   (Y': 12.013    Cb: 17.1378   Cr: 16.4406 )
00000561: 14.6471   (Y': 12.0527   Cb: 17.3025   Cr: 16.5847 )
00000560: 14.5732   (Y': 11.993    Cb: 17.1433   Cr: 16.5437 )
00000558: 14.5957   (Y': 12.022    Cb: 17.1525   Cr: 16.5596 )
00000563: 15.194    (Y': 12.6423   Cb: 17.8943   Cr: 16.976  )
00000562: 15.0558   (Y': 12.4977   Cb: 17.7641   Cr: 16.8487 )
00000564: 15.4121   (Y': 12.9015   Cb: 18.0551   Cr: 17.1304 )
00000565: 15.4978   (Y': 12.996    Cb: 18.1506   Cr: 17.1851 )
00000566: 15.6281   (Y': 13.1364   Cb: 18.2777   Cr: 17.2913 )
00000567: 15.5607   (Y': 13.1094   Cb: 18.1651   Cr: 17.1559 )
00000569: 15.0198   (Y': 12.5791   Cb: 17.4995   Cr: 16.6893 )
00000568: 15.2283   (Y': 12.7472   Cb: 17.8318   Cr: 16.9009 )
00000571: 14.572    (Y': 12.154    Cb: 17.0511   Cr: 16.184  )
00000572: 14.5463   (Y': 12.0903   Cb: 17.0018   Cr: 16.2756 )
00000573: 14.5066   (Y': 12.0192   Cb: 16.9913   Cr: 16.2946 )
00000570: 14.6745   (Y': 12.2526   Cb: 17.1693   Cr: 16.2835 )
00000574: 14.4801   (Y': 12.0024   Cb: 16.8188   Cr: 16.3697 )
00000576: 14.5445   (Y': 11.995    Cb: 16.9279   Cr: 16.5948 )
00000577: 14.5874   (Y': 12.0301   Cb: 16.8811   Cr: 16.7452 )
00000575: 14.4722   (Y': 11.9472   Cb: 16.8499   Cr: 16.4575 )
00000578: 14.6329   (Y': 12.0148   Cb: 16.9865   Cr: 16.9165 )
Total: 15.2647   (Y': 12.5622   Cb: 17.646    Cr: 17.7914 )
