./ps4_degrader: invalid option -- 'v'
Capturing with the following configuration:
 - Capture device: DeckLink 4K Extreme 12G
 - Video mode: 720p59.94
 - Pixel format: 8 bit BGRA (4:4:4:x)
[libx264 @ 0x34a2e40] using cpu capabilities: MMX2 SSE2Fast SSSE3 SSE4.2 AVX AVX2 FMA3 LZCNT BMI2
[libx264 @ 0x34a2e40] profile High 4:2:2 Intra, level 3.1, 4:2:2 8-bit
PLAYBACK (hw timestamp): Frame 181 Displayed Late. Expected (+/- 5%): 50000
	Timestamp delay: 83273
	Hardware timestamp delay: 83374
CAPTURE: dropped a frame (dropped_count=0)
CAPTURE: dropped a frame (dropped_count=1)
CAPTURE: dropped a frame (dropped_count=2)
PLAYBACK (hw timestamp): Frame 182 Displayed Late. Expected (+/- 5%): 50000
	Timestamp delay: 266929
	Hardware timestamp delay: 266938
PLAYBACK (hw timestamp): Frame 480 Displayed Late. Expected (+/- 5%): 50000
	Timestamp delay: 83417
	Hardware timestamp delay: 83374
CAPTURE: dropped a frame (dropped_count=3)
PLAYBACK (hw timestamp): Frame 481 Displayed Late. Expected (+/- 5%): 50000
	Timestamp delay: 200165
	Hardware timestamp delay: 200245
[libx264 @ 0x34a2e40] frame I:577   Avg QP:33.00  size: 37163
[libx264 @ 0x34a2e40] mb I  I16..4: 17.1% 65.6% 17.3%
[libx264 @ 0x34a2e40] final ratefactor: 40.59
[libx264 @ 0x34a2e40] 8x8 transform intra:65.6%
[libx264 @ 0x34a2e40] coded y,uvDC,uvAC intra: 55.9% 66.9% 22.9%
[libx264 @ 0x34a2e40] i16 v,h,dc,p: 20% 39% 20% 21%
[libx264 @ 0x34a2e40] i8 v,h,dc,ddl,ddr,vr,hd,vl,hu: 11% 24% 26%  6%  6%  5%  9%  4%  9%
[libx264 @ 0x34a2e40] i4 v,h,dc,ddl,ddr,vr,hd,vl,hu: 16% 29% 18%  5%  7%  5%  9%  4%  6%
[libx264 @ 0x34a2e40] i8c dc,h,v,p: 65% 18% 13%  5%
[libx264 @ 0x34a2e40] kb/s:5946.14
Stopping Capture
