00000000: 13.816    (Y': 11.7419   Cb: 14.8197   Cr: 16.0768 )
00000001: 13.8367   (Y': 11.78     Cb: 14.8047   Cr: 16.0985 )
00000002: 13.6477   (Y': 11.5789   Cb: 14.5525   Cr: 16.0293 )
00000003: 13.591    (Y': 11.5858   Cb: 14.4245   Cr: 15.8983 )
00000004: 13.6158   (Y': 11.7076   Cb: 14.351    Cr: 15.8054 )
00000005: 13.582    (Y': 11.7448   Cb: 14.2606   Cr: 15.6715 )
00000006: 13.5699   (Y': 11.7943   Cb: 14.1753   Cr: 15.611  )
00000009: 13.1793   (Y': 11.5023   Cb: 13.7543   Cr: 15.0324 )
00000010: 13.224    (Y': 11.6385   Cb: 13.7017   Cr: 15.0052 )
00000007: 13.5825   (Y': 11.7812   Cb: 14.247    Cr: 15.6041 )
00000008: 13.3262   (Y': 11.6022   Cb: 13.9193   Cr: 15.2621 )
00000011: 13.2945   (Y': 11.7284   Cb: 13.7402   Cr: 15.0772 )
00000014: 13.2149   (Y': 11.7364   Cb: 13.6889   Cr: 14.7774 )
00000015: 13.184    (Y': 11.6706   Cb: 13.6646   Cr: 14.8092 )
00000013: 13.2144   (Y': 11.6846   Cb: 13.7092   Cr: 14.855  )
00000012: 13.2954   (Y': 11.7549   Cb: 13.775    Cr: 14.9782 )
00000018: 14.7117   (Y': 12.924    Cb: 15.5781   Cr: 16.4406 )
00000019: 14.6515   (Y': 12.9064   Cb: 15.5116   Cr: 16.2939 )
00000020: 14.441    (Y': 12.7934   Cb: 15.1878   Cr: 16.0111 )
00000016: 13.488    (Y': 11.8527   Cb: 14.0872   Cr: 15.2165 )
00000021: 13.9327   (Y': 12.3176   Cb: 14.6233   Cr: 15.5034 )
00000017: 13.8109   (Y': 12.1294   Cb: 14.5252   Cr: 15.4932 )
00000024: 14.113    (Y': 12.3728   Cb: 15.0243   Cr: 15.6845 )
00000027: 13.6242   (Y': 12.0474   Cb: 14.2317   Cr: 15.2179 )
00000022: 14.1217   (Y': 12.386    Cb: 14.8681   Cr: 15.8832 )
00000028: 13.6049   (Y': 11.9193   Cb: 14.2727   Cr: 15.3552 )
00000026: 13.8276   (Y': 12.0943   Cb: 14.5724   Cr: 15.5857 )
00000023: 14.0781   (Y': 12.3754   Cb: 14.816    Cr: 15.7772 )
00000025: 14.1502   (Y': 12.3518   Cb: 15.0578   Cr: 15.8532 )
00000030: 13.5589   (Y': 11.901    Cb: 14.1807   Cr: 15.3074 )
00000031: 13.5471   (Y': 11.9288   Cb: 14.1297   Cr: 15.2605 )
00000029: 13.6013   (Y': 11.9197   Cb: 14.2621   Cr: 15.3518 )
00000034: 13.1877   (Y': 11.5021   Cb: 13.7337   Cr: 15.0995 )
00000032: 13.4397   (Y': 11.8424   Cb: 13.9769   Cr: 15.1674 )
00000035: 13.1665   (Y': 11.5125   Cb: 13.6619   Cr: 15.076  )
00000033: 13.3206   (Y': 11.705    Cb: 13.8619   Cr: 15.0824 )
00000036: 13.1081   (Y': 11.4421   Cb: 13.6485   Cr: 14.9829 )
00000037: 13.0881   (Y': 11.372    Cb: 13.667    Cr: 15.0251 )
00000038: 13.0175   (Y': 11.3097   Cb: 13.627    Cr: 14.894  )
00000039: 12.9829   (Y': 11.2523   Cb: 13.6476   Cr: 14.8383 )
00000040: 12.997    (Y': 11.2806   Cb: 13.6497   Cr: 14.8359 )
00000041: 13.0308   (Y': 11.2827   Cb: 13.6974   Cr: 14.9237 )
00000042: 13.1522   (Y': 11.4816   Cb: 13.6978   Cr: 15.0306 )
00000043: 13.1054   (Y': 11.4399   Cb: 13.6127   Cr: 15.0246 )
00000044: 13.0175   (Y': 11.1711   Cb: 13.706    Cr: 15.116  )
00000047: 13.2479   (Y': 11.4257   Cb: 13.8637   Cr: 15.3885 )
00000045: 13.0741   (Y': 11.3104   Cb: 13.6616   Cr: 15.1114 )
00000046: 13.2206   (Y': 11.4329   Cb: 13.8316   Cr: 15.2832 )
00000048: 13.1822   (Y': 11.2842   Cb: 13.8935   Cr: 15.3793 )
00000049: 13.2544   (Y': 11.2301   Cb: 14.132    Cr: 15.5521 )
00000050: 13.369    (Y': 11.1778   Cb: 14.4376   Cr: 15.8728 )
00000051: 13.4227   (Y': 11.114    Cb: 14.6297   Cr: 16.0904 )
00000053: 13.4404   (Y': 10.9901   Cb: 14.8816   Cr: 16.2444 )
00000052: 13.4444   (Y': 11.0901   Cb: 14.728    Cr: 16.1503 )
00000054: 13.5917   (Y': 11.2104   Cb: 14.8788   Cr: 16.3803 )
00000056: 13.6305   (Y': 11.4746   Cb: 14.6766   Cr: 16.0624 )
00000055: 13.6084   (Y': 11.3245   Cb: 14.7866   Cr: 16.2391 )
00000059: 13.6269   (Y': 11.7922   Cb: 14.225    Cr: 15.824  )
00000058: 13.6143   (Y': 11.6738   Cb: 14.3802   Cr: 15.8448 )
00000057: 13.5604   (Y': 11.5083   Cb: 14.4933   Cr: 15.8574 )
00000062: 14.1208   (Y': 12.3204   Cb: 14.8263   Cr: 16.0846 )
00000061: 13.4926   (Y': 11.8395   Cb: 13.8381   Cr: 15.616  )
00000060: 13.5483   (Y': 11.8141   Cb: 14.0552   Cr: 15.6286 )
00000064: 14.7812   (Y': 12.916    Cb: 15.5726   Cr: 16.7869 )
00000066: 14.1098   (Y': 12.4595   Cb: 14.6477   Cr: 15.9526 )
00000065: 14.5395   (Y': 12.7181   Cb: 15.27     Cr: 16.52   )
00000063: 14.7924   (Y': 13.0231   Cb: 15.5503   Cr: 16.6151 )
00000068: 14.5359   (Y': 12.8399   Cb: 15.1945   Cr: 16.3212 )
00000069: 14.5776   (Y': 12.8855   Cb: 15.2747   Cr: 16.3046 )
00000067: 14.233    (Y': 12.534    Cb: 14.8407   Cr: 16.0916 )
00000070: 14.0888   (Y': 12.2249   Cb: 14.8571   Cr: 16.122  )
00000071: 14.0715   (Y': 12.1414   Cb: 14.9218   Cr: 16.1598 )
00000072: 14.4569   (Y': 12.5765   Cb: 15.3172   Cr: 16.4097 )
00000074: 15.1116   (Y': 13.1521   Cb: 16.0135   Cr: 17.2061 )
00000076: 15.0691   (Y': 13.0248   Cb: 16.1676   Cr: 17.1287 )
00000073: 14.7886   (Y': 12.9398   Cb: 15.6349   Cr: 16.6839 )
00000075: 14.982    (Y': 13.0068   Cb: 15.9946   Cr: 16.9741 )
00000079: 14.9151   (Y': 12.7609   Cb: 16.0634   Cr: 17.2054 )
00000077: 15.088    (Y': 13.0414   Cb: 16.2212   Cr: 17.1106 )
00000078: 14.83     (Y': 12.7284   Cb: 15.9265   Cr: 17.0432 )
00000084: 14.9814   (Y': 12.6977   Cb: 16.2381   Cr: 17.5044 )
00000081: 14.9856   (Y': 12.7594   Cb: 16.2464   Cr: 17.334  )
00000080: 14.9194   (Y': 12.694    Cb: 16.1452   Cr: 17.3108 )
00000082: 15.0628   (Y': 12.7788   Cb: 16.2509   Cr: 17.6805 )
00000083: 14.8987   (Y': 12.5862   Cb: 16.1521   Cr: 17.5141 )
00000085: 14.9792   (Y': 12.7098   Cb: 16.1788   Cr: 17.5362 )
00000087: 14.9178   (Y': 12.6329   Cb: 16.1677   Cr: 17.4533 )
00000088: 14.987    (Y': 12.643    Cb: 16.3803   Cr: 17.5137 )
00000090: 15.0531   (Y': 12.7137   Cb: 16.3894   Cr: 17.6407 )
00000086: 15.0527   (Y': 12.7938   Cb: 16.268    Cr: 17.5567 )
00000089: 15.0929   (Y': 12.782    Cb: 16.4328   Cr: 17.5884 )
00000091: 15.0673   (Y': 12.7727   Cb: 16.3378   Cr: 17.6049 )
00000092: 15.2928   (Y': 13.0695   Cb: 16.6006   Cr: 17.5733 )
00000093: 15.2044   (Y': 12.9696   Cb: 16.4754   Cr: 17.5646 )
00000094: 15.3399   (Y': 13.0728   Cb: 16.6352   Cr: 17.7625 )
00000095: 15.1083   (Y': 12.8206   Cb: 16.3583   Cr: 17.6523 )
00000096: 15.2145   (Y': 12.9724   Cb: 16.3882   Cr: 17.7247 )
00000097: 15.0886   (Y': 12.8501   Cb: 16.1602   Cr: 17.73   )
00000098: 15.0484   (Y': 12.8252   Cb: 16.0435   Cr: 17.7542 )
00000099: 15.0481   (Y': 12.8148   Cb: 16.1066   Cr: 17.6926 )
00000100: 15.2035   (Y': 13.0301   Cb: 16.2959   Cr: 17.6224 )
00000101: 15.0766   (Y': 12.8978   Cb: 16.0984   Cr: 17.6093 )
00000102: 15.0312   (Y': 12.8113   Cb: 16.048    Cr: 17.695  )
00000103: 15.0652   (Y': 12.8951   Cb: 15.9816   Cr: 17.7247 )
00000106: 14.7266   (Y': 12.5558   Cb: 15.683    Cr: 17.3294 )
00000107: 14.6528   (Y': 12.4869   Cb: 15.6232   Cr: 17.2207 )
00000104: 14.9112   (Y': 12.7141   Cb: 15.8184   Cr: 17.668  )
00000105: 14.7766   (Y': 12.5638   Cb: 15.7044   Cr: 17.5515 )
00000109: 14.5489   (Y': 12.4743   Cb: 15.3731   Cr: 17.063  )
00000108: 14.6935   (Y': 12.5846   Cb: 15.5687   Cr: 17.232  )
00000110: 14.5407   (Y': 12.573    Cb: 15.3243   Cr: 16.8181 )
00000111: 14.4762   (Y': 12.4876   Cb: 15.2874   Cr: 16.7703 )
00000113: 14.295    (Y': 12.2452   Cb: 15.16     Cr: 16.6799 )
00000112: 14.4124   (Y': 12.3899   Cb: 15.2405   Cr: 16.7743 )
00000115: 14.307    (Y': 12.3119   Cb: 15.1039   Cr: 16.639  )
00000114: 14.2735   (Y': 12.2302   Cb: 15.0901   Cr: 16.7101 )
00000116: 14.2209   (Y': 12.2193   Cb: 14.9541   Cr: 16.6631 )
00000117: 14.37     (Y': 12.3623   Cb: 15.103    Cr: 16.8294 )
00000118: 14.3972   (Y': 12.3397   Cb: 15.1384   Cr: 16.9865 )
00000119: 14.426    (Y': 12.3295   Cb: 15.1687   Cr: 17.1291 )
00000121: 14.3444   (Y': 12.2049   Cb: 15.0057   Cr: 17.3149 )
00000120: 14.4515   (Y': 12.3245   Cb: 15.171    Cr: 17.2856 )
00000125: 14.4225   (Y': 12.3112   Cb: 15.134    Cr: 17.2204 )
00000122: 14.4214   (Y': 12.2848   Cb: 15.1273   Cr: 17.3081 )
00000123: 14.5862   (Y': 12.4677   Cb: 15.3464   Cr: 17.3282 )
00000124: 14.4227   (Y': 12.3142   Cb: 15.1342   Cr: 17.2117 )
00000127: 14.3158   (Y': 12.1812   Cb: 15.0692   Cr: 17.1184 )
00000126: 14.3458   (Y': 12.2114   Cb: 15.1234   Cr: 17.1092 )
00000129: 14.3729   (Y': 12.2641   Cb: 15.138    Cr: 17.078  )
00000130: 14.3875   (Y': 12.2997   Cb: 15.1313   Cr: 17.0622 )
00000131: 14.3397   (Y': 12.2897   Cb: 15.1289   Cr: 16.8352 )
00000128: 14.3933   (Y': 12.2974   Cb: 15.1076   Cr: 17.1393 )
00000132: 14.1324   (Y': 12.0523   Cb: 14.9252   Cr: 16.7094 )
00000133: 14.0612   (Y': 11.9828   Cb: 14.838    Cr: 16.6575 )
00000134: 14.0602   (Y': 12.0388   Cb: 14.7614   Cr: 16.6065 )
00000135: 14.0473   (Y': 12.0437   Cb: 14.6863   Cr: 16.6391 )
00000136: 14.0243   (Y': 12.0275   Cb: 14.702    Cr: 16.5367 )
00000138: 26.8004   (Y': 23.8765   Cb: 29.4178   Cr: 29.8803 )
00000140: 17.9922   (Y': 14.5683   Cb: 21.8887   Cr: 22.0538 )
00000137: 13.9922   (Y': 11.9864   Cb: 14.6742   Cr: 16.5237 )
00000139: 21.2017   (Y': 17.584    Cb: 25.6443   Cr: 25.884  )
00000141: 17.2349   (Y': 13.8919   Cb: 20.6653   Cr: 21.3593 )
00000142: 16.2356   (Y': 12.9388   Cb: 19.5171   Cr: 20.282  )
00000143: 15.7895   (Y': 12.5374   Cb: 18.9362   Cr: 19.7583 )
00000144: 15.0889   (Y': 11.8734   Cb: 18.0842   Cr: 19.0517 )
00000145: 14.9084   (Y': 11.7594   Cb: 17.7127   Cr: 18.7718 )
00000146: 14.4806   (Y': 11.415    Cb: 17.0221   Cr: 18.2754 )
00000147: 14.359    (Y': 11.3369   Cb: 16.8005   Cr: 18.0791 )
00000148: 14.2489   (Y': 11.2945   Cb: 16.5199   Cr: 17.886  )
00000149: 14.2362   (Y': 11.2708   Cb: 16.5259   Cr: 17.8978 )
00000150: 14.2099   (Y': 11.2618   Cb: 16.4145   Cr: 17.9106 )
00000153: 14.1848   (Y': 11.2736   Cb: 16.2283   Cr: 17.9477 )
00000151: 14.2114   (Y': 11.2683   Cb: 16.3856   Cr: 17.932  )
00000152: 14.1448   (Y': 11.2156   Cb: 16.2879   Cr: 17.8452 )
00000155: 14.1392   (Y': 11.2165   Cb: 16.2007   Cr: 17.929  )
00000154: 14.2095   (Y': 11.2934   Cb: 16.277    Cr: 17.9595 )
00000157: 14.1524   (Y': 11.2188   Cb: 16.2352   Cr: 17.9616 )
00000156: 14.1429   (Y': 11.2009   Cb: 16.2327   Cr: 17.9814 )
00000160: 14.1524   (Y': 11.2761   Cb: 16.1017   Cr: 17.8955 )
00000158: 14.1114   (Y': 11.1875   Cb: 16.1342   Cr: 17.9653 )
00000161: 14.1357   (Y': 11.2623   Cb: 16.0512   Cr: 17.9168 )
00000159: 14.1442   (Y': 11.2341   Cb: 16.1779   Cr: 17.9166 )
00000164: 14.5165   (Y': 11.9184   Cb: 15.9317   Cr: 17.8966 )
00000162: 14.1074   (Y': 11.2625   Cb: 15.9646   Cr: 17.8473 )
00000165: 14.1598   (Y': 11.3833   Cb: 15.8318   Cr: 17.8828 )
00000163: 14.4912   (Y': 11.817    Cb: 15.9897   Cr: 18.0497 )
00000166: 14.1936   (Y': 11.4037   Cb: 15.8783   Cr: 17.9564 )
00000171: 14.6575   (Y': 12.109    Cb: 15.8603   Cr: 18.1872 )
00000167: 14.5436   (Y': 11.9448   Cb: 15.9011   Cr: 18.0187 )
00000172: 14.7486   (Y': 12.2323   Cb: 15.9044   Cr: 18.2291 )
00000173: 14.7549   (Y': 12.2506   Cb: 15.8916   Cr: 18.2205 )
00000169: 14.6433   (Y': 11.9972   Cb: 16.0079   Cr: 18.3036 )
00000168: 14.567    (Y': 11.9393   Cb: 15.9465   Cr: 18.1246 )
00000170: 14.6468   (Y': 12.071    Cb: 15.8877   Cr: 18.2226 )
00000177: 14.7866   (Y': 12.5139   Cb: 15.5762   Cr: 17.9864 )
00000179: 14.7357   (Y': 12.4832   Cb: 15.4778   Cr: 17.9483 )
00000178: 14.8254   (Y': 12.616    Cb: 15.5243   Cr: 17.964  )
00000174: 14.8482   (Y': 12.4517   Cb: 15.8588   Cr: 18.1161 )
00000180: 14.6729   (Y': 12.4705   Cb: 15.3336   Cr: 17.8554 )
00000175: 14.8286   (Y': 12.4544   Cb: 15.8247   Cr: 18.0393 )
00000176: 14.8007   (Y': 12.4935   Cb: 15.6615   Cr: 18      )
00000181: 14.6535   (Y': 12.4667   Cb: 15.3077   Cr: 17.7936 )
00000182: 14.5592   (Y': 12.4143   Cb: 15.1742   Cr: 17.6274 )
00000184: 14.4211   (Y': 12.2088   Cb: 15.1047   Cr: 17.5965 )
00000183: 14.4641   (Y': 12.3426   Cb: 15.0439   Cr: 17.5168 )
00000186: 14.3957   (Y': 12.1505   Cb: 15.1143   Cr: 17.624  )
00000185: 14.4274   (Y': 12.2125   Cb: 15.1339   Cr: 17.5712 )
00000187: 14.419    (Y': 12.197    Cb: 15.0743   Cr: 17.679  )
00000189: 14.4471   (Y': 12.1657   Cb: 15.2684   Cr: 17.6225 )
00000188: 14.337    (Y': 12.0455   Cb: 15.1196   Cr: 17.6165 )
00000190: 15.1519   (Y': 12.8363   Cb: 16.2481   Cr: 18.0024 )
00000191: 15.3479   (Y': 13.0423   Cb: 16.4924   Cr: 18.0951 )
00000192: 14.9942   (Y': 12.8432   Cb: 15.8916   Cr: 17.6246 )
00000193: 14.5001   (Y': 12.413    Cb: 15.2627   Cr: 17.1435 )
00000194: 14.031    (Y': 12.0162   Cb: 14.6917   Cr: 16.6209 )
00000195: 14.1168   (Y': 12.1228   Cb: 14.8011   Cr: 16.6112 )
00000196: 14.1473   (Y': 12.207    Cb: 14.8356   Cr: 16.4881 )
00000197: 14.0559   (Y': 12.1462   Cb: 14.697    Cr: 16.3847 )
00000198: 13.792    (Y': 11.8558   Cb: 14.4341   Cr: 16.1902 )
00000200: 13.3803   (Y': 11.4346   Cb: 14.0225   Cr: 15.8043 )
00000199: 13.5935   (Y': 11.669    Cb: 14.2221   Cr: 15.9806 )
00000201: 13.2069   (Y': 11.1999   Cb: 13.9158   Cr: 15.7006 )
00000202: 13.2153   (Y': 11.1962   Cb: 13.9706   Cr: 15.6736 )
00000203: 13.2264   (Y': 11.2137   Cb: 13.9892   Cr: 15.6559 )
00000204: 13.2329   (Y': 11.1855   Cb: 13.9837   Cr: 15.7785 )
00000205: 13.251    (Y': 11.2147   Cb: 13.9835   Cr: 15.7919 )
00000207: 13.2115   (Y': 11.2095   Cb: 13.8986   Cr: 15.7243 )
00000208: 13.1251   (Y': 11.1371   Cb: 13.8122   Cr: 15.5982 )
00000210: 13.0621   (Y': 11.1225   Cb: 13.6556   Cr: 15.5439 )
00000209: 13.1257   (Y': 11.1652   Cb: 13.769    Cr: 15.5889 )
00000206: 13.2332   (Y': 11.234    Cb: 13.915    Cr: 15.7462 )
00000211: 13.031    (Y': 11.1194   Cb: 13.6015   Cr: 15.4709 )
00000213: 12.9695   (Y': 11.0192   Cb: 13.5603   Cr: 15.4848 )
00000216: 12.9272   (Y': 11.0237   Cb: 13.443    Cr: 15.4306 )
00000217: 12.9562   (Y': 11.1042   Cb: 13.442    Cr: 15.3666 )
00000212: 13.013    (Y': 11.0639   Cb: 13.6032   Cr: 15.5259 )
00000214: 13.0122   (Y': 11.0711   Cb: 13.5985   Cr: 15.509  )
00000215: 12.9856   (Y': 11.0573   Cb: 13.5716   Cr: 15.4476 )
00000219: 12.8629   (Y': 11.0326   Cb: 13.3264   Cr: 15.2509 )
00000221: 12.8463   (Y': 11.0258   Cb: 13.3018   Cr: 15.2207 )
00000218: 12.9143   (Y': 11.0662   Cb: 13.3881   Cr: 15.3333 )
00000220: 12.8613   (Y': 11.0303   Cb: 13.3241   Cr: 15.252  )
00000225: 12.8033   (Y': 11.0305   Cb: 13.2364   Cr: 15.0889 )
00000223: 12.7965   (Y': 11.0096   Cb: 13.2549   Cr: 15.0793 )
00000222: 12.887    (Y': 11.0886   Cb: 13.3504   Cr: 15.192  )
00000227: 12.7582   (Y': 11.0362   Cb: 13.1997   Cr: 14.9044 )
00000226: 12.7981   (Y': 11.0688   Cb: 13.2316   Cr: 14.9745 )
00000224: 12.7814   (Y': 10.9928   Cb: 13.2493   Cr: 15.0544 )
00000228: 12.7355   (Y': 11.0429   Cb: 13.1722   Cr: 14.8181 )
00000230: 12.6735   (Y': 11.0148   Cb: 13.1301   Cr: 14.6479 )
00000229: 12.6788   (Y': 10.9755   Cb: 13.1473   Cr: 14.7405 )
00000232: 12.6087   (Y': 10.9703   Cb: 13.1012   Cr: 14.4865 )
00000231: 12.6581   (Y': 10.9789   Cb: 13.1781   Cr: 14.5908 )
00000233: 12.6125   (Y': 10.9761   Cb: 13.0563   Cr: 14.554  )
00000234: 12.5942   (Y': 10.9941   Cb: 12.9786   Cr: 14.5377 )
00000237: 12.6415   (Y': 11.008    Cb: 12.9763   Cr: 14.7345 )
00000235: 12.6114   (Y': 11.0167   Cb: 13.0057   Cr: 14.5286 )
00000236: 12.6418   (Y': 11.0176   Cb: 13.0017   Cr: 14.676  )
00000239: 12.6104   (Y': 10.9888   Cb: 12.9286   Cr: 14.7007 )
00000238: 12.6068   (Y': 11.0017   Cb: 12.9138   Cr: 14.6749 )
00000240: 12.5737   (Y': 10.9      Cb: 12.8841   Cr: 14.8012 )
00000241: 12.5947   (Y': 10.9156   Cb: 12.89     Cr: 14.8587 )
00000242: 12.6195   (Y': 10.9144   Cb: 12.9374   Cr: 14.9128 )
00000243: 12.6085   (Y': 10.9356   Cb: 12.8632   Cr: 14.9218 )
00000244: 12.5698   (Y': 10.8709   Cb: 12.8624   Cr: 14.8877 )
00000245: 12.6098   (Y': 10.9      Cb: 12.9091   Cr: 14.9447 )
00000246: 12.5829   (Y': 10.8417   Cb: 12.902    Cr: 14.9663 )
00000249: 12.6312   (Y': 10.8886   Cb: 12.9224   Cr: 15.0634 )
00000247: 12.6088   (Y': 10.8574   Cb: 12.9268   Cr: 15.0205 )
00000248: 12.6547   (Y': 10.9019   Cb: 12.9557   Cr: 15.0979 )
00000250: 12.6106   (Y': 10.8621   Cb: 12.8946   Cr: 15.0701 )
00000251: 12.6513   (Y': 10.8919   Cb: 12.9755   Cr: 15.0737 )
00000252: 12.5855   (Y': 10.8088   Cb: 12.9272   Cr: 15.0254 )
00000253: 12.5841   (Y': 10.8117   Cb: 12.9174   Cr: 15.026  )
00000254: 12.6074   (Y': 10.8563   Cb: 12.9372   Cr: 14.9991 )
00000255: 12.5989   (Y': 10.8358   Cb: 12.92     Cr: 15.0365 )
00000257: 12.564    (Y': 10.7983   Cb: 12.8992   Cr: 14.9855 )
00000258: 12.6095   (Y': 10.8511   Cb: 12.9428   Cr: 15.0146 )
00000256: 12.5674   (Y': 10.8118   Cb: 12.8711   Cr: 15.0136 )
00000260: 12.6141   (Y': 10.8629   Cb: 12.9035   Cr: 15.0718 )
00000259: 12.5941   (Y': 10.8428   Cb: 12.9014   Cr: 15.0232 )
00000261: 12.597    (Y': 10.8646   Cb: 12.8831   Cr: 15.0109 )
00000265: 18.1249   (Y': 14.8234   Cb: 21.36     Cr: 22.2528 )
00000263: 12.1582   (Y': 10.3755   Cb: 12.527    Cr: 14.57   )
00000262: 12.5658   (Y': 10.826    Cb: 12.8182   Cr: 15.0548 )
00000264: 20.1007   (Y': 16.5801   Cb: 24.2692   Cr: 24.4454 )
00000266: 16.044    (Y': 13.1266   Cb: 18.2518   Cr: 19.6009 )
00000268: 14.6527   (Y': 12.0373   Cb: 16.1943   Cr: 17.9078 )
00000267: 15.4501   (Y': 12.6799   Cb: 17.3089   Cr: 18.8626 )
00000269: 14.3915   (Y': 11.8895   Cb: 15.8134   Cr: 17.4008 )
00000270: 13.8766   (Y': 11.5427   Cb: 15.0346   Cr: 16.696  )
00000271: 13.6853   (Y': 11.4013   Cb: 14.736    Cr: 16.5009 )
00000273: 13.2316   (Y': 11.2653   Cb: 13.9593   Cr: 15.5853 )
00000272: 13.3212   (Y': 11.2614   Cb: 14.1684   Cr: 15.7598 )
00000275: 13.2497   (Y': 11.2817   Cb: 14.017    Cr: 15.5507 )
00000276: 13.2588   (Y': 11.3251   Cb: 13.9735   Cr: 15.5436 )
00000274: 13.249    (Y': 11.2702   Cb: 13.9972   Cr: 15.6064 )
00000277: 13.2992   (Y': 11.3472   Cb: 14.04     Cr: 15.5952 )
00000278: 13.3106   (Y': 11.3494   Cb: 14.05     Cr: 15.6333 )
00000279: 13.3635   (Y': 11.3922   Cb: 14.1053   Cr: 15.7103 )
00000280: 13.4286   (Y': 11.435    Cb: 14.1858   Cr: 15.8136 )
00000281: 13.421    (Y': 11.4365   Cb: 14.1521   Cr: 15.8192 )
00000282: 13.4446   (Y': 11.4427   Cb: 14.1686   Cr: 15.9014 )
00000284: 13.2523   (Y': 11.2578   Cb: 13.9009   Cr: 15.8029 )
00000283: 13.3626   (Y': 11.3669   Cb: 14.0599   Cr: 15.8418 )
00000285: 13.2249   (Y': 11.2219   Cb: 13.9087   Cr: 15.7456 )
00000286: 13.2733   (Y': 11.2361   Cb: 14.0297   Cr: 15.7812 )
00000287: 13.2602   (Y': 11.2455   Cb: 13.9916   Cr: 15.7418 )
00000288: 13.4914   (Y': 11.6596   Cb: 14.0491   Cr: 15.7402 )
00000289: 13.2973   (Y': 11.2691   Cb: 14.0047   Cr: 15.8538 )
00000290: 13.2518   (Y': 11.2284   Cb: 13.9307   Cr: 15.8384 )
00000291: 13.4816   (Y': 11.6407   Cb: 14.0217   Cr: 15.7798 )
00000292: 13.4851   (Y': 11.6335   Cb: 14.0103   Cr: 15.8338 )
00000293: 13.5464   (Y': 11.6665   Cb: 14.1035   Cr: 15.922  )
00000294: 13.6366   (Y': 11.763    Cb: 14.1886   Cr: 16.003  )
00000296: 13.6109   (Y': 11.6811   Cb: 14.1752   Cr: 16.1107 )
00000295: 13.6558   (Y': 11.7657   Cb: 14.2131   Cr: 16.058  )
00000297: 13.6093   (Y': 11.6478   Cb: 14.1924   Cr: 16.1683 )
00000299: 13.6096   (Y': 11.6193   Cb: 14.2284   Cr: 16.1944 )
00000298: 13.6368   (Y': 11.6316   Cb: 14.2844   Cr: 16.2191 )
00000300: 13.6312   (Y': 11.6494   Cb: 14.2365   Cr: 16.2133 )
00000301: 13.614    (Y': 11.6388   Cb: 14.2068   Cr: 16.1969 )
00000306: 13.1598   (Y': 11.2096   Cb: 13.7886   Cr: 15.6162 )
00000302: 13.5412   (Y': 11.5724   Cb: 14.1257   Cr: 16.1191 )
00000304: 13.3766   (Y': 11.4117   Cb: 13.9819   Cr: 15.9103 )
00000303: 13.5275   (Y': 11.5467   Cb: 14.164    Cr: 16.0578 )
00000305: 13.2619   (Y': 11.2868   Cb: 13.897    Cr: 15.7784 )
00000309: 13.0973   (Y': 11.1745   Cb: 13.7232   Cr: 15.4836 )
00000308: 13.1132   (Y': 11.1792   Cb: 13.7324   Cr: 15.54   )
00000307: 13.1676   (Y': 11.2435   Cb: 13.7353   Cr: 15.6462 )
00000310: 13.1288   (Y': 11.2063   Cb: 13.8082   Cr: 15.4352 )
00000311: 13.1129   (Y': 11.1766   Cb: 13.8172   Cr: 15.4198 )
00000313: 13.122    (Y': 11.2206   Cb: 13.8074   Cr: 15.3648 )
00000312: 13.0926   (Y': 11.1784   Cb: 13.7684   Cr: 15.3826 )
00000314: 13.081    (Y': 11.1441   Cb: 13.8427   Cr: 15.3079 )
00000316: 13.0782   (Y': 11.168    Cb: 13.8098   Cr: 15.2782 )
00000315: 13.1035   (Y': 11.1805   Cb: 13.8417   Cr: 15.3271 )
00000317: 13.0894   (Y': 11.1912   Cb: 13.8141   Cr: 15.2679 )
00000318: 13.1055   (Y': 11.212    Cb: 13.8183   Cr: 15.2891 )
00000319: 13.0848   (Y': 11.1753   Cb: 13.8458   Cr: 15.2418 )
00000320: 13.1337   (Y': 11.2296   Cb: 13.8592   Cr: 15.3263 )
00000321: 13.0824   (Y': 11.1485   Cb: 13.857    Cr: 15.2834 )
00000324: 13.04     (Y': 11.1517   Cb: 13.7893   Cr: 15.1598 )
00000322: 13.0696   (Y': 11.178    Cb: 13.7995   Cr: 15.2241 )
00000323: 13.0486   (Y': 11.1441   Cb: 13.7895   Cr: 15.2206 )
00000325: 13.0393   (Y': 11.1497   Cb: 13.7969   Cr: 15.1507 )
00000326: 13.1096   (Y': 11.2516   Cb: 13.8226   Cr: 15.2033 )
00000327: 13.1567   (Y': 11.3489   Cb: 13.7865   Cr: 15.242  )
00000329: 13.2554   (Y': 11.3829   Cb: 13.9396   Cr: 15.4254 )
00000328: 13.2658   (Y': 11.4323   Cb: 13.911    Cr: 15.3928 )
00000332: 13.3975   (Y': 11.4726   Cb: 14.0852   Cr: 15.6984 )
00000331: 13.3063   (Y': 11.4308   Cb: 13.9332   Cr: 15.5664 )
00000330: 13.3019   (Y': 11.4239   Cb: 13.9491   Cr: 15.539  )
00000333: 13.454    (Y': 11.4902   Cb: 14.2188   Cr: 15.7475 )
00000334: 13.5735   (Y': 11.6351   Cb: 14.3607   Cr: 15.7686 )
00000335: 13.6666   (Y': 11.7624   Cb: 14.4222   Cr: 15.8179 )
00000336: 13.7554   (Y': 11.907    Cb: 14.451    Cr: 15.8494 )
00000337: 13.827    (Y': 11.9927   Cb: 14.5024   Cr: 15.914  )
00000339: 13.9201   (Y': 12.1388   Cb: 14.4927   Cr: 16.0208 )
00000338: 13.9001   (Y': 12.1058   Cb: 14.5082   Cr: 15.9824 )
00000340: 13.9022   (Y': 12.1818   Cb: 14.3834   Cr: 15.9864 )
00000341: 13.9853   (Y': 12.2657   Cb: 14.4873   Cr: 16.038  )
00000342: 13.9579   (Y': 12.1135   Cb: 14.5607   Cr: 16.1727 )
00000345: 13.725    (Y': 11.9303   Cb: 14.3343   Cr: 15.8069 )
00000344: 13.8603   (Y': 12.0098   Cb: 14.5332   Cr: 15.9911 )
00000343: 13.8988   (Y': 12.0707   Cb: 14.4813   Cr: 16.1017 )
00000346: 13.6374   (Y': 11.7524   Cb: 14.3804   Cr: 15.7574 )
00000347: 13.5704   (Y': 11.6647   Cb: 14.3253   Cr: 15.7264 )
00000348: 13.5127   (Y': 11.5956   Cb: 14.2805   Cr: 15.6799 )
00000351: 13.3352   (Y': 11.415    Cb: 14.1506   Cr: 15.4457 )
00000349: 13.4703   (Y': 11.4837   Cb: 14.3616   Cr: 15.6488 )
00000353: 13.1353   (Y': 11.2069   Cb: 13.9735   Cr: 15.2354 )
00000350: 13.3517   (Y': 11.4108   Cb: 14.1901   Cr: 15.4831 )
00000352: 13.2155   (Y': 11.3011   Cb: 14.0203   Cr: 15.3256 )
00000354: 12.982    (Y': 11.0985   Cb: 13.702    Cr: 15.1301 )
00000355: 12.9363   (Y': 11.069    Cb: 13.6371   Cr: 15.0699 )
00000356: 12.8774   (Y': 11.0147   Cb: 13.5919   Cr: 14.9807 )
00000357: 12.8293   (Y': 11.0504   Cb: 13.4912   Cr: 14.8004 )
00000362: 12.7589   (Y': 10.9857   Cb: 13.4153   Cr: 14.7241 )
00000359: 12.7771   (Y': 10.9433   Cb: 13.5135   Cr: 14.7799 )
00000358: 12.8421   (Y': 11.0106   Cb: 13.5822   Cr: 14.8343 )
00000360: 12.7417   (Y': 10.9502   Cb: 13.4461   Cr: 14.6856 )
00000361: 12.725    (Y': 10.9381   Cb: 13.4312   Cr: 14.6558 )
00000363: 12.6983   (Y': 10.9165   Cb: 13.3504   Cr: 14.6897 )
00000364: 12.6655   (Y': 10.9724   Cb: 13.2366   Cr: 14.5602 )
00000365: 12.5661   (Y': 10.8829   Cb: 13.1628   Cr: 14.404  )
00000366: 12.5096   (Y': 10.8878   Cb: 13.2171   Cr: 14.0737 )
00000367: 12.4205   (Y': 10.9296   Cb: 13.0001   Cr: 13.8752 )
00000368: 12.2931   (Y': 10.8641   Cb: 12.8264   Cr: 13.6841 )
00000370: 12.5538   (Y': 11.0334   Cb: 13.1099   Cr: 14.0965 )
00000369: 12.308    (Y': 10.8239   Cb: 12.8894   Cr: 13.7474 )
00000372: 13.1914   (Y': 11.3805   Cb: 14.0859   Cr: 14.9386 )
00000371: 12.6685   (Y': 11.1218   Cb: 13.2979   Cr: 14.1739 )
00000374: 13.6219   (Y': 11.9814   Cb: 14.3448   Cr: 15.2062 )
00000373: 13.5618   (Y': 11.7976   Cb: 14.3927   Cr: 15.2816 )
00000376: 12.8755   (Y': 11.3831   Cb: 13.4812   Cr: 14.3015 )
00000375: 13.4098   (Y': 11.8225   Cb: 14.1052   Cr: 14.9172 )
00000377: 12.8105   (Y': 11.3476   Cb: 13.3808   Cr: 14.222  )
00000379: 12.9865   (Y': 11.5574   Cb: 13.4762   Cr: 14.4313 )
00000381: 12.6415   (Y': 11.3129   Cb: 12.993    Cr: 14.0689 )
00000380: 12.7389   (Y': 11.4012   Cb: 13.1054   Cr: 14.1644 )
00000378: 13.119    (Y': 11.6466   Cb: 13.7001   Cr: 14.5358 )
00000383: 12.6232   (Y': 11.311    Cb: 12.8958   Cr: 14.1226 )
00000382: 12.4877   (Y': 11.1691   Cb: 12.7649   Cr: 13.9928 )
00000384: 12.7685   (Y': 11.393    Cb: 13.0746   Cr: 14.3458 )
00000385: 12.7197   (Y': 11.3801   Cb: 13.0053   Cr: 14.2541 )
00000386: 12.8045   (Y': 11.4603   Cb: 13.1481   Cr: 14.2719 )
00000387: 12.9338   (Y': 11.5485   Cb: 13.2911   Cr: 14.4625 )
00000388: 12.8924   (Y': 11.5148   Cb: 13.2752   Cr: 14.3731 )
00000389: 12.7517   (Y': 11.4123   Cb: 13.0679   Cr: 14.2455 )
00000391: 12.6449   (Y': 11.3358   Cb: 12.9268   Cr: 14.1259 )
00000390: 12.7173   (Y': 11.3841   Cb: 13.0408   Cr: 14.1898 )
00000393: 12.4712   (Y': 11.0757   Cb: 12.7627   Cr: 14.1082 )
00000392: 12.5218   (Y': 11.154    Cb: 12.8122   Cr: 14.1053 )
00000394: 12.2921   (Y': 10.763    Cb: 12.664    Cr: 14.0963 )
00000395: 12.284    (Y': 10.7855   Cb: 12.5815   Cr: 14.1273 )
00000396: 12.3234   (Y': 10.7301   Cb: 12.7214   Cr: 14.2322 )
00000398: 12.457    (Y': 10.8309   Cb: 12.8701   Cr: 14.4186 )
00000400: 12.5014   (Y': 10.8664   Cb: 12.9011   Cr: 14.5026 )
00000399: 12.5173   (Y': 10.8615   Cb: 12.9484   Cr: 14.5214 )
00000401: 12.4901   (Y': 10.8462   Cb: 12.9218   Cr: 14.4656 )
00000397: 12.3928   (Y': 10.8266   Cb: 12.7632   Cr: 14.2801 )
00000402: 12.5052   (Y': 10.9945   Cb: 12.8095   Cr: 14.3651 )
00000404: 12.3293   (Y': 10.7763   Cb: 12.6441   Cr: 14.2674 )
00000403: 12.4272   (Y': 10.918    Cb: 12.737    Cr: 14.2759 )
00000405: 12.3153   (Y': 10.7784   Cb: 12.6236   Cr: 14.2268 )
00000407: 13.0223   (Y': 10.9789   Cb: 14.1232   Cr: 15.0768 )
00000408: 13.9994   (Y': 11.898    Cb: 15.2575   Cr: 16.0117 )
00000406: 12.4062   (Y': 10.8928   Cb: 12.8136   Cr: 14.1283 )
00000410: 13.3837   (Y': 11.5128   Cb: 14.3765   Cr: 15.15   )
00000409: 13.968    (Y': 11.8838   Cb: 15.1933   Cr: 15.9753 )
00000411: 13.1192   (Y': 11.395    Cb: 13.9613   Cr: 14.7376 )
00000412: 13.2747   (Y': 11.4301   Cb: 14.2115   Cr: 15.0475 )
00000413: 13.3101   (Y': 11.4724   Cb: 14.272    Cr: 15.037  )
00000415: 13.4109   (Y': 11.4773   Cb: 14.5076   Cr: 15.2003 )
00000414: 13.4308   (Y': 11.5634   Cb: 14.4629   Cr: 15.1425 )
00000417: 12.976    (Y': 11.1077   Cb: 14.0095   Cr: 14.6877 )
00000416: 13.0836   (Y': 11.2222   Cb: 14.1469   Cr: 14.7455 )
00000419: 12.9373   (Y': 11.1176   Cb: 13.9546   Cr: 14.5592 )
00000418: 12.9159   (Y': 11.0926   Cb: 13.9526   Cr: 14.5234 )
00000421: 12.9498   (Y': 11.1351   Cb: 13.9435   Cr: 14.5875 )
00000420: 13.0235   (Y': 11.2281   Cb: 14        Cr: 14.6385 )
00000422: 12.9672   (Y': 11.1517   Cb: 13.9386   Cr: 14.6329 )
00000423: 13.1125   (Y': 11.2609   Cb: 14.066    Cr: 14.8812 )
00000424: 13.2574   (Y': 11.4232   Cb: 14.183    Cr: 15.0198 )
00000425: 13.3553   (Y': 11.5223   Cb: 14.3102   Cr: 15.08   )
00000427: 13.0649   (Y': 11.1478   Cb: 14.1508   Cr: 14.8281 )
00000426: 13.2191   (Y': 11.3335   Cb: 14.1987   Cr: 15.0352 )
00000428: 13.0871   (Y': 11.1591   Cb: 14.1904   Cr: 14.8556 )
00000429: 13.1024   (Y': 11.1724   Cb: 14.1948   Cr: 14.8884 )
00000430: 13.2883   (Y': 11.3314   Cb: 14.4322   Cr: 15.0775 )
00000431: 13.3502   (Y': 11.4206   Cb: 14.4477   Cr: 15.1292 )
00000432: 13.4035   (Y': 11.4567   Cb: 14.5262   Cr: 15.1937 )
00000433: 13.4647   (Y': 11.5222   Cb: 14.5857   Cr: 15.2466 )
00000434: 13.6055   (Y': 11.5103   Cb: 14.8896   Cr: 15.5714 )
00000435: 13.5731   (Y': 11.4735   Cb: 14.8485   Cr: 15.5601 )
00000436: 13.5933   (Y': 11.4332   Cb: 14.9334   Cr: 15.6618 )
00000437: 13.6049   (Y': 11.4056   Cb: 14.9693   Cr: 15.7495 )
00000438: 13.6629   (Y': 11.4441   Cb: 15.0227   Cr: 15.8666 )
00000439: 13.6289   (Y': 11.3517   Cb: 15.0925   Cr: 15.871  )
00000440: 13.7104   (Y': 11.3542   Cb: 15.2249   Cr: 16.1209 )
00000441: 13.677    (Y': 11.3275   Cb: 15.1219   Cr: 16.1538 )
00000442: 13.746    (Y': 11.3644   Cb: 15.221    Cr: 16.2835 )
00000444: 13.8968   (Y': 11.4031   Cb: 15.4555   Cr: 16.6882 )
00000443: 13.7438   (Y': 11.2945   Cb: 15.295    Cr: 16.3984 )
00000445: 13.9511   (Y': 11.3956   Cb: 15.6227   Cr: 16.805  )
00000449: 14.1632   (Y': 11.4339   Cb: 16.2396   Cr: 17.127  )
00000447: 14.0815   (Y': 11.3855   Cb: 15.9362   Cr: 17.2044 )
00000446: 14.1026   (Y': 11.4645   Cb: 15.8773   Cr: 17.1156 )
00000448: 14.1763   (Y': 11.4102   Cb: 16.2078   Cr: 17.3374 )
00000450: 14.189    (Y': 11.4215   Cb: 16.2166   Cr: 17.3603 )
00000451: 14.1611   (Y': 11.4071   Cb: 16.1755   Cr: 17.2971 )
00000452: 14.2104   (Y': 11.5505   Cb: 16.1149   Cr: 17.1343 )
00000453: 14.2231   (Y': 11.6446   Cb: 15.9621   Cr: 17.0695 )
00000454: 14.2577   (Y': 11.7667   Cb: 15.8835   Cr: 16.9527 )
00000455: 14.2997   (Y': 11.8843   Cb: 15.759    Cr: 16.9647 )
00000456: 14.2579   (Y': 12.0228   Cb: 15.4956   Cr: 16.662  )
00000457: 14.2334   (Y': 12.0991   Cb: 15.3548   Cr: 16.5036 )
00000458: 14.2168   (Y': 12.2856   Cb: 15.0898   Cr: 16.2778 )
00000459: 14.1516   (Y': 12.3383   Cb: 14.9065   Cr: 16.0808 )
00000461: 13.7897   (Y': 11.9969   Cb: 14.6631   Cr: 15.5218 )
00000460: 14.1315   (Y': 12.0925   Cb: 15.3167   Cr: 16.0725 )
00000463: 14.1561   (Y': 12.5881   Cb: 14.8058   Cr: 15.6795 )
00000462: 14.049    (Y': 12.4831   Cb: 14.639    Cr: 15.6423 )
00000464: 14.4474   (Y': 12.7753   Cb: 15.2433   Cr: 16.0099 )
00000465: 14.4303   (Y': 12.7354   Cb: 15.2223   Cr: 16.0458 )
00000466: 14.3213   (Y': 12.5916   Cb: 15.0594   Cr: 16.0799 )
00000468: 14.3956   (Y': 12.6855   Cb: 15.1424   Cr: 16.0997 )
00000470: 14.2623   (Y': 12.5935   Cb: 14.9016   Cr: 16.0122 )
00000467: 14.3442   (Y': 12.6213   Cb: 15.0258   Cr: 16.1597 )
00000471: 14.0508   (Y': 12.321    Cb: 14.7117   Cr: 15.9091 )
00000469: 14.3469   (Y': 12.6595   Cb: 15.0643   Cr: 16.0383 )
00000472: 13.6807   (Y': 11.8477   Cb: 14.395    Cr: 15.7109 )
00000473: 13.6497   (Y': 11.8577   Cb: 14.3147   Cr: 15.6478 )
00000474: 14.2413   (Y': 12.4734   Cb: 15.0139   Cr: 16.0424 )
00000475: 13.8605   (Y': 12.0821   Cb: 14.5692   Cr: 15.7681 )
00000476: 13.4521   (Y': 11.6063   Cb: 14.2032   Cr: 15.4641 )
00000477: 13.4279   (Y': 11.5974   Cb: 14.175    Cr: 15.408  )
00000478: 13.3899   (Y': 11.5519   Cb: 14.1582   Cr: 15.3605 )
00000479: 13.3487   (Y': 11.5081   Cb: 14.1354   Cr: 15.301  )
00000480: 13.3742   (Y': 11.5446   Cb: 14.1737   Cr: 15.2836 )
00000481: 13.3571   (Y': 11.5155   Cb: 14.1437   Cr: 15.312  )
00000482: 13.3996   (Y': 11.552    Cb: 14.2012   Cr: 15.3495 )
00000484: 13.4925   (Y': 11.6193   Cb: 14.3381   Cr: 15.4468 )
00000483: 13.4442   (Y': 11.5881   Cb: 14.2454   Cr: 15.4151 )
00000485: 13.5387   (Y': 11.667    Cb: 14.4207   Cr: 15.4429 )
00000486: 13.5865   (Y': 11.8317   Cb: 14.374    Cr: 15.3391 )
00000487: 13.6045   (Y': 11.8353   Cb: 14.4365   Cr: 15.3343 )
00000488: 13.712    (Y': 11.9714   Cb: 14.58     Cr: 15.3353 )
00000490: 13.7058   (Y': 11.9891   Cb: 14.5749   Cr: 15.2761 )
00000489: 13.7158   (Y': 11.9817   Cb: 14.6006   Cr: 15.3052 )
00000492: 13.7181   (Y': 11.948    Cb: 14.6383   Cr: 15.3437 )
00000491: 13.6792   (Y': 11.9542   Cb: 14.5729   Cr: 15.2384 )
00000493: 13.7052   (Y': 11.9553   Cb: 14.6125   Cr: 15.3019 )
00000496: 13.8533   (Y': 12.0312   Cb: 14.8985   Cr: 15.4484 )
00000495: 13.7703   (Y': 11.9769   Cb: 14.7412   Cr: 15.3879 )
00000497: 13.8559   (Y': 11.9921   Cb: 14.9542   Cr: 15.4835 )
00000494: 13.7198   (Y': 11.9293   Cb: 14.663    Cr: 15.3633 )
00000498: 13.9795   (Y': 12.091    Cb: 15.0917   Cr: 15.6467 )
00000500: 14.0995   (Y': 12.0248   Cb: 15.3923   Cr: 16.0038 )
00000499: 13.9857   (Y': 12.0742   Cb: 15.1068   Cr: 15.6953 )
00000504: 14.2339   (Y': 11.7535   Cb: 16.0248   Cr: 16.693  )
00000503: 14.2206   (Y': 11.851    Cb: 15.9008   Cr: 16.4741 )
00000505: 14.243    (Y': 11.7274   Cb: 16.064    Cr: 16.7778 )
00000501: 14.1195   (Y': 11.9251   Cb: 15.5391   Cr: 16.1862 )
00000502: 14.1917   (Y': 11.8526   Cb: 15.8106   Cr: 16.4278 )
00000506: 14.3356   (Y': 11.6771   Cb: 16.3981   Cr: 17.0631 )
00000507: 14.4175   (Y': 11.7284   Cb: 16.4959   Cr: 17.2331 )
00000509: 14.6398   (Y': 11.7529   Cb: 17.0819   Cr: 17.7719 )
00000508: 14.5506   (Y': 11.6927   Cb: 16.9461   Cr: 17.623  )
00000510: 14.6655   (Y': 11.6926   Cb: 17.3232   Cr: 17.8997 )
00000512: 14.7176   (Y': 11.7136   Cb: 17.4141   Cr: 18.0394 )
00000511: 14.6677   (Y': 11.6915   Cb: 17.3296   Cr: 17.9108 )
00000513: 14.7133   (Y': 11.7617   Cb: 17.3154   Cr: 17.9225 )
00000515: 14.7821   (Y': 11.9104   Cb: 17.1836   Cr: 17.902  )
00000519: 14.1262   (Y': 11.6046   Cb: 15.8471   Cr: 16.8023 )
00000514: 14.7168   (Y': 11.8133   Cb: 17.3135   Cr: 17.7391 )
00000518: 14.2216   (Y': 11.6554   Cb: 16.0561   Cr: 16.9063 )
00000517: 14.4777   (Y': 11.7481   Cb: 16.5807   Cr: 17.4105 )
00000516: 14.5857   (Y': 11.797    Cb: 16.8012   Cr: 17.604  )
00000520: 13.9019   (Y': 11.5127   Cb: 15.4276   Cr: 16.399  )
00000521: 13.7986   (Y': 11.4891   Cb: 15.201    Cr: 16.2092 )
00000523: 13.2174   (Y': 11.1541   Cb: 14.2656   Cr: 15.3908 )
00000525: 12.5501   (Y': 10.7146   Cb: 13.3062   Cr: 14.5304 )
00000522: 13.4344   (Y': 11.2851   Cb: 14.616    Cr: 15.6683 )
00000524: 12.807    (Y': 10.9081   Cb: 13.6568   Cr: 14.8187 )
00000526: 12.4958   (Y': 10.5702   Cb: 13.3629   Cr: 14.5508 )
00000527: 12.4956   (Y': 10.6096   Cb: 13.3588   Cr: 14.4582 )
00000528: 12.5117   (Y': 10.6697   Cb: 13.3635   Cr: 14.3835 )
00000529: 12.6232   (Y': 10.7858   Cb: 13.4659   Cr: 14.4961 )
00000530: 12.7435   (Y': 10.8748   Cb: 13.6436   Cr: 14.6179 )
00000531: 12.8315   (Y': 10.9435   Cb: 13.7828   Cr: 14.6879 )
00000532: 12.9739   (Y': 11.1059   Cb: 13.9023   Cr: 14.8112 )
00000533: 12.9623   (Y': 11.0874   Cb: 13.9739   Cr: 14.7151 )
00000535: 13.1087   (Y': 11.3173   Cb: 14.1334   Cr: 14.6602 )
00000534: 13.0854   (Y': 11.2859   Cb: 14.067    Cr: 14.7037 )
00000536: 13.1701   (Y': 11.3571   Cb: 14.2048   Cr: 14.7571 )
00000538: 13.2238   (Y': 11.4075   Cb: 14.3051   Cr: 14.7659 )
00000537: 13.2117   (Y': 11.3888   Cb: 14.2569   Cr: 14.8087 )
00000539: 13.2114   (Y': 11.3917   Cb: 14.3124   Cr: 14.7391 )
00000540: 13.212    (Y': 11.4345   Cb: 14.2865   Cr: 14.6784 )
00000542: 13.1416   (Y': 11.384    Cb: 14.172    Cr: 14.6147 )
00000541: 13.1835   (Y': 11.378    Cb: 14.2576   Cr: 14.7101 )
00000545: 13.1235   (Y': 11.3821   Cb: 14.0726   Cr: 14.6539 )
00000543: 13.1364   (Y': 11.388    Cb: 14.1299   Cr: 14.6312 )
00000547: 13.1659   (Y': 11.5396   Cb: 13.9476   Cr: 14.6504 )
00000546: 13.1396   (Y': 11.4311   Cb: 14.0123   Cr: 14.6884 )
00000544: 13.1098   (Y': 11.3764   Cb: 14.1075   Cr: 14.5682 )
00000548: 13.2403   (Y': 11.61     Cb: 14.0456   Cr: 14.7053 )
00000549: 13.2624   (Y': 11.6664   Cb: 14.059    Cr: 14.668  )
00000553: 13.4063   (Y': 11.7671   Cb: 14.2854   Cr: 14.8047 )
00000550: 13.2828   (Y': 11.7033   Cb: 14.0729   Cr: 14.6632 )
00000551: 13.3312   (Y': 11.7378   Cb: 14.1635   Cr: 14.691  )
00000552: 13.3955   (Y': 11.7847   Cb: 14.2332   Cr: 14.7839 )
00000554: 13.3714   (Y': 11.7086   Cb: 14.3283   Cr: 14.7307 )
00000557: 13.3143   (Y': 11.6412   Cb: 14.2779   Cr: 14.6868 )
00000555: 13.3812   (Y': 11.7197   Cb: 14.34     Cr: 14.7356 )
00000556: 13.3303   (Y': 11.671    Cb: 14.2718   Cr: 14.6995 )
00000558: 13.1908   (Y': 11.5616   Cb: 14.1288   Cr: 14.504  )
00000559: 12.7983   (Y': 11.1364   Cb: 13.7504   Cr: 14.1609 )
00000563: 12.4955   (Y': 10.8599   Cb: 13.2884   Cr: 13.9859 )
00000560: 12.8298   (Y': 11.2039   Cb: 13.7315   Cr: 14.1764 )
00000561: 12.7604   (Y': 11.1299   Cb: 13.6325   Cr: 14.1493 )
00000564: 12.4364   (Y': 10.7879   Cb: 13.1873   Cr: 14.0033 )
00000562: 12.5519   (Y': 10.9052   Cb: 13.3875   Cr: 14.0154 )
00000565: 12.4528   (Y': 10.8125   Cb: 13.1626   Cr: 14.0525 )
00000567: 12.4475   (Y': 10.765    Cb: 13.1606   Cr: 14.1334 )
00000566: 12.4117   (Y': 10.7557   Cb: 13.1196   Cr: 14.0473 )
00000568: 12.4272   (Y': 10.741    Cb: 13.1256   Cr: 14.1399 )
00000569: 12.412    (Y': 10.7083   Cb: 13.1535   Cr: 14.1087 )
00000572: 12.5672   (Y': 10.8066   Cb: 13.3865   Cr: 14.2934 )
00000573: 12.6324   (Y': 10.8401   Cb: 13.4959   Cr: 14.3752 )
00000571: 12.4567   (Y': 10.7108   Cb: 13.2465   Cr: 14.1866 )
00000570: 12.4498   (Y': 10.7303   Cb: 13.184    Cr: 14.1903 )
00000574: 12.8138   (Y': 10.987    Cb: 13.7225   Cr: 14.5799 )
00000575: 12.848    (Y': 11.0195   Cb: 13.7501   Cr: 14.6264 )
00000576: 12.9953   (Y': 11.0827   Cb: 14.0064   Cr: 14.8371 )
00000577: 13.0698   (Y': 11.1518   Cb: 14.1149   Cr: 14.8835 )
00000578: 13.2363   (Y': 11.2363   Cb: 14.4338   Cr: 15.0666 )
00000579: 13.2712   (Y': 11.2614   Cb: 14.5233   Cr: 15.0625 )
00000580: 13.465    (Y': 11.3949   Cb: 14.8297   Cr: 15.2764 )
00000581: 13.548    (Y': 11.4185   Cb: 15.0472   Cr: 15.359  )
00000583: 13.7401   (Y': 11.5715   Cb: 15.2661   Cr: 15.6197 )
00000582: 13.6745   (Y': 11.4996   Cb: 15.2181   Cr: 15.5511 )
00000584: 13.8366   (Y': 11.6322   Cb: 15.3944   Cr: 15.7738 )
00000585: 13.8067   (Y': 11.6015   Cb: 15.3648   Cr: 15.7454 )
00000586: 13.8569   (Y': 11.6664   Cb: 15.3432   Cr: 15.837  )
00000587: 13.8742   (Y': 11.6726   Cb: 15.3905   Cr: 15.8497 )
00000588: 13.7636   (Y': 11.558    Cb: 15.2829   Cr: 15.7464 )
00000590: 13.6927   (Y': 11.4587   Cb: 15.1942   Cr: 15.7711 )
00000589: 13.686    (Y': 11.4845   Cb: 15.2011   Cr: 15.6628 )
00000591: 13.7177   (Y': 11.5034   Cb: 15.2108   Cr: 15.7526 )
00000592: 13.6116   (Y': 11.4545   Cb: 14.9698   Cr: 15.6508 )
00000595: 13.2197   (Y': 11.1934   Cb: 14.3264   Cr: 15.2232 )
00000594: 13.3304   (Y': 11.2634   Cb: 14.5033   Cr: 15.3566 )
00000596: 13.1025   (Y': 11.109    Cb: 14.1328   Cr: 15.1182 )
00000593: 13.4953   (Y': 11.3799   Cb: 14.7816   Cr: 15.5102 )
00000597: 12.9976   (Y': 10.9831   Cb: 14.0179   Cr: 15.0792 )
00000599: 13.0331   (Y': 11.0131   Cb: 14.0647   Cr: 15.1145 )
00000598: 13.0246   (Y': 11.022    Cb: 14.0181   Cr: 15.1104 )
00000601: 13.0574   (Y': 11.1532   Cb: 14.0182   Cr: 14.9407 )
00000600: 13.0465   (Y': 11.0922   Cb: 14.0338   Cr: 15.0184 )
00000602: 12.9624   (Y': 11.2907   Cb: 13.6591   Cr: 14.6455 )
00000604: 13.0881   (Y': 11.5717   Cb: 13.6581   Cr: 14.6055 )
00000605: 13.0875   (Y': 11.617    Cb: 13.6092   Cr: 14.5733 )
00000603: 13.0214   (Y': 11.4171   Cb: 13.6593   Cr: 14.6346 )
00000607: 13.0365   (Y': 11.441    Cb: 13.6635   Cr: 14.6452 )
00000606: 13.1216   (Y': 11.6169   Cb: 13.7138   Cr: 14.5883 )
00000608: 12.7847   (Y': 11.0054   Cb: 13.5896   Cr: 14.5706 )
00000611: 12.7594   (Y': 11.055    Cb: 13.4456   Cr: 14.5275 )
00000610: 12.7482   (Y': 10.9991   Cb: 13.4911   Cr: 14.5442 )
00000609: 12.8021   (Y': 11.0199   Cb: 13.5898   Cr: 14.6164 )
00000612: 12.7381   (Y': 11.0171   Cb: 13.437    Cr: 14.5273 )
00000615: 12.7442   (Y': 11.0829   Cb: 13.2807   Cr: 14.6134 )
00000614: 12.7543   (Y': 11.0528   Cb: 13.3848   Cr: 14.5884 )
00000616: 12.7665   (Y': 11        Cb: 13.3754   Cr: 14.7806 )
00000613: 12.7594   (Y': 11.0495   Cb: 13.4246   Cr: 14.5669 )
00000617: 12.8179   (Y': 11.0334   Cb: 13.4441   Cr: 14.8512 )
00000619: 12.877    (Y': 11.079    Cb: 13.4731   Cr: 14.9855 )
00000621: 12.9894   (Y': 11.2545   Cb: 13.5176   Cr: 15.0413 )
00000618: 12.8446   (Y': 11.0543   Cb: 13.4621   Cr: 14.9043 )
00000620: 12.9566   (Y': 11.1523   Cb: 13.5871   Cr: 15.0324 )
00000622: 13.0941   (Y': 11.4927   Cb: 13.5515   Cr: 14.9379 )
00000623: 13.17     (Y': 11.6375   Cb: 13.5574   Cr: 14.9602 )
00000624: 13.3655   (Y': 11.9152   Cb: 13.7026   Cr: 15.052  )
00000625: 13.4728   (Y': 12.0568   Cb: 13.7983   Cr: 15.1052 )
00000626: 13.5951   (Y': 12.3057   Cb: 13.825    Cr: 15.1076 )
00000628: 13.7211   (Y': 12.4469   Cb: 13.9489   Cr: 15.2079 )
00000627: 13.6467   (Y': 12.3904   Cb: 13.8421   Cr: 15.1428 )
00000629: 13.2312   (Y': 11.8377   Cb: 13.4845   Cr: 14.9167 )
00000631: 13.9088   (Y': 12.5809   Cb: 14.1875   Cr: 15.4301 )
00000630: 13.3816   (Y': 11.996    Cb: 13.6682   Cr: 15.0053 )
00000632: 13.3879   (Y': 12.1521   Cb: 13.533    Cr: 14.914  )
00000633: 12.8761   (Y': 11.5516   Cb: 13.0079   Cr: 14.5938 )
00000634: 12.6675   (Y': 11.2099   Cb: 12.9122   Cr: 14.499  )
00000635: 12.6662   (Y': 11.1902   Cb: 12.8953   Cr: 14.5594 )
00000636: 12.7596   (Y': 11.2768   Cb: 13.0047   Cr: 14.6445 )
00000637: 12.6916   (Y': 11.172    Cb: 12.9512   Cr: 14.6358 )
00000639: 12.7053   (Y': 11.1457   Cb: 12.9659   Cr: 14.7386 )
00000640: 12.7295   (Y': 11.1815   Cb: 12.9978   Cr: 14.7247 )
00000643: 12.7594   (Y': 11.1975   Cb: 13.0465   Cr: 14.7581 )
00000638: 12.7197   (Y': 11.2016   Cb: 12.9444   Cr: 14.7127 )
00000642: 12.7396   (Y': 11.1625   Cb: 13.0523   Cr: 14.7348 )
00000641: 12.7466   (Y': 11.1792   Cb: 13.0363   Cr: 14.7536 )
00000644: 12.7484   (Y': 11.2089   Cb: 13.0209   Cr: 14.7183 )
00000645: 12.7127   (Y': 11.1929   Cb: 12.9749   Cr: 14.6537 )
00000647: 12.7095   (Y': 11.2334   Cb: 12.9379   Cr: 14.6041 )
00000648: 12.6439   (Y': 11.1934   Cb: 12.8269   Cr: 14.5501 )
00000646: 12.71     (Y': 11.208    Cb: 12.9744   Cr: 14.6083 )
00000650: 12.5536   (Y': 11.0459   Cb: 12.8062   Cr: 14.4817 )
00000649: 12.6351   (Y': 11.1766   Cb: 12.8326   Cr: 14.5372 )
00000651: 12.5181   (Y': 10.9971   Cb: 12.7899   Cr: 14.4475 )
00000652: 12.4511   (Y': 10.931    Cb: 12.7452   Cr: 14.3464 )
00000653: 12.4663   (Y': 10.9485   Cb: 12.7575   Cr: 14.3606 )
00000654: 12.4576   (Y': 10.9487   Cb: 12.7377   Cr: 14.3484 )
00000656: 12.4676   (Y': 10.939    Cb: 12.7717   Cr: 14.3671 )
00000655: 12.4508   (Y': 10.9253   Cb: 12.7373   Cr: 14.369  )
00000657: 12.4925   (Y': 10.9569   Cb: 12.7975   Cr: 14.4061 )
00000660: 12.522    (Y': 10.9511   Cb: 12.8613   Cr: 14.4645 )
00000658: 12.483    (Y': 10.9222   Cb: 12.7898   Cr: 14.4503 )
00000659: 12.5186   (Y': 10.9478   Cb: 12.8535   Cr: 14.4672 )
00000661: 12.5418   (Y': 10.984    Cb: 12.9027   Cr: 14.4244 )
00000662: 12.5761   (Y': 11.041    Cb: 12.9336   Cr: 14.4135 )
00000663: 12.6178   (Y': 11.0616   Cb: 13.0343   Cr: 14.4192 )
00000665: 12.6936   (Y': 11.1569   Cb: 13.1595   Cr: 14.3865 )
00000664: 12.6526   (Y': 11.0948   Cb: 13.1257   Cr: 14.3803 )
00000666: 12.7773   (Y': 11.2466   Cb: 13.3046   Cr: 14.3778 )
00000667: 12.7857   (Y': 11.2513   Cb: 13.3551   Cr: 14.3402 )
00000669: 12.8366   (Y': 11.2664   Cb: 13.4305   Cr: 14.4339 )
00000668: 12.8073   (Y': 11.2663   Cb: 13.3873   Cr: 14.3618 )
00000671: 12.9618   (Y': 11.3627   Cb: 13.6195   Cr: 14.5398 )
00000670: 12.9363   (Y': 11.3631   Cb: 13.5494   Cr: 14.5159 )
00000672: 12.9762   (Y': 11.3243   Cb: 13.7106   Cr: 14.5705 )
00000673: 12.9941   (Y': 11.3369   Cb: 13.7391   Cr: 14.5865 )
00000674: 12.9882   (Y': 11.3235   Cb: 13.7409   Cr: 14.5871 )
00000676: 12.925    (Y': 11.2385   Cb: 13.7749   Cr: 14.4538 )
00000675: 12.9658   (Y': 11.2731   Cb: 13.7611   Cr: 14.5731 )
00000677: 12.937    (Y': 11.2226   Cb: 13.8263   Cr: 14.4788 )
00000678: 12.9083   (Y': 11.1348   Cb: 13.8238   Cr: 14.547  )
00000680: 12.9617   (Y': 11.0267   Cb: 14.034    Cr: 14.7834 )
00000679: 12.9125   (Y': 11.0444   Cb: 13.9364   Cr: 14.6353 )
00000681: 12.9871   (Y': 11.0383   Cb: 14.0675   Cr: 14.8317 )
00000682: 13.01     (Y': 11.0261   Cb: 14.0741   Cr: 14.9595 )
00000683: 13.0579   (Y': 11.0427   Cb: 14.1619   Cr: 15.0367 )
00000685: 13.1741   (Y': 11.1783   Cb: 14.2865   Cr: 15.0948 )
00000684: 13.1335   (Y': 11.1397   Cb: 14.2272   Cr: 15.0717 )
00000686: 13.2282   (Y': 11.2338   Cb: 14.3345   Cr: 15.1525 )
00000687: 13.2246   (Y': 11.2692   Cb: 14.3086   Cr: 15.0806 )
00000688: 13.2664   (Y': 11.2784   Cb: 14.3851   Cr: 15.1604 )
00000692: 13.2654   (Y': 11.0919   Cb: 14.6452   Cr: 15.3228 )
00000690: 13.1454   (Y': 11.072    Cb: 14.3643   Cr: 15.1329 )
00000689: 13.1895   (Y': 11.1849   Cb: 14.3291   Cr: 15.0993 )
00000691: 13.1622   (Y': 11.0423   Cb: 14.4396   Cr: 15.1994 )
00000694: 13.2236   (Y': 11.0981   Cb: 14.5168   Cr: 15.2568 )
00000693: 13.2645   (Y': 11.0883   Cb: 14.6497   Cr: 15.3227 )
00000695: 13.2975   (Y': 11.1519   Cb: 14.5763   Cr: 15.4006 )
00000697: 13.4644   (Y': 11.3101   Cb: 14.7658   Cr: 15.5635 )
00000696: 13.3885   (Y': 11.2311   Cb: 14.6914   Cr: 15.4941 )
00000698: 13.4182   (Y': 11.3129   Cb: 14.6714   Cr: 15.4465 )
00000699: 13.3575   (Y': 11.2911   Cb: 14.5478   Cr: 15.3613 )
00000701: 13.0932   (Y': 10.9744   Cb: 14.2382   Cr: 15.2906 )
00000700: 13.1218   (Y': 11.0544   Cb: 14.2338   Cr: 15.2248 )
00000706: 12.9245   (Y': 10.8015   Cb: 14.1014   Cr: 15.093  )
00000702: 12.8913   (Y': 10.7655   Cb: 13.9723   Cr: 15.1912 )
00000705: 12.852    (Y': 10.6299   Cb: 14.0694   Cr: 15.245  )
00000708: 12.9989   (Y': 10.8618   Cb: 14.2523   Cr: 15.1101 )
00000703: 12.9194   (Y': 10.7062   Cb: 14.1047   Cr: 15.329  )
00000707: 12.9479   (Y': 10.8528   Cb: 14.157    Cr: 15.0028 )
00000704: 12.8873   (Y': 10.6171   Cb: 14.1474   Cr: 15.3652 )
00000709: 12.9413   (Y': 10.8122   Cb: 14.2426   Cr: 14.9743 )
00000712: 12.6659   (Y': 10.6537   Cb: 13.9216   Cr: 14.459  )
00000711: 12.7162   (Y': 10.7021   Cb: 13.9536   Cr: 14.5346 )
00000710: 12.7271   (Y': 10.7188   Cb: 13.9275   Cr: 14.574  )
00000713: 12.6688   (Y': 10.6722   Cb: 13.9272   Cr: 14.4217 )
00000716: 12.8016   (Y': 10.7578   Cb: 14.1567   Cr: 14.5598 )
00000714: 12.5782   (Y': 10.5936   Cb: 13.8239   Cr: 14.3168 )
00000715: 12.6355   (Y': 10.6287   Cb: 13.9221   Cr: 14.3809 )
00000717: 12.5179   (Y': 10.5911   Cb: 13.7692   Cr: 14.1176 )
00000718: 12.289    (Y': 10.4898   Cb: 13.3786   Cr: 13.7849 )
00000719: 12.2083   (Y': 10.4365   Cb: 13.2521   Cr: 13.6966 )
00000720: 12.1782   (Y': 10.4499   Cb: 13.1573   Cr: 13.6467 )
00000721: 12.0836   (Y': 10.3955   Cb: 13.0247   Cr: 13.5119 )
00000722: 11.8993   (Y': 10.2552   Cb: 12.7602   Cr: 13.3282 )
00000723: 11.7968   (Y': 10.1957   Cb: 12.5921   Cr: 13.2142 )
00000724: 11.6296   (Y': 10.0636   Cb: 12.3839   Cr: 13.0246 )
00000725: 11.53     (Y': 9.95481   Cb: 12.2608   Cr: 12.9706 )
00000726: 11.3144   (Y': 9.76784   Cb: 11.9714   Cr: 12.786  )
00000727: 11.2435   (Y': 9.70434   Cb: 11.886    Cr: 12.7177 )
00000728: 11.1706   (Y': 9.67332   Cb: 11.7686   Cr: 12.6154 )
00000729: 11.1385   (Y': 9.63355   Cb: 11.7305   Cr: 12.6058 )
00000730: 11.0985   (Y': 9.60941   Cb: 11.6613   Cr: 12.5704 )
00000737: 10.8778   (Y': 9.47904   Cb: 11.332    Cr: 12.3086 )
00000734: 10.9557   (Y': 9.49024   Cb: 11.4785   Cr: 12.4304 )
00000733: 11.018    (Y': 9.53235   Cb: 11.5583   Cr: 12.5111 )
00000738: 10.8881   (Y': 9.50496   Cb: 11.3412   Cr: 12.2907 )
00000731: 11.0605   (Y': 9.55245   Cb: 11.6418   Cr: 12.5471 )
00000732: 11.0237   (Y': 9.54066   Cb: 11.5759   Cr: 12.4967 )
00000735: 10.9499   (Y': 9.49864   Cb: 11.4578   Cr: 12.4153 )
00000739: 10.9222   (Y': 9.56306   Cb: 11.3483   Cr: 12.3126 )
00000736: 10.8958   (Y': 9.46343   Cb: 11.3673   Cr: 12.3698 )
00000740: 10.8966   (Y': 9.55022   Cb: 11.3251   Cr: 12.2601 )
00000742: 10.9305   (Y': 9.6217    Cb: 11.3253   Cr: 12.2664 )
00000741: 10.9326   (Y': 9.59493   Cb: 11.3565   Cr: 12.286  )
00000745: 11.088    (Y': 9.80827   Cb: 11.4566   Cr: 12.4034 )
00000743: 10.969    (Y': 9.6669    Cb: 11.3656   Cr: 12.2904 )
00000744: 11.0207   (Y': 9.73091   Cb: 11.407    Cr: 12.3323 )
00000746: 11.2084   (Y': 9.91156   Cb: 11.6234   Cr: 12.4977 )
00000747: 11.3023   (Y': 9.97361   Cb: 11.7556   Cr: 12.6029 )
00000749: 11.5401   (Y': 10.1855   Cb: 12.015    Cr: 12.8623 )
00000748: 11.4802   (Y': 10.1013   Cb: 11.9834   Cr: 12.8129 )
00000751: 11.6527   (Y': 10.2769   Cb: 12.1849   Cr: 12.945  )
00000752: 11.7486   (Y': 10.3166   Cb: 12.359    Cr: 13.0531 )
00000760: 12.1429   (Y': 10.4345   Cb: 12.8956   Cr: 13.836  )
00000756: 12.0036   (Y': 10.4522   Cb: 12.7084   Cr: 13.4276 )
00000759: 12.0878   (Y': 10.4398   Cb: 12.8176   Cr: 13.6791 )
00000750: 11.6214   (Y': 10.2667   Cb: 12.1372   Cr: 12.8945 )
00000754: 11.8529   (Y': 10.3504   Cb: 12.5301   Cr: 13.2136 )
00000753: 11.7691   (Y': 10.3045   Cb: 12.3965   Cr: 13.1153 )
00000757: 12.0078   (Y': 10.4335   Cb: 12.7048   Cr: 13.4868 )
00000758: 12.0587   (Y': 10.4439   Cb: 12.8009   Cr: 13.5661 )
00000761: 12.1418   (Y': 10.3756   Cb: 12.978    Cr: 13.8598 )
00000755: 11.925    (Y': 10.4151   Cb: 12.5953   Cr: 13.308  )
00000763: 12.1238   (Y': 10.2983   Cb: 13.0009   Cr: 13.9257 )
00000762: 12.1265   (Y': 10.3274   Cb: 12.9689   Cr: 13.9109 )
00000765: 12.0181   (Y': 10.144    Cb: 12.9467   Cr: 13.8696 )
00000764: 12.0791   (Y': 10.2183   Cb: 12.993    Cr: 13.9173 )
00000767: 11.8557   (Y': 9.91973   Cb: 12.8437   Cr: 13.7818 )
00000766: 11.8567   (Y': 9.94088   Cb: 12.8248   Cr: 13.7586 )
00000769: 11.7587   (Y': 9.84613   Cb: 12.7301   Cr: 13.6487 )
00000768: 11.7291   (Y': 9.81017   Cb: 12.6991   Cr: 13.6365 )
00000770: 11.7148   (Y': 9.82265   Cb: 12.6472   Cr: 13.6044 )
00000771: 11.7199   (Y': 9.83092   Cb: 12.6311   Cr: 13.6286 )
00000772: 11.7002   (Y': 9.8225    Cb: 12.589    Cr: 13.6099 )
00000773: 11.792    (Y': 9.89023   Cb: 12.7189   Cr: 13.7118 )
00000775: 12.5587   (Y': 10.5535   Cb: 13.662    Cr: 14.5136 )
00000774: 12.3021   (Y': 10.3318   Cb: 13.3445   Cr: 14.245  )
00000776: 12.9888   (Y': 10.9789   Cb: 14.1137   Cr: 14.9293 )
00000778: 13.4002   (Y': 11.4813   Cb: 14.4811   Cr: 15.1733 )
00000777: 13.1523   (Y': 11.1949   Cb: 14.2095   Cr: 15.0458 )
00000780: 13.5516   (Y': 11.7807   Cb: 14.5242   Cr: 15.118  )
00000779: 13.4434   (Y': 11.6006   Cb: 14.4817   Cr: 15.0919 )
00000782: 13.6548   (Y': 12.0782   Cb: 14.5075   Cr: 14.9589 )
00000781: 13.6084   (Y': 11.8765   Cb: 14.5271   Cr: 15.1534 )
00000783: 13.6895   (Y': 12.1646   Cb: 14.4528   Cr: 14.9943 )
00000784: 13.6685   (Y': 12.0913   Cb: 14.4069   Cr: 15.1046 )
00000785: 13.6327   (Y': 12.0768   Cb: 14.3091   Cr: 15.0996 )
00000786: 13.5648   (Y': 12.0929   Cb: 14.1327   Cr: 14.9965 )
00000788: 13.5456   (Y': 12.0755   Cb: 13.9865   Cr: 15.134  )
00000787: 13.5896   (Y': 12.1007   Cb: 14.1024   Cr: 15.1236 )
00000789: 13.5031   (Y': 12.0267   Cb: 13.9032   Cr: 15.158  )
00000791: 13.3794   (Y': 12.0297   Cb: 13.6624   Cr: 14.9372 )
00000792: 13.1987   (Y': 11.9045   Cb: 13.4125   Cr: 14.7424 )
00000790: 13.424    (Y': 11.9932   Cb: 13.7783   Cr: 15.0474 )
00000793: 13.104    (Y': 11.8221   Cb: 13.2864   Cr: 14.6668 )
00000796: 12.8291   (Y': 11.6803   Cb: 12.7983   Cr: 14.4402 )
00000795: 12.941    (Y': 11.7277   Cb: 13.0186   Cr: 14.5187 )
00000797: 12.7951   (Y': 11.6914   Cb: 12.7205   Cr: 14.3855 )
00000794: 13.0058   (Y': 11.7332   Cb: 13.1425   Cr: 14.6139 )
00000800: 12.511    (Y': 11.3495   Cb: 12.5014   Cr: 14.1152 )
00000799: 12.6046   (Y': 11.4748   Cb: 12.5411   Cr: 14.2279 )
00000798: 12.6427   (Y': 11.4997   Cb: 12.5711   Cr: 14.3027 )
00000801: 12.4735   (Y': 11.3164   Cb: 12.4644   Cr: 14.0685 )
00000802: 12.4753   (Y': 11.3516   Cb: 12.4373   Cr: 14.0499 )
00000803: 12.4372   (Y': 11.3191   Cb: 12.3873   Cr: 14.0186 )
00000806: 12.4646   (Y': 11.3491   Cb: 12.4232   Cr: 14.0287 )
00000804: 12.4558   (Y': 11.348    Cb: 12.401    Cr: 14.0251 )
00000805: 12.4658   (Y': 11.3774   Cb: 12.3783   Cr: 14.0469 )
00000807: 12.5174   (Y': 11.4805   Cb: 12.4254   Cr: 14.0115 )
00000808: 12.5891   (Y': 11.6311   Cb: 12.4302   Cr: 14.0404 )
00000809: 12.6233   (Y': 11.6935   Cb: 12.4614   Cr: 14.0302 )
00000811: 12.7512   (Y': 11.9424   Cb: 12.5217   Cr: 14.0527 )
00000810: 12.699    (Y': 11.844    Cb: 12.4869   Cr: 14.0517 )
00000813: 12.8111   (Y': 11.9799   Cb: 12.5908   Cr: 14.1364 )
00000812: 12.7044   (Y': 11.8457   Cb: 12.5055   Cr: 14.0442 )
00000814: 12.8838   (Y': 11.9463   Cb: 12.7329   Cr: 14.2881 )
00000815: 12.8772   (Y': 11.9517   Cb: 12.722    Cr: 14.2674 )
00000816: 12.9559   (Y': 12.0421   Cb: 12.7851   Cr: 14.3484 )
00000817: 12.923    (Y': 11.9731   Cb: 12.7636   Cr: 14.3609 )
00000818: 12.9421   (Y': 12.0041   Cb: 12.7436   Cr: 14.4166 )
00000819: 12.937    (Y': 11.9939   Cb: 12.7575   Cr: 14.3923 )
00000820: 12.9368   (Y': 11.9774   Cb: 12.8074   Cr: 14.3482 )
00000822: 13.0116   (Y': 12.0335   Cb: 12.9596   Cr: 14.3467 )
00000821: 12.9793   (Y': 12.0134   Cb: 12.9045   Cr: 14.325  )
00000823: 13.1789   (Y': 12.1861   Cb: 13.1794   Cr: 14.4676 )
00000825: 13.3904   (Y': 12.4413   Cb: 13.3778   Cr: 14.6235 )
00000824: 13.3691   (Y': 12.402    Cb: 13.3355   Cr: 14.6604 )
00000826: 13.2703   (Y': 12.2174   Cb: 13.3408   Cr: 14.5676 )
00000835: 12.7093   (Y': 10.1676   Cb: 13.9978   Cr: 16.0697 )
00000836: 12.4942   (Y': 10.2453   Cb: 13.376    Cr: 15.4581 )
00000838: 12.3424   (Y': 10.3879   Cb: 12.8822   Cr: 14.9507 )
00000829: 19.6033   (Y': 16.1654   Cb: 23.1838   Cr: 24.1058 )
00000837: 12.381    (Y': 10.2799   Cb: 13.0871   Cr: 15.156  )
00000827: 13.2482   (Y': 12.1999   Cb: 13.3351   Cr: 14.5161 )
00000828: 27.2844   (Y': 24.6523   Cb: 29.7632   Cr: 29.4904 )
00000831: 14.8279   (Y': 11.5769   Cb: 17.5235   Cr: 19.4064 )
00000840: 12.3824   (Y': 10.4406   Cb: 12.9076   Cr: 14.9778 )
00000830: 15.8111   (Y': 12.4421   Cb: 18.8839   Cr: 20.5614 )
00000832: 13.6374   (Y': 10.558    Cb: 15.863    Cr: 17.9684 )
00000844: 12.5383   (Y': 10.7024   Cb: 12.9622   Cr: 15.0035 )
00000841: 12.3978   (Y': 10.4613   Cb: 12.9228   Cr: 14.9786 )
00000833: 13.3007   (Y': 10.3349   Cb: 15.3077   Cr: 17.3855 )
00000834: 12.8704   (Y': 10.1923   Cb: 14.4016   Cr: 16.3929 )
00000842: 12.4493   (Y': 10.5689   Cb: 12.8984   Cr: 14.9952 )
00000848: 12.8535   (Y': 11.0977   Cb: 13.2135   Cr: 15.2094 )
00000843: 12.4604   (Y': 10.5908   Cb: 12.8968   Cr: 14.9971 )
00000839: 12.3564   (Y': 10.3948   Cb: 12.9049   Cr: 14.9707 )
00000851: 13.2517   (Y': 11.6172   Cb: 13.5732   Cr: 15.3672 )
00000847: 12.6887   (Y': 10.8793   Cb: 13.0756   Cr: 15.1423 )
00000845: 12.5711   (Y': 10.719    Cb: 12.9825   Cr: 15.1006 )
00000849: 12.9262   (Y': 11.1799   Cb: 13.2915   Cr: 15.2495 )
00000846: 12.6328   (Y': 10.8045   Cb: 13.0145   Cr: 15.1457 )
00000854: 13.8204   (Y': 12.3316   Cb: 14.0075   Cr: 15.8044 )
00000856: 13.7123   (Y': 12.0984   Cb: 14.1146   Cr: 15.6615 )
00000850: 13.1688   (Y': 11.5087   Cb: 13.4965   Cr: 15.336  )
00000852: 13.3891   (Y': 11.8335   Cb: 13.6665   Cr: 15.3878 )
00000855: 13.6209   (Y': 12.0341   Cb: 14.0109   Cr: 15.5265 )
00000853: 13.7041   (Y': 12.2153   Cb: 13.8531   Cr: 15.7466 )
Total: 13.2633   (Y': 11.4148   Cb: 14.0169   Cr: 15.2787 )
