00000000: 10.388    (Y': 9.03369   Cb: 10.8479   Cr: 11.7279 )
00000002: 10.3477   (Y': 8.98947   Cb: 10.8277   Cr: 11.6701 )
00000001: 10.3712   (Y': 9.01789   Cb: 10.8373   Cr: 11.7017 )
00000004: 10.3626   (Y': 8.96759   Cb: 10.8845   Cr: 11.703  )
00000005: 10.381    (Y': 8.98136   Cb: 10.9141   Cr: 11.7169 )
00000003: 10.3609   (Y': 8.99232   Cb: 10.8579   Cr: 11.6819 )
00000006: 10.3687   (Y': 8.95151   Cb: 10.9035   Cr: 11.7356 )
00000007: 10.3637   (Y': 8.9442    Cb: 10.8886   Cr: 11.7468 )
00000008: 10.3543   (Y': 8.93904   Cb: 10.8797   Cr: 11.7288 )
00000010: 10.3651   (Y': 8.92961   Cb: 10.9078   Cr: 11.7572 )
00000009: 10.3718   (Y': 8.94683   Cb: 10.9077   Cr: 11.7518 )
00000011: 10.3736   (Y': 8.94923   Cb: 10.9144   Cr: 11.7466 )
00000015: 10.293    (Y': 8.87541   Cb: 10.8147   Cr: 11.6765 )
00000012: 10.3279   (Y': 8.90236   Cb: 10.8636   Cr: 11.7096 )
00000014: 10.2995   (Y': 8.88256   Cb: 10.8222   Cr: 11.6807 )
00000013: 10.3297   (Y': 8.91161   Cb: 10.8641   Cr: 11.6987 )
00000016: 10.2906   (Y': 8.87851   Cb: 10.8026   Cr: 11.6753 )
00000017: 10.2755   (Y': 8.86612   Cb: 10.7953   Cr: 11.6455 )
00000019: 10.2794   (Y': 8.8754    Cb: 10.7923   Cr: 11.6475 )
00000018: 10.2753   (Y': 8.85391   Cb: 10.8019   Cr: 11.6598 )
00000021: 10.2892   (Y': 8.86931   Cb: 10.8105   Cr: 11.6775 )
00000020: 10.2952   (Y': 8.88064   Cb: 10.8061   Cr: 11.686  )
00000023: 10.2965   (Y': 8.86159   Cb: 10.8409   Cr: 11.6853 )
00000022: 10.3015   (Y': 8.87855   Cb: 10.8329   Cr: 11.6833 )
00000024: 10.2994   (Y': 8.86958   Cb: 10.8396   Cr: 11.6835 )
00000028: 10.2545   (Y': 8.8373    Cb: 10.7646   Cr: 11.6514 )
00000025: 10.2963   (Y': 8.86786   Cb: 10.8282   Cr: 11.688  )
00000027: 10.2806   (Y': 8.86814   Cb: 10.7937   Cr: 11.6646 )
00000030: 10.2558   (Y': 8.83998   Cb: 10.7685   Cr: 11.6467 )
00000026: 10.2827   (Y': 8.86611   Cb: 10.8031   Cr: 11.6658 )
00000029: 10.238    (Y': 8.81543   Cb: 10.7559   Cr: 11.6357 )
00000031: 10.2534   (Y': 8.84391   Cb: 10.7577   Cr: 11.6427 )
00000032: 10.2677   (Y': 8.84008   Cb: 10.7939   Cr: 11.6647 )
00000033: 10.3647   (Y': 8.95655   Cb: 10.8789   Cr: 11.7394 )
00000036: 10.4738   (Y': 9.07408   Cb: 10.9864   Cr: 11.8342 )
00000034: 10.4182   (Y': 8.99485   Cb: 10.9361   Cr: 11.8174 )
00000035: 10.427    (Y': 9.02159   Cb: 10.9302   Cr: 11.8098 )
00000038: 10.5164   (Y': 9.13063   Cb: 10.9877   Cr: 11.9013 )
00000037: 10.4668   (Y': 9.06105   Cb: 10.9801   Cr: 11.8379 )
00000039: 10.5162   (Y': 9.12708   Cb: 10.991    Cr: 11.903  )
00000040: 10.6232   (Y': 9.23401   Cb: 11.1145   Cr: 11.99   )
00000043: 10.8919   (Y': 9.5759    Cb: 11.3788   Cr: 12.1291 )
00000042: 10.8181   (Y': 9.49148   Cb: 11.2863   Cr: 12.0967 )
00000046: 10.9458   (Y': 9.62674   Cb: 11.4057   Cr: 12.2207 )
00000047: 10.9386   (Y': 9.60274   Cb: 11.418    Cr: 12.2208 )
00000044: 10.957    (Y': 9.64846   Cb: 11.4222   Cr: 12.2067 )
00000045: 10.9489   (Y': 9.62855   Cb: 11.4112   Cr: 12.2235 )
00000041: 10.6695   (Y': 9.27669   Cb: 11.1659   Cr: 12.0366 )
00000052: 20.7992   (Y': 17.3986   Cb: 24.1061   Cr: 25.4215 )
00000048: 10.9619   (Y': 9.64362   Cb: 11.4228   Cr: 12.2343 )
00000049: 10.9687   (Y': 9.66551   Cb: 11.4282   Cr: 12.2156 )
00000050: 10.9823   (Y': 9.69229   Cb: 11.4356   Cr: 12.2129 )
00000054: 16.0586   (Y': 12.949    Cb: 18.4779   Cr: 20.2511 )
00000051: 10.6388   (Y': 9.11509   Cb: 10.9418   Cr: 12.5289 )
00000053: 18.5498   (Y': 15.1149   Cb: 22.053    Cr: 23.1307 )
00000055: 15.4147   (Y': 12.4698   Cb: 17.414    Cr: 19.4066 )
00000056: 14.4826   (Y': 11.7585   Cb: 16.1708   Cr: 17.9542 )
00000057: 14.1087   (Y': 11.4958   Cb: 15.6386   Cr: 17.3714 )
00000058: 13.6026   (Y': 11.1207   Cb: 14.9158   Cr: 16.7004 )
00000060: 12.8541   (Y': 10.5512   Cb: 13.9241   Cr: 15.7024 )
00000059: 13.3075   (Y': 10.8822   Cb: 14.5248   Cr: 16.3486 )
00000061: 12.6828   (Y': 10.4574   Cb: 13.5979   Cr: 15.517  )
00000062: 12.7445   (Y': 10.5669   Cb: 13.5524   Cr: 15.5952 )
00000063: 12.7956   (Y': 10.5841   Cb: 13.6696   Cr: 15.6499 )
00000066: 12.7764   (Y': 10.494    Cb: 13.7304   Cr: 15.7363 )
00000065: 12.7633   (Y': 10.4714   Cb: 13.7412   Cr: 15.7172 )
00000064: 12.7597   (Y': 10.465    Cb: 13.7418   Cr: 15.7162 )
00000069: 12.8211   (Y': 10.517    Cb: 13.8332   Cr: 15.7622 )
00000067: 12.7624   (Y': 10.4943   Cb: 13.6698   Cr: 15.7485 )
00000068: 12.8171   (Y': 10.4883   Cb: 13.8739   Cr: 15.7716 )
00000070: 12.7951   (Y': 10.442    Cb: 13.8896   Cr: 15.774  )
00000071: 12.7652   (Y': 10.4008   Cb: 13.9073   Cr: 15.7098 )
00000073: 12.7862   (Y': 10.4262   Cb: 13.9481   Cr: 15.686  )
00000072: 12.7787   (Y': 10.4401   Cb: 13.8832   Cr: 15.6935 )
00000076: 12.9589   (Y': 10.8422   Cb: 13.813    Cr: 15.5515 )
00000074: 12.7959   (Y': 10.4816   Cb: 13.8991   Cr: 15.6315 )
00000075: 12.7844   (Y': 10.4723   Cb: 13.9162   Cr: 15.5708 )
00000078: 12.758    (Y': 10.4748   Cb: 13.8793   Cr: 15.4676 )
00000077: 12.7931   (Y': 10.5852   Cb: 13.7621   Cr: 15.4904 )
00000079: 12.9877   (Y': 10.8418   Cb: 13.9135   Cr: 15.561  )
00000081: 13.0929   (Y': 10.948    Cb: 14.0012   Cr: 15.6886 )
00000082: 13.0356   (Y': 10.8465   Cb: 13.9473   Cr: 15.7609 )
00000080: 13.0352   (Y': 10.9076   Cb: 13.9419   Cr: 15.5824 )
00000085: 13.1625   (Y': 11.1122   Cb: 13.9169   Cr: 15.711  )
00000083: 13.0119   (Y': 10.7951   Cb: 13.9854   Cr: 15.7296 )
00000086: 13.5071   (Y': 11.5221   Cb: 14.1985   Cr: 15.9652 )
00000084: 13.0953   (Y': 10.9943   Cb: 13.89     Cr: 15.731  )
00000088: 13.67     (Y': 11.6824   Cb: 14.3602   Cr: 16.1373 )
00000087: 13.657    (Y': 11.6597   Cb: 14.3948   Cr: 16.0807 )
00000089: 13.6152   (Y': 11.6084   Cb: 14.3303   Cr: 16.099  )
00000094: 13.7606   (Y': 11.6663   Cb: 14.5781   Cr: 16.3418 )
00000091: 13.6738   (Y': 11.6454   Cb: 14.4081   Cr: 16.1899 )
00000092: 13.6629   (Y': 11.621    Cb: 14.4287   Cr: 16.1702 )
00000093: 13.7139   (Y': 11.6577   Cb: 14.4903   Cr: 16.2463 )
00000090: 13.6225   (Y': 11.6038   Cb: 14.3665   Cr: 16.0968 )
00000096: 13.8111   (Y': 11.7165   Cb: 14.6436   Cr: 16.3709 )
00000095: 13.7545   (Y': 11.659    Cb: 14.5867   Cr: 16.3173 )
00000097: 13.7918   (Y': 11.6634   Cb: 14.6732   Cr: 16.3788 )
00000099: 13.8243   (Y': 11.6804   Cb: 14.7068   Cr: 16.4553 )
00000098: 13.8064   (Y': 11.673    Cb: 14.7039   Cr: 16.384  )
00000102: 13.9994   (Y': 11.7621   Cb: 14.9898   Cr: 16.7567 )
00000101: 13.9153   (Y': 11.7405   Cb: 14.8515   Cr: 16.5597 )
00000100: 13.8753   (Y': 11.7041   Cb: 14.8047   Cr: 16.5188 )
00000103: 14.0118   (Y': 11.8023   Cb: 14.9491   Cr: 16.7618 )
00000104: 14.0084   (Y': 11.8514   Cb: 14.915    Cr: 16.643  )
00000105: 13.9953   (Y': 11.7923   Cb: 14.9575   Cr: 16.6876 )
00000108: 14.0833   (Y': 11.8292   Cb: 15.0945   Cr: 16.8623 )
00000106: 14.0908   (Y': 11.8497   Cb: 15.0889   Cr: 16.8481 )
00000107: 14.0982   (Y': 11.8773   Cb: 15.0636   Cr: 16.8414 )
00000109: 14.1506   (Y': 11.9448   Cb: 15.1424   Cr: 16.8075 )
00000110: 14.0897   (Y': 11.8403   Cb: 15.0957   Cr: 16.8616 )
00000111: 14.1048   (Y': 11.8487   Cb: 15.1513   Cr: 16.8378 )
00000112: 14.1239   (Y': 11.8796   Cb: 15.1581   Cr: 16.8379 )
00000113: 14.1781   (Y': 11.9516   Cb: 15.1874   Cr: 16.8736 )
00000114: 14.1718   (Y': 11.9527   Cb: 15.1398   Cr: 16.9054 )
00000115: 14.1748   (Y': 11.9586   Cb: 15.1028   Cr: 16.9595 )
00000116: 14.2483   (Y': 12.0918   Cb: 15.0985   Cr: 16.967  )
00000117: 14.1889   (Y': 12.062    Cb: 15.0048   Cr: 16.8697 )
00000118: 14.2259   (Y': 12.1579   Cb: 14.9664   Cr: 16.847  )
00000119: 14.1663   (Y': 12.1023   Cb: 14.8779   Cr: 16.8205 )
00000120: 14.1239   (Y': 12.0695   Cb: 14.7823   Cr: 16.8336 )
00000121: 14.0932   (Y': 12.0854   Cb: 14.6761   Cr: 16.7864 )
00000122: 14.0298   (Y': 12.0268   Cb: 14.5928   Cr: 16.7415 )
00000123: 14.0094   (Y': 12.0363   Cb: 14.5419   Cr: 16.6831 )
00000124: 13.8859   (Y': 11.8908   Cb: 14.4454   Cr: 16.5803 )
00000125: 13.9314   (Y': 11.9531   Cb: 14.4698   Cr: 16.6107 )
00000126: 13.9264   (Y': 11.9555   Cb: 14.4594   Cr: 16.5927 )
00000127: 13.9188   (Y': 11.9368   Cb: 14.4312   Cr: 16.6523 )
00000128: 13.8924   (Y': 11.8908   Cb: 14.4536   Cr: 16.603  )
00000129: 13.9427   (Y': 11.9363   Cb: 14.5333   Cr: 16.6198 )
00000130: 13.9272   (Y': 11.971    Cb: 14.4341   Cr: 16.5937 )
00000131: 14.0723   (Y': 12.1423   Cb: 14.5907   Cr: 16.6454 )
00000133: 14.1581   (Y': 12.2698   Cb: 14.6287   Cr: 16.6917 )
00000132: 14.0686   (Y': 12.1516   Cb: 14.5433   Cr: 16.6758 )
00000134: 14.0748   (Y': 12.2462   Cb: 14.5087   Cr: 16.5046 )
00000135: 14.0058   (Y': 12.1332   Cb: 14.5033   Cr: 16.4533 )
00000136: 13.9579   (Y': 12.0675   Cb: 14.4849   Cr: 16.4075 )
00000137: 13.9314   (Y': 12.0591   Cb: 14.4414   Cr: 16.3588 )
00000138: 13.92     (Y': 12.0659   Cb: 14.4576   Cr: 16.2562 )
00000139: 13.8421   (Y': 11.9611   Cb: 14.3869   Cr: 16.2389 )
00000140: 13.7566   (Y': 11.8997   Cb: 14.274    Cr: 16.1314 )
00000142: 13.6891   (Y': 11.8634   Cb: 14.1619   Cr: 16.0503 )
00000141: 13.7412   (Y': 11.8763   Cb: 14.2829   Cr: 16.1    )
00000143: 13.6597   (Y': 11.8326   Cb: 14.1657   Cr: 15.9736 )
00000144: 13.6851   (Y': 11.8811   Cb: 14.1904   Cr: 15.9408 )
00000145: 13.6882   (Y': 11.8951   Cb: 14.1651   Cr: 15.9589 )
00000146: 13.5558   (Y': 11.7427   Cb: 14.016    Cr: 15.9034 )
00000147: 13.4939   (Y': 11.6889   Cb: 13.9772   Cr: 15.7854 )
00000149: 13.4202   (Y': 11.6729   Cb: 13.8398   Cr: 15.662  )
00000148: 13.4679   (Y': 11.7036   Cb: 13.9009   Cr: 15.7318 )
00000150: 13.3414   (Y': 11.6602   Cb: 13.7665   Cr: 15.4139 )
00000151: 13.3488   (Y': 11.7035   Cb: 13.7601   Cr: 15.3567 )
00000152: 13.2763   (Y': 11.5918   Cb: 13.7705   Cr: 15.2573 )
00000153: 13.3223   (Y': 11.6718   Cb: 13.774    Cr: 15.2845 )
00000154: 13.4984   (Y': 11.8572   Cb: 13.9952   Cr: 15.377  )
00000155: 13.4978   (Y': 11.8906   Cb: 13.939    Cr: 15.3768 )
00000156: 13.5973   (Y': 11.9663   Cb: 14.0421   Cr: 15.525  )
00000157: 13.5884   (Y': 11.9669   Cb: 14.0241   Cr: 15.5073 )
00000159: 13.4856   (Y': 11.885    Cb: 13.8687   Cr: 15.4319 )
00000158: 13.5533   (Y': 11.9173   Cb: 13.9714   Cr: 15.5304 )
00000160: 13.4714   (Y': 11.9363   Cb: 13.8696   Cr: 15.2522 )
00000161: 13.6748   (Y': 12.1091   Cb: 14.1379   Cr: 15.4331 )
00000162: 14.2824   (Y': 12.6609   Cb: 14.9268   Cr: 15.9238 )
00000163: 13.9506   (Y': 12.3617   Cb: 14.7124   Cr: 15.3827 )
00000165: 14.2207   (Y': 12.4851   Cb: 14.9121   Cr: 16.0526 )
00000164: 14.3625   (Y': 12.6457   Cb: 15.0379   Cr: 16.1725 )
00000166: 13.7506   (Y': 12.0928   Cb: 14.3795   Cr: 15.4897 )
00000167: 13.4838   (Y': 11.8924   Cb: 13.9554   Cr: 15.2861 )
00000168: 13.294    (Y': 11.6786   Cb: 13.8333   Cr: 15.0582 )
00000169: 13.3281   (Y': 11.706    Cb: 13.8216   Cr: 15.1682 )
00000170: 13.3258   (Y': 11.7593   Cb: 13.7773   Cr: 15.1016 )
00000172: 13.4498   (Y': 11.9801   Cb: 13.7149   Cr: 15.2774 )
00000171: 13.3443   (Y': 11.8102   Cb: 13.7181   Cr: 15.1567 )
00000173: 13.3262   (Y': 11.8146   Cb: 13.5994   Cr: 15.2327 )
00000175: 13.2793   (Y': 11.7256   Cb: 13.5935   Cr: 15.2198 )
00000176: 13.2558   (Y': 11.6923   Cb: 13.5376   Cr: 15.2662 )
00000174: 13.2532   (Y': 11.6634   Cb: 13.5864   Cr: 15.2472 )
00000178: 13.3062   (Y': 11.6926   Cb: 13.6294   Cr: 15.3702 )
00000177: 13.297    (Y': 11.7074   Cb: 13.6047   Cr: 15.3283 )
00000179: 13.2909   (Y': 11.6683   Cb: 13.6203   Cr: 15.3667 )
00000180: 13.2847   (Y': 11.6039   Cb: 13.6255   Cr: 15.4823 )
00000181: 13.287    (Y': 11.5528   Cb: 13.6865   Cr: 15.5266 )
00000183: 13.2833   (Y': 11.5497   Cb: 13.7216   Cr: 15.4628 )
00000182: 13.2821   (Y': 11.5749   Cb: 13.6539   Cr: 15.4968 )
00000185: 13.3028   (Y': 11.5179   Cb: 13.8091   Cr: 15.509  )
00000186: 13.3643   (Y': 11.5906   Cb: 13.9105   Cr: 15.4843 )
00000184: 13.2837   (Y': 11.4882   Cb: 13.7898   Cr: 15.5166 )
00000187: 13.4034   (Y': 11.6007   Cb: 13.9974   Cr: 15.5267 )
00000188: 13.5071   (Y': 11.6834   Cb: 14.0293   Cr: 15.7878 )
00000189: 13.4561   (Y': 11.6446   Cb: 13.9618   Cr: 15.7305 )
00000190: 13.3572   (Y': 11.6078   Cb: 13.7535   Cr: 15.6399 )
00000191: 13.384    (Y': 11.6427   Cb: 13.7676   Cr: 15.6661 )
00000192: 13.5118   (Y': 11.803    Cb: 13.8856   Cr: 15.7276 )
00000193: 13.5206   (Y': 11.8144   Cb: 13.8958   Cr: 15.728  )
00000195: 13.7423   (Y': 12.0257   Cb: 14.2128   Cr: 15.8331 )
00000196: 13.9191   (Y': 12.1915   Cb: 14.4167   Cr: 15.9974 )
00000194: 13.625    (Y': 11.9284   Cb: 14.0242   Cr: 15.7725 )
00000199: 13.9119   (Y': 12.1544   Cb: 14.4005   Cr: 16.0758 )
00000197: 14.077    (Y': 12.306    Cb: 14.6563   Cr: 16.1433 )
00000198: 13.966    (Y': 12.2164   Cb: 14.4791   Cr: 16.075  )
00000201: 13.751    (Y': 11.994    Cb: 14.1707   Cr: 16.0171 )
00000200: 13.7533   (Y': 11.9788   Cb: 14.1975   Cr: 16.0264 )
00000203: 13.4291   (Y': 11.8508   Cb: 13.6266   Cr: 15.6027 )
00000204: 13.598    (Y': 12.0745   Cb: 13.8066   Cr: 15.6273 )
00000202: 13.604    (Y': 11.8813   Cb: 13.9702   Cr: 15.8658 )
00000205: 13.6622   (Y': 12.0738   Cb: 13.9459   Cr: 15.7267 )
00000206: 13.7387   (Y': 12.1149   Cb: 14.1004   Cr: 15.7692 )
00000207: 13.7065   (Y': 12.0989   Cb: 14.0828   Cr: 15.6789 )
00000208: 13.6668   (Y': 12.041    Cb: 14.1183   Cr: 15.5734 )
00000210: 13.5947   (Y': 11.8161   Cb: 14.1793   Cr: 15.6722 )
00000209: 13.6845   (Y': 12.0296   Cb: 14.1498   Cr: 15.6377 )
00000212: 13.4829   (Y': 11.798    Cb: 13.9698   Cr: 15.4752 )
00000211: 13.6057   (Y': 11.8844   Cb: 14.131    Cr: 15.6292 )
00000213: 13.5254   (Y': 11.858    Cb: 14.0163   Cr: 15.4716 )
00000216: 13.5794   (Y': 12.0136   Cb: 13.8735   Cr: 15.5765 )
00000215: 13.5999   (Y': 12.0181   Cb: 13.9582   Cr: 15.5395 )
00000214: 13.6262   (Y': 11.9779   Cb: 14.0631   Cr: 15.6048 )
00000217: 13.6136   (Y': 12.0436   Cb: 13.9007   Cr: 15.631  )
00000218: 13.6901   (Y': 12.1423   Cb: 13.9545   Cr: 15.6904 )
00000219: 13.6534   (Y': 12.0901   Cb: 13.9544   Cr: 15.6345 )
00000221: 13.6934   (Y': 12.1613   Cb: 13.8846   Cr: 15.7691 )
00000222: 13.6784   (Y': 12.1866   Cb: 13.8351   Cr: 15.7158 )
00000223: 13.5464   (Y': 12.1262   Cb: 13.6525   Cr: 15.5026 )
00000224: 13.5404   (Y': 12.1555   Cb: 13.6601   Cr: 15.4004 )
00000220: 13.7039   (Y': 12.1391   Cb: 13.9477   Cr: 15.7741 )
00000225: 13.6237   (Y': 12.2428   Cb: 13.7803   Cr: 15.4211 )
00000227: 13.582    (Y': 12.1605   Cb: 13.8406   Cr: 15.3177 )
00000228: 13.5882   (Y': 12.2231   Cb: 13.8336   Cr: 15.2277 )
00000226: 13.6404   (Y': 12.2303   Cb: 13.878    Cr: 15.382  )
00000229: 13.5678   (Y': 12.2152   Cb: 13.8068   Cr: 15.1912 )
00000230: 13.6581   (Y': 12.3162   Cb: 13.8838   Cr: 15.2784 )
00000233: 13.8587   (Y': 12.6401   Cb: 13.8884   Cr: 15.515  )
00000231: 13.7653   (Y': 12.4675   Cb: 13.9764   Cr: 15.3194 )
00000232: 13.8215   (Y': 12.615    Cb: 13.8599   Cr: 15.4421 )
00000234: 13.7167   (Y': 12.5021   Cb: 13.7699   Cr: 15.3317 )
00000235: 13.6565   (Y': 12.3935   Cb: 13.7712   Cr: 15.2772 )
00000236: 13.6885   (Y': 12.4165   Cb: 13.7602   Cr: 15.3884 )
00000237: 13.7313   (Y': 12.3793   Cb: 13.9221   Cr: 15.4203 )
00000238: 13.6386   (Y': 12.1451   Cb: 13.9209   Cr: 15.4927 )
00000239: 13.5367   (Y': 11.9917   Cb: 13.8263   Cr: 15.4934 )
00000242: 13.6435   (Y': 12.1771   Cb: 13.7932   Cr: 15.6348 )
00000241: 13.4986   (Y': 11.9545   Cb: 13.7368   Cr: 15.5298 )
00000240: 13.427    (Y': 11.9097   Cb: 13.6475   Cr: 15.4242 )
00000245: 13.7069   (Y': 12.3659   Cb: 13.6513   Cr: 15.7455 )
00000244: 13.6902   (Y': 12.3182   Cb: 13.6397   Cr: 15.7887 )
00000243: 13.7167   (Y': 12.2256   Cb: 13.8658   Cr: 15.7642 )
00000246: 13.9833   (Y': 12.7547   Cb: 13.8818   Cr: 15.8581 )
00000247: 14.0263   (Y': 12.7863   Cb: 13.9049   Cr: 15.9563 )
00000248: 13.8152   (Y': 12.7289   Cb: 13.5811   Cr: 15.6171 )
00000249: 13.506    (Y': 12.41     Cb: 13.2672   Cr: 15.3342 )
00000250: 13.4446   (Y': 12.2975   Cb: 13.2364   Cr: 15.3247 )
00000251: 13.3738   (Y': 12.2412   Cb: 13.131    Cr: 15.2815 )
00000252: 13.3245   (Y': 12.1573   Cb: 13.1034   Cr: 15.2668 )
00000254: 13.5798   (Y': 12.3314   Cb: 13.5118   Cr: 15.4428 )
00000255: 13.6333   (Y': 12.3571   Cb: 13.5992   Cr: 15.501  )
00000256: 13.6912   (Y': 12.3271   Cb: 13.7205   Cr: 15.6448 )
00000253: 13.3911   (Y': 12.1954   Cb: 13.1769   Cr: 15.3807 )
00000258: 13.6161   (Y': 12.2713   Cb: 13.6012   Cr: 15.5975 )
00000257: 13.6289   (Y': 12.2287   Cb: 13.6737   Cr: 15.6369 )
00000259: 13.5384   (Y': 12.1889   Cb: 13.5353   Cr: 15.5115 )
00000260: 13.4864   (Y': 12.1975   Cb: 13.4084   Cr: 15.4495 )
00000261: 13.5078   (Y': 12.2193   Cb: 13.4284   Cr: 15.472  )
00000263: 13.649    (Y': 12.1695   Cb: 13.7735   Cr: 15.7085 )
00000262: 13.5999   (Y': 12.2513   Cb: 13.5824   Cr: 15.594  )
00000265: 13.6845   (Y': 12.1141   Cb: 13.9507   Cr: 15.7336 )
00000266: 13.675    (Y': 12.0786   Cb: 13.9415   Cr: 15.7843 )
00000267: 13.6368   (Y': 12.0114   Cb: 13.9789   Cr: 15.6999 )
00000268: 13.6629   (Y': 12.0036   Cb: 14.0737   Cr: 15.7046 )
00000264: 13.689    (Y': 12.1417   Cb: 13.9041   Cr: 15.7629 )
00000269: 13.6776   (Y': 11.9766   Cb: 14.1299   Cr: 15.7578 )
00000270: 13.8273   (Y': 12.0915   Cb: 14.2473   Cr: 16.04   )
00000271: 13.8841   (Y': 12.193    Cb: 14.2615   Cr: 16.0508 )
00000272: 13.9946   (Y': 12.3755   Cb: 14.33     Cr: 16.0532 )
00000273: 14.1514   (Y': 12.5886   Cb: 14.4244   Cr: 16.1731 )
00000274: 14.3518   (Y': 12.8551   Cb: 14.6251   Cr: 16.2257 )
00000275: 14.3382   (Y': 12.9273   Cb: 14.5632   Cr: 16.0994 )
00000276: 14.5812   (Y': 13.3653   Cb: 14.6072   Cr: 16.2376 )
00000277: 14.5794   (Y': 13.4262   Cb: 14.5054   Cr: 16.2629 )
00000278: 14.5912   (Y': 13.3949   Cb: 14.5319   Cr: 16.3361 )
00000279: 14.5381   (Y': 13.3288   Cb: 14.4749   Cr: 16.315  )
00000280: 14.4336   (Y': 13.1407   Cb: 14.4255   Cr: 16.2955 )
00000281: 14.3182   (Y': 12.9045   Cb: 14.4172   Cr: 16.2714 )
00000282: 14.1434   (Y': 12.6542   Cb: 14.2622   Cr: 16.2338 )
00000283: 14.0874   (Y': 12.6297   Cb: 14.1742   Cr: 16.1568 )
00000284: 14.1308   (Y': 12.7066   Cb: 14.1453   Cr: 16.2401 )
00000285: 14.135    (Y': 12.7277   Cb: 14.1317   Cr: 16.2354 )
00000286: 14.08     (Y': 12.8518   Cb: 13.926    Cr: 16.0382 )
00000287: 14.0953   (Y': 12.8888   Cb: 13.9133   Cr: 16.0543 )
00000288: 14.2558   (Y': 13.0326   Cb: 14.1376   Cr: 16.146  )
00000289: 14.3067   (Y': 12.9646   Cb: 14.309    Cr: 16.2554 )
00000290: 14.1623   (Y': 12.6854   Cb: 14.3604   Cr: 16.1035 )
00000291: 14.0383   (Y': 12.4885   Cb: 14.315    Cr: 16.0248 )
00000292: 13.9164   (Y': 12.3423   Cb: 14.1754   Cr: 15.9849 )
00000293: 13.8757   (Y': 12.3127   Cb: 14.1299   Cr: 15.926  )
00000294: 13.7811   (Y': 12.2137   Cb: 14.0734   Cr: 15.7845 )
00000295: 13.7638   (Y': 12.199    Cb: 14.0859   Cr: 15.7173 )
00000296: 13.6085   (Y': 11.9857   Cb: 14.0594   Cr: 15.5092 )
00000297: 13.6326   (Y': 11.9822   Cb: 14.0756   Cr: 15.6074 )
00000298: 13.7819   (Y': 12.0046   Cb: 14.347    Cr: 15.8834 )
00000299: 13.8028   (Y': 12.0166   Cb: 14.3985   Cr: 15.8833 )
00000301: 13.812    (Y': 12.0806   Cb: 14.2828   Cr: 15.9384 )
00000302: 13.7545   (Y': 12.0718   Cb: 14.1759   Cr: 15.8358 )
00000303: 13.7205   (Y': 12.0048   Cb: 14.1788   Cr: 15.8268 )
00000300: 13.8536   (Y': 12.0769   Cb: 14.3725   Cr: 16.0206 )
00000304: 13.5927   (Y': 11.8604   Cb: 14.0525   Cr: 15.7375 )
00000305: 13.6739   (Y': 11.9597   Cb: 14.1282   Cr: 15.7825 )
00000306: 13.7554   (Y': 12.0168   Cb: 14.1946   Cr: 15.9462 )
00000307: 13.7512   (Y': 12.0634   Cb: 14.1619   Cr: 15.8606 )
00000308: 13.7559   (Y': 12.1106   Cb: 14.1884   Cr: 15.7337 )
00000311: 13.7365   (Y': 12.0621   Cb: 14.2459   Cr: 15.6726 )
00000312: 13.982    (Y': 12.2868   Cb: 14.3913   Cr: 16.1111 )
00000309: 13.724    (Y': 12.1174   Cb: 14.107    Cr: 15.6839 )
00000314: 13.9788   (Y': 12.3062   Cb: 14.3658   Cr: 16.0867 )
00000313: 14.0078   (Y': 12.3532   Cb: 14.3737   Cr: 16.1043 )
00000310: 13.7579   (Y': 12.0925   Cb: 14.2234   Cr: 15.7353 )
00000315: 13.9055   (Y': 12.2167   Cb: 14.3207   Cr: 16.0104 )
00000317: 13.8595   (Y': 12.1948   Cb: 14.2288   Cr: 15.9752 )
00000319: 13.9128   (Y': 12.2208   Cb: 14.369    Cr: 15.9654 )
00000318: 13.9488   (Y': 12.2389   Cb: 14.3829   Cr: 16.0766 )
00000320: 13.9197   (Y': 12.2513   Cb: 14.3775   Cr: 15.9149 )
00000316: 13.7902   (Y': 12.1552   Cb: 14.105    Cr: 15.917  )
00000321: 13.948    (Y': 12.2872   Cb: 14.4508   Cr: 15.8625 )
00000323: 14.0645   (Y': 12.4486   Cb: 14.5462   Cr: 15.9069 )
00000322: 14.0616   (Y': 12.4355   Cb: 14.5032   Cr: 15.9827 )
00000325: 14.1286   (Y': 12.6608   Cb: 14.4422   Cr: 15.8838 )
00000324: 14.1172   (Y': 12.5673   Cb: 14.4995   Cr: 15.9524 )
00000326: 14.1675   (Y': 12.8073   Cb: 14.4058   Cr: 15.8065 )
00000327: 14.1819   (Y': 12.8418   Cb: 14.4143   Cr: 15.7894 )
00000328: 14.1757   (Y': 12.8118   Cb: 14.3972   Cr: 15.8456 )
00000329: 14.1364   (Y': 12.7861   Cb: 14.3679   Cr: 15.7655 )
00000331: 14.0839   (Y': 12.785    Cb: 14.3415   Cr: 15.5777 )
00000330: 14.1034   (Y': 12.7585   Cb: 14.375    Cr: 15.667  )
00000332: 14.0362   (Y': 12.6907   Cb: 14.3555   Cr: 15.5375 )
00000333: 14.1395   (Y': 12.9053   Cb: 14.3583   Cr: 15.5636 )
00000336: 14.6915   (Y': 13.3489   Cb: 14.8863   Cr: 16.3563 )
00000334: 14.3258   (Y': 12.955    Cb: 14.6392   Cr: 15.8844 )
00000337: 14.783    (Y': 13.5085   Cb: 14.9277   Cr: 16.384  )
00000338: 14.8481   (Y': 13.4987   Cb: 15.0997   Cr: 16.4477 )
00000339: 14.9065   (Y': 13.5267   Cb: 15.21     Cr: 16.4962 )
00000335: 14.5      (Y': 13.2228   Cb: 14.6879   Cr: 16.0463 )
00000340: 15.0255   (Y': 13.5562   Cb: 15.468    Cr: 16.6104 )
00000341: 15.0374   (Y': 13.5743   Cb: 15.4679   Cr: 16.6253 )
00000342: 14.7449   (Y': 12.9532   Cb: 15.4785   Cr: 16.6509 )
00000344: 15.0999   (Y': 13.5722   Cb: 15.7499   Cr: 16.5421 )
00000346: 15.1359   (Y': 13.6364   Cb: 15.7008   Cr: 16.6259 )
00000343: 14.6815   (Y': 12.8806   Cb: 15.474    Cr: 16.5327 )
00000345: 15.0997   (Y': 13.5234   Cb: 15.7871   Cr: 16.5946 )
00000348: 15.1989   (Y': 13.6233   Cb: 15.859    Cr: 16.7254 )
00000347: 15.1187   (Y': 13.5863   Cb: 15.7284   Cr: 16.6194 )
00000349: 15.2621   (Y': 13.7184   Cb: 15.8469   Cr: 16.8165 )
00000351: 15.3317   (Y': 13.7427   Cb: 16.0214   Cr: 16.8494 )
00000352: 15.2759   (Y': 13.5557   Cb: 15.9928   Cr: 17.0403 )
00000354: 15.1904   (Y': 13.3901   Cb: 15.9519   Cr: 17.0805 )
00000350: 15.2993   (Y': 13.7489   Cb: 15.8932   Cr: 16.8557 )
00000353: 15.2134   (Y': 13.4518   Cb: 15.9495   Cr: 17.0466 )
00000356: 15.1554   (Y': 13.2732   Cb: 16.0025   Cr: 17.1297 )
00000355: 15.2006   (Y': 13.326    Cb: 16.0158   Cr: 17.1979 )
00000357: 15.1013   (Y': 13.2332   Cb: 15.9108   Cr: 17.0904 )
00000358: 15.0117   (Y': 13.1158   Cb: 15.832    Cr: 17.0543 )
00000359: 15.0619   (Y': 13.1063   Cb: 15.8946   Cr: 17.2394 )
00000360: 14.9999   (Y': 13.0513   Cb: 15.8315   Cr: 17.1609 )
00000362: 14.954    (Y': 13.0855   Cb: 15.685    Cr: 17.0491 )
00000361: 14.9866   (Y': 13.064    Cb: 15.7998   Cr: 17.1058 )
00000363: 14.9894   (Y': 13.1354   Cb: 15.6712   Cr: 17.1162 )
00000364: 15.0832   (Y': 13.2828   Cb: 15.7492   Cr: 17.1004 )
00000366: 15.0598   (Y': 13.1528   Cb: 15.8924   Cr: 17.114  )
00000367: 14.9509   (Y': 13.0413   Cb: 15.7803   Cr: 17.0158 )
00000368: 14.9369   (Y': 13.007    Cb: 15.8207   Cr: 16.981  )
00000370: 14.9171   (Y': 13.0196   Cb: 15.7512   Cr: 16.9456 )
00000365: 15.0399   (Y': 13.226    Cb: 15.707    Cr: 17.0883 )
00000371: 14.8831   (Y': 13.0244   Cb: 15.7209   Cr: 16.8127 )
00000369: 14.9528   (Y': 13.0855   Cb: 15.7383   Cr: 16.9714 )
00000372: 14.9082   (Y': 13.1934   Cb: 15.6424   Cr: 16.6383 )
00000373: 14.9253   (Y': 13.2479   Cb: 15.6437   Cr: 16.5935 )
00000376: 14.9493   (Y': 13.2562   Cb: 15.6553   Cr: 16.6676 )
00000374: 15.0434   (Y': 13.4072   Cb: 15.6781   Cr: 16.7282 )
00000375: 15.0423   (Y': 13.3796   Cb: 15.7239   Cr: 16.7249 )
00000378: 14.7978   (Y': 13.1807   Cb: 15.377    Cr: 16.5127 )
00000377: 14.8561   (Y': 13.1878   Cb: 15.5351   Cr: 16.5541 )
00000380: 14.7758   (Y': 13.1124   Cb: 15.3658   Cr: 16.5781 )
00000379: 14.7954   (Y': 13.2575   Cb: 15.3236   Cr: 16.4094 )
00000381: 14.7718   (Y': 13.0743   Cb: 15.342    Cr: 16.6775 )
00000383: 14.8165   (Y': 13.1401   Cb: 15.4758   Cr: 16.5574 )
00000382: 14.8187   (Y': 13.0968   Cb: 15.4585   Cr: 16.6869 )
00000384: 14.6928   (Y': 13.0472   Cb: 15.252    Cr: 16.4964 )
00000385: 14.6794   (Y': 13.1079   Cb: 15.2117   Cr: 16.3583 )
00000386: 14.6308   (Y': 12.9833   Cb: 15.2198   Cr: 16.3996 )
00000388: 14.6732   (Y': 13.0295   Cb: 15.3402   Cr: 16.3335 )
00000387: 14.689    (Y': 13.1081   Cb: 15.2144   Cr: 16.3969 )
00000389: 14.7188   (Y': 13.0291   Cb: 15.4578   Cr: 16.388  )
00000390: 14.7762   (Y': 13.0439   Cb: 15.5802   Cr: 16.4585 )
00000391: 14.7898   (Y': 13.0251   Cb: 15.7026   Cr: 16.4123 )
00000392: 14.7057   (Y': 12.9762   Cb: 15.6046   Cr: 16.2686 )
00000393: 14.666    (Y': 12.8545   Cb: 15.7193   Cr: 16.2287 )
00000395: 14.4504   (Y': 12.6189   Cb: 15.6121   Cr: 15.9372 )
00000394: 14.5147   (Y': 12.6941   Cb: 15.6116   Cr: 16.0487 )
00000396: 14.5046   (Y': 12.8361   Cb: 15.6058   Cr: 15.722  )
00000397: 14.4132   (Y': 12.8333   Cb: 15.4305   Cr: 15.5477 )
00000398: 14.1702   (Y': 12.5758   Cb: 15.2638   Cr: 15.2546 )
00000399: 13.7971   (Y': 11.9293   Cb: 15.1245   Cr: 15.1878 )
00000401: 13.691    (Y': 11.6686   Cb: 15.273    Cr: 15.1646 )
00000400: 13.6638   (Y': 11.6954   Cb: 15.1753   Cr: 15.0874 )
00000402: 13.7501   (Y': 11.7462   Cb: 15.2215   Cr: 15.2923 )
00000403: 14.0631   (Y': 12.5063   Cb: 15.0821   Cr: 15.1532 )
00000404: 13.9268   (Y': 12.5079   Cb: 14.7312   Cr: 14.9911 )
00000405: 14.0975   (Y': 12.7313   Cb: 14.7967   Cr: 15.182  )
00000406: 14.2795   (Y': 12.9215   Cb: 14.939    Cr: 15.3935 )
00000408: 14.202    (Y': 12.6451   Cb: 15.0686   Cr: 15.4529 )
00000407: 14.2842   (Y': 12.8813   Cb: 15.0824   Cr: 15.3266 )
00000409: 14.2316   (Y': 12.5569   Cb: 15.256    Cr: 15.5416 )
00000410: 14.1579   (Y': 12.4743   Cb: 15.1571   Cr: 15.5129 )
00000411: 14.1683   (Y': 12.5482   Cb: 15.0609   Cr: 15.5136 )
00000412: 14.1405   (Y': 12.6521   Cb: 14.9362   Cr: 15.3402 )
00000413: 14.0912   (Y': 12.643    Cb: 14.8456   Cr: 15.2619 )
00000414: 14.1634   (Y': 12.8221   Cb: 14.8035   Cr: 15.2695 )
00000415: 14.0803   (Y': 12.6776   Cb: 14.7556   Cr: 15.2564 )
00000416: 13.8889   (Y': 12.4314   Cb: 14.6669   Cr: 15.0509 )
00000417: 13.832    (Y': 12.4724   Cb: 14.5154   Cr: 14.9222 )
00000418: 13.7587   (Y': 12.3458   Cb: 14.4197   Cr: 14.9696 )
00000419: 13.7793   (Y': 12.2826   Cb: 14.5053   Cr: 15.0727 )
00000420: 13.8835   (Y': 12.27     Cb: 14.6749   Cr: 15.3306 )
00000421: 13.9156   (Y': 12.2962   Cb: 14.6855   Cr: 15.3999 )
00000422: 13.8068   (Y': 12.1437   Cb: 14.6205   Cr: 15.3293 )
00000424: 13.9618   (Y': 12.3583   Cb: 14.6125   Cr: 15.5572 )
00000423: 13.7913   (Y': 12.0886   Cb: 14.6788   Cr: 15.3106 )
00000425: 14.0637   (Y': 12.4393   Cb: 14.7072   Cr: 15.7122 )
00000427: 13.986    (Y': 12.3756   Cb: 14.5014   Cr: 15.7708 )
00000426: 14.0395   (Y': 12.4312   Cb: 14.5878   Cr: 15.7761 )
00000428: 14.0043   (Y': 12.4006   Cb: 14.4585   Cr: 15.8576 )
00000429: 13.9115   (Y': 12.3478   Cb: 14.3452   Cr: 15.7052 )
00000431: 14.0994   (Y': 12.5693   Cb: 14.5541   Cr: 15.7934 )
00000430: 14.073    (Y': 12.5631   Cb: 14.4863   Cr: 15.7801 )
00000432: 13.9971   (Y': 12.3346   Cb: 14.663    Cr: 15.6989 )
00000433: 13.9308   (Y': 12.2147   Cb: 14.6407   Cr: 15.6945 )
00000434: 14.0138   (Y': 12.2641   Cb: 14.7294   Cr: 15.8461 )
00000435: 13.9984   (Y': 12.3037   Cb: 14.6846   Cr: 15.7452 )
00000436: 13.8938   (Y': 12.2901   Cb: 14.4836   Cr: 15.5664 )
00000437: 13.8853   (Y': 12.3284   Cb: 14.4801   Cr: 15.4542 )
00000438: 13.7793   (Y': 12.3311   Cb: 14.3087   Cr: 15.2124 )
00000439: 13.7474   (Y': 12.3518   Cb: 14.2408   Cr: 15.1238 )
00000440: 13.7408   (Y': 12.3896   Cb: 14.1963   Cr: 15.0801 )
00000441: 13.9479   (Y': 12.6631   Cb: 14.4467   Cr: 15.1156 )
00000443: 13.9779   (Y': 12.6481   Cb: 14.7389   Cr: 14.9334 )
00000442: 13.9909   (Y': 12.7287   Cb: 14.6535   Cr: 14.937  )
00000444: 13.836    (Y': 12.3949   Cb: 14.5612   Cr: 15.0261 )
00000445: 13.9357   (Y': 12.4583   Cb: 14.6389   Cr: 15.2184 )
00000446: 14.1253   (Y': 12.8178   Cb: 14.7036   Cr: 15.2413 )
00000447: 14.0784   (Y': 12.8531   Cb: 14.5495   Cr: 15.1752 )
00000448: 14.1936   (Y': 13.3923   Cb: 14.3214   Cr: 15.0217 )
00000450: 14.2966   (Y': 13.7346   Cb: 14.0482   Cr: 15.2494 )
00000451: 14.1661   (Y': 13.5178   Cb: 13.9607   Cr: 15.1868 )
00000449: 14.1163   (Y': 13.1154   Cb: 14.2437   Cr: 15.2532 )
00000452: 14.3157   (Y': 13.4422   Cb: 14.0434   Cr: 15.7878 )
00000453: 14.3363   (Y': 13.3667   Cb: 14.1405   Cr: 15.8622 )
00000454: 14.1417   (Y': 13.0012   Cb: 14.0851   Cr: 15.7748 )
00000455: 14.1168   (Y': 12.8295   Cb: 14.2003   Cr: 15.8301 )
00000456: 14.2248   (Y': 12.9656   Cb: 14.2917   Cr: 15.9064 )
00000457: 14.3686   (Y': 13.1988   Cb: 14.3172   Cr: 16.0501 )
00000458: 14.4793   (Y': 13.3991   Cb: 14.4127   Cr: 16.0147 )
00000459: 14.5404   (Y': 13.3983   Cb: 14.4969   Cr: 16.1573 )
00000460: 14.4754   (Y': 13.3473   Cb: 14.4322   Cr: 16.0657 )
00000461: 14.4333   (Y': 13.2586   Cb: 14.4794   Cr: 15.9826 )
00000462: 14.4676   (Y': 13.2891   Cb: 14.4679   Cr: 16.0895 )
00000463: 14.3875   (Y': 13.1043   Cb: 14.4557   Cr: 16.1148 )
00000464: 14.2792   (Y': 12.9382   Cb: 14.3922   Cr: 16.058  )
00000466: 14.0247   (Y': 12.3623   Cb: 14.4499   Cr: 16.0527 )
00000467: 14.0264   (Y': 12.3428   Cb: 14.4942   Cr: 16.0428 )
00000465: 14.1541   (Y': 12.6868   Cb: 14.3877   Cr: 16.0224 )
00000469: 14.6241   (Y': 13.363    Cb: 14.7342   Cr: 16.2479 )
00000468: 14.5399   (Y': 13.4417   Cb: 14.5424   Cr: 16.0099 )
00000470: 14.6678   (Y': 13.2655   Cb: 14.8834   Cr: 16.4242 )
00000471: 14.7049   (Y': 13.3661   Cb: 14.921    Cr: 16.3325 )
00000472: 14.6447   (Y': 13.1556   Cb: 14.9569   Cr: 16.4467 )
00000473: 14.4579   (Y': 12.642    Cb: 15.1091   Cr: 16.5332 )
00000474: 14.3      (Y': 12.4845   Cb: 14.9042   Cr: 16.4402 )
00000475: 14.2173   (Y': 12.4375   Cb: 14.7676   Cr: 16.3467 )
00000476: 14.6237   (Y': 13.0921   Cb: 14.8818   Cr: 16.5969 )
00000477: 14.6176   (Y': 13.0754   Cb: 14.9302   Cr: 16.5349 )
00000479: 14.5326   (Y': 12.9711   Cb: 14.8249   Cr: 16.5227 )
00000478: 14.5494   (Y': 12.955    Cb: 14.892    Cr: 16.5401 )
00000480: 14.6411   (Y': 13.1626   Cb: 14.8623   Cr: 16.5516 )
00000481: 14.686    (Y': 13.1662   Cb: 14.9238   Cr: 16.663  )
00000482: 14.5496   (Y': 13.0634   Cb: 14.7044   Cr: 16.5772 )
00000485: 14.4691   (Y': 12.9356   Cb: 14.6853   Cr: 16.5098 )
00000483: 14.534    (Y': 12.9395   Cb: 14.7883   Cr: 16.6576 )
00000484: 14.441    (Y': 12.9145   Cb: 14.6435   Cr: 16.4866 )
00000487: 14.4589   (Y': 12.7909   Cb: 14.788    Cr: 16.6433 )
00000486: 14.5266   (Y': 12.8994   Cb: 14.8287   Cr: 16.6544 )
00000488: 14.4536   (Y': 12.9082   Cb: 14.6441   Cr: 16.5614 )
00000490: 14.3406   (Y': 12.765    Cb: 14.5602   Cr: 16.4732 )
00000489: 14.4116   (Y': 12.9026   Cb: 14.5377   Cr: 16.536  )
00000491: 14.3296   (Y': 12.838    Cb: 14.5108   Cr: 16.329  )
00000492: 14.2225   (Y': 12.6795   Cb: 14.477    Cr: 16.2269 )
00000493: 14.2355   (Y': 12.7149   Cb: 14.5217   Cr: 16.1431 )
00000495: 14.2964   (Y': 12.8373   Cb: 14.5086   Cr: 16.1782 )
00000494: 14.2794   (Y': 12.7228   Cb: 14.5743   Cr: 16.2545 )
00000496: 14.3384   (Y': 12.8505   Cb: 14.6101   Cr: 16.1959 )
00000497: 14.3134   (Y': 12.8362   Cb: 14.5702   Cr: 16.1689 )
00000498: 14.2071   (Y': 12.7559   Cb: 14.4307   Cr: 16.0551 )
00000499: 14.0742   (Y': 12.6735   Cb: 14.2562   Cr: 15.8757 )
00000500: 14.1074   (Y': 12.7452   Cb: 14.3594   Cr: 15.7319 )
00000501: 14.1277   (Y': 12.7755   Cb: 14.3378   Cr: 15.79   )
00000503: 14.1296   (Y': 12.7056   Cb: 14.5181   Cr: 15.694  )
00000502: 14.1313   (Y': 12.6573   Cb: 14.4711   Cr: 15.863  )
00000505: 14.2007   (Y': 12.7056   Cb: 14.6372   Cr: 15.8457 )
00000504: 14.1984   (Y': 12.7489   Cb: 14.6181   Cr: 15.7728 )
00000506: 15.3938   (Y': 13.4698   Cb: 16.1785   Cr: 17.5556 )
00000507: 14.722    (Y': 12.9688   Cb: 15.2955   Cr: 16.7536 )
00000508: 15.294    (Y': 13.6049   Cb: 15.9546   Cr: 17.061  )
00000509: 15.0631   (Y': 13.6735   Cb: 15.5678   Cr: 16.4141 )
00000512: 14.0735   (Y': 12.7716   Cb: 14.3514   Cr: 15.5461 )
00000510: 14.3015   (Y': 13.1729   Cb: 14.6204   Cr: 15.4139 )
00000511: 13.9313   (Y': 12.6523   Cb: 14.1974   Cr: 15.3762 )
00000513: 14.1599   (Y': 12.7318   Cb: 14.5609   Cr: 15.7159 )
00000514: 14.354    (Y': 12.9929   Cb: 14.6902   Cr: 15.8633 )
00000515: 14.1651   (Y': 12.7436   Cb: 14.4493   Cr: 15.8649 )
00000516: 14.3719   (Y': 12.826    Cb: 14.6885   Cr: 16.2914 )
00000517: 14.4041   (Y': 12.8176   Cb: 14.815    Cr: 16.2795 )
00000518: 14.4431   (Y': 12.9437   Cb: 14.7462   Cr: 16.2803 )
00000520: 14.4074   (Y': 12.8659   Cb: 14.7736   Cr: 16.2466 )
00000519: 14.3318   (Y': 12.7353   Cb: 14.7074   Cr: 16.2798 )
00000521: 14.5295   (Y': 12.9704   Cb: 14.7687   Cr: 16.5937 )
00000522: 14.527    (Y': 12.8624   Cb: 14.8871   Cr: 16.6559 )
00000525: 14.6207   (Y': 12.8966   Cb: 14.9886   Cr: 16.8836 )
00000523: 14.5282   (Y': 12.8624   Cb: 14.8415   Cr: 16.7315 )
00000524: 14.6027   (Y': 12.8572   Cb: 15.0187   Cr: 16.8455 )
00000526: 14.7404   (Y': 12.9624   Cb: 15.1513   Cr: 17.0737 )
00000527: 14.7513   (Y': 12.9949   Cb: 15.1543   Cr: 17.0417 )
00000528: 14.8322   (Y': 12.9818   Cb: 15.3706   Cr: 17.1579 )
00000529: 14.9067   (Y': 13.0393   Cb: 15.4935   Cr: 17.2044 )
00000530: 14.8699   (Y': 12.9989   Cb: 15.405    Cr: 17.2552 )
00000531: 14.823    (Y': 12.9398   Cb: 15.3981   Cr: 17.1796 )
00000532: 14.736    (Y': 12.8362   Cb: 15.231    Cr: 17.262  )
00000533: 14.7125   (Y': 12.8093   Cb: 15.2595   Cr: 17.1664 )
00000535: 14.7658   (Y': 12.8461   Cb: 15.4435   Cr: 17.0675 )
00000536: 14.9511   (Y': 13.0338   Cb: 15.7338   Cr: 17.0984 )
00000534: 14.7571   (Y': 12.8415   Cb: 15.4137   Cr: 17.0786 )
00000537: 14.9759   (Y': 13.064    Cb: 15.846    Cr: 16.9929 )
00000538: 15.0122   (Y': 13.0385   Cb: 15.8955   Cr: 17.1682 )
00000540: 14.9475   (Y': 12.937    Cb: 15.9707   Cr: 17.0155 )
00000539: 15.0061   (Y': 13.0183   Cb: 15.9624   Cr: 17.1021 )
00000541: 14.9022   (Y': 12.9348   Cb: 15.8811   Cr: 16.9173 )
00000543: 15.0913   (Y': 13.0789   Cb: 16.0248   Cr: 17.2811 )
00000542: 14.9688   (Y': 12.9643   Cb: 15.942    Cr: 17.0855 )
00000544: 15.0622   (Y': 13.0044   Cb: 16.064    Cr: 17.2814 )
00000545: 15.116    (Y': 13.0482   Cb: 16.1859   Cr: 17.2733 )
00000546: 15.141    (Y': 13.0792   Cb: 16.1179   Cr: 17.4047 )
00000547: 15.0853   (Y': 13.0873   Cb: 15.9362   Cr: 17.3489 )
00000548: 15.1423   (Y': 13.0648   Cb: 16.0629   Cr: 17.526  )
00000549: 15.0048   (Y': 12.9707   Cb: 15.8268   Cr: 17.408  )
00000551: 14.9708   (Y': 12.938    Cb: 15.8192   Cr: 17.3325 )
00000553: 14.9506   (Y': 12.8732   Cb: 15.8494   Cr: 17.3649 )
00000550: 15.0224   (Y': 12.9855   Cb: 15.8559   Cr: 17.4168 )
00000554: 14.9      (Y': 12.7382   Cb: 15.8188   Cr: 17.5311 )
00000552: 15.0091   (Y': 12.921    Cb: 15.9698   Cr: 17.3667 )
00000555: 14.9207   (Y': 12.7706   Cb: 15.8335   Cr: 17.5256 )
00000556: 14.931    (Y': 12.8114   Cb: 15.8416   Cr: 17.4489 )
00000557: 14.9143   (Y': 12.8306   Cb: 15.8046   Cr: 17.3586 )
00000558: 14.8834   (Y': 12.7636   Cb: 15.7784   Cr: 17.4249 )
00000559: 14.8147   (Y': 12.7268   Cb: 15.6589   Cr: 17.3379 )
00000560: 14.8449   (Y': 12.7937   Cb: 15.6086   Cr: 17.3821 )
00000561: 14.8868   (Y': 12.8086   Cb: 15.6664   Cr: 17.4782 )
00000562: 14.9305   (Y': 12.8288   Cb: 15.7108   Cr: 17.5906 )
00000563: 14.9429   (Y': 12.8278   Cb: 15.7567   Cr: 17.5915 )
00000564: 14.8859   (Y': 12.8019   Cb: 15.6672   Cr: 17.4917 )
00000565: 14.8253   (Y': 12.761    Cb: 15.537    Cr: 17.48   )
00000566: 14.6379   (Y': 12.7247   Cb: 15.2001   Cr: 17.0951 )
00000567: 14.6205   (Y': 12.7159   Cb: 15.1653   Cr: 17.0816 )
00000568: 14.5229   (Y': 12.6018   Cb: 15.0171   Cr: 17.1099 )
00000569: 14.4536   (Y': 12.5434   Cb: 14.9545   Cr: 16.9992 )
00000570: 14.5229   (Y': 12.6282   Cb: 14.9577   Cr: 17.1324 )
00000571: 14.5411   (Y': 12.6229   Cb: 14.9951   Cr: 17.1855 )
00000572: 14.6056   (Y': 12.5977   Cb: 15.1259   Cr: 17.4028 )
00000573: 14.5862   (Y': 12.5784   Cb: 15.1209   Cr: 17.359  )
00000574: 14.7372   (Y': 12.7061   Cb: 15.3028   Cr: 17.5285 )
00000575: 14.8644   (Y': 12.7814   Cb: 15.5256   Cr: 17.6565 )
00000576: 14.9117   (Y': 12.7441   Cb: 15.7213   Cr: 17.7279 )
00000577: 14.7564   (Y': 12.6236   Cb: 15.4686   Cr: 17.62   )
00000578: 14.63     (Y': 12.4965   Cb: 15.3712   Cr: 17.4488 )
00000579: 14.6151   (Y': 12.4568   Cb: 15.3756   Cr: 17.4811 )
00000580: 14.657    (Y': 12.4396   Cb: 15.5643   Cr: 17.478  )
00000581: 14.5614   (Y': 12.329    Cb: 15.5209   Cr: 17.3495 )
00000582: 14.5747   (Y': 12.3883   Cb: 15.5378   Cr: 17.2149 )
00000583: 14.5713   (Y': 12.3413   Cb: 15.6109   Cr: 17.2332 )
00000586: 14.6587   (Y': 12.388    Cb: 15.778    Cr: 17.3316 )
00000585: 14.697    (Y': 12.4442   Cb: 15.7723   Cr: 17.3778 )
00000584: 14.7231   (Y': 12.4361   Cb: 15.8468   Cr: 17.441  )
00000588: 14.6083   (Y': 12.267    Cb: 15.7958   Cr: 17.4084 )
00000587: 14.6665   (Y': 12.3181   Cb: 15.8594   Cr: 17.4825 )
00000589: 14.615    (Y': 12.3137   Cb: 15.719    Cr: 17.4075 )
00000590: 14.7146   (Y': 12.4229   Cb: 15.857    Cr: 17.4204 )
00000591: 14.7514   (Y': 12.4292   Cb: 15.9281   Cr: 17.5055 )
00000592: 14.5481   (Y': 12.2195   Cb: 15.7619   Cr: 17.2695 )
00000593: 14.6078   (Y': 12.2962   Cb: 15.7748   Cr: 17.3416 )
Total: 13.6123   (Y': 11.9451   Cb: 14.1287   Cr: 15.5225 )
