00000001: 16.1023   (Y': 14.8165   Cb: 16.2312   Cr: 17.7472 )
00000000: 16.1239   (Y': 14.8648   Cb: 16.2373   Cr: 17.7387 )
00000003: 15.9801   (Y': 14.6801   Cb: 16.1167   Cr: 17.6423 )
00000002: 16.0009   (Y': 14.7038   Cb: 16.1637   Cr: 17.6204 )
00000005: 16.0206   (Y': 14.6303   Cb: 16.2245   Cr: 17.769  )
00000006: 16.0711   (Y': 14.6667   Cb: 16.2776   Cr: 17.8449 )
00000004: 16.0598   (Y': 14.7244   Cb: 16.2205   Cr: 17.7584 )
00000007: 16.1156   (Y': 14.6359   Cb: 16.3656   Cr: 17.9867 )
00000008: 16.0746   (Y': 14.596    Cb: 16.3008   Cr: 17.978  )
00000009: 16.1477   (Y': 14.6185   Cb: 16.3858   Cr: 18.1456 )
00000010: 16.2176   (Y': 14.6943   Cb: 16.4542   Cr: 18.2043 )
00000011: 16.2234   (Y': 14.6571   Cb: 16.4704   Cr: 18.2924 )
00000012: 16.1988   (Y': 14.6563   Cb: 16.4058   Cr: 18.2744 )
00000013: 16.2374   (Y': 14.7317   Cb: 16.4302   Cr: 18.2509 )
00000014: 16.2572   (Y': 14.7537   Cb: 16.4652   Cr: 18.2424 )
00000015: 16.2972   (Y': 14.7655   Cb: 16.5426   Cr: 18.2898 )
00000016: 16.3388   (Y': 14.8548   Cb: 16.5828   Cr: 18.228  )
00000017: 16.1736   (Y': 14.7852   Cb: 16.303    Cr: 18.0268 )
00000018: 16.1355   (Y': 14.7429   Cb: 16.2689   Cr: 17.9917 )
00000019: 16.0996   (Y': 14.6907   Cb: 16.2273   Cr: 17.9989 )
00000021: 16.0851   (Y': 14.6425   Cb: 16.3017   Cr: 17.925  )
00000020: 16.1094   (Y': 14.7107   Cb: 16.2392   Cr: 17.9838 )
00000022: 16.0441   (Y': 14.6303   Cb: 16.2359   Cr: 17.859  )
00000023: 16.0064   (Y': 14.6519   Cb: 16.1541   Cr: 17.7621 )
00000024: 15.9078   (Y': 14.5715   Cb: 16.0751   Cr: 17.5987 )
00000025: 15.8467   (Y': 14.498    Cb: 16.0041   Cr: 17.5769 )
00000026: 15.8637   (Y': 14.501    Cb: 16.0178   Cr: 17.6271 )
00000027: 15.8095   (Y': 14.3979   Cb: 16.0486   Cr: 17.5518 )
00000028: 15.7952   (Y': 14.3894   Cb: 16.0366   Cr: 17.5228 )
00000029: 15.8159   (Y': 14.407    Cb: 16.0496   Cr: 17.5607 )
00000030: 15.8019   (Y': 14.3881   Cb: 16.0357   Cr: 17.5563 )
00000031: 15.8254   (Y': 14.4029   Cb: 16.0465   Cr: 17.6165 )
00000032: 15.8661   (Y': 14.4744   Cb: 16.0737   Cr: 17.6121 )
00000033: 15.8949   (Y': 14.5204   Cb: 16.1043   Cr: 17.6035 )
00000034: 15.928    (Y': 14.5507   Cb: 16.1235   Cr: 17.662  )
00000035: 15.8864   (Y': 14.4663   Cb: 16.1067   Cr: 17.6735 )
00000036: 15.8528   (Y': 14.4075   Cb: 16.078    Cr: 17.6861 )
00000037: 15.8434   (Y': 14.4231   Cb: 16.0285   Cr: 17.6817 )
00000038: 15.8377   (Y': 14.3843   Cb: 16.0374   Cr: 17.7253 )
00000039: 15.8746   (Y': 14.4502   Cb: 16.0429   Cr: 17.7464 )
00000040: 15.8772   (Y': 14.4352   Cb: 16.052    Cr: 17.7772 )
00000041: 15.9159   (Y': 14.469    Cb: 16.1451   Cr: 17.7467 )
00000042: 15.8547   (Y': 14.3969   Cb: 16.1008   Cr: 17.6844 )
00000043: 15.8603   (Y': 14.4424   Cb: 16.0808   Cr: 17.6425 )
00000044: 15.8899   (Y': 14.4673   Cb: 16.0752   Cr: 17.733  )
00000045: 15.8611   (Y': 14.4677   Cb: 16.0529   Cr: 17.6333 )
00000046: 15.8746   (Y': 14.4623   Cb: 16.0756   Cr: 17.6731 )
00000047: 15.809    (Y': 14.3909   Cb: 16.0026   Cr: 17.6302 )
00000048: 15.8476   (Y': 14.465    Cb: 16.0233   Cr: 17.6209 )
00000050: 15.8152   (Y': 14.3681   Cb: 16.0667   Cr: 17.6142 )
00000049: 15.8224   (Y': 14.4055   Cb: 16.0542   Cr: 17.586  )
00000051: 15.7176   (Y': 14.2654   Cb: 15.9905   Cr: 17.4969 )
00000052: 15.6836   (Y': 14.2692   Cb: 15.9175   Cr: 17.4393 )
00000053: 15.5939   (Y': 14.2066   Cb: 15.8064   Cr: 17.3243 )
00000054: 15.5829   (Y': 14.2102   Cb: 15.769    Cr: 17.3208 )
00000055: 15.6516   (Y': 14.269    Cb: 15.8511   Cr: 17.3905 )
00000056: 15.6142   (Y': 14.2231   Cb: 15.8038   Cr: 17.3848 )
00000057: 15.6871   (Y': 14.3051   Cb: 15.8464   Cr: 17.483  )
00000058: 15.6587   (Y': 14.2796   Cb: 15.8295   Cr: 17.4318 )
00000059: 15.6439   (Y': 14.2554   Cb: 15.8004   Cr: 17.4574 )
00000060: 15.6899   (Y': 14.3208   Cb: 15.8467   Cr: 17.4629 )
00000061: 15.7395   (Y': 14.2721   Cb: 15.9488   Cr: 17.6434 )
00000062: 15.7467   (Y': 14.322    Cb: 15.8945   Cr: 17.65   )
00000063: 15.8055   (Y': 14.3544   Cb: 15.997    Cr: 17.7002 )
00000064: 15.8425   (Y': 14.4247   Cb: 16.0229   Cr: 17.6824 )
00000065: 16.0962   (Y': 14.66     Cb: 16.3032   Cr: 17.9365 )
00000066: 16.194    (Y': 14.7575   Cb: 16.3752   Cr: 18.0726 )
00000067: 16.4324   (Y': 14.8296   Cb: 16.703    Cr: 18.5507 )
00000068: 16.436    (Y': 14.8273   Cb: 16.6938   Cr: 18.5877 )
00000069: 16.5058   (Y': 14.9341   Cb: 16.7747   Cr: 18.554  )
00000070: 16.4824   (Y': 14.9399   Cb: 16.6943   Cr: 18.5503 )
00000071: 16.4699   (Y': 14.9126   Cb: 16.6897   Cr: 18.5598 )
00000072: 16.4581   (Y': 14.9291   Cb: 16.6471   Cr: 18.5299 )
00000073: 16.4552   (Y': 14.9713   Cb: 16.6296   Cr: 18.4475 )
00000074: 16.5128   (Y': 14.9896   Cb: 16.6921   Cr: 18.5864 )
00000075: 16.5901   (Y': 15.0716   Cb: 16.8077   Cr: 18.5944 )
00000076: 16.6205   (Y': 15.1397   Cb: 16.8342   Cr: 18.5472 )
00000077: 16.5913   (Y': 15.1406   Cb: 16.7684   Cr: 18.5064 )
00000078: 16.5584   (Y': 15.1322   Cb: 16.715    Cr: 18.4518 )
00000079: 16.5968   (Y': 15.1977   Cb: 16.7424   Cr: 18.4484 )
00000080: 16.612    (Y': 15.2478   Cb: 16.7371   Cr: 18.4207 )
00000081: 16.665    (Y': 15.2812   Cb: 16.8195   Cr: 18.4715 )
00000082: 16.6586   (Y': 15.3256   Cb: 16.766    Cr: 18.4293 )
00000083: 16.7775   (Y': 15.4927   Cb: 16.8985   Cr: 18.4319 )
00000084: 16.8964   (Y': 15.6079   Cb: 17.0559   Cr: 18.5036 )
00000085: 16.7832   (Y': 15.5508   Cb: 16.871    Cr: 18.383  )
00000086: 16.7415   (Y': 15.5087   Cb: 16.8525   Cr: 18.3095 )
00000087: 17.9423   (Y': 16.4295   Cb: 18.6319   Cr: 19.3082 )
00000088: 17.5888   (Y': 16.1892   Cb: 18.0887   Cr: 18.9647 )
00000089: 17.6873   (Y': 16.1162   Cb: 18.4635   Cr: 19.067  )
00000090: 17.5481   (Y': 16.0235   Cb: 18.2918   Cr: 18.8742 )
00000091: 16.8803   (Y': 15.776    Cb: 17.2099   Cr: 17.9396 )
00000092: 16.6654   (Y': 15.5762   Cb: 16.9544   Cr: 17.7483 )
00000093: 16.4014   (Y': 15.5653   Cb: 16.5109   Cr: 17.3028 )
00000094: 16.0259   (Y': 15.2351   Cb: 16.0186   Cr: 17.0027 )
00000095: 15.9963   (Y': 15.0852   Cb: 16.0032   Cr: 17.1418 )
00000096: 15.9414   (Y': 14.9357   Cb: 16.0203   Cr: 17.1478 )
00000098: 16.1294   (Y': 15.0288   Cb: 16.2655   Cr: 17.4228 )
00000097: 16.0964   (Y': 15.0156   Cb: 16.2282   Cr: 17.3614 )
00000099: 16.1333   (Y': 14.9726   Cb: 16.3337   Cr: 17.4485 )
00000100: 16.2029   (Y': 15.0841   Cb: 16.3906   Cr: 17.4614 )
00000101: 16.1769   (Y': 15.0777   Cb: 16.3448   Cr: 17.4269 )
00000102: 16.1782   (Y': 15.0653   Cb: 16.3942   Cr: 17.3903 )
00000103: 16.1442   (Y': 14.9902   Cb: 16.4027   Cr: 17.374  )
00000104: 16.0404   (Y': 14.9011   Cb: 16.2718   Cr: 17.2787 )
00000105: 16.0514   (Y': 14.9772   Cb: 16.253    Cr: 17.2162 )
00000106: 16.0568   (Y': 14.9922   Cb: 16.2899   Cr: 17.1665 )
00000107: 16.0394   (Y': 15.0213   Cb: 16.2782   Cr: 17.0667 )
00000108: 15.9633   (Y': 14.934    Cb: 16.2103   Cr: 16.999  )
00000109: 15.8076   (Y': 14.8398   Cb: 15.8522   Cr: 16.9961 )
00000110: 15.8251   (Y': 14.8602   Cb: 15.8666   Cr: 17.0129 )
00000111: 15.8363   (Y': 14.9144   Cb: 15.8395   Cr: 17.0039 )
00000112: 15.819    (Y': 14.8882   Cb: 15.8258   Cr: 16.9964 )
00000113: 15.8198   (Y': 14.9071   Cb: 15.7828   Cr: 17.0255 )
00000114: 15.8574   (Y': 14.9485   Cb: 15.8188   Cr: 17.0592 )
00000115: 15.9274   (Y': 14.9989   Cb: 15.9073   Cr: 17.1366 )
00000116: 15.927    (Y': 14.9514   Cb: 15.9345   Cr: 17.1774 )
00000117: 15.9145   (Y': 15.0098   Cb: 15.9255   Cr: 17.0443 )
00000118: 15.9441   (Y': 14.9975   Cb: 16.006    Cr: 17.0757 )
00000119: 15.7138   (Y': 14.7318   Cb: 15.7942   Cr: 16.8796 )
00000120: 15.5612   (Y': 14.6083   Cb: 15.6569   Cr: 16.6601 )
00000121: 15.7547   (Y': 14.7141   Cb: 15.8203   Cr: 17.0377 )
00000122: 15.7791   (Y': 14.7142   Cb: 15.792    Cr: 17.1755 )
00000123: 15.7116   (Y': 14.628    Cb: 15.6694   Cr: 17.2183 )
00000124: 15.693    (Y': 14.6286   Cb: 15.6806   Cr: 17.1232 )
00000125: 15.7343   (Y': 14.6998   Cb: 15.7135   Cr: 17.1237 )
00000126: 15.7321   (Y': 14.7315   Cb: 15.6823   Cr: 17.1028 )
00000127: 15.655    (Y': 14.7055   Cb: 15.5735   Cr: 16.9822 )
00000128: 15.6058   (Y': 14.6554   Cb: 15.5366   Cr: 16.9174 )
00000129: 15.7286   (Y': 14.7565   Cb: 15.6986   Cr: 17.0233 )
00000130: 15.7897   (Y': 14.8197   Cb: 15.7353   Cr: 17.1142 )
00000131: 15.8955   (Y': 14.8505   Cb: 15.8718   Cr: 17.307  )
00000132: 15.9744   (Y': 14.8756   Cb: 15.9661   Cr: 17.4608 )
00000133: 15.8741   (Y': 14.8381   Cb: 15.852    Cr: 17.2677 )
00000134: 15.8341   (Y': 14.763    Cb: 15.7933   Cr: 17.3161 )
00000135: 15.9478   (Y': 14.8631   Cb: 15.9418   Cr: 17.4053 )
00000136: 16.0401   (Y': 14.9909   Cb: 16.0036   Cr: 17.4769 )
00000137: 16.0063   (Y': 14.918    Cb: 16.0164   Cr: 17.4477 )
00000138: 15.9826   (Y': 14.85     Cb: 16.0202   Cr: 17.466  )
00000139: 15.9135   (Y': 14.7995   Cb: 15.9114   Cr: 17.4184 )
00000140: 15.913    (Y': 14.7752   Cb: 15.9344   Cr: 17.4288 )
00000141: 15.962    (Y': 14.8164   Cb: 15.9231   Cr: 17.5789 )
00000142: 16.0878   (Y': 14.899    Cb: 16.0526   Cr: 17.7817 )
00000143: 16.1354   (Y': 15.0278   Cb: 15.9965   Cr: 17.8294 )
00000144: 16.1324   (Y': 15.0114   Cb: 16.0096   Cr: 17.8277 )
00000145: 16.1939   (Y': 15.0951   Cb: 16.0534   Cr: 17.8739 )
00000146: 16.2027   (Y': 15.1298   Cb: 16.0589   Cr: 17.8391 )
00000147: 16.1758   (Y': 15.1262   Cb: 16.0579   Cr: 17.7305 )
00000148: 16.1836   (Y': 15.1274   Cb: 16.0858   Cr: 17.7211 )
00000149: 16.1972   (Y': 15.1268   Cb: 16.1076   Cr: 17.7483 )
00000150: 16.1933   (Y': 15.0764   Cb: 16.1544   Cr: 17.7564 )
00000151: 16.1893   (Y': 15.0288   Cb: 16.1547   Cr: 17.8284 )
00000152: 16.1966   (Y': 15.0063   Cb: 16.1936   Cr: 17.8462 )
00000153: 16.158    (Y': 14.9688   Cb: 16.182    Cr: 17.7659 )
00000154: 16.2383   (Y': 15.0569   Cb: 16.2464   Cr: 17.8547 )
00000155: 16.2693   (Y': 15.023    Cb: 16.2918   Cr: 17.9904 )
00000156: 16.2158   (Y': 14.9583   Cb: 16.2085   Cr: 18.0037 )
00000157: 16.1198   (Y': 14.8383   Cb: 16.1038   Cr: 17.9702 )
00000158: 16.1255   (Y': 14.8826   Cb: 16.0461   Cr: 17.9948 )
00000159: 15.9484   (Y': 14.7595   Cb: 15.8664   Cr: 17.7134 )
00000160: 15.716    (Y': 14.5497   Cb: 15.6271   Cr: 17.4473 )
00000161: 15.5727   (Y': 14.4091   Cb: 15.4835   Cr: 17.299  )
00000162: 15.55     (Y': 14.4295   Cb: 15.441    Cr: 17.2233 )
00000163: 15.4768   (Y': 14.2972   Cb: 15.448    Cr: 17.1438 )
00000164: 15.4624   (Y': 14.2241   Cb: 15.4875   Cr: 17.164  )
00000165: 15.4079   (Y': 14.1358   Cb: 15.4203   Cr: 17.1956 )
00000166: 15.4094   (Y': 14.12     Cb: 15.4221   Cr: 17.232  )
00000167: 15.3642   (Y': 14.0288   Cb: 15.4013   Cr: 17.2451 )
00000168: 15.2983   (Y': 13.9362   Cb: 15.356    Cr: 17.204  )
00000169: 15.2993   (Y': 13.9866   Cb: 15.339    Cr: 17.1293 )
00000170: 15.3009   (Y': 13.9227   Cb: 15.3835   Cr: 17.2025 )
00000171: 15.2727   (Y': 13.9313   Cb: 15.3385   Cr: 17.1226 )
00000172: 15.2901   (Y': 13.9302   Cb: 15.3621   Cr: 17.1691 )
00000173: 15.2741   (Y': 13.8904   Cb: 15.387    Cr: 17.1419 )
00000174: 15.3144   (Y': 13.93     Cb: 15.4296   Cr: 17.1801 )
00000175: 15.3988   (Y': 14.051    Cb: 15.4789   Cr: 17.2406 )
00000176: 15.4133   (Y': 14.0783   Cb: 15.4953   Cr: 17.2255 )
00000177: 15.4679   (Y': 14.1018   Cb: 15.5756   Cr: 17.3064 )
00000178: 15.472    (Y': 14.0978   Cb: 15.605    Cr: 17.29   )
00000179: 15.5245   (Y': 14.2381   Cb: 15.5898   Cr: 17.2625 )
00000180: 15.5485   (Y': 14.277    Cb: 15.5894   Cr: 17.2929 )
00000181: 15.5536   (Y': 14.321    Cb: 15.5825   Cr: 17.2382 )
00000182: 15.5272   (Y': 14.3174   Cb: 15.5406   Cr: 17.1901 )
00000183: 15.6218   (Y': 14.4268   Cb: 15.5885   Cr: 17.3251 )
00000184: 15.5645   (Y': 14.447    Cb: 15.4789   Cr: 17.1974 )
00000185: 15.5016   (Y': 14.3909   Cb: 15.4262   Cr: 17.1064 )
00000186: 15.4627   (Y': 14.3863   Cb: 15.3813   Cr: 17.0129 )
00000187: 15.4042   (Y': 14.3496   Cb: 15.3436   Cr: 16.8848 )
00000188: 15.3847   (Y': 14.2694   Cb: 15.353    Cr: 16.9345 )
00000189: 15.3368   (Y': 14.2313   Cb: 15.2996   Cr: 16.8765 )
00000190: 15.3326   (Y': 14.1923   Cb: 15.3468   Cr: 16.8631 )
00000191: 15.3522   (Y': 14.1693   Cb: 15.3513   Cr: 16.9846 )
00000192: 15.2892   (Y': 14.0723   Cb: 15.3104   Cr: 16.9547 )
00000193: 15.4745   (Y': 14.1508   Cb: 15.5009   Cr: 17.3469 )
00000194: 15.4949   (Y': 14.1398   Cb: 15.5496   Cr: 17.3905 )
00000195: 15.5293   (Y': 14.2491   Cb: 15.5766   Cr: 17.2816 )
00000196: 15.5122   (Y': 14.2214   Cb: 15.5778   Cr: 17.2588 )
00000197: 15.6218   (Y': 14.2337   Cb: 15.6947   Cr: 17.5598 )
00000198: 15.6568   (Y': 14.2434   Cb: 15.7634   Cr: 17.5979 )
00000199: 15.6645   (Y': 14.2946   Cb: 15.7406   Cr: 17.5585 )
00000200: 15.6593   (Y': 14.2914   Cb: 15.7505   Cr: 17.5266 )
00000201: 15.6145   (Y': 14.3247   Cb: 15.6483   Cr: 17.4063 )
00000202: 15.6386   (Y': 14.3539   Cb: 15.6819   Cr: 17.4057 )
00000203: 15.6031   (Y': 14.4176   Cb: 15.6279   Cr: 17.2031 )
00000204: 15.574    (Y': 14.3937   Cb: 15.6274   Cr: 17.1234 )
00000205: 15.812    (Y': 14.6221   Cb: 15.8069   Cr: 17.4637 )
00000206: 15.9339   (Y': 14.7577   Cb: 15.9193   Cr: 17.5732 )
00000207: 15.8996   (Y': 14.7363   Cb: 15.8855   Cr: 17.5139 )
00000208: 15.9075   (Y': 14.7978   Cb: 15.8978   Cr: 17.4154 )
00000209: 15.8887   (Y': 14.7937   Cb: 15.8398   Cr: 17.4259 )
00000210: 15.9348   (Y': 14.807    Cb: 15.8856   Cr: 17.5333 )
00000211: 15.985    (Y': 14.8308   Cb: 15.9015   Cr: 17.6843 )
00000212: 15.9156   (Y': 14.739    Cb: 15.8724   Cr: 17.598  )
00000213: 15.9009   (Y': 14.6605   Cb: 15.9301   Cr: 17.6005 )
00000214: 15.9076   (Y': 14.6745   Cb: 15.9364   Cr: 17.5937 )
00000215: 15.8624   (Y': 14.6323   Cb: 15.9137   Cr: 17.5097 )
00000216: 15.832    (Y': 14.575    Cb: 15.9052   Cr: 17.5001 )
00000217: 15.7991   (Y': 14.6114   Cb: 15.8722   Cr: 17.3346 )
00000218: 15.7471   (Y': 14.5617   Cb: 15.8482   Cr: 17.2395 )
00000219: 15.8541   (Y': 14.56     Cb: 16.0119   Cr: 17.4749 )
00000220: 15.8974   (Y': 14.5661   Cb: 16.0864   Cr: 17.5477 )
00000221: 15.8689   (Y': 14.45     Cb: 16.0787   Cr: 17.6686 )
00000222: 15.8746   (Y': 14.4263   Cb: 16.1208   Cr: 17.6839 )
00000223: 15.9345   (Y': 14.4577   Cb: 16.1643   Cr: 17.8287 )
00000224: 15.962    (Y': 14.5486   Cb: 16.1242   Cr: 17.8194 )
00000225: 16.0248   (Y': 14.5833   Cb: 16.2134   Cr: 17.903  )
00000226: 16.1172   (Y': 14.6891   Cb: 16.265    Cr: 18.0274 )
00000227: 16.0998   (Y': 14.7088   Cb: 16.2485   Cr: 17.93   )
00000228: 16.134    (Y': 14.7377   Cb: 16.2831   Cr: 17.9747 )
00000229: 16.1813   (Y': 14.7862   Cb: 16.3445   Cr: 17.9988 )
00000230: 16.1446   (Y': 14.7708   Cb: 16.3103   Cr: 17.9142 )
00000231: 16.3273   (Y': 14.9276   Cb: 16.4675   Cr: 18.1884 )
00000232: 16.3975   (Y': 14.9819   Cb: 16.488    Cr: 18.3681 )
00000233: 16.4719   (Y': 15.1195   Cb: 16.5513   Cr: 18.3242 )
00000234: 16.4973   (Y': 15.1864   Cb: 16.5425   Cr: 18.3151 )
00000235: 16.432    (Y': 15.2802   Cb: 16.3948   Cr: 18.058  )
00000236: 16.4005   (Y': 15.3      Cb: 16.3792   Cr: 17.9081 )
00000237: 16.3269   (Y': 15.2286   Cb: 16.2309   Cr: 17.9389 )
00000238: 16.3063   (Y': 15.2313   Cb: 16.1678   Cr: 17.9382 )
00000239: 16.2293   (Y': 15.0979   Cb: 16.1248   Cr: 17.9165 )
00000240: 16.2351   (Y': 15.0725   Cb: 16.1622   Cr: 17.9347 )
00000241: 16.1408   (Y': 14.9943   Cb: 16.0833   Cr: 17.7864 )
00000242: 16.0432   (Y': 14.9054   Cb: 15.9935   Cr: 17.6609 )
00000243: 15.939    (Y': 14.8031   Cb: 15.9263   Cr: 17.4996 )
00000244: 16.0046   (Y': 14.8059   Cb: 15.9826   Cr: 17.6984 )
00000245: 16.0333   (Y': 14.8506   Cb: 16.0098   Cr: 17.6983 )
00000246: 15.984    (Y': 14.7887   Cb: 15.9368   Cr: 17.709  )
00000247: 15.9849   (Y': 14.7882   Cb: 15.9152   Cr: 17.7463 )
00000248: 16.0021   (Y': 14.7889   Cb: 15.9875   Cr: 17.7132 )
00000249: 15.972    (Y': 14.7652   Cb: 15.9267   Cr: 17.7162 )
00000250: 15.9317   (Y': 14.7026   Cb: 15.9019   Cr: 17.6969 )
00000251: 15.9077   (Y': 14.7577   Cb: 15.8434   Cr: 17.5705 )
00000252: 15.9163   (Y': 14.7923   Cb: 15.8418   Cr: 17.5447 )
00000253: 15.9407   (Y': 14.762    Cb: 15.9224   Cr: 17.5904 )
00000254: 15.9889   (Y': 14.7874   Cb: 16.0049   Cr: 17.6323 )
00000255: 16.0463   (Y': 14.8673   Cb: 16.1015   Cr: 17.5908 )
00000256: 16.066    (Y': 14.8941   Cb: 16.1482   Cr: 17.5595 )
00000257: 16.2416   (Y': 15.0799   Cb: 16.3738   Cr: 17.6483 )
00000258: 16.2285   (Y': 15.0787   Cb: 16.3977   Cr: 17.5649 )
00000259: 16.2642   (Y': 15.008    Cb: 16.5134   Cr: 17.6885 )
00000260: 16.3178   (Y': 15.0341   Cb: 16.6327   Cr: 17.7084 )
00000261: 16.2911   (Y': 14.9562   Cb: 16.6557   Cr: 17.7137 )
00000262: 16.3082   (Y': 14.9907   Cb: 16.6701   Cr: 17.7014 )
00000263: 16.295    (Y': 14.9925   Cb: 16.6082   Cr: 17.7225 )
00000264: 16.3105   (Y': 15.0075   Cb: 16.6311   Cr: 17.7295 )
00000265: 16.232    (Y': 14.962    Cb: 16.5379   Cr: 17.6089 )
00000266: 16.2233   (Y': 15.0127   Cb: 16.5013   Cr: 17.5277 )
00000267: 16.1472   (Y': 15.0334   Cb: 16.3605   Cr: 17.3645 )
00000268: 16.1077   (Y': 15.0187   Cb: 16.2983   Cr: 17.3114 )
00000269: 16.0671   (Y': 14.9832   Cb: 16.2915   Cr: 17.2197 )
00000270: 16.1408   (Y': 15.0644   Cb: 16.372    Cr: 17.2728 )
00000271: 16.0377   (Y': 15.0119   Cb: 16.2126   Cr: 17.1555 )
00000272: 15.9983   (Y': 15.0036   Cb: 16.1652   Cr: 17.0756 )
00000273: 15.9201   (Y': 14.9943   Cb: 16.0021   Cr: 16.993  )
00000274: 15.8843   (Y': 14.9848   Cb: 15.9545   Cr: 16.9304 )
00000275: 15.8113   (Y': 14.9411   Cb: 15.8579   Cr: 16.8415 )
00000276: 15.8712   (Y': 14.9925   Cb: 15.9181   Cr: 16.9144 )
00000277: 15.8312   (Y': 15.0281   Cb: 15.8082   Cr: 16.8464 )
00000278: 15.7735   (Y': 14.9853   Cb: 15.7322   Cr: 16.7895 )
00000279: 15.6921   (Y': 14.9382   Cb: 15.6006   Cr: 16.7206 )
00000280: 15.694    (Y': 14.9612   Cb: 15.6014   Cr: 16.6921 )
00000281: 15.7278   (Y': 15.0089   Cb: 15.6791   Cr: 16.6501 )
00000282: 15.7727   (Y': 15.1113   Cb: 15.6635   Cr: 16.6876 )
00000283: 16.0065   (Y': 14.8655   Cb: 16.3508   Cr: 17.1093 )
00000284: 16.5395   (Y': 15.3128   Cb: 16.9634   Cr: 17.694  )
00000285: 16.7215   (Y': 15.43     Cb: 17.1493   Cr: 17.9855 )
00000286: 16.5472   (Y': 15.4206   Cb: 16.8914   Cr: 17.626  )
00000287: 15.9429   (Y': 15.0901   Cb: 16.1123   Cr: 16.798  )
00000288: 15.8549   (Y': 15.0268   Cb: 15.9867   Cr: 16.7179 )
00000289: 16.1989   (Y': 15.2848   Cb: 16.371    Cr: 17.1432 )
00000290: 16.0631   (Y': 15.2424   Cb: 16.1993   Cr: 16.9099 )
00000291: 15.2484   (Y': 14.7199   Cb: 15.0802   Cr: 16.0517 )
00000292: 15.1508   (Y': 14.5951   Cb: 14.9919   Cr: 15.9799 )
00000293: 15.2528   (Y': 14.612    Cb: 15.1316   Cr: 16.1535 )
00000294: 15.2072   (Y': 14.6005   Cb: 15.0502   Cr: 16.105  )
00000295: 15.7053   (Y': 14.9599   Cb: 15.6889   Cr: 16.6258 )
00000296: 15.5821   (Y': 14.8779   Cb: 15.5072   Cr: 16.5156 )
00000297: 15.287    (Y': 14.7076   Cb: 15.0605   Cr: 16.236  )
00000298: 15.282    (Y': 14.6783   Cb: 15.0661   Cr: 16.2517 )
00000299: 15.7661   (Y': 15.0167   Cb: 15.7059   Cr: 16.7475 )
00000300: 15.3991   (Y': 14.816    Cb: 15.2012   Cr: 16.3158 )
00000301: 15.1894   (Y': 14.6176   Cb: 14.9388   Cr: 16.1591 )
00000302: 15.244    (Y': 14.6639   Cb: 15.0043   Cr: 16.211  )
00000303: 15.247    (Y': 14.675    Cb: 15.018    Cr: 16.1886 )
00000305: 15.1177   (Y': 14.568    Cb: 14.8884   Cr: 16.0283 )
00000304: 15.2227   (Y': 14.6513   Cb: 14.9988   Cr: 16.1569 )
00000306: 15.1842   (Y': 14.6064   Cb: 14.9532   Cr: 16.1365 )
00000307: 15.1862   (Y': 14.5979   Cb: 14.962    Cr: 16.1447 )
00000308: 15.1749   (Y': 14.6317   Cb: 14.9136   Cr: 16.1183 )
00000309: 15.279    (Y': 14.7285   Cb: 15.0505   Cr: 16.1895 )
00000310: 15.2764   (Y': 14.7353   Cb: 15.0271   Cr: 16.2012 )
00000311: 15.2333   (Y': 14.6265   Cb: 14.9964   Cr: 16.2351 )
00000312: 15.183    (Y': 14.5111   Cb: 14.9998   Cr: 16.2089 )
00000314: 15.0768   (Y': 14.4202   Cb: 14.8778   Cr: 16.101  )
00000315: 15.0187   (Y': 14.361    Cb: 14.8359   Cr: 16.023  )
00000316: 15.0325   (Y': 14.39     Cb: 14.8393   Cr: 16.0286 )
00000313: 15.1135   (Y': 14.4571   Cb: 14.9031   Cr: 16.1526 )
00000317: 15.0189   (Y': 14.3797   Cb: 14.8184   Cr: 16.0199 )
00000319: 14.9682   (Y': 14.3464   Cb: 14.7612   Cr: 15.9521 )
00000318: 14.979    (Y': 14.3699   Cb: 14.7793   Cr: 15.9354 )
00000320: 14.9455   (Y': 14.3331   Cb: 14.7169   Cr: 15.9445 )
00000321: 14.8999   (Y': 14.3471   Cb: 14.6162   Cr: 15.8867 )
00000322: 14.9105   (Y': 14.3225   Cb: 14.6689   Cr: 15.8916 )
00000323: 14.9075   (Y': 14.3089   Cb: 14.6933   Cr: 15.8676 )
00000325: 14.8865   (Y': 14.2399   Cb: 14.6998   Cr: 15.8798 )
00000324: 14.924    (Y': 14.2993   Cb: 14.7235   Cr: 15.9036 )
00000326: 14.8767   (Y': 14.2458   Cb: 14.6638   Cr: 15.8816 )
00000327: 14.8835   (Y': 14.2632   Cb: 14.646    Cr: 15.906  )
00000328: 14.8852   (Y': 14.2445   Cb: 14.6625   Cr: 15.9176 )
00000329: 14.8973   (Y': 14.2057   Cb: 14.711    Cr: 15.9568 )
00000330: 14.8755   (Y': 14.2031   Cb: 14.6631   Cr: 15.9411 )
00000331: 14.8923   (Y': 14.2174   Cb: 14.7001   Cr: 15.9346 )
00000332: 14.9201   (Y': 14.2458   Cb: 14.7437   Cr: 15.9405 )
00000333: 14.9826   (Y': 14.2773   Cb: 14.832    Cr: 16.0153 )
00000334: 14.9869   (Y': 14.2889   Cb: 14.8436   Cr: 15.9991 )
00000335: 14.9755   (Y': 14.2364   Cb: 14.882    Cr: 15.9843 )
00000336: 14.9825   (Y': 14.2409   Cb: 14.8936   Cr: 15.989  )
00000337: 14.9646   (Y': 14.236    Cb: 14.8693   Cr: 15.9601 )
00000338: 14.941    (Y': 14.1901   Cb: 14.8699   Cr: 15.9385 )
00000339: 14.9841   (Y': 14.1961   Cb: 14.9268   Cr: 16.0201 )
00000340: 15.0087   (Y': 14.1898   Cb: 14.9595   Cr: 16.0818 )
00000341: 15.0343   (Y': 14.206    Cb: 14.9922   Cr: 16.1124 )
00000342: 15.0558   (Y': 14.2363   Cb: 14.9883   Cr: 16.1538 )
00000343: 15.1323   (Y': 14.2962   Cb: 15.0683   Cr: 16.2513 )
00000344: 15.128    (Y': 14.2853   Cb: 15.0842   Cr: 16.2309 )
00000345: 15.0795   (Y': 14.2625   Cb: 15.0312   Cr: 16.1483 )
00000346: 14.9943   (Y': 14.2221   Cb: 14.9418   Cr: 16.0002 )
00000347: 15.0167   (Y': 14.236    Cb: 15.0493   Cr: 15.9289 )
00000348: 15.1027   (Y': 14.3346   Cb: 15.1353   Cr: 15.9964 )
00000349: 15.253    (Y': 14.4995   Cb: 15.2341   Cr: 16.1888 )
00000350: 15.2765   (Y': 14.5565   Cb: 15.2603   Cr: 16.1598 )
00000351: 15.325    (Y': 14.6285   Cb: 15.3174   Cr: 16.1642 )
00000352: 15.5425   (Y': 14.8133   Cb: 15.4813   Cr: 16.4953 )
00000353: 15.6463   (Y': 14.889    Cb: 15.565    Cr: 16.6669 )
00000354: 15.5853   (Y': 14.8628   Cb: 15.4966   Cr: 16.5632 )
00000355: 15.5785   (Y': 14.9526   Cb: 15.4173   Cr: 16.5091 )
00000356: 15.5231   (Y': 14.9833   Cb: 15.3301   Cr: 16.3734 )
00000357: 15.5225   (Y': 15.0288   Cb: 15.3081   Cr: 16.3368 )
00000358: 15.4888   (Y': 15.0241   Cb: 15.2686   Cr: 16.2717 )
00000359: 15.4116   (Y': 14.9214   Cb: 15.1766   Cr: 16.2473 )
00000360: 15.369    (Y': 14.8771   Cb: 15.151    Cr: 16.1855 )
00000361: 15.3743   (Y': 14.8321   Cb: 15.1714   Cr: 16.2406 )
00000362: 15.4022   (Y': 14.8275   Cb: 15.2087   Cr: 16.3017 )
00000363: 15.4029   (Y': 14.8204   Cb: 15.2092   Cr: 16.3136 )
00000364: 15.4481   (Y': 14.8511   Cb: 15.2563   Cr: 16.3768 )
00000365: 15.4504   (Y': 14.8353   Cb: 15.2397   Cr: 16.4296 )
00000366: 15.4559   (Y': 14.8407   Cb: 15.2495   Cr: 16.4297 )
00000367: 15.4947   (Y': 14.8078   Cb: 15.3154   Cr: 16.5379 )
00000368: 15.4702   (Y': 14.8076   Cb: 15.2852   Cr: 16.4849 )
00000369: 15.4741   (Y': 14.7672   Cb: 15.3086   Cr: 16.5287 )
00000370: 15.5042   (Y': 14.7586   Cb: 15.3601   Cr: 16.589  )
00000371: 15.4294   (Y': 14.6045   Cb: 15.3168   Cr: 16.5952 )
00000372: 15.3683   (Y': 14.546    Cb: 15.2435   Cr: 16.5464 )
00000373: 15.358    (Y': 14.4781   Cb: 15.2711   Cr: 16.5772 )
00000374: 15.4147   (Y': 14.5624   Cb: 15.3312   Cr: 16.5853 )
00000375: 15.4054   (Y': 14.4748   Cb: 15.4278   Cr: 16.562  )
00000376: 15.4043   (Y': 14.4859   Cb: 15.4507   Cr: 16.5106 )
00000377: 15.3416   (Y': 14.4635   Cb: 15.33     Cr: 16.4585 )
00000378: 15.3756   (Y': 14.4467   Cb: 15.4039   Cr: 16.5222 )
00000379: 15.4272   (Y': 14.445    Cb: 15.5133   Cr: 16.5858 )
00000380: 15.4472   (Y': 14.4754   Cb: 15.5143   Cr: 16.6129 )
00000381: 15.5107   (Y': 14.4796   Cb: 15.6395   Cr: 16.6955 )
00000382: 15.5277   (Y': 14.4984   Cb: 15.6379   Cr: 16.7333 )
00000383: 15.5655   (Y': 14.5322   Cb: 15.6752   Cr: 16.7784 )
00000384: 15.5856   (Y': 14.5692   Cb: 15.6736   Cr: 16.7982 )
00000385: 15.623    (Y': 14.5842   Cb: 15.7215   Cr: 16.8595 )
00000386: 15.6244   (Y': 14.587    Cb: 15.7225   Cr: 16.8594 )
00000387: 15.7118   (Y': 14.6127   Cb: 15.8313   Cr: 17.0246 )
00000388: 15.7357   (Y': 14.6657   Cb: 15.8252   Cr: 17.0375 )
00000389: 15.6904   (Y': 14.669    Cb: 15.7323   Cr: 16.9722 )
00000390: 15.7051   (Y': 14.6528   Cb: 15.7544   Cr: 17.0298 )
00000391: 15.736    (Y': 14.7278   Cb: 15.7409   Cr: 17.0447 )
00000392: 15.7235   (Y': 14.7079   Cb: 15.7318   Cr: 17.0404 )
00000393: 15.7876   (Y': 14.7535   Cb: 15.7985   Cr: 17.1327 )
00000394: 15.8049   (Y': 14.7943   Cb: 15.8046   Cr: 17.1249 )
00000395: 15.8348   (Y': 14.853    Cb: 15.8104   Cr: 17.1383 )
00000396: 15.8224   (Y': 14.8788   Cb: 15.766    Cr: 17.1054 )
00000397: 15.8914   (Y': 14.9683   Cb: 15.8103   Cr: 17.1736 )
00000398: 15.924    (Y': 15.0062   Cb: 15.8264   Cr: 17.2204 )
00000399: 15.8836   (Y': 15.0312   Cb: 15.7461   Cr: 17.1274 )
00000400: 15.8327   (Y': 14.996    Cb: 15.6729   Cr: 17.0817 )
00000401: 15.7017   (Y': 14.8295   Cb: 15.5568   Cr: 16.9881 )
00000402: 15.6105   (Y': 14.7431   Cb: 15.4532   Cr: 16.9063 )
00000403: 15.5184   (Y': 14.714    Cb: 15.3208   Cr: 16.7679 )
00000404: 15.488    (Y': 14.7255   Cb: 15.2386   Cr: 16.7433 )
00000405: 15.4445   (Y': 14.716    Cb: 15.1791   Cr: 16.6687 )
00000406: 15.4995   (Y': 14.8267   Cb: 15.2221   Cr: 16.6544 )
00000407: 15.5106   (Y': 14.8391   Cb: 15.2293   Cr: 16.669  )
00000408: 15.4856   (Y': 14.7897   Cb: 15.2278   Cr: 16.6489 )
00000409: 15.532    (Y': 14.8599   Cb: 15.2842   Cr: 16.6451 )
00000410: 15.5381   (Y': 14.825    Cb: 15.3265   Cr: 16.664  )
00000411: 15.555    (Y': 14.7985   Cb: 15.3851   Cr: 16.691  )
00000412: 15.619    (Y': 14.8587   Cb: 15.4608   Cr: 16.7453 )
00000413: 15.6454   (Y': 14.921    Cb: 15.4559   Cr: 16.7585 )
00000414: 15.6684   (Y': 14.9733   Cb: 15.4632   Cr: 16.7583 )
00000415: 15.7926   (Y': 15.1558   Cb: 15.5887   Cr: 16.7943 )
00000416: 15.8879   (Y': 15.3122   Cb: 15.6558   Cr: 16.8389 )
00000417: 16.0842   (Y': 15.6407   Cb: 15.8001   Cr: 16.9203 )
00000418: 16.1076   (Y': 15.7168   Cb: 15.8064   Cr: 16.8958 )
00000419: 16.0652   (Y': 15.7236   Cb: 15.7121   Cr: 16.8564 )
00000420: 16.0744   (Y': 15.6929   Cb: 15.7419   Cr: 16.8908 )
00000421: 16.0423   (Y': 15.7003   Cb: 15.6677   Cr: 16.8621 )
00000422: 15.9317   (Y': 15.6791   Cb: 15.4906   Cr: 16.724  )
00000423: 15.7631   (Y': 15.6034   Cb: 15.2833   Cr: 16.4908 )
00000424: 15.7332   (Y': 15.5204   Cb: 15.2651   Cr: 16.5112 )
00000425: 15.694    (Y': 15.3718   Cb: 15.2867   Cr: 16.5313 )
00000426: 15.6261   (Y': 15.2549   Cb: 15.2398   Cr: 16.4997 )
00000427: 15.5008   (Y': 15.0133   Cb: 15.1307   Cr: 16.5121 )
00000428: 15.4756   (Y': 14.9823   Cb: 15.081    Cr: 16.5292 )
00000429: 15.377    (Y': 14.8106   Cb: 15.0263   Cr: 16.4749 )
00000430: 15.3945   (Y': 14.7808   Cb: 15.0377   Cr: 16.5717 )
00000431: 15.3598   (Y': 14.8215   Cb: 14.9593   Cr: 16.4866 )
00000432: 15.3923   (Y': 14.8866   Cb: 14.9623   Cr: 16.5137 )
00000433: 15.5618   (Y': 14.98     Cb: 15.0852   Cr: 16.8655 )
00000434: 15.6086   (Y': 15.0467   Cb: 15.0915   Cr: 16.9433 )
00000435: 15.7531   (Y': 15.2386   Cb: 15.1862   Cr: 17.0914 )
00000436: 15.8908   (Y': 15.3528   Cb: 15.3334   Cr: 17.2504 )
00000437: 15.9449   (Y': 15.4905   Cb: 15.3233   Cr: 17.2771 )
00000438: 15.9023   (Y': 15.4248   Cb: 15.3193   Cr: 17.2091 )
00000439: 15.5456   (Y': 15.3349   Cb: 14.9525   Cr: 16.4934 )
00000440: 15.5211   (Y': 15.3546   Cb: 14.9057   Cr: 16.4432 )
00000441: 15.4455   (Y': 15.2965   Cb: 14.7573   Cr: 16.4508 )
00000442: 15.4294   (Y': 15.2746   Cb: 14.7661   Cr: 16.4057 )
00000443: 15.5663   (Y': 15.4675   Cb: 14.9423   Cr: 16.4152 )
00000444: 15.8587   (Y': 15.6627   Cb: 15.3229   Cr: 16.7072 )
00000445: 15.9567   (Y': 15.7134   Cb: 15.5047   Cr: 16.7518 )
00000446: 15.9234   (Y': 15.5523   Cb: 15.6062   Cr: 16.7063 )
00000447: 16.5408   (Y': 15.8181   Cb: 16.4087   Cr: 17.5754 )
00000448: 16.6379   (Y': 15.7675   Cb: 16.6165   Cr: 17.7552 )
00000449: 16.4643   (Y': 15.7024   Cb: 16.3929   Cr: 17.4788 )
00000450: 16.1251   (Y': 15.496    Cb: 15.9228   Cr: 17.1137 )
00000451: 15.5601   (Y': 15.0528   Cb: 15.186    Cr: 16.6049 )
00000452: 15.4871   (Y': 14.9561   Cb: 15.1249   Cr: 16.5497 )
00000453: 15.2556   (Y': 14.6645   Cb: 14.9471   Cr: 16.3315 )
00000454: 15.2571   (Y': 14.6159   Cb: 14.9775   Cr: 16.3674 )
00000455: 15.3942   (Y': 14.6767   Cb: 15.0784   Cr: 16.673  )
00000457: 15.4961   (Y': 14.9424   Cb: 15.1531   Cr: 16.5649 )
00000456: 15.4319   (Y': 14.8356   Cb: 15.0818   Cr: 16.5734 )
00000458: 15.426    (Y': 14.8714   Cb: 15.0937   Cr: 16.4814 )
00000459: 15.6909   (Y': 15.138    Cb: 15.3541   Cr: 16.7498 )
00000461: 15.8213   (Y': 15.2836   Cb: 15.4497   Cr: 16.9066 )
00000460: 15.7397   (Y': 15.238    Cb: 15.358    Cr: 16.7872 )
00000462: 15.7732   (Y': 15.2638   Cb: 15.4186   Cr: 16.7945 )
00000463: 15.7491   (Y': 15.1503   Cb: 15.4355   Cr: 16.8432 )
00000464: 15.7092   (Y': 15.0695   Cb: 15.371    Cr: 16.8991 )
00000465: 15.6152   (Y': 14.8733   Cb: 15.3067   Cr: 16.9224 )
00000466: 15.6176   (Y': 14.8749   Cb: 15.3411   Cr: 16.8799 )
00000467: 15.5754   (Y': 14.8184   Cb: 15.3027   Cr: 16.8551 )
00000468: 15.6334   (Y': 14.8434   Cb: 15.4294   Cr: 16.8687 )
00000469: 15.719    (Y': 14.9577   Cb: 15.5085   Cr: 16.9183 )
00000470: 15.731    (Y': 14.9324   Cb: 15.5417   Cr: 16.9599 )
00000471: 15.8102   (Y': 15.0011   Cb: 15.6022   Cr: 17.082  )
00000472: 15.837    (Y': 15.015    Cb: 15.6513   Cr: 17.0982 )
00000473: 16.0379   (Y': 15.1739   Cb: 15.8574   Cr: 17.3607 )
00000474: 16.1486   (Y': 15.2422   Cb: 16.0331   Cr: 17.4505 )
00000475: 16.1079   (Y': 15.3113   Cb: 15.944    Cr: 17.2985 )
00000476: 16.0942   (Y': 15.2998   Cb: 15.9358   Cr: 17.2737 )
00000477: 16.2463   (Y': 15.4975   Cb: 16.0238   Cr: 17.4422 )
00000478: 16.3116   (Y': 15.6356   Cb: 16.0598   Cr: 17.4363 )
00000479: 16.6076   (Y': 16.1567   Cb: 16.284    Cr: 17.5056 )
00000480: 16.6934   (Y': 16.3851   Cb: 16.2969   Cr: 17.4982 )
00000481: 16.7903   (Y': 16.467    Cb: 16.4164   Cr: 17.585  )
00000482: 16.8015   (Y': 16.4575   Cb: 16.4469   Cr: 17.5975 )
00000483: 16.7139   (Y': 16.2384   Cb: 16.3985   Cr: 17.6346 )
00000484: 16.6163   (Y': 16.0366   Cb: 16.3263   Cr: 17.6503 )
00000485: 16.2212   (Y': 15.349    Cb: 16.0674   Cr: 17.5199 )
00000486: 16.1286   (Y': 15.2342   Cb: 15.9619   Cr: 17.4824 )
00000487: 16.0968   (Y': 15.1878   Cb: 15.935    Cr: 17.4684 )
00000488: 16.0299   (Y': 15.1471   Cb: 15.8293   Cr: 17.4125 )
00000489: 15.8672   (Y': 15.1027   Cb: 15.5798   Cr: 17.1803 )
00000490: 15.8648   (Y': 15.1133   Cb: 15.5633   Cr: 17.1773 )
00000491: 15.9774   (Y': 15.3273   Cb: 15.6161   Cr: 17.2164 )
00000492: 16.0596   (Y': 15.5207   Cb: 15.6364   Cr: 17.2199 )
00000493: 16.2655   (Y': 15.7189   Cb: 15.8634   Cr: 17.4068 )
00000494: 16.3076   (Y': 15.6995   Cb: 15.9665   Cr: 17.4539 )
00000495: 16.2883   (Y': 15.5469   Cb: 16.0705   Cr: 17.4664 )
00000496: 16.2302   (Y': 15.4345   Cb: 16.086    Cr: 17.3926 )
00000497: 16.1051   (Y': 15.1966   Cb: 16.0113   Cr: 17.3808 )
00000498: 16.1103   (Y': 15.1697   Cb: 16.0305   Cr: 17.4203 )
00000499: 16.1311   (Y': 15.1541   Cb: 16.0903   Cr: 17.4489 )
00000500: 16.098    (Y': 15.0898   Cb: 16.0743   Cr: 17.4457 )
00000501: 16.0694   (Y': 15.1141   Cb: 15.9906   Cr: 17.4025 )
00000502: 16.0303   (Y': 15.0192   Cb: 16.0141   Cr: 17.3726 )
00000503: 15.8566   (Y': 14.7443   Cb: 15.9302   Cr: 17.2537 )
00000504: 15.6506   (Y': 14.4505   Cb: 15.8518   Cr: 17.0352 )
00000505: 15.6134   (Y': 14.2688   Cb: 15.9795   Cr: 17.0523 )
00000506: 15.5869   (Y': 14.2008   Cb: 15.9676   Cr: 17.0869 )
00000507: 15.6423   (Y': 14.1813   Cb: 16.0959   Cr: 17.196  )
00000508: 15.6436   (Y': 14.2067   Cb: 16.0422   Cr: 17.2207 )
00000509: 15.6876   (Y': 14.2674   Cb: 16.0957   Cr: 17.2189 )
00000510: 15.6688   (Y': 14.2828   Cb: 16.0371   Cr: 17.1845 )
00000511: 15.6542   (Y': 14.3201   Cb: 15.9568   Cr: 17.1557 )
00000512: 15.7036   (Y': 14.3703   Cb: 15.9972   Cr: 17.2154 )
00000513: 15.7611   (Y': 14.5308   Cb: 15.9532   Cr: 17.2133 )
00000514: 15.7157   (Y': 14.461    Cb: 15.9319   Cr: 17.1813 )
00000515: 15.6735   (Y': 14.4638   Cb: 15.859    Cr: 17.0965 )
00000516: 15.68     (Y': 14.4683   Cb: 15.8759   Cr: 17.0928 )
00000517: 15.6988   (Y': 14.5187   Cb: 15.8838   Cr: 17.0687 )
00000518: 15.758    (Y': 14.555    Cb: 15.9395   Cr: 17.1743 )
00000519: 15.7095   (Y': 14.5282   Cb: 15.911    Cr: 17.06   )
00000520: 15.6996   (Y': 14.5461   Cb: 15.8971   Cr: 17.0058 )
00000521: 15.6708   (Y': 14.5274   Cb: 15.8776   Cr: 16.9475 )
00000522: 15.6345   (Y': 14.5449   Cb: 15.811    Cr: 16.8568 )
00000523: 15.7421   (Y': 14.6384   Cb: 15.851    Cr: 17.077  )
00000524: 15.7288   (Y': 14.6292   Cb: 15.8597   Cr: 17.0272 )
00000525: 15.8882   (Y': 14.7034   Cb: 15.9928   Cr: 17.3746 )
00000526: 15.8762   (Y': 14.704    Cb: 15.9776   Cr: 17.3437 )
00000527: 15.8398   (Y': 14.6717   Cb: 15.9489   Cr: 17.2894 )
00000528: 15.8574   (Y': 14.7484   Cb: 15.9117   Cr: 17.2752 )
00000529: 15.7552   (Y': 14.7167   Cb: 15.7317   Cr: 17.1551 )
00000530: 15.7754   (Y': 14.7132   Cb: 15.7998   Cr: 17.151  )
00000531: 15.8276   (Y': 14.7317   Cb: 15.8791   Cr: 17.2254 )
00000532: 15.8272   (Y': 14.7645   Cb: 15.8662   Cr: 17.184  )
00000533: 15.7897   (Y': 14.7494   Cb: 15.815    Cr: 17.1259 )
00000534: 15.823    (Y': 14.8182   Cb: 15.8335   Cr: 17.1184 )
00000535: 15.8617   (Y': 14.9006   Cb: 15.8905   Cr: 17.0599 )
00000536: 15.9653   (Y': 15.0805   Cb: 15.9316   Cr: 17.1216 )
00000537: 15.9239   (Y': 15.0634   Cb: 15.9009   Cr: 17.0279 )
00000538: 15.9757   (Y': 15.1213   Cb: 15.9792   Cr: 17.036  )
00000539: 16.1762   (Y': 15.3736   Cb: 16.1643   Cr: 17.1763 )
00000540: 16.1562   (Y': 15.4786   Cb: 16.0733   Cr: 17.0614 )
00000541: 16.433    (Y': 15.8315   Cb: 16.3059   Cr: 17.2854 )
00000542: 16.2904   (Y': 15.8536   Cb: 16.0049   Cr: 17.1193 )
00000543: 16.216    (Y': 15.6913   Cb: 16.0191   Cr: 17.0504 )
00000544: 16.1997   (Y': 15.6367   Cb: 16.022    Cr: 17.0624 )
00000545: 16.1215   (Y': 15.5568   Cb: 15.9286   Cr: 17.0059 )
00000546: 16.1148   (Y': 15.4882   Cb: 15.9724   Cr: 17.0222 )
00000547: 16.0841   (Y': 15.3514   Cb: 16.0098   Cr: 17.0589 )
00000548: 16.0407   (Y': 15.3457   Cb: 15.9397   Cr: 16.9938 )
00000549: 16.1123   (Y': 15.378    Cb: 16.0124   Cr: 17.1222 )
00000550: 16.0787   (Y': 15.298    Cb: 15.9835   Cr: 17.1526 )
00000551: 16.2887   (Y': 15.6554   Cb: 16.0951   Cr: 17.2717 )
00000552: 16.5136   (Y': 15.9791   Cb: 16.2374   Cr: 17.4645 )
00000553: 16.7754   (Y': 16.246    Cb: 16.4469   Cr: 17.7895 )
00000554: 16.8921   (Y': 16.3369   Cb: 16.5924   Cr: 17.9037 )
00000555: 16.8936   (Y': 16.23     Cb: 16.6692   Cr: 17.9624 )
00000556: 16.9015   (Y': 16.1474   Cb: 16.747    Cr: 18.0132 )
00000557: 16.9674   (Y': 16.0655   Cb: 16.9157   Cr: 18.175  )
00000558: 17.0342   (Y': 16.1566   Cb: 16.993    Cr: 18.1889 )
00000559: 17.1774   (Y': 16.2336   Cb: 17.2521   Cr: 18.2882 )
00000560: 17.1999   (Y': 16.2478   Cb: 17.2618   Cr: 18.3403 )
00000561: 17.2413   (Y': 16.2546   Cb: 17.3823   Cr: 18.338  )
00000562: 17.2462   (Y': 16.2136   Cb: 17.456    Cr: 18.3321 )
00000563: 17.2416   (Y': 16.1232   Cb: 17.4598   Cr: 18.4605 )
00000564: 17.1554   (Y': 16.0376   Cb: 17.3582   Cr: 18.3927 )
00000565: 17.1306   (Y': 15.9412   Cb: 17.3775   Cr: 18.4366 )
00000566: 17.1725   (Y': 16.0253   Cb: 17.3871   Cr: 18.4458 )
00000567: 17.1575   (Y': 16.0513   Cb: 17.3684   Cr: 18.3647 )
00000568: 17.2279   (Y': 16.1714   Cb: 17.3714   Cr: 18.4364 )
00000569: 17.3133   (Y': 16.2458   Cb: 17.5058   Cr: 18.4784 )
00000570: 17.3575   (Y': 16.2061   Cb: 17.6634   Cr: 18.5241 )
00000571: 18.088    (Y': 16.4248   Cb: 19.0052   Cr: 19.4922 )
00000573: 17.9399   (Y': 16.4074   Cb: 18.7277   Cr: 19.2313 )
00000572: 17.9269   (Y': 16.2423   Cb: 18.9301   Cr: 19.2796 )
00000574: 17.7204   (Y': 16.4531   Cb: 18.2609   Cr: 18.8096 )
00000575: 16.916    (Y': 15.7646   Cb: 16.9909   Cr: 18.3821 )
00000578: 17.1488   (Y': 15.7615   Cb: 17.5702   Cr: 18.5989 )
00000576: 16.9399   (Y': 16.0406   Cb: 16.9135   Cr: 18.1099 )
00000577: 17.0839   (Y': 15.7638   Cb: 17.3625   Cr: 18.5902 )
Total: 15.8503   (Y': 14.8474   Cb: 15.8266   Cr: 17.189  )
