./ps4_degrader: invalid option -- 'v'
Capturing with the following configuration:
 - Capture device: DeckLink 4K Extreme 12G
 - Video mode: 720p59.94
 - Pixel format: 8 bit BGRA (4:4:4:x)
[libx264 @ 0x1d6fe40] using cpu capabilities: MMX2 SSE2Fast SSSE3 SSE4.2 AVX AVX2 FMA3 LZCNT BMI2
[libx264 @ 0x1d6fe40] profile High 4:2:2 Intra, level 3.1, 4:2:2 8-bit
PLAYBACK (hw timestamp): Frame 182 Displayed Late. Expected (+/- 5%): 50000
	Timestamp delay: 66688
	Hardware timestamp delay: 66736
PLAYBACK (hw timestamp): Frame 196 Displayed Late. Expected (+/- 5%): 50000
	Timestamp delay: 116849
	Hardware timestamp delay: 116780
PLAYBACK (hw timestamp): Frame 265 Displayed Late. Expected (+/- 5%): 50000
	Timestamp delay: 66739
	Hardware timestamp delay: 66662
PLAYBACK (hw timestamp): Frame 269 Displayed Late. Expected (+/- 5%): 50000
	Timestamp delay: 66662
	Hardware timestamp delay: 66800
PLAYBACK (hw timestamp): Frame 292 Displayed Late. Expected (+/- 5%): 50000
	Timestamp delay: 66722
	Hardware timestamp delay: 66709
PLAYBACK (hw timestamp): Frame 306 Displayed Late. Expected (+/- 5%): 50000
	Timestamp delay: 66846
	Hardware timestamp delay: 66713
PLAYBACK (hw timestamp): Frame 317 Displayed Late. Expected (+/- 5%): 50000
	Timestamp delay: 66679
	Hardware timestamp delay: 66723
PLAYBACK (hw timestamp): Frame 321 Displayed Late. Expected (+/- 5%): 50000
	Timestamp delay: 66709
	Hardware timestamp delay: 66735
PLAYBACK (hw timestamp): Frame 331 Displayed Late. Expected (+/- 5%): 50000
	Timestamp delay: 66734
	Hardware timestamp delay: 66745
PLAYBACK (hw timestamp): Frame 335 Displayed Late. Expected (+/- 5%): 50000
	Timestamp delay: 66661
	Hardware timestamp delay: 66706
PLAYBACK (hw timestamp): Frame 370 Displayed Late. Expected (+/- 5%): 50000
	Timestamp delay: 66675
	Hardware timestamp delay: 66699
PLAYBACK (hw timestamp): Frame 379 Displayed Late. Expected (+/- 5%): 50000
	Timestamp delay: 66742
	Hardware timestamp delay: 66706
PLAYBACK (hw timestamp): Frame 397 Displayed Late. Expected (+/- 5%): 50000
	Timestamp delay: 83384
	Hardware timestamp delay: 83372
CAPTURE: dropped a frame (dropped_count=0)
CAPTURE: dropped a frame (dropped_count=1)
PLAYBACK (hw timestamp): Frame 398 Displayed Late. Expected (+/- 5%): 50000
	Timestamp delay: 250261
	Hardware timestamp delay: 250231
PLAYBACK (hw timestamp): Frame 403 Displayed Late. Expected (+/- 5%): 50000
	Timestamp delay: 66687
	Hardware timestamp delay: 66729
PLAYBACK (hw timestamp): Frame 408 Displayed Late. Expected (+/- 5%): 50000
	Timestamp delay: 66800
	Hardware timestamp delay: 66637
PLAYBACK (hw timestamp): Frame 416 Displayed Late. Expected (+/- 5%): 50000
	Timestamp delay: 66640
	Hardware timestamp delay: 66731
PLAYBACK (hw timestamp): Frame 433 Displayed Late. Expected (+/- 5%): 50000
	Timestamp delay: 66734
	Hardware timestamp delay: 66749
PLAYBACK (hw timestamp): Frame 443 Displayed Late. Expected (+/- 5%): 50000
	Timestamp delay: 66745
	Hardware timestamp delay: 66724
PLAYBACK (hw timestamp): Frame 448 Displayed Late. Expected (+/- 5%): 50000
	Timestamp delay: 66720
	Hardware timestamp delay: 66729
PLAYBACK (hw timestamp): Frame 452 Displayed Late. Expected (+/- 5%): 50000
	Timestamp delay: 66721
	Hardware timestamp delay: 66793
PLAYBACK (hw timestamp): Frame 456 Displayed Late. Expected (+/- 5%): 50000
	Timestamp delay: 66729
	Hardware timestamp delay: 66762
PLAYBACK (hw timestamp): Frame 462 Displayed Late. Expected (+/- 5%): 50000
	Timestamp delay: 66763
	Hardware timestamp delay: 66764
PLAYBACK (hw timestamp): Frame 484 Displayed Late. Expected (+/- 5%): 50000
	Timestamp delay: 66829
	Hardware timestamp delay: 66674
PLAYBACK (hw timestamp): Frame 488 Displayed Late. Expected (+/- 5%): 50000
	Timestamp delay: 66738
	Hardware timestamp delay: 66721
PLAYBACK (hw timestamp): Frame 494 Displayed Late. Expected (+/- 5%): 50000
	Timestamp delay: 66689
	Hardware timestamp delay: 66772
PLAYBACK (hw timestamp): Frame 500 Displayed Late. Expected (+/- 5%): 50000
	Timestamp delay: 66905
	Hardware timestamp delay: 66727
PLAYBACK (hw timestamp): Frame 504 Displayed Late. Expected (+/- 5%): 50000
	Timestamp delay: 66830
	Hardware timestamp delay: 66789
PLAYBACK (hw timestamp): Frame 508 Displayed Late. Expected (+/- 5%): 50000
	Timestamp delay: 66633
	Hardware timestamp delay: 66702
PLAYBACK (hw timestamp): Frame 530 Displayed Late. Expected (+/- 5%): 50000
	Timestamp delay: 83476
	Hardware timestamp delay: 83333
PLAYBACK (hw timestamp): Frame 539 Displayed Late. Expected (+/- 5%): 50000
	Timestamp delay: 66672
	Hardware timestamp delay: 66730
PLAYBACK (hw timestamp): Frame 544 Displayed Late. Expected (+/- 5%): 50000
	Timestamp delay: 66717
	Hardware timestamp delay: 66811
PLAYBACK (hw timestamp): Frame 548 Displayed Late. Expected (+/- 5%): 50000
	Timestamp delay: 66736
	Hardware timestamp delay: 66734
PLAYBACK (hw timestamp): Frame 553 Displayed Late. Expected (+/- 5%): 50000
	Timestamp delay: 66748
	Hardware timestamp delay: 66714
PLAYBACK (hw timestamp): Frame 560 Displayed Late. Expected (+/- 5%): 50000
	Timestamp delay: 66768
	Hardware timestamp delay: 66781
PLAYBACK (hw timestamp): Frame 581 Displayed Late. Expected (+/- 5%): 50000
	Timestamp delay: 66729
	Hardware timestamp delay: 66742
[libx264 @ 0x1d6fe40] frame I:594   Avg QP:33.00  size: 32494
[libx264 @ 0x1d6fe40] mb I  I16..4: 25.5% 58.4% 16.1%
[libx264 @ 0x1d6fe40] final ratefactor: 39.74
[libx264 @ 0x1d6fe40] 8x8 transform intra:58.4%
[libx264 @ 0x1d6fe40] coded y,uvDC,uvAC intra: 46.5% 54.2% 13.7%
[libx264 @ 0x1d6fe40] i16 v,h,dc,p: 27% 36% 21% 16%
[libx264 @ 0x1d6fe40] i8 v,h,dc,ddl,ddr,vr,hd,vl,hu: 10% 22% 32%  5%  6%  4%  9%  3%  8%
[libx264 @ 0x1d6fe40] i4 v,h,dc,ddl,ddr,vr,hd,vl,hu: 16% 27% 21%  6%  7%  5%  9%  4%  7%
[libx264 @ 0x1d6fe40] i8c dc,h,v,p: 70% 16% 11%  3%
[libx264 @ 0x1d6fe40] kb/s:5199.02
Stopping Capture
