./ps4_degrader: invalid option -- 'v'
Capturing with the following configuration:
 - Capture device: DeckLink 4K Extreme 12G
 - Video mode: 720p59.94
 - Pixel format: 8 bit BGRA (4:4:4:x)
[libx264 @ 0x25ade40] using cpu capabilities: MMX2 SSE2Fast SSSE3 SSE4.2 AVX AVX2 FMA3 LZCNT BMI2
[libx264 @ 0x25ade40] profile High 4:2:2 Intra, level 3.1, 4:2:2 8-bit
PLAYBACK (hw timestamp): Frame 35 Displayed Late. Expected (+/- 5%): 50000
	Timestamp delay: 66595
	Hardware timestamp delay: 66686
PLAYBACK (hw timestamp): Frame 39 Displayed Late. Expected (+/- 5%): 50000
	Timestamp delay: 66595
	Hardware timestamp delay: 66605
PLAYBACK (hw timestamp): Frame 47 Displayed Late. Expected (+/- 5%): 50000
	Timestamp delay: 66601
	Hardware timestamp delay: 66588
PLAYBACK (hw timestamp): Frame 51 Displayed Late. Expected (+/- 5%): 50000
	Timestamp delay: 66712
	Hardware timestamp delay: 66638
PLAYBACK (hw timestamp): Frame 55 Displayed Late. Expected (+/- 5%): 50000
	Timestamp delay: 66598
	Hardware timestamp delay: 66620
PLAYBACK (hw timestamp): Frame 57 Displayed Late. Expected (+/- 5%): 50000
	Timestamp delay: 66597
	Hardware timestamp delay: 66637
PLAYBACK (hw timestamp): Frame 60 Displayed Late. Expected (+/- 5%): 50000
	Timestamp delay: 66537
	Hardware timestamp delay: 66641
PLAYBACK (hw timestamp): Frame 63 Displayed Late. Expected (+/- 5%): 50000
	Timestamp delay: 66622
	Hardware timestamp delay: 66681
PLAYBACK (hw timestamp): Frame 94 Displayed Late. Expected (+/- 5%): 50000
	Timestamp delay: 66570
	Hardware timestamp delay: 66641
PLAYBACK (hw timestamp): Frame 105 Displayed Late. Expected (+/- 5%): 50000
	Timestamp delay: 66597
	Hardware timestamp delay: 66625
PLAYBACK (hw timestamp): Frame 107 Displayed Late. Expected (+/- 5%): 50000
	Timestamp delay: 66690
	Hardware timestamp delay: 66664
PLAYBACK (hw timestamp): Frame 110 Displayed Late. Expected (+/- 5%): 50000
	Timestamp delay: 66603
	Hardware timestamp delay: 66624
PLAYBACK (hw timestamp): Frame 137 Displayed Late. Expected (+/- 5%): 50000
	Timestamp delay: 66609
	Hardware timestamp delay: 66658
PLAYBACK (hw timestamp): Frame 140 Displayed Late. Expected (+/- 5%): 50000
	Timestamp delay: 66606
	Hardware timestamp delay: 66632
PLAYBACK (hw timestamp): Frame 144 Displayed Late. Expected (+/- 5%): 50000
	Timestamp delay: 66604
	Hardware timestamp delay: 66645
PLAYBACK (hw timestamp): Frame 147 Displayed Late. Expected (+/- 5%): 50000
	Timestamp delay: 66603
	Hardware timestamp delay: 66606
PLAYBACK (hw timestamp): Frame 149 Displayed Late. Expected (+/- 5%): 50000
	Timestamp delay: 66627
	Hardware timestamp delay: 66607
PLAYBACK (callback): Frame 156 Displayed Late. Expected (+/- 5%): 50000
	Timestamp delay: 50050
	Hardware timestamp delay: 54331
PLAYBACK (hw timestamp): Frame 161 Displayed Late. Expected (+/- 5%): 50000
	Timestamp delay: 66596
	Hardware timestamp delay: 66634
PLAYBACK (hw timestamp): Frame 164 Displayed Late. Expected (+/- 5%): 50000
	Timestamp delay: 66607
	Hardware timestamp delay: 67358
PLAYBACK (hw timestamp): Frame 177 Displayed Late. Expected (+/- 5%): 50000
	Timestamp delay: 66607
	Hardware timestamp delay: 66604
PLAYBACK (hw timestamp): Frame 180 Displayed Late. Expected (+/- 5%): 50000
	Timestamp delay: 66679
	Hardware timestamp delay: 66626
PLAYBACK (hw timestamp): Frame 183 Displayed Late. Expected (+/- 5%): 50000
	Timestamp delay: 66674
	Hardware timestamp delay: 66726
PLAYBACK (hw timestamp): Frame 214 Displayed Late. Expected (+/- 5%): 50000
	Timestamp delay: 66705
	Hardware timestamp delay: 66749
PLAYBACK (hw timestamp): Frame 256 Displayed Late. Expected (+/- 5%): 50000
	Timestamp delay: 66631
	Hardware timestamp delay: 66631
PLAYBACK (hw timestamp): Frame 259 Displayed Late. Expected (+/- 5%): 50000
	Timestamp delay: 66730
	Hardware timestamp delay: 66649
PLAYBACK (hw timestamp): Frame 264 Displayed Late. Expected (+/- 5%): 50000
	Timestamp delay: 66630
	Hardware timestamp delay: 66722
PLAYBACK (hw timestamp): Frame 280 Displayed Late. Expected (+/- 5%): 50000
	Timestamp delay: 66640
	Hardware timestamp delay: 66742
CAPTURE: dropped a frame (dropped_count=0)
CAPTURE: dropped a frame (dropped_count=1)
CAPTURE: dropped a frame (dropped_count=2)
PLAYBACK (hw timestamp): Frame 281 Displayed Late. Expected (+/- 5%): 50000
	Timestamp delay: 316968
	Hardware timestamp delay: 316992
PLAYBACK (hw timestamp): Frame 329 Displayed Late. Expected (+/- 5%): 50000
	Timestamp delay: 66618
	Hardware timestamp delay: 66630
PLAYBACK (hw timestamp): Frame 394 Displayed Late. Expected (+/- 5%): 50000
	Timestamp delay: 66694
	Hardware timestamp delay: 66673
PLAYBACK (hw timestamp): Frame 403 Displayed Late. Expected (+/- 5%): 50000
	Timestamp delay: 66570
	Hardware timestamp delay: 66679
PLAYBACK (hw timestamp): Frame 418 Displayed Late. Expected (+/- 5%): 50000
	Timestamp delay: 66627
	Hardware timestamp delay: 66622
PLAYBACK (hw timestamp): Frame 420 Displayed Late. Expected (+/- 5%): 50000
	Timestamp delay: 66699
	Hardware timestamp delay: 66606
PLAYBACK (hw timestamp): Frame 423 Displayed Late. Expected (+/- 5%): 50000
	Timestamp delay: 66632
	Hardware timestamp delay: 66701
PLAYBACK (hw timestamp): Frame 473 Displayed Late. Expected (+/- 5%): 50000
	Timestamp delay: 66667
	Hardware timestamp delay: 66673
PLAYBACK (hw timestamp): Frame 479 Displayed Late. Expected (+/- 5%): 50000
	Timestamp delay: 66603
	Hardware timestamp delay: 66648
PLAYBACK (hw timestamp): Frame 481 Displayed Late. Expected (+/- 5%): 50000
	Timestamp delay: 66710
	Hardware timestamp delay: 66647
PLAYBACK (hw timestamp): Frame 483 Displayed Late. Expected (+/- 5%): 50000
	Timestamp delay: 66597
	Hardware timestamp delay: 66675
PLAYBACK (hw timestamp): Frame 487 Displayed Late. Expected (+/- 5%): 50000
	Timestamp delay: 66617
	Hardware timestamp delay: 66604
PLAYBACK (hw timestamp): Frame 489 Displayed Late. Expected (+/- 5%): 50000
	Timestamp delay: 66493
	Hardware timestamp delay: 66652
PLAYBACK (hw timestamp): Frame 493 Displayed Late. Expected (+/- 5%): 50000
	Timestamp delay: 66614
	Hardware timestamp delay: 66641
PLAYBACK (hw timestamp): Frame 496 Displayed Late. Expected (+/- 5%): 50000
	Timestamp delay: 66517
	Hardware timestamp delay: 66601
PLAYBACK (hw timestamp): Frame 514 Displayed Late. Expected (+/- 5%): 50000
	Timestamp delay: 66728
	Hardware timestamp delay: 66610
PLAYBACK (hw timestamp): Frame 516 Displayed Late. Expected (+/- 5%): 50000
	Timestamp delay: 66603
	Hardware timestamp delay: 66701
PLAYBACK (hw timestamp): Frame 520 Displayed Late. Expected (+/- 5%): 50000
	Timestamp delay: 66627
	Hardware timestamp delay: 66668
PLAYBACK (hw timestamp): Frame 532 Displayed Late. Expected (+/- 5%): 50000
	Timestamp delay: 66603
	Hardware timestamp delay: 66692
PLAYBACK (hw timestamp): Frame 535 Displayed Late. Expected (+/- 5%): 50000
	Timestamp delay: 66513
	Hardware timestamp delay: 66619
PLAYBACK (hw timestamp): Frame 538 Displayed Late. Expected (+/- 5%): 50000
	Timestamp delay: 66597
	Hardware timestamp delay: 66608
PLAYBACK (hw timestamp): Frame 540 Displayed Late. Expected (+/- 5%): 50000
	Timestamp delay: 66602
	Hardware timestamp delay: 66582
PLAYBACK (hw timestamp): Frame 544 Displayed Late. Expected (+/- 5%): 50000
	Timestamp delay: 66596
	Hardware timestamp delay: 66691
PLAYBACK (hw timestamp): Frame 553 Displayed Late. Expected (+/- 5%): 50000
	Timestamp delay: 66678
	Hardware timestamp delay: 66652
PLAYBACK (hw timestamp): Frame 555 Displayed Late. Expected (+/- 5%): 50000
	Timestamp delay: 66595
	Hardware timestamp delay: 66646
PLAYBACK (hw timestamp): Frame 559 Displayed Late. Expected (+/- 5%): 50000
	Timestamp delay: 66508
	Hardware timestamp delay: 66687
PLAYBACK (hw timestamp): Frame 562 Displayed Late. Expected (+/- 5%): 50000
	Timestamp delay: 66596
	Hardware timestamp delay: 66667
PLAYBACK (hw timestamp): Frame 565 Displayed Late. Expected (+/- 5%): 50000
	Timestamp delay: 66630
	Hardware timestamp delay: 66713
PLAYBACK (hw timestamp): Frame 568 Displayed Late. Expected (+/- 5%): 50000
	Timestamp delay: 66659
	Hardware timestamp delay: 66725
PLAYBACK (hw timestamp): Frame 570 Displayed Late. Expected (+/- 5%): 50000
	Timestamp delay: 66639
	Hardware timestamp delay: 66650
