00000002: 12.2533   (Y': 8.82116   Cb: 16.3296   Cr: 16.1809 )
00000000: 12.2431   (Y': 8.82741   Cb: 16.2894   Cr: 16.1106 )
00000001: 12.2359   (Y': 8.82893   Cb: 16.3066   Cr: 16.0341 )
00000006: 12.2319   (Y': 8.80459   Cb: 16.2804   Cr: 16.1603 )
00000003: 12.2226   (Y': 8.78467   Cb: 16.3286   Cr: 16.1532 )
00000007: 12.2629   (Y': 8.84027   Cb: 16.2823   Cr: 16.194  )
00000004: 12.2567   (Y': 8.82715   Cb: 16.3205   Cr: 16.182  )
00000005: 12.248    (Y': 8.81089   Cb: 16.3594   Cr: 16.1691 )
00000008: 12.2518   (Y': 8.82857   Cb: 16.3057   Cr: 16.1527 )
00000010: 12.234    (Y': 8.80881   Cb: 16.2547   Cr: 16.1779 )
00000011: 12.2539   (Y': 8.83732   Cb: 16.2279   Cr: 16.1967 )
00000009: 12.2119   (Y': 8.7766    Cb: 16.3168   Cr: 16.1288 )
00000012: 12.2489   (Y': 8.81858   Cb: 16.3074   Cr: 16.1839 )
00000014: 12.27     (Y': 8.86445   Cb: 16.277    Cr: 16.121  )
00000013: 12.2484   (Y': 8.82696   Cb: 16.2986   Cr: 16.1432 )
00000015: 12.2545   (Y': 8.85207   Cb: 16.2389   Cr: 16.111  )
00000016: 12.245    (Y': 8.82895   Cb: 16.2238   Cr: 16.1805 )
00000020: 12.2749   (Y': 8.88913   Cb: 16.1646   Cr: 16.1359 )
00000017: 12.2396   (Y': 8.83731   Cb: 16.1737   Cr: 16.1447 )
00000019: 12.2393   (Y': 8.83202   Cb: 16.1858   Cr: 16.1588 )
00000018: 12.2428   (Y': 8.83769   Cb: 16.2018   Cr: 16.1383 )
00000022: 12.2583   (Y': 8.86117   Cb: 16.1364   Cr: 16.1916 )
00000023: 12.2695   (Y': 8.86785   Cb: 16.1524   Cr: 16.2229 )
00000021: 12.28     (Y': 8.88404   Cb: 16.1718   Cr: 16.1931 )
00000024: 12.2301   (Y': 8.82511   Cb: 16.1205   Cr: 16.1938 )
00000026: 12.2647   (Y': 8.84269   Cb: 16.2275   Cr: 16.2488 )
00000025: 12.2479   (Y': 8.84595   Cb: 16.1522   Cr: 16.1809 )
00000027: 12.2779   (Y': 8.85373   Cb: 16.2132   Cr: 16.302  )
00000028: 12.2513   (Y': 8.81643   Cb: 16.2648   Cr: 16.2553 )
00000031: 12.2536   (Y': 8.808     Cb: 16.259    Cr: 16.3261 )
00000030: 12.2617   (Y': 8.82187   Cb: 16.319    Cr: 16.2502 )
00000029: 12.2849   (Y': 8.83856   Cb: 16.3419   Cr: 16.3095 )
00000032: 12.2354   (Y': 8.77912   Cb: 16.279    Cr: 16.3293 )
00000035: 12.2906   (Y': 8.85355   Cb: 16.279    Cr: 16.3322 )
00000034: 12.2445   (Y': 8.79725   Cb: 16.2845   Cr: 16.2913 )
00000033: 12.2388   (Y': 8.78511   Cb: 16.31     Cr: 16.2906 )
00000038: 12.3824   (Y': 8.95792   Cb: 16.3822   Cr: 16.3429 )
00000036: 12.2864   (Y': 8.83075   Cb: 16.3862   Cr: 16.3206 )
00000039: 12.4282   (Y': 8.98609   Cb: 16.4806   Cr: 16.4337 )
00000037: 12.3659   (Y': 8.926     Cb: 16.4132   Cr: 16.3641 )
00000040: 12.531    (Y': 9.12793   Cb: 16.4906   Cr: 16.4149 )
00000041: 12.5634   (Y': 9.17058   Cb: 16.5012   Cr: 16.4142 )
00000042: 12.6113   (Y': 9.22438   Cb: 16.5206   Cr: 16.4591 )
00000043: 12.6981   (Y': 9.32129   Cb: 16.5403   Cr: 16.5593 )
00000044: 12.7279   (Y': 9.3648    Cb: 16.5565   Cr: 16.5304 )
00000045: 12.7569   (Y': 9.38846   Cb: 16.5749   Cr: 16.5982 )
00000046: 12.8481   (Y': 9.49599   Cb: 16.6543   Cr: 16.6159 )
00000047: 12.8165   (Y': 9.46925   Cb: 16.5756   Cr: 16.6061 )
00000048: 12.9334   (Y': 9.6196    Cb: 16.6396   Cr: 16.606  )
00000049: 12.9544   (Y': 9.64962   Cb: 16.6634   Cr: 16.5795 )
00000050: 12.9868   (Y': 9.69821   Cb: 16.6908   Cr: 16.5377 )
00000052: 13.0078   (Y': 9.70517   Cb: 16.6942   Cr: 16.6448 )
00000051: 12.9852   (Y': 9.68238   Cb: 16.6452   Cr: 16.6496 )
00000053: 12.99     (Y': 9.70475   Cb: 16.6563   Cr: 16.5614 )
00000054: 13.0645   (Y': 9.80272   Cb: 16.613    Cr: 16.6395 )
00000055: 13.095    (Y': 9.82375   Cb: 16.6031   Cr: 16.7571 )
00000056: 13.04     (Y': 9.78545   Cb: 16.5661   Cr: 16.6024 )
00000057: 13.111    (Y': 9.89026   Cb: 16.5405   Cr: 16.6108 )
00000058: 13.1287   (Y': 9.92535   Cb: 16.5419   Cr: 16.5641 )
00000059: 13.1446   (Y': 9.95749   Cb: 16.5309   Cr: 16.5324 )
00000060: 13.134    (Y': 9.96085   Cb: 16.4862   Cr: 16.4928 )
00000061: 13.1164   (Y': 9.95263   Cb: 16.4532   Cr: 16.4484 )
00000062: 13.0611   (Y': 9.92034   Cb: 16.3784   Cr: 16.3111 )
00000063: 13.0834   (Y': 9.95906   Cb: 16.3469   Cr: 16.3153 )
00000065: 13.0485   (Y': 9.9649    Cb: 16.2526   Cr: 16.1662 )
00000064: 13.0826   (Y': 9.97199   Cb: 16.3116   Cr: 16.2897 )
00000066: 13.0327   (Y': 9.96122   Cb: 16.1928   Cr: 16.1434 )
00000068: 13.0337   (Y': 9.99863   Cb: 16.1189   Cr: 16.0689 )
00000067: 13.0145   (Y': 9.94287   Cb: 16.1216   Cr: 16.1788 )
00000069: 13.0337   (Y': 10.0184   Cb: 16.0732   Cr: 16.0354 )
00000071: 13.0434   (Y': 10.0472   Cb: 16.1591   Cr: 15.8961 )
00000070: 12.9906   (Y': 9.99659   Cb: 15.9862   Cr: 15.951  )
00000072: 12.9489   (Y': 9.96443   Cb: 15.9587   Cr: 15.8577 )
00000073: 12.8987   (Y': 9.94008   Cb: 15.8483   Cr: 15.7668 )
00000075: 12.8682   (Y': 9.91676   Cb: 15.7248   Cr: 15.8015 )
00000074: 12.8513   (Y': 9.8803    Cb: 15.7933   Cr: 15.7747 )
00000077: 12.8511   (Y': 9.92181   Cb: 15.6861   Cr: 15.7216 )
00000076: 12.894    (Y': 9.94126   Cb: 15.7702   Cr: 15.8125 )
00000078: 12.822    (Y': 9.91693   Cb: 15.6658   Cr: 15.5926 )
00000079: 12.8387   (Y': 9.9546    Cb: 15.6146   Cr: 15.5997 )
00000080: 12.7582   (Y': 9.89202   Cb: 15.4857   Cr: 15.5019 )
00000081: 12.7779   (Y': 9.91964   Cb: 15.5238   Cr: 15.4749 )
00000083: 12.7292   (Y': 9.86483   Cb: 15.4866   Cr: 15.437  )
00000082: 12.7235   (Y': 9.88162   Cb: 15.4673   Cr: 15.3643 )
00000084: 12.7048   (Y': 9.84773   Cb: 15.5202   Cr: 15.3298 )
00000086: 12.6817   (Y': 9.82742   Cb: 15.5254   Cr: 15.2703 )
00000085: 12.6873   (Y': 9.83      Cb: 15.5424   Cr: 15.2754 )
00000087: 12.6201   (Y': 9.77374   Cb: 15.4848   Cr: 15.1615 )
00000088: 12.4671   (Y': 9.64873   Cb: 15.3316   Cr: 14.9128 )
00000089: 12.496    (Y': 9.73393   Cb: 15.2366   Cr: 14.8689 )
00000090: 12.5345   (Y': 9.77113   Cb: 15.2906   Cr: 14.8974 )
00000091: 12.4874   (Y': 9.69079   Cb: 15.2748   Cr: 14.9309 )
00000094: 12.3831   (Y': 9.61843   Cb: 14.9654   Cr: 14.9154 )
00000092: 12.5127   (Y': 9.78043   Cb: 15.1508   Cr: 14.884  )
00000093: 12.4615   (Y': 9.72282   Cb: 15.064    Cr: 14.8872 )
00000095: 12.4054   (Y': 9.63817   Cb: 15.026    Cr: 14.9088 )
00000096: 12.4012   (Y': 9.60555   Cb: 15.0576   Cr: 14.9662 )
00000097: 12.4013   (Y': 9.61842   Cb: 15.0188   Cr: 14.9606 )
00000098: 12.468    (Y': 9.72502   Cb: 15.0177   Cr: 14.9597 )
00000099: 12.5449   (Y': 9.79128   Cb: 15.1007   Cr: 15.0662 )
00000100: 12.5029   (Y': 9.68481   Cb: 15.1485   Cr: 15.1569 )
00000101: 12.5413   (Y': 9.73385   Cb: 15.1804   Cr: 15.1644 )
00000102: 12.5865   (Y': 9.77655   Cb: 15.244    Cr: 15.2    )
00000103: 12.6206   (Y': 9.82006   Cb: 15.2964   Cr: 15.1831 )
00000104: 12.7491   (Y': 9.94139   Cb: 15.3912   Cr: 15.3697 )
00000105: 12.7862   (Y': 9.99224   Cb: 15.3575   Cr: 15.43   )
00000106: 12.8782   (Y': 10.0793   Cb: 15.4859   Cr: 15.5026 )
00000107: 12.9893   (Y': 10.1952   Cb: 15.6383   Cr: 15.5562 )
00000108: 13.1921   (Y': 10.4271   Cb: 15.8478   Cr: 15.654  )
00000109: 13.215    (Y': 10.4643   Cb: 15.8809   Cr: 15.62   )
00000110: 13.3403   (Y': 10.6351   Cb: 16.0697   Cr: 15.5421 )
00000111: 13.3629   (Y': 10.6787   Cb: 16.0921   Cr: 15.5009 )
00000112: 13.3367   (Y': 10.6235   Cb: 16.0445   Cr: 15.5831 )
00000113: 13.4112   (Y': 10.7286   Cb: 16.0661   Cr: 15.6097 )
00000114: 13.3634   (Y': 10.6727   Cb: 16.0694   Cr: 15.5415 )
00000116: 13.3029   (Y': 10.53     Cb: 16.1635   Cr: 15.603  )
00000117: 13.1811   (Y': 10.3766   Cb: 16.0602   Cr: 15.5677 )
00000118: 13.1088   (Y': 10.2976   Cb: 15.9359   Cr: 15.5647 )
00000115: 13.3468   (Y': 10.6189   Cb: 16.1168   Cr: 15.5834 )
00000119: 13.1203   (Y': 10.2771   Cb: 16.0169   Cr: 15.6211 )
00000120: 13.0967   (Y': 10.1741   Cb: 16.1327   Cr: 15.7494 )
00000121: 13.1074   (Y': 10.1824   Cb: 16.114    Cr: 15.7961 )
00000124: 13.013    (Y': 10.0314   Cb: 16.0168   Cr: 15.9165 )
00000122: 13.0441   (Y': 10.0879   Cb: 16.036    Cr: 15.862  )
00000123: 13.0081   (Y': 10.0339   Cb: 16.0265   Cr: 15.8694 )
00000125: 13.1023   (Y': 10.1615   Cb: 15.9858   Cr: 15.968  )
00000126: 13.0156   (Y': 10.0803   Cb: 15.9851   Cr: 15.7768 )
00000127: 13.0109   (Y': 10.081    Cb: 15.9576   Cr: 15.774  )
00000128: 12.9613   (Y': 10.0417   Cb: 15.9688   Cr: 15.6295 )
00000129: 13.0041   (Y': 10.1058   Cb: 15.9485   Cr: 15.6538 )
00000130: 13.0317   (Y': 10.1746   Cb: 15.9486   Cr: 15.5618 )
00000131: 13.0446   (Y': 10.1794   Cb: 15.8646   Cr: 15.6939 )
00000134: 13.0329   (Y': 10.1954   Cb: 15.6142   Cr: 15.822  )
00000132: 13.1476   (Y': 10.2951   Cb: 15.8309   Cr: 15.8862 )
00000133: 13.091    (Y': 10.1995   Cb: 15.7851   Cr: 15.9628 )
00000135: 13.062    (Y': 10.2221   Cb: 15.6643   Cr: 15.838  )
00000136: 13.1102   (Y': 10.2775   Cb: 15.6138   Cr: 15.9644 )
00000137: 13.1462   (Y': 10.2928   Cb: 15.6438   Cr: 16.0848 )
00000138: 13.2425   (Y': 10.3787   Cb: 15.755    Cr: 16.2039 )
00000139: 13.2911   (Y': 10.3772   Cb: 15.8864   Cr: 16.3559 )
00000140: 13.3444   (Y': 10.3861   Cb: 16.1441   Cr: 16.3633 )
00000142: 13.4147   (Y': 10.4723   Cb: 16.2461   Cr: 16.3392 )
00000141: 13.3498   (Y': 10.4126   Cb: 16.0611   Cr: 16.3797 )
00000143: 13.4064   (Y': 10.4547   Cb: 16.3616   Cr: 16.2428 )
00000144: 13.3263   (Y': 10.4147   Cb: 16.1945   Cr: 16.0974 )
00000145: 13.2832   (Y': 10.4076   Cb: 16.1356   Cr: 15.9386 )
00000146: 13.2566   (Y': 10.3624   Cb: 16.1129   Cr: 15.9758 )
00000148: 13.2994   (Y': 10.3916   Cb: 16.242    Cr: 15.9852 )
00000147: 13.3236   (Y': 10.448    Cb: 16.1852   Cr: 15.97   )
00000149: 13.3136   (Y': 10.4074   Cb: 16.1291   Cr: 16.1168 )
00000150: 13.2058   (Y': 10.2373   Cb: 15.9642   Cr: 16.3102 )
00000151: 13.1852   (Y': 10.2762   Cb: 15.9391   Cr: 16.061  )
00000152: 13.0542   (Y': 10.0847   Cb: 15.7302   Cr: 16.2532 )
00000153: 13.018    (Y': 10.0669   Cb: 15.6158   Cr: 16.2303 )
00000154: 13.0505   (Y': 10.1073   Cb: 15.5395   Cr: 16.3579 )
00000155: 13.0861   (Y': 10.1042   Cb: 15.5959   Cr: 16.5353 )
00000156: 13.008    (Y': 10.0262   Cb: 15.4874   Cr: 16.4945 )
00000157: 12.9955   (Y': 10.0278   Cb: 15.4413   Cr: 16.4623 )
00000158: 13.0241   (Y': 10.0481   Cb: 15.5066   Cr: 16.4809 )
00000159: 12.9923   (Y': 10.0381   Cb: 15.3835   Cr: 16.4691 )
00000161: 12.9395   (Y': 10.0095   Cb: 15.3965   Cr: 16.2306 )
00000160: 12.9828   (Y': 10.0113   Cb: 15.4377   Cr: 16.4549 )
00000162: 12.865    (Y': 9.99878   Cb: 15.2271   Cr: 16.0094 )
00000163: 12.9038   (Y': 10.0408   Cb: 15.3728   Cr: 15.9115 )
00000164: 12.7595   (Y': 9.93973   Cb: 15.1141   Cr: 15.732  )
00000165: 12.745    (Y': 9.87392   Cb: 15.2345   Cr: 15.7607 )
00000166: 12.7689   (Y': 9.94671   Cb: 15.1167   Cr: 15.7589 )
00000167: 12.7351   (Y': 9.91919   Cb: 15.0399   Cr: 15.751  )
00000169: 12.6745   (Y': 9.88136   Cb: 14.9802   Cr: 15.6032 )
00000168: 12.7359   (Y': 9.92916   Cb: 15.0821   Cr: 15.6688 )
00000170: 12.5657   (Y': 9.78448   Cb: 14.7752   Cr: 15.5628 )
00000171: 12.5363   (Y': 9.78895   Cb: 14.6073   Cr: 15.5746 )
00000172: 12.347    (Y': 9.63026   Cb: 14.4497   Cr: 15.233  )
00000173: 12.3306   (Y': 9.61765   Cb: 14.2737   Cr: 15.4017 )
00000174: 12.2298   (Y': 9.61701   Cb: 13.9583   Cr: 15.2116 )
00000175: 12.1075   (Y': 9.55473   Cb: 13.6814   Cr: 15.0833 )
00000176: 12.0455   (Y': 9.54346   Cb: 13.5369   Cr: 14.9569 )
00000177: 12.0711   (Y': 9.62926   Cb: 13.5302   Cr: 14.8223 )
00000178: 11.9253   (Y': 9.47898   Cb: 13.4261   Cr: 14.6355 )
00000179: 11.8872   (Y': 9.47063   Cb: 13.3513   Cr: 14.5491 )
00000180: 11.9359   (Y': 9.49994   Cb: 13.5389   Cr: 14.4822 )
00000181: 11.9786   (Y': 9.61184   Cb: 13.4583   Cr: 14.4644 )
00000182: 12.0959   (Y': 9.71452   Cb: 13.6041   Cr: 14.5909 )
00000183: 12.1623   (Y': 9.80658   Cb: 13.5957   Cr: 14.6732 )
00000184: 12.1802   (Y': 9.80906   Cb: 13.6273   Cr: 14.7213 )
00000185: 12.2827   (Y': 9.89009   Cb: 13.8463   Cr: 14.7431 )
00000186: 12.3123   (Y': 9.89427   Cb: 13.8159   Cr: 14.9278 )
00000187: 12.3184   (Y': 9.90639   Cb: 13.8397   Cr: 14.892  )
00000188: 12.3843   (Y': 9.93498   Cb: 13.9919   Cr: 14.9668 )
00000190: 12.9312   (Y': 10.304    Cb: 14.8645   Cr: 15.7039 )
00000189: 12.5425   (Y': 10.0521   Cb: 14.2886   Cr: 15.0861 )
00000191: 13.0065   (Y': 10.458    Cb: 14.8148   Cr: 15.6637 )
00000192: 13.3378   (Y': 10.757    Cb: 15.2356   Cr: 15.995  )
00000193: 13.0663   (Y': 10.5085   Cb: 14.9825   Cr: 15.6263 )
00000194: 13.0742   (Y': 10.4962   Cb: 14.9494   Cr: 15.7491 )
00000195: 13.23     (Y': 10.6273   Cb: 15.2244   Cr: 15.8467 )
00000196: 13.472    (Y': 10.7399   Cb: 15.7667   Cr: 16.1923 )
00000197: 13.5288   (Y': 10.7721   Cb: 15.859    Cr: 16.2971 )
00000198: 13.4864   (Y': 10.7037   Cb: 15.7893   Cr: 16.38   )
00000199: 13.4501   (Y': 10.6685   Cb: 15.7377   Cr: 16.3572 )
00000200: 13.4237   (Y': 10.6383   Cb: 15.6667   Cr: 16.3964 )
00000201: 13.3828   (Y': 10.551    Cb: 15.7696   Cr: 16.3642 )
00000202: 13.308    (Y': 10.4296   Cb: 15.7483   Cr: 16.4087 )
00000203: 13.3196   (Y': 10.4492   Cb: 15.7207   Cr: 16.4347 )
00000204: 13.1672   (Y': 10.2482   Cb: 15.6471   Cr: 16.3853 )
00000205: 13.1395   (Y': 10.1928   Cb: 15.7243   Cr: 16.3493 )
00000206: 13.0789   (Y': 10.1468   Cb: 15.5858   Cr: 16.319  )
00000207: 13.0275   (Y': 10.0573   Cb: 15.6622   Cr: 16.2774 )
00000208: 13.0594   (Y': 10.0915   Cb: 15.663    Cr: 16.335  )
00000209: 12.9978   (Y': 10.0356   Cb: 15.5743   Cr: 16.2811 )
00000210: 13.0102   (Y': 10.0606   Cb: 15.5258   Cr: 16.3132 )
00000211: 12.9587   (Y': 10.0049   Cb: 15.5262   Cr: 16.2175 )
00000212: 12.9333   (Y': 9.87718   Cb: 15.8738   Cr: 16.206  )
00000215: 12.8985   (Y': 9.8035    Cb: 15.9168   Cr: 16.2563 )
00000213: 12.9464   (Y': 9.8659    Cb: 15.9038   Cr: 16.3068 )
00000214: 12.8728   (Y': 9.77464   Cb: 15.8683   Cr: 16.2696 )
00000216: 12.9364   (Y': 9.73047   Cb: 16.1787   Cr: 16.563  )
00000217: 12.9393   (Y': 9.74914   Cb: 16.1572   Cr: 16.5168 )
00000218: 12.8445   (Y': 9.63387   Cb: 16.1574   Cr: 16.4174 )
00000219: 12.8069   (Y': 9.6152    Cb: 16.1017   Cr: 16.3097 )
00000220: 12.7498   (Y': 9.50157   Cb: 16.0418   Cr: 16.5298 )
00000222: 12.6483   (Y': 9.39978   Cb: 15.7107   Cr: 16.7021 )
00000221: 12.7344   (Y': 9.4787    Cb: 15.9629   Cr: 16.625  )
00000223: 12.6185   (Y': 9.38194   Cb: 15.6453   Cr: 16.653  )
00000224: 12.6258   (Y': 9.42088   Cb: 15.5415   Cr: 16.6347 )
00000225: 12.6048   (Y': 9.40567   Cb: 15.4861   Cr: 16.6277 )
00000226: 12.6214   (Y': 9.46115   Cb: 15.4382   Cr: 16.5255 )
00000227: 12.5849   (Y': 9.46004   Cb: 15.3765   Cr: 16.3449 )
00000228: 12.6726   (Y': 9.56599   Cb: 15.4527   Cr: 16.359  )
00000229: 12.7295   (Y': 9.6155    Cb: 15.5126   Cr: 16.4476 )
00000230: 13.005    (Y': 9.81755   Cb: 15.9255   Cr: 16.917  )
00000231: 13.7284   (Y': 10.6268   Cb: 16.5958   Cr: 17.2859 )
00000232: 14.0341   (Y': 10.9347   Cb: 16.7909   Cr: 17.7145 )
00000234: 12.5359   (Y': 9.38753   Cb: 15.06     Cr: 16.7824 )
00000233: 13.537    (Y': 10.4114   Cb: 16.1794   Cr: 17.495  )
00000235: 12.4182   (Y': 9.28986   Cb: 14.8404   Cr: 16.7083 )
00000236: 12.6393   (Y': 9.59855   Cb: 14.993    Cr: 16.5721 )
00000237: 12.6659   (Y': 9.62466   Cb: 14.9834   Cr: 16.6537 )
00000239: 12.7144   (Y': 9.60689   Cb: 15.3201   Cr: 16.6299 )
00000240: 13.4056   (Y': 10.3659   Cb: 15.9944   Cr: 17.0158 )
00000238: 12.948    (Y': 9.82669   Cb: 15.5678   Cr: 16.9145 )
00000241: 13.3552   (Y': 10.3528   Cb: 15.9358   Cr: 16.8071 )
00000242: 12.8695   (Y': 9.8377    Cb: 15.3997   Cr: 16.5184 )
00000243: 12.8681   (Y': 9.82643   Cb: 15.4043   Cr: 16.5555 )
00000245: 13.521    (Y': 10.471    Cb: 16.2628   Cr: 16.9912 )
00000244: 13.26     (Y': 10.2014   Cb: 15.993    Cr: 16.78   )
00000246: 13.4765   (Y': 10.447    Cb: 16.1897   Cr: 16.8895 )
00000248: 13.5923   (Y': 10.5235   Cb: 16.431    Cr: 17.0336 )
00000247: 13.4923   (Y': 10.4885   Cb: 16.1873   Cr: 16.8145 )
00000249: 13.6435   (Y': 10.5106   Cb: 16.5934   Cr: 17.251  )
00000250: 13.7461   (Y': 10.5613   Cb: 16.8368   Cr: 17.44   )
00000251: 13.722    (Y': 10.4458   Cb: 17.0458   Cr: 17.6098 )
00000252: 13.8326   (Y': 10.5559   Cb: 17.2103   Cr: 17.6619 )
00000253: 13.8375   (Y': 10.5788   Cb: 17.1988   Cr: 17.5939 )
00000254: 13.7294   (Y': 10.4245   Cb: 17.2576   Cr: 17.5404 )
00000255: 13.6582   (Y': 10.324    Cb: 17.2396   Cr: 17.5654 )
00000256: 13.4896   (Y': 10.1875   Cb: 17.0022   Cr: 17.3026 )
00000257: 13.4335   (Y': 10.1324   Cb: 16.9183   Cr: 17.2718 )
00000258: 13.277    (Y': 10.0053   Cb: 16.4796   Cr: 17.2828 )
00000259: 13.2127   (Y': 9.88553   Cb: 16.515    Cr: 17.4016 )
00000261: 13.129    (Y': 9.68094   Cb: 16.6747   Cr: 17.7398 )
00000260: 13.2157   (Y': 9.84848   Cb: 16.5662   Cr: 17.5766 )
00000262: 12.9986   (Y': 9.5331    Cb: 16.5374   Cr: 17.732  )
00000263: 12.891    (Y': 9.43269   Cb: 16.3955   Cr: 17.6223 )
00000264: 12.7183   (Y': 9.26939   Cb: 16.2855   Cr: 17.3073 )
00000266: 12.528    (Y': 9.11413   Cb: 16.0237   Cr: 16.9879 )
00000265: 12.6332   (Y': 9.19255   Cb: 16.217    Cr: 17.1489 )
00000267: 12.4324   (Y': 9.04043   Cb: 15.875    Cr: 16.8255 )
00000269: 12.2681   (Y': 8.88749   Cb: 15.7646   Cr: 16.5285 )
00000268: 12.3726   (Y': 8.99324   Cb: 15.8134   Cr: 16.693  )
00000270: 12.1456   (Y': 8.85318   Cb: 15.5529   Cr: 16.0237 )
00000272: 11.9634   (Y': 8.74698   Cb: 15.3038   Cr: 15.5352 )
00000271: 12.1018   (Y': 8.83647   Cb: 15.4867   Cr: 15.8659 )
00000273: 11.9188   (Y': 8.70154   Cb: 15.2916   Cr: 15.4603 )
00000274: 11.7797   (Y': 8.59809   Cb: 15.1146   Cr: 15.1947 )
00000275: 11.6964   (Y': 8.51749   Cb: 15.0489   Cr: 15.0813 )
00000276: 11.4357   (Y': 8.3449    Cb: 14.6041   Cr: 14.6191 )
00000277: 11.2832   (Y': 8.24065   Cb: 14.3782   Cr: 14.3391 )
00000279: 11.01     (Y': 8.02146   Cb: 13.9403   Cr: 14.0142 )
00000278: 11.0614   (Y': 8.06002   Cb: 14.0442   Cr: 14.0634 )
00000280: 10.9453   (Y': 7.9947    Cb: 13.8047   Cr: 13.8727 )
00000281: 10.9819   (Y': 8.03113   Cb: 13.8551   Cr: 13.8961 )
00000282: 11.0008   (Y': 8.08659   Cb: 13.6904   Cr: 13.9639 )
00000283: 11.0208   (Y': 8.11546   Cb: 13.6893   Cr: 13.9723 )
00000284: 11.0431   (Y': 8.18321   Cb: 13.6257   Cr: 13.9138 )
00000286: 11.1196   (Y': 8.27067   Cb: 13.6992   Cr: 13.9529 )
00000285: 11.0439   (Y': 8.15357   Cb: 13.6735   Cr: 13.9795 )
00000287: 11.1777   (Y': 8.3669    Cb: 13.6178   Cr: 14.0208 )
00000289: 11.2537   (Y': 8.43005   Cb: 13.6382   Cr: 14.207  )
00000288: 11.2331   (Y': 8.39795   Cb: 13.695    Cr: 14.1422 )
00000290: 11.3278   (Y': 8.50906   Cb: 13.6642   Cr: 14.3174 )
00000291: 11.3673   (Y': 8.56383   Cb: 13.6325   Cr: 14.3825 )
00000292: 11.3892   (Y': 8.59931   Cb: 13.5952   Cr: 14.4236 )
00000294: 11.4521   (Y': 8.70603   Cb: 13.5575   Cr: 14.443  )
00000293: 11.368    (Y': 8.62175   Cb: 13.4411   Cr: 14.3996 )
00000295: 11.5058   (Y': 8.76841   Cb: 13.5875   Cr: 14.4933 )
00000296: 11.5258   (Y': 8.80044   Cb: 13.6156   Cr: 14.4589 )
00000298: 11.5504   (Y': 8.9587    Cb: 13.505    Cr: 14.177  )
00000297: 11.5278   (Y': 8.87197   Cb: 13.558    Cr: 14.2838 )
00000299: 11.5345   (Y': 8.96606   Cb: 13.4797   Cr: 14.0955 )
00000300: 11.5629   (Y': 9.02391   Cb: 13.4683   Cr: 14.0745 )
00000301: 11.5156   (Y': 8.98977   Cb: 13.3917   Cr: 14.0191 )
00000303: 11.3177   (Y': 8.83253   Cb: 13.1193   Cr: 13.7793 )
00000302: 11.4163   (Y': 8.91215   Cb: 13.2686   Cr: 13.8787 )
00000304: 11.1276   (Y': 8.74472   Cb: 12.7807   Cr: 13.4517 )
00000305: 11.1257   (Y': 8.72811   Cb: 12.7902   Cr: 13.48   )
00000306: 10.8398   (Y': 8.47777   Cb: 12.4418   Cr: 13.1623 )
00000307: 10.7468   (Y': 8.40842   Cb: 12.2717   Cr: 13.0918 )
00000308: 10.6305   (Y': 8.31173   Cb: 12.1663   Cr: 12.9052 )
00000309: 10.5972   (Y': 8.29579   Cb: 12.0702   Cr: 12.8972 )
00000311: 10.5025   (Y': 8.16209   Cb: 12.11     Cr: 12.7555 )
00000310: 10.506    (Y': 8.18312   Cb: 12.0689   Cr: 12.7605 )
00000312: 10.5929   (Y': 8.25258   Cb: 12.2611   Cr: 12.7762 )
00000313: 10.6694   (Y': 8.32234   Cb: 12.2856   Cr: 12.9316 )
00000314: 10.6997   (Y': 8.35787   Cb: 12.3604   Cr: 12.8957 )
00000315: 10.7277   (Y': 8.39476   Cb: 12.3872   Cr: 12.9002 )
00000316: 10.7521   (Y': 8.35829   Cb: 12.5168   Cr: 12.9809 )
00000317: 10.8106   (Y': 8.41961   Cb: 12.6125   Cr: 12.9902 )
00000318: 10.8427   (Y': 8.46557   Cb: 12.6457   Cr: 12.9815 )
00000319: 10.8447   (Y': 8.43348   Cb: 12.7171   Cr: 13.0062 )
00000320: 10.9127   (Y': 8.57242   Cb: 12.68     Cr: 12.9869 )
00000321: 10.9194   (Y': 8.60305   Cb: 12.6307   Cr: 12.9885 )
00000322: 10.9281   (Y': 8.63468   Cb: 12.6166   Cr: 12.9591 )
00000323: 10.0559   (Y': 7.69423   Cb: 11.8339   Cr: 12.1781 )
00000324: 10.0255   (Y': 7.60535   Cb: 11.9223   Cr: 12.1867 )
00000325: 10.3909   (Y': 8.03646   Cb: 12.2083   Cr: 12.4512 )
00000328: 9.95378   (Y': 7.54137   Cb: 11.8711   Cr: 12.0711 )
00000326: 9.96665   (Y': 7.60498   Cb: 11.8017   Cr: 12.0281 )
00000327: 9.87424   (Y': 7.46403   Cb: 11.7892   Cr: 11.9878 )
00000329: 9.95473   (Y': 7.53329   Cb: 11.8842   Cr: 12.085  )
00000330: 9.96943   (Y': 7.55072   Cb: 11.8836   Cr: 12.108  )
00000331: 9.96969   (Y': 7.54783   Cb: 11.9046   Cr: 12.0955 )
00000332: 9.97309   (Y': 7.5277    Cb: 11.962    Cr: 12.1101 )
00000333: 9.9878    (Y': 7.52713   Cb: 12.0124   Cr: 12.1319 )
00000335: 10.0321   (Y': 7.60217   Cb: 11.9796   Cr: 12.1677 )
00000334: 10.0055   (Y': 7.56022   Cb: 11.9631   Cr: 12.1745 )
00000338: 10.4202   (Y': 7.86504   Cb: 12.7457   Cr: 12.5413 )
00000336: 10.3042   (Y': 7.80418   Cb: 12.4501   Cr: 12.4394 )
00000337: 10.352    (Y': 7.83706   Cb: 12.5579   Cr: 12.4713 )
00000340: 10.4974   (Y': 7.96874   Cb: 12.7494   Cr: 12.612  )
00000339: 10.3962   (Y': 7.84132   Cb: 12.6887   Cr: 12.5484 )
00000341: 10.5154   (Y': 7.98231   Cb: 12.787    Cr: 12.6239 )
00000342: 10.5109   (Y': 7.99019   Cb: 12.7424   Cr: 12.6222 )
00000343: 10.5031   (Y': 7.96731   Cb: 12.6996   Cr: 12.6929 )
00000344: 10.4783   (Y': 7.96019   Cb: 12.6048   Cr: 12.6863 )
00000345: 10.4548   (Y': 7.92014   Cb: 12.5884   Cr: 12.7051 )
00000346: 10.3295   (Y': 7.79655   Cb: 12.4457   Cr: 12.5926 )
00000347: 10.315    (Y': 7.79866   Cb: 12.3887   Cr: 12.5719 )
00000348: 10.1986   (Y': 7.68934   Cb: 12.2815   Cr: 12.4252 )
00000349: 10.1772   (Y': 7.66718   Cb: 12.2431   Cr: 12.4238 )
00000350: 10.1376   (Y': 7.64001   Cb: 12.1764   Cr: 12.3752 )
00000352: 10.09     (Y': 7.61818   Cb: 12.1044   Cr: 12.277  )
00000351: 10.0908   (Y': 7.59134   Cb: 12.1259   Cr: 12.3377 )
00000354: 10.066    (Y': 7.5878    Cb: 12.0975   Cr: 12.2542 )
00000353: 10.053    (Y': 7.55061   Cb: 12.1054   Cr: 12.2907 )
00000355: 10.053    (Y': 7.58468   Cb: 12.0063   Cr: 12.2941 )
00000356: 10.0062   (Y': 7.51643   Cb: 11.9761   Cr: 12.2935 )
00000357: 9.99522   (Y': 7.50813   Cb: 11.91     Cr: 12.3345 )
00000358: 9.98881   (Y': 7.51494   Cb: 11.8822   Cr: 12.3117 )
00000359: 9.98736   (Y': 7.54653   Cb: 11.8314   Cr: 12.2659 )
00000360: 9.94839   (Y': 7.49163   Cb: 11.7911   Cr: 12.2761 )
00000361: 9.94947   (Y': 7.48191   Cb: 11.7978   Cr: 12.3034 )
00000362: 9.95947   (Y': 7.51493   Cb: 11.754    Cr: 12.3046 )
00000363: 9.9219    (Y': 7.47853   Cb: 11.7191   Cr: 12.2604 )
00000364: 9.88767   (Y': 7.44722   Cb: 11.6639   Cr: 12.2414 )
00000365: 9.84955   (Y': 7.40683   Cb: 11.6369   Cr: 12.1973 )
00000366: 9.80037   (Y': 7.38649   Cb: 11.5873   Cr: 12.0628 )
00000367: 9.77322   (Y': 7.36384   Cb: 11.5629   Cr: 12.0195 )
00000368: 9.81927   (Y': 7.40141   Cb: 11.5752   Cr: 12.1284 )
00000369: 9.81806   (Y': 7.41116   Cb: 11.5879   Cr: 12.0792 )
00000370: 9.84526   (Y': 7.43525   Cb: 11.5908   Cr: 12.1429 )
00000371: 9.8427    (Y': 7.42222   Cb: 11.5973   Cr: 12.1611 )
00000372: 9.88649   (Y': 7.46292   Cb: 11.6682   Cr: 12.1834 )
00000373: 9.88424   (Y': 7.47123   Cb: 11.6731   Cr: 12.142  )
00000375: 9.93331   (Y': 7.5007    Cb: 11.7817   Cr: 12.1828 )
00000374: 9.89908   (Y': 7.50015   Cb: 11.7029   Cr: 12.0994 )
00000376: 10.0039   (Y': 7.55019   Cb: 11.8831   Cr: 12.2819 )
00000377: 10.0306   (Y': 7.55285   Cb: 11.9099   Cr: 12.3806 )
00000379: 10.1275   (Y': 7.64389   Cb: 12.0585   Cr: 12.4384 )
00000380: 10.1783   (Y': 7.67582   Cb: 12.2092   Cr: 12.4385 )
00000378: 10.0961   (Y': 7.60551   Cb: 12.0264   Cr: 12.4289 )
00000381: 10.2184   (Y': 7.72475   Cb: 12.2245   Cr: 12.4785 )
00000383: 10.3849   (Y': 7.84915   Cb: 12.49     Cr: 12.6681 )
00000382: 10.2885   (Y': 7.77655   Cb: 12.3365   Cr: 12.5595 )
00000384: 10.4522   (Y': 7.88018   Cb: 12.6119   Cr: 12.7897 )
00000385: 10.4736   (Y': 7.88989   Cb: 12.6539   Cr: 12.826  )
00000386: 10.5814   (Y': 7.97735   Cb: 12.7673   Cr: 12.9914 )
00000387: 10.6294   (Y': 8.01974   Cb: 12.8379   Cr: 13.0339 )
00000388: 10.7084   (Y': 8.06417   Cb: 12.9798   Cr: 13.1577 )
00000389: 10.7281   (Y': 8.08863   Cb: 12.9767   Cr: 13.186  )
00000391: 10.8178   (Y': 8.13769   Cb: 13.0828   Cr: 13.392  )
00000390: 10.7857   (Y': 8.12597   Cb: 13.0492   Cr: 13.2941 )
00000393: 11.0723   (Y': 8.3533    Cb: 13.352    Cr: 13.7631 )
00000392: 10.9867   (Y': 8.26323   Cb: 13.3216   Cr: 13.6333 )
00000394: 11.1828   (Y': 8.40597   Cb: 13.5419   Cr: 13.9909 )
00000396: 11.2544   (Y': 8.51976   Cb: 13.4519   Cr: 14.0933 )
00000397: 11.2835   (Y': 8.54395   Cb: 13.4917   Cr: 14.1279 )
00000395: 11.218    (Y': 8.45401   Cb: 13.4951   Cr: 14.0722 )
00000398: 11.3658   (Y': 8.62065   Cb: 13.5578   Cr: 14.2494 )
00000399: 11.4016   (Y': 8.64491   Cb: 13.6665   Cr: 14.2432 )
00000401: 11.5298   (Y': 8.90585   Cb: 13.5415   Cr: 14.1981 )
00000400: 11.5121   (Y': 8.80598   Cb: 13.6535   Cr: 14.3141 )
00000403: 11.6189   (Y': 9.07463   Cb: 13.5534   Cr: 14.1139 )
00000402: 11.5901   (Y': 9.02038   Cb: 13.6037   Cr: 14.0777 )
00000404: 11.5895   (Y': 9.07593   Cb: 13.6048   Cr: 13.8998 )
00000405: 11.4744   (Y': 8.96316   Cb: 13.4681   Cr: 13.8011 )
00000406: 11.2372   (Y': 8.72106   Cb: 13.2396   Cr: 13.5692 )
00000407: 11.1612   (Y': 8.70757   Cb: 13.1109   Cr: 13.363  )
00000408: 11.072    (Y': 8.72091   Cb: 12.9307   Cr: 13.0797 )
00000409: 10.9689   (Y': 8.63247   Cb: 12.8412   Cr: 12.9229 )
00000410: 10.8662   (Y': 8.59091   Cb: 12.6753   Cr: 12.723  )
00000411: 10.8255   (Y': 8.55623   Cb: 12.6852   Cr: 12.6165 )
00000412: 10.7265   (Y': 8.49574   Cb: 12.5293   Cr: 12.4767 )
00000413: 10.6428   (Y': 8.38264   Cb: 12.4633   Cr: 12.4496 )
00000414: 10.3843   (Y': 8.13459   Cb: 12.2804   Cr: 12.0906 )
00000415: 10.3245   (Y': 8.06828   Cb: 12.2173   Cr: 12.0505 )
00000416: 10.2169   (Y': 7.9686    Cb: 12.1295   Cr: 11.9042 )
00000417: 10.1905   (Y': 7.95702   Cb: 12.0447   Cr: 11.8971 )
00000418: 10.145    (Y': 7.9123    Cb: 12.0244   Cr: 11.8255 )
00000419: 10.1284   (Y': 7.88524   Cb: 11.9876   Cr: 11.8541 )
00000421: 10.217    (Y': 8.02994   Cb: 12.0652   Cr: 11.8161 )
00000420: 10.1465   (Y': 7.94434   Cb: 12.0134   Cr: 11.7645 )
00000422: 10.291    (Y': 8.05922   Cb: 12.1937   Cr: 11.9469 )
00000423: 10.2399   (Y': 8.03074   Cb: 12.1324   Cr: 11.8505 )
00000424: 10.1051   (Y': 7.83934   Cb: 12.0261   Cr: 11.8279 )
00000426: 9.92302   (Y': 7.55652   Cb: 11.9398   Cr: 11.8138 )
00000425: 10.0654   (Y': 7.77729   Cb: 12.0305   Cr: 11.8024 )
00000427: 9.91129   (Y': 7.54759   Cb: 11.9268   Cr: 11.7958 )
00000428: 9.97758   (Y': 7.63631   Cb: 11.972    Cr: 11.8234 )
00000429: 10.0026   (Y': 7.70593   Cb: 11.9366   Cr: 11.791  )
00000430: 10.0827   (Y': 7.79369   Cb: 11.9829   Cr: 11.8847 )
00000431: 10.1126   (Y': 7.83215   Cb: 12.005    Cr: 11.9    )
00000432: 10.1564   (Y': 7.83434   Cb: 12.1041   Cr: 11.9971 )
00000433: 10.1605   (Y': 7.82483   Cb: 12.1025   Cr: 12.0427 )
00000434: 10.2479   (Y': 7.92169   Cb: 12.1531   Cr: 12.1417 )
00000436: 10.4639   (Y': 8.14206   Cb: 12.3786   Cr: 12.3368 )
00000437: 10.5482   (Y': 8.22755   Cb: 12.4665   Cr: 12.4144 )
00000435: 10.3149   (Y': 7.99937   Cb: 12.2227   Cr: 12.178  )
00000438: 10.6424   (Y': 8.29584   Cb: 12.5948   Cr: 12.5431 )
00000439: 10.7484   (Y': 8.38556   Cb: 12.7245   Cr: 12.669  )
00000440: 10.8595   (Y': 8.46377   Cb: 12.8709   Cr: 12.8344 )
00000442: 11.1059   (Y': 8.61925   Cb: 13.1943   Cr: 13.2601 )
00000441: 10.954    (Y': 8.55139   Cb: 12.9729   Cr: 12.9403 )
00000443: 11.1845   (Y': 8.69488   Cb: 13.2398   Cr: 13.3815 )
00000444: 11.408    (Y': 8.83925   Cb: 13.5618   Cr: 13.7413 )
00000445: 11.5405   (Y': 8.9883    Cb: 13.629    Cr: 13.8911 )
00000446: 11.6994   (Y': 9.03286   Cb: 13.8335   Cr: 14.3719 )
00000447: 11.8721   (Y': 9.16541   Cb: 14.0102   Cr: 14.6801 )
00000448: 11.9142   (Y': 9.09166   Cb: 14.168    Cr: 15.017  )
00000449: 11.9511   (Y': 9.10452   Cb: 14.3228   Cr: 15.007  )
00000450: 12.0316   (Y': 9.20303   Cb: 14.471    Cr: 14.9412 )
00000451: 12.0682   (Y': 9.21949   Cb: 14.6336   Cr: 14.9154 )
00000452: 12.1596   (Y': 9.28963   Cb: 14.9971   Cr: 14.8092 )
00000453: 12.1336   (Y': 9.34473   Cb: 14.8801   Cr: 14.5893 )
00000454: 12.1052   (Y': 9.31487   Cb: 14.849    Cr: 14.5683 )
00000455: 12.0634   (Y': 9.26045   Cb: 14.7662   Cr: 14.6085 )
00000456: 11.9612   (Y': 9.22899   Cb: 14.3917   Cr: 14.5371 )
00000457: 11.9214   (Y': 9.21586   Cb: 14.1138   Cr: 14.6631 )
00000459: 12.0172   (Y': 9.41504   Cb: 13.9264   Cr: 14.733  )
00000458: 11.9115   (Y': 9.31375   Cb: 13.8543   Cr: 14.5722 )
00000460: 11.9169   (Y': 9.32506   Cb: 13.8312   Cr: 14.5917 )
00000461: 11.2285   (Y': 8.53737   Cb: 13.1998   Cr: 14.1818 )
00000462: 12.2736   (Y': 9.64184   Cb: 14.3299   Cr: 14.9166 )
00000463: 12.2667   (Y': 9.63294   Cb: 14.3166   Cr: 14.9239 )
00000464: 11.7494   (Y': 9.08275   Cb: 13.7479   Cr: 14.5814 )
00000465: 11.6376   (Y': 8.89864   Cb: 13.7207   Cr: 14.6295 )
00000466: 11.7788   (Y': 9.03147   Cb: 13.9236   Cr: 14.7265 )
00000467: 11.9191   (Y': 9.18889   Cb: 14.0504   Cr: 14.8201 )
00000468: 12.0749   (Y': 9.38966   Cb: 14.0404   Cr: 15.0143 )
00000469: 12.0405   (Y': 9.34106   Cb: 13.9696   Cr: 15.0785 )
00000470: 11.9828   (Y': 9.24155   Cb: 13.9228   Cr: 15.1665 )
00000472: 12.2324   (Y': 9.51928   Cb: 14.1314   Cr: 15.3615 )
00000471: 12.08     (Y': 9.35748   Cb: 13.982    Cr: 15.2417 )
00000474: 12.3475   (Y': 9.55394   Cb: 14.3171   Cr: 15.7016 )
00000473: 12.2617   (Y': 9.54639   Cb: 14.114    Cr: 15.4622 )
00000475: 12.3579   (Y': 9.52138   Cb: 14.3923   Cr: 15.8018 )
00000476: 12.3951   (Y': 9.43133   Cb: 14.5814   Cr: 16.1952 )
00000477: 12.3593   (Y': 9.35523   Cb: 14.6182   Cr: 16.2481 )
00000478: 12.4193   (Y': 9.41293   Cb: 14.7037   Cr: 16.2829 )
00000480: 12.5252   (Y': 9.46875   Cb: 14.8247   Cr: 16.6174 )
00000479: 12.406    (Y': 9.38478   Cb: 14.7002   Cr: 16.328  )
00000482: 12.6135   (Y': 9.54293   Cb: 14.923    Cr: 16.7641 )
00000483: 12.6425   (Y': 9.55811   Cb: 14.9928   Cr: 16.805  )
00000481: 12.6089   (Y': 9.54681   Cb: 14.9331   Cr: 16.6936 )
00000485: 12.8355   (Y': 9.69655   Cb: 15.3158   Cr: 17.0952 )
00000484: 12.8142   (Y': 9.66998   Cb: 15.325    Cr: 17.0574 )
00000486: 12.8815   (Y': 9.71918   Cb: 15.3466   Cr: 17.2958 )
00000488: 13.1178   (Y': 9.92027   Cb: 15.7063   Cr: 17.5438 )
00000487: 12.8768   (Y': 9.70638   Cb: 15.3982   Cr: 17.2498 )
00000489: 13.0812   (Y': 9.89454   Cb: 15.6241   Cr: 17.5145 )
00000490: 13.0629   (Y': 9.82165   Cb: 15.8096   Cr: 17.5065 )
00000491: 13.1107   (Y': 9.84294   Cb: 15.913    Cr: 17.6287 )
00000492: 13.0314   (Y': 9.70503   Cb: 16.0359   Cr: 17.611  )
00000494: 12.7718   (Y': 9.40175   Cb: 15.9547   Cr: 17.3719 )
00000493: 12.9474   (Y': 9.59381   Cb: 16.0719   Cr: 17.5261 )
00000495: 12.6916   (Y': 9.32314   Cb: 15.9139   Cr: 17.2271 )
00000498: 12.4382   (Y': 9.06016   Cb: 15.6343   Cr: 17.0701 )
00000500: 12.3911   (Y': 9.0009    Cb: 15.62     Cr: 17.0541 )
00000496: 12.5905   (Y': 9.2303    Cb: 15.812    Cr: 17.0769 )
00000499: 12.4039   (Y': 9.01222   Cb: 15.6375   Cr: 17.0698 )
00000497: 12.4643   (Y': 9.06959   Cb: 15.7359   Cr: 17.0978 )
00000501: 12.3726   (Y': 8.97475   Cb: 15.6126   Cr: 17.0695 )
00000502: 12.4063   (Y': 8.99013   Cb: 15.6526   Cr: 17.2147 )
00000503: 12.4131   (Y': 8.99181   Cb: 15.6368   Cr: 17.2885 )
00000504: 12.3876   (Y': 8.96079   Cb: 15.6434   Cr: 17.2534 )
00000505: 12.3707   (Y': 8.94026   Cb: 15.6633   Cr: 17.2078 )
00000507: 12.2941   (Y': 8.85413   Cb: 15.5736   Cr: 17.2144 )
00000506: 12.3228   (Y': 8.87053   Cb: 15.6514   Cr: 17.2566 )
00000508: 12.1947   (Y': 8.76888   Cb: 15.4057   Cr: 17.1193 )
00000509: 12.1303   (Y': 8.69397   Cb: 15.356    Cr: 17.1054 )
00000511: 11.906    (Y': 8.49625   Cb: 15.0574   Cr: 16.8098 )
00000510: 11.9344   (Y': 8.51494   Cb: 15.1241   Cr: 16.8471 )
00000512: 11.8097   (Y': 8.39708   Cb: 14.9415   Cr: 16.7624 )
00000513: 11.7449   (Y': 8.34124   Cb: 14.8551   Cr: 16.67   )
00000514: 11.6691   (Y': 8.27432   Cb: 14.8225   Cr: 16.4702 )
00000515: 11.6529   (Y': 8.2615    Cb: 14.7881   Cr: 16.4583 )
00000517: 11.6653   (Y': 8.26607   Cb: 14.7802   Cr: 16.5531 )
00000518: 11.6397   (Y': 8.23603   Cb: 14.7815   Cr: 16.517  )
00000516: 11.672    (Y': 8.27512   Cb: 14.7715   Cr: 16.5667 )
00000519: 11.7058   (Y': 8.3065    Cb: 14.8716   Cr: 16.5185 )
00000520: 11.8754   (Y': 8.47736   Cb: 15.0757   Cr: 16.6301 )
00000521: 11.9716   (Y': 8.58367   Cb: 15.1346   Cr: 16.7139 )
00000522: 12.0548   (Y': 8.65602   Cb: 15.3049   Cr: 16.7433 )
00000523: 12.0868   (Y': 8.69867   Cb: 15.3436   Cr: 16.6981 )
00000524: 12.1376   (Y': 8.75784   Cb: 15.4587   Cr: 16.6117 )
00000525: 12.1773   (Y': 8.76023   Cb: 15.5689   Cr: 16.7912 )
00000527: 12.3286   (Y': 8.87865   Cb: 15.8819   Cr: 16.9419 )
00000528: 12.4961   (Y': 9.07469   Cb: 16.0136   Cr: 16.9749 )
00000530: 12.6067   (Y': 9.21448   Cb: 16.1029   Cr: 16.9354 )
00000526: 12.2623   (Y': 8.82458   Cb: 15.7904   Cr: 16.8293 )
00000531: 12.5532   (Y': 9.17148   Cb: 16.0139   Cr: 16.8634 )
00000529: 12.5472   (Y': 9.10678   Cb: 16.1535   Cr: 17.0339 )
00000532: 12.7011   (Y': 9.30575   Cb: 16.2337   Cr: 17.0047 )
00000533: 12.7231   (Y': 9.34834   Cb: 16.1811   Cr: 16.9953 )
00000534: 12.8123   (Y': 9.51213   Cb: 16.1204   Cr: 16.8453 )
00000535: 12.834    (Y': 9.52646   Cb: 16.0949   Cr: 16.9639 )
00000536: 12.7586   (Y': 9.49791   Cb: 15.8565   Cr: 16.8337 )
00000537: 12.6477   (Y': 9.44108   Cb: 15.5642   Cr: 16.6639 )
00000540: 12.4895   (Y': 9.14383   Cb: 15.7229   Cr: 16.8726 )
00000541: 12.5891   (Y': 9.31382   Cb: 15.6292   Cr: 16.8191 )
00000539: 12.3852   (Y': 9.04295   Cb: 15.5709   Cr: 16.811  )
00000542: 13.7822   (Y': 10.7048   Cb: 16.6812   Cr: 17.194  )
00000543: 13.1862   (Y': 10.2469   Cb: 15.5294   Cr: 16.6598 )
00000538: 12.3519   (Y': 9.02859   Cb: 15.4982   Cr: 16.7174 )
00000545: 12.7339   (Y': 9.89816   Cb: 14.818    Cr: 16.107  )
00000544: 12.9717   (Y': 10.0825   Cb: 15.2131   Cr: 16.3617 )
00000546: 12.7611   (Y': 9.94456   Cb: 14.9426   Cr: 15.9295 )
00000547: 12.5932   (Y': 9.79214   Cb: 14.7274   Cr: 15.7598 )
00000548: 12.33     (Y': 9.52251   Cb: 14.5712   Cr: 15.3896 )
00000549: 12.3127   (Y': 9.53455   Cb: 14.5638   Cr: 15.2492 )
00000551: 12.3485   (Y': 9.62703   Cb: 14.6635   Cr: 15.0098 )
00000550: 12.2933   (Y': 9.54845   Cb: 14.5859   Cr: 15.0611 )
00000552: 12.5448   (Y': 9.7726    Cb: 15.0404   Cr: 15.1906 )
00000553: 12.4242   (Y': 9.65406   Cb: 14.9511   Cr: 15.0304 )
00000556: 12.1986   (Y': 9.32735   Cb: 15.0508   Cr: 14.8386 )
00000555: 12.2088   (Y': 9.37892   Cb: 14.9331   Cr: 14.826  )
00000557: 12.179    (Y': 9.29469   Cb: 15.0819   Cr: 14.8178 )
00000558: 12.1574   (Y': 9.26732   Cb: 15.0655   Cr: 14.812  )
00000554: 12.1986   (Y': 9.39646   Cb: 14.8451   Cr: 14.7957 )
00000559: 12.1666   (Y': 9.24484   Cb: 15.0977   Cr: 14.9141 )
00000560: 12.2076   (Y': 9.2448    Cb: 15.1253   Cr: 15.1237 )
00000561: 12.2155   (Y': 9.26454   Cb: 15.1224   Cr: 15.0969 )
00000563: 12.4105   (Y': 9.41891   Cb: 15.3788   Cr: 15.3886 )
00000562: 12.3379   (Y': 9.37079   Cb: 15.2269   Cr: 15.2997 )
00000565: 12.6607   (Y': 9.62796   Cb: 15.5952   Cr: 15.8408 )
00000566: 12.6512   (Y': 9.59613   Cb: 15.6945   Cr: 15.8115 )
00000564: 12.5757   (Y': 9.53401   Cb: 15.5805   Cr: 15.7198 )
00000568: 12.725    (Y': 9.60482   Cb: 15.7891   Cr: 16.1455 )
00000567: 12.6267   (Y': 9.5668    Cb: 15.6926   Cr: 15.7839 )
00000569: 12.9363   (Y': 9.83623   Cb: 15.9457   Cr: 16.3267 )
00000570: 13.0823   (Y': 10.0193   Cb: 16.042    Cr: 16.3638 )
00000571: 13.1003   (Y': 10.0282   Cb: 16.077    Cr: 16.4032 )
00000572: 12.9782   (Y': 9.87006   Cb: 15.9799   Cr: 16.4127 )
00000574: 12.8744   (Y': 9.79183   Cb: 15.7473   Cr: 16.339  )
00000573: 13.058    (Y': 9.95795   Cb: 16.0098   Cr: 16.5119 )
00000575: 12.8517   (Y': 9.78885   Cb: 15.6738   Cr: 16.286  )
00000576: 13.0412   (Y': 9.95489   Cb: 15.8439   Cr: 16.6045 )
00000577: 12.8879   (Y': 9.78918   Cb: 15.7016   Cr: 16.4958 )
00000579: 12.6326   (Y': 9.43418   Cb: 15.6033   Cr: 16.5378 )
00000578: 12.4793   (Y': 9.27723   Cb: 15.4816   Cr: 16.3644 )
Total: 11.9236   (Y': 9.08329   Cb: 14.4126   Cr: 14.8224 )
