00000000: 12.0639   (Y': 8.97732   Cb: 14.429    Cr: 16.2155 )
00000001: 12.0656   (Y': 8.97291   Cb: 14.4417   Cr: 16.2327 )
00000002: 12.0821   (Y': 9.01211   Cb: 14.4295   Cr: 16.173  )
00000003: 12.0897   (Y': 9.02826   Cb: 14.4434   Cr: 16.1267 )
00000005: 12.1825   (Y': 9.12501   Cb: 14.5828   Cr: 16.132  )
00000007: 12.1871   (Y': 9.07695   Cb: 14.7664   Cr: 16.1525 )
00000006: 12.1804   (Y': 9.09695   Cb: 14.6939   Cr: 16.1013 )
00000004: 12.1441   (Y': 9.09259   Cb: 14.4845   Cr: 16.1506 )
00000008: 12.1465   (Y': 9.03139   Cb: 14.7504   Cr: 16.1029 )
00000009: 12.1204   (Y': 8.99504   Cb: 14.6992   Cr: 16.1648 )
00000010: 12.1108   (Y': 9.00979   Cb: 14.666    Cr: 16.0623 )
00000011: 12.1125   (Y': 9.01916   Cb: 14.6549   Cr: 16.0434 )
00000013: 12.0403   (Y': 8.90364   Cb: 14.6849   Cr: 16.0522 )
00000015: 12.0252   (Y': 8.88332   Cb: 14.6906   Cr: 16.0355 )
00000014: 12.0585   (Y': 8.92547   Cb: 14.7225   Cr: 16.025  )
00000012: 12.0422   (Y': 8.92104   Cb: 14.6316   Cr: 16.0497 )
00000016: 12.0915   (Y': 8.93583   Cb: 14.7479   Cr: 16.1864 )
00000017: 12.0435   (Y': 8.88461   Cb: 14.6957   Cr: 16.1615 )
00000021: 12.0731   (Y': 8.90499   Cb: 14.6659   Cr: 16.3262 )
00000018: 12.0387   (Y': 8.87534   Cb: 14.626    Cr: 16.274  )
00000019: 12.0558   (Y': 8.89283   Cb: 14.6543   Cr: 16.2725 )
00000020: 12.0881   (Y': 8.94237   Cb: 14.6381   Cr: 16.2821 )
00000022: 12.097    (Y': 8.93959   Cb: 14.6777   Cr: 16.3095 )
00000023: 12.0977   (Y': 8.95412   Cb: 14.6946   Cr: 16.2122 )
00000024: 12.1142   (Y': 8.97931   Cb: 14.7043   Cr: 16.1924 )
00000025: 12.0915   (Y': 8.9482    Cb: 14.6792   Cr: 16.2178 )
00000026: 12.1133   (Y': 8.99567   Cb: 14.6569   Cr: 16.1665 )
00000028: 12.0848   (Y': 8.99984   Cb: 14.5715   Cr: 16.0504 )
00000027: 12.0961   (Y': 8.98419   Cb: 14.6252   Cr: 16.1407 )
00000029: 12.0568   (Y': 8.96841   Cb: 14.5606   Cr: 16.0163 )
00000030: 12.0325   (Y': 8.94932   Cb: 14.5315   Cr: 15.9724 )
00000031: 12.0582   (Y': 9.00058   Cb: 14.53     Cr: 15.9084 )
00000033: 12.0197   (Y': 8.99736   Cb: 14.4565   Cr: 15.7477 )
00000032: 12.0077   (Y': 8.95256   Cb: 14.5218   Cr: 15.7884 )
00000034: 11.9997   (Y': 8.97923   Cb: 14.3954   Cr: 15.7744 )
00000037: 12.0792   (Y': 9.05845   Cb: 14.4878   Cr: 15.8377 )
00000035: 12.026    (Y': 9.0105    Cb: 14.4194   Cr: 15.78   )
00000038: 12.1669   (Y': 9.12265   Cb: 14.6074   Cr: 15.995  )
00000036: 12.0428   (Y': 9.05203   Cb: 14.3916   Cr: 15.7414 )
00000039: 12.1711   (Y': 9.13737   Cb: 14.6193   Cr: 15.9374 )
00000040: 12.2269   (Y': 9.24139   Cb: 14.629    Cr: 15.8295 )
00000041: 12.2382   (Y': 9.28348   Cb: 14.545    Cr: 15.8284 )
00000042: 12.1509   (Y': 9.18362   Cb: 14.5533   Cr: 15.671  )
00000043: 12.1017   (Y': 9.17099   Cb: 14.4357   Cr: 15.5494 )
00000044: 12.0802   (Y': 9.14888   Cb: 14.4371   Cr: 15.5015 )
00000045: 12.0415   (Y': 9.11433   Cb: 14.3666   Cr: 15.4859 )
00000046: 11.9187   (Y': 8.97749   Cb: 14.2668   Cr: 15.3943 )
00000047: 11.9536   (Y': 9.02381   Cb: 14.2449   Cr: 15.4532 )
00000048: 12.0128   (Y': 9.05752   Cb: 14.3235   Cr: 15.6001 )
00000049: 11.9588   (Y': 9.01105   Cb: 14.2623   Cr: 15.5222 )
00000050: 11.9936   (Y': 9.06717   Cb: 14.2277   Cr: 15.5548 )
00000052: 12.0365   (Y': 9.14708   Cb: 14.2258   Cr: 15.4963 )
00000051: 11.9683   (Y': 9.06791   Cb: 14.217    Cr: 15.3964 )
00000053: 11.8945   (Y': 9.03728   Cb: 14.0614   Cr: 15.2474 )
00000054: 11.9133   (Y': 9.05506   Cb: 14.0822   Cr: 15.2673 )
00000055: 11.9208   (Y': 9.08224   Cb: 14.0145   Cr: 15.2927 )
00000056: 11.7916   (Y': 8.9996    Cb: 13.8493   Cr: 15.0206 )
00000057: 11.9765   (Y': 9.13918   Cb: 14.0201   Cr: 15.4111 )
00000058: 12.3401   (Y': 9.4231    Cb: 14.4193   Cr: 16.0774 )
00000059: 12.4844   (Y': 9.51827   Cb: 14.5899   Cr: 16.4164 )
00000063: 12.8568   (Y': 9.8923    Cb: 14.9835   Cr: 16.7482 )
00000060: 12.7267   (Y': 9.75961   Cb: 14.7897   Cr: 16.7287 )
00000061: 12.7691   (Y': 9.78156   Cb: 14.8551   Cr: 16.8376 )
00000065: 12.5734   (Y': 9.69794   Cb: 14.4353   Cr: 16.448  )
00000062: 12.7616   (Y': 9.78351   Cb: 14.8721   Cr: 16.7443 )
00000064: 12.8167   (Y': 9.83538   Cb: 14.8768   Cr: 16.8945 )
00000066: 12.2335   (Y': 9.38972   Cb: 14.087    Cr: 15.9742 )
00000068: 23.3425   (Y': 19.53     Cb: 28.017    Cr: 29.3039 )
00000067: 12.3926   (Y': 9.58625   Cb: 14.2335   Cr: 15.9849 )
00000069: 18.4071   (Y': 14.3885   Cb: 24.1892   Cr: 25.1187 )
00000070: 15.4706   (Y': 11.6016   Cb: 20.4898   Cr: 21.5272 )
00000071: 14.5193   (Y': 10.7361   Cb: 19.0901   Cr: 20.347  )
00000072: 13.3314   (Y': 9.70936   Cb: 17.2988   Cr: 18.6131 )
00000073: 12.8675   (Y': 9.32005   Cb: 16.5908   Cr: 17.9204 )
00000077: 11.3058   (Y': 8.07995   Cb: 14.0805   Cr: 15.6195 )
00000074: 12.2081   (Y': 8.76178   Cb: 15.5455   Cr: 17.0888 )
00000076: 11.5152   (Y': 8.22841   Cb: 14.4316   Cr: 15.9811 )
00000075: 11.9638   (Y': 8.57996   Cb: 15.1324   Cr: 16.6711 )
00000078: 11.1358   (Y': 7.95626   Cb: 13.8019   Cr: 15.3464 )
00000080: 11.2252   (Y': 8.10317   Cb: 13.775    Cr: 15.2928 )
00000079: 11.162    (Y': 7.99263   Cb: 13.8005   Cr: 15.3566 )
00000081: 11.2543   (Y': 8.14414   Cb: 13.7483   Cr: 15.3398 )
00000082: 11.3291   (Y': 8.25884   Cb: 13.7248   Cr: 15.3502 )
00000083: 11.3631   (Y': 8.28838   Cb: 13.7526   Cr: 15.4162 )
00000084: 11.3546   (Y': 8.27804   Cb: 13.7941   Cr: 15.3449 )
00000085: 11.4073   (Y': 8.35127   Cb: 13.7994   Cr: 15.3617 )
00000087: 11.4897   (Y': 8.46056   Cb: 13.7996   Cr: 15.4281 )
00000086: 11.4618   (Y': 8.42698   Cb: 13.7734   Cr: 15.4259 )
00000088: 11.4922   (Y': 8.45289   Cb: 13.828    Cr: 15.4438 )
00000089: 11.5677   (Y': 8.52325   Cb: 13.878    Cr: 15.5826 )
00000090: 11.6031   (Y': 8.58994   Cb: 13.8439   Cr: 15.5638 )
00000091: 11.6587   (Y': 8.68601   Cb: 13.8146   Cr: 15.5464 )
00000092: 11.7299   (Y': 8.7901    Cb: 13.8199   Cr: 15.5577 )
00000093: 12.0212   (Y': 9.1497    Cb: 13.9704   Cr: 15.7422 )
00000094: 12.1134   (Y': 9.27722   Cb: 14.0102   Cr: 15.7536 )
00000095: 11.8179   (Y': 8.84127   Cb: 13.9598   Cr: 15.746  )
00000097: 12.1093   (Y': 9.23989   Cb: 14.0487   Cr: 15.8353 )
00000096: 11.8311   (Y': 8.86607   Cb: 13.9301   Cr: 15.7676 )
00000098: 12.1456   (Y': 9.2772    Cb: 14.0321   Cr: 15.9483 )
00000099: 12.2032   (Y': 9.33169   Cb: 14.1276   Cr: 15.9619 )
00000100: 12.3342   (Y': 9.50547   Cb: 14.1958   Cr: 15.9945 )
00000101: 12.3181   (Y': 9.51119   Cb: 14.1795   Cr: 15.8824 )
00000102: 12.3738   (Y': 9.59039   Cb: 14.2117   Cr: 15.8722 )
00000104: 12.3947   (Y': 9.64072   Cb: 14.1971   Cr: 15.8212 )
00000103: 12.3771   (Y': 9.61085   Cb: 14.184    Cr: 15.8487 )
00000105: 12.4553   (Y': 9.70047   Cb: 14.2048   Cr: 15.9633 )
00000106: 12.4634   (Y': 9.72927   Cb: 14.1491   Cr: 15.9807 )
00000107: 12.4621   (Y': 9.72345   Cb: 14.1694   Cr: 15.9658 )
00000108: 12.4844   (Y': 9.75358   Cb: 14.1155   Cr: 16.0723 )
00000109: 12.4756   (Y': 9.74148   Cb: 14.0944   Cr: 16.097  )
00000110: 12.4641   (Y': 9.71758   Cb: 14.1004   Cr: 16.1115 )
00000111: 12.4704   (Y': 9.72599   Cb: 14.1053   Cr: 16.1107 )
00000112: 12.3808   (Y': 9.62944   Cb: 14.0078   Cr: 16.0642 )
00000113: 12.3226   (Y': 9.57483   Cb: 13.9154   Cr: 16.0454 )
00000114: 12.256    (Y': 9.56151   Cb: 13.7522   Cr: 15.9039 )
00000115: 12.1968   (Y': 9.46249   Cb: 13.7903   Cr: 15.8593 )
00000116: 12.154    (Y': 9.42281   Cb: 13.7128   Cr: 15.8593 )
00000117: 12.1447   (Y': 9.41806   Cb: 13.7112   Cr: 15.8174 )
00000118: 11.9875   (Y': 9.26639   Cb: 13.622    Cr: 15.5284 )
00000119: 11.9528   (Y': 9.24416   Cb: 13.529    Cr: 15.5324 )
00000120: 11.9006   (Y': 9.16715   Cb: 13.454    Cr: 15.6249 )
00000122: 11.8635   (Y': 9.12942   Cb: 13.4426   Cr: 15.5481 )
00000121: 11.8822   (Y': 9.14408   Cb: 13.4141   Cr: 15.6631 )
00000124: 11.916    (Y': 9.15036   Cb: 13.6042   Cr: 15.5648 )
00000123: 11.8912   (Y': 9.14777   Cb: 13.5247   Cr: 15.5292 )
00000125: 11.9189   (Y': 9.14035   Cb: 13.5932   Cr: 15.6469 )
00000126: 11.8902   (Y': 9.08535   Cb: 13.6603   Cr: 15.5845 )
00000127: 11.8993   (Y': 9.11345   Cb: 13.6421   Cr: 15.5515 )
00000129: 12.0229   (Y': 9.25525   Cb: 13.7119   Cr: 15.6795 )
00000128: 11.9451   (Y': 9.16655   Cb: 13.683    Cr: 15.5732 )
00000130: 12.099    (Y': 9.26681   Cb: 13.9504   Cr: 15.7901 )
00000131: 12.1536   (Y': 9.34772   Cb: 13.9913   Cr: 15.7493 )
00000132: 12.1617   (Y': 9.3386    Cb: 14.0001   Cr: 15.8319 )
00000133: 12.1818   (Y': 9.35788   Cb: 13.9963   Cr: 15.8922 )
00000135: 12.2168   (Y': 9.33504   Cb: 13.9963   Cr: 16.2561 )
00000136: 12.2375   (Y': 9.39216   Cb: 13.998    Cr: 16.133  )
00000134: 12.192    (Y': 9.33598   Cb: 14.0247   Cr: 16.0217 )
00000137: 12.2459   (Y': 9.42888   Cb: 13.9583   Cr: 16.0874 )
00000140: 12.159    (Y': 9.32838   Cb: 13.8998   Cr: 16.0173 )
00000139: 12.1496   (Y': 9.32772   Cb: 13.876    Cr: 15.9908 )
00000138: 12.1417   (Y': 9.29977   Cb: 13.8926   Cr: 16.0368 )
00000141: 12.0861   (Y': 9.27406   Cb: 13.8079   Cr: 15.8896 )
00000145: 12.0909   (Y': 9.31675   Cb: 13.7804   Cr: 15.7752 )
00000142: 12.1086   (Y': 9.31239   Cb: 13.8591   Cr: 15.7951 )
00000144: 12.1255   (Y': 9.32689   Cb: 13.8556   Cr: 15.8543 )
00000143: 12.0795   (Y': 9.2805    Cb: 13.8295   Cr: 15.7787 )
00000148: 11.858    (Y': 9.04753   Cb: 13.67     Cr: 15.5123 )
00000146: 11.9762   (Y': 9.19116   Cb: 13.7157   Cr: 15.6299 )
00000147: 11.9558   (Y': 9.17638   Cb: 13.6938   Cr: 15.5875 )
00000149: 11.7879   (Y': 8.93372   Cb: 13.671    Cr: 15.5301 )
00000151: 11.964    (Y': 9.0966    Cb: 13.8976   Cr: 15.6899 )
00000150: 11.8963   (Y': 9.03777   Cb: 13.7911   Cr: 15.6408 )
00000152: 11.9871   (Y': 9.09071   Cb: 14.0109   Cr: 15.7109 )
00000153: 12.0959   (Y': 9.18729   Cb: 14.1497   Cr: 15.8313 )
00000154: 12.1827   (Y': 9.26058   Cb: 14.2592   Cr: 15.9474 )
00000156: 12.1784   (Y': 9.31578   Cb: 14.1216   Cr: 15.8683 )
00000155: 12.1873   (Y': 9.29053   Cb: 14.2186   Cr: 15.9018 )
00000157: 12.2555   (Y': 9.33186   Cb: 14.3687   Cr: 15.9735 )
00000158: 12.092    (Y': 9.15282   Cb: 14.1755   Cr: 15.9265 )
00000159: 12.099    (Y': 9.18689   Cb: 14.084    Cr: 15.9545 )
00000160: 12.1908   (Y': 9.26208   Cb: 14.2056   Cr: 16.0802 )
00000161: 12.1436   (Y': 9.2279    Cb: 14.1717   Cr: 15.9502 )
00000162: 12.0724   (Y': 9.18724   Cb: 14.0155   Cr: 15.8657 )
00000163: 12.0877   (Y': 9.22309   Cb: 13.988    Cr: 15.8518 )
00000164: 12.0704   (Y': 9.17054   Cb: 14.0883   Cr: 15.8187 )
00000165: 12.0914   (Y': 9.16047   Cb: 14.1828   Cr: 15.8753 )
00000166: 12.0354   (Y': 9.1511    Cb: 13.9857   Cr: 15.8137 )
00000167: 12.0371   (Y': 9.17186   Cb: 13.9809   Cr: 15.7378 )
00000168: 12.0113   (Y': 9.18075   Cb: 13.8967   Cr: 15.6438 )
00000169: 12.0871   (Y': 9.27748   Cb: 13.9389   Cr: 15.6778 )
00000170: 12.0943   (Y': 9.31696   Cb: 13.9048   Cr: 15.6074 )
00000171: 12.0879   (Y': 9.30501   Cb: 13.8755   Cr: 15.6584 )
00000172: 12.1391   (Y': 9.36673   Cb: 13.9676   Cr: 15.6043 )
00000173: 12.0923   (Y': 9.30524   Cb: 13.967    Cr: 15.5523 )
00000174: 12.0755   (Y': 9.28105   Cb: 13.9527   Cr: 15.5636 )
00000175: 12.1106   (Y': 9.29132   Cb: 14.0208   Cr: 15.6575 )
00000176: 12.1069   (Y': 9.34461   Cb: 13.9383   Cr: 15.5259 )
00000177: 12.1528   (Y': 9.39169   Cb: 13.9673   Cr: 15.5917 )
00000178: 12.1325   (Y': 9.40606   Cb: 13.9392   Cr: 15.4405 )
00000179: 12.2133   (Y': 9.4777    Cb: 14.0673   Cr: 15.492  )
00000180: 12.2915   (Y': 9.50052   Cb: 14.1538   Cr: 15.7867 )
00000181: 12.3987   (Y': 9.58479   Cb: 14.2234   Cr: 16.049  )
00000182: 12.6413   (Y': 9.94531   Cb: 14.319    Cr: 16.0131 )
00000183: 12.822    (Y': 10.1511   Cb: 14.5059   Cr: 16.085  )
00000184: 13.0317   (Y': 10.3642   Cb: 14.7924   Cr: 16.1733 )
00000185: 13.0824   (Y': 10.4216   Cb: 14.9068   Cr: 16.1127 )
00000186: 13.0289   (Y': 10.3775   Cb: 14.9445   Cr: 15.9085 )
00000187: 12.9304   (Y': 10.2799   Cb: 14.8294   Cr: 15.8272 )
00000188: 12.792    (Y': 10.1898   Cb: 14.4286   Cr: 15.8607 )
00000189: 12.8102   (Y': 10.2659   Cb: 14.3332   Cr: 15.8265 )
00000192: 12.717    (Y': 10.1806   Cb: 14.0953   Cr: 15.9166 )
00000190: 12.8012   (Y': 10.295    Cb: 14.2083   Cr: 15.8472 )
00000191: 12.7285   (Y': 10.2405   Cb: 14.0817   Cr: 15.7885 )
00000193: 12.7438   (Y': 10.3132   Cb: 13.9392   Cr: 15.8374 )
00000194: 12.7586   (Y': 10.2881   Cb: 14.0467   Cr: 15.8528 )
00000195: 12.7788   (Y': 10.2754   Cb: 14.1762   Cr: 15.8288 )
00000196: 12.9181   (Y': 10.4727   Cb: 14.2893   Cr: 15.8027 )
00000197: 13.0524   (Y': 10.6055   Cb: 14.4907   Cr: 15.8487 )
00000200: 13.6238   (Y': 11.2064   Cb: 15.2988   Cr: 16.0254 )
00000198: 13.9319   (Y': 11.4223   Cb: 15.6263   Cr: 16.6014 )
00000199: 13.3495   (Y': 10.8727   Cb: 14.8775   Cr: 16.125  )
00000201: 13.1567   (Y': 10.775    Cb: 14.6784   Cr: 15.6352 )
00000202: 12.6165   (Y': 10.3199   Cb: 13.9994   Cr: 15.014  )
00000203: 12.475    (Y': 10.2133   Cb: 13.7567   Cr: 14.8995 )
00000204: 12.185    (Y': 9.93694   Cb: 13.4715   Cr: 14.5631 )
00000207: 12.3865   (Y': 9.90174   Cb: 14.0777   Cr: 14.9788 )
00000205: 12.1608   (Y': 9.89488   Cb: 13.4229   Cr: 14.6234 )
00000206: 12.345    (Y': 9.9075    Cb: 13.9363   Cr: 14.9106 )
00000209: 12.3184   (Y': 9.90615   Cb: 13.8963   Cr: 14.8213 )
00000208: 12.2603   (Y': 9.83314   Cb: 13.9009   Cr: 14.7327 )
00000210: 12.4486   (Y': 10.0433   Cb: 14.0461   Cr: 14.9063 )
00000211: 12.5812   (Y': 10.1751   Cb: 14.2046   Cr: 15.01   )
00000212: 12.5986   (Y': 10.1619   Cb: 14.2407   Cr: 15.0992 )
00000213: 12.5614   (Y': 10.1241   Cb: 14.2298   Cr: 15.0318 )
00000214: 12.4061   (Y': 9.91696   Cb: 14.1339   Cr: 14.9679 )
00000215: 12.37     (Y': 9.93729   Cb: 14.0409   Cr: 14.8231 )
00000216: 12.18     (Y': 9.72381   Cb: 13.7519   Cr: 14.8298 )
00000217: 12.1872   (Y': 9.73534   Cb: 13.7655   Cr: 14.8151 )
00000218: 12.2783   (Y': 9.77509   Cb: 13.9214   Cr: 14.9912 )
00000220: 12.3638   (Y': 9.76207   Cb: 14.1627   Cr: 15.2146 )
00000219: 12.2921   (Y': 9.79684   Cb: 14.0327   Cr: 14.8577 )
00000223: 12.3743   (Y': 9.76262   Cb: 14.0935   Cr: 15.3645 )
00000222: 12.3775   (Y': 9.79373   Cb: 14.0358   Cr: 15.3493 )
00000224: 12.355    (Y': 9.78252   Cb: 13.9944   Cr: 15.3118 )
00000221: 12.3638   (Y': 9.76113   Cb: 14.1121   Cr: 15.283  )
00000225: 12.2956   (Y': 9.71662   Cb: 13.9662   Cr: 15.2337 )
00000226: 12.2501   (Y': 9.65341   Cb: 13.9019   Cr: 15.2771 )
00000227: 12.1155   (Y': 9.49433   Cb: 13.7741   Cr: 15.2235 )
00000228: 12.0345   (Y': 9.41901   Cb: 13.6511   Cr: 15.1805 )
00000230: 12.1112   (Y': 9.46153   Cb: 13.6973   Cr: 15.4337 )
00000229: 11.9943   (Y': 9.361     Cb: 13.6004   Cr: 15.2237 )
00000231: 12.1733   (Y': 9.53094   Cb: 13.7356   Cr: 15.5022 )
00000232: 12.2217   (Y': 9.58643   Cb: 13.6956   Cr: 15.6583 )
00000233: 12.3319   (Y': 9.68178   Cb: 13.8397   Cr: 15.7758 )
00000234: 12.3957   (Y': 9.77894   Cb: 13.8599   Cr: 15.7733 )
00000235: 12.4276   (Y': 9.85      Cb: 13.8763   Cr: 15.676  )
00000236: 12.5061   (Y': 9.89673   Cb: 14.0291   Cr: 15.765  )
00000237: 12.421    (Y': 9.84102   Cb: 13.922    Cr: 15.6005 )
00000240: 12.1195   (Y': 9.5394    Cb: 13.6765   Cr: 15.2186 )
00000242: 13.5444   (Y': 10.6007   Cb: 15.9636   Cr: 16.94   )
00000241: 12.1692   (Y': 9.59161   Cb: 13.759    Cr: 15.2129 )
00000239: 12.2627   (Y': 9.68916   Cb: 13.7898   Cr: 15.3801 )
00000238: 12.3041   (Y': 9.71399   Cb: 13.8835   Cr: 15.4082 )
00000243: 13.8296   (Y': 10.9729   Cb: 16.0242   Cr: 17.1438 )
00000244: 13.7785   (Y': 10.8085   Cb: 16.1222   Cr: 17.3887 )
00000245: 13.4099   (Y': 10.4563   Cb: 15.6945   Cr: 17.0246 )
00000248: 12.9274   (Y': 9.97178   Cb: 15.2809   Cr: 16.4596 )
00000246: 12.847    (Y': 9.94593   Cb: 15.0795   Cr: 16.2996 )
00000247: 12.7895   (Y': 9.8954    Cb: 15.0347   Cr: 16.1954 )
00000249: 12.9071   (Y': 9.89205   Cb: 15.3607   Cr: 16.5785 )
00000250: 12.9476   (Y': 9.83864   Cb: 15.5971   Cr: 16.8122 )
00000251: 12.9548   (Y': 9.86409   Cb: 15.5369   Cr: 16.8186 )
00000252: 12.9829   (Y': 9.87534   Cb: 15.6615   Cr: 16.8021 )
00000254: 12.8227   (Y': 9.6207    Cb: 15.739    Cr: 16.8148 )
00000253: 12.9526   (Y': 9.81121   Cb: 15.6887   Cr: 16.866  )
00000255: 12.7861   (Y': 9.55624   Cb: 15.7303   Cr: 16.8909 )
00000257: 12.4892   (Y': 9.39205   Cb: 14.9553   Cr: 16.5469 )
00000256: 12.6327   (Y': 9.49885   Cb: 15.2944   Cr: 16.6063 )
00000258: 12.9175   (Y': 9.77846   Cb: 15.508    Cr: 17.0171 )
00000259: 13.2065   (Y': 9.97594   Cb: 15.9907   Cr: 17.5334 )
00000260: 13.2602   (Y': 10.1108   Cb: 15.8265   Cr: 17.4502 )
00000261: 13.3444   (Y': 10.2773   Cb: 15.8784   Cr: 17.1565 )
00000262: 13.2471   (Y': 10.2737   Cb: 15.6404   Cr: 16.8063 )
00000263: 13.2386   (Y': 10.2984   Cb: 15.5912   Cr: 16.7039 )
00000265: 12.7536   (Y': 9.92609   Cb: 15.0227   Cr: 15.8572 )
00000264: 13.0226   (Y': 10.1697   Cb: 15.3833   Cr: 16.1156 )
00000266: 12.6042   (Y': 9.74739   Cb: 14.8834   Cr: 15.8119 )
00000267: 12.4575   (Y': 9.62967   Cb: 14.6328   Cr: 15.6789 )
00000268: 12.083    (Y': 9.2769    Cb: 13.9833   Cr: 15.5873 )
00000271: 11.7127   (Y': 8.89543   Cb: 13.5341   Cr: 15.383  )
00000272: 13.2759   (Y': 10.5509   Cb: 15.2653   Cr: 16.3329 )
00000273: 12.5681   (Y': 9.80762   Cb: 14.5279   Cr: 15.8017 )
00000274: 12.1742   (Y': 9.32491   Cb: 14.2054   Cr: 15.6772 )
00000269: 11.9259   (Y': 9.12445   Cb: 13.7915   Cr: 15.4609 )
00000270: 11.786    (Y': 8.98641   Cb: 13.5619   Cr: 15.448  )
00000275: 12.1301   (Y': 9.31214   Cb: 14.1155   Cr: 15.5639 )
00000276: 12.3297   (Y': 9.55093   Cb: 14.2474   Cr: 15.6942 )
00000278: 12.3235   (Y': 9.50625   Cb: 14.2303   Cr: 15.8663 )
00000277: 12.3434   (Y': 9.57407   Cb: 14.2461   Cr: 15.6901 )
00000283: 12.3812   (Y': 9.47363   Cb: 14.5156   Cr: 15.9959 )
00000279: 12.4517   (Y': 9.61287   Cb: 14.3839   Cr: 16.0517 )
00000282: 12.5138   (Y': 9.61397   Cb: 14.5967   Cr: 16.167  )
00000280: 12.6779   (Y': 9.83178   Cb: 14.6225   Cr: 16.2914 )
00000281: 12.7249   (Y': 9.87211   Cb: 14.6841   Cr: 16.3468 )
00000284: 12.3767   (Y': 9.42777   Cb: 14.5864   Cr: 16.0743 )
00000285: 12.4746   (Y': 9.51347   Cb: 14.6827   Cr: 16.2307 )
00000287: 12.6124   (Y': 9.60817   Cb: 14.8687   Cr: 16.5055 )
00000286: 12.5473   (Y': 9.51444   Cb: 14.8409   Cr: 16.5284 )
00000288: 12.6156   (Y': 9.61057   Cb: 14.8965   Cr: 16.4775 )
00000289: 12.6348   (Y': 9.639     Cb: 14.911    Cr: 16.4588 )
00000290: 12.6133   (Y': 9.62043   Cb: 15.0245   Cr: 16.2381 )
00000291: 12.5948   (Y': 9.54837   Cb: 15.0814   Cr: 16.3703 )
00000292: 12.6093   (Y': 9.56149   Cb: 15.1354   Cr: 16.3389 )
00000293: 12.6108   (Y': 9.54523   Cb: 15.2525   Cr: 16.2749 )
00000295: 12.7021   (Y': 9.56107   Cb: 15.4035   Cr: 16.6593 )
00000296: 12.8115   (Y': 9.61325   Cb: 15.6525   Cr: 16.8822 )
00000294: 12.6236   (Y': 9.54792   Cb: 15.2877   Cr: 16.3072 )
00000297: 12.8476   (Y': 9.62885   Cb: 15.8137   Cr: 16.8643 )
00000299: 12.944    (Y': 9.70323   Cb: 16.0437   Cr: 16.9105 )
00000298: 12.9238   (Y': 9.68669   Cb: 16.0035   Cr: 16.8955 )
00000300: 12.9849   (Y': 9.72575   Cb: 16.1809   Cr: 16.9322 )
00000301: 12.95     (Y': 9.67316   Cb: 16.226    Cr: 16.8958 )
00000302: 13.0055   (Y': 9.74329   Cb: 16.1642   Cr: 17.0139 )
00000303: 13.0965   (Y': 9.82381   Cb: 16.2308   Cr: 17.191  )
00000304: 13.0282   (Y': 9.82682   Cb: 15.9722   Cr: 16.9822 )
00000306: 12.6432   (Y': 9.51555   Cb: 15.4274   Cr: 16.4265 )
00000305: 12.925    (Y': 9.7244    Cb: 15.8415   Cr: 16.9099 )
00000307: 12.6029   (Y': 9.44596   Cb: 15.4615   Cr: 16.4376 )
00000308: 12.5809   (Y': 9.43928   Cb: 15.4357   Cr: 16.3444 )
00000309: 12.608    (Y': 9.46762   Cb: 15.4311   Cr: 16.4048 )
00000310: 12.5239   (Y': 9.40024   Cb: 15.2629   Cr: 16.3449 )
00000312: 12.2906   (Y': 9.2905    Cb: 14.7478   Cr: 15.8876 )
00000311: 12.4683   (Y': 9.41168   Cb: 15.0225   Cr: 16.203  )
00000314: 12.0049   (Y': 9.08714   Cb: 14.3729   Cr: 15.3542 )
00000313: 12.2212   (Y': 9.22643   Cb: 14.6845   Cr: 15.7865 )
00000316: 12.02     (Y': 9.13572   Cb: 14.2575   Cr: 15.394  )
00000315: 11.96     (Y': 9.0838    Cb: 14.2205   Cr: 15.2705 )
00000318: 11.968    (Y': 9.13232   Cb: 14.136    Cr: 15.2304 )
00000317: 12.0079   (Y': 9.11345   Cb: 14.2813   Cr: 15.3789 )
00000319: 11.989    (Y': 9.14      Cb: 14.2791   Cr: 15.152  )
00000320: 12.0237   (Y': 9.21568   Cb: 14.3348   Cr: 15.0023 )
00000321: 12.1028   (Y': 9.29262   Cb: 14.5323   Cr: 14.955  )
00000322: 12.2521   (Y': 9.38474   Cb: 14.839    Cr: 15.1463 )
00000323: 12.3125   (Y': 9.46062   Cb: 14.8813   Cr: 15.1681 )
00000324: 12.5485   (Y': 9.65454   Cb: 15.36     Cr: 15.3104 )
00000325: 12.7086   (Y': 9.82701   Cb: 15.5177   Cr: 15.4274 )
00000326: 12.9267   (Y': 10.0517   Cb: 15.7878   Cr: 15.5717 )
00000327: 12.949    (Y': 10.0834   Cb: 15.8619   Cr: 15.512  )
00000328: 13.1029   (Y': 10.2222   Cb: 16.0055   Cr: 15.7289 )
00000330: 13.1131   (Y': 10.2398   Cb: 15.9588   Cr: 15.7669 )
00000329: 13.1401   (Y': 10.2982   Cb: 16.0182   Cr: 15.6535 )
00000331: 13.0795   (Y': 10.2151   Cb: 15.9176   Cr: 15.709  )
00000332: 13.0777   (Y': 10.1975   Cb: 15.8473   Cr: 15.8306 )
00000333: 12.9905   (Y': 10.1224   Cb: 15.7428   Cr: 15.7168 )
00000334: 13.0011   (Y': 10.1625   Cb: 15.6464   Cr: 15.7281 )
00000335: 12.9882   (Y': 10.1361   Cb: 15.6499   Cr: 15.7475 )
00000336: 12.9329   (Y': 10.0604   Cb: 15.6394   Cr: 15.7211 )
00000337: 12.8923   (Y': 9.99271   Cb: 15.6543   Cr: 15.7245 )
00000338: 12.8484   (Y': 9.93423   Cb: 15.6811   Cr: 15.6644 )
00000339: 12.8663   (Y': 9.93717   Cb: 15.7724   Cr: 15.6655 )
00000340: 12.8572   (Y': 9.90138   Cb: 15.8131   Cr: 15.7088 )
00000341: 12.8309   (Y': 9.84875   Cb: 15.84     Cr: 15.7317 )
00000342: 12.7999   (Y': 9.76805   Cb: 15.9256   Cr: 15.7825 )
00000344: 12.6747   (Y': 9.60528   Cb: 15.9036   Cr: 15.7102 )
00000343: 12.7561   (Y': 9.73735   Cb: 15.8791   Cr: 15.6895 )
00000345: 12.6368   (Y': 9.54971   Cb: 15.9133   Cr: 15.6991 )
00000346: 12.5721   (Y': 9.46122   Cb: 15.8677   Cr: 15.7151 )
00000347: 12.5197   (Y': 9.40746   Cb: 15.8197   Cr: 15.6645 )
00000348: 12.4432   (Y': 9.30626   Cb: 15.7763   Cr: 15.6613 )
00000349: 12.4797   (Y': 9.40596   Cb: 15.6725   Cr: 15.5677 )
00000352: 12.3229   (Y': 9.23017   Cb: 15.5222   Cr: 15.4839 )
00000350: 12.3679   (Y': 9.26858   Cb: 15.6114   Cr: 15.5132 )
00000351: 12.3518   (Y': 9.25407   Cb: 15.5729   Cr: 15.5124 )
00000353: 12.3218   (Y': 9.21861   Cb: 15.5478   Cr: 15.5004 )
00000354: 12.2935   (Y': 9.19353   Cb: 15.5182   Cr: 15.4598 )
00000355: 12.2744   (Y': 9.16991   Cb: 15.5279   Cr: 15.4316 )
00000356: 12.2473   (Y': 9.12932   Cb: 15.5761   Cr: 15.3887 )
00000357: 12.2161   (Y': 9.09842   Cb: 15.5477   Cr: 15.3536 )
00000358: 12.1919   (Y': 9.08313   Cb: 15.485    Cr: 15.3283 )
00000360: 12.1704   (Y': 9.05017   Cb: 15.4638   Cr: 15.3553 )
00000361: 12.1707   (Y': 9.03959   Cb: 15.4647   Cr: 15.402  )
00000362: 12.1255   (Y': 8.97792   Cb: 15.4523   Cr: 15.3961 )
00000359: 12.1295   (Y': 8.99762   Cb: 15.483    Cr: 15.3059 )
00000363: 12.1073   (Y': 8.94173   Cb: 15.5093   Cr: 15.3831 )
00000364: 12.1075   (Y': 8.93702   Cb: 15.5046   Cr: 15.4101 )
00000365: 12.1215   (Y': 8.9465    Cb: 15.5534   Cr: 15.4104 )
00000367: 12.0209   (Y': 8.83957   Cb: 15.4542   Cr: 15.3362 )
00000366: 12.075    (Y': 8.91346   Cb: 15.4734   Cr: 15.3368 )
00000368: 12.0347   (Y': 8.84668   Cb: 15.4124   Cr: 15.4355 )
00000369: 12.0291   (Y': 8.8434    Cb: 15.455    Cr: 15.3717 )
00000370: 12.0523   (Y': 8.86383   Cb: 15.4315   Cr: 15.4532 )
00000371: 12.0223   (Y': 8.8304    Cb: 15.4315   Cr: 15.4091 )
00000372: 12.0126   (Y': 8.81388   Cb: 15.4834   Cr: 15.3698 )
00000373: 12.0489   (Y': 8.85254   Cb: 15.4836   Cr: 15.4309 )
00000374: 12.0338   (Y': 8.85937   Cb: 15.4152   Cr: 15.3692 )
00000376: 11.9843   (Y': 8.77651   Cb: 15.4322   Cr: 15.4055 )
00000375: 12.0096   (Y': 8.82824   Cb: 15.4036   Cr: 15.364  )
00000379: 11.962    (Y': 8.7532    Cb: 15.442    Cr: 15.3562 )
00000377: 11.9811   (Y': 8.77871   Cb: 15.4092   Cr: 15.3973 )
00000378: 11.9511   (Y': 8.73416   Cb: 15.4358   Cr: 15.3782 )
00000380: 11.9692   (Y': 8.75808   Cb: 15.438    Cr: 15.3851 )
00000381: 11.9901   (Y': 8.78959   Cb: 15.434    Cr: 15.3821 )
00000382: 11.9598   (Y': 8.74469   Cb: 15.4416   Cr: 15.3812 )
00000384: 12.0569   (Y': 8.8487    Cb: 15.5202   Cr: 15.4649 )
00000383: 11.965    (Y': 8.75076   Cb: 15.4532   Cr: 15.3757 )
00000387: 12.0738   (Y': 8.86494   Cb: 15.5108   Cr: 15.5106 )
00000385: 12.0308   (Y': 8.82205   Cb: 15.5091   Cr: 15.4263 )
00000386: 12.0436   (Y': 8.83133   Cb: 15.4905   Cr: 15.4861 )
00000388: 12.1289   (Y': 8.92933   Cb: 15.5722   Cr: 15.517  )
00000389: 12.1736   (Y': 8.98742   Cb: 15.5933   Cr: 15.5239 )
00000390: 12.2401   (Y': 9.05964   Cb: 15.6576   Cr: 15.5668 )
00000392: 12.3658   (Y': 9.2359    Cb: 15.7471   Cr: 15.5077 )
00000395: 12.4652   (Y': 9.34643   Cb: 15.8567   Cr: 15.5506 )
00000391: 12.2852   (Y': 9.11127   Cb: 15.6977   Cr: 15.5879 )
00000393: 12.4148   (Y': 9.28544   Cb: 15.7446   Cr: 15.6038 )
00000394: 12.4368   (Y': 9.2973    Cb: 15.8412   Cr: 15.5978 )
00000396: 12.5233   (Y': 9.39025   Cb: 15.918    Cr: 15.666  )
00000397: 12.5395   (Y': 9.43007   Cb: 15.8908   Cr: 15.6235 )
00000398: 12.6336   (Y': 9.54092   Cb: 15.9254   Cr: 15.7042 )
00000399: 12.8306   (Y': 9.68481   Cb: 16.3143   Cr: 15.9438 )
00000402: 12.768    (Y': 9.66574   Cb: 16.0748   Cr: 15.8641 )
00000401: 12.8252   (Y': 9.70649   Cb: 16.1739   Cr: 15.9506 )
00000400: 12.8632   (Y': 9.73456   Cb: 16.2432   Cr: 16.0012 )
00000403: 12.7132   (Y': 9.62018   Cb: 15.9787   Cr: 15.8105 )
00000404: 12.6723   (Y': 9.61708   Cb: 15.8199   Cr: 15.7286 )
00000405: 12.5764   (Y': 9.5237    Cb: 15.6933   Cr: 15.6521 )
00000406: 12.487    (Y': 9.4391    Cb: 15.5806   Cr: 15.5665 )
00000407: 12.6371   (Y': 9.58126   Cb: 15.7724   Cr: 15.7079 )
00000408: 12.6334   (Y': 9.5561    Cb: 15.8314   Cr: 15.7308 )
00000409: 12.5875   (Y': 9.53373   Cb: 15.6967   Cr: 15.6754 )
00000410: 12.6594   (Y': 9.5723    Cb: 15.8017   Cr: 15.8537 )
00000411: 12.6633   (Y': 9.61      Cb: 15.725    Cr: 15.7972 )
00000412: 12.7453   (Y': 9.67443   Cb: 15.8856   Cr: 15.8732 )
00000413: 12.7195   (Y': 9.60948   Cb: 15.8926   Cr: 15.9808 )
00000414: 12.7331   (Y': 9.62207   Cb: 15.978    Cr: 15.9262 )
00000415: 12.7338   (Y': 9.63213   Cb: 15.9711   Cr: 15.8948 )
00000416: 12.795    (Y': 9.68362   Cb: 16.0084   Cr: 16.0211 )
00000417: 12.7243   (Y': 9.63275   Cb: 15.9231   Cr: 15.8804 )
00000418: 12.7754   (Y': 9.70706   Cb: 15.9702   Cr: 15.839  )
00000419: 12.8069   (Y': 9.76154   Cb: 15.9064   Cr: 15.8699 )
00000420: 12.8698   (Y': 9.8499    Cb: 15.9303   Cr: 15.8686 )
00000421: 12.9277   (Y': 9.91952   Cb: 15.968    Cr: 15.8995 )
00000422: 12.9127   (Y': 9.92421   Cb: 15.8606   Cr: 15.8986 )
00000423: 12.8663   (Y': 9.90674   Cb: 15.7522   Cr: 15.8016 )
00000424: 12.7961   (Y': 9.86393   Cb: 15.636    Cr: 15.6728 )
00000426: 12.7581   (Y': 9.85989   Cb: 15.5084   Cr: 15.597  )
00000425: 12.8556   (Y': 9.92712   Cb: 15.7086   Cr: 15.7049 )
00000427: 12.6642   (Y': 9.75676   Cb: 15.3951   Cr: 15.5579 )
00000428: 12.5251   (Y': 9.62331   Cb: 15.1691   Cr: 15.489  )
00000429: 12.5127   (Y': 9.62686   Cb: 15.0933   Cr: 15.4843 )
00000430: 12.562    (Y': 9.70518   Cb: 15.0494   Cr: 15.525  )
00000431: 12.4755   (Y': 9.61295   Cb: 14.9209   Cr: 15.508  )
00000432: 12.467    (Y': 9.62477   Cb: 14.8509   Cr: 15.4917 )
00000433: 12.4393   (Y': 9.57991   Cb: 14.8516   Cr: 15.4974 )
00000435: 12.4417   (Y': 9.59252   Cb: 14.8533   Cr: 15.4614 )
00000434: 12.5191   (Y': 9.68303   Cb: 14.8829   Cr: 15.5434 )
00000436: 12.369    (Y': 9.49791   Cb: 14.8565   Cr: 15.3871 )
00000437: 12.34     (Y': 9.47276   Cb: 14.8208   Cr: 15.3503 )
00000438: 12.3113   (Y': 9.43458   Cb: 14.8089   Cr: 15.3396 )
00000439: 12.3124   (Y': 9.41418   Cb: 14.8552   Cr: 15.374  )
00000440: 12.2409   (Y': 9.32767   Cb: 14.8324   Cr: 15.3071 )
00000441: 12.2026   (Y': 9.25748   Cb: 14.8624   Cr: 15.3203 )
00000442: 12.176    (Y': 9.2306    Cb: 14.8422   Cr: 15.2877 )
00000443: 12.1081   (Y': 9.13251   Cb: 14.8306   Cr: 15.2808 )
00000444: 12.066    (Y': 9.09694   Cb: 14.7966   Cr: 15.2027 )
00000445: 12.0333   (Y': 9.0556    Cb: 14.7931   Cr: 15.1733 )
00000447: 11.9229   (Y': 8.9288    Cb: 14.7258   Cr: 15.0837 )
00000446: 11.9803   (Y': 9.00712   Cb: 14.7452   Cr: 15.0963 )
00000449: 11.8911   (Y': 8.89263   Cb: 14.7352   Cr: 15.0253 )
00000448: 11.8681   (Y': 8.87169   Cb: 14.677    Cr: 15.0317 )
00000451: 11.7775   (Y': 8.75863   Cb: 14.6321   Cr: 14.9852 )
00000450: 11.8021   (Y': 8.77307   Cb: 14.6991   Cr: 15.0064 )
00000452: 11.7141   (Y': 8.67896   Cb: 14.6114   Cr: 14.944  )
00000453: 11.671    (Y': 8.61567   Cb: 14.5866   Cr: 14.9671 )
00000454: 11.5938   (Y': 8.53206   Cb: 14.5291   Cr: 14.8963 )
00000455: 11.5931   (Y': 8.52973   Cb: 14.5414   Cr: 14.8883 )
00000456: 11.5577   (Y': 8.4687    Cb: 14.5611   Cr: 14.9056 )
00000458: 11.5463   (Y': 8.44406   Cb: 14.5954   Cr: 14.9029 )
00000457: 11.5549   (Y': 8.45782   Cb: 14.5735   Cr: 14.9216 )
00000459: 11.5245   (Y': 8.42156   Cb: 14.5868   Cr: 14.8702 )
00000460: 11.5035   (Y': 8.38805   Cb: 14.5791   Cr: 14.8908 )
00000461: 11.5018   (Y': 8.37915   Cb: 14.5679   Cr: 14.9313 )
00000462: 11.4777   (Y': 8.3543    Cb: 14.559    Cr: 14.8944 )
00000463: 11.4949   (Y': 8.38722   Cb: 14.5288   Cr: 14.8924 )
00000465: 11.4151   (Y': 8.27188   Cb: 14.5041   Cr: 14.9139 )
00000464: 11.4266   (Y': 8.28787   Cb: 14.5185   Cr: 14.9015 )
00000466: 11.441    (Y': 8.32328   Cb: 14.4596   Cr: 14.9005 )
00000467: 11.4255   (Y': 8.29052   Cb: 14.471    Cr: 14.9345 )
00000468: 11.4373   (Y': 8.30122   Cb: 14.4536   Cr: 14.9837 )
00000469: 11.4434   (Y': 8.30442   Cb: 14.4644   Cr: 14.9979 )
00000473: 11.4226   (Y': 8.27283   Cb: 14.4343   Cr: 15.0385 )
00000470: 11.4511   (Y': 8.32342   Cb: 14.4603   Cr: 14.9668 )
00000474: 11.4818   (Y': 8.34565   Cb: 14.472    Cr: 15.0581 )
00000471: 11.4529   (Y': 8.32908   Cb: 14.4668   Cr: 14.9454 )
00000472: 11.416    (Y': 8.27856   Cb: 14.4361   Cr: 14.9647 )
00000475: 11.4063   (Y': 8.2402    Cb: 14.4687   Cr: 15.0426 )
00000476: 11.4216   (Y': 8.27075   Cb: 14.4108   Cr: 15.0692 )
00000477: 11.4126   (Y': 8.26712   Cb: 14.4108   Cr: 15.0237 )
00000478: 11.4231   (Y': 8.28099   Cb: 14.413    Cr: 15.028  )
00000479: 11.4571   (Y': 8.38275   Cb: 14.1394   Cr: 15.112  )
00000480: 19.8858   (Y': 16.117    Cb: 24.4512   Cr: 25.5913 )
00000481: 17.2039   (Y': 13.4313   Cb: 21.7345   Cr: 22.9885 )
00000482: 15.2933   (Y': 11.7961   Cb: 18.5925   Cr: 20.5963 )
00000484: 13.6661   (Y': 10.5396   Cb: 16.0167   Cr: 18.0579 )
00000483: 14.6176   (Y': 11.2251   Cb: 17.6321   Cr: 19.6138 )
00000485: 13.2835   (Y': 10.1872   Cb: 15.5761   Cr: 17.5996 )
00000486: 12.7171   (Y': 9.71485   Cb: 14.804    Cr: 16.8598 )
00000487: 12.4735   (Y': 9.53159   Cb: 14.438    Cr: 16.5067 )
00000488: 11.8648   (Y': 9.1113    Cb: 13.5094   Cr: 15.5297 )
00000489: 11.5466   (Y': 8.82238   Cb: 13.1632   Cr: 15.1287 )
00000490: 11.5274   (Y': 8.77814   Cb: 13.161    Cr: 15.1912 )
00000492: 11.5105   (Y': 8.74412   Cb: 13.1138   Cr: 15.2998 )
00000491: 11.5357   (Y': 8.78187   Cb: 13.1626   Cr: 15.23   )
00000493: 11.5124   (Y': 8.72774   Cb: 13.1168   Cr: 15.3829 )
00000494: 11.4057   (Y': 8.5999    Cb: 13.0105   Cr: 15.375  )
00000495: 11.3812   (Y': 8.56839   Cb: 13.007    Cr: 15.3481 )
00000496: 11.2693   (Y': 8.40283   Cb: 12.9804   Cr: 15.3498 )
00000497: 11.244    (Y': 8.40475   Cb: 12.8791   Cr: 15.3223 )
00000498: 11.1731   (Y': 8.28931   Cb: 12.9213   Cr: 15.2762 )
00000499: 11.154    (Y': 8.2706    Cb: 12.9055   Cr: 15.2491 )
00000500: 11.0831   (Y': 8.17362   Cb: 12.8681   Cr: 15.2518 )
00000501: 11.0427   (Y': 8.10588   Cb: 12.9236   Cr: 15.1876 )
00000504: 11.1773   (Y': 8.35349   Cb: 12.8543   Cr: 15.1093 )
00000502: 10.9831   (Y': 8.05395   Cb: 12.8437   Cr: 15.1229 )
00000503: 10.9591   (Y': 8.03613   Cb: 12.8123   Cr: 15.0802 )
00000505: 10.9758   (Y': 8.05552   Cb: 12.8893   Cr: 14.9834 )
00000506: 10.9712   (Y': 8.00541   Cb: 12.9188   Cr: 15.1536 )
00000507: 11.1905   (Y': 8.33186   Cb: 12.9553   Cr: 15.142  )
00000508: 11.2501   (Y': 8.37809   Cb: 13.0679   Cr: 15.1786 )
00000509: 11.2908   (Y': 8.40185   Cb: 13.1575   Cr: 15.2218 )
00000510: 11.283    (Y': 8.3773    Cb: 13.1681   Cr: 15.2658 )
00000511: 11.324    (Y': 8.43089   Cb: 13.1603   Cr: 15.3247 )
00000512: 11.3338   (Y': 8.43367   Cb: 13.2366   Cr: 15.261  )
00000513: 11.2645   (Y': 8.32509   Cb: 13.2745   Cr: 15.2128 )
00000514: 11.1867   (Y': 8.24557   Cb: 13.2112   Cr: 15.1204 )
00000515: 11.1691   (Y': 8.22651   Cb: 13.2022   Cr: 15.0967 )
00000516: 11.1602   (Y': 8.24315   Cb: 13.1025   Cr: 15.1064 )
00000517: 11.1877   (Y': 8.28338   Cb: 13.0772   Cr: 15.1566 )
00000519: 11.2589   (Y': 8.28755   Cb: 13.2715   Cr: 15.3622 )
00000518: 11.2032   (Y': 8.23946   Cb: 13.1841   Cr: 15.3194 )
00000520: 11.2865   (Y': 8.3172    Cb: 13.2627   Cr: 15.4391 )
00000522: 11.3478   (Y': 8.38793   Cb: 13.2943   Cr: 15.5007 )
00000521: 11.3127   (Y': 8.36187   Cb: 13.2817   Cr: 15.3828 )
00000523: 11.3844   (Y': 8.4323    Cb: 13.34     Cr: 15.483  )
00000524: 11.449    (Y': 8.5385    Cb: 13.3102   Cr: 15.4939 )
00000525: 11.4182   (Y': 8.51984   Cb: 13.2357   Cr: 15.4763 )
00000526: 11.4156   (Y': 8.5493    Cb: 13.1518   Cr: 15.4523 )
00000527: 11.3939   (Y': 8.52391   Cb: 13.126    Cr: 15.4556 )
00000528: 11.403    (Y': 8.5317    Cb: 13.1301   Cr: 15.4802 )
00000529: 11.3818   (Y': 8.53964   Cb: 13.0711   Cr: 15.3808 )
00000530: 11.3886   (Y': 8.54128   Cb: 13.0993   Cr: 15.3763 )
00000531: 11.3819   (Y': 8.5366    Cb: 13.0915   Cr: 15.3619 )
00000532: 11.4016   (Y': 8.58326   Cb: 13.0697   Cr: 15.3225 )
00000533: 11.4227   (Y': 8.59414   Cb: 13.1199   Cr: 15.3436 )
00000534: 11.3936   (Y': 8.59867   Cb: 13.0563   Cr: 15.2148 )
00000535: 12.1264   (Y': 9.28727   Cb: 14.0456   Cr: 15.7463 )
00000536: 12.0394   (Y': 9.26314   Cb: 13.8117   Cr: 15.605  )
00000537: 12.2919   (Y': 9.5769    Cb: 14.0174   Cr: 15.6708 )
00000538: 11.8967   (Y': 9.22775   Cb: 13.4069   Cr: 15.4143 )
00000539: 11.4986   (Y': 8.88568   Cb: 12.9468   Cr: 14.8856 )
00000540: 11.3555   (Y': 8.77382   Cb: 12.8116   Cr: 14.6087 )
00000541: 11.3236   (Y': 8.77289   Cb: 12.7807   Cr: 14.4587 )
00000542: 11.5696   (Y': 9.02576   Cb: 13.0505   Cr: 14.6444 )
00000544: 11.5826   (Y': 9.05258   Cb: 12.9928   Cr: 14.7105 )
00000543: 11.5373   (Y': 8.98226   Cb: 13.0611   Cr: 14.5915 )
00000545: 11.5685   (Y': 9.06878   Cb: 12.8959   Cr: 14.7091 )
00000546: 11.6235   (Y': 9.08054   Cb: 12.8892   Cr: 15.0258 )
00000547: 11.3255   (Y': 8.79312   Cb: 12.5238   Cr: 14.798  )
00000548: 11.159    (Y': 8.62635   Cb: 12.3595   Cr: 14.6289 )
00000549: 11.1269   (Y': 8.60094   Cb: 12.333    Cr: 14.5605 )
00000550: 10.9319   (Y': 8.41425   Cb: 12.2519   Cr: 14.1507 )
00000551: 11.1758   (Y': 8.56298   Cb: 12.567    Cr: 14.6532 )
00000552: 11.3513   (Y': 8.72167   Cb: 12.6806   Cr: 15.0013 )
00000553: 11.26     (Y': 8.63492   Cb: 12.6301   Cr: 14.8224 )
00000554: 11.055    (Y': 8.45005   Cb: 12.4874   Cr: 14.4355 )
00000555: 10.9258   (Y': 8.33284   Cb: 12.3373   Cr: 14.2913 )
00000556: 11.1665   (Y': 8.5526    Cb: 12.6537   Cr: 14.4974 )
00000557: 11.3914   (Y': 8.68829   Cb: 12.914    Cr: 15.0338 )
00000559: 11.5273   (Y': 8.84936   Cb: 12.9968   Cr: 15.1484 )
00000558: 11.5224   (Y': 8.83247   Cb: 13.0325   Cr: 15.1281 )
00000560: 11.7709   (Y': 9.07984   Cb: 13.3859   Cr: 15.2166 )
00000561: 11.7697   (Y': 9.06415   Cb: 13.3726   Cr: 15.2946 )
00000563: 11.8909   (Y': 9.25968   Cb: 13.4662   Cr: 15.1571 )
00000562: 11.8831   (Y': 9.22377   Cb: 13.5354   Cr: 15.1461 )
00000564: 11.7688   (Y': 9.13141   Cb: 13.3371   Cr: 15.0695 )
00000565: 11.7273   (Y': 9.05334   Cb: 13.3437   Cr: 15.1013 )
00000566: 11.5798   (Y': 8.92139   Cb: 13.1742   Cr: 14.9244 )
00000567: 11.4945   (Y': 8.87164   Cb: 13.0348   Cr: 14.78   )
00000568: 11.4598   (Y': 8.77999   Cb: 13.0599   Cr: 14.8823 )
00000569: 11.3915   (Y': 8.69451   Cb: 12.9983   Cr: 14.8744 )
00000570: 11.3687   (Y': 8.68256   Cb: 12.989    Cr: 14.7862 )
00000572: 11.3922   (Y': 8.72756   Cb: 13.0059   Cr: 14.7332 )
00000571: 11.3964   (Y': 8.71497   Cb: 13.0196   Cr: 14.7903 )
00000573: 11.406    (Y': 8.74073   Cb: 13.0169   Cr: 14.7534 )
00000574: 11.3957   (Y': 8.64831   Cb: 13.0769   Cr: 14.9767 )
00000578: 11.2874   (Y': 8.50406   Cb: 13.067    Cr: 14.8724 )
00000577: 11.3503   (Y': 8.56932   Cb: 13.1217   Cr: 14.9375 )
00000575: 11.4032   (Y': 8.64497   Cb: 13.1157   Cr: 14.982  )
00000576: 11.3979   (Y': 8.59736   Cb: 13.1598   Cr: 15.0859 )
Total: 12.1617   (Y': 9.24571   Cb: 14.4042   Cr: 15.666  )
