00000001: 20.6978   (Y': 23.4417   Cb: 19.4907   Cr: 20.0987 )
00000006: 20.7756   (Y': 23.5037   Cb: 19.557    Cr: 20.1969 )
00000002: 20.7075   (Y': 23.5174   Cb: 19.4622   Cr: 20.1222 )
00000000: 20.7296   (Y': 23.6043   Cb: 19.4743   Cr: 20.1264 )
00000003: 20.7326   (Y': 23.5101   Cb: 19.526    Cr: 20.1174 )
00000005: 20.7497   (Y': 23.4712   Cb: 19.5353   Cr: 20.1692 )
00000004: 20.7287   (Y': 23.5209   Cb: 19.5341   Cr: 20.0929 )
00000007: 20.7761   (Y': 23.4668   Cb: 19.5889   Cr: 20.1787 )
00000012: 20.7172   (Y': 23.4531   Cb: 19.511    Cr: 20.1207 )
00000010: 20.8273   (Y': 23.403    Cb: 19.6949   Cr: 20.2222 )
00000011: 20.5718   (Y': 23.2762   Cb: 19.3449   Cr: 20.0139 )
00000014: 20.6204   (Y': 23.4114   Cb: 19.3616   Cr: 20.0595 )
00000013: 20.6557   (Y': 23.5095   Cb: 19.369    Cr: 20.0988 )
00000015: 20.6864   (Y': 23.5077   Cb: 19.4227   Cr: 20.1172 )
00000008: 20.7049   (Y': 23.4592   Cb: 19.5136   Cr: 20.0829 )
00000009: 20.7216   (Y': 23.556    Cb: 19.5031   Cr: 20.094  )
00000017: 20.857    (Y': 22.584    Cb: 19.894    Cr: 20.5232 )
00000016: 20.788    (Y': 23.2288   Cb: 19.5628   Cr: 20.3583 )
00000018: 21.0481   (Y': 22.9942   Cb: 20.0179   Cr: 20.6601 )
00000021: 21.1778   (Y': 23.3774   Cb: 20.112    Cr: 20.6884 )
00000020: 21.1827   (Y': 23.3391   Cb: 20.1478   Cr: 20.6818 )
00000022: 21.1933   (Y': 23.5318   Cb: 20.1014   Cr: 20.6607 )
00000019: 21.174    (Y': 23.4027   Cb: 20.1189   Cr: 20.6569 )
00000023: 21.1077   (Y': 23.427    Cb: 20.0189   Cr: 20.5812 )
00000024: 21.0889   (Y': 23.353    Cb: 19.9812   Cr: 20.6134 )
00000025: 21.073    (Y': 23.3574   Cb: 19.9521   Cr: 20.6019 )
00000026: 21.1294   (Y': 23.5292   Cb: 19.9415   Cr: 20.6764 )
00000027: 21.0927   (Y': 23.5214   Cb: 19.914    Cr: 20.6138 )
00000028: 21.0613   (Y': 23.3956   Cb: 19.9176   Cr: 20.5904 )
00000029: 21.0649   (Y': 23.4566   Cb: 19.9045   Cr: 20.5839 )
00000030: 21.0816   (Y': 23.416    Cb: 19.9448   Cr: 20.6026 )
00000031: 21.0774   (Y': 23.3632   Cb: 19.9707   Cr: 20.5892 )
00000032: 21.0781   (Y': 23.4143   Cb: 19.9509   Cr: 20.5869 )
00000033: 21.252    (Y': 23.3859   Cb: 20.2515   Cr: 20.7246 )
00000034: 21.0973   (Y': 23.0301   Cb: 20.2325   Cr: 20.5325 )
00000035: 21.4265   (Y': 22.1833   Cb: 20.791    Cr: 21.4162 )
00000036: 21.889    (Y': 22.291    Cb: 21.2224   Cr: 22.2394 )
00000037: 22.2767   (Y': 22.1731   Cb: 21.8551   Cr: 22.8621 )
00000038: 20.08     (Y': 17.5392   Cb: 22.1713   Cr: 22.3925 )
00000039: 19.7294   (Y': 17.4568   Cb: 21.5829   Cr: 21.535  )
00000041: 19.8114   (Y': 18.5087   Cb: 20.3726   Cr: 20.9387 )
00000040: 19.6891   (Y': 17.8503   Cb: 20.9162   Cr: 21.1217 )
00000042: 19.8684   (Y': 18.5499   Cb: 20.473    Cr: 20.9742 )
00000043: 19.9795   (Y': 18.6894   Cb: 20.4827   Cr: 21.1512 )
00000045: 19.9498   (Y': 18.682    Cb: 20.4573   Cr: 21.0776 )
00000044: 19.9543   (Y': 18.6862   Cb: 20.4337   Cr: 21.1154 )
00000046: 19.9764   (Y': 18.702    Cb: 20.4828   Cr: 21.1173 )
00000047: 19.9526   (Y': 18.6672   Cb: 20.4632   Cr: 21.1077 )
00000049: 19.9719   (Y': 18.6782   Cb: 20.4963   Cr: 21.1256 )
00000048: 19.9714   (Y': 18.6838   Cb: 20.4837   Cr: 21.1281 )
00000050: 19.9737   (Y': 18.6621   Cb: 20.5071   Cr: 21.1483 )
00000051: 19.9864   (Y': 18.6656   Cb: 20.515    Cr: 21.1831 )
00000052: 19.978    (Y': 18.6435   Cb: 20.5457   Cr: 21.1536 )
00000053: 19.9699   (Y': 18.6477   Cb: 20.5144   Cr: 21.1505 )
00000054: 19.9735   (Y': 18.6549   Cb: 20.5196   Cr: 21.1461 )
00000055: 19.9899   (Y': 18.6671   Cb: 20.5289   Cr: 21.178  )
00000057: 19.9766   (Y': 18.6399   Cb: 20.522    Cr: 21.182  )
00000056: 19.9679   (Y': 18.64     Cb: 20.5007   Cr: 21.1722 )
00000058: 19.9411   (Y': 18.7053   Cb: 20.4322   Cr: 21.0327 )
00000059: 19.9276   (Y': 18.6925   Cb: 20.3573   Cr: 21.0895 )
00000060: 19.93     (Y': 18.681    Cb: 20.3681   Cr: 21.1063 )
00000061: 19.9292   (Y': 18.6943   Cb: 20.3451   Cr: 21.107  )
00000062: 19.9357   (Y': 18.6711   Cb: 20.4154   Cr: 21.0903 )
00000063: 19.9352   (Y': 18.6862   Cb: 20.4281   Cr: 21.0474 )
00000066: 25.6599   (Y': 23.0745   Cb: 27.8031   Cr: 28.0561 )
00000065: 25.3918   (Y': 22.9145   Cb: 27.6047   Cr: 27.3971 )
00000067: 25.6485   (Y': 23.0437   Cb: 27.8054   Cr: 28.0919 )
00000064: 25.9532   (Y': 22.9817   Cb: 29.0897   Cr: 28.6929 )
00000068: 25.7335   (Y': 23.1482   Cb: 27.8989   Cr: 28.1062 )
00000069: 25.5031   (Y': 23.0612   Cb: 27.4841   Cr: 27.6385 )
00000070: 25.7445   (Y': 23.1731   Cb: 27.8695   Cr: 28.1163 )
00000071: 25.801    (Y': 23.0987   Cb: 28.107    Cr: 28.4063 )
00000072: 25.7296   (Y': 23.116    Cb: 27.7467   Cr: 28.3571 )
00000073: 25.8012   (Y': 23.0743   Cb: 27.95     Cr: 28.6692 )
00000075: 25.5543   (Y': 23.0034   Cb: 27.7699   Cr: 27.77   )
00000076: 25.6411   (Y': 23.1414   Cb: 27.4333   Cr: 28.1595 )
00000077: 25.6391   (Y': 23.0318   Cb: 27.7207   Cr: 28.1727 )
00000074: 25.6494   (Y': 22.9389   Cb: 27.7941   Cr: 28.4632 )
00000079: 19.8351   (Y': 18.3894   Cb: 20.4525   Cr: 21.1572 )
00000080: 19.6817   (Y': 18.2728   Cb: 20.2616   Cr: 20.979  )
00000078: 26.032    (Y': 23.4289   Cb: 28.1288   Cr: 28.5352 )
00000081: 19.6174   (Y': 18.2063   Cb: 20.1773   Cr: 20.9424 )
00000082: 19.6184   (Y': 18.1595   Cb: 20.208    Cr: 20.999  )
00000083: 19.6847   (Y': 18.2072   Cb: 20.3141   Cr: 21.0532 )
00000084: 19.666    (Y': 18.107    Cb: 20.3783   Cr: 21.0964 )
00000085: 19.5947   (Y': 17.9376   Cb: 20.3924   Cr: 21.1236 )
00000089: 19.7442   (Y': 17.3702   Cb: 21.4796   Cr: 21.9483 )
00000087: 19.6606   (Y': 17.6763   Cb: 20.7891   Cr: 21.5335 )
00000086: 19.6567   (Y': 17.7213   Cb: 20.6167   Cr: 21.6163 )
00000088: 19.6208   (Y': 17.4571   Cb: 21.0375   Cr: 21.6099 )
00000090: 19.9431   (Y': 17.3368   Cb: 22.0067   Cr: 22.4936 )
00000091: 20.2297   (Y': 17.5624   Cb: 22.2987   Cr: 22.9797 )
00000092: 21.0611   (Y': 18.3051   Cb: 23.1714   Cr: 24.0834 )
00000093: 21.6087   (Y': 18.7468   Cb: 23.6837   Cr: 25.105  )
00000094: 22.2165   (Y': 19.1504   Cb: 24.5937   Cr: 26.2437 )
00000095: 22.5247   (Y': 19.385    Cb: 25.0548   Cr: 26.715  )
00000097: 24.8691   (Y': 21.2064   Cb: 28.9045   Cr: 30.3827 )
00000098: INF       (Y': INF       Cb: INF       Cr: INF     )
00000096: 23.7982   (Y': 20.3412   Cb: 26.9998   Cr: 28.9564 )
00000099: INF       (Y': INF       Cb: INF       Cr: INF     )
00000100: INF       (Y': INF       Cb: INF       Cr: INF     )
00000101: INF       (Y': INF       Cb: INF       Cr: INF     )
00000102: INF       (Y': INF       Cb: INF       Cr: INF     )
00000103: INF       (Y': INF       Cb: INF       Cr: INF     )
00000104: INF       (Y': INF       Cb: INF       Cr: INF     )
00000105: INF       (Y': INF       Cb: INF       Cr: INF     )
00000106: INF       (Y': INF       Cb: INF       Cr: INF     )
00000107: INF       (Y': INF       Cb: INF       Cr: INF     )
00000108: INF       (Y': INF       Cb: INF       Cr: INF     )
00000109: INF       (Y': INF       Cb: INF       Cr: INF     )
00000110: INF       (Y': INF       Cb: INF       Cr: INF     )
00000111: INF       (Y': INF       Cb: INF       Cr: INF     )
00000112: INF       (Y': INF       Cb: INF       Cr: INF     )
00000113: INF       (Y': INF       Cb: INF       Cr: INF     )
00000114: INF       (Y': INF       Cb: INF       Cr: INF     )
00000115: INF       (Y': INF       Cb: INF       Cr: INF     )
00000116: INF       (Y': INF       Cb: INF       Cr: INF     )
00000117: INF       (Y': INF       Cb: INF       Cr: INF     )
00000118: INF       (Y': INF       Cb: INF       Cr: INF     )
00000119: INF       (Y': INF       Cb: INF       Cr: INF     )
00000120: INF       (Y': INF       Cb: INF       Cr: INF     )
00000121: INF       (Y': INF       Cb: INF       Cr: INF     )
00000123: INF       (Y': INF       Cb: INF       Cr: INF     )
00000124: INF       (Y': INF       Cb: INF       Cr: INF     )
00000122: INF       (Y': INF       Cb: INF       Cr: INF     )
00000125: INF       (Y': INF       Cb: INF       Cr: INF     )
00000126: INF       (Y': INF       Cb: INF       Cr: INF     )
00000127: INF       (Y': INF       Cb: INF       Cr: INF     )
00000129: INF       (Y': INF       Cb: INF       Cr: INF     )
00000130: INF       (Y': INF       Cb: INF       Cr: INF     )
00000131: INF       (Y': INF       Cb: INF       Cr: INF     )
00000132: INF       (Y': INF       Cb: INF       Cr: INF     )
00000128: INF       (Y': INF       Cb: INF       Cr: INF     )
00000133: INF       (Y': INF       Cb: INF       Cr: INF     )
00000134: INF       (Y': INF       Cb: INF       Cr: INF     )
00000135: INF       (Y': INF       Cb: INF       Cr: INF     )
00000136: INF       (Y': INF       Cb: INF       Cr: INF     )
00000137: INF       (Y': INF       Cb: INF       Cr: INF     )
00000138: INF       (Y': INF       Cb: INF       Cr: INF     )
00000140: INF       (Y': INF       Cb: INF       Cr: INF     )
00000139: INF       (Y': INF       Cb: INF       Cr: INF     )
00000141: INF       (Y': INF       Cb: INF       Cr: INF     )
00000142: INF       (Y': INF       Cb: INF       Cr: INF     )
00000143: 21.0739   (Y': 18.3254   Cb: 22.944    Cr: 24.3821 )
00000144: 20.4188   (Y': 17.9482   Cb: 21.9427   Cr: 23.1786 )
00000147: 18.5637   (Y': 17.413    Cb: 18.8541   Cr: 19.748  )
00000145: 19.5766   (Y': 17.6587   Cb: 20.5272   Cr: 21.5053 )
00000148: 18.3972   (Y': 17.3596   Cb: 18.6413   Cr: 19.4498 )
00000146: 19.2591   (Y': 17.5864   Cb: 19.9611   Cr: 20.9376 )
00000149: 18.1556   (Y': 17.3091   Cb: 18.273    Cr: 19.0629 )
00000150: 18.0701   (Y': 17.2829   Cb: 18.136    Cr: 18.9513 )
00000151: 17.8995   (Y': 17.2849   Cb: 17.883    Cr: 18.6352 )
00000152: 17.8421   (Y': 17.2881   Cb: 17.7853   Cr: 18.5439 )
00000153: 17.7393   (Y': 17.2807   Cb: 17.628    Cr: 18.3808 )
00000156: 17.5866   (Y': 17.2449   Cb: 17.4265   Cr: 18.139  )
00000154: 17.6918   (Y': 17.2578   Cb: 17.5811   Cr: 18.3013 )
00000155: 17.6495   (Y': 17.2938   Cb: 17.5025   Cr: 18.2035 )
00000158: 17.5328   (Y': 17.2838   Cb: 17.3239   Cr: 18.0306 )
00000157: 17.5483   (Y': 17.2781   Cb: 17.3467   Cr: 18.0628 )
00000159: 17.4929   (Y': 17.2724   Cb: 17.2723   Cr: 17.9709 )
00000160: 17.4831   (Y': 17.3063   Cb: 17.2124   Cr: 17.9689 )
00000161: 17.4468   (Y': 17.2875   Cb: 17.1747   Cr: 17.9142 )
00000163: 17.4028   (Y': 17.3101   Cb: 17.1145   Cr: 17.8135 )
00000164: 17.4484   (Y': 17.399    Cb: 17.1363   Cr: 17.8387 )
00000162: 17.4294   (Y': 17.2634   Cb: 17.1595   Cr: 17.9019 )
00000165: 17.5561   (Y': 17.4948   Cb: 17.2455   Cr: 17.9577 )
00000166: 17.5558   (Y': 17.5197   Cb: 17.2257   Cr: 17.9525 )
00000167: 17.5428   (Y': 17.5085   Cb: 17.2138   Cr: 17.9364 )
00000168: 17.5505   (Y': 17.5073   Cb: 17.2417   Cr: 17.9301 )
00000169: 17.5513   (Y': 17.5202   Cb: 17.24     Cr: 17.9205 )
00000170: 17.5504   (Y': 17.5093   Cb: 17.2267   Cr: 17.9453 )
00000171: 17.5469   (Y': 17.5386   Cb: 17.2306   Cr: 17.8972 )
00000173: 17.5499   (Y': 17.5378   Cb: 17.2148   Cr: 17.9262 )
00000172: 17.5467   (Y': 17.5378   Cb: 17.2289   Cr: 17.8993 )
00000174: 17.5539   (Y': 17.5533   Cb: 17.2281   Cr: 17.9068 )
00000175: 17.536    (Y': 17.5407   Cb: 17.1954   Cr: 17.9004 )
00000176: 17.519    (Y': 17.5247   Cb: 17.1678   Cr: 17.8948 )
00000177: 17.5437   (Y': 17.5553   Cb: 17.1925   Cr: 17.9132 )
00000178: 17.525    (Y': 17.5238   Cb: 17.1793   Cr: 17.902  )
00000179: 17.5136   (Y': 17.5221   Cb: 17.1599   Cr: 17.8895 )
00000180: 17.5105   (Y': 17.5101   Cb: 17.1682   Cr: 17.8826 )
00000181: 17.525    (Y': 17.5411   Cb: 17.1734   Cr: 17.8901 )
00000182: 17.5179   (Y': 17.531    Cb: 17.1611   Cr: 17.8924 )
00000183: 17.5059   (Y': 17.5282   Cb: 17.1369   Cr: 17.8848 )
00000184: 17.5119   (Y': 17.5383   Cb: 17.1186   Cr: 17.9155 )
00000185: 17.5228   (Y': 17.5272   Cb: 17.1834   Cr: 17.8863 )
00000186: 17.5172   (Y': 17.5173   Cb: 17.1629   Cr: 17.903  )
00000187: 17.5272   (Y': 17.5499   Cb: 17.1729   Cr: 17.8885 )
00000188: 17.5284   (Y': 17.5381   Cb: 17.1767   Cr: 17.9006 )
00000189: 17.5343   (Y': 17.5405   Cb: 17.1808   Cr: 17.9123 )
00000190: 17.5448   (Y': 17.5705   Cb: 17.1601   Cr: 17.9387 )
00000191: 17.5541   (Y': 17.5601   Cb: 17.2179   Cr: 17.9119 )
00000192: 17.5462   (Y': 17.5483   Cb: 17.1876   Cr: 17.9348 )
00000193: 17.5286   (Y': 17.5264   Cb: 17.191    Cr: 17.8971 )
00000194: 17.4997   (Y': 17.5069   Cb: 17.1643   Cr: 17.8553 )
00000195: 17.4252   (Y': 17.3599   Cb: 17.1399   Cr: 17.8016 )
00000196: 17.4059   (Y': 17.3163   Cb: 17.1239   Cr: 17.8057 )
00000197: 17.4023   (Y': 17.2766   Cb: 17.1511   Cr: 17.8068 )
00000198: 17.3896   (Y': 17.2729   Cb: 17.1404   Cr: 17.7815 )
00000199: 17.3816   (Y': 17.2563   Cb: 17.1305   Cr: 17.7855 )
00000200: 17.3969   (Y': 17.287    Cb: 17.1409   Cr: 17.7891 )
00000201: 17.3906   (Y': 17.2859   Cb: 17.1187   Cr: 17.7953 )
00000202: 17.3736   (Y': 17.2338   Cb: 17.1321   Cr: 17.7826 )
00000203: 17.4089   (Y': 17.3662   Cb: 17.112    Cr: 17.774  )
00000204: 17.4533   (Y': 17.3946   Cb: 17.1477   Cr: 17.8464 )
00000205: 17.4388   (Y': 17.3938   Cb: 17.1351   Cr: 17.8144 )
00000206: 17.4496   (Y': 17.3948   Cb: 17.1514   Cr: 17.8297 )
00000207: 17.4534   (Y': 17.3835   Cb: 17.1752   Cr: 17.8269 )
00000208: 17.4537   (Y': 17.3927   Cb: 17.15     Cr: 17.8471 )
00000209: 17.4535   (Y': 17.4054   Cb: 17.1491   Cr: 17.8335 )
00000210: 17.4536   (Y': 17.3774   Cb: 17.1607   Cr: 17.8512 )
00000211: 17.46     (Y': 17.3977   Cb: 17.1526   Cr: 17.8589 )
00000212: 17.4656   (Y': 17.411    Cb: 17.1632   Cr: 17.8501 )
00000213: 17.4401   (Y': 17.3841   Cb: 17.1239   Cr: 17.8425 )
00000215: 17.4255   (Y': 17.3774   Cb: 17.106    Cr: 17.8229 )
00000214: 17.4391   (Y': 17.3799   Cb: 17.1397   Cr: 17.8255 )
00000216: 17.4446   (Y': 17.4084   Cb: 17.1335   Cr: 17.819  )
00000217: 17.3441   (Y': 17.288    Cb: 17.0274   Cr: 17.7472 )
00000219: 17.3253   (Y': 17.2851   Cb: 16.9973   Cr: 17.7243 )
00000218: 17.3243   (Y': 17.2887   Cb: 16.9868   Cr: 17.7294 )
00000220: 17.3231   (Y': 17.2861   Cb: 16.9831   Cr: 17.7325 )
00000221: 17.3071   (Y': 17.2715   Cb: 16.9728   Cr: 17.7084 )
00000222: 17.3166   (Y': 17.2925   Cb: 16.9542   Cr: 17.7385 )
00000223: 17.3173   (Y': 17.2718   Cb: 16.9788   Cr: 17.7345 )
00000224: 17.3188   (Y': 17.2685   Cb: 16.9723   Cr: 17.7509 )
00000225: 17.3097   (Y': 17.255    Cb: 16.9668   Cr: 17.7425 )
00000226: 17.3117   (Y': 17.2583   Cb: 16.9624   Cr: 17.7505 )
00000227: 17.3156   (Y': 17.2842   Cb: 16.9594   Cr: 17.7384 )
00000228: 17.313    (Y': 17.2782   Cb: 16.9527   Cr: 17.7442 )
00000229: 17.3158   (Y': 17.2902   Cb: 16.9684   Cr: 17.7217 )
00000230: 17.6073   (Y': 17.5645   Cb: 17.2949   Cr: 17.9906 )
00000231: 18.3869   (Y': 18.3577   Cb: 18.1349   Cr: 18.6856 )
00000232: 18.5638   (Y': 18.5578   Cb: 18.2992   Cr: 18.8519 )
00000233: 18.4809   (Y': 18.4963   Cb: 18.2019   Cr: 18.7626 )
00000234: 18.4362   (Y': 18.4118   Cb: 18.1842   Cr: 18.7296 )
00000235: 18.26     (Y': 18.2724   Cb: 17.9472   Cr: 18.5837 )
00000236: 18.1923   (Y': 18.1646   Cb: 17.9052   Cr: 18.5296 )
00000237: 18.1322   (Y': 18.1101   Cb: 17.8505   Cr: 18.4572 )
00000238: 18.1786   (Y': 18.1516   Cb: 17.9143   Cr: 18.4889 )
00000239: 18.0929   (Y': 18.0921   Cb: 17.7574   Cr: 18.4573 )
00000240: 18.0271   (Y': 17.9992   Cb: 17.699    Cr: 18.4124 )
00000241: 17.9879   (Y': 18.0164   Cb: 17.6589   Cr: 18.3131 )
00000242: 18.0132   (Y': 18.0422   Cb: 17.6842   Cr: 18.3379 )
00000243: 17.8948   (Y': 17.9259   Cb: 17.5232   Cr: 18.2671 )
00000245: 17.9886   (Y': 18.0698   Cb: 17.6198   Cr: 18.3045 )
00000244: 17.924    (Y': 18.002    Cb: 17.5551   Cr: 18.2433 )
00000248: 17.8024   (Y': 17.8894   Cb: 17.3836   Cr: 18.171  )
00000246: 17.9776   (Y': 18.0775   Cb: 17.579    Cr: 18.3086 )
00000247: 17.8509   (Y': 17.9446   Cb: 17.4535   Cr: 18.1871 )
00000249: 17.8698   (Y': 17.957    Cb: 17.4686   Cr: 18.2174 )
00000251: 17.9446   (Y': 18.0631   Cb: 17.5535   Cr: 18.2473 )
00000250: 17.9053   (Y': 18.0118   Cb: 17.5123   Cr: 18.2227 )
00000252: 17.9323   (Y': 18.0186   Cb: 17.5423   Cr: 18.2677 )
00000254: 17.924    (Y': 18.0728   Cb: 17.5128   Cr: 18.2187 )
00000253: 17.9248   (Y': 18.0581   Cb: 17.5201   Cr: 18.2282 )
00000256: 17.9885   (Y': 18.0729   Cb: 17.6019   Cr: 18.3218 )
00000255: 17.9235   (Y': 18.0741   Cb: 17.5048   Cr: 18.2254 )
00000257: 17.8601   (Y': 17.8991   Cb: 17.4472   Cr: 18.2734 )
00000259: 18.7723   (Y': 18.8196   Cb: 18.4877   Cr: 19.0268 )
00000260: 18.6354   (Y': 18.6859   Cb: 18.3358   Cr: 18.9034 )
00000258: 18.9831   (Y': 19.0258   Cb: 18.6857   Cr: 19.2569 )
00000261: 18.4113   (Y': 18.4286   Cb: 18.1308   Cr: 18.6925 )
00000262: 18.3166   (Y': 18.326    Cb: 18.0321   Cr: 18.6109 )
00000263: 18.0799   (Y': 18.0359   Cb: 17.7829   Cr: 18.4465 )
00000264: 17.8797   (Y': 17.8453   Cb: 17.5553   Cr: 18.2678 )
00000265: 18.8201   (Y': 18.6615   Cb: 18.6493   Cr: 19.1697 )
00000266: 18.7707   (Y': 18.6746   Cb: 18.5459   Cr: 19.1115 )
00000267: 18.3911   (Y': 18.3667   Cb: 18.1249   Cr: 18.7008 )
00000268: 18.3123   (Y': 18.3268   Cb: 18.0326   Cr: 18.5958 )
00000269: 18.2272   (Y': 18.2215   Cb: 17.9525   Cr: 18.5267 )
00000270: 18.2443   (Y': 18.2362   Cb: 17.9539   Cr: 18.5643 )
00000271: 18.1126   (Y': 18.145    Cb: 17.7559   Cr: 18.4662 )
00000273: 18.0681   (Y': 18.1012   Cb: 17.7015   Cr: 18.4326 )
00000272: 18.0755   (Y': 18.0848   Cb: 17.7349   Cr: 18.435  )
00000275: 18.0508   (Y': 18.0436   Cb: 17.7145   Cr: 18.4233 )
00000274: 18.0815   (Y': 18.1246   Cb: 17.7229   Cr: 18.4259 )
00000276: 18.0568   (Y': 18.0858   Cb: 17.6915   Cr: 18.4242 )
00000277: 18.1603   (Y': 18.192    Cb: 17.7712   Cr: 18.5531 )
00000279: 18.0043   (Y': 18.0356   Cb: 17.6079   Cr: 18.4062 )
00000278: 18.1277   (Y': 18.1423   Cb: 17.7449   Cr: 18.5314 )
00000281: 18.2636   (Y': 18.3536   Cb: 17.9163   Cr: 18.5448 )
00000280: 17.9993   (Y': 18.0226   Cb: 17.6022   Cr: 18.4107 )
00000283: 19.0529   (Y': 18.9694   Cb: 18.8372   Cr: 19.3696 )
00000282: 18.5169   (Y': 18.5502   Cb: 18.1823   Cr: 18.8437 )
00000284: 18.9249   (Y': 18.8663   Cb: 18.6757   Cr: 19.2525 )
00000285: 18.6441   (Y': 18.6405   Cb: 18.3803   Cr: 18.9289 )
00000286: 18.5453   (Y': 18.5248   Cb: 18.2748   Cr: 18.8558 )
00000287: 18.2514   (Y': 18.2435   Cb: 17.953    Cr: 18.5804 )
00000288: 18.1401   (Y': 18.1108   Cb: 17.8499   Cr: 18.4826 )
00000289: 18.1562   (Y': 18.0649   Cb: 17.8823   Cr: 18.5485 )
00000290: 17.9592   (Y': 17.8766   Cb: 17.6894   Cr: 18.3368 )
00000292: 17.8713   (Y': 17.8007   Cb: 17.5569   Cr: 18.2879 )
00000293: 17.9728   (Y': 17.8495   Cb: 17.7379   Cr: 18.3555 )
00000291: 17.9495   (Y': 17.868    Cb: 17.6617   Cr: 18.3469 )
00000294: 17.9725   (Y': 17.823    Cb: 17.7072   Cr: 18.4206 )
00000296: 17.9795   (Y': 17.8526   Cb: 17.7086   Cr: 18.4081 )
00000295: 17.9332   (Y': 17.8024   Cb: 17.6573   Cr: 18.3724 )
00000297: 18.0087   (Y': 17.862    Cb: 17.7707   Cr: 18.4216 )
00000298: 18.0302   (Y': 17.8985   Cb: 17.8021   Cr: 18.4146 )
00000301: 17.8563   (Y': 17.7351   Cb: 17.5955   Cr: 18.2668 )
00000300: 17.9359   (Y': 17.8111   Cb: 17.6896   Cr: 18.3334 )
00000299: 17.9815   (Y': 17.8796   Cb: 17.7406   Cr: 18.3472 )
00000304: 17.7205   (Y': 17.6123   Cb: 17.4684   Cr: 18.1063 )
00000303: 17.7542   (Y': 17.6354   Cb: 17.5119   Cr: 18.1406 )
00000302: 17.814    (Y': 17.6915   Cb: 17.5666   Cr: 18.2104 )
00000305: 17.6592   (Y': 17.5839   Cb: 17.3799   Cr: 18.0398 )
00000308: 17.5216   (Y': 17.448    Cb: 17.2098   Cr: 17.9384 )
00000306: 17.6459   (Y': 17.5716   Cb: 17.3559   Cr: 18.0378 )
00000307: 17.5561   (Y': 17.4674   Cb: 17.278    Cr: 17.9503 )
00000309: 14.1606   (Y': 14.0427   Cb: 13.5803   Cr: 14.9721 )
00000311: 15.7627   (Y': 14.1241   Cb: 16.474    Cr: 17.357  )
00000310: 15.8966   (Y': 14.4366   Cb: 16.4455   Cr: 17.3284 )
00000312: 15.6123   (Y': 13.9639   Cb: 16.302    Cr: 17.2543 )
00000313: 15.3532   (Y': 13.8269   Cb: 15.8867   Cr: 16.9368 )
00000314: 15.2486   (Y': 13.7821   Cb: 15.7311   Cr: 16.7764 )
00000315: 15.0896   (Y': 13.7661   Cb: 15.4378   Cr: 16.5116 )
00000316: 15.0214   (Y': 13.7473   Cb: 15.3199   Cr: 16.4151 )
00000317: 14.9155   (Y': 13.7323   Cb: 15.1097   Cr: 16.2791 )
00000318: 14.8676   (Y': 13.7287   Cb: 15.0128   Cr: 16.2163 )
00000319: 14.7898   (Y': 13.7221   Cb: 14.8753   Cr: 16.0928 )
00000320: 14.7813   (Y': 13.7444   Cb: 14.8407   Cr: 16.0662 )
00000321: 14.7213   (Y': 13.7467   Cb: 14.713    Cr: 15.9912 )
00000322: 14.6909   (Y': 13.7354   Cb: 14.6649   Cr: 15.9525 )
00000323: 14.6417   (Y': 13.7347   Cb: 14.5714   Cr: 15.8826 )
00000324: 14.6237   (Y': 13.7327   Cb: 14.5382   Cr: 15.8593 )
00000325: 14.5858   (Y': 13.7211   Cb: 14.4729   Cr: 15.8157 )
00000327: 14.5747   (Y': 13.7325   Cb: 14.4445   Cr: 15.7918 )
00000326: 14.5903   (Y': 13.7412   Cb: 14.4725   Cr: 15.8017 )
00000329: 14.5463   (Y': 13.7429   Cb: 14.3827   Cr: 15.7473 )
00000328: 14.5604   (Y': 13.7289   Cb: 14.4216   Cr: 15.7723 )
00000330: 14.5358   (Y': 13.7301   Cb: 14.3819   Cr: 15.7274 )
00000331: 14.5165   (Y': 13.7201   Cb: 14.3463   Cr: 15.7153 )
00000332: 14.5129   (Y': 13.7386   Cb: 14.3316   Cr: 15.6924 )
00000333: 14.5074   (Y': 13.7352   Cb: 14.3329   Cr: 15.6742 )
00000334: 14.5084   (Y': 13.7475   Cb: 14.3152   Cr: 15.6831 )
00000335: 14.5146   (Y': 13.7507   Cb: 14.3257   Cr: 15.6881 )
00000336: 14.511    (Y': 13.754    Cb: 14.3251   Cr: 15.6697 )
00000337: 14.5111   (Y': 13.769    Cb: 14.3151   Cr: 15.6604 )
00000338: 14.5112   (Y': 13.773    Cb: 14.3073   Cr: 15.6653 )
00000339: 14.5129   (Y': 13.7706   Cb: 14.3137   Cr: 15.6668 )
00000341: 14.4952   (Y': 13.7484   Cb: 14.3009   Cr: 15.6497 )
00000340: 14.5032   (Y': 13.769    Cb: 14.3037   Cr: 15.6452 )
00000342: 14.5085   (Y': 13.7709   Cb: 14.3172   Cr: 15.6443 )
00000343: 14.4917   (Y': 13.7605   Cb: 14.2904   Cr: 15.6314 )
00000344: 14.4908   (Y': 13.7497   Cb: 14.2968   Cr: 15.6357 )
00000345: 14.4926   (Y': 13.7608   Cb: 14.2843   Cr: 15.6428 )
00000346: 14.5026   (Y': 13.7715   Cb: 14.2964   Cr: 15.6489 )
00000347: 14.487    (Y': 13.7569   Cb: 14.2851   Cr: 15.626  )
00000350: 14.4901   (Y': 13.7549   Cb: 14.2853   Cr: 15.6407 )
00000348: 14.4936   (Y': 13.7714   Cb: 14.2914   Cr: 15.6205 )
00000349: 14.4904   (Y': 13.7645   Cb: 14.2773   Cr: 15.638  )
00000351: 14.6379   (Y': 13.8823   Cb: 14.456    Cr: 15.7891 )
00000352: 14.8332   (Y': 14.0345   Cb: 14.7138   Cr: 15.9671 )
00000353: 14.9781   (Y': 14.0977   Cb: 14.922    Cr: 16.1569 )
00000354: 15.0009   (Y': 14.1294   Cb: 14.9457   Cr: 16.1643 )
00000356: 15.051    (Y': 14.1654   Cb: 15.0066   Cr: 16.2229 )
00000357: 15.1355   (Y': 14.2077   Cb: 15.1489   Cr: 16.2992 )
00000355: 15.0357   (Y': 14.1694   Cb: 14.9833   Cr: 16.1873 )
00000358: 15.158    (Y': 14.2019   Cb: 15.177    Cr: 16.3608 )
00000359: 15.2271   (Y': 14.2753   Cb: 15.2572   Cr: 16.4085 )
00000360: 15.2835   (Y': 14.3259   Cb: 15.3196   Cr: 16.4665 )
00000361: 15.3378   (Y': 14.4056   Cb: 15.3368   Cr: 16.5276 )
00000362: 15.3663   (Y': 14.4127   Cb: 15.3898   Cr: 16.559  )
00000363: 15.4348   (Y': 14.5272   Cb: 15.4257   Cr: 16.5954 )
00000364: 15.4409   (Y': 14.5068   Cb: 15.4581   Cr: 16.6101 )
00000366: 15.4846   (Y': 14.5749   Cb: 15.5065   Cr: 16.6082 )
00000365: 15.4672   (Y': 14.5473   Cb: 15.4865   Cr: 16.6108 )
00000367: 15.5195   (Y': 14.6117   Cb: 15.5247   Cr: 16.6617 )
00000368: 15.5251   (Y': 14.603    Cb: 15.5673   Cr: 16.6427 )
00000369: 15.5464   (Y': 14.6349   Cb: 15.5621   Cr: 16.6811 )
00000370: 15.561    (Y': 14.6192   Cb: 15.5839   Cr: 16.7353 )
00000371: 15.5879   (Y': 14.6594   Cb: 15.6062   Cr: 16.7466 )
00000372: 15.6347   (Y': 14.7608   Cb: 15.5956   Cr: 16.7806 )
00000373: 15.6531   (Y': 14.7563   Cb: 15.6337   Cr: 16.8099 )
00000374: 15.6323   (Y': 14.7495   Cb: 15.5982   Cr: 16.7862 )
00000375: 15.658    (Y': 14.8183   Cb: 15.588    Cr: 16.7906 )
00000376: 15.6594   (Y': 14.8012   Cb: 15.5998   Cr: 16.8074 )
00000377: 15.6958   (Y': 14.8262   Cb: 15.6601   Cr: 16.8305 )
00000378: 15.71     (Y': 14.8507   Cb: 15.6672   Cr: 16.8378 )
00000379: 15.7417   (Y': 14.8637   Cb: 15.7275   Cr: 16.8619 )
00000380: 15.7764   (Y': 14.9154   Cb: 15.7578   Cr: 16.8751 )
00000381: 15.8158   (Y': 14.991    Cb: 15.7828   Cr: 16.8771 )
00000382: 15.8256   (Y': 14.9768   Cb: 15.8095   Cr: 16.9022 )
00000383: 15.8729   (Y': 15.0117   Cb: 15.8636   Cr: 16.9602 )
00000384: 15.8602   (Y': 15.0386   Cb: 15.819    Cr: 16.9271 )
00000385: 15.9274   (Y': 15.1064   Cb: 15.8808   Cr: 17.0001 )
00000386: 15.9565   (Y': 15.1735   Cb: 15.8815   Cr: 17.0079 )
00000387: 15.984    (Y': 15.158    Cb: 15.9316   Cr: 17.0722 )
00000388: 15.9667   (Y': 15.1317   Cb: 15.9274   Cr: 17.0518 )
00000389: 15.958    (Y': 15.0843   Cb: 15.9376   Cr: 17.0793 )
00000390: 15.9672   (Y': 15.1252   Cb: 15.9301   Cr: 17.0604 )
00000391: 15.9808   (Y': 15.1354   Cb: 15.9304   Cr: 17.0964 )
00000392: 16.0033   (Y': 15.172    Cb: 15.9245   Cr: 17.1342 )
00000393: 16.0179   (Y': 15.2219   Cb: 15.9212   Cr: 17.1176 )
00000394: 16.0161   (Y': 15.2434   Cb: 15.9192   Cr: 17.0801 )
00000396: 15.9897   (Y': 15.2645   Cb: 15.851    Cr: 17.0367 )
00000395: 15.9695   (Y': 15.2279   Cb: 15.8419   Cr: 17.0265 )
00000397: 15.9735   (Y': 15.2628   Cb: 15.8134   Cr: 17.0267 )
00000398: 15.9857   (Y': 15.2731   Cb: 15.8278   Cr: 17.0387 )
00000399: 15.9596   (Y': 15.2029   Cb: 15.8377   Cr: 17.032  )
00000400: 15.998    (Y': 15.2359   Cb: 15.8556   Cr: 17.1059 )
00000401: 16.034    (Y': 15.2679   Cb: 15.8847   Cr: 17.157  )
00000402: 16.0451   (Y': 15.2547   Cb: 15.9113   Cr: 17.1853 )
00000403: 15.9914   (Y': 15.2084   Cb: 15.8499   Cr: 17.1301 )
00000405: 16.059    (Y': 15.2836   Cb: 15.9807   Cr: 17.1028 )
00000404: 16.0484   (Y': 15.2517   Cb: 15.9309   Cr: 17.1765 )
00000406: 16.0678   (Y': 15.32     Cb: 15.9615   Cr: 17.1063 )
00000407: 16.0994   (Y': 15.3365   Cb: 16.0129   Cr: 17.1351 )
00000409: 16.1239   (Y': 15.3957   Cb: 15.9983   Cr: 17.1581 )
00000408: 16.0961   (Y': 15.3503   Cb: 15.9857   Cr: 17.1371 )
00000410: 16.1651   (Y': 15.4576   Cb: 16.0474   Cr: 17.1581 )
00000411: 16.176    (Y': 15.4846   Cb: 16.0747   Cr: 17.1245 )
00000412: 16.172    (Y': 15.4572   Cb: 16.0764   Cr: 17.1476 )
00000413: 16.1507   (Y': 15.4409   Cb: 16.0424   Cr: 17.1349 )
00000414: 16.1437   (Y': 15.3527   Cb: 16.0761   Cr: 17.1976 )
00000415: 16.0893   (Y': 15.1817   Cb: 16.1543   Cr: 17.155  )
00000417: 15.9381   (Y': 14.902    Cb: 16.0881   Cr: 17.1043 )
00000416: 16.0089   (Y': 15.086    Cb: 16.0671   Cr: 17.1074 )
00000420: 15.9191   (Y': 14.8645   Cb: 16.1267   Cr: 17.044  )
00000418: 15.9195   (Y': 14.8616   Cb: 16.0593   Cr: 17.1351 )
00000421: 15.891    (Y': 14.8936   Cb: 16.1002   Cr: 16.9209 )
00000419: 15.9398   (Y': 14.8887   Cb: 16.1573   Cr: 17.0465 )
00000422: 15.8637   (Y': 14.8672   Cb: 16.0434   Cr: 16.9284 )
00000423: 15.8364   (Y': 14.8224   Cb: 16.053    Cr: 16.884  )
00000424: 15.8288   (Y': 14.7861   Cb: 16.047    Cr: 16.921  )
00000425: 15.8207   (Y': 14.8369   Cb: 16.047    Cr: 16.8089 )
00000426: 15.8429   (Y': 14.8563   Cb: 16.1024   Cr: 16.7962 )
00000427: 15.9264   (Y': 14.8969   Cb: 16.215    Cr: 16.9128 )
00000428: 15.9443   (Y': 14.9245   Cb: 16.2198   Cr: 16.9307 )
00000429: 16.05     (Y': 15.0522   Cb: 16.335    Cr: 16.9907 )
00000430: 16.0974   (Y': 15.0718   Cb: 16.387    Cr: 17.0768 )
00000431: 16.0435   (Y': 15.0576   Cb: 16.3303   Cr: 16.9639 )
00000432: 15.9816   (Y': 15.0121   Cb: 16.252    Cr: 16.8953 )
00000433: 15.8787   (Y': 15.025    Cb: 16.0243   Cr: 16.7629 )
00000434: 15.8089   (Y': 14.9797   Cb: 15.9721   Cr: 16.6364 )
00000435: 15.6536   (Y': 14.9286   Cb: 15.7709   Cr: 16.3852 )
00000437: 15.6159   (Y': 14.8252   Cb: 15.8198   Cr: 16.3413 )
00000436: 15.6044   (Y': 14.8537   Cb: 15.7519   Cr: 16.3374 )
00000438: 15.637    (Y': 14.86     Cb: 15.8418   Cr: 16.3422 )
00000439: 15.6572   (Y': 14.8918   Cb: 15.8587   Cr: 16.3498 )
00000440: 15.7479   (Y': 14.9332   Cb: 15.9983   Cr: 16.4555 )
00000441: 15.8453   (Y': 14.9098   Cb: 16.1654   Cr: 16.6509 )
00000442: 15.9      (Y': 14.9077   Cb: 16.2591   Cr: 16.7477 )
00000443: 16.0651   (Y': 15.002    Cb: 16.5283   Cr: 16.9069 )
00000444: 16.1151   (Y': 14.9969   Cb: 16.6119   Cr: 17.0066 )
00000445: 16.1724   (Y': 14.9581   Cb: 16.7381   Cr: 17.144  )
00000446: 16.0603   (Y': 14.9099   Cb: 16.5533   Cr: 17.0078 )
00000447: 16.0534   (Y': 15.0788   Cb: 16.3938   Cr: 16.8952 )
00000449: 15.9732   (Y': 15.2406   Cb: 16.0719   Cr: 16.7371 )
00000448: 15.9362   (Y': 15.1263   Cb: 16.131    Cr: 16.6992 )
00000450: 16.0256   (Y': 15.3048   Cb: 16.0917   Cr: 16.8109 )
00000451: 16.1355   (Y': 15.5212   Cb: 16.1461   Cr: 16.8387 )
00000452: 16.1983   (Y': 15.5395   Cb: 16.2427   Cr: 16.9227 )
00000453: 16.2716   (Y': 15.4917   Cb: 16.3836   Cr: 17.0874 )
00000454: 16.3124   (Y': 15.4317   Cb: 16.5182   Cr: 17.1665 )
00000455: 16.096    (Y': 15.1217   Cb: 16.3422   Cr: 17.0457 )
00000456: 15.9844   (Y': 14.9542   Cb: 16.2461   Cr: 17.004  )
00000457: 15.8512   (Y': 14.8107   Cb: 16.0816   Cr: 16.9251 )
00000459: 15.8982   (Y': 14.856    Cb: 16.1097   Cr: 16.9976 )
00000458: 15.8386   (Y': 14.8053   Cb: 16.0727   Cr: 16.8963 )
00000460: 15.8842   (Y': 14.8715   Cb: 16.0346   Cr: 17.0113 )
00000461: 15.8986   (Y': 14.9198   Cb: 16.0417   Cr: 16.9798 )
00000462: 15.9036   (Y': 15.0091   Cb: 15.9756   Cr: 16.9397 )
00000463: 16.0262   (Y': 15.3147   Cb: 15.9998   Cr: 16.91   )
00000465: 16.0493   (Y': 15.3565   Cb: 16.0365   Cr: 16.8895 )
00000464: 16.0702   (Y': 15.3581   Cb: 16.0568   Cr: 16.9389 )
00000466: 16.0663   (Y': 15.4624   Cb: 16.0455   Cr: 16.7926 )
00000467: 16.0835   (Y': 15.4594   Cb: 16.0765   Cr: 16.8209 )
00000469: 15.9176   (Y': 15.1826   Cb: 15.9637   Cr: 16.747  )
00000468: 16.0354   (Y': 15.3764   Cb: 16.0256   Cr: 16.8243 )
00000470: 15.8107   (Y': 15.058    Cb: 15.8739   Cr: 16.6449 )
00000471: 15.6994   (Y': 15.0337   Cb: 15.7046   Cr: 16.4797 )
00000472: 15.7087   (Y': 15.0348   Cb: 15.7149   Cr: 16.4993 )
00000474: 15.7112   (Y': 15.0876   Cb: 15.7051   Cr: 16.4468 )
00000473: 15.7319   (Y': 15.0976   Cb: 15.7049   Cr: 16.5072 )
00000476: 15.7511   (Y': 15.0887   Cb: 15.8321   Cr: 16.438  )
00000475: 15.6642   (Y': 14.9881   Cb: 15.7286   Cr: 16.3893 )
00000477: 15.7745   (Y': 15.1067   Cb: 15.7547   Cr: 16.5878 )
00000478: 15.8732   (Y': 15.0851   Cb: 15.9453   Cr: 16.7484 )
00000479: 15.8428   (Y': 14.981    Cb: 15.9471   Cr: 16.7888 )
00000480: 15.8363   (Y': 14.9413   Cb: 15.9824   Cr: 16.7827 )
00000481: 15.764    (Y': 14.8506   Cb: 15.9822   Cr: 16.6527 )
00000482: 15.7159   (Y': 14.8185   Cb: 15.9502   Cr: 16.562  )
00000483: 15.7286   (Y': 14.9321   Cb: 15.889    Cr: 16.5118 )
00000484: 15.7296   (Y': 14.9773   Cb: 15.8733   Cr: 16.4692 )
00000485: 15.8135   (Y': 14.9946   Cb: 15.9105   Cr: 16.7042 )
00000486: 15.9289   (Y': 15.1088   Cb: 15.9642   Cr: 16.8967 )
00000487: 16.0364   (Y': 15.2444   Cb: 16.0024   Cr: 17.0487 )
00000488: 16.0779   (Y': 15.1974   Cb: 16.0629   Cr: 17.2028 )
00000490: 16.0074   (Y': 15.0582   Cb: 16.0581   Cr: 17.1574 )
00000489: 16.0642   (Y': 15.0943   Cb: 16.1333   Cr: 17.2246 )
00000491: 15.8639   (Y': 14.9462   Cb: 15.8896   Cr: 16.9955 )
00000493: 15.8517   (Y': 15.028    Cb: 15.7508   Cr: 17.0002 )
00000492: 15.8585   (Y': 14.9717   Cb: 15.8361   Cr: 17.0034 )
00000494: 15.7943   (Y': 14.927    Cb: 15.7161   Cr: 16.9815 )
00000495: 15.8482   (Y': 14.9283   Cb: 15.8066   Cr: 17.0717 )
00000496: 15.9259   (Y': 14.944    Cb: 15.9182   Cr: 17.2072 )
00000497: 15.9601   (Y': 14.9887   Cb: 15.997    Cr: 17.1648 )
00000498: 15.9371   (Y': 14.9208   Cb: 16.059    Cr: 17.1061 )
00000499: 16.0162   (Y': 14.9771   Cb: 16.1571   Cr: 17.1987 )
00000500: 16.0317   (Y': 15.0139   Cb: 16.1265   Cr: 17.238  )
00000501: 16.049    (Y': 14.9696   Cb: 16.1641   Cr: 17.3333 )
00000502: 16.1069   (Y': 15.1168   Cb: 16.17     Cr: 17.3081 )
00000503: 15.9604   (Y': 15.0621   Cb: 15.971    Cr: 17.0804 )
00000505: 15.8809   (Y': 15.0538   Cb: 15.8736   Cr: 16.9127 )
00000504: 15.9423   (Y': 15.048    Cb: 15.9785   Cr: 17.0233 )
00000507: 15.8455   (Y': 15.0711   Cb: 15.7856   Cr: 16.864  )
00000506: 15.8661   (Y': 15.0724   Cb: 15.8332   Cr: 16.8797 )
00000508: 15.847    (Y': 15.1449   Cb: 15.7403   Cr: 16.818  )
00000509: 15.7981   (Y': 15.2009   Cb: 15.6286   Cr: 16.6985 )
00000510: 15.7611   (Y': 15.1294   Cb: 15.6184   Cr: 16.6759 )
00000511: 15.9067   (Y': 15.1999   Cb: 15.9023   Cr: 16.7566 )
00000512: 15.9631   (Y': 15.2095   Cb: 16.0442   Cr: 16.7776 )
00000513: 15.9058   (Y': 15.1703   Cb: 16.0191   Cr: 16.6569 )
00000515: 15.9309   (Y': 15.0737   Cb: 16.1098   Cr: 16.7816 )
00000514: 15.9417   (Y': 15.1437   Cb: 16.0946   Cr: 16.7359 )
00000516: 15.8636   (Y': 15.0606   Cb: 16.0265   Cr: 16.6534 )
00000517: 15.8677   (Y': 15.1309   Cb: 15.8918   Cr: 16.7264 )
00000518: 15.946    (Y': 15.2161   Cb: 15.9547   Cr: 16.8131 )
00000520: 16.0641   (Y': 15.5364   Cb: 16.0021   Cr: 16.7373 )
00000519: 16.0185   (Y': 15.3964   Cb: 15.9957   Cr: 16.7718 )
00000521: 15.9984   (Y': 15.572    Cb: 15.8641   Cr: 16.6263 )
00000522: 16.0341   (Y': 15.7059   Cb: 15.8142   Cr: 16.6411 )
00000523: 15.5464   (Y': 14.7567   Cb: 15.5537   Cr: 16.5032 )
00000524: 15.6849   (Y': 15.1736   Cb: 15.4614   Cr: 16.535  )
00000525: 16.0302   (Y': 15.9727   Cb: 15.5056   Cr: 16.6939 )
00000526: 16.0634   (Y': 15.9693   Cb: 15.5371   Cr: 16.773  )
00000527: 16.0697   (Y': 15.89     Cb: 15.5404   Cr: 16.8887 )
00000528: 16.1508   (Y': 15.8761   Cb: 15.6312   Cr: 17.0786 )
00000529: 16.1882   (Y': 15.8621   Cb: 15.6743   Cr: 17.177  )
00000530: 16.1155   (Y': 15.6783   Cb: 15.6545   Cr: 17.183  )
00000531: 16.12     (Y': 15.5871   Cb: 15.7307   Cr: 17.2231 )
00000532: 15.9717   (Y': 15.261    Cb: 15.71     Cr: 17.1632 )
00000533: 15.9808   (Y': 15.2099   Cb: 15.7868   Cr: 17.1723 )
00000534: 16.0138   (Y': 15.2112   Cb: 15.8221   Cr: 17.2524 )
00000535: 16.0142   (Y': 15.2294   Cb: 15.794    Cr: 17.2642 )
00000536: 16.1064   (Y': 15.2777   Cb: 15.9558   Cr: 17.3301 )
00000537: 16.1332   (Y': 15.4107   Cb: 15.894    Cr: 17.3114 )
00000538: 16.1914   (Y': 15.4229   Cb: 16.005    Cr: 17.3688 )
00000539: 16.2581   (Y': 15.4983   Cb: 16.0285   Cr: 17.4814 )
00000540: 16.1327   (Y': 15.3601   Cb: 15.9142   Cr: 17.3608 )
00000541: 15.9963   (Y': 15.2008   Cb: 15.7858   Cr: 17.2495 )
00000543: 15.9719   (Y': 14.9628   Cb: 15.8834   Cr: 17.4116 )
00000542: 15.9752   (Y': 14.956    Cb: 15.9059   Cr: 17.4052 )
00000544: 16.132    (Y': 15.166    Cb: 16.0458   Cr: 17.4936 )
00000546: 15.76     (Y': 14.4111   Cb: 15.9194   Cr: 17.4878 )
00000545: 16.0126   (Y': 14.9759   Cb: 15.9778   Cr: 17.4252 )
00000547: 15.6973   (Y': 14.3012   Cb: 15.8932   Cr: 17.4694 )
00000548: 15.5237   (Y': 14.0305   Cb: 15.8169   Cr: 17.3617 )
00000549: 15.4734   (Y': 13.9523   Cb: 15.8223   Cr: 17.2925 )
00000550: 16.114    (Y': 15.4332   Cb: 15.8178   Cr: 17.3077 )
00000552: 16.4095   (Y': 15.6485   Cb: 16.2181   Cr: 17.5818 )
00000553: 16.4422   (Y': 15.6308   Cb: 16.2874   Cr: 17.6438 )
00000551: 16.2242   (Y': 15.5419   Cb: 15.9561   Cr: 17.3808 )
00000554: 16.7347   (Y': 16.0194   Cb: 16.5527   Cr: 17.824  )
00000555: 16.6997   (Y': 15.9423   Cb: 16.5153   Cr: 17.8567 )
00000556: 16.6879   (Y': 16.0825   Cb: 16.4225   Cr: 17.7261 )
00000557: 16.703    (Y': 16.1075   Cb: 16.4462   Cr: 17.715  )
00000559: 16.342    (Y': 15.2198   Cb: 16.4327   Cr: 17.7335 )
00000558: 16.2965   (Y': 15.2246   Cb: 16.369    Cr: 17.6241 )
00000560: 16.1811   (Y': 14.966    Cb: 16.3314   Cr: 17.6615 )
00000562: 16.6881   (Y': 16.0947   Cb: 16.414    Cr: 17.7206 )
00000561: 16.6602   (Y': 16.053    Cb: 16.3881   Cr: 17.7097 )
00000563: 16.7461   (Y': 16.1416   Cb: 16.5109   Cr: 17.7425 )
00000564: 16.812    (Y': 16.2114   Cb: 16.5452   Cr: 17.8448 )
00000565: 16.837    (Y': 16.1015   Cb: 16.6691   Cr: 17.9384 )
00000567: 16.8054   (Y': 16.0822   Cb: 16.6706   Cr: 17.8441 )
00000566: 16.8389   (Y': 16.0937   Cb: 16.6803   Cr: 17.9424 )
00000568: 16.8014   (Y': 15.9994   Cb: 16.7398   Cr: 17.8644 )
00000569: 16.7885   (Y': 15.991    Cb: 16.6908   Cr: 17.8917 )
00000570: 16.6805   (Y': 15.8301   Cb: 16.5838   Cr: 17.8656 )
00000571: 16.6392   (Y': 15.8097   Cb: 16.5159   Cr: 17.8266 )
00000572: 16.6468   (Y': 15.8072   Cb: 16.5178   Cr: 17.8584 )
00000573: 16.5937   (Y': 15.7719   Cb: 16.445    Cr: 17.8038 )
00000575: 16.5324   (Y': 15.7585   Cb: 16.3836   Cr: 17.6668 )
00000574: 16.5372   (Y': 15.734    Cb: 16.393    Cr: 17.7116 )
00000576: 16.5625   (Y': 15.7603   Cb: 16.3959   Cr: 17.7658 )
00000577: 16.506    (Y': 15.6921   Cb: 16.3506   Cr: 17.7126 )
00000578: 16.4766   (Y': 15.8085   Cb: 16.2721   Cr: 17.5253 )
00000579: 16.455    (Y': 15.8657   Cb: 16.1943   Cr: 17.4632 )
00000580: 16.3396   (Y': 15.7492   Cb: 16.0561   Cr: 17.3804 )
00000581: 16.2892   (Y': 15.7135   Cb: 15.9803   Cr: 17.3433 )
00000582: 16.3257   (Y': 15.6966   Cb: 16.0408   Cr: 17.4251 )
00000583: 16.3331   (Y': 15.7225   Cb: 16.0418   Cr: 17.4142 )
00000584: 16.3655   (Y': 15.786    Cb: 16.0604   Cr: 17.4198 )
00000585: 16.4307   (Y': 15.8857   Cb: 16.116    Cr: 17.4481 )
00000586: 16.4528   (Y': 15.9661   Cb: 16.1351   Cr: 17.3919 )
00000587: 16.5031   (Y': 15.9761   Cb: 16.1767   Cr: 17.5108 )
00000588: 16.5298   (Y': 16.0169   Cb: 16.2316   Cr: 17.4795 )
00000589: 16.5143   (Y': 15.9681   Cb: 16.2273   Cr: 17.496  )
00000590: 16.5824   (Y': 15.8458   Cb: 16.3914   Cr: 17.7165 )
00000592: 16.6266   (Y': 15.8368   Cb: 16.4272   Cr: 17.8552 )
00000591: 16.6003   (Y': 15.8099   Cb: 16.4651   Cr: 17.7421 )
00000593: 16.6052   (Y': 15.8092   Cb: 16.4061   Cr: 17.8433 )
00000594: 16.6337   (Y': 15.7712   Cb: 16.4631   Cr: 17.9399 )
00000595: 16.6105   (Y': 15.7787   Cb: 16.3554   Cr: 17.987  )
00000596: 16.6152   (Y': 15.8084   Cb: 16.342    Cr: 17.9764 )
00000597: 16.6565   (Y': 15.8908   Cb: 16.369    Cr: 17.9715 )
00000598: 16.7263   (Y': 15.8463   Cb: 16.5075   Cr: 18.1307 )
00000601: 16.9086   (Y': 15.9565   Cb: 16.7922   Cr: 18.289  )
00000599: 16.8232   (Y': 15.978    Cb: 16.5808   Cr: 18.2035 )
00000600: 16.862    (Y': 15.8955   Cb: 16.7445   Cr: 18.2688 )
00000602: 16.8731   (Y': 15.8028   Cb: 16.7973   Cr: 18.4042 )
00000603: 16.9695   (Y': 15.829    Cb: 16.958    Cr: 18.5371 )
00000604: 16.8668   (Y': 15.7919   Cb: 16.8456   Cr: 18.328  )
00000606: 16.884    (Y': 15.7488   Cb: 16.9179   Cr: 18.377  )
00000605: 16.848    (Y': 15.7353   Cb: 16.8576   Cr: 18.3344 )
00000607: 16.9001   (Y': 15.7465   Cb: 16.9208   Cr: 18.446  )
00000608: 17.0324   (Y': 15.8343   Cb: 17.034    Cr: 18.6901 )
00000610: 17.1398   (Y': 15.8626   Cb: 17.2016   Cr: 18.8646 )
00000609: 17.1137   (Y': 15.8136   Cb: 17.2329   Cr: 18.8009 )
00000611: 17.1644   (Y': 15.8256   Cb: 17.3033   Cr: 18.9007 )
00000612: 17.2394   (Y': 15.7938   Cb: 17.4916   Cr: 19.0345 )
00000613: 17.3515   (Y': 15.8599   Cb: 17.6175   Cr: 19.2247 )
00000614: 17.2199   (Y': 15.7847   Cb: 17.4053   Cr: 19.0897 )
00000616: 17.1268   (Y': 15.7639   Cb: 17.2008   Cr: 19.009  )
00000615: 17.2837   (Y': 15.7925   Cb: 17.4952   Cr: 19.2365 )
00000618: 17.0847   (Y': 15.7215   Cb: 17.2089   Cr: 18.893  )
00000617: 17.096    (Y': 15.7785   Cb: 17.1354   Cr: 18.9359 )
00000619: 17.1792   (Y': 15.8186   Cb: 17.3427   Cr: 18.9249 )
00000620: 17.3713   (Y': 16.0357   Cb: 17.5368   Cr: 19.0631 )
00000621: 17.2914   (Y': 15.8973   Cb: 17.4784   Cr: 19.0719 )
00000622: 17.342    (Y': 15.8252   Cb: 17.6681   Cr: 19.1839 )
00000623: 17.399    (Y': 15.8597   Cb: 17.7224   Cr: 19.2942 )
00000624: 17.4267   (Y': 15.8665   Cb: 17.8207   Cr: 19.2679 )
00000625: 17.5746   (Y': 16.0505   Cb: 17.9788   Cr: 19.3236 )
00000627: 17.746    (Y': 16.1885   Cb: 18.1921   Cr: 19.5098 )
00000626: 17.6026   (Y': 16.1039   Cb: 17.9915   Cr: 19.3191 )
00000628: 17.5883   (Y': 16.0302   Cb: 18.0584   Cr: 19.3209 )
00000629: 17.6364   (Y': 15.9827   Cb: 18.2242   Cr: 19.4204 )
00000631: 17.6484   (Y': 15.99     Cb: 18.2374   Cr: 19.4412 )
00000630: 17.5761   (Y': 15.997    Cb: 18.0328   Cr: 19.3722 )
00000632: 17.5478   (Y': 15.896    Cb: 18.0658   Cr: 19.4209 )
00000633: 17.583    (Y': 15.8876   Cb: 18.1133   Cr: 19.539  )
00000635: 17.5154   (Y': 15.7523   Cb: 17.999    Cr: 19.7008 )
00000634: 17.4439   (Y': 15.7332   Cb: 17.8552   Cr: 19.6075 )
00000636: 17.5374   (Y': 15.7763   Cb: 18.0245   Cr: 19.7126 )
00000637: 17.5386   (Y': 15.7342   Cb: 18.0352   Cr: 19.8083 )
00000638: 17.7491   (Y': 15.8858   Cb: 18.4136   Cr: 19.9238 )
00000639: 17.686    (Y': 15.8608   Cb: 18.267    Cr: 19.884  )
00000641: 17.5736   (Y': 15.8786   Cb: 17.9072   Cr: 19.817  )
00000640: 17.6319   (Y': 15.9039   Cb: 18.0516   Cr: 19.8254 )
00000642: 17.4377   (Y': 15.7614   Cb: 17.7161   Cr: 19.7217 )
00000644: 17.5477   (Y': 15.8915   Cb: 17.8861   Cr: 19.6893 )
00000643: 17.4751   (Y': 15.829    Cb: 17.7167   Cr: 19.7425 )
00000645: 17.4457   (Y': 15.8322   Cb: 17.7055   Cr: 19.6057 )
00000646: 17.5694   (Y': 15.9031   Cb: 17.8891   Cr: 19.7642 )
00000647: 17.6125   (Y': 15.9795   Cb: 17.8797   Cr: 19.8076 )
00000648: 17.7399   (Y': 16.1107   Cb: 17.9923   Cr: 19.9493 )
00000649: 17.6879   (Y': 16.0605   Cb: 17.904    Cr: 19.9504 )
00000650: 17.8119   (Y': 16.2181   Cb: 18.0066   Cr: 20.0273 )
00000651: 17.8496   (Y': 16.3039   Cb: 18.0722   Cr: 19.9083 )
00000652: 17.9135   (Y': 16.3799   Cb: 18.2033   Cr: 19.8444 )
00000653: 17.9107   (Y': 16.3314   Cb: 18.1922   Cr: 19.9573 )
00000654: 18.2018   (Y': 16.5687   Cb: 18.6608   Cr: 20.1143 )
00000655: 18.1827   (Y': 16.4848   Cb: 18.7043   Cr: 20.1565 )
00000657: 18.3053   (Y': 16.695    Cb: 18.9145   Cr: 19.9672 )
00000656: 18.2199   (Y': 16.6623   Cb: 18.7741   Cr: 19.8413 )
00000658: 17.8798   (Y': 16.2018   Cb: 18.4087   Cr: 19.7976 )
00000659: 17.5035   (Y': 15.9825   Cb: 17.8144   Cr: 19.3762 )
00000660: 17.5422   (Y': 16.0381   Cb: 17.8046   Cr: 19.4482 )
00000661: 17.6105   (Y': 16.1022   Cb: 17.9152   Cr: 19.4645 )
00000662: 17.2953   (Y': 15.8468   Cb: 17.6271   Cr: 18.9854 )
00000665: 16.9431   (Y': 15.5512   Cb: 17.173    Cr: 18.6579 )
00000663: 17.1928   (Y': 15.7868   Cb: 17.4771   Cr: 18.8607 )
00000664: 17.0244   (Y': 15.5885   Cb: 17.302    Cr: 18.763  )
00000666: 17.0974   (Y': 15.6333   Cb: 17.4448   Cr: 18.7981 )
00000667: 17.1131   (Y': 15.5719   Cb: 17.5027   Cr: 18.9187 )
00000668: 17.0782   (Y': 15.5621   Cb: 17.4231   Cr: 18.8923 )
00000669: 17.046    (Y': 15.5879   Cb: 17.3964   Cr: 18.7302 )
00000671: 16.9865   (Y': 15.4849   Cb: 17.4042   Cr: 18.6698 )
00000670: 17.0259   (Y': 15.5639   Cb: 17.4155   Cr: 18.6653 )
00000672: 16.7903   (Y': 15.1285   Cb: 17.3788   Cr: 18.591  )
00000673: 16.6384   (Y': 14.9568   Cb: 17.2054   Cr: 18.5121 )
00000677: 16.7076   (Y': 15.134    Cb: 17.1307   Cr: 18.5378 )
00000675: 16.6931   (Y': 14.7661   Cb: 17.4985   Cr: 18.8344 )
00000674: 16.5983   (Y': 14.7332   Cb: 17.3498   Cr: 18.6571 )
00000676: 16.7799   (Y': 15.1388   Cb: 17.263    Cr: 18.6768 )
00000678: 16.6913   (Y': 15.1832   Cb: 17.026    Cr: 18.5027 )
00000680: 16.7434   (Y': 15.2891   Cb: 17.0604   Cr: 18.4658 )
00000679: 16.6332   (Y': 15.2041   Cb: 16.8988   Cr: 18.3747 )
00000681: 16.7361   (Y': 15.2943   Cb: 17.0245   Cr: 18.472  )
00000682: 16.7484   (Y': 15.3515   Cb: 16.9377   Cr: 18.5315 )
00000683: 16.787    (Y': 15.4057   Cb: 17.0082   Cr: 18.4925 )
00000685: 16.9151   (Y': 15.4896   Cb: 17.189    Cr: 18.6377 )
00000684: 16.9191   (Y': 15.54     Cb: 17.1442   Cr: 18.6151 )
00000686: 16.9496   (Y': 15.4806   Cb: 17.2623   Cr: 18.7084 )
00000687: 16.9223   (Y': 15.4132   Cb: 17.2649   Cr: 18.7244 )
00000688: 16.9321   (Y': 15.4063   Cb: 17.2592   Cr: 18.7922 )
00000689: 16.9234   (Y': 15.3677   Cb: 17.3147   Cr: 18.7583 )
00000690: 16.7799   (Y': 15.308    Cb: 17.1661   Cr: 18.444  )
00000691: 16.7912   (Y': 15.391    Cb: 17.0814   Cr: 18.4393 )
00000692: 16.7588   (Y': 15.3749   Cb: 17.0074   Cr: 18.4312 )
00000693: 16.751    (Y': 15.3354   Cb: 17.0232   Cr: 18.4553 )
00000694: 16.6521   (Y': 15.2793   Cb: 16.8738   Cr: 18.3401 )
00000695: 16.6606   (Y': 15.3074   Cb: 16.8307   Cr: 18.3818 )
00000696: 16.7096   (Y': 15.3376   Cb: 16.898    Cr: 18.4428 )
00000697: 16.7042   (Y': 15.3358   Cb: 16.8877   Cr: 18.4371 )
00000698: 16.7294   (Y': 15.3504   Cb: 16.908    Cr: 18.491  )
00000700: 16.7568   (Y': 15.318    Cb: 16.9346   Cr: 18.6453 )
00000699: 16.7542   (Y': 15.3194   Cb: 16.9625   Cr: 18.5896 )
00000701: 16.8226   (Y': 15.3547   Cb: 17.0328   Cr: 18.7264 )
00000702: 16.9178   (Y': 15.419    Cb: 17.12     Cr: 18.9012 )
00000704: 16.9026   (Y': 15.3718   Cb: 17.1862   Cr: 18.8366 )
00000705: 16.9058   (Y': 15.3765   Cb: 17.1925   Cr: 18.8319 )
00000703: 16.9235   (Y': 15.4343   Cb: 17.1938   Cr: 18.7856 )
00000706: 16.8491   (Y': 15.3801   Cb: 17.0994   Cr: 18.6963 )
00000708: 16.8608   (Y': 15.3362   Cb: 17.2047   Cr: 18.6949 )
00000707: 16.8106   (Y': 15.3214   Cb: 17.0977   Cr: 18.6486 )
00000709: 16.8257   (Y': 15.352    Cb: 17.1807   Cr: 18.536  )
00000710: 16.7806   (Y': 15.4456   Cb: 17.0045   Cr: 18.3898 )
00000711: 16.7774   (Y': 15.3625   Cb: 17.0593   Cr: 18.4668 )
00000713: 16.9431   (Y': 15.5616   Cb: 17.1382   Cr: 18.6861 )
00000712: 16.9309   (Y': 15.5919   Cb: 17.1113   Cr: 18.6084 )
00000714: 16.9334   (Y': 15.6516   Cb: 17.1245   Cr: 18.484  )
00000715: 16.825    (Y': 15.6048   Cb: 16.9425   Cr: 18.3598 )
00000716: 16.8843   (Y': 15.5995   Cb: 17.0397   Cr: 18.4901 )
00000717: 16.8654   (Y': 15.6311   Cb: 16.9857   Cr: 18.423  )
00000718: 16.6082   (Y': 15.3052   Cb: 16.7273   Cr: 18.3012 )
00000719: 16.6358   (Y': 15.2166   Cb: 16.8822   Cr: 18.3836 )
00000721: 16.6208   (Y': 15.4846   Cb: 16.7513   Cr: 17.9843 )
00000720: 16.7162   (Y': 15.4376   Cb: 16.9117   Cr: 18.2546 )
00000722: 16.5754   (Y': 15.5364   Cb: 16.6552   Cr: 17.8367 )
00000723: 16.3199   (Y': 15.3645   Cb: 16.2783   Cr: 17.6024 )
00000724: 16.182    (Y': 15.1864   Cb: 16.1145   Cr: 17.5688 )
00000725: 16.1104   (Y': 15.1833   Cb: 15.9635   Cr: 17.4912 )
00000726: 16.1428   (Y': 15.3012   Cb: 15.9462   Cr: 17.4513 )
00000727: 16.0547   (Y': 15.2112   Cb: 15.8704   Cr: 17.3491 )
00000728: 16.2153   (Y': 15.2715   Cb: 16.1678   Cr: 17.4865 )
00000729: 16.2939   (Y': 15.2523   Cb: 16.2835   Cr: 17.6811 )
00000730: 16.4113   (Y': 15.2081   Cb: 16.4994   Cr: 17.9551 )
00000731: 16.4282   (Y': 15.2232   Cb: 16.5267   Cr: 17.9606 )
00000732: 16.4303   (Y': 15.3133   Cb: 16.5115   Cr: 17.8256 )
00000734: 16.3535   (Y': 15.4711   Cb: 16.2991   Cr: 17.5334 )
00000733: 16.502    (Y': 15.4344   Cb: 16.5687   Cr: 17.8299 )
00000735: 16.2847   (Y': 15.4541   Cb: 16.162    Cr: 17.4734 )
00000736: 16.3089   (Y': 15.5314   Cb: 16.1651   Cr: 17.4425 )
00000737: 16.3146   (Y': 15.5876   Cb: 16.1528   Cr: 17.3947 )
00000738: 17.1064   (Y': 15.732    Cb: 17.643    Cr: 18.3909 )
00000739: 17.3206   (Y': 15.9629   Cb: 17.9543   Cr: 18.4628 )
00000740: 17.4248   (Y': 16.1783   Cb: 17.8758   Cr: 18.5814 )
00000741: 17.3859   (Y': 16.084    Cb: 17.8706   Cr: 18.6005 )
00000742: 16.9763   (Y': 16.0034   Cb: 17.2303   Cr: 17.9143 )
00000743: 16.6856   (Y': 15.5901   Cb: 17.0732   Cr: 17.6632 )
00000744: 16.5125   (Y': 15.596    Cb: 16.7194   Cr: 17.4193 )
00000746: 16.2866   (Y': 15.5396   Cb: 16.3278   Cr: 17.1393 )
00000745: 16.3869   (Y': 15.5395   Cb: 16.5374   Cr: 17.2564 )
00000747: 16.4524   (Y': 15.6287   Cb: 16.5205   Cr: 17.3853 )
00000748: 16.1827   (Y': 15.2841   Cb: 16.4038   Cr: 17.0459 )
00000750: 16.6421   (Y': 15.6499   Cb: 16.8374   Cr: 17.6806 )
00000749: 16.7552   (Y': 15.6486   Cb: 17.1426   Cr: 17.7509 )
00000753: 16.5129   (Y': 15.5479   Cb: 16.6546   Cr: 17.5738 )
00000752: 16.4835   (Y': 15.5424   Cb: 16.4882   Cr: 17.6803 )
00000751: 16.7677   (Y': 15.7859   Cb: 16.897    Cr: 17.8707 )
00000754: 16.4704   (Y': 15.3906   Cb: 16.624    Cr: 17.7053 )
00000755: 16.6024   (Y': 15.5393   Cb: 16.7234   Cr: 17.8508 )
00000756: 16.4918   (Y': 15.5211   Cb: 16.5661   Cr: 17.6468 )
00000757: 16.662    (Y': 15.6963   Cb: 16.7153   Cr: 17.8358 )
00000758: 17.044    (Y': 16.2351   Cb: 16.9508   Cr: 18.159  )
00000759: 16.9245   (Y': 15.99     Cb: 16.9332   Cr: 18.1055 )
00000760: 16.9223   (Y': 15.9299   Cb: 16.9356   Cr: 18.193  )
00000762: 16.9173   (Y': 15.8347   Cb: 16.9639   Cr: 18.2984 )
00000761: 16.7953   (Y': 15.9352   Cb: 16.6255   Cr: 18.0965 )
00000763: 16.711    (Y': 15.7811   Cb: 16.7156   Cr: 17.8897 )
00000764: 16.1062   (Y': 15.0489   Cb: 16.3257   Cr: 17.2206 )
00000765: 16.6053   (Y': 15.5086   Cb: 16.7232   Cr: 17.9159 )
00000766: 16.6584   (Y': 15.5021   Cb: 16.7266   Cr: 18.1426 )
00000767: 16.6681   (Y': 15.4681   Cb: 16.8106   Cr: 18.1309 )
00000768: 16.4294   (Y': 15.2458   Cb: 16.6287   Cr: 17.7871 )
00000770: 16.084    (Y': 15.0261   Cb: 16.0612   Cr: 17.5172 )
00000769: 16.3985   (Y': 15.2774   Cb: 16.4849   Cr: 17.7942 )
00000771: 16.1455   (Y': 15.0973   Cb: 16.118    Cr: 17.5682 )
00000772: 16.1362   (Y': 15.0192   Cb: 16.1917   Cr: 17.5667 )
00000773: 16.2205   (Y': 15.1339   Cb: 16.1856   Cr: 17.7225 )
00000775: 16.5206   (Y': 15.3284   Cb: 16.4884   Cr: 18.2167 )
00000774: 16.1897   (Y': 15.1429   Cb: 16.0197   Cr: 17.8167 )
00000776: 16.2169   (Y': 15.077    Cb: 16.1596   Cr: 17.85   )
00000778: 16.445    (Y': 15.2127   Cb: 16.5746   Cr: 17.9861 )
00000777: 16.271    (Y': 15.1503   Cb: 16.2417   Cr: 17.8273 )
00000780: 16.3853   (Y': 15.2622   Cb: 16.3395   Cr: 17.9699 )
00000779: 16.2458   (Y': 15.1153   Cb: 16.2819   Cr: 17.7277 )
00000781: 16.5343   (Y': 15.3794   Cb: 16.5187   Cr: 18.1345 )
00000782: 16.3688   (Y': 15.1341   Cb: 16.416    Cr: 18.0313 )
00000783: 16.3331   (Y': 15.0746   Cb: 16.4459   Cr: 17.9476 )
00000784: 16.1615   (Y': 14.8958   Cb: 16.3489   Cr: 17.6864 )
00000785: 16.2745   (Y': 15.0248   Cb: 16.4764   Cr: 17.7499 )
00000786: 16.1371   (Y': 14.8941   Cb: 16.3423   Cr: 17.5953 )
00000787: 16.1045   (Y': 14.8813   Cb: 16.2713   Cr: 17.5773 )
00000788: 16.1241   (Y': 14.8701   Cb: 16.3259   Cr: 17.6076 )
00000789: 16.1515   (Y': 14.8313   Cb: 16.3869   Cr: 17.7161 )
00000790: 16.1563   (Y': 14.7955   Cb: 16.438    Cr: 17.7375 )
00000791: 16.1121   (Y': 14.7176   Cb: 16.4555   Cr: 17.6773 )
00000792: 16.2131   (Y': 14.6699   Cb: 16.6522   Cr: 17.9555 )
00000793: 16.2062   (Y': 14.6557   Cb: 16.655    Cr: 17.9511 )
00000794: 16.2337   (Y': 14.6409   Cb: 16.6994   Cr: 18.0474 )
00000796: 16.3      (Y': 14.6415   Cb: 16.7653   Cr: 18.2615 )
00000795: 16.2649   (Y': 14.6361   Cb: 16.7633   Cr: 18.1135 )
00000797: 16.2487   (Y': 14.5827   Cb: 16.6958   Cr: 18.2538 )
00000801: 16.3096   (Y': 14.5832   Cb: 16.7268   Cr: 18.5033 )
00000798: 16.1925   (Y': 14.5049   Cb: 16.6388   Cr: 18.2493 )
00000799: 16.2625   (Y': 14.548    Cb: 16.6911   Cr: 18.41   )
00000800: 16.3345   (Y': 14.5946   Cb: 16.7522   Cr: 18.561  )
00000802: 16.4088   (Y': 14.7279   Cb: 16.8508   Cr: 18.456  )
00000804: 16.6333   (Y': 14.9299   Cb: 17.0961   Cr: 18.7037 )
00000803: 16.4957   (Y': 14.7437   Cb: 17.0131   Cr: 18.6043 )
00000806: 16.569    (Y': 14.9464   Cb: 16.9444   Cr: 18.5768 )
00000805: 16.5589   (Y': 14.8835   Cb: 16.9888   Cr: 18.6108 )
00000807: 16.5204   (Y': 14.9483   Cb: 16.8382   Cr: 18.4972 )
00000808: 16.5407   (Y': 15.0763   Cb: 16.7836   Cr: 18.3888 )
00000809: 16.5627   (Y': 15.2152   Cb: 16.6617   Cr: 18.3755 )
00000810: 16.7533   (Y': 15.4785   Cb: 16.7756   Cr: 18.5317 )
00000812: 16.7438   (Y': 15.6342   Cb: 16.6257   Cr: 18.41   )
00000811: 16.6651   (Y': 15.4485   Cb: 16.6217   Cr: 18.4259 )
00000813: 16.6063   (Y': 15.5492   Cb: 16.4522   Cr: 18.2286 )
00000814: 16.2521   (Y': 15.3142   Cb: 15.9957   Cr: 17.8127 )
00000815: 16.1096   (Y': 15.1642   Cb: 15.8291   Cr: 17.7206 )
00000816: 16.0949   (Y': 15.0222   Cb: 15.7338   Cr: 18.0801 )
00000817: 16.0112   (Y': 14.9548   Cb: 15.6593   Cr: 17.9477 )
00000818: 16.0692   (Y': 15.0448   Cb: 15.7877   Cr: 17.828  )
00000819: 16.0659   (Y': 14.974    Cb: 15.788    Cr: 17.9495 )
00000820: 15.9108   (Y': 14.8588   Cb: 15.6998   Cr: 17.6105 )
00000821: 15.9569   (Y': 14.9205   Cb: 15.7464   Cr: 17.6268 )
00000822: 16.5176   (Y': 15.248    Cb: 16.6934   Cr: 18.066  )
00000824: 16.4281   (Y': 15.1561   Cb: 16.5027   Cr: 18.1242 )
00000823: 16.2555   (Y': 14.9858   Cb: 16.4167   Cr: 17.8239 )
00000825: 16.6164   (Y': 15.2991   Cb: 16.7737   Cr: 18.2835 )
00000826: 16.824    (Y': 15.643    Cb: 16.8911   Cr: 18.3554 )
00000828: 17.0065   (Y': 15.9417   Cb: 16.9145   Cr: 18.551  )
00000827: 16.8686   (Y': 15.8016   Cb: 16.7515   Cr: 18.4539 )
00000829: 16.8336   (Y': 15.8733   Cb: 16.629    Cr: 18.356  )
00000830: 16.4946   (Y': 15.71     Cb: 16.1666   Cr: 17.8997 )
00000832: 16.7663   (Y': 16.0557   Cb: 16.4313   Cr: 18.0621 )
00000831: 16.5616   (Y': 15.794    Cb: 16.1999   Cr: 17.9894 )
00000833: 16.6944   (Y': 16.0141   Cb: 16.3189   Cr: 18.0017 )
00000834: 16.4969   (Y': 15.8318   Cb: 16.1291   Cr: 17.769  )
00000835: 16.34     (Y': 15.6873   Cb: 15.995    Cr: 17.5595 )
00000836: 16.1429   (Y': 15.4882   Cb: 15.7687   Cr: 17.408  )
00000837: 16.06     (Y': 15.3974   Cb: 15.6587   Cr: 17.3774 )
00000838: 15.9517   (Y': 15.3048   Cb: 15.5105   Cr: 17.3039 )
00000839: 15.9097   (Y': 15.2875   Cb: 15.463    Cr: 17.2316 )
00000840: 15.9448   (Y': 15.2235   Cb: 15.5476   Cr: 17.3502 )
00000841: 15.9196   (Y': 15.0704   Cb: 15.6672   Cr: 17.3211 )
00000842: 16.0371   (Y': 15.0801   Cb: 15.8394   Cr: 17.5436 )
00000843: 16.1748   (Y': 15.1679   Cb: 16.0397   Cr: 17.6779 )
00000844: 16.3409   (Y': 15.2773   Cb: 16.2752   Cr: 17.8451 )
00000845: 16.4553   (Y': 15.3244   Cb: 16.4748   Cr: 17.961  )
00000846: 16.4129   (Y': 15.2302   Cb: 16.4983   Cr: 17.9221 )
00000847: 16.365    (Y': 15.2098   Cb: 16.4095   Cr: 17.88   )
00000848: 16.3295   (Y': 15.1091   Cb: 16.4315   Cr: 17.8862 )
00000849: 16.2695   (Y': 14.9797   Cb: 16.3845   Cr: 17.9421 )
00000851: 16.3064   (Y': 14.92     Cb: 16.466    Cr: 18.1106 )
00000850: 16.3672   (Y': 15.0061   Cb: 16.5131   Cr: 18.1392 )
00000852: 16.3101   (Y': 14.8856   Cb: 16.4446   Cr: 18.2328 )
00000853: 16.3435   (Y': 14.9376   Cb: 16.4708   Cr: 18.2369 )
00000856: 16.1474   (Y': 14.9459   Cb: 16.1343   Cr: 17.8336 )
00000855: 16.2794   (Y': 14.9785   Cb: 16.332    Cr: 18.0656 )
00000857: 16.1898   (Y': 15.0319   Cb: 16.104    Cr: 17.8998 )
00000854: 16.3876   (Y': 15.0352   Cb: 16.4889   Cr: 18.2069 )
00000860: 16.1001   (Y': 14.9226   Cb: 15.9493   Cr: 17.9496 )
00000859: 16.0805   (Y': 14.9205   Cb: 15.9409   Cr: 17.8777 )
00000858: 16.1151   (Y': 15.0065   Cb: 15.9715   Cr: 17.8185 )
00000861: 16.0414   (Y': 14.8562   Cb: 15.9088   Cr: 17.8777 )
00000862: 16.0329   (Y': 14.8294   Cb: 15.9668   Cr: 17.8024 )
00000863: 16.0639   (Y': 14.8574   Cb: 16.0321   Cr: 17.7877 )
00000864: 16.1786   (Y': 14.9451   Cb: 16.1373   Cr: 17.9703 )
00000865: 16.228    (Y': 15        Cb: 16.1935   Cr: 17.9983 )
00000866: 16.3201   (Y': 15.0637   Cb: 16.2924   Cr: 18.137  )
00000867: 16.3487   (Y': 15.0672   Cb: 16.3616   Cr: 18.1547 )
00000868: 16.3793   (Y': 15.1308   Cb: 16.4038   Cr: 18.1018 )
00000869: 16.378    (Y': 15.132    Cb: 16.416    Cr: 18.0757 )
00000873: 16.5034   (Y': 15.2747   Cb: 16.5158   Cr: 18.2051 )
00000872: 16.5334   (Y': 15.3155   Cb: 16.5788   Cr: 18.1659 )
00000870: 16.494    (Y': 15.1958   Cb: 16.5893   Cr: 18.2121 )
00000871: 16.575    (Y': 15.3028   Cb: 16.6921   Cr: 18.2103 )
00000875: 15.916    (Y': 14.4611   Cb: 16.0098   Cr: 17.968  )
00000874: 16.4282   (Y': 15.0972   Cb: 16.4754   Cr: 18.2846 )
00000876: 16.0958   (Y': 14.756    Cb: 16.1139   Cr: 18.0152 )
00000878: 15.9791   (Y': 14.7131   Cb: 15.9111   Cr: 17.878  )
00000877: 15.9508   (Y': 14.687    Cb: 15.8812   Cr: 17.8481 )
00000879: 15.9615   (Y': 14.6543   Cb: 15.925    Cr: 17.8972 )
00000880: 15.7938   (Y': 14.338    Cb: 15.8909   Cr: 17.8429 )
00000881: 15.8094   (Y': 14.3076   Cb: 15.9595   Cr: 17.8794 )
00000882: 15.7442   (Y': 14.1456   Cb: 15.9966   Cr: 17.8802 )
00000883: 16.2104   (Y': 14.8754   Cb: 16.2193   Cr: 18.1339 )
00000884: 16.2819   (Y': 14.8897   Cb: 16.3914   Cr: 18.1731 )
00000885: 16.3515   (Y': 14.9525   Cb: 16.5131   Cr: 18.1794 )
00000886: 16.3835   (Y': 14.9103   Cb: 16.5868   Cr: 18.3092 )
00000889: 16.4438   (Y': 15.0711   Cb: 16.5922   Cr: 18.2362 )
00000887: 16.4302   (Y': 14.8939   Cb: 16.7422   Cr: 18.3352 )
00000888: 16.4437   (Y': 14.9959   Cb: 16.6672   Cr: 18.2844 )
00000890: 16.4684   (Y': 15.0402   Cb: 16.6759   Cr: 18.2907 )
00000892: 16.5776   (Y': 15.2028   Cb: 16.7619   Cr: 18.3226 )
00000891: 16.5349   (Y': 15.1376   Cb: 16.7115   Cr: 18.3372 )
00000893: 16.5423   (Y': 15.261    Cb: 16.6176   Cr: 18.2556 )
00000894: 16.4938   (Y': 15.2138   Cb: 16.5743   Cr: 18.1966 )
00000895: 16.3396   (Y': 15.1075   Cb: 16.3848   Cr: 17.9999 )
00000898: 16.2528   (Y': 14.9439   Cb: 16.4579   Cr: 17.8365 )
00000897: 16.2896   (Y': 15.078    Cb: 16.369    Cr: 17.8615 )
00000896: 16.2612   (Y': 15.1048   Cb: 16.2527   Cr: 17.8543 )
00000899: 16.2596   (Y': 14.8938   Cb: 16.4877   Cr: 17.9243 )
00000900: 16.3667   (Y': 14.9389   Cb: 16.6546   Cr: 18.0742 )
00000901: 16.3506   (Y': 14.8873   Cb: 16.7222   Cr: 18.0168 )
00000902: 16.3127   (Y': 14.8711   Cb: 16.7449   Cr: 17.855  )
00000903: 16.2729   (Y': 14.8069   Cb: 16.773    Cr: 17.7773 )
00000905: 16.3695   (Y': 14.805    Cb: 17.0429   Cr: 17.8571 )
00000904: 16.3564   (Y': 14.8516   Cb: 16.9311   Cr: 17.8447 )
00000906: 16.3807   (Y': 14.8297   Cb: 17.1081   Cr: 17.7772 )
00000908: 16.3025   (Y': 14.7266   Cb: 17.1322   Cr: 17.631  )
00000907: 16.3789   (Y': 14.8327   Cb: 17.1474   Cr: 17.7188 )
00000909: 16.3119   (Y': 14.7275   Cb: 17.1915   Cr: 17.6016 )
00000910: 16.503    (Y': 14.8502   Cb: 17.3692   Cr: 17.9438 )
00000911: 16.5407   (Y': 14.8106   Cb: 17.5079   Cr: 18.0267 )
00000913: 16.4408   (Y': 14.7938   Cb: 17.392    Cr: 17.7747 )
00000912: 16.5119   (Y': 14.7927   Cb: 17.53     Cr: 17.9187 )
00000914: 15.9602   (Y': 14.4479   Cb: 16.8011   Cr: 17.1551 )
00000915: 15.8126   (Y': 14.3296   Cb: 16.6083   Cr: 17.0022 )
00000916: 15.9165   (Y': 14.4419   Cb: 16.5783   Cr: 17.2416 )
00000917: 15.9459   (Y': 14.4875   Cb: 16.5523   Cr: 17.305  )
00000918: 16.0668   (Y': 14.6467   Cb: 16.4857   Cr: 17.5839 )
00000920: 16.0365   (Y': 14.5495   Cb: 16.3648   Cr: 17.8116 )
00000919: 16.0782   (Y': 14.6507   Cb: 16.4329   Cr: 17.6942 )
00000921: 16.0183   (Y': 14.5485   Cb: 16.274    Cr: 17.8595 )
00000922: 16.0132   (Y': 14.4811   Cb: 16.3474   Cr: 17.8768 )
00000923: 16.047    (Y': 14.5318   Cb: 16.3761   Cr: 17.8817 )
00000924: 16.1176   (Y': 14.6385   Cb: 16.3903   Cr: 17.9545 )
00000925: 16.0615   (Y': 14.5933   Cb: 16.3245   Cr: 17.8889 )
00000926: 16.113    (Y': 14.6621   Cb: 16.3799   Cr: 17.8984 )
00000927: 16.152    (Y': 14.7182   Cb: 16.3815   Cr: 17.9546 )
00000928: 16.1192   (Y': 14.611    Cb: 16.4091   Cr: 17.9942 )
00000930: 15.9953   (Y': 14.515    Cb: 16.3259   Cr: 17.7531 )
00000929: 16.0656   (Y': 14.6092   Cb: 16.3377   Cr: 17.8551 )
00000931: 15.9287   (Y': 14.4874   Cb: 16.2675   Cr: 17.594  )
00000932: 15.9982   (Y': 14.4735   Cb: 16.4999   Cr: 17.6191 )
00000933: 15.9954   (Y': 14.4176   Cb: 16.5253   Cr: 17.6906 )
00000934: 16.0932   (Y': 14.3735   Cb: 16.813    Cr: 17.8526 )
00000935: 16.1056   (Y': 14.4625   Cb: 16.7554   Cr: 17.786  )
00000936: 15.9933   (Y': 14.3399   Cb: 16.6304   Cr: 17.7122 )
00000937: 16.0413   (Y': 14.3786   Cb: 16.6707   Cr: 17.7906 )
00000938: 16.1361   (Y': 14.5294   Cb: 16.7243   Cr: 17.8177 )
00000939: 16.1751   (Y': 14.5742   Cb: 16.7931   Cr: 17.8061 )
00000940: 16.3008   (Y': 14.8246   Cb: 16.7488   Cr: 17.8921 )
00000941: 16.5275   (Y': 14.9368   Cb: 16.9828   Cr: 18.3507 )
00000942: 16.6051   (Y': 14.9804   Cb: 17.006    Cr: 18.5808 )
00000944: 16.4411   (Y': 14.8782   Cb: 16.6761   Cr: 18.5204 )
00000943: 16.5462   (Y': 14.9579   Cb: 16.8888   Cr: 18.5231 )
00000945: 16.4899   (Y': 14.851    Cb: 16.7918   Cr: 18.6457 )
00000946: 16.505    (Y': 14.8499   Cb: 16.861    Cr: 18.6177 )
00000947: 16.5391   (Y': 14.8668   Cb: 16.8946   Cr: 18.6937 )
00000948: 16.5739   (Y': 14.8866   Cb: 16.9405   Cr: 18.7482 )
00000949: 16.5405   (Y': 14.8752   Cb: 16.8848   Cr: 18.6951 )
00000951: 16.4195   (Y': 14.8555   Cb: 16.725    Cr: 18.3957 )
00000950: 16.4827   (Y': 14.8388   Cb: 16.811    Cr: 18.6104 )
00000952: 16.4539   (Y': 14.9078   Cb: 16.7724   Cr: 18.3709 )
00000954: 16.4315   (Y': 14.8961   Cb: 16.7075   Cr: 18.3869 )
00000953: 16.4596   (Y': 14.8944   Cb: 16.776    Cr: 18.4228 )
00000955: 16.4694   (Y': 14.9656   Cb: 16.7071   Cr: 18.4111 )
00000956: 16.6739   (Y': 15.1289   Cb: 16.9338   Cr: 18.6744 )
00000957: 16.6651   (Y': 15.139    Cb: 16.899    Cr: 18.6622 )
00000958: 16.5991   (Y': 15.1061   Cb: 16.8513   Cr: 18.4959 )
00000959: 16.5934   (Y': 15.1172   Cb: 16.8442   Cr: 18.4553 )
00000960: 16.6945   (Y': 15.1361   Cb: 17.0102   Cr: 18.6432 )
00000961: 16.6875   (Y': 15.1403   Cb: 16.9957   Cr: 18.6221 )
00000962: 16.5442   (Y': 15.0449   Cb: 16.8411   Cr: 18.3902 )
00000964: 16.7281   (Y': 15.3023   Cb: 16.9789   Cr: 18.4834 )
00000963: 16.6452   (Y': 15.1304   Cb: 16.98     Cr: 18.4706 )
00000965: 16.7641   (Y': 15.2993   Cb: 17.0497   Cr: 18.5521 )
00000968: 16.6882   (Y': 15.1467   Cb: 16.9421   Cr: 18.6903 )
00000966: 16.7722   (Y': 15.2509   Cb: 17.0476   Cr: 18.6973 )
00000967: 16.6271   (Y': 15.1086   Cb: 16.8476   Cr: 18.6272 )
00000969: 16.6483   (Y': 15.1286   Cb: 16.8973   Cr: 18.6086 )
00000971: 16.7893   (Y': 15.1938   Cb: 17.1634   Cr: 18.7369 )
00000970: 16.7553   (Y': 15.1381   Cb: 17.1245   Cr: 18.7599 )
00000972: 16.7016   (Y': 15.0191   Cb: 17.1889   Cr: 18.6879 )
00000973: 16.6803   (Y': 14.9422   Cb: 17.1999   Cr: 18.7522 )
00000974: 16.6808   (Y': 14.8798   Cb: 17.2492   Cr: 18.8365 )
00000975: 16.6793   (Y': 14.8244   Cb: 17.3459   Cr: 18.8296 )
00000976: 16.6768   (Y': 14.7842   Cb: 17.3923   Cr: 18.8542 )
00000979: 16.7296   (Y': 14.8509   Cb: 17.5417   Cr: 18.7411 )
00000977: 16.6385   (Y': 14.6985   Cb: 17.4745   Cr: 18.7713 )
00000978: 16.6828   (Y': 14.7817   Cb: 17.5308   Cr: 18.7018 )
00000980: 16.6896   (Y': 14.861    Cb: 17.4282   Cr: 18.6768 )
00000981: 16.7181   (Y': 14.8494   Cb: 17.4615   Cr: 18.7966 )
00000982: 16.7061   (Y': 14.8142   Cb: 17.4694   Cr: 18.8154 )
00000983: 16.7116   (Y': 14.8011   Cb: 17.4854   Cr: 18.8538 )
00000984: 16.6847   (Y': 14.7802   Cb: 17.4639   Cr: 18.8044 )
00000985: 16.6914   (Y': 14.7576   Cb: 17.5082   Cr: 18.8342 )
00000986: 16.7229   (Y': 14.7669   Cb: 17.5668   Cr: 18.8863 )
00000987: 16.6632   (Y': 14.6968   Cb: 17.5387   Cr: 18.8103 )
00000988: 16.6314   (Y': 14.7327   Cb: 17.4887   Cr: 18.6327 )
00000989: 16.6241   (Y': 14.7144   Cb: 17.5291   Cr: 18.5907 )
00000990: 16.6416   (Y': 14.7487   Cb: 17.5385   Cr: 18.578  )
00000991: 16.6476   (Y': 14.7641   Cb: 17.5596   Cr: 18.5423 )
00000992: 16.6318   (Y': 14.7856   Cb: 17.4549   Cr: 18.5501 )
00000993: 16.6625   (Y': 14.8222   Cb: 17.4924   Cr: 18.5584 )
00000994: 16.6839   (Y': 14.7761   Cb: 17.4705   Cr: 18.8018 )
00000995: 16.7124   (Y': 14.8304   Cb: 17.468    Cr: 18.8075 )
00000996: 16.8867   (Y': 14.9039   Cb: 17.7445   Cr: 19.1008 )
00000997: 17.023    (Y': 15.0471   Cb: 17.8832   Cr: 19.2158 )
00000998: 17.1848   (Y': 15.167    Cb: 18.053    Cr: 19.4778 )
00000999: 17.2172   (Y': 15.1942   Cb: 18.078    Cr: 19.5348 )
00001000: 17.4133   (Y': 15.6055   Cb: 18.0419   Cr: 19.5002 )
00001003: 17.7579   (Y': 16.0226   Cb: 18.2409   Cr: 19.8755 )
00001001: 17.0083   (Y': 14.907    Cb: 17.9662   Cr: 19.4068 )
00001002: 17.6058   (Y': 15.8416   Cb: 18.1231   Cr: 19.7442 )
00001004: 17.7411   (Y': 16.0563   Cb: 18.1447   Cr: 19.8535 )
00001005: 17.65     (Y': 15.9882   Cb: 18.0195   Cr: 19.7584 )
00001006: 17.4872   (Y': 15.8397   Cb: 17.8724   Cr: 19.5384 )
00001007: 17.4711   (Y': 15.9793   Cb: 17.7814   Cr: 19.2815 )
00001008: 17.2226   (Y': 15.5684   Cb: 17.6847   Cr: 19.1787 )
00001010: 16.7654   (Y': 15.0414   Cb: 17.3114   Cr: 18.7663 )
00001009: 17.0691   (Y': 15.4312   Cb: 17.5232   Cr: 18.9994 )
00001011: 16.5829   (Y': 14.8605   Cb: 17.1332   Cr: 18.5738 )
00001012: 16.5836   (Y': 14.8238   Cb: 17.1433   Cr: 18.6505 )
00001013: 16.5584   (Y': 14.7775   Cb: 17.1362   Cr: 18.6509 )
00001014: 16.6196   (Y': 14.8427   Cb: 17.2096   Cr: 18.6855 )
00001015: 16.5978   (Y': 14.896    Cb: 17.0726   Cr: 18.6468 )
00001016: 16.5366   (Y': 14.8658   Cb: 16.9941   Cr: 18.5376 )
00001017: 16.4195   (Y': 14.7908   Cb: 16.8685   Cr: 18.336  )
00001018: 16.4436   (Y': 14.8931   Cb: 16.7793   Cr: 18.3459 )
00001019: 16.4838   (Y': 14.8951   Cb: 16.868    Cr: 18.4018 )
00001020: 16.6085   (Y': 15.0078   Cb: 16.9807   Cr: 18.5708 )
00001021: 16.5577   (Y': 14.8978   Cb: 17.0075   Cr: 18.5445 )
00001022: 16.6089   (Y': 14.9432   Cb: 17.0796   Cr: 18.5794 )
00001023: 16.6663   (Y': 15.0222   Cb: 17.103    Cr: 18.6356 )
00001024: 16.8436   (Y': 15.2192   Cb: 17.2486   Cr: 18.8124 )
00001025: 16.9531   (Y': 15.366    Cb: 17.2844   Cr: 18.9438 )
00001026: 17.1992   (Y': 15.5289   Cb: 17.6893   Cr: 19.1533 )
00001027: 17.2662   (Y': 15.6155   Cb: 17.6774   Cr: 19.2873 )
00001028: 17.4648   (Y': 15.9195   Cb: 17.8085   Cr: 19.3443 )
00001029: 17.6526   (Y': 16.1096   Cb: 18.0331   Cr: 19.4752 )
00001031: 17.9729   (Y': 16.5127   Cb: 18.301    Cr: 19.6919 )
00001030: 18.0003   (Y': 16.4889   Cb: 18.4009   Cr: 19.7276 )
00001032: 17.9868   (Y': 16.6515   Cb: 18.2272   Cr: 19.574  )
00001033: 17.8842   (Y': 16.5738   Cb: 18.0555   Cr: 19.5179 )
00001034: 17.6065   (Y': 16.3069   Cb: 17.7995   Cr: 19.1888 )
00001035: 17.4908   (Y': 16.187    Cb: 17.7076   Cr: 19.0488 )
00001037: 16.9158   (Y': 15.6207   Cb: 17.2588   Cr: 18.2916 )
00001036: 17.4858   (Y': 16.0675   Cb: 17.9125   Cr: 18.9896 )
00001038: 17.1982   (Y': 15.7401   Cb: 17.6403   Cr: 18.7606 )
00001039: 17.0342   (Y': 15.6586   Cb: 17.3364   Cr: 18.6169 )
00001040: 16.6796   (Y': 15.2883   Cb: 17.026    Cr: 18.2344 )
00001041: 16.6059   (Y': 15.1728   Cb: 17.0177   Cr: 18.1581 )
00001042: 16.5285   (Y': 15.0201   Cb: 17.0023   Cr: 18.1521 )
00001043: 16.6423   (Y': 15.066    Cb: 17.1199   Cr: 18.4037 )
00001045: 16.4978   (Y': 14.9823   Cb: 16.9763   Cr: 18.1298 )
00001044: 16.5822   (Y': 15.0679   Cb: 17.0551   Cr: 18.2191 )
00001046: 17.2177   (Y': 15.4863   Cb: 17.9116   Cr: 19.0367 )
00001047: 17.4587   (Y': 15.5849   Cb: 18.3518   Cr: 19.3538 )
00001048: 17.7272   (Y': 15.7926   Cb: 18.8292   Cr: 19.5125 )
00001049: 17.5495   (Y': 15.5438   Cb: 18.7997   Cr: 19.3335 )
00001050: 16.9429   (Y': 15.1421   Cb: 17.8894   Cr: 18.6048 )
00001051: 16.8397   (Y': 15.0862   Cb: 17.6831   Cr: 18.5207 )
00001053: 16.6784   (Y': 14.8822   Cb: 17.6686   Cr: 18.2798 )
00001052: 16.6773   (Y': 14.9357   Cb: 17.603    Cr: 18.2347 )
00001054: 16.334    (Y': 14.6266   Cb: 17.1686   Cr: 17.9252 )
00001055: 16.1971   (Y': 14.623    Cb: 16.8638   Cr: 17.7123 )
00001056: 16.1335   (Y': 14.6349   Cb: 16.7037   Cr: 17.6151 )
00001058: 16.3014   (Y': 14.958    Cb: 16.7051   Cr: 17.6903 )
00001057: 16.4273   (Y': 14.9482   Cb: 16.9989   Cr: 17.8688 )
00001059: 16.0077   (Y': 14.7567   Cb: 16.2719   Cr: 17.4032 )
00001060: 15.6438   (Y': 14.5752   Cb: 15.6718   Cr: 17.0256 )
00001061: 15.6423   (Y': 14.5646   Cb: 15.6701   Cr: 17.0407 )
00001062: 15.5349   (Y': 14.4955   Cb: 15.5586   Cr: 16.8715 )
00001063: 15.4812   (Y': 14.3974   Cb: 15.5634   Cr: 16.8165 )
00001064: 15.4664   (Y': 14.3772   Cb: 15.6083   Cr: 16.7326 )
00001065: 15.5419   (Y': 14.4251   Cb: 15.6932   Cr: 16.8437 )
00001067: 16.902    (Y': 15.038    Cb: 17.9095   Cr: 18.6347 )
00001066: 16.3725   (Y': 14.5485   Cb: 17.3333   Cr: 18.0696 )
00001068: 16.982    (Y': 15.2313   Cb: 18.0181   Cr: 18.4344 )
00001069: 16.8675   (Y': 15.2148   Cb: 17.7582   Cr: 18.28   )
00001070: 16.8234   (Y': 15.2375   Cb: 17.4971   Cr: 18.3542 )
00001071: 16.9902   (Y': 15.3564   Cb: 17.6573   Cr: 18.629  )
00001072: 16.9457   (Y': 15.3733   Cb: 17.5547   Cr: 18.5285 )
00001074: 16.6588   (Y': 15.1398   Cb: 17.312    Cr: 18.08   )
00001073: 16.7489   (Y': 15.2946   Cb: 17.2703   Cr: 18.2035 )
00001076: 16.83     (Y': 15.0462   Cb: 17.6201   Cr: 18.6449 )
00001075: 16.5923   (Y': 15.0525   Cb: 17.2205   Cr: 18.0848 )
00001077: 17.0205   (Y': 15.1718   Cb: 17.9076   Cr: 18.8636 )
00001079: 17.3706   (Y': 15.4777   Cb: 18.376    Cr: 19.1727 )
00001078: 17.292    (Y': 15.3896   Cb: 18.2602   Cr: 19.1616 )
00001080: 17.7429   (Y': 15.729    Cb: 18.9834   Cr: 19.5576 )
00001081: 17.7807   (Y': 15.7162   Cb: 19.0686   Cr: 19.665  )
00001082: 17.7144   (Y': 15.6973   Cb: 18.9897   Cr: 19.4972 )
00001084: 17.6963   (Y': 15.7799   Cb: 18.9151   Cr: 19.3074 )
00001083: 17.6882   (Y': 15.6798   Cb: 19.0056   Cr: 19.4035 )
00001085: 17.6356   (Y': 15.732    Cb: 18.8284   Cr: 19.2469 )
00001087: 17.5721   (Y': 15.6518   Cb: 18.8519   Cr: 19.1262 )
00001086: 17.5189   (Y': 15.6555   Cb: 18.7595   Cr: 18.9899 )
00001088: 17.5785   (Y': 15.5593   Cb: 19.0438   Cr: 19.162  )
00001089: 17.5463   (Y': 15.5321   Cb: 19.0294   Cr: 19.1004 )
00001090: 17.5089   (Y': 15.5417   Cb: 18.9613   Cr: 18.9883 )
00001092: 17.8939   (Y': 15.937    Cb: 19.4038   Cr: 19.2941 )
00001091: 17.6394   (Y': 15.7028   Cb: 19.0602   Cr: 19.0838 )
00001093: 18.0574   (Y': 16.1023   Cb: 19.6089   Cr: 19.4135 )
00001095: 18.326    (Y': 16.3869   Cb: 19.7228   Cr: 19.7998 )
00001094: 18.2556   (Y': 16.3046   Cb: 19.7165   Cr: 19.691  )
00001096: 18.3595   (Y': 16.3651   Cb: 19.7445   Cr: 19.9698 )
00001097: 18.3778   (Y': 16.443    Cb: 19.6689   Cr: 19.9526 )
00001100: 18.2464   (Y': 16.4891   Cb: 19.0098   Cr: 20.0349 )
00001098: 18.3308   (Y': 16.5082   Cb: 19.2939   Cr: 20.0218 )
00001099: 18.3216   (Y': 16.5156   Cb: 19.1249   Cr: 20.1709 )
00001101: 18.2669   (Y': 16.4968   Cb: 19.0994   Cr: 19.998  )
00001103: 17.9033   (Y': 16.1311   Cb: 18.8198   Cr: 19.5378 )
00001102: 17.7548   (Y': 16.0627   Cb: 18.4303   Cr: 19.5093 )
00001104: 18.0953   (Y': 16.5118   Cb: 19.1448   Cr: 19.2039 )
00001106: 18.6196   (Y': 17.1259   Cb: 19.6739   Cr: 19.5614 )
00001105: 18.014    (Y': 16.5058   Cb: 18.9555   Cr: 19.0948 )
00001107: 18.7647   (Y': 17.1678   Cb: 19.9026   Cr: 19.81   )
00001108: 18.8255   (Y': 17.0163   Cb: 19.9197   Cr: 20.3377 )
00001109: 18.7562   (Y': 16.9436   Cb: 19.8023   Cr: 20.3294 )
00001111: 18.5464   (Y': 16.7773   Cb: 19.6532   Cr: 19.9601 )
00001110: 18.5459   (Y': 16.7529   Cb: 19.5895   Cr: 20.0797 )
00001112: 18.0645   (Y': 16.2808   Cb: 19.1704   Cr: 19.5098 )
00001114: 17.9255   (Y': 16.1575   Cb: 18.9947   Cr: 19.3778 )
00001113: 17.9385   (Y': 16.1818   Cb: 19.0181   Cr: 19.356  )
00001116: 17.6072   (Y': 15.8279   Cb: 18.5641   Cr: 19.2103 )
00001115: 17.9007   (Y': 16.1157   Cb: 18.9164   Cr: 19.4483 )
00001119: 17.8201   (Y': 16.0207   Cb: 18.6373   Cr: 19.6365 )
00001117: 17.471    (Y': 15.6762   Cb: 18.3442   Cr: 19.2077 )
00001118: 17.7267   (Y': 15.9048   Cb: 18.6114   Cr: 19.5109 )
00001120: 17.8179   (Y': 15.9809   Cb: 18.6362   Cr: 19.7211 )
00001122: 17.7447   (Y': 15.9349   Cb: 18.5188   Cr: 19.6407 )
00001121: 17.8112   (Y': 15.9654   Cb: 18.6228   Cr: 19.7433 )
00001123: 17.7199   (Y': 15.9137   Cb: 18.4541   Cr: 19.6592 )
00001124: 17.6156   (Y': 15.816    Cb: 18.3255   Cr: 19.5718 )
00001125: 17.5045   (Y': 15.669    Cb: 18.2124   Cr: 19.5496 )
00001126: 17.2187   (Y': 15.3638   Cb: 17.9044   Cr: 19.3423 )
00001127: 17.1161   (Y': 15.2804   Cb: 17.7531   Cr: 19.2604 )
00001128: 16.8386   (Y': 15.0479   Cb: 17.427    Cr: 18.9401 )
00001129: 16.7251   (Y': 15.0007   Cb: 17.2539   Cr: 18.751  )
00001130: 16.5492   (Y': 14.8954   Cb: 17.0346   Cr: 18.4718 )
00001131: 16.4573   (Y': 14.8645   Cb: 16.8681   Cr: 18.3466 )
00001135: 16.3707   (Y': 14.9252   Cb: 16.6905   Cr: 18.0706 )
00001132: 16.3548   (Y': 14.8277   Cb: 16.7313   Cr: 18.1487 )
00001133: 16.3084   (Y': 14.8193   Cb: 16.6423   Cr: 18.0801 )
00001134: 16.3181   (Y': 14.8536   Cb: 16.6579   Cr: 18.0299 )
00001137: 16.477    (Y': 15.08     Cb: 16.805    Cr: 18.0676 )
00001136: 16.4579   (Y': 15.0733   Cb: 16.75     Cr: 18.0722 )
00001139: 16.6538   (Y': 15.2347   Cb: 17.0435   Cr: 18.2067 )
00001138: 16.5732   (Y': 15.1404   Cb: 16.9513   Cr: 18.1686 )
00001142: 16.9927   (Y': 15.4889   Cb: 17.5597   Cr: 18.4885 )
00001141: 16.814    (Y': 15.341    Cb: 17.3137   Cr: 18.3329 )
00001140: 16.7623   (Y': 15.3067   Cb: 17.2035   Cr: 18.3211 )
00001143: 17.0392   (Y': 15.5319   Cb: 17.6384   Cr: 18.5026 )
00001144: 17.1659   (Y': 15.65     Cb: 17.7596   Cr: 18.6532 )
00001145: 17.192    (Y': 15.666    Cb: 17.7658   Cr: 18.7239 )
00001147: 17.4171   (Y': 15.8555   Cb: 18.0233   Cr: 18.9814 )
00001146: 17.3782   (Y': 15.8657   Cb: 17.9369   Cr: 18.902  )
00001148: 17.594    (Y': 15.9708   Cb: 18.2685   Cr: 19.2013 )
00001151: 17.554    (Y': 16.0168   Cb: 18.2994   Cr: 18.9027 )
00001150: 17.5482   (Y': 15.9689   Cb: 18.3105   Cr: 18.9602 )
00001149: 17.6641   (Y': 16.0304   Cb: 18.4109   Cr: 19.2053 )
00001152: 17.515    (Y': 16.0526   Cb: 18.2588   Cr: 18.7238 )
00001154: 17.586    (Y': 16.1177   Cb: 18.3571   Cr: 18.7754 )
00001153: 17.5807   (Y': 16.1276   Cb: 18.3527   Cr: 18.7413 )
00001155: 17.6328   (Y': 16.1706   Cb: 18.4202   Cr: 18.7932 )
00001156: 17.562    (Y': 16.1266   Cb: 18.3631   Cr: 18.6591 )
00001157: 17.4008   (Y': 15.9961   Cb: 18.1129   Cr: 18.5397 )
00001158: 17.2155   (Y': 15.8869   Cb: 17.8523   Cr: 18.3027 )
00001159: 17.3701   (Y': 16.0616   Cb: 18.079    Cr: 18.3447 )
00001160: 17.2109   (Y': 15.9062   Cb: 17.9375   Cr: 18.1604 )
00001161: 17.1839   (Y': 15.8878   Cb: 17.9543   Cr: 18.0733 )
00001162: 17.0923   (Y': 15.8223   Cb: 17.8463   Cr: 17.9556 )
00001163: 17.1435   (Y': 15.8602   Cb: 17.9224   Cr: 18.0035 )
00001165: 17.1233   (Y': 15.8105   Cb: 17.9318   Cr: 18.0016 )
00001164: 17.1793   (Y': 15.8759   Cb: 18.0025   Cr: 18.0272 )
00001166: 17.052    (Y': 15.7373   Cb: 17.867    Cr: 17.9268 )
00001167: 17.0848   (Y': 15.8071   Cb: 17.8663   Cr: 17.9327 )
00001168: 16.8856   (Y': 15.6638   Cb: 17.6043   Cr: 17.7071 )
00001169: 16.7628   (Y': 15.5366   Cb: 17.4746   Cr: 17.5986 )
00001171: 16.607    (Y': 15.4219   Cb: 17.2867   Cr: 17.4102 )
00001170: 16.6606   (Y': 15.4549   Cb: 17.3586   Cr: 17.4776 )
00001172: 16.531    (Y': 15.3389   Cb: 17.2524   Cr: 17.3028 )
00001173: 16.5254   (Y': 15.3151   Cb: 17.2711   Cr: 17.3012 )
00001175: 16.4623   (Y': 15.2584   Cb: 17.1958   Cr: 17.2407 )
00001174: 16.4727   (Y': 15.2938   Cb: 17.1903   Cr: 17.2276 )
00001176: 16.4335   (Y': 15.2669   Cb: 17.1225   Cr: 17.1984 )
00001178: 16.3711   (Y': 15.2546   Cb: 17.0336   Cr: 17.0854 )
00001177: 16.4202   (Y': 15.2702   Cb: 17.1297   Cr: 17.1384 )
00001179: 16.3578   (Y': 15.2537   Cb: 17.0241   Cr: 17.0496 )
00001180: 16.3329   (Y': 15.1885   Cb: 17.0386   Cr: 17.0465 )
00001181: 16.3179   (Y': 15.1767   Cb: 16.9895   Cr: 17.061  )
00001182: 28.2423   (Y': 24.1708   Cb: 35.1255   Cr: 34.4139 )
00001183: 24.184    (Y': 20.4996   Cb: 28.8148   Cr: 29.134  )
00001184: 20.9839   (Y': 17.9708   Cb: 23.7133   Cr: 24.3065 )
00001185: 20.0734   (Y': 17.2332   Cb: 22.5632   Cr: 22.9712 )
00001186: 18.8791   (Y': 16.1866   Cb: 20.8057   Cr: 21.8942 )
00001187: 18.4282   (Y': 15.8641   Cb: 20.1741   Cr: 21.216  )
00001190: 17.1178   (Y': 14.9203   Cb: 18.3172   Cr: 19.4636 )
00001189: 17.4524   (Y': 15.1349   Cb: 18.81     Cr: 19.9449 )
00001188: 17.7549   (Y': 15.3171   Cb: 19.2963   Cr: 20.3844 )
00001191: 16.9767   (Y': 14.8642   Cb: 18.0648   Cr: 19.2304 )
00001192: 16.8434   (Y': 14.802    Cb: 17.8338   Cr: 19.0344 )
00001193: 16.8792   (Y': 14.7824   Cb: 17.8786   Cr: 19.2082 )
00001194: 16.9086   (Y': 14.753    Cb: 17.9755   Cr: 19.3111 )
00001195: 16.9315   (Y': 14.7947   Cb: 17.9788   Cr: 19.3073 )
00001196: 16.9228   (Y': 14.7737   Cb: 18.0172   Cr: 19.2699 )
00001197: 16.8456   (Y': 14.7531   Cb: 17.8638   Cr: 19.1372 )
Total: 17.0294   (Y': 15.9309   Cb: 17.1759   Cr: 18.3056 )
