00000001: 13.8879   (Y': 11.8207   Cb: 15.0992   Cr: 15.8682 )
00000000: 13.9459   (Y': 11.8618   Cb: 15.1728   Cr: 15.9511 )
00000002: 13.9541   (Y': 11.8944   Cb: 15.1388   Cr: 15.9474 )
00000004: 13.9084   (Y': 11.9046   Cb: 15.0544   Cr: 15.8083 )
00000005: 13.9102   (Y': 11.8883   Cb: 15.062    Cr: 15.848  )
00000003: 13.9831   (Y': 11.9319   Cb: 15.1432   Cr: 15.9848 )
00000006: 13.9541   (Y': 11.9528   Cb: 15.0538   Cr: 15.9035 )
00000009: 14.057    (Y': 11.9542   Cb: 15.0624   Cr: 16.3943 )
00000007: 13.9621   (Y': 11.9497   Cb: 15.0862   Cr: 15.9099 )
00000010: 14.0326   (Y': 11.8645   Cb: 15.0801   Cr: 16.4974 )
00000012: 13.9887   (Y': 11.7729   Cb: 15.1003   Cr: 16.5051 )
00000013: 13.9302   (Y': 11.686    Cb: 15.1258   Cr: 16.4167 )
00000008: 14.0464   (Y': 11.9612   Cb: 15.0753   Cr: 16.3039 )
00000011: 14.0332   (Y': 11.8511   Cb: 15.0953   Cr: 16.5189 )
00000015: 13.8382   (Y': 11.604    Cb: 15.0905   Cr: 16.2208 )
00000017: 13.9286   (Y': 11.687    Cb: 15.1332   Cr: 16.3954 )
00000014: 13.8313   (Y': 11.6018   Cb: 15.08     Cr: 16.2047 )
00000016: 13.8562   (Y': 11.622    Cb: 15.0796   Cr: 16.2762 )
00000018: 14.0969   (Y': 11.8579   Cb: 15.3078   Cr: 16.5476 )
00000019: 14.1663   (Y': 11.9131   Cb: 15.4158   Cr: 16.6076 )
00000020: 14.1571   (Y': 11.9305   Cb: 15.3333   Cr: 16.6177 )
00000024: 13.8292   (Y': 11.6108   Cb: 14.9435   Cr: 16.3499 )
00000022: 13.9553   (Y': 11.7536   Cb: 15.0911   Cr: 16.3973 )
00000026: 13.634    (Y': 11.427    Cb: 14.717    Cr: 16.1644 )
00000023: 13.9382   (Y': 11.7154   Cb: 15.0802   Cr: 16.434  )
00000021: 14.0531   (Y': 11.8149   Cb: 15.2209   Cr: 16.5596 )
00000025: 13.7434   (Y': 11.5524   Cb: 14.8379   Cr: 16.2108 )
00000028: 13.4804   (Y': 11.334    Cb: 14.5035   Cr: 15.9169 )
00000027: 13.6111   (Y': 11.4259   Cb: 14.725    Cr: 16.0349 )
00000034: 13.1745   (Y': 11.1655   Cb: 13.9577   Cr: 15.5644 )
00000030: 13.3087   (Y': 11.2539   Cb: 14.1513   Cr: 15.7396 )
00000032: 13.2102   (Y': 11.1837   Cb: 14.0026   Cr: 15.6348 )
00000029: 13.4506   (Y': 11.3253   Cb: 14.4136   Cr: 15.9102 )
00000031: 13.2687   (Y': 11.2251   Cb: 14.0686   Cr: 15.7306 )
00000033: 13.184    (Y': 11.1867   Cb: 13.955    Cr: 15.5594 )
00000039: 13.2144   (Y': 11.1904   Cb: 14.0884   Cr: 15.5158 )
00000036: 13.1218   (Y': 11.1459   Cb: 13.8952   Cr: 15.4356 )
00000035: 13.1346   (Y': 11.1612   Cb: 13.8981   Cr: 15.4558 )
00000042: 13.2467   (Y': 11.199    Cb: 14.0826   Cr: 15.6677 )
00000038: 13.1917   (Y': 11.1756   Cb: 14.0445   Cr: 15.5014 )
00000040: 13.2258   (Y': 11.208    Cb: 14.0706   Cr: 15.5515 )
00000037: 13.1278   (Y': 11.1307   Cb: 13.9358   Cr: 15.4494 )
00000046: 13.238    (Y': 11.2369   Cb: 14.0452   Cr: 15.5715 )
00000044: 13.2601   (Y': 11.226    Cb: 14.0809   Cr: 15.6646 )
00000045: 13.2398   (Y': 11.2198   Cb: 14.0477   Cr: 15.6238 )
00000041: 13.2494   (Y': 11.2167   Cb: 14.0992   Cr: 15.6087 )
00000043: 13.2317   (Y': 11.2099   Cb: 14.0269   Cr: 15.6396 )
00000047: 13.2099   (Y': 11.2407   Cb: 13.9786   Cr: 15.512  )
00000048: 13.1585   (Y': 11.1987   Cb: 13.934    Cr: 15.4259 )
00000049: 13.1487   (Y': 11.1975   Cb: 13.9066   Cr: 15.4188 )
00000050: 13.1321   (Y': 11.178    Cb: 13.8582   Cr: 15.4552 )
00000051: 13.0886   (Y': 11.1396   Cb: 13.8298   Cr: 15.3761 )
00000053: 12.9644   (Y': 11.0339   Cb: 13.681    Cr: 15.2387 )
00000054: 12.8895   (Y': 10.9731   Cb: 13.6059   Cr: 15.1268 )
00000052: 12.9886   (Y': 11.0431   Cb: 13.7344   Cr: 15.2604 )
00000057: 12.8086   (Y': 10.8569   Cb: 13.6031   Cr: 15.0281 )
00000055: 12.8643   (Y': 10.9654   Cb: 13.581    Cr: 15.0561 )
00000056: 12.8454   (Y': 10.8956   Cb: 13.6323   Cr: 15.0709 )
00000058: 12.7384   (Y': 10.7934   Cb: 13.5512   Cr: 14.9156 )
00000060: 12.6616   (Y': 10.7186   Cb: 13.4958   Cr: 14.8046 )
00000061: 12.6491   (Y': 10.7137   Cb: 13.4885   Cr: 14.7657 )
00000059: 12.7237   (Y': 10.7567   Cb: 13.5692   Cr: 14.9132 )
00000062: 12.6014   (Y': 10.7001   Cb: 13.4195   Cr: 14.6609 )
00000066: 12.4941   (Y': 10.5961   Cb: 13.3262   Cr: 14.5268 )
00000064: 12.5327   (Y': 10.6238   Cb: 13.3958   Cr: 14.5513 )
00000063: 12.5665   (Y': 10.6459   Cb: 13.4276   Cr: 14.617  )
00000065: 12.5181   (Y': 10.5956   Cb: 13.3982   Cr: 14.5482 )
00000068: 12.4929   (Y': 10.6013   Cb: 13.3405   Cr: 14.4894 )
00000067: 12.4951   (Y': 10.5915   Cb: 13.3191   Cr: 14.5523 )
00000074: 12.4612   (Y': 10.7152   Cb: 13.1735   Cr: 14.2894 )
00000069: 12.492    (Y': 10.6242   Cb: 13.2855   Cr: 14.501  )
00000070: 12.496    (Y': 10.6402   Cb: 13.2941   Cr: 14.4701 )
00000071: 12.4756   (Y': 10.6573   Cb: 13.2398   Cr: 14.4042 )
00000072: 12.4779   (Y': 10.6991   Cb: 13.218    Cr: 14.3456 )
00000073: 12.4606   (Y': 10.6913   Cb: 13.1888   Cr: 14.3219 )
00000080: 12.4138   (Y': 10.7929   Cb: 13.0325   Cr: 14.0864 )
00000078: 12.4756   (Y': 10.8015   Cb: 13.1243   Cr: 14.2251 )
00000079: 12.4659   (Y': 10.803    Cb: 13.0986   Cr: 14.2112 )
00000075: 12.4715   (Y': 10.7253   Cb: 13.1954   Cr: 14.2853 )
00000076: 12.4772   (Y': 10.7572   Cb: 13.1712   Cr: 14.2702 )
00000077: 12.4856   (Y': 10.7783   Cb: 13.1754   Cr: 14.2557 )
00000081: 12.3739   (Y': 10.7753   Cb: 12.9561   Cr: 14.0457 )
00000084: 12.3226   (Y': 10.6434   Cb: 12.9616   Cr: 14.0955 )
00000085: 12.304    (Y': 10.5998   Cb: 12.9772   Cr: 14.0884 )
00000082: 12.377    (Y': 10.7597   Cb: 12.9721   Cr: 14.0719 )
00000083: 12.3154   (Y': 10.6756   Cb: 12.9398   Cr: 14.0214 )
00000086: 12.2757   (Y': 10.5567   Cb: 12.9357   Cr: 14.1105 )
00000087: 12.3302   (Y': 10.5688   Cb: 13.0122   Cr: 14.2335 )
00000089: 12.422    (Y': 10.6405   Cb: 13.1353   Cr: 14.3309 )
00000088: 12.3881   (Y': 10.6129   Cb: 13.1015   Cr: 14.2821 )
00000091: 12.4281   (Y': 10.5991   Cb: 13.2007   Cr: 14.3711 )
00000092: 12.4495   (Y': 10.6373   Cb: 13.2001   Cr: 14.3814 )
00000090: 12.4193   (Y': 10.5936   Cb: 13.1878   Cr: 14.3596 )
00000093: 12.4352   (Y': 10.6602   Cb: 13.152    Cr: 14.3241 )
00000095: 12.4284   (Y': 10.6033   Cb: 13.1993   Cr: 14.3642 )
00000094: 12.4371   (Y': 10.6338   Cb: 13.1828   Cr: 14.3546 )
00000096: 12.4283   (Y': 10.6342   Cb: 13.1803   Cr: 14.3162 )
00000097: 12.4199   (Y': 10.6446   Cb: 13.1357   Cr: 14.311  )
00000098: 12.4112   (Y': 10.644    Cb: 13.1311   Cr: 14.2782 )
00000099: 12.405    (Y': 10.6463   Cb: 13.1215   Cr: 14.2567 )
00000100: 12.4261   (Y': 10.656    Cb: 13.1458   Cr: 14.3002 )
00000101: 12.4012   (Y': 10.6425   Cb: 13.1002   Cr: 14.2761 )
00000102: 12.4011   (Y': 10.6476   Cb: 13.0923   Cr: 14.274  )
00000103: 12.3995   (Y': 10.6424   Cb: 13.0899   Cr: 14.2818 )
00000104: 12.3931   (Y': 10.6098   Cb: 13.1377   Cr: 14.2653 )
00000106: 12.307    (Y': 10.5618   Cb: 13.0324   Cr: 14.1165 )
00000105: 12.3588   (Y': 10.596    Cb: 13.0901   Cr: 14.2012 )
00000108: 12.2111   (Y': 10.5249   Cb: 12.8527   Cr: 13.9965 )
00000107: 12.2731   (Y': 10.5484   Cb: 12.9593   Cr: 14.0868 )
00000109: 12.1975   (Y': 10.5424   Cb: 12.798    Cr: 13.9677 )
00000113: 12.1148   (Y': 10.5299   Cb: 12.6164   Cr: 13.8628 )
00000110: 12.1363   (Y': 10.5271   Cb: 12.6783   Cr: 13.8831 )
00000112: 12.1129   (Y': 10.5221   Cb: 12.6136   Cr: 13.8747 )
00000115: 12.1141   (Y': 10.5353   Cb: 12.6228   Cr: 13.8395 )
00000111: 12.1323   (Y': 10.5239   Cb: 12.6633   Cr: 13.892  )
00000116: 12.1099   (Y': 10.5381   Cb: 12.6075   Cr: 13.8352 )
00000114: 12.1034   (Y': 10.5291   Cb: 12.6013   Cr: 13.8336 )
00000117: 12.1197   (Y': 10.5371   Cb: 12.6321   Cr: 13.8486 )
00000118: 12.1105   (Y': 10.5286   Cb: 12.6214   Cr: 13.8395 )
00000120: 12.1123   (Y': 10.5043   Cb: 12.6518   Cr: 13.8598 )
00000122: 12.1244   (Y': 10.5438   Cb: 12.6297   Cr: 13.8582 )
00000119: 12.1103   (Y': 10.5272   Cb: 12.6291   Cr: 13.8316 )
00000121: 12.1024   (Y': 10.502    Cb: 12.6338   Cr: 13.8441 )
00000124: 12.1096   (Y': 10.5237   Cb: 12.6296   Cr: 13.8351 )
00000123: 12.0989   (Y': 10.4841   Cb: 12.6488   Cr: 13.8472 )
00000126: 12.0891   (Y': 10.5011   Cb: 12.5915   Cr: 13.8428 )
00000125: 12.0786   (Y': 10.4678   Cb: 12.6228   Cr: 13.8261 )
00000128: 12.0538   (Y': 10.5149   Cb: 12.5061   Cr: 13.7694 )
00000127: 12.0708   (Y': 10.4987   Cb: 12.5593   Cr: 13.8086 )
00000133: 12.0528   (Y': 10.5717   Cb: 12.4344   Cr: 13.7423 )
00000130: 12.0795   (Y': 10.5569   Cb: 12.4841   Cr: 13.825  )
00000131: 12.0731   (Y': 10.5539   Cb: 12.4678   Cr: 13.8248 )
00000129: 12.0724   (Y': 10.5388   Cb: 12.5073   Cr: 13.8    )
00000134: 12.0271   (Y': 10.5922   Cb: 12.3628   Cr: 13.6838 )
00000132: 12.062    (Y': 10.5757   Cb: 12.436    Cr: 13.7728 )
00000136: 12.0132   (Y': 10.6027   Cb: 12.3346   Cr: 13.6397 )
00000135: 12.0176   (Y': 10.5962   Cb: 12.3435   Cr: 13.6601 )
00000137: 12.0027   (Y': 10.627    Cb: 12.287    Cr: 13.6098 )
00000138: 11.9956   (Y': 10.5998   Cb: 12.3146   Cr: 13.5958 )
00000140: 12.0083   (Y': 10.6516   Cb: 12.3136   Cr: 13.5498 )
00000139: 11.9958   (Y': 10.6024   Cb: 12.3156   Cr: 13.5902 )
00000141: 12.0181   (Y': 10.6529   Cb: 12.3342   Cr: 13.562  )
00000142: 12.0473   (Y': 10.6765   Cb: 12.3631   Cr: 13.6026 )
00000143: 12.0377   (Y': 10.6553   Cb: 12.3861   Cr: 13.5725 )
00000144: 12.026    (Y': 10.6632   Cb: 12.3508   Cr: 13.5537 )
00000145: 12.0402   (Y': 10.6453   Cb: 12.3747   Cr: 13.6183 )
00000146: 12.0358   (Y': 10.6327   Cb: 12.3821   Cr: 13.6145 )
00000147: 12.0463   (Y': 10.6316   Cb: 12.3965   Cr: 13.6426 )
00000148: 12.0292   (Y': 10.6107   Cb: 12.4095   Cr: 13.5931 )
00000149: 12.0303   (Y': 10.6256   Cb: 12.3829   Cr: 13.6036 )
00000150: 12.0252   (Y': 10.6312   Cb: 12.3807   Cr: 13.5734 )
00000151: 12.016    (Y': 10.6029   Cb: 12.3794   Cr: 13.5919 )
00000154: 11.9893   (Y': 10.5871   Cb: 12.3741   Cr: 13.5156 )
00000152: 12.0236   (Y': 10.6238   Cb: 12.3833   Cr: 13.5778 )
00000153: 11.9897   (Y': 10.5815   Cb: 12.3722   Cr: 13.5307 )
00000155: 12.0008   (Y': 10.6073   Cb: 12.379    Cr: 13.5184 )
00000156: 11.9925   (Y': 10.6407   Cb: 12.3282   Cr: 13.4846 )
00000157: 12.0168   (Y': 10.6863   Cb: 12.3138   Cr: 13.5186 )
00000159: 12.0323   (Y': 10.7597   Cb: 12.315    Cr: 13.4438 )
00000160: 12.0431   (Y': 10.7702   Cb: 12.3092   Cr: 13.4768 )
00000161: 12.0647   (Y': 10.787    Cb: 12.3374   Cr: 13.4988 )
00000158: 12.0184   (Y': 10.7059   Cb: 12.3126   Cr: 13.4898 )
00000165: 12.1023   (Y': 10.837    Cb: 12.3419   Cr: 13.5566 )
00000162: 12.0865   (Y': 10.837    Cb: 12.342    Cr: 13.4904 )
00000163: 12.0938   (Y': 10.8477   Cb: 12.351    Cr: 13.4895 )
00000164: 12.1068   (Y': 10.8452   Cb: 12.3504   Cr: 13.5487 )
00000170: 12.215    (Y': 10.9385   Cb: 12.4806   Cr: 13.6558 )
00000166: 12.1164   (Y': 10.8735   Cb: 12.3434   Cr: 13.5456 )
00000169: 12.1668   (Y': 10.8967   Cb: 12.4017   Cr: 13.6364 )
00000167: 12.141    (Y': 10.9306   Cb: 12.3335   Cr: 13.5558 )
00000171: 12.216    (Y': 10.925    Cb: 12.5004   Cr: 13.6595 )
00000168: 12.1715   (Y': 10.9292   Cb: 12.4008   Cr: 13.5968 )
00000172: 12.2527   (Y': 10.9583   Cb: 12.533    Cr: 13.7081 )
00000174: 12.2833   (Y': 10.9566   Cb: 12.5785   Cr: 13.7802 )
00000176: 12.3476   (Y': 10.9905   Cb: 12.6535   Cr: 13.8895 )
00000173: 12.2405   (Y': 10.9254   Cb: 12.5261   Cr: 13.728  )
00000175: 12.3043   (Y': 10.9498   Cb: 12.6184   Cr: 13.8298 )
00000181: 12.4158   (Y': 11.0169   Cb: 12.7771   Cr: 13.9661 )
00000179: 12.3925   (Y': 10.9946   Cb: 12.7801   Cr: 13.9063 )
00000184: 12.3992   (Y': 10.9517   Cb: 12.7875   Cr: 14.0107 )
00000178: 12.3923   (Y': 10.9745   Cb: 12.7767   Cr: 13.9495 )
00000183: 12.4083   (Y': 11.0103   Cb: 12.7566   Cr: 13.974  )
00000182: 12.4022   (Y': 10.9986   Cb: 12.7531   Cr: 13.9754 )
00000177: 12.3401   (Y': 10.9516   Cb: 12.6939   Cr: 13.8798 )
00000186: 12.4292   (Y': 10.969    Cb: 12.8164   Cr: 14.0684 )
00000180: 12.4113   (Y': 11.0111   Cb: 12.7846   Cr: 13.9486 )
00000185: 12.4046   (Y': 10.9555   Cb: 12.8026   Cr: 14.0067 )
00000188: 12.4534   (Y': 10.9953   Cb: 12.8265   Cr: 14.1071 )
00000187: 12.4564   (Y': 11.0018   Cb: 12.8164   Cr: 14.1203 )
00000189: 12.4489   (Y': 10.9781   Cb: 12.8177   Cr: 14.1344 )
00000190: 12.4328   (Y': 10.9521   Cb: 12.8061   Cr: 14.1326 )
00000191: 12.434    (Y': 10.9613   Cb: 12.8025   Cr: 14.124  )
00000192: 12.4094   (Y': 10.9182   Cb: 12.7954   Cr: 14.1139 )
00000193: 12.4113   (Y': 10.9129   Cb: 12.8066   Cr: 14.1184 )
00000194: 12.4105   (Y': 10.9167   Cb: 12.7868   Cr: 14.1336 )
00000195: 12.4038   (Y': 10.8988   Cb: 12.7928   Cr: 14.1334 )
00000196: 12.3772   (Y': 10.8698   Cb: 12.7511   Cr: 14.1323 )
00000197: 12.3765   (Y': 10.8687   Cb: 12.7727   Cr: 14.1019 )
00000198: 12.3468   (Y': 10.8609   Cb: 12.7335   Cr: 14.0397 )
00000199: 12.3589   (Y': 10.8305   Cb: 12.8049   Cr: 14.0605 )
00000200: 12.35     (Y': 10.8229   Cb: 12.7929   Cr: 14.0533 )
00000201: 12.3639   (Y': 10.8606   Cb: 12.7867   Cr: 14.0442 )
00000202: 12.3537   (Y': 10.8464   Cb: 12.747    Cr: 14.0823 )
00000203: 12.3496   (Y': 10.8403   Cb: 12.751    Cr: 14.0715 )
00000204: 12.3241   (Y': 10.8303   Cb: 12.6906   Cr: 14.0606 )
00000205: 12.3254   (Y': 10.8415   Cb: 12.6997   Cr: 14.0309 )
00000207: 12.3174   (Y': 10.8091   Cb: 12.7      Cr: 14.0624 )
00000209: 12.3322   (Y': 10.8129   Cb: 12.7493   Cr: 14.0536 )
00000206: 12.3237   (Y': 10.833    Cb: 12.6972   Cr: 14.0441 )
00000208: 12.2927   (Y': 10.7731   Cb: 12.6943   Cr: 14.036  )
00000210: 12.3352   (Y': 10.8405   Cb: 12.7116   Cr: 14.0603 )
00000215: 12.275    (Y': 10.7561   Cb: 12.6835   Cr: 14.0074 )
00000212: 12.3334   (Y': 10.8306   Cb: 12.7175   Cr: 14.0649 )
00000211: 12.3194   (Y': 10.8177   Cb: 12.7171   Cr: 14.0304 )
00000213: 12.3111   (Y': 10.8113   Cb: 12.707    Cr: 14.0202 )
00000214: 12.2887   (Y': 10.7853   Cb: 12.6881   Cr: 14.0008 )
00000216: 12.2707   (Y': 10.7639   Cb: 12.6729   Cr: 13.9859 )
00000220: 12.1519   (Y': 10.646    Cb: 12.5851   Cr: 13.8238 )
00000217: 12.2468   (Y': 10.7355   Cb: 12.6509   Cr: 13.9691 )
00000218: 12.1877   (Y': 10.6906   Cb: 12.5774   Cr: 13.8995 )
00000219: 12.1458   (Y': 10.6665   Cb: 12.5315   Cr: 13.8259 )
00000222: 12.1357   (Y': 10.6142   Cb: 12.5877   Cr: 13.8154 )
00000221: 12.1637   (Y': 10.6593   Cb: 12.5861   Cr: 13.8466 )
00000223: 12.1402   (Y': 10.6034   Cb: 12.612    Cr: 13.8253 )
00000224: 12.1718   (Y': 10.5539   Cb: 12.7246   Cr: 13.9231 )
00000228: 12.2827   (Y': 10.563    Cb: 12.9493   Cr: 14.1106 )
00000229: 12.3154   (Y': 10.5771   Cb: 13.0047   Cr: 14.1561 )
00000225: 12.1991   (Y': 10.5665   Cb: 12.7583   Cr: 13.9743 )
00000226: 12.2264   (Y': 10.5527   Cb: 12.8416   Cr: 14.0187 )
00000227: 12.2474   (Y': 10.533    Cb: 12.8937   Cr: 14.0899 )
00000231: 12.4067   (Y': 10.662    Cb: 13.0909   Cr: 14.2688 )
00000230: 12.3695   (Y': 10.6179   Cb: 13.0595   Cr: 14.2395 )
00000233: 12.4961   (Y': 10.7524   Cb: 13.1792   Cr: 14.3568 )
00000232: 12.4849   (Y': 10.752    Cb: 13.159    Cr: 14.3328 )
00000234: 12.5506   (Y': 10.7419   Cb: 13.2638   Cr: 14.5241 )
00000235: 12.5948   (Y': 10.795    Cb: 13.2938   Cr: 14.5659 )
00000236: 12.6189   (Y': 10.7921   Cb: 13.3206   Cr: 14.6514 )
00000237: 12.6325   (Y': 10.7925   Cb: 13.3485   Cr: 14.6776 )
00000238: 12.5754   (Y': 10.7618   Cb: 13.2252   Cr: 14.6469 )
00000239: 12.5816   (Y': 10.7897   Cb: 13.2295   Cr: 14.6029 )
00000240: 12.6041   (Y': 10.8285   Cb: 13.218    Cr: 14.6334 )
00000241: 12.5707   (Y': 10.7832   Cb: 13.1943   Cr: 14.6148 )
00000242: 12.5801   (Y': 10.7684   Cb: 13.196    Cr: 14.6941 )
00000243: 12.6112   (Y': 10.8009   Cb: 13.245    Cr: 14.6972 )
00000244: 12.6381   (Y': 10.8023   Cb: 13.2416   Cr: 14.8303 )
00000245: 12.674    (Y': 10.8396   Cb: 13.2586   Cr: 14.8899 )
00000246: 12.7517   (Y': 10.9053   Cb: 13.327    Cr: 15.0122 )
00000247: 12.8133   (Y': 10.9657   Cb: 13.3576   Cr: 15.1231 )
00000248: 12.9555   (Y': 11.0906   Cb: 13.483    Cr: 15.336  )
00000250: 13.0189   (Y': 11.1549   Cb: 13.5493   Cr: 15.3925 )
00000249: 12.9704   (Y': 11.1233   Cb: 13.4898   Cr: 15.3164 )
00000251: 13.0756   (Y': 11.209    Cb: 13.575    Cr: 15.5043 )
00000252: 13.1221   (Y': 11.3043   Cb: 13.5639   Cr: 15.5105 )
00000253: 13.0902   (Y': 11.3073   Cb: 13.478    Cr: 15.4726 )
00000255: 13.1512   (Y': 11.3962   Cb: 13.4974   Cr: 15.5267 )
00000256: 13.2276   (Y': 11.3642   Cb: 13.6597   Cr: 15.7544 )
00000254: 13.1441   (Y': 11.384    Cb: 13.4855   Cr: 15.5407 )
00000257: 13.2936   (Y': 11.3967   Cb: 13.7474   Cr: 15.8783 )
00000258: 13.4776   (Y': 11.4002   Cb: 14.0952   Cr: 16.3245 )
00000260: 13.4621   (Y': 11.2595   Cb: 14.1887   Cr: 16.5295 )
00000262: 13.5564   (Y': 11.3039   Cb: 14.3205   Cr: 16.7302 )
00000263: 13.5805   (Y': 11.3741   Cb: 14.2864   Cr: 16.6964 )
00000259: 13.4732   (Y': 11.3787   Cb: 14.1347   Cr: 16.3003 )
00000264: 13.6377   (Y': 11.4298   Cb: 14.3227   Cr: 16.7955 )
00000261: 13.4508   (Y': 11.2333   Cb: 14.2298   Cr: 16.4794 )
00000265: 13.6459   (Y': 11.4838   Cb: 14.2425   Cr: 16.8046 )
00000268: 13.9019   (Y': 11.8344   Cb: 14.3691   Cr: 16.9799 )
00000269: 13.9851   (Y': 11.9106   Cb: 14.4788   Cr: 17.0381 )
00000270: 14.1585   (Y': 12.1091   Cb: 14.6683   Cr: 17.1018 )
00000271: 14.1773   (Y': 12.1335   Cb: 14.7212   Cr: 17.0444 )
00000267: 13.7857   (Y': 11.6809   Cb: 14.2902   Cr: 16.9185 )
00000266: 13.7494   (Y': 11.6336   Cb: 14.3075   Cr: 16.8219 )
00000272: 14.1603   (Y': 12.0411   Cb: 14.8477   Cr: 17.0219 )
00000274: 14.0482   (Y': 11.9023   Cb: 14.8009   Cr: 16.8872 )
00000273: 14.0739   (Y': 11.9283   Cb: 14.8144   Cr: 16.9319 )
00000276: 14.3144   (Y': 12.0845   Cb: 15.1723   Cr: 17.2541 )
00000283: 14.3823   (Y': 12.0867   Cb: 15.0881   Cr: 17.8164 )
00000279: 14.281    (Y': 11.9948   Cb: 15.1314   Cr: 17.4239 )
00000278: 14.3213   (Y': 12.0754   Cb: 15.1308   Cr: 17.3941 )
00000275: 14.2438   (Y': 12.0589   Cb: 15.0391   Cr: 17.1384 )
00000277: 14.3215   (Y': 12.1011   Cb: 15.1221   Cr: 17.3235 )
00000282: 14.2966   (Y': 12.025    Cb: 14.9645   Cr: 17.7129 )
00000280: 14.2911   (Y': 11.9834   Cb: 15.0627   Cr: 17.6491 )
00000281: 14.2858   (Y': 11.9843   Cb: 15.0517   Cr: 17.6316 )
00000285: 14.4802   (Y': 12.1796   Cb: 15.1658   Cr: 17.9719 )
00000286: 14.3897   (Y': 12.0599   Cb: 15.1323   Cr: 17.8842 )
00000284: 14.4545   (Y': 12.1579   Cb: 15.1456   Cr: 17.9209 )
00000287: 14.3483   (Y': 12.0154   Cb: 15.1163   Cr: 17.8071 )
00000288: 14.2445   (Y': 11.9158   Cb: 15.0353   Cr: 17.6455 )
00000289: 14.1453   (Y': 11.8001   Cb: 14.9959   Cr: 17.5002 )
00000290: 14.1272   (Y': 11.8424   Cb: 14.9377   Cr: 17.3335 )
00000291: 14.0664   (Y': 11.7808   Cb: 14.8512   Cr: 17.3208 )
00000292: 14.0097   (Y': 11.7064   Cb: 14.7464   Cr: 17.4153 )
00000293: 14.0086   (Y': 11.7063   Cb: 14.789    Cr: 17.3313 )
00000294: 14.0031   (Y': 11.6252   Cb: 14.8652   Cr: 17.4604 )
00000296: 13.958    (Y': 11.4876   Cb: 14.9622   Cr: 17.5208 )
00000295: 13.9966   (Y': 11.6008   Cb: 14.8939   Cr: 17.4592 )
00000298: 13.9883   (Y': 11.5693   Cb: 14.932    Cr: 17.4575 )
00000297: 14.0158   (Y': 11.5378   Cb: 15.0074   Cr: 17.6321 )
00000299: 14.0307   (Y': 11.6546   Cb: 14.9259   Cr: 17.4217 )
00000300: 14.0961   (Y': 11.742    Cb: 14.9212   Cr: 17.5301 )
00000301: 14.1491   (Y': 11.7688   Cb: 14.9983   Cr: 17.6395 )
00000302: 14.293    (Y': 11.9055   Cb: 15.1439   Cr: 17.8086 )
00000307: 14.277    (Y': 11.9358   Cb: 15.0924   Cr: 17.6798 )
00000304: 14.3099   (Y': 11.9798   Cb: 15.0993   Cr: 17.7191 )
00000303: 14.2886   (Y': 11.9523   Cb: 15.0757   Cr: 17.7251 )
00000306: 14.253    (Y': 11.8935   Cb: 15.098    Cr: 17.6712 )
00000305: 14.3022   (Y': 11.9682   Cb: 15.0629   Cr: 17.7787 )
00000313: 14.283    (Y': 11.8203   Cb: 15.3269   Cr: 17.7453 )
00000308: 14.2994   (Y': 11.9061   Cb: 15.2232   Cr: 17.7052 )
00000311: 14.34     (Y': 11.859    Cb: 15.4233   Cr: 17.8059 )
00000310: 14.3498   (Y': 11.8778   Cb: 15.3962   Cr: 17.8441 )
00000312: 14.2887   (Y': 11.8039   Cb: 15.3367   Cr: 17.831  )
00000309: 14.3082   (Y': 11.9062   Cb: 15.2209   Cr: 17.7668 )
00000316: 14.2932   (Y': 11.9105   Cb: 15.172    Cr: 17.7391 )
00000314: 14.3521   (Y': 11.9598   Cb: 15.2733   Cr: 17.7589 )
00000323: 14.3268   (Y': 11.8172   Cb: 15.3912   Cr: 17.9406 )
00000315: 14.4049   (Y': 12.0251   Cb: 15.3241   Cr: 17.7675 )
00000319: 14.241    (Y': 11.8362   Cb: 15.1292   Cr: 17.7547 )
00000321: 14.2767   (Y': 11.7701   Cb: 15.319    Cr: 17.9178 )
00000318: 14.2134   (Y': 11.8156   Cb: 15.0938   Cr: 17.7143 )
00000317: 14.2922   (Y': 11.9042   Cb: 15.1665   Cr: 17.7667 )
00000320: 14.263    (Y': 11.7924   Cb: 15.2213   Cr: 17.9105 )
00000322: 14.3054   (Y': 11.8135   Cb: 15.3103   Cr: 17.955  )
00000326: 14.4216   (Y': 11.9667   Cb: 15.3856   Cr: 17.9952 )
00000327: 14.3678   (Y': 11.9353   Cb: 15.2935   Cr: 17.9226 )
00000324: 14.4126   (Y': 11.9101   Cb: 15.4492   Cr: 18.0477 )
00000333: 14.4738   (Y': 12.1183   Cb: 15.3983   Cr: 17.7375 )
00000330: 14.3595   (Y': 11.9849   Cb: 15.2407   Cr: 17.7701 )
00000329: 14.2725   (Y': 11.839    Cb: 15.2245   Cr: 17.7833 )
00000328: 14.3376   (Y': 11.9075   Cb: 15.2943   Cr: 17.8262 )
00000334: 14.5622   (Y': 12.2312   Cb: 15.4464   Cr: 17.8064 )
00000332: 14.4473   (Y': 12.0613   Cb: 15.3866   Cr: 17.7978 )
00000325: 14.4275   (Y': 11.9191   Cb: 15.5054   Cr: 18.0119 )
00000331: 14.389    (Y': 12.0059   Cb: 15.3001   Cr: 17.7787 )
00000335: 14.5646   (Y': 12.2163   Cb: 15.5008   Cr: 17.7822 )
00000336: 14.5846   (Y': 12.3152   Cb: 15.4185   Cr: 17.6966 )
00000337: 14.5799   (Y': 12.2828   Cb: 15.4138   Cr: 17.7895 )
00000338: 14.5436   (Y': 12.3565   Cb: 15.257    Cr: 17.5817 )
00000340: 14.5141   (Y': 12.3589   Cb: 15.1422   Cr: 17.5936 )
00000339: 14.5543   (Y': 12.3785   Cb: 15.2176   Cr: 17.6409 )
00000341: 14.4786   (Y': 12.3477   Cb: 15.0864   Cr: 17.5131 )
00000342: 14.5098   (Y': 12.3959   Cb: 15.1566   Cr: 17.4228 )
00000344: 14.5358   (Y': 12.4743   Cb: 15.1013   Cr: 17.4212 )
00000346: 14.5396   (Y': 12.5043   Cb: 15.0867   Cr: 17.375  )
00000343: 14.5427   (Y': 12.4363   Cb: 15.0949   Cr: 17.5946 )
00000345: 14.5292   (Y': 12.4557   Cb: 15.0913   Cr: 17.4581 )
00000348: 14.6049   (Y': 12.5649   Cb: 15.2566   Cr: 17.2829 )
00000347: 14.6095   (Y': 12.556    Cb: 15.1729   Cr: 17.4738 )
00000349: 14.5578   (Y': 12.5176   Cb: 15.1616   Cr: 17.314  )
00000351: 14.647    (Y': 12.5942   Cb: 15.1965   Cr: 17.5329 )
00000350: 14.6484   (Y': 12.5958   Cb: 15.2551   Cr: 17.4373 )
00000353: 14.8329   (Y': 12.6385   Cb: 15.608    Cr: 17.7915 )
00000352: 14.7718   (Y': 12.6225   Cb: 15.4927   Cr: 17.6738 )
00000356: 14.6972   (Y': 12.4844   Cb: 15.5322   Cr: 17.6177 )
00000354: 14.7482   (Y': 12.5504   Cb: 15.4977   Cr: 17.7603 )
00000357: 14.6611   (Y': 12.4374   Cb: 15.5087   Cr: 17.5968 )
00000358: 14.5074   (Y': 12.2704   Cb: 15.336    Cr: 17.5187 )
00000360: 14.3747   (Y': 12.1509   Cb: 15.0987   Cr: 17.5186 )
00000359: 14.5363   (Y': 12.3138   Cb: 15.3541   Cr: 17.5167 )
00000361: 14.367    (Y': 12.1857   Cb: 15.0691   Cr: 17.4048 )
00000355: 14.7192   (Y': 12.5111   Cb: 15.5329   Cr: 17.6589 )
00000362: 14.2945   (Y': 12.1089   Cb: 14.945    Cr: 17.4368 )
00000364: 14.2085   (Y': 11.9999   Cb: 14.822    Cr: 17.4979 )
00000365: 14.122    (Y': 11.9748   Cb: 14.7194   Cr: 17.2292 )
00000363: 14.2683   (Y': 12.0393   Cb: 14.9705   Cr: 17.4689 )
00000367: 14.1994   (Y': 12.1828   Cb: 14.5969   Cr: 17.2402 )
00000366: 14.11     (Y': 12.0484   Cb: 14.5266   Cr: 17.2623 )
00000368: 14.2911   (Y': 12.3038   Cb: 14.7287   Cr: 17.1681 )
00000371: 14.2468   (Y': 12.2093   Cb: 14.7357   Cr: 17.1895 )
00000369: 14.3256   (Y': 12.3714   Cb: 14.7293   Cr: 17.1615 )
00000370: 14.278    (Y': 12.2909   Cb: 14.6998   Cr: 17.1824 )
00000372: 14.2146   (Y': 12.2746   Cb: 14.5843   Cr: 17.0673 )
00000377: 14.3669   (Y': 12.116    Cb: 15.2974   Cr: 17.2596 )
00000378: 14.4413   (Y': 12.1116   Cb: 15.5319   Cr: 17.3471 )
00000374: 14.3063   (Y': 12.3343   Cb: 14.8407   Cr: 16.9739 )
00000373: 14.1885   (Y': 12.2873   Cb: 14.5678   Cr: 16.9098 )
00000379: 14.5337   (Y': 12.2003   Cb: 15.5681   Cr: 17.5388 )
00000375: 14.3336   (Y': 12.2848   Cb: 14.9043   Cr: 17.1708 )
00000380: 14.5982   (Y': 12.0939   Cb: 15.8931   Cr: 17.8058 )
00000376: 14.2998   (Y': 12.0519   Cb: 15.1668   Cr: 17.2841 )
00000381: 14.6724   (Y': 12.154    Cb: 15.9908   Cr: 17.8963 )
00000382: 14.8056   (Y': 12.2827   Cb: 16.1705   Cr: 17.9753 )
00000383: 14.9969   (Y': 12.4376   Cb: 16.4155   Cr: 18.221  )
00000384: 15.1558   (Y': 12.6034   Cb: 16.6319   Cr: 18.2689 )
00000385: 15.1978   (Y': 12.6214   Cb: 16.7317   Cr: 18.3163 )
00000386: 15.2575   (Y': 12.6342   Cb: 16.9206   Cr: 18.367  )
00000388: 15.567    (Y': 13.0148   Cb: 17.1267   Cr: 18.5605 )
00000387: 15.3442   (Y': 12.7648   Cb: 16.9706   Cr: 18.343  )
00000389: 15.605    (Y': 13.0044   Cb: 17.277    Cr: 18.6189 )
00000390: 15.4868   (Y': 12.8587   Cb: 17.1283   Cr: 18.6455 )
00000391: 15.4962   (Y': 12.8353   Cb: 17.174    Cr: 18.7289 )
00000394: 16.0253   (Y': 13.7036   Cb: 17.3445   Cr: 18.5806 )
00000393: 15.7234   (Y': 13.152    Cb: 17.3526   Cr: 18.6898 )
00000392: 15.6683   (Y': 13.0453   Cb: 17.3746   Cr: 18.7176 )
00000395: 16.1842   (Y': 13.996    Cb: 17.2555   Cr: 18.675  )
00000396: 16.2435   (Y': 14.0446   Cb: 17.4115   Cr: 18.6343 )
00000397: 16.2704   (Y': 14.107    Cb: 17.3375   Cr: 18.6948 )
00000399: 15.9615   (Y': 13.9036   Cb: 16.908    Cr: 18.2555 )
00000398: 16.1325   (Y': 14.1094   Cb: 17.0891   Cr: 18.3194 )
00000401: 15.8772   (Y': 13.7557   Cb: 16.7776   Cr: 18.4155 )
00000400: 15.892    (Y': 13.7663   Cb: 16.8586   Cr: 18.3479 )
00000402: 15.8002   (Y': 13.6921   Cb: 16.6013   Cr: 18.4472 )
00000403: 15.8017   (Y': 13.7803   Cb: 16.4157   Cr: 18.4848 )
00000406: 15.5804   (Y': 13.7664   Cb: 16.1256   Cr: 17.8021 )
00000407: 15.6082   (Y': 13.7745   Cb: 16.205    Cr: 17.8046 )
00000405: 15.6095   (Y': 13.6761   Cb: 16.2505   Cr: 18.0021 )
00000409: 15.4845   (Y': 13.7728   Cb: 15.9326   Cr: 17.5963 )
00000408: 15.5118   (Y': 13.8083   Cb: 15.9655   Cr: 17.596  )
00000404: 15.71     (Y': 13.7919   Cb: 16.3296   Cr: 18.0933 )
00000410: 15.1558   (Y': 13.5098   Cb: 15.4909   Cr: 17.2784 )
00000411: 14.9611   (Y': 13.3043   Cb: 15.3031   Cr: 17.099  )
00000412: 14.6502   (Y': 12.9394   Cb: 14.9791   Cr: 16.9403 )
00000413: 14.6821   (Y': 13.0741   Cb: 14.9577   Cr: 16.8048 )
00000415: 14.6216   (Y': 13.0932   Cb: 14.8694   Cr: 16.6029 )
00000419: 14.7462   (Y': 13.0998   Cb: 15.0875   Cr: 16.8601 )
00000416: 14.6691   (Y': 13.0859   Cb: 14.9592   Cr: 16.7122 )
00000417: 14.6751   (Y': 13.0219   Cb: 15.0021   Cr: 16.8267 )
00000414: 14.6158   (Y': 13.0955   Cb: 14.8439   Cr: 16.6084 )
00000418: 14.7547   (Y': 13.0803   Cb: 15.1076   Cr: 16.9184 )
00000420: 14.8271   (Y': 13.1113   Cb: 15.2358   Cr: 17.0074 )
00000423: 14.7712   (Y': 13.1766   Cb: 15.1274   Cr: 16.7426 )
00000424: 14.7495   (Y': 13.1536   Cb: 15.0884   Cr: 16.7493 )
00000422: 14.7704   (Y': 13.1174   Cb: 15.1479   Cr: 16.846  )
00000421: 14.7734   (Y': 13.041    Cb: 15.2395   Cr: 16.9087 )
00000425: 14.795    (Y': 13.2665   Cb: 15.0776   Cr: 16.7256 )
00000427: 14.8267   (Y': 13.2218   Cb: 15.1549   Cr: 16.8627 )
00000428: 14.9136   (Y': 13.3359   Cb: 15.2301   Cr: 16.9044 )
00000426: 14.7972   (Y': 13.2353   Cb: 15.076    Cr: 16.8085 )
00000429: 14.9028   (Y': 13.309    Cb: 15.2505   Cr: 16.8851 )
00000430: 14.8954   (Y': 13.2635   Cb: 15.3027   Cr: 16.8782 )
00000431: 14.874    (Y': 13.2566   Cb: 15.2706   Cr: 16.839  )
00000432: 14.8308   (Y': 13.0944   Cb: 15.3997   Cr: 16.8289 )
00000433: 14.8467   (Y': 13.0524   Cb: 15.4672   Cr: 16.9117 )
00000434: 14.9252   (Y': 13.1638   Cb: 15.5205   Cr: 16.946  )
00000435: 14.951    (Y': 13.178    Cb: 15.5299   Cr: 17.0228 )
00000436: 14.9106   (Y': 13.1283   Cb: 15.4985   Cr: 16.9924 )
00000437: 14.9249   (Y': 13.1516   Cb: 15.5052   Cr: 16.9957 )
00000438: 14.9176   (Y': 13.2257   Cb: 15.4254   Cr: 16.8969 )
00000439: 14.9197   (Y': 13.25     Cb: 15.4051   Cr: 16.8789 )
00000441: 14.9289   (Y': 13.2547   Cb: 15.3995   Cr: 16.9193 )
00000440: 14.9221   (Y': 13.2481   Cb: 15.369    Cr: 16.9461 )
00000442: 14.8416   (Y': 13.1339   Cb: 15.3291   Cr: 16.8864 )
00000443: 14.8188   (Y': 13.0629   Cb: 15.3376   Cr: 16.9346 )
00000444: 14.8274   (Y': 13.023    Cb: 15.4049   Cr: 16.9781 )
00000445: 14.785    (Y': 12.9561   Cb: 15.3856   Cr: 16.964  )
00000447: 14.8452   (Y': 12.9225   Cb: 15.5362   Cr: 17.1356 )
00000446: 14.7688   (Y': 12.8547   Cb: 15.4236   Cr: 17.089  )
00000448: 14.9775   (Y': 13.029    Cb: 15.7347   Cr: 17.2412 )
00000449: 15.0476   (Y': 13.0603   Cb: 15.8471   Cr: 17.3547 )
00000453: 15.014    (Y': 12.7271   Cb: 16.2225   Cr: 17.6121 )
00000450: 15.143    (Y': 13.0931   Cb: 16.0402   Cr: 17.4835 )
00000452: 15.0223   (Y': 12.7512   Cb: 16.2038   Cr: 17.6092 )
00000451: 15.1119   (Y': 12.9773   Cb: 16.1388   Cr: 17.5093 )
00000455: 14.9669   (Y': 12.7182   Cb: 16.1045   Cr: 17.5464 )
00000454: 14.9939   (Y': 12.7352   Cb: 16.1437   Cr: 17.587  )
00000456: 14.9478   (Y': 12.7214   Cb: 16.0713   Cr: 17.4796 )
00000457: 14.9587   (Y': 12.7456   Cb: 16.0484   Cr: 17.4981 )
00000458: 14.962    (Y': 12.7338   Cb: 16.0136   Cr: 17.6005 )
00000461: 15.1478   (Y': 12.978    Cb: 16.1477   Cr: 17.6849 )
00000460: 15.1368   (Y': 12.9188   Cb: 16.1711   Cr: 17.7693 )
00000459: 14.9915   (Y': 12.7888   Cb: 16.0077   Cr: 17.604  )
00000464: 15.4566   (Y': 13.4051   Cb: 16.2874   Cr: 17.8957 )
00000466: 15.7443   (Y': 13.7926   Cb: 16.4803   Cr: 18.0465 )
00000463: 15.2936   (Y': 13.1791   Cb: 16.2463   Cr: 17.737  )
00000462: 15.2334   (Y': 13.127    Cb: 16.1857   Cr: 17.6539 )
00000467: 15.7256   (Y': 13.6863   Cb: 16.5576   Cr: 18.1286 )
00000465: 15.4871   (Y': 13.501    Cb: 16.2614   Cr: 17.8268 )
00000468: 15.7127   (Y': 13.5596   Cb: 16.7037   Cr: 18.2136 )
00000470: 15.5643   (Y': 13.2103   Cb: 16.7491   Cr: 18.4106 )
00000472: 15.5874   (Y': 13.1902   Cb: 16.8383   Cr: 18.481  )
00000473: 15.6071   (Y': 13.2034   Cb: 16.8737   Cr: 18.5004 )
00000469: 15.6657   (Y': 13.3629   Cb: 16.8239   Cr: 18.3843 )
00000471: 15.4753   (Y': 13.1137   Cb: 16.6802   Cr: 18.317  )
00000474: 15.6224   (Y': 13.1657   Cb: 16.9295   Cr: 18.6393 )
00000475: 15.5963   (Y': 13.1115   Cb: 16.9552   Cr: 18.6361 )
00000476: 15.6094   (Y': 13.1203   Cb: 16.9953   Cr: 18.6251 )
00000478: 15.6456   (Y': 13.1853   Cb: 16.9942   Cr: 18.6136 )
00000477: 15.6624   (Y': 13.1876   Cb: 17.0556   Cr: 18.6171 )
00000479: 15.5604   (Y': 13.034    Cb: 17.0542   Cr: 18.5542 )
00000480: 15.5414   (Y': 12.9983   Cb: 17.0093   Cr: 18.6322 )
00000481: 15.5725   (Y': 13.0278   Cb: 17.0423   Cr: 18.6665 )
00000482: 15.527    (Y': 12.9972   Cb: 16.9663   Cr: 18.6112 )
00000483: 15.4967   (Y': 12.966    Cb: 16.9291   Cr: 18.5942 )
00000485: 15.5923   (Y': 13.05     Cb: 17.1415   Cr: 18.5649 )
00000484: 15.5677   (Y': 13.0056   Cb: 17.1302   Cr: 18.5931 )
00000486: 15.801    (Y': 13.1931   Cb: 17.4524   Cr: 18.8699 )
00000487: 15.8425   (Y': 13.2306   Cb: 17.5186   Cr: 18.8921 )
00000488: 15.9141   (Y': 13.3998   Cb: 17.3915   Cr: 18.8879 )
00000489: 15.9092   (Y': 13.4489   Cb: 17.3113   Cr: 18.8014 )
00000490: 15.8355   (Y': 13.4261   Cb: 17.1349   Cr: 18.7006 )
00000491: 15.7796   (Y': 13.3634   Cb: 17.0865   Cr: 18.6566 )
00000492: 15.7933   (Y': 13.4001   Cb: 16.9783   Cr: 18.7715 )
00000493: 15.7423   (Y': 13.4349   Cb: 16.7695   Cr: 18.671  )
00000496: 15.7875   (Y': 13.5364   Cb: 16.6799   Cr: 18.7414 )
00000495: 15.7472   (Y': 13.5053   Cb: 16.679    Cr: 18.6087 )
00000494: 15.7695   (Y': 13.5064   Cb: 16.7401   Cr: 18.6394 )
00000497: 15.8381   (Y': 13.5974   Cb: 16.7013   Cr: 18.8045 )
00000503: 15.7763   (Y': 13.5569   Cb: 16.5961   Cr: 18.7431 )
00000501: 15.8469   (Y': 13.6942   Cb: 16.5909   Cr: 18.7221 )
00000499: 15.8032   (Y': 13.6438   Cb: 16.5634   Cr: 18.6732 )
00000500: 15.8452   (Y': 13.7058   Cb: 16.599    Cr: 18.6626 )
00000502: 15.8108   (Y': 13.6571   Cb: 16.5217   Cr: 18.7431 )
00000498: 15.7742   (Y': 13.6182   Cb: 16.5352   Cr: 18.6318 )
00000504: 16.3491   (Y': 14.1937   Cb: 17.3152   Cr: 18.8919 )
00000505: 16.4376   (Y': 14.293    Cb: 17.4087   Cr: 18.9417 )
00000506: 16.4374   (Y': 14.3035   Cb: 17.4733   Cr: 18.8202 )
00000509: 15.9544   (Y': 13.9392   Cb: 16.742    Cr: 18.3547 )
00000507: 16.2414   (Y': 14.1712   Cb: 17.1728   Cr: 18.5899 )
00000511: 15.7034   (Y': 13.6678   Cb: 16.4882   Cr: 18.1647 )
00000508: 15.9787   (Y': 13.8903   Cb: 16.8613   Cr: 18.4476 )
00000513: 15.322    (Y': 13.2934   Cb: 15.9438   Cr: 18.0138 )
00000510: 15.7358   (Y': 13.7169   Cb: 16.5198   Cr: 18.1514 )
00000515: 15.1705   (Y': 13.1006   Cb: 15.8311   Cr: 17.9238 )
00000512: 15.3994   (Y': 13.3968   Cb: 16.0267   Cr: 18.0062 )
00000514: 15.1562   (Y': 13.0668   Cb: 15.8119   Cr: 17.977  )
00000518: 15.3182   (Y': 13.2125   Cb: 16.0708   Cr: 18.0336 )
00000516: 15.2001   (Y': 13.0815   Cb: 15.9313   Cr: 17.9885 )
00000517: 15.2627   (Y': 13.1462   Cb: 16.0367   Cr: 17.9771 )
00000519: 15.3438   (Y': 13.2365   Cb: 16.0907   Cr: 18.0727 )
00000520: 15.3776   (Y': 13.19     Cb: 16.1796   Cr: 18.2698 )
00000521: 15.435    (Y': 13.2539   Cb: 16.2276   Cr: 18.3219 )
00000522: 15.5123   (Y': 13.3264   Cb: 16.3378   Cr: 18.3614 )
00000526: 15.4552   (Y': 13.2094   Cb: 16.5022   Cr: 18.1551 )
00000525: 15.4984   (Y': 13.2693   Cb: 16.478    Cr: 18.2459 )
00000523: 15.4804   (Y': 13.2878   Cb: 16.3228   Cr: 18.3243 )
00000524: 15.5999   (Y': 13.3923   Cb: 16.5401   Cr: 18.3395 )
00000527: 15.4324   (Y': 13.2001   Cb: 16.4814   Cr: 18.0874 )
00000528: 15.3101   (Y': 13.0221   Cb: 16.4752   Cr: 17.9721 )
00000529: 15.2098   (Y': 12.9376   Cb: 16.3964   Cr: 17.793  )
00000530: 15.0214   (Y': 12.6756   Cb: 16.3449   Cr: 17.6461 )
00000531: 14.9441   (Y': 12.6095   Cb: 16.2348   Cr: 17.5778 )
00000533: 14.6942   (Y': 12.2624   Cb: 16.1715   Cr: 17.3883 )
00000532: 14.7678   (Y': 12.3789   Cb: 16.1874   Cr: 17.4005 )
00000534: 14.4373   (Y': 11.9423   Cb: 15.9953   Cr: 17.2341 )
00000535: 14.3269   (Y': 11.8265   Cb: 15.8495   Cr: 17.1897 )
00000536: 14.2114   (Y': 11.7049   Cb: 15.7168   Cr: 17.1188 )
00000538: 14.1183   (Y': 11.5873   Cb: 15.6095   Cr: 17.132  )
00000537: 14.1973   (Y': 11.6376   Cb: 15.7369   Cr: 17.2464 )
00000539: 14.0924   (Y': 11.5498   Cb: 15.6032   Cr: 17.1201 )
00000540: 14.0381   (Y': 11.5278   Cb: 15.5067   Cr: 17.0102 )
00000541: 13.9428   (Y': 11.4488   Cb: 15.3972   Cr: 16.8775 )
00000542: 13.7765   (Y': 11.3563   Cb: 15.1385   Cr: 16.589  )
00000544: 13.6686   (Y': 11.2316   Cb: 15.0728   Cr: 16.4791 )
00000543: 13.6469   (Y': 11.1919   Cb: 15.0659   Cr: 16.497  )
00000545: 13.6367   (Y': 11.168    Cb: 15.1091   Cr: 16.4595 )
00000547: 13.7504   (Y': 11.1849   Cb: 15.4116   Cr: 16.6529 )
00000550: 13.6539   (Y': 11.2004   Cb: 15.2198   Cr: 16.3028 )
00000551: 13.6133   (Y': 11.1878   Cb: 15.1431   Cr: 16.2186 )
00000546: 13.7112   (Y': 11.1896   Cb: 15.3211   Cr: 16.5296 )
00000549: 13.6768   (Y': 11.1619   Cb: 15.3216   Cr: 16.4271 )
00000552: 13.5974   (Y': 11.1856   Cb: 15.1445   Cr: 16.1375 )
00000548: 13.7068   (Y': 11.2041   Cb: 15.3325   Cr: 16.4403 )
00000553: 13.5773   (Y': 11.2166   Cb: 15.0417   Cr: 16.0639 )
00000554: 13.5276   (Y': 11.1961   Cb: 14.982    Cr: 15.9386 )
00000555: 13.5015   (Y': 11.207    Cb: 14.8661   Cr: 15.9157 )
00000560: 13.8171   (Y': 11.7437   Cb: 14.9897   Cr: 15.8601 )
00000557: 13.5425   (Y': 11.359    Cb: 14.7884   Cr: 15.7889 )
00000556: 13.4789   (Y': 11.3016   Cb: 14.6787   Cr: 15.767  )
00000562: 13.9186   (Y': 11.8831   Cb: 15.1123   Cr: 15.8404 )
00000563: 13.86     (Y': 11.8875   Cb: 14.9961   Cr: 15.6958 )
00000558: 13.5991   (Y': 11.468    Cb: 14.8099   Cr: 15.7468 )
00000559: 13.557    (Y': 11.4448   Cb: 14.7182   Cr: 15.7161 )
00000561: 13.8718   (Y': 11.8145   Cb: 15.0399   Cr: 15.879  )
00000564: 14.0236   (Y': 12.1919   Cb: 15.0592   Cr: 15.6508 )
00000565: 13.8698   (Y': 12.1347   Cb: 14.8019   Cr: 15.4064 )
00000568: 14.4392   (Y': 12.5452   Cb: 15.6078   Cr: 16.0553 )
00000566: 14.0943   (Y': 12.3895   Cb: 15.0394   Cr: 15.5522 )
00000567: 13.9996   (Y': 12.252    Cb: 15.0152   Cr: 15.468  )
00000572: 14.6369   (Y': 12.8146   Cb: 15.6755   Cr: 16.24   )
00000569: 14.668    (Y': 12.8031   Cb: 15.8023   Cr: 16.2576 )
00000570: 14.6096   (Y': 12.7582   Cb: 15.6735   Cr: 16.2481 )
00000573: 14.7689   (Y': 12.8947   Cb: 15.9217   Cr: 16.3584 )
00000574: 15.0056   (Y': 13.1962   Cb: 16.0742   Cr: 16.5467 )
00000571: 14.655    (Y': 12.8323   Cb: 15.7074   Cr: 16.2433 )
00000575: 15.0894   (Y': 13.3034   Cb: 16.1215   Cr: 16.6206 )
00000576: 15.0224   (Y': 13.1614   Cb: 16.1099   Cr: 16.656  )
00000577: 15.0239   (Y': 13.169    Cb: 16.0698   Cr: 16.6911 )
00000578: 15.0787   (Y': 13.1383   Cb: 16.2207   Cr: 16.8315 )
00000579: 15.1022   (Y': 13.0859   Cb: 16.3177   Cr: 16.9511 )
00000580: 15.0539   (Y': 12.9181   Cb: 16.255    Cr: 17.2267 )
00000581: 15.0411   (Y': 12.8604   Cb: 16.3142   Cr: 17.2462 )
00000582: 15.0601   (Y': 12.7148   Cb: 16.4461   Cr: 17.6003 )
00000583: 15.1338   (Y': 12.6964   Cb: 16.6223   Cr: 17.831  )
00000585: 15.2194   (Y': 12.6143   Cb: 16.9809   Cr: 18.13   )
00000584: 15.2363   (Y': 12.6667   Cb: 16.9715   Cr: 18.0563 )
00000586: 15.3701   (Y': 12.6838   Cb: 17.2336   Cr: 18.4446 )
00000587: 15.4259   (Y': 12.6795   Cb: 17.4047   Cr: 18.5782 )
00000588: 15.583    (Y': 12.7311   Cb: 17.7672   Cr: 18.891  )
00000590: 15.5515   (Y': 12.5717   Cb: 17.9863   Cr: 19.0861 )
00000591: 15.5083   (Y': 12.4618   Cb: 18.0383   Cr: 19.2265 )
00000589: 15.5703   (Y': 12.6463   Cb: 17.8922   Cr: 19.0048 )
00000592: 15.5861   (Y': 12.493    Cb: 18.1727   Cr: 19.4557 )
00000594: 15.5113   (Y': 12.4191   Cb: 18.0764   Cr: 19.4053 )
00000593: 15.5836   (Y': 12.513    Cb: 18.1239   Cr: 19.4039 )
00000597: 15.4934   (Y': 12.4356   Cb: 17.8179   Cr: 19.5548 )
00000596: 15.4481   (Y': 12.3986   Cb: 17.8249   Cr: 19.3918 )
00000595: 15.5059   (Y': 12.4179   Cb: 18.0261   Cr: 19.4403 )
00000598: 15.4531   (Y': 12.4724   Cb: 17.6269   Cr: 19.3531 )
00000600: 15.5552   (Y': 12.7958   Cb: 17.2962   Cr: 19.0956 )
00000599: 15.4595   (Y': 12.5567   Cb: 17.5114   Cr: 19.1714 )
00000601: 15.6262   (Y': 12.9774   Cb: 17.2245   Cr: 18.9271 )
00000602: 15.7453   (Y': 13.2326   Cb: 17.034    Cr: 18.9941 )
00000606: 15.9619   (Y': 13.5093   Cb: 17.4834   Cr: 18.6653 )
00000605: 15.9671   (Y': 13.7647   Cb: 16.8755   Cr: 18.739  )
00000607: 16.4466   (Y': 14.1237   Cb: 17.8597   Cr: 18.8839 )
00000608: 16.3705   (Y': 14.0725   Cb: 17.65     Cr: 18.9066 )
00000603: 15.7916   (Y': 13.3649   Cb: 16.9326   Cr: 18.9564 )
00000604: 15.9887   (Y': 13.7069   Cb: 16.9857   Cr: 18.879  )
00000609: 16.1437   (Y': 13.9011   Cb: 17.2609   Cr: 18.7333 )
00000612: 15.4729   (Y': 13.3222   Cb: 16.4022   Cr: 18.0551 )
00000610: 15.7685   (Y': 13.6243   Cb: 16.7737   Cr: 18.2233 )
00000611: 15.6423   (Y': 13.4787   Cb: 16.6201   Cr: 18.1925 )
00000613: 15.4392   (Y': 13.2112   Cb: 16.4892   Cr: 18.0798 )
00000614: 15.1392   (Y': 12.9206   Cb: 16.2174   Cr: 17.7106 )
00000616: 14.6807   (Y': 12.6266   Cb: 15.5713   Cr: 17.0416 )
00000615: 14.9531   (Y': 12.7982   Cb: 15.9799   Cr: 17.4089 )
00000617: 14.619    (Y': 12.5757   Cb: 15.5305   Cr: 16.9213 )
00000619: 14.4837   (Y': 12.527    Cb: 15.3309   Cr: 16.6445 )
00000621: 14.1416   (Y': 12.2043   Cb: 15.0621   Cr: 16.1566 )
00000622: 14.0333   (Y': 12.0927   Cb: 14.973    Cr: 16.0318 )
00000620: 14.3205   (Y': 12.372    Cb: 15.2073   Cr: 16.4069 )
00000618: 14.5201   (Y': 12.5398   Cb: 15.3956   Cr: 16.7038 )
00000623: 13.9529   (Y': 12.0572   Cb: 14.8399   Cr: 15.9084 )
00000624: 13.6531   (Y': 11.7706   Cb: 14.4889   Cr: 15.6428 )
00000625: 13.5611   (Y': 11.6756   Cb: 14.3672   Cr: 15.5972 )
00000626: 13.4014   (Y': 11.5473   Cb: 14.1546   Cr: 15.4306 )
00000627: 13.3797   (Y': 11.5437   Cb: 14.0889   Cr: 15.4244 )
00000628: 13.2239   (Y': 11.4014   Cb: 13.9064   Cr: 15.2719 )
00000630: 13.0668   (Y': 11.264    Cb: 13.6604   Cr: 15.1908 )
00000629: 13.204    (Y': 11.3934   Cb: 13.8418   Cr: 15.2845 )
00000631: 13.0517   (Y': 11.2466   Cb: 13.6152   Cr: 15.2244 )
00000632: 13.0688   (Y': 11.2129   Cb: 13.704    Cr: 15.2665 )
00000633: 13.0471   (Y': 11.1943   Cb: 13.688    Cr: 15.2285 )
00000635: 13.0808   (Y': 11.2662   Cb: 13.7045   Cr: 15.1913 )
00000634: 13.0898   (Y': 11.2557   Cb: 13.7004   Cr: 15.2674 )
00000636: 13.1235   (Y': 11.3687   Cb: 13.6719   Cr: 15.1943 )
00000638: 13.0142   (Y': 11.2864   Cb: 13.56     Cr: 15.0244 )
00000637: 13.1059   (Y': 11.3272   Cb: 13.6758   Cr: 15.204  )
00000639: 12.9548   (Y': 11.231    Cb: 13.5301   Cr: 14.9143 )
00000641: 12.8336   (Y': 11.1868   Cb: 13.3812   Cr: 14.6555 )
00000640: 12.8555   (Y': 11.1572   Cb: 13.4539   Cr: 14.7252 )
00000643: 12.8536   (Y': 11.3142   Cb: 13.323    Cr: 14.5474 )
00000642: 12.8531   (Y': 11.2412   Cb: 13.3883   Cr: 14.6148 )
00000648: 14.0247   (Y': 12.4348   Cb: 14.7193   Cr: 15.5386 )
00000645: 13.5952   (Y': 11.8287   Cb: 14.4455   Cr: 15.2965 )
00000644: 13.8988   (Y': 11.8503   Cb: 15.0541   Cr: 15.8994 )
00000646: 14.5891   (Y': 12.7976   Cb: 15.5052   Cr: 16.2669 )
00000649: 13.8971   (Y': 12.3719   Cb: 14.5472   Cr: 15.3341 )
00000647: 14.5393   (Y': 12.7709   Cb: 15.4294   Cr: 16.1968 )
00000651: 14.1469   (Y': 12.6227   Cb: 14.8873   Cr: 15.4764 )
00000650: 14.0525   (Y': 12.4886   Cb: 14.8285   Cr: 15.4183 )
00000653: 14.1853   (Y': 12.54     Cb: 15.0265   Cr: 15.6394 )
00000654: 14.0817   (Y': 12.3982   Cb: 15.1286   Cr: 15.3854 )
00000652: 14.1448   (Y': 12.5532   Cb: 14.9155   Cr: 15.5719 )
00000659: 14.4572   (Y': 12.6545   Cb: 15.3755   Cr: 16.1571 )
00000655: 14.0626   (Y': 12.4184   Cb: 14.9906   Cr: 15.4165 )
00000660: 14.4187   (Y': 12.5831   Cb: 15.5379   Cr: 15.9606 )
00000661: 14.5298   (Y': 12.6576   Cb: 15.6429   Cr: 16.159  )
00000656: 14.1916   (Y': 12.418    Cb: 15.214    Cr: 15.7073 )
00000657: 14.3623   (Y': 12.5486   Cb: 15.4141   Cr: 15.9315 )
00000658: 14.3899   (Y': 12.573    Cb: 15.3774   Cr: 16.0398 )
00000663: 14.7702   (Y': 12.8901   Cb: 15.9094   Cr: 16.3883 )
00000662: 14.6326   (Y': 12.7488   Cb: 15.7801   Cr: 16.2494 )
00000667: 15.0153   (Y': 12.908    Cb: 16.274    Cr: 17.042  )
00000664: 14.9305   (Y': 12.9841   Cb: 16.1383   Cr: 16.6225 )
00000669: 15.2369   (Y': 13.0754   Cb: 16.428    Cr: 17.4926 )
00000665: 14.9298   (Y': 12.9703   Cb: 16.1254   Cr: 16.6659 )
00000668: 15.2089   (Y': 13.0526   Cb: 16.4994   Cr: 17.3268 )
00000666: 14.937    (Y': 12.878    Cb: 16.1522   Cr: 16.8922 )
00000670: 15.2777   (Y': 13.0643   Cb: 16.434    Cr: 17.7266 )
00000671: 15.1777   (Y': 12.9761   Cb: 16.2831   Cr: 17.6607 )
00000672: 15.0765   (Y': 12.8765   Cb: 16.0724   Cr: 17.71   )
00000673: 15.0345   (Y': 12.8065   Cb: 15.9863   Cr: 17.8204 )
00000674: 14.9022   (Y': 12.6911   Cb: 15.7807   Cr: 17.7477 )
00000678: 14.5755   (Y': 12.4936   Cb: 15.3302   Cr: 17.2156 )
00000677: 14.6459   (Y': 12.3835   Cb: 15.6822   Cr: 17.414  )
00000675: 14.8894   (Y': 12.6885   Cb: 15.7165   Cr: 17.7843 )
00000676: 14.6887   (Y': 11.9706   Cb: 16.5468   Cr: 17.8927 )
00000679: 14.2389   (Y': 12.1641   Cb: 15.0743   Cr: 16.737  )
00000680: 14.5851   (Y': 12.3749   Cb: 15.7366   Cr: 17.0311 )
00000682: 14.5499   (Y': 12.3037   Cb: 15.6522   Cr: 17.1715 )
00000681: 14.6058   (Y': 12.3711   Cb: 15.7729   Cr: 17.1027 )
00000683: 14.5118   (Y': 12.3077   Cb: 15.5627   Cr: 17.0783 )
00000684: 14.5491   (Y': 12.3494   Cb: 15.6225   Cr: 17.0708 )
00000685: 14.5701   (Y': 12.4114   Cb: 15.649    Cr: 16.9653 )
00000686: 14.4705   (Y': 12.3368   Cb: 15.5175   Cr: 16.8377 )
00000687: 14.413    (Y': 12.2974   Cb: 15.4598   Cr: 16.7301 )
00000688: 14.3339   (Y': 12.2728   Cb: 15.3272   Cr: 16.5735 )
00000689: 14.295    (Y': 12.2149   Cb: 15.3108   Cr: 16.556  )
00000690: 14.1293   (Y': 12.0599   Cb: 15.1345   Cr: 16.3754 )
00000693: 13.8684   (Y': 11.8236   Cb: 14.8286   Cr: 16.1087 )
00000691: 13.9994   (Y': 11.9123   Cb: 15.0318   Cr: 16.2574 )
00000692: 13.8859   (Y': 11.8006   Cb: 14.8694   Cr: 16.2045 )
00000694: 13.8551   (Y': 11.8123   Cb: 14.8121   Cr: 16.0939 )
00000697: 13.9183   (Y': 11.9248   Cb: 14.8531   Cr: 16.0571 )
00000696: 13.8387   (Y': 11.8661   Cb: 14.7087   Cr: 16.0095 )
00000695: 13.8586   (Y': 11.8341   Cb: 14.7964   Cr: 16.0746 )
00000700: 14.0966   (Y': 12.0392   Cb: 15.1419   Cr: 16.2582 )
00000702: 14.0957   (Y': 11.9163   Cb: 15.315    Cr: 16.3651 )
00000699: 14.1085   (Y': 12.1079   Cb: 15.1111   Cr: 16.1775 )
00000701: 14.109    (Y': 12.0026   Cb: 15.2107   Cr: 16.3286 )
00000698: 14.1111   (Y': 12.1149   Cb: 15.1074   Cr: 16.1768 )
00000709: 14.0934   (Y': 11.8758   Cb: 15.2589   Cr: 16.5419 )
00000708: 14.1067   (Y': 11.8688   Cb: 15.3406   Cr: 16.5238 )
00000705: 14.1481   (Y': 11.8635   Cb: 15.4107   Cr: 16.6659 )
00000707: 14.0349   (Y': 11.799    Cb: 15.2431   Cr: 16.4799 )
00000703: 14.0909   (Y': 11.8688   Cb: 15.3359   Cr: 16.448  )
00000704: 14.1224   (Y': 11.8284   Cb: 15.4192   Cr: 16.6231 )
00000706: 14.0624   (Y': 11.8068   Cb: 15.2739   Cr: 16.5615 )
00000710: 14.0984   (Y': 11.8412   Cb: 15.2917   Cr: 16.627  )
00000712: 14.1333   (Y': 11.8462   Cb: 15.3456   Cr: 16.7269 )
00000711: 14.1119   (Y': 11.8326   Cb: 15.2963   Cr: 16.7202 )
00000717: 14.0729   (Y': 11.8606   Cb: 15.1991   Cr: 16.5594 )
00000714: 14.1173   (Y': 11.8219   Cb: 15.3378   Cr: 16.7251 )
00000715: 14.136    (Y': 11.8551   Cb: 15.3543   Cr: 16.7025 )
00000718: 14.011    (Y': 11.8251   Cb: 15.1005   Cr: 16.4704 )
00000713: 14.1199   (Y': 11.8152   Cb: 15.3797   Cr: 16.7024 )
00000716: 14.0718   (Y': 11.8342   Cb: 15.2319   Cr: 16.5868 )
00000719: 13.954    (Y': 11.7416   Cb: 15.0425   Cr: 16.4926 )
00000720: 13.9813   (Y': 11.7513   Cb: 15.1096   Cr: 16.5171 )
00000721: 13.9472   (Y': 11.7042   Cb: 15.096    Cr: 16.4938 )
00000722: 13.9212   (Y': 11.6346   Cb: 15.1127   Cr: 16.5418 )
00000726: 13.6122   (Y': 11.3033   Cb: 14.7272   Cr: 16.4133 )
00000724: 13.7928   (Y': 11.4684   Cb: 14.9799   Cr: 16.5389 )
00000725: 13.7188   (Y': 11.391    Cb: 14.9029   Cr: 16.4803 )
00000723: 13.8482   (Y': 11.5811   Cb: 15.0024   Cr: 16.4607 )
00000728: 13.5468   (Y': 11.2951   Cb: 14.5388   Cr: 16.347  )
00000729: 13.4902   (Y': 11.2559   Cb: 14.4459   Cr: 16.2908 )
00000727: 13.5861   (Y': 11.3078   Cb: 14.6117   Cr: 16.421  )
00000731: 13.4093   (Y': 11.2081   Cb: 14.3432   Cr: 16.1387 )
00000730: 13.4355   (Y': 11.2268   Cb: 14.3903   Cr: 16.1564 )
00000732: 13.3655   (Y': 11.2297   Cb: 14.1899   Cr: 16.0608 )
00000733: 13.3426   (Y': 11.2115   Cb: 14.1564   Cr: 16.0392 )
00000734: 13.2915   (Y': 11.1843   Cb: 14.068    Cr: 15.9738 )
00000735: 13.2706   (Y': 11.1633   Cb: 14.0266   Cr: 15.9854 )
00000738: 13.24     (Y': 11.1972   Cb: 13.9069   Cr: 15.9018 )
00000737: 13.2448   (Y': 11.1407   Cb: 13.9905   Cr: 15.9658 )
00000736: 13.2712   (Y': 11.1923   Cb: 13.9823   Cr: 15.9707 )
00000740: 13.2039   (Y': 11.2186   Cb: 13.8402   Cr: 15.7472 )
00000741: 13.1809   (Y': 11.1934   Cb: 13.8126   Cr: 15.7379 )
00000745: 13.1792   (Y': 11.217    Cb: 13.8057   Cr: 15.6726 )
00000739: 13.2187   (Y': 11.1979   Cb: 13.8701   Cr: 15.8407 )
00000744: 13.1722   (Y': 11.2244   Cb: 13.7988   Cr: 15.6258 )
00000743: 13.2088   (Y': 11.2465   Cb: 13.8731   Cr: 15.6453 )
00000746: 13.2159   (Y': 11.2295   Cb: 13.8433   Cr: 15.7764 )
00000742: 13.1795   (Y': 11.1926   Cb: 13.8452   Cr: 15.6822 )
00000749: 13.1937   (Y': 11.2044   Cb: 13.749    Cr: 15.8775 )
00000750: 13.2092   (Y': 11.2477   Cb: 13.7209   Cr: 15.8833 )
00000752: 13.2166   (Y': 11.2983   Cb: 13.7141   Cr: 15.7902 )
00000751: 13.2151   (Y': 11.262    Cb: 13.72     Cr: 15.8758 )
00000747: 13.2033   (Y': 11.2007   Cb: 13.8551   Cr: 15.7719 )
00000755: 13.2348   (Y': 11.3529   Cb: 13.6606   Cr: 15.8229 )
00000748: 13.2528   (Y': 11.2556   Cb: 13.8363   Cr: 15.9143 )
00000754: 13.2085   (Y': 11.3359   Cb: 13.6321   Cr: 15.7746 )
00000756: 13.2783   (Y': 11.3744   Cb: 13.7128   Cr: 15.9146 )
00000753: 13.2202   (Y': 11.3238   Cb: 13.6719   Cr: 15.8069 )
00000757: 13.27     (Y': 11.3473   Cb: 13.7413   Cr: 15.8985 )
00000758: 13.309    (Y': 11.4371   Cb: 13.7876   Cr: 15.7844 )
00000760: 13.4394   (Y': 11.4994   Cb: 14.0183   Cr: 15.9446 )
00000761: 13.4593   (Y': 11.5183   Cb: 14.0699   Cr: 15.9184 )
00000759: 13.3455   (Y': 11.4482   Cb: 13.8474   Cr: 15.8539 )
00000762: 13.565    (Y': 11.5784   Cb: 14.2602   Cr: 16.0223 )
00000763: 13.6063   (Y': 11.5944   Cb: 14.2984   Cr: 16.1396 )
00000767: 13.9127   (Y': 11.8823   Cb: 14.7532   Cr: 16.2789 )
00000766: 13.9002   (Y': 11.8596   Cb: 14.7229   Cr: 16.3201 )
00000765: 13.7921   (Y': 11.7567   Cb: 14.5525   Cr: 16.2889 )
00000764: 13.7248   (Y': 11.7041   Cb: 14.4756   Cr: 16.1943 )
00000768: 13.9628   (Y': 11.9598   Cb: 14.8155   Cr: 16.2375 )
00000769: 14.0253   (Y': 12.0424   Cb: 14.8782   Cr: 16.2462 )
00000770: 13.9734   (Y': 12.1088   Cb: 14.7043   Cr: 16.059  )
00000771: 13.9772   (Y': 12.1121   Cb: 14.7027   Cr: 16.071  )
00000773: 14.0113   (Y': 12.182    Cb: 14.7347   Cr: 16.0203 )
00000774: 13.9529   (Y': 12.0919   Cb: 14.7321   Cr: 15.9647 )
00000772: 13.9994   (Y': 12.1659   Cb: 14.7034   Cr: 16.0447 )
00000775: 13.9011   (Y': 12.0561   Cb: 14.6325   Cr: 15.9378 )
00000776: 13.9187   (Y': 12.0706   Cb: 14.6808   Cr: 15.9218 )
00000780: 13.5769   (Y': 11.7695   Cb: 14.3613   Cr: 15.4535 )
00000777: 13.8203   (Y': 11.9434   Cb: 14.6139   Cr: 15.8521 )
00000778: 13.6959   (Y': 11.8117   Cb: 14.4917   Cr: 15.7427 )
00000779: 13.6547   (Y': 11.8226   Cb: 14.409    Cr: 15.6292 )
00000781: 13.5726   (Y': 11.7507   Cb: 14.3602   Cr: 15.4793 )
00000782: 13.5821   (Y': 11.7723   Cb: 14.3886   Cr: 15.4361 )
00000784: 13.4322   (Y': 11.7181   Cb: 14.1725   Cr: 15.1531 )
00000783: 13.5577   (Y': 11.7947   Cb: 14.3307   Cr: 15.3471 )
00000785: 13.3866   (Y': 11.6804   Cb: 14.1475   Cr: 15.0648 )
00000787: 13.1865   (Y': 11.5966   Cb: 13.8691   Cr: 14.7145 )
00000788: 13.0367   (Y': 11.5275   Cb: 13.66     Cr: 14.4741 )
00000786: 13.2731   (Y': 11.6323   Cb: 13.9827   Cr: 14.874  )
00000792: 12.5266   (Y': 11.1783   Cb: 12.9805   Cr: 13.8626 )
00000789: 12.939    (Y': 11.4637   Cb: 13.5076   Cr: 14.3768 )
00000791: 12.6987   (Y': 11.2921   Cb: 13.207    Cr: 14.0774 )
00000790: 12.7851   (Y': 11.3865   Cb: 13.2878   Cr: 14.1556 )
00000797: 12.0074   (Y': 10.8835   Cb: 12.2614   Cr: 13.191  )
00000794: 12.3043   (Y': 11.0586   Cb: 12.6735   Cr: 13.5577 )
00000796: 12.0425   (Y': 10.9102   Cb: 12.2957   Cr: 13.2415 )
00000800: 11.7053   (Y': 10.6693   Cb: 11.8452   Cr: 12.884  )
00000795: 12.2129   (Y': 11.0077   Cb: 12.5422   Cr: 13.4439 )
00000802: 11.5787   (Y': 10.596    Cb: 11.6769   Cr: 12.7226 )
00000793: 12.4317   (Y': 11.1085   Cb: 12.8581   Cr: 13.7554 )
00000801: 11.6494   (Y': 10.6257   Cb: 11.7813   Cr: 12.8179 )
00000798: 11.8825   (Y': 10.7868   Cb: 12.0895   Cr: 13.0766 )
00000799: 11.8265   (Y': 10.7318   Cb: 12.0142   Cr: 13.0432 )
00000805: 11.5529   (Y': 10.6959   Cb: 11.5947   Cr: 12.5688 )
00000803: 11.4271   (Y': 10.4609   Cb: 11.5239   Cr: 12.5459 )
00000804: 11.0236   (Y': 10.0845   Cb: 11.129    Cr: 12.0883 )
00000807: 10.8478   (Y': 10.0131   Cb: 10.8374   Cr: 11.8952 )
00000806: 11.028    (Y': 10.2054   Cb: 11.0045   Cr: 12.0735 )
00000808: 10.8962   (Y': 10.0657   Cb: 10.8918   Cr: 11.9295 )
00000810: 10.8212   (Y': 10.0256   Cb: 10.7884   Cr: 11.8375 )
00000811: 10.8116   (Y': 10.0163   Cb: 10.7817   Cr: 11.8238 )
00000809: 10.873    (Y': 10.0377   Cb: 10.8855   Cr: 11.8923 )
00000812: 10.8343   (Y': 10.0598   Cb: 10.7843   Cr: 11.8404 )
00000814: 10.7766   (Y': 10.018    Cb: 10.7155   Cr: 11.7733 )
00000815: 10.7865   (Y': 10.0132   Cb: 10.7371   Cr: 11.7902 )
00000813: 10.8111   (Y': 10.0341   Cb: 10.7579   Cr: 11.8252 )
00000816: 10.7837   (Y': 9.99664   Cb: 10.7532   Cr: 11.7839 )
00000817: 10.7553   (Y': 9.96313   Cb: 10.7048   Cr: 11.7888 )
00000818: 10.7431   (Y': 9.96436   Cb: 10.6954   Cr: 11.753  )
00000819: 10.7328   (Y': 9.95537   Cb: 10.6794   Cr: 11.7478 )
00000821: 10.6938   (Y': 9.92409   Cb: 10.6355   Cr: 11.7034 )
00000822: 10.663    (Y': 9.88591   Cb: 10.6188   Cr: 11.6657 )
00000820: 10.7063   (Y': 9.93038   Cb: 10.6654   Cr: 11.7029 )
00000824: 10.6071   (Y': 9.83518   Cb: 10.5488   Cr: 11.62   )
00000823: 10.6459   (Y': 9.86394   Cb: 10.6104   Cr: 11.6448 )
00000825: 10.592    (Y': 9.82707   Cb: 10.517    Cr: 11.616  )
00000828: 10.5263   (Y': 9.76422   Cb: 10.47     Cr: 11.5218 )
00000826: 10.5834   (Y': 9.82554   Cb: 10.513    Cr: 11.5905 )
00000827: 10.5584   (Y': 9.79307   Cb: 10.49     Cr: 11.5742 )
00000829: 10.5236   (Y': 9.75522   Cb: 10.4701   Cr: 11.5249 )
00000830: 10.5196   (Y': 9.7337    Cb: 10.4794   Cr: 11.5304 )
00000832: 10.4971   (Y': 9.69792   Cb: 10.4553   Cr: 11.5301 )
00000831: 10.5297   (Y': 9.74652   Cb: 10.4933   Cr: 11.5317 )
00000836: 10.4333   (Y': 9.66853   Cb: 10.3613   Cr: 11.4532 )
00000834: 10.421    (Y': 9.67736   Cb: 10.3309   Cr: 11.4323 )
00000833: 10.461    (Y': 9.6827    Cb: 10.4045   Cr: 11.4814 )
00000835: 10.4292   (Y': 9.68923   Cb: 10.3351   Cr: 11.44   )
00000837: 10.4409   (Y': 9.66814   Cb: 10.3762   Cr: 11.4635 )
00000838: 10.4416   (Y': 9.65482   Cb: 10.3906   Cr: 11.4677 )
00000844: 10.4042   (Y': 9.61245   Cb: 10.3721   Cr: 11.4138 )
00000841: 10.4104   (Y': 9.6179    Cb: 10.3647   Cr: 11.4382 )
00000842: 10.3978   (Y': 9.6176    Cb: 10.3417   Cr: 11.4204 )
00000840: 10.4241   (Y': 9.62757   Cb: 10.3861   Cr: 11.4483 )
00000839: 10.435    (Y': 9.64401   Cb: 10.3961   Cr: 11.4518 )
00000845: 10.4223   (Y': 9.61418   Cb: 10.391    Cr: 11.4556 )
00000843: 10.4034   (Y': 9.63167   Cb: 10.3533   Cr: 11.4056 )
00000846: 10.3968   (Y': 9.61417   Cb: 10.3522   Cr: 11.4083 )
00000849: 10.3595   (Y': 9.59347   Cb: 10.2865   Cr: 11.3824 )
00000847: 10.3791   (Y': 9.58997   Cb: 10.3273   Cr: 11.4099 )
00000856: 10.3567   (Y': 9.56231   Cb: 10.2944   Cr: 11.4087 )
00000860: 10.343    (Y': 9.56247   Cb: 10.2789   Cr: 11.3766 )
00000848: 10.3625   (Y': 9.58229   Cb: 10.299    Cr: 11.3947 )
00000850: 10.3511   (Y': 9.58403   Cb: 10.2768   Cr: 11.3772 )
00000851: 10.3391   (Y': 9.56223   Cb: 10.2851   Cr: 11.3542 )
00000853: 10.3754   (Y': 9.58523   Cb: 10.3269   Cr: 11.4032 )
00000852: 10.3683   (Y': 9.58876   Cb: 10.3097   Cr: 11.3933 )
00000857: 10.355    (Y': 9.56326   Cb: 10.2921   Cr: 11.4039 )
00000854: 10.3655   (Y': 9.56034   Cb: 10.3219   Cr: 11.41   )
00000855: 10.3688   (Y': 9.55734   Cb: 10.3353   Cr: 11.4101 )
00000859: 10.3347   (Y': 9.56312   Cb: 10.2567   Cr: 11.3726 )
00000858: 10.3413   (Y': 9.5774    Cb: 10.258    Cr: 11.3743 )
00000861: 10.3553   (Y': 9.5618    Cb: 10.3083   Cr: 11.3865 )
00000862: 10.3369   (Y': 9.53887   Cb: 10.2882   Cr: 11.3772 )
00000863: 10.3417   (Y': 9.54122   Cb: 10.2936   Cr: 11.385  )
00000864: 10.3419   (Y': 9.57515   Cb: 10.2802   Cr: 11.3512 )
00000865: 10.3448   (Y': 9.57767   Cb: 10.2662   Cr: 11.3764 )
00000866: 10.3327   (Y': 9.57062   Cb: 10.2515   Cr: 11.3603 )
00000870: 10.3398   (Y': 9.54181   Cb: 10.2811   Cr: 11.3927 )
00000876: 10.3205   (Y': 9.52972   Cb: 10.2679   Cr: 11.3548 )
00000873: 10.3023   (Y': 9.52529   Cb: 10.2207   Cr: 11.3529 )
00000868: 10.3315   (Y': 9.54198   Cb: 10.2697   Cr: 11.3757 )
00000875: 10.3199   (Y': 9.52109   Cb: 10.2575   Cr: 11.379  )
00000872: 10.3029   (Y': 9.53863   Cb: 10.2101   Cr: 11.3487 )
00000871: 10.3352   (Y': 9.55116   Cb: 10.2692   Cr: 11.3763 )
00000878: 10.3334   (Y': 9.52451   Cb: 10.2942   Cr: 11.3781 )
00000869: 10.3404   (Y': 9.5538    Cb: 10.28     Cr: 11.3781 )
00000874: 10.3289   (Y': 9.54487   Cb: 10.2578   Cr: 11.3767 )
00000867: 10.3305   (Y': 9.56683   Cb: 10.2491   Cr: 11.3606 )
00000877: 10.32     (Y': 9.52889   Cb: 10.278    Cr: 11.3411 )
Total: 13.3193   (Y': 11.5586   Cb: 13.9308   Cr: 15.3161 )
