00000001: 15.7169   (Y': 14.6788   Cb: 15.7701   Cr: 17.0119 )
00000000: 15.6405   (Y': 14.6175   Cb: 15.6708   Cr: 16.9403 )
00000002: 15.7169   (Y': 14.6907   Cb: 15.759    Cr: 17.0064 )
00000003: 15.6717   (Y': 14.601    Cb: 15.7682   Cr: 16.9656 )
00000005: 15.5981   (Y': 14.5385   Cb: 15.6719   Cr: 16.9026 )
00000006: 15.6779   (Y': 14.5959   Cb: 15.8043   Cr: 16.9521 )
00000004: 15.6191   (Y': 14.553    Cb: 15.6955   Cr: 16.9312 )
00000007: 15.6532   (Y': 14.5696   Cb: 15.7898   Cr: 16.9166 )
00000009: 15.3617   (Y': 14.3164   Cb: 15.4206   Cr: 16.6613 )
00000010: 15.4482   (Y': 14.3916   Cb: 15.5361   Cr: 16.7292 )
00000011: 15.3226   (Y': 14.2902   Cb: 15.3575   Cr: 16.6324 )
00000008: 15.4793   (Y': 14.4187   Cb: 15.5477   Cr: 16.7928 )
00000012: 15.4358   (Y': 14.4027   Cb: 15.5085   Cr: 16.6966 )
00000013: 15.3602   (Y': 14.2887   Cb: 15.4524   Cr: 16.6608 )
00000014: 15.2989   (Y': 14.219    Cb: 15.3951   Cr: 16.6091 )
00000015: 15.187    (Y': 14.1509   Cb: 15.266    Cr: 16.4448 )
00000016: 15.3415   (Y': 14.286    Cb: 15.4547   Cr: 16.5876 )
00000018: 15.2422   (Y': 14.1602   Cb: 15.3175   Cr: 16.5834 )
00000017: 15.279    (Y': 14.2045   Cb: 15.365    Cr: 16.5932 )
00000020: 15.2753   (Y': 14.1754   Cb: 15.3773   Cr: 16.6124 )
00000019: 15.3697   (Y': 14.2763   Cb: 15.489    Cr: 16.6729 )
00000021: 15.1439   (Y': 14.1469   Cb: 15.1719   Cr: 16.4027 )
00000022: 15.1223   (Y': 14.1018   Cb: 15.1801   Cr: 16.3813 )
00000023: 15.1189   (Y': 14.0854   Cb: 15.1726   Cr: 16.4053 )
00000024: 15.1237   (Y': 14.1012   Cb: 15.1604   Cr: 16.4142 )
00000025: 15.1597   (Y': 14.1005   Cb: 15.2393   Cr: 16.4561 )
00000026: 15.0638   (Y': 14.0178   Cb: 15.1269   Cr: 16.359  )
00000027: 15.0769   (Y': 14.0006   Cb: 15.1808   Cr: 16.3704 )
00000029: 15.0494   (Y': 13.9856   Cb: 15.1208   Cr: 16.3645 )
00000030: 15.0257   (Y': 13.9843   Cb: 15.0813   Cr: 16.3232 )
00000028: 15.0825   (Y': 14.0205   Cb: 15.1582   Cr: 16.3888 )
00000031: 15.0046   (Y': 13.9638   Cb: 15.0437   Cr: 16.3232 )
00000032: 15.0446   (Y': 14.0038   Cb: 15.0841   Cr: 16.3627 )
00000033: 15.1142   (Y': 14.057    Cb: 15.148    Cr: 16.4683 )
00000034: 15.1068   (Y': 14.0174   Cb: 15.1602   Cr: 16.4908 )
00000036: 15.0941   (Y': 14.0647   Cb: 15.1203   Cr: 16.4104 )
00000035: 15.1446   (Y': 14.0991   Cb: 15.1799   Cr: 16.4765 )
00000037: 15.0792   (Y': 14.0912   Cb: 15.1216   Cr: 16.304  )
00000038: 15.2161   (Y': 14.1852   Cb: 15.2885   Cr: 16.4736 )
00000039: 15.1742   (Y': 14.1748   Cb: 15.1981   Cr: 16.4424 )
00000040: 15.2425   (Y': 14.2398   Cb: 15.3001   Cr: 16.472  )
00000043: 15.2941   (Y': 14.2421   Cb: 15.307    Cr: 16.6676 )
00000041: 15.1788   (Y': 14.1738   Cb: 15.1749   Cr: 16.4941 )
00000042: 15.2067   (Y': 14.2028   Cb: 15.1896   Cr: 16.5377 )
00000044: 15.3513   (Y': 14.2818   Cb: 15.352    Cr: 16.7724 )
00000045: 15.3243   (Y': 14.2912   Cb: 15.2825   Cr: 16.7402 )
00000046: 15.287    (Y': 14.2634   Cb: 15.2356   Cr: 16.6998 )
00000047: 15.2365   (Y': 14.2419   Cb: 15.1956   Cr: 16.5844 )
00000048: 15.2473   (Y': 14.2418   Cb: 15.2461   Cr: 16.5597 )
00000049: 15.2604   (Y': 14.2658   Cb: 15.2527   Cr: 16.5629 )
00000050: 15.2939   (Y': 14.3166   Cb: 15.2986   Cr: 16.5507 )
00000051: 15.4762   (Y': 14.4722   Cb: 15.4645   Cr: 16.8    )
00000052: 15.4762   (Y': 14.4524   Cb: 15.4665   Cr: 16.8315 )
00000053: 15.3858   (Y': 14.4076   Cb: 15.292    Cr: 16.7792 )
00000055: 15.4272   (Y': 14.3403   Cb: 15.439    Cr: 16.8639 )
00000054: 15.3441   (Y': 14.2895   Cb: 15.2939   Cr: 16.81   )
00000056: 15.4287   (Y': 14.3487   Cb: 15.4543   Cr: 16.8339 )
00000057: 15.3956   (Y': 14.3349   Cb: 15.4085   Cr: 16.7843 )
00000059: 15.4993   (Y': 14.42     Cb: 15.5287   Cr: 16.8979 )
00000058: 15.463    (Y': 14.3756   Cb: 15.5001   Cr: 16.8657 )
00000060: 15.5965   (Y': 14.4677   Cb: 15.6427   Cr: 17.061  )
00000061: 15.6122   (Y': 14.4479   Cb: 15.674    Cr: 17.1202 )
00000062: 15.6116   (Y': 14.436    Cb: 15.6918   Cr: 17.1149 )
00000063: 15.6284   (Y': 14.4548   Cb: 15.6735   Cr: 17.1769 )
00000065: 15.6355   (Y': 14.5004   Cb: 15.6159   Cr: 17.2045 )
00000064: 15.595    (Y': 14.4498   Cb: 15.5922   Cr: 17.1588 )
00000066: 15.744    (Y': 14.6279   Cb: 15.7731   Cr: 17.2094 )
00000067: 15.7281   (Y': 14.6102   Cb: 15.775    Cr: 17.1717 )
00000068: 15.7231   (Y': 14.6068   Cb: 15.7904   Cr: 17.1361 )
00000069: 15.7675   (Y': 14.6455   Cb: 15.8437   Cr: 17.1784 )
00000070: 15.7191   (Y': 14.6323   Cb: 15.7638   Cr: 17.1104 )
00000071: 15.7408   (Y': 14.7164   Cb: 15.767    Cr: 17.0486 )
00000076: 15.786    (Y': 14.7604   Cb: 15.7435   Cr: 17.1896 )
00000074: 15.8509   (Y': 14.7917   Cb: 15.8693   Cr: 17.2294 )
00000072: 15.72     (Y': 14.6895   Cb: 15.7554   Cr: 17.0258 )
00000073: 15.7689   (Y': 14.6994   Cb: 15.7996   Cr: 17.1488 )
00000075: 15.8401   (Y': 14.8336   Cb: 15.806    Cr: 17.1992 )
00000077: 15.8291   (Y': 14.7563   Cb: 15.844    Cr: 17.2364 )
00000078: 15.869    (Y': 14.8492   Cb: 15.8354   Cr: 17.2504 )
00000079: 15.7523   (Y': 14.7394   Cb: 15.7032   Cr: 17.1433 )
00000080: 15.7936   (Y': 14.7738   Cb: 15.729    Cr: 17.2184 )
00000082: 30.6017   (Y': 27.4761   Cb: 33.9558   Cr: 33.7508 )
00000083: 21.4418   (Y': 18.4633   Cb: 23.6949   Cr: 25.2159 )
00000081: 15.1543   (Y': 14.139    Cb: 14.9862   Cr: 16.721  )
00000084: 20.0985   (Y': 17.2816   Cb: 22.2049   Cr: 23.3641 )
00000085: 18.4134   (Y': 15.888    Cb: 19.913    Cr: 21.3952 )
00000087: 17.2624   (Y': 15.0133   Cb: 18.3843   Cr: 19.8651 )
00000086: 17.8873   (Y': 15.4698   Cb: 19.2685   Cr: 20.6642 )
00000088: 16.9936   (Y': 14.8192   Cb: 18.0416   Cr: 19.4764 )
00000089: 16.6237   (Y': 14.6427   Cb: 17.4354   Cr: 18.8968 )
00000091: 16.0864   (Y': 14.3404   Cb: 16.6904   Cr: 18.0588 )
00000093: 16.0887   (Y': 14.4057   Cb: 16.6322   Cr: 17.9977 )
00000092: 16.1155   (Y': 14.3946   Cb: 16.6873   Cr: 18.0733 )
00000090: 16.4341   (Y': 14.5339   Cb: 17.1735   Cr: 18.5974 )
00000094: 16.0672   (Y': 14.3929   Cb: 16.6309   Cr: 17.9289 )
00000095: 16.1021   (Y': 14.4544   Cb: 16.6563   Cr: 17.9172 )
00000096: 16.1279   (Y': 14.4934   Cb: 16.6475   Cr: 17.9603 )
00000097: 16.1748   (Y': 14.5528   Cb: 16.6999   Cr: 17.9719 )
00000098: 16.2121   (Y': 14.5758   Cb: 16.7218   Cr: 18.0619 )
00000101: 16.2077   (Y': 14.6546   Cb: 16.587    Cr: 18.0536 )
00000100: 16.2001   (Y': 14.6006   Cb: 16.6289   Cr: 18.0796 )
00000099: 16.2418   (Y': 14.6075   Cb: 16.7104   Cr: 18.1438 )
00000102: 16.2095   (Y': 14.6815   Cb: 16.5429   Cr: 18.0654 )
00000104: 16.259    (Y': 14.7632   Cb: 16.5757   Cr: 18.0694 )
00000103: 16.2344   (Y': 14.761    Cb: 16.5321   Cr: 18.0236 )
00000105: 16.3356   (Y': 14.8432   Cb: 16.7166   Cr: 18.0497 )
00000106: 16.3512   (Y': 14.8939   Cb: 16.6597   Cr: 18.0913 )
00000108: 16.4373   (Y': 15.1052   Cb: 16.6174   Cr: 18.1016 )
00000109: 16.298    (Y': 15.017    Cb: 16.4345   Cr: 17.9231 )
00000107: 16.3192   (Y': 14.8897   Cb: 16.642    Cr: 17.9825 )
00000110: 16.0302   (Y': 14.7311   Cb: 16.1253   Cr: 17.7503 )
00000111: 16.1313   (Y': 14.8586   Cb: 16.2198   Cr: 17.8086 )
00000112: 16.0404   (Y': 14.8287   Cb: 16.0509   Cr: 17.7117 )
00000113: 15.9481   (Y': 14.8075   Cb: 15.949    Cr: 17.4979 )
00000114: 15.8821   (Y': 14.7823   Cb: 15.8734   Cr: 17.3707 )
00000115: 15.7072   (Y': 14.6188   Cb: 15.7147   Cr: 17.1527 )
00000117: 15.7214   (Y': 14.5926   Cb: 15.7247   Cr: 17.2462 )
00000116: 15.7162   (Y': 14.6118   Cb: 15.7171   Cr: 17.1996 )
00000118: 15.7901   (Y': 14.6081   Cb: 15.7693   Cr: 17.4497 )
00000119: 15.8091   (Y': 14.6557   Cb: 15.7946   Cr: 17.4051 )
00000120: 15.805    (Y': 14.7032   Cb: 15.7959   Cr: 17.298  )
00000121: 15.7531   (Y': 14.7005   Cb: 15.7317   Cr: 17.1752 )
00000122: 15.8388   (Y': 14.736    Cb: 15.8032   Cr: 17.3713 )
00000124: 15.8585   (Y': 14.8417   Cb: 15.783    Cr: 17.2932 )
00000123: 15.8399   (Y': 14.725    Cb: 15.783    Cr: 17.4256 )
00000125: 15.7366   (Y': 14.7011   Cb: 15.7774   Cr: 17.0438 )
00000126: 15.4467   (Y': 14.4653   Cb: 15.5145   Cr: 16.6276 )
00000127: 15.6823   (Y': 14.5996   Cb: 15.6688   Cr: 17.1467 )
00000128: 15.6561   (Y': 14.5974   Cb: 15.6167   Cr: 17.1142 )
00000129: 16.2451   (Y': 15.0162   Cb: 16.5427   Cr: 17.5574 )
00000130: 16.4001   (Y': 15.0704   Cb: 16.8623   Cr: 17.6915 )
00000131: 15.9219   (Y': 14.6998   Cb: 16.3797   Cr: 17.0287 )
00000132: 15.7437   (Y': 14.6786   Cb: 16.039    Cr: 16.7795 )
00000134: 15.706    (Y': 14.7776   Cb: 15.8255   Cr: 16.7366 )
00000133: 15.8617   (Y': 14.8657   Cb: 16.0464   Cr: 16.9191 )
00000136: 15.8795   (Y': 14.8167   Cb: 16.0137   Cr: 17.1108 )
00000135: 15.8429   (Y': 14.7723   Cb: 16.0279   Cr: 17.0227 )
00000137: 15.8769   (Y': 14.7342   Cb: 16.0003   Cr: 17.2616 )
00000139: 15.8079   (Y': 14.5726   Cb: 16.021    Cr: 17.2414 )
00000138: 15.8891   (Y': 14.7173   Cb: 16.0194   Cr: 17.3168 )
00000140: 15.8397   (Y': 14.5743   Cb: 16.0926   Cr: 17.2767 )
00000141: 15.808    (Y': 14.4991   Cb: 16.074    Cr: 17.3094 )
00000143: 15.8923   (Y': 14.4977   Cb: 16.2821   Cr: 17.3969 )
00000142: 15.7883   (Y': 14.4783   Cb: 16.0573   Cr: 17.2879 )
00000144: 15.9523   (Y': 14.56     Cb: 16.3357   Cr: 17.4609 )
00000145: 16.035    (Y': 14.6047   Cb: 16.4475   Cr: 17.5803 )
00000146: 16.0314   (Y': 14.5761   Cb: 16.4597   Cr: 17.6064 )
00000148: 15.9822   (Y': 14.5082   Cb: 16.3768   Cr: 17.6396 )
00000147: 15.9365   (Y': 14.4773   Cb: 16.3276   Cr: 17.5681 )
00000150: 15.912    (Y': 14.4629   Cb: 16.2439   Cr: 17.6029 )
00000149: 15.9512   (Y': 14.4736   Cb: 16.3507   Cr: 17.6095 )
00000152: 15.8352   (Y': 14.4128   Cb: 16.1225   Cr: 17.5323 )
00000151: 15.8407   (Y': 14.4027   Cb: 16.1608   Cr: 17.5248 )
00000153: 15.7958   (Y': 14.3677   Cb: 16.0888   Cr: 17.4969 )
00000154: 15.7858   (Y': 14.3446   Cb: 16.0938   Cr: 17.4932 )
00000155: 15.7213   (Y': 14.3013   Cb: 16.0011   Cr: 17.4239 )
00000156: 15.6667   (Y': 14.3009   Cb: 15.9225   Cr: 17.293  )
00000158: 15.6164   (Y': 14.3741   Cb: 15.7906   Cr: 17.1151 )
00000159: 15.6122   (Y': 14.4339   Cb: 15.7507   Cr: 17.0406 )
00000157: 15.6053   (Y': 14.3154   Cb: 15.8197   Cr: 17.1399 )
00000161: 16.297    (Y': 14.9425   Cb: 16.8463   Cr: 17.5302 )
00000160: 15.5813   (Y': 14.4664   Cb: 15.724    Cr: 16.8912 )
00000162: 16.3645   (Y': 14.8345   Cb: 17.1428   Cr: 17.6619 )
00000163: 16.7078   (Y': 15.1927   Cb: 17.2962   Cr: 18.2    )
00000164: 16.5397   (Y': 15.1668   Cb: 16.9105   Cr: 18.027  )
00000165: 15.9491   (Y': 14.6938   Cb: 16.1666   Cr: 17.4137 )
00000166: 15.663    (Y': 14.5704   Cb: 15.7391   Cr: 17.0218 )
00000168: 15.9545   (Y': 14.585    Cb: 16.3749   Cr: 17.3718 )
00000167: 15.946    (Y': 14.7181   Cb: 16.2456   Cr: 17.2543 )
00000169: 15.7717   (Y': 14.5595   Cb: 16.101    Cr: 17.0148 )
00000170: 15.4303   (Y': 14.4075   Cb: 15.5052   Cr: 16.6707 )
00000171: 15.5064   (Y': 14.3932   Cb: 15.6755   Cr: 16.7788 )
00000172: 15.5274   (Y': 14.3833   Cb: 15.7124   Cr: 16.8332 )
00000173: 15.9749   (Y': 14.5982   Cb: 16.3612   Cr: 17.4495 )
00000174: 15.9788   (Y': 14.593    Cb: 16.4008   Cr: 17.425  )
00000176: 16.2195   (Y': 14.795    Cb: 16.6759   Cr: 17.6974 )
00000175: 16.1679   (Y': 14.7373   Cb: 16.6163   Cr: 17.6677 )
00000177: 16.3205   (Y': 14.9865   Cb: 16.7647   Cr: 17.642  )
00000178: 16.282    (Y': 14.9475   Cb: 16.7145   Cr: 17.6188 )
00000179: 16.2412   (Y': 15.0294   Cb: 16.5905   Cr: 17.4592 )
00000180: 16.1116   (Y': 14.9783   Cb: 16.3895   Cr: 17.2815 )
00000181: 16.123    (Y': 14.9653   Cb: 16.4376   Cr: 17.2897 )
00000182: 16.1865   (Y': 14.9389   Cb: 16.6022   Cr: 17.3871 )
00000184: 16.3168   (Y': 15.0364   Cb: 16.7446   Cr: 17.5608 )
00000183: 16.3291   (Y': 15.0494   Cb: 16.7444   Cr: 17.5869 )
00000185: 16.3803   (Y': 15.04     Cb: 16.8155   Cr: 17.7243 )
00000186: 16.3111   (Y': 15.0006   Cb: 16.6609   Cr: 17.7069 )
00000187: 16.2832   (Y': 14.9766   Cb: 16.5979   Cr: 17.7168 )
00000188: 16.1828   (Y': 14.8803   Cb: 16.4794   Cr: 17.6321 )
00000189: 16.032    (Y': 14.6752   Cb: 16.3511   Cr: 17.5558 )
00000190: 15.9998   (Y': 14.6434   Cb: 16.3384   Cr: 17.4972 )
00000191: 15.8982   (Y': 14.5116   Cb: 16.281    Cr: 17.3963 )
00000192: 15.8932   (Y': 14.529    Cb: 16.2715   Cr: 17.3542 )
00000193: 15.7134   (Y': 14.424    Cb: 16.0156   Cr: 17.1306 )
00000194: 15.6909   (Y': 14.4305   Cb: 15.9853   Cr: 17.0646 )
00000195: 15.5487   (Y': 14.3653   Cb: 15.8267   Cr: 16.8049 )
00000196: 15.4807   (Y': 14.3274   Cb: 15.73     Cr: 16.7207 )
00000197: 15.4845   (Y': 14.4241   Cb: 15.6999   Cr: 16.6094 )
00000198: 15.4838   (Y': 14.4625   Cb: 15.6688   Cr: 16.582  )
00000201: 15.7612   (Y': 14.6881   Cb: 16.2629   Cr: 16.5766 )
00000199: 15.4873   (Y': 14.5659   Cb: 15.6354   Cr: 16.4718 )
00000200: 15.4943   (Y': 14.61     Cb: 15.6308   Cr: 16.4359 )
00000202: 16.0373   (Y': 14.9152   Cb: 16.6604   Cr: 16.8007 )
00000203: 15.7158   (Y': 14.9693   Cb: 16.0758   Cr: 16.2123 )
00000204: 15.4558   (Y': 14.9474   Cb: 15.7211   Cr: 15.7473 )
00000205: 15.4602   (Y': 15.0022   Cb: 15.8176   Cr: 15.6027 )
00000209: 15.8197   (Y': 15.3359   Cb: 16.3968   Cr: 15.7911 )
00000206: 15.4875   (Y': 14.996    Cb: 15.9678   Cr: 15.5537 )
00000208: 15.8413   (Y': 15.3578   Cb: 16.449    Cr: 15.786  )
00000207: 15.645    (Y': 15.2231   Cb: 16.2004   Cr: 15.5673 )
00000210: 15.7311   (Y': 15.2927   Cb: 16.2174   Cr: 15.7324 )
00000211: 15.6605   (Y': 15.2967   Cb: 16.0313   Cr: 15.6847 )
00000212: 15.5549   (Y': 15.2619   Cb: 15.8487   Cr: 15.5742 )
00000213: 15.3096   (Y': 15.1625   Cb: 15.4947   Cr: 15.278  )
00000217: 14.6243   (Y': 14.3167   Cb: 14.6852   Cr: 14.8906 )
00000214: 15.1649   (Y': 15.0246   Cb: 15.2951   Cr: 15.1792 )
00000216: 14.8674   (Y': 14.6519   Cb: 14.9181   Cr: 15.0412 )
00000215: 14.9734   (Y': 14.7902   Cb: 15.0627   Cr: 15.0732 )
00000218: 14.4759   (Y': 14.1684   Cb: 14.5023   Cr: 14.7786 )
00000220: 14.3401   (Y': 13.9932   Cb: 14.3718   Cr: 14.6828 )
00000219: 14.3622   (Y': 14.0074   Cb: 14.398    Cr: 14.7098 )
00000221: 14.341    (Y': 14.0284   Cb: 14.3727   Cr: 14.6438 )
00000222: 14.3269   (Y': 14.0045   Cb: 14.3605   Cr: 14.6392 )
00000223: 14.2473   (Y': 13.9287   Cb: 14.3111   Cr: 14.5231 )
00000225: 14.1919   (Y': 13.8456   Cb: 14.2504   Cr: 14.5055 )
00000224: 14.2246   (Y': 13.8943   Cb: 14.2829   Cr: 14.5196 )
00000226: 14.1616   (Y': 13.7613   Cb: 14.2522   Cr: 14.5043 )
00000227: 14.1266   (Y': 13.7448   Cb: 14.1835   Cr: 14.4835 )
00000228: 14.1391   (Y': 13.7413   Cb: 14.2004   Cr: 14.5101 )
00000230: 14.108    (Y': 13.7434   Cb: 14.1233   Cr: 14.4893 )
00000229: 14.0934   (Y': 13.7155   Cb: 14.1422   Cr: 14.4542 )
00000231: 14.0806   (Y': 13.7733   Cb: 14.0827   Cr: 14.4089 )
00000234: 14.042    (Y': 13.7304   Cb: 14.015    Cr: 14.4071 )
00000232: 14.0698   (Y': 13.7657   Cb: 14.0424   Cr: 14.4266 )
00000233: 14.0557   (Y': 13.7685   Cb: 14.0128   Cr: 14.41   )
00000236: 14.0203   (Y': 13.7528   Cb: 13.9709   Cr: 14.3589 )
00000235: 14.0154   (Y': 13.7638   Cb: 13.9646   Cr: 14.3372 )
00000237: 13.9871   (Y': 13.7211   Cb: 13.9375   Cr: 14.324  )
00000240: 13.9173   (Y': 13.6851   Cb: 13.8665   Cr: 14.2169 )
00000239: 13.9411   (Y': 13.6976   Cb: 13.8973   Cr: 14.246  )
00000238: 13.9712   (Y': 13.73     Cb: 13.9159   Cr: 14.286  )
00000241: 13.8846   (Y': 13.6764   Cb: 13.8231   Cr: 14.1689 )
00000242: 13.8702   (Y': 13.6709   Cb: 13.8      Cr: 14.1539 )
00000243: 13.8262   (Y': 13.6509   Cb: 13.7538   Cr: 14.0856 )
00000244: 13.8025   (Y': 13.635    Cb: 13.7066   Cr: 14.0789 )
00000245: 13.8037   (Y': 13.633    Cb: 13.7174   Cr: 14.0731 )
00000246: 13.8606   (Y': 13.6746   Cb: 13.7964   Cr: 14.1233 )
00000247: 13.9716   (Y': 13.7799   Cb: 13.9388   Cr: 14.2068 )
00000249: 14.2098   (Y': 14.048    Cb: 14.1629   Cr: 14.4273 )
00000250: 14.2703   (Y': 14.1382   Cb: 14.2159   Cr: 14.4632 )
00000248: 14.0657   (Y': 13.8695   Cb: 14.0418   Cr: 14.2964 )
00000251: 14.4517   (Y': 14.3486   Cb: 14.3896   Cr: 14.6218 )
00000252: 14.5015   (Y': 14.4197   Cb: 14.4436   Cr: 14.6448 )
00000253: 14.603    (Y': 14.5513   Cb: 14.5542   Cr: 14.7053 )
00000254: 14.6554   (Y': 14.5886   Cb: 14.6161   Cr: 14.7635 )
00000255: 14.7376   (Y': 14.6721   Cb: 14.7323   Cr: 14.8094 )
00000257: 14.3095   (Y': 14.34     Cb: 14.1806   Cr: 14.4112 )
00000258: 14.2519   (Y': 14.3017   Cb: 14.1255   Cr: 14.3311 )
00000256: 14.4274   (Y': 14.3865   Cb: 14.3478   Cr: 14.5507 )
00000259: 14.1651   (Y': 14.2041   Cb: 14.0044   Cr: 14.2918 )
00000260: 14.134    (Y': 14.2002   Cb: 13.9661   Cr: 14.2409 )
00000261: 14.0869   (Y': 14.1358   Cb: 13.868    Cr: 14.2664 )
00000263: 13.9435   (Y': 14.0823   Cb: 13.6557   Cr: 14.1075 )
00000262: 14.0692   (Y': 14.1611   Cb: 13.8065   Cr: 14.2529 )
00000265: 13.7236   (Y': 13.8843   Cb: 13.3886   Cr: 13.9183 )
00000267: 13.539    (Y': 13.746    Cb: 13.1622   Cr: 13.7348 )
00000266: 13.6353   (Y': 13.826    Cb: 13.2672   Cr: 13.8376 )
00000264: 13.9193   (Y': 14.0615   Cb: 13.6164   Cr: 14.0967 )
00000268: 13.4566   (Y': 13.6704   Cb: 13.0589   Cr: 13.6696 )
00000269: 13.4074   (Y': 13.6027   Cb: 13.0116   Cr: 13.6366 )
00000271: 13.3292   (Y': 13.5293   Cb: 12.9211   Cr: 13.5681 )
00000270: 13.4027   (Y': 13.6053   Cb: 13.0181   Cr: 13.6119 )
00000273: 13.3161   (Y': 13.5266   Cb: 12.8864   Cr: 13.5696 )
00000275: 13.2955   (Y': 13.5033   Cb: 12.86     Cr: 13.5585 )
00000274: 13.2894   (Y': 13.5033   Cb: 12.8389   Cr: 13.5637 )
00000272: 13.3342   (Y': 13.5272   Cb: 12.9361   Cr: 13.5688 )
00000276: 13.3041   (Y': 13.5013   Cb: 12.8717   Cr: 13.5743 )
00000277: 13.2943   (Y': 13.4563   Cb: 12.8761   Cr: 13.5837 )
00000278: 13.3262   (Y': 13.496    Cb: 12.9161   Cr: 13.5982 )
00000279: 13.4119   (Y': 13.5918   Cb: 13.0034   Cr: 13.6714 )
00000280: 13.439    (Y': 13.6938   Cb: 12.9653   Cr: 13.6998 )
00000281: 13.4242   (Y': 13.7012   Cb: 12.9272   Cr: 13.6904 )
00000283: 13.5425   (Y': 13.8001   Cb: 13.0646   Cr: 13.8054 )
00000282: 13.445    (Y': 13.6916   Cb: 12.943    Cr: 13.7478 )
00000284: 13.6072   (Y': 13.846    Cb: 13.1595   Cr: 13.8532 )
00000285: 13.9131   (Y': 14.0982   Cb: 13.5247   Cr: 14.1441 )
00000286: 13.978    (Y': 14.1379   Cb: 13.6086   Cr: 14.2128 )
00000287: 14.0727   (Y': 14.1992   Cb: 13.7618   Cr: 14.2749 )
00000288: 14.1106   (Y': 14.2363   Cb: 13.782    Cr: 14.3336 )
00000290: 14.4211   (Y': 14.1971   Cb: 14.3197   Cr: 14.7671 )
00000289: 14.2467   (Y': 14.3083   Cb: 14.0145   Cr: 14.4277 )
00000291: 21.2361   (Y': 18.5706   Cb: 23.0303   Cr: 24.3245 )
00000292: 18.7071   (Y': 16.1857   Cb: 20.15     Cr: 21.7554 )
00000293: 17.0445   (Y': 14.8079   Cb: 18.0587   Cr: 19.7641 )
00000294: 16.662    (Y': 14.5957   Cb: 17.477    Cr: 19.1658 )
00000295: 16.1415   (Y': 14.3893   Cb: 16.7005   Cr: 18.1913 )
00000296: 15.9916   (Y': 14.3587   Cb: 16.4596   Cr: 17.891  )
00000298: 15.608    (Y': 14.3955   Cb: 15.7964   Cr: 17.0324 )
00000297: 15.7075   (Y': 14.3401   Cb: 15.9919   Cr: 17.2983 )
00000299: 15.3702   (Y': 14.4272   Cb: 15.4438   Cr: 16.4811 )
00000300: 15.2905   (Y': 14.4851   Cb: 15.2908   Cr: 16.2798 )
00000301: 15.3279   (Y': 14.503    Cb: 15.3355   Cr: 16.3375 )
00000302: 15.3593   (Y': 14.5282   Cb: 15.3715   Cr: 16.3727 )
00000303: 15.4483   (Y': 14.5474   Cb: 15.5438   Cr: 16.4654 )
00000305: 15.6226   (Y': 14.6616   Cb: 15.8081   Cr: 16.6238 )
00000304: 15.5528   (Y': 14.5989   Cb: 15.7148   Cr: 16.571  )
00000306: 15.6771   (Y': 14.6935   Cb: 15.9117   Cr: 16.6549 )
00000307: 15.7596   (Y': 14.7455   Cb: 16.0006   Cr: 16.7779 )
00000308: 15.8484   (Y': 14.8052   Cb: 16.1056   Cr: 16.8942 )
00000309: 15.8259   (Y': 14.7822   Cb: 16.0755   Cr: 16.8817 )
00000310: 15.8916   (Y': 14.8109   Cb: 16.2073   Cr: 16.9288 )
00000311: 15.8632   (Y': 14.7691   Cb: 16.1644   Cr: 16.9396 )
00000312: 15.9113   (Y': 14.7764   Cb: 16.1938   Cr: 17.0783 )
00000313: 15.948    (Y': 14.7749   Cb: 16.2732   Cr: 17.1282 )
00000314: 16.2045   (Y': 15.1682   Cb: 16.3386   Cr: 17.3911 )
00000315: 15.9184   (Y': 14.6829   Cb: 16.2701   Cr: 17.1752 )
00000316: 15.9451   (Y': 14.6206   Cb: 16.3465   Cr: 17.3019 )
00000317: 16.2201   (Y': 15.1285   Cb: 16.3956   Cr: 17.4472 )
00000318: 16.1608   (Y': 15.0737   Cb: 16.3267   Cr: 17.3926 )
00000319: 16.1783   (Y': 15.1135   Cb: 16.3483   Cr: 17.367  )
00000321: 15.9427   (Y': 14.839    Cb: 15.9988   Cr: 17.3483 )
00000320: 15.926    (Y': 14.7791   Cb: 16.0057   Cr: 17.3771 )
00000322: 15.8327   (Y': 14.7546   Cb: 15.8588   Cr: 17.2342 )
00000323: 15.8329   (Y': 14.769    Cb: 15.8823   Cr: 17.1774 )
00000324: 15.7494   (Y': 14.6559   Cb: 15.8135   Cr: 17.1261 )
00000326: 15.5241   (Y': 14.5039   Cb: 15.5415   Cr: 16.8365 )
00000325: 15.6752   (Y': 14.5731   Cb: 15.7626   Cr: 17.0358 )
00000327: 15.4827   (Y': 14.4614   Cb: 15.5086   Cr: 16.7854 )
00000328: 15.346    (Y': 14.354    Cb: 15.3431   Cr: 16.6377 )
00000329: 15.2809   (Y': 14.2932   Cb: 15.2789   Cr: 16.5643 )
00000330: 15.2154   (Y': 14.2886   Cb: 15.1919   Cr: 16.4264 )
00000331: 15.1981   (Y': 14.2914   Cb: 15.1456   Cr: 16.4147 )
00000332: 15.137    (Y': 14.2608   Cb: 15.0606   Cr: 16.3362 )
00000334: 15.0884   (Y': 14.2508   Cb: 14.9906   Cr: 16.2546 )
00000333: 15.1156   (Y': 14.2391   Cb: 15.0432   Cr: 16.3101 )
00000335: 15.065    (Y': 14.2442   Cb: 14.9495   Cr: 16.2281 )
00000337: 14.9582   (Y': 14.2159   Cb: 14.7503   Cr: 16.124  )
00000336: 14.9871   (Y': 14.2441   Cb: 14.7991   Cr: 16.1268 )
00000338: 14.815    (Y': 14.1646   Cb: 14.5337   Cr: 15.9412 )
00000339: 14.7813   (Y': 14.1325   Cb: 14.479    Cr: 15.9345 )
00000340: 14.5653   (Y': 14.0466   Cb: 14.1732   Cr: 15.6519 )
00000341: 14.4576   (Y': 13.9413   Cb: 14.0569   Cr: 15.553  )
00000342: 14.2478   (Y': 13.8406   Cb: 13.7734   Cr: 15.2923 )
00000343: 14.166    (Y': 13.8035   Cb: 13.6716   Cr: 15.1765 )
00000344: 14.1764   (Y': 13.9105   Cb: 13.6337   Cr: 15.125  )
00000345: 14.2831   (Y': 14.0442   Cb: 13.7529   Cr: 15.1791 )
00000346: 14.7042   (Y': 14.2396   Cb: 14.527    Cr: 15.4332 )
00000347: 14.7337   (Y': 14.3978   Cb: 14.3704   Cr: 15.5308 )
00000348: 14.9788   (Y': 14.5395   Cb: 14.7328   Cr: 15.7606 )
00000350: 14.4965   (Y': 14.2552   Cb: 14.1596   Cr: 15.1403 )
00000349: 14.8129   (Y': 14.5022   Cb: 14.4827   Cr: 15.5348 )
00000351: 14.4584   (Y': 14.2334   Cb: 14.1239   Cr: 15.0796 )
00000352: 14.5608   (Y': 14.3177   Cb: 14.2456   Cr: 15.18   )
00000353: 14.5579   (Y': 14.2953   Cb: 14.2714   Cr: 15.1652 )
00000354: 14.4578   (Y': 14.2087   Cb: 14.1254   Cr: 15.1056 )
00000355: 14.4001   (Y': 14.1866   Cb: 14.0472   Cr: 15.0301 )
00000356: 14.1882   (Y': 13.9792   Cb: 13.772    Cr: 14.8933 )
00000357: 14.0716   (Y': 13.8781   Cb: 13.6233   Cr: 14.7994 )
00000358: 13.7915   (Y': 13.6103   Cb: 13.2878   Cr: 14.5777 )
00000359: 13.7064   (Y': 13.5352   Cb: 13.1888   Cr: 14.4988 )
00000362: 13.616    (Y': 13.3415   Cb: 13.1367   Cr: 14.4882 )
00000360: 13.6105   (Y': 13.4101   Cb: 13.0818   Cr: 14.4549 )
00000361: 13.5947   (Y': 13.39     Cb: 13.0584   Cr: 14.4549 )
00000363: 13.6343   (Y': 13.3387   Cb: 13.1717   Cr: 14.5111 )
00000364: 13.614    (Y': 13.2592   Cb: 13.1972   Cr: 14.5071 )
00000365: 13.6064   (Y': 13.2778   Cb: 13.1696   Cr: 14.4915 )
00000366: 13.6116   (Y': 13.2558   Cb: 13.2039   Cr: 14.4936 )
00000368: 13.6941   (Y': 13.3674   Cb: 13.2586   Cr: 14.5753 )
00000370: 13.8152   (Y': 13.4124   Cb: 13.359    Cr: 14.8277 )
00000369: 13.7242   (Y': 13.3787   Cb: 13.2927   Cr: 14.6248 )
00000367: 13.6364   (Y': 13.3127   Cb: 13.186    Cr: 14.5335 )
00000371: 13.8894   (Y': 13.4683   Cb: 13.4198   Cr: 14.9463 )
00000372: 13.9926   (Y': 13.5262   Cb: 13.5085   Cr: 15.1347 )
00000373: 14.0462   (Y': 13.551    Cb: 13.5727   Cr: 15.2153 )
00000374: 14.0833   (Y': 13.6176   Cb: 13.5903   Cr: 15.2376 )
00000375: 14.1262   (Y': 13.6459   Cb: 13.6193   Cr: 15.3224 )
00000378: 13.8657   (Y': 13.3551   Cb: 13.4222   Cr: 15.0137 )
00000376: 14.0828   (Y': 13.5862   Cb: 13.6027   Cr: 15.2634 )
00000377: 14.0298   (Y': 13.478    Cb: 13.6044   Cr: 15.2123 )
00000379: 13.7774   (Y': 13.3205   Cb: 13.3018   Cr: 14.8937 )
00000380: 13.673    (Y': 13.3212   Cb: 13.1617   Cr: 14.693  )
00000381: 13.5757   (Y': 13.3266   Cb: 13.018    Cr: 14.5233 )
00000382: 13.4922   (Y': 13.2886   Cb: 12.9109   Cr: 14.4137 )
00000386: 12.9454   (Y': 12.9404   Cb: 12.2754   Cr: 13.7441 )
00000383: 13.5021   (Y': 13.3249   Cb: 12.8994   Cr: 14.4199 )
00000384: 13.4428   (Y': 13.3503   Cb: 12.7984   Cr: 14.3126 )
00000385: 13.4487   (Y': 13.3747   Cb: 12.789    Cr: 14.3173 )
00000387: 29.6327   (Y': 26.3269   Cb: 33.3651   Cr: 33.2403 )
00000388: 20.8689   (Y': 18.3433   Cb: 22.0978   Cr: 24.2631 )
00000389: 19.4737   (Y': 17.327    Cb: 20.2408   Cr: 22.2924 )
00000391: 17.6643   (Y': 16.0895   Cb: 17.9899   Cr: 19.6353 )
00000390: 18.1282   (Y': 16.4524   Cb: 18.5134   Cr: 20.2468 )
00000393: 16.9401   (Y': 15.9068   Cb: 16.9433   Cr: 18.2942 )
00000394: 16.0367   (Y': 15.2661   Cb: 15.9767   Cr: 17.0496 )
00000392: 17.167    (Y': 15.9728   Cb: 17.2359   Cr: 18.7207 )
00000395: 15.8349   (Y': 15.2609   Cb: 15.6902   Cr: 16.6711 )
00000396: 15.5048   (Y': 15.2573   Cb: 15.2135   Cr: 16.0997 )
00000397: 15.4737   (Y': 15.1689   Cb: 15.1926   Cr: 16.1265 )
00000398: 15.4751   (Y': 15.1262   Cb: 15.1983   Cr: 16.1782 )
00000400: 15.489    (Y': 15.0616   Cb: 15.2678   Cr: 16.2237 )
00000399: 15.4665   (Y': 15.0969   Cb: 15.1771   Cr: 16.2119 )
00000401: 15.5626   (Y': 15.1332   Cb: 15.3479   Cr: 16.2918 )
00000402: 15.6553   (Y': 15.1819   Cb: 15.4894   Cr: 16.3822 )
00000403: 15.6956   (Y': 15.2364   Cb: 15.502    Cr: 16.438  )
00000404: 15.6899   (Y': 15.1695   Cb: 15.5521   Cr: 16.4447 )
00000405: 15.7083   (Y': 15.1426   Cb: 15.5746   Cr: 16.5193 )
00000406: 15.583    (Y': 14.9057   Cb: 15.4315   Cr: 16.5755 )
00000409: 15.4145   (Y': 14.6196   Cb: 15.3122   Cr: 16.5196 )
00000407: 15.6032   (Y': 14.8899   Cb: 15.4869   Cr: 16.6031 )
00000408: 15.4643   (Y': 14.6834   Cb: 15.3594   Cr: 16.5512 )
00000410: 15.2167   (Y': 14.5584   Cb: 15.0303   Cr: 16.227  )
00000411: 15.2174   (Y': 14.5598   Cb: 15.0056   Cr: 16.2603 )
00000412: 15.1588   (Y': 14.4846   Cb: 14.9362   Cr: 16.2408 )
00000413: 15.3595   (Y': 14.7524   Cb: 15.1852   Cr: 16.2798 )
00000414: 15.5062   (Y': 14.8799   Cb: 15.3726   Cr: 16.4019 )
00000417: 15.432    (Y': 14.9148   Cb: 15.2467   Cr: 16.2415 )
00000416: 15.494    (Y': 15.0434   Cb: 15.265    Cr: 16.2692 )
00000415: 15.4968   (Y': 14.8147   Cb: 15.3358   Cr: 16.5085 )
00000418: 15.5062   (Y': 14.8447   Cb: 15.4647   Cr: 16.3369 )
00000419: 15.5715   (Y': 14.8828   Cb: 15.5317   Cr: 16.4387 )
00000420: 15.7075   (Y': 14.8257   Cb: 15.7815   Cr: 16.7214 )
00000421: 16.2243   (Y': 15.2497   Cb: 16.4273   Cr: 17.2257 )
00000422: 16.6372   (Y': 15.5259   Cb: 16.9662   Cr: 17.7087 )
00000423: 16.7215   (Y': 15.5599   Cb: 17.1059   Cr: 17.8113 )
00000424: 16.1469   (Y': 15.4865   Cb: 16.2268   Cr: 16.8322 )
00000425: 16.3538   (Y': 15.7776   Cb: 16.3242   Cr: 17.0529 )
00000426: 16.9366   (Y': 16.2075   Cb: 17.008    Cr: 17.7273 )
00000427: 16.5498   (Y': 16.0052   Cb: 16.4955   Cr: 17.2361 )
00000428: 15.9259   (Y': 15.5861   Cb: 15.6695   Cr: 16.5921 )
00000429: 15.9119   (Y': 15.5621   Cb: 15.6728   Cr: 16.5692 )
00000430: 15.7311   (Y': 15.4617   Cb: 15.3964   Cr: 16.4068 )
00000431: 15.7959   (Y': 15.4943   Cb: 15.4428   Cr: 16.5356 )
00000433: 15.8844   (Y': 15.4861   Cb: 15.6061   Cr: 16.6532 )
00000432: 15.9437   (Y': 15.5222   Cb: 15.6623   Cr: 16.747  )
00000434: 16.122    (Y': 15.7338   Cb: 15.8157   Cr: 16.9133 )
00000435: 16.1899   (Y': 15.8172   Cb: 15.8762   Cr: 16.9704 )
00000436: 16.056    (Y': 15.6851   Cb: 15.6759   Cr: 16.9211 )
00000437: 16.028    (Y': 15.6639   Cb: 15.645    Cr: 16.8879 )
00000438: 15.9989   (Y': 15.5512   Cb: 15.66     Cr: 16.9128 )
00000439: 16.0628   (Y': 15.5364   Cb: 15.7372   Cr: 17.0685 )
00000440: 16.0472   (Y': 15.4466   Cb: 15.7824   Cr: 17.0773 )
00000441: 15.9673   (Y': 15.3636   Cb: 15.7142   Cr: 16.9862 )
00000443: 15.8558   (Y': 15.1109   Cb: 15.7294   Cr: 16.9161 )
00000442: 15.9051   (Y': 15.1965   Cb: 15.7545   Cr: 16.9425 )
00000444: 15.9478   (Y': 15.045    Cb: 15.9316   Cr: 17.1101 )
00000445: 16.0131   (Y': 15.0926   Cb: 15.9944   Cr: 17.2073 )
00000447: 16.1247   (Y': 15.0923   Cb: 16.1674   Cr: 17.4238 )
00000446: 16.1381   (Y': 15.1035   Cb: 16.1812   Cr: 17.4404 )
00000448: 16.0511   (Y': 14.9473   Cb: 16.1347   Cr: 17.4199 )
00000449: 16.1019   (Y': 14.9597   Cb: 16.2058   Cr: 17.5115 )
00000450: 16.0986   (Y': 14.8943   Cb: 16.2376   Cr: 17.5742 )
00000451: 16.0341   (Y': 14.8504   Cb: 16.1579   Cr: 17.4924 )
00000452: 16.049    (Y': 14.8985   Cb: 16.1757   Cr: 17.4431 )
00000453: 16.0724   (Y': 15.0087   Cb: 16.1556   Cr: 17.3715 )
00000454: 16.1012   (Y': 15.0794   Cb: 16.2954   Cr: 17.1889 )
00000455: 16.0483   (Y': 15.118    Cb: 16.1913   Cr: 17.0527 )
00000456: 15.9342   (Y': 15.137    Cb: 15.9837   Cr: 16.8502 )
00000457: 15.8839   (Y': 15.1983   Cb: 15.8347   Cr: 16.7584 )
00000458: 15.9458   (Y': 15.22     Cb: 16.0842   Cr: 16.6543 )
00000459: 16.2368   (Y': 15.4913   Cb: 16.4082   Cr: 16.9352 )
00000460: 16.2441   (Y': 15.596    Cb: 16.459    Cr: 16.7632 )
00000461: 16.3287   (Y': 15.8688   Cb: 16.4778   Cr: 16.6811 )
00000463: 15.8991   (Y': 15.4369   Cb: 16.0071   Cr: 16.2978 )
00000462: 15.8608   (Y': 15.4675   Cb: 15.9521   Cr: 16.1947 )
00000464: 16.012    (Y': 15.4667   Cb: 16.0495   Cr: 16.5927 )
00000465: 16.0114   (Y': 15.522    Cb: 15.9729   Cr: 16.6072 )
00000466: 15.7277   (Y': 15.4348   Cb: 15.5913   Cr: 16.1936 )
00000467: 15.7201   (Y': 15.4087   Cb: 15.5483   Cr: 16.2491 )
00000468: 15.7105   (Y': 15.5232   Cb: 15.4103   Cr: 16.2442 )
00000471: 15.3835   (Y': 15.3586   Cb: 14.9804   Cr: 15.8555 )
00000470: 15.422    (Y': 15.3627   Cb: 15.0205   Cr: 15.9311 )
00000469: 15.5541   (Y': 15.4351   Cb: 15.1885   Cr: 16.0875 )
00000475: 14.7855   (Y': 14.918    Cb: 14.2088   Cr: 15.3012 )
00000472: 15.2467   (Y': 15.2851   Cb: 14.8006   Cr: 15.7011 )
00000474: 14.8827   (Y': 15.0075   Cb: 14.3629   Cr: 15.3344 )
00000473: 15.1368   (Y': 15.2195   Cb: 14.662    Cr: 15.5782 )
00000476: 14.3867   (Y': 14.5486   Cb: 13.7529   Cr: 14.9444 )
00000477: 14.2351   (Y': 14.4256   Cb: 13.5735   Cr: 14.7986 )
00000478: 14.0243   (Y': 14.3396   Cb: 13.3241   Cr: 14.5057 )
00000479: 13.9881   (Y': 14.2851   Cb: 13.3087   Cr: 14.4612 )
00000481: 13.9635   (Y': 14.2837   Cb: 13.3036   Cr: 14.3874 )
00000480: 13.9355   (Y': 14.2821   Cb: 13.2475   Cr: 14.3688 )
00000483: 14.0328   (Y': 14.2376   Cb: 13.4613   Cr: 14.4642 )
00000482: 14.0131   (Y': 14.2855   Cb: 13.3853   Cr: 14.4451 )
00000484: 14.0809   (Y': 14.243    Cb: 13.5392   Cr: 14.5203 )
00000486: 14.2032   (Y': 14.2837   Cb: 13.6811   Cr: 14.7065 )
00000485: 14.0915   (Y': 14.2459   Cb: 13.5429   Cr: 14.5478 )
00000487: 14.2102   (Y': 14.2504   Cb: 13.6877   Cr: 14.7585 )
00000489: 14.3048   (Y': 14.2969   Cb: 13.8359   Cr: 14.8393 )
00000488: 14.2732   (Y': 14.2956   Cb: 13.7752   Cr: 14.8104 )
00000490: 14.3892   (Y': 14.3335   Cb: 13.9252   Cr: 14.9725 )
00000491: 14.4214   (Y': 14.3488   Cb: 13.9808   Cr: 14.9945 )
00000492: 14.4587   (Y': 14.3501   Cb: 14.0299   Cr: 15.059  )
00000494: 14.4927   (Y': 14.3563   Cb: 14.0766   Cr: 15.1097 )
00000493: 14.4794   (Y': 14.3784   Cb: 14.041    Cr: 15.083  )
00000495: 14.5028   (Y': 14.3344   Cb: 14.1047   Cr: 15.1353 )
00000496: 14.4679   (Y': 14.327    Cb: 14.0311   Cr: 15.1167 )
00000498: 14.4561   (Y': 14.2701   Cb: 14.0534   Cr: 15.1156 )
00000497: 14.4719   (Y': 14.3217   Cb: 14.0385   Cr: 15.1277 )
00000499: 14.4126   (Y': 14.2084   Cb: 14.0264   Cr: 15.0732 )
00000500: 14.3318   (Y': 14.1067   Cb: 13.9346   Cr: 15.0325 )
00000502: 14.3093   (Y': 14.1005   Cb: 13.8761   Cr: 15.0365 )
00000501: 14.3055   (Y': 14.0676   Cb: 13.9121   Cr: 15.0172 )
00000503: 14.2898   (Y': 14.0927   Cb: 13.8636   Cr: 14.9934 )
00000504: 14.235    (Y': 14.0903   Cb: 13.7753   Cr: 14.9179 )
00000507: 14.1752   (Y': 14.1045   Cb: 13.6771   Cr: 14.8198 )
00000505: 14.2166   (Y': 14.0964   Cb: 13.7252   Cr: 14.9114 )
00000506: 14.19     (Y': 14.1098   Cb: 13.6896   Cr: 14.8488 )
00000508: 14.0696   (Y': 14.0195   Cb: 13.5387   Cr: 14.7329 )
00000509: 14.0281   (Y': 14.0287   Cb: 13.47     Cr: 14.6681 )
00000510: 14.0871   (Y': 14.0849   Cb: 13.5444   Cr: 14.7101 )
00000511: 14.0817   (Y': 14.1011   Cb: 13.5359   Cr: 14.6837 )
00000512: 14.1353   (Y': 14.1442   Cb: 13.6071   Cr: 14.7266 )
00000513: 14.2183   (Y': 14.2271   Cb: 13.705    Cr: 14.7904 )
00000514: 14.4627   (Y': 14.4325   Cb: 14.0198   Cr: 14.9902 )
00000515: 14.6459   (Y': 14.6071   Cb: 14.2332   Cr: 15.1454 )
00000516: 14.8207   (Y': 14.7609   Cb: 14.4472   Cr: 15.2961 )
00000517: 14.8855   (Y': 14.8051   Cb: 14.5309   Cr: 15.3612 )
00000518: 15.1114   (Y': 14.9505   Cb: 14.7943   Cr: 15.6347 )
00000519: 15.101    (Y': 14.9811   Cb: 14.7828   Cr: 15.578  )
00000520: 15.2394   (Y': 15.0512   Cb: 14.9791   Cr: 15.7263 )
00000521: 15.3415   (Y': 15.0729   Cb: 15.1266   Cr: 15.8697 )
00000522: 15.3988   (Y': 15.1381   Cb: 15.1887   Cr: 15.9118 )
00000523: 15.4133   (Y': 15.1442   Cb: 15.211    Cr: 15.9272 )
00000524: 15.4509   (Y': 15.0994   Cb: 15.3477   Cr: 15.9488 )
00000525: 15.4245   (Y': 15.1513   Cb: 15.2635   Cr: 15.8951 )
00000526: 15.4202   (Y': 15.1262   Cb: 15.284    Cr: 15.8868 )
00000527: 15.492    (Y': 15.0567   Cb: 15.4308   Cr: 16.0452 )
00000528: 15.4406   (Y': 14.9875   Cb: 15.4301   Cr: 15.9585 )
00000529: 15.4184   (Y': 15.0099   Cb: 15.3849   Cr: 15.907  )
00000530: 15.3796   (Y': 15.065    Cb: 15.3069   Cr: 15.7987 )
00000531: 15.3641   (Y': 15.0338   Cb: 15.3118   Cr: 15.7791 )
00000532: 15.4447   (Y': 14.9735   Cb: 15.4934   Cr: 15.919  )
00000533: 15.4281   (Y': 14.9464   Cb: 15.5059   Cr: 15.8836 )
00000534: 15.4097   (Y': 14.9146   Cb: 15.4965   Cr: 15.8719 )
00000535: 15.4094   (Y': 14.9058   Cb: 15.5123   Cr: 15.8648 )
00000536: 15.3975   (Y': 14.9705   Cb: 15.4469   Cr: 15.8166 )
00000537: 15.3936   (Y': 14.9224   Cb: 15.4472   Cr: 15.8624 )
00000538: 15.5501   (Y': 14.9735   Cb: 15.6422   Cr: 16.1102 )
00000539: 15.5631   (Y': 14.964    Cb: 15.6361   Cr: 16.1741 )
00000540: 15.6437   (Y': 15.0437   Cb: 15.6919   Cr: 16.2842 )
00000541: 15.6576   (Y': 14.9934   Cb: 15.7128   Cr: 16.3769 )
00000542: 15.5566   (Y': 14.8604   Cb: 15.588    Cr: 16.3484 )
00000543: 15.5585   (Y': 14.8595   Cb: 15.5463   Cr: 16.4068 )
00000544: 15.5868   (Y': 14.8735   Cb: 15.544    Cr: 16.4934 )
00000545: 15.5408   (Y': 14.8198   Cb: 15.5092   Cr: 16.4448 )
00000546: 15.4392   (Y': 14.6552   Cb: 15.4478   Cr: 16.3858 )
00000547: 15.378    (Y': 14.5756   Cb: 15.3895   Cr: 16.3487 )
00000548: 15.3557   (Y': 14.4261   Cb: 15.4946   Cr: 16.3641 )
00000549: 15.3455   (Y': 14.3774   Cb: 15.4775   Cr: 16.4233 )
00000550: 15.403    (Y': 14.4109   Cb: 15.5672   Cr: 16.4794 )
00000551: 15.4569   (Y': 14.4786   Cb: 15.6075   Cr: 16.5281 )
00000552: 15.5471   (Y': 14.612    Cb: 15.6781   Cr: 16.574  )
00000553: 15.7641   (Y': 14.8157   Cb: 15.9498   Cr: 16.7451 )
00000554: 15.9239   (Y': 15.0316   Cb: 16.1022   Cr: 16.8277 )
00000556: 16.0187   (Y': 15.2164   Cb: 16.1444   Cr: 16.8509 )
00000557: 16.0126   (Y': 15.1852   Cb: 16.1557   Cr: 16.861  )
00000555: 16.0517   (Y': 15.1934   Cb: 16.206    Cr: 16.9327 )
00000558: 15.8945   (Y': 15.0836   Cb: 16.0479   Cr: 16.7069 )
00000559: 15.9105   (Y': 15.1287   Cb: 16.0868   Cr: 16.6546 )
00000560: 15.9638   (Y': 15.2667   Cb: 16.0912   Cr: 16.645  )
00000561: 16.0572   (Y': 15.3396   Cb: 16.2505   Cr: 16.6928 )
00000562: 16.055    (Y': 15.4141   Cb: 16.1888   Cr: 16.6532 )
00000563: 16.0793   (Y': 15.4373   Cb: 16.1939   Cr: 16.7003 )
00000564: 16.0312   (Y': 15.4809   Cb: 16.0457   Cr: 16.6449 )
00000565: 16.0203   (Y': 15.5134   Cb: 15.9948   Cr: 16.6236 )
00000566: 15.7179   (Y': 15.2868   Cb: 15.6295   Cr: 16.2974 )
00000567: 15.6304   (Y': 15.2687   Cb: 15.5113   Cr: 16.1594 )
00000568: 15.4977   (Y': 15.1398   Cb: 15.3451   Cr: 16.0611 )
00000570: 15.0924   (Y': 14.7823   Cb: 14.888    Cr: 15.6584 )
00000569: 15.3804   (Y': 15.0229   Cb: 15.2336   Cr: 15.9365 )
00000572: 15.0516   (Y': 14.9981   Cb: 14.6968   Cr: 15.4974 )
00000571: 15.1011   (Y': 14.8628   Cb: 14.8597   Cr: 15.6247 )
00000573: 15.0023   (Y': 14.9651   Cb: 14.6435   Cr: 15.4343 )
00000574: 14.8888   (Y': 14.907    Cb: 14.4758   Cr: 15.3253 )
00000575: 14.8353   (Y': 14.7974   Cb: 14.4369   Cr: 15.3163 )
00000576: 14.7432   (Y': 14.66     Cb: 14.3553   Cr: 15.2629 )
00000577: 14.7269   (Y': 14.592    Cb: 14.3602   Cr: 15.2805 )
Total: 15.2058   (Y': 14.5436   Cb: 15.1247   Cr: 16.0864 )
