00000000: 15.3974   (Y': 15.3315   Cb: 14.5843   Cr: 16.483  )
00000001: 15.309    (Y': 15.3031   Cb: 14.4825   Cr: 16.3381 )
00000002: 15.201    (Y': 15.3687   Cb: 14.2904   Cr: 16.1453 )
00000003: 15.2198   (Y': 15.4051   Cb: 14.3089   Cr: 16.1436 )
00000004: 15.2334   (Y': 15.45     Cb: 14.3145   Cr: 16.1324 )
00000005: 15.2355   (Y': 15.4638   Cb: 14.3126   Cr: 16.127  )
00000006: 15.2249   (Y': 15.5068   Cb: 14.2857   Cr: 16.0793 )
00000007: 15.2113   (Y': 15.4821   Cb: 14.2944   Cr: 16.0447 )
00000010: 15.2853   (Y': 15.5425   Cb: 14.3604   Cr: 16.1464 )
00000009: 15.2493   (Y': 15.5306   Cb: 14.3411   Cr: 16.0578 )
00000008: 15.2398   (Y': 15.5253   Cb: 14.3079   Cr: 16.079  )
00000011: 15.3384   (Y': 15.5634   Cb: 14.4132   Cr: 16.2372 )
00000012: 15.4063   (Y': 15.5972   Cb: 14.4876   Cr: 16.3351 )
00000013: 15.4422   (Y': 15.5787   Cb: 14.5614   Cr: 16.3782 )
00000014: 15.4977   (Y': 15.5844   Cb: 14.6461   Cr: 16.4498 )
00000015: 15.4693   (Y': 15.5589   Cb: 14.6044   Cr: 16.4381 )
00000017: 15.3779   (Y': 15.5894   Cb: 14.4864   Cr: 16.2416 )
00000018: 15.1753   (Y': 15.5444   Cb: 14.2011   Cr: 15.9845 )
00000016: 15.4174   (Y': 15.5727   Cb: 14.5268   Cr: 16.346  )
00000022: 15.0227   (Y': 15.4297   Cb: 14.0464   Cr: 15.7933 )
00000019: 15.0407   (Y': 15.52     Cb: 14.055    Cr: 15.7479 )
00000021: 14.9931   (Y': 15.4921   Cb: 13.9972   Cr: 15.6948 )
00000020: 14.998    (Y': 15.5103   Cb: 13.9969   Cr: 15.6933 )
00000024: 15.002    (Y': 15.4486   Cb: 14.0346   Cr: 15.7167 )
00000023: 15.0132   (Y': 15.4511   Cb: 14.0196   Cr: 15.7764 )
00000025: 15.0151   (Y': 15.43     Cb: 14.0697   Cr: 15.7315 )
00000026: 14.9945   (Y': 15.3638   Cb: 14.0491   Cr: 15.7603 )
00000027: 15.0044   (Y': 15.3729   Cb: 14.0774   Cr: 15.7441 )
00000028: 14.9652   (Y': 15.3216   Cb: 14.038    Cr: 15.7183 )
00000029: 14.9603   (Y': 15.2908   Cb: 14.0375   Cr: 15.7356 )
00000031: 14.9624   (Y': 15.2687   Cb: 14.0758   Cr: 15.7112 )
00000030: 14.9627   (Y': 15.2575   Cb: 14.0857   Cr: 15.7104 )
00000032: 14.9308   (Y': 15.3155   Cb: 13.9894   Cr: 15.6738 )
00000035: 14.8914   (Y': 15.2985   Cb: 13.8867   Cr: 15.7048 )
00000033: 14.9037   (Y': 15.3222   Cb: 13.94     Cr: 15.6433 )
00000034: 14.9066   (Y': 15.3134   Cb: 13.908    Cr: 15.7113 )
00000036: 14.8855   (Y': 15.3448   Cb: 13.8592   Cr: 15.6749 )
00000037: 14.8924   (Y': 15.3269   Cb: 13.8906   Cr: 15.6715 )
00000038: 14.9091   (Y': 15.3089   Cb: 13.9354   Cr: 15.6837 )
00000039: 14.8598   (Y': 15.2186   Cb: 13.8943   Cr: 15.6674 )
00000043: 14.8743   (Y': 15.1984   Cb: 13.8889   Cr: 15.7511 )
00000040: 14.8271   (Y': 15.1501   Cb: 13.8666   Cr: 15.6672 )
00000041: 14.8381   (Y': 15.1021   Cb: 13.9137   Cr: 15.6905 )
00000042: 14.8524   (Y': 15.1576   Cb: 13.8766   Cr: 15.7359 )
00000044: 14.8568   (Y': 15.2381   Cb: 13.8375   Cr: 15.7214 )
00000045: 14.8387   (Y': 15.2427   Cb: 13.8203   Cr: 15.6763 )
00000046: 14.8173   (Y': 15.2432   Cb: 13.7901   Cr: 15.6444 )
00000047: 14.8273   (Y': 15.2288   Cb: 13.8171   Cr: 15.6551 )
00000050: 14.6457   (Y': 14.9945   Cb: 13.6561   Cr: 15.5007 )
00000048: 14.7399   (Y': 15.0702   Cb: 13.7814   Cr: 15.5685 )
00000049: 14.6908   (Y': 15.0299   Cb: 13.7238   Cr: 15.5226 )
00000051: 14.6299   (Y': 14.9777   Cb: 13.6357   Cr: 15.4932 )
00000052: 14.6421   (Y': 14.9769   Cb: 13.6723   Cr: 15.483  )
00000054: 14.6274   (Y': 14.9597   Cb: 13.6614   Cr: 15.4653 )
00000053: 14.6227   (Y': 14.9401   Cb: 13.6594   Cr: 15.4734 )
00000055: 14.6112   (Y': 14.9356   Cb: 13.6633   Cr: 15.4305 )
00000057: 14.5704   (Y': 14.8412   Cb: 13.6278   Cr: 15.4428 )
00000056: 14.5763   (Y': 14.8397   Cb: 13.6371   Cr: 15.4519 )
00000059: 14.5556   (Y': 14.9431   Cb: 13.5245   Cr: 15.4314 )
00000058: 14.5595   (Y': 14.8888   Cb: 13.5639   Cr: 15.4458 )
00000060: 14.5356   (Y': 14.977    Cb: 13.4874   Cr: 15.378  )
00000061: 14.5161   (Y': 14.933    Cb: 13.5063   Cr: 15.3265 )
00000062: 14.5306   (Y': 14.917    Cb: 13.5146   Cr: 15.3843 )
00000063: 14.5568   (Y': 14.9384   Cb: 13.5494   Cr: 15.4027 )
00000064: 14.5682   (Y': 14.8795   Cb: 13.602    Cr: 15.4301 )
00000065: 14.5693   (Y': 14.8911   Cb: 13.5893   Cr: 15.4402 )
00000066: 14.5927   (Y': 14.9226   Cb: 13.622    Cr: 15.4402 )
00000067: 14.6092   (Y': 14.9138   Cb: 13.6401   Cr: 15.4829 )
00000068: 14.5958   (Y': 14.8469   Cb: 13.6678   Cr: 15.4686 )
00000070: 14.6752   (Y': 14.9069   Cb: 13.7553   Cr: 15.558  )
00000069: 14.653    (Y': 14.9261   Cb: 13.7215   Cr: 15.5059 )
00000071: 14.6927   (Y': 14.8839   Cb: 13.7863   Cr: 15.6025 )
00000072: 14.6822   (Y': 14.8231   Cb: 13.8015   Cr: 15.6127 )
00000074: 14.7147   (Y': 14.8004   Cb: 13.8411   Cr: 15.7015 )
00000075: 14.7323   (Y': 14.7716   Cb: 13.8641   Cr: 15.7687 )
00000073: 14.6968   (Y': 14.8003   Cb: 13.8145   Cr: 15.6753 )
00000076: 14.7656   (Y': 14.817    Cb: 13.8963   Cr: 15.7883 )
00000077: 14.7443   (Y': 14.7917   Cb: 13.8856   Cr: 15.7559 )
00000078: 14.7618   (Y': 14.8446   Cb: 13.9112   Cr: 15.7172 )
00000079: 14.7543   (Y': 14.7967   Cb: 13.9479   Cr: 15.6926 )
00000082: 14.7179   (Y': 14.6713   Cb: 14.0002   Cr: 15.6356 )
00000080: 14.7398   (Y': 14.7409   Cb: 13.9643   Cr: 15.6832 )
00000083: 14.721    (Y': 14.73     Cb: 13.9942   Cr: 15.5835 )
00000081: 14.744    (Y': 14.6933   Cb: 14.0054   Cr: 15.6976 )
00000084: 14.7695   (Y': 14.719    Cb: 14.0761   Cr: 15.6568 )
00000085: 14.8282   (Y': 14.7442   Cb: 14.1488   Cr: 15.7373 )
00000086: 14.9675   (Y': 14.7835   Cb: 14.3211   Cr: 15.9572 )
00000088: 15.3672   (Y': 15.0607   Cb: 14.8188   Cr: 16.3785 )
00000087: 15.1364   (Y': 14.8677   Cb: 14.5551   Cr: 16.1438 )
00000090: 15.7069   (Y': 15.3707   Cb: 15.2329   Cr: 16.6531 )
00000091: 15.6828   (Y': 15.4216   Cb: 15.1667   Cr: 16.5883 )
00000089: 15.4932   (Y': 15.1693   Cb: 14.9659   Cr: 16.4978 )
00000092: 15.7126   (Y': 15.4808   Cb: 15.1715   Cr: 16.6143 )
00000093: 15.6547   (Y': 15.4556   Cb: 15.0554   Cr: 16.596  )
00000094: 15.5602   (Y': 15.3955   Cb: 14.9017   Cr: 16.5421 )
00000095: 15.5665   (Y': 15.4099   Cb: 14.9048   Cr: 16.5429 )
00000096: 15.3563   (Y': 15.3207   Cb: 14.6194   Cr: 16.2885 )
00000098: 15.0495   (Y': 15.1438   Cb: 14.1894   Cr: 16.0053 )
00000097: 15.2107   (Y': 15.2767   Cb: 14.3858   Cr: 16.148  )
00000099: 14.9854   (Y': 15.0496   Cb: 14.1308   Cr: 15.9697 )
00000100: 14.9602   (Y': 15.0483   Cb: 14.0802   Cr: 15.9539 )
00000103: 15.0118   (Y': 14.9772   Cb: 14.1772   Cr: 16.0902 )
00000102: 14.9802   (Y': 15.0132   Cb: 14.1129   Cr: 16.0232 )
00000101: 14.9722   (Y': 15.0119   Cb: 14.1268   Cr: 15.9728 )
00000104: 15.092    (Y': 15.0381   Cb: 14.2517   Cr: 16.2044 )
00000106: 15.198    (Y': 15.0574   Cb: 14.4129   Cr: 16.339  )
00000105: 15.1191   (Y': 15.0338   Cb: 14.2935   Cr: 16.2498 )
00000107: 15.2019   (Y': 15.0448   Cb: 14.4208   Cr: 16.3589 )
00000108: 15.2353   (Y': 14.986    Cb: 14.496    Cr: 16.4538 )
00000109: 15.2228   (Y': 14.974    Cb: 14.4577   Cr: 16.4814 )
00000110: 15.2879   (Y': 14.9574   Cb: 14.6154   Cr: 16.5171 )
00000111: 15.3038   (Y': 14.9325   Cb: 14.6498   Cr: 16.5637 )
00000113: 15.5467   (Y': 15.0627   Cb: 14.9989   Cr: 16.8098 )
00000112: 15.4439   (Y': 14.9653   Cb: 14.8847   Cr: 16.716  )
00000114: 15.5918   (Y': 15.0317   Cb: 15.0835   Cr: 16.9101 )
00000115: 15.583    (Y': 15.047    Cb: 15.0806   Cr: 16.8557 )
00000116: 15.5708   (Y': 15.0061   Cb: 15.0716   Cr: 16.8823 )
00000117: 15.4237   (Y': 14.9678   Cb: 14.8732   Cr: 16.649  )
00000118: 15.2741   (Y': 14.9315   Cb: 14.6583   Cr: 16.4341 )
00000119: 15.2415   (Y': 14.8924   Cb: 14.6432   Cr: 16.3847 )
00000120: 15.0046   (Y': 14.8045   Cb: 14.3199   Cr: 16.0722 )
00000121: 14.9364   (Y': 14.8326   Cb: 14.205    Cr: 15.9471 )
00000122: 14.8785   (Y': 14.8688   Cb: 14.0746   Cr: 15.8779 )
00000123: 14.913    (Y': 14.8557   Cb: 14.1384   Cr: 15.9286 )
00000124: 15.0679   (Y': 14.9201   Cb: 14.4011   Cr: 16.0402 )
00000125: 15.1483   (Y': 14.9242   Cb: 14.5757   Cr: 16.0844 )
00000126: 15.3443   (Y': 15.0049   Cb: 14.919    Cr: 16.2283 )
00000127: 15.3796   (Y': 15.0199   Cb: 14.9819   Cr: 16.2533 )
00000128: 15.3353   (Y': 15.1023   Cb: 14.8912   Cr: 16.1071 )
00000129: 15.4638   (Y': 15.133    Cb: 15.0924   Cr: 16.2649 )
00000130: 15.4213   (Y': 15.1929   Cb: 14.9817   Cr: 16.1812 )
00000131: 15.2525   (Y': 15.1257   Cb: 14.7606   Cr: 15.9561 )
00000132: 15.3157   (Y': 15.2062   Cb: 14.9353   Cr: 15.8563 )
00000134: 15.4729   (Y': 15.3774   Cb: 15.0922   Cr: 15.998  )
00000133: 15.318    (Y': 15.2716   Cb: 14.8881   Cr: 15.8477 )
00000135: 15.4287   (Y': 15.3579   Cb: 14.9565   Cr: 16.0401 )
00000138: 15.5333   (Y': 15.5073   Cb: 14.9254   Cr: 16.2712 )
00000136: 15.5618   (Y': 15.4915   Cb: 15.0321   Cr: 16.2475 )
00000137: 15.7196   (Y': 15.6253   Cb: 15.1997   Cr: 16.4209 )
00000139: 15.5326   (Y': 15.535    Cb: 14.953    Cr: 16.1988 )
00000140: 15.5609   (Y': 15.5828   Cb: 14.9662   Cr: 16.2246 )
00000141: 15.5501   (Y': 15.6064   Cb: 14.9718   Cr: 16.1527 )
00000144: 15.8585   (Y': 15.6274   Cb: 15.3612   Cr: 16.6991 )
00000145: 15.8435   (Y': 15.6118   Cb: 15.3466   Cr: 16.6843 )
00000143: 15.5629   (Y': 15.5474   Cb: 15.0323   Cr: 16.1852 )
00000142: 15.4185   (Y': 15.5762   Cb: 14.8442   Cr: 15.9037 )
00000146: 15.6276   (Y': 15.4872   Cb: 15.059    Cr: 16.4511 )
00000147: 15.5243   (Y': 15.3928   Cb: 14.9852   Cr: 16.2966 )
00000148: 15.2734   (Y': 15.2272   Cb: 14.7294   Cr: 15.9494 )
00000150: 15.1348   (Y': 15.2046   Cb: 14.4059   Cr: 15.9275 )
00000153: 15.0491   (Y': 15.1165   Cb: 14.2336   Cr: 15.9704 )
00000152: 15.1059   (Y': 15.1517   Cb: 14.2816   Cr: 16.067  )
00000149: 15.2284   (Y': 15.2449   Cb: 14.5739   Cr: 15.9797 )
00000154: 15.0187   (Y': 15.0728   Cb: 14.1742   Cr: 16.0001 )
00000151: 15.1339   (Y': 15.2155   Cb: 14.343    Cr: 16.002  )
00000155: 15.0182   (Y': 15.099    Cb: 14.1643   Cr: 15.9811 )
00000156: 15.0124   (Y': 15.1457   Cb: 14.1564   Cr: 15.9149 )
00000157: 15.0762   (Y': 15.1662   Cb: 14.2534   Cr: 15.981  )
00000158: 15.1646   (Y': 15.286    Cb: 14.3262   Cr: 16.055  )
00000159: 15.154    (Y': 15.3608   Cb: 14.2918   Cr: 15.9794 )
00000160: 15.1638   (Y': 15.3707   Cb: 14.3554   Cr: 15.9109 )
00000162: 15.0777   (Y': 15.374    Cb: 14.239    Cr: 15.7685 )
00000161: 15.1381   (Y': 15.4175   Cb: 14.286    Cr: 15.8669 )
00000164: 15.0595   (Y': 15.3398   Cb: 14.2275   Cr: 15.7583 )
00000163: 15.0864   (Y': 15.3479   Cb: 14.2591   Cr: 15.7993 )
00000166: 15.0132   (Y': 15.2939   Cb: 14.219    Cr: 15.6585 )
00000165: 15.0485   (Y': 15.3358   Cb: 14.2183   Cr: 15.7373 )
00000169: 14.9087   (Y': 15.2515   Cb: 14.0212   Cr: 15.6187 )
00000167: 14.9887   (Y': 15.2939   Cb: 14.1675   Cr: 15.6452 )
00000168: 14.9266   (Y': 15.2437   Cb: 14.0582   Cr: 15.6372 )
00000170: 14.8954   (Y': 15.357    Cb: 14.0405   Cr: 15.4344 )
00000172: 14.807    (Y': 15.4627   Cb: 13.8212   Cr: 15.3361 )
00000171: 14.8478   (Y': 15.3421   Cb: 13.9498   Cr: 15.4135 )
00000175: 14.8428   (Y': 15.7224   Cb: 13.7027   Cr: 15.3826 )
00000177: 14.9098   (Y': 15.5814   Cb: 13.8831   Cr: 15.4819 )
00000173: 14.8148   (Y': 15.5798   Cb: 13.7619   Cr: 15.3348 )
00000174: 14.8743   (Y': 15.7774   Cb: 13.733    Cr: 15.3941 )
00000178: 14.8682   (Y': 15.5151   Cb: 13.86     Cr: 15.4377 )
00000176: 14.8037   (Y': 15.5213   Cb: 13.7537   Cr: 15.3649 )
00000179: 14.8531   (Y': 15.5208   Cb: 13.8196   Cr: 15.4386 )
00000180: 14.7676   (Y': 15.3032   Cb: 13.8191   Cr: 15.3627 )
00000184: 14.8984   (Y': 15.3922   Cb: 13.9638   Cr: 15.5164 )
00000181: 14.7695   (Y': 15.2959   Cb: 13.8499   Cr: 15.3328 )
00000182: 14.7769   (Y': 15.2481   Cb: 13.8473   Cr: 15.4111 )
00000183: 14.7963   (Y': 15.2783   Cb: 13.8466   Cr: 15.4483 )
00000186: 14.92     (Y': 15.397    Cb: 13.9723   Cr: 15.5741 )
00000185: 14.8775   (Y': 15.3919   Cb: 13.9152   Cr: 15.5139 )
00000188: 14.9472   (Y': 15.3756   Cb: 14.0397   Cr: 15.5946 )
00000187: 14.923    (Y': 15.3893   Cb: 13.9742   Cr: 15.5901 )
00000189: 14.987    (Y': 15.4276   Cb: 14.0798   Cr: 15.6209 )
00000190: 14.9502   (Y': 15.411    Cb: 14.0153   Cr: 15.6028 )
00000191: 14.9746   (Y': 15.3812   Cb: 14.0751   Cr: 15.6334 )
00000192: 14.9995   (Y': 15.4481   Cb: 14.0904   Cr: 15.628  )
00000194: 14.9745   (Y': 15.4776   Cb: 14.059    Cr: 15.5558 )
00000193: 15.0068   (Y': 15.5128   Cb: 14.0602   Cr: 15.6295 )
00000196: 14.9206   (Y': 15.5967   Cb: 13.9531   Cr: 15.4041 )
00000195: 14.9529   (Y': 15.5492   Cb: 14.0055   Cr: 15.4857 )
00000197: 14.9794   (Y': 15.5654   Cb: 14.0283   Cr: 15.5278 )
00000198: 14.9104   (Y': 15.5914   Cb: 13.9129   Cr: 15.4314 )
00000199: 14.8507   (Y': 15.6139   Cb: 13.816    Cr: 15.3462 )
00000200: 14.8704   (Y': 15.7644   Cb: 13.8112   Cr: 15.2809 )
00000201: 14.8362   (Y': 15.7669   Cb: 13.7359   Cr: 15.2719 )
00000202: 14.7519   (Y': 15.6518   Cb: 13.632    Cr: 15.2433 )
00000204: 14.8153   (Y': 15.5699   Cb: 13.7433   Cr: 15.3728 )
00000203: 14.7593   (Y': 15.633    Cb: 13.6346   Cr: 15.2818 )
00000205: 14.8635   (Y': 15.701    Cb: 13.7871   Cr: 15.3495 )
00000207: 14.7232   (Y': 15.5644   Cb: 13.6906   Cr: 15.144  )
00000206: 14.8128   (Y': 15.5803   Cb: 13.7695   Cr: 15.3167 )
00000208: 14.5395   (Y': 15.5421   Cb: 13.4493   Cr: 14.8978 )
00000210: 14.6887   (Y': 15.5442   Cb: 13.6195   Cr: 15.1479 )
00000209: 14.651    (Y': 15.5016   Cb: 13.6439   Cr: 15.0278 )
00000212: 14.8627   (Y': 15.6193   Cb: 13.7522   Cr: 15.4749 )
00000211: 14.7257   (Y': 15.5024   Cb: 13.6687   Cr: 15.2406 )
00000213: 14.8594   (Y': 15.6671   Cb: 13.7606   Cr: 15.4056 )
00000214: 14.8898   (Y': 15.6227   Cb: 13.8314   Cr: 15.4483 )
00000215: 14.9173   (Y': 15.6455   Cb: 13.8722   Cr: 15.4613 )
00000216: 14.8613   (Y': 15.5902   Cb: 13.7973   Cr: 15.432  )
00000218: 14.7424   (Y': 15.5134   Cb: 13.7132   Cr: 15.2229 )
00000217: 14.8532   (Y': 15.5983   Cb: 13.7815   Cr: 15.4193 )
00000220: 14.4815   (Y': 15.459    Cb: 13.4105   Cr: 14.8346 )
00000219: 14.5865   (Y': 15.5114   Cb: 13.5017   Cr: 15.0053 )
00000221: 14.6116   (Y': 15.5593   Cb: 13.556    Cr: 14.9695 )
00000223: 14.7578   (Y': 15.6034   Cb: 13.7119   Cr: 15.1931 )
00000222: 14.5994   (Y': 15.5762   Cb: 13.5193   Cr: 14.9659 )
00000224: 14.9159   (Y': 15.5843   Cb: 13.9185   Cr: 15.449  )
00000225: 15.0188   (Y': 15.6402   Cb: 14.0646   Cr: 15.5366 )
00000226: 14.9938   (Y': 15.6822   Cb: 14.046    Cr: 15.4383 )
00000227: 15.0372   (Y': 15.6112   Cb: 14.2247   Cr: 15.4083 )
00000228: 15.4115   (Y': 15.7657   Cb: 14.7299   Cr: 15.8288 )
00000229: 15.5569   (Y': 15.8333   Cb: 14.8733   Cr: 16.057  )
00000231: 15.6649   (Y': 15.8523   Cb: 15.0745   Cr: 16.1388 )
00000232: 15.7746   (Y': 15.9703   Cb: 15.2252   Cr: 16.188  )
00000234: 15.9225   (Y': 16.1464   Cb: 15.4213   Cr: 16.2475 )
00000230: 15.6196   (Y': 15.796    Cb: 14.9826   Cr: 16.1657 )
00000233: 15.8494   (Y': 16.0318   Cb: 15.3401   Cr: 16.2273 )
00000235: 15.9788   (Y': 16.1579   Cb: 15.4956   Cr: 16.3282 )
00000236: 16.0108   (Y': 16.1836   Cb: 15.5122   Cr: 16.3855 )
00000237: 15.9855   (Y': 16.2196   Cb: 15.4722   Cr: 16.3144 )
00000238: 16.0737   (Y': 16.2434   Cb: 15.5758   Cr: 16.4507 )
00000239: 16.1015   (Y': 16.189    Cb: 15.6575   Cr: 16.5    )
00000242: 16.2516   (Y': 16.0349   Cb: 15.9138   Cr: 16.8666 )
00000240: 16.1561   (Y': 16.1343   Cb: 15.7559   Cr: 16.621  )
00000241: 16.168    (Y': 16.071    Cb: 15.7988   Cr: 16.6805 )
00000244: 16.1473   (Y': 15.777    Cb: 15.8929   Cr: 16.8495 )
00000243: 16.231    (Y': 15.9761   Cb: 15.9226   Cr: 16.8561 )
00000245: 16.1309   (Y': 15.7335   Cb: 15.8818   Cr: 16.8617 )
00000246: 15.9977   (Y': 15.5243   Cb: 15.7749   Cr: 16.7953 )
00000247: 15.9888   (Y': 15.4675   Cb: 15.7884   Cr: 16.823  )
00000249: 15.8703   (Y': 15.2673   Cb: 15.6925   Cr: 16.7893 )
00000250: 15.7796   (Y': 15.1499   Cb: 15.6064   Cr: 16.7309 )
00000248: 15.9216   (Y': 15.3458   Cb: 15.7356   Cr: 16.813  )
00000251: 15.7459   (Y': 15.1225   Cb: 15.5862   Cr: 16.6709 )
00000252: 15.6278   (Y': 15.057    Cb: 15.4412   Cr: 16.5128 )
00000253: 15.6069   (Y': 15.0082   Cb: 15.4508   Cr: 16.492  )
00000254: 15.5481   (Y': 14.9953   Cb: 15.3189   Cr: 16.4628 )
00000255: 15.5248   (Y': 14.9957   Cb: 15.2672   Cr: 16.4436 )
00000257: 15.5176   (Y': 14.9904   Cb: 15.2273   Cr: 16.4769 )
00000258: 15.4805   (Y': 14.9604   Cb: 15.1903   Cr: 16.4299 )
00000260: 15.4847   (Y': 15.0689   Cb: 15.1335   Cr: 16.3715 )
00000259: 15.4724   (Y': 15.0104   Cb: 15.1474   Cr: 16.3871 )
00000256: 15.5268   (Y': 14.9833   Cb: 15.2464   Cr: 16.4959 )
00000261: 15.4819   (Y': 15.0983   Cb: 15.1268   Cr: 16.3309 )
00000262: 15.5148   (Y': 15.1852   Cb: 15.1154   Cr: 16.351  )
00000263: 15.5196   (Y': 15.1971   Cb: 15.136    Cr: 16.3258 )
00000264: 15.6157   (Y': 15.2572   Cb: 15.3081   Cr: 16.3699 )
00000265: 15.6753   (Y': 15.3516   Cb: 15.3612   Cr: 16.3934 )
00000268: 15.9359   (Y': 15.6775   Cb: 15.632    Cr: 16.5597 )
00000266: 15.8      (Y': 15.464    Cb: 15.5128   Cr: 16.4999 )
00000267: 15.835    (Y': 15.5443   Cb: 15.5258   Cr: 16.5052 )
00000269: 15.9649   (Y': 15.7572   Cb: 15.6277   Cr: 16.5681 )
00000270: 15.9979   (Y': 15.8954   Cb: 15.5972   Cr: 16.5559 )
00000271: 16.0209   (Y': 15.9352   Cb: 15.5979   Cr: 16.587  )
00000272: 16.0445   (Y': 16.0217   Cb: 15.6053   Cr: 16.5589 )
00000273: 16.0496   (Y': 16.0902   Cb: 15.5698   Cr: 16.5436 )
00000275: 15.9833   (Y': 16.104    Cb: 15.4377   Cr: 16.4723 )
00000274: 16.0098   (Y': 16.0811   Cb: 15.4906   Cr: 16.5194 )
00000276: 15.9037   (Y': 16.1751   Cb: 15.2891   Cr: 16.3203 )
00000277: 15.8699   (Y': 16.2233   Cb: 15.2082   Cr: 16.2625 )
00000278: 15.7912   (Y': 16.3508   Cb: 15.0563   Cr: 16.0762 )
00000279: 15.7376   (Y': 16.3877   Cb: 14.9686   Cr: 15.9817 )
00000280: 15.6752   (Y': 16.3776   Cb: 14.9073   Cr: 15.8709 )
00000282: 15.5616   (Y': 16.3557   Cb: 14.74     Cr: 15.744  )
00000281: 15.6072   (Y': 16.3731   Cb: 14.7918   Cr: 15.8065 )
00000283: 15.5574   (Y': 16.3838   Cb: 14.723    Cr: 15.7281 )
00000284: 15.4477   (Y': 16.3336   Cb: 14.5777   Cr: 15.6127 )
00000285: 15.4414   (Y': 16.3251   Cb: 14.5795   Cr: 15.5979 )
00000286: 15.2907   (Y': 16.2733   Cb: 14.3667   Cr: 15.4436 )
00000287: 15.2507   (Y': 16.3229   Cb: 14.2702   Cr: 15.4033 )
00000289: 15.7828   (Y': 16.6162   Cb: 14.9567   Cr: 15.9372 )
00000288: 15.7994   (Y': 16.6024   Cb: 14.9682   Cr: 15.9864 )
00000290: 15.8339   (Y': 16.6489   Cb: 15.0094   Cr: 16.0021 )
00000291: 15.8482   (Y': 16.6574   Cb: 15.0484   Cr: 15.9905 )
00000292: 15.6335   (Y': 16.4931   Cb: 14.8314   Cr: 15.7357 )
00000293: 15.5963   (Y': 16.4572   Cb: 14.7815   Cr: 15.713  )
00000294: 15.5257   (Y': 16.3704   Cb: 14.7126   Cr: 15.6542 )
00000295: 15.4621   (Y': 16.3401   Cb: 14.6506   Cr: 15.5605 )
00000296: 15.3375   (Y': 16.2659   Cb: 14.4704   Cr: 15.4632 )
00000297: 15.2215   (Y': 16.1833   Cb: 14.3422   Cr: 15.335  )
00000298: 15.1032   (Y': 16.1383   Cb: 14.1953   Cr: 15.193  )
00000299: 15.0929   (Y': 16.145    Cb: 14.1833   Cr: 15.1711 )
00000300: 14.8217   (Y': 15.9967   Cb: 13.8397   Cr: 14.8948 )
00000301: 14.7489   (Y': 15.9504   Cb: 13.7247   Cr: 14.8556 )
00000302: 14.7949   (Y': 15.906    Cb: 13.8138   Cr: 14.917  )
00000303: 14.7357   (Y': 15.8686   Cb: 13.7481   Cr: 14.8489 )
00000304: 14.6746   (Y': 15.7704   Cb: 13.6818   Cr: 14.8242 )
00000305: 14.6365   (Y': 15.727    Cb: 13.6285   Cr: 14.8101 )
00000307: 14.5896   (Y': 15.6355   Cb: 13.5933   Cr: 14.7844 )
00000306: 14.594    (Y': 15.6583   Cb: 13.5912   Cr: 14.7822 )
00000308: 14.5813   (Y': 15.6523   Cb: 13.5807   Cr: 14.7611 )
00000309: 14.5495   (Y': 15.6382   Cb: 13.5474   Cr: 14.7168 )
00000310: 14.4976   (Y': 15.656    Cb: 13.4447   Cr: 14.676  )
00000311: 14.4867   (Y': 15.6959   Cb: 13.4211   Cr: 14.6417 )
00000312: 14.4927   (Y': 15.7287   Cb: 13.41     Cr: 14.6493 )
00000313: 14.4693   (Y': 15.7495   Cb: 13.3727   Cr: 14.6102 )
00000314: 14.4362   (Y': 15.7645   Cb: 13.3258   Cr: 14.5589 )
00000316: 14.3974   (Y': 15.781    Cb: 13.2727   Cr: 14.4973 )
00000315: 14.4267   (Y': 15.7745   Cb: 13.3117   Cr: 14.5408 )
00000317: 14.3814   (Y': 15.7801   Cb: 13.2494   Cr: 14.4799 )
00000318: 14.355    (Y': 15.7682   Cb: 13.2084   Cr: 14.4621 )
00000319: 14.3396   (Y': 15.7327   Cb: 13.2029   Cr: 14.4486 )
00000320: 14.3185   (Y': 15.7264   Cb: 13.1755   Cr: 14.425  )
00000323: 14.2636   (Y': 15.6539   Cb: 13.1226   Cr: 14.3804 )
00000321: 14.2984   (Y': 15.673    Cb: 13.1671   Cr: 14.4139 )
00000322: 14.2897   (Y': 15.6744   Cb: 13.1405   Cr: 14.4217 )
00000324: 14.2539   (Y': 15.6251   Cb: 13.1302   Cr: 14.3618 )
00000325: 14.2453   (Y': 15.6448   Cb: 13.1017   Cr: 14.3587 )
00000326: 14.1994   (Y': 15.6293   Cb: 13.0439   Cr: 14.3063 )
00000328: 14.1569   (Y': 15.6052   Cb: 12.998    Cr: 14.2546 )
00000327: 14.177    (Y': 15.6164   Cb: 13.0262   Cr: 14.2706 )
00000331: 14.1409   (Y': 15.5627   Cb: 12.9951   Cr: 14.2406 )
00000330: 14.1417   (Y': 15.546    Cb: 12.9929   Cr: 14.2583 )
00000329: 14.1614   (Y': 15.6075   Cb: 13.0011   Cr: 14.2626 )
00000332: 14.1389   (Y': 15.5584   Cb: 12.9876   Cr: 14.2478 )
00000333: 14.1503   (Y': 15.5409   Cb: 13.0103   Cr: 14.2655 )
00000334: 14.1433   (Y': 15.5455   Cb: 13.0023   Cr: 14.2512 )
00000336: 14.1304   (Y': 15.552    Cb: 12.9808   Cr: 14.2354 )
00000335: 14.147    (Y': 15.5549   Cb: 12.9962   Cr: 14.2637 )
00000338: 14.1235   (Y': 15.5105   Cb: 12.9932   Cr: 14.2284 )
00000339: 14.109    (Y': 15.5382   Cb: 12.9692   Cr: 14.1953 )
00000337: 14.1169   (Y': 15.5352   Cb: 12.9664   Cr: 14.2255 )
00000340: 14.0885   (Y': 15.5524   Cb: 12.9466   Cr: 14.1523 )
00000341: 14.0683   (Y': 15.5344   Cb: 12.9382   Cr: 14.1149 )
00000342: 14.0608   (Y': 15.53     Cb: 12.9314   Cr: 14.1046 )
00000344: 14.0309   (Y': 15.5181   Cb: 12.8966   Cr: 14.0681 )
00000343: 14.0469   (Y': 15.5247   Cb: 12.9144   Cr: 14.0883 )
00000346: 14.0078   (Y': 15.4922   Cb: 12.8806   Cr: 14.0375 )
00000345: 14.0265   (Y': 15.5188   Cb: 12.889    Cr: 14.0641 )
00000348: 14.0292   (Y': 15.502    Cb: 12.8969   Cr: 14.0739 )
00000347: 14.0137   (Y': 15.5015   Cb: 12.8817   Cr: 14.0472 )
00000349: 14.0468   (Y': 15.5116   Cb: 12.9055   Cr: 14.1093 )
00000351: 14.0395   (Y': 15.4977   Cb: 12.873    Cr: 14.1403 )
00000350: 14.0425   (Y': 15.499    Cb: 12.8915   Cr: 14.1236 )
00000352: 14.0644   (Y': 15.4986   Cb: 12.8984   Cr: 14.1822 )
00000353: 14.0818   (Y': 15.521    Cb: 12.9147   Cr: 14.1972 )
00000354: 14.0959   (Y': 15.5155   Cb: 12.9419   Cr: 14.2082 )
00000356: 14.1035   (Y': 15.5372   Cb: 12.9446   Cr: 14.2121 )
00000355: 14.0989   (Y': 15.5217   Cb: 12.939    Cr: 14.2169 )
00000357: 14.0893   (Y': 15.5281   Cb: 12.9378   Cr: 14.1841 )
00000358: 14.0726   (Y': 15.5119   Cb: 12.9192   Cr: 14.1695 )
00000359: 14.0875   (Y': 15.5273   Cb: 12.9286   Cr: 14.1917 )
00000360: 14.0668   (Y': 15.5303   Cb: 12.8882   Cr: 14.18   )
00000361: 14.064    (Y': 15.5319   Cb: 12.8914   Cr: 14.1658 )
00000363: 14.0762   (Y': 15.5308   Cb: 12.9024   Cr: 14.1892 )
00000362: 14.0594   (Y': 15.5066   Cb: 12.8876   Cr: 14.1754 )
00000364: 14.0606   (Y': 15.5097   Cb: 12.8937   Cr: 14.1685 )
00000365: 14.0552   (Y': 15.5059   Cb: 12.8953   Cr: 14.1525 )
00000366: 14.0622   (Y': 15.4924   Cb: 12.9085   Cr: 14.1664 )
00000367: 14.0675   (Y': 15.4988   Cb: 12.9084   Cr: 14.1781 )
00000368: 27.579    (Y': 25.7457   Cb: 28.9225   Cr: 28.8815 )
00000369: 19.5343   (Y': 16.8888   Cb: 21.4423   Cr: 22.4024 )
00000371: 16.6378   (Y': 14.8455   Cb: 16.944    Cr: 19.1775 )
00000370: 17.1745   (Y': 15.1135   Cb: 17.7888   Cr: 19.9764 )
00000372: 16.0454   (Y': 14.7925   Cb: 15.8958   Cr: 18.0481 )
00000374: 15.4758   (Y': 14.8611   Cb: 14.9298   Cr: 16.9391 )
00000373: 15.8428   (Y': 14.8463   Cb: 15.4965   Cr: 17.6535 )
00000375: 15.3138   (Y': 14.8895   Cb: 14.6907   Cr: 16.6036 )
00000377: 14.9273   (Y': 14.941    Cb: 14.1633   Cr: 15.8382 )
00000376: 15.0415   (Y': 14.8882   Cb: 14.3167   Cr: 16.1068 )
00000378: 14.8178   (Y': 14.958    Cb: 14.0198   Cr: 15.6266 )
00000379: 14.8171   (Y': 14.9602   Cb: 14.0181   Cr: 15.6241 )
00000380: 14.8237   (Y': 15.0151   Cb: 13.9903   Cr: 15.6246 )
00000382: 14.9951   (Y': 15.0757   Cb: 14.2413   Cr: 15.8103 )
00000381: 14.8695   (Y': 15.0425   Cb: 14.0639   Cr: 15.6514 )
00000383: 15.0203   (Y': 15.0963   Cb: 14.2877   Cr: 15.8106 )
00000386: 14.8693   (Y': 15.0962   Cb: 14.0878   Cr: 15.556  )
00000384: 15.012    (Y': 15.141    Cb: 14.259    Cr: 15.7695 )
00000385: 15.0214   (Y': 15.1504   Cb: 14.2929   Cr: 15.7445 )
00000387: 14.8094   (Y': 15.0831   Cb: 13.9776   Cr: 15.5152 )
00000388: 14.7156   (Y': 14.9571   Cb: 13.9321   Cr: 15.3887 )
00000390: 14.7773   (Y': 14.9189   Cb: 14.1114   Cr: 15.4001 )
00000389: 14.6867   (Y': 14.928    Cb: 13.9104   Cr: 15.3501 )
00000391: 14.9539   (Y': 14.947    Cb: 14.415    Cr: 15.5772 )
00000392: 15.2598   (Y': 15.0202   Cb: 14.8521   Cr: 15.992  )
00000393: 15.6029   (Y': 15.441    Cb: 15.138    Cr: 16.3138 )
00000394: 15.7205   (Y': 15.3814   Cb: 15.3542   Cr: 16.5258 )
00000395: 15.5651   (Y': 14.9433   Cb: 15.3574   Cr: 16.55   )
00000396: 15.573    (Y': 14.9164   Cb: 15.4028   Cr: 16.5594 )
00000397: 15.6771   (Y': 15.3473   Cb: 15.3007   Cr: 16.4834 )
00000398: 15.5644   (Y': 15.322    Cb: 15.1063   Cr: 16.3668 )
00000399: 15.5225   (Y': 15.298    Cb: 15.0464   Cr: 16.326  )
00000400: 15.3286   (Y': 15.1939   Cb: 14.7494   Cr: 16.1597 )
00000403: 15.2174   (Y': 15.1222   Cb: 14.5345   Cr: 16.1457 )
00000404: 15.2089   (Y': 15.0828   Cb: 14.5269   Cr: 16.1754 )
00000402: 15.1998   (Y': 15.1027   Cb: 14.5203   Cr: 16.1256 )
00000401: 15.3167   (Y': 15.1346   Cb: 14.732    Cr: 16.2157 )
00000406: 15.1045   (Y': 15.0215   Cb: 14.3696   Cr: 16.0934 )
00000405: 15.1623   (Y': 15.0645   Cb: 14.4387   Cr: 16.1538 )
00000408: 15.0294   (Y': 14.8843   Cb: 14.3498   Cr: 16.0168 )
00000407: 15.0883   (Y': 14.9849   Cb: 14.3894   Cr: 16.0504 )
00000409: 14.9991   (Y': 14.8298   Cb: 14.3477   Cr: 15.9769 )
00000411: 15.0036   (Y': 14.8642   Cb: 14.352    Cr: 15.9429 )
00000410: 15.0006   (Y': 14.8227   Cb: 14.3613   Cr: 15.9721 )
00000412: 14.9553   (Y': 14.8379   Cb: 14.3219   Cr: 15.8405 )
00000413: 14.9386   (Y': 14.8664   Cb: 14.2974   Cr: 15.7785 )
00000414: 14.8991   (Y': 14.9151   Cb: 14.2528   Cr: 15.6395 )
00000415: 14.8919   (Y': 14.9026   Cb: 14.2649   Cr: 15.6124 )
00000416: 14.8889   (Y': 14.9123   Cb: 14.2832   Cr: 15.5657 )
00000417: 14.8762   (Y': 14.8893   Cb: 14.2948   Cr: 15.5324 )
00000418: 14.8829   (Y': 14.9385   Cb: 14.2524   Cr: 15.5557 )
00000419: 14.8421   (Y': 14.9277   Cb: 14.2346   Cr: 15.4499 )
00000420: 14.8147   (Y': 14.9605   Cb: 14.1796   Cr: 15.3919 )
00000422: 14.7588   (Y': 15.0169   Cb: 14.0736   Cr: 15.2805 )
00000421: 14.8172   (Y': 15.0124   Cb: 14.1547   Cr: 15.3765 )
00000423: 14.7312   (Y': 15.0445   Cb: 14.0052   Cr: 15.2488 )
00000424: 14.6901   (Y': 15.0705   Cb: 13.9569   Cr: 15.1477 )
00000425: 14.6802   (Y': 15.1044   Cb: 13.9461   Cr: 15.0952 )
00000426: 14.6875   (Y': 15.0914   Cb: 13.9674   Cr: 15.1043 )
00000427: 14.7718   (Y': 15.12     Cb: 14.096    Cr: 15.1876 )
00000428: 14.9187   (Y': 15.2608   Cb: 14.2647   Cr: 15.3128 )
00000429: 14.9688   (Y': 15.2941   Cb: 14.3282   Cr: 15.3629 )
00000430: 14.9748   (Y': 15.3703   Cb: 14.3554   Cr: 15.2725 )
00000432: 15.7952   (Y': 15.609    Cb: 15.5337   Cr: 16.2812 )
00000433: 15.8867   (Y': 15.4613   Cb: 15.7      Cr: 16.5763 )
00000431: 15.412    (Y': 15.3921   Cb: 15.0672   Cr: 15.8084 )
00000434: 15.6744   (Y': 15.8312   Cb: 15.1495   Cr: 16.0982 )
00000435: 15.167    (Y': 15.6684   Cb: 14.4875   Cr: 15.4372 )
00000436: 14.7501   (Y': 15.4867   Cb: 13.9573   Cr: 14.9466 )
00000438: 15.0422   (Y': 15.5303   Cb: 14.3382   Cr: 15.356  )
00000437: 14.8998   (Y': 15.5247   Cb: 14.1555   Cr: 15.1361 )
00000439: 15.1795   (Y': 15.5519   Cb: 14.5328   Cr: 15.5339 )
00000441: 15.1215   (Y': 15.5025   Cb: 14.4735   Cr: 15.469  )
00000440: 15.1661   (Y': 15.5445   Cb: 14.5111   Cr: 15.5252 )
00000444: 15.3763   (Y': 15.5375   Cb: 14.7985   Cr: 15.8623 )
00000442: 15.2282   (Y': 15.4899   Cb: 14.6226   Cr: 15.6431 )
00000443: 15.2963   (Y': 15.4832   Cb: 14.7414   Cr: 15.7259 )
00000446: 15.6349   (Y': 15.6309   Cb: 15.1319   Cr: 16.2083 )
00000445: 15.4727   (Y': 15.6037   Cb: 14.9136   Cr: 15.9673 )
00000447: 15.6967   (Y': 15.6725   Cb: 15.1807   Cr: 16.3101 )
00000448: 15.7521   (Y': 15.7244   Cb: 15.2502   Cr: 16.3515 )
00000449: 15.8528   (Y': 15.7484   Cb: 15.3749   Cr: 16.511  )
00000450: 15.9021   (Y': 15.7497   Cb: 15.4893   Cr: 16.5339 )
00000452: 16.0186   (Y': 15.7642   Cb: 15.6225   Cr: 16.7543 )
00000451: 15.9837   (Y': 15.7601   Cb: 15.6251   Cr: 16.6331 )
00000453: 16.0866   (Y': 15.8057   Cb: 15.7093   Cr: 16.8312 )
00000455: 16.185    (Y': 15.6708   Cb: 15.9919   Cr: 17.0005 )
00000454: 16.1644   (Y': 15.7325   Cb: 15.9034   Cr: 16.9552 )
00000456: 16.0932   (Y': 15.6676   Cb: 15.8988   Cr: 16.7924 )
00000457: 16.1085   (Y': 15.6511   Cb: 15.9787   Cr: 16.7704 )
00000458: 16.1128   (Y': 15.6147   Cb: 15.9879   Cr: 16.8224 )
00000459: 16.1157   (Y': 15.5888   Cb: 16.0134   Cr: 16.8359 )
00000460: 16.1549   (Y': 15.6624   Cb: 16.0251   Cr: 16.863  )
00000461: 16.1776   (Y': 15.6837   Cb: 16.0526   Cr: 16.8816 )
00000462: 16.2126   (Y': 15.6964   Cb: 16.1011   Cr: 16.9299 )
00000463: 16.2886   (Y': 15.7212   Cb: 16.2424   Cr: 16.9958 )
00000464: 16.33     (Y': 15.6505   Cb: 16.3294   Cr: 17.1368 )
00000465: 16.3496   (Y': 15.6106   Cb: 16.3741   Cr: 17.2106 )
00000466: 16.4094   (Y': 15.5337   Cb: 16.5411   Cr: 17.3434 )
00000467: 16.4128   (Y': 15.5052   Cb: 16.5541   Cr: 17.3842 )
00000468: 16.4707   (Y': 15.566    Cb: 16.5663   Cr: 17.4936 )
00000469: 16.4587   (Y': 15.5522   Cb: 16.5627   Cr: 17.474  )
00000470: 16.4847   (Y': 15.5357   Cb: 16.5915   Cr: 17.5634 )
00000471: 16.449    (Y': 15.5152   Cb: 16.5302   Cr: 17.5357 )
00000472: 16.4728   (Y': 15.4847   Cb: 16.5499   Cr: 17.6526 )
00000473: 16.4917   (Y': 15.4903   Cb: 16.5996   Cr: 17.6538 )
00000474: 16.4962   (Y': 15.4738   Cb: 16.6298   Cr: 17.6605 )
00000475: 16.4901   (Y': 15.4351   Cb: 16.6334   Cr: 17.6964 )
00000476: 16.4811   (Y': 15.3125   Cb: 16.7359   Cr: 17.741  )
00000477: 16.4632   (Y': 15.3098   Cb: 16.7356   Cr: 17.6746 )
00000478: 16.3666   (Y': 15.2789   Cb: 16.6059   Cr: 17.5073 )
00000479: 16.3567   (Y': 15.2522   Cb: 16.622    Cr: 17.4938 )
00000480: 16.2679   (Y': 15.1633   Cb: 16.5565   Cr: 17.3767 )
00000481: 16.2402   (Y': 15.1341   Cb: 16.5357   Cr: 17.3432 )
00000482: 16.1486   (Y': 15.1003   Cb: 16.3969   Cr: 17.2133 )
00000483: 16.1327   (Y': 15.0783   Cb: 16.3822   Cr: 17.2059 )
00000484: 16.0923   (Y': 15.0705   Cb: 16.2839   Cr: 17.183  )
00000485: 16.0763   (Y': 15.0439   Cb: 16.2851   Cr: 17.1634 )
00000486: 16.0169   (Y': 15.0532   Cb: 16.1533   Cr: 17.0822 )
00000487: 16.043    (Y': 15.0509   Cb: 16.1853   Cr: 17.1467 )
00000488: 16.069    (Y': 15.0238   Cb: 16.2184   Cr: 17.2512 )
00000489: 16.1022   (Y': 15.0541   Cb: 16.2187   Cr: 17.3313 )
00000490: 16.0862   (Y': 14.9134   Cb: 16.2437   Cr: 17.4793 )
00000491: 16.0842   (Y': 14.8857   Cb: 16.24     Cr: 17.5264 )
00000492: 16.0486   (Y': 14.836    Cb: 16.1914   Cr: 17.5345 )
00000493: 15.9994   (Y': 14.7956   Cb: 16.1086   Cr: 17.515  )
00000494: 15.9058   (Y': 14.7315   Cb: 15.9755   Cr: 17.4213 )
00000495: 15.8745   (Y': 14.718    Cb: 15.917    Cr: 17.3951 )
00000496: 15.7221   (Y': 14.5453   Cb: 15.734    Cr: 17.3244 )
00000497: 15.6093   (Y': 14.4717   Cb: 15.5769   Cr: 17.2016 )
00000498: 15.4756   (Y': 14.363    Cb: 15.3931   Cr: 17.0945 )
00000500: 15.375    (Y': 14.2829   Cb: 15.2269   Cr: 17.0536 )
00000499: 15.4516   (Y': 14.3618   Cb: 15.3433   Cr: 17.066  )
00000501: 15.3447   (Y': 14.2632   Cb: 15.2006   Cr: 16.9973 )
00000502: 15.339    (Y': 14.3046   Cb: 15.1482   Cr: 16.9748 )
00000503: 15.4595   (Y': 14.458    Cb: 15.3031   Cr: 16.9839 )
00000504: 15.5516   (Y': 14.5951   Cb: 15.3899   Cr: 17.0043 )
00000505: 15.5853   (Y': 14.6416   Cb: 15.4309   Cr: 17.0053 )
00000506: 15.6767   (Y': 14.7313   Cb: 15.5293   Cr: 17.0894 )
00000507: 15.6955   (Y': 14.758    Cb: 15.532    Cr: 17.118  )
00000508: 15.6787   (Y': 14.8037   Cb: 15.5016   Cr: 17.0151 )
00000509: 15.659    (Y': 14.8077   Cb: 15.4718   Cr: 16.9703 )
00000510: 15.6403   (Y': 14.8587   Cb: 15.4284   Cr: 16.8735 )
00000512: 15.5492   (Y': 14.8772   Cb: 15.2734   Cr: 16.7009 )
00000511: 15.6241   (Y': 14.8707   Cb: 15.396    Cr: 16.8352 )
00000513: 15.5207   (Y': 14.8758   Cb: 15.234    Cr: 16.6464 )
00000514: 15.4805   (Y': 14.9202   Cb: 15.1371   Cr: 16.5596 )
00000515: 15.4372   (Y': 14.9119   Cb: 15.0861   Cr: 16.4763 )
00000516: 15.3954   (Y': 14.9405   Cb: 15.02     Cr: 16.3682 )
00000517: 15.392    (Y': 14.9953   Cb: 14.9923   Cr: 16.3183 )
00000518: 15.3547   (Y': 14.9866   Cb: 14.9606   Cr: 16.2348 )
00000519: 15.3354   (Y': 15.0011   Cb: 14.9345   Cr: 16.1798 )
00000520: 15.3143   (Y': 15.0593   Cb: 14.8782   Cr: 16.1034 )
00000521: 15.2859   (Y': 15.0697   Cb: 14.8304   Cr: 16.0514 )
00000522: 15.2715   (Y': 15.1708   Cb: 14.7829   Cr: 15.9394 )
00000523: 15.2515   (Y': 15.2064   Cb: 14.7744   Cr: 15.839  )
00000524: 15.2018   (Y': 15.2185   Cb: 14.7257   Cr: 15.7178 )
00000525: 15.1838   (Y': 15.2457   Cb: 14.6886   Cr: 15.6736 )
00000526: 15.154    (Y': 15.279    Cb: 14.6411   Cr: 15.5969 )
00000527: 15.1502   (Y': 15.2906   Cb: 14.6384   Cr: 15.5753 )
00000528: 15.1145   (Y': 15.2998   Cb: 14.6049   Cr: 15.4894 )
00000529: 15.1009   (Y': 15.328    Cb: 14.5639   Cr: 15.4662 )
00000530: 15.1084   (Y': 15.3263   Cb: 14.5827   Cr: 15.4694 )
00000531: 15.0882   (Y': 15.3184   Cb: 14.5435   Cr: 15.4597 )
00000532: 15.0698   (Y': 15.3516   Cb: 14.5048   Cr: 15.4137 )
00000533: 15.0358   (Y': 15.378    Cb: 14.4411   Cr: 15.3556 )
00000534: 15.0002   (Y': 15.3878   Cb: 14.4048   Cr: 15.2761 )
00000535: 14.9737   (Y': 15.3744   Cb: 14.3657   Cr: 15.2521 )
00000536: 14.8872   (Y': 15.3442   Cb: 14.2636   Cr: 15.1308 )
00000537: 14.8393   (Y': 15.3309   Cb: 14.187    Cr: 15.085  )
00000538: 14.756    (Y': 15.2582   Cb: 14.1104   Cr: 14.9835 )
00000539: 14.7515   (Y': 15.2579   Cb: 14.0908   Cr: 14.9936 )
00000540: 14.7596   (Y': 15.2322   Cb: 14.1391   Cr: 14.9845 )
00000541: 14.7585   (Y': 15.1956   Cb: 14.1543   Cr: 14.9973 )
00000543: 14.7651   (Y': 15.1379   Cb: 14.1926   Cr: 15.0275 )
00000542: 14.7507   (Y': 15.1685   Cb: 14.1449   Cr: 15.0101 )
00000544: 14.7528   (Y': 15.0833   Cb: 14.2169   Cr: 15.0125 )
00000545: 14.7443   (Y': 15.0519   Cb: 14.2119   Cr: 15.0224 )
00000547: 14.7393   (Y': 14.9972   Cb: 14.2466   Cr: 15.0196 )
00000546: 14.7422   (Y': 15.0177   Cb: 14.2498   Cr: 15.0045 )
00000548: 14.7032   (Y': 14.9954   Cb: 14.182    Cr: 14.9831 )
00000549: 14.7045   (Y': 14.9962   Cb: 14.1908   Cr: 14.9759 )
00000551: 14.7174   (Y': 15.0065   Cb: 14.2075   Cr: 14.9869 )
00000550: 14.6966   (Y': 14.9886   Cb: 14.1937   Cr: 14.955  )
00000552: 14.7416   (Y': 15.0692   Cb: 14.2061   Cr: 15.0038 )
00000553: 14.7434   (Y': 15.0953   Cb: 14.2004   Cr: 14.9908 )
00000554: 14.7182   (Y': 15.1468   Cb: 14.1374   Cr: 14.9369 )
00000555: 14.7148   (Y': 15.207    Cb: 14.0804   Cr: 14.9381 )
00000556: 14.7217   (Y': 15.1314   Cb: 14.1163   Cr: 14.9885 )
00000559: 14.8609   (Y': 15.3058   Cb: 14.2514   Cr: 15.0989 )
00000558: 14.8281   (Y': 15.2862   Cb: 14.2114   Cr: 15.0621 )
00000557: 14.7425   (Y': 15.1922   Cb: 14.1157   Cr: 14.9969 )
00000560: 14.9216   (Y': 15.3463   Cb: 14.3068   Cr: 15.1855 )
00000561: 14.9651   (Y': 15.3721   Cb: 14.3596   Cr: 15.2344 )
00000562: 15.0194   (Y': 15.3855   Cb: 14.4222   Cr: 15.3187 )
00000563: 15.0606   (Y': 15.3812   Cb: 14.4774   Cr: 15.3879 )
00000564: 15.1519   (Y': 15.4142   Cb: 14.6017   Cr: 15.4972 )
00000566: 15.2689   (Y': 15.4066   Cb: 14.7885   Cr: 15.6581 )
00000565: 15.1897   (Y': 15.3809   Cb: 14.6854   Cr: 15.552  )
00000567: 15.3594   (Y': 15.4548   Cb: 14.891    Cr: 15.7794 )
00000568: 15.4911   (Y': 15.5191   Cb: 15.0434   Cr: 15.959  )
00000569: 15.5653   (Y': 15.5412   Cb: 15.1502   Cr: 16.0514 )
00000570: 15.5931   (Y': 15.5198   Cb: 15.164    Cr: 16.1526 )
00000571: 15.5461   (Y': 15.4842   Cb: 15.1069   Cr: 16.1053 )
00000572: 15.5719   (Y': 15.4692   Cb: 15.1288   Cr: 16.1836 )
00000573: 15.6019   (Y': 15.4966   Cb: 15.1429   Cr: 16.2369 )
00000575: 15.6528   (Y': 15.4979   Cb: 15.1875   Cr: 16.3557 )
00000574: 15.6019   (Y': 15.4578   Cb: 15.1421   Cr: 16.2844 )
00000576: 15.6874   (Y': 15.474    Cb: 15.2219   Cr: 16.4627 )
Total: 15.1342   (Y': 15.3441   Cb: 14.4087   Cr: 15.7621 )
