00000000: 17.456    (Y': 15.0998   Cb: 19.0161   Cr: 19.811  )
00000003: 17.6828   (Y': 15.3399   Cb: 19.2352   Cr: 20.008  )
00000006: 17.8533   (Y': 15.533    Cb: 19.4373   Cr: 20.0759 )
00000001: 17.5751   (Y': 15.2226   Cb: 19.1266   Cr: 19.9295 )
00000002: 17.6343   (Y': 15.2716   Cb: 19.2643   Cr: 19.926  )
00000007: 17.9097   (Y': 15.5728   Cb: 19.5315   Cr: 20.1362 )
00000004: 17.702    (Y': 15.3816   Cb: 19.2602   Cr: 19.9552 )
00000005: 17.8267   (Y': 15.4585   Cb: 19.4529   Cr: 20.1386 )
00000008: 17.9479   (Y': 15.5886   Cb: 19.645    Cr: 20.1528 )
00000009: 18.0454   (Y': 15.7077   Cb: 19.6866   Cr: 20.2519 )
00000010: 18.0277   (Y': 15.7161   Cb: 19.5783   Cr: 20.2648 )
00000011: 18.0648   (Y': 15.7469   Cb: 19.6234   Cr: 20.3104 )
00000012: 18.3642   (Y': 15.9213   Cb: 19.9837   Cr: 20.9117 )
00000013: 18.3014   (Y': 15.8629   Cb: 19.9563   Cr: 20.7915 )
00000014: 17.9463   (Y': 15.6589   Cb: 19.4223   Cr: 20.2027 )
00000015: 18.3675   (Y': 15.9795   Cb: 19.9114   Cr: 20.8382 )
00000016: 18.392    (Y': 15.9885   Cb: 19.9882   Cr: 20.8456 )
00000017: 18.3675   (Y': 15.9727   Cb: 19.9428   Cr: 20.8204 )
00000018: 18.3648   (Y': 16.0157   Cb: 19.8273   Cr: 20.8187 )
00000019: 18.3071   (Y': 15.9762   Cb: 19.7694   Cr: 20.7067 )
00000020: 18.3278   (Y': 16.0248   Cb: 19.7834   Cr: 20.6538 )
00000021: 18.4286   (Y': 16.1998   Cb: 19.7427   Cr: 20.7166 )
00000022: 18.4752   (Y': 16.2545   Cb: 19.8079   Cr: 20.7172 )
00000023: 18.522    (Y': 16.3424   Cb: 19.7942   Cr: 20.725  )
00000024: 18.6896   (Y': 16.5796   Cb: 19.9183   Cr: 20.7594 )
00000025: 18.8409   (Y': 16.7689   Cb: 20.0175   Cr: 20.8758 )
00000026: 18.8388   (Y': 16.8417   Cb: 19.9645   Cr: 20.7469 )
00000027: 18.9356   (Y': 16.9485   Cb: 20.0847   Cr: 20.7914 )
00000028: 18.8704   (Y': 16.9316   Cb: 19.9953   Cr: 20.6391 )
00000029: 18.7936   (Y': 16.8387   Cb: 19.9728   Cr: 20.5377 )
00000030: 18.826    (Y': 16.8595   Cb: 19.9575   Cr: 20.6527 )
00000031: 18.7818   (Y': 16.8292   Cb: 19.9457   Cr: 20.538  )
00000032: 18.6544   (Y': 16.7302   Cb: 19.8541   Cr: 20.3045 )
00000033: 18.6583   (Y': 16.7813   Cb: 19.9032   Cr: 20.1544 )
00000034: 18.733    (Y': 16.8526   Cb: 19.9207   Cr: 20.298  )
00000035: 18.7154   (Y': 16.8136   Cb: 19.8804   Cr: 20.3535 )
00000036: 18.7054   (Y': 16.7938   Cb: 19.8443   Cr: 20.3948 )
00000037: 18.6283   (Y': 16.738    Cb: 19.7592   Cr: 20.2783 )
00000038: 18.5757   (Y': 16.685    Cb: 19.7071   Cr: 20.2264 )
00000039: 18.5152   (Y': 16.6317   Cb: 19.6436   Cr: 20.1529 )
00000040: 18.4314   (Y': 16.5823   Cb: 19.4984   Cr: 20.0616 )
00000043: 17.9309   (Y': 16.0998   Cb: 18.9588   Cr: 19.5654 )
00000041: 18.3316   (Y': 16.4863   Cb: 19.4851   Cr: 19.857  )
00000044: 17.7951   (Y': 16.0102   Cb: 18.7612   Cr: 19.3995 )
00000042: 18.2399   (Y': 16.4023   Cb: 19.3889   Cr: 19.7534 )
00000046: 17.3333   (Y': 15.6008   Cb: 18.2199   Cr: 18.917  )
00000045: 17.4634   (Y': 15.7159   Cb: 18.377    Cr: 19.0478 )
00000047: 17.0419   (Y': 15.3149   Cb: 17.8197   Cr: 18.7447 )
00000048: 16.9725   (Y': 15.2287   Cb: 17.7045   Cr: 18.7705 )
00000049: 16.7616   (Y': 15.0372   Cb: 17.4134   Cr: 18.6196 )
00000050: 16.714    (Y': 15.0062   Cb: 17.3195   Cr: 18.5958 )
00000051: 16.6575   (Y': 14.9559   Cb: 17.2022   Cr: 18.6078 )
00000052: 16.6737   (Y': 14.941    Cb: 17.2274   Cr: 18.6846 )
00000053: 16.6507   (Y': 14.9298   Cb: 17.1831   Cr: 18.6634 )
00000054: 16.6604   (Y': 14.8923   Cb: 17.2118   Cr: 18.7592 )
00000055: 16.704    (Y': 14.9451   Cb: 17.2607   Cr: 18.7729 )
00000056: 16.6647   (Y': 14.9413   Cb: 17.1759   Cr: 18.7133 )
00000057: 16.6685   (Y': 14.873    Cb: 17.2404   Cr: 18.8055 )
00000058: 16.7299   (Y': 14.9155   Cb: 17.3302   Cr: 18.8729 )
00000059: 16.7685   (Y': 14.9235   Cb: 17.3885   Cr: 18.9603 )
00000061: 16.7445   (Y': 14.9274   Cb: 17.3413   Cr: 18.8991 )
00000060: 16.7635   (Y': 14.928    Cb: 17.3944   Cr: 18.9157 )
00000062: 16.7689   (Y': 14.9713   Cb: 17.363    Cr: 18.8796 )
00000063: 16.7835   (Y': 15.0165   Cb: 17.3666   Cr: 18.8347 )
00000064: 16.8132   (Y': 15.0241   Cb: 17.4566   Cr: 18.8342 )
00000065: 16.8597   (Y': 15.0715   Cb: 17.5001   Cr: 18.8825 )
00000066: 16.8364   (Y': 15.0386   Cb: 17.5038   Cr: 18.8451 )
00000067: 16.7633   (Y': 14.8952   Cb: 17.4947   Cr: 18.8568 )
00000069: 16.8653   (Y': 14.9522   Cb: 17.6983   Cr: 18.9341 )
00000068: 16.7554   (Y': 14.8765   Cb: 17.5361   Cr: 18.8092 )
00000070: 16.8147   (Y': 14.8894   Cb: 17.6178   Cr: 18.9548 )
00000071: 16.9543   (Y': 14.9797   Cb: 17.8461   Cr: 19.1009 )
00000072: 16.9328   (Y': 14.9252   Cb: 17.8542   Cr: 19.1261 )
00000073: 16.9754   (Y': 14.9212   Cb: 17.8956   Cr: 19.2953 )
00000074: 16.9613   (Y': 14.8992   Cb: 17.9076   Cr: 19.2666 )
00000075: 16.8342   (Y': 14.8196   Cb: 17.6913   Cr: 19.1339 )
00000077: 16.6847   (Y': 14.7998   Cb: 17.4202   Cr: 18.8147 )
00000078: 16.6965   (Y': 14.811    Cb: 17.4136   Cr: 18.8536 )
00000076: 16.7602   (Y': 14.8028   Cb: 17.5657   Cr: 18.98   )
00000079: 16.7048   (Y': 14.8126   Cb: 17.4377   Cr: 18.8566 )
00000080: 16.7141   (Y': 14.7984   Cb: 17.4497   Cr: 18.9228 )
00000081: 16.7709   (Y': 14.8561   Cb: 17.5309   Cr: 18.943  )
00000082: 16.7713   (Y': 14.8679   Cb: 17.5363   Cr: 18.9074 )
00000083: 16.7758   (Y': 14.8669   Cb: 17.5624   Cr: 18.8964 )
00000084: 16.8053   (Y': 14.9136   Cb: 17.5533   Cr: 18.9355 )
00000085: 16.7846   (Y': 14.9307   Cb: 17.546    Cr: 18.8028 )
00000086: 16.7998   (Y': 14.9546   Cb: 17.5248   Cr: 18.8454 )
00000087: 16.7878   (Y': 14.9435   Cb: 17.5044   Cr: 18.8428 )
00000088: 16.7697   (Y': 14.9704   Cb: 17.444    Cr: 18.7729 )
00000089: 16.6987   (Y': 14.8872   Cb: 17.3604   Cr: 18.7487 )
00000091: 16.5825   (Y': 14.7569   Cb: 17.3245   Cr: 18.558  )
00000090: 16.7558   (Y': 14.888    Cb: 17.5157   Cr: 18.8099 )
00000092: 16.5304   (Y': 14.7557   Cb: 17.3327   Cr: 18.3095 )
00000093: 16.5576   (Y': 14.7891   Cb: 17.339    Cr: 18.3485 )
00000094: 16.5502   (Y': 14.7732   Cb: 17.339    Cr: 18.3515 )
00000095: 16.564    (Y': 14.7251   Cb: 17.521    Cr: 18.2994 )
00000096: 16.5656   (Y': 14.7485   Cb: 17.5035   Cr: 18.2745 )
00000097: 16.5734   (Y': 14.7853   Cb: 17.4843   Cr: 18.2497 )
00000098: 16.5008   (Y': 14.7375   Cb: 17.3978   Cr: 18.1392 )
00000099: 16.5783   (Y': 14.7878   Cb: 17.5179   Cr: 18.2258 )
00000100: 16.5235   (Y': 14.7511   Cb: 17.4634   Cr: 18.1308 )
00000101: 16.5996   (Y': 14.8465   Cb: 17.4502   Cr: 18.2711 )
00000102: 16.5223   (Y': 14.7719   Cb: 17.4009   Cr: 18.1544 )
00000103: 16.5099   (Y': 14.795    Cb: 17.394    Cr: 18.0588 )
00000104: 16.4908   (Y': 14.8033   Cb: 17.3401   Cr: 18.0226 )
00000106: 16.5426   (Y': 14.9582   Cb: 17.3127   Cr: 17.9559 )
00000105: 16.484    (Y': 14.8391   Cb: 17.2945   Cr: 17.9729 )
00000107: 16.4804   (Y': 14.8394   Cb: 17.3099   Cr: 17.9389 )
00000108: 16.4259   (Y': 14.7551   Cb: 17.3019   Cr: 17.8921 )
00000109: 16.4037   (Y': 14.7469   Cb: 17.216    Cr: 17.9147 )
00000110: 16.3705   (Y': 14.6501   Cb: 17.2252   Cr: 17.9657 )
00000111: 16.3656   (Y': 14.6904   Cb: 17.199    Cr: 17.8905 )
00000112: 16.3866   (Y': 14.6925   Cb: 17.2572   Cr: 17.9074 )
00000113: 16.4138   (Y': 14.6538   Cb: 17.342    Cr: 18.0082 )
00000114: 16.4457   (Y': 14.6961   Cb: 17.3544   Cr: 18.0404 )
00000115: 16.4456   (Y': 14.684    Cb: 17.3578   Cr: 18.0624 )
00000116: 16.4498   (Y': 14.7181   Cb: 17.3029   Cr: 18.0713 )
00000117: 16.4937   (Y': 14.7632   Cb: 17.3768   Cr: 18.0774 )
00000118: 16.5738   (Y': 14.9003   Cb: 17.4156   Cr: 18.0851 )
00000119: 16.9319   (Y': 15.3608   Cb: 17.6884   Cr: 18.3344 )
00000120: 17.1182   (Y': 15.5257   Cb: 17.8772   Cr: 18.5606 )
00000121: 17.2504   (Y': 15.6276   Cb: 18.0662   Cr: 18.688  )
00000122: 17.1049   (Y': 15.5763   Cb: 17.8119   Cr: 18.4813 )
00000123: 17.0074   (Y': 15.5475   Cb: 17.6976   Cr: 18.2719 )
00000124: 16.9485   (Y': 15.4845   Cb: 17.6578   Cr: 18.199  )
00000125: 16.9711   (Y': 15.5227   Cb: 17.827    Cr: 18.0333 )
00000126: 17.0109   (Y': 15.5833   Cb: 17.8958   Cr: 18.0063 )
00000127: 16.9275   (Y': 15.6112   Cb: 17.7389   Cr: 17.8083 )
00000128: 16.8966   (Y': 15.5686   Cb: 17.7327   Cr: 17.7723 )
00000129: 16.7849   (Y': 15.4247   Cb: 17.6022   Cr: 17.7336 )
00000130: 16.6649   (Y': 15.2332   Cb: 17.5353   Cr: 17.6826 )
00000131: 16.2908   (Y': 14.7285   Cb: 17.1607   Cr: 17.5485 )
00000132: 16.2724   (Y': 14.6811   Cb: 17.1163   Cr: 17.6149 )
00000133: 16.2051   (Y': 14.5793   Cb: 17.0931   Cr: 17.5666 )
00000134: 16.1298   (Y': 14.5326   Cb: 16.9797   Cr: 17.4776 )
00000135: 16.2745   (Y': 14.6512   Cb: 17.1136   Cr: 17.6863 )
00000136: 16.3164   (Y': 14.6536   Cb: 17.1612   Cr: 17.8021 )
00000137: 16.4457   (Y': 14.6907   Cb: 17.3382   Cr: 18.0707 )
00000138: 16.4458   (Y': 14.7652   Cb: 17.2928   Cr: 17.966  )
00000139: 16.4365   (Y': 14.7202   Cb: 17.2731   Cr: 18.0445 )
00000140: 16.4783   (Y': 14.7792   Cb: 17.32     Cr: 18.0438 )
00000141: 16.5405   (Y': 14.898    Cb: 17.2547   Cr: 18.1397 )
00000142: 16.5855   (Y': 14.9254   Cb: 17.257    Cr: 18.2752 )
00000143: 16.5023   (Y': 14.7982   Cb: 17.2202   Cr: 18.2297 )
00000144: 16.4043   (Y': 14.6922   Cb: 17.1427   Cr: 18.1233 )
00000145: 16.2327   (Y': 14.4159   Cb: 17.125    Cr: 17.996  )
00000146: 16.2212   (Y': 14.3744   Cb: 17.1367   Cr: 18.0249 )
00000147: 16.1495   (Y': 14.2812   Cb: 17.1164   Cr: 17.9406 )
00000148: 16.0837   (Y': 14.205    Cb: 17.0355   Cr: 17.9174 )
00000149: 15.9828   (Y': 14.1737   Cb: 16.9073   Cr: 17.6895 )
00000150: 15.9466   (Y': 14.152    Cb: 16.87     Cr: 17.6224 )
00000151: 15.8857   (Y': 14.1095   Cb: 16.8      Cr: 17.5318 )
00000152: 15.8296   (Y': 14.089    Cb: 16.7044   Cr: 17.4447 )
00000153: 15.8556   (Y': 14.0995   Cb: 16.7967   Cr: 17.4264 )
00000154: 15.8526   (Y': 14.0969   Cb: 16.7838   Cr: 17.4341 )
00000155: 15.8223   (Y': 14.1509   Cb: 16.6468   Cr: 17.3496 )
00000156: 15.8258   (Y': 14.1565   Cb: 16.6522   Cr: 17.3466 )
00000157: 15.7999   (Y': 14.063    Cb: 16.6268   Cr: 17.4643 )
00000158: 15.8447   (Y': 14.1279   Cb: 16.6015   Cr: 17.5513 )
00000159: 15.8829   (Y': 14.1253   Cb: 16.601    Cr: 17.7302 )
00000160: 15.8937   (Y': 14.1258   Cb: 16.6382   Cr: 17.7307 )
00000161: 15.9659   (Y': 14.1633   Cb: 16.6773   Cr: 17.927  )
00000162: 16.0239   (Y': 14.1767   Cb: 16.7494   Cr: 18.0739 )
00000163: 16.0364   (Y': 14.2536   Cb: 16.6891   Cr: 18.0296 )
00000164: 16.1442   (Y': 14.3504   Cb: 16.7923   Cr: 18.1702 )
00000165: 16.3349   (Y': 14.5574   Cb: 16.9931   Cr: 18.3082 )
00000166: 16.4603   (Y': 14.6983   Cb: 17.115    Cr: 18.4014 )
00000167: 16.6169   (Y': 14.9635   Cb: 17.0993   Cr: 18.5431 )
00000168: 16.8458   (Y': 15.2112   Cb: 17.3551   Cr: 18.6922 )
00000169: 16.981    (Y': 15.348    Cb: 17.4653   Cr: 18.8585 )
00000170: 17.0174   (Y': 15.3974   Cb: 17.4648   Cr: 18.9166 )
00000171: 17.1728   (Y': 15.4097   Cb: 17.7391   Cr: 19.2384 )
00000173: 17.1293   (Y': 15.2195   Cb: 17.8781   Cr: 19.304  )
00000172: 17.2044   (Y': 15.3718   Cb: 17.8459   Cr: 19.3345 )
00000174: 17.0212   (Y': 15.1232   Cb: 17.7577   Cr: 19.1832 )
00000175: 17.061    (Y': 15.1493   Cb: 17.8271   Cr: 19.2166 )
00000176: 17.0885   (Y': 15.0916   Cb: 17.9714   Cr: 19.3057 )
00000177: 17.0816   (Y': 14.985    Cb: 18.0197   Cr: 19.4948 )
00000178: 17.0116   (Y': 14.9029   Cb: 17.9649   Cr: 19.4372 )
00000179: 16.8825   (Y': 14.6764   Cb: 17.9059   Cr: 19.4946 )
00000180: 16.9578   (Y': 14.728    Cb: 18.0027   Cr: 19.6112 )
00000181: 17.0028   (Y': 14.7772   Cb: 18.0398   Cr: 19.6548 )
00000182: 17.066    (Y': 14.8525   Cb: 18.0769   Cr: 19.7186 )
00000183: 17.2212   (Y': 15.1      Cb: 18.1554   Cr: 19.71   )
00000184: 17.2983   (Y': 15.227    Cb: 18.168    Cr: 19.7366 )
00000185: 17.2497   (Y': 15.1728   Cb: 18.0761   Cr: 19.7674 )
00000186: 17.3284   (Y': 15.2852   Cb: 18.0953   Cr: 19.8379 )
00000187: 17.485    (Y': 15.4953   Cb: 18.1908   Cr: 19.9353 )
00000188: 17.601    (Y': 15.6597   Cb: 18.2633   Cr: 19.9832 )
00000189: 17.56     (Y': 15.6      Cb: 18.2183   Cr: 19.9992 )
00000190: 17.4881   (Y': 15.5118   Cb: 18.1714   Cr: 19.9344 )
00000191: 17.3975   (Y': 15.4095   Cb: 18.0427   Cr: 19.9348 )
00000192: 17.4266   (Y': 15.5014   Cb: 17.9932   Cr: 19.9099 )
00000193: 17.5299   (Y': 15.6861   Cb: 18.0059   Cr: 19.9341 )
00000194: 17.508    (Y': 15.6965   Cb: 17.9292   Cr: 19.9122 )
00000195: 17.6211   (Y': 15.8337   Cb: 18.0292   Cr: 19.9829 )
00000196: 18.4095   (Y': 16.3447   Cb: 19.5703   Cr: 20.4448 )
00000197: 18.3722   (Y': 16.3848   Cb: 19.564    Cr: 20.179  )
00000198: 18.7565   (Y': 16.8214   Cb: 19.9299   Cr: 20.4608 )
00000199: 18.3456   (Y': 16.5367   Cb: 19.2093   Cr: 20.126  )
00000200: 17.9349   (Y': 16.1009   Cb: 18.8176   Cr: 19.7494 )
00000201: 17.6372   (Y': 15.8974   Cb: 18.3843   Cr: 19.407  )
00000202: 17.6145   (Y': 15.8653   Cb: 18.3189   Cr: 19.4604 )
00000204: 17.3285   (Y': 15.5817   Cb: 18.1219   Cr: 19.0557 )
00000203: 17.4578   (Y': 15.7931   Cb: 18.1853   Cr: 19.0877 )
00000205: 17.0456   (Y': 15.2552   Cb: 17.7203   Cr: 19.0271 )
00000206: 16.9984   (Y': 15.1851   Cb: 17.7026   Cr: 18.9947 )
00000207: 17.0384   (Y': 15.2425   Cb: 17.6757   Cr: 19.0842 )
00000209: 17.2208   (Y': 15.3362   Cb: 17.9036   Cr: 19.4238 )
00000208: 17.1533   (Y': 15.3234   Cb: 17.7605   Cr: 19.3252 )
00000210: 17.1276   (Y': 15.1889   Cb: 17.8754   Cr: 19.3786 )
00000211: 17.1707   (Y': 15.1639   Cb: 17.9461   Cr: 19.5653 )
00000212: 17.1986   (Y': 15.1613   Cb: 18.0064   Cr: 19.6312 )
00000213: 17.2017   (Y': 15.2264   Cb: 17.958    Cr: 19.5382 )
00000214: 17.135    (Y': 15.1853   Cb: 17.8939   Cr: 19.3997 )
00000215: 17.0995   (Y': 15.1715   Cb: 17.8413   Cr: 19.3311 )
00000216: 17.1209   (Y': 15.2017   Cb: 17.889    Cr: 19.2934 )
00000217: 17.1534   (Y': 15.2842   Cb: 17.9293   Cr: 19.1896 )
00000218: 17.1713   (Y': 15.2986   Cb: 17.9562   Cr: 19.2036 )
00000219: 17.1752   (Y': 15.3089   Cb: 17.9933   Cr: 19.1483 )
00000220: 17.1872   (Y': 15.2883   Cb: 18.0087   Cr: 19.236  )
00000221: 17.1815   (Y': 15.2765   Cb: 17.9835   Cr: 19.2713 )
00000222: 17.1592   (Y': 15.2601   Cb: 17.9343   Cr: 19.2705 )
00000223: 17.1285   (Y': 15.2793   Cb: 17.8289   Cr: 19.2174 )
00000224: 17.1298   (Y': 15.282    Cb: 17.7731   Cr: 19.2954 )
00000225: 17.1457   (Y': 15.275    Cb: 17.7981   Cr: 19.3565 )
00000226: 17.2008   (Y': 15.3623   Cb: 17.8821   Cr: 19.2901 )
00000227: 17.2139   (Y': 15.3649   Cb: 17.8819   Cr: 19.3476 )
00000228: 17.1452   (Y': 15.2768   Cb: 17.8265   Cr: 19.3088 )
00000229: 17.1209   (Y': 15.3198   Cb: 17.7937   Cr: 19.1304 )
00000230: 17.0486   (Y': 15.2597   Cb: 17.729    Cr: 19.0189 )
00000231: 16.9822   (Y': 15.1863   Cb: 17.7192   Cr: 18.8935 )
00000232: 17.0364   (Y': 15.2026   Cb: 17.7883   Cr: 19.0184 )
00000233: 17.0473   (Y': 15.1474   Cb: 17.7672   Cr: 19.2372 )
00000234: 17.0365   (Y': 15.1398   Cb: 17.6996   Cr: 19.2988 )
00000235: 17.1856   (Y': 15.3494   Cb: 17.8996   Cr: 19.2242 )
00000236: 17.1353   (Y': 15.2966   Cb: 17.8907   Cr: 19.1243 )
00000237: 17.4477   (Y': 15.5541   Cb: 18.2651   Cr: 19.4888 )
00000238: 17.5223   (Y': 15.6188   Cb: 18.3951   Cr: 19.5151 )
00000239: 17.3436   (Y': 15.494    Cb: 18.1327   Cr: 19.3147 )
00000240: 17.455    (Y': 15.5871   Cb: 18.2574   Cr: 19.4529 )
00000241: 17.239    (Y': 15.3555   Cb: 17.9778   Cr: 19.361  )
00000242: 17.063    (Y': 15.2094   Cb: 17.8194   Cr: 19.0868 )
00000243: 17.163    (Y': 15.301    Cb: 17.8843   Cr: 19.2552 )
00000244: 17.1047   (Y': 15.2593   Cb: 17.8411   Cr: 19.1354 )
00000245: 17.0584   (Y': 15.2354   Cb: 17.8906   Cr: 18.9108 )
00000246: 17.1054   (Y': 15.2955   Cb: 17.9389   Cr: 18.9258 )
00000247: 16.9388   (Y': 15.1094   Cb: 17.7973   Cr: 18.773  )
00000248: 16.8411   (Y': 15.0406   Cb: 17.6272   Cr: 18.6999 )
00000249: 16.783    (Y': 14.989    Cb: 17.5022   Cr: 18.7135 )
00000250: 16.7125   (Y': 14.9435   Cb: 17.4064   Cr: 18.6176 )
00000251: 16.6153   (Y': 14.8843   Cb: 17.2524   Cr: 18.5082 )
00000252: 16.616    (Y': 14.8431   Cb: 17.277    Cr: 18.5744 )
00000253: 16.6073   (Y': 14.7855   Cb: 17.3149   Cr: 18.6194 )
00000254: 16.64     (Y': 14.8142   Cb: 17.3076   Cr: 18.7169 )
00000255: 16.7848   (Y': 14.9156   Cb: 17.5004   Cr: 18.9029 )
00000256: 16.7625   (Y': 14.8862   Cb: 17.5089   Cr: 18.8561 )
00000257: 16.8294   (Y': 14.983    Cb: 17.5523   Cr: 18.8809 )
00000259: 16.9104   (Y': 15.0054   Cb: 17.7593   Cr: 18.938  )
00000260: 16.945    (Y': 15.022    Cb: 17.827    Cr: 18.9743 )
00000258: 16.913    (Y': 15.0148   Cb: 17.7404   Cr: 18.9522 )
00000261: 16.9831   (Y': 15.0313   Cb: 17.8573   Cr: 19.0951 )
00000262: 17.0366   (Y': 15.0983   Cb: 17.9019   Cr: 19.1262 )
00000263: 17.1234   (Y': 15.1304   Cb: 18.0292   Cr: 19.2994 )
00000264: 17.0849   (Y': 15.0832   Cb: 17.9895   Cr: 19.2851 )
00000265: 17.1163   (Y': 15.0575   Cb: 18.0342   Cr: 19.4518 )
00000266: 17.0537   (Y': 14.9953   Cb: 17.9618   Cr: 19.402  )
00000267: 16.9129   (Y': 14.8973   Cb: 17.738    Cr: 19.2603 )
00000269: 16.8578   (Y': 14.8738   Cb: 17.6979   Cr: 19.099  )
00000270: 16.8006   (Y': 14.8104   Cb: 17.5538   Cr: 19.182  )
00000271: 16.7687   (Y': 14.8186   Cb: 17.4751   Cr: 19.1096 )
00000268: 16.9852   (Y': 14.9602   Cb: 17.9017   Cr: 19.2313 )
00000272: 16.7352   (Y': 14.7881   Cb: 17.3862   Cr: 19.1497 )
00000273: 16.6878   (Y': 14.7737   Cb: 17.2589   Cr: 19.1339 )
00000274: 16.6552   (Y': 14.737    Cb: 17.2318   Cr: 19.1039 )
00000275: 16.7221   (Y': 14.8251   Cb: 17.2866   Cr: 19.1317 )
00000276: 16.7232   (Y': 14.8208   Cb: 17.3069   Cr: 19.1181 )
00000277: 16.7624   (Y': 14.8822   Cb: 17.3758   Cr: 19.0541 )
00000278: 16.7765   (Y': 14.8817   Cb: 17.4219   Cr: 19.0595 )
00000279: 16.7938   (Y': 14.9032   Cb: 17.4207   Cr: 19.0933 )
00000280: 16.821    (Y': 14.9285   Cb: 17.4745   Cr: 19.0864 )
00000281: 16.7746   (Y': 14.9271   Cb: 17.3831   Cr: 18.9894 )
00000282: 16.8293   (Y': 14.9818   Cb: 17.4574   Cr: 19.0159 )
00000283: 16.7679   (Y': 14.9464   Cb: 17.4054   Cr: 18.8757 )
00000285: 16.7376   (Y': 14.9428   Cb: 17.3402   Cr: 18.8292 )
00000284: 16.7784   (Y': 14.9972   Cb: 17.3781   Cr: 18.8408 )
00000286: 16.7688   (Y': 14.9767   Cb: 17.3964   Cr: 18.8184 )
00000287: 16.8012   (Y': 15.0339   Cb: 17.3869   Cr: 18.8494 )
00000288: 16.7805   (Y': 14.9951   Cb: 17.4096   Cr: 18.8121 )
00000289: 16.6825   (Y': 14.8394   Cb: 17.3572   Cr: 18.7922 )
00000290: 16.7211   (Y': 14.8354   Cb: 17.4767   Cr: 18.8256 )
00000291: 16.7621   (Y': 14.7655   Cb: 17.7051   Cr: 18.8977 )
00000293: 16.7829   (Y': 14.6339   Cb: 17.9193   Cr: 19.0742 )
00000292: 16.8093   (Y': 14.7645   Cb: 17.8513   Cr: 18.9419 )
00000294: 16.7605   (Y': 14.5313   Cb: 17.986    Cr: 19.1631 )
00000295: 16.6561   (Y': 14.2996   Cb: 17.9564   Cr: 19.3462 )
00000296: 16.6543   (Y': 14.2662   Cb: 18.0126   Cr: 19.3663 )
00000297: 16.5689   (Y': 14.2072   Cb: 17.852    Cr: 19.2991 )
00000298: 16.4966   (Y': 14.1837   Cb: 17.7205   Cr: 19.1543 )
00000299: 16.3833   (Y': 14.196    Cb: 17.446    Cr: 18.8834 )
00000300: 16.303    (Y': 14.1489   Cb: 17.3197   Cr: 18.7704 )
00000301: 16.1305   (Y': 14.0851   Cb: 17.0568   Cr: 18.4181 )
00000302: 16.7491   (Y': 14.4855   Cb: 18.0625   Cr: 19.138  )
00000303: 17.5497   (Y': 15.3795   Cb: 18.9188   Cr: 19.6109 )
00000304: 17.7133   (Y': 15.5263   Cb: 19.1614   Cr: 19.7275 )
00000305: 17.3565   (Y': 15.2915   Cb: 18.5439   Cr: 19.3603 )
00000306: 16.9418   (Y': 14.8721   Cb: 18.1449   Cr: 18.9388 )
00000307: 16.5269   (Y': 14.5019   Cb: 17.7469   Cr: 18.3918 )
00000308: 16.6355   (Y': 14.5889   Cb: 17.9736   Cr: 18.4191 )
00000309: 17.008    (Y': 14.8954   Cb: 18.3269   Cr: 18.9775 )
00000310: 16.8845   (Y': 14.7841   Cb: 18.2144   Cr: 18.8102 )
00000311: 16.6189   (Y': 14.4896   Cb: 17.909    Cr: 18.6654 )
00000312: 16.6703   (Y': 14.521    Cb: 17.9704   Cr: 18.7578 )
00000313: 16.8787   (Y': 14.7884   Cb: 18.1583   Cr: 18.837  )
00000314: 16.8307   (Y': 14.7555   Cb: 18.0899   Cr: 18.775  )
00000316: 16.5538   (Y': 14.5015   Cb: 17.8185   Cr: 18.4345 )
00000315: 16.6596   (Y': 14.596    Cb: 17.9447   Cr: 18.5448 )
00000317: 16.5343   (Y': 14.4362   Cb: 17.8635   Cr: 18.4551 )
00000318: 16.5283   (Y': 14.4106   Cb: 17.8587   Cr: 18.4976 )
00000319: 16.638    (Y': 14.524    Cb: 17.9437   Cr: 18.6265 )
00000320: 16.6957   (Y': 14.5705   Cb: 18.0077   Cr: 18.706  )
00000321: 16.7211   (Y': 14.6229   Cb: 17.9472   Cr: 18.7631 )
00000322: 16.7021   (Y': 14.6066   Cb: 17.9012   Cr: 18.7701 )
00000323: 16.7184   (Y': 14.5224   Cb: 17.985    Cr: 18.9739 )
00000324: 16.7062   (Y': 14.4569   Cb: 18.042    Cr: 19.0252 )
00000325: 16.6928   (Y': 14.3532   Cb: 18.1355   Cr: 19.1428 )
00000326: 16.6702   (Y': 14.3176   Cb: 18.1381   Cr: 19.1275 )
00000327: 16.687    (Y': 14.3488   Cb: 18.115    Cr: 19.1515 )
00000328: 16.6744   (Y': 14.3487   Cb: 18.0813   Cr: 19.1279 )
00000329: 16.6893   (Y': 14.3376   Cb: 18.0821   Cr: 19.2401 )
00000330: 16.7355   (Y': 14.368    Cb: 18.1157   Cr: 19.3526 )
00000331: 16.7272   (Y': 14.3718   Cb: 18.0799   Cr: 19.343  )
00000332: 16.781    (Y': 14.4152   Cb: 18.1769   Cr: 19.3716 )
00000333: 16.6904   (Y': 14.3406   Cb: 18.1043   Cr: 19.2081 )
00000334: 16.7184   (Y': 14.3904   Cb: 18.1197   Cr: 19.1862 )
00000335: 16.6086   (Y': 14.3889   Cb: 17.9321   Cr: 18.8594 )
00000336: 16.5173   (Y': 14.3632   Cb: 17.7693   Cr: 18.6758 )
00000337: 16.4987   (Y': 14.4846   Cb: 17.5904   Cr: 18.49   )
00000338: 16.4268   (Y': 14.527    Cb: 17.3709   Cr: 18.3203 )
00000339: 16.3676   (Y': 14.656    Cb: 17.1287   Cr: 18.0574 )
00000340: 16.3059   (Y': 14.6406   Cb: 17.0276   Cr: 17.9443 )
00000341: 16.183    (Y': 14.6183   Cb: 16.8869   Cr: 17.6347 )
00000342: 15.9219   (Y': 14.497    Cb: 16.5453   Cr: 17.198  )
00000343: 16.4118   (Y': 15.0956   Cb: 17.0353   Cr: 17.4925 )
00000344: 15.6723   (Y': 14.6145   Cb: 16.0109   Cr: 16.6458 )
00000345: 14.6444   (Y': 13.7353   Cb: 14.7229   Cr: 15.6955 )
00000346: 14.6044   (Y': 13.683    Cb: 14.6872   Cr: 15.6694 )
00000347: 15.1476   (Y': 14.2504   Cb: 15.33     Cr: 16.0538 )
00000348: 15.2821   (Y': 14.4019   Cb: 15.4565   Cr: 16.1722 )
00000349: 15.0139   (Y': 14.2402   Cb: 15.0616   Cr: 15.8976 )
00000350: 14.9753   (Y': 14.1775   Cb: 15.0329   Cr: 15.8824 )
00000351: 15.2251   (Y': 14.4561   Cb: 15.3393   Cr: 16.0227 )
00000352: 15.4172   (Y': 14.6113   Cb: 15.5534   Cr: 16.2422 )
00000353: 15.3948   (Y': 14.5809   Cb: 15.537    Cr: 16.2245 )
00000354: 15.3127   (Y': 14.4876   Cb: 15.4631   Cr: 16.1493 )
00000355: 15.3931   (Y': 14.4957   Cb: 15.5926   Cr: 16.2798 )
00000356: 15.4663   (Y': 14.5659   Cb: 15.681    Cr: 16.3395 )
00000357: 15.8295   (Y': 14.8034   Cb: 16.1378   Cr: 16.7878 )
00000358: 15.8598   (Y': 14.8482   Cb: 16.1533   Cr: 16.8126 )
00000359: 15.9959   (Y': 14.9855   Cb: 16.3143   Cr: 16.9179 )
00000360: 16.0211   (Y': 15.0161   Cb: 16.3332   Cr: 16.9419 )
00000361: 15.9694   (Y': 14.9253   Cb: 16.2114   Cr: 17.0351 )
00000362: 16.0569   (Y': 14.962    Cb: 16.3455   Cr: 17.1498 )
00000363: 16.0722   (Y': 14.9797   Cb: 16.3192   Cr: 17.2116 )
00000364: 16.0004   (Y': 14.9078   Cb: 16.2598   Cr: 17.1248 )
00000365: 16.1039   (Y': 15.035    Cb: 16.3348   Cr: 17.2235 )
00000366: 16.1038   (Y': 15.0503   Cb: 16.3083   Cr: 17.2306 )
00000367: 16.0957   (Y': 15.1323   Cb: 16.2223   Cr: 17.1729 )
00000368: 16.0796   (Y': 15.1601   Cb: 16.1582   Cr: 17.1466 )
00000369: 16.0032   (Y': 15.1176   Cb: 16.0869   Cr: 17.0113 )
00000370: 15.9523   (Y': 15.1213   Cb: 15.9763   Cr: 16.9506 )
00000371: 15.9476   (Y': 15.2241   Cb: 15.9332   Cr: 16.8338 )
00000372: 15.8043   (Y': 15.1133   Cb: 15.7678   Cr: 16.6708 )
00000373: 15.6239   (Y': 15.0243   Cb: 15.5391   Cr: 16.4213 )
00000374: 15.5417   (Y': 14.97     Cb: 15.4324   Cr: 16.3312 )
00000375: 15.4181   (Y': 14.8565   Cb: 15.2555   Cr: 16.2598 )
00000376: 15.4365   (Y': 14.8555   Cb: 15.276    Cr: 16.3023 )
00000377: 15.4542   (Y': 14.8374   Cb: 15.2517   Cr: 16.4253 )
00000378: 15.4108   (Y': 14.8126   Cb: 15.1938   Cr: 16.3741 )
00000379: 15.4132   (Y': 14.8107   Cb: 15.1223   Cr: 16.4814 )
00000380: 15.3918   (Y': 14.7607   Cb: 15.097    Cr: 16.5078 )
00000381: 15.321    (Y': 14.6489   Cb: 15.0198   Cr: 16.5082 )
00000382: 15.3032   (Y': 14.6378   Cb: 14.9917   Cr: 16.4948 )
00000383: 15.3446   (Y': 14.6512   Cb: 15.0024   Cr: 16.6237 )
00000384: 15.1881   (Y': 14.5098   Cb: 14.8096   Cr: 16.4963 )
00000385: 14.9453   (Y': 14.3213   Cb: 14.5031   Cr: 16.2629 )
00000386: 14.7698   (Y': 14.1649   Cb: 14.2902   Cr: 16.1141 )
00000387: 14.6998   (Y': 14.1104   Cb: 14.1808   Cr: 16.0805 )
00000388: 14.7541   (Y': 14.1866   Cb: 14.22     Cr: 16.1234 )
00000389: 14.6732   (Y': 14.1023   Cb: 14.1422   Cr: 16.0433 )
00000390: 14.6383   (Y': 14.0679   Cb: 14.1076   Cr: 16.0069 )
00000391: 14.5255   (Y': 13.9579   Cb: 13.9481   Cr: 15.9632 )
00000392: 14.6368   (Y': 14.0494   Cb: 14.112    Cr: 16.0231 )
00000393: 14.6173   (Y': 13.9938   Cb: 14.0857   Cr: 16.0716 )
00000394: 14.6314   (Y': 14.0074   Cb: 14.0895   Cr: 16.1028 )
00000395: 14.6532   (Y': 13.9809   Cb: 14.1356   Cr: 16.1653 )
00000396: 14.6647   (Y': 13.9743   Cb: 14.1325   Cr: 16.2304 )
00000397: 14.7055   (Y': 13.9755   Cb: 14.178    Cr: 16.3309 )
00000398: 14.7271   (Y': 13.9626   Cb: 14.198    Cr: 16.4151 )
00000399: 14.7611   (Y': 13.9571   Cb: 14.2358   Cr: 16.513  )
00000400: 14.7729   (Y': 13.9453   Cb: 14.2604   Cr: 16.5456 )
00000401: 14.7671   (Y': 13.9181   Cb: 14.2128   Cr: 16.6515 )
00000402: 14.7594   (Y': 13.8963   Cb: 14.2429   Cr: 16.6045 )
00000403: 14.7603   (Y': 13.8595   Cb: 14.2692   Cr: 16.6328 )
00000404: 14.7855   (Y': 13.8968   Cb: 14.3057   Cr: 16.6156 )
00000405: 14.803    (Y': 13.8749   Cb: 14.3806   Cr: 16.6102 )
00000406: 14.8033   (Y': 13.8758   Cb: 14.3904   Cr: 16.5936 )
00000407: 14.9018   (Y': 13.9279   Cb: 14.5499   Cr: 16.6786 )
00000408: 14.9311   (Y': 13.9385   Cb: 14.5867   Cr: 16.7311 )
00000409: 14.9567   (Y': 13.9657   Cb: 14.6288   Cr: 16.7265 )
00000410: 14.9925   (Y': 14.0425   Cb: 14.6619   Cr: 16.6907 )
00000411: 15.0653   (Y': 14.1669   Cb: 14.7711   Cr: 16.6137 )
00000412: 15.2963   (Y': 14.4191   Cb: 15.0399   Cr: 16.7511 )
00000413: 15.4615   (Y': 14.581    Cb: 15.2122   Cr: 16.9115 )
00000414: 15.4264   (Y': 14.5534   Cb: 15.1892   Cr: 16.8456 )
00000415: 15.4841   (Y': 14.6132   Cb: 15.2249   Cr: 16.9324 )
00000416: 15.4282   (Y': 14.5593   Cb: 15.1625   Cr: 16.8825 )
00000417: 15.4867   (Y': 14.6361   Cb: 15.2358   Cr: 16.8883 )
00000418: 15.5088   (Y': 14.6734   Cb: 15.2695   Cr: 16.8681 )
00000419: 15.5878   (Y': 14.7905   Cb: 15.373    Cr: 16.8501 )
00000420: 15.5689   (Y': 14.8199   Cb: 15.3453   Cr: 16.767  )
00000421: 15.4884   (Y': 14.8809   Cb: 15.1965   Cr: 16.5655 )
00000422: 15.4795   (Y': 14.9424   Cb: 15.1996   Cr: 16.4389 )
00000423: 15.4924   (Y': 15.0838   Cb: 15.1011   Cr: 16.4232 )
00000424: 15.4148   (Y': 15.0597   Cb: 14.9536   Cr: 16.369  )
00000425: 15.3793   (Y': 15.0367   Cb: 14.9059   Cr: 16.3334 )
00000426: 15.4097   (Y': 15.0735   Cb: 14.9875   Cr: 16.2855 )
00000427: 14.9423   (Y': 14.4486   Cb: 14.5244   Cr: 16.0289 )
00000428: 27.3644   (Y': 24.4186   Cb: 30.5502   Cr: 29.9665 )
00000429: 19.5367   (Y': 16.681    Cb: 22.1483   Cr: 22.3615 )
00000430: 18.5615   (Y': 15.7707   Cb: 20.8181   Cr: 21.5385 )
00000431: 17.5158   (Y': 14.9659   Cb: 19.1873   Cr: 20.3507 )
00000432: 17.235    (Y': 14.7563   Cb: 18.8942   Cr: 19.8475 )
00000433: 16.7421   (Y': 14.4149   Cb: 18.1226   Cr: 19.2338 )
00000434: 16.543    (Y': 14.3065   Cb: 17.7473   Cr: 18.9952 )
00000435: 16.2719   (Y': 14.1052   Cb: 17.3019   Cr: 18.7574 )
00000436: 16.2327   (Y': 14.132    Cb: 17.1736   Cr: 18.6533 )
00000437: 16.1341   (Y': 14.1296   Cb: 16.9777   Cr: 18.4258 )
00000438: 16.1593   (Y': 14.1579   Cb: 17.023    Cr: 18.4146 )
00000439: 16.2733   (Y': 14.2164   Cb: 17.1909   Cr: 18.6041 )
00000440: 16.3368   (Y': 14.3073   Cb: 17.2095   Cr: 18.655  )
00000441: 16.4202   (Y': 14.3901   Cb: 17.3449   Cr: 18.6685 )
00000442: 16.4168   (Y': 14.3557   Cb: 17.3872   Cr: 18.6869 )
00000443: 16.4469   (Y': 14.3625   Cb: 17.4384   Cr: 18.7523 )
00000444: 16.4806   (Y': 14.3848   Cb: 17.4812   Cr: 18.8053 )
00000445: 16.5569   (Y': 14.4805   Cb: 17.5367   Cr: 18.8559 )
00000446: 16.5839   (Y': 14.4956   Cb: 17.586    Cr: 18.8859 )
00000447: 16.6701   (Y': 14.5903   Cb: 17.7009   Cr: 18.9103 )
00000448: 16.7761   (Y': 14.745    Cb: 17.7346   Cr: 18.982  )
00000449: 16.8138   (Y': 14.8004   Cb: 17.8137   Cr: 18.9189 )
00000450: 16.8688   (Y': 14.8482   Cb: 17.8707   Cr: 18.9901 )
00000451: 16.9612   (Y': 14.9924   Cb: 17.9494   Cr: 18.9681 )
00000452: 17.0482   (Y': 15.0312   Cb: 18.1219   Cr: 19.069  )
00000453: 17.2023   (Y': 15.1626   Cb: 18.2748   Cr: 19.2825 )
00000454: 17.4247   (Y': 15.3991   Cb: 18.4657   Cr: 19.5085 )
00000455: 17.5203   (Y': 15.4765   Cb: 18.6059   Cr: 19.5947 )
00000456: 17.4403   (Y': 15.3944   Cb: 18.5907   Cr: 19.4405 )
00000457: 17.6773   (Y': 15.6126   Cb: 18.7536   Cr: 19.8183 )
00000458: 17.8148   (Y': 15.6872   Cb: 18.9812   Cr: 20.0089 )
00000459: 17.9489   (Y': 15.7777   Cb: 19.1714   Cr: 20.1908 )
00000460: 17.9308   (Y': 15.7927   Cb: 19.0744   Cr: 20.1827 )
00000461: 18.0308   (Y': 15.9121   Cb: 19.1722   Cr: 20.2329 )
00000462: 18.0432   (Y': 15.9246   Cb: 19.2278   Cr: 20.1903 )
00000463: 18.0771   (Y': 16.0131   Cb: 19.2911   Cr: 20.0463 )
00000464: 18.1803   (Y': 16.1098   Cb: 19.3732   Cr: 20.1913 )
00000465: 18.1742   (Y': 16.0871   Cb: 19.3863   Cr: 20.2048 )
00000466: 18.1126   (Y': 15.9986   Cb: 19.3648   Cr: 20.1646 )
00000467: 18.1033   (Y': 15.9776   Cb: 19.3281   Cr: 20.2195 )
00000468: 18.0366   (Y': 15.896    Cb: 19.2897   Cr: 20.1576 )
00000469: 17.8769   (Y': 15.7338   Cb: 19.1303   Cr: 20.0042 )
00000470: 17.7936   (Y': 15.6365   Cb: 19.0841   Cr: 19.9135 )
00000471: 17.6167   (Y': 15.42     Cb: 18.931    Cr: 19.8152 )
00000472: 17.6102   (Y': 15.3812   Cb: 18.9585   Cr: 19.8566 )
00000473: 17.4591   (Y': 15.2263   Cb: 18.8328   Cr: 19.6848 )
00000474: 17.4202   (Y': 15.1858   Cb: 18.7777   Cr: 19.67   )
00000475: 17.301    (Y': 15.0704   Cb: 18.6461   Cr: 19.5556 )
00000476: 17.1551   (Y': 14.913    Cb: 18.5044   Cr: 19.4368 )
00000477: 17.084    (Y': 14.9159   Cb: 18.3716   Cr: 19.2369 )
00000478: 17.0765   (Y': 14.9353   Cb: 18.3157   Cr: 19.2164 )
00000479: 17.0017   (Y': 14.9045   Cb: 18.1284   Cr: 19.1644 )
00000480: 16.9545   (Y': 14.8705   Cb: 18.0587   Cr: 19.1111 )
00000481: 16.8114   (Y': 14.7933   Cb: 17.7975   Cr: 18.9467 )
00000482: 16.7537   (Y': 14.7752   Cb: 17.665    Cr: 18.8846 )
00000483: 16.7677   (Y': 14.8621   Cb: 17.6622   Cr: 18.7378 )
00000484: 16.8155   (Y': 14.8912   Cb: 17.7728   Cr: 18.7517 )
00000485: 17.1793   (Y': 15.2885   Cb: 18.1641   Cr: 19.0014 )
00000486: 17.2496   (Y': 15.3944   Cb: 18.1685   Cr: 19.0685 )
00000487: 17.3332   (Y': 15.5554   Cb: 18.163    Cr: 19.0846 )
00000488: 17.4105   (Y': 15.6566   Cb: 18.2421   Cr: 19.1065 )
00000489: 17.4589   (Y': 15.7326   Cb: 18.3009   Cr: 19.0818 )
00000490: 17.3667   (Y': 15.6138   Cb: 18.2376   Cr: 19.013  )
00000491: 17.37     (Y': 15.7566   Cb: 18.0843   Cr: 18.908  )
00000492: 17.3795   (Y': 15.7464   Cb: 18.0995   Cr: 18.9516 )
00000493: 17.3614   (Y': 15.791    Cb: 17.9924   Cr: 18.9126 )
00000494: 17.1361   (Y': 15.6198   Cb: 17.7244   Cr: 18.6306 )
00000495: 17.2239   (Y': 15.6062   Cb: 18.0236   Cr: 18.6696 )
00000496: 17.1088   (Y': 15.5105   Cb: 17.9207   Cr: 18.5018 )
00000497: 17.0566   (Y': 15.5492   Cb: 17.729    Cr: 18.4323 )
00000499: 16.9829   (Y': 15.4012   Cb: 17.751    Cr: 18.393  )
00000498: 16.9725   (Y': 15.4465   Cb: 17.7689   Cr: 18.2418 )
00000500: 16.9457   (Y': 15.332    Cb: 17.7003   Cr: 18.4361 )
00000501: 16.8918   (Y': 15.284    Cb: 17.7242   Cr: 18.28   )
00000502: 16.8387   (Y': 15.252    Cb: 17.6021   Cr: 18.2642 )
00000503: 16.8067   (Y': 15.28     Cb: 17.4527   Cr: 18.2516 )
00000504: 16.7978   (Y': 15.29     Cb: 17.4257   Cr: 18.2275 )
00000505: 16.9      (Y': 15.3904   Cb: 17.6037   Cr: 18.2434 )
00000507: 17.0003   (Y': 15.3252   Cb: 17.8422   Cr: 18.5146 )
00000506: 16.9766   (Y': 15.3928   Cb: 17.7273   Cr: 18.4111 )
00000508: 17.0292   (Y': 15.3301   Cb: 17.9282   Cr: 18.5276 )
00000509: 17.0553   (Y': 15.3255   Cb: 18.0163   Cr: 18.5478 )
00000510: 17.1092   (Y': 15.4229   Cb: 17.9815   Cr: 18.6116 )
00000511: 17.1186   (Y': 15.3447   Cb: 18.0322   Cr: 18.7602 )
00000512: 17.1752   (Y': 15.3649   Cb: 18.0745   Cr: 18.9152 )
00000513: 17.2234   (Y': 15.3714   Cb: 18.1568   Cr: 19.0174 )
00000515: 17.1787   (Y': 15.2963   Cb: 18.1309   Cr: 19.0206 )
00000514: 17.1933   (Y': 15.3394   Cb: 18.1329   Cr: 18.9843 )
00000516: 17.1644   (Y': 15.2614   Cb: 18.0748   Cr: 19.1078 )
00000517: 17.194    (Y': 15.3115   Cb: 18.1101   Cr: 19.0811 )
00000518: 17.1839   (Y': 15.2879   Cb: 18.0853   Cr: 19.1218 )
00000519: 17.1828   (Y': 15.3654   Cb: 18.0398   Cr: 18.9911 )
00000520: 17.1972   (Y': 15.3698   Cb: 18.075    Cr: 19.0029 )
00000521: 17.2247   (Y': 15.4399   Cb: 18.0626   Cr: 18.982  )
00000522: 17.2118   (Y': 15.4569   Cb: 18.0447   Cr: 18.9085 )
00000523: 17.2126   (Y': 15.4305   Cb: 18.0772   Cr: 18.9315 )
00000524: 17.2429   (Y': 15.4226   Cb: 18.1028   Cr: 19.0544 )
00000525: 17.2424   (Y': 15.431    Cb: 18.0917   Cr: 19.0464 )
00000526: 17.2542   (Y': 15.4288   Cb: 18.0987   Cr: 19.0966 )
00000527: 17.2427   (Y': 15.409    Cb: 18.079    Cr: 19.1146 )
00000528: 17.2238   (Y': 15.4109   Cb: 18.0375   Cr: 19.0761 )
00000529: 17.3387   (Y': 15.5429   Cb: 18.1618   Cr: 19.1395 )
00000530: 17.3785   (Y': 15.6011   Cb: 18.2163   Cr: 19.1197 )
00000531: 17.4708   (Y': 15.7951   Cb: 18.2316   Cr: 19.0833 )
00000532: 17.5952   (Y': 15.926    Cb: 18.3385   Cr: 19.2151 )
00000533: 17.8069   (Y': 16.2163   Cb: 18.4341   Cr: 19.4047 )
00000534: 17.875    (Y': 16.2373   Cb: 18.5276   Cr: 19.5405 )
00000535: 17.8988   (Y': 16.1467   Cb: 18.6844   Cr: 19.6476 )
00000536: 17.8028   (Y': 15.9723   Cb: 18.6636   Cr: 19.6367 )
00000537: 17.6635   (Y': 15.7039   Cb: 18.7201   Cr: 19.5627 )
00000538: 17.5991   (Y': 15.6241   Cb: 18.6244   Cr: 19.5747 )
00000539: 17.4452   (Y': 15.376    Cb: 18.6077   Cr: 19.4901 )
00000540: 17.3918   (Y': 15.2713   Cb: 18.62     Cr: 19.49   )
00000541: 17.3077   (Y': 15.1326   Cb: 18.5656   Cr: 19.5163 )
00000542: 17.3181   (Y': 15.1654   Cb: 18.5921   Cr: 19.446  )
00000543: 17.2827   (Y': 15.1016   Cb: 18.5998   Cr: 19.4352 )
00000544: 17.2707   (Y': 15.0649   Cb: 18.6045   Cr: 19.4703 )
00000545: 17.3429   (Y': 15.0663   Cb: 18.6797   Cr: 19.7398 )
00000546: 17.3813   (Y': 15.1096   Cb: 18.7569   Cr: 19.7155 )
00000547: 17.3672   (Y': 15.1373   Cb: 18.666    Cr: 19.6776 )
00000548: 17.3157   (Y': 15.0732   Cb: 18.645    Cr: 19.6236 )
00000549: 17.2771   (Y': 15.0267   Cb: 18.6043   Cr: 19.6103 )
00000550: 17.2542   (Y': 15.0043   Cb: 18.5946   Cr: 19.5696 )
00000551: 17.2311   (Y': 15.004    Cb: 18.5373   Cr: 19.5241 )
00000552: 17.1948   (Y': 14.9024   Cb: 18.5862   Cr: 19.5691 )
00000553: 16.92     (Y': 14.7315   Cb: 18.135    Cr: 19.22   )
00000554: 16.827    (Y': 14.6906   Cb: 17.9829   Cr: 19.0586 )
00000555: 16.5868   (Y': 14.5282   Cb: 17.6201   Cr: 18.7671 )
00000556: 16.5065   (Y': 14.439    Cb: 17.542    Cr: 18.7072 )
00000557: 16.3602   (Y': 14.3499   Cb: 17.2715   Cr: 18.5741 )
00000558: 16.3241   (Y': 14.3316   Cb: 17.1868   Cr: 18.5571 )
00000559: 16.2815   (Y': 14.3159   Cb: 17.1343   Cr: 18.4574 )
00000560: 16.3042   (Y': 14.3674   Cb: 17.1588   Cr: 18.4041 )
00000561: 16.3089   (Y': 14.4342   Cb: 17.1475   Cr: 18.2757 )
00000562: 16.3615   (Y': 14.5199   Cb: 17.1779   Cr: 18.278  )
00000563: 16.5286   (Y': 14.7832   Cb: 17.2477   Cr: 18.3465 )
00000564: 16.5462   (Y': 14.8408   Cb: 17.2379   Cr: 18.3097 )
00000565: 16.6036   (Y': 14.9811   Cb: 17.2673   Cr: 18.2228 )
00000566: 16.605    (Y': 14.9623   Cb: 17.3178   Cr: 18.2062 )
00000567: 16.6109   (Y': 14.9557   Cb: 17.2957   Cr: 18.2733 )
00000568: 16.5854   (Y': 14.948    Cb: 17.2395   Cr: 18.2483 )
00000569: 16.5518   (Y': 14.9639   Cb: 17.1455   Cr: 18.1864 )
00000570: 16.4988   (Y': 14.9282   Cb: 17.0545   Cr: 18.1455 )
00000571: 16.5281   (Y': 14.9818   Cb: 17.039    Cr: 18.1818 )
00000572: 16.4881   (Y': 14.9955   Cb: 16.9574   Cr: 18.0853 )
00000573: 16.5094   (Y': 15.0218   Cb: 16.9665   Cr: 18.1122 )
00000574: 16.5587   (Y': 15.0863   Cb: 17.0058   Cr: 18.1437 )
00000575: 16.5856   (Y': 15.1455   Cb: 16.9709   Cr: 18.1863 )
00000576: 16.531    (Y': 15.1051   Cb: 16.8847   Cr: 18.1451 )
00000577: 16.5059   (Y': 15.13     Cb: 16.8043   Cr: 18.0946 )
00000578: 16.4279   (Y': 15.082    Cb: 16.7081   Cr: 17.9819 )
00000579: 16.4669   (Y': 15.1411   Cb: 16.7082   Cr: 18.0341 )
00000580: 16.4227   (Y': 15.0741   Cb: 16.7085   Cr: 17.9744 )
00000581: 16.4172   (Y': 15.1199   Cb: 16.6516   Cr: 17.939  )
00000582: 16.4577   (Y': 15.1866   Cb: 16.7063   Cr: 17.9108 )
00000583: 16.4394   (Y': 15.1071   Cb: 16.7148   Cr: 17.9737 )
00000584: 16.3749   (Y': 15.0672   Cb: 16.5748   Cr: 17.9636 )
00000585: 16.3336   (Y': 15.0183   Cb: 16.5285   Cr: 17.9438 )
00000586: 16.3448   (Y': 14.9688   Cb: 16.5437   Cr: 18.0711 )
00000587: 16.3585   (Y': 14.9838   Cb: 16.4841   Cr: 18.1887 )
00000588: 16.3509   (Y': 14.9549   Cb: 16.4788   Cr: 18.2223 )
00000589: 16.4212   (Y': 15.0103   Cb: 16.557    Cr: 18.3127 )
00000590: 16.4349   (Y': 14.9848   Cb: 16.5916   Cr: 18.3795 )
00000591: 16.4201   (Y': 14.9487   Cb: 16.6032   Cr: 18.3718 )
00000592: 16.4335   (Y': 14.9773   Cb: 16.602    Cr: 18.3736 )
00000593: 16.4365   (Y': 14.9699   Cb: 16.687    Cr: 18.2786 )
Total: 16.6941   (Y': 15.0009   Cb: 17.3339   Cr: 18.4975 )
