00000003: 10.7811   (Y': 8.7174    Cb: 11.8798   Cr: 12.8908 )
00000004: 10.7377   (Y': 8.73299   Cb: 11.8082   Cr: 12.7316 )
00000005: 10.6782   (Y': 8.72365   Cb: 11.7587   Cr: 12.5366 )
00000000: 10.677    (Y': 8.55594   Cb: 11.8377   Cr: 12.8605 )
00000007: 10.532    (Y': 8.629     Cb: 11.5334   Cr: 12.3629 )
00000006: 10.6765   (Y': 8.73795   Cb: 11.7098   Cr: 12.5533 )
00000002: 10.6812   (Y': 8.61175   Cb: 11.761    Cr: 12.8302 )
00000001: 10.704    (Y': 8.63468   Cb: 11.8008   Cr: 12.8309 )
00000011: 10.4928   (Y': 8.65105   Cb: 11.397    Cr: 12.2987 )
00000008: 10.528    (Y': 8.66303   Cb: 11.4816   Cr: 12.3276 )
00000012: 10.4893   (Y': 8.62011   Cb: 11.4119   Cr: 12.3365 )
00000009: 10.4746   (Y': 8.61637   Cb: 11.4082   Cr: 12.2828 )
00000014: 10.4897   (Y': 8.55564   Cb: 11.4452   Cr: 12.4516 )
00000010: 10.4685   (Y': 8.60789   Cb: 11.3871   Cr: 12.3006 )
00000013: 10.4851   (Y': 8.59391   Cb: 11.41     Cr: 12.3819 )
00000015: 10.5082   (Y': 8.54437   Cb: 11.5161   Cr: 12.478  )
00000016: 10.4822   (Y': 8.51727   Cb: 11.4605   Cr: 12.4922 )
00000020: 10.5485   (Y': 8.58605   Cb: 11.573    Cr: 12.4941 )
00000017: 10.4388   (Y': 8.48315   Cb: 11.4065   Cr: 12.4389 )
00000019: 10.516    (Y': 8.56695   Cb: 11.5022   Cr: 12.4766 )
00000018: 10.4203   (Y': 8.43631   Cb: 11.4101   Cr: 12.4635 )
00000021: 10.6533   (Y': 8.68089   Cb: 11.7287   Cr: 12.5611 )
00000022: 10.6772   (Y': 8.65789   Cb: 11.8145   Cr: 12.626  )
00000023: 10.6531   (Y': 8.63904   Cb: 11.7671   Cr: 12.6168 )
00000024: 10.678    (Y': 8.63877   Cb: 11.8128   Cr: 12.6799 )
00000025: 10.6637   (Y': 8.65038   Cb: 11.7912   Cr: 12.6094 )
00000028: 10.5879   (Y': 8.56593   Cb: 11.6389   Cr: 12.6497 )
00000027: 10.6126   (Y': 8.61482   Cb: 11.6767   Cr: 12.5971 )
00000029: 10.5645   (Y': 8.56629   Cb: 11.5901   Cr: 12.5981 )
00000031: 10.5488   (Y': 8.56168   Cb: 11.6125   Cr: 12.507  )
00000026: 10.6827   (Y': 8.67618   Cb: 11.7784   Cr: 12.65   )
00000030: 10.5561   (Y': 8.59215   Cb: 11.5776   Cr: 12.5094 )
00000032: 10.5087   (Y': 8.52634   Cb: 11.5821   Cr: 12.4435 )
00000034: 10.3868   (Y': 8.35857   Cb: 11.579    Cr: 12.2923 )
00000036: 10.3523   (Y': 8.31305   Cb: 11.5356   Cr: 12.2956 )
00000035: 10.3779   (Y': 8.32362   Cb: 11.5632   Cr: 12.357  )
00000039: 10.3775   (Y': 8.20906   Cb: 11.6471   Cr: 12.5536 )
00000033: 10.4291   (Y': 8.3879    Cb: 11.6269   Cr: 12.3604 )
00000038: 10.3854   (Y': 8.26122   Cb: 11.6238   Cr: 12.4809 )
00000037: 10.3511   (Y': 8.25837   Cb: 11.5496   Cr: 12.4127 )
00000042: 10.3918   (Y': 8.12019   Cb: 11.8594   Cr: 12.6135 )
00000041: 10.4297   (Y': 8.1604    Cb: 11.8842   Cr: 12.6603 )
00000043: 10.4334   (Y': 8.11888   Cb: 12.0131   Cr: 12.6445 )
00000040: 10.4235   (Y': 8.18748   Cb: 11.8437   Cr: 12.6022 )
00000044: 10.4461   (Y': 8.15319   Cb: 11.9903   Cr: 12.6374 )
00000046: 10.4921   (Y': 8.20155   Cb: 12.0144   Cr: 12.7024 )
00000047: 10.5281   (Y': 8.22312   Cb: 12.0457   Cr: 12.7847 )
00000045: 10.4559   (Y': 8.15654   Cb: 12.0231   Cr: 12.6387 )
00000052: 10.6536   (Y': 8.22481   Cb: 12.3121   Cr: 13.1098 )
00000050: 10.6818   (Y': 8.26358   Cb: 12.301    Cr: 13.1526 )
00000051: 10.6456   (Y': 8.18718   Cb: 12.3091   Cr: 13.1882 )
00000048: 10.5788   (Y': 8.28143   Cb: 12.1228   Cr: 12.7831 )
00000053: 10.6581   (Y': 8.21495   Cb: 12.3295   Cr: 13.1431 )
00000049: 10.6612   (Y': 8.27382   Cb: 12.2057   Cr: 13.1293 )
00000055: 10.6301   (Y': 8.17881   Cb: 12.3128   Cr: 13.127  )
00000054: 10.6599   (Y': 8.21646   Cb: 12.3894   Cr: 13.0769 )
00000058: 10.6911   (Y': 8.22115   Cb: 12.3576   Cr: 13.2668 )
00000057: 10.6521   (Y': 8.18551   Cb: 12.314    Cr: 13.2221 )
00000059: 10.8082   (Y': 8.34709   Cb: 12.4224   Cr: 13.42   )
00000056: 10.662    (Y': 8.21479   Cb: 12.3236   Cr: 13.1713 )
00000060: 10.9098   (Y': 8.48708   Cb: 12.4615   Cr: 13.4783 )
00000061: 10.979    (Y': 8.55681   Cb: 12.5394   Cr: 13.5352 )
00000062: 10.9757   (Y': 8.5489    Cb: 12.527    Cr: 13.5577 )
00000063: 11.0006   (Y': 8.53209   Cb: 12.644    Cr: 13.6002 )
00000064: 11.0351   (Y': 8.56968   Cb: 12.6378   Cr: 13.6754 )
00000066: 11.0975   (Y': 8.67331   Cb: 12.6474   Cr: 13.6731 )
00000065: 11.0713   (Y': 8.61833   Cb: 12.6526   Cr: 13.6991 )
00000067: 11.0715   (Y': 8.62385   Cb: 12.628    Cr: 13.7135 )
00000068: 11.0105   (Y': 8.56003   Cb: 12.5322   Cr: 13.7071 )
00000069: 11.0867   (Y': 8.67129   Cb: 12.5183   Cr: 13.7882 )
00000070: 11.256    (Y': 8.8395    Cb: 12.6271   Cr: 14.0436 )
00000071: 11.0582   (Y': 8.51978   Cb: 12.6136   Cr: 14.0086 )
00000074: 11.1321   (Y': 8.65125   Cb: 12.6093   Cr: 13.99   )
00000072: 11.1281   (Y': 8.58188   Cb: 12.6608   Cr: 14.138  )
00000076: 11.1075   (Y': 8.56216   Cb: 12.6793   Cr: 14.06   )
00000073: 11.1632   (Y': 8.64777   Cb: 12.6319   Cr: 14.1533 )
00000075: 11.0924   (Y': 8.58263   Cb: 12.6444   Cr: 13.9474 )
00000077: 10.8946   (Y': 8.34369   Cb: 12.4637   Cr: 13.8704 )
00000079: 11.0661   (Y': 8.54059   Cb: 12.5883   Cr: 14.0168 )
00000078: 10.9531   (Y': 8.39907   Cb: 12.5698   Cr: 13.8749 )
00000082: 11.0824   (Y': 8.62973   Cb: 12.5291   Cr: 13.8865 )
00000080: 11.0929   (Y': 8.60834   Cb: 12.5699   Cr: 13.9634 )
00000081: 11.0959   (Y': 8.64382   Cb: 12.5528   Cr: 13.8842 )
00000083: 11.0593   (Y': 8.66681   Cb: 12.4251   Cr: 13.7756 )
00000084: 11.0755   (Y': 8.71171   Cb: 12.4386   Cr: 13.7036 )
00000085: 11.0379   (Y': 8.71841   Cb: 12.3779   Cr: 13.5593 )
00000086: 10.9863   (Y': 8.64873   Cb: 12.351    Cr: 13.5305 )
00000087: 10.8381   (Y': 8.54458   Cb: 12.1159   Cr: 13.3626 )
00000088: 10.8246   (Y': 8.51247   Cb: 12.1015   Cr: 13.407  )
00000091: 10.8449   (Y': 8.63266   Cb: 11.9882   Cr: 13.3076 )
00000092: 10.8384   (Y': 8.5451    Cb: 12.1      Cr: 13.3839 )
00000089: 10.747    (Y': 8.49156   Cb: 11.9378   Cr: 13.2736 )
00000090: 10.7374   (Y': 8.43733   Cb: 11.9886   Cr: 13.3176 )
00000093: 10.8181   (Y': 8.51432   Cb: 12.0402   Cr: 13.4497 )
00000094: 10.7659   (Y': 8.43109   Cb: 12.011    Cr: 13.4635 )
00000095: 10.7754   (Y': 8.4987    Cb: 11.9112   Cr: 13.4437 )
00000098: 10.8473   (Y': 8.57352   Cb: 11.8529   Cr: 13.6985 )
00000097: 10.8098   (Y': 8.51395   Cb: 11.8815   Cr: 13.6326 )
00000096: 10.7316   (Y': 8.4215    Cb: 11.8975   Cr: 13.4626 )
00000100: 11.0775   (Y': 8.82114   Cb: 12.0048   Cr: 13.9933 )
00000099: 10.99     (Y': 8.77358   Cb: 11.9014   Cr: 13.8015 )
00000101: 10.9571   (Y': 8.57111   Cb: 12.0205   Cr: 14.1    )
00000103: 11.0044   (Y': 8.51879   Cb: 12.1502   Cr: 14.3817 )
00000102: 10.8917   (Y': 8.39511   Cb: 12.1182   Cr: 14.1786 )
00000105: 11.3679   (Y': 8.87622   Cb: 12.5559   Cr: 14.6985 )
00000104: 11.0835   (Y': 8.59766   Cb: 12.2666   Cr: 14.4002 )
00000106: 11.6317   (Y': 9.12974   Cb: 12.8083   Cr: 15.021  )
00000108: 11.7398   (Y': 9.21871   Cb: 12.8983   Cr: 15.2345 )
00000107: 11.7424   (Y': 9.18326   Cb: 12.9533   Cr: 15.3014 )
00000111: 11.7294   (Y': 9.12647   Cb: 13.0599   Cr: 15.2657 )
00000109: 11.7514   (Y': 9.19614   Cb: 12.932    Cr: 15.347  )
00000110: 11.7686   (Y': 9.15141   Cb: 13.0813   Cr: 15.3947 )
00000112: 11.7485   (Y': 9.18327   Cb: 13.0159   Cr: 15.2369 )
00000115: 11.8356   (Y': 9.24296   Cb: 13.118    Cr: 15.4101 )
00000114: 11.9138   (Y': 9.42553   Cb: 13.0184   Cr: 15.3711 )
00000113: 11.8275   (Y': 9.32106   Cb: 13.0132   Cr: 15.2189 )
00000116: 11.8178   (Y': 9.23731   Cb: 13.1096   Cr: 15.3269 )
00000118: 11.7966   (Y': 9.25953   Cb: 12.9965   Cr: 15.2852 )
00000117: 11.8273   (Y': 9.27215   Cb: 13.0575   Cr: 15.3374 )
00000119: 11.8007   (Y': 9.21602   Cb: 13.0945   Cr: 15.3237 )
00000120: 11.9455   (Y': 9.37252   Cb: 13.1981   Cr: 15.4903 )
00000121: 12.0307   (Y': 9.44736   Cb: 13.2362   Cr: 15.6996 )
00000124: 12.1463   (Y': 9.33032   Cb: 13.7253   Cr: 16.2099 )
00000122: 12.0876   (Y': 9.47442   Cb: 13.376    Cr: 15.7382 )
00000123: 12.1638   (Y': 9.4958    Cb: 13.5189   Cr: 15.9351 )
00000126: 12.183    (Y': 9.30364   Cb: 13.8884   Cr: 16.3383 )
00000125: 12.1351   (Y': 9.26598   Cb: 13.813    Cr: 16.2868 )
00000127: 12.2125   (Y': 9.34365   Cb: 13.8995   Cr: 16.3465 )
00000128: 12.3595   (Y': 9.46087   Cb: 14.0727   Cr: 16.5992 )
00000129: 12.4071   (Y': 9.60948   Cb: 13.9732   Cr: 16.4044 )
00000132: 12.4823   (Y': 9.74435   Cb: 13.8627   Cr: 16.5291 )
00000131: 12.4938   (Y': 9.75413   Cb: 13.9104   Cr: 16.4827 )
00000130: 12.4717   (Y': 9.71181   Cb: 13.9356   Cr: 16.4705 )
00000133: 12.2714   (Y': 9.5394    Cb: 13.5727   Cr: 16.4391 )
00000134: 12.1354   (Y': 9.41008   Cb: 13.422    Cr: 16.2987 )
00000135: 12.1225   (Y': 9.48831   Cb: 13.2163   Cr: 16.2281 )
00000136: 12.1235   (Y': 9.50102   Cb: 13.1916   Cr: 16.2257 )
00000137: 11.9506   (Y': 9.30113   Cb: 13.0708   Cr: 16.0753 )
00000138: 12.189    (Y': 9.58873   Cb: 13.3548   Cr: 16.0023 )
00000139: 12.4101   (Y': 9.79221   Cb: 13.8332   Cr: 15.857  )
00000140: 12.6367   (Y': 9.95047   Cb: 14.1515   Cr: 16.2196 )
00000141: 12.3132   (Y': 9.6312    Cb: 13.7934   Cr: 15.9342 )
00000143: 11.5512   (Y': 8.99149   Cb: 12.8194   Cr: 15.0159 )
00000142: 11.9827   (Y': 9.36262   Cb: 13.311    Cr: 15.5943 )
00000144: 11.7316   (Y': 9.17671   Cb: 13.0125   Cr: 15.156  )
00000145: 11.849    (Y': 9.23479   Cb: 13.2441   Cr: 15.3255 )
00000146: 11.8534   (Y': 9.23457   Cb: 13.2547   Cr: 15.3387 )
00000147: 11.9123   (Y': 9.2905    Cb: 13.2661   Cr: 15.4883 )
00000148: 11.8592   (Y': 9.22506   Cb: 13.2226   Cr: 15.4709 )
00000150: 11.6668   (Y': 9.11346   Cb: 12.9296   Cr: 15.1146 )
00000149: 11.6584   (Y': 9.08978   Cb: 12.9787   Cr: 15.0728 )
00000151: 11.7814   (Y': 9.28359   Cb: 13.0006   Cr: 15.0843 )
00000152: 11.6554   (Y': 9.16944   Cb: 12.8544   Cr: 14.9462 )
00000153: 11.4285   (Y': 8.9593    Cb: 12.6223   Cr: 14.665  )
00000154: 11.2498   (Y': 8.7945    Cb: 12.4684   Cr: 14.3963 )
00000156: 11.1537   (Y': 8.64773   Cb: 12.5078   Cr: 14.2771 )
00000155: 11.116    (Y': 8.6093    Cb: 12.4477   Cr: 14.2761 )
00000157: 11.1099   (Y': 8.63482   Cb: 12.4357   Cr: 14.1638 )
00000158: 11.0318   (Y': 8.56822   Cb: 12.3884   Cr: 14.0004 )
00000159: 10.9516   (Y': 8.424     Cb: 12.4      Cr: 14.0147 )
00000160: 10.8282   (Y': 8.27853   Cb: 12.3119   Cr: 13.9204 )
00000161: 10.8327   (Y': 8.31466   Cb: 12.2558   Cr: 13.8977 )
00000162: 10.8338   (Y': 8.29089   Cb: 12.3077   Cr: 13.9156 )
00000164: 10.8641   (Y': 8.22257   Cb: 12.4699   Cr: 14.1257 )
00000163: 10.8344   (Y': 8.21987   Cb: 12.4353   Cr: 13.9996 )
00000165: 10.8974   (Y': 8.19381   Cb: 12.5929   Cr: 14.2737 )
00000167: 10.971    (Y': 8.27185   Cb: 12.6875   Cr: 14.2988 )
00000168: 10.9522   (Y': 8.25403   Cb: 12.6666   Cr: 14.2787 )
00000166: 10.9513   (Y': 8.26054   Cb: 12.6719   Cr: 14.2397 )
00000169: 10.9299   (Y': 8.22206   Cb: 12.6428   Cr: 14.2979 )
00000170: 10.8954   (Y': 8.17598   Cb: 12.6241   Cr: 14.2876 )
00000171: 10.725    (Y': 8.08776   Cb: 12.3304   Cr: 13.9702 )
00000172: 10.6467   (Y': 8.06577   Cb: 12.1859   Cr: 13.7745 )
00000173: 10.5335   (Y': 7.96037   Cb: 12.1249   Cr: 13.5586 )
00000176: 10.2407   (Y': 7.72649   Cb: 11.7809   Cr: 13.1269 )
00000175: 10.3477   (Y': 7.80369   Cb: 11.9225   Cr: 13.2912 )
00000177: 9.98921   (Y': 7.52532   Cb: 11.4588   Cr: 12.7998 )
00000174: 10.4867   (Y': 7.93365   Cb: 12.067    Cr: 13.4547 )
00000178: 9.8988    (Y': 7.43746   Cb: 11.355    Cr: 12.7192 )
00000179: 9.76792   (Y': 7.33016   Cb: 11.1366   Cr: 12.6301 )
00000180: 9.73458   (Y': 7.30169   Cb: 11.0925   Cr: 12.5955 )
00000181: 9.6815    (Y': 7.18543   Cb: 11.1206   Cr: 12.6453 )
00000182: 9.68011   (Y': 7.17513   Cb: 11.1534   Cr: 12.6269 )
00000184: 9.78094   (Y': 7.26166   Cb: 11.2688   Cr: 12.7576 )
00000183: 9.73756   (Y': 7.22636   Cb: 11.2034   Cr: 12.7168 )
00000185: 9.92137   (Y': 7.38032   Cb: 11.4261   Cr: 12.9521 )
00000186: 9.96486   (Y': 7.42369   Cb: 11.4923   Cr: 12.9639 )
00000187: 10.0362   (Y': 7.49496   Cb: 11.5653   Cr: 13.0331 )
00000188: 10.0489   (Y': 7.51339   Cb: 11.5925   Cr: 13.0055 )
00000189: 10.095    (Y': 7.56738   Cb: 11.5982   Cr: 13.08   )
00000190: 10.0984   (Y': 7.56343   Cb: 11.6256   Cr: 13.0759 )
00000192: 10.0648   (Y': 7.56693   Cb: 11.5183   Cr: 13.0143 )
00000191: 10.1006   (Y': 7.57793   Cb: 11.6116   Cr: 13.0568 )
00000193: 10.0554   (Y': 7.53364   Cb: 11.5351   Cr: 13.0523 )
00000194: 10.0774   (Y': 7.57202   Cb: 11.5318   Cr: 13.0521 )
00000195: 10.0502   (Y': 7.5566    Cb: 11.5146   Cr: 12.9695 )
00000196: 10.0916   (Y': 7.61609   Cb: 11.5086   Cr: 13.0148 )
00000197: 10.111    (Y': 7.64817   Cb: 11.5215   Cr: 12.9999 )
00000198: 10.1465   (Y': 7.6753    Cb: 11.5875   Cr: 13.0213 )
00000200: 10.2132   (Y': 7.72253   Cb: 11.6716   Cr: 13.1309 )
00000202: 10.2888   (Y': 7.76668   Cb: 11.8099   Cr: 13.2294 )
00000199: 10.1684   (Y': 7.69979   Cb: 11.6158   Cr: 13.0254 )
00000201: 10.247    (Y': 7.7585    Cb: 11.7082   Cr: 13.1531 )
00000203: 10.3049   (Y': 7.77767   Cb: 11.8124   Cr: 13.2822 )
00000204: 10.3663   (Y': 7.82507   Cb: 11.9129   Cr: 13.3387 )
00000206: 10.4579   (Y': 7.88302   Cb: 12.0572   Cr: 13.4783 )
00000205: 10.4153   (Y': 7.86176   Cb: 11.9744   Cr: 13.4143 )
00000209: 10.494    (Y': 7.91868   Cb: 12.07     Cr: 13.5484 )
00000208: 10.4533   (Y': 7.86245   Cb: 12.0948   Cr: 13.4736 )
00000207: 10.4288   (Y': 7.83896   Cb: 12.064    Cr: 13.4538 )
00000210: 10.5003   (Y': 7.9087    Cb: 12.1321   Cr: 13.5368 )
00000211: 10.5527   (Y': 7.96938   Cb: 12.088    Cr: 13.6949 )
00000212: 10.5503   (Y': 7.92203   Cb: 12.1334   Cr: 13.7935 )
00000217: 10.7363   (Y': 8.04529   Cb: 12.3416   Cr: 14.1968 )
00000213: 10.6001   (Y': 7.9807    Cb: 12.1991   Cr: 13.7861 )
00000214: 10.6465   (Y': 8.02162   Cb: 12.2608   Cr: 13.8315 )
00000215: 10.7064   (Y': 8.07099   Cb: 12.2778   Cr: 13.9947 )
00000216: 10.6843   (Y': 8.04122   Cb: 12.2536   Cr: 14.0056 )
00000218: 10.7742   (Y': 8.08155   Cb: 12.3808   Cr: 14.2393 )
00000219: 10.8286   (Y': 8.13729   Cb: 12.4732   Cr: 14.2304 )
00000220: 10.825    (Y': 8.0914    Cb: 12.5543   Cr: 14.2745 )
00000221: 10.8673   (Y': 8.11752   Cb: 12.6077   Cr: 14.3677 )
00000223: 10.9117   (Y': 8.14736   Cb: 12.6865   Cr: 14.4224 )
00000222: 10.8665   (Y': 8.1134    Cb: 12.6019   Cr: 14.3884 )
00000225: 10.8502   (Y': 8.025     Cb: 12.7603   Cr: 14.4224 )
00000224: 10.886    (Y': 8.10588   Cb: 12.7144   Cr: 14.3845 )
00000226: 10.8796   (Y': 8.07658   Cb: 12.7833   Cr: 14.3656 )
00000227: 10.8384   (Y': 8.00533   Cb: 12.772    Cr: 14.4106 )
00000228: 10.84     (Y': 8.01347   Cb: 12.7844   Cr: 14.3681 )
00000230: 10.8234   (Y': 8.02236   Cb: 12.7511   Cr: 14.2672 )
00000229: 10.8135   (Y': 8.01769   Cb: 12.7451   Cr: 14.2293 )
00000233: 10.814    (Y': 8.04124   Cb: 12.6746   Cr: 14.2344 )
00000231: 10.8042   (Y': 8.02143   Cb: 12.6868   Cr: 14.235  )
00000232: 10.813    (Y': 8.0328    Cb: 12.726    Cr: 14.1906 )
00000234: 10.8122   (Y': 8.03131   Cb: 12.709    Cr: 14.2155 )
00000235: 10.8017   (Y': 8.02741   Cb: 12.7034   Cr: 14.1703 )
00000236: 10.7657   (Y': 7.97322   Cb: 12.6769   Cr: 14.1966 )
00000238: 10.7507   (Y': 7.95973   Cb: 12.6519   Cr: 14.1896 )
00000237: 10.7291   (Y': 7.95251   Cb: 12.5988   Cr: 14.1531 )
00000239: 10.7159   (Y': 7.92456   Cb: 12.6484   Cr: 14.112  )
00000241: 10.7661   (Y': 7.9758    Cb: 12.6482   Cr: 14.2297 )
00000240: 10.7268   (Y': 7.92812   Cb: 12.633    Cr: 14.191  )
00000242: 10.8033   (Y': 8.00493   Cb: 12.679    Cr: 14.31   )
00000243: 10.8306   (Y': 8.04289   Cb: 12.6878   Cr: 14.3191 )
00000244: 10.8582   (Y': 8.04572   Cb: 12.7765   Cr: 14.3636 )
00000247: 10.9987   (Y': 8.15806   Cb: 12.9027   Cr: 14.6484 )
00000246: 10.9331   (Y': 8.11866   Cb: 12.8279   Cr: 14.4812 )
00000249: 11.1205   (Y': 8.26469   Cb: 13.0809   Cr: 14.754  )
00000245: 10.9589   (Y': 8.14164   Cb: 12.8976   Cr: 14.4554 )
00000248: 11.0449   (Y': 8.18216   Cb: 13.0161   Cr: 14.6935 )
00000251: 11.2009   (Y': 8.30826   Cb: 13.1963   Cr: 14.9493 )
00000250: 11.1477   (Y': 8.28184   Cb: 13.1214   Cr: 14.8064 )
00000252: 11.2539   (Y': 8.36042   Cb: 13.29     Cr: 14.9459 )
00000256: 11.3963   (Y': 8.4977    Cb: 13.4336   Cr: 15.11   )
00000253: 11.3262   (Y': 8.42014   Cb: 13.3691   Cr: 15.0661 )
00000254: 11.3115   (Y': 8.39004   Cb: 13.3785   Cr: 15.0873 )
00000257: 11.4713   (Y': 8.52953   Cb: 13.5953   Cr: 15.258  )
00000255: 11.3496   (Y': 8.43014   Cb: 13.4471   Cr: 15.0712 )
00000258: 11.4839   (Y': 8.55377   Cb: 13.5849   Cr: 15.2503 )
00000259: 11.4536   (Y': 8.53556   Cb: 13.5089   Cr: 15.2307 )
00000260: 11.4647   (Y': 8.58459   Cb: 13.4723   Cr: 15.1381 )
00000261: 11.5377   (Y': 8.65895   Cb: 13.5337   Cr: 15.2221 )
00000262: 11.5777   (Y': 8.69253   Cb: 13.5641   Cr: 15.3052 )
00000263: 11.6426   (Y': 8.74975   Cb: 13.6383   Cr: 15.3921 )
00000264: 11.7325   (Y': 8.82346   Cb: 13.7395   Cr: 15.5399 )
00000265: 11.7726   (Y': 8.85997   Cb: 13.7794   Cr: 15.597  )
00000266: 11.7836   (Y': 8.846     Cb: 13.7853   Cr: 15.7358 )
00000267: 11.7741   (Y': 8.83676   Cb: 13.765    Cr: 15.7422 )
00000268: 11.7886   (Y': 8.8566    Cb: 13.7826   Cr: 15.7256 )
00000269: 11.7883   (Y': 8.87908   Cb: 13.7419   Cr: 15.6787 )
00000271: 11.7651   (Y': 8.86075   Cb: 13.6573   Cr: 15.7292 )
00000270: 11.7448   (Y': 8.83121   Cb: 13.6569   Cr: 15.7224 )
00000272: 11.834    (Y': 8.93484   Cb: 13.7015   Cr: 15.8127 )
00000273: 11.9414   (Y': 9.10987   Cb: 13.6729   Cr: 15.8195 )
00000274: 11.9892   (Y': 9.16991   Cb: 13.7168   Cr: 15.8163 )
00000275: 12.1296   (Y': 9.38284   Cb: 13.7326   Cr: 15.8314 )
00000276: 12.1303   (Y': 9.38552   Cb: 13.7217   Cr: 15.8424 )
00000277: 12.1262   (Y': 9.40823   Cb: 13.7045   Cr: 15.7425 )
00000279: 11.8218   (Y': 9.08782   Cb: 13.4385   Cr: 15.4461 )
00000278: 11.9953   (Y': 9.29253   Cb: 13.5796   Cr: 15.5374 )
00000280: 11.7943   (Y': 9.07943   Cb: 13.3477   Cr: 15.437  )
00000281: 11.7938   (Y': 9.06569   Cb: 13.3699   Cr: 15.4574 )
00000282: 11.7838   (Y': 9.04141   Cb: 13.3529   Cr: 15.5213 )
00000283: 11.8121   (Y': 9.08556   Cb: 13.3144   Cr: 15.5908 )
00000285: 11.7717   (Y': 9.07124   Cb: 13.2683   Cr: 15.4451 )
00000284: 11.7839   (Y': 9.06632   Cb: 13.2764   Cr: 15.5395 )
00000288: 11.6445   (Y': 8.87821   Cb: 13.2943   Cr: 15.3576 )
00000286: 11.7293   (Y': 8.99263   Cb: 13.3233   Cr: 15.4015 )
00000287: 11.6518   (Y': 8.93137   Cb: 13.2033   Cr: 15.3216 )
00000290: 11.6583   (Y': 8.93126   Cb: 13.2327   Cr: 15.3199 )
00000289: 11.6908   (Y': 8.9514    Cb: 13.2765   Cr: 15.3882 )
00000291: 11.6363   (Y': 8.92134   Cb: 13.1626   Cr: 15.3238 )
00000292: 11.6534   (Y': 8.94597   Cb: 13.1723   Cr: 15.3204 )
00000293: 11.7065   (Y': 9.00427   Cb: 13.2675   Cr: 15.283  )
00000296: 11.7045   (Y': 9.03745   Cb: 13.1982   Cr: 15.2405 )
00000294: 11.684    (Y': 8.96814   Cb: 13.2497   Cr: 15.3114 )
00000295: 11.6959   (Y': 8.95735   Cb: 13.3228   Cr: 15.3233 )
00000297: 11.8023   (Y': 9.16346   Cb: 13.2985   Cr: 15.2186 )
00000298: 11.7276   (Y': 9.0567    Cb: 13.2827   Cr: 15.1829 )
00000299: 11.6099   (Y': 8.90825   Cb: 13.2161   Cr: 15.1133 )
00000300: 11.5996   (Y': 8.92342   Cb: 13.1534   Cr: 15.0787 )
00000301: 11.5764   (Y': 8.89029   Cb: 13.1017   Cr: 15.1419 )
00000302: 11.5668   (Y': 8.91616   Cb: 13.0487   Cr: 15.0534 )
00000303: 11.43     (Y': 8.73034   Cb: 12.9765   Cr: 15.0189 )
00000304: 11.4173   (Y': 8.70481   Cb: 12.974    Cr: 15.0444 )
00000305: 11.434    (Y': 8.70043   Cb: 13.0115   Cr: 15.1193 )
00000306: 11.4064   (Y': 8.67141   Cb: 12.9518   Cr: 15.1505 )
00000308: 11.5236   (Y': 8.79282   Cb: 13.1336   Cr: 15.1443 )
00000307: 11.4777   (Y': 8.78965   Cb: 13.0268   Cr: 15.013  )
00000309: 11.5847   (Y': 8.88914   Cb: 13.1581   Cr: 15.1133 )
00000310: 11.5593   (Y': 8.84804   Cb: 13.1596   Cr: 15.1121 )
00000311: 11.5991   (Y': 8.94718   Cb: 13.1365   Cr: 15.0043 )
00000312: 11.6131   (Y': 8.95505   Cb: 13.1726   Cr: 15.0093 )
00000313: 11.5413   (Y': 8.90923   Cb: 13.0882   Cr: 14.853  )
00000314: 11.3795   (Y': 8.76998   Cb: 12.8547   Cr: 14.7111 )
00000316: 11.2126   (Y': 8.66798   Cb: 12.5653   Cr: 14.4823 )
00000315: 11.2081   (Y': 8.64637   Cb: 12.5524   Cr: 14.5571 )
00000317: 11.1313   (Y': 8.60514   Cb: 12.4564   Cr: 14.3743 )
00000318: 11.1002   (Y': 8.56772   Cb: 12.4282   Cr: 14.3621 )
00000319: 11.024    (Y': 8.48939   Cb: 12.3377   Cr: 14.3165 )
00000320: 11.0189   (Y': 8.48449   Cb: 12.302    Cr: 14.3596 )
00000321: 10.9794   (Y': 8.42492   Cb: 12.3323   Cr: 14.2869 )
00000322: 11.0262   (Y': 8.42683   Cb: 12.4576   Cr: 14.3859 )
00000323: 11.0257   (Y': 8.42522   Cb: 12.4513   Cr: 14.399  )
00000325: 11.0546   (Y': 8.46938   Cb: 12.4962   Cr: 14.3434 )
00000324: 11.0584   (Y': 8.47736   Cb: 12.4662   Cr: 14.3833 )
00000326: 11.0274   (Y': 8.43252   Cb: 12.4921   Cr: 14.3185 )
00000328: 11.0739   (Y': 8.49759   Cb: 12.4875   Cr: 14.3714 )
00000327: 11.0604   (Y': 8.49395   Cb: 12.4564   Cr: 14.3471 )
00000333: 11.4869   (Y': 8.98377   Cb: 12.7599   Cr: 14.7245 )
00000329: 11.1178   (Y': 8.54464   Cb: 12.4831   Cr: 14.4782 )
00000330: 11.1174   (Y': 8.54968   Cb: 12.438    Cr: 14.5277 )
00000331: 11.2995   (Y': 8.7819    Cb: 12.6505   Cr: 14.4705 )
00000332: 11.3654   (Y': 8.85692   Cb: 12.6395   Cr: 14.6214 )
00000334: 11.4859   (Y': 8.97588   Cb: 12.7468   Cr: 14.7685 )
00000335: 11.4198   (Y': 8.87851   Cb: 12.6794   Cr: 14.8255 )
00000336: 11.3798   (Y': 8.83386   Cb: 12.6223   Cr: 14.8317 )
00000337: 11.1818   (Y': 8.59853   Cb: 12.4718   Cr: 14.7049 )
00000338: 11.1902   (Y': 8.57494   Cb: 12.5405   Cr: 14.745  )
00000339: 11.0427   (Y': 8.38656   Cb: 12.4379   Cr: 14.6938 )
00000340: 11.0276   (Y': 8.40757   Cb: 12.3867   Cr: 14.5872 )
00000341: 11.0508   (Y': 8.41914   Cb: 12.4002   Cr: 14.6752 )
00000342: 11.0358   (Y': 8.38784   Cb: 12.436    Cr: 14.6444 )
00000343: 11.1033   (Y': 8.45584   Cb: 12.4734   Cr: 14.76   )
00000344: 11.107    (Y': 8.46153   Cb: 12.4883   Cr: 14.7359 )
00000345: 11.1501   (Y': 8.48988   Cb: 12.5153   Cr: 14.8703 )
00000346: 11.1485   (Y': 8.50805   Cb: 12.4962   Cr: 14.8133 )
00000347: 11.1798   (Y': 8.53495   Cb: 12.4773   Cr: 14.9508 )
00000348: 11.2363   (Y': 8.6016    Cb: 12.5597   Cr: 14.918  )
00000349: 11.175    (Y': 8.53709   Cb: 12.523    Cr: 14.828  )
00000350: 11.18     (Y': 8.55866   Cb: 12.4906   Cr: 14.8268 )
00000351: 11.2089   (Y': 8.58625   Cb: 12.5615   Cr: 14.7904 )
00000353: 11.1849   (Y': 8.47133   Cb: 12.7003   Cr: 14.8844 )
00000354: 11.2106   (Y': 8.48317   Cb: 12.7249   Cr: 14.9727 )
00000352: 11.1876   (Y': 8.53262   Cb: 12.6069   Cr: 14.7939 )
00000355: 11.1838   (Y': 8.41968   Cb: 12.749    Cr: 15.0265 )
00000356: 11.1519   (Y': 8.37963   Cb: 12.7669   Cr: 14.9483 )
00000357: 11.1065   (Y': 8.31274   Cb: 12.7534   Cr: 14.9484 )
00000358: 11.1271   (Y': 8.32806   Cb: 12.743    Cr: 15.0453 )
00000359: 11.146    (Y': 8.34459   Cb: 12.7837   Cr: 15.0384 )
00000360: 11.1649   (Y': 8.36525   Cb: 12.815    Cr: 15.0285 )
00000362: 11.2478   (Y': 8.4429    Cb: 12.824    Cr: 15.2625 )
00000361: 11.2112   (Y': 8.43661   Cb: 12.8118   Cr: 15.0423 )
00000363: 11.33     (Y': 8.55168   Cb: 12.8799   Cr: 15.2644 )
00000364: 11.3784   (Y': 8.6209    Cb: 12.8998   Cr: 15.2654 )
00000365: 11.475    (Y': 8.76886   Cb: 12.9251   Cr: 15.2513 )
00000366: 11.6193   (Y': 8.94205   Cb: 13.0479   Cr: 15.3049 )
00000367: 11.6226   (Y': 9.01999   Cb: 12.9229   Cr: 15.2084 )
00000369: 11.6318   (Y': 9.06144   Cb: 12.9103   Cr: 15.1218 )
00000368: 11.5974   (Y': 8.99392   Cb: 12.9138   Cr: 15.16   )
00000370: 11.6204   (Y': 9.05803   Cb: 12.7924   Cr: 15.2603 )
00000371: 11.6197   (Y': 9.07296   Cb: 12.7609   Cr: 15.2489 )
00000372: 11.6038   (Y': 9.03379   Cb: 12.808    Cr: 15.2189 )
00000373: 11.6593   (Y': 9.10016   Cb: 12.8571   Cr: 15.2409 )
00000374: 11.6353   (Y': 9.1147    Cb: 12.8034   Cr: 15.112  )
00000375: 11.5675   (Y': 9.00311   Cb: 12.8072   Cr: 15.0988 )
00000377: 11.5911   (Y': 9.02088   Cb: 12.8158   Cr: 15.1721 )
00000376: 11.6138   (Y': 9.05236   Cb: 12.8056   Cr: 15.2151 )
00000379: 11.5276   (Y': 9.03085   Cb: 12.5918   Cr: 15.0893 )
00000378: 11.5798   (Y': 9.0293    Cb: 12.7417   Cr: 15.1884 )
00000380: 11.5381   (Y': 9.07351   Cb: 12.5413   Cr: 15.0797 )
00000381: 11.5117   (Y': 9.05008   Cb: 12.5074   Cr: 15.0549 )
00000382: 11.5394   (Y': 9.0618    Cb: 12.5392   Cr: 15.1395 )
00000383: 11.4905   (Y': 9.07051   Cb: 12.4308   Cr: 14.9697 )
00000384: 11.5242   (Y': 9.1169    Cb: 12.4525   Cr: 14.9754 )
00000385: 11.5589   (Y': 9.12542   Cb: 12.513    Cr: 15.0657 )
00000386: 11.5105   (Y': 9.10427   Cb: 12.4071   Cr: 15.0147 )
00000387: 11.5495   (Y': 9.13289   Cb: 12.5148   Cr: 14.9709 )
00000388: 11.5288   (Y': 9.07465   Cb: 12.5255   Cr: 15.0409 )
00000389: 11.4519   (Y': 8.90556   Cb: 12.6128   Cr: 15.0449 )
00000391: 11.4205   (Y': 8.75646   Cb: 12.7946   Cr: 15.1417 )
00000390: 11.4166   (Y': 8.83792   Cb: 12.6384   Cr: 15.0372 )
00000394: 11.3473   (Y': 8.56838   Cb: 13.0729   Cr: 14.9961 )
00000392: 11.3783   (Y': 8.67582   Cb: 12.8974   Cr: 15.0232 )
00000395: 11.3039   (Y': 8.53934   Cb: 13.052    Cr: 14.8554 )
00000393: 11.3764   (Y': 8.62367   Cb: 13.021    Cr: 15.038  )
00000396: 11.2805   (Y': 8.52544   Cb: 13.0565   Cr: 14.7505 )
00000397: 11.2419   (Y': 8.42711   Cb: 13.148    Cr: 14.775  )
00000398: 11.1901   (Y': 8.34059   Cb: 13.1602   Cr: 14.7815 )
00000399: 11.2278   (Y': 8.36834   Cb: 13.2547   Cr: 14.7811 )
00000400: 11.1859   (Y': 8.29468   Cb: 13.2478   Cr: 14.8306 )
00000401: 11.221    (Y': 8.37692   Cb: 13.2003   Cr: 14.7751 )
00000403: 11.3724   (Y': 8.55338   Cb: 13.2706   Cr: 14.9354 )
00000402: 11.2916   (Y': 8.44935   Cb: 13.2353   Cr: 14.8897 )
00000404: 11.3893   (Y': 8.53172   Cb: 13.3568   Cr: 15.0204 )
00000405: 11.3629   (Y': 8.51628   Cb: 13.2847   Cr: 15.0126 )
00000406: 11.3825   (Y': 8.54319   Cb: 13.2845   Cr: 15.0293 )
00000407: 11.4693   (Y': 8.61372   Cb: 13.4336   Cr: 15.0958 )
00000408: 11.4141   (Y': 8.56564   Cb: 13.3566   Cr: 15.0411 )
00000409: 11.3965   (Y': 8.54924   Cb: 13.3576   Cr: 14.9912 )
00000410: 11.4032   (Y': 8.56585   Cb: 13.3392   Cr: 14.9907 )
00000411: 11.5089   (Y': 8.68186   Cb: 13.4547   Cr: 15.0377 )
00000413: 11.4463   (Y': 8.59647   Cb: 13.397    Cr: 15.0675 )
00000414: 11.4433   (Y': 8.59839   Cb: 13.4226   Cr: 15.0011 )
00000412: 11.4947   (Y': 8.69427   Cb: 13.4036   Cr: 14.9624 )
00000415: 11.3686   (Y': 8.5107    Cb: 13.3287   Cr: 15.0117 )
00000416: 11.3426   (Y': 8.49327   Cb: 13.2776   Cr: 14.9848 )
00000417: 11.3259   (Y': 8.45771   Cb: 13.3254   Cr: 14.9577 )
00000418: 11.3023   (Y': 8.41623   Cb: 13.3145   Cr: 14.996  )
00000420: 11.2708   (Y': 8.39329   Cb: 13.2318   Cr: 15.0018 )
00000419: 11.2425   (Y': 8.33369   Cb: 13.2991   Cr: 14.975  )
00000421: 11.276    (Y': 8.36962   Cb: 13.2718   Cr: 15.0882 )
00000422: 11.295    (Y': 8.4044    Cb: 13.2641   Cr: 15.0737 )
00000423: 11.3465   (Y': 8.44832   Cb: 13.3084   Cr: 15.1717 )
00000424: 11.3776   (Y': 8.4812    Cb: 13.3306   Cr: 15.2083 )
00000425: 11.4224   (Y': 8.53354   Cb: 13.3836   Cr: 15.2053 )
00000427: 11.6769   (Y': 8.77949   Cb: 13.683    Cr: 15.4316 )
00000426: 11.4345   (Y': 8.56267   Cb: 13.377    Cr: 15.1669 )
00000428: 11.7256   (Y': 8.81704   Cb: 13.8129   Cr: 15.4117 )
00000429: 11.8384   (Y': 8.92116   Cb: 13.9152   Cr: 15.58   )
00000430: 11.8873   (Y': 8.95518   Cb: 14.0174   Cr: 15.62   )
00000431: 11.9919   (Y': 9.05336   Cb: 14.1072   Cr: 15.777  )
00000432: 11.9687   (Y': 9.02656   Cb: 14.1122   Cr: 15.7291 )
00000434: 11.8909   (Y': 8.94569   Cb: 13.9994   Cr: 15.7168 )
00000433: 11.9192   (Y': 8.97272   Cb: 14.0442   Cr: 15.7271 )
00000435: 11.855    (Y': 8.94142   Cb: 13.909    Cr: 15.6136 )
00000436: 11.814    (Y': 8.90403   Cb: 13.8399   Cr: 15.5975 )
00000437: 11.7571   (Y': 8.8627    Cb: 13.7364   Cr: 15.5382 )
00000438: 11.7441   (Y': 8.86522   Cb: 13.7034   Cr: 15.4834 )
00000439: 11.804    (Y': 8.9765    Cb: 13.6595   Cr: 15.4678 )
00000440: 11.7816   (Y': 8.99545   Cb: 13.6177   Cr: 15.2942 )
00000441: 11.7724   (Y': 9.05358   Cb: 13.4742   Cr: 15.2017 )
00000443: 11.7781   (Y': 9.11417   Cb: 13.3295   Cr: 15.2105 )
00000442: 11.832    (Y': 9.16342   Cb: 13.4084   Cr: 15.245  )
00000445: 11.706    (Y': 9.07407   Cb: 13.2678   Cr: 14.995  )
00000444: 11.7394   (Y': 9.0829    Cb: 13.3182   Cr: 15.1    )
00000446: 11.6833   (Y': 9.0695    Cb: 13.1799   Cr: 14.9992 )
00000447: 11.6867   (Y': 9.07842   Cb: 13.1386   Cr: 15.0499 )
00000448: 11.5883   (Y': 8.97944   Cb: 13.0739   Cr: 14.9015 )
00000451: 11.532    (Y': 8.92825   Cb: 12.9986   Cr: 14.8544 )
00000449: 11.563    (Y': 8.93595   Cb: 13.0709   Cr: 14.9138 )
00000450: 11.5536   (Y': 8.94938   Cb: 13.018    Cr: 14.8812 )
00000452: 11.5308   (Y': 8.91048   Cb: 13.0161   Cr: 14.8898 )
00000454: 11.4895   (Y': 8.83797   Cb: 13.0441   Cr: 14.867  )
00000453: 11.5279   (Y': 8.8997    Cb: 13.0714   Cr: 14.8295 )
00000456: 11.439    (Y': 8.79798   Cb: 12.9758   Cr: 14.8016 )
00000455: 11.4651   (Y': 8.8391    Cb: 12.9695   Cr: 14.8175 )
00000457: 11.425    (Y': 8.81357   Cb: 13.0056   Cr: 14.6077 )
00000458: 11.4216   (Y': 8.84138   Cb: 12.9527   Cr: 14.5581 )
00000459: 11.3834   (Y': 8.84956   Cb: 12.897    Cr: 14.376  )
00000462: 11.3395   (Y': 8.81539   Cb: 12.8246   Cr: 14.3373 )
00000461: 11.4107   (Y': 8.90365   Cb: 12.8745   Cr: 14.3784 )
00000460: 11.3872   (Y': 8.84078   Cb: 12.8964   Cr: 14.431  )
00000463: 11.3457   (Y': 8.82885   Cb: 12.837    Cr: 14.3091 )
00000464: 11.3303   (Y': 8.80432   Cb: 12.8364   Cr: 14.305  )
00000466: 11.4104   (Y': 8.93237   Cb: 12.8653   Cr: 14.2893 )
00000465: 11.4016   (Y': 8.90871   Cb: 12.8899   Cr: 14.2853 )
00000467: 11.3792   (Y': 8.87639   Cb: 12.8763   Cr: 14.285  )
00000469: 11.4401   (Y': 8.91022   Cb: 13.0158   Cr: 14.3325 )
00000470: 11.4971   (Y': 8.96227   Cb: 13.1392   Cr: 14.3187 )
00000468: 11.4191   (Y': 8.90716   Cb: 12.9383   Cr: 14.3262 )
00000471: 11.4738   (Y': 8.96936   Cb: 13.0532   Cr: 14.2743 )
00000472: 11.4703   (Y': 8.9703    Cb: 13.0554   Cr: 14.248  )
00000473: 11.4922   (Y': 8.98494   Cb: 13.1556   Cr: 14.1929 )
00000475: 11.3589   (Y': 8.84286   Cb: 13.0793   Cr: 14.0173 )
00000477: 11.281    (Y': 8.85114   Cb: 12.9317   Cr: 13.7495 )
00000476: 11.3315   (Y': 8.81683   Cb: 13.0804   Cr: 13.95   )
00000478: 11.2806   (Y': 8.85933   Cb: 12.9127   Cr: 13.7455 )
00000479: 11.254    (Y': 8.84015   Cb: 12.8517   Cr: 13.7378 )
00000474: 11.4759   (Y': 8.97664   Cb: 13.1105   Cr: 14.1867 )
00000480: 11.2966   (Y': 8.87691   Cb: 12.8929   Cr: 13.8003 )
00000481: 11.3204   (Y': 8.89708   Cb: 12.8545   Cr: 13.9133 )
00000483: 11.2461   (Y': 8.84078   Cb: 12.762    Cr: 13.8056 )
00000482: 11.2772   (Y': 8.8614    Cb: 12.8552   Cr: 13.7912 )
00000485: 11.1268   (Y': 8.78295   Cb: 12.5621   Cr: 13.5991 )
00000484: 11.1482   (Y': 8.76413   Cb: 12.6497   Cr: 13.6594 )
00000487: 11.1942   (Y': 8.80854   Cb: 12.7473   Cr: 13.6462 )
00000486: 11.1402   (Y': 8.77415   Cb: 12.6184   Cr: 13.6257 )
00000489: 11.1316   (Y': 8.69935   Cb: 12.7154   Cr: 13.6901 )
00000488: 11.1713   (Y': 8.77706   Cb: 12.6882   Cr: 13.6951 )
00000490: 11.22     (Y': 8.81922   Cb: 12.7893   Cr: 13.6984 )
00000491: 11.198    (Y': 8.74545   Cb: 12.8277   Cr: 13.7634 )
00000492: 11.2103   (Y': 8.74783   Cb: 12.8598   Cr: 13.7828 )
00000494: 11.1391   (Y': 8.61224   Cb: 12.8317   Cr: 13.8683 )
00000496: 11.1485   (Y': 8.57853   Cb: 12.9142   Cr: 13.9312 )
00000497: 11.1165   (Y': 8.51639   Cb: 12.949    Cr: 13.919  )
00000493: 11.1958   (Y': 8.69531   Cb: 12.8494   Cr: 13.8866 )
00000495: 11.1612   (Y': 8.59378   Cb: 12.9048   Cr: 13.963  )
00000498: 11.0916   (Y': 8.47271   Cb: 12.9683   Cr: 13.9045 )
00000499: 11.1646   (Y': 8.52827   Cb: 13.035    Cr: 14.0469 )
00000501: 11.1221   (Y': 8.48047   Cb: 13.0288   Cr: 13.9776 )
00000500: 11.1719   (Y': 8.52057   Cb: 13.0769   Cr: 14.0641 )
00000503: 11.2502   (Y': 8.63656   Cb: 13.0817   Cr: 14.1012 )
00000502: 11.2027   (Y': 8.56889   Cb: 13.0443   Cr: 14.1129 )
00000504: 11.2579   (Y': 8.66605   Cb: 13.0686   Cr: 14.0593 )
00000506: 11.416    (Y': 8.82672   Cb: 13.2058   Cr: 14.2346 )
00000505: 11.3874   (Y': 8.81578   Cb: 13.1132   Cr: 14.2269 )
00000509: 11.6925   (Y': 9.1481    Cb: 13.4808   Cr: 14.3606 )
00000510: 11.6808   (Y': 9.11338   Cb: 13.4947   Cr: 14.3947 )
00000511: 11.7442   (Y': 9.1695    Cb: 13.5984   Cr: 14.4335 )
00000507: 11.4848   (Y': 8.93869   Cb: 13.2457   Cr: 14.1928 )
00000508: 11.5533   (Y': 8.9807    Cb: 13.33     Cr: 14.3314 )
00000512: 11.7442   (Y': 9.14263   Cb: 13.5854   Cr: 14.5412 )
00000513: 11.7539   (Y': 9.19353   Cb: 13.5497   Cr: 14.4665 )
00000514: 11.6447   (Y': 9.07559   Cb: 13.412    Cr: 14.4225 )
00000515: 11.5592   (Y': 9.03197   Cb: 13.2281   Cr: 14.3198 )
00000517: 11.4629   (Y': 8.96337   Cb: 13.0084   Cr: 14.2919 )
00000519: 11.4604   (Y': 9.05098   Cb: 12.8722   Cr: 14.1689 )
00000518: 11.4238   (Y': 8.95058   Cb: 12.9264   Cr: 14.2213 )
00000520: 11.4156   (Y': 8.98849   Cb: 12.8643   Cr: 14.1322 )
00000516: 11.4742   (Y': 8.95241   Cb: 13.0971   Cr: 14.2758 )
00000522: 11.4061   (Y': 9.04553   Cb: 12.7475   Cr: 14.0532 )
00000521: 11.3908   (Y': 9.00369   Cb: 12.7713   Cr: 14.0695 )
00000523: 11.4561   (Y': 9.09542   Cb: 12.7797   Cr: 14.1275 )
00000524: 11.4647   (Y': 9.13036   Cb: 12.7384   Cr: 14.1211 )
00000525: 11.4281   (Y': 9.01812   Cb: 12.7946   Cr: 14.2008 )
00000526: 11.4222   (Y': 8.98422   Cb: 12.8475   Cr: 14.2063 )
00000528: 11.3307   (Y': 8.78664   Cb: 12.8595   Cr: 14.3383 )
00000527: 11.3502   (Y': 8.84678   Cb: 12.8527   Cr: 14.2508 )
00000529: 11.2276   (Y': 8.56572   Cb: 12.8786   Cr: 14.5027 )
00000530: 11.241    (Y': 8.6002    Cb: 12.8852   Cr: 14.4438 )
00000532: 11.2488   (Y': 8.49372   Cb: 13.0485   Cr: 14.684  )
00000533: 11.2885   (Y': 8.51007   Cb: 13.0583   Cr: 14.8669 )
00000531: 11.2465   (Y': 8.52923   Cb: 12.9465   Cr: 14.6719 )
00000534: 11.2451   (Y': 8.48751   Cb: 13.0236   Cr: 14.7215 )
00000535: 11.2961   (Y': 8.53143   Cb: 13.0613   Cr: 14.8228 )
00000536: 11.3676   (Y': 8.5891    Cb: 13.1185   Cr: 14.975  )
00000537: 11.4281   (Y': 8.65491   Cb: 13.192    Cr: 14.993  )
00000538: 11.5099   (Y': 8.72033   Cb: 13.2879   Cr: 15.1245 )
00000539: 11.5145   (Y': 8.73952   Cb: 13.3141   Cr: 15.0337 )
00000540: 11.573    (Y': 8.76905   Cb: 13.34     Cr: 15.2678 )
00000542: 11.6481   (Y': 8.83241   Cb: 13.4477   Cr: 15.345  )
00000543: 11.5885   (Y': 8.79262   Cb: 13.397    Cr: 15.1846 )
00000544: 11.547    (Y': 8.73529   Cb: 13.3424   Cr: 15.2328 )
00000541: 11.6375   (Y': 8.83452   Cb: 13.433    Cr: 15.284  )
00000545: 11.6208   (Y': 8.81744   Cb: 13.3696   Cr: 15.3419 )
00000546: 11.5919   (Y': 8.80402   Cb: 13.3055   Cr: 15.299  )
00000547: 11.6471   (Y': 8.86358   Cb: 13.2955   Cr: 15.4397 )
00000548: 11.6628   (Y': 8.87193   Cb: 13.3336   Cr: 15.4518 )
00000549: 11.6558   (Y': 8.91482   Cb: 13.2539   Cr: 15.3399 )
00000550: 11.704    (Y': 8.96112   Cb: 13.3776   Cr: 15.2773 )
00000551: 11.6542   (Y': 8.92313   Cb: 13.2818   Cr: 15.2484 )
00000552: 11.7204   (Y': 8.97932   Cb: 13.3544   Cr: 15.348  )
00000553: 11.6158   (Y': 8.91063   Cb: 13.2293   Cr: 15.1227 )
00000554: 11.6168   (Y': 8.91674   Cb: 13.252    Cr: 15.0691 )
00000555: 11.6098   (Y': 8.91907   Cb: 13.272    Cr: 14.9832 )
00000556: 11.6506   (Y': 9.02221   Cb: 13.2612   Cr: 14.8543 )
00000557: 11.6185   (Y': 9.02339   Cb: 13.1962   Cr: 14.7438 )
00000558: 11.6334   (Y': 9.05349   Cb: 13.1576   Cr: 14.7789 )
00000559: 11.7913   (Y': 9.20995   Cb: 13.2401   Cr: 15.0544 )
00000561: 11.9372   (Y': 9.46378   Cb: 13.2115   Cr: 15.0634 )
00000560: 11.8704   (Y': 9.3613    Cb: 13.2321   Cr: 14.9939 )
00000562: 11.9791   (Y': 9.55526   Cb: 13.2252   Cr: 14.9714 )
00000563: 11.9624   (Y': 9.54336   Cb: 13.1617   Cr: 15.0088 )
00000564: 11.9922   (Y': 9.57609   Cb: 13.213    Cr: 14.996  )
00000565: 11.8877   (Y': 9.37117   Cb: 13.2883   Cr: 14.9802 )
00000566: 11.7537   (Y': 9.238     Cb: 13.1646   Cr: 14.8285 )
00000567: 11.645    (Y': 9.13957   Cb: 13.0669   Cr: 14.6668 )
00000568: 11.6486   (Y': 9.1443    Cb: 13.1164   Cr: 14.6006 )
00000570: 11.5231   (Y': 9.04703   Cb: 12.9811   Cr: 14.391  )
00000571: 11.4411   (Y': 9.04728   Cb: 12.7924   Cr: 14.1817 )
00000569: 11.5495   (Y': 9.04704   Cb: 13.008    Cr: 14.5085 )
00000572: 11.4111   (Y': 8.97173   Cb: 12.8202   Cr: 14.2225 )
00000573: 11.368    (Y': 8.96491   Cb: 12.7187   Cr: 14.1398 )
00000574: 11.349    (Y': 8.90379   Cb: 12.7404   Cr: 14.2047 )
00000575: 11.2123   (Y': 8.73594   Cb: 12.6008   Cr: 14.1795 )
00000576: 11.1465   (Y': 8.66969   Cb: 12.5215   Cr: 14.1343 )
00000577: 11.0571   (Y': 8.58787   Cb: 12.4311   Cr: 14.0199 )
00000578: 11.0364   (Y': 8.61025   Cb: 12.3255   Cr: 13.973  )
00000580: 10.9979   (Y': 8.63991   Cb: 12.1443   Cr: 13.9146 )
00000579: 10.996    (Y': 8.59577   Cb: 12.235    Cr: 13.9174 )
00000583: 10.8175   (Y': 8.60303   Cb: 11.8122   Cr: 13.4972 )
00000581: 10.8909   (Y': 8.57713   Cb: 11.9902   Cr: 13.7307 )
00000582: 10.8467   (Y': 8.57678   Cb: 11.9039   Cr: 13.6075 )
00000585: 10.6665   (Y': 8.46622   Cb: 11.6719   Cr: 13.2869 )
00000584: 10.7888   (Y': 8.58102   Cb: 11.7897   Cr: 13.4388 )
00000587: 10.5078   (Y': 8.37369   Cb: 11.4248   Cr: 13.0589 )
00000586: 10.6477   (Y': 8.50612   Cb: 11.577    Cr: 13.203  )
00000588: 10.4673   (Y': 8.34635   Cb: 11.366    Cr: 13.0065 )
00000589: 10.3366   (Y': 8.20136   Cb: 11.2505   Cr: 12.8959 )
Total: 11.1839   (Y': 8.62227   Cb: 12.6875   Cr: 14.2911 )
