00000000: 16.4477   (Y': 15.1516   Cb: 16.7147   Cr: 17.9238 )
00000001: 16.531    (Y': 15.3266   Cb: 16.7374   Cr: 17.9167 )
00000002: 16.6504   (Y': 15.4569   Cb: 16.8253   Cr: 18.0578 )
00000007: 17.7276   (Y': 15.9213   Cb: 18.7533   Cr: 19.3104 )
00000003: 17.2802   (Y': 15.6346   Cb: 18.0096   Cr: 18.8672 )
00000005: 18.2635   (Y': 16.484    Cb: 19.3691   Cr: 19.7003 )
00000006: 18.1081   (Y': 16.2204   Cb: 19.3264   Cr: 19.656  )
00000004: 18.0496   (Y': 16.3119   Cb: 18.9267   Cr: 19.6557 )
00000008: 17.8729   (Y': 15.9679   Cb: 19.04     Cr: 19.5157 )
00000011: 17.8744   (Y': 16.0716   Cb: 18.8582   Cr: 19.4975 )
00000010: 17.971    (Y': 16.1263   Cb: 19.1361   Cr: 19.4826 )
00000013: 17.7872   (Y': 15.9652   Cb: 18.7725   Cr: 19.4509 )
00000012: 17.806    (Y': 15.9755   Cb: 18.8097   Cr: 19.4673 )
00000014: 17.7947   (Y': 16.0144   Cb: 18.7511   Cr: 19.4004 )
00000009: 17.9958   (Y': 16.133    Cb: 19.1935   Cr: 19.5113 )
00000015: 17.5004   (Y': 15.78     Cb: 18.3986   Cr: 19.0445 )
00000016: 17.3912   (Y': 15.6852   Cb: 18.2347   Cr: 18.9691 )
00000018: 17.0726   (Y': 15.4197   Cb: 17.8047   Cr: 18.6718 )
00000017: 17.2073   (Y': 15.539    Cb: 17.9646   Cr: 18.8086 )
00000019: 17.0153   (Y': 15.3544   Cb: 17.7672   Cr: 18.6072 )
00000020: 16.9922   (Y': 15.3557   Cb: 17.6974   Cr: 18.5898 )
00000021: 16.93     (Y': 15.319    Cb: 17.6168   Cr: 18.4968 )
00000023: 16.8092   (Y': 15.223    Cb: 17.5269   Cr: 18.2879 )
00000022: 16.8826   (Y': 15.2683   Cb: 17.6145   Cr: 18.4012 )
00000025: 16.78     (Y': 15.2403   Cb: 17.4101   Cr: 18.2701 )
00000027: 16.669    (Y': 15.1659   Cb: 17.2543   Cr: 18.141  )
00000024: 16.8574   (Y': 15.2834   Cb: 17.5406   Cr: 18.3524 )
00000028: 16.6869   (Y': 15.1736   Cb: 17.1969   Cr: 18.2738 )
00000026: 16.7583   (Y': 15.2307   Cb: 17.3979   Cr: 18.2128 )
00000029: 16.7591   (Y': 15.2377   Cb: 17.2502   Cr: 18.3872 )
00000030: 16.6118   (Y': 15.1419   Cb: 17.0851   Cr: 18.1581 )
00000031: 16.635    (Y': 15.178    Cb: 17.0898   Cr: 18.179  )
00000032: 16.6227   (Y': 15.1746   Cb: 17.07     Cr: 18.1585 )
00000033: 16.5621   (Y': 15.1423   Cb: 16.9935   Cr: 18.0625 )
00000034: 16.5659   (Y': 15.1458   Cb: 17.0456   Cr: 18.0059 )
00000037: 17.4427   (Y': 15.774    Cb: 18.3729   Cr: 18.8433 )
00000035: 17.1261   (Y': 15.6026   Cb: 17.8359   Cr: 18.4897 )
00000036: 17.209    (Y': 15.6487   Cb: 17.973    Cr: 18.5816 )
00000038: 17.5457   (Y': 15.8105   Cb: 18.559    Cr: 18.9907 )
00000039: 17.4252   (Y': 15.6224   Cb: 18.528    Cr: 18.9142 )
00000042: 17.1918   (Y': 15.4399   Cb: 18.0783   Cr: 18.8176 )
00000044: 17.0202   (Y': 15.3029   Cb: 17.79     Cr: 18.7117 )
00000041: 17.2226   (Y': 15.474    Cb: 18.1348   Cr: 18.8108 )
00000045: 16.9886   (Y': 15.2215   Cb: 17.8515   Cr: 18.6761 )
00000040: 17.3214   (Y': 15.5494   Cb: 18.3161   Cr: 18.8652 )
00000043: 17.0516   (Y': 15.3192   Cb: 17.8937   Cr: 18.6879 )
00000046: 17.049    (Y': 15.2074   Cb: 17.8682   Cr: 18.9614 )
00000047: 17.2488   (Y': 15.4327   Cb: 18.0057   Cr: 19.1818 )
00000051: 17.5546   (Y': 15.8864   Cb: 18.2594   Cr: 19.2199 )
00000048: 17.3338   (Y': 15.5413   Cb: 18.0719   Cr: 19.2359 )
00000052: 17.6729   (Y': 15.9219   Cb: 18.3854   Cr: 19.5124 )
00000049: 17.2869   (Y': 15.6103   Cb: 17.9518   Cr: 19.021  )
00000050: 17.5056   (Y': 15.7468   Cb: 18.2928   Cr: 19.2673 )
00000053: 17.7255   (Y': 15.8713   Cb: 18.5065   Cr: 19.7183 )
00000054: 17.711    (Y': 15.8421   Cb: 18.4966   Cr: 19.7335 )
00000055: 17.5141   (Y': 15.7156   Cb: 18.1168   Cr: 19.6143 )
00000057: 17.1951   (Y': 15.4751   Cb: 17.7312   Cr: 19.2002 )
00000056: 17.4363   (Y': 15.655    Cb: 18.0531   Cr: 19.4752 )
00000058: 17.0989   (Y': 15.372    Cb: 17.6258   Cr: 19.1333 )
00000059: 17.0641   (Y': 15.3001   Cb: 17.5657   Cr: 19.2253 )
00000060: 17.0555   (Y': 15.2929   Cb: 17.5042   Cr: 19.2914 )
00000061: 16.9581   (Y': 15.1652   Cb: 17.4482   Cr: 19.2084 )
00000062: 16.9865   (Y': 15.1958   Cb: 17.472    Cr: 19.238  )
00000063: 16.9593   (Y': 15.1439   Cb: 17.4975   Cr: 19.1954 )
00000064: 16.8521   (Y': 14.9961   Cb: 17.4307   Cr: 19.1322 )
00000065: 16.8621   (Y': 14.9787   Cb: 17.4556   Cr: 19.1917 )
00000066: 16.8846   (Y': 14.9626   Cb: 17.5563   Cr: 19.2013 )
00000067: 16.989    (Y': 15.0582   Cb: 17.7019   Cr: 19.269  )
00000069: 16.9448   (Y': 15.0177   Cb: 17.6813   Cr: 19.1814 )
00000068: 16.9832   (Y': 15        Cb: 17.7926   Cr: 19.2655 )
00000070: 16.8158   (Y': 14.9061   Cb: 17.4893   Cr: 19.0973 )
00000071: 16.636    (Y': 14.7119   Cb: 17.2228   Cr: 19.0853 )
00000072: 16.5877   (Y': 14.6216   Cb: 17.2016   Cr: 19.1117 )
00000073: 16.5673   (Y': 14.5596   Cb: 17.2182   Cr: 19.1522 )
00000074: 16.5076   (Y': 14.4729   Cb: 17.1692   Cr: 19.154  )
00000075: 16.6544   (Y': 14.5825   Cb: 17.4      Cr: 19.2795 )
00000077: 16.7032   (Y': 14.6429   Cb: 17.5329   Cr: 19.1687 )
00000076: 16.6673   (Y': 14.5956   Cb: 17.4279   Cr: 19.2684 )
00000079: 16.9012   (Y': 14.8818   Cb: 17.7641   Cr: 19.2061 )
00000078: 16.812    (Y': 14.7773   Cb: 17.6832   Cr: 19.1469 )
00000080: 16.8779   (Y': 14.8546   Cb: 17.7024   Cr: 19.2472 )
00000081: 16.8318   (Y': 14.7599   Cb: 17.7231   Cr: 19.241  )
00000082: 16.8249   (Y': 14.7521   Cb: 17.7522   Cr: 19.186  )
00000083: 16.768    (Y': 14.662    Cb: 17.7608   Cr: 19.1314 )
00000084: 16.7757   (Y': 14.6512   Cb: 17.8045   Cr: 19.142  )
00000085: 16.82     (Y': 14.6865   Cb: 17.8224   Cr: 19.2479 )
00000086: 16.8218   (Y': 14.7057   Cb: 17.806    Cr: 19.2256 )
00000087: 16.893    (Y': 14.737    Cb: 17.8639   Cr: 19.4309 )
00000090: 17.0016   (Y': 14.8149   Cb: 17.8987   Cr: 19.7415 )
00000088: 16.8723   (Y': 14.7216   Cb: 17.8091   Cr: 19.4438 )
00000089: 16.9646   (Y': 14.7659   Cb: 17.8925   Cr: 19.695  )
00000091: 17.1143   (Y': 14.8797   Cb: 18.0674   Cr: 19.9195 )
00000092: 17.1257   (Y': 14.8877   Cb: 18.0807   Cr: 19.9388 )
00000093: 17.1785   (Y': 14.904    Cb: 18.2052   Cr: 19.9998 )
00000094: 17.1876   (Y': 14.9245   Cb: 18.1943   Cr: 20.0024 )
00000095: 17.1188   (Y': 14.8958   Cb: 18.0677   Cr: 19.8936 )
00000097: 17.0841   (Y': 14.8429   Cb: 18.0583   Cr: 19.8783 )
00000098: 17.087    (Y': 14.8034   Cb: 18.1324   Cr: 19.9094 )
00000096: 17.0691   (Y': 14.8298   Cb: 18.0287   Cr: 19.8794 )
00000101: 17.3074   (Y': 14.9702   Cb: 18.5181   Cr: 20.0611 )
00000099: 17.2677   (Y': 14.9592   Cb: 18.3727   Cr: 20.082  )
00000100: 17.3099   (Y': 14.9796   Cb: 18.474    Cr: 20.1086 )
00000103: 17.1658   (Y': 14.9732   Cb: 18.2165   Cr: 19.6985 )
00000102: 17.2639   (Y': 14.9966   Cb: 18.408    Cr: 19.8911 )
00000104: 17.1661   (Y': 14.9769   Cb: 18.2174   Cr: 19.688  )
00000106: 17.2915   (Y': 15.2896   Cb: 18.0827   Cr: 19.6501 )
00000105: 17.1931   (Y': 15.0934   Cb: 18.0813   Cr: 19.6861 )
00000108: 17.0208   (Y': 15.2138   Cb: 17.5149   Cr: 19.3011 )
00000107: 17.1559   (Y': 15.3118   Cb: 17.7371   Cr: 19.4019 )
00000109: 16.9498   (Y': 15.1175   Cb: 17.4107   Cr: 19.347  )
00000110: 16.9242   (Y': 15.016    Cb: 17.4826   Cr: 19.3738 )
00000111: 16.9955   (Y': 15.1377   Cb: 17.4821   Cr: 19.4201 )
00000112: 16.9798   (Y': 15.1295   Cb: 17.4306   Cr: 19.4407 )
00000113: 17.0194   (Y': 15.2054   Cb: 17.4335   Cr: 19.4414 )
00000114: 17.0017   (Y': 15.2232   Cb: 17.3994   Cr: 19.3565 )
00000115: 16.9726   (Y': 15.1959   Cb: 17.4176   Cr: 19.2499 )
00000116: 17.0408   (Y': 15.2788   Cb: 17.5067   Cr: 19.2499 )
00000117: 17.1117   (Y': 15.3326   Cb: 17.588    Cr: 19.3478 )
00000118: 17.1127   (Y': 15.3962   Cb: 17.547    Cr: 19.2561 )
00000119: 17.2619   (Y': 15.6057   Cb: 17.6442   Cr: 19.3379 )
00000120: 17.0795   (Y': 15.452    Cb: 17.4668   Cr: 19.081  )
00000122: 16.8501   (Y': 15.3467   Cb: 17.1026   Cr: 18.769  )
00000121: 17.0523   (Y': 15.4765   Cb: 17.3592   Cr: 19.0533 )
00000123: 16.4846   (Y': 15.0088   Cb: 16.8322   Cr: 18.2096 )
00000124: 16.7367   (Y': 15.2706   Cb: 16.9724   Cr: 18.5988 )
00000125: 17.2993   (Y': 15.7054   Cb: 17.7588   Cr: 19.1237 )
00000126: 17.3795   (Y': 15.5995   Cb: 18.092    Cr: 19.2858 )
00000127: 16.8317   (Y': 15.5412   Cb: 17.1176   Cr: 18.2722 )
00000128: 16.8573   (Y': 15.7057   Cb: 17.1232   Cr: 18.0736 )
00000129: 16.3018   (Y': 15.3871   Cb: 16.4163   Cr: 17.3167 )
00000130: 16.0888   (Y': 15.0754   Cb: 16.1998   Cr: 17.2668 )
00000132: 16.3532   (Y': 14.9958   Cb: 16.7874   Cr: 17.7306 )
00000131: 16.2749   (Y': 15.0942   Cb: 16.5707   Cr: 17.5044 )
00000133: 16.462    (Y': 15.0752   Cb: 16.8426   Cr: 17.9634 )
00000134: 16.3005   (Y': 14.9401   Cb: 16.6417   Cr: 17.8019 )
00000135: 16.1514   (Y': 14.9246   Cb: 16.4765   Cr: 17.4256 )
00000136: 15.9389   (Y': 14.6589   Cb: 16.3041   Cr: 17.2589 )
00000137: 16.2072   (Y': 14.9194   Cb: 16.5178   Cr: 17.6109 )
00000138: 16.3387   (Y': 14.9836   Cb: 16.7133   Cr: 17.7869 )
00000139: 16.2297   (Y': 14.9375   Cb: 16.5483   Cr: 17.6311 )
00000140: 16.3126   (Y': 14.9727   Cb: 16.6882   Cr: 17.7304 )
00000141: 16.0427   (Y': 14.6641   Cb: 16.4318   Cr: 17.5173 )
00000142: 15.8463   (Y': 14.531    Cb: 16.2317   Cr: 17.2059 )
00000143: 15.7622   (Y': 14.5299   Cb: 16.1163   Cr: 17.0105 )
00000144: 15.8668   (Y': 14.6253   Cb: 16.2094   Cr: 17.1456 )
00000145: 15.8482   (Y': 14.6622   Cb: 16.0403   Cr: 17.2195 )
00000146: 15.8836   (Y': 14.7399   Cb: 16.052    Cr: 17.2106 )
00000147: 16.1075   (Y': 15.0077   Cb: 16.3773   Cr: 17.2311 )
00000148: 16.1592   (Y': 15.0747   Cb: 16.4585   Cr: 17.2219 )
00000149: 16.275    (Y': 15.1311   Cb: 16.5831   Cr: 17.4261 )
00000150: 16.189    (Y': 15.1364   Cb: 16.44     Cr: 17.2576 )
00000151: 16.3164   (Y': 15.2272   Cb: 16.5421   Cr: 17.4763 )
00000153: 16.2929   (Y': 15.1733   Cb: 16.5348   Cr: 17.4841 )
00000152: 16.2727   (Y': 15.2021   Cb: 16.4829   Cr: 17.421  )
00000154: 16.3177   (Y': 15.1961   Cb: 16.5531   Cr: 17.5204 )
00000155: 16.4307   (Y': 15.2432   Cb: 16.6334   Cr: 17.791  )
00000156: 16.4105   (Y': 15.2451   Cb: 16.5915   Cr: 17.7595 )
00000157: 16.4384   (Y': 15.2248   Cb: 16.6656   Cr: 17.8134 )
00000158: 16.5202   (Y': 15.3297   Cb: 16.7188   Cr: 17.891  )
00000159: 16.5369   (Y': 15.3387   Cb: 16.714    Cr: 17.9501 )
00000161: 16.608    (Y': 15.3602   Cb: 16.8137   Cr: 18.0744 )
00000160: 16.5747   (Y': 15.3628   Cb: 16.7471   Cr: 18.019  )
00000162: 16.6483   (Y': 15.3779   Cb: 16.8734   Cr: 18.1312 )
00000163: 16.5995   (Y': 15.4238   Cb: 16.7223   Cr: 18.0443 )
00000164: 16.5292   (Y': 15.483    Cb: 16.5898   Cr: 17.828  )
00000165: 16.7619   (Y': 15.736    Cb: 16.8705   Cr: 17.9638 )
00000166: 16.5291   (Y': 15.501    Cb: 16.6855   Cr: 17.6741 )
00000167: 17.0243   (Y': 16.0098   Cb: 17.2183   Cr: 18.1005 )
00000168: 17.0786   (Y': 16.0909   Cb: 17.2022   Cr: 18.1984 )
00000169: 16.2773   (Y': 15.5841   Cb: 16.1318   Cr: 17.285  )
00000170: 16.0419   (Y': 15.4189   Cb: 15.8237   Cr: 17.0426 )
00000172: 16.7771   (Y': 15.9772   Cb: 16.7969   Cr: 17.7338 )
00000171: 16.2939   (Y': 15.6772   Cb: 16.0982   Cr: 17.256  )
00000173: 16.6422   (Y': 15.7195   Cb: 16.772    Cr: 17.6511 )
00000174: 16.5294   (Y': 15.6781   Cb: 16.5807   Cr: 17.5246 )
00000175: 16.2647   (Y': 15.4843   Cb: 16.1971   Cr: 17.3025 )
00000176: 16.2053   (Y': 15.524    Cb: 16.0787   Cr: 17.1713 )
00000177: 15.7988   (Y': 15.1575   Cb: 15.7439   Cr: 16.6177 )
00000178: 15.8378   (Y': 15.1528   Cb: 15.796    Cr: 16.7024 )
00000179: 15.5901   (Y': 15.0171   Cb: 15.456    Cr: 16.4118 )
00000180: 15.5748   (Y': 14.8968   Cb: 15.5289   Cr: 16.4342 )
00000181: 15.295    (Y': 14.8306   Cb: 15.0225   Cr: 16.1444 )
00000183: 14.9391   (Y': 14.4661   Cb: 14.6244   Cr: 15.8553 )
00000182: 14.9656   (Y': 14.5754   Cb: 14.7311   Cr: 15.669  )
00000184: 14.8569   (Y': 14.3573   Cb: 14.6017   Cr: 15.7319 )
00000185: 15.1124   (Y': 14.5217   Cb: 14.9388   Cr: 16.0087 )
00000186: 15.097    (Y': 14.4019   Cb: 14.8684   Cr: 16.2187 )
00000187: 15.4239   (Y': 14.7157   Cb: 15.287    Cr: 16.4429 )
00000188: 15.493    (Y': 14.7809   Cb: 15.3921   Cr: 16.4714 )
00000189: 16.0827   (Y': 15.2001   Cb: 16.1892   Cr: 17.0579 )
00000190: 16.316    (Y': 15.4162   Cb: 16.4235   Cr: 17.3165 )
00000191: 16.1353   (Y': 15.3252   Cb: 16.132    Cr: 17.136  )
00000193: 16.0218   (Y': 15.4767   Cb: 16.0645   Cr: 16.5963 )
00000192: 15.9865   (Y': 15.2049   Cb: 15.9979   Cr: 16.9262 )
00000194: 16.0752   (Y': 15.4153   Cb: 16.1829   Cr: 16.7284 )
00000196: 16.1642   (Y': 15.4834   Cb: 16.1813   Cr: 16.9515 )
00000195: 16.2691   (Y': 15.6188   Cb: 16.3212   Cr: 16.9727 )
00000197: 16.4965   (Y': 15.5606   Cb: 16.731    Cr: 17.4005 )
00000198: 16.1293   (Y': 15.232    Cb: 16.2288   Cr: 17.1359 )
00000199: 16.2266   (Y': 15.0256   Cb: 16.5031   Cr: 17.5161 )
00000200: 16.2284   (Y': 14.9452   Cb: 16.5973   Cr: 17.5498 )
00000201: 16.2281   (Y': 14.8749   Cb: 16.6607   Cr: 17.5997 )
00000202: 16.2965   (Y': 14.8538   Cb: 16.7954   Cr: 17.7567 )
00000204: 16.2078   (Y': 14.6574   Cb: 16.8118   Cr: 17.7519 )
00000203: 16.137    (Y': 14.5997   Cb: 16.6796   Cr: 17.7314 )
00000205: 16.4054   (Y': 14.7822   Cb: 17.0633   Cr: 18.0335 )
00000206: 16.3895   (Y': 14.8319   Cb: 17.0175   Cr: 17.9183 )
00000207: 16.6033   (Y': 15.0031   Cb: 17.3061   Cr: 18.1279 )
00000208: 16.686    (Y': 15.0913   Cb: 17.4051   Cr: 18.18   )
00000209: 16.8065   (Y': 15.2665   Cb: 17.4897   Cr: 18.2335 )
00000210: 16.8902   (Y': 15.3928   Cb: 17.5362   Cr: 18.2776 )
00000211: 16.8159   (Y': 15.357    Cb: 17.5043   Cr: 18.0808 )
00000212: 16.7193   (Y': 15.3575   Cb: 17.2805   Cr: 17.952  )
00000213: 16.617    (Y': 15.1898   Cb: 17.0872   Cr: 18.0825 )
00000214: 16.701    (Y': 15.3525   Cb: 17.12     Cr: 18.0806 )
00000215: 17.1542   (Y': 15.7295   Cb: 17.5905   Cr: 18.658  )
00000216: 17.1406   (Y': 15.6657   Cb: 17.5476   Cr: 18.7834 )
00000217: 17.1482   (Y': 15.7315   Cb: 17.4189   Cr: 18.857  )
00000219: 17.6059   (Y': 16.1353   Cb: 18.0818   Cr: 19.1501 )
00000218: 17.1029   (Y': 15.7613   Cb: 17.3291   Cr: 18.7221 )
00000220: 17.6216   (Y': 16.1367   Cb: 18.121    Cr: 19.1647 )
00000221: 17.8685   (Y': 16.2367   Cb: 18.5389   Cr: 19.4992 )
00000222: 17.7055   (Y': 16.3565   Cb: 18.0788   Cr: 19.1439 )
00000223: 17.7151   (Y': 16.3624   Cb: 18.1653   Cr: 19.064  )
00000224: 17.6275   (Y': 16.3128   Cb: 18.0219   Cr: 18.9747 )
00000225: 17.6398   (Y': 16.4185   Cb: 18.0095   Cr: 18.8497 )
00000226: 17.3996   (Y': 16.1209   Cb: 17.827    Cr: 18.6409 )
00000227: 17.7386   (Y': 16.2971   Cb: 18.3328   Cr: 19.0802 )
00000228: 18.0035   (Y': 16.4921   Cb: 18.6902   Cr: 19.3704 )
00000229: 17.9894   (Y': 16.2428   Cb: 18.783    Cr: 19.7161 )
00000230: 18.0546   (Y': 16.2604   Cb: 18.8262   Cr: 19.9172 )
00000232: 18.2484   (Y': 16.3974   Cb: 19.1706   Cr: 20.0538 )
00000231: 18.3296   (Y': 16.4358   Cb: 19.2448   Cr: 20.2449 )
00000233: 18.1851   (Y': 16.3368   Cb: 19.1114   Cr: 19.9793 )
00000235: 18.217    (Y': 16.4613   Cb: 19.1101   Cr: 19.8429 )
00000234: 18.0396   (Y': 16.2644   Cb: 18.8308   Cr: 19.8335 )
00000236: 18.2156   (Y': 16.5396   Cb: 19.0657   Cr: 19.7228 )
00000238: 18.1295   (Y': 16.4955   Cb: 18.9758   Cr: 19.5547 )
00000237: 18.0453   (Y': 16.4069   Cb: 18.8741   Cr: 19.4995 )
00000240: 18.3914   (Y': 16.7274   Cb: 19.3846   Cr: 19.7135 )
00000239: 18.3941   (Y': 16.7207   Cb: 19.3065   Cr: 19.8243 )
00000241: 18.3587   (Y': 16.7033   Cb: 19.2918   Cr: 19.7293 )
00000242: 18.2286   (Y': 16.57     Cb: 19.1525   Cr: 19.6159 )
00000243: 18.5927   (Y': 16.7938   Cb: 19.6693   Cr: 20.1023 )
00000244: 18.5517   (Y': 16.6979   Cb: 19.7365   Cr: 20.0613 )
00000245: 18.5613   (Y': 16.6559   Cb: 19.786    Cr: 20.1417 )
00000247: 18.6367   (Y': 16.7648   Cb: 19.7564   Cr: 20.258  )
00000246: 18.7627   (Y': 16.8827   Cb: 19.9735   Cr: 20.3017 )
00000248: 18.7039   (Y': 16.8453   Cb: 19.769    Cr: 20.3575 )
00000249: 18.8522   (Y': 17.0798   Cb: 19.92     Cr: 20.3155 )
00000251: 18.799    (Y': 17.0447   Cb: 19.8414   Cr: 20.2518 )
00000250: 18.7942   (Y': 17.0379   Cb: 19.9192   Cr: 20.1622 )
00000252: 18.7261   (Y': 16.9914   Cb: 19.7087   Cr: 20.2043 )
00000253: 18.5288   (Y': 16.7558   Cb: 19.473    Cr: 20.1327 )
00000255: 18.367    (Y': 16.6004   Cb: 19.3343   Cr: 19.9303 )
00000254: 18.4665   (Y': 16.7302   Cb: 19.3969   Cr: 20.0075 )
00000256: 18.3322   (Y': 16.5671   Cb: 19.2867   Cr: 19.9072 )
00000257: 18.5506   (Y': 16.7869   Cb: 19.505    Cr: 20.1226 )
00000258: 18.4253   (Y': 16.67     Cb: 19.3128   Cr: 20.0572 )
00000259: 18.2895   (Y': 16.5433   Cb: 19.1163   Cr: 19.9745 )
00000260: 18.4054   (Y': 16.6679   Cb: 19.1879   Cr: 20.1258 )
00000261: 18.3168   (Y': 16.6462   Cb: 19.2045   Cr: 19.7692 )
00000262: 18.1143   (Y': 16.4496   Cb: 18.9434   Cr: 19.6224 )
00000263: 18.1056   (Y': 16.5037   Cb: 18.8534   Cr: 19.5801 )
00000264: 18.001    (Y': 16.4198   Cb: 18.7166   Cr: 19.472  )
00000265: 17.5946   (Y': 16.0399   Cb: 18.2515   Cr: 19.0826 )
00000266: 17.415    (Y': 15.8882   Cb: 18.0531   Cr: 18.8697 )
00000267: 17.3493   (Y': 15.7893   Cb: 18.0916   Cr: 18.7463 )
00000268: 17.3186   (Y': 15.7364   Cb: 18.1011   Cr: 18.713  )
00000269: 17.4156   (Y': 15.7704   Cb: 18.3188   Cr: 18.799  )
00000271: 17.3217   (Y': 15.6418   Cb: 18.3294   Cr: 18.66   )
00000270: 17.3886   (Y': 15.7256   Cb: 18.3604   Cr: 18.7318 )
00000272: 17.5049   (Y': 15.815    Cb: 18.4332   Cr: 18.9513 )
00000273: 17.5114   (Y': 15.6973   Cb: 18.5705   Cr: 19.0733 )
00000275: 17.2194   (Y': 15.3355   Cb: 18.1955   Cr: 19.0358 )
00000274: 17.4457   (Y': 15.6331   Cb: 18.4586   Cr: 19.0569 )
00000276: 17.1627   (Y': 15.2952   Cb: 18.0701   Cr: 19.0253 )
00000277: 17.1819   (Y': 15.2779   Cb: 18.1369   Cr: 19.072  )
00000278: 17.1477   (Y': 15.2247   Cb: 18.1091   Cr: 19.0756 )
00000279: 17.1258   (Y': 15.098    Cb: 18.0863   Cr: 19.3202 )
00000280: 17.1871   (Y': 15.1294   Cb: 18.18     Cr: 19.4182 )
00000281: 17.2226   (Y': 15.0797   Cb: 18.2945   Cr: 19.5824 )
00000283: 17.2379   (Y': 15.1353   Cb: 18.228    Cr: 19.5953 )
00000282: 17.2435   (Y': 15.1103   Cb: 18.2888   Cr: 19.6119 )
00000284: 17.2249   (Y': 15.1284   Cb: 18.2045   Cr: 19.5798 )
00000285: 17.2737   (Y': 15.16     Cb: 18.2535   Cr: 19.6766 )
00000287: 17.3702   (Y': 15.243    Cb: 18.3      Cr: 19.8824 )
00000286: 17.3225   (Y': 15.2128   Cb: 18.245    Cr: 19.7947 )
00000288: 17.4296   (Y': 15.2972   Cb: 18.4127   Cr: 19.8814 )
00000289: 17.2887   (Y': 15.1162   Cb: 18.3558   Cr: 19.7396 )
00000290: 17.254    (Y': 15.0876   Cb: 18.3149   Cr: 19.6956 )
00000291: 17.2149   (Y': 15.0503   Cb: 18.2365   Cr: 19.7061 )
00000292: 17.2198   (Y': 15.0606   Cb: 18.2125   Cr: 19.7359 )
00000293: 17.1351   (Y': 14.9947   Cb: 18.0717   Cr: 19.6762 )
00000294: 17.1191   (Y': 15.0153   Cb: 18.0152   Cr: 19.6123 )
00000295: 17.0041   (Y': 15.0088   Cb: 17.8018   Cr: 19.3351 )
00000296: 16.9845   (Y': 15.0089   Cb: 17.7483   Cr: 19.3112 )
00000298: 16.891    (Y': 15.0253   Cb: 17.548    Cr: 19.082  )
00000299: 16.962    (Y': 15.1025   Cb: 17.6566   Cr: 19.0847 )
00000297: 16.8856   (Y': 14.9848   Cb: 17.561    Cr: 19.141  )
00000300: 17.015    (Y': 15.1656   Cb: 17.6479   Cr: 19.1993 )
00000301: 17.1229   (Y': 15.2379   Cb: 17.8457   Cr: 19.2707 )
00000303: 17.1415   (Y': 15.2276   Cb: 17.9076   Cr: 19.3031 )
00000302: 17.1208   (Y': 15.212    Cb: 17.9016   Cr: 19.2492 )
00000304: 17.2053   (Y': 15.2784   Cb: 18.0236   Cr: 19.3285 )
00000305: 17.1624   (Y': 15.2883   Cb: 17.9017   Cr: 19.2602 )
00000306: 17.1357   (Y': 15.2571   Cb: 17.8606   Cr: 19.2643 )
00000307: 17.1029   (Y': 15.2399   Cb: 17.8125   Cr: 19.214  )
00000308: 17.065    (Y': 15.2455   Cb: 17.754    Cr: 19.0971 )
00000310: 17.0838   (Y': 15.2173   Cb: 17.8349   Cr: 19.1462 )
00000311: 17.0838   (Y': 15.2099   Cb: 17.8567   Cr: 19.1352 )
00000309: 17.0062   (Y': 15.1539   Cb: 17.7528   Cr: 19.0398 )
00000312: 17.0169   (Y': 15.1273   Cb: 17.8284   Cr: 19.0556 )
00000313: 16.9776   (Y': 15.1021   Cb: 17.8138   Cr: 18.9494 )
00000315: 17.3372   (Y': 15.4566   Cb: 18.1865   Cr: 19.3048 )
00000314: 17.0945   (Y': 15.2392   Cb: 17.8942   Cr: 19.065  )
00000316: 17.3901   (Y': 15.4865   Cb: 18.273    Cr: 19.3701 )
00000317: 17.3891   (Y': 15.5429   Cb: 18.2392   Cr: 19.2731 )
00000318: 17.269    (Y': 15.4675   Cb: 18.0515   Cr: 19.1345 )
00000319: 17.3397   (Y': 15.5285   Cb: 18.0864   Cr: 19.2743 )
00000320: 17.3413   (Y': 15.5284   Cb: 18.0699   Cr: 19.3039 )
00000321: 17.392    (Y': 15.5722   Cb: 18.0893   Cr: 19.4135 )
00000322: 17.3657   (Y': 15.4895   Cb: 18.1004   Cr: 19.475  )
00000323: 17.3287   (Y': 15.435    Cb: 18.0373   Cr: 19.5186 )
00000324: 17.3449   (Y': 15.4427   Cb: 18.0402   Cr: 19.5752 )
00000325: 17.2595   (Y': 15.3555   Cb: 17.9926   Cr: 19.4415 )
00000326: 17.2767   (Y': 15.3467   Cb: 17.9974   Cr: 19.5437 )
00000327: 17.2427   (Y': 15.3527   Cb: 17.9271   Cr: 19.4575 )
00000328: 17.3399   (Y': 15.4426   Cb: 18.0942   Cr: 19.4752 )
00000329: 17.3795   (Y': 15.5056   Cb: 18.196    Cr: 19.3732 )
00000330: 17.3682   (Y': 15.4912   Cb: 18.2069   Cr: 19.3404 )
00000331: 17.1832   (Y': 15.2572   Cb: 18.1492   Cr: 19.1124 )
00000332: 17.1569   (Y': 15.2812   Cb: 18.1022   Cr: 18.9916 )
00000333: 17.203    (Y': 15.2718   Cb: 18.199    Cr: 19.1074 )
00000334: 17.1928   (Y': 15.2372   Cb: 18.2675   Cr: 19.0605 )
00000335: 17.145    (Y': 15.2054   Cb: 18.1637   Cr: 19.042  )
00000336: 17.1464   (Y': 15.2263   Cb: 18.1588   Cr: 19.0042 )
00000337: 17.2394   (Y': 15.2939   Cb: 18.3202   Cr: 19.0758 )
00000338: 17.2312   (Y': 15.3089   Cb: 18.3188   Cr: 19.0047 )
00000339: 17.3954   (Y': 15.4705   Cb: 18.5449   Cr: 19.1035 )
00000340: 17.3508   (Y': 15.4287   Cb: 18.4789   Cr: 19.0769 )
00000341: 17.4687   (Y': 15.5329   Cb: 18.6306   Cr: 19.1877 )
00000342: 17.4871   (Y': 15.5529   Cb: 18.6683   Cr: 19.1806 )
00000343: 17.5737   (Y': 15.7503   Cb: 18.6359   Cr: 19.1525 )
00000344: 17.5974   (Y': 15.7651   Cb: 18.6648   Cr: 19.1897 )
00000345: 17.6334   (Y': 15.7962   Cb: 18.6697   Cr: 19.2718 )
00000346: 17.6817   (Y': 15.8439   Cb: 18.7089   Cr: 19.3321 )
00000347: 17.8868   (Y': 16.0296   Cb: 18.8679   Cr: 19.6353 )
00000348: 18.0501   (Y': 16.2305   Cb: 18.9503   Cr: 19.8099 )
00000349: 18.2402   (Y': 16.5489   Cb: 18.9249   Cr: 19.9812 )
00000350: 18.1512   (Y': 16.5214   Cb: 18.7396   Cr: 19.882  )
00000351: 18.0267   (Y': 16.4182   Cb: 18.598    Cr: 19.7336 )
00000352: 18.0915   (Y': 16.4677   Cb: 18.7099   Cr: 19.7708 )
00000353: 18.0107   (Y': 16.382    Cb: 18.6802   Cr: 19.6358 )
00000354: 18.025    (Y': 16.4299   Cb: 18.6765   Cr: 19.602  )
00000355: 17.804    (Y': 16.1945   Cb: 18.5154   Cr: 19.3377 )
00000356: 17.742    (Y': 16.1111   Cb: 18.5109   Cr: 19.2511 )
00000357: 17.4912   (Y': 15.8846   Cb: 18.315    Cr: 18.887  )
00000358: 17.262    (Y': 15.7504   Cb: 17.991    Cr: 18.5802 )
00000359: 16.9928   (Y': 15.5156   Cb: 17.6855   Cr: 18.2872 )
00000361: 16.6911   (Y': 15.2873   Cb: 17.2524   Cr: 18.0006 )
00000360: 16.9182   (Y': 15.4412   Cb: 17.5626   Cr: 18.2684 )
00000362: 16.5858   (Y': 15.2271   Cb: 17.1037   Cr: 17.8638 )
00000363: 16.4021   (Y': 15.0147   Cb: 16.9193   Cr: 17.7342 )
00000365: 16.1161   (Y': 14.7144   Cb: 16.7063   Cr: 17.3877 )
00000364: 16.2856   (Y': 14.8748   Cb: 16.8475   Cr: 17.6079 )
00000367: 16.1068   (Y': 14.7579   Cb: 16.6246   Cr: 17.367  )
00000366: 16.1116   (Y': 14.7347   Cb: 16.6866   Cr: 17.3558 )
00000368: 16.0488   (Y': 14.6628   Cb: 16.6418   Cr: 17.2882 )
00000369: 16.0817   (Y': 14.6815   Cb: 16.7153   Cr: 17.3006 )
00000370: 16.0568   (Y': 14.6842   Cb: 16.6334   Cr: 17.2909 )
00000371: 16.0997   (Y': 14.7264   Cb: 16.6211   Cr: 17.4003 )
00000372: 16.1537   (Y': 14.7575   Cb: 16.6755   Cr: 17.4967 )
00000373: 16.2742   (Y': 14.964    Cb: 16.701    Cr: 17.5732 )
00000374: 16.2547   (Y': 14.9513   Cb: 16.6601   Cr: 17.5677 )
00000375: 16.3841   (Y': 15.1122   Cb: 16.7886   Cr: 17.641  )
00000376: 16.3783   (Y': 15.0737   Cb: 16.7921   Cr: 17.6829 )
00000377: 16.5015   (Y': 15.2133   Cb: 16.9483   Cr: 17.7367 )
00000379: 16.4403   (Y': 15.072    Cb: 16.9487   Cr: 17.7473 )
00000378: 16.4792   (Y': 15.1698   Cb: 16.9986   Cr: 17.6661 )
00000380: 16.3282   (Y': 14.9078   Cb: 16.8478   Cr: 17.7194 )
00000381: 16.0674   (Y': 14.5018   Cb: 16.6939   Cr: 17.6148 )
00000382: 15.9874   (Y': 14.3524   Cb: 16.7287   Cr: 17.538  )
00000383: 15.8251   (Y': 14.0781   Cb: 16.6982   Cr: 17.4559 )
00000384: 15.8612   (Y': 14.1099   Cb: 16.7542   Cr: 17.4778 )
00000385: 15.8601   (Y': 14.0269   Cb: 16.8835   Cr: 17.5047 )
00000386: 15.8028   (Y': 14.0181   Cb: 16.8154   Cr: 17.3533 )
00000387: 15.7339   (Y': 13.9973   Cb: 16.7271   Cr: 17.204  )
00000389: 15.7517   (Y': 14.0613   Cb: 16.6835   Cr: 17.195  )
00000388: 15.7953   (Y': 14.0544   Cb: 16.8231   Cr: 17.2359 )
00000390: 15.8263   (Y': 14.0981   Cb: 16.8098   Cr: 17.2898 )
00000391: 15.7525   (Y': 14.1344   Cb: 16.5815   Cr: 17.1653 )
00000392: 15.7669   (Y': 14.2006   Cb: 16.5363   Cr: 17.1452 )
00000393: 15.7913   (Y': 14.1939   Cb: 16.5139   Cr: 17.2865 )
00000394: 15.7695   (Y': 14.1904   Cb: 16.418    Cr: 17.3175 )
00000395: 15.8123   (Y': 14.2243   Cb: 16.3803   Cr: 17.4801 )
00000397: 15.8577   (Y': 14.245    Cb: 16.2861   Cr: 17.7668 )
00000396: 15.8731   (Y': 14.2486   Cb: 16.4264   Cr: 17.6382 )
00000398: 15.8609   (Y': 14.2606   Cb: 16.2804   Cr: 17.7552 )
00000401: 16.0785   (Y': 14.4941   Cb: 16.5468   Cr: 17.87   )
00000400: 16.1095   (Y': 14.4396   Cb: 16.601    Cr: 18.0607 )
00000399: 15.8834   (Y': 14.2308   Cb: 16.3201   Cr: 17.8717 )
00000402: 16.2887   (Y': 14.75     Cb: 16.6491   Cr: 18.13   )
00000404: 16.4734   (Y': 14.8735   Cb: 16.909    Cr: 18.3442 )
00000403: 16.4703   (Y': 14.9101   Cb: 16.8808   Cr: 18.2886 )
00000405: 16.5844   (Y': 14.9506   Cb: 17.038    Cr: 18.5063 )
00000407: 16.5362   (Y': 14.8372   Cb: 17.0022   Cr: 18.5918 )
00000406: 16.6189   (Y': 14.9645   Cb: 17.0908   Cr: 18.5617 )
00000408: 16.6074   (Y': 14.9026   Cb: 17.085    Cr: 18.6596 )
00000409: 16.4406   (Y': 14.6905   Cb: 16.911    Cr: 18.6132 )
00000410: 16.5072   (Y': 14.6848   Cb: 17.0582   Cr: 18.7418 )
00000411: 16.6925   (Y': 14.7822   Cb: 17.2572   Cr: 19.1383 )
00000412: 16.6947   (Y': 14.7714   Cb: 17.312    Cr: 19.0956 )
00000413: 16.7402   (Y': 14.8793   Cb: 17.3217   Cr: 19.0285 )
00000414: 16.7853   (Y': 14.9656   Cb: 17.3656   Cr: 18.9704 )
00000415: 17.2197   (Y': 15.3914   Cb: 17.9742   Cr: 19.1849 )
00000417: 17.1419   (Y': 15.3846   Cb: 17.8353   Cr: 19.0207 )
00000416: 17.0071   (Y': 15.244    Cb: 17.6408   Cr: 18.9792 )
00000421: 16.9272   (Y': 15.0832   Cb: 17.4997   Cr: 19.1853 )
00000419: 17.2541   (Y': 15.4429   Cb: 17.8348   Cr: 19.4173 )
00000418: 17.1805   (Y': 15.4534   Cb: 17.706    Cr: 19.2175 )
00000420: 17.0237   (Y': 15.2254   Cb: 17.5235   Cr: 19.2735 )
00000423: 17.2177   (Y': 15.4001   Cb: 18.0268   Cr: 19.087  )
00000422: 17.0042   (Y': 15.1831   Cb: 17.602    Cr: 19.1678 )
00000424: 17.1249   (Y': 15.4286   Cb: 17.847    Cr: 18.8297 )
00000425: 17.786    (Y': 15.9801   Cb: 18.6694   Cr: 19.5353 )
00000426: 17.9561   (Y': 16.1413   Cb: 18.9347   Cr: 19.6117 )
00000427: 17.6453   (Y': 15.841    Cb: 18.5453   Cr: 19.3708 )
00000428: 17.6068   (Y': 15.7651   Cb: 18.4694   Cr: 19.4644 )
00000429: 17.4439   (Y': 15.6033   Cb: 18.2725   Cr: 19.3422 )
00000430: 17.5077   (Y': 15.6295   Cb: 18.4515   Cr: 19.3501 )
00000431: 17.6972   (Y': 15.7531   Cb: 18.7078   Cr: 19.6151 )
00000432: 17.5944   (Y': 15.6176   Cb: 18.7017   Cr: 19.4747 )
00000433: 17.5002   (Y': 15.4221   Cb: 18.7018   Cr: 19.5203 )
00000434: 17.5571   (Y': 15.4426   Cb: 18.7901   Cr: 19.6336 )
00000435: 17.6089   (Y': 15.5056   Cb: 18.7994   Cr: 19.708  )
00000436: 17.5588   (Y': 15.4466   Cb: 18.7049   Cr: 19.7371 )
00000437: 17.5545   (Y': 15.3915   Cb: 18.716    Cr: 19.852  )
00000438: 17.5334   (Y': 15.4007   Cb: 18.6185   Cr: 19.8471 )
00000439: 17.7266   (Y': 15.6041   Cb: 18.8267   Cr: 19.992  )
00000440: 17.749    (Y': 15.5834   Cb: 18.8562   Cr: 20.1257 )
00000441: 17.9058   (Y': 15.8642   Cb: 18.872    Cr: 20.1293 )
00000442: 18.0613   (Y': 16.0837   Cb: 19.0108   Cr: 20.1401 )
00000444: 18.4697   (Y': 16.6162   Cb: 19.2166   Cr: 20.5062 )
00000443: 18.4183   (Y': 16.523    Cb: 19.1838   Cr: 20.5334 )
00000445: 18.534    (Y': 16.7354   Cb: 19.214    Cr: 20.5278 )
00000446: 18.4487   (Y': 16.6795   Cb: 19.1258   Cr: 20.377  )
00000447: 18.3996   (Y': 16.5347   Cb: 19.1942   Cr: 20.4004 )
00000448: 18.3067   (Y': 16.407    Cb: 19.1247   Cr: 20.3623 )
00000449: 18.0782   (Y': 16.0341   Cb: 19.0321   Cr: 20.3247 )
00000450: 17.8951   (Y': 15.7419   Cb: 18.9801   Cr: 20.2664 )
00000452: 17.7564   (Y': 15.599    Cb: 18.8372   Cr: 20.1453 )
00000451: 17.7696   (Y': 15.5608   Cb: 18.9097   Cr: 20.2267 )
00000453: 17.73     (Y': 15.6394   Cb: 18.7459   Cr: 20.0196 )
00000454: 17.7345   (Y': 15.6247   Cb: 18.8075   Cr: 20.0008 )
00000455: 17.8184   (Y': 15.7987   Cb: 18.8278   Cr: 19.9273 )
00000457: 17.7654   (Y': 15.7423   Cb: 18.7256   Cr: 19.9475 )
00000456: 17.756    (Y': 15.7681   Cb: 18.6626   Cr: 19.9172 )
00000458: 17.686    (Y': 15.659    Cb: 18.644    Cr: 19.8816 )
00000459: 17.624    (Y': 15.6319   Cb: 18.545    Cr: 19.7773 )
00000460: 17.674    (Y': 15.7123   Cb: 18.5714   Cr: 19.7805 )
00000461: 17.5975   (Y': 15.6037   Cb: 18.5094   Cr: 19.7671 )
00000462: 17.5114   (Y': 15.5596   Cb: 18.406    Cr: 19.596  )
00000463: 17.5268   (Y': 15.6142   Cb: 18.3766   Cr: 19.5722 )
00000464: 17.5409   (Y': 15.6033   Cb: 18.4453   Cr: 19.5771 )
00000465: 17.5021   (Y': 15.5735   Cb: 18.4106   Cr: 19.5105 )
00000466: 17.4513   (Y': 15.5328   Cb: 18.3086   Cr: 19.5015 )
00000467: 17.3885   (Y': 15.4766   Cb: 18.2951   Cr: 19.3584 )
00000468: 17.3684   (Y': 15.4616   Cb: 18.2858   Cr: 19.3123 )
00000469: 17.2969   (Y': 15.4001   Cb: 18.1822   Cr: 19.2572 )
00000472: 17.2134   (Y': 15.3378   Cb: 18.0533   Cr: 19.1808 )
00000470: 17.3442   (Y': 15.4447   Cb: 18.2704   Cr: 19.2591 )
00000473: 17.0345   (Y': 15.1676   Cb: 17.8711   Cr: 18.9849 )
00000471: 17.3038   (Y': 15.3711   Cb: 18.2145   Cr: 19.3195 )
00000474: 17.0462   (Y': 15.1904   Cb: 17.8684   Cr: 18.9888 )
00000475: 16.9149   (Y': 15.0312   Cb: 17.7325   Cr: 18.9314 )
00000476: 16.9288   (Y': 15.0577   Cb: 17.7429   Cr: 18.9191 )
00000477: 16.7703   (Y': 14.9086   Cb: 17.5758   Cr: 18.749  )
00000478: 16.7414   (Y': 14.8719   Cb: 17.5061   Cr: 18.7931 )
00000479: 16.7248   (Y': 14.8778   Cb: 17.4415   Cr: 18.7864 )
00000480: 16.7187   (Y': 14.8463   Cb: 17.4372   Cr: 18.8408 )
00000481: 16.7143   (Y': 14.8112   Cb: 17.4512   Cr: 18.8887 )
00000482: 16.6957   (Y': 14.7351   Cb: 17.4816   Cr: 18.951  )
00000483: 16.7641   (Y': 14.7937   Cb: 17.5702   Cr: 19.0168 )
00000484: 16.7741   (Y': 14.7885   Cb: 17.5695   Cr: 19.0823 )
00000485: 16.7269   (Y': 14.7591   Cb: 17.5506   Cr: 18.9486 )
00000486: 16.7968   (Y': 14.8659   Cb: 17.6224   Cr: 18.9204 )
00000487: 16.8088   (Y': 14.9105   Cb: 17.6654   Cr: 18.8102 )
00000488: 16.7764   (Y': 14.9004   Cb: 17.6424   Cr: 18.711  )
00000489: 16.7931   (Y': 14.8932   Cb: 17.6959   Cr: 18.7389 )
00000490: 16.7906   (Y': 14.9291   Cb: 17.6514   Cr: 18.6973 )
00000491: 17.5243   (Y': 15.4306   Cb: 18.7786   Cr: 19.5212 )
00000492: 17.8073   (Y': 15.6462   Cb: 19.1785   Cr: 19.8417 )
00000493: 18.0612   (Y': 15.936    Cb: 19.3793   Cr: 20.0641 )
00000494: 17.8702   (Y': 15.6557   Cb: 19.2867   Cr: 19.9947 )
00000496: 17.4372   (Y': 15.3747   Cb: 18.6411   Cr: 19.4146 )
00000495: 17.5584   (Y': 15.4713   Cb: 18.7524   Cr: 19.6111 )
00000498: 17.2044   (Y': 15.3244   Cb: 18.3313   Cr: 18.836  )
00000497: 16.9636   (Y': 15.0992   Cb: 18.0061   Cr: 18.6562 )
00000500: 17.0577   (Y': 15.0309   Cb: 18.2446   Cr: 18.9658 )
00000499: 17.2456   (Y': 15.2506   Cb: 18.4182   Cr: 19.0929 )
00000501: 16.9559   (Y': 14.9405   Cb: 18.0895   Cr: 18.8994 )
00000502: 17.0263   (Y': 14.9303   Cb: 18.2769   Cr: 19.0338 )
00000503: 17.0011   (Y': 14.8977   Cb: 18.1386   Cr: 19.1669 )
00000504: 17.0006   (Y': 14.8935   Cb: 18.1785   Cr: 19.1256 )
00000505: 17.015    (Y': 14.8608   Cb: 18.2426   Cr: 19.2045 )
00000506: 17.0079   (Y': 14.8098   Cb: 18.2819   Cr: 19.2597 )
00000507: 16.9956   (Y': 14.7639   Cb: 18.2752   Cr: 19.3357 )
00000508: 17.0697   (Y': 14.8134   Cb: 18.3333   Cr: 19.5018 )
00000509: 17.1677   (Y': 14.8964   Cb: 18.4569   Cr: 19.6104 )
00000510: 17.1012   (Y': 14.8032   Cb: 18.4061   Cr: 19.6034 )
00000511: 17.0969   (Y': 14.7671   Cb: 18.3747   Cr: 19.7334 )
00000514: 17.2148   (Y': 14.8533   Cb: 18.4946   Cr: 19.9492 )
00000513: 17.2241   (Y': 14.8708   Cb: 18.5224   Cr: 19.9064 )
00000512: 17.1297   (Y': 14.824    Cb: 18.3699   Cr: 19.7423 )
00000515: 17.3758   (Y': 14.9714   Cb: 18.722    Cr: 20.1579 )
00000516: 17.3848   (Y': 14.9186   Cb: 18.8461   Cr: 20.2147 )
00000517: 17.4741   (Y': 15.0167   Cb: 18.9336   Cr: 20.2767 )
00000518: 17.4634   (Y': 14.9858   Cb: 18.9698   Cr: 20.2702 )
00000520: 17.5658   (Y': 15.1238   Cb: 19.0133   Cr: 20.3333 )
00000519: 17.5549   (Y': 15.118    Cb: 18.9983   Cr: 20.3112 )
00000521: 17.6067   (Y': 15.2443   Cb: 19.0378   Cr: 20.1409 )
00000522: 17.6129   (Y': 15.3259   Cb: 18.8821   Cr: 20.129  )
00000523: 17.6048   (Y': 15.3176   Cb: 18.8356   Cr: 20.173  )
00000524: 17.6062   (Y': 15.3569   Cb: 18.8312   Cr: 20.0685 )
00000525: 17.5302   (Y': 15.3595   Cb: 18.6255   Cr: 19.9377 )
00000526: 17.5235   (Y': 15.3786   Cb: 18.6442   Cr: 19.8238 )
00000528: 17.4318   (Y': 15.4194   Cb: 18.4236   Cr: 19.5448 )
00000529: 17.5345   (Y': 15.5935   Cb: 18.4397   Cr: 19.5783 )
00000530: 17.5575   (Y': 15.692    Cb: 18.3646   Cr: 19.543  )
00000531: 17.5334   (Y': 15.7227   Cb: 18.2922   Cr: 19.4514 )
00000527: 17.4343   (Y': 15.3612   Cb: 18.4982   Cr: 19.6133 )
00000532: 17.5943   (Y': 15.668    Cb: 18.6375   Cr: 19.4299 )
00000533: 16.6989   (Y': 14.9535   Cb: 17.3837   Cr: 18.5616 )
00000534: 17.46     (Y': 15.9238   Cb: 18.0252   Cr: 19.0237 )
00000535: 16.4588   (Y': 15.0328   Cb: 16.8258   Cr: 18.0556 )
00000537: 16.3036   (Y': 14.9629   Cb: 16.6921   Cr: 17.7067 )
00000536: 15.8327   (Y': 14.4105   Cb: 16.1852   Cr: 17.441  )
00000538: 16.495    (Y': 15.2135   Cb: 16.8885   Cr: 17.7829 )
00000539: 16.784    (Y': 15.5513   Cb: 17.1871   Cr: 17.9734 )
00000540: 16.8558   (Y': 15.6618   Cb: 17.2361   Cr: 18.0055 )
00000541: 16.9027   (Y': 15.6956   Cb: 17.3297   Cr: 18.0199 )
00000542: 16.8671   (Y': 15.6491   Cb: 17.3155   Cr: 17.9775 )
00000545: 16.3911   (Y': 15.0264   Cb: 16.8728   Cr: 17.7237 )
00000543: 16.7372   (Y': 15.4511   Cb: 17.1782   Cr: 17.9756 )
00000544: 16.6312   (Y': 15.3146   Cb: 17.1064   Cr: 17.8833 )
00000546: 16.2467   (Y': 14.8694   Cb: 16.7378   Cr: 17.5915 )
00000547: 15.886    (Y': 14.4776   Cb: 16.3563   Cr: 17.3152 )
00000549: 15.5322   (Y': 14.0785   Cb: 15.9535   Cr: 17.113  )
00000548: 15.6846   (Y': 14.2621   Cb: 16.1048   Cr: 17.2046 )
00000550: 15.4863   (Y': 14.0416   Cb: 15.9057   Cr: 17.0515 )
00000552: 15.424    (Y': 13.9674   Cb: 15.8566   Cr: 16.9958 )
00000551: 15.4245   (Y': 13.9852   Cb: 15.8366   Cr: 16.9886 )
00000553: 15.7684   (Y': 14.3557   Cb: 16.2164   Cr: 17.2341 )
00000554: 15.8944   (Y': 14.4705   Cb: 16.3532   Cr: 17.3682 )
00000555: 16.1834   (Y': 14.8136   Cb: 16.6674   Cr: 17.5224 )
00000557: 16.3939   (Y': 15.0469   Cb: 16.8792   Cr: 17.6893 )
00000556: 16.2912   (Y': 14.9034   Cb: 16.8155   Cr: 17.6152 )
00000558: 16.413    (Y': 15.0853   Cb: 16.8952   Cr: 17.677  )
00000559: 16.2758   (Y': 14.9957   Cb: 16.6904   Cr: 17.5353 )
00000560: 16.2326   (Y': 14.9923   Cb: 16.5942   Cr: 17.486  )
00000561: 15.9897   (Y': 14.8167   Cb: 16.2827   Cr: 17.2091 )
00000562: 15.8718   (Y': 14.7019   Cb: 16.1225   Cr: 17.1391 )
00000563: 15.5212   (Y': 14.3696   Cb: 15.7155   Cr: 16.8281 )
00000564: 15.3943   (Y': 14.2242   Cb: 15.5844   Cr: 16.7395 )
00000565: 15.3285   (Y': 14.2131   Cb: 15.457    Cr: 16.6577 )
00000566: 15.2504   (Y': 14.1424   Cb: 15.3642   Cr: 16.5862 )
00000567: 15.2487   (Y': 14.1557   Cb: 15.3348   Cr: 16.5949 )
00000568: 15.3369   (Y': 14.2367   Cb: 15.4423   Cr: 16.67   )
00000569: 15.3198   (Y': 14.2333   Cb: 15.4221   Cr: 16.6334 )
00000570: 15.317    (Y': 14.2208   Cb: 15.4303   Cr: 16.6329 )
00000571: 15.2693   (Y': 14.1949   Cb: 15.3505   Cr: 16.5895 )
00000572: 15.2665   (Y': 14.1798   Cb: 15.3724   Cr: 16.5755 )
00000573: 15.2781   (Y': 14.2057   Cb: 15.3624   Cr: 16.5907 )
00000574: 15.314    (Y': 14.2769   Cb: 15.3757   Cr: 16.5959 )
00000575: 15.3071   (Y': 14.2573   Cb: 15.3704   Cr: 16.6089 )
00000576: 15.3017   (Y': 14.2434   Cb: 15.3819   Cr: 16.5957 )
00000577: 15.3349   (Y': 14.2529   Cb: 15.4466   Cr: 16.6281 )
00000579: 15.7005   (Y': 14.6358   Cb: 15.8529   Cr: 16.9112 )
00000578: 15.4399   (Y': 14.3586   Cb: 15.57     Cr: 16.7079 )
00000580: 15.785    (Y': 14.7131   Cb: 15.9741   Cr: 16.9616 )
00000581: 15.9467   (Y': 14.8515   Cb: 16.1566   Cr: 17.1365 )
00000582: 16.0031   (Y': 14.9082   Cb: 16.2261   Cr: 17.1762 )
00000583: 16.1337   (Y': 15.0387   Cb: 16.4004   Cr: 17.2531 )
00000584: 16.1654   (Y': 15.0903   Cb: 16.4502   Cr: 17.2298 )
00000586: 16.2791   (Y': 15.2212   Cb: 16.5922   Cr: 17.2826 )
00000585: 16.2647   (Y': 15.2124   Cb: 16.5668   Cr: 17.2719 )
00000587: 16.3289   (Y': 15.2816   Cb: 16.6512   Cr: 17.3044 )
00000588: 16.3478   (Y': 15.2879   Cb: 16.6978   Cr: 17.3112 )
Total: 16.8951   (Y': 15.2575   Cb: 17.5185   Cr: 18.5976 )
