00000002: 15.7177   (Y': 14.1508   Cb: 16.0452   Cr: 17.6682 )
00000000: 16.6018   (Y': 14.5184   Cb: 17.5751   Cr: 18.9292 )
00000003: 15.4624   (Y': 14.0745   Cb: 15.6991   Cr: 17.1597 )
00000010: 14.8775   (Y': 14.3477   Cb: 14.622    Cr: 15.7944 )
00000004: 15.1405   (Y': 14.0841   Cb: 15.1199   Cr: 16.5681 )
00000005: 14.9756   (Y': 14.1287   Cb: 14.8352   Cr: 16.2144 )
00000001: 16.2485   (Y': 14.3324   Cb: 16.9825   Cr: 18.4601 )
00000014: 15.0792   (Y': 14.8053   Cb: 14.7089   Cr: 15.8059 )
00000006: 14.9095   (Y': 14.3265   Cb: 14.6006   Cr: 15.9741 )
00000009: 14.845    (Y': 14.2839   Cb: 14.5847   Cr: 15.8123 )
00000011: 14.8406   (Y': 14.3522   Cb: 14.5659   Cr: 15.7255 )
00000008: 14.8679   (Y': 14.3085   Cb: 14.5867   Cr: 15.8606 )
00000012: 14.8889   (Y': 14.5165   Cb: 14.5496   Cr: 15.7023 )
00000007: 14.8857   (Y': 14.2796   Cb: 14.6048   Cr: 15.9458 )
00000013: 14.9623   (Y': 14.6049   Cb: 14.6188   Cr: 15.7615 )
00000019: 15.1427   (Y': 14.9156   Cb: 14.7181   Cr: 15.8812 )
00000020: 15.0717   (Y': 14.8804   Cb: 14.6862   Cr: 15.7159 )
00000015: 15.157    (Y': 14.9704   Cb: 14.7149   Cr: 15.8684 )
00000017: 15.3327   (Y': 15.0509   Cb: 14.9128   Cr: 16.1345 )
00000018: 15.2173   (Y': 14.989    Cb: 14.7932   Cr: 15.9566 )
00000025: 15.2487   (Y': 14.8708   Cb: 14.8992   Cr: 16.0828 )
00000022: 15.2464   (Y': 14.9517   Cb: 14.8743   Cr: 16.002  )
00000016: 15.3464   (Y': 15.0812   Cb: 14.923    Cr: 16.1315 )
00000021: 15.1613   (Y': 14.8847   Cb: 14.74     Cr: 15.9582 )
00000023: 15.2376   (Y': 14.9067   Cb: 14.9022   Cr: 15.9919 )
00000024: 15.1914   (Y': 14.8831   Cb: 14.8511   Cr: 15.9231 )
00000028: 15.2375   (Y': 15.0715   Cb: 14.7322   Cr: 16.0069 )
00000031: 15.1195   (Y': 14.9831   Cb: 14.593    Cr: 15.881  )
00000035: 14.9865   (Y': 14.9081   Cb: 14.4784   Cr: 15.6531 )
00000026: 15.2647   (Y': 14.9276   Cb: 14.8544   Cr: 16.1256 )
00000029: 15.2085   (Y': 15.0906   Cb: 14.6803   Cr: 15.9494 )
00000030: 15.1542   (Y': 15.0055   Cb: 14.6304   Cr: 15.927  )
00000027: 15.274    (Y': 15.0034   Cb: 14.8241   Cr: 16.1012 )
00000039: 14.8326   (Y': 14.6922   Cb: 14.367    Cr: 15.5182 )
00000032: 15.1515   (Y': 14.9298   Cb: 14.682    Cr: 15.9429 )
00000033: 15.1522   (Y': 14.964    Cb: 14.664    Cr: 15.9263 )
00000034: 15.0152   (Y': 14.901    Cb: 14.5041   Cr: 15.7288 )
00000040: 14.8497   (Y': 14.7253   Cb: 14.3608   Cr: 15.5465 )
00000036: 14.8975   (Y': 14.8023   Cb: 14.3892   Cr: 15.5847 )
00000037: 14.8469   (Y': 14.7466   Cb: 14.3559   Cr: 15.5172 )
00000038: 14.8777   (Y': 14.7478   Cb: 14.3874   Cr: 15.5829 )
00000044: 14.9364   (Y': 14.6682   Cb: 14.5369   Cr: 15.6937 )
00000041: 14.8882   (Y': 14.7206   Cb: 14.4361   Cr: 15.5892 )
00000043: 14.9268   (Y': 14.7156   Cb: 14.503    Cr: 15.6444 )
00000042: 14.9334   (Y': 14.7351   Cb: 14.5222   Cr: 15.6188 )
00000046: 14.9611   (Y': 14.6746   Cb: 14.6028   Cr: 15.6882 )
00000045: 14.9346   (Y': 14.6393   Cb: 14.5571   Cr: 15.698  )
00000047: 14.9758   (Y': 14.6508   Cb: 14.6507   Cr: 15.7096 )
00000051: 15.018    (Y': 14.6877   Cb: 14.736    Cr: 15.7041 )
00000049: 15.0336   (Y': 14.6549   Cb: 14.7724   Cr: 15.7554 )
00000055: 15.476    (Y': 14.9376   Cb: 15.222    Cr: 16.4031 )
00000050: 15.0289   (Y': 14.6668   Cb: 14.7829   Cr: 15.7103 )
00000048: 15.0096   (Y': 14.6717   Cb: 14.712    Cr: 15.7248 )
00000052: 15.1516   (Y': 14.7734   Cb: 14.9022   Cr: 15.858  )
00000054: 15.5123   (Y': 14.9399   Cb: 15.2759   Cr: 16.4643 )
00000053: 15.2071   (Y': 14.836    Cb: 14.9326   Cr: 15.9358 )
00000057: 15.3685   (Y': 14.7542   Cb: 15.169    Cr: 16.3318 )
00000060: 15.4944   (Y': 14.9222   Cb: 15.2367   Cr: 16.4741 )
00000056: 15.4128   (Y': 14.8299   Cb: 15.207    Cr: 16.3395 )
00000058: 15.386    (Y': 14.7406   Cb: 15.2026   Cr: 16.3736 )
00000062: 15.7542   (Y': 15.2157   Cb: 15.4837   Cr: 16.7029 )
00000067: 15.7046   (Y': 15.0977   Cb: 15.3928   Cr: 16.8081 )
00000066: 15.6948   (Y': 15.0346   Cb: 15.4422   Cr: 16.7964 )
00000063: 15.7499   (Y': 15.2166   Cb: 15.4222   Cr: 16.7684 )
00000068: 15.6858   (Y': 15.0632   Cb: 15.4009   Cr: 16.7758 )
00000069: 15.721    (Y': 15.0881   Cb: 15.431    Cr: 16.8332 )
00000059: 15.3895   (Y': 14.7712   Cb: 15.162    Cr: 16.3955 )
00000077: 15.7508   (Y': 14.8417   Cb: 15.722    Cr: 16.9398 )
00000075: 15.6434   (Y': 14.7485   Cb: 15.5825   Cr: 16.8521 )
00000065: 15.7488   (Y': 15.0528   Cb: 15.5219   Cr: 16.8693 )
00000061: 15.584    (Y': 15.0004   Cb: 15.35     Cr: 16.5487 )
00000070: 15.7855   (Y': 15.1803   Cb: 15.4776   Cr: 16.8812 )
00000064: 15.7555   (Y': 15.1169   Cb: 15.5292   Cr: 16.7896 )
00000073: 15.6398   (Y': 14.8056   Cb: 15.5007   Cr: 16.8565 )
00000074: 15.6674   (Y': 14.7756   Cb: 15.6028   Cr: 16.8759 )
00000078: 15.8485   (Y': 14.9554   Cb: 15.8171   Cr: 17.0152 )
00000076: 15.6714   (Y': 14.7577   Cb: 15.6243   Cr: 16.8922 )
00000080: 16.0253   (Y': 15.2284   Cb: 15.9525   Cr: 17.095  )
00000072: 15.6198   (Y': 14.8001   Cb: 15.4585   Cr: 16.8435 )
00000071: 15.699    (Y': 14.9601   Cb: 15.4498   Cr: 16.9167 )
00000085: 15.8831   (Y': 14.8928   Cb: 15.8948   Cr: 17.1523 )
00000083: 15.9142   (Y': 14.9499   Cb: 15.9389   Cr: 17.1231 )
00000084: 15.8856   (Y': 14.8802   Cb: 15.9246   Cr: 17.1441 )
00000088: 15.9054   (Y': 14.9419   Cb: 15.8276   Cr: 17.2511 )
00000086: 15.9105   (Y': 14.9039   Cb: 15.87     Cr: 17.2784 )
00000087: 15.8911   (Y': 14.9076   Cb: 15.8365   Cr: 17.2392 )
00000079: 15.8916   (Y': 15.0365   Cb: 15.8313   Cr: 17.0356 )
00000093: 15.8075   (Y': 15.216    Cb: 15.4306   Cr: 16.9799 )
00000089: 15.9548   (Y': 15.0336   Cb: 15.8458   Cr: 17.2725 )
00000090: 15.9339   (Y': 15.0204   Cb: 15.8036   Cr: 17.2686 )
00000094: 15.8002   (Y': 15.3017   Cb: 15.3386   Cr: 16.9565 )
00000082: 15.9378   (Y': 15.0204   Cb: 15.9508   Cr: 17.0854 )
00000092: 15.8963   (Y': 15.2366   Cb: 15.579    Cr: 17.0872 )
00000091: 15.8765   (Y': 15.0889   Cb: 15.635    Cr: 17.161  )
00000081: 15.9945   (Y': 15.164    Cb: 15.9498   Cr: 17.0798 )
00000095: 15.7964   (Y': 15.3781   Cb: 15.2784   Cr: 16.9191 )
00000096: 15.7761   (Y': 15.47     Cb: 15.1729   Cr: 16.8665 )
00000097: 15.7906   (Y': 15.5144   Cb: 15.1797   Cr: 16.8514 )
00000099: 15.625    (Y': 15.2785   Cb: 15.0445   Cr: 16.7382 )
00000098: 15.5783   (Y': 15.2981   Cb: 14.9385   Cr: 16.6874 )
00000105: 16.3143   (Y': 16.3658   Cb: 15.3447   Cr: 17.4967 )
00000100: 15.6899   (Y': 15.3068   Cb: 15.0763   Cr: 16.9044 )
00000104: 16.2817   (Y': 16.335    Cb: 15.3329   Cr: 17.4279 )
00000101: 15.7572   (Y': 15.5282   Cb: 15.0666   Cr: 16.8726 )
00000103: 16.1858   (Y': 16.2156   Cb: 15.329    Cr: 17.2163 )
00000102: 16.0094   (Y': 15.9855   Cb: 15.2253   Cr: 16.9969 )
00000109: 16.0494   (Y': 16.1388   Cb: 15.0183   Cr: 17.2848 )
00000110: 16.0498   (Y': 16.0385   Cb: 15.0893   Cr: 17.2999 )
00000106: 16.3652   (Y': 16.3533   Cb: 15.3592   Cr: 17.6931 )
00000107: 16.2407   (Y': 16.2189   Cb: 15.2329   Cr: 17.5851 )
00000112: 15.8708   (Y': 15.5209   Cb: 15.0823   Cr: 17.3153 )
00000113: 15.8621   (Y': 15.3996   Cb: 15.1679   Cr: 17.3235 )
00000111: 16.0428   (Y': 15.9257   Cb: 15.1395   Cr: 17.3418 )
00000114: 15.8832   (Y': 15.2758   Cb: 15.3319   Cr: 17.343  )
00000115: 15.9949   (Y': 15.2902   Cb: 15.5012   Cr: 17.5226 )
00000108: 16.146    (Y': 16.1861   Cb: 15.1557   Cr: 17.3775 )
00000121: 16.1511   (Y': 14.9692   Cb: 16.0812   Cr: 17.8839 )
00000118: 15.9615   (Y': 14.9093   Cb: 15.7526   Cr: 17.6582 )
00000122: 16.1644   (Y': 14.9353   Cb: 16.1451   Cr: 17.9138 )
00000120: 16.1709   (Y': 14.9593   Cb: 16.1077   Cr: 17.952  )
00000116: 16.12     (Y': 15.3575   Cb: 15.6972   Cr: 17.6331 )
00000117: 16.0336   (Y': 15.2209   Cb: 15.6505   Cr: 17.5703 )
00000123: 16.1808   (Y': 14.9661   Cb: 16.1418   Cr: 17.9313 )
00000124: 16.283    (Y': 15.1309   Cb: 16.2663   Cr: 17.88   )
00000126: 16.4669   (Y': 15.1781   Cb: 16.5752   Cr: 18.1472 )
00000119: 16.0896   (Y': 14.9196   Cb: 15.9655   Cr: 17.8821 )
00000130: 16.5738   (Y': 15.1482   Cb: 16.7656   Cr: 18.414  )
00000129: 16.5621   (Y': 15.2027   Cb: 16.7291   Cr: 18.3001 )
00000125: 16.3098   (Y': 15.1693   Cb: 16.2615   Cr: 17.9308 )
00000132: 16.5772   (Y': 15.1356   Cb: 16.7971   Cr: 18.4103 )
00000127: 16.4446   (Y': 15.1651   Cb: 16.5337   Cr: 18.1341 )
00000133: 16.6036   (Y': 15.1475   Cb: 16.812    Cr: 18.4841 )
00000138: 16.7581   (Y': 15.3179   Cb: 16.9688   Cr: 18.6016 )
00000135: 16.6949   (Y': 15.181    Cb: 16.9578   Cr: 18.622  )
00000131: 16.5643   (Y': 15.1154   Cb: 16.7846   Cr: 18.4122 )
00000136: 16.7595   (Y': 15.2323   Cb: 17.0272   Cr: 18.709  )
00000134: 16.6729   (Y': 15.1907   Cb: 16.8837   Cr: 18.6069 )
00000143: 16.886    (Y': 15.4333   Cb: 17.013    Cr: 18.8815 )
00000141: 16.8269   (Y': 15.418    Cb: 16.9469   Cr: 18.7379 )
00000139: 16.7405   (Y': 15.3443   Cb: 16.9016   Cr: 18.5634 )
00000142: 16.9082   (Y': 15.4619   Cb: 17.0553   Cr: 18.8592 )
00000128: 16.5604   (Y': 15.2775   Cb: 16.6829   Cr: 18.2091 )
00000140: 16.8169   (Y': 15.4357   Cb: 16.9485   Cr: 18.6516 )
00000137: 16.7134   (Y': 15.1896   Cb: 16.9898   Cr: 18.6426 )
00000145: 16.9256   (Y': 15.5016   Cb: 16.9874   Cr: 18.9589 )
00000144: 16.9302   (Y': 15.5034   Cb: 16.9947   Cr: 18.9656 )
00000147: 16.9922   (Y': 15.6299   Cb: 17.0153   Cr: 18.9519 )
00000148: 16.8856   (Y': 15.5138   Cb: 16.8863   Cr: 18.9009 )
00000146: 16.9969   (Y': 15.6266   Cb: 17.0474   Cr: 18.9311 )
00000149: 16.8225   (Y': 15.4429   Cb: 16.8366   Cr: 18.8334 )
00000150: 16.7398   (Y': 15.3179   Cb: 16.7884   Cr: 18.7894 )
00000154: 16.4385   (Y': 15.1446   Cb: 16.3054   Cr: 18.502  )
00000153: 16.5821   (Y': 15.2085   Cb: 16.5331   Cr: 18.6818 )
00000156: 16.0933   (Y': 14.7156   Cb: 15.987    Cr: 18.2978 )
00000152: 16.6272   (Y': 15.2294   Cb: 16.6211   Cr: 18.7107 )
00000151: 16.6982   (Y': 15.3366   Cb: 16.6829   Cr: 18.7173 )
00000158: 16.2651   (Y': 14.7887   Cb: 16.2332   Cr: 18.5733 )
00000155: 16.319    (Y': 15.0998   Cb: 16.147    Cr: 18.2878 )
00000181: 15.8594   (Y': 15.0465   Cb: 15.7398   Cr: 17.0157 )
00000161: 17.2795   (Y': 15.9093   Cb: 17.6954   Cr: 18.7038 )
00000159: 16.8861   (Y': 15.3706   Cb: 16.9591   Cr: 19.1111 )
00000166: 16.7347   (Y': 15.7395   Cb: 16.6778   Cr: 18.1059 )
00000165: 16.8096   (Y': 15.7059   Cb: 16.7989   Cr: 18.3084 )
00000162: 17.2267   (Y': 15.9661   Cb: 17.4788   Cr: 18.6558 )
00000160: 17.3204   (Y': 15.8717   Cb: 17.6972   Cr: 18.9496 )
00000168: 16.3035   (Y': 15.5484   Cb: 16.0523   Cr: 17.5497 )
00000164: 16.9098   (Y': 15.7896   Cb: 16.9339   Cr: 18.3894 )
00000171: 15.9386   (Y': 15.2453   Cb: 15.5955   Cr: 17.2186 )
00000167: 16.6142   (Y': 15.7247   Cb: 16.5038   Cr: 17.8813 )
00000163: 17.0698   (Y': 15.8628   Cb: 17.19     Cr: 18.5762 )
00000169: 16.1467   (Y': 15.4563   Cb: 15.8504   Cr: 17.3552 )
00000173: 16.1579   (Y': 15.475    Cb: 15.8396   Cr: 17.3859 )
00000157: 16.1439   (Y': 14.769    Cb: 16.0191   Cr: 18.3739 )
00000175: 15.9428   (Y': 15.2016   Cb: 15.6271   Cr: 17.2593 )
00000174: 16.0531   (Y': 15.3507   Cb: 15.7048   Cr: 17.3553 )
00000172: 16.0566   (Y': 15.357    Cb: 15.726    Cr: 17.3284 )
00000177: 15.909    (Y': 15.2011   Cb: 15.6016   Cr: 17.1605 )
00000176: 15.9205   (Y': 15.1848   Cb: 15.626    Cr: 17.1975 )
00000180: 15.9091   (Y': 15.1546   Cb: 15.7329   Cr: 17.0505 )
00000170: 15.9666   (Y': 15.3458   Cb: 15.5923   Cr: 17.1797 )
00000184: 15.8607   (Y': 14.881    Cb: 15.8841   Cr: 17.0966 )
00000190: 15.3773   (Y': 14.7159   Cb: 15.2052   Cr: 16.3733 )
00000185: 15.8461   (Y': 14.8847   Cb: 15.8716   Cr: 17.0489 )
00000182: 15.9029   (Y': 14.9937   Cb: 15.8731   Cr: 17.0935 )
00000179: 15.8981   (Y': 15.1342   Cb: 15.713    Cr: 17.0661 )
00000187: 15.6881   (Y': 14.7974   Cb: 15.6912   Cr: 16.806  )
00000178: 15.944    (Y': 15.2037   Cb: 15.7038   Cr: 17.1513 )
00000183: 15.8951   (Y': 14.9251   Cb: 15.9225   Cr: 17.1099 )
00000186: 15.7645   (Y': 14.81     Cb: 15.7785   Cr: 16.9712 )
00000188: 15.5704   (Y': 14.812    Cb: 15.4701   Cr: 16.617  )
00000191: 15.2946   (Y': 14.6922   Cb: 15.0817   Cr: 16.2584 )
00000189: 15.5425   (Y': 14.7682   Cb: 15.4569   Cr: 16.5943 )
00000192: 15.1862   (Y': 14.7116   Cb: 14.9126   Cr: 16.0506 )
00000194: 15.041    (Y': 14.745    Cb: 14.6868   Cr: 15.7749 )
00000193: 15.1544   (Y': 14.7495   Cb: 14.8531   Cr: 15.9616 )
00000195: 14.8957   (Y': 14.6037   Cb: 14.5216   Cr: 15.6502 )
00000201: 15.5394   (Y': 15.4804   Cb: 15.1732   Cr: 16.0049 )
00000196: 15.0286   (Y': 15.1014   Cb: 14.5255   Cr: 15.5163 )
00000199: 15.6803   (Y': 15.6064   Cb: 15.3336   Cr: 16.1391 )
00000198: 15.1243   (Y': 15.3854   Cb: 14.5227   Cr: 15.5349 )
00000203: 15.0325   (Y': 15.1827   Cb: 14.512    Cr: 15.4581 )
00000197: 15.0601   (Y': 15.4336   Cb: 14.3753   Cr: 15.4621 )
00000200: 15.7837   (Y': 15.5604   Cb: 15.5592   Cr: 16.2694 )
00000202: 15.0754   (Y': 15.2323   Cb: 14.5488   Cr: 15.5014 )
00000204: 15.0784   (Y': 15.1744   Cb: 14.5886   Cr: 15.5239 )
00000208: 14.2224   (Y': 14.5113   Cb: 13.5404   Cr: 14.7074 )
00000210: 14.0765   (Y': 14.4041   Cb: 13.3643   Cr: 14.5608 )
00000206: 15.1105   (Y': 15.1451   Cb: 14.6579   Cr: 15.5775 )
00000205: 15.0479   (Y': 15.1367   Cb: 14.5429   Cr: 15.5204 )
00000207: 14.8148   (Y': 14.9287   Cb: 14.2746   Cr: 15.304  )
00000211: 14.0972   (Y': 14.4265   Cb: 13.3914   Cr: 14.5714 )
00000213: 14.0781   (Y': 14.4502   Cb: 13.3545   Cr: 14.5316 )
00000209: 14.1701   (Y': 14.4681   Cb: 13.4716   Cr: 14.6674 )
00000215: 14.3209   (Y': 14.6652   Cb: 13.6364   Cr: 14.7521 )
00000212: 14.0648   (Y': 14.4105   Cb: 13.3508   Cr: 14.5327 )
00000214: 14.199    (Y': 14.5572   Cb: 13.4867   Cr: 14.652  )
00000218: 14.9544   (Y': 15.215    Cb: 14.3859   Cr: 15.3241 )
00000217: 14.7067   (Y': 14.9855   Cb: 14.1011   Cr: 15.1043 )
00000219: 15.0374   (Y': 15.2943   Cb: 14.4953   Cr: 15.3786 )
00000221: 15.3105   (Y': 15.5179   Cb: 14.8246   Cr: 15.6338 )
00000216: 14.6009   (Y': 14.9149   Cb: 13.9541   Cr: 15.0146 )
00000220: 15.2401   (Y': 15.4481   Cb: 14.7544   Cr: 15.5627 )
00000224: 15.5203   (Y': 15.6984   Cb: 15.1177   Cr: 15.775  )
00000225: 15.3865   (Y': 15.5904   Cb: 14.9438   Cr: 15.6619 )
00000226: 15.5644   (Y': 15.6724   Cb: 15.189    Cr: 15.8597 )
00000223: 15.5463   (Y': 15.6834   Cb: 15.1138   Cr: 15.8786 )
00000222: 15.4609   (Y': 15.6214   Cb: 15.0203   Cr: 15.7783 )
00000227: 15.5603   (Y': 15.7105   Cb: 15.1736   Cr: 15.8252 )
00000228: 15.4567   (Y': 15.6463   Cb: 15.0469   Cr: 15.7082 )
00000229: 15.4279   (Y': 15.6213   Cb: 15.0059   Cr: 15.6898 )
00000230: 15.3622   (Y': 15.6101   Cb: 14.9201   Cr: 15.5926 )
00000233: 15.1234   (Y': 15.5595   Cb: 14.5677   Cr: 15.3051 )
00000232: 15.1538   (Y': 15.5505   Cb: 14.6188   Cr: 15.3482 )
00000231: 15.3012   (Y': 15.6026   Cb: 14.8222   Cr: 15.5221 )
00000234: 14.916    (Y': 15.4049   Cb: 14.343    Cr: 15.0689 )
00000237: 14.6023   (Y': 15.1727   Cb: 13.9403   Cr: 14.7867 )
00000235: 14.7947   (Y': 15.3391   Cb: 14.1701   Cr: 14.9579 )
00000236: 14.6607   (Y': 15.2401   Cb: 14.0103   Cr: 14.8229 )
00000238: 14.4073   (Y': 15.0035   Cb: 13.723    Cr: 14.5955 )
00000239: 14.29     (Y': 14.9022   Cb: 13.5725   Cr: 14.5044 )
00000240: 13.8987   (Y': 14.5732   Cb: 13.0995   Cr: 14.1591 )
00000241: 13.8108   (Y': 14.4921   Cb: 12.9947   Cr: 14.0868 )
00000245: 13.6804   (Y': 14.2861   Cb: 12.8907   Cr: 13.992  )
00000242: 13.7819   (Y': 14.4401   Cb: 12.9671   Cr: 14.0772 )
00000243: 13.7798   (Y': 14.4377   Cb: 12.9626   Cr: 14.0783 )
00000244: 13.7412   (Y': 14.3546   Cb: 12.9639   Cr: 14.0297 )
00000246: 13.6627   (Y': 14.2796   Cb: 12.8612   Cr: 13.9792 )
00000248: 13.6205   (Y': 14.2775   Cb: 12.7993   Cr: 13.9252 )
00000247: 13.6634   (Y': 14.295    Cb: 12.8639   Cr: 13.9634 )
00000251: 13.5706   (Y': 14.2104   Cb: 12.7501   Cr: 13.8904 )
00000250: 13.5846   (Y': 14.2267   Cb: 12.7615   Cr: 13.9054 )
00000249: 13.6007   (Y': 14.2799   Cb: 12.7593   Cr: 13.9114 )
00000252: 13.535    (Y': 14.1844   Cb: 12.7012   Cr: 13.8631 )
00000254: 13.5202   (Y': 14.2011   Cb: 12.6694   Cr: 13.8413 )
00000255: 13.538    (Y': 14.2272   Cb: 12.691    Cr: 13.8467 )
00000253: 13.5363   (Y': 14.1882   Cb: 12.7018   Cr: 13.863  )
00000259: 13.559    (Y': 14.2594   Cb: 12.736    Cr: 13.8265 )
00000257: 13.5307   (Y': 14.2465   Cb: 12.6806   Cr: 13.819  )
00000258: 13.5578   (Y': 14.2518   Cb: 12.7237   Cr: 13.8452 )
00000256: 13.5455   (Y': 14.2466   Cb: 12.7092   Cr: 13.8293 )
00000261: 13.5555   (Y': 14.2699   Cb: 12.724    Cr: 13.8211 )
00000263: 13.5456   (Y': 14.2744   Cb: 12.7024   Cr: 13.8134 )
00000262: 13.5585   (Y': 14.2953   Cb: 12.7133   Cr: 13.8218 )
00000264: 13.5437   (Y': 14.3074   Cb: 12.6823   Cr: 13.8037 )
00000260: 13.5553   (Y': 14.2671   Cb: 12.7215   Cr: 13.8262 )
00000265: 13.5165   (Y': 14.2901   Cb: 12.6522   Cr: 13.7716 )
00000266: 13.5067   (Y': 14.321    Cb: 12.6147   Cr: 13.7617 )
00000267: 13.4885   (Y': 14.3078   Cb: 12.587    Cr: 13.7515 )
00000272: 13.4394   (Y': 14.3174   Cb: 12.5173   Cr: 13.6781 )
00000269: 13.4993   (Y': 14.3176   Cb: 12.5977   Cr: 13.7635 )
00000268: 13.4797   (Y': 14.3122   Cb: 12.5759   Cr: 13.7341 )
00000273: 13.4339   (Y': 14.3093   Cb: 12.5111   Cr: 13.6757 )
00000270: 13.4761   (Y': 14.3212   Cb: 12.5745   Cr: 13.7165 )
00000271: 13.4566   (Y': 14.3197   Cb: 12.5439   Cr: 13.696  )
00000275: 13.4144   (Y': 14.3158   Cb: 12.4649   Cr: 13.6688 )
00000274: 13.416    (Y': 14.3115   Cb: 12.474    Cr: 13.6659 )
00000276: 13.5325   (Y': 14.3763   Cb: 12.6266   Cr: 13.7798 )
00000283: 14.0595   (Y': 14.6937   Cb: 13.3168   Cr: 14.2851 )
00000277: 13.5736   (Y': 14.4122   Cb: 12.6759   Cr: 13.815  )
00000279: 13.6566   (Y': 14.447    Cb: 12.7835   Cr: 13.9082 )
00000278: 13.6514   (Y': 14.4468   Cb: 12.7833   Cr: 13.8922 )
00000280: 13.6824   (Y': 14.4697   Cb: 12.818    Cr: 13.9253 )
00000281: 13.7214   (Y': 14.4783   Cb: 12.8787   Cr: 13.9632 )
00000286: 14.5441   (Y': 15.1228   Cb: 13.8932   Cr: 14.7074 )
00000282: 13.9243   (Y': 14.6305   Cb: 13.131    Cr: 14.1486 )
00000284: 14.2896   (Y': 14.886    Cb: 13.6049   Cr: 14.478  )
00000285: 14.3813   (Y': 14.9818   Cb: 13.7108   Cr: 14.5486 )
00000287: 14.6611   (Y': 15.2002   Cb: 14.04     Cr: 14.825  )
00000289: 14.882    (Y': 15.3552   Cb: 14.3068   Cr: 15.0519 )
00000291: 15.1661   (Y': 15.4921   Cb: 14.6695   Cr: 15.3834 )
00000288: 14.7896   (Y': 15.2934   Cb: 14.1803   Cr: 14.9718 )
00000292: 15.3743   (Y': 15.5896   Cb: 14.9387   Cr: 15.6296 )
00000293: 15.4468   (Y': 15.5816   Cb: 15.0622   Cr: 15.7249 )
00000290: 15.0764   (Y': 15.4678   Cb: 14.5393   Cr: 15.2785 )
00000295: 15.5614   (Y': 15.5886   Cb: 15.2466   Cr: 15.8715 )
00000298: 15.8002   (Y': 15.6693   Cb: 15.5559   Cr: 16.2026 )
00000294: 15.5271   (Y': 15.6124   Cb: 15.1564   Cr: 15.8407 )
00000296: 15.6834   (Y': 15.6314   Cb: 15.4211   Cr: 16.0188 )
00000299: 15.8312   (Y': 15.689    Cb: 15.5885   Cr: 16.2443 )
00000297: 15.6942   (Y': 15.625    Cb: 15.4311   Cr: 16.0494 )
00000302: 15.9159   (Y': 15.5957   Cb: 15.738    Cr: 16.4627 )
00000301: 15.8822   (Y': 15.6003   Cb: 15.6758   Cr: 16.4163 )
00000305: 15.9523   (Y': 15.5527   Cb: 15.8638   Cr: 16.4924 )
00000300: 15.861    (Y': 15.6414   Cb: 15.6478   Cr: 16.3292 )
00000307: 16.0053   (Y': 15.4473   Cb: 16.0141   Cr: 16.6356 )
00000303: 15.9458   (Y': 15.5873   Cb: 15.783    Cr: 16.5218 )
00000304: 15.9223   (Y': 15.5537   Cb: 15.7999   Cr: 16.4635 )
00000308: 15.9914   (Y': 15.3681   Cb: 16.0358   Cr: 16.6676 )
00000306: 15.9713   (Y': 15.4626   Cb: 15.9428   Cr: 16.5805 )
00000309: 16.0034   (Y': 15.3688   Cb: 16.056    Cr: 16.6853 )
00000310: 15.9748   (Y': 15.3079   Cb: 16.024    Cr: 16.7049 )
00000311: 15.9071   (Y': 15.2483   Cb: 15.9472   Cr: 16.6367 )
00000313: 15.9265   (Y': 15.2996   Cb: 15.9555   Cr: 16.6254 )
00000314: 15.9015   (Y': 15.2733   Cb: 15.925    Cr: 16.6087 )
00000312: 15.9026   (Y': 15.2492   Cb: 15.937    Cr: 16.6312 )
00000315: 15.8714   (Y': 15.2483   Cb: 15.874    Cr: 16.596  )
00000316: 15.8617   (Y': 15.1775   Cb: 15.9033   Cr: 16.6246 )
00000317: 15.876    (Y': 15.1982   Cb: 15.9266   Cr: 16.6192 )
00000319: 15.8673   (Y': 15.1427   Cb: 15.9105   Cr: 16.6852 )
00000318: 15.8671   (Y': 15.1489   Cb: 15.9082   Cr: 16.6784 )
00000320: 15.9436   (Y': 15.1772   Cb: 16.0177   Cr: 16.7846 )
00000322: 16.0384   (Y': 15.2418   Cb: 16.0675   Cr: 16.9786 )
00000325: 16.0778   (Y': 15.2834   Cb: 16.0857   Cr: 17.0409 )
00000323: 15.9865   (Y': 15.2195   Cb: 15.9939   Cr: 16.9094 )
00000321: 15.9423   (Y': 15.1646   Cb: 15.9929   Cr: 16.8283 )
00000324: 16.0221   (Y': 15.2185   Cb: 16.0295   Cr: 16.9998 )
00000327: 16.1538   (Y': 15.3226   Cb: 16.164    Cr: 17.1696 )
00000331: 16.4033   (Y': 15.3509   Cb: 16.5176   Cr: 17.6423 )
00000326: 16.1153   (Y': 15.2904   Cb: 16.136    Cr: 17.1087 )
00000328: 16.1823   (Y': 15.3199   Cb: 16.2195   Cr: 17.2125 )
00000329: 16.2275   (Y': 15.3125   Cb: 16.2621   Cr: 17.3436 )
00000330: 16.3149   (Y': 15.3187   Cb: 16.4022   Cr: 17.4948 )
00000333: 16.5258   (Y': 15.386    Cb: 16.6746   Cr: 17.8712 )
00000332: 16.4874   (Y': 15.3753   Cb: 16.6212   Cr: 17.804  )
00000334: 16.6054   (Y': 15.3826   Cb: 16.8044   Cr: 18.0344 )
00000335: 16.6052   (Y': 15.4003   Cb: 16.7908   Cr: 18.0193 )
00000336: 16.5535   (Y': 15.3845   Cb: 16.7129   Cr: 17.9373 )
00000337: 16.4725   (Y': 15.3597   Cb: 16.5967   Cr: 17.8031 )
00000339: 16.4196   (Y': 15.2777   Cb: 16.6015   Cr: 17.7256 )
00000342: 16.7338   (Y': 15.4618   Cb: 16.9782   Cr: 18.1944 )
00000340: 16.5659   (Y': 15.3577   Cb: 16.7933   Cr: 17.9309 )
00000338: 16.3753   (Y': 15.3003   Cb: 16.4996   Cr: 17.6401 )
00000343: 16.7638   (Y': 15.4815   Cb: 17.0125   Cr: 18.2378 )
00000341: 16.6396   (Y': 15.4138   Cb: 16.8892   Cr: 18.0078 )
00000344: 16.8171   (Y': 15.5549   Cb: 17.0545   Cr: 18.2683 )
00000346: 16.8059   (Y': 15.608    Cb: 16.9706   Cr: 18.2353 )
00000345: 16.8117   (Y': 15.6075   Cb: 17.0147   Cr: 18.2014 )
00000347: 16.8301   (Y': 15.5807   Cb: 17.0141   Cr: 18.3289 )
00000348: 16.9994   (Y': 15.6644   Cb: 17.2235   Cr: 18.6084 )
00000350: 17.1145   (Y': 15.7409   Cb: 17.3262   Cr: 18.8177 )
00000349: 17.0362   (Y': 15.654    Cb: 17.2884   Cr: 18.7003 )
00000351: 17.1557   (Y': 15.7904   Cb: 17.3279   Cr: 18.8983 )
00000353: 17.2517   (Y': 15.8643   Cb: 17.4586   Cr: 18.9901 )
00000352: 17.1975   (Y': 15.8086   Cb: 17.4189   Cr: 18.9183 )
00000358: 17.0267   (Y': 15.6716   Cb: 17.2045   Cr: 18.7407 )
00000355: 17.0526   (Y': 15.6023   Cb: 17.3301   Cr: 18.8216 )
00000354: 17.0724   (Y': 15.6549   Cb: 17.3324   Cr: 18.7977 )
00000357: 16.9311   (Y': 15.5431   Cb: 17.1353   Cr: 18.6747 )
00000356: 16.9005   (Y': 15.5086   Cb: 17.1162   Cr: 18.6358 )
00000359: 17.0055   (Y': 15.7346   Cb: 17.1263   Cr: 18.6331 )
00000366: 16.7581   (Y': 15.7123   Cb: 16.6834   Cr: 18.243  )
00000360: 16.9287   (Y': 15.7225   Cb: 17.03     Cr: 18.4597 )
00000362: 16.9682   (Y': 15.719    Cb: 17.0287   Cr: 18.6397 )
00000361: 16.8509   (Y': 15.6253   Cb: 16.9351   Cr: 18.4427 )
00000363: 17.0235   (Y': 15.8268   Cb: 17.0328   Cr: 18.6672 )
00000364: 16.9961   (Y': 15.907    Cb: 16.9533   Cr: 18.5139 )
00000365: 16.9363   (Y': 15.8484   Cb: 16.875    Cr: 18.4784 )
00000370: 17.0097   (Y': 15.9834   Cb: 16.8239   Cr: 18.6227 )
00000367: 16.8288   (Y': 15.8124   Cb: 16.7136   Cr: 18.3197 )
00000371: 17.0217   (Y': 16.0453   Cb: 16.7995   Cr: 18.5995 )
00000368: 16.9303   (Y': 15.9149   Cb: 16.8197   Cr: 18.4129 )
00000369: 17.0272   (Y': 15.9677   Cb: 16.9075   Cr: 18.6027 )
00000372: 16.974    (Y': 16.0807   Cb: 16.7007   Cr: 18.4815 )
00000377: 16.4659   (Y': 15.7      Cb: 16.2322   Cr: 17.7046 )
00000375: 16.4396   (Y': 15.5706   Cb: 16.2579   Cr: 17.7722 )
00000376: 16.4894   (Y': 15.6991   Cb: 16.2725   Cr: 17.7432 )
00000373: 16.9178   (Y': 15.9445   Cb: 16.7442   Cr: 18.4173 )
00000374: 16.6765   (Y': 15.6509   Cb: 16.5773   Cr: 18.1606 )
00000378: 16.4816   (Y': 15.7099   Cb: 16.2481   Cr: 17.729  )
00000379: 16.5089   (Y': 15.757    Cb: 16.265    Cr: 17.7399 )
00000381: 16.7013   (Y': 16.0308   Cb: 16.3879   Cr: 17.9033 )
00000380: 16.4549   (Y': 15.7795   Cb: 16.1161   Cr: 17.7009 )
00000382: 16.3907   (Y': 15.7488   Cb: 16.0992   Cr: 17.5186 )
00000383: 16.4435   (Y': 15.8238   Cb: 16.1165   Cr: 17.5875 )
00000384: 16.6599   (Y': 16.0035   Cb: 16.3741   Cr: 17.8017 )
00000386: 16.7495   (Y': 15.9616   Cb: 16.6162   Cr: 17.885  )
00000385: 16.7409   (Y': 16.1168   Cb: 16.4717   Cr: 17.8115 )
00000388: 15.961    (Y': 15.4247   Cb: 15.6199   Cr: 17.0022 )
00000389: 15.7604   (Y': 15.3528   Cb: 15.3155   Cr: 16.7636 )
00000390: 15.6267   (Y': 15.2784   Cb: 15.1051   Cr: 16.6567 )
00000387: 16.6708   (Y': 15.8961   Cb: 16.5068   Cr: 17.8272 )
00000391: 15.5122   (Y': 15.2042   Cb: 14.9605   Cr: 16.5301 )
00000392: 15.204    (Y': 15.0685   Cb: 14.5644   Cr: 16.1209 )
00000393: 15.0336   (Y': 14.9763   Cb: 14.3378   Cr: 15.9327 )
00000396: 14.5329   (Y': 14.7793   Cb: 13.6258   Cr: 15.3796 )
00000395: 14.7721   (Y': 14.9049   Cb: 13.9597   Cr: 15.6107 )
00000394: 14.8511   (Y': 14.9224   Cb: 14.0753   Cr: 15.7094 )
00000397: 14.4064   (Y': 14.6915   Cb: 13.4556   Cr: 15.2748 )
00000398: 14.0672   (Y': 14.4494   Cb: 13.0189   Cr: 14.9757 )
00000399: 13.89     (Y': 14.3068   Cb: 12.7856   Cr: 14.8485 )
00000400: 13.78     (Y': 14.2092   Cb: 12.6441   Cr: 14.7754 )
00000401: 13.7889   (Y': 14.2293   Cb: 12.6673   Cr: 14.7487 )
00000403: 13.7623   (Y': 14.2684   Cb: 12.6159   Cr: 14.6886 )
00000402: 13.7368   (Y': 14.2023   Cb: 12.5883   Cr: 14.7117 )
00000408: 14.7811   (Y': 15.0862   Cb: 13.9392   Cr: 15.467  )
00000404: 13.9737   (Y': 14.4666   Cb: 12.893    Cr: 14.8104 )
00000406: 14.4148   (Y': 14.8294   Cb: 13.4572   Cr: 15.1496 )
00000405: 14.1763   (Y': 14.6354   Cb: 13.1548   Cr: 14.9585 )
00000409: 14.8599   (Y': 15.1175   Cb: 14.0517   Cr: 15.5502 )
00000407: 14.5305   (Y': 14.9514   Cb: 13.6062   Cr: 15.21   )
00000410: 15.0713   (Y': 15.2079   Cb: 14.341    Cr: 15.7883 )
00000411: 15.12     (Y': 15.2303   Cb: 14.4009   Cr: 15.8512 )
00000412: 15.2363   (Y': 15.3235   Cb: 14.5086   Cr: 16.0068 )
00000414: 15.3775   (Y': 15.4335   Cb: 14.71     Cr: 16.1001 )
00000413: 15.2839   (Y': 15.3848   Cb: 14.5719   Cr: 16.0162 )
00000417: 15.6283   (Y': 15.552    Cb: 15.0841   Cr: 16.3403 )
00000416: 15.587    (Y': 15.5606   Cb: 15        Cr: 16.297  )
00000415: 15.4518   (Y': 15.4572   Cb: 14.815    Cr: 16.192  )
00000420: 15.788    (Y': 15.631    Cb: 15.2815   Cr: 16.5477 )
00000419: 15.7178   (Y': 15.6181   Cb: 15.1811   Cr: 16.448  )
00000418: 15.6854   (Y': 15.6091   Cb: 15.113    Cr: 16.4353 )
00000421: 15.8419   (Y': 15.6404   Cb: 15.3669   Cr: 16.6149 )
00000422: 15.8825   (Y': 15.6108   Cb: 15.4422   Cr: 16.6983 )
00000424: 15.9772   (Y': 15.6386   Cb: 15.6062   Cr: 16.7877 )
00000423: 15.8997   (Y': 15.6248   Cb: 15.4525   Cr: 16.729  )
00000425: 15.902    (Y': 15.5797   Cb: 15.5317   Cr: 16.6907 )
00000427: 15.9453   (Y': 15.606    Cb: 15.5834   Cr: 16.7447 )
00000426: 15.9629   (Y': 15.6126   Cb: 15.6182   Cr: 16.7543 )
00000429: 15.8562   (Y': 15.5357   Cb: 15.4643   Cr: 16.671  )
00000428: 15.8554   (Y': 15.5226   Cb: 15.4639   Cr: 16.6855 )
00000430: 15.8381   (Y': 15.56     Cb: 15.4062   Cr: 16.651  )
00000431: 15.7655   (Y': 15.477    Cb: 15.3421   Cr: 16.5804 )
00000432: 15.7621   (Y': 15.5086   Cb: 15.2976   Cr: 16.5871 )
00000433: 15.745    (Y': 15.4803   Cb: 15.2797   Cr: 16.5854 )
00000434: 15.828    (Y': 15.5943   Cb: 15.387    Cr: 16.5965 )
00000435: 15.8388   (Y': 15.5785   Cb: 15.4187   Cr: 16.6134 )
00000436: 15.8635   (Y': 15.6053   Cb: 15.4373   Cr: 16.6433 )
00000437: 15.8537   (Y': 15.6136   Cb: 15.4212   Cr: 16.6191 )
00000438: 15.9306   (Y': 15.734    Cb: 15.4827   Cr: 16.6618 )
00000439: 15.934    (Y': 15.7337   Cb: 15.5086   Cr: 16.6403 )
00000440: 15.9065   (Y': 15.7344   Cb: 15.4895   Cr: 16.5676 )
00000441: 15.9014   (Y': 15.7795   Cb: 15.4627   Cr: 16.5302 )
00000442: 15.8531   (Y': 15.7796   Cb: 15.3585   Cr: 16.4964 )
00000443: 15.8837   (Y': 15.7653   Cb: 15.4074   Cr: 16.5567 )
00000444: 15.9159   (Y': 15.759    Cb: 15.4541   Cr: 16.6164 )
00000445: 15.9772   (Y': 15.7565   Cb: 15.5441   Cr: 16.719  )
00000446: 15.9862   (Y': 15.7409   Cb: 15.5664   Cr: 16.7414 )
00000447: 16.0432   (Y': 15.7727   Cb: 15.6273   Cr: 16.8253 )
00000448: 16.0237   (Y': 15.7731   Cb: 15.6195   Cr: 16.7652 )
00000449: 16.0795   (Y': 15.7701   Cb: 15.692    Cr: 16.8738 )
00000450: 16.1709   (Y': 15.7493   Cb: 15.8384   Cr: 17.0406 )
00000452: 16.2311   (Y': 15.7474   Cb: 15.8998   Cr: 17.1842 )
00000451: 16.1867   (Y': 15.7512   Cb: 15.8446   Cr: 17.0882 )
00000457: 16.1173   (Y': 15.6834   Cb: 15.8022   Cr: 16.981  )
00000454: 16.3311   (Y': 15.8629   Cb: 15.9957   Cr: 17.2683 )
00000456: 16.1692   (Y': 15.7062   Cb: 15.8738   Cr: 17.0463 )
00000453: 16.2866   (Y': 15.8247   Cb: 15.9216   Cr: 17.2551 )
00000455: 16.2724   (Y': 15.788    Cb: 15.9562   Cr: 17.2066 )
00000461: 15.797    (Y': 15.3816   Cb: 15.3321   Cr: 16.8391 )
00000458: 16.0488   (Y': 15.5462   Cb: 15.6817   Cr: 17.0774 )
00000462: 15.6753   (Y': 15.3166   Cb: 15.1797   Cr: 16.6825 )
00000460: 15.8618   (Y': 15.406    Cb: 15.434    Cr: 16.9085 )
00000463: 15.7223   (Y': 15.3189   Cb: 15.2516   Cr: 16.756  )
00000459: 15.9412   (Y': 15.4644   Cb: 15.5675   Cr: 16.9425 )
00000466: 15.7706   (Y': 15.3321   Cb: 15.3134   Cr: 16.8343 )
00000464: 15.7369   (Y': 15.3105   Cb: 15.2523   Cr: 16.8227 )
00000465: 15.7378   (Y': 15.3109   Cb: 15.233    Cr: 16.8535 )
00000468: 15.7451   (Y': 15.3903   Cb: 15.247    Cr: 16.7505 )
00000469: 15.7479   (Y': 15.4018   Cb: 15.2644   Cr: 16.7207 )
00000467: 15.7587   (Y': 15.3363   Cb: 15.298    Cr: 16.8051 )
00000470: 15.7207   (Y': 15.4189   Cb: 15.2468   Cr: 16.6213 )
00000472: 15.6845   (Y': 15.3885   Cb: 15.2196   Cr: 16.5651 )
00000471: 15.7198   (Y': 15.4291   Cb: 15.2471   Cr: 16.604  )
00000473: 15.6848   (Y': 15.3626   Cb: 15.2316   Cr: 16.5837 )
00000476: 15.7121   (Y': 15.1893   Cb: 15.3868   Cr: 16.7121 )
00000477: 15.6168   (Y': 15.0286   Cb: 15.3349   Cr: 16.6521 )
00000475: 15.7204   (Y': 15.2811   Cb: 15.3301   Cr: 16.692  )
00000474: 15.6974   (Y': 15.2777   Cb: 15.2808   Cr: 16.678  )
00000479: 15.4816   (Y': 14.7615   Cb: 15.2996   Cr: 16.578  )
00000478: 15.5335   (Y': 14.8725   Cb: 15.295    Cr: 16.6172 )
00000480: 15.3701   (Y': 14.6397   Cb: 15.1845   Cr: 16.4872 )
00000481: 15.3115   (Y': 14.6118   Cb: 15.1033   Cr: 16.4125 )
00000483: 15.2052   (Y': 14.5723   Cb: 14.9602   Cr: 16.2562 )
00000484: 15.1423   (Y': 14.5662   Cb: 14.8573   Cr: 16.1642 )
00000482: 15.2261   (Y': 14.592    Cb: 14.9538   Cr: 16.3157 )
00000485: 15.1405   (Y': 14.5813   Cb: 14.8286   Cr: 16.1745 )
00000486: 15.1316   (Y': 14.6145   Cb: 14.784    Cr: 16.1538 )
00000488: 15.1238   (Y': 14.7355   Cb: 14.738    Cr: 16.02   )
00000487: 15.1134   (Y': 14.616    Cb: 14.7663   Cr: 16.107  )
00000491: 15.0955   (Y': 14.7981   Cb: 14.7256   Cr: 15.8516 )
00000490: 15.087    (Y': 14.7516   Cb: 14.7129   Cr: 15.8974 )
00000489: 15.1064   (Y': 14.7421   Cb: 14.7274   Cr: 15.9614 )
00000492: 15.0916   (Y': 14.8958   Cb: 14.6536   Cr: 15.809  )
00000494: 16.1697   (Y': 15.4275   Cb: 16.2388   Cr: 16.9819 )
00000495: 16.7031   (Y': 15.6896   Cb: 16.9472   Cr: 17.7171 )
00000493: 15.8376   (Y': 15.3502   Cb: 15.6612   Cr: 16.5959 )
00000497: 15.9681   (Y': 15.3807   Cb: 15.8497   Cr: 16.7903 )
00000496: 16.3847   (Y': 15.5889   Cb: 16.4113   Cr: 17.3269 )
00000498: 15.5688   (Y': 15.122    Cb: 15.294    Cr: 16.3971 )
00000499: 15.7198   (Y': 15.2475   Cb: 15.4631   Cr: 16.5594 )
00000500: 15.9685   (Y': 15.5075   Cb: 15.7302   Cr: 16.7692 )
00000504: 15.4658   (Y': 15.4025   Cb: 14.904    Cr: 16.1858 )
00000502: 15.4356   (Y': 15.3319   Cb: 14.903    Cr: 16.1653 )
00000501: 15.8445   (Y': 15.4925   Cb: 15.5016   Cr: 16.6358 )
00000506: 15.7118   (Y': 15.5301   Cb: 15.2614   Cr: 16.428  )
00000503: 15.4183   (Y': 15.3329   Cb: 14.8522   Cr: 16.1707 )
00000507: 15.7295   (Y': 15.5013   Cb: 15.3219   Cr: 16.4474 )
00000505: 15.5444   (Y': 15.4697   Cb: 15.0136   Cr: 16.2368 )
00000508: 15.7956   (Y': 15.5331   Cb: 15.4379   Cr: 16.4921 )
00000510: 16.0021   (Y': 15.6487   Cb: 15.7322   Cr: 16.7022 )
00000512: 16.2701   (Y': 15.8052   Cb: 16.1295   Cr: 16.9548 )
00000511: 16.112    (Y': 15.7253   Cb: 15.8604   Cr: 16.8319 )
00000509: 15.8673   (Y': 15.5741   Cb: 15.5413   Cr: 16.562  )
00000515: 16.563    (Y': 15.9343   Cb: 16.5427   Cr: 17.3226 )
00000516: 16.6851   (Y': 15.9608   Cb: 16.6793   Cr: 17.5619 )
00000513: 16.2713   (Y': 15.8355   Cb: 16.0919   Cr: 16.9655 )
00000514: 16.4443   (Y': 15.8737   Cb: 16.404    Cr: 17.1488 )
00000518: 16.8125   (Y': 15.9144   Cb: 16.8906   Cr: 17.8465 )
00000517: 16.7546   (Y': 15.9248   Cb: 16.8053   Cr: 17.7179 )
00000520: 16.8494   (Y': 15.8824   Cb: 16.9594   Cr: 17.953  )
00000521: 16.8314   (Y': 15.8119   Cb: 16.9765   Cr: 17.9761 )
00000519: 16.8124   (Y': 15.9355   Cb: 16.8645   Cr: 17.846  )
00000522: 16.8762   (Y': 15.7306   Cb: 17.0745   Cr: 18.1676 )
00000523: 16.8022   (Y': 15.6459   Cb: 17.0167   Cr: 18.0917 )
00000524: 16.801    (Y': 15.6322   Cb: 17.0351   Cr: 18.0874 )
00000525: 16.8245   (Y': 15.6614   Cb: 17.053    Cr: 18.1081 )
00000526: 16.9251   (Y': 15.726    Cb: 17.2087   Cr: 18.2023 )
00000527: 16.9487   (Y': 15.7095   Cb: 17.2275   Cr: 18.3039 )
00000528: 17.0399   (Y': 15.7593   Cb: 17.3221   Cr: 18.4668 )
00000529: 17.033    (Y': 15.7158   Cb: 17.3355   Cr: 18.5023 )
00000530: 17.0741   (Y': 15.7411   Cb: 17.3817   Cr: 18.5669 )
00000531: 17.0565   (Y': 15.7117   Cb: 17.3557   Cr: 18.5832 )
00000532: 17.0778   (Y': 15.7034   Cb: 17.369    Cr: 18.6732 )
00000533: 17.0857   (Y': 15.6458   Cb: 17.4378   Cr: 18.7303 )
00000534: 17.0625   (Y': 15.5658   Cb: 17.433    Cr: 18.7998 )
00000535: 16.9987   (Y': 15.4918   Cb: 17.339    Cr: 18.7994 )
00000536: 16.9096   (Y': 15.3912   Cb: 17.2492   Cr: 18.736  )
00000537: 16.9005   (Y': 15.4224   Cb: 17.1899   Cr: 18.7116 )
00000538: 16.8155   (Y': 15.4118   Cb: 16.9806   Cr: 18.6483 )
00000539: 16.7416   (Y': 15.384    Cb: 16.829    Cr: 18.5929 )
00000541: 16.6122   (Y': 15.3754   Cb: 16.6229   Cr: 18.3321 )
00000542: 16.5324   (Y': 15.4155   Cb: 16.4858   Cr: 18.1068 )
00000540: 16.6395   (Y': 15.3742   Cb: 16.6893   Cr: 18.3581 )
00000543: 16.4401   (Y': 15.3492   Cb: 16.3761   Cr: 17.9913 )
00000544: 16.3323   (Y': 15.32     Cb: 16.1939   Cr: 17.8496 )
00000546: 16.1896   (Y': 15.321    Cb: 15.9967   Cr: 17.5375 )
00000545: 16.2692   (Y': 15.32     Cb: 16.1047   Cr: 17.7135 )
00000547: 16.1824   (Y': 15.3698   Cb: 15.953    Cr: 17.4901 )
00000548: 16.0399   (Y': 15.3142   Cb: 15.7385   Cr: 17.3107 )
00000550: 15.805    (Y': 15.2552   Cb: 15.3876   Cr: 16.9733 )
00000552: 15.4716   (Y': 15.0074   Cb: 14.9604   Cr: 16.6503 )
00000549: 15.9602   (Y': 15.2945   Cb: 15.598    Cr: 17.2248 )
00000554: 15.0137   (Y': 14.6202   Cb: 14.4158   Cr: 16.2197 )
00000556: 14.6072   (Y': 14.2427   Cb: 13.9613   Cr: 15.8445 )
00000551: 15.7215   (Y': 15.1627   Cb: 15.2942   Cr: 16.9173 )
00000553: 15.3668   (Y': 14.9242   Cb: 14.8427   Cr: 16.5333 )
00000555: 14.695    (Y': 14.3669   Cb: 14.0101   Cr: 15.9403 )
00000557: 14.6156   (Y': 14.26     Cb: 13.9431   Cr: 15.8813 )
00000560: 14.5471   (Y': 14.2027   Cb: 13.8422   Cr: 15.8475 )
00000558: 14.5744   (Y': 14.225    Cb: 13.8832   Cr: 15.8603 )
00000562: 14.5715   (Y': 14.1961   Cb: 13.8752   Cr: 15.9038 )
00000559: 14.5686   (Y': 14.2161   Cb: 13.8784   Cr: 15.8576 )
00000561: 14.5695   (Y': 14.2376   Cb: 13.8498   Cr: 15.8752 )
00000565: 14.6576   (Y': 14.2017   Cb: 14.0307   Cr: 16.0006 )
00000563: 14.6225   (Y': 14.2432   Cb: 13.9363   Cr: 15.9444 )
00000567: 14.6697   (Y': 14.1698   Cb: 14.0639   Cr: 16.0462 )
00000570: 14.8227   (Y': 14.2115   Cb: 14.236    Cr: 16.3454 )
00000568: 14.7068   (Y': 14.1716   Cb: 14.119    Cr: 16.1098 )
00000569: 14.7349   (Y': 14.2138   Cb: 14.1298   Cr: 16.1435 )
00000564: 14.6326   (Y': 14.2176   Cb: 13.9755   Cr: 15.9617 )
00000566: 14.6516   (Y': 14.1594   Cb: 14.0283   Cr: 16.0442 )
00000571: 14.8545   (Y': 14.2352   Cb: 14.281    Cr: 16.369  )
00000574: 15.2196   (Y': 14.4257   Cb: 14.8018   Cr: 16.7784 )
00000572: 14.9794   (Y': 14.2703   Cb: 14.4599   Cr: 16.5562 )
00000573: 15.0488   (Y': 14.3533   Cb: 14.5282   Cr: 16.6042 )
00000575: 15.3412   (Y': 14.4952   Cb: 14.9837   Cr: 16.8957 )
00000576: 15.5378   (Y': 14.6468   Cb: 15.2367   Cr: 17.0836 )
00000577: 15.6163   (Y': 14.6679   Cb: 15.384    Cr: 17.1591 )
00000578: 15.82     (Y': 14.8213   Cb: 15.6454   Cr: 17.3663 )
00000579: 15.9239   (Y': 14.8549   Cb: 15.8017   Cr: 17.5206 )
Total: 15.5246   (Y': 15.1351   Cb: 15.1329   Cr: 16.4303 )
