./ps4_degrader: invalid option -- 'v'
Capturing with the following configuration:
 - Capture device: DeckLink 4K Extreme 12G
 - Video mode: 720p59.94
 - Pixel format: 8 bit BGRA (4:4:4:x)
[libx264 @ 0x3907e40] using cpu capabilities: MMX2 SSE2Fast SSSE3 SSE4.2 AVX AVX2 FMA3 LZCNT BMI2
[libx264 @ 0x3907e40] profile High 4:2:2 Intra, level 3.1, 4:2:2 8-bit
PLAYBACK (hw timestamp): Frame 31 Displayed Late. Expected (+/- 5%): 50000
	Timestamp delay: 66743
	Hardware timestamp delay: 66748
PLAYBACK (hw timestamp): Frame 36 Displayed Late. Expected (+/- 5%): 50000
	Timestamp delay: 66659
	Hardware timestamp delay: 66622
PLAYBACK (hw timestamp): Frame 38 Displayed Late. Expected (+/- 5%): 50000
	Timestamp delay: 66693
	Hardware timestamp delay: 66704
PLAYBACK (hw timestamp): Frame 43 Displayed Late. Expected (+/- 5%): 50000
	Timestamp delay: 66829
	Hardware timestamp delay: 66745
PLAYBACK (hw timestamp): Frame 48 Displayed Late. Expected (+/- 5%): 50000
	Timestamp delay: 66627
	Hardware timestamp delay: 66700
PLAYBACK (hw timestamp): Frame 54 Displayed Late. Expected (+/- 5%): 50000
	Timestamp delay: 66520
	Hardware timestamp delay: 66726
PLAYBACK (hw timestamp): Frame 56 Displayed Late. Expected (+/- 5%): 50000
	Timestamp delay: 66635
	Hardware timestamp delay: 66685
PLAYBACK (hw timestamp): Frame 58 Displayed Late. Expected (+/- 5%): 50000
	Timestamp delay: 66704
	Hardware timestamp delay: 66722
PLAYBACK (hw timestamp): Frame 60 Displayed Late. Expected (+/- 5%): 50000
	Timestamp delay: 66760
	Hardware timestamp delay: 66700
PLAYBACK (hw timestamp): Frame 67 Displayed Late. Expected (+/- 5%): 50000
	Timestamp delay: 66778
	Hardware timestamp delay: 66748
PLAYBACK (hw timestamp): Frame 72 Displayed Late. Expected (+/- 5%): 50000
	Timestamp delay: 66619
	Hardware timestamp delay: 66692
PLAYBACK (hw timestamp): Frame 74 Displayed Late. Expected (+/- 5%): 50000
	Timestamp delay: 66735
	Hardware timestamp delay: 66733
PLAYBACK (hw timestamp): Frame 77 Displayed Late. Expected (+/- 5%): 50000
	Timestamp delay: 66603
	Hardware timestamp delay: 66654
PLAYBACK (hw timestamp): Frame 79 Displayed Late. Expected (+/- 5%): 50000
	Timestamp delay: 66732
	Hardware timestamp delay: 66754
PLAYBACK (hw timestamp): Frame 83 Displayed Late. Expected (+/- 5%): 50000
	Timestamp delay: 66790
	Hardware timestamp delay: 66702
PLAYBACK (hw timestamp): Frame 88 Displayed Late. Expected (+/- 5%): 50000
	Timestamp delay: 66819
	Hardware timestamp delay: 66714
PLAYBACK (hw timestamp): Frame 93 Displayed Late. Expected (+/- 5%): 50000
	Timestamp delay: 66801
	Hardware timestamp delay: 66731
PLAYBACK (hw timestamp): Frame 96 Displayed Late. Expected (+/- 5%): 50000
	Timestamp delay: 66763
	Hardware timestamp delay: 66681
PLAYBACK (hw timestamp): Frame 98 Displayed Late. Expected (+/- 5%): 50000
	Timestamp delay: 66756
	Hardware timestamp delay: 66755
PLAYBACK (hw timestamp): Frame 101 Displayed Late. Expected (+/- 5%): 50000
	Timestamp delay: 66815
	Hardware timestamp delay: 66756
PLAYBACK (hw timestamp): Frame 111 Displayed Late. Expected (+/- 5%): 50000
	Timestamp delay: 66812
	Hardware timestamp delay: 66750
PLAYBACK (hw timestamp): Frame 115 Displayed Late. Expected (+/- 5%): 50000
	Timestamp delay: 66580
	Hardware timestamp delay: 66663
PLAYBACK (hw timestamp): Frame 134 Displayed Late. Expected (+/- 5%): 50000
	Timestamp delay: 66624
	Hardware timestamp delay: 66684
PLAYBACK (hw timestamp): Frame 136 Displayed Late. Expected (+/- 5%): 50000
	Timestamp delay: 66723
	Hardware timestamp delay: 66714
PLAYBACK (hw timestamp): Frame 145 Displayed Late. Expected (+/- 5%): 50000
	Timestamp delay: 66606
	Hardware timestamp delay: 66632
PLAYBACK (hw timestamp): Frame 184 Displayed Late. Expected (+/- 5%): 50000
	Timestamp delay: 66658
	Hardware timestamp delay: 66679
PLAYBACK (hw timestamp): Frame 212 Displayed Late. Expected (+/- 5%): 50000
	Timestamp delay: 100103
	Hardware timestamp delay: 100215
PLAYBACK (hw timestamp): Frame 230 Displayed Late. Expected (+/- 5%): 50000
	Timestamp delay: 66608
	Hardware timestamp delay: 66688
PLAYBACK (hw timestamp): Frame 232 Displayed Late. Expected (+/- 5%): 50000
	Timestamp delay: 66684
	Hardware timestamp delay: 66734
PLAYBACK (hw timestamp): Frame 237 Displayed Late. Expected (+/- 5%): 50000
	Timestamp delay: 66686
	Hardware timestamp delay: 66714
PLAYBACK (hw timestamp): Frame 240 Displayed Late. Expected (+/- 5%): 50000
	Timestamp delay: 66693
	Hardware timestamp delay: 66758
PLAYBACK (hw timestamp): Frame 246 Displayed Late. Expected (+/- 5%): 50000
	Timestamp delay: 66574
	Hardware timestamp delay: 66622
PLAYBACK (hw timestamp): Frame 254 Displayed Late. Expected (+/- 5%): 50000
	Timestamp delay: 66735
	Hardware timestamp delay: 66685
PLAYBACK (hw timestamp): Frame 261 Displayed Late. Expected (+/- 5%): 50000
	Timestamp delay: 66606
	Hardware timestamp delay: 66751
PLAYBACK (hw timestamp): Frame 267 Displayed Late. Expected (+/- 5%): 50000
	Timestamp delay: 66664
	Hardware timestamp delay: 66662
PLAYBACK (hw timestamp): Frame 269 Displayed Late. Expected (+/- 5%): 50000
	Timestamp delay: 100072
	Hardware timestamp delay: 100105
PLAYBACK (hw timestamp): Frame 272 Displayed Late. Expected (+/- 5%): 50000
	Timestamp delay: 66712
	Hardware timestamp delay: 66773
PLAYBACK (hw timestamp): Frame 274 Displayed Late. Expected (+/- 5%): 50000
	Timestamp delay: 66673
	Hardware timestamp delay: 66718
PLAYBACK (hw timestamp): Frame 278 Displayed Late. Expected (+/- 5%): 50000
	Timestamp delay: 66597
	Hardware timestamp delay: 66720
PLAYBACK (hw timestamp): Frame 283 Displayed Late. Expected (+/- 5%): 50000
	Timestamp delay: 66745
	Hardware timestamp delay: 66748
PLAYBACK (hw timestamp): Frame 289 Displayed Late. Expected (+/- 5%): 50000
	Timestamp delay: 66663
	Hardware timestamp delay: 66769
PLAYBACK (hw timestamp): Frame 295 Displayed Late. Expected (+/- 5%): 50000
	Timestamp delay: 66792
	Hardware timestamp delay: 66781
PLAYBACK (hw timestamp): Frame 298 Displayed Late. Expected (+/- 5%): 50000
	Timestamp delay: 66726
	Hardware timestamp delay: 66664
PLAYBACK (hw timestamp): Frame 302 Displayed Late. Expected (+/- 5%): 50000
	Timestamp delay: 66740
	Hardware timestamp delay: 66761
PLAYBACK (hw timestamp): Frame 307 Displayed Late. Expected (+/- 5%): 50000
	Timestamp delay: 66663
	Hardware timestamp delay: 66734
PLAYBACK (hw timestamp): Frame 309 Displayed Late. Expected (+/- 5%): 50000
	Timestamp delay: 66731
	Hardware timestamp delay: 66746
PLAYBACK (hw timestamp): Frame 312 Displayed Late. Expected (+/- 5%): 50000
	Timestamp delay: 66686
	Hardware timestamp delay: 66746
PLAYBACK (hw timestamp): Frame 316 Displayed Late. Expected (+/- 5%): 50000
	Timestamp delay: 66736
	Hardware timestamp delay: 66681
CAPTURE: dropped a frame (dropped_count=0)
CAPTURE: dropped a frame (dropped_count=1)
PLAYBACK (hw timestamp): Frame 317 Displayed Late. Expected (+/- 5%): 50000
	Timestamp delay: 233528
	Hardware timestamp delay: 233563
PLAYBACK (hw timestamp): Frame 324 Displayed Late. Expected (+/- 5%): 50000
	Timestamp delay: 66730
	Hardware timestamp delay: 66731
PLAYBACK (hw timestamp): Frame 327 Displayed Late. Expected (+/- 5%): 50000
	Timestamp delay: 66722
	Hardware timestamp delay: 66691
PLAYBACK (hw timestamp): Frame 332 Displayed Late. Expected (+/- 5%): 50000
	Timestamp delay: 66792
	Hardware timestamp delay: 66740
PLAYBACK (hw timestamp): Frame 337 Displayed Late. Expected (+/- 5%): 50000
	Timestamp delay: 66693
	Hardware timestamp delay: 66719
PLAYBACK (hw timestamp): Frame 339 Displayed Late. Expected (+/- 5%): 50000
	Timestamp delay: 66660
	Hardware timestamp delay: 66691
PLAYBACK (hw timestamp): Frame 343 Displayed Late. Expected (+/- 5%): 50000
	Timestamp delay: 66633
	Hardware timestamp delay: 66684
PLAYBACK (hw timestamp): Frame 347 Displayed Late. Expected (+/- 5%): 50000
	Timestamp delay: 66735
	Hardware timestamp delay: 66775
PLAYBACK (hw timestamp): Frame 351 Displayed Late. Expected (+/- 5%): 50000
	Timestamp delay: 66648
	Hardware timestamp delay: 66766
PLAYBACK (hw timestamp): Frame 354 Displayed Late. Expected (+/- 5%): 50000
	Timestamp delay: 66687
	Hardware timestamp delay: 66750
PLAYBACK (hw timestamp): Frame 356 Displayed Late. Expected (+/- 5%): 50000
	Timestamp delay: 66726
	Hardware timestamp delay: 66738
PLAYBACK (hw timestamp): Frame 359 Displayed Late. Expected (+/- 5%): 50000
	Timestamp delay: 66786
	Hardware timestamp delay: 66708
PLAYBACK (hw timestamp): Frame 366 Displayed Late. Expected (+/- 5%): 50000
	Timestamp delay: 66748
	Hardware timestamp delay: 66693
PLAYBACK (hw timestamp): Frame 377 Displayed Late. Expected (+/- 5%): 50000
	Timestamp delay: 66745
	Hardware timestamp delay: 66690
PLAYBACK (hw timestamp): Frame 379 Displayed Late. Expected (+/- 5%): 50000
	Timestamp delay: 66723
	Hardware timestamp delay: 66803
PLAYBACK (hw timestamp): Frame 390 Displayed Late. Expected (+/- 5%): 50000
	Timestamp delay: 66653
	Hardware timestamp delay: 66710
PLAYBACK (hw timestamp): Frame 398 Displayed Late. Expected (+/- 5%): 50000
	Timestamp delay: 66789
	Hardware timestamp delay: 66732
PLAYBACK (hw timestamp): Frame 402 Displayed Late. Expected (+/- 5%): 50000
	Timestamp delay: 66596
	Hardware timestamp delay: 66754
PLAYBACK (hw timestamp): Frame 404 Displayed Late. Expected (+/- 5%): 50000
	Timestamp delay: 66805
	Hardware timestamp delay: 66757
PLAYBACK (hw timestamp): Frame 411 Displayed Late. Expected (+/- 5%): 50000
	Timestamp delay: 66821
	Hardware timestamp delay: 66689
PLAYBACK (hw timestamp): Frame 414 Displayed Late. Expected (+/- 5%): 50000
	Timestamp delay: 66516
	Hardware timestamp delay: 66643
PLAYBACK (hw timestamp): Frame 420 Displayed Late. Expected (+/- 5%): 50000
	Timestamp delay: 66615
	Hardware timestamp delay: 66675
PLAYBACK (hw timestamp): Frame 422 Displayed Late. Expected (+/- 5%): 50000
	Timestamp delay: 66673
	Hardware timestamp delay: 66691
PLAYBACK (hw timestamp): Frame 424 Displayed Late. Expected (+/- 5%): 50000
	Timestamp delay: 66778
	Hardware timestamp delay: 66691
PLAYBACK (hw timestamp): Frame 428 Displayed Late. Expected (+/- 5%): 50000
	Timestamp delay: 66789
	Hardware timestamp delay: 66769
PLAYBACK (hw timestamp): Frame 433 Displayed Late. Expected (+/- 5%): 50000
	Timestamp delay: 66579
	Hardware timestamp delay: 66718
PLAYBACK (hw timestamp): Frame 435 Displayed Late. Expected (+/- 5%): 50000
	Timestamp delay: 66720
	Hardware timestamp delay: 66658
PLAYBACK (hw timestamp): Frame 440 Displayed Late. Expected (+/- 5%): 50000
	Timestamp delay: 66795
	Hardware timestamp delay: 66761
PLAYBACK (hw timestamp): Frame 504 Displayed Late. Expected (+/- 5%): 50000
	Timestamp delay: 66629
	Hardware timestamp delay: 66673
PLAYBACK (hw timestamp): Frame 506 Displayed Late. Expected (+/- 5%): 50000
	Timestamp delay: 66543
	Hardware timestamp delay: 66613
PLAYBACK (hw timestamp): Frame 511 Displayed Late. Expected (+/- 5%): 50000
	Timestamp delay: 66681
	Hardware timestamp delay: 66669
PLAYBACK (hw timestamp): Frame 576 Displayed Late. Expected (+/- 5%): 50000
	Timestamp delay: 66549
	Hardware timestamp delay: 66671
[libx264 @ 0x3907e40] frame I:591   Avg QP:33.00  size: 35935
[libx264 @ 0x3907e40] mb I  I16..4: 22.9% 60.7% 16.4%
[libx264 @ 0x3907e40] final ratefactor: 40.62
[libx264 @ 0x3907e40] 8x8 transform intra:60.7%
[libx264 @ 0x3907e40] coded y,uvDC,uvAC intra: 48.0% 57.1% 20.1%
[libx264 @ 0x3907e40] i16 v,h,dc,p: 22% 42% 18% 18%
[libx264 @ 0x3907e40] i8 v,h,dc,ddl,ddr,vr,hd,vl,hu: 10% 24% 30%  6%  6%  4%  8%  4%  8%
[libx264 @ 0x3907e40] i4 v,h,dc,ddl,ddr,vr,hd,vl,hu: 16% 27% 20%  6%  7%  5%  9%  4%  7%
[libx264 @ 0x3907e40] i8c dc,h,v,p: 69% 16% 11%  4%
[libx264 @ 0x3907e40] kb/s:5749.54
Stopping Capture
