00000000: 11.6717   (Y': 8.38981   Cb: 15.1096   Cr: 15.462  )
00000001: 11.6117   (Y': 8.29687   Cb: 15.0156   Cr: 15.6124 )
00000002: 11.5972   (Y': 8.29344   Cb: 14.9192   Cr: 15.6333 )
00000003: 11.5922   (Y': 8.25049   Cb: 14.8879   Cr: 15.873  )
00000004: 11.5984   (Y': 8.25215   Cb: 14.8714   Cr: 15.934  )
00000005: 11.6813   (Y': 8.33039   Cb: 14.981    Cr: 16.0106 )
00000007: 11.9067   (Y': 8.6362    Cb: 14.9252   Cr: 16.1382 )
00000006: 11.7893   (Y': 8.48825   Cb: 14.9121   Cr: 16.0573 )
00000008: 11.9718   (Y': 8.73994   Cb: 14.9266   Cr: 16.0734 )
00000009: 12.0031   (Y': 8.74719   Cb: 14.955    Cr: 16.2413 )
00000011: 12.0418   (Y': 8.77791   Cb: 14.9813   Cr: 16.3421 )
00000010: 12.0385   (Y': 8.82843   Cb: 14.8439   Cr: 16.221  )
00000012: 12.004    (Y': 8.68081   Cb: 15.0754   Cr: 16.4699 )
00000013: 12.0447   (Y': 8.7113    Cb: 15.0132   Cr: 16.7211 )
00000014: 12.0706   (Y': 8.71592   Cb: 15.0825   Cr: 16.8185 )
00000015: 12.1287   (Y': 8.75086   Cb: 15.1542   Cr: 17.0083 )
00000016: 12.2125   (Y': 8.81745   Cb: 15.2218   Cr: 17.2349 )
00000017: 12.4681   (Y': 9.10178   Cb: 15.2505   Cr: 17.6655 )
00000019: 12.4368   (Y': 9.10354   Cb: 15.147    Cr: 17.5253 )
00000018: 12.4809   (Y': 9.13374   Cb: 15.2503   Cr: 17.5645 )
00000020: 12.4485   (Y': 9.11888   Cb: 15.1646   Cr: 17.5022 )
00000021: 12.4337   (Y': 9.13718   Cb: 15.0486   Cr: 17.4356 )
00000022: 12.45     (Y': 9.1735    Cb: 15.0097   Cr: 17.4134 )
00000023: 12.5039   (Y': 9.26379   Cb: 14.98     Cr: 17.3731 )
00000024: 12.5152   (Y': 9.30507   Cb: 14.9574   Cr: 17.2525 )
00000025: 12.5358   (Y': 9.35383   Cb: 14.8549   Cr: 17.3101 )
00000026: 12.5399   (Y': 9.37394   Cb: 14.8204   Cr: 17.2826 )
00000027: 12.6839   (Y': 9.54069   Cb: 14.9832   Cr: 17.2563 )
00000028: 12.7425   (Y': 9.61747   Cb: 15.0089   Cr: 17.264  )
00000029: 12.8963   (Y': 9.80884   Cb: 15.2049   Cr: 17.1389 )
00000030: 12.956    (Y': 9.87318   Cb: 15.3257   Cr: 17.0804 )
00000031: 13.291    (Y': 10.1475   Cb: 15.6982   Cr: 17.6888 )
00000032: 13.4513   (Y': 10.325    Cb: 15.7826   Cr: 17.8738 )
00000033: 13.6294   (Y': 10.5417   Cb: 15.8107   Cr: 18.0797 )
00000034: 13.4006   (Y': 10.3125   Cb: 15.4754   Cr: 18.0391 )
00000037: 13.0639   (Y': 10.0059   Cb: 15.0455   Cr: 17.6943 )
00000036: 13.2686   (Y': 10.2269   Cb: 15.2392   Cr: 17.825  )
00000035: 13.478    (Y': 10.4431   Cb: 15.4514   Cr: 17.9902 )
00000039: 12.9255   (Y': 9.85052   Cb: 14.9951   Cr: 17.4961 )
00000038: 13.0899   (Y': 10.0659   Cb: 15.0625   Cr: 17.5424 )
00000041: 13.1236   (Y': 9.98524   Cb: 15.3468   Cr: 17.7986 )
00000040: 12.9996   (Y': 9.93826   Cb: 15.0102   Cr: 17.5975 )
00000042: 13.2323   (Y': 10.0659   Cb: 15.5225   Cr: 17.9607 )
00000044: 13.2996   (Y': 10.134    Cb: 15.7857   Cr: 17.7005 )
00000043: 13.6968   (Y': 10.4921   Cb: 16.2417   Cr: 18.2326 )
00000045: 13.3325   (Y': 10.1773   Cb: 15.8922   Cr: 17.5638 )
00000046: 13.0979   (Y': 9.91129   Cb: 15.7195   Cr: 17.4124 )
00000048: 13.0744   (Y': 9.88693   Cb: 15.9154   Cr: 17.0878 )
00000049: 13.4165   (Y': 10.1931   Cb: 16.3817   Cr: 17.4596 )
00000047: 12.9465   (Y': 9.76107   Cb: 15.7866   Cr: 16.9507 )
00000050: 13.4862   (Y': 10.1431   Cb: 16.7445   Cr: 17.8218 )
00000051: 13.2764   (Y': 10.0328   Cb: 15.9624   Cr: 17.825  )
00000052: 13.3964   (Y': 10.1753   Cb: 16.0421   Cr: 17.8731 )
00000053: 13.6216   (Y': 10.5351   Cb: 16.0654   Cr: 17.656  )
00000054: 13.5803   (Y': 10.5934   Cb: 15.8845   Cr: 17.3219 )
00000055: 14.0621   (Y': 11.1303   Cb: 16.3678   Cr: 17.5518 )
00000056: 14.1855   (Y': 11.2873   Cb: 16.3643   Cr: 17.698  )
00000057: 14.0689   (Y': 11.088    Cb: 16.2303   Cr: 17.9884 )
00000058: 13.8271   (Y': 10.7881   Cb: 16.069    Cr: 17.917  )
00000059: 13.008    (Y': 9.94556   Cb: 15.2523   Cr: 17.2173 )
00000060: 12.6074   (Y': 9.54943   Cb: 14.8422   Cr: 16.8073 )
00000061: 12.1309   (Y': 9.12409   Cb: 14.1921   Cr: 16.3387 )
00000062: 11.8469   (Y': 8.81848   Cb: 13.9355   Cr: 16.1245 )
00000064: 11.5147   (Y': 8.47798   Cb: 13.6015   Cr: 15.8403 )
00000063: 11.5678   (Y': 8.52189   Cb: 13.6511   Cr: 15.9497 )
00000065: 11.4875   (Y': 8.43933   Cb: 13.5707   Cr: 15.8828 )
00000066: 11.5823   (Y': 8.52075   Cb: 13.7666   Cr: 15.8823 )
00000067: 11.662    (Y': 8.56083   Cb: 13.9542   Cr: 16.0057 )
00000068: 11.7009   (Y': 8.61334   Cb: 13.9968   Cr: 15.9637 )
00000069: 11.7031   (Y': 8.67715   Cb: 13.8316   Cr: 15.9024 )
00000070: 11.5182   (Y': 8.48709   Cb: 13.6929   Cr: 15.6712 )
00000071: 11.4727   (Y': 8.45942   Cb: 13.5609   Cr: 15.6707 )
00000072: 11.3672   (Y': 8.37569   Cb: 13.4296   Cr: 15.494  )
00000073: 11.1826   (Y': 8.18759   Cb: 13.2415   Cr: 15.333  )
00000074: 11.0679   (Y': 8.06509   Cb: 13.1667   Cr: 15.1946 )
00000075: 11.1074   (Y': 8.15853   Cb: 13.1365   Cr: 15.0722 )
00000076: 10.9528   (Y': 8.00037   Cb: 13.0264   Cr: 14.8664 )
00000077: 10.8577   (Y': 7.93382   Cb: 12.8714   Cr: 14.7252 )
00000078: 10.8214   (Y': 7.90138   Cb: 12.8301   Cr: 14.6781 )
00000079: 10.728    (Y': 7.82204   Cb: 12.6835   Cr: 14.5998 )
00000080: 10.7348   (Y': 7.80084   Cb: 12.7284   Cr: 14.6819 )
00000081: 10.7301   (Y': 7.76548   Cb: 12.7723   Cr: 14.7524 )
00000082: 10.7336   (Y': 7.76159   Cb: 12.8092   Cr: 14.7403 )
00000083: 10.748    (Y': 7.76633   Cb: 12.8197   Cr: 14.8097 )
00000084: 10.7306   (Y': 7.70755   Cb: 12.8596   Cr: 14.914  )
00000085: 10.7362   (Y': 7.69588   Cb: 12.8953   Cr: 14.9626 )
00000086: 10.7069   (Y': 7.64885   Cb: 12.9267   Cr: 14.9311 )
00000087: 10.7737   (Y': 7.68307   Cb: 13.0267   Cr: 15.1222 )
00000088: 10.8132   (Y': 7.73138   Cb: 13.0064   Cr: 15.2105 )
00000089: 11.0003   (Y': 7.94807   Cb: 13.195    Cr: 15.2336 )
00000090: 10.9989   (Y': 7.91938   Cb: 13.2099   Cr: 15.3539 )
00000091: 10.9217   (Y': 7.84824   Cb: 13.2026   Cr: 15.1323 )
00000092: 10.8409   (Y': 7.78522   Cb: 13.1016   Cr: 14.9883 )
00000093: 10.6137   (Y': 7.59058   Cb: 12.9173   Cr: 14.5312 )
00000094: 10.5405   (Y': 7.52081   Cb: 12.8508   Cr: 14.4319 )
00000095: 10.5489   (Y': 7.50052   Cb: 12.8973   Cr: 14.5274 )
00000096: 10.5488   (Y': 7.47248   Cb: 12.9409   Cr: 14.6059 )
00000097: 10.7609   (Y': 7.69875   Cb: 13.1011   Cr: 14.8218 )
00000098: 10.7703   (Y': 7.68461   Cb: 13.1252   Cr: 14.9326 )
00000099: 10.6616   (Y': 7.56344   Cb: 13.0688   Cr: 14.811  )
00000100: 10.6508   (Y': 7.5531    Cb: 13.0675   Cr: 14.7834 )
00000101: 10.7086   (Y': 7.57756   Cb: 13.1893   Cr: 14.9251 )
00000102: 10.7098   (Y': 7.55618   Cb: 13.2801   Cr: 14.9164 )
00000103: 10.7468   (Y': 7.60181   Cb: 13.2962   Cr: 14.9374 )
00000104: 10.839    (Y': 7.71144   Cb: 13.3528   Cr: 14.9877 )
00000105: 10.8314   (Y': 7.68045   Cb: 13.4101   Cr: 15.0115 )
00000106: 10.8704   (Y': 7.73754   Cb: 13.4116   Cr: 15.0075 )
00000107: 10.8401   (Y': 7.71628   Cb: 13.3764   Cr: 14.9364 )
00000108: 10.8323   (Y': 7.70736   Cb: 13.344    Cr: 14.9702 )
00000109: 25.4426   (Y': 21.2425   Cb: 33.7355   Cr: 31.9879 )
00000110: 19.4985   (Y': 15.2024   Cb: 27.3407   Cr: 27.8397 )
00000111: 16.1407   (Y': 12.1344   Cb: 21.8175   Cr: 22.8394 )
00000112: 15.354    (Y': 11.4218   Cb: 20.4496   Cr: 21.9756 )
00000113: 14.3511   (Y': 10.5439   Cb: 18.7512   Cr: 20.6564 )
00000114: 13.9799   (Y': 10.2403   Cb: 18.0649   Cr: 20.1085 )
00000115: 13.4198   (Y': 9.76225   Cb: 17.2114   Cr: 19.2555 )
00000116: 13.2163   (Y': 9.60997   Cb: 16.8552   Cr: 18.8524 )
00000117: 12.8238   (Y': 9.30507   Cb: 16.2197   Cr: 18.1387 )
00000118: 12.65     (Y': 9.17514   Cb: 15.8637   Cr: 17.921  )
00000119: 12.4596   (Y': 9.02858   Cb: 15.5884   Cr: 17.5459 )
00000120: 12.4986   (Y': 9.09076   Cb: 15.561    Cr: 17.5262 )
00000121: 12.5911   (Y': 9.20843   Cb: 15.6812   Cr: 17.4053 )
00000123: 12.6591   (Y': 9.29931   Cb: 15.7113   Cr: 17.3803 )
00000122: 12.6171   (Y': 9.27048   Cb: 15.6111   Cr: 17.3398 )
00000124: 12.6799   (Y': 9.35323   Cb: 15.6874   Cr: 17.257  )
00000125: 12.7002   (Y': 9.39125   Cb: 15.6617   Cr: 17.2354 )
00000126: 12.6513   (Y': 9.3218    Cb: 15.6743   Cr: 17.2237 )
00000127: 12.7063   (Y': 9.42139   Cb: 15.6243   Cr: 17.1591 )
00000128: 12.7481   (Y': 9.47959   Cb: 15.6222   Cr: 17.1668 )
00000129: 12.7197   (Y': 9.44272   Cb: 15.6029   Cr: 17.1747 )
00000130: 12.7504   (Y': 9.46201   Cb: 15.7157   Cr: 17.157  )
00000131: 12.7746   (Y': 9.47411   Cb: 15.6732   Cr: 17.3493 )
00000132: 12.7896   (Y': 9.46601   Cb: 15.7366   Cr: 17.4359 )
00000134: 13.1875   (Y': 9.91413   Cb: 15.9714   Cr: 17.7672 )
00000133: 12.8404   (Y': 9.50037   Cb: 15.8872   Cr: 17.4446 )
00000135: 13.1895   (Y': 9.96044   Cb: 15.8124   Cr: 17.7488 )
00000136: 12.8815   (Y': 9.58614   Cb: 15.6935   Cr: 17.5548 )
00000137: 12.9176   (Y': 9.62797   Cb: 15.6911   Cr: 17.6144 )
00000138: 13.2698   (Y': 10.045    Cb: 15.8173   Cr: 17.9227 )
00000140: 13.2635   (Y': 10.0151   Cb: 15.8644   Cr: 17.9761 )
00000139: 13.2591   (Y': 10.0108   Cb: 15.8582   Cr: 17.9743 )
00000141: 13.2465   (Y': 9.94833   Cb: 15.9713   Cr: 18.0749 )
00000142: 13.3019   (Y': 9.99472   Cb: 16.1721   Cr: 17.9603 )
00000144: 13.3091   (Y': 10.0204   Cb: 16.1438   Cr: 17.9068 )
00000143: 13.3106   (Y': 10.0188   Cb: 16.1961   Cr: 17.8511 )
00000145: 13.3436   (Y': 10.0818   Cb: 16.1783   Cr: 17.7789 )
00000147: 13.3129   (Y': 10.0571   Cb: 16.0999   Cr: 17.7831 )
00000146: 13.3086   (Y': 10.0352   Cb: 16.1419   Cr: 17.815  )
00000148: 13.3175   (Y': 10.0395   Cb: 16.1379   Cr: 17.8705 )
00000149: 13.2132   (Y': 9.85144   Cb: 16.2677   Cr: 17.9437 )
00000152: 13.0094   (Y': 9.56023   Cb: 16.3212   Cr: 17.9463 )
00000151: 13.0341   (Y': 9.55746   Cb: 16.3778   Cr: 18.1175 )
00000150: 13.0794   (Y': 9.66538   Cb: 16.2768   Cr: 17.9435 )
00000154: 12.9772   (Y': 9.50607   Cb: 16.446    Cr: 17.8423 )
00000153: 12.9669   (Y': 9.49595   Cb: 16.3564   Cr: 17.9422 )
00000155: 12.8849   (Y': 9.46435   Cb: 16.1945   Cr: 17.6324 )
00000156: 12.8709   (Y': 9.45673   Cb: 16.0735   Cr: 17.7291 )
00000157: 12.7489   (Y': 9.34555   Cb: 15.9045   Cr: 17.6037 )
00000159: 12.8499   (Y': 9.42772   Cb: 16.052    Cr: 17.7623 )
00000162: 12.9065   (Y': 9.50475   Cb: 16.1449   Cr: 17.631  )
00000161: 12.8553   (Y': 9.44495   Cb: 16.1228   Cr: 17.5946 )
00000158: 12.8269   (Y': 9.44101   Cb: 15.9699   Cr: 17.5842 )
00000160: 12.7613   (Y': 9.34913   Cb: 16.0162   Cr: 17.5308 )
00000164: 13.0313   (Y': 9.60924   Cb: 16.2955   Cr: 17.8529 )
00000163: 12.9525   (Y': 9.57035   Cb: 16.1696   Cr: 17.5812 )
00000165: 13.1473   (Y': 9.7511    Cb: 16.4075   Cr: 17.8057 )
00000166: 13.1307   (Y': 9.74143   Cb: 16.2712   Cr: 17.9142 )
00000167: 13.1071   (Y': 9.73391   Cb: 16.1954   Cr: 17.8621 )
00000168: 13.1677   (Y': 9.82042   Cb: 16.1923   Cr: 17.8494 )
00000169: 13.1174   (Y': 9.76346   Cb: 16.1595   Cr: 17.8159 )
00000170: 13.0816   (Y': 9.75674   Cb: 16.0007   Cr: 17.7779 )
00000171: 13.1408   (Y': 9.86112   Cb: 16.013    Cr: 17.6281 )
00000172: 13.1181   (Y': 9.81054   Cb: 16.0202   Cr: 17.7314 )
00000173: 13.2685   (Y': 10.0122   Cb: 16.0889   Cr: 17.6926 )
00000174: 13.3225   (Y': 10.0272   Cb: 16.2257   Cr: 17.8585 )
00000175: 13.3415   (Y': 10.0786   Cb: 16.1017   Cr: 17.8935 )
00000176: 13.4378   (Y': 10.1732   Cb: 16.2377   Cr: 17.941  )
00000177: 13.666    (Y': 10.401    Cb: 16.5252   Cr: 18.0851 )
00000178: 13.7711   (Y': 10.5016   Cb: 16.6067   Cr: 18.2505 )
00000179: 13.9498   (Y': 10.6382   Cb: 16.9272   Cr: 18.4783 )
00000180: 14.1128   (Y': 10.8091   Cb: 17.073    Cr: 18.6172 )
00000181: 14.3833   (Y': 11.1079   Cb: 17.2795   Cr: 18.8106 )
00000182: 14.3861   (Y': 11.172    Cb: 17.0548   Cr: 18.7873 )
00000183: 14.4541   (Y': 11.3175   Cb: 17.0522   Cr: 18.5302 )
00000184: 14.3008   (Y': 11.1201   Cb: 16.991    Cr: 18.4831 )
00000185: 14.2814   (Y': 11.0935   Cb: 17.1055   Cr: 18.32   )
00000186: 14.1107   (Y': 10.9      Cb: 17.1201   Cr: 18.0316 )
00000187: 14.0185   (Y': 10.7624   Cb: 17.1128   Cr: 18.0727 )
00000188: 14.0186   (Y': 10.7356   Cb: 17.1791   Cr: 18.1375 )
00000189: 13.9997   (Y': 10.7155   Cb: 17.1634   Cr: 18.1204 )
00000191: 14.1661   (Y': 10.874    Cb: 17.2646   Cr: 18.4141 )
00000190: 14.1052   (Y': 10.8394   Cb: 17.1806   Cr: 18.2365 )
00000193: 14.3534   (Y': 11.1538   Cb: 17.2407   Cr: 18.3708 )
00000194: 14.493    (Y': 11.3506   Cb: 17.2352   Cr: 18.4038 )
00000192: 14.3068   (Y': 11.0642   Cb: 17.3399   Cr: 18.3657 )
00000195: 14.5155   (Y': 11.4566   Cb: 17.0318   Cr: 18.3117 )
00000196: 14.4172   (Y': 11.3513   Cb: 16.847    Cr: 18.3669 )
00000197: 14.2287   (Y': 11.1661   Cb: 16.5466   Cr: 18.3256 )
00000199: 14.1845   (Y': 11.0935   Cb: 16.5112   Cr: 18.4181 )
00000198: 14.1753   (Y': 11.0946   Cb: 16.5143   Cr: 18.335  )
00000201: 14.2187   (Y': 11.1671   Cb: 16.6206   Cr: 18.1366 )
00000200: 14.1765   (Y': 11.1169   Cb: 16.4483   Cr: 18.3271 )
00000202: 14.238    (Y': 11.1187   Cb: 16.782    Cr: 18.3001 )
00000203: 14.2523   (Y': 11.1495   Cb: 16.7533   Cr: 18.2896 )
00000204: 14.2251   (Y': 11.1532   Cb: 16.6822   Cr: 18.1663 )
00000205: 14.2471   (Y': 11.1302   Cb: 16.7973   Cr: 18.2876 )
00000206: 14.2183   (Y': 11.0839   Cb: 16.8267   Cr: 18.2686 )
00000207: 14.2406   (Y': 11.1562   Cb: 16.8085   Cr: 18.0918 )
00000208: 14.2196   (Y': 11.1679   Cb: 16.7399   Cr: 17.9756 )
00000209: 14.2829   (Y': 11.2578   Cb: 16.7976   Cr: 17.9209 )
00000210: 14.2484   (Y': 11.1828   Cb: 16.8587   Cr: 17.9531 )
00000212: 14.3482   (Y': 11.2391   Cb: 17.0715   Cr: 18.1176 )
00000211: 14.3362   (Y': 11.2483   Cb: 17.0437   Cr: 18.0235 )
00000213: 14.4392   (Y': 11.3189   Cb: 17.1451   Cr: 18.2861 )
00000215: 14.626    (Y': 11.5616   Cb: 17.2296   Cr: 18.3336 )
00000214: 14.4757   (Y': 11.3535   Cb: 17.2599   Cr: 18.2322 )
00000216: 14.69     (Y': 11.6941   Cb: 17.194    Cr: 18.2085 )
00000217: 14.6836   (Y': 11.6128   Cb: 17.2093   Cr: 18.5252 )
00000218: 14.6027   (Y': 11.5136   Cb: 17.2245   Cr: 18.4054 )
00000219: 14.4147   (Y': 11.2682   Cb: 17.0762   Cr: 18.4542 )
00000220: 14.3151   (Y': 11.1499   Cb: 17.0168   Cr: 18.3981 )
00000221: 14.3599   (Y': 11.2015   Cb: 17.2055   Cr: 18.2184 )
00000222: 14.3841   (Y': 11.1907   Cb: 17.4112   Cr: 18.1953 )
00000224: 14.4636   (Y': 11.3307   Cb: 17.4127   Cr: 18.0725 )
00000223: 14.3875   (Y': 11.2215   Cb: 17.4658   Cr: 18.0045 )
00000226: 14.502    (Y': 11.3986   Cb: 17.4802   Cr: 17.9412 )
00000225: 14.441    (Y': 11.3386   Cb: 17.4618   Cr: 17.8291 )
00000228: 14.6922   (Y': 11.6192   Cb: 17.5207   Cr: 18.1645 )
00000229: 15.0039   (Y': 11.9019   Cb: 17.912    Cr: 18.5166 )
00000227: 14.6728   (Y': 11.6189   Cb: 17.4863   Cr: 18.0769 )
00000231: 15.2728   (Y': 12.1894   Cb: 18.2164   Cr: 18.6614 )
00000230: 15.1722   (Y': 12.0699   Cb: 18.1907   Cr: 18.5621 )
00000233: 15.0947   (Y': 11.9537   Cb: 18.1485   Cr: 18.6221 )
00000232: 15.3484   (Y': 12.2357   Cb: 18.3132   Cr: 18.8447 )
00000234: 15.2281   (Y': 12.156    Cb: 18.1533   Cr: 18.5871 )
00000235: 15.4036   (Y': 12.3463   Cb: 18.2453   Cr: 18.7906 )
00000236: 15.3265   (Y': 12.315    Cb: 18.0945   Cr: 18.598  )
00000237: 15.2925   (Y': 12.249    Cb: 18.1432   Cr: 18.6089 )
00000238: 15.5093   (Y': 12.4332   Cb: 18.3723   Cr: 18.9558 )
00000239: 15.5823   (Y': 12.5059   Cb: 18.5675   Cr: 18.8941 )
00000240: 15.5443   (Y': 12.4399   Cb: 18.6114   Cr: 18.8913 )
00000241: 15.5926   (Y': 12.4608   Cb: 18.7404   Cr: 18.976  )
00000242: 15.7451   (Y': 12.6783   Cb: 18.7882   Cr: 18.9548 )
00000243: 15.6838   (Y': 12.5398   Cb: 18.8022   Cr: 19.1539 )
00000244: 15.7596   (Y': 12.5723   Cb: 18.9191   Cr: 19.3876 )
00000245: 15.8755   (Y': 12.6743   Cb: 19.0942   Cr: 19.5052 )
00000246: 15.9226   (Y': 12.6368   Cb: 19.2539   Cr: 19.8523 )
00000247: 15.9114   (Y': 12.6065   Cb: 19.2274   Cr: 19.9604 )
00000248: 15.9332   (Y': 12.5766   Cb: 19.366    Cr: 20.1312 )
00000249: 16.0361   (Y': 12.6548   Cb: 19.5043   Cr: 20.3349 )
00000250: 15.9984   (Y': 12.6275   Cb: 19.3483   Cr: 20.3824 )
00000251: 16.1033   (Y': 12.771    Cb: 19.2902   Cr: 20.4689 )
00000252: 16.0155   (Y': 12.7303   Cb: 19.0593   Cr: 20.2965 )
00000253: 16.094    (Y': 12.861    Cb: 19.0307   Cr: 20.2257 )
00000254: 16.178    (Y': 13.0087   Cb: 19.0392   Cr: 20.0721 )
00000255: 16.1465   (Y': 12.9977   Cb: 18.9689   Cr: 19.9862 )
00000257: 16.052    (Y': 12.957    Cb: 18.9564   Cr: 19.5365 )
00000256: 16.0037   (Y': 12.8489   Cb: 18.9479   Cr: 19.7233 )
00000259: 15.9361   (Y': 12.931    Cb: 18.7072   Cr: 19.1778 )
00000258: 15.9591   (Y': 12.9657   Cb: 18.662    Cr: 19.2282 )
00000261: 16.4713   (Y': 13.1842   Cb: 19.946    Cr: 20.2482 )
00000260: 16.512    (Y': 13.2004   Cb: 19.9414   Cr: 20.4663 )
00000262: 15.9162   (Y': 12.904    Cb: 18.865    Cr: 18.9969 )
00000263: 15.6418   (Y': 12.8203   Cb: 18.3691   Cr: 18.227  )
00000264: 15.1297   (Y': 12.4871   Cb: 17.2376   Cr: 17.7506 )
00000265: 15.0605   (Y': 12.3454   Cb: 17.1509   Cr: 17.9554 )
00000266: 15.0382   (Y': 12.1884   Cb: 17.2052   Cr: 18.3595 )
00000267: 15.1745   (Y': 12.3721   Cb: 17.3295   Cr: 18.3203 )
00000268: 15.2873   (Y': 12.3278   Cb: 17.8052   Cr: 18.6291 )
00000269: 15.209    (Y': 12.1617   Cb: 17.8623   Cr: 18.7738 )
00000271: 15.1892   (Y': 12.0488   Cb: 18.0189   Cr: 18.9778 )
00000270: 15.1089   (Y': 12.0061   Cb: 17.8567   Cr: 18.817  )
00000272: 15.2652   (Y': 12.0973   Cb: 18.2017   Cr: 19.0585 )
00000273: 15.2573   (Y': 12.0571   Cb: 18.2101   Cr: 19.1942 )
00000274: 15.2944   (Y': 12.0911   Cb: 18.1582   Cr: 19.3622 )
00000276: 15.3501   (Y': 12.0921   Cb: 18.2239   Cr: 19.7081 )
00000275: 15.2742   (Y': 12.0131   Cb: 18.1791   Cr: 19.6059 )
00000277: 15.3274   (Y': 12.0645   Cb: 18.2258   Cr: 19.6785 )
00000278: 15.3361   (Y': 12.0643   Cb: 18.298    Cr: 19.6507 )
00000279: 15.3203   (Y': 12.0315   Cb: 18.3589   Cr: 19.629  )
00000280: 15.3615   (Y': 12.114    Cb: 18.2045   Cr: 19.7021 )
00000281: 15.3321   (Y': 12.0529   Cb: 18.2418   Cr: 19.7632 )
00000282: 15.3223   (Y': 12.0332   Cb: 18.2985   Cr: 19.7174 )
00000284: 15.3342   (Y': 12.0183   Cb: 18.4418   Cr: 19.7077 )
00000283: 15.3104   (Y': 12.045    Cb: 18.1923   Cr: 19.6992 )
00000285: 15.3489   (Y': 12.0078   Cb: 18.5284   Cr: 19.7759 )
00000286: 15.347    (Y': 11.9962   Cb: 18.5633   Cr: 19.7837 )
00000289: 15.6955   (Y': 12.318    Cb: 19.1739   Cr: 19.9595 )
00000287: 15.3161   (Y': 11.9571   Cb: 18.5266   Cr: 19.8099 )
00000288: 15.3476   (Y': 11.9896   Cb: 18.5787   Cr: 19.8076 )
00000290: 15.7841   (Y': 12.4591   Cb: 19.145    Cr: 19.8901 )
00000291: 15.6178   (Y': 12.3126   Cb: 18.8372   Cr: 19.7856 )
00000292: 15.179    (Y': 12.0269   Cb: 18.1116   Cr: 18.8991 )
00000293: 14.9474   (Y': 11.9932   Cb: 17.3652   Cr: 18.3906 )
00000296: 14.7456   (Y': 11.6583   Cb: 17.4122   Cr: 18.4817 )
00000294: 14.8247   (Y': 11.8042   Cb: 17.2997   Cr: 18.4928 )
00000295: 14.7308   (Y': 11.7245   Cb: 17.2237   Cr: 18.3101 )
00000297: 14.8676   (Y': 11.67     Cb: 17.725    Cr: 18.9133 )
00000299: 14.7179   (Y': 11.6088   Cb: 17.4568   Cr: 18.4676 )
00000298: 14.8593   (Y': 11.7133   Cb: 17.6199   Cr: 18.7638 )
00000300: 14.5702   (Y': 11.4472   Cb: 17.484    Cr: 18.1733 )
00000301: 14.4233   (Y': 11.3184   Cb: 17.2525   Cr: 18.0416 )
00000304: 14.1769   (Y': 11.2151   Cb: 16.6688   Cr: 17.5603 )
00000302: 14.4105   (Y': 11.4115   Cb: 16.9837   Cr: 17.8567 )
00000303: 14.2664   (Y': 11.2526   Cb: 16.8649   Cr: 17.7476 )
00000305: 14.0453   (Y': 11.0553   Cb: 16.6651   Cr: 17.3959 )
00000307: 13.8496   (Y': 10.8366   Cb: 16.3567   Cr: 17.4413 )
00000306: 13.9197   (Y': 10.9137   Cb: 16.5336   Cr: 17.3472 )
00000308: 13.7893   (Y': 10.7972   Cb: 16.2976   Cr: 17.2854 )
00000309: 13.7844   (Y': 10.7983   Cb: 16.2674   Cr: 17.2858 )
00000310: 13.7567   (Y': 10.7721   Cb: 16.2427   Cr: 17.2473 )
00000311: 13.8245   (Y': 10.8433   Cb: 16.301    Cr: 17.3121 )
00000312: 13.7988   (Y': 10.8098   Cb: 16.1917   Cr: 17.4295 )
00000313: 13.7482   (Y': 10.7482   Cb: 16.1671   Cr: 17.3954 )
00000314: 13.738    (Y': 10.8024   Cb: 16.0604   Cr: 17.2223 )
00000315: 13.7204   (Y': 10.7679   Cb: 16.1544   Cr: 17.1355 )
00000316: 13.6522   (Y': 10.6959   Cb: 15.9919   Cr: 17.2059 )
00000317: 13.7146   (Y': 10.7587   Cb: 16.0931   Cr: 17.2156 )
00000318: 13.698    (Y': 10.7093   Cb: 16.1108   Cr: 17.3016 )
00000319: 13.7365   (Y': 10.7567   Cb: 16.2025   Cr: 17.2316 )
00000320: 13.7284   (Y': 10.7613   Cb: 16.1766   Cr: 17.1891 )
00000321: 13.7664   (Y': 10.8029   Cb: 16.2905   Cr: 17.1183 )
00000322: 13.8332   (Y': 10.8965   Cb: 16.341    Cr: 17.0911 )
00000323: 13.8522   (Y': 10.9067   Cb: 16.3345   Cr: 17.1779 )
00000324: 13.7921   (Y': 10.8332   Cb: 16.3162   Cr: 17.1246 )
00000325: 13.7873   (Y': 10.7639   Cb: 16.4661   Cr: 17.2137 )
00000326: 13.7875   (Y': 10.7625   Cb: 16.4959   Cr: 17.1862 )
00000327: 13.8147   (Y': 10.772    Cb: 16.552    Cr: 17.2576 )
00000328: 13.8563   (Y': 10.8212   Cb: 16.5901   Cr: 17.2698 )
00000329: 13.8827   (Y': 10.8506   Cb: 16.6393   Cr: 17.2563 )
00000330: 13.9331   (Y': 10.92     Cb: 16.694    Cr: 17.2199 )
00000331: 13.8226   (Y': 10.7769   Cb: 16.6596   Cr: 17.1643 )
00000332: 13.9071   (Y': 10.9134   Cb: 16.7176   Cr: 17.0577 )
00000333: 13.9232   (Y': 10.8988   Cb: 16.7922   Cr: 17.1384 )
00000334: 13.9388   (Y': 10.9361   Cb: 16.9404   Cr: 16.9278 )
00000336: 13.8646   (Y': 10.8946   Cb: 16.7628   Cr: 16.8286 )
00000335: 13.9303   (Y': 10.9145   Cb: 17.0074   Cr: 16.8963 )
00000337: 13.8753   (Y': 10.9443   Cb: 16.7966   Cr: 16.6671 )
00000338: 13.9837   (Y': 11.0484   Cb: 16.9041   Cr: 16.7923 )
00000339: 14.0346   (Y': 11.1181   Cb: 17.0181   Cr: 16.7134 )
00000341: 14.0464   (Y': 11.1195   Cb: 17.1938   Cr: 16.6148 )
00000340: 14.0515   (Y': 11.1374   Cb: 17.0914   Cr: 16.6699 )
00000342: 14.0381   (Y': 11.1328   Cb: 17.2772   Cr: 16.4531 )
00000343: 13.9427   (Y': 11.0503   Cb: 17.2487   Cr: 16.2599 )
00000344: 14.0024   (Y': 11.2428   Cb: 17.0498   Cr: 16.1037 )
00000345: 13.8823   (Y': 11.1643   Cb: 16.9089   Cr: 15.8745 )
00000346: 13.8327   (Y': 11.1139   Cb: 16.7919   Cr: 15.8813 )
00000347: 13.8275   (Y': 11.0963   Cb: 16.8019   Cr: 15.9013 )
00000348: 13.9055   (Y': 11.1909   Cb: 16.7798   Cr: 16.0117 )
00000349: 13.9259   (Y': 11.1997   Cb: 16.7658   Cr: 16.0966 )
00000350: 14.2385   (Y': 11.4872   Cb: 16.9856   Cr: 16.5704 )
00000351: 14.3471   (Y': 11.5594   Cb: 17.1095   Cr: 16.784  )
00000352: 14.392    (Y': 11.5392   Cb: 17.2142   Cr: 16.9957 )
00000353: 14.598    (Y': 11.7436   Cb: 17.5062   Cr: 17.1268 )
00000354: 14.9299   (Y': 11.918    Cb: 18.3123   Cr: 17.6032 )
00000355: 15.0329   (Y': 12.005    Cb: 18.4869   Cr: 17.7056 )
00000357: 14.7865   (Y': 12.0225   Cb: 17.6516   Cr: 17.0538 )
00000359: 14.2983   (Y': 11.7589   Cb: 16.8136   Cr: 16.2014 )
00000356: 14.8547   (Y': 12.0641   Cb: 17.8449   Cr: 17.0998 )
00000360: 14.1451   (Y': 11.5415   Cb: 16.8122   Cr: 16.099  )
00000358: 13.9602   (Y': 11.4864   Cb: 16.3849   Cr: 15.7631 )
00000361: 13.7755   (Y': 11.296    Cb: 16.4295   Cr: 15.4036 )
00000362: 13.3924   (Y': 10.8549   Cb: 15.6696   Cr: 15.5083 )
00000363: 13.2665   (Y': 10.7106   Cb: 15.5391   Cr: 15.4411 )
00000365: 12.9552   (Y': 10.3698   Cb: 15.1437   Cr: 15.3041 )
00000364: 13.0376   (Y': 10.4619   Cb: 15.2405   Cr: 15.3417 )
00000366: 12.9208   (Y': 10.2798   Cb: 15.1562   Cr: 15.3974 )
00000369: 12.79     (Y': 10.0976   Cb: 15.1788   Cr: 15.2753 )
00000367: 12.8369   (Y': 10.184    Cb: 15.1585   Cr: 15.2622 )
00000368: 12.8142   (Y': 10.1415   Cb: 15.1588   Cr: 15.2802 )
00000370: 12.7162   (Y': 9.9944    Cb: 15.1315   Cr: 15.2725 )
00000371: 12.7359   (Y': 10.0245   Cb: 15.1832   Cr: 15.2246 )
00000372: 12.8276   (Y': 10.1127   Cb: 15.2863   Cr: 15.3163 )
00000373: 12.769    (Y': 10.0105   Cb: 15.3375   Cr: 15.2942 )
00000374: 12.8428   (Y': 10.0914   Cb: 15.3624   Cr: 15.3926 )
00000376: 12.8124   (Y': 9.97873   Cb: 15.5611   Cr: 15.4193 )
00000375: 12.8727   (Y': 10.0978   Cb: 15.5353   Cr: 15.3613 )
00000377: 12.825    (Y': 10.0073   Cb: 15.5026   Cr: 15.4456 )
00000378: 12.8863   (Y': 10.0305   Cb: 15.6943   Cr: 15.5141 )
00000379: 12.9236   (Y': 10.0858   Cb: 15.5691   Cr: 15.6475 )
00000380: 12.9571   (Y': 10.0874   Cb: 15.5715   Cr: 15.8303 )
00000381: 12.9623   (Y': 10.051    Cb: 15.6207   Cr: 15.9479 )
00000384: 13.251    (Y': 10.3222   Cb: 15.8404   Cr: 16.382  )
00000382: 13.0955   (Y': 10.1642   Cb: 15.6853   Cr: 16.236  )
00000383: 13.1831   (Y': 10.2442   Cb: 15.7811   Cr: 16.3457 )
00000385: 13.3222   (Y': 10.3448   Cb: 15.9889   Cr: 16.5648 )
00000386: 13.3974   (Y': 10.3748   Cb: 16.1494   Cr: 16.735  )
00000387: 13.5082   (Y': 10.5301   Cb: 16.1646   Cr: 16.7662 )
00000389: 13.4842   (Y': 10.4685   Cb: 16.4533   Cr: 16.5579 )
00000390: 13.6309   (Y': 10.6261   Cb: 16.6903   Cr: 16.5711 )
00000388: 13.5664   (Y': 10.5318   Cb: 16.4885   Cr: 16.7676 )
00000391: 13.6616   (Y': 10.6562   Cb: 16.7576   Cr: 16.5688 )
00000392: 13.6117   (Y': 10.6626   Cb: 16.6237   Cr: 16.384  )
00000393: 13.5476   (Y': 10.6124   Cb: 16.5469   Cr: 16.2803 )
00000394: 13.359    (Y': 10.4301   Cb: 16.43     Cr: 16.0025 )
00000395: 13.4068   (Y': 10.5349   Cb: 16.321    Cr: 15.991  )
00000396: 13.403    (Y': 10.5089   Cb: 16.1069   Cr: 16.2744 )
00000397: 13.4463   (Y': 10.497    Cb: 16.0172   Cr: 16.6828 )
00000398: 13.391    (Y': 10.4374   Cb: 15.9915   Cr: 16.6106 )
00000399: 13.4024   (Y': 10.3789   Cb: 16.0095   Cr: 16.916  )
00000400: 13.4196   (Y': 10.4244   Cb: 16.0202   Cr: 16.816  )
00000401: 13.4419   (Y': 10.4839   Cb: 15.95     Cr: 16.7895 )
00000402: 13.4787   (Y': 10.525    Cb: 15.9786   Cr: 16.8179 )
00000403: 13.4795   (Y': 10.5463   Cb: 15.9051   Cr: 16.8223 )
00000405: 13.4908   (Y': 10.5459   Cb: 15.8882   Cr: 16.9195 )
00000404: 13.4575   (Y': 10.5424   Cb: 15.7911   Cr: 16.8385 )
00000406: 13.5216   (Y': 10.6294   Cb: 15.7759   Cr: 16.9077 )
00000408: 13.4994   (Y': 10.5972   Cb: 15.7977   Cr: 16.871  )
00000407: 13.4797   (Y': 10.6069   Cb: 15.7047   Cr: 16.8214 )
00000409: 13.434    (Y': 10.6124   Cb: 15.74     Cr: 16.4706 )
00000410: 13.4351   (Y': 10.5986   Cb: 15.6463   Cr: 16.646  )
00000411: 13.3379   (Y': 10.5041   Cb: 15.4989   Cr: 16.6013 )
00000412: 13.2831   (Y': 10.4339   Cb: 15.5298   Cr: 16.5005 )
00000413: 13.2556   (Y': 10.415    Cb: 15.4901   Cr: 16.4533 )
00000414: 13.1247   (Y': 10.3702   Cb: 15.1356   Cr: 16.2672 )
00000416: 13.0029   (Y': 10.3237   Cb: 14.8582   Cr: 16.0617 )
00000415: 13.1106   (Y': 10.3556   Cb: 15.0751   Cr: 16.3158 )
00000417: 12.7799   (Y': 10.118    Cb: 14.6211   Cr: 15.7926 )
00000418: 12.6501   (Y': 10.0199   Cb: 14.5284   Cr: 15.5009 )
00000419: 12.5687   (Y': 9.91975   Cb: 14.4338   Cr: 15.5033 )
00000420: 12.3585   (Y': 9.75915   Cb: 14.2026   Cr: 15.144  )
00000423: 12.2889   (Y': 9.72079   Cb: 14.1244   Cr: 14.9788 )
00000421: 12.3238   (Y': 9.75785   Cb: 14.1062   Cr: 15.0717 )
00000424: 12.2441   (Y': 9.65962   Cb: 13.9629   Cr: 15.1375 )
00000422: 12.2502   (Y': 9.66663   Cb: 14.0833   Cr: 14.9951 )
00000425: 12.2078   (Y': 9.62728   Cb: 13.8644   Cr: 15.1698 )
00000426: 12.4186   (Y': 9.80422   Cb: 14.058    Cr: 15.528  )
00000427: 12.5317   (Y': 9.97532   Cb: 14.2244   Cr: 15.3613 )
00000428: 12.9261   (Y': 10.2857   Cb: 14.9908   Cr: 15.5885 )
00000429: 13.9348   (Y': 11.0922   Cb: 16.2666   Cr: 17.022  )
00000430: 11.7848   (Y': 9.51383   Cb: 13.1281   Cr: 14.1571 )
00000431: 11.9299   (Y': 9.66274   Cb: 13.2582   Cr: 14.3102 )
00000432: 12.0999   (Y': 9.87674   Cb: 13.415    Cr: 14.3707 )
00000433: 12.2038   (Y': 9.92628   Cb: 13.6969   Cr: 14.412  )
00000434: 12.473    (Y': 10.1545   Cb: 14.0092   Cr: 14.7465 )
00000435: 12.6261   (Y': 10.2585   Cb: 14.2501   Cr: 14.9392 )
00000436: 12.859    (Y': 10.4285   Cb: 14.6219   Cr: 15.1979 )
00000437: 13.083    (Y': 10.5982   Cb: 15.036    Cr: 15.3739 )
00000438: 13.2729   (Y': 10.7679   Cb: 15.3046   Cr: 15.5398 )
00000439: 13.4839   (Y': 10.8954   Cb: 15.633    Cr: 15.8839 )
00000440: 13.6196   (Y': 10.9651   Cb: 15.9952   Cr: 15.9956 )
00000441: 13.7482   (Y': 11.1022   Cb: 16.1053   Cr: 16.1157 )
00000442: 13.7507   (Y': 11.0312   Cb: 16.2803   Cr: 16.1841 )
00000443: 13.7515   (Y': 11.0455   Cb: 16.3229   Cr: 16.1012 )
00000444: 13.7633   (Y': 11.1083   Cb: 16.2127   Cr: 16.0679 )
00000445: 13.7464   (Y': 11.114    Cb: 16.147    Cr: 16.028  )
00000446: 13.8162   (Y': 11.1836   Cb: 16.196    Cr: 16.1186 )
00000447: 13.7813   (Y': 11.2245   Cb: 15.9979   Cr: 16.0136 )
00000448: 14.1318   (Y': 11.4095   Cb: 16.4673   Cr: 16.7737 )
00000449: 14.2312   (Y': 11.5825   Cb: 16.4938   Cr: 16.7041 )
00000450: 13.9149   (Y': 11.2535   Cb: 16.1472   Cr: 16.4617 )
00000451: 13.7543   (Y': 11.1366   Cb: 15.9609   Cr: 16.1865 )
00000452: 13.4988   (Y': 10.9255   Cb: 15.6204   Cr: 15.8805 )
00000453: 13.2384   (Y': 10.7048   Cb: 15.1912   Cr: 15.6795 )
00000454: 13.1629   (Y': 10.5544   Cb: 15.2429   Cr: 15.7021 )
00000457: 13.0745   (Y': 10.5406   Cb: 15.0205   Cr: 15.524  )
00000455: 13.077    (Y': 10.4631   Cb: 15.0541   Cr: 15.7516 )
00000456: 13.0394   (Y': 10.5038   Cb: 15.0099   Cr: 15.4666 )
00000458: 12.8951   (Y': 10.3418   Cb: 14.8511   Cr: 15.3951 )
00000459: 12.8096   (Y': 10.2718   Cb: 14.7278   Cr: 15.303  )
00000460: 12.9531   (Y': 10.4177   Cb: 14.7561   Cr: 15.5734 )
00000461: 13.0039   (Y': 10.4454   Cb: 14.905    Cr: 15.5833 )
00000462: 13.1235   (Y': 10.4292   Cb: 15.1548   Cr: 16.0145 )
00000463: 13.2268   (Y': 10.4625   Cb: 15.3782   Cr: 16.2303 )
00000464: 13.4297   (Y': 10.5802   Cb: 15.5702   Cr: 16.7846 )
00000465: 13.3722   (Y': 10.5446   Cb: 15.3893   Cr: 16.8025 )
00000467: 13.5607   (Y': 10.625    Cb: 15.7241   Cr: 17.2623 )
00000466: 13.5078   (Y': 10.5723   Cb: 15.6711   Cr: 17.2089 )
00000468: 13.5531   (Y': 10.5393   Cb: 15.8267   Cr: 17.4684 )
00000469: 13.5226   (Y': 10.5276   Cb: 15.7813   Cr: 17.3675 )
00000470: 13.4036   (Y': 10.4358   Cb: 15.7166   Cr: 17.0444 )
00000471: 13.2545   (Y': 10.2826   Cb: 15.6294   Cr: 16.8319 )
00000472: 13.2013   (Y': 10.2316   Cb: 15.5287   Cr: 16.8318 )
00000473: 13.222    (Y': 10.2311   Cb: 15.5917   Cr: 16.8933 )
00000474: 13.3417   (Y': 10.2933   Cb: 15.6138   Cr: 17.434  )
00000475: 13.273    (Y': 10.2371   Cb: 15.492    Cr: 17.3817 )
00000478: 13.2334   (Y': 10.1936   Cb: 15.4563   Cr: 17.3567 )
00000476: 13.2823   (Y': 10.2688   Cb: 15.4388   Cr: 17.373  )
00000477: 13.2509   (Y': 10.2307   Cb: 15.3937   Cr: 17.3975 )
00000479: 13.1332   (Y': 10.1052   Cb: 15.3016   Cr: 17.2801 )
00000480: 13.1356   (Y': 10.1158   Cb: 15.1661   Cr: 17.4644 )
00000481: 13.0931   (Y': 10.0608   Cb: 15.0923   Cr: 17.545  )
00000482: 12.9724   (Y': 9.95572   Cb: 14.907    Cr: 17.4513 )
00000483: 12.9121   (Y': 9.94711   Cb: 14.7115   Cr: 17.349  )
00000484: 12.8688   (Y': 9.90388   Cb: 14.7057   Cr: 17.2381 )
00000485: 12.756    (Y': 9.7593    Cb: 14.6105   Cr: 17.268  )
00000486: 12.713    (Y': 9.73675   Cb: 14.5938   Cr: 17.0651 )
00000487: 12.756    (Y': 9.7515    Cb: 14.7525   Cr: 17.0595 )
00000488: 12.7793   (Y': 9.74635   Cb: 14.9205   Cr: 16.9959 )
00000489: 12.8779   (Y': 9.86885   Cb: 14.9887   Cr: 17.0175 )
00000490: 13.1691   (Y': 10.081    Cb: 15.6052   Cr: 17.2229 )
00000491: 13.3301   (Y': 10.2245   Cb: 15.8045   Cr: 17.4198 )
00000492: 13.4324   (Y': 10.2953   Cb: 15.9803   Cr: 17.5823 )
00000493: 13.3946   (Y': 10.2518   Cb: 16.0878   Cr: 17.3722 )
00000495: 13.7262   (Y': 10.611    Cb: 16.4116   Cr: 17.5741 )
00000494: 13.4891   (Y': 10.3974   Cb: 16.0562   Cr: 17.3782 )
00000497: 13.62     (Y': 10.4996   Cb: 16.2827   Cr: 17.5243 )
00000496: 13.6986   (Y': 10.5773   Cb: 16.275    Cr: 17.7251 )
00000498: 14.331    (Y': 11.3145   Cb: 17.1196   Cr: 17.6011 )
00000499: 14.3745   (Y': 11.3108   Cb: 17.2384   Cr: 17.7649 )
00000500: 13.8172   (Y': 10.8752   Cb: 16.1334   Cr: 17.3376 )
00000501: 13.4526   (Y': 10.5164   Cb: 15.6135   Cr: 17.1602 )
00000502: 13.1592   (Y': 10.0863   Cb: 15.6334   Cr: 17.0819 )
00000505: 13.1788   (Y': 10.0169   Cb: 15.8529   Cr: 17.2823 )
00000504: 13.2822   (Y': 10.119    Cb: 15.9939   Cr: 17.3413 )
00000503: 13.2677   (Y': 10.1725   Cb: 15.839    Cr: 17.1684 )
00000506: 12.9833   (Y': 9.76491   Cb: 15.635    Cr: 17.4351 )
00000507: 12.9652   (Y': 9.7127    Cb: 15.5951   Cr: 17.6565 )
00000508: 13.0529   (Y': 9.7733    Cb: 15.7919   Cr: 17.7407 )
00000509: 13.071    (Y': 9.78461   Cb: 15.8112   Cr: 17.799  )
00000510: 13.0568   (Y': 9.73809   Cb: 15.9005   Cr: 17.8291 )
00000511: 13.0712   (Y': 9.7554    Cb: 15.911    Cr: 17.8305 )
00000513: 12.9989   (Y': 9.69611   Cb: 15.8106   Cr: 17.7195 )
00000512: 13.0129   (Y': 9.70637   Cb: 15.8139   Cr: 17.7736 )
00000514: 12.9134   (Y': 9.6312    Cb: 15.6193   Cr: 17.6699 )
00000515: 12.8723   (Y': 9.59702   Cb: 15.582    Cr: 17.5791 )
00000517: 12.7551   (Y': 9.53341   Cb: 15.3878   Cr: 17.2552 )
00000516: 12.7936   (Y': 9.54077   Cb: 15.4479   Cr: 17.448  )
00000518: 12.6619   (Y': 9.52435   Cb: 15.0697   Cr: 17.026  )
00000520: 12.4626   (Y': 9.41126   Cb: 14.7381   Cr: 16.565  )
00000521: 12.9993   (Y': 9.78764   Cb: 15.9801   Cr: 16.9604 )
00000519: 12.6232   (Y': 9.53411   Cb: 14.9611   Cr: 16.8292 )
00000522: 12.6533   (Y': 9.64217   Cb: 14.8864   Cr: 16.6151 )
00000525: 13.3945   (Y': 10.3741   Cb: 16.275    Cr: 16.5805 )
00000523: 12.7294   (Y': 9.75052   Cb: 14.8967   Cr: 16.63   )
00000526: 13.345    (Y': 10.3173   Cb: 16.4381   Cr: 16.3427 )
00000524: 13.2057   (Y': 10.1916   Cb: 15.752    Cr: 16.7523 )
00000527: 13.1367   (Y': 10.1092   Cb: 16.2122   Cr: 16.1514 )
00000529: 12.8582   (Y': 9.82319   Cb: 16.1417   Cr: 15.7061 )
00000528: 12.9356   (Y': 9.91509   Cb: 16.0323   Cr: 15.9014 )
00000530: 12.6546   (Y': 9.62498   Cb: 16.1078   Cr: 15.3345 )
00000531: 12.4053   (Y': 9.3428    Cb: 15.8543   Cr: 15.2131 )
00000532: 11.9256   (Y': 8.79908   Cb: 15.3572   Cr: 15.0062 )
00000533: 11.7113   (Y': 8.59773   Cb: 15.1008   Cr: 14.7771 )
00000534: 11.4789   (Y': 8.40314   Cb: 14.7772   Cr: 14.4743 )
00000535: 11.4162   (Y': 8.33749   Cb: 14.6916   Cr: 14.445  )
00000536: 11.1001   (Y': 8.02085   Cb: 14.2945   Cr: 14.2095 )
00000537: 10.9694   (Y': 7.91982   Cb: 14.0736   Cr: 14.0448 )
00000538: 10.8952   (Y': 7.83557   Cb: 14.0118   Cr: 14.0001 )
00000539: 10.8799   (Y': 7.83687   Cb: 13.9516   Cr: 13.9609 )
00000540: 10.8319   (Y': 7.81738   Cb: 13.846    Cr: 13.8554 )
00000541: 10.8207   (Y': 7.81374   Cb: 13.8158   Cr: 13.8329 )
00000542: 10.8333   (Y': 7.82189   Cb: 13.8216   Cr: 13.8705 )
00000543: 10.7812   (Y': 7.77632   Cb: 13.7605   Cr: 13.8011 )
00000544: 10.8269   (Y': 7.83117   Cb: 13.7919   Cr: 13.8245 )
00000545: 10.8537   (Y': 7.85541   Cb: 13.828    Cr: 13.8523 )
00000546: 10.8808   (Y': 7.89732   Cb: 13.8134   Cr: 13.8628 )
00000547: 10.8945   (Y': 7.91946   Cb: 13.8139   Cr: 13.8567 )
00000548: 10.9943   (Y': 8.02888   Cb: 13.8899   Cr: 13.9428 )
00000549: 10.9883   (Y': 8.02427   Cb: 13.8712   Cr: 13.944  )
00000550: 11.1202   (Y': 8.12126   Cb: 14.0547   Cr: 14.1615 )
00000551: 11.2001   (Y': 8.21486   Cb: 14.1266   Cr: 14.1954 )
00000552: 11.2697   (Y': 8.25408   Cb: 14.1952   Cr: 14.3882 )
00000553: 11.252    (Y': 8.21957   Cb: 14.1621   Cr: 14.4566 )
00000554: 11.2336   (Y': 8.16981   Cb: 14.1334   Cr: 14.5843 )
00000555: 11.3229   (Y': 8.26445   Cb: 14.2159   Cr: 14.6576 )
00000556: 11.3418   (Y': 8.27374   Cb: 14.2135   Cr: 14.7424 )
00000560: 11.4986   (Y': 8.35567   Cb: 14.4999   Cr: 15.0943 )
00000558: 11.392    (Y': 8.2781    Cb: 14.3982   Cr: 14.8478 )
00000557: 11.3657   (Y': 8.25992   Cb: 14.3319   Cr: 14.8293 )
00000559: 11.4184   (Y': 8.30216   Cb: 14.363    Cr: 14.9546 )
00000561: 11.56     (Y': 8.40837   Cb: 14.5646   Cr: 15.1929 )
00000562: 11.6735   (Y': 8.50156   Cb: 14.6951   Cr: 15.3847 )
00000563: 11.731    (Y': 8.54729   Cb: 14.808    Cr: 15.4353 )
00000564: 11.8367   (Y': 8.61495   Cb: 15.0254   Cr: 15.6004 )
00000566: 12.0066   (Y': 8.78888   Cb: 15.1513   Cr: 15.8012 )
00000568: 12.1867   (Y': 8.91104   Cb: 15.528    Cr: 16.0516 )
00000567: 12.0713   (Y': 8.83565   Cb: 15.2685   Cr: 15.8957 )
00000569: 12.2343   (Y': 8.9144    Cb: 15.6754   Cr: 16.2197 )
00000570: 12.3307   (Y': 8.95762   Cb: 15.739    Cr: 16.6544 )
00000565: 11.9114   (Y': 8.67902   Cb: 15.1479   Cr: 15.674  )
00000572: 12.5021   (Y': 9.08186   Cb: 16.0057   Cr: 16.9916 )
00000571: 12.3863   (Y': 9.0212    Cb: 15.7407   Cr: 16.7296 )
00000573: 12.5813   (Y': 9.17839   Cb: 15.9895   Cr: 17.0845 )
00000575: 12.6524   (Y': 9.24338   Cb: 16.1179   Cr: 17.1204 )
00000574: 12.5887   (Y': 9.20046   Cb: 15.9591   Cr: 17.0508 )
00000577: 12.7939   (Y': 9.3548    Cb: 16.2245   Cr: 17.4975 )
00000576: 12.7556   (Y': 9.31368   Cb: 16.2623   Cr: 17.3768 )
00000579: 12.8789   (Y': 9.43902   Cb: 16.2426   Cr: 17.6791 )
00000580: 12.9104   (Y': 9.4693    Cb: 16.2018   Cr: 17.8211 )
00000578: 12.862    (Y': 9.39639   Cb: 16.3429   Cr: 17.6735 )
00000581: 12.9058   (Y': 9.46551   Cb: 16.2251   Cr: 17.7707 )
00000582: 12.9404   (Y': 9.54874   Cb: 16.2403   Cr: 17.5159 )
00000583: 12.8659   (Y': 9.51875   Cb: 16.0254   Cr: 17.3562 )
00000584: 12.7304   (Y': 9.42511   Cb: 15.8452   Cr: 17.0325 )
00000585: 12.6892   (Y': 9.45159   Cb: 15.6898   Cr: 16.7625 )
00000586: 12.5141   (Y': 9.35102   Cb: 15.2756   Cr: 16.5052 )
00000587: 12.5015   (Y': 9.45195   Cb: 14.9081   Cr: 16.4025 )
00000589: 12.4314   (Y': 9.48593   Cb: 14.4917   Cr: 16.3311 )
00000588: 12.4793   (Y': 9.47182   Cb: 14.7551   Cr: 16.3603 )
00000590: 12.3916   (Y': 9.57956   Cb: 14.3833   Cr: 15.7916 )
00000591: 12.3702   (Y': 9.5896    Cb: 14.2866   Cr: 15.7445 )
00000592: 12.2069   (Y': 9.52807   Cb: 14.0501   Cr: 15.2799 )
00000594: 11.9711   (Y': 9.41205   Cb: 13.5413   Cr: 14.9746 )
00000593: 12.1542   (Y': 9.51718   Cb: 13.8632   Cr: 15.2521 )
Total: 13.0844   (Y': 10.0193   Cb: 15.6945   Cr: 16.7865 )
