./ps4_degrader: invalid option -- 'v'
Capturing with the following configuration:
 - Capture device: DeckLink 4K Extreme 12G
 - Video mode: 720p59.94
 - Pixel format: 8 bit BGRA (4:4:4:x)
[libx264 @ 0x30a7e40] using cpu capabilities: MMX2 SSE2Fast SSSE3 SSE4.2 AVX AVX2 FMA3 LZCNT BMI2
[libx264 @ 0x30a7e40] profile High 4:2:2 Intra, level 3.1, 4:2:2 8-bit
PLAYBACK (hw timestamp): Frame 354 Displayed Late. Expected (+/- 5%): 50000
	Timestamp delay: 66618
	Hardware timestamp delay: 66696
PLAYBACK (hw timestamp): Frame 358 Displayed Late. Expected (+/- 5%): 50000
	Timestamp delay: 66732
	Hardware timestamp delay: 66669
PLAYBACK (hw timestamp): Frame 524 Displayed Late. Expected (+/- 5%): 50000
	Timestamp delay: 66663
	Hardware timestamp delay: 66732
[libx264 @ 0x30a7e40] frame I:596   Avg QP:40.00  size: 11448
CAPTURE: dropped a frame (dropped_count=0)
[libx264 @ 0x30a7e40] mb I  I16..4: 30.5% 63.4%  6.1%
[libx264 @ 0x30a7e40] final ratefactor: 38.16
[libx264 @ 0x30a7e40] 8x8 transform intra:63.4%
[libx264 @ 0x30a7e40] coded y,uvDC,uvAC intra: 19.8% 29.6% 2.9%
[libx264 @ 0x30a7e40] i16 v,h,dc,p: 28% 42% 17% 13%
[libx264 @ 0x30a7e40] i8 v,h,dc,ddl,ddr,vr,hd,vl,hu: 12% 16% 57%  3%  3%  2%  4%  2%  3%
[libx264 @ 0x30a7e40] i4 v,h,dc,ddl,ddr,vr,hd,vl,hu: 20% 24% 26%  5%  5%  4%  6%  3%  6%
[libx264 @ 0x30a7e40] i8c dc,h,v,p: 87%  7%  6%  1%
[libx264 @ 0x30a7e40] kb/s:1831.76
Stopping Capture
