00000000: 14.457    (Y': 14.3559   Cb: 13.4608   Cr: 15.8918 )
00000001: 14.4027   (Y': 14.3134   Cb: 13.4031   Cr: 15.8271 )
00000003: 14.2253   (Y': 14.1711   Cb: 13.2058   Cr: 15.6346 )
00000002: 14.336    (Y': 14.2375   Cb: 13.3439   Cr: 15.7604 )
00000004: 14.1974   (Y': 14.1327   Cb: 13.1795   Cr: 15.6189 )
00000007: 14.1766   (Y': 14.1174   Cb: 13.1447   Cr: 15.6148 )
00000005: 14.1933   (Y': 14.1095   Cb: 13.193    Cr: 15.6108 )
00000006: 14.1864   (Y': 14.1092   Cb: 13.185    Cr: 15.5968 )
00000008: 14.1862   (Y': 14.1466   Cb: 13.138    Cr: 15.6258 )
00000009: 14.1922   (Y': 14.1568   Cb: 13.143    Cr: 15.6278 )
00000010: 14.1904   (Y': 14.1529   Cb: 13.1554   Cr: 15.6038 )
00000013: 14.1834   (Y': 14.1369   Cb: 13.1637   Cr: 15.5825 )
00000011: 14.1808   (Y': 14.1298   Cb: 13.1596   Cr: 15.589  )
00000012: 14.1819   (Y': 14.12     Cb: 13.1672   Cr: 15.5938 )
00000014: 14.181    (Y': 14.1197   Cb: 13.1561   Cr: 15.6097 )
00000015: 14.17     (Y': 14.0902   Cb: 13.169    Cr: 15.5833 )
00000016: 14.1766   (Y': 14.0944   Cb: 13.1742   Cr: 15.5955 )
00000017: 14.161    (Y': 14.0861   Cb: 13.1597   Cr: 15.5678 )
00000018: 14.146    (Y': 14.0752   Cb: 13.1508   Cr: 15.5365 )
00000021: 14.2237   (Y': 14.1461   Cb: 13.2258   Cr: 15.6286 )
00000019: 14.1376   (Y': 14.0618   Cb: 13.1376   Cr: 15.5433 )
00000020: 14.1441   (Y': 14.0763   Cb: 13.1296   Cr: 15.5642 )
00000022: 14.3546   (Y': 14.2731   Cb: 13.3654   Cr: 15.7496 )
00000023: 14.5716   (Y': 14.4823   Cb: 13.6066   Cr: 15.9359 )
00000024: 14.6766   (Y': 14.5666   Cb: 13.7256   Cr: 16.0462 )
00000025: 14.7319   (Y': 14.5874   Cb: 13.8069   Cr: 16.1057 )
00000026: 14.6957   (Y': 14.5606   Cb: 13.7626   Cr: 16.0701 )
00000027: 14.685    (Y': 14.5601   Cb: 13.7365   Cr: 16.0711 )
00000030: 14.6674   (Y': 14.5497   Cb: 13.7364   Cr: 16.0137 )
00000029: 14.6372   (Y': 14.5117   Cb: 13.6981   Cr: 16.0081 )
00000028: 14.6574   (Y': 14.5603   Cb: 13.6805   Cr: 16.0532 )
00000031: 14.7079   (Y': 14.6076   Cb: 13.7594   Cr: 16.0595 )
00000032: 14.7145   (Y': 14.6092   Cb: 13.7734   Cr: 16.0607 )
00000033: 14.6613   (Y': 14.5657   Cb: 13.6992   Cr: 16.0296 )
00000034: 14.6304   (Y': 14.5392   Cb: 13.6517   Cr: 16.0213 )
00000035: 14.6048   (Y': 14.4807   Cb: 13.6437   Cr: 16.0116 )
00000036: 14.6446   (Y': 14.546    Cb: 13.6718   Cr: 16.0356 )
00000037: 14.6911   (Y': 14.6236   Cb: 13.7093   Cr: 16.0536 )
00000038: 14.7004   (Y': 14.6344   Cb: 13.7098   Cr: 16.0761 )
00000039: 14.6555   (Y': 14.634    Cb: 13.6389   Cr: 16.0144 )
00000040: 14.6534   (Y': 14.6311   Cb: 13.6395   Cr: 16.0087 )
00000043: 14.6634   (Y': 14.5608   Cb: 13.6967   Cr: 16.0492 )
00000042: 14.5957   (Y': 14.531    Cb: 13.6085   Cr: 15.9639 )
00000044: 14.6686   (Y': 14.582    Cb: 13.69     Cr: 16.0525 )
00000041: 14.624    (Y': 14.5685   Cb: 13.627    Cr: 15.9962 )
00000045: 14.6528   (Y': 14.5617   Cb: 13.683    Cr: 16.028  )
00000047: 14.6678   (Y': 14.6126   Cb: 13.7025   Cr: 15.9853 )
00000046: 14.6632   (Y': 14.5778   Cb: 13.6862   Cr: 16.0424 )
00000048: 14.6692   (Y': 14.6133   Cb: 13.7111   Cr: 15.9757 )
00000050: 14.7024   (Y': 14.644    Cb: 13.7339   Cr: 16.0299 )
00000049: 14.6785   (Y': 14.6415   Cb: 13.7001   Cr: 15.9933 )
00000053: 14.8378   (Y': 14.6932   Cb: 13.891    Cr: 16.2489 )
00000051: 14.7365   (Y': 14.6226   Cb: 13.7801   Cr: 16.1208 )
00000052: 14.7808   (Y': 14.6264   Cb: 13.849    Cr: 16.1806 )
00000054: 14.8744   (Y': 14.7417   Cb: 13.94     Cr: 16.2474 )
00000055: 14.9259   (Y': 14.8166   Cb: 13.9878   Cr: 16.2727 )
00000056: 15.0172   (Y': 14.8996   Cb: 14.0986   Cr: 16.3427 )
00000057: 15.1932   (Y': 15.0407   Cb: 14.3302   Cr: 16.4751 )
00000058: 15.2447   (Y': 15.125    Cb: 14.3853   Cr: 16.4753 )
00000060: 15.4078   (Y': 15.2236   Cb: 14.615    Cr: 16.6203 )
00000059: 15.371    (Y': 15.2157   Cb: 14.5585   Cr: 16.5751 )
00000061: 15.5153   (Y': 15.348    Cb: 14.7533   Cr: 16.6565 )
00000062: 15.5792   (Y': 15.3595   Cb: 14.8703   Cr: 16.7097 )
00000063: 15.6603   (Y': 15.3827   Cb: 15.0402   Cr: 16.7363 )
00000064: 15.7078   (Y': 15.4041   Cb: 15.1044   Cr: 16.7951 )
00000065: 15.7976   (Y': 15.4415   Cb: 15.2486   Cr: 16.878  )
00000066: 15.866    (Y': 15.4358   Cb: 15.3706   Cr: 16.9729 )
00000067: 15.9796   (Y': 15.3893   Cb: 15.5845   Cr: 17.1761 )
00000069: 16.1461   (Y': 15.526    Cb: 15.8304   Cr: 17.275  )
00000068: 16.0332   (Y': 15.4473   Cb: 15.6653   Cr: 17.1845 )
00000071: 16.2824   (Y': 15.7032   Cb: 16.0013   Cr: 17.3035 )
00000070: 16.2024   (Y': 15.5987   Cb: 15.9089   Cr: 17.276  )
00000072: 16.3376   (Y': 15.8011   Cb: 16.0327   Cr: 17.3298 )
00000073: 16.3399   (Y': 15.8701   Cb: 16.0594   Cr: 17.2069 )
00000074: 16.3517   (Y': 15.8497   Cb: 16.0856   Cr: 17.244  )
00000075: 16.2996   (Y': 15.7874   Cb: 16.0445   Cr: 17.1915 )
00000077: 16.3534   (Y': 15.8721   Cb: 16.052    Cr: 17.2635 )
00000076: 16.3226   (Y': 15.8      Cb: 16.0726   Cr: 17.2223 )
00000078: 16.3647   (Y': 15.8497   Cb: 16.0817   Cr: 17.2972 )
00000079: 16.4726   (Y': 15.9781   Cb: 16.1622   Cr: 17.413  )
00000080: 16.4634   (Y': 15.9205   Cb: 16.1762   Cr: 17.4409 )
00000081: 16.3971   (Y': 15.8779   Cb: 16.102    Cr: 17.3514 )
00000082: 16.3446   (Y': 15.778    Cb: 16.0799   Cr: 17.3256 )
00000083: 16.1223   (Y': 15.654    Cb: 15.7782   Cr: 17.0715 )
00000084: 16.0016   (Y': 15.5778   Cb: 15.6141   Cr: 16.9481 )
00000085: 15.7248   (Y': 15.3646   Cb: 15.266    Cr: 16.6824 )
00000086: 15.6031   (Y': 15.3189   Cb: 15.0767   Cr: 16.5532 )
00000087: 15.3278   (Y': 15.072    Cb: 14.7618   Cr: 16.2961 )
00000090: 14.7487   (Y': 14.6745   Cb: 14.006    Cr: 15.738  )
00000088: 15.2354   (Y': 15.0157   Cb: 14.637    Cr: 16.2025 )
00000089: 14.9964   (Y': 14.8166   Cb: 14.3524   Cr: 15.9771 )
00000092: 14.5005   (Y': 14.4558   Cb: 13.7085   Cr: 15.5263 )
00000091: 14.5497   (Y': 14.4868   Cb: 13.7715   Cr: 15.578  )
00000093: 14.4795   (Y': 14.4005   Cb: 13.7127   Cr: 15.5113 )
00000094: 14.4786   (Y': 14.3741   Cb: 13.7327   Cr: 15.5121 )
00000095: 14.4782   (Y': 14.3741   Cb: 13.7253   Cr: 15.5215 )
00000096: 14.4867   (Y': 14.3546   Cb: 13.7571   Cr: 15.5314 )
00000097: 14.5301   (Y': 14.4049   Cb: 13.7976   Cr: 15.5701 )
00000098: 14.5733   (Y': 14.4804   Cb: 13.8344   Cr: 15.581  )
00000100: 14.9732   (Y': 14.7764   Cb: 14.3422   Cr: 15.9573 )
00000099: 14.7798   (Y': 14.6431   Cb: 14.0848   Cr: 15.7789 )
00000101: 17.1216   (Y': 16.6977   Cb: 16.893    Cr: 17.861  )
00000102: 17.356    (Y': 16.0733   Cb: 17.5552   Cr: 18.8973 )
00000103: 17.7134   (Y': 16.6728   Cb: 17.776    Cr: 19.0003 )
00000104: 17.7369   (Y': 16.2184   Cb: 18.1522   Cr: 19.4591 )
00000107: 17.364    (Y': 16.7233   Cb: 17.2638   Cr: 18.2384 )
00000105: 17.7423   (Y': 16.6557   Cb: 17.9138   Cr: 18.9659 )
00000106: 17.5602   (Y': 16.5725   Cb: 17.6703   Cr: 18.6974 )
00000109: 16.4908   (Y': 15.9721   Cb: 15.9711   Cr: 17.7632 )
00000108: 17.0605   (Y': 16.4958   Cb: 16.8713   Cr: 17.9406 )
00000110: 17.0625   (Y': 16.4463   Cb: 16.7905   Cr: 18.1252 )
00000111: 16.6206   (Y': 15.961    Cb: 16.2471   Cr: 17.892  )
00000112: 16.7072   (Y': 15.9143   Cb: 16.4367   Cr: 18.0419 )
00000113: 16.7384   (Y': 15.9653   Cb: 16.3466   Cr: 18.2211 )
00000115: 17.1047   (Y': 16.2118   Cb: 16.8401   Cr: 18.5987 )
00000114: 16.9109   (Y': 16.074    Cb: 16.5792   Cr: 18.4098 )
00000116: 17.2027   (Y': 16.2292   Cb: 17.0465   Cr: 18.6773 )
00000117: 17.1503   (Y': 16.0434   Cb: 17.1045   Cr: 18.7051 )
00000118: 17.1294   (Y': 15.9023   Cb: 17.2267   Cr: 18.7057 )
00000119: 16.7861   (Y': 15.6012   Cb: 16.7398   Cr: 18.489  )
00000120: 16.7966   (Y': 15.6134   Cb: 16.7402   Cr: 18.5117 )
00000121: 16.5793   (Y': 15.417    Cb: 16.468    Cr: 18.3369 )
00000122: 16.456    (Y': 15.3067   Cb: 16.2775   Cr: 18.2932 )
00000123: 16.3676   (Y': 15.2644   Cb: 16.1738   Cr: 18.1383 )
00000124: 16.3205   (Y': 15.2531   Cb: 16.0954   Cr: 18.0717 )
00000125: 16.1905   (Y': 15.1236   Cb: 15.9716   Cr: 17.9311 )
00000126: 16.1008   (Y': 15.05     Cb: 15.8587   Cr: 17.8468 )
00000127: 15.9041   (Y': 14.897    Cb: 15.6209   Cr: 17.6325 )
00000130: 15.7799   (Y': 14.8332   Cb: 15.459    Cr: 17.4564 )
00000128: 15.9332   (Y': 14.9649   Cb: 15.6333   Cr: 17.616  )
00000129: 15.8337   (Y': 14.894    Cb: 15.5079   Cr: 17.5054 )
00000132: 15.7007   (Y': 14.8707   Cb: 15.3053   Cr: 17.2868 )
00000131: 15.7447   (Y': 14.9055   Cb: 15.3589   Cr: 17.3314 )
00000133: 15.5983   (Y': 14.8347   Cb: 15.1541   Cr: 17.1471 )
00000134: 15.5871   (Y': 14.781    Cb: 15.1825   Cr: 17.1462 )
00000135: 15.4249   (Y': 14.694    Cb: 15.0139   Cr: 16.867  )
00000137: 15.2668   (Y': 14.7635   Cb: 14.7296   Cr: 16.5425 )
00000136: 15.3946   (Y': 14.6963   Cb: 14.9643   Cr: 16.8129 )
00000139: 15.002    (Y': 14.7687   Cb: 14.3275   Cr: 16.0988 )
00000138: 15.1972   (Y': 14.8339   Cb: 14.5571   Cr: 16.4238 )
00000140: 14.8763   (Y': 14.7064   Cb: 14.1694   Cr: 15.9369 )
00000141: 15.016    (Y': 14.5455   Cb: 14.5918   Cr: 16.0785 )
00000142: 15.878    (Y': 15.095    Cb: 15.7627   Cr: 16.9819 )
00000143: 15.8762   (Y': 15.0705   Cb: 15.7498   Cr: 17.0304 )
00000146: 15.5511   (Y': 15.1199   Cb: 14.9586   Cr: 16.8037 )
00000144: 15.9268   (Y': 15.3307   Cb: 15.6351   Cr: 16.9868 )
00000145: 15.5918   (Y': 15.191    Cb: 15.002    Cr: 16.796  )
00000147: 15.8579   (Y': 15.3813   Cb: 15.3485   Cr: 17.0522 )
00000148: 15.8227   (Y': 15.3538   Cb: 15.3043   Cr: 17.0191 )
00000149: 15.748    (Y': 15.2278   Cb: 15.2235   Cr: 17.03   )
00000150: 15.5864   (Y': 15.0558   Cb: 15.0321   Cr: 16.93   )
00000151: 15.5381   (Y': 14.9324   Cb: 15.0504   Cr: 16.896  )
00000153: 15.4092   (Y': 14.7989   Cb: 14.9674   Cr: 16.7048 )
00000152: 15.5362   (Y': 14.9023   Cb: 15.0962   Cr: 16.8662 )
00000154: 15.3019   (Y': 14.6919   Cb: 14.8682   Cr: 16.5853 )
00000155: 14.8197   (Y': 14.5254   Cb: 14.1338   Cr: 16.0186 )
00000156: 14.6581   (Y': 14.5082   Cb: 13.8874   Cr: 15.7892 )
00000157: 14.8856   (Y': 14.741    Cb: 14.2107   Cr: 15.8655 )
00000158: 14.6351   (Y': 14.6851   Cb: 13.8042   Cr: 15.6009 )
00000159: 15.3303   (Y': 15.021    Cb: 14.8036   Cr: 16.3143 )
00000163: 15.2118   (Y': 15.003    Cb: 14.4616   Cr: 16.3911 )
00000162: 14.7885   (Y': 14.748    Cb: 13.8953   Cr: 15.9674 )
00000160: 15.3328   (Y': 15.0438   Cb: 14.7691   Cr: 16.3422 )
00000164: 15.2799   (Y': 15.025    Cb: 14.5731   Cr: 16.4559 )
00000161: 14.8747   (Y': 14.7882   Cb: 14.0659   Cr: 15.9806 )
00000166: 15.6523   (Y': 15.291    Cb: 15.0934   Cr: 16.754  )
00000165: 15.6198   (Y': 15.2939   Cb: 14.9885   Cr: 16.7797 )
00000167: 16.0242   (Y': 15.5694   Cb: 15.6556   Cr: 16.9878 )
00000169: 16.1441   (Y': 15.6144   Cb: 15.8335   Cr: 17.1344 )
00000168: 16.0446   (Y': 15.5622   Cb: 15.6791   Cr: 17.0424 )
00000172: 16.16     (Y': 15.48     Cb: 15.9036   Cr: 17.2965 )
00000171: 16.1403   (Y': 15.4749   Cb: 15.8566   Cr: 17.293  )
00000173: 16.1685   (Y': 15.3113   Cb: 16.0486   Cr: 17.3958 )
00000170: 16.1776   (Y': 15.5735   Cb: 15.8806   Cr: 17.2567 )
00000174: 16.2105   (Y': 15.2951   Cb: 16.1395   Cr: 17.4664 )
00000175: 16.5391   (Y': 15.5808   Cb: 16.4925   Cr: 17.8333 )
00000176: 16.7274   (Y': 15.8192   Cb: 16.6295   Cr: 18.0082 )
00000178: 16.939    (Y': 16.0821   Cb: 16.8052   Cr: 18.185  )
00000177: 16.93     (Y': 16.0499   Cb: 16.766    Cr: 18.2562 )
00000179: 16.2721   (Y': 15.4633   Cb: 15.8968   Cr: 17.7902 )
00000180: 16.0752   (Y': 15.285    Cb: 15.6556   Cr: 17.6307 )
00000181: 16.1479   (Y': 15.3339   Cb: 15.691    Cr: 17.8042 )
00000182: 16.0289   (Y': 15.2524   Cb: 15.4707   Cr: 17.7869 )
00000183: 16.2198   (Y': 15.3886   Cb: 15.7419   Cr: 17.9411 )
00000184: 16.4033   (Y': 15.5648   Cb: 15.9811   Cr: 18.0468 )
00000185: 16.5085   (Y': 15.5267   Cb: 16.2175   Cr: 18.2023 )
00000186: 16.5971   (Y': 15.5164   Cb: 16.4055   Cr: 18.3211 )
00000187: 16.7104   (Y': 15.5032   Cb: 16.6542   Cr: 18.4725 )
00000188: 16.7756   (Y': 15.5148   Cb: 16.7938   Cr: 18.5323 )
00000189: 16.8547   (Y': 15.5077   Cb: 16.9332   Cr: 18.6969 )
00000190: 16.8433   (Y': 15.5154   Cb: 16.8811   Cr: 18.7076 )
00000192: 16.8292   (Y': 15.531    Cb: 16.7683   Cr: 18.7845 )
00000191: 16.8489   (Y': 15.5172   Cb: 16.8595   Cr: 18.7627 )
00000193: 17.0007   (Y': 16.0781   Cb: 16.5784   Cr: 18.7972 )
00000194: 17.3099   (Y': 16.4424   Cb: 16.9175   Cr: 18.9571 )
00000195: 16.8472   (Y': 16.0725   Cb: 16.0949   Cr: 18.9544 )
00000196: 17.1011   (Y': 16.331    Cb: 16.4915   Cr: 18.9369 )
00000197: 17.0769   (Y': 16.4109   Cb: 16.3456   Cr: 18.9417 )
00000198: 17.413    (Y': 16.6184   Cb: 16.9318   Cr: 19.0747 )
00000200: 16.982    (Y': 15.7108   Cb: 16.7526   Cr: 19.1592 )
00000199: 17.2      (Y': 16.0489   Cb: 16.967    Cr: 19.129  )
00000201: 16.7638   (Y': 15.4298   Cb: 16.502    Cr: 19.1424 )
00000202: 16.8126   (Y': 15.482    Cb: 16.5493   Cr: 19.1856 )
00000203: 16.8753   (Y': 15.499    Cb: 16.6682   Cr: 19.2538 )
00000204: 16.823    (Y': 15.4558   Cb: 16.6284   Cr: 19.1575 )
00000205: 16.7881   (Y': 15.5318   Cb: 16.4908   Cr: 19.0525 )
00000206: 16.8032   (Y': 15.6089   Cb: 16.441    Cr: 19.0469 )
00000207: 16.8119   (Y': 15.7848   Cb: 16.3386   Cr: 18.9018 )
00000208: 16.8069   (Y': 15.8211   Cb: 16.2934   Cr: 18.8849 )
00000209: 17.0049   (Y': 15.4347   Cb: 17.2283   Cr: 19.1193 )
00000210: 17.0267   (Y': 15.9414   Cb: 16.7404   Cr: 18.9113 )
00000211: 17.0328   (Y': 16.2128   Cb: 16.3978   Cr: 19.0068 )
00000212: 17.101    (Y': 16.2172   Cb: 16.5686   Cr: 19.0128 )
00000213: 17.3849   (Y': 16.2157   Cb: 17.202    Cr: 19.2688 )
00000214: 17.3125   (Y': 16.1594   Cb: 17.1372   Cr: 19.1518 )
00000215: 17.1094   (Y': 16.108    Cb: 16.767    Cr: 18.9233 )
00000216: 16.9623   (Y': 16.0452   Cb: 16.5219   Cr: 18.7791 )
00000217: 16.8947   (Y': 15.9474   Cb: 16.562    Cr: 18.5911 )
00000219: 16.6216   (Y': 15.7138   Cb: 16.2851   Cr: 18.2524 )
00000218: 16.8271   (Y': 15.8767   Cb: 16.5244   Cr: 18.4814 )
00000221: 16.3345   (Y': 15.6531   Cb: 15.8648   Cr: 17.7858 )
00000220: 16.5851   (Y': 15.7845   Cb: 16.2407   Cr: 18.0417 )
00000222: 16.2226   (Y': 15.5305   Cb: 15.7664   Cr: 17.6704 )
00000223: 16.1173   (Y': 15.4726   Cb: 15.6089   Cr: 17.5698 )
00000224: 16.0511   (Y': 15.4519   Cb: 15.4961   Cr: 17.5034 )
00000226: 15.8782   (Y': 15.2705   Cb: 15.2827   Cr: 17.4098 )
00000225: 15.9646   (Y': 15.333    Cb: 15.3981   Cr: 17.4879 )
00000227: 15.6788   (Y': 15.176    Cb: 15.0028   Cr: 17.1733 )
00000229: 15.4698   (Y': 15.0267   Cb: 14.6573   Cr: 17.101  )
00000228: 15.6116   (Y': 15.1149   Cb: 14.8907   Cr: 17.1712 )
00000231: 15.3039   (Y': 14.8725   Cb: 14.4282   Cr: 17.0291 )
00000230: 15.3639   (Y': 14.9358   Cb: 14.5037   Cr: 17.0558 )
00000232: 15.3351   (Y': 14.8892   Cb: 14.4607   Cr: 17.0818 )
00000233: 15.4104   (Y': 14.9239   Cb: 14.534    Cr: 17.2291 )
00000234: 15.4349   (Y': 14.917    Cb: 14.5747   Cr: 17.2774 )
00000235: 15.4531   (Y': 14.9036   Cb: 14.6352   Cr: 17.2716 )
00000237: 15.4566   (Y': 14.9409   Cb: 14.633    Cr: 17.2276 )
00000236: 15.4396   (Y': 14.916    Cb: 14.6039   Cr: 17.2462 )
00000239: 15.6149   (Y': 15.0639   Cb: 14.8913   Cr: 17.2678 )
00000238: 15.5297   (Y': 14.9735   Cb: 14.7587   Cr: 17.2746 )
00000240: 15.6806   (Y': 15.1502   Cb: 14.9733   Cr: 17.2717 )
00000243: 15.7523   (Y': 15.2382   Cb: 15.1206   Cr: 17.1926 )
00000241: 15.787    (Y': 15.2727   Cb: 15.1133   Cr: 17.2962 )
00000242: 15.7697   (Y': 15.2437   Cb: 15.1359   Cr: 17.2318 )
00000246: 15.7986   (Y': 15.2899   Cb: 15.2065   Cr: 17.1676 )
00000244: 15.7958   (Y': 15.2552   Cb: 15.1891   Cr: 17.2373 )
00000245: 15.8346   (Y': 15.2921   Cb: 15.2596   Cr: 17.2289 )
00000247: 15.6891   (Y': 15.233    Cb: 15.0298   Cr: 17.0839 )
00000249: 15.4803   (Y': 14.9783   Cb: 14.7715   Cr: 17.0281 )
00000248: 15.6324   (Y': 15.1392   Cb: 14.972    Cr: 17.0862 )
00000250: 15.3609   (Y': 14.8371   Cb: 14.6185   Cr: 17.0018 )
00000252: 15.264    (Y': 14.6982   Cb: 14.4809   Cr: 17.0471 )
00000251: 15.2847   (Y': 14.744    Cb: 14.5015   Cr: 17.0255 )
00000253: 15.2543   (Y': 14.6927   Cb: 14.4423   Cr: 17.083  )
00000254: 15.2662   (Y': 14.7128   Cb: 14.4447   Cr: 17.0982 )
00000255: 15.2813   (Y': 14.7037   Cb: 14.4849   Cr: 17.109  )
00000256: 15.3045   (Y': 14.7291   Cb: 14.525    Cr: 17.0977 )
00000257: 15.3076   (Y': 14.7757   Cb: 14.4811   Cr: 17.1117 )
00000259: 15.1859   (Y': 14.7071   Cb: 14.3226   Cr: 16.9674 )
00000258: 15.279    (Y': 14.7872   Cb: 14.4479   Cr: 17.0235 )
00000260: 15.1246   (Y': 14.6704   Cb: 14.2446   Cr: 16.8953 )
00000261: 15.1945   (Y': 14.7793   Cb: 14.3032   Cr: 16.9217 )
00000262: 15.2081   (Y': 14.7942   Cb: 14.3143   Cr: 16.9376 )
00000263: 15.2666   (Y': 14.7983   Cb: 14.4226   Cr: 16.9953 )
00000264: 15.3191   (Y': 14.8749   Cb: 14.4762   Cr: 17.006  )
00000265: 15.5218   (Y': 15.0665   Cb: 14.7526   Cr: 17.0977 )
00000266: 15.5707   (Y': 15.1623   Cb: 14.8145   Cr: 17.0509 )
00000267: 15.6648   (Y': 15.2334   Cb: 14.9214   Cr: 17.1591 )
00000268: 15.6932   (Y': 15.2677   Cb: 14.9368   Cr: 17.2001 )
00000270: 15.8715   (Y': 15.3678   Cb: 15.1934   Cr: 17.3712 )
00000269: 15.791    (Y': 15.2897   Cb: 15.0962   Cr: 17.3144 )
00000271: 15.9431   (Y': 15.4493   Cb: 15.2634   Cr: 17.4295 )
00000272: 15.9803   (Y': 15.4805   Cb: 15.3063   Cr: 17.4668 )
00000273: 16.0015   (Y': 15.5341   Cb: 15.3439   Cr: 17.4108 )
00000274: 16.0186   (Y': 15.5731   Cb: 15.3493   Cr: 17.4132 )
00000275: 16.0481   (Y': 15.5725   Cb: 15.3998   Cr: 17.4552 )
00000276: 16.0473   (Y': 15.5921   Cb: 15.3979   Cr: 17.4247 )
00000277: 16.0714   (Y': 15.5919   Cb: 15.4336   Cr: 17.4674 )
00000278: 16.0682   (Y': 15.5876   Cb: 15.4376   Cr: 17.4546 )
00000279: 16.0283   (Y': 15.6235   Cb: 15.3237   Cr: 17.4181 )
00000280: 16.0574   (Y': 15.6342   Cb: 15.3687   Cr: 17.449  )
00000281: 16.0063   (Y': 15.6248   Cb: 15.282    Cr: 17.393  )
00000282: 15.9832   (Y': 15.5947   Cb: 15.2749   Cr: 17.3544 )
00000283: 15.9964   (Y': 15.5833   Cb: 15.302    Cr: 17.3822 )
00000284: 15.9872   (Y': 15.5484   Cb: 15.2919   Cr: 17.4135 )
00000285: 15.8311   (Y': 15.4001   Cb: 15.1102   Cr: 17.2875 )
00000286: 15.8197   (Y': 15.3803   Cb: 15.1321   Cr: 17.2345 )
00000287: 15.4225   (Y': 14.9598   Cb: 14.6137   Cr: 17.0791 )
00000288: 26.4      (Y': 24.3468   Cb: 28.077    Cr: 27.8516 )
00000289: 19.7216   (Y': 16.7703   Cb: 21.9977   Cr: 23.338  )
00000290: 18.6778   (Y': 15.9193   Cb: 20.4159   Cr: 22.2186 )
00000291: 17.6375   (Y': 15.1905   Cb: 18.7461   Cr: 20.9295 )
00000292: 17.4032   (Y': 15.1151   Cb: 18.2889   Cr: 20.4932 )
00000293: 17.0876   (Y': 15.1199   Cb: 17.5193   Cr: 19.9154 )
00000294: 16.9276   (Y': 15.0939   Cb: 17.215    Cr: 19.6143 )
00000295: 16.6206   (Y': 15.1095   Cb: 16.5996   Cr: 18.9936 )
00000296: 16.4242   (Y': 15.0732   Cb: 16.2481   Cr: 18.6882 )
00000297: 16.1257   (Y': 15.1175   Cb: 15.7079   Cr: 18.0795 )
00000298: 16.064    (Y': 15.0356   Cb: 15.6379   Cr: 18.0727 )
00000299: 16.0506   (Y': 15.0289   Cb: 15.6461   Cr: 18.008  )
00000300: 16.0367   (Y': 15.0161   Cb: 15.6521   Cr: 17.9582 )
00000301: 16.0424   (Y': 14.997    Cb: 15.6803   Cr: 17.9747 )
00000302: 16.0601   (Y': 14.9832   Cb: 15.7885   Cr: 17.9038 )
00000303: 16.0593   (Y': 15.0142   Cb: 15.8092   Cr: 17.8073 )
00000304: 16.0287   (Y': 14.9947   Cb: 15.7769   Cr: 17.7583 )
00000305: 15.9014   (Y': 14.9822   Cb: 15.592    Cr: 17.5101 )
00000306: 15.7284   (Y': 14.8783   Cb: 15.3926   Cr: 17.2562 )
00000307: 15.5863   (Y': 14.7686   Cb: 15.2167   Cr: 17.1107 )
00000309: 15.2328   (Y': 14.3645   Cb: 14.9026   Cr: 16.7837 )
00000308: 15.3207   (Y': 14.5175   Cb: 14.9464   Cr: 16.8275 )
00000310: 15.1169   (Y': 14.3158   Cb: 14.749    Cr: 16.6102 )
00000311: 15.4518   (Y': 14.7687   Cb: 14.9831   Cr: 16.9046 )
00000312: 15.3672   (Y': 14.6713   Cb: 14.918    Cr: 16.8105 )
00000313: 15.03     (Y': 14.2667   Cb: 14.646    Cr: 16.4846 )
00000314: 15.4513   (Y': 14.6974   Cb: 15.0337   Cr: 16.9417 )
00000315: 15.537    (Y': 14.7669   Cb: 15.1405   Cr: 17.0222 )
00000316: 15.6551   (Y': 14.8814   Cb: 15.3403   Cr: 17.0228 )
00000317: 15.7241   (Y': 14.9014   Cb: 15.4938   Cr: 17.0495 )
00000318: 15.8073   (Y': 14.9569   Cb: 15.6201   Cr: 17.1168 )
00000319: 15.9067   (Y': 15.0271   Cb: 15.7445   Cr: 17.2292 )
00000320: 16.0503   (Y': 15.1581   Cb: 15.9586   Cr: 17.2961 )
00000321: 16.0919   (Y': 15.1703   Cb: 16.0496   Cr: 17.3192 )
00000322: 16.2428   (Y': 15.1998   Cb: 16.2711   Cr: 17.5795 )
00000324: 16.2365   (Y': 15.0505   Cb: 16.3374   Cr: 17.7305 )
00000323: 16.2797   (Y': 15.126    Cb: 16.3725   Cr: 17.7256 )
00000325: 16.2965   (Y': 15.1157   Cb: 16.4323   Cr: 17.7332 )
00000326: 16.3155   (Y': 15.1688   Cb: 16.3486   Cr: 17.8309 )
00000328: 16.3145   (Y': 15.1462   Cb: 16.3574   Cr: 17.8562 )
00000327: 16.3312   (Y': 15.2021   Cb: 16.3653   Cr: 17.8132 )
00000329: 16.3708   (Y': 15.1708   Cb: 16.4294   Cr: 17.95   )
00000330: 16.5363   (Y': 15.2982   Cb: 16.624    Cr: 18.1468 )
00000331: 16.5792   (Y': 15.2892   Cb: 16.6795   Cr: 18.2737 )
00000332: 16.5795   (Y': 15.2502   Cb: 16.7006   Cr: 18.3227 )
00000333: 16.6055   (Y': 15.2357   Cb: 16.7308   Cr: 18.4257 )
00000334: 16.6031   (Y': 15.1875   Cb: 16.732    Cr: 18.515  )
00000335: 16.6279   (Y': 15.2491   Cb: 16.71     Cr: 18.532  )
00000336: 16.6455   (Y': 15.2397   Cb: 16.7431   Cr: 18.5839 )
00000337: 16.7006   (Y': 15.248    Cb: 16.8281   Cr: 18.6951 )
00000338: 16.8203   (Y': 15.3839   Cb: 16.9418   Cr: 18.7884 )
00000339: 16.8466   (Y': 15.3845   Cb: 16.9638   Cr: 18.8781 )
00000340: 17.003    (Y': 15.4439   Cb: 17.1925   Cr: 19.1438 )
00000341: 17.0343   (Y': 15.4814   Cb: 17.1747   Cr: 19.2384 )
00000342: 17.0056   (Y': 15.5147   Cb: 17.0486   Cr: 19.2219 )
00000344: 16.9641   (Y': 15.6915   Cb: 16.7591   Cr: 19.1025 )
00000343: 16.9623   (Y': 15.569    Cb: 16.9059   Cr: 19.1186 )
00000345: 16.9408   (Y': 15.7496   Cb: 16.6694   Cr: 19.0175 )
00000346: 16.9705   (Y': 15.8841   Cb: 16.6299   Cr: 18.9482 )
00000347: 16.9483   (Y': 15.9058   Cb: 16.5522   Cr: 18.9331 )
00000348: 16.8501   (Y': 15.8115   Cb: 16.4332   Cr: 18.8629 )
00000349: 16.7845   (Y': 15.8202   Cb: 16.3337   Cr: 18.7091 )
00000350: 16.6794   (Y': 15.8832   Cb: 16.1386   Cr: 18.4435 )
00000351: 16.6258   (Y': 15.8219   Cb: 16.0899   Cr: 18.3957 )
00000352: 16.5367   (Y': 15.8004   Cb: 15.9351   Cr: 18.2977 )
00000353: 16.4688   (Y': 15.7467   Cb: 15.8492   Cr: 18.2354 )
00000354: 16.0865   (Y': 15.4796   Cb: 15.2757   Cr: 17.9922 )
00000355: 16.5244   (Y': 15.5618   Cb: 16.1048   Cr: 18.3924 )
00000356: 16.0478   (Y': 15.8449   Cb: 15.0332   Cr: 17.6655 )
00000357: 15.9703   (Y': 15.8293   Cb: 14.9217   Cr: 17.5573 )
00000358: 16.1921   (Y': 15.9308   Cb: 15.314    Cr: 17.6556 )
00000359: 16.5379   (Y': 16.1124   Cb: 15.8411   Cr: 17.9463 )
00000361: 16.0433   (Y': 15.6945   Cb: 15.1709   Cr: 17.6301 )
00000360: 16.3093   (Y': 15.9345   Cb: 15.5198   Cr: 17.7937 )
00000362: 15.9729   (Y': 15.5755   Cb: 15.058    Cr: 17.7139 )
00000363: 16.0489   (Y': 15.5494   Cb: 15.2274   Cr: 17.7892 )
00000364: 16.0576   (Y': 15.6134   Cb: 15.2592   Cr: 17.6661 )
00000365: 15.9872   (Y': 15.5659   Cb: 15.1604   Cr: 17.6088 )
00000366: 15.6391   (Y': 15.2503   Cb: 14.7137   Cr: 17.3858 )
00000367: 15.517    (Y': 15.1315   Cb: 14.5494   Cr: 17.3374 )
00000368: 15.3468   (Y': 14.9407   Cb: 14.3407   Cr: 17.2764 )
00000369: 15.2892   (Y': 14.9252   Cb: 14.2741   Cr: 17.1647 )
00000370: 15.1658   (Y': 14.9015   Cb: 14.1141   Cr: 16.9491 )
00000371: 15.186    (Y': 14.9334   Cb: 14.1221   Cr: 16.9741 )
00000372: 15.3653   (Y': 15.219    Cb: 14.3901   Cr: 16.8284 )
00000374: 15.6074   (Y': 15.4152   Cb: 14.722    Cr: 16.9824 )
00000373: 15.4697   (Y': 15.3267   Cb: 14.5394   Cr: 16.8506 )
00000375: 15.6682   (Y': 15.5027   Cb: 14.7573   Cr: 17.0484 )
00000376: 15.5817   (Y': 15.4664   Cb: 14.6232   Cr: 16.9713 )
00000377: 15.4474   (Y': 15.3916   Cb: 14.4103   Cr: 16.8902 )
00000379: 15.1757   (Y': 15.2669   Cb: 14.0335   Cr: 16.6027 )
00000378: 15.2872   (Y': 15.319    Cb: 14.1936   Cr: 16.7084 )
00000381: 14.8199   (Y': 14.9852   Cb: 13.6177   Cr: 16.2561 )
00000380: 14.9249   (Y': 15.0491   Cb: 13.7345   Cr: 16.3949 )
00000382: 14.7596   (Y': 14.9698   Cb: 13.5343   Cr: 16.1786 )
00000383: 14.7537   (Y': 14.9758   Cb: 13.53     Cr: 16.154  )
00000384: 14.7337   (Y': 14.9878   Cb: 13.5031   Cr: 16.1049 )
00000385: 14.7029   (Y': 14.975    Cb: 13.462    Cr: 16.0695 )
00000386: 14.6866   (Y': 14.9718   Cb: 13.4313   Cr: 16.0629 )
00000387: 14.7233   (Y': 14.9995   Cb: 13.4821   Cr: 16.0853 )
00000388: 14.7072   (Y': 15.0182   Cb: 13.4734   Cr: 16.0117 )
00000389: 14.6929   (Y': 15.0326   Cb: 13.4463   Cr: 15.9842 )
00000390: 14.6533   (Y': 15.0329   Cb: 13.3948   Cr: 15.917  )
00000391: 14.6633   (Y': 15.062    Cb: 13.4019   Cr: 15.9085 )
00000392: 14.6638   (Y': 15.078    Cb: 13.3974   Cr: 15.8992 )
00000395: 14.9475   (Y': 15.3922   Cb: 13.7638   Cr: 16.0042 )
00000394: 14.7817   (Y': 15.1777   Cb: 13.5871   Cr: 15.9138 )
00000396: 15.1632   (Y': 15.6489   Cb: 13.9908   Cr: 16.1547 )
00000393: 14.6655   (Y': 15.0523   Cb: 13.4233   Cr: 15.8914 )
00000397: 15.2356   (Y': 15.7191   Cb: 14.0852   Cr: 16.1934 )
00000398: 15.3644   (Y': 15.8099   Cb: 14.2469   Cr: 16.3115 )
00000399: 15.395    (Y': 15.8465   Cb: 14.2735   Cr: 16.342  )
00000400: 15.5276   (Y': 15.8677   Cb: 14.4734   Cr: 16.4934 )
00000402: 15.6069   (Y': 15.8932   Cb: 14.5896   Cr: 16.577  )
00000401: 15.5585   (Y': 15.8867   Cb: 14.505    Cr: 16.5369 )
00000404: 15.7171   (Y': 16.0025   Cb: 14.7496   Cr: 16.6107 )
00000405: 15.7389   (Y': 16.0217   Cb: 14.7575   Cr: 16.6568 )
00000403: 15.6419   (Y': 15.9458   Cb: 14.6193   Cr: 16.5998 )
00000406: 15.7805   (Y': 16.0546   Cb: 14.8167   Cr: 16.6813 )
00000407: 15.7964   (Y': 16.024    Cb: 14.8671   Cr: 16.6983 )
00000408: 15.759    (Y': 15.9715   Cb: 14.8472   Cr: 16.6521 )
00000411: 15.7859   (Y': 15.9816   Cb: 14.9672   Cr: 16.5607 )
00000410: 15.8046   (Y': 15.9784   Cb: 14.965    Cr: 16.6352 )
00000409: 15.8196   (Y': 15.975    Cb: 14.9585   Cr: 16.7035 )
00000413: 15.8337   (Y': 15.9489   Cb: 15.0472   Cr: 16.6552 )
00000412: 15.8121   (Y': 15.9514   Cb: 15.0379   Cr: 16.5879 )
00000414: 15.9493   (Y': 15.9897   Cb: 15.1954   Cr: 16.813  )
00000415: 15.9613   (Y': 16.0554   Cb: 15.1799   Cr: 16.8004 )
00000416: 15.9068   (Y': 16.0514   Cb: 15.0895   Cr: 16.7388 )
00000417: 15.8853   (Y': 16.0934   Cb: 15.0114   Cr: 16.7267 )
00000418: 15.9009   (Y': 16.0641   Cb: 15.0701   Cr: 16.7307 )
00000419: 15.9003   (Y': 16.0476   Cb: 15.1074   Cr: 16.6937 )
00000421: 15.9392   (Y': 16.0449   Cb: 15.1813   Cr: 16.7306 )
00000420: 15.938    (Y': 16.065    Cb: 15.2006   Cr: 16.6757 )
00000422: 15.847    (Y': 15.9807   Cb: 15.0781   Cr: 16.6218 )
00000423: 15.8061   (Y': 16.0194   Cb: 14.9923   Cr: 16.554  )
00000424: 15.7969   (Y': 15.9372   Cb: 14.9803   Cr: 16.6327 )
00000426: 15.6224   (Y': 15.8358   Cb: 14.7293   Cr: 16.4863 )
00000425: 15.7374   (Y': 15.9125   Cb: 14.8633   Cr: 16.6174 )
00000427: 15.6207   (Y': 15.7948   Cb: 14.7452   Cr: 16.5041 )
00000428: 15.5354   (Y': 15.8101   Cb: 14.628    Cr: 16.35   )
00000429: 15.434    (Y': 15.7999   Cb: 14.4649   Cr: 16.239  )
00000430: 15.3892   (Y': 15.866    Cb: 14.3596   Cr: 16.1649 )
00000431: 15.4099   (Y': 15.8767   Cb: 14.3968   Cr: 16.1713 )
00000432: 15.5221   (Y': 15.833    Cb: 14.6203   Cr: 16.2881 )
00000435: 19.6198   (Y': 16.8945   Cb: 21.6277   Cr: 22.6539 )
00000433: 15.3443   (Y': 15.3228   Cb: 14.5707   Cr: 16.3132 )
00000434: 21.078    (Y': 18.1403   Cb: 23.4794   Cr: 24.4703 )
00000436: 18.1418   (Y': 15.7464   Cb: 19.2901   Cr: 21.1837 )
00000437: 17.6291   (Y': 15.3102   Cb: 18.6135   Cr: 20.6641 )
00000438: 17.0089   (Y': 14.9368   Cb: 17.7002   Cr: 19.7191 )
00000439: 16.7919   (Y': 14.7818   Cb: 17.3901   Cr: 19.4671 )
00000440: 16.5057   (Y': 14.7289   Cb: 16.8587   Cr: 18.9272 )
00000442: 16.2333   (Y': 14.7644   Cb: 16.3081   Cr: 18.3472 )
00000441: 16.4185   (Y': 14.7338   Cb: 16.6342   Cr: 18.8252 )
00000443: 16.1816   (Y': 14.8793   Cb: 16.1568   Cr: 18.089  )
00000445: 16.2247   (Y': 14.9291   Cb: 16.192    Cr: 18.1303 )
00000446: 16.2286   (Y': 14.9191   Cb: 16.176    Cr: 18.195  )
00000444: 16.2082   (Y': 14.8765   Cb: 16.1775   Cr: 18.1871 )
00000447: 16.327    (Y': 14.9761   Cb: 16.2887   Cr: 18.3593 )
00000450: 16.265    (Y': 14.7465   Cb: 16.3281   Cr: 18.5138 )
00000448: 16.3236   (Y': 14.9548   Cb: 16.3037   Cr: 18.3654 )
00000449: 16.3275   (Y': 14.9297   Cb: 16.3144   Cr: 18.4224 )
00000451: 16.2221   (Y': 14.7065   Cb: 16.2771   Cr: 18.4772 )
00000452: 16.3599   (Y': 14.9288   Cb: 16.3242   Cr: 18.5681 )
00000453: 16.4162   (Y': 15.0621   Cb: 16.3421   Cr: 18.5141 )
00000454: 16.4481   (Y': 15.1521   Cb: 16.3094   Cr: 18.5257 )
00000455: 16.5096   (Y': 15.1751   Cb: 16.4136   Cr: 18.6005 )
00000457: 16.4779   (Y': 15.2411   Cb: 16.3289   Cr: 18.4461 )
00000456: 16.4994   (Y': 15.2254   Cb: 16.3697   Cr: 18.5147 )
00000458: 16.7025   (Y': 15.6071   Cb: 16.3889   Cr: 18.6527 )
00000459: 16.3991   (Y': 15.1689   Cb: 16.1772   Cr: 18.4741 )
00000460: 16.3082   (Y': 15.1294   Cb: 16.033    Cr: 18.3653 )
00000461: 16.5485   (Y': 15.5195   Cb: 16.1274   Cr: 18.5492 )
00000462: 16.661    (Y': 15.55     Cb: 16.3267   Cr: 18.6784 )
00000463: 16.8296   (Y': 15.7791   Cb: 16.5042   Cr: 18.71   )
00000464: 17.4697   (Y': 16.2491   Cb: 17.5383   Cr: 19.074  )
00000465: 17.7487   (Y': 16.3584   Cb: 18.0191   Cr: 19.4044 )
00000466: 17.6056   (Y': 15.9077   Cb: 18.2241   Cr: 19.4475 )
00000467: 17.4431   (Y': 15.6809   Cb: 18.1828   Cr: 19.2731 )
00000468: 17.5041   (Y': 15.986    Cb: 18.1722   Cr: 18.9055 )
00000469: 16.7155   (Y': 15.7936   Cb: 16.693    Cr: 17.917  )
00000470: 16.4212   (Y': 15.556    Cb: 16.4138   Cr: 17.5122 )
00000471: 16.3419   (Y': 15.3966   Cb: 16.4191   Cr: 17.4518 )
00000473: 15.9105   (Y': 15.1431   Cb: 15.7784   Cr: 17.0129 )
00000472: 15.9718   (Y': 15.1938   Cb: 15.9053   Cr: 17.0045 )
00000474: 15.9341   (Y': 15.1498   Cb: 15.8741   Cr: 16.968  )
00000475: 16.0263   (Y': 15.1945   Cb: 16.0692   Cr: 17.0021 )
00000476: 16.2026   (Y': 15.2413   Cb: 16.3881   Cr: 17.2039 )
00000477: 16.272    (Y': 15.2362   Cb: 16.5348   Cr: 17.2994 )
00000478: 16.2722   (Y': 15.192    Cb: 16.5683   Cr: 17.3317 )
00000479: 16.2846   (Y': 15.1794   Cb: 16.6197   Cr: 17.3389 )
00000480: 16.2456   (Y': 15.2004   Cb: 16.5164   Cr: 17.2783 )
00000481: 16.2458   (Y': 15.2172   Cb: 16.5273   Cr: 17.2393 )
00000482: 16.2746   (Y': 15.1094   Cb: 16.6216   Cr: 17.415  )
00000483: 16.2438   (Y': 15.0792   Cb: 16.5888   Cr: 17.3856 )
00000484: 16.2096   (Y': 14.9376   Cb: 16.6979   Cr: 17.3668 )
00000485: 16.1757   (Y': 14.7576   Cb: 16.7861   Cr: 17.4541 )
00000487: 17.244    (Y': 15.4215   Cb: 18.301    Cr: 18.8266 )
00000486: 17.0532   (Y': 15.3488   Cb: 17.9741   Cr: 18.5375 )
00000488: 17.0371   (Y': 15.4468   Cb: 17.8441   Cr: 18.4197 )
00000489: 16.7498   (Y': 15.2959   Cb: 17.4158   Cr: 18.031  )
00000490: 16.5078   (Y': 15.1517   Cb: 17.0225   Cr: 17.7846 )
00000491: 16.6173   (Y': 15.247    Cb: 17.1362   Cr: 17.9151 )
00000492: 16.9522   (Y': 15.5911   Cb: 17.4734   Cr: 18.2304 )
00000493: 16.932    (Y': 15.6144   Cb: 17.4087   Cr: 18.1841 )
00000495: 16.6819   (Y': 15.457    Cb: 17.0737   Cr: 17.8716 )
00000494: 16.7485   (Y': 15.4614   Cb: 17.24     Cr: 17.9286 )
00000496: 16.7727   (Y': 15.3726   Cb: 17.3437   Cr: 18.0639 )
00000497: 16.7795   (Y': 15.2717   Cb: 17.4173   Cr: 18.1971 )
00000499: 16.8232   (Y': 15.3512   Cb: 17.3714   Cr: 18.2792 )
00000498: 16.7848   (Y': 15.294    Cb: 17.4112   Cr: 18.1831 )
00000500: 16.9242   (Y': 15.411    Cb: 17.5225   Cr: 18.4001 )
00000501: 16.9828   (Y': 15.4189   Cb: 17.6122   Cr: 18.5232 )
00000502: 17.0885   (Y': 15.5626   Cb: 17.6823   Cr: 18.5956 )
00000503: 17.1553   (Y': 15.5966   Cb: 17.7886   Cr: 18.6801 )
00000504: 17.1584   (Y': 15.5927   Cb: 17.8149   Cr: 18.6689 )
00000505: 17.0925   (Y': 15.5574   Cb: 17.6743   Cr: 18.633  )
00000506: 16.9677   (Y': 15.4372   Cb: 17.5001   Cr: 18.5608 )
00000507: 16.9151   (Y': 15.419    Cb: 17.3936   Cr: 18.5073 )
00000508: 16.8609   (Y': 15.4721   Cb: 17.2089   Cr: 18.4091 )
00000509: 16.8764   (Y': 15.4994   Cb: 17.2086   Cr: 18.4219 )
00000510: 16.8353   (Y': 15.4383   Cb: 17.1984   Cr: 18.3792 )
00000511: 16.8567   (Y': 15.4467   Cb: 17.2279   Cr: 18.4161 )
00000512: 16.6295   (Y': 15.1624   Cb: 16.9542   Cr: 18.3676 )
00000513: 16.6256   (Y': 15.1483   Cb: 16.913    Cr: 18.4379 )
00000515: 16.8906   (Y': 15.2926   Cb: 17.292    Cr: 18.8049 )
00000514: 16.7542   (Y': 15.2108   Cb: 17.0868   Cr: 18.6452 )
00000516: 17.1523   (Y': 15.4779   Cb: 17.6682   Cr: 19.0797 )
00000517: 17.1834   (Y': 15.5007   Cb: 17.7269   Cr: 19.092  )
00000519: 17.3175   (Y': 15.7065   Cb: 17.8421   Cr: 19.0912 )
00000518: 17.3256   (Y': 15.717    Cb: 17.8523   Cr: 19.0915 )
00000520: 17.3895   (Y': 15.8258   Cb: 17.8776   Cr: 19.11   )
00000521: 17.3688   (Y': 15.8737   Cb: 17.8013   Cr: 19.0193 )
00000522: 17.4053   (Y': 15.9643   Cb: 17.8435   Cr: 18.939  )
00000523: 17.4128   (Y': 15.9612   Cb: 17.8863   Cr: 18.922  )
00000525: 17.291    (Y': 15.8591   Cb: 17.7232   Cr: 18.8141 )
00000524: 17.3756   (Y': 15.9307   Cb: 17.8201   Cr: 18.909  )
00000526: 17.2778   (Y': 15.7982   Cb: 17.7673   Cr: 18.8224 )
00000527: 17.2298   (Y': 15.7815   Cb: 17.7087   Cr: 18.7257 )
00000528: 17.1861   (Y': 15.6961   Cb: 17.7119   Cr: 18.7059 )
00000529: 17.2048   (Y': 15.6601   Cb: 17.7679   Cr: 18.7882 )
00000530: 17.1379   (Y': 15.5229   Cb: 17.7457   Cr: 18.8121 )
00000531: 17.1015   (Y': 15.4806   Cb: 17.7188   Cr: 18.7756 )
00000532: 17.0936   (Y': 15.4921   Cb: 17.652    Cr: 18.8024 )
00000533: 17.0732   (Y': 15.4653   Cb: 17.653    Cr: 18.7679 )
00000534: 17.0768   (Y': 15.4065   Cb: 17.7683   Cr: 18.7633 )
00000535: 17.0136   (Y': 15.3484   Cb: 17.6807   Cr: 18.7203 )
00000536: 16.8992   (Y': 15.28     Cb: 17.5143   Cr: 18.5726 )
00000537: 16.8449   (Y': 15.1973   Cb: 17.4627   Cr: 18.5765 )
00000538: 16.8496   (Y': 15.2196   Cb: 17.4228   Cr: 18.6005 )
00000539: 16.858    (Y': 15.2355   Cb: 17.3682   Cr: 18.6765 )
00000540: 16.7979   (Y': 15.144    Cb: 17.2998   Cr: 18.698  )
00000541: 16.7561   (Y': 15.0739   Cb: 17.2215   Cr: 18.7729 )
00000543: 16.6264   (Y': 14.9807   Cb: 16.9746   Cr: 18.7285 )
00000542: 16.6704   (Y': 15.0183   Cb: 17.0766   Cr: 18.7022 )
00000544: 16.6772   (Y': 14.9968   Cb: 17.0343   Cr: 18.8487 )
00000545: 16.5674   (Y': 14.9504   Cb: 16.8697   Cr: 18.6709 )
00000546: 16.5789   (Y': 15.0542   Cb: 16.8251   Cr: 18.5543 )
00000547: 16.5734   (Y': 15.1091   Cb: 16.7691   Cr: 18.4907 )
00000548: 16.6249   (Y': 15.289    Cb: 16.8709   Cr: 18.2059 )
00000550: 17.4676   (Y': 15.9616   Cb: 17.9672   Cr: 19.0531 )
00000549: 17.4155   (Y': 15.8965   Cb: 17.8901   Cr: 19.0601 )
00000551: 17.2289   (Y': 15.947    Cb: 17.5504   Cr: 18.6074 )
00000552: 16.6118   (Y': 15.4841   Cb: 16.8096   Cr: 17.8727 )
00000553: 16.5747   (Y': 15.4632   Cb: 16.7892   Cr: 17.7865 )
00000555: 16.7152   (Y': 15.7206   Cb: 16.9326   Cr: 17.7307 )
00000554: 16.6611   (Y': 15.6083   Cb: 16.8931   Cr: 17.753  )
00000556: 16.4405   (Y': 15.5038   Cb: 16.6193   Cr: 17.4117 )
00000559: 16.3961   (Y': 15.5051   Cb: 16.504    Cr: 17.3823 )
00000557: 16.4808   (Y': 15.5569   Cb: 16.6321   Cr: 17.4651 )
00000558: 16.4166   (Y': 15.4918   Cb: 16.5422   Cr: 17.4339 )
00000560: 16.3728   (Y': 15.4971   Cb: 16.4839   Cr: 17.3318 )
00000561: 16.286    (Y': 15.3601   Cb: 16.441    Cr: 17.269  )
00000563: 16.0872   (Y': 15.2564   Cb: 16.2378   Cr: 16.932  )
00000562: 16.1369   (Y': 15.2561   Cb: 16.314    Cr: 17.0245 )
00000564: 16.0289   (Y': 15.2548   Cb: 16.143    Cr: 16.8339 )
00000565: 16.0192   (Y': 15.2565   Cb: 16.1591   Cr: 16.7778 )
00000567: 15.9104   (Y': 15.1416   Cb: 16.1099   Cr: 16.6101 )
00000566: 15.9708   (Y': 15.2206   Cb: 16.1077   Cr: 16.7151 )
00000568: 15.8303   (Y': 15.0482   Cb: 16.0489   Cr: 16.527  )
00000569: 15.779    (Y': 14.9997   Cb: 15.9828   Cr: 16.4883 )
00000571: 15.6383   (Y': 14.8885   Cb: 15.8231   Cr: 16.3277 )
00000570: 15.708    (Y': 15.0357   Cb: 15.837    Cr: 16.3538 )
00000572: 15.4803   (Y': 14.6184   Cb: 15.8169   Cr: 16.1604 )
00000573: 15.4236   (Y': 14.5773   Cb: 15.7616   Cr: 16.0801 )
00000575: 15.3832   (Y': 14.6495   Cb: 15.5929   Cr: 16.0227 )
00000574: 15.393    (Y': 14.5943   Cb: 15.6535   Cr: 16.0668 )
00000576: 15.314    (Y': 14.7502   Cb: 15.3949   Cr: 15.8699 )
00000577: 15.2719   (Y': 14.7531   Cb: 15.2975   Cr: 15.832  )
00000579: 15.278    (Y': 14.8564   Cb: 15.2034   Cr: 15.8294 )
00000580: 15.3067   (Y': 15.066    Cb: 15.1085   Cr: 15.7822 )
00000578: 15.2598   (Y': 14.8241   Cb: 15.2137   Cr: 15.7962 )
00000582: 15.3666   (Y': 15.4111   Cb: 15.0017   Cr: 15.7169 )
00000581: 15.2998   (Y': 15.1654   Cb: 15.0379   Cr: 15.7265 )
00000583: 15.3783   (Y': 15.5708   Cb: 14.9354   Cr: 15.6654 )
00000584: 15.3907   (Y': 15.6937   Cb: 14.8587   Cr: 15.6729 )
00000588: 15.7003   (Y': 16.0444   Cb: 15.1415   Cr: 15.9743 )
00000590: 15.839    (Y': 15.8705   Cb: 15.4561   Cr: 16.2246 )
00000587: 15.4054   (Y': 15.9569   Cb: 14.7153   Cr: 15.6417 )
00000585: 15.3507   (Y': 15.6589   Cb: 14.7735   Cr: 15.683  )
00000586: 15.3565   (Y': 15.8766   Cb: 14.6714   Cr: 15.6162 )
00000589: 15.5905   (Y': 16.0908   Cb: 14.9883   Cr: 15.7674 )
Total: 15.9037   (Y': 15.261    Cb: 15.4339   Cr: 17.2929 )
