00000000: 11.5323   (Y': 8.07137   Cb: 15.1365   Cr: 16.1513 )
00000001: 11.5305   (Y': 8.07035   Cb: 15.1454   Cr: 16.1309 )
00000002: 11.5437   (Y': 8.08998   Cb: 15.1458   Cr: 16.1194 )
00000005: 11.5303   (Y': 8.0771    Cb: 15.1121   Cr: 16.1282 )
00000003: 11.5312   (Y': 8.07682   Cb: 15.1251   Cr: 16.1209 )
00000006: 11.5279   (Y': 8.06774   Cb: 15.167    Cr: 16.0977 )
00000004: 11.5185   (Y': 8.06701   Cb: 15.0831   Cr: 16.1271 )
00000007: 11.5431   (Y': 8.09434   Cb: 15.1255   Cr: 16.1119 )
00000009: 11.5136   (Y': 8.05339   Cb: 15.1478   Cr: 16.0903 )
00000008: 11.5429   (Y': 8.08693   Cb: 15.1699   Cr: 16.1019 )
00000010: 11.5193   (Y': 8.06478   Cb: 15.1308   Cr: 16.088  )
00000011: 11.5229   (Y': 8.06573   Cb: 15.1195   Cr: 16.1277 )
00000013: 11.5147   (Y': 8.06172   Cb: 15.0896   Cr: 16.12   )
00000012: 11.5052   (Y': 8.05312   Cb: 15.0843   Cr: 16.0995 )
00000015: 11.5054   (Y': 8.05163   Cb: 15.0725   Cr: 16.1256 )
00000014: 11.5158   (Y': 8.06622   Cb: 15.0781   Cr: 16.1152 )
00000016: 11.5264   (Y': 8.08586   Cb: 15.0433   Cr: 16.1256 )
00000017: 11.5213   (Y': 8.07752   Cb: 15.0483   Cr: 16.1285 )
00000018: 11.4973   (Y': 8.04011   Cb: 15.0694   Cr: 16.1326 )
00000019: 11.5207   (Y': 8.07451   Cb: 15.062    Cr: 16.1247 )
00000020: 11.5232   (Y': 8.07515   Cb: 15.0837   Cr: 16.1151 )
00000021: 11.5219   (Y': 8.07205   Cb: 15.0757   Cr: 16.1334 )
00000022: 11.5032   (Y': 8.05295   Cb: 15.0481   Cr: 16.1287 )
00000023: 11.4998   (Y': 8.05156   Cb: 15.0655   Cr: 16.0862 )
00000024: 11.5012   (Y': 8.04493   Cb: 15.0745   Cr: 16.129  )
00000025: 11.5056   (Y': 8.06209   Cb: 15.0349   Cr: 16.108  )
00000026: 11.5118   (Y': 8.05833   Cb: 15.0846   Cr: 16.1224 )
00000027: 11.5157   (Y': 8.06393   Cb: 15.0812   Cr: 16.1251 )
00000029: 11.5137   (Y': 8.06366   Cb: 15.0571   Cr: 16.1396 )
00000028: 11.5187   (Y': 8.07138   Cb: 15.059    Cr: 16.1316 )
00000030: 11.5086   (Y': 8.06327   Cb: 15.0246   Cr: 16.14   )
00000031: 11.5217   (Y': 8.07073   Cb: 15.0836   Cr: 16.13   )
00000032: 11.5169   (Y': 8.07058   Cb: 15.0517   Cr: 16.1302 )
00000033: 11.5155   (Y': 8.06672   Cb: 15.0709   Cr: 16.1187 )
00000034: 11.5229   (Y': 8.0731    Cb: 15.0857   Cr: 16.123  )
00000035: 11.528    (Y': 8.09641   Cb: 15.011    Cr: 16.1139 )
00000036: 11.5462   (Y': 8.11197   Cb: 15.0559   Cr: 16.1151 )
00000037: 11.5141   (Y': 8.06513   Cb: 15.0449   Cr: 16.1495 )
00000038: 11.5333   (Y': 8.08747   Cb: 15.0628   Cr: 16.1504 )
00000039: 11.5949   (Y': 8.16648   Cb: 15.0855   Cr: 16.1518 )
00000040: 11.5923   (Y': 8.16925   Cb: 15.0707   Cr: 16.131  )
00000041: 11.5628   (Y': 8.12966   Cb: 15.0762   Cr: 16.1196 )
00000042: 11.564    (Y': 8.12417   Cb: 15.099    Cr: 16.1363 )
00000043: 11.7077   (Y': 8.28574   Cb: 15.1583   Cr: 16.2752 )
00000045: 11.9476   (Y': 8.54978   Cb: 15.4099   Cr: 16.3512 )
00000044: 11.8058   (Y': 8.38812   Cb: 15.2771   Cr: 16.3197 )
00000046: 11.9843   (Y': 8.56677   Cb: 15.4471   Cr: 16.5084 )
00000047: 12.0319   (Y': 8.59168   Cb: 15.5724   Cr: 16.5997 )
00000048: 12.1024   (Y': 8.6622    Cb: 15.6331   Cr: 16.6819 )
00000049: 12.2862   (Y': 8.84452   Cb: 15.8664   Cr: 16.8133 )
00000050: 12.3614   (Y': 8.91712   Cb: 16.006    Cr: 16.8253 )
00000052: 12.598    (Y': 9.12622   Cb: 16.3673   Cr: 17.084  )
00000053: 12.7571   (Y': 9.26974   Cb: 16.5267   Cr: 17.3412 )
00000051: 12.5171   (Y': 9.06364   Cb: 16.1943   Cr: 16.9991 )
00000054: 12.8088   (Y': 9.32427   Cb: 16.5848   Cr: 17.3672 )
00000055: 12.9897   (Y': 9.50706   Cb: 16.8395   Cr: 17.4498 )
00000057: 13.2744   (Y': 9.79839   Cb: 17.2995   Cr: 17.5016 )
00000056: 13.0655   (Y': 9.58163   Cb: 16.9595   Cr: 17.4826 )
00000058: 13.2909   (Y': 9.80591   Cb: 17.3521   Cr: 17.5336 )
00000059: 13.4092   (Y': 9.94147   Cb: 17.4361   Cr: 17.5864 )
00000060: 13.4301   (Y': 9.939     Cb: 17.6022   Cr: 17.5954 )
00000062: 13.6852   (Y': 10.215    Cb: 17.8357   Cr: 17.7516 )
00000061: 13.5931   (Y': 10.1143   Cb: 17.7094   Cr: 17.743  )
00000063: 13.8181   (Y': 10.389    Cb: 17.8621   Cr: 17.7605 )
00000064: 13.8322   (Y': 10.4089   Cb: 17.8682   Cr: 17.7503 )
00000065: 14.0261   (Y': 10.6339   Cb: 18.1011   Cr: 17.7438 )
00000066: 14.1211   (Y': 10.7342   Cb: 18.1283   Cr: 17.8743 )
00000067: 14.2557   (Y': 10.8873   Cb: 18.1294   Cr: 18.0417 )
00000068: 14.3065   (Y': 10.9573   Cb: 18.1429   Cr: 18.0304 )
00000070: 14.2102   (Y': 10.8775   Cb: 17.9023   Cr: 17.9932 )
00000069: 14.2501   (Y': 10.9297   Cb: 17.9222   Cr: 17.9906 )
00000071: 14.2625   (Y': 10.9169   Cb: 18.0076   Cr: 18.058  )
00000072: 14.1785   (Y': 10.83     Cb: 18.0244   Cr: 17.8894 )
00000073: 13.9286   (Y': 10.5561   Cb: 17.9495   Cr: 17.5951 )
00000076: 13.6014   (Y': 10.2014   Cb: 17.6164   Cr: 17.4159 )
00000077: 13.6101   (Y': 10.2024   Cb: 17.685    Cr: 17.408  )
00000075: 13.9513   (Y': 10.5899   Cb: 17.9368   Cr: 17.5954 )
00000074: 14.4739   (Y': 11.1241   Cb: 18.5283   Cr: 17.9978 )
00000078: 13.5512   (Y': 10.1526   Cb: 17.6066   Cr: 17.3199 )
00000079: 13.5273   (Y': 10.1369   Cb: 17.5934   Cr: 17.2433 )
00000080: 13.6333   (Y': 10.2382   Cb: 17.6816   Cr: 17.3906 )
00000082: 13.6779   (Y': 10.2405   Cb: 17.8132   Cr: 17.5775 )
00000081: 13.6696   (Y': 10.2553   Cb: 17.7507   Cr: 17.4964 )
00000085: 13.9194   (Y': 10.4706   Cb: 18.0531   Cr: 17.8827 )
00000084: 13.7721   (Y': 10.3284   Cb: 17.9225   Cr: 17.6916 )
00000083: 13.7333   (Y': 10.3074   Cb: 17.7932   Cr: 17.6425 )
00000086: 13.9571   (Y': 10.4838   Cb: 18.151    Cr: 17.9991 )
00000087: 14.0483   (Y': 10.5153   Cb: 18.3433   Cr: 18.3407 )
00000089: 14.2731   (Y': 10.7468   Cb: 18.5289   Cr: 18.5639 )
00000088: 14.1047   (Y': 10.5632   Cb: 18.3982   Cr: 18.45   )
00000090: 14.3151   (Y': 10.7937   Cb: 18.5711   Cr: 18.5759 )
00000091: 14.3914   (Y': 10.8872   Cb: 18.6231   Cr: 18.5741 )
00000092: 14.3353   (Y': 10.8138   Cb: 18.6266   Cr: 18.5618 )
00000093: 14.3395   (Y': 10.8214   Cb: 18.6452   Cr: 18.532  )
00000094: 14.3507   (Y': 10.8284   Cb: 18.6353   Cr: 18.5886 )
00000095: 14.4041   (Y': 10.9056   Cb: 18.6491   Cr: 18.5403 )
00000096: 14.4026   (Y': 10.9017   Cb: 18.6185   Cr: 18.5816 )
00000097: 14.4195   (Y': 10.9153   Cb: 18.6088   Cr: 18.6446 )
00000098: 14.4123   (Y': 10.8923   Cb: 18.6128   Cr: 18.7206 )
00000099: 14.3946   (Y': 10.8833   Cb: 18.5788   Cr: 18.6668 )
00000101: 14.2236   (Y': 10.7054   Cb: 18.3495   Cr: 18.5993 )
00000102: 14.2376   (Y': 10.7209   Cb: 18.3543   Cr: 18.6139 )
00000100: 14.3065   (Y': 10.7914   Cb: 18.4748   Cr: 18.6179 )
00000103: 14.2538   (Y': 10.7336   Cb: 18.4107   Cr: 18.6094 )
00000105: 14.25     (Y': 10.757    Cb: 18.3679   Cr: 18.4814 )
00000106: 14.1515   (Y': 10.651    Cb: 18.2425   Cr: 18.4554 )
00000104: 14.2277   (Y': 10.7102   Cb: 18.3467   Cr: 18.606  )
00000107: 14.1611   (Y': 10.6674   Cb: 18.2675   Cr: 18.4086 )
00000108: 14.0773   (Y': 10.5575   Cb: 18.2526   Cr: 18.4109 )
00000110: 14.0083   (Y': 10.4961   Cb: 18.1199   Cr: 18.3625 )
00000109: 14.1006   (Y': 10.612    Cb: 18.177    Cr: 18.3494 )
00000111: 14.0033   (Y': 10.5138   Cb: 18.0457   Cr: 18.2928 )
00000112: 13.9955   (Y': 10.5148   Cb: 18.0015   Cr: 18.2705 )
00000113: 13.9498   (Y': 10.4561   Cb: 18.0056   Cr: 18.2506 )
00000114: 13.9465   (Y': 10.4511   Cb: 17.991    Cr: 18.2686 )
00000115: 13.978    (Y': 10.4914   Cb: 17.9374   Cr: 18.3391 )
00000117: 14.0669   (Y': 10.5821   Cb: 17.9873   Cr: 18.46   )
00000116: 14.0024   (Y': 10.5175   Cb: 17.9409   Cr: 18.3759 )
00000118: 14.0942   (Y': 10.6067   Cb: 18.0487   Cr: 18.4664 )
00000119: 14.0933   (Y': 10.5981   Cb: 18.0456   Cr: 18.5152 )
00000120: 14.193    (Y': 10.7254   Cb: 18.092    Cr: 18.5057 )
00000122: 14.2847   (Y': 10.8325   Cb: 18.0672   Cr: 18.6348 )
00000121: 14.1973   (Y': 10.7273   Cb: 18.0396   Cr: 18.5879 )
00000123: 14.303    (Y': 10.844    Cb: 18.0724   Cr: 18.7097 )
00000124: 14.3122   (Y': 10.8619   Cb: 18.0444   Cr: 18.7094 )
00000125: 14.4104   (Y': 10.975    Cb: 18.0288   Cr: 18.8515 )
00000127: 14.5622   (Y': 11.1241   Cb: 18.1648   Cr: 19.0398 )
00000126: 14.4523   (Y': 10.9971   Cb: 18.1218   Cr: 18.9542 )
00000128: 14.599    (Y': 11.178    Cb: 18.1413   Cr: 19.0444 )
00000129: 14.572    (Y': 11.1297   Cb: 18.1334   Cr: 19.1257 )
00000130: 14.573    (Y': 11.1322   Cb: 18.1226   Cr: 19.1328 )
00000131: 14.5524   (Y': 11.1017   Cb: 18.1902   Cr: 19.0646 )
00000132: 14.5544   (Y': 11.0986   Cb: 18.2531   Cr: 19.0247 )
00000133: 14.6236   (Y': 11.1917   Cb: 18.3007   Cr: 18.9739 )
00000134: 14.6716   (Y': 11.3109   Cb: 18.4039   Cr: 18.5594 )
00000135: 14.612    (Y': 11.2181   Cb: 18.4483   Cr: 18.5707 )
00000137: 14.6146   (Y': 11.2326   Cb: 18.4496   Cr: 18.5106 )
00000136: 14.6328   (Y': 11.2533   Cb: 18.4568   Cr: 18.5267 )
00000138: 14.5714   (Y': 11.1755   Cb: 18.4983   Cr: 18.4492 )
00000139: 14.5423   (Y': 11.1386   Cb: 18.4582   Cr: 18.4737 )
00000141: 14.505    (Y': 11.1128   Cb: 18.4354   Cr: 18.3596 )
00000140: 14.4959   (Y': 11.0892   Cb: 18.4204   Cr: 18.4343 )
00000142: 14.4479   (Y': 11.0467   Cb: 18.3893   Cr: 18.3401 )
00000143: 14.4116   (Y': 10.9858   Cb: 18.3935   Cr: 18.3973 )
00000144: 14.3797   (Y': 10.9555   Cb: 18.3499   Cr: 18.3681 )
00000145: 14.375    (Y': 10.9261   Cb: 18.3634   Cr: 18.4836 )
00000146: 14.3568   (Y': 10.8989   Cb: 18.4114   Cr: 18.4487 )
00000147: 14.4095   (Y': 10.9483   Cb: 18.4276   Cr: 18.5576 )
00000148: 14.3987   (Y': 10.9363   Cb: 18.3755   Cr: 18.5969 )
00000149: 14.4045   (Y': 10.9202   Cb: 18.4257   Cr: 18.6851 )
00000150: 14.346    (Y': 10.8599   Cb: 18.3901   Cr: 18.613  )
00000152: 14.3267   (Y': 10.8514   Cb: 18.3373   Cr: 18.5655 )
00000151: 14.3322   (Y': 10.8532   Cb: 18.4081   Cr: 18.5243 )
00000153: 14.2952   (Y': 10.8458   Cb: 18.1567   Cr: 18.5408 )
00000154: 14.2476   (Y': 10.7838   Cb: 18.1137   Cr: 18.5739 )
00000155: 14.1728   (Y': 10.6595   Cb: 18.181    Cr: 18.6451 )
00000156: 14.1876   (Y': 10.6802   Cb: 18.1175   Cr: 18.7114 )
00000158: 14.2244   (Y': 10.7118   Cb: 17.9935   Cr: 18.975  )
00000157: 14.1714   (Y': 10.6291   Cb: 18.0603   Cr: 18.9737 )
00000159: 14.1093   (Y': 10.6056   Cb: 17.7303   Cr: 18.9906 )
00000160: 14.1061   (Y': 10.621    Cb: 17.6585   Cr: 18.9518 )
00000161: 14.0574   (Y': 10.5846   Cb: 17.5237   Cr: 18.9377 )
00000162: 14.0553   (Y': 10.5935   Cb: 17.5454   Cr: 18.8284 )
00000163: 13.9483   (Y': 10.4748   Cb: 17.3773   Cr: 18.8853 )
00000164: 13.8905   (Y': 10.4497   Cb: 17.2689   Cr: 18.6765 )
00000165: 13.6753   (Y': 10.2573   Cb: 17.0454   Cr: 18.3236 )
00000166: 13.5751   (Y': 10.1696   Cb: 16.8625   Cr: 18.2558 )
00000167: 13.3781   (Y': 9.95937   Cb: 16.6725   Cr: 18.1351 )
00000169: 13.0169   (Y': 9.61496   Cb: 16.1237   Cr: 17.9354 )
00000168: 13.3031   (Y': 9.90657   Cb: 16.4925   Cr: 18.0635 )
00000170: 12.9578   (Y': 9.54844   Cb: 16.0679   Cr: 17.9218 )
00000171: 12.857    (Y': 9.47342   Cb: 15.8997   Cr: 17.7488 )
00000172: 12.7813   (Y': 9.37758   Cb: 15.8596   Cr: 17.7548 )
00000173: 12.7966   (Y': 9.4188    Cb: 15.7761   Cr: 17.7472 )
00000174: 12.9234   (Y': 9.54764   Cb: 15.9573   Cr: 17.7761 )
00000175: 13.0012   (Y': 9.61431   Cb: 16.0665   Cr: 17.8806 )
00000176: 13.0464   (Y': 9.64944   Cb: 16.1501   Cr: 17.9354 )
00000177: 13.3001   (Y': 9.90518   Cb: 16.3365   Cr: 18.2791 )
00000179: 13.6341   (Y': 10.2595   Cb: 16.6828   Cr: 18.4571 )
00000178: 13.341    (Y': 9.94899   Cb: 16.4057   Cr: 18.2555 )
00000180: 13.7427   (Y': 10.3529   Cb: 16.8156   Cr: 18.6307 )
00000181: 13.9457   (Y': 10.5661   Cb: 17.013    Cr: 18.7737 )
00000182: 14.1223   (Y': 10.7532   Cb: 17.2571   Cr: 18.7837 )
00000183: 14.3555   (Y': 10.9504   Cb: 17.655    Cr: 19.0168 )
00000184: 14.5276   (Y': 11.1249   Cb: 17.9313   Cr: 19.0355 )
00000185: 14.6534   (Y': 11.246    Cb: 18.2131   Cr: 18.9957 )
00000186: 14.7263   (Y': 11.3225   Cb: 18.3064   Cr: 19.023  )
00000187: 14.8465   (Y': 11.4036   Cb: 18.6533   Cr: 19.1143 )
00000190: 15.1349   (Y': 11.6468   Cb: 19.4198   Cr: 19.1738 )
00000188: 14.9654   (Y': 11.528    Cb: 18.9389   Cr: 19.0237 )
00000189: 15.0561   (Y': 11.5994   Cb: 19.1813   Cr: 19.0712 )
00000191: 15.2593   (Y': 11.7705   Cb: 19.6315   Cr: 19.2214 )
00000192: 15.3119   (Y': 11.8434   Cb: 19.6017   Cr: 19.2364 )
00000193: 15.3924   (Y': 11.9439   Cb: 19.6114   Cr: 19.2731 )
00000194: 15.3872   (Y': 11.9382   Cb: 19.6362   Cr: 19.2435 )
00000195: 15.2258   (Y': 11.8026   Cb: 19.339    Cr: 19.0697 )
00000196: 15.2479   (Y': 11.8365   Cb: 19.21     Cr: 19.1742 )
00000197: 15.1725   (Y': 11.7073   Cb: 19.3397   Cr: 19.1946 )
00000198: 15.0948   (Y': 11.6844   Cb: 19.1011   Cr: 18.9722 )
00000199: 14.9047   (Y': 11.5403   Cb: 18.6509   Cr: 18.798  )
00000200: 14.8651   (Y': 11.522    Cb: 18.5782   Cr: 18.6808 )
00000201: 14.6205   (Y': 11.3039   Cb: 18.3308   Cr: 18.3033 )
00000202: 14.5664   (Y': 11.2997   Cb: 18.1577   Cr: 18.1223 )
00000203: 14.2211   (Y': 10.9819   Cb: 17.8417   Cr: 17.6188 )
00000204: 14.1264   (Y': 10.9059   Cb: 17.7064   Cr: 17.477  )
00000205: 13.7703   (Y': 10.5937   Cb: 17.1418   Cr: 17.1259 )
00000206: 13.624    (Y': 10.4509   Cb: 17.055    Cr: 16.9051 )
00000207: 13.393    (Y': 10.278    Cb: 16.5801   Cr: 16.6614 )
00000208: 13.3504   (Y': 10.2177   Cb: 16.4978   Cr: 16.7385 )
00000209: 13.161    (Y': 10.0221   Cb: 16.3486   Cr: 16.5343 )
00000210: 13.0596   (Y': 9.93746   Cb: 16.2991   Cr: 16.3062 )
00000211: 12.7959   (Y': 9.6825    Cb: 15.947    Cr: 16.0942 )
00000212: 12.5787   (Y': 9.49451   Cb: 15.7188   Cr: 15.7628 )
00000213: 12.3421   (Y': 9.32562   Cb: 15.3923   Cr: 15.3375 )
00000214: 12.2446   (Y': 9.24447   Cb: 15.3517   Cr: 15.1206 )
00000215: 12.0233   (Y': 9.01568   Cb: 15.1485   Cr: 14.9112 )
00000216: 11.8858   (Y': 8.90138   Cb: 14.9835   Cr: 14.7103 )
00000217: 11.6519   (Y': 8.65675   Cb: 14.7183   Cr: 14.5475 )
00000218: 11.4525   (Y': 8.46789   Cb: 14.4986   Cr: 14.327  )
00000219: 11.1317   (Y': 8.13627   Cb: 14.1574   Cr: 14.0678 )
00000220: 10.9773   (Y': 8.00046   Cb: 13.9751   Cr: 13.8687 )
00000221: 10.7222   (Y': 7.75172   Cb: 13.705    Cr: 13.6033 )
00000222: 10.5755   (Y': 7.60214   Cb: 13.527    Cr: 13.4989 )
00000223: 10.2168   (Y': 7.26614   Cb: 13.0678   Cr: 13.1531 )
00000225: 9.98922   (Y': 7.05007   Cb: 12.8174   Cr: 12.9043 )
00000224: 10.0893   (Y': 7.146     Cb: 12.9155   Cr: 13.0223 )
00000226: 9.9813    (Y': 7.05082   Cb: 12.7854   Cr: 12.8876 )
00000227: 9.96109   (Y': 7.04385   Cb: 12.7339   Cr: 12.8489 )
00000228: 9.97288   (Y': 7.05761   Cb: 12.7319   Cr: 12.8675 )
00000229: 9.98719   (Y': 7.08368   Cb: 12.7225   Cr: 12.8616 )
00000230: 9.9801    (Y': 7.06663   Cb: 12.7172   Cr: 12.8905 )
00000231: 9.98996   (Y': 7.07112   Cb: 12.7467   Cr: 12.9006 )
00000233: 10.0404   (Y': 7.13094   Cb: 12.7731   Cr: 12.9401 )
00000232: 9.98629   (Y': 7.07564   Cb: 12.7111   Cr: 12.8987 )
00000234: 10.0357   (Y': 7.12029   Cb: 12.7738   Cr: 12.9526 )
00000235: 10.1091   (Y': 7.18793   Cb: 12.8468   Cr: 13.0485 )
00000236: 10.1587   (Y': 7.23307   Cb: 12.9232   Cr: 13.0872 )
00000237: 10.1978   (Y': 7.25962   Cb: 13.0138   Cr: 13.1214 )
00000238: 10.2138   (Y': 7.28268   Cb: 13.0385   Cr: 13.1016 )
00000239: 10.1261   (Y': 7.17043   Cb: 12.9843   Cr: 13.0743 )
00000241: 10.0242   (Y': 7.04992   Cb: 12.8884   Cr: 13.0396 )
00000240: 10.0961   (Y': 7.13736   Cb: 12.9478   Cr: 13.0631 )
00000242: 9.98848   (Y': 7.00458   Cb: 12.8605   Cr: 13.0341 )
00000244: 9.86355   (Y': 6.87551   Cb: 12.7366   Cr: 12.9248 )
00000245: 9.78633   (Y': 6.80144   Cb: 12.6584   Cr: 12.8359 )
00000243: 9.90747   (Y': 6.9276    Cb: 12.7683   Cr: 12.9487 )
00000246: 9.79597   (Y': 6.81064   Cb: 12.6677   Cr: 12.8477 )
00000247: 9.76033   (Y': 6.76321   Cb: 12.6316   Cr: 12.8601 )
00000248: 9.87299   (Y': 6.88443   Cb: 12.7575   Cr: 12.9244 )
00000249: 10.0636   (Y': 7.09189   Cb: 12.9067   Cr: 13.0907 )
00000250: 10.1194   (Y': 7.14047   Cb: 12.9915   Cr: 13.145  )
00000251: 10.1661   (Y': 7.20165   Cb: 13.0316   Cr: 13.1413 )
00000252: 10.1834   (Y': 7.23202   Cb: 13.0038   Cr: 13.1536 )
00000253: 10.1837   (Y': 7.23469   Cb: 12.9951   Cr: 13.154  )
00000255: 10.1615   (Y': 7.23367   Cb: 12.9843   Cr: 13.0389 )
00000254: 10.1646   (Y': 7.22083   Cb: 12.9794   Cr: 13.1112 )
00000256: 10.1809   (Y': 7.25663   Cb: 12.9975   Cr: 13.0509 )
00000257: 10.2518   (Y': 7.32319   Cb: 13.0628   Cr: 13.1437 )
00000258: 10.2497   (Y': 7.32021   Cb: 13.0656   Cr: 13.1402 )
00000259: 10.3078   (Y': 7.41646   Cb: 13.0085   Cr: 13.1719 )
00000260: 10.2525   (Y': 7.36883   Cb: 12.9256   Cr: 13.1166 )
00000261: 10.2859   (Y': 7.44537   Cb: 12.8755   Cr: 13.0777 )
00000262: 10.2568   (Y': 7.41574   Cb: 12.8848   Cr: 13.0107 )
00000263: 10.2623   (Y': 7.46093   Cb: 12.7921   Cr: 12.9752 )
00000264: 10.2438   (Y': 7.48025   Cb: 12.7387   Cr: 12.8603 )
00000265: 10.2294   (Y': 7.51272   Cb: 12.6618   Cr: 12.7507 )
00000266: 10.2114   (Y': 7.51443   Cb: 12.6406   Cr: 12.6708 )
00000267: 10.1593   (Y': 7.50569   Cb: 12.4947   Cr: 12.5731 )
00000268: 10.1026   (Y': 7.46093   Cb: 12.4126   Cr: 12.504  )
00000270: 10.0317   (Y': 7.42765   Cb: 12.2507   Cr: 12.4073 )
00000269: 10.0745   (Y': 7.45909   Cb: 12.2931   Cr: 12.4868 )
00000271: 9.97215   (Y': 7.41059   Cb: 12.1052   Cr: 12.305  )
00000272: 9.92948   (Y': 7.37575   Cb: 12.0602   Cr: 12.2406 )
00000273: 9.84664   (Y': 7.315     Cb: 11.9456   Cr: 12.1236 )
00000274: 9.8097    (Y': 7.29202   Cb: 11.911    Cr: 12.0423 )
00000275: 9.7447    (Y': 7.23216   Cb: 11.8271   Cr: 11.9815 )
00000276: 9.78297   (Y': 7.27905   Cb: 11.8559   Cr: 12.0039 )
00000277: 9.83717   (Y': 7.37283   Cb: 11.8652   Cr: 11.9884 )
00000278: 9.90057   (Y': 7.4462    Cb: 11.8827   Cr: 12.0704 )
00000279: 9.93589   (Y': 7.47666   Cb: 11.9698   Cr: 12.0663 )
00000280: 9.92844   (Y': 7.4538    Cb: 11.9706   Cr: 12.095  )
00000281: 9.96546   (Y': 7.51856   Cb: 11.9349   Cr: 12.127  )
00000282: 9.95845   (Y': 7.51413   Cb: 11.8872   Cr: 12.1555 )
00000283: 9.97628   (Y': 7.53891   Cb: 11.8688   Cr: 12.1918 )
00000285: 9.99026   (Y': 7.55427   Cb: 11.8254   Cr: 12.2643 )
00000284: 9.94892   (Y': 7.51449   Cb: 11.8522   Cr: 12.1442 )
00000286: 9.96374   (Y': 7.55143   Cb: 11.782    Cr: 12.187  )
00000287: 9.92929   (Y': 7.52511   Cb: 11.7534   Cr: 12.1226 )
00000289: 9.77313   (Y': 7.35884   Cb: 11.5873   Cr: 12.0066 )
00000288: 9.91523   (Y': 7.50731   Cb: 11.7082   Cr: 12.1536 )
00000290: 9.74522   (Y': 7.34068   Cb: 11.521    Cr: 11.9929 )
00000293: 9.65496   (Y': 7.21477   Cb: 11.386    Cr: 12.0599 )
00000291: 9.66708   (Y': 7.25157   Cb: 11.387    Cr: 12.0105 )
00000292: 9.67199   (Y': 7.25812   Cb: 11.3773   Cr: 12.0274 )
00000294: 9.68374   (Y': 7.27373   Cb: 11.3455   Cr: 12.0786 )
00000295: 9.67404   (Y': 7.24744   Cb: 11.3468   Cr: 12.1062 )
00000296: 9.69975   (Y': 7.29857   Cb: 11.3439   Cr: 12.0889 )
00000297: 9.66639   (Y': 7.26313   Cb: 11.3189   Cr: 12.0517 )
00000298: 9.61997   (Y': 7.21506   Cb: 11.254    Cr: 12.0324 )
00000300: 9.55241   (Y': 7.1385    Cb: 11.1948   Cr: 11.9822 )
00000299: 9.59073   (Y': 7.18749   Cb: 11.2218   Cr: 12.0015 )
00000301: 9.50885   (Y': 7.10823   Cb: 11.1059   Cr: 11.9527 )
00000302: 9.46668   (Y': 7.07595   Cb: 11.0528   Cr: 11.8938 )
00000303: 9.39983   (Y': 7.00881   Cb: 10.991    Cr: 11.8216 )
00000304: 9.35839   (Y': 6.97124   Cb: 10.9394   Cr: 11.7808 )
00000305: 9.35157   (Y': 6.99496   Cb: 10.8746   Cr: 11.7528 )
00000306: 9.32842   (Y': 6.96106   Cb: 10.861    Cr: 11.7503 )
00000307: 9.3086    (Y': 6.94582   Cb: 10.8647   Cr: 11.6881 )
00000309: 9.28033   (Y': 6.91778   Cb: 10.8198   Cr: 11.6793 )
00000308: 9.28647   (Y': 6.92682   Cb: 10.8527   Cr: 11.6445 )
00000310: 9.26438   (Y': 6.91007   Cb: 10.7977   Cr: 11.6463 )
00000311: 9.26739   (Y': 6.91928   Cb: 10.7889   Cr: 11.6451 )
00000312: 9.27998   (Y': 6.93903   Cb: 10.7774   Cr: 11.666  )
00000313: 9.30151   (Y': 6.94761   Cb: 10.8276   Cr: 11.6909 )
00000314: 9.32872   (Y': 6.98248   Cb: 10.8635   Cr: 11.6848 )
00000315: 9.36981   (Y': 7.01781   Cb: 10.9268   Cr: 11.7161 )
00000316: 9.41388   (Y': 7.06307   Cb: 10.9893   Cr: 11.7348 )
00000317: 9.43704   (Y': 7.04373   Cb: 11.0759   Cr: 11.8087 )
00000318: 9.46527   (Y': 7.07459   Cb: 11.1072   Cr: 11.8254 )
00000319: 9.49975   (Y': 7.09761   Cb: 11.2006   Cr: 11.8253 )
00000320: 9.54463   (Y': 7.13737   Cb: 11.2455   Cr: 11.8854 )
00000321: 9.61338   (Y': 7.20186   Cb: 11.3781   Cr: 11.8938 )
00000322: 9.6642    (Y': 7.23291   Cb: 11.4892   Cr: 11.9356 )
00000323: 9.7295    (Y': 7.32002   Cb: 11.5758   Cr: 11.914  )
00000324: 9.84686   (Y': 7.43815   Cb: 11.7176   Cr: 12.0028 )
00000325: 9.99736   (Y': 7.60726   Cb: 11.9056   Cr: 12.0614 )
00000327: 10.2265   (Y': 7.70242   Cb: 12.3883   Cr: 12.4166 )
00000326: 10.1577   (Y': 7.7408    Cb: 12.136    Cr: 12.2248 )
00000328: 10.2784   (Y': 7.72542   Cb: 12.5316   Cr: 12.4633 )
00000329: 10.325    (Y': 7.74238   Cb: 12.5992   Cr: 12.578  )
00000331: 10.3195   (Y': 7.73804   Cb: 12.6228   Cr: 12.5404 )
00000330: 10.3302   (Y': 7.74927   Cb: 12.606    Cr: 12.577  )
00000332: 10.3006   (Y': 7.68716   Cb: 12.6796   Cr: 12.5453 )
00000335: 10.4      (Y': 7.71906   Cb: 12.8747   Cr: 12.7626 )
00000333: 10.3449   (Y': 7.70715   Cb: 12.7872   Cr: 12.603  )
00000334: 10.3558   (Y': 7.70033   Cb: 12.804    Cr: 12.6633 )
00000336: 10.4603   (Y': 7.76683   Cb: 12.9757   Cr: 12.8232 )
00000337: 10.518    (Y': 7.80949   Cb: 13.0613   Cr: 12.9027 )
00000338: 10.5125   (Y': 7.80768   Cb: 13.0273   Cr: 12.9127 )
00000339: 10.5088   (Y': 7.80389   Cb: 13.0643   Cr: 12.87   )
00000340: 10.4877   (Y': 7.77078   Cb: 13.0625   Cr: 12.869  )
00000341: 10.5086   (Y': 7.76463   Cb: 13.1221   Cr: 12.9411 )
00000342: 10.5005   (Y': 7.74341   Cb: 13.1577   Cr: 12.9348 )
00000343: 10.4663   (Y': 7.71571   Cb: 13.1095   Cr: 12.8925 )
00000344: 10.4828   (Y': 7.70244   Cb: 13.1553   Cr: 12.9803 )
00000345: 10.5679   (Y': 7.77551   Cb: 13.2849   Cr: 13.0632 )
00000346: 10.5724   (Y': 7.75759   Cb: 13.3538   Cr: 13.083  )
00000347: 10.5943   (Y': 7.77358   Cb: 13.4546   Cr: 13.0519 )
00000349: 10.8237   (Y': 7.95096   Cb: 13.6981   Cr: 13.4482 )
00000350: 10.9343   (Y': 8.04477   Cb: 13.7694   Cr: 13.6566 )
00000351: 11.0884   (Y': 8.17237   Cb: 13.9016   Cr: 13.9309 )
00000348: 10.6376   (Y': 7.80754   Cb: 13.4877   Cr: 13.1365 )
00000352: 11.1667   (Y': 8.25226   Cb: 14.0258   Cr: 13.9571 )
00000353: 11.2493   (Y': 8.36717   Cb: 13.9823   Cr: 14.0459 )
00000354: 11.312    (Y': 8.42795   Cb: 13.9805   Cr: 14.1827 )
00000355: 11.487    (Y': 8.62023   Cb: 14.0516   Cr: 14.403  )
00000357: 11.5334   (Y': 8.69926   Cb: 13.9519   Cr: 14.4876 )
00000356: 11.5222   (Y': 8.63156   Cb: 14.0809   Cr: 14.5366 )
00000358: 11.5522   (Y': 8.72635   Cb: 13.9575   Cr: 14.4898 )
00000359: 11.6417   (Y': 8.83557   Cb: 14.019    Cr: 14.5375 )
00000361: 11.5518   (Y': 8.82471   Cb: 13.7768   Cr: 14.3321 )
00000360: 11.6625   (Y': 8.8933    Cb: 13.9403   Cr: 14.5348 )
00000362: 11.5477   (Y': 8.8546    Cb: 13.6788   Cr: 14.3157 )
00000363: 11.4531   (Y': 8.75989   Cb: 13.5245   Cr: 14.2919 )
00000364: 11.4326   (Y': 8.74066   Cb: 13.4832   Cr: 14.2916 )
00000365: 11.3263   (Y': 8.61103   Cb: 13.4389   Cr: 14.1953 )
00000367: 11.2061   (Y': 8.47618   Cb: 13.3072   Cr: 14.1425 )
00000366: 11.2933   (Y': 8.5659    Cb: 13.4052   Cr: 14.2073 )
00000368: 11.1631   (Y': 8.4562    Cb: 13.163    Cr: 14.1387 )
00000369: 11.0337   (Y': 8.3156    Cb: 13.0207   Cr: 14.0675 )
00000370: 10.9892   (Y': 8.26596   Cb: 12.9526   Cr: 14.0729 )
00000371: 10.8683   (Y': 8.13041   Cb: 12.7878   Cr: 14.0664 )
00000372: 10.8419   (Y': 8.09518   Cb: 12.7458   Cr: 14.0958 )
00000375: 10.74     (Y': 7.96443   Cb: 12.614    Cr: 14.1535 )
00000373: 10.8194   (Y': 8.05462   Cb: 12.7309   Cr: 14.1356 )
00000374: 10.7653   (Y': 8.01323   Cb: 12.6532   Cr: 14.0629 )
00000377: 10.6875   (Y': 7.8807    Cb: 12.4968   Cr: 14.3299 )
00000376: 10.7161   (Y': 7.94229   Cb: 12.5416   Cr: 14.1921 )
00000378: 10.6308   (Y': 7.81683   Cb: 12.4191   Cr: 14.3376 )
00000379: 10.6358   (Y': 7.79029   Cb: 12.4533   Cr: 14.4404 )
00000383: 10.6499   (Y': 7.81297   Cb: 12.475    Cr: 14.4032 )
00000380: 10.6521   (Y': 7.82648   Cb: 12.4405   Cr: 14.4111 )
00000381: 10.698    (Y': 7.88593   Cb: 12.4552   Cr: 14.4447 )
00000382: 10.7016   (Y': 7.85217   Cb: 12.5653   Cr: 14.4524 )
00000384: 10.673    (Y': 7.8381    Cb: 12.4741   Cr: 14.4545 )
00000385: 10.724    (Y': 7.92452   Cb: 12.4474   Cr: 14.4673 )
00000386: 10.733    (Y': 7.91286   Cb: 12.4822   Cr: 14.5292 )
00000387: 10.7388   (Y': 7.93193   Cb: 12.4561   Cr: 14.5256 )
00000389: 10.7706   (Y': 8.00647   Cb: 12.4367   Cr: 14.448  )
00000390: 10.8362   (Y': 8.11042   Cb: 12.4434   Cr: 14.4401 )
00000388: 10.7337   (Y': 7.94769   Cb: 12.4277   Cr: 14.4634 )
00000391: 10.9552   (Y': 8.24224   Cb: 12.5565   Cr: 14.5132 )
00000392: 11.0051   (Y': 8.29418   Cb: 12.6335   Cr: 14.5123 )
00000393: 11.0329   (Y': 8.34418   Cb: 12.6044   Cr: 14.5359 )
00000394: 11.0823   (Y': 8.40006   Cb: 12.6223   Cr: 14.6081 )
00000395: 11.1416   (Y': 8.4521    Cb: 12.6783   Cr: 14.7027 )
00000398: 11.2812   (Y': 8.59405   Cb: 12.7696   Cr: 14.9103 )
00000397: 11.2487   (Y': 8.5722    Cb: 12.747    Cr: 14.8169 )
00000396: 11.2303   (Y': 8.54684   Cb: 12.7612   Cr: 14.7752 )
00000399: 11.3367   (Y': 8.66795   Cb: 12.7746   Cr: 14.9703 )
00000400: 11.3591   (Y': 8.68624   Cb: 12.7651   Cr: 15.064  )
00000401: 11.3846   (Y': 8.7307    Cb: 12.7649   Cr: 15.0514 )
00000402: 11.4741   (Y': 8.80128   Cb: 12.8884   Cr: 15.1652 )
00000403: 11.3148   (Y': 8.69035   Cb: 12.6396   Cr: 14.9506 )
00000404: 11.3236   (Y': 8.71853   Cb: 12.5964   Cr: 14.9669 )
00000405: 11.1571   (Y': 8.58804   Cb: 12.3603   Cr: 14.7704 )
00000406: 11.1528   (Y': 8.55204   Cb: 12.4208   Cr: 14.7859 )
00000407: 11.1019   (Y': 8.43735   Cb: 12.4813   Cr: 14.8161 )
00000408: 11.0377   (Y': 8.38068   Cb: 12.3615   Cr: 14.816  )
00000409: 11.1317   (Y': 8.52803   Cb: 12.3781   Cr: 14.8146 )
00000410: 10.8843   (Y': 8.27736   Cb: 12.0833   Cr: 14.6657 )
00000411: 10.4538   (Y': 7.85597   Cb: 11.5574   Cr: 14.3723 )
00000412: 11.3115   (Y': 8.69368   Cb: 12.646    Cr: 14.9029 )
00000416: 10.1492   (Y': 7.56125   Cb: 11.3573   Cr: 13.833  )
00000414: 10.8889   (Y': 8.29953   Cb: 12.1313   Cr: 14.5184 )
00000413: 10.9963   (Y': 8.36434   Cb: 12.3271   Cr: 14.6533 )
00000415: 10.0361   (Y': 7.41733   Cb: 11.2605   Cr: 13.8234 )
00000417: 9.90388   (Y': 7.26304   Cb: 11.183    Cr: 13.6898 )
00000418: 9.8712    (Y': 7.24494   Cb: 11.1363   Cr: 13.6183 )
00000419: 9.8935    (Y': 7.29744   Cb: 11.1379   Cr: 13.5479 )
00000421: 9.94244   (Y': 7.35261   Cb: 11.18     Cr: 13.5825 )
00000420: 9.88206   (Y': 7.2918    Cb: 11.1079   Cr: 13.5444 )
00000422: 9.96502   (Y': 7.39298   Cb: 11.1925   Cr: 13.5484 )
00000423: 9.92587   (Y': 7.34503   Cb: 11.1164   Cr: 13.6107 )
00000424: 9.95152   (Y': 7.36145   Cb: 11.1631   Cr: 13.638  )
00000425: 9.86701   (Y': 7.24154   Cb: 11.113    Cr: 13.6447 )
00000426: 9.8543    (Y': 7.21576   Cb: 11.1033   Cr: 13.6841 )
00000427: 9.8562    (Y': 7.22145   Cb: 11.0859   Cr: 13.7044 )
00000428: 9.83106   (Y': 7.19537   Cb: 11.0512   Cr: 13.7009 )
00000429: 9.7581    (Y': 7.11978   Cb: 10.9709   Cr: 13.6534 )
00000431: 9.70582   (Y': 7.06257   Cb: 10.9502   Cr: 13.5649 )
00000430: 9.73737   (Y': 7.09977   Cb: 10.9702   Cr: 13.5924 )
00000432: 9.71831   (Y': 7.07454   Cb: 10.9607   Cr: 13.5835 )
00000434: 9.6646    (Y': 7.01131   Cb: 10.9047   Cr: 13.577  )
00000433: 9.67335   (Y': 7.03096   Cb: 10.8914   Cr: 13.5771 )
00000435: 9.77947   (Y': 7.17419   Cb: 10.9769   Cr: 13.5568 )
00000439: 9.83111   (Y': 7.2333    Cb: 11.0535   Cr: 13.5316 )
00000437: 9.86706   (Y': 7.27577   Cb: 11.0675   Cr: 13.5787 )
00000436: 9.7891    (Y': 7.18274   Cb: 11.0068   Cr: 13.5346 )
00000438: 9.85222   (Y': 7.26296   Cb: 11.0562   Cr: 13.5488 )
00000440: 9.77569   (Y': 7.18162   Cb: 11.0131   Cr: 13.4339 )
00000441: 9.81994   (Y': 7.2423    Cb: 11.0325   Cr: 13.4524 )
00000442: 9.79221   (Y': 7.21677   Cb: 11.0207   Cr: 13.388  )
00000444: 9.88042   (Y': 7.31587   Cb: 11.1344   Cr: 13.3882 )
00000443: 9.85175   (Y': 7.26749   Cb: 11.1265   Cr: 13.4049 )
00000446: 9.92424   (Y': 7.3667    Cb: 11.2218   Cr: 13.332  )
00000445: 9.89729   (Y': 7.32544   Cb: 11.1953   Cr: 13.3613 )
00000447: 10.0241   (Y': 7.50433   Cb: 11.3129   Cr: 13.2995 )
00000448: 10.0672   (Y': 7.56142   Cb: 11.3685   Cr: 13.2704 )
00000450: 10.2      (Y': 7.72437   Cb: 11.48     Cr: 13.3255 )
00000449: 10.1808   (Y': 7.69464   Cb: 11.4627   Cr: 13.3416 )
00000451: 10.2184   (Y': 7.73012   Cb: 11.4816   Cr: 13.4161 )
00000452: 10.2364   (Y': 7.76746   Cb: 11.4802   Cr: 13.393  )
00000453: 10.2561   (Y': 7.79541   Cb: 11.4971   Cr: 13.3873 )
00000454: 10.2738   (Y': 7.79642   Cb: 11.5325   Cr: 13.4385 )
00000455: 10.357    (Y': 7.91595   Cb: 11.6016   Cr: 13.4124 )
00000456: 10.3979   (Y': 7.93716   Cb: 11.6713   Cr: 13.4798 )
00000458: 10.3845   (Y': 7.95701   Cb: 11.7473   Cr: 13.22   )
00000459: 10.3794   (Y': 7.90865   Cb: 11.8569   Cr: 13.2026 )
00000457: 10.3517   (Y': 7.92174   Cb: 11.6862   Cr: 13.2357 )
00000460: 10.4661   (Y': 7.96697   Cb: 11.9789   Cr: 13.3379 )
00000461: 10.6344   (Y': 8.12729   Cb: 12.1845   Cr: 13.4828 )
00000462: 10.7233   (Y': 8.1806    Cb: 12.33     Cr: 13.6188 )
00000463: 10.9305   (Y': 8.35932   Cb: 12.5815   Cr: 13.867  )
00000464: 11.0301   (Y': 8.46426   Cb: 12.663    Cr: 13.9718 )
00000465: 11.1425   (Y': 8.55905   Cb: 12.8637   Cr: 14.0291 )
00000466: 11.2437   (Y': 8.64958   Cb: 12.9868   Cr: 14.1396 )
00000467: 11.2251   (Y': 8.6148    Cb: 13.1098   Cr: 13.9981 )
00000468: 11.2881   (Y': 8.69049   Cb: 13.1851   Cr: 14.0027 )
00000469: 11.373    (Y': 8.82125   Cb: 13.2129   Cr: 14.0028 )
00000470: 11.375    (Y': 8.83887   Cb: 13.2507   Cr: 13.9118 )
00000471: 11.3753   (Y': 8.83003   Cb: 13.3078   Cr: 13.8759 )
00000472: 11.3962   (Y': 8.80062   Cb: 13.37     Cr: 14.0135 )
00000473: 11.5136   (Y': 8.8422    Cb: 13.6329   Cr: 14.2196 )
00000474: 11.6453   (Y': 8.91071   Cb: 13.856    Cr: 14.469  )
00000475: 11.8818   (Y': 9.12954   Cb: 14.1237   Cr: 14.7337 )
00000476: 12.0102   (Y': 9.23182   Cb: 14.2598   Cr: 14.9491 )
00000479: 12.4507   (Y': 9.60535   Cb: 14.8788   Cr: 15.4369 )
00000477: 12.174    (Y': 9.34037   Cb: 14.5513   Cr: 15.173  )
00000478: 12.2394   (Y': 9.38973   Cb: 14.6671   Cr: 15.2423 )
00000481: 12.939    (Y': 10.0134   Cb: 15.5615   Cr: 16.0201 )
00000480: 12.6056   (Y': 9.7305    Cb: 15.0942   Cr: 15.6376 )
00000483: 13.4052   (Y': 10.437    Cb: 16.1111   Cr: 16.5659 )
00000482: 13.024    (Y': 10.0762   Cb: 15.6956   Cr: 16.1399 )
00000484: 13.463    (Y': 10.5231   Cb: 16.2137   Cr: 16.4618 )
00000485: 13.9291   (Y': 10.9323   Cb: 16.8759   Cr: 16.9493 )
00000486: 14.21     (Y': 11.1189   Cb: 17.4551   Cr: 17.3193 )
00000487: 14.4128   (Y': 11.2294   Cb: 17.8995   Cr: 17.6863 )
00000489: 14.4615   (Y': 11.3743   Cb: 17.6551   Cr: 17.6045 )
00000488: 14.4718   (Y': 11.3177   Cb: 17.8073   Cr: 17.7622 )
00000491: 14.3084   (Y': 11.2869   Cb: 17.4583   Cr: 17.227  )
00000490: 14.3973   (Y': 11.3688   Cb: 17.493    Cr: 17.3959 )
00000492: 14.2813   (Y': 11.2076   Cb: 17.526    Cr: 17.3186 )
00000493: 14.2174   (Y': 11.0187   Cb: 17.7838   Cr: 17.4834 )
00000496: 14.745    (Y': 11.5402   Cb: 18.1675   Cr: 18.1773 )
00000494: 14.0394   (Y': 10.7821   Cb: 17.681    Cr: 17.5016 )
00000495: 14.6103   (Y': 11.3537   Cb: 18.2224   Cr: 18.0974 )
00000497: 14.2603   (Y': 11.2402   Cb: 17.4174   Cr: 17.1671 )
00000498: 13.8184   (Y': 10.8949   Cb: 16.9417   Cr: 16.3959 )
00000499: 13.6932   (Y': 10.875    Cb: 16.8197   Cr: 15.9137 )
00000500: 13.7053   (Y': 10.8874   Cb: 16.7457   Cr: 15.9961 )
00000502: 13.0484   (Y': 10.2731   Cb: 15.904    Cr: 15.3606 )
00000503: 13.0016   (Y': 10.19     Cb: 15.8376   Cr: 15.4509 )
00000501: 13.2897   (Y': 10.5114   Cb: 16.1903   Cr: 15.572  )
00000504: 13.1552   (Y': 10.3599   Cb: 15.9462   Cr: 15.5913 )
00000505: 12.7833   (Y': 9.94518   Cb: 15.5279   Cr: 15.4099 )
00000506: 12.5807   (Y': 9.75783   Cb: 15.3628   Cr: 15.118  )
00000507: 12.1041   (Y': 9.26746   Cb: 14.9032   Cr: 14.6729 )
00000508: 12.1087   (Y': 9.27888   Cb: 14.9004   Cr: 14.6611 )
00000510: 12.337    (Y': 9.61232   Cb: 15.099    Cr: 14.5708 )
00000509: 12.3219   (Y': 9.61074   Cb: 15.085    Cr: 14.5125 )
00000511: 12.0702   (Y': 9.41054   Cb: 14.7794   Cr: 14.1515 )
00000512: 11.9318   (Y': 9.35155   Cb: 14.5042   Cr: 13.9007 )
00000513: 11.4274   (Y': 8.91632   Cb: 13.8744   Cr: 13.312  )
00000514: 11.9308   (Y': 9.45274   Cb: 14.4645   Cr: 13.6527 )
00000515: 11.6661   (Y': 9.23383   Cb: 14.0773   Cr: 13.3712 )
00000516: 11.2239   (Y': 8.75188   Cb: 13.5225   Cr: 13.1341 )
00000519: 11.2159   (Y': 8.68932   Cb: 13.4214   Cr: 13.3697 )
00000518: 11.2123   (Y': 8.73714   Cb: 13.4056   Cr: 13.2301 )
00000517: 11.1309   (Y': 8.67434   Cb: 13.3075   Cr: 13.1125 )
00000520: 10.979    (Y': 8.42684   Cb: 13.1426   Cr: 13.2512 )
00000521: 11.3672   (Y': 8.79413   Cb: 13.5829   Cr: 13.6504 )
00000522: 11.4325   (Y': 8.86649   Cb: 13.5914   Cr: 13.7523 )
00000523: 11.5995   (Y': 9.03384   Cb: 13.7859   Cr: 13.8895 )
00000524: 11.7232   (Y': 9.14738   Cb: 13.9226   Cr: 14.0314 )
00000527: 11.3071   (Y': 8.65375   Cb: 13.7184   Cr: 13.644  )
00000526: 11.5292   (Y': 8.91853   Cb: 13.8139   Cr: 13.8583 )
00000525: 11.6524   (Y': 9.05973   Cb: 13.9056   Cr: 13.9574 )
00000528: 11.2477   (Y': 8.59913   Cb: 13.6841   Cr: 13.5452 )
00000529: 11.0159   (Y': 8.36864   Cb: 13.396    Cr: 13.3644 )
00000530: 10.8825   (Y': 8.28264   Cb: 13.1519   Cr: 13.1935 )
00000532: 10.6281   (Y': 8.09994   Cb: 12.8715   Cr: 12.7492 )
00000531: 10.6398   (Y': 8.11073   Cb: 12.8859   Cr: 12.7612 )
00000535: 10.6089   (Y': 8.14681   Cb: 12.8338   Cr: 12.5603 )
00000533: 10.5548   (Y': 8.05616   Cb: 12.8165   Cr: 12.5739 )
00000534: 10.5393   (Y': 8.05473   Cb: 12.7737   Cr: 12.5443 )
00000536: 10.5622   (Y': 8.13609   Cb: 12.7258   Cr: 12.4729 )
00000537: 10.4524   (Y': 8.06939   Cb: 12.5459   Cr: 12.3134 )
00000538: 10.421    (Y': 8.04745   Cb: 12.5096   Cr: 12.2616 )
00000539: 10.3127   (Y': 7.96492   Cb: 12.2998   Cr: 12.1826 )
00000540: 10.2661   (Y': 7.89534   Cb: 12.2154   Cr: 12.2352 )
00000541: 10.124    (Y': 7.7791    Cb: 12.0541   Cr: 12.0424 )
00000542: 10.0452   (Y': 7.70924   Cb: 11.9003   Cr: 12.0155 )
00000544: 9.88055   (Y': 7.59683   Cb: 11.5839   Cr: 11.8697 )
00000543: 9.95737   (Y': 7.64743   Cb: 11.7427   Cr: 11.9301 )
00000545: 9.80237   (Y': 7.53835   Cb: 11.4361   Cr: 11.8138 )
00000546: 9.82815   (Y': 7.57195   Cb: 11.4081   Cr: 11.878  )
00000547: 9.81515   (Y': 7.58075   Cb: 11.3191   Cr: 11.8918 )
00000548: 9.81071   (Y': 7.57168   Cb: 11.2969   Cr: 11.9203 )
00000549: 9.8717    (Y': 7.62442   Cb: 11.3475   Cr: 12.0159 )
00000550: 9.96142   (Y': 7.72281   Cb: 11.4662   Cr: 12.0486 )
00000551: 10.0394   (Y': 7.77265   Cb: 11.5586   Cr: 12.1871 )
00000552: 10.1044   (Y': 7.84645   Cb: 11.6118   Cr: 12.2415 )
00000554: 10.3351   (Y': 8.04614   Cb: 11.9071   Cr: 12.4836 )
00000553: 10.3043   (Y': 8.01999   Cb: 11.8921   Cr: 12.422  )
00000555: 10.5103   (Y': 8.2043    Cb: 12.1052   Cr: 12.6801 )
00000556: 10.5628   (Y': 8.28771   Cb: 12.0887   Cr: 12.7255 )
00000557: 10.5224   (Y': 8.2475    Cb: 12.0654   Cr: 12.6652 )
00000558: 10.5479   (Y': 8.28813   Cb: 12.0696   Cr: 12.6731 )
00000559: 10.5329   (Y': 8.25467   Cb: 12.1176   Cr: 12.637  )
00000560: 10.5233   (Y': 8.25859   Cb: 12.1222   Cr: 12.5749 )
00000562: 10.4581   (Y': 8.21831   Cb: 12.077    Cr: 12.4214 )
00000561: 10.4123   (Y': 8.1346    Cb: 12.0772   Cr: 12.4267 )
00000563: 10.4783   (Y': 8.19288   Cb: 12.1941   Cr: 12.4588 )
00000564: 10.5231   (Y': 8.22856   Cb: 12.2452   Cr: 12.5212 )
00000565: 10.4596   (Y': 8.13103   Cb: 12.2593   Cr: 12.4674 )
00000566: 10.5472   (Y': 8.19289   Cb: 12.3902   Cr: 12.5799 )
00000568: 10.4675   (Y': 8.1099    Cb: 12.2959   Cr: 12.5245 )
00000567: 10.46     (Y': 8.10828   Cb: 12.3039   Cr: 12.485  )
00000570: 10.3197   (Y': 7.99179   Cb: 12.0015   Cr: 12.4531 )
00000569: 10.3359   (Y': 7.98431   Cb: 12.0952   Cr: 12.4503 )
00000572: 10.2099   (Y': 7.91824   Cb: 11.8174   Cr: 12.3255 )
00000571: 10.1866   (Y': 7.9069    Cb: 11.7789   Cr: 12.2862 )
00000574: 10.1207   (Y': 7.77256   Cb: 11.6945   Cr: 12.4357 )
00000573: 10.1608   (Y': 7.81723   Cb: 11.7986   Cr: 12.3879 )
00000576: 9.94657   (Y': 7.56501   Cb: 11.5145   Cr: 12.368  )
00000575: 9.99317   (Y': 7.61523   Cb: 11.5526   Cr: 12.414  )
00000577: 9.77631   (Y': 7.37789   Cb: 11.3324   Cr: 12.2638 )
00000578: 9.7448    (Y': 7.35485   Cb: 11.2152   Cr: 12.3141 )
00000579: 9.62787   (Y': 7.27632   Cb: 10.9612   Cr: 12.2573 )
00000580: 9.55887   (Y': 7.19197   Cb: 10.8578   Cr: 12.2843 )
00000581: 9.6726    (Y': 7.24761   Cb: 11.0271   Cr: 12.5116 )
00000583: 9.22997   (Y': 6.79336   Cb: 10.5359   Cr: 12.1783 )
00000582: 9.55545   (Y': 7.13884   Cb: 10.8828   Cr: 12.4047 )
00000584: 9.1356    (Y': 6.71945   Cb: 10.4084   Cr: 12.062  )
00000585: 9.01739   (Y': 6.59565   Cb: 10.2724   Cr: 11.9892 )
00000586: 9.00865   (Y': 6.58004   Cb: 10.2574   Cr: 12.0138 )
00000588: 22.6536   (Y': 19.0685   Cb: 26.8364   Cr: 27.3992 )
00000587: 8.5599    (Y': 6.22329   Cb: 9.62943   Cr: 11.5213 )
Total: 11.3644   (Y': 8.54618   Cb: 13.647    Cr: 14.4154 )
