00000000: 14.1315   (Y': 13.8076   Cb: 13.3025   Cr: 15.6051 )
00000001: 14.1306   (Y': 13.8078   Cb: 13.3044   Cr: 15.5979 )
00000003: 14.1326   (Y': 13.8049   Cb: 13.3043   Cr: 15.6108 )
00000002: 14.1262   (Y': 13.8126   Cb: 13.2938   Cr: 15.5901 )
00000004: 14.1362   (Y': 13.8237   Cb: 13.3023   Cr: 15.6008 )
00000007: 14.1426   (Y': 13.84     Cb: 13.2915   Cr: 15.6217 )
00000005: 14.1263   (Y': 13.8188   Cb: 13.279    Cr: 15.6064 )
00000006: 14.1438   (Y': 13.8367   Cb: 13.2976   Cr: 15.6215 )
00000008: 14.1326   (Y': 13.8326   Cb: 13.2843   Cr: 15.6033 )
00000009: 14.1235   (Y': 13.8164   Cb: 13.2746   Cr: 15.6057 )
00000010: 14.1345   (Y': 13.8392   Cb: 13.2846   Cr: 15.6005 )
00000011: 14.1285   (Y': 13.8236   Cb: 13.2792   Cr: 15.6079 )
00000012: 14.1298   (Y': 13.8163   Cb: 13.2841   Cr: 15.6161 )
00000013: 14.1393   (Y': 13.8348   Cb: 13.2928   Cr: 15.6136 )
00000014: 14.14     (Y': 13.8275   Cb: 13.3028   Cr: 15.6103 )
00000015: 14.1325   (Y': 13.8402   Cb: 13.2778   Cr: 15.6025 )
00000016: 14.1265   (Y': 13.8228   Cb: 13.2759   Cr: 15.6063 )
00000017: 14.1305   (Y': 13.8341   Cb: 13.2808   Cr: 15.5978 )
00000018: 14.1281   (Y': 13.8242   Cb: 13.2816   Cr: 15.6014 )
00000019: 14.1421   (Y': 13.8289   Cb: 13.3053   Cr: 15.6128 )
00000020: 14.1355   (Y': 13.8229   Cb: 13.2936   Cr: 15.6139 )
00000021: 14.1358   (Y': 13.8233   Cb: 13.2947   Cr: 15.6129 )
00000022: 14.1364   (Y': 13.8205   Cb: 13.2997   Cr: 15.6112 )
00000023: 14.1466   (Y': 13.8233   Cb: 13.3211   Cr: 15.6132 )
00000024: 14.1558   (Y': 13.8317   Cb: 13.3313   Cr: 15.6222 )
00000025: 14.1362   (Y': 13.817    Cb: 13.2985   Cr: 15.6178 )
00000027: 14.1267   (Y': 13.819    Cb: 13.2793   Cr: 15.6074 )
00000026: 14.1279   (Y': 13.8037   Cb: 13.2926   Cr: 15.6128 )
00000028: 14.1284   (Y': 13.8205   Cb: 13.2887   Cr: 15.5961 )
00000029: 14.1346   (Y': 13.8187   Cb: 13.2969   Cr: 15.6109 )
00000030: 14.1417   (Y': 13.8156   Cb: 13.309    Cr: 15.6247 )
00000032: 14.1754   (Y': 13.8372   Cb: 13.3535   Cr: 15.6588 )
00000031: 14.1647   (Y': 13.839    Cb: 13.3352   Cr: 15.6421 )
00000033: 14.1689   (Y': 13.8437   Cb: 13.3378   Cr: 15.6483 )
00000035: 14.196    (Y': 13.8897   Cb: 13.3532   Cr: 15.6668 )
00000034: 14.1683   (Y': 13.8409   Cb: 13.3284   Cr: 15.666  )
00000036: 14.2149   (Y': 13.8944   Cb: 13.3868   Cr: 15.6818 )
00000037: 14.222    (Y': 13.8984   Cb: 13.4142   Cr: 15.6593 )
00000038: 14.2017   (Y': 13.8882   Cb: 13.3977   Cr: 15.6177 )
00000039: 14.1805   (Y': 13.868    Cb: 13.3707   Cr: 15.6049 )
00000040: 14.1752   (Y': 13.8735   Cb: 13.3628   Cr: 15.5877 )
00000041: 14.1651   (Y': 13.8549   Cb: 13.34     Cr: 15.6117 )
00000043: 14.1506   (Y': 13.8292   Cb: 13.326    Cr: 15.6131 )
00000044: 14.1452   (Y': 13.829    Cb: 13.3246   Cr: 15.5931 )
00000042: 14.1664   (Y': 13.8509   Cb: 13.3366   Cr: 15.6287 )
00000045: 14.1492   (Y': 13.8363   Cb: 13.3089   Cr: 15.6256 )
00000046: 14.1418   (Y': 13.833    Cb: 13.2986   Cr: 15.6169 )
00000047: 14.1679   (Y': 13.8588   Cb: 13.3274   Cr: 15.639  )
00000048: 14.155    (Y': 13.8356   Cb: 13.3146   Cr: 15.6415 )
00000049: 14.155    (Y': 13.8444   Cb: 13.3103   Cr: 15.6354 )
00000051: 14.154    (Y': 13.8264   Cb: 13.3191   Cr: 15.6432 )
00000050: 14.1609   (Y': 13.851    Cb: 13.3164   Cr: 15.64   )
00000052: 14.155    (Y': 13.844    Cb: 13.3036   Cr: 15.6474 )
00000054: 14.1562   (Y': 13.8264   Cb: 13.3181   Cr: 15.6545 )
00000053: 14.1519   (Y': 13.83     Cb: 13.3102   Cr: 15.6444 )
00000055: 14.1429   (Y': 13.8163   Cb: 13.3066   Cr: 15.6331 )
00000056: 14.143    (Y': 13.8318   Cb: 13.2965   Cr: 15.6274 )
00000057: 14.1373   (Y': 13.8284   Cb: 13.289    Cr: 15.6211 )
00000058: 14.1501   (Y': 13.8468   Cb: 13.2914   Cr: 15.6431 )
00000060: 14.158    (Y': 13.8523   Cb: 13.3156   Cr: 15.6269 )
00000059: 14.1437   (Y': 13.8207   Cb: 13.2987   Cr: 15.6432 )
00000061: 14.1379   (Y': 13.8242   Cb: 13.2882   Cr: 15.6315 )
00000062: 14.138    (Y': 13.8291   Cb: 13.2878   Cr: 15.6255 )
00000063: 14.1324   (Y': 13.8267   Cb: 13.2818   Cr: 15.6152 )
00000064: 14.1288   (Y': 13.8227   Cb: 13.2801   Cr: 15.6092 )
00000065: 14.1273   (Y': 13.8257   Cb: 13.2725   Cr: 15.6112 )
00000066: 14.1276   (Y': 13.8223   Cb: 13.2794   Cr: 15.6061 )
00000067: 14.1437   (Y': 13.8424   Cb: 13.2872   Cr: 15.6304 )
00000068: 14.1429   (Y': 13.8386   Cb: 13.2867   Cr: 15.6335 )
00000069: 14.1324   (Y': 13.836    Cb: 13.2706   Cr: 15.6206 )
00000070: 14.1282   (Y': 13.8269   Cb: 13.2658   Cr: 15.6248 )
00000071: 14.1254   (Y': 13.8202   Cb: 13.2667   Cr: 15.6217 )
00000072: 14.1295   (Y': 13.8309   Cb: 13.2699   Cr: 15.6173 )
00000073: 14.1889   (Y': 13.7163   Cb: 13.4093   Cr: 15.8106 )
00000075: 14.358    (Y': 13.5741   Cb: 13.7514   Cr: 16.2135 )
00000074: 14.2305   (Y': 13.638    Cb: 13.5111   Cr: 15.9461 )
00000077: 14.5749   (Y': 13.4291   Cb: 14.1885   Cr: 16.7571 )
00000078: 14.6634   (Y': 13.3864   Cb: 14.3808   Cr: 16.9481 )
00000076: 14.429    (Y': 13.5297   Cb: 13.8756   Cr: 16.4081 )
00000079: 14.8287   (Y': 13.3095   Cb: 14.7774   Cr: 17.275  )
00000080: 14.9573   (Y': 13.3034   Cb: 15.0473   Cr: 17.4984 )
00000081: 15.2993   (Y': 13.3952   Cb: 15.6999   Cr: 17.9926 )
00000082: 15.6105   (Y': 13.5424   Cb: 16.2479   Cr: 18.3958 )
00000085: 16.0377   (Y': 14.1462   Cb: 16.5055   Cr: 18.5844 )
00000083: 15.8038   (Y': 13.7713   Cb: 16.4226   Cr: 18.5122 )
00000084: 15.8817   (Y': 13.8775   Cb: 16.4687   Cr: 18.5575 )
00000086: 16.149    (Y': 14.3135   Cb: 16.5613   Cr: 18.6318 )
00000088: 16.2843   (Y': 14.5903   Cb: 16.5813   Cr: 18.5828 )
00000087: 16.2593   (Y': 14.5369   Cb: 16.5788   Cr: 18.5938 )
00000090: 16.3079   (Y': 14.6293   Cb: 16.5932   Cr: 18.5864 )
00000089: 16.3108   (Y': 14.6339   Cb: 16.595    Cr: 18.587  )
00000091: 16.3068   (Y': 14.633    Cb: 16.5866   Cr: 18.5821 )
00000092: 16.3077   (Y': 14.633    Cb: 16.5931   Cr: 18.5763 )
00000093: 16.3026   (Y': 14.6323   Cb: 16.5865   Cr: 18.5627 )
00000094: 16.3003   (Y': 14.6342   Cb: 16.5726   Cr: 18.5686 )
00000096: 16.3006   (Y': 14.6559   Cb: 16.5575   Cr: 18.5408 )
00000095: 16.3101   (Y': 14.6543   Cb: 16.5945   Cr: 18.5336 )
00000098: 16.3105   (Y': 14.6576   Cb: 16.5745   Cr: 18.5591 )
00000097: 16.3049   (Y': 14.6574   Cb: 16.562    Cr: 18.5513 )
00000100: 16.3122   (Y': 14.655    Cb: 16.6107   Cr: 18.5177 )
00000099: 16.3171   (Y': 14.6719   Cb: 16.58     Cr: 18.5486 )
00000103: 24.4097   (Y': 22.2384   Cb: 26.051    Cr: 26.1747 )
00000101: 16.3022   (Y': 14.6569   Cb: 16.5918   Cr: 18.4927 )
00000102: 24.7354   (Y': 22.2112   Cb: 26.807    Cr: 27.0187 )
00000104: 24.5287   (Y': 22.3118   Cb: 26.0371   Cr: 26.5537 )
00000105: 24.4896   (Y': 22.2485   Cb: 26.0038   Cr: 26.5727 )
00000106: 24.5491   (Y': 22.3099   Cb: 26.0718   Cr: 26.6176 )
00000107: 24.6858   (Y': 22.484    Cb: 26.1053   Cr: 26.7725 )
00000108: 24.6183   (Y': 22.4488   Cb: 26.0867   Cr: 26.564  )
00000110: 24.6213   (Y': 22.4452   Cb: 26.0014   Cr: 26.6848 )
00000109: 24.6449   (Y': 22.3913   Cb: 26.0829   Cr: 26.8513 )
00000111: 24.6665   (Y': 22.4217   Cb: 26.1323   Cr: 26.8156 )
00000112: 24.6192   (Y': 22.4093   Cb: 26.0847   Cr: 26.6738 )
00000113: 24.4343   (Y': 22.3044   Cb: 25.9004   Cr: 26.2819 )
00000114: 24.5586   (Y': 22.3966   Cb: 25.9384   Cr: 26.5856 )
00000116: 24.5792   (Y': 22.3429   Cb: 26.0998   Cr: 26.6418 )
00000115: 24.4952   (Y': 22.2318   Cb: 26.0128   Cr: 26.6352 )
00000117: 24.5354   (Y': 22.271    Cb: 26.039    Cr: 26.6948 )
00000118: 24.5981   (Y': 22.3933   Cb: 25.932    Cr: 26.7948 )
00000120: 15.465    (Y': 14.0563   Cb: 15.3917   Cr: 17.6848 )
00000119: 15.5877   (Y': 14.0713   Cb: 15.63     Cr: 17.8658 )
00000121: 15.3368   (Y': 14.1563   Cb: 15.052    Cr: 17.4136 )
00000122: 15.2816   (Y': 14.168    Cb: 14.956    Cr: 17.2895 )
00000123: 15.1443   (Y': 14.0355   Cb: 14.826    Cr: 17.1297 )
00000124: 15.0924   (Y': 13.9491   Cb: 14.8075   Cr: 17.092  )
00000125: 14.9587   (Y': 13.7429   Cb: 14.7269   Cr: 17.0199 )
00000127: 15.0001   (Y': 13.475    Cb: 15.0976   Cr: 17.2076 )
00000126: 14.9493   (Y': 13.6872   Cb: 14.7606   Cr: 17.0368 )
00000128: 14.9964   (Y': 13.2902   Cb: 15.2698   Cr: 17.3636 )
00000131: 15.1395   (Y': 13.4061   Cb: 15.2273   Cr: 17.9008 )
00000129: 14.9211   (Y': 13.2895   Cb: 15.0321   Cr: 17.368  )
00000130: 14.9282   (Y': 13.3301   Cb: 14.9688   Cr: 17.4115 )
00000132: 15.2538   (Y': 13.36     Cb: 15.5174   Cr: 18.1586 )
00000133: 15.3852   (Y': 13.2077   Cb: 15.942    Cr: 18.6709 )
00000135: 16.0718   (Y': 13.4415   Cb: 17.2343   Cr: 20.0254 )
00000134: 15.5689   (Y': 13.2556   Cb: 16.2901   Cr: 19.0412 )
00000136: 16.6398   (Y': 13.7564   Cb: 18.269    Cr: 20.9532 )
00000138: INF       (Y': INF       Cb: INF       Cr: INF     )
00000137: 26.3203   (Y': 23.1326   Cb: 29.3641   Cr: 30.083  )
00000139: INF       (Y': INF       Cb: INF       Cr: INF     )
00000140: INF       (Y': INF       Cb: INF       Cr: INF     )
00000141: INF       (Y': INF       Cb: INF       Cr: INF     )
00000143: INF       (Y': INF       Cb: INF       Cr: INF     )
00000142: INF       (Y': INF       Cb: INF       Cr: INF     )
00000144: INF       (Y': INF       Cb: INF       Cr: INF     )
00000145: INF       (Y': INF       Cb: INF       Cr: INF     )
00000146: INF       (Y': INF       Cb: INF       Cr: INF     )
00000147: INF       (Y': INF       Cb: INF       Cr: INF     )
00000148: INF       (Y': INF       Cb: INF       Cr: INF     )
00000149: INF       (Y': INF       Cb: INF       Cr: INF     )
00000150: INF       (Y': INF       Cb: INF       Cr: INF     )
00000151: INF       (Y': INF       Cb: INF       Cr: INF     )
00000152: INF       (Y': INF       Cb: INF       Cr: INF     )
00000153: INF       (Y': INF       Cb: INF       Cr: INF     )
00000154: INF       (Y': INF       Cb: INF       Cr: INF     )
00000155: INF       (Y': INF       Cb: INF       Cr: INF     )
00000156: INF       (Y': INF       Cb: INF       Cr: INF     )
00000157: INF       (Y': INF       Cb: INF       Cr: INF     )
00000158: INF       (Y': INF       Cb: INF       Cr: INF     )
00000159: INF       (Y': INF       Cb: INF       Cr: INF     )
00000160: INF       (Y': INF       Cb: INF       Cr: INF     )
00000161: INF       (Y': INF       Cb: INF       Cr: INF     )
00000162: INF       (Y': INF       Cb: INF       Cr: INF     )
00000163: INF       (Y': INF       Cb: INF       Cr: INF     )
00000164: INF       (Y': INF       Cb: INF       Cr: INF     )
00000165: INF       (Y': INF       Cb: INF       Cr: INF     )
00000166: INF       (Y': INF       Cb: INF       Cr: INF     )
00000167: INF       (Y': INF       Cb: INF       Cr: INF     )
00000168: INF       (Y': INF       Cb: INF       Cr: INF     )
00000170: INF       (Y': INF       Cb: INF       Cr: INF     )
00000169: INF       (Y': INF       Cb: INF       Cr: INF     )
00000171: INF       (Y': INF       Cb: INF       Cr: INF     )
00000172: INF       (Y': INF       Cb: INF       Cr: INF     )
00000174: INF       (Y': INF       Cb: INF       Cr: INF     )
00000173: INF       (Y': INF       Cb: INF       Cr: INF     )
00000175: INF       (Y': INF       Cb: INF       Cr: INF     )
00000176: INF       (Y': INF       Cb: INF       Cr: INF     )
00000178: INF       (Y': INF       Cb: INF       Cr: INF     )
00000177: INF       (Y': INF       Cb: INF       Cr: INF     )
00000180: INF       (Y': INF       Cb: INF       Cr: INF     )
00000179: INF       (Y': INF       Cb: INF       Cr: INF     )
00000183: 16.0544   (Y': 13.7404   Cb: 17.38     Cr: 18.5778 )
00000181: INF       (Y': INF       Cb: INF       Cr: INF     )
00000182: INF       (Y': INF       Cb: INF       Cr: INF     )
00000184: 15.5789   (Y': 13.372    Cb: 16.8199   Cr: 17.8973 )
00000186: 14.8354   (Y': 13.0861   Cb: 15.5278   Cr: 16.6967 )
00000185: 15.031    (Y': 13.1069   Cb: 15.9197   Cr: 17.0544 )
00000187: 14.495    (Y': 13.1321   Cb: 14.821    Cr: 16.0213 )
00000188: 14.4449   (Y': 13.1146   Cb: 14.7285   Cr: 15.9642 )
00000189: 14.4302   (Y': 13.1542   Cb: 14.6593   Cr: 15.9184 )
00000192: 14.3591   (Y': 13.1893   Cb: 14.4949   Cr: 15.7757 )
00000190: 14.4132   (Y': 13.1685   Cb: 14.6117   Cr: 15.8836 )
00000191: 14.3561   (Y': 13.1582   Cb: 14.5135   Cr: 15.7952 )
00000193: 14.3255   (Y': 13.1809   Cb: 14.4302   Cr: 15.7386 )
00000194: 14.3168   (Y': 13.1731   Cb: 14.4279   Cr: 15.7194 )
00000196: 14.2898   (Y': 13.1798   Cb: 14.3662   Cr: 15.679  )
00000195: 14.2988   (Y': 13.1819   Cb: 14.3848   Cr: 15.6873 )
00000197: 14.2698   (Y': 13.1857   Cb: 14.3214   Cr: 15.6468 )
00000198: 14.2574   (Y': 13.1831   Cb: 14.2914   Cr: 15.6411 )
00000199: 14.2618   (Y': 13.1956   Cb: 14.2963   Cr: 15.6306 )
00000201: 14.2618   (Y': 13.2185   Cb: 14.2836   Cr: 15.6081 )
00000200: 14.2494   (Y': 13.1785   Cb: 14.2789   Cr: 15.6334 )
00000202: 14.2528   (Y': 13.2043   Cb: 14.2834   Cr: 15.5961 )
00000203: 14.2664   (Y': 13.2332   Cb: 14.2754   Cr: 15.6126 )
00000206: 14.277    (Y': 13.2418   Cb: 14.2815   Cr: 15.6328 )
00000205: 14.2677   (Y': 13.2391   Cb: 14.2678   Cr: 15.618  )
00000204: 14.2589   (Y': 13.2548   Cb: 14.2301   Cr: 15.6063 )
00000207: 14.2755   (Y': 13.247    Cb: 14.2785   Cr: 15.6215 )
00000208: 14.2688   (Y': 13.2392   Cb: 14.2763   Cr: 15.6107 )
00000212: 14.2695   (Y': 13.2399   Cb: 14.2755   Cr: 15.6134 )
00000209: 14.2721   (Y': 13.2457   Cb: 14.2767   Cr: 15.6122 )
00000210: 14.2702   (Y': 13.2377   Cb: 14.2844   Cr: 15.6081 )
00000211: 14.2614   (Y': 13.2299   Cb: 14.2608   Cr: 15.6177 )
00000214: 14.2709   (Y': 13.2459   Cb: 14.2735   Cr: 15.6116 )
00000213: 14.2663   (Y': 13.2276   Cb: 14.2742   Cr: 15.6233 )
00000215: 14.2756   (Y': 13.2541   Cb: 14.2807   Cr: 15.6067 )
00000216: 14.276    (Y': 13.2535   Cb: 14.2701   Cr: 15.6238 )
00000217: 14.2736   (Y': 13.2425   Cb: 14.2786   Cr: 15.6215 )
00000218: 14.2695   (Y': 13.2425   Cb: 14.2665   Cr: 15.6213 )
00000219: 14.2689   (Y': 13.2436   Cb: 14.2619   Cr: 15.6232 )
00000221: 14.2649   (Y': 13.2421   Cb: 14.2619   Cr: 15.6095 )
00000220: 14.265    (Y': 13.2352   Cb: 14.2616   Cr: 15.6223 )
00000222: 14.263    (Y': 13.2311   Cb: 14.2677   Cr: 15.6129 )
00000223: 14.2489   (Y': 13.2199   Cb: 14.2497   Cr: 15.5987 )
00000224: 14.2708   (Y': 13.2426   Cb: 14.275    Cr: 15.615  )
00000225: 14.2715   (Y': 13.2335   Cb: 14.289    Cr: 15.6142 )
00000229: 14.2664   (Y': 13.2276   Cb: 14.2875   Cr: 15.6056 )
00000226: 14.2669   (Y': 13.2336   Cb: 14.2794   Cr: 15.6082 )
00000228: 14.2644   (Y': 13.2402   Cb: 14.2802   Cr: 15.5858 )
00000227: 14.2603   (Y': 13.2312   Cb: 14.2634   Cr: 15.6073 )
00000230: 14.2649   (Y': 13.2335   Cb: 14.2804   Cr: 15.599  )
00000231: 14.2593   (Y': 13.2378   Cb: 14.2619   Cr: 15.5939 )
00000232: 14.2579   (Y': 13.2354   Cb: 14.2642   Cr: 15.5894 )
00000233: 14.2696   (Y': 13.2433   Cb: 14.2729   Cr: 15.6116 )
00000234: 14.2745   (Y': 13.2496   Cb: 14.2818   Cr: 15.6087 )
00000235: 14.2815   (Y': 13.2794   Cb: 14.2638   Cr: 15.6106 )
00000237: 14.2572   (Y': 13.2069   Cb: 14.2796   Cr: 15.6145 )
00000236: 14.2721   (Y': 13.2392   Cb: 14.2777   Cr: 15.6224 )
00000238: 14.2457   (Y': 13.2011   Cb: 14.2587   Cr: 15.6064 )
00000239: 14.2615   (Y': 13.2113   Cb: 14.2761   Cr: 15.6295 )
00000240: 14.2611   (Y': 13.2089   Cb: 14.2763   Cr: 15.632  )
00000241: 14.2562   (Y': 13.2087   Cb: 14.2814   Cr: 15.6051 )
00000242: 14.2724   (Y': 13.2401   Cb: 14.2784   Cr: 15.6211 )
00000246: 14.3235   (Y': 13.3299   Cb: 14.3105   Cr: 15.6317 )
00000244: 14.3062   (Y': 13.3136   Cb: 14.297    Cr: 15.6077 )
00000245: 14.3168   (Y': 13.3307   Cb: 14.2931   Cr: 15.6266 )
00000243: 14.3118   (Y': 13.3183   Cb: 14.3039   Cr: 15.6129 )
00000247: 14.3303   (Y': 13.3455   Cb: 14.3059   Cr: 15.639  )
00000248: 14.321    (Y': 13.3404   Cb: 14.2901   Cr: 15.6316 )
00000250: 14.3521   (Y': 13.3647   Cb: 14.3341   Cr: 15.6565 )
00000249: 14.3427   (Y': 13.356    Cb: 14.3181   Cr: 15.6547 )
00000251: 14.3562   (Y': 13.3708   Cb: 14.3422   Cr: 15.652  )
00000254: 14.3595   (Y': 13.3518   Cb: 14.3566   Cr: 15.6779 )
00000252: 14.3561   (Y': 13.3654   Cb: 14.3449   Cr: 15.657  )
00000253: 14.3623   (Y': 13.3544   Cb: 14.3652   Cr: 15.6733 )
00000255: 14.3682   (Y': 13.3664   Cb: 14.3625   Cr: 15.6802 )
00000256: 14.3604   (Y': 13.3596   Cb: 14.3611   Cr: 15.6621 )
00000258: 14.3436   (Y': 13.3355   Cb: 14.3376   Cr: 15.6669 )
00000257: 14.353    (Y': 13.3465   Cb: 14.3467   Cr: 15.6741 )
00000259: 14.3558   (Y': 13.3463   Cb: 14.3491   Cr: 15.6824 )
00000261: 16.1377   (Y': 14.5808   Cb: 16.8326   Cr: 17.5844 )
00000260: 14.6559   (Y': 14.1698   Cb: 14.191    Cr: 15.7992 )
00000262: 16.0489   (Y': 14.4461   Cb: 16.7758   Cr: 17.55   )
00000263: 15.8361   (Y': 14.1938   Cb: 16.5918   Cr: 17.3845 )
00000267: 15.441    (Y': 13.9554   Cb: 15.9453   Cr: 16.9788 )
00000264: 15.7367   (Y': 14.1258   Cb: 16.4511   Cr: 17.2695 )
00000265: 15.5886   (Y': 14.035    Cb: 16.2073   Cr: 17.1208 )
00000266: 15.5329   (Y': 13.9821   Cb: 16.1282   Cr: 17.0885 )
00000269: 15.3252   (Y': 13.9071   Cb: 15.7317   Cr: 16.8542 )
00000270: 15.2855   (Y': 13.912    Cb: 15.6648   Cr: 16.7627 )
00000268: 15.3895   (Y': 13.92     Cb: 15.8796   Cr: 16.9133 )
00000271: 15.2267   (Y': 13.8978   Cb: 15.5454   Cr: 16.6969 )
00000273: 15.1883   (Y': 13.8925   Cb: 15.4644   Cr: 16.6519 )
00000272: 15.22     (Y': 13.8947   Cb: 15.533    Cr: 16.6909 )
00000275: 15.1602   (Y': 13.9009   Cb: 15.4126   Cr: 16.5864 )
00000274: 15.1799   (Y': 13.8949   Cb: 15.4525   Cr: 16.6275 )
00000276: 15.1469   (Y': 13.9033   Cb: 15.3792   Cr: 16.5702 )
00000277: 15.1137   (Y': 13.8883   Cb: 15.336    Cr: 16.5169 )
00000278: 15.6576   (Y': 14.6687   Cb: 15.7477   Cr: 16.8222 )
00000279: 16.6622   (Y': 15.2666   Cb: 17.151    Cr: 18.044  )
00000281: 16.5864   (Y': 15.1814   Cb: 17.1312   Cr: 17.9181 )
00000280: 16.6704   (Y': 15.2389   Cb: 17.2005   Cr: 18.0703 )
00000282: 16.5131   (Y': 15.1121   Cb: 17.0569   Cr: 17.8383 )
00000284: 16.342    (Y': 15.023    Cb: 16.8258   Cr: 17.5885 )
00000283: 16.3895   (Y': 15.0456   Cb: 16.8875   Cr: 17.664  )
00000285: 17.0324   (Y': 15.5866   Cb: 17.3158   Cr: 18.7838 )
00000286: 17.045    (Y': 15.59     Cb: 17.3567   Cr: 18.776  )
00000287: 17.029    (Y': 15.5806   Cb: 17.3556   Cr: 18.7259 )
00000289: 16.9144   (Y': 15.5417   Cb: 17.2151   Cr: 18.4933 )
00000288: 16.9977   (Y': 15.5882   Cb: 17.3056   Cr: 18.6405 )
00000290: 16.8953   (Y': 15.5526   Cb: 17.1582   Cr: 18.4665 )
00000293: 16.7293   (Y': 15.4614   Cb: 16.9509   Cr: 18.2124 )
00000291: 16.8089   (Y': 15.5075   Cb: 17.0517   Cr: 18.3271 )
00000292: 16.7723   (Y': 15.4703   Cb: 17.0105   Cr: 18.298  )
00000294: 16.7046   (Y': 15.445    Cb: 16.914    Cr: 18.1883 )
00000295: 18.1431   (Y': 17.1498   Cb: 18.306    Cr: 19.2231 )
00000296: 18.6719   (Y': 17.4269   Cb: 18.9325   Cr: 20.0609 )
00000297: 18.6574   (Y': 17.3632   Cb: 19.0247   Cr: 20.0009 )
00000298: 18.6346   (Y': 17.3966   Cb: 18.9483   Cr: 19.9433 )
00000300: 18.4223   (Y': 17.4055   Cb: 18.6684   Cr: 19.439  )
00000299: 18.4926   (Y': 17.3938   Cb: 18.7928   Cr: 19.578  )
00000301: 18.2265   (Y': 17.3366   Cb: 18.3918   Cr: 19.1421 )
00000302: 18.1531   (Y': 17.3313   Cb: 18.2922   Cr: 18.998  )
00000304: 14.4865   (Y': 13.5603   Cb: 14.3711   Cr: 15.8217 )
00000303: 18.0112   (Y': 17.3195   Cb: 18.0591   Cr: 18.7773 )
00000305: 16.1689   (Y': 14.414    Cb: 17.1762   Cr: 17.6618 )
00000306: 16.0644   (Y': 14.2881   Cb: 17.0729   Cr: 17.6014 )
00000307: 15.7834   (Y': 14.0296   Cb: 16.6467   Cr: 17.4408 )
00000309: 15.3998   (Y': 13.801    Cb: 16.0004   Cr: 17.0483 )
00000308: 15.6474   (Y': 13.9489   Cb: 16.3989   Cr: 17.3205 )
00000310: 15.2882   (Y': 13.7363   Cb: 15.8336   Cr: 16.9094 )
00000312: 15.0502   (Y': 13.6856   Cb: 15.4114   Cr: 16.5336 )
00000311: 15.117    (Y': 13.7032   Cb: 15.5302   Cr: 16.6291 )
00000313: 15.0898   (Y': 13.8239   Cb: 15.3767   Cr: 16.4836 )
00000314: 15.2285   (Y': 13.9856   Cb: 15.5034   Cr: 16.5954 )
00000315: 15.328    (Y': 14.1194   Cb: 15.5761   Cr: 16.6669 )
00000317: 15.2864   (Y': 14.04     Cb: 15.5579   Cr: 16.664  )
00000316: 15.3074   (Y': 14.0787   Cb: 15.571    Cr: 16.6628 )
00000318: 15.2318   (Y': 13.9853   Cb: 15.4888   Cr: 16.6284 )
00000319: 15.1592   (Y': 13.9082   Cb: 15.4266   Cr: 16.5505 )
00000320: 15.1283   (Y': 13.8698   Cb: 15.3813   Cr: 16.5521 )
00000321: 15.0823   (Y': 13.8483   Cb: 15.3141   Cr: 16.4889 )
00000322: 15.0262   (Y': 13.7934   Cb: 15.2575   Cr: 16.431  )
00000323: 14.7759   (Y': 13.577    Cb: 14.9346   Cr: 16.2149 )
00000324: 14.6474   (Y': 13.4645   Cb: 14.788    Cr: 16.0817 )
00000325: 14.5078   (Y': 13.361    Cb: 14.6206   Cr: 15.914  )
00000326: 14.6002   (Y': 13.4508   Cb: 14.7178   Cr: 16.0045 )
00000328: 14.8558   (Y': 13.6489   Cb: 15.0544   Cr: 16.2562 )
00000327: 14.8166   (Y': 13.6305   Cb: 14.9932   Cr: 16.2083 )
00000330: 14.9483   (Y': 13.7765   Cb: 15.1167   Cr: 16.325  )
00000329: 14.9239   (Y': 13.7428   Cb: 15.1015   Cr: 16.3053 )
00000331: 15.0185   (Y': 13.82     Cb: 15.2226   Cr: 16.3965 )
00000333: 15.1316   (Y': 13.929    Cb: 15.3492   Cr: 16.4992 )
00000332: 15.0662   (Y': 13.8806   Cb: 15.2576   Cr: 16.4375 )
00000334: 15.1699   (Y': 13.9581   Cb: 15.4123   Cr: 16.5222 )
00000335: 15.2575   (Y': 14.037    Cb: 15.4951   Cr: 16.6319 )
00000336: 15.2869   (Y': 14.0866   Cb: 15.5047   Cr: 16.6505 )
00000337: 15.3449   (Y': 14.1508   Cb: 15.5672   Cr: 16.6912 )
00000338: 15.3705   (Y': 14.158    Cb: 15.6062   Cr: 16.7328 )
00000339: 15.4118   (Y': 14.2465   Cb: 15.6138   Cr: 16.7333 )
00000340: 15.4373   (Y': 14.295    Cb: 15.6243   Cr: 16.7375 )
00000342: 15.4992   (Y': 14.3519   Cb: 15.6943   Cr: 16.7978 )
00000341: 15.4497   (Y': 14.3037   Cb: 15.651    Cr: 16.7379 )
00000343: 15.4969   (Y': 14.3517   Cb: 15.6838   Cr: 16.8023 )
00000344: 15.5107   (Y': 14.3791   Cb: 15.712    Cr: 16.7739 )
00000345: 15.5423   (Y': 14.4503   Cb: 15.6957   Cr: 16.7986 )
00000346: 15.5504   (Y': 14.46     Cb: 15.6945   Cr: 16.816  )
00000347: 15.5619   (Y': 14.4988   Cb: 15.6891   Cr: 16.8028 )
00000348: 15.6016   (Y': 14.5651   Cb: 15.7083   Cr: 16.8235 )
00000349: 15.6055   (Y': 14.5788   Cb: 15.7004   Cr: 16.8264 )
00000350: 15.6244   (Y': 14.6303   Cb: 15.6901   Cr: 16.8289 )
00000351: 15.6705   (Y': 14.6836   Cb: 15.709    Cr: 16.8988 )
00000352: 15.6953   (Y': 14.6794   Cb: 15.7563   Cr: 16.9423 )
00000353: 15.7524   (Y': 14.7279   Cb: 15.8491   Cr: 16.9674 )
00000354: 15.8243   (Y': 14.7575   Cb: 15.9751   Cr: 17.0408 )
00000355: 16.022    (Y': 14.892    Cb: 16.2184   Cr: 17.2886 )
00000357: 16.2864   (Y': 15.1278   Cb: 16.517    Cr: 17.5594 )
00000356: 16.104    (Y': 14.9814   Cb: 16.2819   Cr: 17.3815 )
00000358: 16.2865   (Y': 15.1141   Cb: 16.5259   Cr: 17.5722 )
00000359: 16.2318   (Y': 15.1047   Cb: 16.439    Cr: 17.4797 )
00000360: 16.3052   (Y': 15.1104   Cb: 16.553    Cr: 17.6201 )
00000361: 16.3326   (Y': 15.2013   Cb: 16.5233   Cr: 17.609  )
00000362: 16.3022   (Y': 15.1632   Cb: 16.479    Cr: 17.6096 )
00000363: 16.2296   (Y': 15.1209   Cb: 16.3704   Cr: 17.5309 )
00000366: 15.898    (Y': 14.9641   Cb: 15.8943   Cr: 17.0943 )
00000365: 15.8909   (Y': 14.9501   Cb: 15.9006   Cr: 17.0805 )
00000364: 16.1231   (Y': 15.058    Cb: 16.2347   Cr: 17.3874 )
00000367: 16.0125   (Y': 15.0522   Cb: 16.0298   Cr: 17.2242 )
00000369: 16.4486   (Y': 15.3833   Cb: 16.5985   Cr: 17.6638 )
00000368: 16.092    (Y': 15.0982   Cb: 16.1632   Cr: 17.2888 )
00000370: 16.4888   (Y': 15.3803   Cb: 16.6634   Cr: 17.7461 )
00000371: 16.4775   (Y': 15.4223   Cb: 16.6497   Cr: 17.6474 )
00000372: 16.3848   (Y': 15.3794   Cb: 16.4975   Cr: 17.5475 )
00000373: 16.2644   (Y': 15.2451   Cb: 16.3549   Cr: 17.4786 )
00000374: 16.2619   (Y': 15.2497   Cb: 16.3424   Cr: 17.4771 )
00000375: 16.1925   (Y': 15.2611   Cb: 16.2321   Cr: 17.3284 )
00000376: 17.4172   (Y': 15.5065   Cb: 18.3369   Cr: 19.3677 )
00000377: 17.8145   (Y': 15.6845   Cb: 19.1323   Cr: 19.8302 )
00000378: 17.8412   (Y': 15.593    Cb: 19.3009   Cr: 20.0066 )
00000379: 17.6599   (Y': 15.2476   Cb: 19.1276   Cr: 20.3039 )
00000380: 17.4534   (Y': 15.1138   Cb: 18.8964   Cr: 19.9034 )
00000381: 17.3845   (Y': 15.2506   Cb: 18.6542   Cr: 19.4678 )
00000382: 17.3075   (Y': 15.1893   Cb: 18.5473   Cr: 19.3856 )
00000383: 17.4612   (Y': 15.425    Cb: 18.5581   Cr: 19.5023 )
00000384: 16.733    (Y': 15.5447   Cb: 16.9582   Cr: 18.0655 )
00000385: 17.1141   (Y': 15.7498   Cb: 17.586    Cr: 18.458  )
00000386: 16.7897   (Y': 15.6307   Cb: 17.0709   Cr: 17.9996 )
00000387: 16.345    (Y': 15.378    Cb: 16.4461   Cr: 17.4597 )
00000388: 16.2105   (Y': 15.31     Cb: 16.2471   Cr: 17.3008 )
00000389: 16.194    (Y': 15.2579   Cb: 16.2547   Cr: 17.3103 )
00000392: 16.1236   (Y': 15.1315   Cb: 16.2199   Cr: 17.2852 )
00000391: 16.1686   (Y': 15.2095   Cb: 16.2214   Cr: 17.3322 )
00000390: 16.1992   (Y': 15.2586   Cb: 16.2661   Cr: 17.3146 )
00000393: 16.025    (Y': 14.8918   Cb: 16.193    Cr: 17.3339 )
00000394: 15.9506   (Y': 14.729    Cb: 16.2249   Cr: 17.2799 )
00000395: 15.9644   (Y': 14.6826   Cb: 16.2839   Cr: 17.3452 )
00000396: 15.9556   (Y': 14.706    Cb: 16.2737   Cr: 17.2795 )
00000397: 15.918    (Y': 14.6862   Cb: 16.2391   Cr: 17.2064 )
00000399: 17.272    (Y': 14.9786   Cb: 18.7753   Cr: 19.5125 )
00000398: 15.9352   (Y': 14.658    Cb: 16.3018   Cr: 17.2486 )
00000400: 17.2887   (Y': 15.097    Cb: 18.6361   Cr: 19.4334 )
00000402: 17.3216   (Y': 15.2668   Cb: 18.4809   Cr: 19.3334 )
00000401: 17.0696   (Y': 15.0674   Cb: 18.1658   Cr: 19.0257 )
00000403: 17.1834   (Y': 14.9794   Cb: 18.5321   Cr: 19.36   )
00000404: 17.0592   (Y': 14.9693   Cb: 18.2747   Cr: 19.0928 )
00000405: 16.5224   (Y': 14.8186   Cb: 17.277    Cr: 18.2032 )
00000407: 15.9416   (Y': 14.6408   Cb: 16.4387   Cr: 17.1396 )
00000406: 16.2184   (Y': 14.6826   Cb: 16.8368   Cr: 17.7153 )
00000409: 15.8171   (Y': 14.6454   Cb: 16.2568   Cr: 16.8597 )
00000408: 15.8512   (Y': 14.6478   Cb: 16.2818   Cr: 16.9574 )
00000410: 15.7609   (Y': 14.6131   Cb: 16.185    Cr: 16.7816 )
00000411: 15.64     (Y': 14.6057   Cb: 15.9878   Cr: 16.5654 )
00000412: 15.6004   (Y': 14.6314   Cb: 15.9228   Cr: 16.4539 )
00000413: 15.6766   (Y': 14.7757   Cb: 15.9654   Cr: 16.4658 )
00000414: 15.6796   (Y': 14.777    Cb: 15.9722   Cr: 16.4672 )
00000416: 15.6972   (Y': 14.8246   Cb: 15.989    Cr: 16.4417 )
00000415: 15.6941   (Y': 14.7806   Cb: 16.0028   Cr: 16.4798 )
00000418: 15.7247   (Y': 14.8158   Cb: 16.0665   Cr: 16.4671 )
00000417: 15.7169   (Y': 14.8408   Cb: 15.9973   Cr: 16.4793 )
00000419: 15.8022   (Y': 14.8426   Cb: 16.1692   Cr: 16.5919 )
00000420: 15.8128   (Y': 14.8752   Cb: 16.1827   Cr: 16.5665 )
00000422: 15.9067   (Y': 14.9472   Cb: 16.2958   Cr: 16.6721 )
00000421: 15.8925   (Y': 14.8948   Cb: 16.324    Cr: 16.6689 )
00000423: 15.9548   (Y': 14.9659   Cb: 16.3648   Cr: 16.7414 )
00000424: 15.9902   (Y': 15.0232   Cb: 16.3844   Cr: 16.7611 )
00000426: 16.0546   (Y': 15.3532   Cb: 16.1898   Cr: 16.733  )
00000425: 16.0506   (Y': 15.22     Cb: 16.2743   Cr: 16.8105 )
00000427: 16.1812   (Y': 15.6123   Cb: 16.3041   Cr: 16.6972 )
00000428: 16.226    (Y': 15.704    Cb: 16.3254   Cr: 16.7083 )
00000429: 16.4015   (Y': 15.8213   Cb: 16.5323   Cr: 16.9236 )
00000430: 16.3994   (Y': 15.729    Cb: 16.6049   Cr: 16.9582 )
00000432: 16.3182   (Y': 15.4539   Cb: 16.6197   Cr: 17.0402 )
00000431: 16.4167   (Y': 15.5659   Cb: 16.7029   Cr: 17.136  )
00000434: 15.9596   (Y': 15.0129   Cb: 16.2182   Cr: 16.8523 )
00000433: 16.062    (Y': 15.1308   Cb: 16.3231   Cr: 16.9281 )
00000435: 15.87     (Y': 14.9037   Cb: 16.1151   Cr: 16.8083 )
00000436: 15.9028   (Y': 14.8991   Cb: 16.1568   Cr: 16.8891 )
00000437: 15.9874   (Y': 15.011    Cb: 16.2388   Cr: 16.934  )
00000438: 15.9436   (Y': 15.0021   Cb: 16.1195   Cr: 16.9256 )
00000439: 16.0134   (Y': 15.2795   Cb: 16.0031   Cr: 16.9096 )
00000440: 16.1138   (Y': 15.4103   Cb: 16.131    Cr: 16.9327 )
00000441: 16.111    (Y': 15.3693   Cb: 16.1634   Cr: 16.9426 )
00000443: 16.0643   (Y': 15.3908   Cb: 16.0878   Cr: 16.8337 )
00000442: 16.0714   (Y': 15.3551   Cb: 16.1274   Cr: 16.8624 )
00000444: 16.1115   (Y': 15.4412   Cb: 16.1115   Cr: 16.9045 )
00000447: 15.763    (Y': 14.9393   Cb: 15.9119   Cr: 16.599  )
00000445: 16.0386   (Y': 15.2534   Cb: 16.1233   Cr: 16.8943 )
00000446: 15.9086   (Y': 15.0635   Cb: 16.0974   Cr: 16.7299 )
00000448: 15.7323   (Y': 14.9032   Cb: 15.8746   Cr: 16.5843 )
00000450: 15.6369   (Y': 14.8487   Cb: 15.7332   Cr: 16.4834 )
00000449: 15.6412   (Y': 14.85     Cb: 15.7277   Cr: 16.5038 )
00000451: 15.656    (Y': 14.8654   Cb: 15.7353   Cr: 16.5264 )
00000452: 15.6749   (Y': 14.893    Cb: 15.7406   Cr: 16.5489 )
00000454: 15.8372   (Y': 14.9508   Cb: 15.9428   Cr: 16.8193 )
00000453: 15.7987   (Y': 14.9422   Cb: 15.8949   Cr: 16.7466 )
00000455: 15.8907   (Y': 14.8702   Cb: 16.0907   Cr: 16.9691 )
00000456: 15.8757   (Y': 14.7907   Cb: 16.1062   Cr: 17.0226 )
00000457: 15.8447   (Y': 14.7024   Cb: 16.1705   Cr: 16.972  )
00000458: 15.8038   (Y': 14.7113   Cb: 16.151    Cr: 16.8233 )
00000460: 15.6747   (Y': 14.5995   Cb: 16.015    Cr: 16.6739 )
00000459: 15.7003   (Y': 14.5959   Cb: 16.0396   Cr: 16.7485 )
00000461: 15.8428   (Y': 14.7922   Cb: 16.0997   Cr: 16.901  )
00000462: 15.8794   (Y': 14.8375   Cb: 16.0745   Cr: 16.9986 )
00000463: 15.9946   (Y': 14.9301   Cb: 16.1225   Cr: 17.2369 )
00000464: 16.0386   (Y': 14.9353   Cb: 16.1901   Cr: 17.3169 )
00000465: 16.0531   (Y': 14.8823   Cb: 16.2765   Cr: 17.3567 )
00000466: 16.0626   (Y': 14.9282   Cb: 16.2992   Cr: 17.2857 )
00000467: 15.9276   (Y': 14.8687   Cb: 16.0536   Cr: 17.1628 )
00000468: 15.8849   (Y': 14.8851   Cb: 15.964    Cr: 17.0814 )
00000469: 15.8196   (Y': 14.8027   Cb: 15.8546   Cr: 17.1029 )
00000470: 15.7879   (Y': 14.8239   Cb: 15.7694   Cr: 17.0535 )
00000471: 15.828    (Y': 14.8968   Cb: 15.8027   Cr: 17.0485 )
00000472: 15.8022   (Y': 14.8763   Cb: 15.7395   Cr: 17.0643 )
00000473: 15.8591   (Y': 14.8042   Cb: 15.8819   Cr: 17.2243 )
00000474: 15.8297   (Y': 14.8024   Cb: 15.8511   Cr: 17.1488 )
00000475: 15.8477   (Y': 14.7565   Cb: 15.9312   Cr: 17.1942 )
00000476: 15.925    (Y': 14.8294   Cb: 16.0323   Cr: 17.2476 )
00000477: 16.0101   (Y': 14.9365   Cb: 16.1261   Cr: 17.2833 )
00000478: 15.9777   (Y': 14.8677   Cb: 16.1013   Cr: 17.3039 )
00000479: 15.9871   (Y': 14.9379   Cb: 16.0667   Cr: 17.2661 )
00000480: 15.9433   (Y': 14.945    Cb: 15.9896   Cr: 17.1801 )
00000481: 15.9149   (Y': 14.924    Cb: 16.0178   Cr: 17.0663 )
00000482: 15.8598   (Y': 14.8861   Cb: 15.9375   Cr: 17.0153 )
00000484: 15.8012   (Y': 14.9212   Cb: 15.781    Cr: 16.9324 )
00000483: 15.8082   (Y': 14.9552   Cb: 15.7744   Cr: 16.9142 )
00000485: 15.7875   (Y': 15.0462   Cb: 15.6824   Cr: 16.8148 )
00000486: 15.7562   (Y': 15.0736   Cb: 15.6226   Cr: 16.733  )
00000487: 15.8053   (Y': 15.0549   Cb: 15.7594   Cr: 16.7704 )
00000488: 15.8424   (Y': 15.1009   Cb: 15.8055   Cr: 16.7829 )
00000489: 15.9851   (Y': 15.2667   Cb: 16.0113   Cr: 16.8147 )
00000490: 15.9888   (Y': 15.295    Cb: 16.0165   Cr: 16.7818 )
00000491: 15.9621   (Y': 15.2125   Cb: 16.0968   Cr: 16.7082 )
00000492: 15.9179   (Y': 15.123    Cb: 16.0844   Cr: 16.6917 )
00000493: 15.7379   (Y': 14.932    Cb: 15.8822   Cr: 16.5535 )
00000495: 15.8674   (Y': 15.1135   Cb: 15.8941   Cr: 16.7474 )
00000494: 15.7169   (Y': 14.9667   Cb: 15.8105   Cr: 16.5117 )
00000497: 16.047    (Y': 15.4397   Cb: 16.0447   Cr: 16.7559 )
00000496: 15.933    (Y': 15.2183   Cb: 15.9851   Cr: 16.7263 )
00000500: 16.0004   (Y': 15.8643   Cb: 15.6614   Cr: 16.5213 )
00000498: 15.9863   (Y': 15.4368   Cb: 15.9539   Cr: 16.6533 )
00000499: 15.9745   (Y': 15.6734   Cb: 15.7547   Cr: 16.5481 )
00000501: 16.0725   (Y': 16.4278   Cb: 15.4032   Cr: 16.4728 )
00000502: 16.1192   (Y': 16.5754   Cb: 15.3508   Cr: 16.5473 )
00000503: 15.829    (Y': 15.6077   Cb: 15.341    Cr: 16.6444 )
00000505: 15.9031   (Y': 15.3775   Cb: 15.4579   Cr: 17.0755 )
00000504: 15.8559   (Y': 15.5348   Cb: 15.3829   Cr: 16.7807 )
00000506: 15.846    (Y': 15.2975   Cb: 15.4501   Cr: 16.9815 )
00000507: 15.8587   (Y': 15.1374   Cb: 15.5643   Cr: 17.1127 )
00000508: 15.8151   (Y': 15.0121   Cb: 15.563    Cr: 17.1396 )
00000509: 15.7565   (Y': 14.8435   Cb: 15.5808   Cr: 17.1545 )
00000512: 15.8195   (Y': 14.7867   Cb: 15.7306   Cr: 17.3017 )
00000510: 15.7183   (Y': 14.6546   Cb: 15.6407   Cr: 17.24   )
00000511: 15.7202   (Y': 14.7125   Cb: 15.6021   Cr: 17.1997 )
00000513: 15.9769   (Y': 14.92     Cb: 15.9218   Cr: 17.4539 )
00000514: 16.0206   (Y': 14.9112   Cb: 16.0005   Cr: 17.5429 )
00000515: 16.137    (Y': 15.1299   Cb: 16.0334   Cr: 17.5949 )
00000516: 15.9502   (Y': 14.9166   Cb: 15.8588   Cr: 17.4375 )
00000517: 15.8114   (Y': 14.6237   Cb: 15.8232   Cr: 17.4344 )
00000518: 15.7583   (Y': 14.4749   Cb: 15.8494   Cr: 17.4529 )
00000519: 16.2635   (Y': 15.6418   Cb: 15.8744   Cr: 17.4993 )
00000520: 16.3376   (Y': 15.7003   Cb: 15.9762   Cr: 17.5574 )
00000521: 16.2214   (Y': 15.5291   Cb: 15.8608   Cr: 17.5255 )
00000522: 16.2359   (Y': 15.477    Cb: 15.9197   Cr: 17.5816 )
00000523: 16.2292   (Y': 15.2896   Cb: 16.0409   Cr: 17.6914 )
00000524: 16.2006   (Y': 15.3788   Cb: 15.9118   Cr: 17.6095 )
00000525: 16.2517   (Y': 15.4428   Cb: 15.9861   Cr: 17.6052 )
00000526: 16.2855   (Y': 15.3973   Cb: 16.1494   Cr: 17.5859 )
00000528: 16.5471   (Y': 15.7179   Cb: 16.3807   Cr: 17.7934 )
00000529: 16.6726   (Y': 15.7838   Cb: 16.5889   Cr: 17.9023 )
00000527: 16.5015   (Y': 15.6665   Cb: 16.3145   Cr: 17.7857 )
00000530: 16.7969   (Y': 15.9942   Cb: 16.6935   Cr: 17.9159 )
00000531: 16.7906   (Y': 15.8973   Cb: 16.7392   Cr: 17.9844 )
00000533: 16.8162   (Y': 15.9597   Cb: 16.7206   Cr: 18.0096 )
00000532: 16.8015   (Y': 15.8819   Cb: 16.7574   Cr: 18.0278 )
00000534: 16.9147   (Y': 15.99     Cb: 16.8876   Cr: 18.1268 )
00000535: 16.7055   (Y': 15.9442   Cb: 16.5166   Cr: 17.8751 )
00000536: 16.6942   (Y': 15.9077   Cb: 16.56     Cr: 17.8288 )
00000537: 16.6144   (Y': 15.9184   Cb: 16.3904   Cr: 17.7312 )
00000538: 16.6274   (Y': 15.9094   Cb: 16.3777   Cr: 17.8132 )
00000539: 16.6442   (Y': 16.0231   Cb: 16.3431   Cr: 17.7541 )
00000540: 16.701    (Y': 16.0984   Cb: 16.3944   Cr: 17.7912 )
00000541: 16.6397   (Y': 15.9084   Cb: 16.4329   Cr: 17.787  )
00000543: 16.5875   (Y': 15.7237   Cb: 16.4366   Cr: 17.8683 )
00000542: 16.6465   (Y': 15.8498   Cb: 16.5089   Cr: 17.8017 )
00000544: 16.5154   (Y': 15.6298   Cb: 16.3992   Cr: 17.784  )
00000545: 16.5429   (Y': 15.6069   Cb: 16.4515   Cr: 17.8609 )
00000546: 16.5003   (Y': 15.5617   Cb: 16.3872   Cr: 17.8532 )
00000547: 16.5033   (Y': 15.6654   Cb: 16.3148   Cr: 17.7946 )
00000548: 16.4181   (Y': 15.5663   Cb: 16.2584   Cr: 17.6915 )
00000549: 16.3965   (Y': 15.6061   Cb: 16.2248   Cr: 17.5879 )
00000551: 16.3187   (Y': 15.4817   Cb: 16.1732   Cr: 17.5487 )
00000550: 16.4216   (Y': 15.5634   Cb: 16.2957   Cr: 17.6587 )
00000552: 16.3775   (Y': 15.5191   Cb: 16.2789   Cr: 17.578  )
00000553: 16.3957   (Y': 15.5941   Cb: 16.2335   Cr: 17.592  )
00000554: 16.452    (Y': 15.6594   Cb: 16.2577   Cr: 17.6782 )
00000555: 16.3985   (Y': 15.7206   Cb: 16.1534   Cr: 17.5164 )
00000556: 16.4236   (Y': 15.7783   Cb: 16.1849   Cr: 17.4844 )
00000557: 16.4098   (Y': 15.8113   Cb: 16.1392   Cr: 17.4447 )
00000558: 16.3389   (Y': 15.6788   Cb: 16.1229   Cr: 17.391  )
00000559: 16.2451   (Y': 15.6798   Cb: 15.9489   Cr: 17.2666 )
00000561: 16.2965   (Y': 15.725    Cb: 15.9965   Cr: 17.3319 )
00000560: 16.2111   (Y': 15.6155   Cb: 15.9524   Cr: 17.226  )
00000562: 16.3215   (Y': 15.7644   Cb: 16.0153   Cr: 17.3446 )
00000563: 16.3207   (Y': 15.7573   Cb: 16.0174   Cr: 17.349  )
00000564: 16.3779   (Y': 15.8387   Cb: 16.0894   Cr: 17.3516 )
00000566: 16.4251   (Y': 15.9111   Cb: 16.0607   Cr: 17.4664 )
00000565: 16.4148   (Y': 15.8655   Cb: 16.0699   Cr: 17.4797 )
00000567: 16.5188   (Y': 15.9308   Cb: 16.1559   Cr: 17.6661 )
00000571: 16.5599   (Y': 15.8042   Cb: 16.2929   Cr: 17.8296 )
00000569: 16.581    (Y': 15.8978   Cb: 16.285    Cr: 17.7782 )
00000568: 16.5118   (Y': 15.8834   Cb: 16.1687   Cr: 17.6918 )
00000570: 16.6181   (Y': 15.9346   Cb: 16.3242   Cr: 17.8125 )
00000572: 16.5883   (Y': 15.7992   Cb: 16.3122   Cr: 17.925  )
00000574: 16.683    (Y': 15.8116   Cb: 16.419    Cr: 18.1394 )
00000573: 16.6998   (Y': 15.9107   Cb: 16.3966   Cr: 18.0758 )
00000575: 16.8909   (Y': 16.0039   Cb: 16.7058   Cr: 18.2584 )
00000576: 17.0007   (Y': 16.0375   Cb: 16.9046   Cr: 18.3715 )
00000577: 17.0778   (Y': 15.9941   Cb: 17.079    Cr: 18.5233 )
00000578: 17.0716   (Y': 15.9281   Cb: 17.1497   Cr: 18.519  )
00000579: 17.1916   (Y': 15.8653   Cb: 17.3393   Cr: 18.8903 )
00000580: 17.1171   (Y': 15.818    Cb: 17.2666   Cr: 18.7593 )
00000581: 16.999    (Y': 15.7014   Cb: 17.2052   Cr: 18.5593 )
00000582: 17.0525   (Y': 15.7102   Cb: 17.2661   Cr: 18.6905 )
00000583: 17.0667   (Y': 15.7115   Cb: 17.2343   Cr: 18.7954 )
00000584: 17.1543   (Y': 15.7365   Cb: 17.3503   Cr: 18.9713 )
00000586: 17.3441   (Y': 15.8082   Cb: 17.6648   Cr: 19.2353 )
00000585: 17.294    (Y': 15.7838   Cb: 17.5839   Cr: 19.1734 )
00000587: 17.3411   (Y': 15.7837   Cb: 17.6417   Cr: 19.3096 )
00000588: 17.2954   (Y': 15.7237   Cb: 17.5756   Cr: 19.3268 )
00000589: 17.2637   (Y': 15.6839   Cb: 17.5381   Cr: 19.3224 )
00000591: 16.9998   (Y': 15.4838   Cb: 17.142    Cr: 19.1149 )
00000590: 17.1598   (Y': 15.601    Cb: 17.3978   Cr: 19.2249 )
00000592: 17.0536   (Y': 15.5253   Cb: 17.2448   Cr: 19.1207 )
00000594: 17        (Y': 15.5018   Cb: 17.2039   Cr: 18.9795 )
00000593: 17.0729   (Y': 15.5675   Cb: 17.291    Cr: 19.0473 )
00000595: 17.1182   (Y': 15.5794   Cb: 17.4358   Cr: 19.0206 )
00000596: 17.133    (Y': 15.6277   Cb: 17.4393   Cr: 18.9784 )
00000597: 17.1315   (Y': 15.5747   Cb: 17.486    Cr: 19.0208 )
00000599: 17.1528   (Y': 15.4704   Cb: 17.6282   Cr: 19.1554 )
00000598: 17.1552   (Y': 15.5757   Cb: 17.5178   Cr: 19.0833 )
00000600: 17.1131   (Y': 15.4847   Cb: 17.4903   Cr: 19.1315 )
00000603: 17.1463   (Y': 15.4907   Cb: 17.5773   Cr: 19.15   )
00000601: 17.1402   (Y': 15.4726   Cb: 17.5892   Cr: 19.146  )
00000602: 17.1622   (Y': 15.4964   Cb: 17.6243   Cr: 19.1452 )
00000604: 17.0927   (Y': 15.4332   Cb: 17.5215   Cr: 19.1087 )
00000605: 17.2127   (Y': 15.5743   Cb: 17.6477   Cr: 19.1712 )
00000606: 17.2119   (Y': 15.5142   Cb: 17.7241   Cr: 19.1983 )
00000607: 17.1792   (Y': 15.4671   Cb: 17.6813   Cr: 19.2138 )
00000608: 17.2423   (Y': 15.5348   Cb: 17.7469   Cr: 19.2624 )
00000609: 17.2243   (Y': 15.6306   Cb: 17.6148   Cr: 19.1446 )
00000611: 17.1337   (Y': 15.6028   Cb: 17.4518   Cr: 19.018  )
00000610: 17.1605   (Y': 15.5898   Cb: 17.51     Cr: 19.0879 )
00000612: 17.0972   (Y': 15.6323   Cb: 17.3011   Cr: 19.0039 )
00000613: 17.0479   (Y': 15.6726   Cb: 17.1396   Cr: 18.9299 )
00000614: 17.8747   (Y': 16.2828   Cb: 18.3784   Cr: 19.6351 )
00000615: 18.0275   (Y': 16.3381   Cb: 18.6856   Cr: 19.7987 )
00000617: 17.5402   (Y': 15.9912   Cb: 18.2267   Cr: 18.9811 )
00000616: 18.1112   (Y': 16.3728   Cb: 19.0693   Cr: 19.625  )
00000618: 17.3371   (Y': 15.9311   Cb: 17.827    Cr: 18.7376 )
00000619: 17.3952   (Y': 16.0746   Cb: 17.8455   Cr: 18.6846 )
00000620: 17.5006   (Y': 16.1837   Cb: 17.9787   Cr: 18.7497 )
00000621: 17.6783   (Y': 16.2159   Cb: 18.1883   Cr: 19.1628 )
00000622: 17.4908   (Y': 16.1254   Cb: 17.8762   Cr: 18.9451 )
00000623: 17.3587   (Y': 15.9281   Cb: 17.7344   Cr: 18.9531 )
00000626: 16.9785   (Y': 15.6193   Cb: 17.19     Cr: 18.6531 )
00000625: 17.0819   (Y': 15.669    Cb: 17.3183   Cr: 18.8312 )
00000624: 17.1635   (Y': 15.7117   Cb: 17.4863   Cr: 18.8726 )
00000628: 16.8383   (Y': 15.4932   Cb: 17.0479   Cr: 18.4874 )
00000627: 16.9192   (Y': 15.5656   Cb: 17.1482   Cr: 18.558  )
00000629: 16.6774   (Y': 15.3004   Cb: 16.9187   Cr: 18.3461 )
00000630: 16.5322   (Y': 15.1527   Cb: 16.702    Cr: 18.3076 )
00000634: 16.4524   (Y': 15.2829   Cb: 16.3299   Cr: 18.2417 )
00000631: 16.4204   (Y': 15.1301   Cb: 16.4477   Cr: 18.2231 )
00000632: 16.4387   (Y': 15.1549   Cb: 16.4763   Cr: 18.2124 )
00000633: 16.4642   (Y': 15.2509   Cb: 16.4405   Cr: 18.1891 )
00000635: 16.3723   (Y': 15.1486   Cb: 16.3318   Cr: 18.1429 )
00000636: 16.3244   (Y': 15.1305   Cb: 16.2752   Cr: 18.0495 )
00000637: 16.3631   (Y': 15.1473   Cb: 16.3455   Cr: 18.0837 )
00000638: 16.4265   (Y': 15.1782   Cb: 16.4505   Cr: 18.1495 )
00000640: 17.5927   (Y': 15.6554   Cb: 18.4355   Cr: 19.7094 )
00000641: 17.5713   (Y': 15.6076   Cb: 18.5062   Cr: 19.6338 )
00000639: 17.3263   (Y': 15.373    Cb: 18.1156   Cr: 19.5578 )
00000642: 17.2849   (Y': 15.3845   Cb: 18.1295   Cr: 19.307  )
00000643: 16.9795   (Y': 15.3017   Cb: 17.5172   Cr: 18.8847 )
00000644: 17.1328   (Y': 15.277    Cb: 17.8437   Cr: 19.224  )
00000645: 17.0492   (Y': 15.2319   Cb: 17.8363   Cr: 18.946  )
00000646: 16.8734   (Y': 15.1257   Cb: 17.4984   Cr: 18.8211 )
00000647: 16.7995   (Y': 15.0387   Cb: 17.3626   Cr: 18.8641 )
00000648: 16.934    (Y': 15.1402   Cb: 17.5129   Cr: 19.0566 )
00000649: 16.9293   (Y': 15.1529   Cb: 17.5357   Cr: 18.971  )
00000650: 16.9793   (Y': 15.2199   Cb: 17.572    Cr: 18.9989 )
00000651: 16.7713   (Y': 15.0621   Cb: 17.1953   Cr: 18.9123 )
00000652: 16.5788   (Y': 14.9257   Cb: 16.8458   Cr: 18.8236 )
00000653: 16.4958   (Y': 14.8931   Cb: 16.7309   Cr: 18.6688 )
00000654: 16.569    (Y': 14.9851   Cb: 16.8048   Cr: 18.6962 )
00000655: 16.6793   (Y': 14.9982   Cb: 17.0799   Cr: 18.7874 )
00000656: 16.7367   (Y': 15.0236   Cb: 17.1974   Cr: 18.8331 )
00000657: 16.8408   (Y': 15.1488   Cb: 17.3266   Cr: 18.8511 )
00000660: 16.5108   (Y': 15.1139   Cb: 16.7483   Cr: 18.2255 )
00000658: 16.7368   (Y': 15.1072   Cb: 17.1486   Cr: 18.7083 )
00000659: 16.6052   (Y': 15.0775   Cb: 16.9698   Cr: 18.4167 )
00000661: 16.4066   (Y': 15.1109   Cb: 16.5947   Cr: 17.988  )
00000662: 16.3363   (Y': 15.0466   Cb: 16.5244   Cr: 17.906  )
00000665: 16.4181   (Y': 15.2342   Cb: 16.5076   Cr: 17.9237 )
00000664: 16.377    (Y': 15.1697   Cb: 16.569    Cr: 17.7869 )
00000663: 16.3161   (Y': 15.0446   Cb: 16.5435   Cr: 17.7983 )
00000667: 16.4123   (Y': 15.1207   Cb: 16.4994   Cr: 18.129  )
00000666: 16.3929   (Y': 15.2437   Cb: 16.3864   Cr: 17.9695 )
00000668: 16.3487   (Y': 15.0866   Cb: 16.4116   Cr: 18.042  )
00000669: 16.3106   (Y': 14.8355   Cb: 16.5878   Cr: 18.1324 )
00000670: 16.2405   (Y': 14.7327   Cb: 16.5287   Cr: 18.1169 )
00000672: 16.3435   (Y': 14.7922   Cb: 16.7048   Cr: 18.211  )
00000671: 16.3074   (Y': 14.7574   Cb: 16.6501   Cr: 18.1985 )
00000673: 16.4234   (Y': 14.8881   Cb: 16.7195   Cr: 18.3492 )
00000674: 16.4431   (Y': 14.9144   Cb: 16.7247   Cr: 18.3753 )
00000675: 16.4335   (Y': 15.0818   Cb: 16.5813   Cr: 18.1837 )
00000676: 16.4986   (Y': 15.1956   Cb: 16.6171   Cr: 18.1924 )
00000677: 16.349    (Y': 15.0609   Cb: 16.3699   Cr: 18.1566 )
00000678: 16.3265   (Y': 15.0907   Cb: 16.2518   Cr: 18.1744 )
00000679: 16.3039   (Y': 15.2169   Cb: 16.1163   Cr: 18.0339 )
00000680: 16.2831   (Y': 15.2217   Cb: 16.0716   Cr: 18.0014 )
00000681: 16.2486   (Y': 15.3354   Cb: 15.9633   Cr: 17.8095 )
00000682: 16.2871   (Y': 15.3611   Cb: 16.034    Cr: 17.8217 )
00000683: 16.4106   (Y': 15.4633   Cb: 16.2269   Cr: 17.8794 )
00000684: 16.5035   (Y': 15.5598   Cb: 16.345    Cr: 17.9296 )
00000685: 16.5388   (Y': 15.6245   Cb: 16.2995   Cr: 18.032  )
00000686: 16.6036   (Y': 15.6493   Cb: 16.3898   Cr: 18.129  )
00000687: 16.6408   (Y': 15.7179   Cb: 16.4608   Cr: 18.062  )
00000688: 16.5999   (Y': 15.6865   Cb: 16.409    Cr: 18.0206 )
00000690: 16.5719   (Y': 15.6252   Cb: 16.3876   Cr: 18.0404 )
00000689: 16.557    (Y': 15.6299   Cb: 16.3356   Cr: 18.046  )
00000691: 16.63     (Y': 15.6614   Cb: 16.4687   Cr: 18.1035 )
00000692: 16.5351   (Y': 15.6034   Cb: 16.3614   Cr: 17.9625 )
00000693: 16.4543   (Y': 15.5539   Cb: 16.2193   Cr: 17.9174 )
00000694: 16.3676   (Y': 15.4932   Cb: 16.0866   Cr: 17.8541 )
00000695: 16.2128   (Y': 15.538    Cb: 15.7513   Cr: 17.6406 )
00000696: 16.0846   (Y': 15.5549   Cb: 15.5253   Cr: 17.4345 )
00000697: 15.9982   (Y': 15.5567   Cb: 15.3677   Cr: 17.325  )
00000698: 15.9643   (Y': 15.583    Cb: 15.2331   Cr: 17.3619 )
00000699: 15.9249   (Y': 15.4867   Cb: 15.2101   Cr: 17.382  )
00000700: 16.0054   (Y': 15.453    Cb: 15.3827   Cr: 17.4913 )
00000701: 16.1818   (Y': 15.4871   Cb: 15.7207   Cr: 17.6415 )
00000703: 16.339    (Y': 15.4452   Cb: 16.0905   Cr: 17.8106 )
00000702: 16.2194   (Y': 15.4636   Cb: 15.8203   Cr: 17.6845 )
00000704: 16.3322   (Y': 15.4665   Cb: 16.0778   Cr: 17.7644 )
00000705: 16.3994   (Y': 15.4944   Cb: 16.2      Cr: 17.818  )
00000706: 16.3861   (Y': 15.5042   Cb: 16.1885   Cr: 17.7631 )
00000707: 16.3706   (Y': 15.4087   Cb: 16.2665   Cr: 17.7504 )
00000708: 16.3578   (Y': 15.4314   Cb: 16.208    Cr: 17.7414 )
00000710: 16.4649   (Y': 15.5061   Cb: 16.3392   Cr: 17.8701 )
00000709: 16.4356   (Y': 15.4997   Cb: 16.2951   Cr: 17.8226 )
00000711: 16.445    (Y': 15.5245   Cb: 16.2979   Cr: 17.815  )
00000714: 16.3743   (Y': 15.3943   Cb: 16.2513   Cr: 17.8121 )
00000712: 16.4703   (Y': 15.5304   Cb: 16.3409   Cr: 17.848  )
00000713: 16.4219   (Y': 15.4285   Cb: 16.3348   Cr: 17.8321 )
00000715: 16.3414   (Y': 15.4143   Cb: 16.1631   Cr: 17.7672 )
00000716: 16.3194   (Y': 15.3572   Cb: 16.1794   Cr: 17.7505 )
00000717: 16.3363   (Y': 15.3818   Cb: 16.2116   Cr: 17.7324 )
00000718: 16.3153   (Y': 15.388    Cb: 16.1709   Cr: 17.693  )
00000719: 16.2025   (Y': 15.4326   Cb: 15.8696   Cr: 17.5908 )
00000720: 16.174    (Y': 15.4036   Cb: 15.851    Cr: 17.5487 )
00000721: 16.1792   (Y': 15.4153   Cb: 15.882    Cr: 17.5054 )
00000722: 16.1135   (Y': 15.4907   Cb: 15.6555   Cr: 17.4533 )
00000723: 16.1664   (Y': 15.4568   Cb: 15.7512   Cr: 17.5802 )
00000724: 16.2056   (Y': 15.5447   Cb: 15.7593   Cr: 17.588  )
00000725: 16.2489   (Y': 15.7148   Cb: 15.7414   Cr: 17.5264 )
00000726: 16.2461   (Y': 15.7594   Cb: 15.7288   Cr: 17.4671 )
00000727: 16.2126   (Y': 15.6728   Cb: 15.7101   Cr: 17.4913 )
00000729: 16.424    (Y': 15.8319   Cb: 15.9907   Cr: 17.6789 )
00000728: 16.2614   (Y': 15.7458   Cb: 15.7239   Cr: 17.556  )
00000730: 16.4976   (Y': 15.894    Cb: 16.1007   Cr: 17.7172 )
00000731: 16.6284   (Y': 15.8696   Cb: 16.3532   Cr: 17.9146 )
00000732: 16.5909   (Y': 15.7841   Cb: 16.3718   Cr: 17.8747 )
00000733: 16.4904   (Y': 15.8061   Cb: 16.1449   Cr: 17.7596 )
00000734: 16.3206   (Y': 15.395    Cb: 16.1677   Cr: 17.7076 )
00000736: 16.1576   (Y': 15.5256   Cb: 15.8508   Cr: 17.2918 )
00000735: 16.1646   (Y': 15.4392   Cb: 15.8994   Cr: 17.3839 )
00000738: 16.2154   (Y': 15.5157   Cb: 15.9774   Cr: 17.3567 )
00000737: 16.1707   (Y': 15.5299   Cb: 15.8696   Cr: 17.3101 )
00000739: 16.2373   (Y': 15.6039   Cb: 15.9467   Cr: 17.3514 )
00000740: 16.1771   (Y': 15.5407   Cb: 15.9218   Cr: 17.247  )
00000741: 16.2673   (Y': 15.6202   Cb: 16.0493   Cr: 17.3029 )
00000742: 16.3354   (Y': 15.725    Cb: 16.0645   Cr: 17.3882 )
00000746: 16.4397   (Y': 15.9666   Cb: 16.02     Cr: 17.4995 )
00000744: 16.3346   (Y': 15.8126   Cb: 15.9655   Cr: 17.3935 )
00000743: 16.3157   (Y': 15.7302   Cb: 16.0094   Cr: 17.3801 )
00000745: 16.3674   (Y': 15.8777   Cb: 15.9374   Cr: 17.4657 )
00000747: 16.4218   (Y': 15.9976   Cb: 16.0009   Cr: 17.4146 )
00000748: 16.4442   (Y': 16.0117   Cb: 16.0316   Cr: 17.4373 )
00000749: 16.4261   (Y': 16.1564   Cb: 15.8981   Cr: 17.3592 )
00000750: 16.4152   (Y': 16.2944   Cb: 15.831    Cr: 17.2359 )
00000751: 16.4497   (Y': 16.2576   Cb: 15.9174   Cr: 17.2885 )
00000752: 16.3137   (Y': 16.1999   Cb: 15.7339   Cr: 17.1197 )
00000754: 15.9933   (Y': 16.3371   Cb: 15.1824   Cr: 16.5939 )
00000753: 15.8562   (Y': 16.3045   Cb: 14.9446   Cr: 16.4883 )
00000755: 16.0044   (Y': 16.4291   Cb: 15.2172   Cr: 16.4889 )
00000756: 15.8479   (Y': 16.4378   Cb: 15.0027   Cr: 16.2472 )
00000757: 16.0511   (Y': 16.4138   Cb: 15.3021   Cr: 16.5481 )
00000758: 15.9897   (Y': 16.4006   Cb: 15.2365   Cr: 16.4431 )
00000759: 16.3647   (Y': 16.4987   Cb: 15.8386   Cr: 16.8147 )
00000761: 16.5666   (Y': 16.3481   Cb: 16.2121   Cr: 17.2047 )
00000760: 16.6501   (Y': 16.2788   Cb: 16.4273   Cr: 17.3148 )
00000762: 16.5694   (Y': 16.3235   Cb: 16.1889   Cr: 17.2743 )
00000763: 16.104    (Y': 16.0145   Cb: 15.5861   Cr: 16.797  )
00000765: 16.157    (Y': 16.0385   Cb: 15.6845   Cr: 16.8251 )
00000764: 15.9621   (Y': 15.8844   Cb: 15.4393   Cr: 16.6473 )
00000767: 16.0213   (Y': 15.8761   Cb: 15.5233   Cr: 16.7555 )
00000766: 16.1569   (Y': 15.9137   Cb: 15.7372   Cr: 16.9094 )
00000768: 16.0313   (Y': 15.9161   Cb: 15.5145   Cr: 16.7536 )
00000769: 16.1994   (Y': 16.0718   Cb: 15.6881   Cr: 16.9297 )
00000770: 16.1664   (Y': 15.9806   Cb: 15.6581   Cr: 16.9644 )
00000771: 16.1244   (Y': 15.974    Cb: 15.6384   Cr: 16.8491 )
00000772: 16.1507   (Y': 15.9938   Cb: 15.6816   Cr: 16.861  )
00000773: 16.3174   (Y': 16.0865   Cb: 15.9161   Cr: 17.0304 )
00000775: 16.4155   (Y': 16.1459   Cb: 16.0747   Cr: 17.0995 )
00000774: 16.3323   (Y': 16.1259   Cb: 15.9103   Cr: 17.0416 )
00000776: 16.4764   (Y': 16.2297   Cb: 16.123    Cr: 17.1477 )
00000778: 16.5365   (Y': 16.0989   Cb: 16.3257   Cr: 17.2718 )
00000777: 16.5321   (Y': 16.1203   Cb: 16.3013   Cr: 17.2586 )
00000779: 16.5038   (Y': 15.9953   Cb: 16.3418   Cr: 17.2725 )
00000780: 16.4839   (Y': 15.9521   Cb: 16.3102   Cr: 17.2987 )
00000781: 16.4671   (Y': 15.8566   Cb: 16.3509   Cr: 17.3186 )
00000782: 16.3759   (Y': 15.7768   Cb: 16.2423   Cr: 17.2332 )
00000783: 16.404    (Y': 15.7464   Cb: 16.2159   Cr: 17.4153 )
00000784: 16.4484   (Y': 15.7453   Cb: 16.2865   Cr: 17.4925 )
00000785: 16.4653   (Y': 15.631    Cb: 16.4052   Cr: 17.5763 )
00000786: 16.5281   (Y': 15.5611   Cb: 16.5849   Cr: 17.6994 )
00000788: 16.7195   (Y': 15.5705   Cb: 16.8377   Cr: 18.1223 )
00000787: 16.6855   (Y': 15.5352   Cb: 16.836    Cr: 18.0477 )
00000789: 16.6069   (Y': 15.4516   Cb: 16.7151   Cr: 18.0347 )
00000790: 16.5977   (Y': 15.4065   Cb: 16.7185   Cr: 18.0741 )
00000791: 16.6355   (Y': 15.3419   Cb: 16.8627   Cr: 18.1599 )
00000792: 16.6576   (Y': 15.3169   Cb: 16.9245   Cr: 18.2192 )
00000793: 16.6679   (Y': 15.2711   Cb: 17.0083   Cr: 18.2416 )
00000794: 16.5893   (Y': 15.1613   Cb: 16.964    Cr: 18.1801 )
00000795: 16.692    (Y': 15.1966   Cb: 17.0784   Cr: 18.405  )
00000796: 16.6035   (Y': 15.1329   Cb: 16.9448   Cr: 18.3263 )
00000797: 16.566    (Y': 15.1547   Cb: 16.8524   Cr: 18.2417 )
00000798: 16.5743   (Y': 15.1918   Cb: 16.8464   Cr: 18.2119 )
00000799: 16.4711   (Y': 15.1877   Cb: 16.6854   Cr: 17.9933 )
00000800: 16.4235   (Y': 15.15     Cb: 16.6411   Cr: 17.9228 )
00000802: 16.2958   (Y': 15.1225   Cb: 16.4463   Cr: 17.6991 )
00000801: 16.4042   (Y': 15.18     Cb: 16.5797   Cr: 17.8675 )
00000803: 16.1771   (Y': 15.1556   Cb: 16.2094   Cr: 17.4714 )
00000804: 16.1102   (Y': 15.1691   Cb: 16.0885   Cr: 17.342  )
00000805: 15.9833   (Y': 15.13     Cb: 15.9144   Cr: 17.1358 )
00000806: 15.9672   (Y': 15.1078   Cb: 15.9041   Cr: 17.1219 )
00000807: 15.8811   (Y': 15.0864   Cb: 15.7992   Cr: 16.9593 )
00000809: 15.7956   (Y': 15.0468   Cb: 15.6769   Cr: 16.8516 )
00000808: 15.8022   (Y': 15.0624   Cb: 15.6747   Cr: 16.8563 )
00000810: 15.682    (Y': 15.0285   Cb: 15.498    Cr: 16.6818 )
00000811: 15.5391   (Y': 15.0802   Cb: 15.2113   Cr: 16.4535 )
00000812: 15.5511   (Y': 15.0616   Cb: 15.2805   Cr: 16.4322 )
00000813: 16.5823   (Y': 15.7977   Cb: 16.6186   Cr: 17.4957 )
00000814: 16.4997   (Y': 15.7977   Cb: 16.4908   Cr: 17.348  )
00000815: 15.5985   (Y': 15.3478   Cb: 15.2435   Cr: 16.277  )
00000816: 15.2009   (Y': 15.032    Cb: 14.7201   Cr: 15.9413 )
00000817: 15.6376   (Y': 15.3704   Cb: 15.3271   Cr: 16.2805 )
00000818: 13.3742   (Y': 14.3795   Cb: 11.9478   Cr: 14.2476 )
00000820: 16.136    (Y': 14.9513   Cb: 16.1384   Cr: 17.7671 )
00000819: 16.5258   (Y': 15.2069   Cb: 16.7395   Cr: 18.1174 )
00000821: 16.2887   (Y': 15.1528   Cb: 16.3415   Cr: 17.757  )
00000822: 16.2509   (Y': 15.1779   Cb: 16.2742   Cr: 17.6472 )
00000825: 16.904    (Y': 15.3877   Cb: 17.3581   Cr: 18.5699 )
00000823: 15.7977   (Y': 14.9227   Cb: 15.5635   Cr: 17.2162 )
00000824: 16.0336   (Y': 15.1762   Cb: 15.8465   Cr: 17.3545 )
00000826: 17.0629   (Y': 15.5369   Cb: 17.5504   Cr: 18.7048 )
00000828: 17.0472   (Y': 15.556    Cb: 17.5251   Cr: 18.6301 )
00000827: 17.0459   (Y': 15.5357   Cb: 17.5389   Cr: 18.6482 )
00000829: 16.9746   (Y': 15.5097   Cb: 17.4349   Cr: 18.5273 )
00000830: 16.869    (Y': 15.4355   Cb: 17.3202   Cr: 18.3713 )
00000831: 16.8404   (Y': 15.482    Cb: 17.2528   Cr: 18.247  )
00000832: 16.8618   (Y': 15.5014   Cb: 17.2688   Cr: 18.2788 )
00000833: 16.8558   (Y': 15.5271   Cb: 17.2416   Cr: 18.2398 )
00000834: 16.3965   (Y': 14.5205   Cb: 17.0754   Cr: 18.5829 )
00000835: 16.9005   (Y': 14.9162   Cb: 17.7414   Cr: 19.1417 )
00000836: 17.0583   (Y': 15.0255   Cb: 17.9609   Cr: 19.3442 )
00000837: 17.1247   (Y': 15.0481   Cb: 18.1062   Cr: 19.4223 )
00000838: 17.1251   (Y': 15.0455   Cb: 18.1198   Cr: 19.4131 )
00000839: 17.1069   (Y': 15.0275   Cb: 18.1065   Cr: 19.3876 )
00000840: 18.4703   (Y': 16.8269   Cb: 19.0026   Cr: 20.3049 )
00000841: 19.1407   (Y': 17.4734   Cb: 19.7355   Cr: 20.9454 )
00000843: 19.1803   (Y': 17.5522   Cb: 19.7704   Cr: 20.9053 )
00000842: 19.2454   (Y': 17.5748   Cb: 19.8278   Cr: 21.074  )
00000844: 19.1429   (Y': 17.5714   Cb: 19.6898   Cr: 20.8028 )
00000845: 18.843    (Y': 17.4715   Cb: 19.2424   Cr: 20.2907 )
00000846: 18.6986   (Y': 17.4409   Cb: 19.0506   Cr: 19.9948 )
00000847: 18.4632   (Y': 17.3779   Cb: 18.6741   Cr: 19.6351 )
00000848: 18.3689   (Y': 17.379    Cb: 18.5193   Cr: 19.459  )
00000850: 15.8875   (Y': 14.3084   Cb: 16.3984   Cr: 17.6107 )
00000849: 15.8621   (Y': 14.3455   Cb: 16.3033   Cr: 17.5454 )
00000851: 15.7267   (Y': 14.2017   Cb: 16.164    Cr: 17.4328 )
00000852: 15.6497   (Y': 14.1616   Cb: 16.0416   Cr: 17.3401 )
00000853: 15.5273   (Y': 14.091    Cb: 15.836    Cr: 17.2235 )
00000854: 15.4634   (Y': 14.046    Cb: 15.7355   Cr: 17.1718 )
00000855: 15.3821   (Y': 13.9983   Cb: 15.5861   Cr: 17.117  )
00000856: 15.3665   (Y': 14.002    Cb: 15.5396   Cr: 17.1063 )
00000857: 15.3116   (Y': 13.9567   Cb: 15.4552   Cr: 17.0744 )
00000858: 15.2939   (Y': 13.9351   Cb: 15.4362   Cr: 17.0664 )
00000859: 15.2504   (Y': 13.9368   Cb: 15.3327   Cr: 17.0185 )
00000860: 15.2669   (Y': 13.9764   Cb: 15.338    Cr: 17.0046 )
00000861: 15.2624   (Y': 13.9975   Cb: 15.3248   Cr: 16.9621 )
00000862: 15.2791   (Y': 14.0195   Cb: 15.3323   Cr: 16.9815 )
00000863: 15.2438   (Y': 13.9813   Cb: 15.2961   Cr: 16.9534 )
00000864: 15.2157   (Y': 13.9598   Cb: 15.2598   Cr: 16.9243 )
00000866: 15.1421   (Y': 13.91     Cb: 15.1602   Cr: 16.842  )
00000865: 15.1555   (Y': 13.9126   Cb: 15.1944   Cr: 16.8461 )
00000867: 15.1386   (Y': 13.905    Cb: 15.1499   Cr: 16.8513 )
00000868: 15.1392   (Y': 13.9119   Cb: 15.1532   Cr: 16.8355 )
00000870: 15.1212   (Y': 13.9027   Cb: 15.1349   Cr: 16.8007 )
00000869: 15.1136   (Y': 13.8999   Cb: 15.1034   Cr: 16.8193 )
00000871: 15.1307   (Y': 13.8957   Cb: 15.1497   Cr: 16.8348 )
00000872: 15.1647   (Y': 13.9236   Cb: 15.1862   Cr: 16.8771 )
00000873: 15.1637   (Y': 13.9069   Cb: 15.2007   Cr: 16.8842 )
00000874: 15.1367   (Y': 13.8804   Cb: 15.1544   Cr: 16.8852 )
00000875: 15.1      (Y': 13.8531   Cb: 15.0974   Cr: 16.8598 )
00000876: 15.1221   (Y': 13.8722   Cb: 15.1307   Cr: 16.8712 )
00000877: 15.1714   (Y': 13.9223   Cb: 15.1794   Cr: 16.9198 )
00000878: 15.1924   (Y': 13.9213   Cb: 15.2288   Cr: 16.9424 )
00000879: 15.3093   (Y': 14.0361   Cb: 15.3473   Cr: 17.0614 )
00000880: 15.4608   (Y': 14.178    Cb: 15.5341   Cr: 17.1801 )
00000881: 15.5177   (Y': 14.2278   Cb: 15.5953   Cr: 17.2446 )
00000883: 15.5525   (Y': 14.2249   Cb: 15.6797   Cr: 17.2833 )
00000882: 15.5352   (Y': 14.2406   Cb: 15.627    Cr: 17.2508 )
00000884: 15.5798   (Y': 14.2593   Cb: 15.6762   Cr: 17.3411 )
00000885: 15.6692   (Y': 14.3734   Cb: 15.7577   Cr: 17.3922 )
00000886: 15.7134   (Y': 14.4118   Cb: 15.8148   Cr: 17.429  )
00000887: 15.8189   (Y': 14.5283   Cb: 15.9322   Cr: 17.4958 )
00000888: 15.7939   (Y': 14.505    Cb: 15.8986   Cr: 17.4799 )
00000890: 15.8222   (Y': 14.5297   Cb: 15.9286   Cr: 17.5126 )
00000889: 15.8297   (Y': 14.5609   Cb: 15.9164   Cr: 17.502  )
00000891: 29.0706   (Y': 26.3429   Cb: 31.8967   Cr: 31.2578 )
00000892: 22.6251   (Y': 20.2712   Cb: 24.389    Cr: 24.7409 )
00000893: 19.168    (Y': 16.7002   Cb: 21.1047   Cr: 21.4251 )
00000894: 18.1608   (Y': 15.8007   Cb: 19.8676   Cr: 20.3572 )
00000895: 17.0246   (Y': 14.9003   Cb: 18.2091   Cr: 19.1869 )
00000896: 16.6829   (Y': 14.6882   Cb: 17.7044   Cr: 18.7129 )
00000897: 16.1562   (Y': 14.3949   Cb: 16.8578   Cr: 18.0338 )
00000898: 15.9384   (Y': 14.2723   Cb: 16.5344   Cr: 17.739  )
00000899: 15.5656   (Y': 14.1236   Cb: 15.9291   Cr: 17.1991 )
00000901: 15.2445   (Y': 14.0286   Cb: 15.3794   Cr: 16.7474 )
00000900: 15.4119   (Y': 14.0857   Cb: 15.6611   Cr: 16.9694 )
00000902: 15.2292   (Y': 14.0227   Cb: 15.3491   Cr: 16.7348 )
00000903: 15.1859   (Y': 14.0009   Cb: 15.2752   Cr: 16.6941 )
00000904: 15.1721   (Y': 14.011    Cb: 15.2384   Cr: 16.6677 )
00000905: 15.1808   (Y': 14.0099   Cb: 15.2403   Cr: 16.7039 )
00000908: 15.1171   (Y': 14.0131   Cb: 15.128    Cr: 16.5858 )
00000907: 15.1577   (Y': 14.0467   Cb: 15.1544   Cr: 16.659  )
00000906: 15.1877   (Y': 14.0288   Cb: 15.2282   Cr: 16.7154 )
00000909: 15.0434   (Y': 14.0241   Cb: 15.0136   Cr: 16.4184 )
00000910: 15.0331   (Y': 14.004    Cb: 15.0061   Cr: 16.4217 )
00000911: 15.0389   (Y': 14.0236   Cb: 15.0046   Cr: 16.4134 )
00000912: 15.027    (Y': 14.0116   Cb: 14.9783   Cr: 16.4218 )
00000913: 15.055    (Y': 14.0183   Cb: 15.0363   Cr: 16.4452 )
00000915: 15.0898   (Y': 14.0506   Cb: 15.0935   Cr: 16.4535 )
00000917: 15.1856   (Y': 14.2548   Cb: 15.0797   Cr: 16.5151 )
00000914: 15.0779   (Y': 14.0426   Cb: 15.0754   Cr: 16.4435 )
00000916: 15.231    (Y': 14.2939   Cb: 15.1374   Cr: 16.5539 )
00000918: 14.9403   (Y': 13.9365   Cb: 14.9021   Cr: 16.3002 )
00000919: 14.9328   (Y': 13.935    Cb: 14.876    Cr: 16.3082 )
00000921: 15.1841   (Y': 14.2671   Cb: 15.0145   Cr: 16.5803 )
00000920: 15.1549   (Y': 14.1931   Cb: 15.0609   Cr: 16.5206 )
00000922: 15.1986   (Y': 14.2884   Cb: 15.0475   Cr: 16.5568 )
00000923: 15.2308   (Y': 14.3366   Cb: 15.1045   Cr: 16.5277 )
00000924: 15.2469   (Y': 14.352    Cb: 15.1128   Cr: 16.5556 )
00000925: 15.2692   (Y': 14.3698   Cb: 15.1548   Cr: 16.558  )
00000926: 15.3048   (Y': 14.4251   Cb: 15.1778   Cr: 16.5787 )
00000927: 15.3446   (Y': 14.4668   Cb: 15.204    Cr: 16.6342 )
00000928: 15.4171   (Y': 14.511    Cb: 15.312    Cr: 16.7042 )
00000929: 15.4797   (Y': 14.5919   Cb: 15.3452   Cr: 16.7773 )
00000930: 15.4671   (Y': 14.5859   Cb: 15.3433   Cr: 16.7391 )
00000931: 15.5653   (Y': 14.6918   Cb: 15.4491   Cr: 16.8142 )
00000932: 15.6578   (Y': 14.7814   Cb: 15.5867   Cr: 16.85   )
00000933: 15.7383   (Y': 14.8569   Cb: 15.6922   Cr: 16.9056 )
00000934: 15.819    (Y': 14.9079   Cb: 15.7912   Cr: 17.0099 )
00000935: 15.8781   (Y': 15.0058   Cb: 15.8286   Cr: 17.0354 )
00000936: 15.7979   (Y': 14.9345   Cb: 15.7324   Cr: 16.962  )
00000937: 15.6103   (Y': 14.8597   Cb: 15.4709   Cr: 16.6967 )
00000938: 15.6093   (Y': 14.8607   Cb: 15.4484   Cr: 16.7213 )
00000939: 15.5735   (Y': 14.8557   Cb: 15.3585   Cr: 16.7112 )
00000940: 15.5824   (Y': 14.833    Cb: 15.3649   Cr: 16.7726 )
00000941: 15.4818   (Y': 14.7587   Cb: 15.2069   Cr: 16.7107 )
00000943: 15.2762   (Y': 14.5659   Cb: 14.8949   Cr: 16.6396 )
00000942: 15.3659   (Y': 14.6564   Cb: 15.046    Cr: 16.6379 )
00000944: 15.2411   (Y': 14.5383   Cb: 14.8212   Cr: 16.651  )
00000945: 15.2466   (Y': 14.6031   Cb: 14.7999   Cr: 16.602  )
00000946: 15.2681   (Y': 14.6335   Cb: 14.8116   Cr: 16.6239 )
00000947: 15.4491   (Y': 14.7853   Cb: 15.0769   Cr: 16.7252 )
00000948: 15.6145   (Y': 14.9616   Cb: 15.2797   Cr: 16.8199 )
00000949: 15.92     (Y': 15.1977   Cb: 15.7012   Cr: 17.07   )
00000950: 15.9785   (Y': 15.2242   Cb: 15.7789   Cr: 17.1514 )
00000952: 16.2673   (Y': 15.4073   Cb: 16.1856   Cr: 17.4476 )
00000951: 16.1435   (Y': 15.3117   Cb: 16.022    Cr: 17.3322 )
00000954: 16.3968   (Y': 15.4703   Cb: 16.379    Cr: 17.5995 )
00000953: 16.3957   (Y': 15.4724   Cb: 16.3724   Cr: 17.6003 )
00000955: 16.4561   (Y': 15.5202   Cb: 16.4539   Cr: 17.6535 )
00000956: 16.4604   (Y': 15.5028   Cb: 16.4961   Cr: 17.6438 )
00000957: 16.4283   (Y': 15.4792   Cb: 16.4515   Cr: 17.614  )
00000959: 16.4387   (Y': 15.4553   Cb: 16.5312   Cr: 17.591  )
00000958: 16.4531   (Y': 15.4792   Cb: 16.5158   Cr: 17.6281 )
00000960: 16.3576   (Y': 15.3387   Cb: 16.4905   Cr: 17.5171 )
00000961: 16.2222   (Y': 15.286    Cb: 16.3056   Cr: 17.3097 )
00000962: 16.1968   (Y': 15.2035   Cb: 16.3093   Cr: 17.3401 )
00000963: 16.0498   (Y': 15.0737   Cb: 16.1644   Cr: 17.1622 )
00000964: 16.0665   (Y': 15.109    Cb: 16.1898   Cr: 17.1382 )
00000965: 16.0036   (Y': 15.0447   Cb: 16.1523   Cr: 17.0461 )
00000966: 15.9729   (Y': 15.0186   Cb: 16.086    Cr: 17.052  )
00000967: 15.9396   (Y': 14.9815   Cb: 16.0977   Cr: 16.9693 )
00000968: 15.9263   (Y': 14.9554   Cb: 16.1167   Cr: 16.9368 )
00000969: 15.8492   (Y': 14.9131   Cb: 16.0119   Cr: 16.8389 )
00000972: 15.286    (Y': 14.5693   Cb: 15.2211   Cr: 16.2252 )
00000971: 15.3457   (Y': 14.6218   Cb: 15.3247   Cr: 16.2408 )
00000970: 15.7315   (Y': 14.8686   Cb: 15.8444   Cr: 16.6689 )
00000973: 15.4282   (Y': 14.6887   Cb: 15.2797   Cr: 16.5097 )
00000974: 15.516    (Y': 14.7417   Cb: 15.3784   Cr: 16.6364 )
00000975: 15.6698   (Y': 14.9479   Cb: 15.5462   Cr: 16.6919 )
00000976: 15.9062   (Y': 15.1699   Cb: 15.8541   Cr: 16.8581 )
00000980: 15.8407   (Y': 15.2181   Cb: 15.6613   Cr: 16.7898 )
00000977: 15.6947   (Y': 15.048    Cb: 15.5345   Cr: 16.6538 )
00000979: 15.6683   (Y': 15.0509   Cb: 15.4537   Cr: 16.6559 )
00000978: 15.8296   (Y': 15.1442   Cb: 15.7158   Cr: 16.7849 )
00000981: 15.5576   (Y': 14.9854   Cb: 15.1703   Cr: 16.716  )
00000982: 15.5481   (Y': 14.9742   Cb: 15.1775   Cr: 16.6851 )
00000983: 15.4026   (Y': 14.8519   Cb: 14.9788   Cr: 16.5812 )
00000984: 15.3677   (Y': 14.7857   Cb: 14.9602   Cr: 16.5696 )
00000988: 15.5044   (Y': 14.8286   Cb: 15.3412   Cr: 16.5099 )
00000985: 15.3935   (Y': 14.8078   Cb: 14.9937   Cr: 16.5899 )
00000986: 15.4639   (Y': 14.8929   Cb: 15.1186   Cr: 16.561  )
00000987: 15.4349   (Y': 14.7742   Cb: 15.2117   Cr: 16.4976 )
00000990: 15.595    (Y': 14.8587   Cb: 15.5473   Cr: 16.5412 )
00000989: 15.62     (Y': 14.8916   Cb: 15.551    Cr: 16.5816 )
00000991: 15.5281   (Y': 14.7245   Cb: 15.5142   Cr: 16.5325 )
00000992: 15.5293   (Y': 14.6716   Cb: 15.5508   Cr: 16.5718 )
00000993: 15.6136   (Y': 14.6554   Cb: 15.6831   Cr: 16.7543 )
00000995: 15.4712   (Y': 14.5559   Cb: 15.5099   Cr: 16.5824 )
00000994: 15.569    (Y': 14.5687   Cb: 15.6488   Cr: 16.7657 )
00000996: 15.5073   (Y': 14.6324   Cb: 15.5062   Cr: 16.6057 )
00000997: 15.5463   (Y': 14.6948   Cb: 15.3777   Cr: 16.8317 )
00000998: 15.5488   (Y': 14.721    Cb: 15.3381   Cr: 16.8544 )
00000999: 15.5865   (Y': 14.8287   Cb: 15.336    Cr: 16.8359 )
00001000: 15.7351   (Y': 15.0097   Cb: 15.4612   Cr: 16.9663 )
00001001: 15.6252   (Y': 14.9663   Cb: 15.3701   Cr: 16.7286 )
00001004: 15.676    (Y': 15.0092   Cb: 15.5139   Cr: 16.6668 )
00001003: 15.7017   (Y': 15.0367   Cb: 15.5367   Cr: 16.6937 )
00001002: 15.5146   (Y': 14.8577   Cb: 15.2151   Cr: 16.6761 )
00001005: 15.6819   (Y': 14.918    Cb: 15.5393   Cr: 16.7929 )
00001006: 15.7099   (Y': 14.916    Cb: 15.5655   Cr: 16.8696 )
00001007: 15.9076   (Y': 14.9179   Cb: 15.8968   Cr: 17.2064 )
00001008: 15.9136   (Y': 14.8883   Cb: 15.9565   Cr: 17.2004 )
00001010: 16.1038   (Y': 15.0878   Cb: 16.1175   Cr: 17.414  )
00001011: 16.1269   (Y': 15.1798   Cb: 16.0088   Cr: 17.5012 )
00001009: 15.9314   (Y': 14.9678   Cb: 15.9847   Cr: 17.1019 )
00001012: 15.9496   (Y': 15.0754   Cb: 15.7563   Cr: 17.3073 )
00001013: 15.7127   (Y': 14.923    Cb: 15.4278   Cr: 17.063  )
00001014: 15.6633   (Y': 14.8867   Cb: 15.3125   Cr: 17.0894 )
00001015: 15.5414   (Y': 14.7705   Cb: 15.1077   Cr: 17.0861 )
00001017: 15.5366   (Y': 14.6185   Cb: 15.1112   Cr: 17.3302 )
00001018: 15.5769   (Y': 14.6349   Cb: 15.1922   Cr: 17.3479 )
00001016: 15.5503   (Y': 14.7277   Cb: 15.0654   Cr: 17.2682 )
00001019: 15.7408   (Y': 14.7248   Cb: 15.539    Cr: 17.3597 )
00001020: 15.9408   (Y': 14.8263   Cb: 15.8642   Cr: 17.5548 )
00001021: 16.1887   (Y': 14.9326   Cb: 16.2582   Cr: 17.8606 )
00001022: 16.2008   (Y': 14.8815   Cb: 16.2977   Cr: 17.9591 )
00001024: 16.2926   (Y': 14.8163   Cb: 16.5984   Cr: 18.0763 )
00001025: 16.2683   (Y': 14.7894   Cb: 16.5819   Cr: 18.0467 )
00001023: 16.2787   (Y': 14.8402   Cb: 16.5238   Cr: 18.0692 )
00001026: 16.3113   (Y': 14.7618   Cb: 16.6819   Cr: 18.1616 )
00001027: 16.301    (Y': 14.7417   Cb: 16.6879   Cr: 18.15   )
00001028: 16.2839   (Y': 14.6958   Cb: 16.6861   Cr: 18.1752 )
00001029: 16.1583   (Y': 14.6304   Cb: 16.4994   Cr: 18.0033 )
00001030: 16.0097   (Y': 14.5979   Cb: 16.2071   Cr: 17.8123 )
00001032: 15.8481   (Y': 14.4931   Cb: 15.9407   Cr: 17.686  )
00001031: 15.9428   (Y': 14.5349   Cb: 16.1175   Cr: 17.7705 )
00001033: 15.7645   (Y': 14.4566   Cb: 15.7878   Cr: 17.609  )
00001034: 15.7929   (Y': 14.48     Cb: 15.7839   Cr: 17.6977 )
00001035: 15.8431   (Y': 14.6567   Cb: 15.7343   Cr: 17.6443 )
00001037: 15.918    (Y': 14.8733   Cb: 15.6528   Cr: 17.6891 )
00001036: 15.8531   (Y': 14.7459   Cb: 15.6422   Cr: 17.6583 )
00001038: 15.8955   (Y': 14.8166   Cb: 15.6531   Cr: 17.6963 )
00001040: 16.0069   (Y': 14.815    Cb: 15.8378   Cr: 17.9144 )
00001041: 16.0891   (Y': 14.8518   Cb: 15.9825   Cr: 17.9902 )
00001039: 15.974    (Y': 14.8151   Cb: 15.7859   Cr: 17.8455 )
00001042: 16.129    (Y': 14.8621   Cb: 16.0529   Cr: 18.0427 )
00001043: 16.1893   (Y': 14.8523   Cb: 16.1819   Cr: 18.1423 )
00001044: 16.1954   (Y': 14.8291   Cb: 16.2432   Cr: 18.1253 )
00001045: 16.2706   (Y': 14.8435   Cb: 16.3685   Cr: 18.2548 )
00001046: 16.3167   (Y': 14.8998   Cb: 16.4139   Cr: 18.2797 )
00001047: 16.3494   (Y': 14.9349   Cb: 16.4978   Cr: 18.2298 )
00001048: 16.3168   (Y': 14.9029   Cb: 16.5298   Cr: 18.1011 )
00001049: 16.3086   (Y': 14.9201   Cb: 16.5565   Cr: 17.9916 )
00001050: 16.3653   (Y': 14.9829   Cb: 16.6321   Cr: 18.0098 )
00001052: 16.4784   (Y': 14.9372   Cb: 16.9393   Cr: 18.1871 )
00001051: 16.4366   (Y': 15.005    Cb: 16.7926   Cr: 18.0591 )
00001053: 16.4467   (Y': 14.8963   Cb: 16.8286   Cr: 18.2835 )
00001054: 16.4572   (Y': 14.9061   Cb: 16.8072   Cr: 18.3405 )
00001055: 16.5415   (Y': 15.0227   Cb: 16.7991   Cr: 18.4872 )
00001057: 16.6594   (Y': 15.14     Cb: 16.894    Cr: 18.6402 )
00001056: 16.5527   (Y': 15.0288   Cb: 16.8257   Cr: 18.487  )
00001058: 16.6388   (Y': 15.1491   Cb: 16.8542   Cr: 18.5826 )
00001060: 16.6543   (Y': 15.2677   Cb: 16.7282   Cr: 18.5875 )
00001059: 16.6359   (Y': 15.2289   Cb: 16.7378   Cr: 18.5704 )
00001061: 16.7157   (Y': 15.4706   Cb: 16.698    Cr: 18.4948 )
00001062: 16.804    (Y': 15.6432   Cb: 16.7221   Cr: 18.5138 )
00001064: 16.7786   (Y': 15.65     Cb: 16.7182   Cr: 18.395  )
00001063: 16.8617   (Y': 15.7255   Cb: 16.7958   Cr: 18.5005 )
00001065: 16.5086   (Y': 15.2583   Cb: 16.5786   Cr: 18.1685 )
00001066: 16.3666   (Y': 15.086    Cb: 16.4091   Cr: 18.1265 )
00001067: 16.1078   (Y': 14.8916   Cb: 16.0748   Cr: 17.8523 )
00001069: 15.9711   (Y': 14.9333   Cb: 15.7591   Cr: 17.6458 )
00001068: 16.0409   (Y': 14.8441   Cb: 16.0078   Cr: 17.7476 )
00001070: 16.0195   (Y': 14.8914   Cb: 15.8362   Cr: 17.8221 )
00001071: 16.1114   (Y': 14.9352   Cb: 15.9431   Cr: 17.9859 )
00001072: 16.1335   (Y': 14.9393   Cb: 15.9602   Cr: 18.0528 )
00001073: 16.2169   (Y': 15.0052   Cb: 16.096    Cr: 18.0879 )
00001074: 16.2226   (Y': 15.0165   Cb: 16.0981   Cr: 18.0881 )
00001075: 16.2986   (Y': 15.114    Cb: 16.1802   Cr: 18.1114 )
00001076: 16.2686   (Y': 15.116    Cb: 16.1267   Cr: 18.0545 )
00001077: 16.2719   (Y': 15.0581   Cb: 16.2295   Cr: 18.0258 )
00001078: 16.3005   (Y': 15.1037   Cb: 16.2751   Cr: 17.9956 )
00001079: 16.2734   (Y': 15.0158   Cb: 16.3338   Cr: 17.9614 )
00001080: 16.2831   (Y': 14.9771   Cb: 16.4705   Cr: 17.8857 )
00001082: 16.4657   (Y': 14.9836   Cb: 16.6664   Cr: 18.4148 )
00001081: 16.1809   (Y': 14.7664   Cb: 16.4534   Cr: 17.8824 )
00001083: 16.5194   (Y': 15.0263   Cb: 16.7988   Cr: 18.3767 )
00001084: 16.6356   (Y': 15.1279   Cb: 16.8855   Cr: 18.568  )
00001085: 16.4327   (Y': 15.057    Cb: 16.5074   Cr: 18.3412 )
00001086: 16.3399   (Y': 15.0604   Cb: 16.354    Cr: 18.1404 )
00001087: 16.2236   (Y': 15.0387   Cb: 16.1524   Cr: 17.9642 )
00001089: 16.0564   (Y': 14.8655   Cb: 15.9546   Cr: 17.8557 )
00001088: 16.1546   (Y': 14.9357   Cb: 16.1047   Cr: 17.9301 )
00001090: 16.1693   (Y': 14.9065   Cb: 16.1084   Cr: 18.051  )
00001091: 16.1991   (Y': 14.9738   Cb: 16.1251   Cr: 18.0246 )
00001092: 16.2407   (Y': 14.9697   Cb: 16.1915   Cr: 18.1209 )
00001093: 16.2833   (Y': 14.9189   Cb: 16.3527   Cr: 18.1761 )
00001094: 16.3003   (Y': 14.9876   Cb: 16.3134   Cr: 18.1704 )
00001095: 16.2789   (Y': 14.9848   Cb: 16.2413   Cr: 18.1889 )
00001096: 16.3672   (Y': 15.1161   Cb: 16.3172   Cr: 18.2076 )
00001097: 16.4392   (Y': 15.2181   Cb: 16.4248   Cr: 18.1654 )
00001098: 16.4634   (Y': 15.2223   Cb: 16.4893   Cr: 18.1693 )
00001099: 16.3707   (Y': 15.1212   Cb: 16.3756   Cr: 18.1245 )
00001100: 16.352    (Y': 15.1267   Cb: 16.3185   Cr: 18.1153 )
00001101: 16.3884   (Y': 15.1102   Cb: 16.3407   Cr: 18.2811 )
00001102: 16.3551   (Y': 15.0694   Cb: 16.2969   Cr: 18.2798 )
00001103: 16.1798   (Y': 15.0294   Cb: 15.9836   Cr: 18.0473 )
00001104: 16.1983   (Y': 14.9858   Cb: 16.0486   Cr: 18.1169 )
00001105: 16.0925   (Y': 14.9613   Cb: 15.8685   Cr: 17.9666 )
00001107: 16.2548   (Y': 15.1036   Cb: 16.1057   Cr: 18.0492 )
00001106: 16.1238   (Y': 15.0072   Cb: 15.8822   Cr: 17.9972 )
00001108: 16.2592   (Y': 15.055    Cb: 16.1382   Cr: 18.1154 )
00001109: 16.3629   (Y': 15.0807   Cb: 16.3407   Cr: 18.2243 )
00001110: 16.4012   (Y': 15.1276   Cb: 16.3642   Cr: 18.2677 )
00001111: 16.3932   (Y': 15.0865   Cb: 16.4171   Cr: 18.2343 )
00001112: 16.3904   (Y': 15.0495   Cb: 16.4645   Cr: 18.2268 )
00001113: 16.4973   (Y': 15.1446   Cb: 16.6395   Cr: 18.2577 )
00001114: 16.5363   (Y': 15.155    Cb: 16.7392   Cr: 18.2677 )
00001115: 16.5345   (Y': 15.0873   Cb: 16.9021   Cr: 18.1733 )
00001116: 16.537    (Y': 15.1015   Cb: 16.8886   Cr: 18.1734 )
00001118: 16.5401   (Y': 15.2294   Cb: 16.7295   Cr: 18.1491 )
00001117: 16.5502   (Y': 15.2065   Cb: 16.8002   Cr: 18.1407 )
00001120: 16.5352   (Y': 15.3018   Cb: 16.6752   Cr: 18.0636 )
00001119: 16.5722   (Y': 15.3934   Cb: 16.6886   Cr: 18.0315 )
00001121: 16.4154   (Y': 15.2702   Cb: 16.4301   Cr: 17.9543 )
00001122: 16.4396   (Y': 15.3074   Cb: 16.4418   Cr: 17.9718 )
00001125: 16.3571   (Y': 15.231    Cb: 16.4063   Cr: 17.8124 )
00001123: 16.39     (Y': 15.3035   Cb: 16.3313   Cr: 17.9256 )
00001124: 16.4058   (Y': 15.2582   Cb: 16.4425   Cr: 17.9179 )
00001126: 16.3637   (Y': 15.1701   Cb: 16.4498   Cr: 17.8923 )
00001128: 16.3498   (Y': 15.0142   Cb: 16.6005   Cr: 17.9236 )
00001127: 16.2681   (Y': 14.9965   Cb: 16.4463   Cr: 17.8169 )
00001129: 16.389    (Y': 14.9236   Cb: 16.8318   Cr: 17.9655 )
00001130: 16.4298   (Y': 14.952    Cb: 16.9075   Cr: 17.9859 )
00001131: 16.4938   (Y': 14.9427   Cb: 17.0678   Cr: 18.0768 )
00001132: 16.437    (Y': 14.8857   Cb: 17.0362   Cr: 17.989  )
00001133: 16.4352   (Y': 14.9115   Cb: 17.1034   Cr: 17.848  )
00001134: 16.4064   (Y': 14.8881   Cb: 17.1359   Cr: 17.7368 )
00001135: 16.3435   (Y': 14.7327   Cb: 17.2524   Cr: 17.6526 )
00001136: 16.4252   (Y': 14.7737   Cb: 17.3926   Cr: 17.7505 )
00001138: 16.6343   (Y': 14.8435   Cb: 17.6762   Cr: 18.1652 )
00001137: 16.5897   (Y': 14.865    Cb: 17.5894   Cr: 18.0282 )
00001139: 16.5362   (Y': 14.8257   Cb: 17.5647   Cr: 17.914  )
00001140: 16.3827   (Y': 14.7597   Cb: 17.3764   Cr: 17.6238 )
00001141: 15.9147   (Y': 14.4206   Cb: 16.754    Cr: 17.0777 )
00001142: 15.8938   (Y': 14.3992   Cb: 16.7144   Cr: 17.0778 )
00001143: 16.0172   (Y': 14.5212   Cb: 16.6397   Cr: 17.4298 )
00001144: 16.0513   (Y': 14.5908   Cb: 16.5653   Cr: 17.5271 )
00001146: 16.2402   (Y': 14.7193   Cb: 16.6819   Cr: 17.9323 )
00001145: 16.183    (Y': 14.6885   Cb: 16.6305   Cr: 17.8125 )
00001147: 16.177    (Y': 14.7244   Cb: 16.4684   Cr: 17.9312 )
00001148: 16.1735   (Y': 14.68     Cb: 16.4948   Cr: 17.9723 )
00001149: 16.1795   (Y': 14.6399   Cb: 16.5702   Cr: 17.9803 )
00001150: 16.2253   (Y': 14.7549   Cb: 16.561    Cr: 17.9551 )
00001151: 16.3193   (Y': 14.8008   Cb: 16.6727   Cr: 18.1266 )
00001152: 16.2986   (Y': 14.8575   Cb: 16.5671   Cr: 18.0612 )
00001153: 16.2585   (Y': 14.7967   Cb: 16.568    Cr: 18.0066 )
00001154: 16.1689   (Y': 14.6578   Cb: 16.5079   Cr: 17.9805 )
00001155: 16.1262   (Y': 14.615    Cb: 16.449    Cr: 17.9608 )
00001156: 16.0803   (Y': 14.5956   Cb: 16.3917   Cr: 17.8742 )
00001157: 16.0531   (Y': 14.5481   Cb: 16.4998   Cr: 17.7053 )
00001158: 16.117    (Y': 14.5992   Cb: 16.624    Cr: 17.717  )
00001160: 16.1703   (Y': 14.5058   Cb: 16.8573   Cr: 17.8499 )
00001159: 16.1688   (Y': 14.5198   Cb: 16.8545   Cr: 17.8168 )
00001161: 16.171    (Y': 14.5447   Cb: 16.7798   Cr: 17.8678 )
00001162: 16.2128   (Y': 14.5151   Cb: 16.8794   Cr: 17.9913 )
00001163: 16.2272   (Y': 14.4731   Cb: 16.9593   Cr: 18.0483 )
00001164: 16.2935   (Y': 14.5012   Cb: 17.0613   Cr: 18.1566 )
00001165: 16.3733   (Y': 14.6533   Cb: 17.0619   Cr: 18.1732 )
00001166: 16.5569   (Y': 14.8917   Cb: 17.1295   Cr: 18.3866 )
00001167: 16.7751   (Y': 15.1491   Cb: 17.2681   Cr: 18.6247 )
00001168: 16.7573   (Y': 15.1417   Cb: 17.1623   Cr: 18.7064 )
00001170: 16.7523   (Y': 15.1607   Cb: 17.094    Cr: 18.7384 )
00001169: 16.773    (Y': 15.1716   Cb: 17.0949   Cr: 18.8105 )
00001171: 16.8226   (Y': 15.2643   Cb: 17.1152   Cr: 18.8048 )
00001172: 16.8258   (Y': 15.2255   Cb: 17.145    Cr: 18.8646 )
00001173: 16.7721   (Y': 15.1688   Cb: 17.0871   Cr: 18.8244 )
00001174: 16.7401   (Y': 15.1309   Cb: 17.0392   Cr: 18.8301 )
00001175: 16.5312   (Y': 14.9633   Cb: 16.8487   Cr: 18.4988 )
00001177: 16.4952   (Y': 14.8928   Cb: 16.869    Cr: 18.4591 )
00001176: 16.5492   (Y': 14.9839   Cb: 16.9263   Cr: 18.4253 )
00001178: 16.5586   (Y': 14.9606   Cb: 16.9402   Cr: 18.5011 )
00001179: 16.7018   (Y': 15.0574   Cb: 17.0909   Cr: 18.7399 )
00001180: 16.6979   (Y': 15.053    Cb: 17.1153   Cr: 18.6965 )
00001182: 16.6421   (Y': 15.0484   Cb: 17.0148   Cr: 18.588  )
00001181: 16.7165   (Y': 15.0981   Cb: 17.1404   Cr: 18.645  )
00001184: 16.6753   (Y': 15.0615   Cb: 17.0984   Cr: 18.5946 )
00001183: 16.6709   (Y': 15.085    Cb: 17.1122   Cr: 18.5029 )
00001185: 16.631    (Y': 14.9943   Cb: 17.1197   Cr: 18.5101 )
00001186: 16.6609   (Y': 15.0347   Cb: 17.1377   Cr: 18.5331 )
00001187: 16.7539   (Y': 15.2175   Cb: 17.1088   Cr: 18.5976 )
00001189: 16.8672   (Y': 15.4394   Cb: 17.1402   Cr: 18.5956 )
00001188: 16.768    (Y': 15.2378   Cb: 17.1131   Cr: 18.6124 )
00001190: 16.8206   (Y': 15.3698   Cb: 17.0815   Cr: 18.6139 )
00001191: 16.7851   (Y': 15.3647   Cb: 16.9633   Cr: 18.6339 )
00001192: 16.7694   (Y': 15.3088   Cb: 17.0341   Cr: 18.5781 )
Total: 16.0613   (Y': 14.9986   Cb: 16.0393   Cr: 17.502  )
