00000000: 10.4548   (Y': 7.56593   Cb: 12.4369   Cr: 14.2057 )
00000001: 10.4347   (Y': 7.54983   Cb: 12.425    Cr: 14.1552 )
00000002: 10.4554   (Y': 7.57283   Cb: 12.4106   Cr: 14.2181 )
00000004: 10.432    (Y': 7.54761   Cb: 12.3989   Cr: 14.1855 )
00000003: 10.4594   (Y': 7.58177   Cb: 12.4016   Cr: 14.2194 )
00000005: 10.4411   (Y': 7.55488   Cb: 12.4004   Cr: 14.2144 )
00000006: 10.4458   (Y': 7.56133   Cb: 12.4251   Cr: 14.1812 )
00000008: 10.4365   (Y': 7.5544    Cb: 12.4183   Cr: 14.1573 )
00000009: 10.4385   (Y': 7.56275   Cb: 12.4153   Cr: 14.1378 )
00000007: 10.431    (Y': 7.55583   Cb: 12.3947   Cr: 14.1472 )
00000011: 10.4728   (Y': 7.59945   Cb: 12.4296   Cr: 14.1906 )
00000012: 10.4347   (Y': 7.53989   Cb: 12.4339   Cr: 14.1879 )
00000010: 10.4651   (Y': 7.58218   Cb: 12.4196   Cr: 14.2302 )
00000015: 10.4366   (Y': 7.55419   Cb: 12.4213   Cr: 14.1542 )
00000014: 10.4425   (Y': 7.56279   Cb: 12.424    Cr: 14.1528 )
00000017: 10.4538   (Y': 7.57294   Cb: 12.4198   Cr: 14.1921 )
00000016: 10.448    (Y': 7.57038   Cb: 12.4121   Cr: 14.1742 )
00000018: 10.4374   (Y': 7.55041   Cb: 12.4251   Cr: 14.1717 )
00000022: 10.4182   (Y': 7.51726   Cb: 12.4112   Cr: 14.2091 )
00000021: 10.4236   (Y': 7.54034   Cb: 12.3926   Cr: 14.1688 )
00000013: 10.4535   (Y': 7.56977   Cb: 12.4387   Cr: 14.1764 )
00000023: 10.4239   (Y': 7.53102   Cb: 12.4234   Cr: 14.1674 )
00000020: 10.4408   (Y': 7.57337   Cb: 12.3755   Cr: 14.1648 )
00000019: 10.439    (Y': 7.55287   Cb: 12.4175   Cr: 14.1831 )
00000025: 10.4407   (Y': 7.54149   Cb: 12.4304   Cr: 14.2285 )
00000024: 10.4364   (Y': 7.54748   Cb: 12.4157   Cr: 14.1923 )
00000026: 10.4408   (Y': 7.53149   Cb: 12.439    Cr: 14.2627 )
00000027: 10.4722   (Y': 7.56591   Cb: 12.4686   Cr: 14.2826 )
00000032: 10.791    (Y': 7.84576   Cb: 12.952    Cr: 14.5402 )
00000031: 10.65     (Y': 7.71237   Cb: 12.7628   Cr: 14.4338 )
00000029: 10.4879   (Y': 7.55039   Cb: 12.56     Cr: 14.332  )
00000033: 10.8476   (Y': 7.93749   Cb: 12.9624   Cr: 14.5016 )
00000030: 10.5533   (Y': 7.61979   Cb: 12.6368   Cr: 14.361  )
00000028: 10.464    (Y': 7.53042   Cb: 12.5126   Cr: 14.325  )
00000036: 11.0356   (Y': 8.40222   Cb: 12.5412   Cr: 14.4156 )
00000035: 11.2413   (Y': 8.5006    Cb: 13.05     Cr: 14.6042 )
00000037: 10.8631   (Y': 8.20649   Cb: 12.4652   Cr: 14.189  )
00000038: 10.8341   (Y': 7.98156   Cb: 12.7615   Cr: 14.5022 )
00000034: 11.0524   (Y': 8.26781   Cb: 13.0245   Cr: 14.3662 )
00000040: 11.0373   (Y': 8.20301   Cb: 12.8528   Cr: 14.7935 )
00000039: 11.0045   (Y': 8.16309   Cb: 12.8707   Cr: 14.7146 )
00000042: 10.8626   (Y': 8.03348   Cb: 12.7826   Cr: 14.4376 )
00000043: 10.9802   (Y': 8.14949   Cb: 12.9055   Cr: 14.5548 )
00000041: 11.0934   (Y': 8.27175   Cb: 12.9183   Cr: 14.7778 )
00000044: 11.1556   (Y': 8.2238    Cb: 13.2365   Cr: 14.9592 )
00000047: 11.5431   (Y': 8.61455   Cb: 13.6277   Cr: 15.3264 )
00000045: 11.2426   (Y': 8.34347   Cb: 13.2451   Cr: 15.011  )
00000046: 11.4356   (Y': 8.54598   Cb: 13.4824   Cr: 15.0946 )
00000048: 11.7524   (Y': 8.81617   Cb: 13.8698   Cr: 15.5229 )
00000049: 11.8131   (Y': 8.8443    Cb: 13.9716   Cr: 15.6781 )
00000050: 11.9408   (Y': 8.97228   Cb: 14.1049   Cr: 15.7958 )
00000051: 12.0048   (Y': 9.0761    Cb: 14.0894   Cr: 15.7885 )
00000052: 12.0521   (Y': 9.19647   Cb: 14.0057   Cr: 15.695  )
00000053: 12.0689   (Y': 9.2276    Cb: 14.059    Cr: 15.5961 )
00000054: 12.0344   (Y': 9.26476   Cb: 13.901    Cr: 15.4336 )
00000057: 12.0629   (Y': 9.42452   Cb: 13.7434   Cr: 15.2053 )
00000055: 12.0567   (Y': 9.30678   Cb: 13.9158   Cr: 15.3858 )
00000056: 12.0454   (Y': 9.37884   Cb: 13.7635   Cr: 15.2429 )
00000059: 11.907    (Y': 9.38092   Cb: 13.4518   Cr: 14.8286 )
00000058: 11.9583   (Y': 9.38419   Cb: 13.5701   Cr: 14.9583 )
00000060: 11.7773   (Y': 9.27583   Cb: 13.2337   Cr: 14.7356 )
00000061: 11.7315   (Y': 9.28415   Cb: 13.1435   Cr: 14.5653 )
00000062: 11.5746   (Y': 9.15479   Cb: 12.9039   Cr: 14.4319 )
00000063: 11.4099   (Y': 9.00115   Cb: 12.7156   Cr: 14.2636 )
00000064: 11.212    (Y': 8.81257   Cb: 12.4672   Cr: 14.107  )
00000065: 11.2458   (Y': 8.82047   Cb: 12.5027   Cr: 14.2276 )
00000066: 11.3076   (Y': 8.90019   Cb: 12.4857   Cr: 14.3455 )
00000068: 11.517    (Y': 9.08071   Cb: 12.8126   Cr: 14.479  )
00000069: 11.5737   (Y': 9.1214    Cb: 12.9352   Cr: 14.496  )
00000067: 11.3577   (Y': 8.9401    Cb: 12.5758   Cr: 14.3705 )
00000074: 11.6678   (Y': 8.92064   Cb: 13.6528   Cr: 14.8153 )
00000070: 11.5011   (Y': 8.94608   Cb: 13.0686   Cr: 14.4937 )
00000076: 11.5143   (Y': 8.71288   Cb: 13.5663   Cr: 14.789  )
00000071: 11.4517   (Y': 8.86962   Cb: 13.0777   Cr: 14.4615 )
00000077: 11.5073   (Y': 8.70194   Cb: 13.5681   Cr: 14.7866 )
00000073: 11.5578   (Y': 8.83891   Cb: 13.5138   Cr: 14.6345 )
00000072: 11.4991   (Y': 8.8126    Cb: 13.3423   Cr: 14.6011 )
00000078: 11.4605   (Y': 8.63164   Cb: 13.5025   Cr: 14.8617 )
00000080: 11.575    (Y': 8.69942   Cb: 13.6638   Cr: 15.1116 )
00000079: 11.512    (Y': 8.67882   Cb: 13.5385   Cr: 14.9529 )
00000081: 11.5495   (Y': 8.71494   Cb: 13.597    Cr: 14.9674 )
00000075: 11.601    (Y': 8.83352   Cb: 13.6148   Cr: 14.7904 )
00000082: 11.567    (Y': 8.73741   Cb: 13.5785   Cr: 15.0132 )
00000083: 11.5627   (Y': 8.73181   Cb: 13.5626   Cr: 15.0312 )
00000086: 11.6529   (Y': 8.93718   Cb: 13.4821   Cr: 14.8868 )
00000087: 11.6595   (Y': 8.96957   Cb: 13.4609   Cr: 14.8311 )
00000084: 11.5942   (Y': 8.8558    Cb: 13.4325   Cr: 14.906  )
00000085: 11.5864   (Y': 8.82284   Cb: 13.4998   Cr: 14.8955 )
00000088: 11.6389   (Y': 8.97595   Cb: 13.4656   Cr: 14.6747 )
00000089: 11.5973   (Y': 8.91986   Cb: 13.3942   Cr: 14.7274 )
00000091: 11.5946   (Y': 8.89101   Cb: 13.4545   Cr: 14.7396 )
00000093: 11.4517   (Y': 8.76741   Cb: 13.246    Cr: 14.6117 )
00000094: 11.3419   (Y': 8.63021   Cb: 13.1664   Cr: 14.5667 )
00000090: 11.6036   (Y': 8.91669   Cb: 13.4334   Cr: 14.7249 )
00000095: 11.3189   (Y': 8.61768   Cb: 13.0905   Cr: 14.5759 )
00000092: 11.4176   (Y': 8.7208    Cb: 13.2376   Cr: 14.5907 )
00000097: 11.2285   (Y': 8.49361   Cb: 13.0236   Cr: 14.5874 )
00000096: 11.2666   (Y': 8.50134   Cb: 13.1383   Cr: 14.6408 )
00000098: 11.1828   (Y': 8.39088   Cb: 13.0562   Cr: 14.6657 )
00000099: 11.1778   (Y': 8.38522   Cb: 13.0072   Cr: 14.7281 )
00000100: 11.0908   (Y': 8.27469   Cb: 12.8981   Cr: 14.778  )
00000101: 11.0243   (Y': 8.18987   Cb: 12.8663   Cr: 14.7398 )
00000103: 11.0292   (Y': 8.11961   Cb: 12.978    Cr: 14.9286 )
00000105: 11.078    (Y': 8.13366   Cb: 13.1007   Cr: 15.0307 )
00000102: 11.0337   (Y': 8.15436   Cb: 12.935    Cr: 14.8644 )
00000104: 11.0851   (Y': 8.15885   Cb: 13.0388   Cr: 15.0576 )
00000109: 11.4459   (Y': 8.43884   Cb: 13.6261   Cr: 15.4674 )
00000110: 11.5827   (Y': 8.5464    Cb: 13.8367   Cr: 15.6405 )
00000106: 11.1009   (Y': 8.15457   Cb: 13.0861   Cr: 15.1228 )
00000107: 11.1821   (Y': 8.22072   Cb: 13.204    Cr: 15.2202 )
00000111: 11.6803   (Y': 8.66428   Cb: 13.867    Cr: 15.7368 )
00000108: 11.3875   (Y': 8.38602   Cb: 13.5433   Cr: 15.4181 )
00000112: 11.7651   (Y': 8.70676   Cb: 14.1042   Cr: 15.8079 )
00000113: 11.8691   (Y': 8.80668   Cb: 14.2186   Cr: 15.9179 )
00000114: 11.9872   (Y': 8.88043   Cb: 14.5153   Cr: 16.0065 )
00000116: 12.1605   (Y': 9.04542   Cb: 14.7267   Cr: 16.1691 )
00000115: 12.0038   (Y': 8.87663   Cb: 14.5813   Cr: 16.0591 )
00000117: 12.1883   (Y': 9.10099   Cb: 14.6728   Cr: 16.1689 )
00000126: 12.0044   (Y': 9.38463   Cb: 13.8393   Cr: 14.8728 )
00000127: 11.8756   (Y': 9.31902   Cb: 13.6285   Cr: 14.6288 )
00000125: 12.0879   (Y': 9.40304   Cb: 14.0061   Cr: 15.0855 )
00000118: 12.2859   (Y': 9.22238   Cb: 14.7826   Cr: 16.131  )
00000120: 12.3472   (Y': 9.39499   Cb: 14.729    Cr: 15.8275 )
00000121: 12.331    (Y': 9.38524   Cb: 14.706    Cr: 15.7917 )
00000119: 12.282    (Y': 9.24753   Cb: 14.7177   Cr: 16.0694 )
00000122: 12.3404   (Y': 9.44881   Cb: 14.5939   Cr: 15.7246 )
00000123: 12.3096   (Y': 9.46491   Cb: 14.4445   Cr: 15.6523 )
00000128: 11.5838   (Y': 9.09408   Cb: 13.2206   Cr: 14.2607 )
00000124: 12.1722   (Y': 9.41745   Cb: 14.2031   Cr: 15.2896 )
00000129: 11.4645   (Y': 8.98583   Cb: 13.0946   Cr: 14.1133 )
00000132: 10.9603   (Y': 8.57921   Cb: 12.3574   Cr: 13.5974 )
00000130: 11.2079   (Y': 8.79165   Cb: 12.7281   Cr: 13.7959 )
00000134: 11.0142   (Y': 8.61274   Cb: 12.3022   Cr: 13.8687 )
00000131: 11.1116   (Y': 8.69333   Cb: 12.5822   Cr: 13.7707 )
00000136: 11.3515   (Y': 8.83331   Cb: 12.7935   Cr: 14.39   )
00000133: 10.9396   (Y': 8.53169   Cb: 12.3091   Cr: 13.7008 )
00000135: 11.1034   (Y': 8.65849   Cb: 12.4556   Cr: 14.0136 )
00000137: 11.4622   (Y': 8.91054   Cb: 12.955    Cr: 14.5483 )
00000138: 11.6276   (Y': 9.0399    Cb: 13.2042   Cr: 14.7268 )
00000140: 11.8929   (Y': 9.24639   Cb: 13.6079   Cr: 15.0182 )
00000139: 11.6866   (Y': 9.11558   Cb: 13.2718   Cr: 14.7127 )
00000141: 11.85     (Y': 9.22708   Cb: 13.5423   Cr: 14.9179 )
00000143: 11.5838   (Y': 9.12135   Cb: 13.0249   Cr: 14.4288 )
00000142: 11.6853   (Y': 9.21783   Cb: 13.1432   Cr: 14.5241 )
00000145: 11.4612   (Y': 9.07335   Cb: 12.7382   Cr: 14.286  )
00000144: 11.3712   (Y': 8.98853   Cb: 12.6644   Cr: 14.1562 )
00000146: 11.6038   (Y': 9.20297   Cb: 12.8924   Cr: 14.4554 )
00000147: 11.6967   (Y': 9.27205   Cb: 13.0068   Cr: 14.5979 )
00000148: 11.831    (Y': 9.35502   Cb: 13.2267   Cr: 14.7866 )
00000149: 11.827    (Y': 9.40641   Cb: 13.1779   Cr: 14.6561 )
00000150: 11.9869   (Y': 9.50564   Cb: 13.4177   Cr: 14.911  )
00000151: 12.0499   (Y': 9.49062   Cb: 13.5997   Cr: 15.0828 )
00000152: 11.9826   (Y': 9.41794   Cb: 13.5659   Cr: 14.9881 )
00000153: 12.0029   (Y': 9.46063   Cb: 13.5486   Cr: 14.9805 )
00000154: 12.0344   (Y': 9.46335   Cb: 13.6539   Cr: 15.0131 )
00000157: 12.2189   (Y': 9.47078   Cb: 14.1063   Cr: 15.501  )
00000155: 12.0259   (Y': 9.41323   Cb: 13.705    Cr: 15.074  )
00000159: 12.2818   (Y': 9.49549   Cb: 14.2556   Cr: 15.6003 )
00000158: 12.2265   (Y': 9.40891   Cb: 14.2652   Cr: 15.5854 )
00000156: 12.1207   (Y': 9.40377   Cb: 13.9574   Cr: 15.3491 )
00000160: 12.4313   (Y': 9.64465   Cb: 14.3203   Cr: 15.8694 )
00000161: 12.4266   (Y': 9.63584   Cb: 14.2534   Cr: 15.973  )
00000162: 12.5359   (Y': 9.75343   Cb: 14.4133   Cr: 15.9731 )
00000163: 12.6294   (Y': 9.77095   Cb: 14.6396   Cr: 16.2025 )
00000165: 13.1621   (Y': 10.1831   Cb: 15.5655   Cr: 16.7337 )
00000164: 12.8117   (Y': 9.83954   Cb: 15.0868   Cr: 16.5249 )
00000167: 13.3171   (Y': 10.2688   Cb: 15.9006   Cr: 16.9745 )
00000169: 13.0534   (Y': 10.0453   Cb: 15.6018   Cr: 16.5706 )
00000166: 13.4079   (Y': 10.3668   Cb: 16.0694   Cr: 16.9345 )
00000171: 13.1091   (Y': 10.0201   Cb: 15.9261   Cr: 16.6684 )
00000168: 13.0166   (Y': 9.95943   Cb: 15.6587   Cr: 16.641  )
00000170: 13.156    (Y': 10.1714   Cb: 15.6761   Cr: 16.604  )
00000175: 13.3836   (Y': 10.3237   Cb: 16.0789   Cr: 16.9551 )
00000174: 13.4451   (Y': 10.3207   Cb: 16.2947   Cr: 17.1313 )
00000176: 13.3442   (Y': 10.3011   Cb: 16.0066   Cr: 16.8787 )
00000172: 13.1891   (Y': 10.0564   Cb: 16.0779   Cr: 16.8686 )
00000177: 13.3626   (Y': 10.2595   Cb: 16.1154   Cr: 17.0658 )
00000173: 13.3247   (Y': 10.2055   Cb: 16.1929   Cr: 16.9639 )
00000178: 13.3489   (Y': 10.1561   Cb: 16.4514   Cr: 17.0682 )
00000180: 13.2187   (Y': 10.0421   Cb: 16.2499   Cr: 16.9414 )
00000182: 13.0985   (Y': 9.99117   Cb: 15.9447   Cr: 16.7082 )
00000183: 12.9428   (Y': 9.85598   Cb: 15.7256   Cr: 16.5325 )
00000179: 13.3054   (Y': 10.0905   Cb: 16.4621   Cr: 17.072  )
00000181: 13.215    (Y': 10.0584   Cb: 16.1791   Cr: 16.9196 )
00000185: 12.6415   (Y': 9.60066   Cb: 15.2517   Cr: 16.2308 )
00000184: 12.6592   (Y': 9.60689   Cb: 15.3086   Cr: 16.252  )
00000187: 12.4353   (Y': 9.42369   Cb: 14.9375   Cr: 16.0268 )
00000186: 12.5293   (Y': 9.52642   Cb: 15.0294   Cr: 16.0842 )
00000188: 12.2592   (Y': 9.28009   Cb: 14.7135   Cr: 15.7655 )
00000191: 11.9381   (Y': 9.0949    Cb: 14.1705   Cr: 15.1491 )
00000189: 12.1971   (Y': 9.24649   Cb: 14.5628   Cr: 15.6913 )
00000190: 12.0395   (Y': 9.16405   Cb: 14.2799   Cr: 15.3727 )
00000192: 11.8412   (Y': 9.05804   Cb: 14.0142   Cr: 14.8897 )
00000193: 11.748    (Y': 8.99879   Cb: 13.8617   Cr: 14.7406 )
00000194: 11.5939   (Y': 8.93242   Cb: 13.5784   Cr: 14.4244 )
00000195: 11.5068   (Y': 8.86236   Cb: 13.4711   Cr: 14.3018 )
00000196: 11.363    (Y': 8.74588   Cb: 13.366    Cr: 14.0181 )
00000197: 11.2777   (Y': 8.67538   Cb: 13.2673   Cr: 13.8993 )
00000198: 11.1254   (Y': 8.54034   Cb: 13.0063   Cr: 13.8175 )
00000200: 10.9973   (Y': 8.46594   Cb: 12.7106   Cr: 13.715  )
00000201: 11.0421   (Y': 8.51371   Cb: 12.7593   Cr: 13.7451 )
00000199: 11.033    (Y': 8.47136   Cb: 12.8169   Cr: 13.7645 )
00000203: 10.972    (Y': 8.54376   Cb: 12.5107   Cr: 13.5749 )
00000202: 11.0183   (Y': 8.5545    Cb: 12.6024   Cr: 13.6776 )
00000207: 10.5679   (Y': 8.26185   Cb: 12.0654   Cr: 12.852  )
00000204: 10.9305   (Y': 8.57849   Cb: 12.4407   Cr: 13.3336 )
00000205: 10.8717   (Y': 8.53786   Cb: 12.3571   Cr: 13.2514 )
00000206: 10.666    (Y': 8.3366    Cb: 12.1626   Cr: 13.0189 )
00000208: 10.2418   (Y': 7.81959   Cb: 11.888    Cr: 12.6925 )
00000209: 9.28761   (Y': 6.98827   Cb: 10.6421   Cr: 11.7292 )
00000210: 9.67482   (Y': 7.51163   Cb: 10.8849   Cr: 11.9107 )
00000211: 8.95675   (Y': 6.75569   Cb: 10.1455   Cr: 11.3264 )
00000212: 8.98042   (Y': 6.74775   Cb: 10.2467   Cr: 11.3402 )
00000213: 8.90197   (Y': 6.66216   Cb: 10.1751   Cr: 11.2736 )
00000214: 8.83234   (Y': 6.61891   Cb: 10.0745   Cr: 11.168  )
00000217: 8.87593   (Y': 6.65507   Cb: 10.1136   Cr: 11.2387 )
00000216: 8.84733   (Y': 6.62778   Cb: 10.0957   Cr: 11.1924 )
00000215: 8.79995   (Y': 6.57924   Cb: 10.0593   Cr: 11.1343 )
00000222: 9.05108   (Y': 6.84067   Cb: 10.3043   Cr: 11.3641 )
00000218: 8.9347    (Y': 6.7269    Cb: 10.1572   Cr: 11.2797 )
00000226: 9.03902   (Y': 6.82607   Cb: 10.2563   Cr: 11.4056 )
00000221: 9.04134   (Y': 6.83321   Cb: 10.2924   Cr: 11.3506 )
00000224: 9.05281   (Y': 6.85981   Cb: 10.2878   Cr: 11.3398 )
00000219: 8.92668   (Y': 6.71765   Cb: 10.1671   Cr: 11.2521 )
00000220: 9.03942   (Y': 6.83222   Cb: 10.2732   Cr: 11.3681 )
00000225: 9.0445    (Y': 6.84851   Cb: 10.2827   Cr: 11.3359 )
00000223: 9.07136   (Y': 6.87197   Cb: 10.3156   Cr: 11.3647 )
00000228: 9.01722   (Y': 6.77822   Cb: 10.2795   Cr: 11.4004 )
00000229: 9.05532   (Y': 6.81943   Cb: 10.3245   Cr: 11.4207 )
00000230: 9.16141   (Y': 6.92486   Cb: 10.4391   Cr: 11.5177 )
00000234: 9.25802   (Y': 6.99186   Cb: 10.5751   Cr: 11.6498 )
00000233: 9.27393   (Y': 7.0239    Cb: 10.5487   Cr: 11.673  )
00000232: 9.24488   (Y': 7.00658   Cb: 10.4996   Cr: 11.6359 )
00000227: 9.01178   (Y': 6.79021   Cb: 10.2439   Cr: 11.3839 )
00000231: 9.22651   (Y': 6.99654   Cb: 10.4854   Cr: 11.5881 )
00000235: 9.19672   (Y': 6.9222    Cb: 10.5144   Cr: 11.6122 )
00000237: 9.17199   (Y': 6.88704   Cb: 10.5029   Cr: 11.6012 )
00000236: 9.17497   (Y': 6.88855   Cb: 10.5053   Cr: 11.6093 )
00000239: 9.14829   (Y': 6.84316   Cb: 10.4972   Cr: 11.6145 )
00000238: 9.16923   (Y': 6.88489   Cb: 10.4811   Cr: 11.6213 )
00000240: 9.15108   (Y': 6.84754   Cb: 10.5072   Cr: 11.6032 )
00000241: 9.1496    (Y': 6.82519   Cb: 10.5187   Cr: 11.6478 )
00000242: 9.20015   (Y': 6.8797    Cb: 10.5902   Cr: 11.6594 )
00000243: 9.2441    (Y': 6.88828   Cb: 10.6822   Cr: 11.7492 )
00000244: 9.34375   (Y': 6.95571   Cb: 10.8421   Cr: 11.8714 )
00000245: 9.41176   (Y': 7.0383    Cb: 10.9009   Cr: 11.9061 )
00000246: 9.48997   (Y': 7.12197   Cb: 10.9628   Cr: 11.9882 )
00000247: 9.57499   (Y': 7.22561   Cb: 11.0269   Cr: 12.0429 )
00000249: 9.77109   (Y': 7.38518   Cb: 11.3152   Cr: 12.235  )
00000248: 9.70593   (Y': 7.32548   Cb: 11.2279   Cr: 12.1807 )
00000251: 9.98092   (Y': 7.57616   Cb: 11.5584   Cr: 12.4614 )
00000250: 9.89809   (Y': 7.47925   Cb: 11.4795   Cr: 12.4175 )
00000253: 10.1579   (Y': 7.74206   Cb: 11.7528   Cr: 12.6512 )
00000252: 10.0889   (Y': 7.69039   Cb: 11.6271   Cr: 12.5989 )
00000254: 10.242    (Y': 7.85842   Cb: 11.7576   Cr: 12.734  )
00000255: 10.319    (Y': 7.95614   Cb: 11.7857   Cr: 12.8095 )
00000256: 10.4517   (Y': 8.08544   Cb: 11.9283   Cr: 12.9401 )
00000258: 10.5211   (Y': 8.09812   Cb: 12.0751   Cr: 13.0878 )
00000257: 10.4597   (Y': 8.08761   Cb: 11.9682   Cr: 12.9257 )
00000260: 10.744    (Y': 8.29902   Cb: 12.3459   Cr: 13.3199 )
00000259: 10.5798   (Y': 8.1564    Cb: 12.1079   Cr: 13.1804 )
00000262: 10.9529   (Y': 8.47431   Cb: 12.6185   Cr: 13.5571 )
00000263: 11.0166   (Y': 8.53602   Cb: 12.6642   Cr: 13.6499 )
00000261: 10.771    (Y': 8.31966   Cb: 12.3833   Cr: 13.3543 )
00000264: 11.0841   (Y': 8.59442   Cb: 12.7829   Cr: 13.6831 )
00000265: 11.148    (Y': 8.64457   Cb: 12.8672   Cr: 13.7663 )
00000266: 11.3364   (Y': 8.83634   Cb: 13.0346   Cr: 13.9698 )
00000267: 11.3866   (Y': 8.85809   Cb: 13.1275   Cr: 14.0604 )
00000269: 11.6369   (Y': 9.07889   Cb: 13.4875   Cr: 14.2747 )
00000268: 11.5019   (Y': 8.94581   Cb: 13.3154   Cr: 14.1781 )
00000270: 11.74     (Y': 9.11007   Cb: 13.7366   Cr: 14.4464 )
00000276: 12.389    (Y': 9.53578   Cb: 14.8992   Cr: 15.3131 )
00000274: 12.13     (Y': 9.35304   Cb: 14.412    Cr: 15.026  )
00000275: 12.228    (Y': 9.42074   Cb: 14.5163   Cr: 15.2304 )
00000271: 11.7713   (Y': 9.11209   Cb: 13.8318   Cr: 14.5031 )
00000272: 11.847    (Y': 9.14068   Cb: 13.9914   Cr: 14.6465 )
00000273: 11.9863   (Y': 9.2549    Cb: 14.1619   Cr: 14.8393 )
00000284: 13.0404   (Y': 9.8813    Cb: 16.1681   Cr: 16.5702 )
00000279: 12.6415   (Y': 9.74625   Cb: 15.2458   Cr: 15.6233 )
00000278: 12.5337   (Y': 9.67313   Cb: 15.0662   Cr: 15.4613 )
00000283: 13.0608   (Y': 9.96772   Cb: 16.1328   Cr: 16.3528 )
00000277: 12.4415   (Y': 9.58113   Cb: 14.8927   Cr: 15.4593 )
00000282: 13.0352   (Y': 9.95669   Cb: 16.096    Cr: 16.2763 )
00000285: 12.9893   (Y': 9.80037   Cb: 16.159    Cr: 16.6141 )
00000280: 12.7335   (Y': 9.77006   Cb: 15.4973   Cr: 15.8118 )
00000286: 12.8411   (Y': 9.63522   Cb: 15.8816   Cr: 16.6995 )
00000287: 12.846    (Y': 9.64199   Cb: 15.9829   Cr: 16.581  )
00000281: 12.8784   (Y': 9.87871   Cb: 15.7391   Cr: 15.9998 )
00000288: 12.6584   (Y': 9.4342    Cb: 15.7513   Cr: 16.547  )
00000289: 12.6399   (Y': 9.42531   Cb: 15.6779   Cr: 16.5458 )
00000290: 12.4955   (Y': 9.26814   Cb: 15.5376   Cr: 16.4628 )
00000291: 12.3836   (Y': 9.17644   Cb: 15.3536   Cr: 16.3346 )
00000292: 12.2294   (Y': 9.04821   Cb: 15.059    Cr: 16.2253 )
00000293: 12.1861   (Y': 9.03479   Cb: 14.931    Cr: 16.1388 )
00000294: 12.0093   (Y': 8.8201    Cb: 14.786    Cr: 16.1183 )
00000295: 11.8709   (Y': 8.67269   Cb: 14.5927   Cr: 16.1052 )
00000297: 11.8553   (Y': 8.64483   Cb: 14.568    Cr: 16.1713 )
00000296: 11.8263   (Y': 8.61993   Cb: 14.5448   Cr: 16.111  )
00000298: 11.8029   (Y': 8.58972   Cb: 14.5784   Cr: 16.0445 )
00000300: 11.8474   (Y': 8.61321   Cb: 14.7086   Cr: 16.0868 )
00000299: 11.791    (Y': 8.57436   Cb: 14.5986   Cr: 16.007  )
00000301: 11.9563   (Y': 8.73837   Cb: 14.832    Cr: 16.0868 )
00000302: 12.1511   (Y': 8.8975    Cb: 15.1901   Cr: 16.2624 )
00000303: 12.2557   (Y': 8.99442   Cb: 15.3199   Cr: 16.3768 )
00000304: 12.4414   (Y': 9.15151   Cb: 15.6866   Cr: 16.4941 )
00000306: 12.6564   (Y': 9.33863   Cb: 16.0206   Cr: 16.7189 )
00000305: 12.5095   (Y': 9.22058   Cb: 15.7042   Cr: 16.6178 )
00000307: 12.7077   (Y': 9.38149   Cb: 16.0997   Cr: 16.784  )
00000308: 12.8894   (Y': 9.54927   Cb: 16.2958   Cr: 17.0259 )
00000311: 13.2408   (Y': 9.94573   Cb: 16.5493   Cr: 17.246  )
00000310: 13.1655   (Y': 9.85651   Cb: 16.4775   Cr: 17.2421 )
00000312: 13.324    (Y': 10.0467   Cb: 16.7009   Cr: 17.1574 )
00000309: 12.9844   (Y': 9.65112   Cb: 16.3405   Cr: 17.1425 )
00000314: 13.4635   (Y': 10.2364   Cb: 16.8233   Cr: 17.0655 )
00000316: 13.609    (Y': 10.4983   Cb: 16.625    Cr: 17.0392 )
00000313: 13.405    (Y': 10.1562   Cb: 16.7502   Cr: 17.129  )
00000318: 13.7438   (Y': 10.6909   Cb: 16.6096   Cr: 17.0843 )
00000315: 13.4747   (Y': 10.2898   Cb: 16.6897   Cr: 17.0305 )
00000317: 13.6678   (Y': 10.5843   Cb: 16.6242   Cr: 17.0426 )
00000319: 13.7185   (Y': 10.7047   Cb: 16.5233   Cr: 16.9595 )
00000321: 13.6023   (Y': 10.6398   Cb: 16.3044   Cr: 16.7436 )
00000320: 13.6443   (Y': 10.6657   Cb: 16.3843   Cr: 16.8101 )
00000324: 13.3506   (Y': 10.5164   Cb: 15.6755   Cr: 16.4131 )
00000323: 13.4699   (Y': 10.5352   Cb: 16.0437   Cr: 16.6427 )
00000322: 13.4668   (Y': 10.5549   Cb: 15.9801   Cr: 16.6168 )
00000328: 13.0665   (Y': 10.235    Cb: 15.3554   Cr: 16.1621 )
00000325: 13.2697   (Y': 10.4618   Cb: 15.5543   Cr: 16.279  )
00000329: 12.8842   (Y': 10.0213   Cb: 15.293    Cr: 15.9605 )
00000326: 13.1419   (Y': 10.3327   Cb: 15.3906   Cr: 16.1988 )
00000327: 13.1155   (Y': 10.2856   Cb: 15.4018   Cr: 16.2076 )
00000330: 12.4276   (Y': 9.60758   Cb: 14.6432   Cr: 15.5671 )
00000333: 12.3634   (Y': 9.56097   Cb: 14.4654   Cr: 15.5766 )
00000332: 12.288    (Y': 9.4586    Cb: 14.3883   Cr: 15.6133 )
00000331: 12.1831   (Y': 9.39457   Cb: 14.2456   Cr: 15.3923 )
00000334: 12.4144   (Y': 9.6494    Cb: 14.5183   Cr: 15.479  )
00000335: 12.4409   (Y': 9.69904   Cb: 14.5242   Cr: 15.4432 )
00000336: 12.568    (Y': 9.88353   Cb: 14.5615   Cr: 15.4699 )
00000337: 12.3521   (Y': 9.60867   Cb: 14.5756   Cr: 15.1932 )
00000338: 12.4104   (Y': 9.62356   Cb: 14.7179   Cr: 15.3136 )
00000339: 12.8037   (Y': 10.1207   Cb: 14.8951   Cr: 15.5823 )
00000340: 12.4995   (Y': 9.83134   Cb: 14.5228   Cr: 15.307  )
00000341: 12.2209   (Y': 9.50392   Cb: 14.3577   Cr: 15.0676 )
00000342: 12.1376   (Y': 9.45752   Cb: 14.1757   Cr: 14.9691 )
00000344: 12.1014   (Y': 9.4154    Cb: 14.1469   Cr: 14.9453 )
00000343: 12.0293   (Y': 9.34716   Cb: 14.0675   Cr: 14.8685 )
00000348: 11.9308   (Y': 9.21625   Cb: 13.9355   Cr: 14.9291 )
00000347: 11.9498   (Y': 9.23739   Cb: 13.9795   Cr: 14.9091 )
00000345: 12.0241   (Y': 9.33524   Cb: 14.06     Cr: 14.8901 )
00000346: 11.9839   (Y': 9.2696    Cb: 14.0202   Cr: 14.9418 )
00000349: 11.9797   (Y': 9.26106   Cb: 14.0031   Cr: 14.9698 )
00000350: 11.9668   (Y': 9.23788   Cb: 14.0093   Cr: 14.9711 )
00000351: 11.9709   (Y': 9.25999   Cb: 13.9644   Cr: 14.97   )
00000352: 11.9492   (Y': 9.18881   Cb: 14.0118   Cr: 15.0481 )
00000354: 11.9121   (Y': 9.12074   Cb: 13.9794   Cr: 15.1263 )
00000353: 11.9435   (Y': 9.15973   Cb: 14.0273   Cr: 15.1062 )
00000355: 11.8794   (Y': 9.07752   Cb: 13.9284   Cr: 15.1599 )
00000356: 11.8703   (Y': 9.08649   Cb: 13.9215   Cr: 15.0757 )
00000357: 11.8234   (Y': 9.03092   Cb: 13.8762   Cr: 15.061  )
00000358: 11.7525   (Y': 8.93398   Cb: 13.8506   Cr: 15.0361 )
00000360: 11.5697   (Y': 8.70827   Cb: 13.753    Cr: 14.9183 )
00000359: 11.6743   (Y': 8.84033   Cb: 13.7907   Cr: 14.9968 )
00000366: 11.3851   (Y': 8.42971   Cb: 13.7842   Cr: 14.8573 )
00000364: 11.4718   (Y': 8.51262   Cb: 13.8441   Cr: 14.9949 )
00000365: 11.4479   (Y': 8.50728   Cb: 13.774    Cr: 14.9493 )
00000363: 11.5056   (Y': 8.57935   Cb: 13.8191   Cr: 14.9611 )
00000362: 11.5266   (Y': 8.61087   Cb: 13.8068   Cr: 14.9793 )
00000367: 11.399    (Y': 8.44122   Cb: 13.7717   Cr: 14.9156 )
00000361: 11.5269   (Y': 8.65343   Cb: 13.7288   Cr: 14.902  )
00000368: 11.4179   (Y': 8.44996   Cb: 13.8317   Cr: 14.9264 )
00000369: 11.4021   (Y': 8.4183    Cb: 13.8418   Cr: 14.9482 )
00000371: 11.4116   (Y': 8.42725   Cb: 13.8589   Cr: 14.9508 )
00000372: 11.3767   (Y': 8.40817   Cb: 13.797    Cr: 14.8799 )
00000370: 11.3938   (Y': 8.42927   Cb: 13.7799   Cr: 14.9229 )
00000373: 11.3654   (Y': 8.38081   Cb: 13.8413   Cr: 14.8684 )
00000374: 11.3837   (Y': 8.39311   Cb: 13.8484   Cr: 14.9283 )
00000380: 11.3617   (Y': 8.38186   Cb: 13.8397   Cr: 14.8413 )
00000379: 11.3809   (Y': 8.40731   Cb: 13.815    Cr: 14.8883 )
00000378: 11.3735   (Y': 8.39577   Cb: 13.8275   Cr: 14.8742 )
00000382: 11.388    (Y': 8.41255   Cb: 13.8767   Cr: 14.8348 )
00000377: 11.3454   (Y': 8.36163   Cb: 13.7886   Cr: 14.8868 )
00000381: 11.3832   (Y': 8.40878   Cb: 13.8506   Cr: 14.8526 )
00000376: 11.3477   (Y': 8.3635    Cb: 13.7984   Cr: 14.8817 )
00000375: 11.3595   (Y': 8.37402   Cb: 13.829    Cr: 14.8749 )
00000383: 11.4064   (Y': 8.44087   Cb: 13.8761   Cr: 14.8334 )
00000384: 11.3933   (Y': 8.43477   Cb: 13.8466   Cr: 14.8103 )
00000385: 11.3593   (Y': 8.4191    Cb: 13.7841   Cr: 14.733  )
00000386: 11.3462   (Y': 8.40113   Cb: 13.8055   Cr: 14.6979 )
00000388: 11.3496   (Y': 8.41005   Cb: 13.7865   Cr: 14.7055 )
00000387: 11.363    (Y': 8.42521   Cb: 13.7922   Cr: 14.7209 )
00000389: 11.3442   (Y': 8.40468   Cb: 13.7579   Cr: 14.7287 )
00000391: 17.8946   (Y': 13.9784   Cb: 23.5998   Cr: 23.6244 )
00000394: 14.1791   (Y': 10.7396   Cb: 17.8699   Cr: 18.5585 )
00000395: 13.83     (Y': 10.4708   Cb: 17.2502   Cr: 18.0582 )
00000390: 23.6368   (Y': 20.2214   Cb: 27.3715   Cr: 27.8246 )
00000399: 12.8997   (Y': 9.9095    Cb: 15.6185   Cr: 16.1368 )
00000392: 15.5406   (Y': 11.7994   Cb: 20.1996   Cr: 20.8967 )
00000397: 13.045    (Y': 9.87107   Cb: 16.174    Cr: 16.6435 )
00000398: 12.9361   (Y': 9.88706   Cb: 15.7249   Cr: 16.3474 )
00000396: 13.2606   (Y': 10.0222   Cb: 16.4159   Cr: 17.1476 )
00000393: 15.0023   (Y': 11.3352   Cb: 19.4979   Cr: 19.974  )
00000400: 13.2238   (Y': 10.3971   Cb: 15.6356   Cr: 16.1573 )
00000403: 13.1797   (Y': 10.3405   Cb: 15.7379   Cr: 15.9995 )
00000401: 13.399    (Y': 10.6425   Cb: 15.721    Cr: 16.1752 )
00000402: 13.5487   (Y': 10.8346   Cb: 15.8827   Cr: 16.1641 )
00000404: 12.9488   (Y': 10.0002   Cb: 15.7245   Cr: 15.9549 )
00000405: 12.2167   (Y': 9.48369   Cb: 14.565    Cr: 14.8817 )
00000406: 12.0964   (Y': 9.48879   Cb: 14.2695   Cr: 14.5316 )
00000407: 12.1166   (Y': 9.47615   Cb: 14.3164   Cr: 14.6294 )
00000408: 11.9702   (Y': 9.32843   Cb: 14.1678   Cr: 14.4899 )
00000412: 11.8925   (Y': 9.21043   Cb: 14.3131   Cr: 14.3119 )
00000410: 11.9128   (Y': 9.29106   Cb: 14.2266   Cr: 14.2473 )
00000409: 11.9246   (Y': 9.29964   Cb: 14.1055   Cr: 14.4071 )
00000411: 11.914    (Y': 9.29513   Cb: 14.1812   Cr: 14.2866 )
00000416: 11.9758   (Y': 9.47789   Cb: 14.034    Cr: 14.194  )
00000420: 12.0526   (Y': 9.53073   Cb: 13.915    Cr: 14.5592 )
00000413: 11.8773   (Y': 9.22436   Cb: 14.2602   Cr: 14.2411 )
00000417: 11.7863   (Y': 9.08574   Cb: 14.1194   Cr: 14.3569 )
00000414: 11.8314   (Y': 9.16136   Cb: 14.1898   Cr: 14.2748 )
00000415: 12.0279   (Y': 9.52953   Cb: 14.1201   Cr: 14.2125 )
00000419: 11.9099   (Y': 9.38168   Cb: 13.8646   Cr: 14.3317 )
00000418: 11.7982   (Y': 9.11297   Cb: 14.0597   Cr: 14.3932 )
00000421: 12.1498   (Y': 9.68282   Cb: 13.915    Cr: 14.5974 )
00000423: 12.1617   (Y': 9.67596   Cb: 13.9366   Cr: 14.6563 )
00000422: 12.0902   (Y': 9.64109   Cb: 13.841    Cr: 14.4995 )
00000424: 12.1558   (Y': 9.74115   Cb: 13.8852   Cr: 14.4859 )
00000427: 12.2567   (Y': 9.87853   Cb: 13.9758   Cr: 14.4914 )
00000425: 12.1127   (Y': 9.73349   Cb: 13.8194   Cr: 14.3641 )
00000430: 12.1618   (Y': 9.69281   Cb: 14.1112   Cr: 14.4089 )
00000428: 12.2737   (Y': 9.84798   Cb: 14.1086   Cr: 14.5177 )
00000429: 12.222    (Y': 9.80159   Cb: 14.0015   Cr: 14.5122 )
00000426: 12.1454   (Y': 9.80056   Cb: 13.8014   Cr: 14.3557 )
00000431: 12.2282   (Y': 9.75456   Cb: 14.1156   Cr: 14.5572 )
00000432: 12.1381   (Y': 9.66112   Cb: 14.0846   Cr: 14.4122 )
00000433: 12.0777   (Y': 9.61636   Cb: 14.0171   Cr: 14.3132 )
00000434: 12.2375   (Y': 9.74811   Cb: 14.2961   Cr: 14.4301 )
00000436: 12.1321   (Y': 9.58233   Cb: 14.2229   Cr: 14.4728 )
00000435: 12.154    (Y': 9.63192   Cb: 14.2421   Cr: 14.4136 )
00000437: 12.1722   (Y': 9.62005   Cb: 14.2986   Cr: 14.4828 )
00000439: 12.317    (Y': 9.69902   Cb: 14.4733   Cr: 14.8034 )
00000441: 12.2937   (Y': 9.6004    Cb: 14.5687   Cr: 14.9018 )
00000438: 12.2473   (Y': 9.64386   Cb: 14.4308   Cr: 14.6584 )
00000440: 12.3396   (Y': 9.66363   Cb: 14.5711   Cr: 14.9361 )
00000442: 12.2753   (Y': 9.64189   Cb: 14.4901   Cr: 14.7491 )
00000444: 12.2268   (Y': 9.69441   Cb: 14.3283   Cr: 14.5036 )
00000446: 12.2406   (Y': 9.65681   Cb: 14.2168   Cr: 14.8159 )
00000445: 12.2578   (Y': 9.71323   Cb: 14.2455   Cr: 14.6945 )
00000447: 12.2502   (Y': 9.68277   Cb: 14.2089   Cr: 14.7922 )
00000443: 12.2128   (Y': 9.59421   Cb: 14.3765   Cr: 14.693  )
00000448: 12.2436   (Y': 9.66064   Cb: 14.2102   Cr: 14.8276 )
00000451: 12.3589   (Y': 9.78586   Cb: 14.1794   Cr: 15.0838 )
00000449: 12.2157   (Y': 9.61013   Cb: 14.1962   Cr: 14.8586 )
00000450: 12.312    (Y': 9.73614   Cb: 14.2426   Cr: 14.9144 )
00000452: 12.3117   (Y': 9.64673   Cb: 14.2009   Cr: 15.2733 )
00000453: 12.371    (Y': 9.68995   Cb: 14.2694   Cr: 15.3799 )
00000454: 12.365    (Y': 9.65507   Cb: 14.287    Cr: 15.4517 )
00000455: 12.4085   (Y': 9.74517   Cb: 14.2933   Cr: 15.3699 )
00000456: 12.3788   (Y': 9.68005   Cb: 14.4859   Cr: 15.1953 )
00000458: 12.2517   (Y': 9.58067   Cb: 14.3639   Cr: 14.9648 )
00000459: 12.1956   (Y': 9.57118   Cb: 14.2327   Cr: 14.8362 )
00000457: 12.3099   (Y': 9.62731   Cb: 14.3994   Cr: 15.0898 )
00000461: 12.1053   (Y': 9.52411   Cb: 14.1215   Cr: 14.6269 )
00000460: 12.1173   (Y': 9.55787   Cb: 14.1639   Cr: 14.5358 )
00000467: 12.286    (Y': 9.67466   Cb: 14.0285   Cr: 15.2441 )
00000464: 12.1679   (Y': 9.54888   Cb: 14.0519   Cr: 14.9722 )
00000465: 12.2841   (Y': 9.68358   Cb: 14.1896   Cr: 14.9989 )
00000462: 12.1021   (Y': 9.54491   Cb: 13.9735   Cr: 14.7128 )
00000463: 12.0974   (Y': 9.54523   Cb: 13.9451   Cr: 14.7195 )
00000466: 12.3278   (Y': 9.78292   Cb: 13.9996   Cr: 15.1446 )
00000469: 12.1582   (Y': 9.52485   Cb: 13.8191   Cr: 15.3094 )
00000468: 12.2435   (Y': 9.62889   Cb: 13.9108   Cr: 15.3151 )
00000470: 12.1837   (Y': 9.57059   Cb: 13.8327   Cr: 15.2752 )
00000475: 12.2573   (Y': 9.89622   Cb: 13.7768   Cr: 14.676  )
00000471: 12.1811   (Y': 9.54522   Cb: 13.8287   Cr: 15.3603 )
00000474: 12.2988   (Y': 9.89542   Cb: 13.8147   Cr: 14.8522 )
00000476: 12.0801   (Y': 9.66663   Cb: 13.6746   Cr: 14.5667 )
00000472: 12.1042   (Y': 9.52853   Cb: 13.7627   Cr: 15.0462 )
00000473: 12.1867   (Y': 9.66591   Cb: 13.7781   Cr: 15.0268 )
00000477: 12.0254   (Y': 9.62643   Cb: 13.6804   Cr: 14.3951 )
00000479: 11.8442   (Y': 9.47563   Cb: 13.3547   Cr: 14.2971 )
00000478: 11.9111   (Y': 9.50728   Cb: 13.4949   Cr: 14.3811 )
00000480: 11.8282   (Y': 9.54938   Cb: 13.2694   Cr: 14.1021 )
00000481: 11.8737   (Y': 9.58363   Cb: 13.343    Cr: 14.1457 )
00000482: 12.0171   (Y': 9.6705    Cb: 13.5279   Cr: 14.4035 )
00000483: 12.025    (Y': 9.69113   Cb: 13.5092   Cr: 14.4062 )
00000484: 12.0105   (Y': 9.73122   Cb: 13.3398   Cr: 14.4252 )
00000485: 11.8437   (Y': 9.55226   Cb: 13.1206   Cr: 14.3631 )
00000486: 11.6949   (Y': 9.49665   Cb: 12.8905   Cr: 14.0477 )
00000490: 11.2403   (Y': 9.16313   Cb: 12.4343   Cr: 13.2673 )
00000489: 11.485    (Y': 9.42374   Cb: 12.6225   Cr: 13.5398 )
00000488: 11.5131   (Y': 9.40002   Cb: 12.6597   Cr: 13.6931 )
00000487: 11.6145   (Y': 9.45885   Cb: 12.8144   Cr: 13.8427 )
00000492: 11.3517   (Y': 9.27219   Cb: 12.5122   Cr: 13.4256 )
00000491: 11.2575   (Y': 9.20415   Cb: 12.4065   Cr: 13.2782 )
00000493: 11.4264   (Y': 9.32202   Cb: 12.6565   Cr: 13.4801 )
00000494: 11.3567   (Y': 9.2593    Cb: 12.5314   Cr: 13.4599 )
00000495: 11.5001   (Y': 9.3887    Cb: 12.6774   Cr: 13.6371 )
00000496: 11.58     (Y': 9.44524   Cb: 12.6745   Cr: 13.8865 )
00000499: 12.1503   (Y': 9.84922   Cb: 13.6385   Cr: 14.4309 )
00000497: 11.7492   (Y': 9.56524   Cb: 12.9344   Cr: 14.0752 )
00000498: 11.9549   (Y': 9.6868    Cb: 13.313    Cr: 14.3002 )
00000501: 12.5573   (Y': 10.2481   Cb: 14.0989   Cr: 14.798  )
00000500: 12.4756   (Y': 10.1536   Cb: 14.006    Cr: 14.7664 )
00000502: 12.7312   (Y': 10.3895   Cb: 14.3337   Cr: 14.9939 )
00000503: 12.8369   (Y': 10.4005   Cb: 14.588    Cr: 15.2069 )
00000506: 13.2425   (Y': 10.7604   Cb: 15.0017   Cr: 15.7444 )
00000507: 13.0287   (Y': 10.6373   Cb: 14.6059   Cr: 15.4684 )
00000504: 12.9214   (Y': 10.3741   Cb: 14.8113   Cr: 15.4777 )
00000505: 13.3972   (Y': 10.7408   Cb: 15.4444   Cr: 16.1353 )
00000509: 12.6409   (Y': 10.4853   Cb: 14.0418   Cr: 14.6266 )
00000512: 12.1393   (Y': 9.89315   Cb: 13.5503   Cr: 14.3575 )
00000517: 11.6927   (Y': 9.57244   Cb: 12.9362   Cr: 13.7715 )
00000508: 12.6266   (Y': 10.4044   Cb: 14.1094   Cr: 14.6943 )
00000511: 12.2945   (Y': 10.1269   Cb: 13.6256   Cr: 14.3934 )
00000514: 11.9368   (Y': 9.78388   Cb: 13.1594   Cr: 14.1287 )
00000510: 12.258    (Y': 10.1228   Cb: 13.5657   Cr: 14.2995 )
00000516: 11.9306   (Y': 9.88176   Cb: 13.0875   Cr: 13.9301 )
00000513: 12.1888   (Y': 9.97457   Cb: 13.5788   Cr: 14.3435 )
00000515: 11.8673   (Y': 9.84001   Cb: 12.9394   Cr: 13.9162 )
00000518: 11.6256   (Y': 9.62842   Cb: 12.6715   Cr: 13.6309 )
00000525: 12.0701   (Y': 9.82896   Cb: 13.2191   Cr: 14.6111 )
00000524: 11.9741   (Y': 9.83189   Cb: 13.0331   Cr: 14.349  )
00000521: 11.781    (Y': 9.71548   Cb: 12.7466   Cr: 14.07   )
00000519: 11.7919   (Y': 9.76174   Cb: 12.8155   Cr: 13.9099 )
00000520: 11.6751   (Y': 9.65689   Cb: 12.6418   Cr: 13.8362 )
00000522: 11.8193   (Y': 9.68223   Cb: 12.9603   Cr: 14.0715 )
00000523: 11.7043   (Y': 9.5443    Cb: 12.8294   Cr: 14.0413 )
00000526: 12.2862   (Y': 9.92209   Cb: 13.5089   Cr: 15.1102 )
00000527: 12.6231   (Y': 10.2839   Cb: 13.885    Cr: 15.3112 )
00000528: 12.5759   (Y': 10.1863   Cb: 13.865    Cr: 15.3895 )
00000529: 12.712    (Y': 10.2979   Cb: 13.993    Cr: 15.6197 )
00000530: 12.6014   (Y': 10.2773   Cb: 13.7211   Cr: 15.445  )
00000531: 12.6722   (Y': 10.2911   Cb: 13.8602   Cr: 15.6045 )
00000532: 12.705    (Y': 10.3368   Cb: 13.8123   Cr: 15.7155 )
00000533: 12.6807   (Y': 10.3146   Cb: 13.8522   Cr: 15.5866 )
00000534: 12.5401   (Y': 10.1503   Cb: 13.6408   Cr: 15.6366 )
00000535: 12.3812   (Y': 9.98729   Cb: 13.4959   Cr: 15.4701 )
00000537: 12.1538   (Y': 9.77474   Cb: 13.2042   Cr: 15.293  )
00000536: 12.2005   (Y': 9.84816   Cb: 13.2338   Cr: 15.2731 )
00000541: 11.8922   (Y': 9.45804   Cb: 13.0938   Cr: 14.9887 )
00000540: 11.9166   (Y': 9.46952   Cb: 13.1019   Cr: 15.085  )
00000542: 11.7779   (Y': 9.35362   Cb: 12.9396   Cr: 14.9011 )
00000539: 12.0811   (Y': 9.65408   Cb: 13.2237   Cr: 15.2444 )
00000543: 11.7401   (Y': 9.32843   Cb: 12.9214   Cr: 14.7883 )
00000538: 12.1311   (Y': 9.72397   Cb: 13.227    Cr: 15.2972 )
00000544: 11.7983   (Y': 9.46165   Cb: 12.9899   Cr: 14.5774 )
00000546: 11.8002   (Y': 9.43729   Cb: 12.8895   Cr: 14.8209 )
00000545: 11.7729   (Y': 9.45151   Cb: 12.9277   Cr: 14.5562 )
00000548: 11.6422   (Y': 9.30718   Cb: 12.5894   Cr: 14.7939 )
00000547: 11.786    (Y': 9.41148   Cb: 12.9208   Cr: 14.7762 )
00000550: 11.5161   (Y': 9.27423   Cb: 12.34     Cr: 14.5511 )
00000549: 11.6058   (Y': 9.28865   Cb: 12.5277   Cr: 14.7367 )
00000551: 11.4116   (Y': 9.21687   Cb: 12.1943   Cr: 14.3587 )
00000554: 11.3585   (Y': 8.98584   Cb: 12.3995   Cr: 14.49   )
00000552: 11.502    (Y': 9.2564    Cb: 12.3459   Cr: 14.5168 )
00000553: 11.4751   (Y': 9.18666   Cb: 12.3813   Cr: 14.5323 )
00000557: 11.263    (Y': 8.95643   Cb: 12.2257   Cr: 14.2908 )
00000555: 11.3802   (Y': 9.03127   Cb: 12.3528   Cr: 14.5391 )
00000556: 11.3373   (Y': 8.97895   Cb: 12.336    Cr: 14.4868 )
00000558: 10.9333   (Y': 8.56859   Cb: 12.017    Cr: 13.9686 )
00000559: 11.5204   (Y': 9.05968   Cb: 12.9784   Cr: 14.3362 )
00000560: 12.23     (Y': 9.74232   Cb: 13.6921   Cr: 15.1321 )
00000564: 12.4597   (Y': 9.78361   Cb: 14.2785   Cr: 15.5549 )
00000565: 12.5522   (Y': 9.73934   Cb: 14.6455   Cr: 15.8188 )
00000561: 12.248    (Y': 9.78091   Cb: 13.66     Cr: 15.1495 )
00000563: 11.6562   (Y': 9.1024    Cb: 13.2291   Cr: 14.6373 )
00000562: 11.9281   (Y': 9.51849   Cb: 13.297    Cr: 14.696  )
00000566: 12.4323   (Y': 9.65968   Cb: 14.3361   Cr: 15.7913 )
00000567: 12.1408   (Y': 9.21018   Cb: 14.3918   Cr: 15.6984 )
00000568: 12.1857   (Y': 9.36082   Cb: 14.1707   Cr: 15.6493 )
00000571: 12.2617   (Y': 9.43796   Cb: 14.208    Cr: 15.7753 )
00000573: 12.577    (Y': 9.72724   Cb: 14.4542   Cr: 16.3084 )
00000569: 12.1285   (Y': 9.34634   Cb: 13.9921   Cr: 15.5839 )
00000572: 12.5225   (Y': 9.71611   Cb: 14.3837   Cr: 16.0849 )
00000570: 12.2782   (Y': 9.48825   Cb: 14.229    Cr: 15.6429 )
00000574: 12.559    (Y': 9.67525   Cb: 14.3864   Cr: 16.5287 )
00000575: 12.556    (Y': 9.59926   Cb: 14.4829   Cr: 16.7257 )
00000576: 12.5643   (Y': 9.59951   Cb: 14.5573   Cr: 16.6664 )
00000577: 12.5261   (Y': 9.5717    Cb: 14.5494   Cr: 16.5276 )
00000578: 12.3882   (Y': 9.53092   Cb: 14.2073   Cr: 16.2452 )
00000579: 12.3448   (Y': 9.56955   Cb: 14.0281   Cr: 16.0436 )
00000580: 12.2539   (Y': 9.37958   Cb: 14.2548   Cr: 15.911  )
00000581: 12.4931   (Y': 9.61113   Cb: 14.5988   Cr: 16.0344 )
00000582: 12.4095   (Y': 9.45301   Cb: 14.6866   Cr: 16.0476 )
00000583: 12.2435   (Y': 9.36739   Cb: 14.3948   Cr: 15.6968 )
00000584: 11.9667   (Y': 9.12459   Cb: 13.9953   Cr: 15.4423 )
00000587: 12.3714   (Y': 9.47702   Cb: 14.3581   Cr: 16.1411 )
00000585: 11.9896   (Y': 9.13458   Cb: 13.9476   Cr: 15.6234 )
00000586: 12.3175   (Y': 9.39968   Cb: 14.3958   Cr: 16.0599 )
00000588: 12.4196   (Y': 9.55197   Cb: 14.297    Cr: 16.2325 )
00000589: 12.4      (Y': 9.54229   Cb: 14.3102   Cr: 16.1168 )
00000590: 12.2472   (Y': 9.49405   Cb: 14.0586   Cr: 15.6571 )
00000591: 12.1092   (Y': 9.4736    Cb: 13.7733   Cr: 15.2639 )
00000592: 11.9791   (Y': 9.51535   Cb: 13.2199   Cr: 15.1216 )
00000593: 11.8358   (Y': 9.48656   Cb: 12.9065   Cr: 14.8385 )
00000594: 11.4347   (Y': 9.29568   Cb: 12.1172   Cr: 14.3677 )
00000595: 11.2293   (Y': 9.05526   Cb: 11.9163   Cr: 14.2692 )
00000597: 10.1996   (Y': 7.9433    Cb: 10.9603   Cr: 13.3925 )
00000598: 10.8513   (Y': 8.39648   Cb: 11.9859   Cr: 14.1301 )
00000596: 10.2788   (Y': 7.97382   Cb: 11.0568   Cr: 13.6152 )
00000599: 10.9335   (Y': 8.47964   Cb: 12.0234   Cr: 14.2827 )
00000602: 10.4655   (Y': 7.93534   Cb: 11.4956   Cr: 14.2278 )
00000600: 11.3276   (Y': 8.83945   Cb: 12.3973   Cr: 14.845  )
00000601: 11.0397   (Y': 8.55556   Cb: 12.1078   Cr: 14.5438 )
00000604: 10.8061   (Y': 8.24359   Cb: 11.8415   Cr: 14.6986 )
00000606: 10.4901   (Y': 7.98258   Cb: 11.4543   Cr: 14.2811 )
00000603: 10.6876   (Y': 8.17539   Cb: 11.6917   Cr: 14.4225 )
00000605: 10.8363   (Y': 8.30866   Cb: 11.8288   Cr: 14.6594 )
00000611: 10.6366   (Y': 8.1742    Cb: 11.5808   Cr: 14.2774 )
00000608: 10.492    (Y': 8.0175    Cb: 11.3802   Cr: 14.2898 )
00000610: 10.5731   (Y': 8.10373   Cb: 11.4891   Cr: 14.2956 )
00000607: 10.468    (Y': 7.9827    Cb: 11.3782   Cr: 14.269  )
00000609: 10.7059   (Y': 8.21434   Cb: 11.6472   Cr: 14.4728 )
00000612: 10.5056   (Y': 8.03262   Cb: 11.482    Cr: 14.1295 )
00000613: 10.5583   (Y': 8.07675   Cb: 11.5956   Cr: 14.1064 )
00000615: 10.6104   (Y': 8.13657   Cb: 11.6738   Cr: 14.0822 )
00000614: 10.5832   (Y': 8.10811   Cb: 11.6383   Cr: 14.0745 )
00000616: 10.6103   (Y': 8.14478   Cb: 11.636    Cr: 14.1156 )
00000621: 10.5584   (Y': 8.05964   Cb: 11.5748   Cr: 14.2151 )
00000620: 10.5714   (Y': 8.07686   Cb: 11.6112   Cr: 14.1675 )
00000619: 10.631    (Y': 8.14448   Cb: 11.7021   Cr: 14.1396 )
00000617: 10.6227   (Y': 8.17304   Cb: 11.6089   Cr: 14.1356 )
00000618: 10.6216   (Y': 8.1498    Cb: 11.646    Cr: 14.1543 )
00000622: 10.5001   (Y': 8.01327   Cb: 11.5013   Cr: 14.1354 )
00000623: 10.4759   (Y': 7.97297   Cb: 11.4918   Cr: 14.1505 )
00000624: 10.4518   (Y': 7.97743   Cb: 11.391    Cr: 14.1513 )
00000625: 10.3753   (Y': 7.94276   Cb: 11.2821   Cr: 13.9646 )
00000626: 10.3516   (Y': 7.98383   Cb: 11.1776   Cr: 13.8365 )
00000627: 10.3339   (Y': 7.98068   Cb: 11.1522   Cr: 13.7772 )
00000628: 10.409    (Y': 8.12994   Cb: 11.2332   Cr: 13.5715 )
00000629: 10.4087   (Y': 8.13272   Cb: 11.2549   Cr: 13.5234 )
00000630: 10.3664   (Y': 8.1315    Cb: 11.1972   Cr: 13.367  )
00000631: 10.4585   (Y': 8.23095   Cb: 11.2642   Cr: 13.4757 )
00000635: 10.6156   (Y': 8.29625   Cb: 11.5317   Cr: 13.764  )
00000632: 10.4061   (Y': 8.21126   Cb: 11.2115   Cr: 13.3166 )
00000636: 10.6174   (Y': 8.27981   Cb: 11.5852   Cr: 13.7442 )
00000637: 10.5752   (Y': 8.24839   Cb: 11.5063   Cr: 13.7252 )
00000634: 10.6189   (Y': 8.31858   Cb: 11.4819   Cr: 13.79   )
00000638: 10.6289   (Y': 8.30137   Cb: 11.5149   Cr: 13.8571 )
00000633: 10.4642   (Y': 8.24649   Cb: 11.248    Cr: 13.4853 )
00000639: 10.6474   (Y': 8.31996   Cb: 11.5459   Cr: 13.8541 )
00000640: 10.5986   (Y': 8.29358   Cb: 11.4873   Cr: 13.7428 )
00000641: 10.5466   (Y': 8.24938   Cb: 11.4462   Cr: 13.645  )
00000642: 10.4835   (Y': 8.18341   Cb: 11.4248   Cr: 13.5237 )
00000643: 10.4422   (Y': 8.16435   Cb: 11.3995   Cr: 13.3814 )
00000645: 10.3213   (Y': 8.10674   Cb: 11.2316   Cr: 13.1283 )
00000646: 10.2845   (Y': 8.06906   Cb: 11.153    Cr: 13.1599 )
00000644: 10.3578   (Y': 8.13071   Cb: 11.2932   Cr: 13.1662 )
00000647: 10.3272   (Y': 8.08733   Cb: 11.2127   Cr: 13.2554 )
00000650: 10.3693   (Y': 8.18488   Cb: 11.109    Cr: 13.3542 )
00000649: 10.3123   (Y': 8.09294   Cb: 11.0723   Cr: 13.3789 )
00000648: 10.2957   (Y': 8.09404   Cb: 11.0584   Cr: 13.2983 )
00000651: 10.3514   (Y': 8.16294   Cb: 11.097    Cr: 13.3395 )
00000652: 10.3617   (Y': 8.15463   Cb: 11.1124   Cr: 13.4031 )
00000653: 10.3444   (Y': 8.12361   Cb: 11.0942   Cr: 13.4338 )
00000656: 10.4993   (Y': 8.26008   Cb: 11.3999   Cr: 13.4013 )
00000654: 10.4864   (Y': 8.23647   Cb: 11.3694   Cr: 13.4517 )
00000657: 10.4798   (Y': 8.24195   Cb: 11.3538   Cr: 13.4195 )
00000655: 10.5221   (Y': 8.27006   Cb: 11.4244   Cr: 13.4635 )
00000658: 10.3773   (Y': 8.14028   Cb: 11.2324   Cr: 13.3448 )
00000662: 10.3257   (Y': 8.10786   Cb: 11.2051   Cr: 13.1918 )
00000659: 10.3465   (Y': 8.1022    Cb: 11.222    Cr: 13.3053 )
00000660: 10.2824   (Y': 8.05832   Cb: 11.1285   Cr: 13.222  )
00000661: 10.3219   (Y': 8.12293   Cb: 11.1667   Cr: 13.182  )
00000664: 10.3867   (Y': 8.17091   Cb: 11.3026   Cr: 13.1891 )
00000663: 10.3144   (Y': 8.07692   Cb: 11.2482   Cr: 13.1588 )
00000665: 10.41     (Y': 8.21131   Cb: 11.2815   Cr: 13.2272 )
00000669: 10.2909   (Y': 8.08869   Cb: 11.1495   Cr: 13.1396 )
00000668: 10.312    (Y': 8.11572   Cb: 11.1737   Cr: 13.1369 )
00000667: 10.2911   (Y': 8.09224   Cb: 11.1335   Cr: 13.1548 )
00000666: 10.2812   (Y': 8.06174   Cb: 11.1539   Cr: 13.1634 )
00000670: 10.2807   (Y': 8.05502   Cb: 11.1663   Cr: 13.1625 )
00000671: 10.227    (Y': 7.97626   Cb: 11.1599   Cr: 13.1155 )
00000672: 10.2748   (Y': 7.98091   Cb: 11.2615   Cr: 13.2214 )
00000673: 10.3135   (Y': 7.99694   Cb: 11.3366   Cr: 13.2795 )
00000674: 10.2754   (Y': 7.94744   Cb: 11.2891   Cr: 13.2949 )
00000675: 10.3079   (Y': 7.99174   Cb: 11.3229   Cr: 13.285  )
00000676: 10.3807   (Y': 8.0811    Cb: 11.3948   Cr: 13.3034 )
00000677: 10.4253   (Y': 8.11767   Cb: 11.4688   Cr: 13.3297 )
00000678: 10.3815   (Y': 8.06318   Cb: 11.4136   Cr: 13.339  )
00000679: 10.3547   (Y': 8.02428   Cb: 11.4022   Cr: 13.3291 )
00000680: 10.3627   (Y': 8.01177   Cb: 11.4633   Cr: 13.3249 )
00000684: 16.4901   (Y': 12.7583   Cb: 20.3804   Cr: 22.8684 )
00000683: 9.79651   (Y': 7.35445   Cb: 10.8081   Cr: 13.2348 )
00000682: 10.3164   (Y': 7.93886   Cb: 11.4244   Cr: 13.3583 )
00000681: 10.3382   (Y': 7.98676   Cb: 11.4238   Cr: 13.3254 )
00000685: 14.7351   (Y': 11.0816   Cb: 18.3526   Cr: 20.8265 )
00000686: 12.978    (Y': 9.51296   Cb: 15.821    Cr: 18.8349 )
00000687: 12.5245   (Y': 9.1539    Cb: 15.1592   Cr: 18.0242 )
00000688: 11.8684   (Y': 8.67546   Cb: 14.042    Cr: 16.9846 )
00000690: 11.2724   (Y': 8.38204   Cb: 12.928    Cr: 15.5734 )
00000689: 11.7045   (Y': 8.64438   Cb: 13.6088   Cr: 16.494  )
00000691: 11.0268   (Y': 8.18408   Cb: 12.6312   Cr: 15.1771 )
00000693: 10.7409   (Y': 8.12869   Cb: 11.988    Cr: 14.4592 )
00000694: 10.6519   (Y': 7.94993   Cb: 12.0199   Cr: 14.5528 )
00000692: 10.8432   (Y': 8.17662   Cb: 12.1743   Cr: 14.6502 )
00000695: 10.5816   (Y': 7.83872   Cb: 12.0352   Cr: 14.5193 )
00000696: 10.5926   (Y': 7.85648   Cb: 12.0881   Cr: 14.4257 )
00000697: 10.6514   (Y': 7.95038   Cb: 12.097    Cr: 14.4124 )
00000699: 10.8253   (Y': 8.1855    Cb: 12.2368   Cr: 14.3805 )
00000698: 10.7761   (Y': 8.13557   Cb: 12.1239   Cr: 14.4407 )
00000704: 10.8965   (Y': 8.3885    Cb: 12.1987   Cr: 14.1064 )
00000701: 10.9254   (Y': 8.42544   Cb: 12.1912   Cr: 14.1622 )
00000700: 10.8335   (Y': 8.28788   Cb: 12.1083   Cr: 14.2314 )
00000702: 10.9541   (Y': 8.41782   Cb: 12.2658   Cr: 14.2562 )
00000703: 10.8945   (Y': 8.36034   Cb: 12.2432   Cr: 14.1308 )
00000705: 10.8662   (Y': 8.3843    Cb: 12.139    Cr: 14.0254 )
00000706: 10.7618   (Y': 8.29477   Cb: 12.0608   Cr: 13.8273 )
00000708: 10.9768   (Y': 8.62469   Cb: 12.1073   Cr: 13.8971 )
00000707: 10.6406   (Y': 8.11511   Cb: 12.0059   Cr: 13.819  )
00000709: 10.7367   (Y': 8.19557   Cb: 12.0813   Cr: 14.0062 )
00000710: 10.6882   (Y': 8.15644   Cb: 11.9642   Cr: 14.0299 )
00000713: 11.1744   (Y': 8.7963    Cb: 12.2189   Cr: 14.3198 )
00000712: 11.1525   (Y': 8.81721   Cb: 12.1576   Cr: 14.211  )
00000711: 10.9121   (Y': 8.49005   Cb: 12.0005   Cr: 14.1448 )
00000714: 11.1365   (Y': 8.74174   Cb: 12.1841   Cr: 14.3366 )
00000718: 11.0408   (Y': 8.71382   Cb: 12.018    Cr: 14.1151 )
00000716: 11.0084   (Y': 8.67357   Cb: 12.0611   Cr: 13.9897 )
00000715: 11.0783   (Y': 8.72471   Cb: 12.0939   Cr: 14.1835 )
00000717: 11.0102   (Y': 8.68025   Cb: 12.0248   Cr: 14.0347 )
00000719: 11.0105   (Y': 8.70814   Cb: 11.9811   Cr: 14.0114 )
00000720: 10.9782   (Y': 8.66137   Cb: 11.9814   Cr: 13.9761 )
00000721: 10.9856   (Y': 8.66469   Cb: 12.0069   Cr: 13.9687 )
00000722: 10.9461   (Y': 8.42407   Cb: 12.2513   Cr: 14.2041 )
00000723: 11.0356   (Y': 8.49544   Cb: 12.3579   Cr: 14.3361 )
00000724: 11.2987   (Y': 8.7623    Cb: 12.5866   Cr: 14.6391 )
00000725: 11.3444   (Y': 8.71677   Cb: 12.7914   Cr: 14.7923 )
00000727: 11.4848   (Y': 8.79604   Cb: 13.0298   Cr: 15.0297 )
00000726: 11.4257   (Y': 8.73858   Cb: 12.9953   Cr: 14.9252 )
00000728: 11.4889   (Y': 8.80608   Cb: 13.0566   Cr: 14.9735 )
00000729: 11.4282   (Y': 8.73934   Cb: 13.0016   Cr: 14.929  )
00000733: 11.3584   (Y': 8.82939   Cb: 12.7596   Cr: 14.4958 )
00000732: 11.3212   (Y': 8.74522   Cb: 12.8125   Cr: 14.5001 )
00000730: 11.3797   (Y': 8.7029    Cb: 12.9954   Cr: 14.7663 )
00000736: 11.2443   (Y': 8.81184   Cb: 12.5551   Cr: 14.171  )
00000731: 11.2923   (Y': 8.63269   Cb: 12.8951   Cr: 14.6295 )
00000735: 11.3198   (Y': 8.85526   Cb: 12.6168   Cr: 14.3792 )
00000734: 11.2339   (Y': 8.7657    Cb: 12.5417   Cr: 14.2905 )
00000738: 11.2122   (Y': 8.8884    Cb: 12.4047   Cr: 13.9487 )
00000737: 11.2229   (Y': 8.84027   Cb: 12.4905   Cr: 14.0441 )
00000739: 11.1721   (Y': 8.8403    Cb: 12.388    Cr: 13.9013 )
00000743: 11.1125   (Y': 8.86688   Cb: 12.3003   Cr: 13.6137 )
00000741: 11.1735   (Y': 8.87321   Cb: 12.3741   Cr: 13.8241 )
00000740: 11.159    (Y': 8.81575   Cb: 12.3968   Cr: 13.8935 )
00000742: 11.194    (Y': 8.90667   Cb: 12.374    Cr: 13.8331 )
00000744: 11.058    (Y': 8.87001   Cb: 12.1543   Cr: 13.514  )
00000745: 11.0702   (Y': 8.92784   Cb: 12.11     Cr: 13.4716 )
00000746: 11.0669   (Y': 8.95904   Cb: 12.0556   Cr: 13.4409 )
00000747: 11.0374   (Y': 8.94823   Cb: 12.0048   Cr: 13.3891 )
00000748: 10.9592   (Y': 8.95324   Cb: 11.838    Cr: 13.2057 )
00000749: 10.9966   (Y': 9.02227   Cb: 11.8435   Cr: 13.2033 )
00000750: 11.0104   (Y': 9.12582   Cb: 11.8371   Cr: 13.0168 )
00000755: 11.125    (Y': 9.10954   Cb: 12.0474   Cr: 13.3375 )
00000753: 11.0882   (Y': 9.08826   Cb: 12.0081   Cr: 13.2632 )
00000756: 11.168    (Y': 9.12047   Cb: 12.1566   Cr: 13.3776 )
00000754: 11.1455   (Y': 9.18012   Cb: 12.0178   Cr: 13.2946 )
00000751: 11.0299   (Y': 9.16504   Cb: 11.8223   Cr: 13.0336 )
00000752: 11.0283   (Y': 9.11527   Cb: 11.8986   Cr: 13.0477 )
00000757: 11.1616   (Y': 9.11762   Cb: 12.1632   Cr: 13.3447 )
00000758: 11.0964   (Y': 9.12207   Cb: 12.0164   Cr: 13.2049 )
00000761: 11.0492   (Y': 9.07558   Cb: 11.9482   Cr: 13.184  )
00000759: 11.1324   (Y': 9.14397   Cb: 12.0964   Cr: 13.22   )
00000760: 11.0465   (Y': 9.08992   Cb: 11.9636   Cr: 13.114  )
00000764: 10.6202   (Y': 8.79151   Cb: 11.3333   Cr: 12.6416 )
00000763: 10.7854   (Y': 8.93717   Cb: 11.5306   Cr: 12.8112 )
00000762: 10.8486   (Y': 8.96548   Cb: 11.6423   Cr: 12.8952 )
00000766: 10.5945   (Y': 8.7666    Cb: 11.3268   Cr: 12.5881 )
00000765: 10.6379   (Y': 8.83094   Cb: 11.4009   Cr: 12.5416 )
00000767: 10.6563   (Y': 8.8834    Cb: 11.3048   Cr: 12.6316 )
00000769: 11.3029   (Y': 9.71299   Cb: 11.9476   Cr: 12.8778 )
00000768: 10.92     (Y': 9.22902   Cb: 11.6353   Cr: 12.6215 )
00000770: 11.2796   (Y': 9.76542   Cb: 11.9223   Cr: 12.7039 )
00000771: 11.2388   (Y': 9.79642   Cb: 11.8255   Cr: 12.591  )
00000772: 11.109    (Y': 9.62526   Cb: 11.7472   Cr: 12.4795 )
00000775: 11.0763   (Y': 9.3756    Cb: 11.8266   Cr: 12.7554 )
00000773: 11.171    (Y': 9.52412   Cb: 11.934    Cr: 12.7198 )
00000774: 11.051    (Y': 9.33603   Cb: 11.8186   Cr: 12.7402 )
00000777: 10.6772   (Y': 9.07254   Cb: 11.2241   Cr: 12.4077 )
00000776: 10.8169   (Y': 9.18988   Cb: 11.4318   Cr: 12.5075 )
00000778: 10.5268   (Y': 8.85272   Cb: 11.1408   Cr: 12.3214 )
00000781: 10.0246   (Y': 8.27871   Cb: 10.6395   Cr: 11.9818 )
00000784: 10.1605   (Y': 8.4616    Cb: 10.6925   Cr: 12.1221 )
00000779: 10.3418   (Y': 8.65676   Cb: 10.9111   Cr: 12.2207 )
00000780: 10.0609   (Y': 8.33478   Cb: 10.6866   Cr: 11.9577 )
00000783: 10.0382   (Y': 8.322     Cb: 10.5969   Cr: 12.0033 )
00000782: 10.0497   (Y': 8.33136   Cb: 10.6291   Cr: 11.9912 )
00000785: 10.2318   (Y': 8.55477   Cb: 10.7414   Cr: 12.1739 )
00000786: 10.422    (Y': 8.70004   Cb: 10.9473   Cr: 12.4471 )
00000787: 10.5294   (Y': 8.72133   Cb: 11.1061   Cr: 12.6904 )
00000788: 10.5029   (Y': 8.57685   Cb: 11.1703   Cr: 12.8366 )
00000789: 10.5071   (Y': 8.50707   Cb: 11.2119   Cr: 12.9875 )
00000790: 10.5186   (Y': 8.39477   Cb: 11.3913   Cr: 13.1048 )
00000791: 10.5254   (Y': 8.37275   Cb: 11.3906   Cr: 13.2091 )
00000792: 10.5348   (Y': 8.28682   Cb: 11.5225   Cr: 13.33   )
00000793: 10.4897   (Y': 8.2041    Cb: 11.5394   Cr: 13.3123 )
00000794: 10.5063   (Y': 8.17214   Cb: 11.5774   Cr: 13.457  )
00000796: 10.3742   (Y': 7.88614   Cb: 11.6598   Cr: 13.5363 )
00000795: 10.5105   (Y': 8.13296   Cb: 11.6645   Cr: 13.4818 )
00000798: 10.3251   (Y': 7.80112   Cb: 11.6693   Cr: 13.5304 )
00000797: 10.3473   (Y': 7.84664   Cb: 11.6462   Cr: 13.5351 )
00000799: 10.3308   (Y': 7.80833   Cb: 11.6664   Cr: 13.5436 )
00000802: 10.3118   (Y': 7.74693   Cb: 11.6007   Cr: 13.7629 )
00000800: 10.3255   (Y': 7.79397   Cb: 11.6495   Cr: 13.5902 )
00000804: 10.3502   (Y': 7.8469    Cb: 11.559    Cr: 13.6915 )
00000801: 10.3088   (Y': 7.79069   Cb: 11.5572   Cr: 13.6424 )
00000805: 10.4181   (Y': 7.96087   Cb: 11.5415   Cr: 13.7242 )
00000803: 10.3575   (Y': 7.79145   Cb: 11.6484   Cr: 13.8102 )
00000810: 10.3748   (Y': 8.01895   Cb: 11.3563   Cr: 13.5438 )
00000809: 10.3777   (Y': 7.96282   Cb: 11.412    Cr: 13.6736 )
00000806: 10.4161   (Y': 7.94526   Cb: 11.5387   Cr: 13.7753 )
00000808: 10.4249   (Y': 7.99082   Cb: 11.5442   Cr: 13.6519 )
00000807: 10.4708   (Y': 8.04942   Cb: 11.5486   Cr: 13.7186 )
00000811: 10.3129   (Y': 7.94864   Cb: 11.3449   Cr: 13.4293 )
00000812: 10.2064   (Y': 7.79328   Cb: 11.276    Cr: 13.4372 )
00000814: 10.1044   (Y': 7.72569   Cb: 11.1606   Cr: 13.2328 )
00000813: 10.1759   (Y': 7.77684   Cb: 11.2301   Cr: 13.3805 )
00000815: 10.1372   (Y': 7.77477   Cb: 11.2016   Cr: 13.1954 )
00000817: 10.5058   (Y': 7.85355   Cb: 12.1543   Cr: 13.747  )
00000816: 10.7642   (Y': 8.13543   Cb: 12.3911   Cr: 13.9461 )
00000818: 11.4922   (Y': 9.05138   Cb: 12.8859   Cr: 14.3295 )
00000819: 11.3977   (Y': 9.03587   Cb: 12.6898   Cr: 14.116  )
00000820: 10.3908   (Y': 8.10576   Cb: 11.5376   Cr: 13.0695 )
00000825: 10.3373   (Y': 8.10268   Cb: 11.4241   Cr: 12.9454 )
00000821: 10.2236   (Y': 7.91465   Cb: 11.4063   Cr: 12.9266 )
00000822: 10.3566   (Y': 8.03609   Cb: 11.5316   Cr: 13.1075 )
00000824: 10.4689   (Y': 8.20845   Cb: 11.5948   Cr: 13.1006 )
00000823: 10.5591   (Y': 8.2937    Cb: 11.6763   Cr: 13.2185 )
00000826: 10.2775   (Y': 8.07603   Cb: 11.3394   Cr: 12.8206 )
00000828: 10.2687   (Y': 8.06555   Cb: 11.3161   Cr: 12.8374 )
00000827: 10.2272   (Y': 8.04467   Cb: 11.2535   Cr: 12.7646 )
00000832: 9.98533   (Y': 7.80988   Cb: 10.9882   Cr: 12.5348 )
00000829: 10.2231   (Y': 8.03134   Cb: 11.2591   Cr: 12.7739 )
00000830: 10.0742   (Y': 7.86906   Cb: 11.1207   Cr: 12.6501 )
00000831: 10.0609   (Y': 7.8554    Cb: 11.07     Cr: 12.6917 )
00000833: 9.95908   (Y': 7.77058   Cb: 10.9653   Cr: 12.5427 )
00000834: 9.87434   (Y': 7.7029    Cb: 10.8797   Cr: 12.4085 )
00000835: 9.88505   (Y': 7.69718   Cb: 10.9128   Cr: 12.4361 )
00000836: 9.84098   (Y': 7.66756   Cb: 10.8495   Cr: 12.3764 )
00000837: 9.82739   (Y': 7.63561   Cb: 10.865    Cr: 12.376  )
00000838: 9.79366   (Y': 7.59247   Cb: 10.829    Cr: 12.3737 )
00000839: 9.79517   (Y': 7.62873   Cb: 10.8022   Cr: 12.3121 )
00000840: 9.77118   (Y': 7.61743   Cb: 10.7795   Cr: 12.2493 )
00000841: 9.75878   (Y': 7.59961   Cb: 10.7412   Cr: 12.2894 )
00000842: 9.7098    (Y': 7.56217   Cb: 10.6778   Cr: 12.2272 )
00000843: 9.70995   (Y': 7.58367   Cb: 10.6614   Cr: 12.1888 )
00000844: 9.66216   (Y': 7.53272   Cb: 10.6017   Cr: 12.1672 )
00000848: 9.58019   (Y': 7.49475   Cb: 10.4475   Cr: 12.0624 )
00000845: 9.64281   (Y': 7.51239   Cb: 10.5747   Cr: 12.1617 )
00000847: 9.59156   (Y': 7.4987    Cb: 10.4833   Cr: 12.0597 )
00000856: 9.63589   (Y': 7.59815   Cb: 10.4649   Cr: 12.0389 )
00000851: 9.57572   (Y': 7.51465   Cb: 10.4272   Cr: 12.0116 )
00000853: 9.60436   (Y': 7.56413   Cb: 10.4393   Cr: 12.0057 )
00000854: 9.60025   (Y': 7.5447    Cb: 10.4516   Cr: 12.0209 )
00000846: 9.61167   (Y': 7.52432   Cb: 10.4789   Cr: 12.0995 )
00000855: 9.62297   (Y': 7.57029   Cb: 10.4534   Cr: 12.0657 )
00000849: 9.55999   (Y': 7.49083   Cb: 10.4195   Cr: 12.0072 )
00000850: 9.58791   (Y': 7.52172   Cb: 10.4496   Cr: 12.0236 )
00000852: 9.58751   (Y': 7.51803   Cb: 10.4511   Cr: 12.0298 )
00000857: 9.63345   (Y': 7.60319   Cb: 10.4311   Cr: 12.0609 )
00000858: 9.63623   (Y': 7.59291   Cb: 10.4571   Cr: 12.0665 )
00000860: 9.65241   (Y': 7.62003   Cb: 10.4892   Cr: 12.0294 )
00000861: 9.67038   (Y': 7.62734   Cb: 10.5167   Cr: 12.0633 )
00000859: 9.64842   (Y': 7.60611   Cb: 10.4788   Cr: 12.0621 )
00000863: 9.68525   (Y': 7.64062   Cb: 10.566    Cr: 12.0339 )
00000862: 9.68377   (Y': 7.62405   Cb: 10.5459   Cr: 12.1006 )
00000865: 9.6163    (Y': 7.58638   Cb: 10.4784   Cr: 11.9507 )
00000864: 9.62063   (Y': 7.58352   Cb: 10.4804   Cr: 11.978  )
00000866: 9.60259   (Y': 7.57164   Cb: 10.4618   Cr: 11.9439 )
00000867: 9.59695   (Y': 7.56166   Cb: 10.4522   Cr: 11.9557 )
00000874: 9.67219   (Y': 7.63359   Cb: 10.5491   Cr: 12.0095 )
00000873: 9.62178   (Y': 7.5816    Cb: 10.5024   Cr: 11.9584 )
00000870: 9.60587   (Y': 7.586     Cb: 10.4503   Cr: 11.9378 )
00000868: 9.57581   (Y': 7.53679   Cb: 10.4349   Cr: 11.9394 )
00000879: 9.63414   (Y': 7.55775   Cb: 10.5056   Cr: 12.0846 )
00000878: 9.68694   (Y': 7.6002    Cb: 10.5699   Cr: 12.1503 )
00000872: 9.59831   (Y': 7.55339   Cb: 10.4904   Cr: 11.9318 )
00000871: 9.60934   (Y': 7.56584   Cb: 10.4922   Cr: 11.9519 )
00000875: 9.68285   (Y': 7.63274   Cb: 10.552    Cr: 12.0629 )
00000869: 9.5723    (Y': 7.51336   Cb: 10.4672   Cr: 11.9405 )
00000876: 9.71485   (Y': 7.63235   Cb: 10.614    Cr: 12.143  )
00000880: 9.59209   (Y': 7.50241   Cb: 10.4816   Cr: 12.0544 )
00000877: 9.69964   (Y': 7.62027   Cb: 10.5986   Cr: 12.1192 )
00000881: 9.58757   (Y': 7.47929   Cb: 10.4848   Cr: 12.0922 )
00000883: 9.5544    (Y': 7.42565   Cb: 10.4902   Cr: 12.0627 )
00000884: 9.47118   (Y': 7.35002   Cb: 10.3912   Cr: 11.9802 )
00000882: 9.57258   (Y': 7.46736   Cb: 10.4789   Cr: 12.0552 )
00000885: 9.45004   (Y': 7.31562   Cb: 10.3815   Cr: 11.9812 )
Total: 11.2055   (Y': 8.70016   Cb: 12.6926   Cr: 14.1344 )
