00000000: 14.623    (Y': 13.2136   Cb: 15.2278   Cr: 15.8919 )
00000001: 14.615    (Y': 13.1913   Cb: 15.2386   Cr: 15.8885 )
00000002: 14.6094   (Y': 13.1909   Cb: 15.2229   Cr: 15.8852 )
00000003: 14.638    (Y': 13.2184   Cb: 15.2699   Cr: 15.8946 )
00000005: 14.6223   (Y': 13.1979   Cb: 15.2647   Cr: 15.8754 )
00000004: 14.6336   (Y': 13.2158   Cb: 15.271    Cr: 15.8803 )
00000008: 14.6454   (Y': 13.2185   Cb: 15.2846   Cr: 15.907  )
00000006: 14.6258   (Y': 13.2025   Cb: 15.2597   Cr: 15.8868 )
00000007: 14.6224   (Y': 13.1888   Cb: 15.2556   Cr: 15.9034 )
00000009: 14.6356   (Y': 13.2082   Cb: 15.2836   Cr: 15.8878 )
00000010: 14.6295   (Y': 13.1938   Cb: 15.2719   Cr: 15.9038 )
00000011: 14.6333   (Y': 13.192    Cb: 15.3024   Cr: 15.8874 )
00000013: 14.6393   (Y': 13.202    Cb: 15.2992   Cr: 15.8964 )
00000012: 14.6332   (Y': 13.1942   Cb: 15.2869   Cr: 15.9005 )
00000014: 14.6292   (Y': 13.1941   Cb: 15.284    Cr: 15.8879 )
00000015: 14.63     (Y': 13.1976   Cb: 15.276    Cr: 15.8939 )
00000017: 14.6305   (Y': 13.1911   Cb: 15.284    Cr: 15.8989 )
00000016: 14.6359   (Y': 13.2011   Cb: 15.2826   Cr: 15.9033 )
00000018: 14.6217   (Y': 13.1784   Cb: 15.2688   Cr: 15.9049 )
00000019: 14.6316   (Y': 13.1868   Cb: 15.2916   Cr: 15.9028 )
00000020: 14.641    (Y': 13.183    Cb: 15.3042   Cr: 15.9328 )
00000021: 14.64     (Y': 13.1899   Cb: 15.3052   Cr: 15.9151 )
00000022: 14.6457   (Y': 13.1989   Cb: 15.3021   Cr: 15.9246 )
00000023: 14.6359   (Y': 13.1838   Cb: 15.2919   Cr: 15.9251 )
00000024: 14.6246   (Y': 13.1709   Cb: 15.2928   Cr: 15.9025 )
00000026: 14.6761   (Y': 13.2077   Cb: 15.3487   Cr: 15.977  )
00000025: 14.6921   (Y': 13.2476   Cb: 15.3537   Cr: 15.9607 )
00000027: 14.6763   (Y': 13.2197   Cb: 15.3278   Cr: 15.9795 )
00000028: 14.6706   (Y': 13.2061   Cb: 15.3281   Cr: 15.9816 )
00000029: 14.6716   (Y': 13.2063   Cb: 15.3356   Cr: 15.9765 )
00000030: 14.672    (Y': 13.2021   Cb: 15.3448   Cr: 15.9757 )
00000031: 14.7356   (Y': 13.2672   Cb: 15.4209   Cr: 16.0219 )
00000033: 15.2104   (Y': 13.7642   Cb: 15.965    Cr: 16.3777 )
00000032: 15.1121   (Y': 13.667    Cb: 15.84     Cr: 16.3068 )
00000036: 15.4943   (Y': 14.1006   Cb: 16.3259   Cr: 16.4858 )
00000034: 15.2983   (Y': 13.8779   Cb: 16.0481   Cr: 16.424  )
00000035: 15.356    (Y': 13.9301   Cb: 16.1273   Cr: 16.4683 )
00000037: 15.6707   (Y': 14.2423   Cb: 16.5976   Cr: 16.6249 )
00000038: 15.8694   (Y': 14.436    Cb: 16.9189   Cr: 16.712  )
00000039: 15.9549   (Y': 14.5397   Cb: 17.0128   Cr: 16.7592 )
00000040: 16.1494   (Y': 14.7197   Cb: 17.3237   Cr: 16.8703 )
00000041: 16.1737   (Y': 14.7418   Cb: 17.3469   Cr: 16.899  )
00000043: 15.9689   (Y': 14.5311   Cb: 17.1502   Cr: 16.697  )
00000044: 15.5253   (Y': 14.0262   Cb: 16.669    Cr: 16.3909 )
00000042: 16.1004   (Y': 14.6498   Cb: 17.3017   Cr: 16.8315 )
00000045: 15.5121   (Y': 14.0163   Cb: 16.6396   Cr: 16.3873 )
00000046: 15.4876   (Y': 14.0171   Cb: 16.5823   Cr: 16.3504 )
00000047: 15.4339   (Y': 13.9832   Cb: 16.515    Cr: 16.276  )
00000048: 15.4625   (Y': 13.9854   Cb: 16.5835   Cr: 16.3119 )
00000050: 15.2916   (Y': 13.8535   Cb: 16.3208   Cr: 16.1615 )
00000049: 15.4083   (Y': 13.9572   Cb: 16.4683   Cr: 16.2708 )
00000053: 15.3615   (Y': 13.9265   Cb: 16.428    Cr: 16.1907 )
00000052: 15.3539   (Y': 13.9125   Cb: 16.3982   Cr: 16.215  )
00000051: 15.222    (Y': 13.751    Cb: 16.2609   Cr: 16.139  )
00000055: 15.3791   (Y': 13.958    Cb: 16.4044   Cr: 16.224  )
00000054: 15.3661   (Y': 13.9228   Cb: 16.4156   Cr: 16.2254 )
00000056: 15.5215   (Y': 14.094    Cb: 16.5517   Cr: 16.3728 )
00000057: 15.5955   (Y': 14.1743   Cb: 16.678    Cr: 16.3867 )
00000058: 15.7369   (Y': 14.3494   Cb: 16.8055   Cr: 16.4853 )
00000059: 15.8053   (Y': 14.4066   Cb: 16.8608   Cr: 16.5844 )
00000060: 15.8968   (Y': 14.5113   Cb: 16.967    Cr: 16.6403 )
00000061: 15.9708   (Y': 14.5492   Cb: 17.0413   Cr: 16.7737 )
00000063: 16.0423   (Y': 14.6248   Cb: 17.0659   Cr: 16.883  )
00000062: 16.0283   (Y': 14.6127   Cb: 17.0877   Cr: 16.8317 )
00000064: 16.0546   (Y': 14.6416   Cb: 17.04     Cr: 16.9245 )
00000065: 16.0425   (Y': 14.6189   Cb: 17.0168   Cr: 16.9415 )
00000066: 16.0255   (Y': 14.6103   Cb: 16.9279   Cr: 16.9815 )
00000068: 15.4      (Y': 13.9509   Cb: 16.0933   Cr: 16.6409 )
00000069: 15.4671   (Y': 13.9758   Cb: 16.1545   Cr: 16.7943 )
00000067: 16.0185   (Y': 14.6285   Cb: 16.8841   Cr: 16.9686 )
00000071: 15.7197   (Y': 14.1974   Cb: 16.4123   Cr: 17.1009 )
00000070: 15.6212   (Y': 14.1138   Cb: 16.309    Cr: 16.9787 )
00000072: 15.9592   (Y': 14.3738   Cb: 16.693    Cr: 17.417  )
00000074: 16.4449   (Y': 14.7364   Cb: 17.3825   Cr: 17.9189 )
00000073: 16.13     (Y': 14.5014   Cb: 16.9243   Cr: 17.6044 )
00000075: 16.6048   (Y': 14.8383   Cb: 17.6385   Cr: 18.0929 )
00000076: 16.9542   (Y': 15.0723   Cb: 18.168    Cr: 18.4944 )
00000077: 17.2333   (Y': 15.2763   Cb: 18.5553   Cr: 18.8249 )
00000078: 17.8591   (Y': 15.9763   Cb: 19.1761   Cr: 19.2924 )
00000079: 17.8786   (Y': 16.0317   Cb: 19.1251   Cr: 19.3081 )
00000080: 18.0334   (Y': 16.2531   Cb: 19.1612   Cr: 19.448  )
00000081: 18.1001   (Y': 16.3149   Cb: 19.2525   Cr: 19.4988 )
00000082: 18.267    (Y': 16.5341   Cb: 19.2988   Cr: 19.6871 )
00000083: 18.3168   (Y': 16.626    Cb: 19.24     Cr: 19.7706 )
00000084: 18.336    (Y': 16.6705   Cb: 19.232    Cr: 19.7686 )
00000085: 18.377    (Y': 16.7291   Cb: 19.2385   Cr: 19.8131 )
00000086: 18.3581   (Y': 16.6773   Cb: 19.2664   Cr: 19.8081 )
00000087: 18.381    (Y': 16.6963   Cb: 19.3075   Cr: 19.8186 )
00000088: 18.3605   (Y': 16.6904   Cb: 19.2567   Cr: 19.8023 )
00000089: 18.3474   (Y': 16.6666   Cb: 19.2584   Cr: 19.7943 )
00000090: 18.3315   (Y': 16.6246   Cb: 19.2655   Cr: 19.8061 )
00000092: 18.2923   (Y': 16.5758   Cb: 19.2288   Cr: 19.7847 )
00000091: 18.3364   (Y': 16.6394   Cb: 19.257    Cr: 19.8062 )
00000093: 18.2768   (Y': 16.5396   Cb: 19.2299   Cr: 19.7935 )
00000094: 18.2546   (Y': 16.5406   Cb: 19.2032   Cr: 19.7279 )
00000095: 18.2492   (Y': 16.5387   Cb: 19.1862   Cr: 19.7281 )
00000096: 18.2004   (Y': 16.4555   Cb: 19.1635   Cr: 19.7221 )
00000097: 18.2143   (Y': 16.4732   Cb: 19.1732   Cr: 19.733  )
00000098: 18.1803   (Y': 16.4913   Cb: 19.103    Cr: 19.631  )
00000099: 18.2017   (Y': 16.4867   Cb: 19.1089   Cr: 19.7242 )
00000100: 18.1246   (Y': 16.4429   Cb: 18.9943   Cr: 19.6207 )
00000101: 18.1847   (Y': 16.477    Cb: 19.0315   Cr: 19.7621 )
00000103: 18.1898   (Y': 16.4551   Cb: 19.0762   Cr: 19.7782 )
00000102: 18.1681   (Y': 16.4608   Cb: 19.0586   Cr: 19.6938 )
00000104: 26.2095   (Y': 23.4713   Cb: 28.9761   Cr: 28.4817 )
00000105: 25.6647   (Y': 23.5216   Cb: 27.5128   Cr: 27.1607 )
00000106: 25.8339   (Y': 23.5699   Cb: 27.7385   Cr: 27.5682 )
00000107: 25.8893   (Y': 23.5792   Cb: 27.711    Cr: 27.8249 )
00000108: 25.987    (Y': 23.7078   Cb: 27.8303   Cr: 27.8196 )
00000109: 25.8093   (Y': 23.7188   Cb: 27.4397   Cr: 27.3911 )
00000110: 26.0234   (Y': 23.7307   Cb: 27.8389   Cr: 27.9191 )
00000111: 26.0956   (Y': 23.6859   Cb: 28.0426   Cr: 28.1745 )
00000112: 25.9993   (Y': 23.6817   Cb: 27.6872   Cr: 28.0971 )
00000113: 26.0784   (Y': 23.6388   Cb: 27.8887   Cr: 28.3909 )
00000114: 25.8963   (Y': 23.4398   Cb: 27.7589   Cr: 28.2011 )
00000115: 25.7687   (Y': 23.5133   Cb: 27.5935   Cr: 27.559  )
00000116: 25.822    (Y': 23.5634   Cb: 27.3897   Cr: 27.892  )
00000117: 25.8232   (Y': 23.44     Cb: 27.692    Cr: 27.909  )
00000118: 26.029    (Y': 23.6692   Cb: 27.926    Cr: 28.0208 )
00000119: 26.1045   (Y': 23.7575   Cb: 27.8695   Cr: 28.1999 )
00000120: 17.1309   (Y': 15.1901   Cb: 18.0883   Cr: 19.1071 )
00000121: 16.8898   (Y': 14.9416   Cb: 17.8439   Cr: 18.8887 )
00000122: 16.4741   (Y': 14.6203   Cb: 17.3134   Cr: 18.3902 )
00000123: 16.3856   (Y': 14.5285   Cb: 17.2151   Cr: 18.3222 )
00000124: 16.2305   (Y': 14.4368   Cb: 17.0222   Cr: 18.0661 )
00000125: 16.1718   (Y': 14.3882   Cb: 16.9455   Cr: 18.0073 )
00000127: 16.1468   (Y': 14.118    Cb: 17.3179   Cr: 18.0788 )
00000126: 16.1255   (Y': 14.2701   Cb: 17.033    Cr: 17.9593 )
00000128: 16.3113   (Y': 14.1196   Cb: 17.8744   Cr: 18.21   )
00000129: 16.4191   (Y': 14.1361   Cb: 18.2672   Cr: 18.2569 )
00000130: 16.1376   (Y': 13.8158   Cb: 17.8549   Cr: 18.2151 )
00000131: 15.9922   (Y': 13.7376   Cb: 17.5328   Cr: 18.0822 )
00000132: 16.2825   (Y': 14.0652   Cb: 17.6801   Cr: 18.4368 )
00000134: 16.8515   (Y': 14.4444   Cb: 18.6623   Cr: 19.068  )
00000133: 16.5789   (Y': 14.3633   Cb: 17.9836   Cr: 18.7202 )
00000135: 17.1708   (Y': 14.7281   Cb: 19.0558   Cr: 19.41   )
00000137: 19.2023   (Y': 16.5344   Cb: 22.1007   Cr: 21.1501 )
00000136: 18.2158   (Y': 15.6684   Cb: 20.4895   Cr: 20.3638 )
00000138: 28.1928   (Y': 24.5379   Cb: 36.3232   Cr: 30.9814 )
00000139: INF       (Y': INF       Cb: INF       Cr: INF     )
00000140: INF       (Y': INF       Cb: INF       Cr: INF     )
00000141: INF       (Y': INF       Cb: INF       Cr: INF     )
00000144: INF       (Y': INF       Cb: INF       Cr: INF     )
00000142: INF       (Y': INF       Cb: INF       Cr: INF     )
00000143: INF       (Y': INF       Cb: INF       Cr: INF     )
00000145: INF       (Y': INF       Cb: INF       Cr: INF     )
00000146: INF       (Y': INF       Cb: INF       Cr: INF     )
00000147: INF       (Y': INF       Cb: INF       Cr: INF     )
00000148: INF       (Y': INF       Cb: INF       Cr: INF     )
00000149: INF       (Y': INF       Cb: INF       Cr: INF     )
00000151: INF       (Y': INF       Cb: INF       Cr: INF     )
00000150: INF       (Y': INF       Cb: INF       Cr: INF     )
00000153: INF       (Y': INF       Cb: INF       Cr: INF     )
00000154: INF       (Y': INF       Cb: INF       Cr: INF     )
00000152: INF       (Y': INF       Cb: INF       Cr: INF     )
00000155: INF       (Y': INF       Cb: INF       Cr: INF     )
00000156: INF       (Y': INF       Cb: INF       Cr: INF     )
00000157: INF       (Y': INF       Cb: INF       Cr: INF     )
00000158: INF       (Y': INF       Cb: INF       Cr: INF     )
00000159: INF       (Y': INF       Cb: INF       Cr: INF     )
00000160: INF       (Y': INF       Cb: INF       Cr: INF     )
00000161: INF       (Y': INF       Cb: INF       Cr: INF     )
00000162: INF       (Y': INF       Cb: INF       Cr: INF     )
00000163: INF       (Y': INF       Cb: INF       Cr: INF     )
00000164: INF       (Y': INF       Cb: INF       Cr: INF     )
00000165: INF       (Y': INF       Cb: INF       Cr: INF     )
00000166: INF       (Y': INF       Cb: INF       Cr: INF     )
00000169: INF       (Y': INF       Cb: INF       Cr: INF     )
00000167: INF       (Y': INF       Cb: INF       Cr: INF     )
00000170: INF       (Y': INF       Cb: INF       Cr: INF     )
00000168: INF       (Y': INF       Cb: INF       Cr: INF     )
00000171: INF       (Y': INF       Cb: INF       Cr: INF     )
00000172: INF       (Y': INF       Cb: INF       Cr: INF     )
00000173: INF       (Y': INF       Cb: INF       Cr: INF     )
00000175: INF       (Y': INF       Cb: INF       Cr: INF     )
00000174: INF       (Y': INF       Cb: INF       Cr: INF     )
00000176: INF       (Y': INF       Cb: INF       Cr: INF     )
00000178: INF       (Y': INF       Cb: INF       Cr: INF     )
00000177: INF       (Y': INF       Cb: INF       Cr: INF     )
00000179: INF       (Y': INF       Cb: INF       Cr: INF     )
00000181: INF       (Y': INF       Cb: INF       Cr: INF     )
00000180: INF       (Y': INF       Cb: INF       Cr: INF     )
00000182: INF       (Y': INF       Cb: INF       Cr: INF     )
00000184: 15.391    (Y': 13.5179   Cb: 16.1202   Cr: 17.5    )
00000183: 18.2036   (Y': 15.4565   Cb: 20.3862   Cr: 21.1055 )
00000185: 14.763    (Y': 13.3538   Cb: 14.9996   Cr: 16.504  )
00000186: 14.5356   (Y': 13.3202   Cb: 14.5942   Cr: 16.1442 )
00000187: 14.2358   (Y': 13.439    Cb: 14.0268   Cr: 15.4893 )
00000188: 14.1495   (Y': 13.5108   Cb: 13.8385   Cr: 15.2997 )
00000189: 14.1987   (Y': 13.5009   Cb: 13.9347   Cr: 15.3734 )
00000190: 14.2155   (Y': 13.4871   Cb: 13.9612   Cr: 15.4241 )
00000191: 14.2256   (Y': 13.3933   Cb: 14.0378   Cr: 15.5064 )
00000192: 14.2411   (Y': 13.3741   Cb: 14.0718   Cr: 15.5529 )
00000193: 14.2471   (Y': 13.3113   Cb: 14.1348   Cr: 15.594  )
00000194: 14.2439   (Y': 13.2846   Cb: 14.1488   Cr: 15.6066 )
00000195: 14.2542   (Y': 13.2449   Cb: 14.2095   Cr: 15.6325 )
00000197: 14.2611   (Y': 13.1708   Cb: 14.2901   Cr: 15.6799 )
00000196: 14.2533   (Y': 13.2124   Cb: 14.2375   Cr: 15.6468 )
00000199: 14.2765   (Y': 13.1341   Cb: 14.3369   Cr: 15.746  )
00000198: 14.2701   (Y': 13.16     Cb: 14.305    Cr: 15.7165 )
00000200: 14.2753   (Y': 13.1207   Cb: 14.3487   Cr: 15.7491 )
00000202: 14.2839   (Y': 13.1029   Cb: 14.3907   Cr: 15.7606 )
00000201: 14.2696   (Y': 13.0954   Cb: 14.363    Cr: 15.7519 )
00000203: 14.2957   (Y': 13.0881   Cb: 14.4207   Cr: 15.7966 )
00000205: 14.309    (Y': 13.0934   Cb: 14.4626   Cr: 15.7858 )
00000204: 14.3196   (Y': 13.1004   Cb: 14.4581   Cr: 15.8236 )
00000206: 14.3348   (Y': 13.1107   Cb: 14.4826   Cr: 15.8355 )
00000207: 14.3303   (Y': 13.1054   Cb: 14.4853   Cr: 15.8226 )
00000209: 14.3414   (Y': 13.1025   Cb: 14.5125   Cr: 15.8381 )
00000208: 14.349    (Y': 13.0924   Cb: 14.523    Cr: 15.8752 )
00000210: 14.4085   (Y': 13.1677   Cb: 14.5862   Cr: 15.8998 )
00000211: 14.4379   (Y': 13.1782   Cb: 14.6226   Cr: 15.955  )
00000212: 14.4408   (Y': 13.171    Cb: 14.6439   Cr: 15.9523 )
00000213: 14.4229   (Y': 13.1554   Cb: 14.6182   Cr: 15.9405 )
00000214: 14.4134   (Y': 13.1444   Cb: 14.6134   Cr: 15.9277 )
00000215: 14.3923   (Y': 13.1305   Cb: 14.5834   Cr: 15.9047 )
00000216: 14.4137   (Y': 13.1599   Cb: 14.6017   Cr: 15.9152 )
00000218: 14.4491   (Y': 13.1832   Cb: 14.6462   Cr: 15.9613 )
00000217: 14.4333   (Y': 13.1601   Cb: 14.6314   Cr: 15.9579 )
00000219: 14.4448   (Y': 13.1762   Cb: 14.6444   Cr: 15.9586 )
00000220: 14.4272   (Y': 13.1589   Cb: 14.6309   Cr: 15.9352 )
00000221: 14.4377   (Y': 13.1707   Cb: 14.6359   Cr: 15.9506 )
00000223: 14.4034   (Y': 13.157    Cb: 14.5739   Cr: 15.915  )
00000222: 14.4255   (Y': 13.1634   Cb: 14.6155   Cr: 15.9404 )
00000224: 14.4301   (Y': 13.1738   Cb: 14.6099   Cr: 15.9475 )
00000225: 14.4137   (Y': 13.164    Cb: 14.5899   Cr: 15.9233 )
00000226: 14.4209   (Y': 13.1624   Cb: 14.6017   Cr: 15.9414 )
00000227: 14.4315   (Y': 13.183    Cb: 14.6207   Cr: 15.9216 )
00000229: 14.4162   (Y': 13.1568   Cb: 14.6095   Cr: 15.9215 )
00000228: 14.4293   (Y': 13.1882   Cb: 14.6086   Cr: 15.9188 )
00000230: 14.4144   (Y': 13.1603   Cb: 14.5928   Cr: 15.9297 )
00000234: 14.4345   (Y': 13.1793   Cb: 14.6206   Cr: 15.9412 )
00000231: 14.4209   (Y': 13.178    Cb: 14.589    Cr: 15.9289 )
00000232: 14.4332   (Y': 13.1852   Cb: 14.6093   Cr: 15.94   )
00000233: 14.4217   (Y': 13.1612   Cb: 14.6089   Cr: 15.9371 )
00000235: 14.435    (Y': 13.1961   Cb: 14.5947   Cr: 15.9469 )
00000237: 14.4249   (Y': 13.1511   Cb: 14.62     Cr: 15.955  )
00000236: 14.4519   (Y': 13.2274   Cb: 14.5909   Cr: 15.9655 )
00000239: 14.4161   (Y': 13.1575   Cb: 14.6001   Cr: 15.9324 )
00000238: 14.4214   (Y': 13.1666   Cb: 14.599    Cr: 15.9391 )
00000240: 14.3891   (Y': 13.131    Cb: 14.5767   Cr: 15.8996 )
00000241: 14.4028   (Y': 13.1519   Cb: 14.5874   Cr: 15.9037 )
00000242: 14.4021   (Y': 13.1556   Cb: 14.5842   Cr: 15.898  )
00000243: 14.4087   (Y': 13.2054   Cb: 14.5512   Cr: 15.8779 )
00000244: 14.4358   (Y': 13.2678   Cb: 14.5509   Cr: 15.8772 )
00000245: 14.8827   (Y': 13.6587   Cb: 15.1052   Cr: 16.2829 )
00000246: 14.8997   (Y': 13.6297   Cb: 15.1624   Cr: 16.3322 )
00000247: 15.0389   (Y': 13.7996   Cb: 15.28     Cr: 16.4431 )
00000249: 15.1718   (Y': 13.9118   Cb: 15.4476   Cr: 16.5686 )
00000248: 15.0901   (Y': 13.8341   Cb: 15.3503   Cr: 16.5    )
00000250: 15.222    (Y': 13.9753   Cb: 15.4815   Cr: 16.6157 )
00000251: 15.3118   (Y': 14.0758   Cb: 15.562    Cr: 16.6981 )
00000252: 15.3407   (Y': 14.117    Cb: 15.593    Cr: 16.7016 )
00000253: 15.3949   (Y': 14.18     Cb: 15.6409   Cr: 16.7481 )
00000255: 15.4837   (Y': 14.2857   Cb: 15.7318   Cr: 16.8039 )
00000254: 15.421    (Y': 14.1916   Cb: 15.6708   Cr: 16.7954 )
00000256: 15.4956   (Y': 14.3002   Cb: 15.7442   Cr: 16.8106 )
00000257: 15.557    (Y': 14.3979   Cb: 15.7642   Cr: 16.8608 )
00000258: 15.5335   (Y': 14.3505   Cb: 15.7559   Cr: 16.8599 )
00000259: 15.5868   (Y': 14.418    Cb: 15.8043   Cr: 16.8945 )
00000261: 15.621    (Y': 14.4774   Cb: 15.8295   Cr: 16.8959 )
00000260: 15.5959   (Y': 14.4469   Cb: 15.8082   Cr: 16.8752 )
00000262: 15.6252   (Y': 14.4785   Cb: 15.817    Cr: 16.9268 )
00000263: 15.6691   (Y': 14.535    Cb: 15.8499   Cr: 16.9627 )
00000264: 15.6819   (Y': 14.5798   Cb: 15.8492   Cr: 16.9374 )
00000265: 15.6908   (Y': 14.5908   Cb: 15.8251   Cr: 16.9855 )
00000266: 15.7026   (Y': 14.6194   Cb: 15.8201   Cr: 16.9901 )
00000267: 15.7496   (Y': 14.7053   Cb: 15.8275   Cr: 17.0226 )
00000269: 15.749    (Y': 14.6618   Cb: 15.8649   Cr: 17.0458 )
00000268: 15.7493   (Y': 14.6897   Cb: 15.8391   Cr: 17.0326 )
00000271: 15.8462   (Y': 14.7957   Cb: 15.9404   Cr: 17.1083 )
00000270: 15.7911   (Y': 14.7316   Cb: 15.8817   Cr: 17.0731 )
00000272: 15.8696   (Y': 14.8151   Cb: 15.9643   Cr: 17.1378 )
00000273: 15.936    (Y': 14.8683   Cb: 16.0496   Cr: 17.2021 )
00000274: 15.952    (Y': 14.8807   Cb: 16.0707   Cr: 17.2178 )
00000275: 15.9764   (Y': 14.9398   Cb: 16.0551   Cr: 17.2352 )
00000276: 15.9948   (Y': 14.9653   Cb: 16.0864   Cr: 17.2246 )
00000277: 16.0264   (Y': 14.9989   Cb: 16.0904   Cr: 17.2891 )
00000278: 16.0211   (Y': 14.9636   Cb: 16.0935   Cr: 17.324  )
00000279: 16.0316   (Y': 15.0418   Cb: 16.0771   Cr: 17.2556 )
00000281: 16.0197   (Y': 15.058    Cb: 16.0507   Cr: 17.216  )
00000280: 16.0457   (Y': 15.033    Cb: 16.1161   Cr: 17.275  )
00000282: 16.0084   (Y': 15.0918   Cb: 16.0155   Cr: 17.1623 )
00000283: 16.0523   (Y': 15.1717   Cb: 16.0566   Cr: 17.1526 )
00000284: 16.0824   (Y': 15.2076   Cb: 16.0791   Cr: 17.1832 )
00000285: 16.083    (Y': 15.2536   Cb: 16.0403   Cr: 17.1637 )
00000287: 16.1117   (Y': 15.295    Cb: 16.077    Cr: 17.1627 )
00000286: 16.105    (Y': 15.2962   Cb: 16.0572   Cr: 17.1606 )
00000288: 16.0993   (Y': 15.311    Cb: 16.0143   Cr: 17.1715 )
00000289: 16.2191   (Y': 15.3811   Cb: 16.1969   Cr: 17.2869 )
00000290: 16.4343   (Y': 15.5028   Cb: 16.4755   Cr: 17.5681 )
00000291: 16.5401   (Y': 15.5644   Cb: 16.62     Cr: 17.696  )
00000292: 16.628    (Y': 15.6552   Cb: 16.7153   Cr: 17.7697 )
00000293: 16.5374   (Y': 15.5482   Cb: 16.6291   Cr: 17.7001 )
00000294: 16.5205   (Y': 15.5123   Cb: 16.6135   Cr: 17.7133 )
00000295: 16.3209   (Y': 15.3909   Cb: 16.3453   Cr: 17.474  )
00000296: 16.2918   (Y': 15.3982   Cb: 16.3025   Cr: 17.4044 )
00000297: 16.2672   (Y': 15.3747   Cb: 16.2733   Cr: 17.3841 )
00000298: 16.2634   (Y': 15.3789   Cb: 16.2931   Cr: 17.3372 )
00000299: 16.2197   (Y': 15.3562   Cb: 16.2138   Cr: 17.3063 )
00000300: 16.2432   (Y': 15.4056   Cb: 16.2356   Cr: 17.2916 )
00000301: 16.3008   (Y': 15.443    Cb: 16.31     Cr: 17.3589 )
00000302: 16.3462   (Y': 15.4719   Cb: 16.3617   Cr: 17.4223 )
00000303: 16.5968   (Y': 15.6208   Cb: 16.7034   Cr: 17.7193 )
00000304: 16.6617   (Y': 15.6511   Cb: 16.7696   Cr: 17.8388 )
00000305: 16.8063   (Y': 15.7011   Cb: 17.0144   Cr: 18.0154 )
00000306: 16.8516   (Y': 15.7139   Cb: 17.0667   Cr: 18.1076 )
00000307: 16.6826   (Y': 15.4672   Cb: 16.9352   Cr: 18.028  )
00000308: 16.5737   (Y': 15.3207   Cb: 16.8593   Cr: 17.9452 )
00000309: 16.3312   (Y': 15.0385   Cb: 16.6623   Cr: 17.7176 )
00000310: 16.3382   (Y': 15.0479   Cb: 16.7031   Cr: 17.6777 )
00000311: 16.1345   (Y': 14.8803   Cb: 16.4562   Cr: 17.4624 )
00000312: 16.1656   (Y': 14.9281   Cb: 16.4636   Cr: 17.493  )
00000313: 16.037    (Y': 14.8066   Cb: 16.3849   Cr: 17.2894 )
00000314: 15.9901   (Y': 14.7679   Cb: 16.341    Cr: 17.2242 )
00000315: 15.9287   (Y': 14.7076   Cb: 16.3064   Cr: 17.1284 )
00000316: 15.8684   (Y': 14.649    Cb: 16.244    Cr: 17.068  )
00000317: 15.8134   (Y': 14.6407   Cb: 16.1634   Cr: 16.9629 )
00000318: 15.7885   (Y': 14.6438   Cb: 16.1455   Cr: 16.8825 )
00000319: 15.8458   (Y': 14.6777   Cb: 16.2593   Cr: 16.9125 )
00000320: 15.979    (Y': 14.7286   Cb: 16.4895   Cr: 17.0734 )
00000321: 15.9519   (Y': 14.7891   Cb: 16.4124   Cr: 16.956  )
00000322: 15.8948   (Y': 14.8016   Cb: 16.2966   Cr: 16.8525 )
00000323: 15.7548   (Y': 14.7225   Cb: 16.1155   Cr: 16.6625 )
00000324: 15.668    (Y': 14.6961   Cb: 15.9786   Cr: 16.5393 )
00000325: 15.5928   (Y': 14.705    Cb: 15.8193   Cr: 16.4336 )
00000326: 15.5557   (Y': 14.7059   Cb: 15.7067   Cr: 16.428  )
00000327: 15.5689   (Y': 14.7017   Cb: 15.7364   Cr: 16.4476 )
00000328: 15.625    (Y': 14.7597   Cb: 15.8297   Cr: 16.4575 )
00000329: 15.6017   (Y': 14.7623   Cb: 15.8057   Cr: 16.3969 )
00000330: 15.5737   (Y': 14.7498   Cb: 15.7667   Cr: 16.3592 )
00000331: 15.6606   (Y': 14.8289   Cb: 15.8339   Cr: 16.4801 )
00000332: 15.6607   (Y': 14.8342   Cb: 15.838    Cr: 16.4678 )
00000334: 15.7478   (Y': 14.903    Cb: 15.9422   Cr: 16.562  )
00000333: 15.7215   (Y': 14.8702   Cb: 15.9058   Cr: 16.5569 )
00000335: 15.7156   (Y': 14.892    Cb: 15.8877   Cr: 16.5247 )
00000336: 15.7187   (Y': 14.8947   Cb: 15.904    Cr: 16.5128 )
00000337: 15.6689   (Y': 14.8048   Cb: 15.8687   Cr: 16.5051 )
00000338: 15.6291   (Y': 14.7779   Cb: 15.8487   Cr: 16.4237 )
00000339: 15.5653   (Y': 14.6833   Cb: 15.7523   Cr: 16.4433 )
00000340: 15.5171   (Y': 14.6726   Cb: 15.6394   Cr: 16.4154 )
00000341: 15.4967   (Y': 14.6496   Cb: 15.5931   Cr: 16.4304 )
00000342: 15.5293   (Y': 14.6815   Cb: 15.6001   Cr: 16.4952 )
00000343: 15.4788   (Y': 14.6556   Cb: 15.5662   Cr: 16.3874 )
00000344: 15.47     (Y': 14.6538   Cb: 15.5415   Cr: 16.3877 )
00000345: 15.4583   (Y': 14.6277   Cb: 15.5303   Cr: 16.3966 )
00000346: 15.4432   (Y': 14.5971   Cb: 15.527    Cr: 16.3904 )
00000347: 15.4517   (Y': 14.6172   Cb: 15.5296   Cr: 16.3887 )
00000348: 15.4412   (Y': 14.604    Cb: 15.5136   Cr: 16.389  )
00000349: 15.4448   (Y': 14.6025   Cb: 15.5248   Cr: 16.3908 )
00000350: 15.425    (Y': 14.5677   Cb: 15.4999   Cr: 16.4001 )
00000351: 15.4448   (Y': 14.5599   Cb: 15.5752   Cr: 16.3945 )
00000352: 15.4303   (Y': 14.5516   Cb: 15.5575   Cr: 16.3745 )
00000353: 15.4392   (Y': 14.5548   Cb: 15.5734   Cr: 16.3836 )
00000354: 15.4626   (Y': 14.5608   Cb: 15.6188   Cr: 16.4073 )
00000355: 15.4697   (Y': 14.5624   Cb: 15.6199   Cr: 16.43   )
00000356: 15.4932   (Y': 14.596    Cb: 15.6333   Cr: 16.4499 )
00000357: 15.4954   (Y': 14.567    Cb: 15.6312   Cr: 16.5057 )
00000358: 15.4825   (Y': 14.5242   Cb: 15.6437   Cr: 16.5085 )
00000359: 15.4868   (Y': 14.4907   Cb: 15.7076   Cr: 16.5009 )
00000360: 15.4798   (Y': 14.4817   Cb: 15.6761   Cr: 16.5265 )
00000361: 15.4526   (Y': 14.4463   Cb: 15.6325   Cr: 16.5325 )
00000362: 15.4468   (Y': 14.4258   Cb: 15.6543   Cr: 16.5168 )
00000363: 15.4237   (Y': 14.3931   Cb: 15.6278   Cr: 16.5135 )
00000364: 15.4123   (Y': 14.3875   Cb: 15.6058   Cr: 16.5055 )
00000365: 15.4081   (Y': 14.3823   Cb: 15.6234   Cr: 16.4764 )
00000366: 15.3817   (Y': 14.3778   Cb: 15.5643   Cr: 16.4544 )
00000367: 15.3624   (Y': 14.3561   Cb: 15.5412   Cr: 16.4436 )
00000368: 15.3412   (Y': 14.324    Cb: 15.5385   Cr: 16.4176 )
00000369: 15.3077   (Y': 14.3097   Cb: 15.4687   Cr: 16.3977 )
00000370: 15.2837   (Y': 14.2803   Cb: 15.4346   Cr: 16.395  )
00000371: 15.2377   (Y': 14.2548   Cb: 15.3868   Cr: 16.3182 )
00000372: 15.2322   (Y': 14.2519   Cb: 15.3782   Cr: 16.3123 )
00000373: 15.1575   (Y': 14.1781   Cb: 15.2928   Cr: 16.2492 )
00000374: 15.0771   (Y': 14.1382   Cb: 15.1803   Cr: 16.1444 )
00000375: 15.1139   (Y': 14.1992   Cb: 15.2017   Cr: 16.1622 )
00000376: 15.1218   (Y': 14.2098   Cb: 15.2039   Cr: 16.1727 )
00000377: 15.0729   (Y': 14.1921   Cb: 15.1243   Cr: 16.1135 )
00000378: 15.0383   (Y': 14.1628   Cb: 15.0953   Cr: 16.0639 )
00000379: 14.9688   (Y': 14.1046   Cb: 14.9971   Cr: 16.0128 )
00000380: 15.0317   (Y': 14.143    Cb: 15.0952   Cr: 16.0695 )
00000381: 15.1482   (Y': 14.2114   Cb: 15.2678   Cr: 16.1916 )
00000382: 15.1526   (Y': 14.2057   Cb: 15.2799   Cr: 16.2024 )
00000383: 15.1745   (Y': 14.2119   Cb: 15.3136   Cr: 16.2347 )
00000384: 15.1787   (Y': 14.2107   Cb: 15.3174   Cr: 16.2481 )
00000385: 15.172    (Y': 14.2112   Cb: 15.2932   Cr: 16.2514 )
00000386: 15.174    (Y': 14.2078   Cb: 15.3074   Cr: 16.2472 )
00000387: 15.1887   (Y': 14.2233   Cb: 15.3283   Cr: 16.2526 )
00000388: 15.2      (Y': 14.2383   Cb: 15.3463   Cr: 16.25   )
00000389: 15.2377   (Y': 14.2659   Cb: 15.3988   Cr: 16.2855 )
00000390: 15.2345   (Y': 14.2507   Cb: 15.4056   Cr: 16.2893 )
00000391: 15.2625   (Y': 14.2559   Cb: 15.4339   Cr: 16.3535 )
00000392: 15.2666   (Y': 14.2417   Cb: 15.4331   Cr: 16.3937 )
00000393: 15.2736   (Y': 14.2681   Cb: 15.454    Cr: 16.3517 )
00000394: 15.2478   (Y': 14.2246   Cb: 15.4458   Cr: 16.3331 )
00000395: 15.2947   (Y': 14.2712   Cb: 15.4877   Cr: 16.3867 )
00000396: 15.3311   (Y': 14.3066   Cb: 15.5172   Cr: 16.4331 )
00000397: 15.382    (Y': 14.3255   Cb: 15.6027   Cr: 16.4939 )
00000398: 15.3976   (Y': 14.3393   Cb: 15.6004   Cr: 16.5344 )
00000399: 15.5567   (Y': 14.4124   Cb: 15.8819   Cr: 16.6881 )
00000400: 15.6567   (Y': 14.4611   Cb: 16.0152   Cr: 16.8353 )
00000401: 15.8135   (Y': 14.5538   Cb: 16.2283   Cr: 17.0362 )
00000403: 16.0326   (Y': 14.6766   Cb: 16.5619   Cr: 17.292  )
00000402: 15.9156   (Y': 14.6315   Cb: 16.3475   Cr: 17.1615 )
00000404: 16.112    (Y': 14.7205   Cb: 16.6535   Cr: 17.4223 )
00000405: 16.2133   (Y': 14.7588   Cb: 16.8427   Cr: 17.5381 )
00000406: 16.2852   (Y': 14.794    Cb: 16.9336   Cr: 17.658  )
00000407: 16.3679   (Y': 14.848    Cb: 17.0339   Cr: 17.7758 )
00000408: 16.4108   (Y': 14.8871   Cb: 17.0491   Cr: 17.8593 )
00000409: 16.4416   (Y': 14.9355   Cb: 17.0303   Cr: 17.9152 )
00000410: 16.4356   (Y': 14.951    Cb: 17.0048   Cr: 17.8906 )
00000411: 16.4566   (Y': 14.9517   Cb: 17.0178   Cr: 17.9618 )
00000412: 16.4314   (Y': 14.9575   Cb: 16.936    Cr: 17.9455 )
00000413: 16.3845   (Y': 14.9958   Cb: 16.8164   Cr: 17.8242 )
00000415: 16.2826   (Y': 14.9547   Cb: 16.6347   Cr: 17.7079 )
00000414: 16.3472   (Y': 14.9581   Cb: 16.7581   Cr: 17.8141 )
00000416: 16.2095   (Y': 14.9215   Cb: 16.5367   Cr: 17.5919 )
00000417: 16.0789   (Y': 14.9118   Cb: 16.2905   Cr: 17.3911 )
00000418: 15.9915   (Y': 14.8777   Cb: 16.1705   Cr: 17.2521 )
00000419: 15.8016   (Y': 14.743    Cb: 15.9334   Cr: 17.0285 )
00000420: 15.5776   (Y': 14.5651   Cb: 15.673    Cr: 16.7743 )
00000421: 15.4984   (Y': 14.5395   Cb: 15.5511   Cr: 16.6618 )
00000422: 15.6044   (Y': 14.6329   Cb: 15.6686   Cr: 16.7734 )
00000423: 15.7186   (Y': 14.69     Cb: 15.8465   Cr: 16.9001 )
00000424: 15.8795   (Y': 14.8385   Cb: 16.0355   Cr: 17.0462 )
00000425: 16.3972   (Y': 15.2591   Cb: 16.6978   Cr: 17.5476 )
00000426: 16.6123   (Y': 15.4525   Cb: 16.9469   Cr: 17.7583 )
00000427: 18.3812   (Y': 16.5931   Cb: 19.5333   Cr: 19.7865 )
00000428: 18.7229   (Y': 16.8857   Cb: 19.8443   Cr: 20.2656 )
00000429: 19.0872   (Y': 16.8314   Cb: 20.8942   Cr: 20.8964 )
00000430: 18.8973   (Y': 16.4665   Cb: 20.795    Cr: 21.0877 )
00000431: 18.2589   (Y': 15.9184   Cb: 19.8587   Cr: 20.5213 )
00000432: 17.7977   (Y': 15.5853   Cb: 19.1694   Cr: 19.9696 )
00000433: 16.7577   (Y': 14.8955   Cb: 17.5428   Cr: 18.7643 )
00000435: 18.3103   (Y': 15.8989   Cb: 20.2698   Cr: 20.3811 )
00000434: 18.0928   (Y': 15.584    Cb: 20.0241   Cr: 20.4804 )
00000436: 18.1572   (Y': 16.0623   Cb: 19.5674   Cr: 19.9791 )
00000437: 17.7321   (Y': 15.6069   Cb: 19.2268   Cr: 19.5368 )
00000438: 17.3831   (Y': 15.349    Cb: 18.7526   Cr: 19.1024 )
00000439: 16.7735   (Y': 15.3662   Cb: 17.3762   Cr: 18.0413 )
00000440: 16.6707   (Y': 15.2877   Cb: 17.2508   Cr: 17.9198 )
00000441: 17.6555   (Y': 15.7563   Cb: 18.9356   Cr: 19.1629 )
00000442: 17.3825   (Y': 15.4372   Cb: 18.5231   Cr: 19.148  )
00000443: 17.1419   (Y': 15.204    Cb: 18.2729   Cr: 18.9014 )
00000444: 17.167    (Y': 15.2599   Cb: 18.3456   Cr: 18.8017 )
00000446: 17.1547   (Y': 15.2893   Cb: 18.1896   Cr: 18.8586 )
00000445: 17.1155   (Y': 15.2407   Cb: 18.1892   Cr: 18.7955 )
00000447: 17.2824   (Y': 15.3444   Cb: 18.3552   Cr: 19.1107 )
00000448: 17.317    (Y': 15.2953   Cb: 18.5567   Cr: 19.1512 )
00000449: 16.9331   (Y': 15.0682   Cb: 18.0072   Cr: 18.5906 )
00000450: 16.5831   (Y': 14.9322   Cb: 17.4592   Cr: 18.0087 )
00000451: 15.6023   (Y': 14.4811   Cb: 16.035    Cr: 16.5699 )
00000452: 15.5285   (Y': 14.4295   Cb: 15.9403   Cr: 16.4838 )
00000453: 15.5894   (Y': 14.4294   Cb: 16.0197   Cr: 16.6233 )
00000454: 15.6345   (Y': 14.4718   Cb: 16.0863   Cr: 16.6482 )
00000455: 17.2596   (Y': 15.1212   Cb: 18.6673   Cr: 19.1933 )
00000456: 17.2216   (Y': 15.1303   Cb: 18.5687   Cr: 19.1049 )
00000457: 17.0598   (Y': 15.1195   Cb: 18.1569   Cr: 18.8647 )
00000458: 16.8197   (Y': 14.9777   Cb: 17.8647   Cr: 18.4591 )
00000459: 16.0982   (Y': 14.6399   Cb: 16.7309   Cr: 17.4263 )
00000460: 15.8114   (Y': 14.5224   Cb: 16.3059   Cr: 16.9917 )
00000461: 15.5379   (Y': 14.4719   Cb: 15.7939   Cr: 16.6225 )
00000463: 15.5301   (Y': 14.6293   Cb: 15.6448   Cr: 16.5233 )
00000462: 15.5287   (Y': 14.5168   Cb: 15.7118   Cr: 16.614  )
00000464: 15.559    (Y': 14.6575   Cb: 15.6808   Cr: 16.5445 )
00000465: 15.588    (Y': 14.7799   Cb: 15.6646   Cr: 16.4872 )
00000466: 15.6152   (Y': 14.851    Cb: 15.662    Cr: 16.4858 )
00000467: 15.6322   (Y': 14.8525   Cb: 15.6952   Cr: 16.5058 )
00000468: 15.6387   (Y': 14.8516   Cb: 15.7335   Cr: 16.4851 )
00000469: 15.6773   (Y': 14.8799   Cb: 15.7816   Cr: 16.5276 )
00000471: 15.6764   (Y': 14.9261   Cb: 15.7545   Cr: 16.4896 )
00000470: 15.6938   (Y': 14.9342   Cb: 15.7631   Cr: 16.5308 )
00000472: 15.6916   (Y': 14.9616   Cb: 15.7438   Cr: 16.5066 )
00000473: 15.6909   (Y': 14.9171   Cb: 15.8014   Cr: 16.4998 )
00000474: 15.6731   (Y': 14.8633   Cb: 15.7871   Cr: 16.5301 )
00000475: 15.6173   (Y': 14.7398   Cb: 15.7883   Cr: 16.5075 )
00000476: 15.5758   (Y': 14.6705   Cb: 15.7504   Cr: 16.5038 )
00000477: 15.5404   (Y': 14.6236   Cb: 15.7136   Cr: 16.4875 )
00000478: 15.4917   (Y': 14.6544   Cb: 15.5645   Cr: 16.4391 )
00000479: 15.5824   (Y': 14.6818   Cb: 15.7207   Cr: 16.5468 )
00000480: 15.5236   (Y': 14.6218   Cb: 15.651    Cr: 16.5027 )
00000481: 15.4637   (Y': 14.5609   Cb: 15.6027   Cr: 16.4305 )
00000482: 15.3947   (Y': 14.5487   Cb: 15.4979   Cr: 16.3184 )
00000483: 16.8976   (Y': 14.9905   Cb: 18.0676   Cr: 18.542  )
00000484: 17.0148   (Y': 15.0725   Cb: 18.2159   Cr: 18.7048 )
00000485: 16.6739   (Y': 14.9802   Cb: 17.5195   Cr: 18.2235 )
00000486: 16.5067   (Y': 15.0186   Cb: 17.1083   Cr: 17.929  )
00000487: 17.0296   (Y': 14.9615   Cb: 18.3565   Cr: 18.878  )
00000488: 17.0384   (Y': 15.1046   Cb: 18.2534   Cr: 18.6935 )
00000489: 16.4951   (Y': 14.974    Cb: 17.2104   Cr: 17.8475 )
00000490: 16.0375   (Y': 14.7144   Cb: 16.5578   Cr: 17.2481 )
00000491: 15.6836   (Y': 14.5657   Cb: 16.0507   Cr: 16.7211 )
00000492: 15.6411   (Y': 14.5586   Cb: 15.9478   Cr: 16.6919 )
00000493: 15.6653   (Y': 14.5781   Cb: 15.978    Cr: 16.7165 )
00000494: 15.6579   (Y': 14.5361   Cb: 16.0048   Cr: 16.7256 )
00000495: 15.6454   (Y': 14.5594   Cb: 16.0061   Cr: 16.6384 )
00000496: 15.6406   (Y': 14.5534   Cb: 16.0183   Cr: 16.6161 )
00000497: 15.6384   (Y': 14.622    Cb: 15.9515   Cr: 16.5758 )
00000498: 15.6389   (Y': 14.6786   Cb: 15.8851   Cr: 16.5666 )
00000499: 15.6428   (Y': 14.6673   Cb: 15.8589   Cr: 16.6298 )
00000500: 15.6342   (Y': 14.6803   Cb: 15.7935   Cr: 16.6557 )
00000501: 16.1546   (Y': 15.044    Cb: 16.3871   Cr: 17.3425 )
00000503: 15.7624   (Y': 14.8914   Cb: 15.7697   Cr: 16.8438 )
00000502: 16.0371   (Y': 15.0506   Cb: 16.2157   Cr: 17.087  )
00000504: 15.7857   (Y': 14.8171   Cb: 15.8554   Cr: 16.943  )
00000505: 15.9249   (Y': 14.8965   Cb: 16.0234   Cr: 17.1442 )
00000506: 15.9214   (Y': 14.9013   Cb: 16.0228   Cr: 17.1231 )
00000507: 15.771    (Y': 14.7796   Cb: 15.8421   Cr: 16.9641 )
00000508: 15.75     (Y': 14.7789   Cb: 15.7968   Cr: 16.9411 )
00000509: 15.7198   (Y': 14.8635   Cb: 15.6774   Cr: 16.8424 )
00000510: 15.7425   (Y': 14.9192   Cb: 15.676    Cr: 16.8447 )
00000511: 15.7352   (Y': 14.871    Cb: 15.7157   Cr: 16.8406 )
00000512: 15.7533   (Y': 14.9073   Cb: 15.7246   Cr: 16.8417 )
00000513: 15.7067   (Y': 14.8784   Cb: 15.6358   Cr: 16.8226 )
00000514: 15.7292   (Y': 14.8369   Cb: 15.6926   Cr: 16.9014 )
00000515: 15.7578   (Y': 14.8939   Cb: 15.6837   Cr: 16.9339 )
00000516: 15.7618   (Y': 14.8425   Cb: 15.7619   Cr: 16.9295 )
00000517: 15.8256   (Y': 14.9266   Cb: 15.8125   Cr: 16.9777 )
00000518: 15.9214   (Y': 14.9934   Cb: 15.9251   Cr: 17.0981 )
00000519: 15.926    (Y': 15.0134   Cb: 15.999    Cr: 16.9895 )
00000520: 15.9506   (Y': 14.9866   Cb: 16.0527   Cr: 17.0592 )
00000521: 15.9837   (Y': 15.0143   Cb: 16.0907   Cr: 17.0946 )
00000522: 16.0376   (Y': 15.1262   Cb: 16.123    Cr: 17.0836 )
00000523: 15.979    (Y': 15.1649   Cb: 15.974    Cr: 16.9879 )
00000524: 15.9734   (Y': 15.2011   Cb: 15.9226   Cr: 16.9772 )
00000525: 15.9875   (Y': 15.2402   Cb: 15.9327   Cr: 16.9593 )
00000528: 16.0716   (Y': 15.4334   Cb: 16.0289   Cr: 16.8714 )
00000527: 16.09     (Y': 15.377    Cb: 16.106    Cr: 16.9241 )
00000526: 16.0106   (Y': 15.3435   Cb: 15.9281   Cr: 16.9    )
00000529: 16.0971   (Y': 15.5701   Cb: 16.0012   Cr: 16.8098 )
00000530: 16.0595   (Y': 15.5496   Cb: 15.9737   Cr: 16.7376 )
00000531: 15.9465   (Y': 15.4578   Cb: 15.8563   Cr: 16.602  )
00000532: 15.8879   (Y': 15.3336   Cb: 15.833    Cr: 16.588  )
00000533: 15.8175   (Y': 15.2004   Cb: 15.8019   Cr: 16.5557 )
00000536: 15.8313   (Y': 15.122    Cb: 15.968    Cr: 16.5189 )
00000534: 15.8408   (Y': 15.2898   Cb: 15.8105   Cr: 16.5075 )
00000535: 15.8042   (Y': 15.1023   Cb: 15.9123   Cr: 16.5144 )
00000537: 15.8824   (Y': 15.1223   Cb: 16.0625   Cr: 16.5916 )
00000538: 15.7999   (Y': 14.9927   Cb: 15.9817   Cr: 16.5741 )
00000539: 15.8084   (Y': 14.9707   Cb: 15.9911   Cr: 16.6256 )
00000540: 15.7807   (Y': 14.9928   Cb: 15.9077   Cr: 16.5904 )
00000541: 15.8261   (Y': 15.0699   Cb: 15.9007   Cr: 16.652  )
00000542: 15.8471   (Y': 15.0906   Cb: 15.9433   Cr: 16.6477 )
00000543: 15.8734   (Y': 15.1848   Cb: 15.9227   Cr: 16.6335 )
00000544: 15.8796   (Y': 15.2879   Cb: 15.8684   Cr: 16.5779 )
00000545: 15.9211   (Y': 15.3945   Cb: 15.8345   Cr: 16.622  )
00000546: 15.9573   (Y': 15.4689   Cb: 15.8664   Cr: 16.6134 )
00000547: 16.084    (Y': 15.8467   Cb: 15.7297   Cr: 16.7448 )
00000548: 16.1834   (Y': 15.9877   Cb: 15.7879   Cr: 16.8457 )
00000550: 16.3133   (Y': 16.5485   Cb: 15.6415   Cr: 16.842  )
00000549: 16.2369   (Y': 16.3614   Cb: 15.626    Cr: 16.8057 )
00000551: 16.3211   (Y': 16.622    Cb: 15.6232   Cr: 16.8145 )
00000552: 16.316    (Y': 16.5562   Cb: 15.6244   Cr: 16.8655 )
00000553: 16.4449   (Y': 16.5901   Cb: 15.7473   Cr: 17.1069 )
00000554: 16.4616   (Y': 16.4897   Cb: 15.7779   Cr: 17.2399 )
00000555: 16.3565   (Y': 16.1157   Cb: 15.7753   Cr: 17.3266 )
00000556: 16.3007   (Y': 15.9866   Cb: 15.7689   Cr: 17.2985 )
00000557: 16.1556   (Y': 15.634    Cb: 15.792    Cr: 17.2066 )
00000558: 16.0682   (Y': 15.4542   Cb: 15.7457   Cr: 17.1974 )
00000559: 16.1074   (Y': 15.3808   Cb: 15.8319   Cr: 17.3429 )
00000560: 16.1689   (Y': 15.4827   Cb: 15.8647   Cr: 17.382  )
00000562: 16.2548   (Y': 15.6514   Cb: 15.9607   Cr: 17.3289 )
00000561: 16.265    (Y': 15.5753   Cb: 16.009    Cr: 17.4162 )
00000563: 16.3197   (Y': 15.8551   Cb: 15.9564   Cr: 17.2896 )
00000564: 16.3045   (Y': 15.7595   Cb: 15.9843   Cr: 17.3295 )
00000565: 16.2506   (Y': 15.5902   Cb: 15.9762   Cr: 17.3825 )
00000566: 16.2814   (Y': 15.6022   Cb: 16.0115   Cr: 17.4358 )
00000567: 16.281    (Y': 15.6311   Cb: 16.0158   Cr: 17.3847 )
00000568: 16.2724   (Y': 15.5843   Cb: 16.0557   Cr: 17.3675 )
00000569: 16.3352   (Y': 15.6315   Cb: 16.1123   Cr: 17.4623 )
00000570: 16.3311   (Y': 15.609    Cb: 16.1172   Cr: 17.474  )
00000571: 16.3021   (Y': 15.5674   Cb: 16.0838   Cr: 17.4703 )
00000572: 16.3316   (Y': 15.5187   Cb: 16.1318   Cr: 17.5978 )
00000573: 16.3277   (Y': 15.5182   Cb: 16.1454   Cr: 17.5641 )
00000574: 16.2807   (Y': 15.4815   Cb: 16.0993   Cr: 17.4993 )
00000575: 16.3466   (Y': 15.5508   Cb: 16.1511   Cr: 17.5797 )
00000576: 16.3622   (Y': 15.547    Cb: 16.187    Cr: 17.5982 )
00000577: 16.3744   (Y': 15.6415   Cb: 16.1635   Cr: 17.5298 )
00000578: 16.4063   (Y': 15.6494   Cb: 16.2397   Cr: 17.5386 )
00000579: 16.5799   (Y': 15.796    Cb: 16.4897   Cr: 17.6521 )
00000580: 16.6899   (Y': 15.8005   Cb: 16.6689   Cr: 17.8371 )
00000581: 16.7897   (Y': 15.798    Cb: 16.8476   Cr: 18.0002 )
00000582: 16.8061   (Y': 15.8597   Cb: 16.7933   Cr: 18.0347 )
00000583: 16.6567   (Y': 15.7507   Cb: 16.5933   Cr: 17.8867 )
00000585: 16.5882   (Y': 15.7477   Cb: 16.476    Cr: 17.7784 )
00000584: 16.5833   (Y': 15.7372   Cb: 16.4901   Cr: 17.757  )
00000586: 16.5532   (Y': 15.7221   Cb: 16.4341   Cr: 17.7378 )
00000587: 16.5392   (Y': 15.7352   Cb: 16.4144   Cr: 17.6888 )
00000588: 16.5492   (Y': 15.7616   Cb: 16.3901   Cr: 17.7193 )
00000590: 16.6235   (Y': 15.8692   Cb: 16.4431   Cr: 17.7706 )
00000589: 16.608    (Y': 15.8733   Cb: 16.4609   Cr: 17.6802 )
00000591: 16.668    (Y': 15.8981   Cb: 16.4857   Cr: 17.8417 )
00000592: 16.6722   (Y': 15.8485   Cb: 16.5507   Cr: 17.8481 )
00000593: 16.7113   (Y': 15.79     Cb: 16.6828   Cr: 17.9197 )
00000594: 16.738    (Y': 15.7949   Cb: 16.7499   Cr: 17.9285 )
00000595: 16.806    (Y': 15.9293   Cb: 16.7472   Cr: 17.9828 )
00000596: 16.8129   (Y': 15.9453   Cb: 16.7777   Cr: 17.9439 )
00000597: 16.7886   (Y': 15.9179   Cb: 16.7771   Cr: 17.8938 )
00000598: 16.8187   (Y': 15.8989   Cb: 16.842    Cr: 17.9568 )
00000599: 16.9023   (Y': 15.9616   Cb: 16.8821   Cr: 18.1315 )
00000600: 16.8682   (Y': 15.8384   Cb: 16.9652   Cr: 18.0918 )
00000602: 16.8442   (Y': 15.8652   Cb: 16.8424   Cr: 18.1126 )
00000601: 16.9138   (Y': 15.8395   Cb: 16.9963   Cr: 18.232  )
00000603: 16.7671   (Y': 15.8591   Cb: 16.701    Cr: 18.0042 )
00000604: 16.7237   (Y': 15.7201   Cb: 16.748    Cr: 17.9988 )
00000605: 16.5835   (Y': 15.6693   Cb: 16.5178   Cr: 17.8302 )
00000606: 16.5137   (Y': 15.5938   Cb: 16.4383   Cr: 17.7828 )
00000608: 16.5526   (Y': 15.6922   Cb: 16.417    Cr: 17.8067 )
00000607: 16.5884   (Y': 15.7053   Cb: 16.4945   Cr: 17.8224 )
00000609: 16.507    (Y': 15.7484   Cb: 16.3028   Cr: 17.693  )
00000610: 16.5053   (Y': 15.762    Cb: 16.2931   Cr: 17.6787 )
00000611: 16.4422   (Y': 15.6668   Cb: 16.2731   Cr: 17.6067 )
00000612: 16.4848   (Y': 15.704    Cb: 16.3271   Cr: 17.642  )
00000613: 16.4461   (Y': 15.6521   Cb: 16.2692   Cr: 17.6502 )
00000614: 16.4262   (Y': 15.5809   Cb: 16.2892   Cr: 17.658  )
00000615: 16.4034   (Y': 15.5725   Cb: 16.2772   Cr: 17.5973 )
00000619: 16.5801   (Y': 15.6391   Cb: 16.5168   Cr: 17.8679 )
00000616: 16.4454   (Y': 15.5844   Cb: 16.3691   Cr: 17.62   )
00000617: 16.5763   (Y': 15.6849   Cb: 16.4589   Cr: 17.8559 )
00000618: 16.6073   (Y': 15.7195   Cb: 16.5026   Cr: 17.8636 )
00000620: 16.5868   (Y': 15.684    Cb: 16.5035   Cr: 17.8387 )
00000621: 16.6324   (Y': 15.742    Cb: 16.5351   Cr: 17.8829 )
00000622: 16.6839   (Y': 15.8118   Cb: 16.5493   Cr: 17.9558 )
00000624: 16.7258   (Y': 15.6483   Cb: 16.7213   Cr: 18.1684 )
00000626: 16.728    (Y': 15.6424   Cb: 16.6685   Cr: 18.2633 )
00000623: 16.7038   (Y': 15.6842   Cb: 16.6544   Cr: 18.1067 )
00000627: 16.7224   (Y': 15.6447   Cb: 16.6265   Cr: 18.2962 )
00000625: 16.7517   (Y': 15.6554   Cb: 16.7254   Cr: 18.259  )
00000628: 16.6889   (Y': 15.6234   Cb: 16.5263   Cr: 18.3394 )
00000630: 16.7463   (Y': 15.6724   Cb: 16.5806   Cr: 18.4176 )
00000629: 16.7257   (Y': 15.609    Cb: 16.6005   Cr: 18.4165 )
00000632: 17.0825   (Y': 16.168    Cb: 16.8254   Cr: 18.6028 )
00000631: 16.8651   (Y': 15.9339   Cb: 16.5832   Cr: 18.4529 )
00000633: 17.4465   (Y': 16.428    Cb: 17.374    Cr: 18.8801 )
00000634: 17.3433   (Y': 16.4067   Cb: 17.2219   Cr: 18.7044 )
00000635: 17.1139   (Y': 16.004    Cb: 17.1304   Cr: 18.5856 )
00000636: 17.0212   (Y': 15.8393   Cb: 17.0287   Cr: 18.6393 )
00000638: 17.0566   (Y': 15.8462   Cb: 17.1024   Cr: 18.6739 )
00000637: 17.0263   (Y': 15.7982   Cb: 17.1055   Cr: 18.63   )
00000639: 17.1232   (Y': 15.7851   Cb: 17.2751   Cr: 18.8399 )
00000640: 17.081    (Y': 15.7706   Cb: 17.1801   Cr: 18.8178 )
00000641: 17.1391   (Y': 15.7333   Cb: 17.3451   Cr: 18.9165 )
00000642: 17.1264   (Y': 15.7289   Cb: 17.3166   Cr: 18.9095 )
00000643: 17.131    (Y': 15.7295   Cb: 17.313    Cr: 18.9343 )
00000644: 17.1536   (Y': 15.7052   Cb: 17.4152   Cr: 18.9411 )
00000645: 17.1096   (Y': 15.6097   Cb: 17.4079   Cr: 18.9545 )
00000648: 17.055    (Y': 15.5783   Cb: 17.2552   Cr: 18.9928 )
00000647: 17.1622   (Y': 15.597    Cb: 17.4886   Cr: 19.1105 )
00000646: 17.2475   (Y': 15.6694   Cb: 17.6516   Cr: 19.1137 )
00000649: 16.8692   (Y': 15.4739   Cb: 16.9671   Cr: 18.7845 )
00000650: 16.8172   (Y': 15.449    Cb: 16.915    Cr: 18.6748 )
00000651: 16.745    (Y': 15.4452   Cb: 16.8044   Cr: 18.5188 )
00000652: 16.7058   (Y': 15.4433   Cb: 16.709    Cr: 18.4883 )
00000653: 16.8975   (Y': 15.7086   Cb: 16.8878   Cr: 18.5542 )
00000654: 17.0825   (Y': 15.811    Cb: 17.1892   Cr: 18.7312 )
00000655: 17.1053   (Y': 15.6929   Cb: 17.4324   Cr: 18.7282 )
00000656: 17.0921   (Y': 15.6648   Cb: 17.4273   Cr: 18.734  )
00000658: 17.2915   (Y': 15.7274   Cb: 17.7471   Cr: 19.0564 )
00000657: 17.1597   (Y': 15.6622   Cb: 17.5246   Cr: 18.9064 )
00000659: 17.2212   (Y': 15.6542   Cb: 17.6851   Cr: 18.9811 )
00000660: 17.2223   (Y': 15.675    Cb: 17.6821   Cr: 18.9458 )
00000661: 17.3022   (Y': 15.7933   Cb: 17.6925   Cr: 19.0384 )
00000662: 17.4251   (Y': 15.929    Cb: 17.8137   Cr: 19.1362 )
00000663: 17.3509   (Y': 15.8045   Cb: 17.7927   Cr: 19.0963 )
00000664: 17.3118   (Y': 15.7503   Cb: 17.7931   Cr: 19.0368 )
00000665: 17.443    (Y': 15.869    Cb: 17.8945   Cr: 19.235  )
00000666: 17.4008   (Y': 15.7987   Cb: 17.906    Cr: 19.1812 )
00000667: 17.5087   (Y': 15.8074   Cb: 18.1514   Cr: 19.3262 )
00000668: 17.5057   (Y': 15.7827   Cb: 18.1819   Cr: 19.3286 )
00000669: 17.5728   (Y': 15.843    Cb: 18.2722   Cr: 19.3812 )
00000670: 17.5102   (Y': 15.7566   Cb: 18.1736   Cr: 19.42   )
00000673: 17.2223   (Y': 15.5327   Cb: 17.5736   Cr: 19.4255 )
00000671: 17.2194   (Y': 15.4596   Cb: 17.6631   Cr: 19.4563 )
00000672: 17.2584   (Y': 15.5155   Cb: 17.7164   Cr: 19.4312 )
00000674: 17.242    (Y': 15.4988   Cb: 17.6509   Cr: 19.4901 )
00000675: 17.2072   (Y': 15.4655   Cb: 17.5975   Cr: 19.4796 )
00000676: 17.2903   (Y': 15.5429   Cb: 17.6837   Cr: 19.5723 )
00000677: 17.224    (Y': 15.5419   Cb: 17.5127   Cr: 19.5058 )
00000678: 17.1849   (Y': 15.5554   Cb: 17.4346   Cr: 19.3991 )
00000679: 17.1246   (Y': 15.5496   Cb: 17.2937   Cr: 19.3357 )
00000680: 17.0964   (Y': 15.4927   Cb: 17.3165   Cr: 19.295  )
00000681: 17.0328   (Y': 15.457    Cb: 17.2754   Cr: 19.1307 )
00000683: 17.0899   (Y': 15.5468   Cb: 17.357    Cr: 19.0756 )
00000682: 17.0757   (Y': 15.5249   Cb: 17.3667   Cr: 19.0436 )
00000684: 17.1235   (Y': 15.5652   Cb: 17.3948   Cr: 19.1375 )
00000685: 17.174    (Y': 15.5956   Cb: 17.4877   Cr: 19.171  )
00000686: 17.1233   (Y': 15.543    Cb: 17.4317   Cr: 19.1325 )
00000689: 17.0803   (Y': 15.5336   Cb: 17.3163   Cr: 19.1211 )
00000687: 17.074    (Y': 15.522    Cb: 17.3569   Cr: 19.0561 )
00000688: 17.105    (Y': 15.5325   Cb: 17.3655   Cr: 19.1677 )
00000690: 16.9717   (Y': 15.405    Cb: 17.2458   Cr: 19.0009 )
00000691: 16.8875   (Y': 15.3337   Cb: 17.1108   Cr: 18.9639 )
00000692: 16.9011   (Y': 15.3177   Cb: 17.2219   Cr: 18.8988 )
00000693: 16.8075   (Y': 15.2437   Cb: 17.0748   Cr: 18.8398 )
00000694: 16.8203   (Y': 15.306    Cb: 17.0877   Cr: 18.7415 )
00000696: 16.8018   (Y': 15.1787   Cb: 17.1758   Cr: 18.8127 )
00000695: 16.8677   (Y': 15.2761   Cb: 17.197    Cr: 18.872  )
00000697: 16.8074   (Y': 15.1019   Cb: 17.2557   Cr: 18.9041 )
00000698: 16.8603   (Y': 15.1579   Cb: 17.3265   Cr: 18.9235 )
00000699: 16.9397   (Y': 15.1849   Cb: 17.4917   Cr: 19.0057 )
00000700: 16.9445   (Y': 15.1679   Cb: 17.4866   Cr: 19.0779 )
00000702: 16.9726   (Y': 15.1956   Cb: 17.5135   Cr: 19.1086 )
00000701: 16.8995   (Y': 15.1619   Cb: 17.4008   Cr: 18.9963 )
00000703: 16.894    (Y': 15.1383   Cb: 17.4129   Cr: 19.0094 )
00000704: 16.9161   (Y': 15.1025   Cb: 17.5325   Cr: 19.0341 )
00000705: 16.964    (Y': 15.1754   Cb: 17.5293   Cr: 19.0935 )
00000706: 16.9667   (Y': 15.1281   Cb: 17.6041   Cr: 19.1173 )
00000707: 17.0142   (Y': 15.1883   Cb: 17.6118   Cr: 19.1903 )
00000708: 17.1014   (Y': 15.2789   Cb: 17.7683   Cr: 19.1713 )
00000709: 17.201    (Y': 15.4134   Cb: 17.8332   Cr: 19.2336 )
00000710: 17.2848   (Y': 15.6278   Cb: 17.7163   Cr: 19.2912 )
00000711: 17.3081   (Y': 15.7248   Cb: 17.6767   Cr: 19.236  )
00000712: 17.1489   (Y': 15.6632   Cb: 17.4781   Cr: 18.9198 )
00000713: 17.0808   (Y': 15.681    Cb: 17.362    Cr: 18.7407 )
00000714: 17.3746   (Y': 15.8315   Cb: 17.7965   Cr: 19.1404 )
00000715: 17.4515   (Y': 15.8731   Cb: 17.8719   Cr: 19.2958 )
00000716: 17.3227   (Y': 15.7827   Cb: 17.6883   Cr: 19.1597 )
00000717: 17.2832   (Y': 15.6584   Cb: 17.7287   Cr: 19.1958 )
00000718: 16.9915   (Y': 15.3116   Cb: 17.5137   Cr: 18.923  )
00000719: 16.93     (Y': 15.2097   Cb: 17.505    Cr: 18.8819 )
00000721: 16.6946   (Y': 14.9049   Cb: 17.3438   Cr: 18.7092 )
00000722: 16.7489   (Y': 14.8917   Cb: 17.4256   Cr: 18.8913 )
00000720: 16.6945   (Y': 14.9076   Cb: 17.3348   Cr: 18.7142 )
00000723: 16.7891   (Y': 14.9946   Cb: 17.3984   Cr: 18.8702 )
00000724: 16.9289   (Y': 15.2134   Cb: 17.4907   Cr: 18.8881 )
00000725: 16.905    (Y': 15.2038   Cb: 17.4559   Cr: 18.8459 )
00000726: 16.9406   (Y': 15.1838   Cb: 17.4385   Cr: 19.0893 )
00000729: 16.7875   (Y': 15.1025   Cb: 17.1411   Cr: 18.9755 )
00000727: 16.9197   (Y': 15.2099   Cb: 17.3586   Cr: 19.0406 )
00000730: 16.7995   (Y': 15.1911   Cb: 17.1076   Cr: 18.8737 )
00000728: 16.7927   (Y': 15.0929   Cb: 17.1579   Cr: 18.9998 )
00000731: 16.8718   (Y': 15.21     Cb: 17.2269   Cr: 19.0017 )
00000733: 17.1196   (Y': 15.3913   Cb: 17.5761   Cr: 19.2592 )
00000732: 16.9912   (Y': 15.2748   Cb: 17.4127   Cr: 19.1537 )
00000734: 17.1462   (Y': 15.4601   Cb: 17.6454   Cr: 19.124  )
00000735: 17.1119   (Y': 15.4705   Cb: 17.5877   Cr: 19.0197 )
00000736: 16.983    (Y': 15.4459   Cb: 17.3724   Cr: 18.7802 )
00000737: 17.0677   (Y': 15.4747   Cb: 17.5425   Cr: 18.8693 )
00000738: 16.9233   (Y': 15.3895   Cb: 17.3709   Cr: 18.6345 )
00000739: 16.9306   (Y': 15.4231   Cb: 17.355    Cr: 18.6176 )
00000741: 16.7617   (Y': 15.3549   Cb: 17.2216   Cr: 18.2006 )
00000740: 16.8307   (Y': 15.4311   Cb: 17.2604   Cr: 18.2942 )
00000742: 16.8287   (Y': 15.4043   Cb: 17.2699   Cr: 18.3258 )
00000743: 16.7461   (Y': 15.3984   Cb: 17.1298   Cr: 18.1686 )
00000744: 16.6406   (Y': 15.3226   Cb: 16.9714   Cr: 18.0748 )
00000746: 16.577    (Y': 15.3279   Cb: 16.8287   Cr: 17.9852 )
00000745: 16.6872   (Y': 15.334    Cb: 17.0461   Cr: 18.1518 )
00000747: 16.5039   (Y': 15.3058   Cb: 16.7025   Cr: 17.8883 )
00000749: 16.541    (Y': 15.3981   Cb: 16.598    Cr: 18.016  )
00000748: 16.5253   (Y': 15.3271   Cb: 16.6629   Cr: 17.9918 )
00000751: 16.3756   (Y': 15.2418   Cb: 16.3916   Cr: 17.8918 )
00000752: 16.3825   (Y': 15.2563   Cb: 16.3659   Cr: 17.931  )
00000753: 16.3425   (Y': 15.2149   Cb: 16.3277   Cr: 17.8909 )
00000750: 16.3945   (Y': 15.2552   Cb: 16.4361   Cr: 17.8847 )
00000754: 16.3091   (Y': 15.154    Cb: 16.3459   Cr: 17.8352 )
00000755: 16.3199   (Y': 15.1457   Cb: 16.3809   Cr: 17.847  )
00000756: 16.3625   (Y': 15.1642   Cb: 16.4401   Cr: 17.9116 )
00000757: 16.3761   (Y': 15.1383   Cb: 16.4999   Cr: 17.9353 )
00000759: 16.3942   (Y': 15.1297   Cb: 16.5426   Cr: 17.9706 )
00000758: 16.3708   (Y': 15.1252   Cb: 16.4892   Cr: 17.9527 )
00000760: 16.403    (Y': 15.0964   Cb: 16.5397   Cr: 18.0779 )
00000761: 16.4003   (Y': 15.0946   Cb: 16.5393   Cr: 18.0704 )
00000762: 16.467    (Y': 15.1726   Cb: 16.5705   Cr: 18.1653 )
00000763: 16.4904   (Y': 15.1787   Cb: 16.5995   Cr: 18.2152 )
00000764: 16.4942   (Y': 15.1922   Cb: 16.5907   Cr: 18.218  )
00000765: 16.4113   (Y': 15.1107   Cb: 16.5348   Cr: 18.0934 )
00000767: 16.3085   (Y': 15.0714   Cb: 16.4404   Cr: 17.8555 )
00000766: 16.3126   (Y': 15.0594   Cb: 16.4579   Cr: 17.8715 )
00000768: 16.1674   (Y': 14.9644   Cb: 16.2877   Cr: 17.6661 )
00000769: 16.044    (Y': 14.9236   Cb: 16.1321   Cr: 17.436  )
00000771: 15.9959   (Y': 14.8841   Cb: 16.121    Cr: 17.3236 )
00000770: 16.0471   (Y': 14.8756   Cb: 16.1912   Cr: 17.4558 )
00000772: 15.9433   (Y': 14.9568   Cb: 16.0125   Cr: 17.1307 )
00000773: 16.0429   (Y': 14.953    Cb: 16.1979   Cr: 17.2933 )
00000775: 16.8488   (Y': 15.2283   Cb: 17.4748   Cr: 18.5114 )
00000774: 16.7027   (Y': 15.1798   Cb: 17.3181   Cr: 18.1775 )
00000777: 16.4545   (Y': 14.9986   Cb: 17.1458   Cr: 17.7106 )
00000776: 16.8002   (Y': 15.307    Cb: 17.528    Cr: 18.0844 )
00000778: 16.1816   (Y': 14.962    Cb: 16.4006   Cr: 17.5785 )
00000779: 16.0308   (Y': 14.9558   Cb: 16.1014   Cr: 17.3663 )
00000780: 16.5253   (Y': 15.2351   Cb: 16.7169   Cr: 18.0916 )
00000782: 16.6839   (Y': 15.4147   Cb: 16.8812   Cr: 18.2019 )
00000781: 16.4977   (Y': 15.2947   Cb: 16.7158   Cr: 17.8657 )
00000784: 16.0214   (Y': 15.1506   Cb: 15.9612   Cr: 17.1902 )
00000785: 16.123    (Y': 15.1862   Cb: 16.1896   Cr: 17.233  )
00000783: 16.585    (Y': 15.4573   Cb: 16.6631   Cr: 18.0034 )
00000786: 16.0786   (Y': 15.1506   Cb: 16.2534   Cr: 17.0409 )
00000787: 16.0221   (Y': 15.1785   Cb: 16.1065   Cr: 16.9647 )
00000789: 16.0346   (Y': 15.303    Cb: 15.9294   Cr: 17.0474 )
00000788: 16.0194   (Y': 15.3168   Cb: 15.9555   Cr: 16.9367 )
00000790: 15.8733   (Y': 15.0843   Cb: 15.7245   Cr: 17.0314 )
00000792: 15.7348   (Y': 14.8927   Cb: 15.5554   Cr: 17.0199 )
00000791: 15.7281   (Y': 14.9537   Cb: 15.5124   Cr: 16.9549 )
00000793: 15.6901   (Y': 14.8117   Cb: 15.5116   Cr: 17.0336 )
00000794: 15.7481   (Y': 14.757    Cb: 15.6574   Cr: 17.1594 )
00000795: 15.7658   (Y': 14.7454   Cb: 15.6609   Cr: 17.249  )
00000796: 15.9184   (Y': 14.6949   Cb: 15.9515   Cr: 17.5794 )
00000798: 16.009    (Y': 14.6236   Cb: 16.1794   Cr: 17.7955 )
00000797: 15.9731   (Y': 14.6744   Cb: 16.0439   Cr: 17.7279 )
00000799: 16.0284   (Y': 14.5887   Cb: 16.3015   Cr: 17.7812 )
00000800: 16.164    (Y': 14.5939   Cb: 16.6451   Cr: 17.9074 )
00000801: 16.2324   (Y': 14.6304   Cb: 16.7515   Cr: 17.9938 )
00000802: 16.3435   (Y': 14.7162   Cb: 16.965    Cr: 18.0262 )
00000803: 16.3827   (Y': 14.7928   Cb: 16.9684   Cr: 18.0314 )
00000804: 16.3869   (Y': 14.8744   Cb: 16.9468   Cr: 17.9087 )
00000805: 16.3409   (Y': 14.9279   Cb: 16.8135   Cr: 17.7762 )
00000806: 16.3682   (Y': 15.1436   Cb: 16.7416   Cr: 17.5791 )
00000807: 16.3983   (Y': 15.2935   Cb: 16.6956   Cr: 17.4968 )
00000808: 17.1924   (Y': 15.5244   Cb: 18.0905   Cr: 18.6278 )
00000809: 17.141    (Y': 15.7614   Cb: 17.7437   Cr: 18.3575 )
00000810: 17.2365   (Y': 15.8251   Cb: 17.8843   Cr: 18.4598 )
00000811: 17.0094   (Y': 15.8047   Cb: 17.4843   Cr: 18.067  )
00000812: 16.5216   (Y': 15.5752   Cb: 16.7061   Cr: 17.5009 )
00000813: 16.3404   (Y': 15.6741   Cb: 16.3006   Cr: 17.176  )
00000814: 16.7281   (Y': 15.7721   Cb: 16.9507   Cr: 17.6769 )
00000817: 16.5413   (Y': 15.7198   Cb: 16.6714   Cr: 17.3963 )
00000815: 16.7249   (Y': 15.6856   Cb: 17.0327   Cr: 17.7047 )
00000816: 16.5342   (Y': 15.6482   Cb: 16.7442   Cr: 17.3913 )
00000818: 16.4815   (Y': 15.5823   Cb: 16.6082   Cr: 17.4578 )
00000819: 16.5299   (Y': 15.6681   Cb: 16.6404   Cr: 17.4687 )
00000820: 16.6121   (Y': 15.7718   Cb: 16.7625   Cr: 17.471  )
00000821: 16.5457   (Y': 15.6898   Cb: 16.6762   Cr: 17.4515 )
00000822: 16.5738   (Y': 15.6819   Cb: 16.6435   Cr: 17.6089 )
00000823: 16.7835   (Y': 15.8829   Cb: 16.881    Cr: 17.7973 )
00000824: 16.8753   (Y': 15.8702   Cb: 17.0543   Cr: 17.9546 )
00000825: 16.9224   (Y': 15.9049   Cb: 17.1326   Cr: 17.9835 )
00000826: 16.9203   (Y': 16.0365   Cb: 17.0137   Cr: 17.9135 )
00000828: 16.7851   (Y': 15.8949   Cb: 16.9158   Cr: 17.7426 )
00000827: 16.7383   (Y': 15.8727   Cb: 16.7566   Cr: 17.7973 )
00000829: 16.711    (Y': 15.7988   Cb: 16.9146   Cr: 17.6153 )
00000830: 16.6894   (Y': 15.7624   Cb: 16.9064   Cr: 17.6004 )
00000831: 16.6446   (Y': 15.6909   Cb: 16.8861   Cr: 17.5679 )
00000832: 16.6076   (Y': 15.611    Cb: 16.8884   Cr: 17.5512 )
00000833: 16.5768   (Y': 15.5529   Cb: 16.8306   Cr: 17.5954 )
00000834: 16.3454   (Y': 15.2698   Cb: 16.5917   Cr: 17.4574 )
00000836: 16.1543   (Y': 15.0331   Cb: 16.3749   Cr: 17.375  )
00000835: 16.2615   (Y': 15.1818   Cb: 16.4656   Cr: 17.4324 )
00000837: 16.079    (Y': 14.9484   Cb: 16.2932   Cr: 17.3241 )
00000838: 16.0385   (Y': 14.8105   Cb: 16.3469   Cr: 17.3357 )
00000839: 16.0614   (Y': 14.7704   Cb: 16.3896   Cr: 17.4485 )
00000840: 16.1292   (Y': 14.6841   Cb: 16.6258   Cr: 17.5968 )
00000841: 16.1681   (Y': 14.6808   Cb: 16.7117   Cr: 17.6605 )
00000842: 16.2704   (Y': 14.6918   Cb: 16.8816   Cr: 17.8635 )
00000845: 16.4331   (Y': 14.7496   Cb: 17.1321   Cr: 18.1389 )
00000843: 16.4013   (Y': 14.7934   Cb: 17.0193   Cr: 18.0473 )
00000844: 16.4363   (Y': 14.7582   Cb: 17.1322   Cr: 18.1343 )
00000846: 16.3901   (Y': 14.7332   Cb: 17.068    Cr: 18.0649 )
00000849: 16.3801   (Y': 14.6532   Cb: 17.1313   Cr: 18.1161 )
00000848: 16.356    (Y': 14.6702   Cb: 17.0532   Cr: 18.0694 )
00000847: 16.34     (Y': 14.6529   Cb: 17.0351   Cr: 18.0585 )
00000850: 16.4522   (Y': 14.7148   Cb: 17.2269   Cr: 18.1818 )
00000851: 16.4064   (Y': 14.6741   Cb: 17.1684   Cr: 18.1408 )
00000852: 16.3206   (Y': 14.5781   Cb: 17.1002   Cr: 18.0554 )
00000853: 16.2273   (Y': 14.5252   Cb: 16.9686   Cr: 17.921  )
00000854: 16.0536   (Y': 14.4232   Cb: 16.7588   Cr: 17.6379 )
00000855: 16.0152   (Y': 14.4179   Cb: 16.6973   Cr: 17.5593 )
00000858: 16.0674   (Y': 14.5659   Cb: 16.6059   Cr: 17.5944 )
00000857: 16.0508   (Y': 14.476    Cb: 16.6172   Cr: 17.6929 )
00000856: 16.0302   (Y': 14.4583   Cb: 16.6011   Cr: 17.6603 )
00000859: 16.119    (Y': 14.6659   Cb: 16.6624   Cr: 17.544  )
00000860: 16.1508   (Y': 14.729    Cb: 16.6333   Cr: 17.5907 )
00000861: 16.0971   (Y': 14.7114   Cb: 16.54     Cr: 17.5169 )
00000862: 16.0698   (Y': 14.7343   Cb: 16.3973   Cr: 17.5414 )
00000865: 16.0583   (Y': 14.8391   Cb: 16.2762   Cr: 17.4556 )
00000864: 16.0629   (Y': 14.8445   Cb: 16.3269   Cr: 17.3993 )
00000863: 16.1711   (Y': 14.8584   Cb: 16.5484   Cr: 17.5364 )
00000866: 16.0589   (Y': 14.874    Cb: 16.212    Cr: 17.48   )
00000867: 15.9837   (Y': 14.8142   Cb: 16.1082   Cr: 17.4149 )
00000868: 15.8488   (Y': 14.747    Cb: 15.8187   Cr: 17.3715 )
00000869: 15.9046   (Y': 14.7508   Cb: 15.9204   Cr: 17.458  )
00000870: 15.9273   (Y': 14.7103   Cb: 15.8419   Cr: 17.7538 )
00000871: 15.9539   (Y': 14.7287   Cb: 15.8548   Cr: 17.8179 )
00000872: 15.9827   (Y': 14.7249   Cb: 15.9395   Cr: 17.8263 )
00000873: 15.9733   (Y': 14.6605   Cb: 15.9594   Cr: 17.8852 )
00000874: 16.0824   (Y': 14.7416   Cb: 16.233    Cr: 17.806  )
00000875: 16.18     (Y': 14.7801   Cb: 16.3916   Cr: 17.9376 )
00000876: 16.304    (Y': 14.7919   Cb: 16.656    Cr: 18.0994 )
00000877: 16.3629   (Y': 14.7983   Cb: 16.7728   Cr: 18.1917 )
00000878: 16.4047   (Y': 14.8124   Cb: 16.8653   Cr: 18.2239 )
00000879: 16.401    (Y': 14.8097   Cb: 16.8661   Cr: 18.2124 )
00000880: 16.4351   (Y': 14.7835   Cb: 16.9698   Cr: 18.2854 )
00000881: 16.3871   (Y': 14.7669   Cb: 16.8978   Cr: 18.2001 )
00000882: 16.3575   (Y': 14.7621   Cb: 16.8767   Cr: 18.1047 )
00000883: 16.2927   (Y': 14.7495   Cb: 16.7861   Cr: 17.963  )
00000884: 16.244    (Y': 14.6731   Cb: 16.7564   Cr: 17.9478 )
00000885: 16.2652   (Y': 14.6556   Cb: 16.8158   Cr: 18.0017 )
00000886: 16.2055   (Y': 14.6046   Cb: 16.7399   Cr: 17.9444 )
00000887: 16.1991   (Y': 14.6304   Cb: 16.6716   Cr: 17.951  )
00000888: 16.1319   (Y': 14.5376   Cb: 16.636    Cr: 17.897  )
00000891: 15.9608   (Y': 14.3998   Cb: 16.4937   Cr: 17.617  )
00000889: 16.1262   (Y': 14.5401   Cb: 16.6189   Cr: 17.8888 )
00000890: 15.999    (Y': 14.4294   Cb: 16.5347   Cr: 17.6695 )
00000892: 15.9299   (Y': 14.3456   Cb: 16.4958   Cr: 17.5924 )
00000893: 15.9185   (Y': 14.3019   Cb: 16.4951   Cr: 17.6362 )
00000895: 15.9333   (Y': 14.2891   Cb: 16.5071   Cr: 17.7147 )
00000894: 15.8974   (Y': 14.2411   Cb: 16.4745   Cr: 17.7012 )
00000896: 15.9351   (Y': 14.2472   Cb: 16.5361   Cr: 17.7775 )
00000898: 15.9798   (Y': 14.2505   Cb: 16.5963   Cr: 17.8965 )
00000897: 15.9523   (Y': 14.245    Cb: 16.5866   Cr: 17.7945 )
00000899: 16.0378   (Y': 14.2956   Cb: 16.6579   Cr: 17.9791 )
00000901: 16.0845   (Y': 14.3491   Cb: 16.6824   Cr: 18.0404 )
00000900: 16.0817   (Y': 14.3688   Cb: 16.6556   Cr: 18.0179 )
00000903: 16.0617   (Y': 14.3481   Cb: 16.6033   Cr: 18.0445 )
00000902: 16.0636   (Y': 14.2942   Cb: 16.7001   Cr: 18.0471 )
00000904: 16.0857   (Y': 14.3995   Cb: 16.6295   Cr: 18.0017 )
00000906: 16.0639   (Y': 14.4949   Cb: 16.4726   Cr: 17.904  )
00000905: 16.0893   (Y': 14.4137   Cb: 16.6175   Cr: 18.0027 )
00000908: 15.9      (Y': 14.4373   Cb: 16.1861   Cr: 17.6829 )
00000907: 16.0093   (Y': 14.4761   Cb: 16.3865   Cr: 17.8154 )
00000909: 15.872    (Y': 14.403    Cb: 16.1272   Cr: 17.7126 )
00000910: 15.9015   (Y': 14.5259   Cb: 16.0741   Cr: 17.6648 )
00000911: 15.8764   (Y': 14.5363   Cb: 15.9978   Cr: 17.6411 )
00000912: 15.9016   (Y': 14.57     Cb: 15.9828   Cr: 17.708  )
00000913: 15.8283   (Y': 14.5019   Cb: 15.9064   Cr: 17.6288 )
00000914: 15.6419   (Y': 14.3304   Cb: 15.7334   Cr: 17.3921 )
00000916: 16.6495   (Y': 15.196    Cb: 17.2421   Cr: 18.0159 )
00000915: 15.9684   (Y': 14.6435   Cb: 16.2649   Cr: 17.4604 )
00000917: 16.8369   (Y': 15.3724   Cb: 17.2866   Cr: 18.4025 )
00000918: 16.7726   (Y': 15.5314   Cb: 17.0167   Cr: 18.1762 )
00000919: 16.537    (Y': 15.4333   Cb: 16.6124   Cr: 17.9165 )
00000920: 16.3364   (Y': 15.3218   Cb: 16.3811   Cr: 17.6027 )
00000922: 16.4801   (Y': 15.5244   Cb: 16.4357   Cr: 17.7666 )
00000921: 16.341    (Y': 15.363    Cb: 16.36     Cr: 17.5799 )
00000923: 16.3728   (Y': 15.403    Cb: 16.2671   Cr: 17.7683 )
00000924: 16.4937   (Y': 15.471    Cb: 16.4173   Cr: 17.9403 )
00000925: 16.5337   (Y': 15.4843   Cb: 16.4806   Cr: 17.9945 )
00000927: 16.4492   (Y': 15.5528   Cb: 16.1913   Cr: 17.9393 )
00000926: 16.5018   (Y': 15.5741   Cb: 16.2989   Cr: 17.9645 )
00000929: 16.3406   (Y': 15.607    Cb: 15.9428   Cr: 17.7668 )
00000928: 16.446    (Y': 15.6487   Cb: 16.11     Cr: 17.8845 )
00000930: 15.9119   (Y': 15.3232   Cb: 15.3465   Cr: 17.3642 )
00000931: 15.751    (Y': 15.1345   Cb: 15.1856   Cr: 17.248  )
00000932: 15.5325   (Y': 14.8906   Cb: 14.9915   Cr: 17.0321 )
00000933: 15.4969   (Y': 14.8185   Cb: 14.9666   Cr: 17.0394 )
00000935: 15.392    (Y': 14.5231   Cb: 14.9025   Cr: 17.2019 )
00000934: 15.4466   (Y': 14.6472   Cb: 14.9194   Cr: 17.1932 )
00000936: 15.5323   (Y': 14.6152   Cb: 15.182    Cr: 17.2019 )
00000937: 15.5368   (Y': 14.6146   Cb: 15.1921   Cr: 17.2066 )
00000938: 15.7728   (Y': 14.8572   Cb: 15.5296   Cr: 17.2743 )
00000940: 16.0036   (Y': 15.0118   Cb: 15.8416   Cr: 17.519  )
00000939: 15.8879   (Y': 14.9338   Cb: 15.6955   Cr: 17.3813 )
00000941: 16.0735   (Y': 15.0285   Cb: 15.9961   Cr: 17.5608 )
00000943: 16.0802   (Y': 14.9745   Cb: 16.0804   Cr: 17.567  )
00000942: 16.0879   (Y': 14.968    Cb: 16.111    Cr: 17.5682 )
00000944: 16.1148   (Y': 14.9898   Cb: 16.1706   Cr: 17.5592 )
00000945: 16.0656   (Y': 14.9499   Cb: 16.1164   Cr: 17.4997 )
00000946: 16.1342   (Y': 14.9042   Cb: 16.2934   Cr: 17.6303 )
00000947: 16.1801   (Y': 14.8518   Cb: 16.4432   Cr: 17.723  )
00000949: 16.1635   (Y': 14.8135   Cb: 16.4645   Cr: 17.6978 )
00000948: 16.1413   (Y': 14.7883   Cb: 16.4299   Cr: 17.6979 )
00000951: 16.2601   (Y': 14.8198   Cb: 16.6634   Cr: 17.8375 )
00000950: 16.2194   (Y': 14.8163   Cb: 16.5913   Cr: 17.764  )
00000953: 16.314    (Y': 14.9185   Cb: 16.6883   Cr: 17.8405 )
00000952: 16.3031   (Y': 14.8718   Cb: 16.6964   Cr: 17.8758 )
00000954: 16.334    (Y': 15.0002   Cb: 16.7159   Cr: 17.7325 )
00000956: 16.1061   (Y': 14.8034   Cb: 16.3699   Cr: 17.5989 )
00000955: 16.3005   (Y': 14.9593   Cb: 16.6781   Cr: 17.7185 )
00000957: 16.0363   (Y': 14.7078   Cb: 16.2554   Cr: 17.6394 )
00000958: 15.9874   (Y': 14.6837   Cb: 16.1274   Cr: 17.6521 )
00000959: 16.0086   (Y': 14.7669   Cb: 16.1214   Cr: 17.591  )
00000960: 16.2302   (Y': 15.0635   Cb: 16.2754   Cr: 17.766  )
00000961: 16.3253   (Y': 15.1914   Cb: 16.3754   Cr: 17.7938 )
00000962: 16.5345   (Y': 15.4401   Cb: 16.551    Cr: 17.9781 )
00000965: 16.7358   (Y': 15.6999   Cb: 16.7079   Cr: 18.1372 )
00000964: 16.6351   (Y': 15.6425   Cb: 16.5978   Cr: 17.9748 )
00000963: 16.6003   (Y': 15.5208   Cb: 16.6183   Cr: 18.0149 )
00000966: 16.7898   (Y': 15.6632   Cb: 16.7608   Cr: 18.3564 )
00000967: 16.7206   (Y': 15.5861   Cb: 16.6991   Cr: 18.2913 )
00000968: 16.5791   (Y': 15.5511   Cb: 16.4966   Cr: 18.0437 )
00000969: 16.5052   (Y': 15.5005   Cb: 16.4277   Cr: 17.9216 )
00000971: 16.2001   (Y': 15.3182   Cb: 16.0648   Cr: 17.489  )
00000970: 16.2711   (Y': 15.3783   Cb: 16.1375   Cr: 17.5756 )
00000972: 15.8505   (Y': 15.0226   Cb: 15.6393   Cr: 17.1571 )
00000974: 15.6396   (Y': 14.7424   Cb: 15.3575   Cr: 17.1676 )
00000973: 15.7503   (Y': 14.874    Cb: 15.5199   Cr: 17.1651 )
00000975: 15.5817   (Y': 14.677    Cb: 15.3031   Cr: 17.1176 )
00000976: 15.6561   (Y': 14.6111   Cb: 15.4799   Cr: 17.2893 )
00000978: 15.8407   (Y': 14.717    Cb: 15.844    Cr: 17.356  )
00000977: 15.709    (Y': 14.632    Cb: 15.6187   Cr: 17.2732 )
00000979: 15.9274   (Y': 14.7852   Cb: 15.9215   Cr: 17.49   )
00000980: 15.9782   (Y': 14.7084   Cb: 16.0278   Cr: 17.7062 )
00000981: 16.0007   (Y': 14.7051   Cb: 16.0816   Cr: 17.7343 )
00000982: 15.9983   (Y': 14.6394   Cb: 16.1206   Cr: 17.8001 )
00000983: 16.0298   (Y': 14.6999   Cb: 16.1342   Cr: 17.7984 )
00000984: 15.9688   (Y': 14.6123   Cb: 16.0732   Cr: 17.7921 )
00000985: 15.9678   (Y': 14.5616   Cb: 16.1158   Cr: 17.8312 )
00000986: 15.931    (Y': 14.5314   Cb: 16.0797   Cr: 17.7793 )
00000987: 15.9588   (Y': 14.5687   Cb: 16.1014   Cr: 17.7961 )
00000988: 15.9513   (Y': 14.5385   Cb: 16.0883   Cr: 17.8452 )
00000989: 15.9775   (Y': 14.5588   Cb: 16.1328   Cr: 17.8566 )
00000990: 16.0019   (Y': 14.5828   Cb: 16.1787   Cr: 17.8498 )
00000991: 15.9486   (Y': 14.6369   Cb: 16.0542   Cr: 17.6786 )
00000992: 15.937    (Y': 14.7348   Cb: 15.9737   Cr: 17.5517 )
00000993: 15.9439   (Y': 14.7655   Cb: 15.9689   Cr: 17.53   )
00000994: 16.0421   (Y': 14.9605   Cb: 16.0142   Cr: 17.525  )
00000997: 15.9829   (Y': 14.9337   Cb: 15.8929   Cr: 17.4963 )
00000995: 16.039    (Y': 14.9896   Cb: 16.0254   Cr: 17.4442 )
00000996: 16.0347   (Y': 15.0306   Cb: 15.9518   Cr: 17.4576 )
00000998: 15.8952   (Y': 14.8911   Cb: 15.6926   Cr: 17.4934 )
00000999: 15.8461   (Y': 14.8397   Cb: 15.6058   Cr: 17.5062 )
00001001: 15.7894   (Y': 14.7831   Cb: 15.5467   Cr: 17.4529 )
00001002: 15.7698   (Y': 14.754    Cb: 15.5024   Cr: 17.4899 )
00001000: 15.8196   (Y': 14.8009   Cb: 15.5607   Cr: 17.5316 )
00001003: 15.7929   (Y': 14.743    Cb: 15.544    Cr: 17.548  )
00001004: 15.9127   (Y': 14.7767   Cb: 15.7289   Cr: 17.7316 )
00001005: 15.9499   (Y': 14.7499   Cb: 15.8464   Cr: 17.77   )
00001006: 16.0394   (Y': 14.8191   Cb: 16.0088   Cr: 17.7884 )
00001007: 16.0893   (Y': 14.856    Cb: 16.0831   Cr: 17.8276 )
00001008: 16.1647   (Y': 14.8342   Cb: 16.2898   Cr: 17.9045 )
00001009: 16.197    (Y': 14.8769   Cb: 16.3256   Cr: 17.9105 )
00001010: 16.2189   (Y': 14.9156   Cb: 16.3583   Cr: 17.8834 )
00001011: 16.184    (Y': 14.8753   Cb: 16.3244   Cr: 17.8582 )
00001013: 16.1272   (Y': 14.7723   Cb: 16.2794   Cr: 17.8775 )
00001012: 16.1974   (Y': 14.8566   Cb: 16.3462   Cr: 17.924  )
00001014: 16.1803   (Y': 14.7771   Cb: 16.3173   Cr: 18.0535 )
00001015: 16.1789   (Y': 14.7328   Cb: 16.2949   Cr: 18.177  )
00001016: 16.0845   (Y': 14.7049   Cb: 16.0979   Cr: 18.0968 )
00001017: 16.0389   (Y': 14.6835   Cb: 16.0649   Cr: 17.9792 )
00001018: 15.8946   (Y': 14.6331   Cb: 15.8293   Cr: 17.7803 )
00001019: 15.8609   (Y': 14.6005   Cb: 15.7495   Cr: 17.8173 )
00001021: 15.9212   (Y': 14.6685   Cb: 15.8585   Cr: 17.7846 )
00001022: 15.9439   (Y': 14.6935   Cb: 15.8559   Cr: 17.8423 )
00001020: 15.9142   (Y': 14.6498   Cb: 15.8095   Cr: 17.8683 )
00001023: 15.9217   (Y': 14.6763   Cb: 15.818    Cr: 17.8349 )
00001026: 16.0445   (Y': 14.6705   Cb: 16.1151   Cr: 17.9557 )
00001025: 15.9915   (Y': 14.6984   Cb: 16.0214   Cr: 17.7959 )
00001024: 15.9483   (Y': 14.7135   Cb: 15.8814   Cr: 17.7819 )
00001027: 16.0746   (Y': 14.6464   Cb: 16.2249   Cr: 17.9815 )
00001029: 16.2581   (Y': 14.7826   Cb: 16.5125   Cr: 18.1135 )
00001028: 16.1736   (Y': 14.7053   Cb: 16.3876   Cr: 18.0724 )
00001030: 16.2821   (Y': 14.7468   Cb: 16.622    Cr: 18.1447 )
00001031: 16.3596   (Y': 14.7746   Cb: 16.7965   Cr: 18.1955 )
00001033: 16.4849   (Y': 14.9527   Cb: 16.9434   Cr: 18.178  )
00001032: 16.3874   (Y': 14.8122   Cb: 16.8409   Cr: 18.1794 )
00001034: 16.4442   (Y': 14.9436   Cb: 16.8309   Cr: 18.1677 )
00001035: 16.4285   (Y': 14.9805   Cb: 16.7336   Cr: 18.1541 )
00001036: 16.4367   (Y': 14.9864   Cb: 16.799    Cr: 18.0887 )
00001037: 16.4337   (Y': 14.9717   Cb: 16.8095   Cr: 18.0916 )
00001038: 16.4141   (Y': 15.0258   Cb: 16.7203   Cr: 18.0167 )
00001039: 16.39     (Y': 15.0344   Cb: 16.603    Cr: 18.0555 )
00001040: 16.2173   (Y': 14.9504   Cb: 16.286    Cr: 17.9116 )
00001041: 16.2085   (Y': 14.9068   Cb: 16.302    Cr: 17.9362 )
00001042: 16.2679   (Y': 14.9063   Cb: 16.4082   Cr: 18.0491 )
00001043: 16.1649   (Y': 14.8618   Cb: 16.2896   Cr: 17.85   )
00001044: 16.2229   (Y': 14.8388   Cb: 16.402    Cr: 17.9944 )
00001045: 16.1666   (Y': 14.7447   Cb: 16.3867   Cr: 17.9576 )
00001046: 16.1372   (Y': 14.7354   Cb: 16.4438   Cr: 17.7664 )
00001047: 16.1295   (Y': 14.7164   Cb: 16.4766   Cr: 17.7267 )
00001048: 16.1088   (Y': 14.6552   Cb: 16.583    Cr: 17.6213 )
00001049: 16.1249   (Y': 14.6742   Cb: 16.643    Cr: 17.5766 )
00001050: 16.1691   (Y': 14.6516   Cb: 16.788    Cr: 17.6287 )
00001051: 16.1794   (Y': 14.6094   Cb: 16.8644   Cr: 17.6644 )
00001052: 16.1136   (Y': 14.5472   Cb: 16.8214   Cr: 17.5638 )
00001053: 16.1209   (Y': 14.5874   Cb: 16.7847   Cr: 17.5578 )
00001054: 16.0934   (Y': 14.4883   Cb: 16.9276   Cr: 17.4741 )
00001055: 16.0836   (Y': 14.4472   Cb: 16.9857   Cr: 17.4506 )
00001056: 16.1639   (Y': 14.4942   Cb: 17.1207   Cr: 17.5369 )
00001057: 16.2469   (Y': 14.5239   Cb: 17.2465   Cr: 17.6819 )
00001059: 16.3534   (Y': 14.5693   Cb: 17.456    Cr: 17.8032 )
00001058: 16.3746   (Y': 14.5615   Cb: 17.4698   Cr: 17.8941 )
00001060: 16.1446   (Y': 14.4928   Cb: 17.1824   Cr: 17.395  )
00001061: 15.936    (Y': 14.3812   Cb: 16.8422   Cr: 17.1404 )
00001062: 15.7045   (Y': 14.2661   Cb: 16.4851   Cr: 16.8292 )
00001063: 15.7165   (Y': 14.2821   Cb: 16.4316   Cr: 16.9058 )
00001064: 15.8397   (Y': 14.3766   Cb: 16.4985   Cr: 17.1463 )
00001066: 16.0063   (Y': 14.5143   Cb: 16.4632   Cr: 17.6183 )
00001067: 15.9751   (Y': 14.5182   Cb: 16.3723   Cr: 17.5941 )
00001065: 15.9157   (Y': 14.4666   Cb: 16.4155   Cr: 17.387  )
00001068: 15.9764   (Y': 14.4841   Cb: 16.2948   Cr: 17.7766 )
00001069: 16.0091   (Y': 14.5041   Cb: 16.2979   Cr: 17.8786 )
00001070: 15.99     (Y': 14.5057   Cb: 16.2668   Cr: 17.8321 )
00001071: 16.0744   (Y': 14.5722   Cb: 16.4      Cr: 17.8857 )
00001072: 16.1872   (Y': 14.7081   Cb: 16.5564   Cr: 17.8893 )
00001074: 16.2442   (Y': 14.8408   Cb: 16.5125   Cr: 17.9291 )
00001073: 16.2699   (Y': 14.7721   Cb: 16.6348   Cr: 18.0171 )
00001075: 16.1717   (Y': 14.7494   Cb: 16.4816   Cr: 17.8381 )
00001076: 16.0263   (Y': 14.5176   Cb: 16.4194   Cr: 17.758  )
00001077: 15.9992   (Y': 14.4857   Cb: 16.4041   Cr: 17.7249 )
00001080: 15.9653   (Y': 14.4413   Cb: 16.4495   Cr: 17.6073 )
00001078: 15.9285   (Y': 14.4716   Cb: 16.2878   Cr: 17.5984 )
00001079: 15.9247   (Y': 14.4068   Cb: 16.3424   Cr: 17.6423 )
00001082: 15.9336   (Y': 14.3743   Cb: 16.4506   Cr: 17.6069 )
00001081: 15.9508   (Y': 14.4321   Cb: 16.4469   Cr: 17.5668 )
00001083: 15.992    (Y': 14.3853   Cb: 16.5402   Cr: 17.7252 )
00001084: 16.0318   (Y': 14.3722   Cb: 16.6769   Cr: 17.754  )
00001085: 16.0597   (Y': 14.368    Cb: 16.7009   Cr: 17.858  )
00001086: 16.0618   (Y': 14.3424   Cb: 16.7707   Cr: 17.8343 )
00001087: 16.1208   (Y': 14.3672   Cb: 16.8836   Cr: 17.9017 )
00001088: 16.2499   (Y': 14.4076   Cb: 17.0576   Cr: 18.1792 )
00001089: 16.3822   (Y': 14.6148   Cb: 17.1099   Cr: 18.2398 )
00001090: 16.5368   (Y': 14.8355   Cb: 17.0913   Cr: 18.4729 )
00001091: 16.5337   (Y': 14.8914   Cb: 17.0023   Cr: 18.4538 )
00001092: 16.6147   (Y': 14.9664   Cb: 16.9905   Cr: 18.6819 )
00001093: 16.6072   (Y': 14.9808   Cb: 16.969    Cr: 18.6436 )
00001094: 16.6759   (Y': 15.0062   Cb: 17.0865   Cr: 18.7422 )
00001095: 16.6585   (Y': 15.028    Cb: 17.0048   Cr: 18.7277 )
00001096: 16.5949   (Y': 15.0022   Cb: 16.9106   Cr: 18.6214 )
00001098: 16.459    (Y': 14.8782   Cb: 16.7637   Cr: 18.4744 )
00001097: 16.5883   (Y': 14.9778   Cb: 16.9109   Cr: 18.646  )
00001099: 16.3387   (Y': 14.8117   Cb: 16.6362   Cr: 18.2443 )
00001100: 16.3079   (Y': 14.7766   Cb: 16.6188   Cr: 18.2036 )
00001101: 16.2337   (Y': 14.6895   Cb: 16.5581   Cr: 18.1381 )
00001102: 16.3264   (Y': 14.7281   Cb: 16.6977   Cr: 18.2845 )
00001104: 16.5348   (Y': 14.8862   Cb: 16.9303   Cr: 18.5736 )
00001103: 16.3927   (Y': 14.7819   Cb: 16.7608   Cr: 18.3839 )
00001105: 16.5088   (Y': 14.8837   Cb: 16.8871   Cr: 18.5183 )
00001106: 16.5727   (Y': 14.994    Cb: 16.9344   Cr: 18.5001 )
00001107: 16.5324   (Y': 14.9654   Cb: 16.901    Cr: 18.4241 )
00001109: 16.4434   (Y': 14.9164   Cb: 16.7972   Cr: 18.2683 )
00001108: 16.4929   (Y': 14.9811   Cb: 16.8167   Cr: 18.3274 )
00001110: 16.3677   (Y': 14.7744   Cb: 16.7917   Cr: 18.2397 )
00001111: 16.3653   (Y': 14.7995   Cb: 16.7228   Cr: 18.2704 )
00001112: 16.3622   (Y': 14.9315   Cb: 16.6041   Cr: 18.1406 )
00001115: 16.5737   (Y': 15.1772   Cb: 16.7806   Cr: 18.3308 )
00001113: 16.4056   (Y': 14.9707   Cb: 16.6727   Cr: 18.1569 )
00001114: 16.5055   (Y': 15.1089   Cb: 16.7493   Cr: 18.2109 )
00001116: 16.5614   (Y': 15.1891   Cb: 16.7168   Cr: 18.343  )
00001117: 16.4543   (Y': 15.0789   Cb: 16.581    Cr: 18.284  )
00001118: 16.3277   (Y': 14.8805   Cb: 16.523    Cr: 18.2084 )
00001119: 16.3344   (Y': 14.8963   Cb: 16.5135   Cr: 18.2198 )
00001120: 16.3516   (Y': 14.845    Cb: 16.5384   Cr: 18.3757 )
00001123: 16.3453   (Y': 14.7725   Cb: 16.6376   Cr: 18.3609 )
00001121: 16.4182   (Y': 14.8991   Cb: 16.5778   Cr: 18.5129 )
00001122: 16.4061   (Y': 14.8705   Cb: 16.6389   Cr: 18.4265 )
00001124: 16.2392   (Y': 14.5557   Cb: 16.6216   Cr: 18.3805 )
00001125: 16.2496   (Y': 14.5515   Cb: 16.6877   Cr: 18.3433 )
00001126: 16.3141   (Y': 14.6366   Cb: 16.8014   Cr: 18.2886 )
00001127: 16.3273   (Y': 14.6258   Cb: 16.855    Cr: 18.3009 )
00001128: 16.3492   (Y': 14.6162   Cb: 16.9157   Cr: 18.3426 )
00001129: 16.4173   (Y': 14.7056   Cb: 16.9859   Cr: 18.3581 )
00001130: 16.4634   (Y': 14.7141   Cb: 17.1044   Cr: 18.3934 )
00001131: 16.4812   (Y': 14.6806   Cb: 17.1575   Cr: 18.4848 )
00001133: 16.5429   (Y': 14.626    Cb: 17.3134   Cr: 18.7058 )
00001132: 16.5154   (Y': 14.6265   Cb: 17.2851   Cr: 18.6086 )
00001134: 16.6048   (Y': 14.7165   Cb: 17.3427   Cr: 18.74   )
00001135: 16.5975   (Y': 14.7522   Cb: 17.3101   Cr: 18.6603 )
00001136: 16.6186   (Y': 14.71     Cb: 17.3768   Cr: 18.7771 )
00001137: 16.5946   (Y': 14.6514   Cb: 17.3573   Cr: 18.8364 )
00001138: 16.4963   (Y': 14.584    Cb: 17.2618   Cr: 18.6543 )
00001139: 16.4779   (Y': 14.604    Cb: 17.2128   Cr: 18.5809 )
00001140: 16.4959   (Y': 14.6223   Cb: 17.2572   Cr: 18.5624 )
00001141: 16.4655   (Y': 14.5923   Cb: 17.274    Cr: 18.4684 )
00001142: 16.4113   (Y': 14.5351   Cb: 17.2394   Cr: 18.3952 )
00001143: 16.3978   (Y': 14.5322   Cb: 17.2169   Cr: 18.368  )
00001144: 16.4063   (Y': 14.5519   Cb: 17.1695   Cr: 18.423  )
00001145: 16.3926   (Y': 14.5602   Cb: 17.1246   Cr: 18.3977 )
00001146: 16.4198   (Y': 14.6134   Cb: 17.0749   Cr: 18.4665 )
00001147: 16.4342   (Y': 14.6241   Cb: 17.0509   Cr: 18.5434 )
00001148: 16.4696   (Y': 14.7014   Cb: 17.0496   Cr: 18.528  )
00001149: 16.549    (Y': 14.7957   Cb: 17.12     Cr: 18.5846 )
00001150: 16.6498   (Y': 14.8902   Cb: 17.2635   Cr: 18.6412 )
00001151: 16.6786   (Y': 14.8757   Cb: 17.3044   Cr: 18.7573 )
00001152: 16.6588   (Y': 14.7901   Cb: 17.351    Cr: 18.8083 )
00001153: 16.6783   (Y': 14.7527   Cb: 17.4323   Cr: 18.8866 )
00001154: 16.7918   (Y': 14.8653   Cb: 17.5644   Cr: 18.9769 )
00001155: 16.7586   (Y': 14.8859   Cb: 17.43     Cr: 18.9472 )
00001156: 16.9134   (Y': 15.1841   Cb: 17.4882   Cr: 18.8866 )
00001158: 16.8458   (Y': 15.2418   Cb: 17.2845   Cr: 18.7214 )
00001157: 16.9992   (Y': 15.2542   Cb: 17.5907   Cr: 18.9864 )
00001159: 16.8245   (Y': 15.2264   Cb: 17.2029   Cr: 18.7718 )
00001160: 16.7973   (Y': 15.2361   Cb: 17.1218   Cr: 18.7395 )
00001162: 16.8283   (Y': 15.3414   Cb: 17.0507   Cr: 18.7551 )
00001161: 16.8152   (Y': 15.2554   Cb: 17.126    Cr: 18.7742 )
00001163: 16.7946   (Y': 15.2916   Cb: 17.0391   Cr: 18.7243 )
00001164: 16.7593   (Y': 15.2698   Cb: 16.9922   Cr: 18.6768 )
00001165: 16.7513   (Y': 15.2999   Cb: 16.96     Cr: 18.6215 )
00001166: 16.6593   (Y': 15.3283   Cb: 16.7722   Cr: 18.4178 )
00001167: 16.6368   (Y': 15.3795   Cb: 16.7236   Cr: 18.2863 )
00001168: 16.5395   (Y': 15.3321   Cb: 16.6108   Cr: 18.1147 )
00001170: 16.4296   (Y': 15.2311   Cb: 16.5059   Cr: 17.9809 )
00001169: 16.4877   (Y': 15.3144   Cb: 16.5256   Cr: 18.046  )
00001171: 16.3521   (Y': 15.1161   Cb: 16.4574   Cr: 17.9339 )
00001172: 16.1941   (Y': 14.9059   Cb: 16.3753   Cr: 17.7707 )
00001174: 15.9298   (Y': 14.4844   Cb: 16.2773   Cr: 17.5918 )
00001173: 16.1338   (Y': 14.8157   Cb: 16.3672   Cr: 17.6971 )
00001175: 15.8338   (Y': 14.3373   Cb: 16.201    Cr: 17.5753 )
00001176: 15.7563   (Y': 14.2595   Cb: 16.1298   Cr: 17.4898 )
00001179: 15.7438   (Y': 14.229    Cb: 16.1356   Cr: 17.4902 )
00001178: 15.7219   (Y': 14.2156   Cb: 16.0924   Cr: 17.4795 )
00001177: 15.729    (Y': 14.2496   Cb: 16.0925   Cr: 17.4395 )
00001180: 15.7676   (Y': 14.2166   Cb: 16.1778   Cr: 17.5664 )
00001181: 15.758    (Y': 14.22     Cb: 16.1406   Cr: 17.5667 )
00001182: 15.7845   (Y': 14.1951   Cb: 16.206    Cr: 17.6514 )
00001183: 15.7987   (Y': 14.2332   Cb: 16.2069   Cr: 17.6314 )
00001184: 15.9616   (Y': 14.3864   Cb: 16.4073   Cr: 17.7637 )
00001185: 15.9316   (Y': 14.3672   Cb: 16.3325   Cr: 17.7719 )
00001186: 16.0768   (Y': 14.5047   Cb: 16.5028   Cr: 17.8996 )
00001187: 16.0429   (Y': 14.4933   Cb: 16.4514   Cr: 17.8409 )
00001188: 16.142    (Y': 14.6157   Cb: 16.5188   Cr: 17.9335 )
00001189: 16.161    (Y': 14.6276   Cb: 16.5729   Cr: 17.9194 )
00001190: 16.1693   (Y': 14.6606   Cb: 16.5156   Cr: 17.9656 )
00001191: 16.1687   (Y': 14.6468   Cb: 16.5298   Cr: 17.9725 )
00001192: 16.1519   (Y': 14.6361   Cb: 16.4663   Cr: 18.0087 )
00001193: 16.1761   (Y': 14.6287   Cb: 16.5393   Cr: 18.0321 )
00001194: 16.1502   (Y': 14.5641   Cb: 16.577    Cr: 18.0023 )
00001195: 16.1489   (Y': 14.5616   Cb: 16.536    Cr: 18.0599 )
00001196: 16.1348   (Y': 14.5514   Cb: 16.5444   Cr: 18.0053 )
Total: 16.2994   (Y': 15.0187   Cb: 16.5868   Cr: 17.7197 )
