./ps4_degrader: invalid option -- 'v'
Capturing with the following configuration:
 - Capture device: DeckLink 4K Extreme 12G
 - Video mode: 720p59.94
 - Pixel format: 8 bit BGRA (4:4:4:x)
[libx264 @ 0x1ee8e40] using cpu capabilities: MMX2 SSE2Fast SSSE3 SSE4.2 AVX AVX2 FMA3 LZCNT BMI2
[libx264 @ 0x1ee8e40] profile High 4:2:2 Intra, level 3.1, 4:2:2 8-bit
PLAYBACK (hw timestamp): Frame 33 Displayed Late. Expected (+/- 5%): 50000
	Timestamp delay: 66565
	Hardware timestamp delay: 66715
PLAYBACK (hw timestamp): Frame 444 Displayed Late. Expected (+/- 5%): 50000
	Timestamp delay: 166840
	Hardware timestamp delay: 166815
[libx264 @ 0x1ee8e40] frame I:600   Avg QP:33.00  size: 26942
[libx264 @ 0x1ee8e40] mb I  I16..4: 33.4% 51.2% 15.4%
[libx264 @ 0x1ee8e40] final ratefactor: 39.07
[libx264 @ 0x1ee8e40] 8x8 transform intra:51.2%
[libx264 @ 0x1ee8e40] coded y,uvDC,uvAC intra: 32.9% 34.0% 7.0%
[libx264 @ 0x1ee8e40] i16 v,h,dc,p: 36% 36% 19%  9%
[libx264 @ 0x1ee8e40] i8 v,h,dc,ddl,ddr,vr,hd,vl,hu: 15% 22% 36%  4%  4%  5%  5%  3%  6%
[libx264 @ 0x1ee8e40] i4 v,h,dc,ddl,ddr,vr,hd,vl,hu: 17% 28% 23%  5%  6%  5%  7%  4%  6%
[libx264 @ 0x1ee8e40] i8c dc,h,v,p: 78% 12%  8%  2%
[libx264 @ 0x1ee8e40] kb/s:4310.64
Stopping Capture
