00000000: 16.8728   (Y': 15.2893   Cb: 17.5236   Cr: 18.4266 )
00000004: 16.8306   (Y': 15.359    Cb: 17.3173   Cr: 18.363  )
00000006: 17.1408   (Y': 15.565    Cb: 17.6991   Cr: 18.7951 )
00000007: 17.0132   (Y': 15.5047   Cb: 17.5118   Cr: 18.605  )
00000001: 16.6201   (Y': 15.1347   Cb: 17.1392   Cr: 18.1393 )
00000003: 16.3775   (Y': 14.9725   Cb: 16.7993   Cr: 17.8615 )
00000002: 16.4972   (Y': 15.1054   Cb: 16.9074   Cr: 17.9705 )
00000005: 17.1888   (Y': 15.6339   Cb: 17.7399   Cr: 18.8089 )
00000008: 16.7127   (Y': 15.2803   Cb: 17.1252   Cr: 18.2625 )
00000010: 16.6058   (Y': 15.1386   Cb: 17.0946   Cr: 18.127  )
00000011: 16.5675   (Y': 15.0888   Cb: 17.1363   Cr: 18.0116 )
00000009: 16.7178   (Y': 15.3179   Cb: 17.1306   Cr: 18.2033 )
00000012: 16.8027   (Y': 15.2735   Cb: 17.3912   Cr: 18.3228 )
00000014: 16.8983   (Y': 15.3525   Cb: 17.4827   Cr: 18.4575 )
00000015: 16.8498   (Y': 15.3467   Cb: 17.3708   Cr: 18.4021 )
00000013: 16.8311   (Y': 15.2401   Cb: 17.4472   Cr: 18.4441 )
00000016: 17.0124   (Y': 15.5531   Cb: 17.4736   Cr: 18.5528 )
00000017: 17.0094   (Y': 15.5242   Cb: 17.4698   Cr: 18.6031 )
00000019: 17.1484   (Y': 15.5018   Cb: 17.6884   Cr: 18.9802 )
00000020: 17.3363   (Y': 15.6304   Cb: 17.9264   Cr: 19.2343 )
00000018: 17.117    (Y': 15.5217   Cb: 17.6169   Cr: 18.89   )
00000021: 17.3906   (Y': 15.7017   Cb: 17.9883   Cr: 19.24   )
00000022: 17.47     (Y': 15.7866   Cb: 18.1075   Cr: 19.2543 )
00000024: 17.7356   (Y': 16.0444   Cb: 18.3835   Cr: 19.524  )
00000025: 17.7781   (Y': 16.0459   Cb: 18.4311   Cr: 19.6523 )
00000026: 17.9137   (Y': 16.2265   Cb: 18.5113   Cr: 19.7593 )
00000027: 18.0487   (Y': 16.4704   Cb: 18.54     Cr: 19.7964 )
00000023: 17.6116   (Y': 15.9722   Cb: 18.2539   Cr: 19.2937 )
00000028: 18.0769   (Y': 16.5984   Cb: 18.5107   Cr: 19.6917 )
00000029: 17.9906   (Y': 16.4883   Cb: 18.4683   Cr: 19.5967 )
00000030: 17.5897   (Y': 16.1226   Cb: 18.0159   Cr: 19.1913 )
00000031: 17.5439   (Y': 16.1188   Cb: 17.9496   Cr: 19.0878 )
00000033: 17.2867   (Y': 15.9423   Cb: 17.5868   Cr: 18.8112 )
00000032: 17.2585   (Y': 15.8349   Cb: 17.6231   Cr: 18.8537 )
00000035: 16.831    (Y': 15.4125   Cb: 17.049    Cr: 18.618  )
00000037: 16.661    (Y': 15.2436   Cb: 17.0403   Cr: 18.224  )
00000034: 16.9981   (Y': 15.6444   Cb: 17.2981   Cr: 18.5408 )
00000036: 16.7371   (Y': 15.3506   Cb: 17.0405   Cr: 18.3399 )
00000038: 17.0874   (Y': 15.6137   Cb: 17.5512   Cr: 18.6535 )
00000039: 17.2957   (Y': 15.7029   Cb: 17.8374   Cr: 19.0077 )
00000040: 16.9161   (Y': 15.326    Cb: 17.5294   Cr: 18.5306 )
00000041: 16.4541   (Y': 14.8093   Cb: 16.9769   Cr: 18.305  )
00000042: 16.6116   (Y': 15.0064   Cb: 17.2091   Cr: 18.2779 )
00000043: 16.59     (Y': 15.0463   Cb: 17.3061   Cr: 17.9857 )
00000044: 16.6673   (Y': 15.0952   Cb: 17.4176   Cr: 18.0793 )
00000045: 16.6107   (Y': 15.044    Cb: 17.2267   Cr: 18.173  )
00000046: 17.4928   (Y': 15.706    Cb: 18.1914   Cr: 19.4338 )
00000047: 17.927    (Y': 16.1881   Cb: 18.5362   Cr: 19.8757 )
00000048: 17.9927   (Y': 16.3467   Cb: 18.5973   Cr: 19.7377 )
00000049: 17.4068   (Y': 15.9756   Cb: 17.8215   Cr: 18.9511 )
00000050: 16.3744   (Y': 14.9622   Cb: 16.6898   Cr: 18.0124 )
00000051: 16.4386   (Y': 15.0046   Cb: 16.7984   Cr: 18.0611 )
00000052: 16.3425   (Y': 15.0491   Cb: 16.6634   Cr: 17.7434 )
00000053: 16.4273   (Y': 15.1564   Cb: 16.8059   Cr: 17.7144 )
00000055: 16.3337   (Y': 14.9857   Cb: 16.873    Cr: 17.5666 )
00000054: 16.3775   (Y': 15.0654   Cb: 16.847    Cr: 17.6285 )
00000057: 15.9312   (Y': 14.4959   Cb: 16.5861   Cr: 17.1905 )
00000056: 16.0013   (Y': 14.5721   Cb: 16.6401   Cr: 17.2676 )
00000059: 15.9788   (Y': 14.4613   Cb: 16.7135   Cr: 17.3018 )
00000058: 15.9258   (Y': 14.414    Cb: 16.6571   Cr: 17.2416 )
00000060: 15.7528   (Y': 14.3415   Cb: 16.2569   Cr: 17.1457 )
00000061: 15.6306   (Y': 14.2704   Cb: 16.0603   Cr: 17.0186 )
00000062: 15.6255   (Y': 14.3522   Cb: 15.9802   Cr: 16.9466 )
00000063: 15.8968   (Y': 14.5264   Cb: 16.4289   Cr: 17.1791 )
00000064: 15.6457   (Y': 14.3875   Cb: 16.0828   Cr: 16.8392 )
00000065: 15.8762   (Y': 14.7244   Cb: 16.2621   Cr: 16.9478 )
00000066: 15.8386   (Y': 14.6579   Cb: 16.2172   Cr: 16.9678 )
00000067: 15.6129   (Y': 14.4685   Cb: 15.9431   Cr: 16.7382 )
00000068: 15.3316   (Y': 14.1576   Cb: 15.6187   Cr: 16.5605 )
00000070: 15.1526   (Y': 13.971    Cb: 15.3984   Cr: 16.4467 )
00000069: 15.2435   (Y': 14.0619   Cb: 15.543    Cr: 16.4702 )
00000071: 15.068    (Y': 13.8723   Cb: 15.3108   Cr: 16.3909 )
00000073: 15.1719   (Y': 13.9174   Cb: 15.4381   Cr: 16.5715 )
00000072: 15.2952   (Y': 14.0638   Cb: 15.5893   Cr: 16.6165 )
00000074: 15.1098   (Y': 13.9125   Cb: 15.2936   Cr: 16.5124 )
00000075: 15.1121   (Y': 13.9103   Cb: 15.2933   Cr: 16.5261 )
00000076: 15.0616   (Y': 13.8631   Cb: 15.2285   Cr: 16.489  )
00000077: 15.0556   (Y': 13.8466   Cb: 15.2342   Cr: 16.4865 )
00000078: 15.1834   (Y': 13.944    Cb: 15.4208   Cr: 16.5922 )
00000079: 15.0974   (Y': 13.8927   Cb: 15.3079   Cr: 16.4783 )
00000080: 15.0151   (Y': 13.8819   Cb: 15.141    Cr: 16.3793 )
00000081: 15.0456   (Y': 13.9046   Cb: 15.2149   Cr: 16.3663 )
00000082: 15.0407   (Y': 13.9246   Cb: 15.1957   Cr: 16.3367 )
00000085: 15.1255   (Y': 13.9906   Cb: 15.3008   Cr: 16.4281 )
00000084: 15.0881   (Y': 13.9659   Cb: 15.2502   Cr: 16.3855 )
00000083: 15.0652   (Y': 13.9393   Cb: 15.2462   Cr: 16.3445 )
00000086: 15.1471   (Y': 13.9975   Cb: 15.3255   Cr: 16.4713 )
00000087: 15.1759   (Y': 14.0264   Cb: 15.3519   Cr: 16.5029 )
00000089: 15.2169   (Y': 13.9793   Cb: 15.4126   Cr: 16.678  )
00000088: 15.2115   (Y': 14.0046   Cb: 15.4008   Cr: 16.6244 )
00000091: 15.2572   (Y': 13.9914   Cb: 15.4737   Cr: 16.7431 )
00000090: 15.2264   (Y': 13.9685   Cb: 15.427    Cr: 16.7189 )
00000092: 15.2986   (Y': 14.0611   Cb: 15.4818   Cr: 16.7763 )
00000093: 15.2649   (Y': 14.0149   Cb: 15.45     Cr: 16.7634 )
00000094: 15.2751   (Y': 14.0351   Cb: 15.4548   Cr: 16.7621 )
00000095: 15.2908   (Y': 14.0603   Cb: 15.458    Cr: 16.7769 )
00000096: 15.2717   (Y': 14.0235   Cb: 15.4375   Cr: 16.7929 )
00000097: 15.298    (Y': 14.0496   Cb: 15.4894   Cr: 16.785  )
00000099: 15.4974   (Y': 14.1473   Cb: 15.7771   Cr: 17.0603 )
00000100: 15.2718   (Y': 13.8664   Cb: 15.5178   Cr: 16.992  )
00000098: 15.4174   (Y': 14.1138   Cb: 15.6761   Cr: 16.9187 )
00000101: 15.2652   (Y': 13.9209   Cb: 15.5291   Cr: 16.8379 )
00000102: 15.3193   (Y': 13.9532   Cb: 15.625    Cr: 16.8788 )
00000103: 15.253    (Y': 13.7776   Cb: 15.6536   Cr: 16.9053 )
00000104: 15.0108   (Y': 13.518    Cb: 15.414    Cr: 16.6958 )
00000105: 15.0032   (Y': 13.5667   Cb: 15.3817   Cr: 16.6057 )
00000106: 15.3191   (Y': 13.8697   Cb: 15.7699   Cr: 16.8532 )
00000108: 15.4951   (Y': 14.013    Cb: 15.933    Cr: 17.1116 )
00000107: 15.4563   (Y': 13.9987   Cb: 15.9175   Cr: 16.9933 )
00000109: 15.4705   (Y': 13.9988   Cb: 15.8836   Cr: 17.0986 )
00000110: 15.362    (Y': 13.9115   Cb: 15.704    Cr: 17.0419 )
00000111: 15.2864   (Y': 13.8606   Cb: 15.5644   Cr: 17.0037 )
00000112: 15.2009   (Y': 13.7786   Cb: 15.4512   Cr: 16.95   )
00000113: 15.1676   (Y': 13.7604   Cb: 15.3938   Cr: 16.9195 )
00000114: 15.1298   (Y': 13.7323   Cb: 15.3233   Cr: 16.9084 )
00000115: 15.111    (Y': 13.7209   Cb: 15.2942   Cr: 16.889  )
00000116: 15.1507   (Y': 13.7772   Cb: 15.3311   Cr: 16.8983 )
00000117: 15.1412   (Y': 13.7646   Cb: 15.3367   Cr: 16.8737 )
00000118: 15.2262   (Y': 13.8411   Cb: 15.4377   Cr: 16.9531 )
00000119: 15.2605   (Y': 13.8769   Cb: 15.4626   Cr: 16.9981 )
00000120: 15.3965   (Y': 13.9796   Cb: 15.675    Cr: 17.0946 )
00000121: 15.4138   (Y': 13.9764   Cb: 15.6997   Cr: 17.1439 )
00000123: 15.624    (Y': 14.2046   Cb: 16.0006   Cr: 17.195  )
00000122: 15.516    (Y': 14.0954   Cb: 15.864    Cr: 17.1272 )
00000124: 15.6951   (Y': 14.2629   Cb: 16.0864   Cr: 17.2719 )
00000125: 15.7254   (Y': 14.285    Cb: 16.1276   Cr: 17.3046 )
00000126: 15.7928   (Y': 14.298    Cb: 16.215    Cr: 17.4562 )
00000127: 15.8672   (Y': 14.318    Cb: 16.3464   Cr: 17.5686 )
00000128: 15.9072   (Y': 14.3578   Cb: 16.3753   Cr: 17.6243 )
00000129: 15.9515   (Y': 14.3894   Cb: 16.4299   Cr: 17.6816 )
00000130: 16.017    (Y': 14.4347   Cb: 16.5176   Cr: 17.7609 )
00000132: 16.0743   (Y': 14.4415   Cb: 16.6044   Cr: 17.8885 )
00000131: 16.0106   (Y': 14.4012   Cb: 16.5099   Cr: 17.815  )
00000133: 16.0602   (Y': 14.4218   Cb: 16.5915   Cr: 17.8855 )
00000135: 16.1152   (Y': 14.4831   Cb: 16.6338   Cr: 17.9437 )
00000134: 16.0983   (Y': 14.4723   Cb: 16.5951   Cr: 17.9427 )
00000136: 16.1712   (Y': 14.5435   Cb: 16.7185   Cr: 17.9516 )
00000137: 16.1901   (Y': 14.5642   Cb: 16.7469   Cr: 17.9538 )
00000138: 16.3137   (Y': 14.6531   Cb: 16.9182   Cr: 18.0907 )
00000139: 16.3011   (Y': 14.6463   Cb: 16.9373   Cr: 18.0246 )
00000140: 16.4994   (Y': 14.8778   Cb: 17.1446   Cr: 18.1401 )
00000141: 16.5993   (Y': 14.9843   Cb: 17.2473   Cr: 18.2223 )
00000142: 16.8142   (Y': 15.1554   Cb: 17.5228   Cr: 18.4547 )
00000143: 16.8135   (Y': 15.1025   Cb: 17.5577   Cr: 18.523  )
00000144: 16.6677   (Y': 14.924    Cb: 17.3904   Cr: 18.4775 )
00000145: 16.7693   (Y': 15.0363   Cb: 17.4985   Cr: 18.5466 )
00000148: 16.9516   (Y': 15.2169   Cb: 17.6806   Cr: 18.7327 )
00000147: 16.9616   (Y': 15.2242   Cb: 17.7121   Cr: 18.7215 )
00000146: 16.9174   (Y': 15.1928   Cb: 17.6478   Cr: 18.6744 )
00000149: 16.9428   (Y': 15.1712   Cb: 17.6708   Cr: 18.8094 )
00000150: 16.863    (Y': 15.0713   Cb: 17.5451   Cr: 18.8373 )
00000151: 16.8391   (Y': 15.044    Cb: 17.5038   Cr: 18.845  )
00000152: 16.786    (Y': 14.9548   Cb: 17.508    Cr: 18.8013 )
00000153: 16.8103   (Y': 14.9682   Cb: 17.5538   Cr: 18.8236 )
00000155: 16.7707   (Y': 14.8794   Cb: 17.601    Cr: 18.7892 )
00000156: 16.7343   (Y': 14.8192   Cb: 17.5452   Cr: 18.8379 )
00000154: 16.7944   (Y': 14.9033   Cb: 17.6114   Cr: 18.8297 )
00000157: 16.7343   (Y': 14.8099   Cb: 17.54     Cr: 18.8682 )
00000158: 16.7465   (Y': 14.7653   Cb: 17.6212   Cr: 18.9335 )
00000160: 16.7556   (Y': 14.7912   Cb: 17.6494   Cr: 18.8737 )
00000159: 16.7341   (Y': 14.7644   Cb: 17.5901   Cr: 18.9165 )
00000162: 16.8195   (Y': 14.8157   Cb: 17.7454   Cr: 18.9967 )
00000161: 16.761    (Y': 14.7987   Cb: 17.6256   Cr: 18.9124 )
00000164: 16.8698   (Y': 14.8468   Cb: 17.8328   Cr: 19.0481 )
00000163: 16.8153   (Y': 14.8303   Cb: 17.7488   Cr: 18.934  )
00000166: 16.979    (Y': 14.8991   Cb: 18.018    Cr: 19.2085 )
00000165: 16.9147   (Y': 14.8781   Cb: 17.8919   Cr: 19.1103 )
00000168: 16.9783   (Y': 14.8912   Cb: 17.9541   Cr: 19.3125 )
00000167: 17.0061   (Y': 14.9119   Cb: 17.9921   Cr: 19.346  )
00000169: 17.0504   (Y': 14.952    Cb: 18.0011   Cr: 19.451  )
00000170: 16.9698   (Y': 14.86     Cb: 17.9817   Cr: 19.3182 )
00000171: 16.9496   (Y': 14.8645   Cb: 17.9302   Cr: 19.2715 )
00000172: 16.8469   (Y': 14.8015   Cb: 17.8216   Cr: 19.0693 )
00000173: 16.8118   (Y': 14.7641   Cb: 17.7858   Cr: 19.0412 )
00000174: 16.7239   (Y': 14.712    Cb: 17.6394   Cr: 18.9364 )
00000176: 16.5831   (Y': 14.5461   Cb: 17.4699   Cr: 18.9025 )
00000175: 16.6708   (Y': 14.6126   Cb: 17.6152   Cr: 18.9686 )
00000177: 16.5827   (Y': 14.5639   Cb: 17.438    Cr: 18.8966 )
00000178: 16.6275   (Y': 14.6451   Cb: 17.4627   Cr: 18.8715 )
00000179: 16.6207   (Y': 14.6645   Cb: 17.4477   Cr: 18.8073 )
00000180: 16.654    (Y': 14.7055   Cb: 17.5154   Cr: 18.7748 )
00000181: 16.6549   (Y': 14.7067   Cb: 17.5217   Cr: 18.7673 )
00000182: 16.5882   (Y': 14.6644   Cb: 17.4215   Cr: 18.6835 )
00000183: 16.5109   (Y': 14.6359   Cb: 17.287    Cr: 18.5609 )
00000184: 16.5829   (Y': 14.6692   Cb: 17.384    Cr: 18.696  )
00000185: 16.539    (Y': 14.657    Cb: 17.2962   Cr: 18.6321 )
00000189: 16.6166   (Y': 14.7175   Cb: 17.4468   Cr: 18.6544 )
00000188: 16.5613   (Y': 14.6556   Cb: 17.4324   Cr: 18.5616 )
00000186: 16.5627   (Y': 14.6192   Cb: 17.3755   Cr: 18.7357 )
00000187: 16.7023   (Y': 14.731    Cb: 17.5819   Cr: 18.8569 )
00000190: 16.8068   (Y': 14.964    Cb: 17.6812   Cr: 18.6521 )
00000191: 16.7202   (Y': 14.9361   Cb: 17.6871   Cr: 18.322  )
00000192: 16.6344   (Y': 14.783    Cb: 17.5896   Cr: 18.4007 )
00000193: 16.849    (Y': 14.9794   Cb: 17.7583   Cr: 18.714  )
00000194: 16.8817   (Y': 14.9665   Cb: 17.7547   Cr: 18.9034 )
00000195: 17.0098   (Y': 15.0362   Cb: 17.8852   Cr: 19.1759 )
00000197: 16.9558   (Y': 14.889    Cb: 17.6024   Cr: 19.7222 )
00000196: 17.0829   (Y': 15.0666   Cb: 17.7274   Cr: 19.7025 )
00000198: 17.16     (Y': 15.0734   Cb: 17.8518   Cr: 19.9135 )
00000199: 17.0791   (Y': 15.0133   Cb: 17.7206   Cr: 19.8508 )
00000200: 17.0076   (Y': 14.9915   Cb: 17.6247   Cr: 19.6703 )
00000201: 17.0617   (Y': 15.0369   Cb: 17.6943   Cr: 19.7254 )
00000202: 17.2796   (Y': 15.2675   Cb: 17.8908   Cr: 19.9402 )
00000203: 17.322    (Y': 15.347    Cb: 17.9311   Cr: 19.879  )
00000204: 17.5245   (Y': 15.6588   Cb: 18.0722   Cr: 19.8764 )
00000205: 17.626    (Y': 15.7805   Cb: 18.1624   Cr: 19.9421 )
00000206: 17.7328   (Y': 15.9995   Cb: 18.2626   Cr: 19.7784 )
00000207: 17.6777   (Y': 15.933    Cb: 18.2851   Cr: 19.6423 )
00000208: 17.6537   (Y': 15.8324   Cb: 18.3095   Cr: 19.7358 )
00000213: 17.3202   (Y': 15.3451   Cb: 17.8994   Cr: 19.9246 )
00000210: 17.4761   (Y': 15.6022   Cb: 18.1195   Cr: 19.7083 )
00000209: 17.4875   (Y': 15.6632   Cb: 18.1399   Cr: 19.5816 )
00000211: 17.3917   (Y': 15.4575   Cb: 18.0898   Cr: 19.7023 )
00000212: 17.2509   (Y': 15.2867   Cb: 17.8479   Cr: 19.796  )
00000214: 17.3964   (Y': 15.4      Cb: 18.0667   Cr: 19.9186 )
00000215: 17.39     (Y': 15.3821   Cb: 18.0733   Cr: 19.9253 )
00000216: 17.3137   (Y': 15.2437   Cb: 18.0877   Cr: 19.8896 )
00000218: 17.3034   (Y': 15.1746   Cb: 18.1386   Cr: 19.9605 )
00000217: 17.3335   (Y': 15.2303   Cb: 18.1275   Cr: 19.9766 )
00000219: 17.3025   (Y': 15.1774   Cb: 18.0969   Cr: 20.0113 )
00000220: 17.3408   (Y': 15.2448   Cb: 18.0992   Cr: 20.0175 )
00000221: 17.3366   (Y': 15.2245   Cb: 18.1111   Cr: 20.037  )
00000222: 17.2854   (Y': 15.2538   Cb: 17.951    Cr: 19.9163 )
00000223: 17.2826   (Y': 15.2056   Cb: 17.9467   Cr: 20.0518 )
00000224: 17.2098   (Y': 15.1135   Cb: 17.8617   Cr: 20.0586 )
00000226: 17.312    (Y': 15.1722   Cb: 18.0645   Cr: 20.1324 )
00000225: 17.224    (Y': 15.0929   Cb: 17.9222   Cr: 20.1056 )
00000228: 17.3572   (Y': 15.1776   Cb: 18.1995   Cr: 20.1595 )
00000227: 17.3125   (Y': 15.1678   Cb: 18.061    Cr: 20.1547 )
00000229: 17.3175   (Y': 15.2032   Cb: 18.0962   Cr: 20.0177 )
00000230: 17.4073   (Y': 15.2506   Cb: 18.2579   Cr: 20.126  )
00000231: 17.4357   (Y': 15.2951   Cb: 18.2393   Cr: 20.1775 )
00000232: 17.5203   (Y': 15.2902   Cb: 18.4699   Cr: 20.3163 )
00000233: 17.5171   (Y': 15.2797   Cb: 18.4751   Cr: 20.3239 )
00000234: 17.5111   (Y': 15.2546   Cb: 18.4982   Cr: 20.3345 )
00000235: 17.5143   (Y': 15.2315   Cb: 18.5934   Cr: 20.2843 )
00000236: 17.4749   (Y': 15.2078   Cb: 18.4562   Cr: 20.3415 )
00000238: 17.3952   (Y': 15.165    Cb: 18.3004   Cr: 20.2601 )
00000237: 17.442    (Y': 15.1596   Cb: 18.4223   Cr: 20.3604 )
00000239: 17.3512   (Y': 15.1474   Cb: 18.2242   Cr: 20.1821 )
00000240: 17.1553   (Y': 15.0011   Cb: 17.9828   Cr: 19.9022 )
00000241: 17.1149   (Y': 14.9576   Cb: 17.9548   Cr: 19.8518 )
00000243: 16.9557   (Y': 14.841    Cb: 17.7337   Cr: 19.6586 )
00000242: 17.0126   (Y': 14.8722   Cb: 17.8348   Cr: 19.7248 )
00000244: 16.9511   (Y': 14.8028   Cb: 17.8414   Cr: 19.584  )
00000245: 16.9489   (Y': 14.8298   Cb: 17.805    Cr: 19.5458 )
00000247: 16.9067   (Y': 14.8114   Cb: 17.7837   Cr: 19.4033 )
00000246: 16.9497   (Y': 14.8416   Cb: 17.8732   Cr: 19.4163 )
00000248: 16.8126   (Y': 14.7728   Cb: 17.6285   Cr: 19.2404 )
00000249: 16.7903   (Y': 14.7787   Cb: 17.5977   Cr: 19.1519 )
00000250: 16.8158   (Y': 14.8044   Cb: 17.6429   Cr: 19.1492 )
00000251: 16.796    (Y': 14.7706   Cb: 17.6569   Cr: 19.12   )
00000252: 16.7793   (Y': 14.8623   Cb: 17.5717   Cr: 18.9125 )
00000253: 16.7163   (Y': 14.8313   Cb: 17.4902   Cr: 18.7942 )
00000254: 16.6708   (Y': 14.7797   Cb: 17.5068   Cr: 18.6812 )
00000255: 16.7394   (Y': 14.8449   Cb: 17.6255   Cr: 18.6933 )
00000256: 16.9601   (Y': 14.9557   Cb: 17.9255   Cr: 19.0866 )
00000257: 17.0618   (Y': 15.033    Cb: 18.0792   Cr: 19.1841 )
00000258: 17.2455   (Y': 15.2688   Cb: 18.2726   Cr: 19.2233 )
00000259: 17.2801   (Y': 15.2982   Cb: 18.3498   Cr: 19.218  )
00000260: 17.5249   (Y': 15.5925   Cb: 18.5286   Cr: 19.4229 )
00000261: 18.4903   (Y': 16.3615   Cb: 19.6783   Cr: 20.6603 )
00000262: 18.3936   (Y': 16.4422   Cb: 19.3454   Cr: 20.4033 )
00000263: 18.4659   (Y': 16.4868   Cb: 19.402    Cr: 20.5656 )
00000264: 18.1168   (Y': 16.2735   Cb: 19.0204   Cr: 19.9275 )
00000265: 17.8335   (Y': 16.0327   Cb: 18.7098   Cr: 19.5799 )
00000266: 17.7196   (Y': 15.9843   Cb: 18.4249   Cr: 19.5328 )
00000267: 17.7976   (Y': 16.0171   Cb: 18.6436   Cr: 19.5353 )
00000268: 17.7885   (Y': 15.8806   Cb: 18.7656   Cr: 19.6603 )
00000269: 17.5772   (Y': 15.6853   Cb: 18.4369   Cr: 19.5586 )
00000270: 17.2646   (Y': 15.4654   Cb: 17.7787   Cr: 19.4947 )
00000271: 17.2235   (Y': 15.4089   Cb: 17.6927   Cr: 19.5613 )
00000272: 17.4894   (Y': 15.5131   Cb: 18.2196   Cr: 19.8663 )
00000273: 17.4819   (Y': 15.5177   Cb: 18.1658   Cr: 19.8941 )
00000274: 17.3536   (Y': 15.4137   Cb: 17.9755   Cr: 19.7927 )
00000275: 17.3376   (Y': 15.3564   Cb: 18.0472   Cr: 19.7585 )
00000276: 17.3075   (Y': 15.3062   Cb: 18.0076   Cr: 19.7981 )
00000277: 17.3271   (Y': 15.298    Cb: 18.0703   Cr: 19.8319 )
00000278: 17.2853   (Y': 15.2935   Cb: 17.9476   Cr: 19.8068 )
00000279: 17.3269   (Y': 15.4084   Cb: 17.9266   Cr: 19.7416 )
00000280: 17.1864   (Y': 15.2962   Cb: 17.7084   Cr: 19.6432 )
00000281: 17.1331   (Y': 15.2678   Cb: 17.6249   Cr: 19.5703 )
00000282: 17.0455   (Y': 15.2948   Cb: 17.4488   Cr: 19.321  )
00000284: 16.8307   (Y': 15.2933   Cb: 17.0529   Cr: 18.8711 )
00000283: 16.9569   (Y': 15.2652   Cb: 17.2839   Cr: 19.2027 )
00000287: 16.4842   (Y': 15.0574   Cb: 16.5798   Cr: 18.4713 )
00000286: 16.575    (Y': 15.1618   Cb: 16.6914   Cr: 18.5004 )
00000285: 16.7532   (Y': 15.2685   Cb: 16.9362   Cr: 18.7344 )
00000288: 16.3585   (Y': 15.0189   Cb: 16.3825   Cr: 18.2685 )
00000289: 16.8155   (Y': 15.6523   Cb: 16.9954   Cr: 18.1618 )
00000290: 16.6031   (Y': 15.497    Cb: 16.7914   Cr: 17.8387 )
00000291: 16.454    (Y': 15.1958   Cb: 16.5032   Cr: 18.1596 )
00000292: 17.4272   (Y': 16.1262   Cb: 17.7693   Cr: 18.8153 )
00000293: 17.7821   (Y': 16.3799   Cb: 18.2472   Cr: 19.2058 )
00000294: 17.4735   (Y': 16.0595   Cb: 17.9436   Cr: 18.9138 )
00000295: 17.4836   (Y': 16.0445   Cb: 18.0543   Cr: 18.8488 )
00000296: 17.6189   (Y': 16.1856   Cb: 18.3413   Cr: 18.798  )
00000297: 17.7445   (Y': 16.3115   Cb: 18.5067   Cr: 18.8794 )
00000298: 17.7228   (Y': 16.2954   Cb: 18.6013   Cr: 18.7244 )
00000299: 17.583    (Y': 16.1548   Cb: 18.413    Cr: 18.6365 )
00000300: 17.1733   (Y': 15.7245   Cb: 17.9183   Cr: 18.3558 )
00000301: 16.9718   (Y': 15.4883   Cb: 17.6885   Cr: 18.2505 )
00000302: 16.7503   (Y': 15.2932   Cb: 17.4048   Cr: 18.0505 )
00000303: 16.5775   (Y': 15.1335   Cb: 17.1899   Cr: 17.9025 )
00000304: 16.0684   (Y': 14.5959   Cb: 16.5459   Cr: 17.6144 )
00000305: 15.9427   (Y': 14.4856   Cb: 16.4081   Cr: 17.4734 )
00000306: 15.818    (Y': 14.4107   Cb: 16.2901   Cr: 17.2428 )
00000307: 15.8602   (Y': 14.4685   Cb: 16.3198   Cr: 17.2706 )
00000308: 15.9223   (Y': 14.5139   Cb: 16.4216   Cr: 17.3156 )
00000309: 15.9262   (Y': 14.5036   Cb: 16.419    Cr: 17.355  )
00000310: 15.9558   (Y': 14.5395   Cb: 16.4798   Cr: 17.3342 )
00000311: 15.9559   (Y': 14.5321   Cb: 16.4775   Cr: 17.3515 )
00000312: 15.8588   (Y': 14.4584   Cb: 16.3549   Cr: 17.2409 )
00000313: 15.8363   (Y': 14.447    Cb: 16.3239   Cr: 17.2079 )
00000314: 15.875    (Y': 14.4762   Cb: 16.3485   Cr: 17.282  )
00000315: 15.85     (Y': 14.4552   Cb: 16.3168   Cr: 17.2577 )
00000316: 15.8225   (Y': 14.4273   Cb: 16.2979   Cr: 17.22   )
00000317: 15.7981   (Y': 14.3822   Cb: 16.2976   Cr: 17.2053 )
00000318: 15.787    (Y': 14.3553   Cb: 16.3049   Cr: 17.2022 )
00000319: 15.8045   (Y': 14.3721   Cb: 16.3114   Cr: 17.2345 )
00000320: 15.8357   (Y': 14.4091   Cb: 16.335    Cr: 17.2641 )
00000321: 15.8048   (Y': 14.3841   Cb: 16.2835   Cr: 17.2473 )
00000322: 15.7306   (Y': 14.3082   Cb: 16.1834   Cr: 17.2091 )
00000323: 15.6784   (Y': 14.2363   Cb: 16.1494   Cr: 17.1722 )
00000324: 15.5884   (Y': 14.1141   Cb: 16.0968   Cr: 17.0985 )
00000325: 15.5614   (Y': 14.0987   Cb: 16.0339   Cr: 17.094  )
00000326: 15.4868   (Y': 14.0283   Cb: 15.9542   Cr: 17.0179 )
00000327: 15.4628   (Y': 13.9929   Cb: 15.9362   Cr: 17.0089 )
00000328: 15.3937   (Y': 13.9313   Cb: 15.8555   Cr: 16.9393 )
00000330: 15.3994   (Y': 13.9103   Cb: 15.9143   Cr: 16.9311 )
00000331: 15.4083   (Y': 13.9285   Cb: 15.8906   Cr: 16.963  )
00000329: 15.3944   (Y': 13.9274   Cb: 15.8627   Cr: 16.9412 )
00000333: 15.367    (Y': 13.905    Cb: 15.8133   Cr: 16.9322 )
00000332: 15.3822   (Y': 13.9125   Cb: 15.8536   Cr: 16.9305 )
00000334: 15.4083   (Y': 13.9356   Cb: 15.872    Cr: 16.9723 )
00000335: 15.4125   (Y': 13.9386   Cb: 15.8775   Cr: 16.9772 )
00000336: 15.4172   (Y': 13.9489   Cb: 15.8894   Cr: 16.9613 )
00000338: 15.3909   (Y': 13.9234   Cb: 15.8621   Cr: 16.9347 )
00000337: 15.4356   (Y': 13.9613   Cb: 15.9238   Cr: 16.9713 )
00000339: 15.3635   (Y': 13.8907   Cb: 15.8138   Cr: 16.9451 )
00000340: 15.3678   (Y': 13.9012   Cb: 15.8354   Cr: 16.9146 )
00000341: 15.3316   (Y': 13.8544   Cb: 15.8116   Cr: 16.8835 )
00000342: 15.2859   (Y': 13.8106   Cb: 15.7547   Cr: 16.8483 )
00000343: 15.2352   (Y': 13.7572   Cb: 15.6871   Cr: 16.825  )
00000344: 15.1344   (Y': 13.6635   Cb: 15.5656   Cr: 16.737  )
00000346: 15.0276   (Y': 13.5541   Cb: 15.4819   Cr: 16.6055 )
00000345: 15.1095   (Y': 13.6659   Cb: 15.5141   Cr: 16.6921 )
00000348: 15.042    (Y': 13.5505   Cb: 15.5423   Cr: 16.5969 )
00000347: 15.0437   (Y': 13.5675   Cb: 15.5238   Cr: 16.5936 )
00000349: 15.0628   (Y': 13.5885   Cb: 15.5534   Cr: 16.5958 )
00000350: 15.232    (Y': 13.7637   Cb: 15.6998   Cr: 16.7821 )
00000351: 15.3252   (Y': 13.8745   Cb: 15.7833   Cr: 16.8523 )
00000352: 15.4262   (Y': 13.9952   Cb: 15.8756   Cr: 16.9257 )
00000353: 15.461    (Y': 14.03     Cb: 15.9292   Cr: 16.9367 )
00000354: 15.5174   (Y': 14.0784   Cb: 16.0149   Cr: 16.9719 )
00000355: 15.5688   (Y': 14.1468   Cb: 16.0483   Cr: 17.0128 )
00000356: 15.5966   (Y': 14.2058   Cb: 16.0515   Cr: 17.0113 )
00000357: 15.6142   (Y': 14.2497   Cb: 16.0395   Cr: 17.0161 )
00000358: 15.6453   (Y': 14.284    Cb: 16.064    Cr: 17.0492 )
00000359: 15.6852   (Y': 14.3141   Cb: 16.1245   Cr: 17.0819 )
00000360: 15.7179   (Y': 14.3418   Cb: 16.1408   Cr: 17.1448 )
00000361: 15.7587   (Y': 14.3933   Cb: 16.1898   Cr: 17.1548 )
00000362: 15.7815   (Y': 14.3958   Cb: 16.2056   Cr: 17.225  )
00000363: 15.8079   (Y': 14.4172   Cb: 16.2376   Cr: 17.254  )
00000364: 15.8447   (Y': 14.452    Cb: 16.3159   Cr: 17.2428 )
00000365: 15.8373   (Y': 14.4373   Cb: 16.3143   Cr: 17.2419 )
00000366: 15.8995   (Y': 14.4895   Cb: 16.3864   Cr: 17.3114 )
00000367: 15.9071   (Y': 14.4844   Cb: 16.408    Cr: 17.3259 )
00000368: 15.9499   (Y': 14.5065   Cb: 16.4663   Cr: 17.3896 )
00000369: 15.9703   (Y': 14.5021   Cb: 16.4808   Cr: 17.4661 )
00000370: 16.0441   (Y': 14.5201   Cb: 16.615    Cr: 17.5756 )
00000373: 16.3705   (Y': 14.8349   Cb: 17.006    Cr: 17.8461 )
00000371: 16.0936   (Y': 14.5627   Cb: 16.674    Cr: 17.6276 )
00000372: 16.2301   (Y': 14.6531   Cb: 16.8739   Cr: 17.7796 )
00000374: 16.6356   (Y': 15.1246   Cb: 17.2281   Cr: 18.1143 )
00000376: 17.0208   (Y': 15.4303   Cb: 17.7001   Cr: 18.5542 )
00000375: 16.7705   (Y': 15.2222   Cb: 17.3771   Cr: 18.3071 )
00000377: 17.1092   (Y': 15.5128   Cb: 17.8064   Cr: 18.6329 )
00000379: 17.2377   (Y': 15.6223   Cb: 17.957    Cr: 18.7738 )
00000380: 17.2182   (Y': 15.6741   Cb: 17.8275   Cr: 18.7428 )
00000378: 17.2618   (Y': 15.6477   Cb: 17.9805   Cr: 18.7959 )
00000381: 17.239    (Y': 15.6922   Cb: 17.8054   Cr: 18.8228 )
00000382: 17.302    (Y': 15.6791   Cb: 17.9271   Cr: 18.9706 )
00000383: 17.3035   (Y': 15.6623   Cb: 17.956    Cr: 18.9765 )
00000384: 17.1987   (Y': 15.676    Cb: 17.876    Cr: 18.5987 )
00000385: 17.1338   (Y': 15.7355   Cb: 17.75     Cr: 18.369  )
00000386: 17.0044   (Y': 15.8124   Cb: 17.5161   Cr: 17.9991 )
00000387: 16.9628   (Y': 15.807    Cb: 17.4741   Cr: 17.8985 )
00000388: 16.851    (Y': 15.6243   Cb: 17.3424   Cr: 17.9269 )
00000389: 16.7587   (Y': 15.5829   Cb: 17.1749   Cr: 17.835  )
00000390: 16.5536   (Y': 15.3856   Cb: 16.8653   Cr: 17.7417 )
00000391: 16.4869   (Y': 15.3439   Cb: 16.6946   Cr: 17.7617 )
00000392: 16.3312   (Y': 15.2326   Cb: 16.3658   Cr: 17.7571 )
00000393: 16.2655   (Y': 15.161    Cb: 16.2506   Cr: 17.7715 )
00000395: 15.9521   (Y': 14.9399   Cb: 15.7885   Cr: 17.5063 )
00000394: 16.0266   (Y': 14.9713   Cb: 15.9229   Cr: 17.5708 )
00000396: 15.6855   (Y': 14.7776   Cb: 15.3426   Cr: 17.3264 )
00000397: 15.6238   (Y': 14.722    Cb: 15.2661   Cr: 17.2773 )
00000398: 15.5531   (Y': 14.6689   Cb: 15.2469   Cr: 17.0947 )
00000399: 15.0952   (Y': 14.2363   Cb: 14.6713   Cr: 16.7778 )
00000400: 14.9561   (Y': 14.1736   Cb: 14.4144   Cr: 16.6971 )
00000401: 14.8455   (Y': 14.0648   Cb: 14.2824   Cr: 16.6194 )
00000404: 14.7141   (Y': 13.9632   Cb: 14.111    Cr: 16.5038 )
00000402: 14.8159   (Y': 14.0519   Cb: 14.2528   Cr: 16.5603 )
00000403: 14.8195   (Y': 14.0608   Cb: 14.2512   Cr: 16.5634 )
00000405: 14.7453   (Y': 14.0172   Cb: 14.1355   Cr: 16.5058 )
00000406: 14.7547   (Y': 14.0228   Cb: 14.159    Cr: 16.498  )
00000407: 14.7581   (Y': 14.0341   Cb: 14.1521   Cr: 16.5047 )
00000409: 14.7626   (Y': 14.02     Cb: 14.1706   Cr: 16.5184 )
00000408: 14.798    (Y': 14.0606   Cb: 14.2144   Cr: 16.5298 )
00000410: 14.735    (Y': 14.0067   Cb: 14.1287   Cr: 16.4897 )
00000412: 14.7447   (Y': 14.0307   Cb: 14.1629   Cr: 16.4327 )
00000411: 14.7494   (Y': 14.026    Cb: 14.1621   Cr: 16.463  )
00000413: 14.7442   (Y': 14.0312   Cb: 14.1677   Cr: 16.4216 )
00000414: 14.7665   (Y': 14.063    Cb: 14.1682   Cr: 16.4641 )
00000415: 14.7807   (Y': 14.0877   Cb: 14.166    Cr: 16.4881 )
00000416: 14.8165   (Y': 14.1381   Cb: 14.1894   Cr: 16.5198 )
00000417: 14.8297   (Y': 14.1385   Cb: 14.2296   Cr: 16.5091 )
00000419: 14.9059   (Y': 14.2097   Cb: 14.3022   Cr: 16.6    )
00000418: 14.8832   (Y': 14.1995   Cb: 14.2734   Cr: 16.5662 )
00000420: 14.9625   (Y': 14.2212   Cb: 14.3942   Cr: 16.6754 )
00000421: 15.0091   (Y': 14.249    Cb: 14.4682   Cr: 16.7091 )
00000422: 15.186    (Y': 14.4311   Cb: 14.7102   Cr: 16.7702 )
00000423: 15.2858   (Y': 14.5439   Cb: 14.8419   Cr: 16.7975 )
00000425: 15.5238   (Y': 14.7447   Cb: 15.1635   Cr: 16.9686 )
00000424: 15.4157   (Y': 14.6548   Cb: 15.0223   Cr: 16.8804 )
00000427: 15.7061   (Y': 14.8766   Cb: 15.4633   Cr: 17.0606 )
00000426: 15.6413   (Y': 14.8365   Cb: 15.3577   Cr: 17.0143 )
00000428: 15.8053   (Y': 14.9598   Cb: 15.6087   Cr: 17.1205 )
00000429: 15.837    (Y': 14.9737   Cb: 15.6635   Cr: 17.1485 )
00000430: 15.9722   (Y': 15.0665   Cb: 15.8932   Cr: 17.2231 )
00000431: 16.0305   (Y': 15.0864   Cb: 15.9887   Cr: 17.2943 )
00000432: 16.1292   (Y': 15.1484   Cb: 16.1531   Cr: 17.3662 )
00000433: 16.1848   (Y': 15.2162   Cb: 16.219    Cr: 17.3882 )
00000434: 16.3438   (Y': 15.3672   Cb: 16.4446   Cr: 17.4745 )
00000436: 16.4348   (Y': 15.4187   Cb: 16.606    Cr: 17.5417 )
00000437: 16.4789   (Y': 15.4178   Cb: 16.6979   Cr: 17.6003 )
00000435: 16.3853   (Y': 15.4253   Cb: 16.4966   Cr: 17.476  )
00000439: 16.5426   (Y': 15.3529   Cb: 16.8376   Cr: 17.7889 )
00000438: 16.5102   (Y': 15.3736   Cb: 16.7405   Cr: 17.745  )
00000440: 16.6221   (Y': 15.3201   Cb: 17.0109   Cr: 17.953  )
00000441: 16.6773   (Y': 15.3317   Cb: 17.0651   Cr: 18.0906 )
00000443: 16.795    (Y': 15.3059   Cb: 17.296    Cr: 18.3441 )
00000442: 16.7572   (Y': 15.3224   Cb: 17.1915   Cr: 18.2834 )
00000444: 16.8205   (Y': 15.3098   Cb: 17.4092   Cr: 18.3036 )
00000445: 16.8133   (Y': 15.3339   Cb: 17.391    Cr: 18.2478 )
00000446: 16.8301   (Y': 15.3273   Cb: 17.4411   Cr: 18.2702 )
00000447: 16.8427   (Y': 15.3201   Cb: 17.5179   Cr: 18.2449 )
00000448: 16.9161   (Y': 15.3394   Cb: 17.7211   Cr: 18.2739 )
00000449: 16.9001   (Y': 15.3344   Cb: 17.7105   Cr: 18.2304 )
00000450: 16.9112   (Y': 15.2798   Cb: 17.8466   Cr: 18.2318 )
00000451: 16.9261   (Y': 15.2898   Cb: 17.8839   Cr: 18.2318 )
00000452: 16.9288   (Y': 15.284    Cb: 17.9554   Cr: 18.1775 )
00000453: 16.9238   (Y': 15.2478   Cb: 17.9809   Cr: 18.2016 )
00000454: 16.9873   (Y': 15.2957   Cb: 18.1099   Cr: 18.2277 )
00000455: 17.0047   (Y': 15.2898   Cb: 18.2281   Cr: 18.1891 )
00000456: 17.0773   (Y': 15.2975   Cb: 18.4128   Cr: 18.2797 )
00000457: 17.0993   (Y': 15.2824   Cb: 18.4938   Cr: 18.3186 )
00000458: 17.0955   (Y': 15.2113   Cb: 18.5513   Cr: 18.3938 )
00000460: 17.114    (Y': 15.1329   Cb: 18.772    Cr: 18.4256 )
00000459: 17.1104   (Y': 15.1866   Cb: 18.621    Cr: 18.4389 )
00000461: 17.0922   (Y': 15.1189   Cb: 18.7586   Cr: 18.3794 )
00000462: 17.1181   (Y': 15.1584   Cb: 18.8099   Cr: 18.3537 )
00000464: 17.0761   (Y': 15.1458   Cb: 18.7737   Cr: 18.2458 )
00000463: 17.0953   (Y': 15.1466   Cb: 18.7513   Cr: 18.3404 )
00000465: 17.0693   (Y': 15.128    Cb: 18.7602   Cr: 18.2673 )
00000466: 17.0542   (Y': 15.1352   Cb: 18.7209   Cr: 18.2283 )
00000467: 17.0605   (Y': 15.1462   Cb: 18.7725   Cr: 18.185  )
00000468: 17.0398   (Y': 15.1484   Cb: 18.6857   Cr: 18.1766 )
00000469: 17.0246   (Y': 15.156    Cb: 18.6775   Cr: 18.1097 )
00000470: 16.9359   (Y': 15.1168   Cb: 18.473    Cr: 18.0269 )
00000471: 16.9003   (Y': 15.1023   Cb: 18.4358   Cr: 17.9518 )
00000472: 16.8667   (Y': 15.0983   Cb: 18.3033   Cr: 17.951  )
00000473: 16.8729   (Y': 15.0871   Cb: 18.3042   Cr: 17.9961 )
00000474: 16.8287   (Y': 15.1246   Cb: 18.098    Cr: 17.9475 )
00000477: 16.7502   (Y': 15.1863   Cb: 17.9024   Cr: 17.7217 )
00000476: 16.7602   (Y': 15.1725   Cb: 17.9246   Cr: 17.7627 )
00000475: 16.7977   (Y': 15.145    Cb: 18.0425   Cr: 17.843  )
00000478: 16.6975   (Y': 15.2014   Cb: 17.7835   Cr: 17.6129 )
00000479: 16.678    (Y': 15.1873   Cb: 17.7603   Cr: 17.5873 )
00000480: 16.5559   (Y': 15.1365   Cb: 17.5765   Cr: 17.4028 )
00000481: 16.4902   (Y': 15.0645   Cb: 17.5205   Cr: 17.3381 )
00000482: 16.3587   (Y': 14.9603   Cb: 17.3495   Cr: 17.199  )
00000484: 16.1153   (Y': 14.7855   Cb: 17.0045   Cr: 16.9407 )
00000483: 16.2616   (Y': 14.8807   Cb: 17.2081   Cr: 17.1155 )
00000485: 16.0021   (Y': 14.699    Cb: 16.8637   Cr: 16.8111 )
00000486: 15.808    (Y': 14.545    Cb: 16.6058   Cr: 16.6157 )
00000487: 15.7125   (Y': 14.4688   Cb: 16.4846   Cr: 16.5148 )
00000488: 15.4456   (Y': 14.2195   Cb: 16.1592   Cr: 16.2794 )
00000489: 15.3543   (Y': 14.1631   Cb: 16.0476   Cr: 16.1532 )
00000490: 14.9643   (Y': 13.7259   Cb: 15.6482   Cr: 15.8488 )
00000492: 14.8416   (Y': 13.6046   Cb: 15.5097   Cr: 15.7406 )
00000493: 14.8492   (Y': 13.6099   Cb: 15.5134   Cr: 15.756  )
00000491: 14.8898   (Y': 13.6464   Cb: 15.5552   Cr: 15.802  )
00000494: 14.8776   (Y': 13.6573   Cb: 15.5326   Cr: 15.7631 )
00000496: 15.3279   (Y': 14.0959   Cb: 16.0567   Cr: 16.1558 )
00000495: 14.9908   (Y': 13.7529   Cb: 15.6861   Cr: 15.8626 )
00000498: 15.7263   (Y': 14.5001   Cb: 16.4862   Cr: 16.5132 )
00000497: 15.467    (Y': 14.2311   Cb: 16.2134   Cr: 16.2829 )
00000499: 15.816    (Y': 14.5787   Cb: 16.6224   Cr: 16.574  )
00000501: 15.9579   (Y': 14.637    Cb: 16.8113   Cr: 16.8045 )
00000500: 15.9118   (Y': 14.6057   Cb: 16.757    Cr: 16.742  )
00000504: 16.2094   (Y': 14.783    Cb: 17.1563   Cr: 17.1399 )
00000503: 16.0876   (Y': 14.6864   Cb: 16.9969   Cr: 17.0128 )
00000502: 16.0363   (Y': 14.6725   Cb: 16.9277   Cr: 16.916  )
00000505: 16.2527   (Y': 14.8289   Cb: 17.2038   Cr: 17.1748 )
00000506: 16.3599   (Y': 14.9027   Cb: 17.3633   Cr: 17.2879 )
00000507: 16.3755   (Y': 14.9139   Cb: 17.39     Cr: 17.3002 )
00000508: 16.4183   (Y': 14.9407   Cb: 17.4546   Cr: 17.3495 )
00000509: 16.4405   (Y': 14.9626   Cb: 17.4916   Cr: 17.358  )
00000511: 16.5397   (Y': 15.0231   Cb: 17.6169   Cr: 17.4995 )
00000510: 16.4993   (Y': 15.0036   Cb: 17.5636   Cr: 17.4348 )
00000512: 16.5668   (Y': 15.0062   Cb: 17.6913   Cr: 17.559  )
00000514: 16.6496   (Y': 15.0731   Cb: 17.7904   Cr: 17.6547 )
00000513: 16.5658   (Y': 14.9896   Cb: 17.7157   Cr: 17.5619 )
00000515: 16.7069   (Y': 15.1249   Cb: 17.8289   Cr: 17.7404 )
00000516: 16.8287   (Y': 15.2231   Cb: 18.006    Cr: 17.8516 )
00000519: 16.8442   (Y': 15.3005   Cb: 17.9655   Cr: 17.8093 )
00000518: 16.8566   (Y': 15.2881   Cb: 18.0164   Cr: 17.8293 )
00000517: 16.8445   (Y': 15.2493   Cb: 18.0187   Cr: 17.8512 )
00000520: 16.9057   (Y': 15.3605   Cb: 18.023    Cr: 17.8772 )
00000522: 17.0831   (Y': 15.5554   Cb: 18.1558   Cr: 18.0669 )
00000521: 16.9424   (Y': 15.4512   Cb: 18.03     Cr: 17.8475 )
00000523: 17.1535   (Y': 15.6116   Cb: 18.2263   Cr: 18.1628 )
00000524: 17.3057   (Y': 15.814    Cb: 18.3424   Cr: 18.2611 )
00000527: 17.3779   (Y': 15.7204   Cb: 18.5196   Cr: 18.5327 )
00000525: 17.3732   (Y': 15.8373   Cb: 18.3937   Cr: 18.4239 )
00000526: 17.3512   (Y': 15.6915   Cb: 18.4792   Cr: 18.5243 )
00000528: 17.4364   (Y': 15.7292   Cb: 18.5856   Cr: 18.6807 )
00000529: 17.4515   (Y': 15.7241   Cb: 18.6097   Cr: 18.7263 )
00000530: 17.4278   (Y': 15.6805   Cb: 18.5188   Cr: 18.8133 )
00000531: 17.3739   (Y': 15.5947   Cb: 18.4303   Cr: 18.8639 )
00000533: 17.415    (Y': 15.8274   Cb: 18.1016   Cr: 18.9336 )
00000532: 17.4076   (Y': 15.7543   Cb: 18.1961   Cr: 18.9394 )
00000535: 17.3577   (Y': 15.9076   Cb: 17.7046   Cr: 19.0304 )
00000534: 17.4138   (Y': 15.8893   Cb: 17.9073   Cr: 19.0451 )
00000536: 17.1866   (Y': 15.7523   Cb: 17.3427   Cr: 19.0978 )
00000537: 17.0555   (Y': 15.6199   Cb: 17.1216   Cr: 19.1083 )
00000538: 16.5773   (Y': 15.1925   Cb: 16.4565   Cr: 18.8233 )
00000539: 16.7791   (Y': 15.3598   Cb: 16.6778   Cr: 19.0712 )
00000540: 16.9831   (Y': 15.638    Cb: 16.8387   Cr: 19.1788 )
00000541: 16.734    (Y': 15.5216   Cb: 16.4325   Cr: 18.9088 )
00000542: 15.849    (Y': 14.7565   Cb: 15.3643   Cr: 18.0973 )
00000544: 15.3491   (Y': 14.2281   Cb: 14.8317   Cr: 17.7225 )
00000543: 15.7965   (Y': 14.6952   Cb: 15.3166   Cr: 18.0549 )
00000546: 15.3048   (Y': 14.24     Cb: 14.7753   Cr: 17.5779 )
00000545: 15.3644   (Y': 14.2671   Cb: 14.8527   Cr: 17.6745 )
00000547: 15.2595   (Y': 14.2178   Cb: 14.7186   Cr: 17.5048 )
00000549: 15.2513   (Y': 14.2684   Cb: 14.6791   Cr: 17.4322 )
00000548: 15.1853   (Y': 14.1746   Cb: 14.6149   Cr: 17.4214 )
00000552: 15.1831   (Y': 14.1555   Cb: 14.6568   Cr: 17.3714 )
00000551: 15.2368   (Y': 14.2658   Cb: 14.6603   Cr: 17.4014 )
00000550: 15.2254   (Y': 14.2604   Cb: 14.6531   Cr: 17.3699 )
00000553: 15.1954   (Y': 14.168    Cb: 14.6727   Cr: 17.3765 )
00000554: 15.1743   (Y': 14.1365   Cb: 14.6682   Cr: 17.3462 )
00000555: 15.1497   (Y': 14.1131   Cb: 14.635    Cr: 17.335  )
00000556: 15.1204   (Y': 14.0655   Cb: 14.6141   Cr: 17.3287 )
00000558: 15.0821   (Y': 14.0138   Cb: 14.5779   Cr: 17.3151 )
00000557: 15.1032   (Y': 14.0485   Cb: 14.595    Cr: 17.3146 )
00000560: 15.0414   (Y': 13.9573   Cb: 14.5507   Cr: 17.2829 )
00000559: 15.0543   (Y': 13.9787   Cb: 14.5556   Cr: 17.2925 )
00000561: 15.0207   (Y': 13.9267   Cb: 14.5309   Cr: 17.2817 )
00000562: 14.9844   (Y': 13.8974   Cb: 14.4927   Cr: 17.2339 )
00000564: 15.1205   (Y': 14.1128   Cb: 14.6107   Cr: 17.2371 )
00000563: 15.0142   (Y': 13.9419   Cb: 14.5233   Cr: 17.2308 )
00000566: 15.1758   (Y': 14.2076   Cb: 14.6566   Cr: 17.2289 )
00000567: 15.1786   (Y': 14.2189   Cb: 14.6356   Cr: 17.258  )
00000565: 15.1177   (Y': 14.123    Cb: 14.6073   Cr: 17.2083 )
00000568: 15.1111   (Y': 14.1714   Cb: 14.5489   Cr: 17.1858 )
00000569: 15.0476   (Y': 14.0998   Cb: 14.4694   Cr: 17.168  )
00000570: 15.1133   (Y': 14.1774   Cb: 14.5435   Cr: 17.194  )
00000571: 15.0751   (Y': 14.1324   Cb: 14.5016   Cr: 17.1765 )
00000572: 15.0622   (Y': 14.1627   Cb: 14.4594   Cr: 17.1311 )
00000573: 14.9607   (Y': 14.0679   Cb: 14.3418   Cr: 17.0465 )
00000576: 14.8639   (Y': 13.9762   Cb: 14.2354   Cr: 16.9575 )
00000574: 14.9709   (Y': 14.1059   Cb: 14.3348   Cr: 17.0336 )
00000575: 14.9601   (Y': 14.075    Cb: 14.342    Cr: 17.0294 )
00000577: 14.8071   (Y': 13.9338   Cb: 14.1562   Cr: 16.9144 )
00000579: 14.6944   (Y': 13.8486   Cb: 14.0228   Cr: 16.7864 )
00000580: 14.7011   (Y': 13.8613   Cb: 14.0648   Cr: 16.7156 )
00000578: 14.7223   (Y': 13.8711   Cb: 14.0506   Cr: 16.8254 )
00000584: 15.0361   (Y': 14.187    Cb: 14.4369   Cr: 17.0005 )
00000583: 15.0294   (Y': 14.1857   Cb: 14.4442   Cr: 16.9587 )
00000582: 15.0221   (Y': 14.1677   Cb: 14.4399   Cr: 16.9664 )
00000581: 14.8587   (Y': 13.9961   Cb: 14.2542   Cr: 16.8587 )
00000585: 15.0569   (Y': 14.2305   Cb: 14.4168   Cr: 17.0524 )
00000586: 15.1115   (Y': 14.303    Cb: 14.4553   Cr: 17.1026 )
Total: 16.215    (Y': 14.7597   Cb: 16.5879   Cr: 17.8631 )
