./ps4_degrader: invalid option -- 'v'
Capturing with the following configuration:
 - Capture device: DeckLink 4K Extreme 12G
 - Video mode: 720p59.94
 - Pixel format: 8 bit BGRA (4:4:4:x)
[libx264 @ 0x2262e40] using cpu capabilities: MMX2 SSE2Fast SSSE3 SSE4.2 AVX AVX2 FMA3 LZCNT BMI2
[libx264 @ 0x2262e40] profile High 4:2:2 Intra, level 3.1, 4:2:2 8-bit
PLAYBACK (hw timestamp): Frame 33 Displayed Late. Expected (+/- 5%): 50000
	Timestamp delay: 66821
	Hardware timestamp delay: 66756
PLAYBACK (hw timestamp): Frame 38 Displayed Late. Expected (+/- 5%): 50000
	Timestamp delay: 66521
	Hardware timestamp delay: 66700
PLAYBACK (hw timestamp): Frame 40 Displayed Late. Expected (+/- 5%): 50000
	Timestamp delay: 66615
	Hardware timestamp delay: 66803
PLAYBACK (hw timestamp): Frame 44 Displayed Late. Expected (+/- 5%): 50000
	Timestamp delay: 66749
	Hardware timestamp delay: 66690
PLAYBACK (hw timestamp): Frame 54 Displayed Late. Expected (+/- 5%): 50000
	Timestamp delay: 66758
	Hardware timestamp delay: 66751
PLAYBACK (hw timestamp): Frame 70 Displayed Late. Expected (+/- 5%): 50000
	Timestamp delay: 66759
	Hardware timestamp delay: 66764
PLAYBACK (hw timestamp): Frame 76 Displayed Late. Expected (+/- 5%): 50000
	Timestamp delay: 66731
	Hardware timestamp delay: 66750
PLAYBACK (hw timestamp): Frame 82 Displayed Late. Expected (+/- 5%): 50000
	Timestamp delay: 66928
	Hardware timestamp delay: 66757
PLAYBACK (hw timestamp): Frame 87 Displayed Late. Expected (+/- 5%): 50000
	Timestamp delay: 66823
	Hardware timestamp delay: 66721
PLAYBACK (hw timestamp): Frame 92 Displayed Late. Expected (+/- 5%): 50000
	Timestamp delay: 66747
	Hardware timestamp delay: 66734
PLAYBACK (hw timestamp): Frame 97 Displayed Late. Expected (+/- 5%): 50000
	Timestamp delay: 66735
	Hardware timestamp delay: 66748
PLAYBACK (hw timestamp): Frame 104 Displayed Late. Expected (+/- 5%): 50000
	Timestamp delay: 66923
	Hardware timestamp delay: 66723
PLAYBACK (hw timestamp): Frame 108 Displayed Late. Expected (+/- 5%): 50000
	Timestamp delay: 66501
	Hardware timestamp delay: 66749
PLAYBACK (hw timestamp): Frame 115 Displayed Late. Expected (+/- 5%): 50000
	Timestamp delay: 66731
	Hardware timestamp delay: 66786
PLAYBACK (hw timestamp): Frame 123 Displayed Late. Expected (+/- 5%): 50000
	Timestamp delay: 66741
	Hardware timestamp delay: 66724
PLAYBACK (hw timestamp): Frame 130 Displayed Late. Expected (+/- 5%): 50000
	Timestamp delay: 66842
	Hardware timestamp delay: 66717
PLAYBACK (hw timestamp): Frame 141 Displayed Late. Expected (+/- 5%): 50000
	Timestamp delay: 66539
	Hardware timestamp delay: 66725
PLAYBACK (hw timestamp): Frame 150 Displayed Late. Expected (+/- 5%): 50000
	Timestamp delay: 66573
	Hardware timestamp delay: 66701
PLAYBACK (hw timestamp): Frame 152 Displayed Late. Expected (+/- 5%): 50000
	Timestamp delay: 66721
	Hardware timestamp delay: 66732
PLAYBACK (hw timestamp): Frame 162 Displayed Late. Expected (+/- 5%): 50000
	Timestamp delay: 66617
	Hardware timestamp delay: 66790
PLAYBACK (hw timestamp): Frame 177 Displayed Late. Expected (+/- 5%): 50000
	Timestamp delay: 66616
	Hardware timestamp delay: 66798
PLAYBACK (hw timestamp): Frame 199 Displayed Late. Expected (+/- 5%): 50000
	Timestamp delay: 66791
	Hardware timestamp delay: 66783
PLAYBACK (hw timestamp): Frame 204 Displayed Late. Expected (+/- 5%): 50000
	Timestamp delay: 66743
	Hardware timestamp delay: 66762
PLAYBACK (hw timestamp): Frame 209 Displayed Late. Expected (+/- 5%): 50000
	Timestamp delay: 66835
	Hardware timestamp delay: 66740
PLAYBACK (hw timestamp): Frame 215 Displayed Late. Expected (+/- 5%): 50000
	Timestamp delay: 66787
	Hardware timestamp delay: 66748
PLAYBACK (hw timestamp): Frame 220 Displayed Late. Expected (+/- 5%): 50000
	Timestamp delay: 66621
	Hardware timestamp delay: 66734
PLAYBACK (hw timestamp): Frame 227 Displayed Late. Expected (+/- 5%): 50000
	Timestamp delay: 66727
	Hardware timestamp delay: 66723
PLAYBACK (hw timestamp): Frame 230 Displayed Late. Expected (+/- 5%): 50000
	Timestamp delay: 66745
	Hardware timestamp delay: 66768
PLAYBACK (hw timestamp): Frame 234 Displayed Late. Expected (+/- 5%): 50000
	Timestamp delay: 83393
	Hardware timestamp delay: 83360
PLAYBACK (hw timestamp): Frame 237 Displayed Late. Expected (+/- 5%): 50000
	Timestamp delay: 66753
	Hardware timestamp delay: 66751
PLAYBACK (hw timestamp): Frame 251 Displayed Late. Expected (+/- 5%): 50000
	Timestamp delay: 66869
	Hardware timestamp delay: 66791
PLAYBACK (hw timestamp): Frame 259 Displayed Late. Expected (+/- 5%): 50000
	Timestamp delay: 66663
	Hardware timestamp delay: 66796
PLAYBACK (hw timestamp): Frame 263 Displayed Late. Expected (+/- 5%): 50000
	Timestamp delay: 66733
	Hardware timestamp delay: 66720
PLAYBACK (hw timestamp): Frame 286 Displayed Late. Expected (+/- 5%): 50000
	Timestamp delay: 66723
	Hardware timestamp delay: 66749
PLAYBACK (hw timestamp): Frame 295 Displayed Late. Expected (+/- 5%): 50000
	Timestamp delay: 66731
	Hardware timestamp delay: 66727
PLAYBACK (hw timestamp): Frame 303 Displayed Late. Expected (+/- 5%): 50000
	Timestamp delay: 66777
	Hardware timestamp delay: 66753
PLAYBACK (hw timestamp): Frame 313 Displayed Late. Expected (+/- 5%): 50000
	Timestamp delay: 66681
	Hardware timestamp delay: 66719
PLAYBACK (hw timestamp): Frame 325 Displayed Late. Expected (+/- 5%): 50000
	Timestamp delay: 66656
	Hardware timestamp delay: 66766
PLAYBACK (hw timestamp): Frame 333 Displayed Late. Expected (+/- 5%): 50000
	Timestamp delay: 66768
	Hardware timestamp delay: 66684
PLAYBACK (hw timestamp): Frame 339 Displayed Late. Expected (+/- 5%): 50000
	Timestamp delay: 66755
	Hardware timestamp delay: 66766
PLAYBACK (hw timestamp): Frame 347 Displayed Late. Expected (+/- 5%): 50000
	Timestamp delay: 66605
	Hardware timestamp delay: 66722
PLAYBACK (hw timestamp): Frame 353 Displayed Late. Expected (+/- 5%): 50000
	Timestamp delay: 66808
	Hardware timestamp delay: 66742
PLAYBACK (hw timestamp): Frame 366 Displayed Late. Expected (+/- 5%): 50000
	Timestamp delay: 66554
	Hardware timestamp delay: 66672
PLAYBACK (hw timestamp): Frame 375 Displayed Late. Expected (+/- 5%): 50000
	Timestamp delay: 66728
	Hardware timestamp delay: 66756
PLAYBACK (hw timestamp): Frame 379 Displayed Late. Expected (+/- 5%): 50000
	Timestamp delay: 66822
	Hardware timestamp delay: 66776
PLAYBACK (hw timestamp): Frame 386 Displayed Late. Expected (+/- 5%): 50000
	Timestamp delay: 66684
	Hardware timestamp delay: 66786
PLAYBACK (hw timestamp): Frame 395 Displayed Late. Expected (+/- 5%): 50000
	Timestamp delay: 66680
	Hardware timestamp delay: 66663
PLAYBACK (hw timestamp): Frame 399 Displayed Late. Expected (+/- 5%): 50000
	Timestamp delay: 66643
	Hardware timestamp delay: 66767
PLAYBACK (hw timestamp): Frame 407 Displayed Late. Expected (+/- 5%): 50000
	Timestamp delay: 66761
	Hardware timestamp delay: 66737
PLAYBACK (hw timestamp): Frame 429 Displayed Late. Expected (+/- 5%): 50000
	Timestamp delay: 66730
	Hardware timestamp delay: 66725
PLAYBACK (hw timestamp): Frame 433 Displayed Late. Expected (+/- 5%): 50000
	Timestamp delay: 83342
	Hardware timestamp delay: 83374
PLAYBACK (hw timestamp): Frame 436 Displayed Late. Expected (+/- 5%): 50000
	Timestamp delay: 83468
	Hardware timestamp delay: 83428
PLAYBACK (hw timestamp): Frame 438 Displayed Late. Expected (+/- 5%): 50000
	Timestamp delay: 66721
	Hardware timestamp delay: 66694
PLAYBACK (hw timestamp): Frame 450 Displayed Late. Expected (+/- 5%): 50000
	Timestamp delay: 66702
	Hardware timestamp delay: 66754
PLAYBACK (hw timestamp): Frame 454 Displayed Late. Expected (+/- 5%): 50000
	Timestamp delay: 66646
	Hardware timestamp delay: 66674
PLAYBACK (hw timestamp): Frame 461 Displayed Late. Expected (+/- 5%): 50000
	Timestamp delay: 66867
	Hardware timestamp delay: 66717
PLAYBACK (hw timestamp): Frame 464 Displayed Late. Expected (+/- 5%): 50000
	Timestamp delay: 66799
	Hardware timestamp delay: 66740
PLAYBACK (hw timestamp): Frame 470 Displayed Late. Expected (+/- 5%): 50000
	Timestamp delay: 66731
	Hardware timestamp delay: 66714
PLAYBACK (hw timestamp): Frame 476 Displayed Late. Expected (+/- 5%): 50000
	Timestamp delay: 66874
	Hardware timestamp delay: 66742
PLAYBACK (hw timestamp): Frame 484 Displayed Late. Expected (+/- 5%): 50000
	Timestamp delay: 66735
	Hardware timestamp delay: 66738
PLAYBACK (hw timestamp): Frame 491 Displayed Late. Expected (+/- 5%): 50000
	Timestamp delay: 66885
	Hardware timestamp delay: 66756
PLAYBACK (hw timestamp): Frame 498 Displayed Late. Expected (+/- 5%): 50000
	Timestamp delay: 66692
	Hardware timestamp delay: 66750
PLAYBACK (hw timestamp): Frame 504 Displayed Late. Expected (+/- 5%): 50000
	Timestamp delay: 66819
	Hardware timestamp delay: 66781
PLAYBACK (hw timestamp): Frame 510 Displayed Late. Expected (+/- 5%): 50000
	Timestamp delay: 66681
	Hardware timestamp delay: 66719
PLAYBACK (hw timestamp): Frame 539 Displayed Late. Expected (+/- 5%): 50000
	Timestamp delay: 66735
	Hardware timestamp delay: 66743
PLAYBACK (hw timestamp): Frame 560 Displayed Late. Expected (+/- 5%): 50000
	Timestamp delay: 66831
	Hardware timestamp delay: 66685
PLAYBACK (hw timestamp): Frame 566 Displayed Late. Expected (+/- 5%): 50000
	Timestamp delay: 66840
	Hardware timestamp delay: 66734
PLAYBACK (hw timestamp): Frame 571 Displayed Late. Expected (+/- 5%): 50000
	Timestamp delay: 66683
	Hardware timestamp delay: 66760
PLAYBACK (hw timestamp): Frame 589 Displayed Late. Expected (+/- 5%): 50000
	Timestamp delay: 66733
	Hardware timestamp delay: 66732
[libx264 @ 0x2262e40] frame I:600   Avg QP:40.00  size: 15507
[libx264 @ 0x2262e40] mb I  I16..4: 26.1% 66.2%  7.7%
[libx264 @ 0x2262e40] final ratefactor: 40.29
[libx264 @ 0x2262e40] 8x8 transform intra:66.2%
[libx264 @ 0x2262e40] coded y,uvDC,uvAC intra: 28.1% 42.5% 8.0%
[libx264 @ 0x2262e40] i16 v,h,dc,p: 25% 42% 18% 14%
[libx264 @ 0x2262e40] i8 v,h,dc,ddl,ddr,vr,hd,vl,hu: 11% 19% 49%  3%  3%  3%  5%  2%  5%
[libx264 @ 0x2262e40] i4 v,h,dc,ddl,ddr,vr,hd,vl,hu: 19% 24% 25%  6%  6%  5%  7%  4%  6%
[libx264 @ 0x2262e40] i8c dc,h,v,p: 81% 10%  7%  2%
[libx264 @ 0x2262e40] kb/s:2481.16
Stopping Capture
