./ps4_degrader: invalid option -- 'v'
Capturing with the following configuration:
 - Capture device: DeckLink 4K Extreme 12G
 - Video mode: 720p59.94
 - Pixel format: 8 bit BGRA (4:4:4:x)
[libx264 @ 0x2762e40] using cpu capabilities: MMX2 SSE2Fast SSSE3 SSE4.2 AVX AVX2 FMA3 LZCNT BMI2
[libx264 @ 0x2762e40] profile High 4:2:2 Intra, level 3.1, 4:2:2 8-bit
PLAYBACK (hw timestamp): Frame 310 Displayed Late. Expected (+/- 5%): 50000
	Timestamp delay: 83411
	Hardware timestamp delay: 83418
PLAYBACK (callback): Frame 311 Displayed Late. Expected (+/- 5%): 50000
	Timestamp delay: 16615
	Hardware timestamp delay: 148239
CAPTURE: dropped a frame (dropped_count=0)
CAPTURE: dropped a frame (dropped_count=1)
PLAYBACK (hw timestamp): Frame 312 Displayed Late. Expected (+/- 5%): 50000
	Timestamp delay: 200196
	Hardware timestamp delay: 68686
[libx264 @ 0x2762e40] frame I:598   Avg QP:40.00  size: 13464
[libx264 @ 0x2762e40] mb I  I16..4: 27.4% 65.2%  7.4%
[libx264 @ 0x2762e40] final ratefactor: 39.25
[libx264 @ 0x2762e40] 8x8 transform intra:65.2%
[libx264 @ 0x2762e40] coded y,uvDC,uvAC intra: 25.4% 36.0% 5.8%
[libx264 @ 0x2762e40] i16 v,h,dc,p: 29% 42% 18% 11%
[libx264 @ 0x2762e40] i8 v,h,dc,ddl,ddr,vr,hd,vl,hu: 15% 20% 45%  3%  3%  3%  5%  2%  4%
[libx264 @ 0x2762e40] i4 v,h,dc,ddl,ddr,vr,hd,vl,hu: 19% 28% 24%  4%  5%  4%  7%  3%  5%
[libx264 @ 0x2762e40] i8c dc,h,v,p: 83% 10%  7%  1%
[libx264 @ 0x2762e40] kb/s:2154.26
Stopping Capture
