00000000: 14.6262   (Y': 12.5521   Cb: 15.3336   Cr: 17.3173 )
00000001: 14.5722   (Y': 12.4809   Cb: 15.2834   Cr: 17.309  )
00000003: 14.3338   (Y': 12.2933   Cb: 14.8957   Cr: 17.1604 )
00000002: 14.4813   (Y': 12.3709   Cb: 15.1754   Cr: 17.3043 )
00000004: 14.2361   (Y': 12.1768   Cb: 14.8284   Cr: 17.0692 )
00000005: 13.9982   (Y': 11.8924   Cb: 14.6045   Cr: 16.9542 )
00000007: 14.2265   (Y': 12.1811   Cb: 14.8031   Cr: 17.0436 )
00000006: 13.927    (Y': 11.7741   Cb: 14.6038   Cr: 16.9148 )
00000008: 14.4013   (Y': 12.3558   Cb: 15.132    Cr: 16.9716 )
00000009: 14.8161   (Y': 12.8267   Cb: 15.4857   Cr: 17.3197 )
00000010: 14.7082   (Y': 12.7928   Cb: 15.3166   Cr: 17.1011 )
00000011: 13.8499   (Y': 12.1722   Cb: 14.1561   Cr: 16.0934 )
00000012: 13.5038   (Y': 11.7578   Cb: 13.8332   Cr: 15.8831 )
00000013: 13.5891   (Y': 11.895    Cb: 13.8149   Cr: 16.0033 )
00000014: 13.6786   (Y': 11.9823   Cb: 13.8976   Cr: 16.1098 )
00000015: 13.5554   (Y': 11.9391   Cb: 13.6819   Cr: 15.9377 )
00000016: 13.3513   (Y': 11.771    Cb: 13.4372   Cr: 15.7118 )
00000017: 13.2404   (Y': 11.6615   Cb: 13.298    Cr: 15.6455 )
00000018: 13.3142   (Y': 11.7404   Cb: 13.4227   Cr: 15.6209 )
00000019: 13.342    (Y': 11.7644   Cb: 13.4769   Cr: 15.6146 )
00000020: 13.1894   (Y': 11.6342   Cb: 13.2611   Cr: 15.5119 )
00000021: 13.0119   (Y': 11.4244   Cb: 13.0429   Cr: 15.4849 )
00000022: 13.1347   (Y': 11.5687   Cb: 13.1455   Cr: 15.5889 )
00000023: 13.0293   (Y': 11.4522   Cb: 13.058    Cr: 15.4798 )
00000024: 12.8271   (Y': 11.2762   Cb: 12.8113   Cr: 15.2902 )
00000025: 13.0696   (Y': 11.6413   Cb: 13.0089   Cr: 15.3134 )
00000027: 13.4391   (Y': 11.9223   Cb: 13.5265   Cr: 15.6438 )
00000026: 13.192    (Y': 11.7388   Cb: 13.1198   Cr: 15.5141 )
00000028: 13.4591   (Y': 11.9234   Cb: 13.5561   Cr: 15.6926 )
00000029: 13.1357   (Y': 11.6426   Cb: 13.1845   Cr: 15.3477 )
00000030: 13.2841   (Y': 11.7753   Cb: 13.3269   Cr: 15.5433 )
00000031: 13.1634   (Y': 11.7246   Cb: 13.1277   Cr: 15.3891 )
00000032: 12.9317   (Y': 11.4962   Cb: 12.8476   Cr: 15.2327 )
00000033: 13.0729   (Y': 11.6937   Cb: 12.9499   Cr: 15.3095 )
00000034: 13.0806   (Y': 11.6612   Cb: 13.0178   Cr: 15.3073 )
00000035: 12.9205   (Y': 11.5641   Cb: 12.798    Cr: 15.1047 )
00000037: 12.8336   (Y': 11.4315   Cb: 12.7964   Cr: 14.9779 )
00000036: 13.0252   (Y': 11.6395   Cb: 12.9582   Cr: 15.1819 )
00000038: 12.6805   (Y': 11.3108   Cb: 12.5901   Cr: 14.8401 )
00000039: 12.9356   (Y': 11.7347   Cb: 12.7658   Cr: 14.8629 )
00000040: 13.1095   (Y': 11.8857   Cb: 13.0273   Cr: 14.9446 )
00000041: 13.1687   (Y': 12.069    Cb: 13.0197   Cr: 14.8631 )
00000042: 13.0209   (Y': 11.9602   Cb: 12.8953   Cr: 14.6074 )
00000043: 12.8099   (Y': 11.7812   Cb: 12.6855   Cr: 14.3363 )
00000045: 12.6173   (Y': 11.6866   Cb: 12.4695   Cr: 14.0058 )
00000044: 12.7846   (Y': 11.7541   Cb: 12.6994   Cr: 14.2576 )
00000046: 12.5759   (Y': 11.665    Cb: 12.3716   Cr: 14.0117 )
00000047: 12.7878   (Y': 11.7906   Cb: 12.6228   Cr: 14.3171 )
00000048: 12.765    (Y': 11.7541   Cb: 12.6141   Cr: 14.298  )
00000049: 12.8154   (Y': 11.8176   Cb: 12.6865   Cr: 14.2932 )
00000050: 12.7629   (Y': 11.7406   Cb: 12.651    Cr: 14.2595 )
00000051: 12.7153   (Y': 11.6512   Cb: 12.6457   Cr: 14.2258 )
00000052: 12.6958   (Y': 11.6065   Cb: 12.6463   Cr: 14.2234 )
00000053: 12.6374   (Y': 11.4876   Cb: 12.6195   Cr: 14.2313 )
00000054: 12.6192   (Y': 11.4893   Cb: 12.562    Cr: 14.2331 )
00000055: 12.5676   (Y': 11.3109   Cb: 12.6091   Cr: 14.2814 )
00000056: 12.5631   (Y': 11.2416   Cb: 12.6661   Cr: 14.3167 )
00000057: 12.6688   (Y': 11.2577   Cb: 12.8206   Cr: 14.5368 )
00000058: 12.6987   (Y': 11.2627   Cb: 12.8765   Cr: 14.5814 )
00000059: 12.7623   (Y': 11.2924   Cb: 12.9475   Cr: 14.7076 )
00000060: 12.7532   (Y': 11.3266   Cb: 12.9137   Cr: 14.6412 )
00000061: 12.7897   (Y': 11.438    Cb: 12.8647   Cr: 14.6472 )
00000062: 12.8419   (Y': 11.4646   Cb: 12.9042   Cr: 14.7731 )
00000063: 12.8612   (Y': 11.4599   Cb: 12.9738   Cr: 14.7671 )
00000064: 12.8705   (Y': 11.4585   Cb: 12.961    Cr: 14.8331 )
00000065: 12.8751   (Y': 11.4423   Cb: 12.9519   Cr: 14.9044 )
00000066: 12.8958   (Y': 11.441    Cb: 12.9839   Cr: 14.957  )
00000067: 13.036    (Y': 11.5402   Cb: 13.1823   Cr: 15.0984 )
00000068: 13.0804   (Y': 11.5044   Cb: 13.3155   Cr: 15.1902 )
00000069: 13.1654   (Y': 11.5362   Cb: 13.3925   Cr: 15.4147 )
00000070: 13.208    (Y': 11.5626   Cb: 13.4795   Cr: 15.4268 )
00000071: 13.3114   (Y': 11.6951   Cb: 13.5658   Cr: 15.4864 )
00000072: 13.2304   (Y': 11.6248   Cb: 13.4567   Cr: 15.4241 )
00000073: 13.2292   (Y': 11.6655   Cb: 13.4081   Cr: 15.3974 )
00000074: 13.166    (Y': 11.6414   Cb: 13.2967   Cr: 15.3191 )
00000075: 13        (Y': 11.4239   Cb: 13.1936   Cr: 15.1747 )
00000076: 12.9481   (Y': 11.44     Cb: 13.1023   Cr: 15.0261 )
00000077: 12.8581   (Y': 11.4164   Cb: 13.0081   Cr: 14.7946 )
00000078: 12.8578   (Y': 11.4222   Cb: 13.0094   Cr: 14.7788 )
00000079: 13.0247   (Y': 11.5356   Cb: 13.2796   Cr: 14.9089 )
00000081: 13.0951   (Y': 11.5744   Cb: 13.4196   Cr: 14.9478 )
00000080: 13.0277   (Y': 11.5005   Cb: 13.3255   Cr: 14.9328 )
00000082: 13.1669   (Y': 11.722    Cb: 13.4594   Cr: 14.9035 )
00000083: 13.2653   (Y': 11.7451   Cb: 13.6508   Cr: 15.0319 )
00000084: 13.2465   (Y': 11.7294   Cb: 13.6249   Cr: 15.0161 )
00000085: 13.2913   (Y': 11.7667   Cb: 13.6571   Cr: 15.0942 )
00000086: 13.2874   (Y': 11.7942   Cb: 13.6362   Cr: 15.0472 )
00000087: 13.2757   (Y': 11.8424   Cb: 13.5812   Cr: 14.9704 )
00000089: 13.3637   (Y': 11.9968   Cb: 13.5917   Cr: 15.0308 )
00000088: 13.3016   (Y': 11.8983   Cb: 13.5535   Cr: 15.0089 )
00000090: 13.3713   (Y': 12.0036   Cb: 13.5903   Cr: 15.0526 )
00000091: 13.4193   (Y': 12.1244   Cb: 13.5646   Cr: 15.0591 )
00000092: 13.52     (Y': 12.2362   Cb: 13.6647   Cr: 15.1388 )
00000093: 13.6424   (Y': 12.3642   Cb: 13.7747   Cr: 15.2681 )
00000095: 13.3765   (Y': 11.9341   Cb: 13.6751   Cr: 15.0994 )
00000094: 13.6022   (Y': 12.2889   Cb: 13.7694   Cr: 15.2472 )
00000097: 13.5268   (Y': 12.1265   Cb: 13.7686   Cr: 15.2426 )
00000096: 13.4093   (Y': 11.9914   Cb: 13.6927   Cr: 15.1029 )
00000098: 13.4901   (Y': 12.137    Cb: 13.7005   Cr: 15.1539 )
00000099: 13.4896   (Y': 12.0937   Cb: 13.7142   Cr: 15.2205 )
00000101: 13.3196   (Y': 12.1137   Cb: 13.4447   Cr: 14.8172 )
00000100: 13.4789   (Y': 12.1425   Cb: 13.6338   Cr: 15.1876 )
00000102: 13.1699   (Y': 11.944    Cb: 13.36     Cr: 14.6167 )
00000103: 13.2323   (Y': 12.0581   Cb: 13.3393   Cr: 14.6963 )
00000104: 13.1193   (Y': 11.8308   Cb: 13.2988   Cr: 14.6988 )
00000105: 12.5698   (Y': 11.2159   Cb: 12.7903   Cr: 14.2212 )
00000106: 12.5014   (Y': 11.0861   Cb: 12.7673   Cr: 14.2138 )
00000107: 12.4047   (Y': 11.0244   Cb: 12.6214   Cr: 14.1147 )
00000108: 12.4054   (Y': 11.0391   Cb: 12.5919   Cr: 14.1297 )
00000109: 12.4087   (Y': 10.9904   Cb: 12.6473   Cr: 14.1658 )
00000110: 12.4364   (Y': 11.0366   Cb: 12.6398   Cr: 14.2056 )
00000111: 12.5433   (Y': 11.0389   Cb: 12.8623   Cr: 14.3688 )
00000112: 12.5497   (Y': 11.0238   Cb: 12.8908   Cr: 14.3904 )
00000113: 12.6045   (Y': 11.0977   Cb: 12.9289   Cr: 14.4273 )
00000114: 12.5858   (Y': 11.0169   Cb: 13.0132   Cr: 14.3996 )
00000115: 12.611    (Y': 11.0475   Cb: 13.0503   Cr: 14.3969 )
00000116: 12.5719   (Y': 11.0069   Cb: 13.0088   Cr: 14.3642 )
00000118: 12.8941   (Y': 11.4116   Cb: 13.2546   Cr: 14.6151 )
00000117: 12.6521   (Y': 11.1509   Cb: 13.0363   Cr: 14.3802 )
00000119: 12.9773   (Y': 11.5238   Cb: 13.3189   Cr: 14.6642 )
00000120: 12.93     (Y': 11.4908   Cb: 13.2421   Cr: 14.6275 )
00000121: 12.8879   (Y': 11.3877   Cb: 13.2756   Cr: 14.609  )
00000122: 12.918    (Y': 11.3396   Cb: 13.3846   Cr: 14.6991 )
00000123: 13.0509   (Y': 11.5123   Cb: 13.4777   Cr: 14.8002 )
00000124: 13.1097   (Y': 11.622    Cb: 13.5063   Cr: 14.7927 )
00000126: 13.0998   (Y': 11.4926   Cb: 13.5354   Cr: 14.9867 )
00000125: 13.1715   (Y': 11.5547   Cb: 13.6457   Cr: 15.0262 )
00000127: 13.0687   (Y': 11.5084   Cb: 13.4803   Cr: 14.8858 )
00000128: 13.1506   (Y': 11.5854   Cb: 13.5393   Cr: 15.0103 )
00000129: 13.1635   (Y': 11.5928   Cb: 13.5634   Cr: 15.0193 )
00000130: 13.2684   (Y': 11.7551   Cb: 13.6617   Cr: 15.0098 )
00000131: 13.2942   (Y': 11.6915   Cb: 13.7255   Cr: 15.177  )
00000132: 13.1455   (Y': 11.3225   Cb: 13.8154   Cr: 15.2124 )
00000133: 13.0933   (Y': 11.2593   Cb: 13.7964   Cr: 15.1416 )
00000134: 13.1642   (Y': 11.2688   Cb: 13.9544   Cr: 15.2462 )
00000135: 13.1774   (Y': 11.2469   Cb: 14.0731   Cr: 15.207  )
00000136: 13.1708   (Y': 11.2277   Cb: 14.1255   Cr: 15.1563 )
00000137: 13.2794   (Y': 11.3791   Cb: 14.1862   Cr: 15.2206 )
00000138: 13.2855   (Y': 11.3539   Cb: 14.22     Cr: 15.2684 )
00000139: 13.2994   (Y': 11.4364   Cb: 14.1496   Cr: 15.2235 )
00000140: 13.2241   (Y': 11.4351   Cb: 13.9817   Cr: 15.0926 )
00000141: 13.2244   (Y': 11.3855   Cb: 14.0719   Cr: 15.0948 )
00000142: 13.2083   (Y': 11.3487   Cb: 14.0483   Cr: 15.1372 )
00000143: 13.3125   (Y': 11.4746   Cb: 14.0914   Cr: 15.2687 )
00000144: 13.3667   (Y': 11.5282   Cb: 14.1186   Cr: 15.3598 )
00000145: 13.5375   (Y': 11.6204   Cb: 14.2863   Cr: 15.7308 )
00000146: 13.5513   (Y': 11.5861   Cb: 14.3537   Cr: 15.7952 )
00000147: 13.5413   (Y': 11.6133   Cb: 14.3294   Cr: 15.7089 )
00000148: 13.5047   (Y': 11.6313   Cb: 14.1615   Cr: 15.7161 )
00000149: 13.5259   (Y': 11.6529   Cb: 14.1176   Cr: 15.8308 )
00000150: 13.55     (Y': 11.6819   Cb: 14.0911   Cr: 15.9182 )
00000151: 13.4911   (Y': 11.7223   Cb: 13.9094   Cr: 15.7892 )
00000152: 13.5115   (Y': 11.788    Cb: 13.8783   Cr: 15.7748 )
00000153: 13.3865   (Y': 11.7138   Cb: 13.6493   Cr: 15.6865 )
00000154: 13.2846   (Y': 11.556    Cb: 13.5504   Cr: 15.7218 )
00000155: 13.3224   (Y': 11.6281   Cb: 13.5329   Cr: 15.7628 )
00000156: 13.4701   (Y': 11.8922   Cb: 13.5136   Cr: 15.8972 )
00000157: 13.8588   (Y': 12.6746   Cb: 13.558    Cr: 15.9713 )
00000158: 13.9665   (Y': 12.8616   Cb: 13.59     Cr: 16.0444 )
00000159: 14.1627   (Y': 13.1339   Cb: 13.6988   Cr: 16.2392 )
00000160: 14.1857   (Y': 13.1177   Cb: 13.7775   Cr: 16.2431 )
00000161: 14.1932   (Y': 13.1906   Cb: 13.7382   Cr: 16.2009 )
00000162: 14.1363   (Y': 13.0928   Cb: 13.7043   Cr: 16.1857 )
00000163: 14.0823   (Y': 13.1068   Cb: 13.6118   Cr: 16.0634 )
00000164: 13.679    (Y': 12.4339   Cb: 13.3911   Cr: 15.9015 )
00000165: 13.6556   (Y': 12.2574   Cb: 13.4952   Cr: 16.0024 )
00000166: 13.4754   (Y': 11.8047   Cb: 13.5137   Cr: 16.1547 )
00000167: 13.3764   (Y': 11.655    Cb: 13.4494   Cr: 16.1316 )
00000168: 13.4472   (Y': 11.8253   Cb: 13.4401   Cr: 16.0783 )
00000169: 13.4068   (Y': 11.8633   Cb: 13.3352   Cr: 15.9513 )
00000170: 13.3503   (Y': 11.6486   Cb: 13.3995   Cr: 16.0945 )
00000171: 13.381    (Y': 11.5978   Cb: 13.5525   Cr: 16.1303 )
00000172: 13.6005   (Y': 12.0391   Cb: 13.5719   Cr: 16.1131 )
00000173: 13.4088   (Y': 11.7558   Cb: 13.523    Cr: 15.9053 )
00000174: 13.3883   (Y': 11.6908   Cb: 13.5379   Cr: 15.9405 )
00000175: 13.5261   (Y': 11.7238   Cb: 13.824    Cr: 16.1075 )
00000176: 13.5746   (Y': 11.7364   Cb: 13.9218   Cr: 16.1716 )
00000177: 13.7968   (Y': 12.01     Cb: 14.1272   Cr: 16.2816 )
00000178: 13.853    (Y': 12.0304   Cb: 14.2605   Cr: 16.309  )
00000179: 13.7969   (Y': 11.9199   Cb: 14.3136   Cr: 16.2267 )
00000180: 13.8364   (Y': 12.0077   Cb: 14.3202   Cr: 16.1884 )
00000181: 13.9133   (Y': 11.9934   Cb: 14.5062   Cr: 16.3416 )
00000182: 13.8877   (Y': 11.9992   Cb: 14.4543   Cr: 16.2718 )
00000183: 13.7771   (Y': 11.8188   Cb: 14.3943   Cr: 16.2742 )
00000184: 13.7758   (Y': 11.8463   Cb: 14.3346   Cr: 16.2829 )
00000185: 13.7282   (Y': 11.8057   Cb: 14.2849   Cr: 16.2198 )
00000186: 13.7854   (Y': 11.8168   Cb: 14.3812   Cr: 16.3445 )
00000187: 13.8308   (Y': 11.8853   Cb: 14.4431   Cr: 16.2996 )
00000188: 13.8659   (Y': 11.9015   Cb: 14.4688   Cr: 16.402  )
00000189: 13.9524   (Y': 12.0044   Cb: 14.5383   Cr: 16.4692 )
00000190: 13.9338   (Y': 11.9374   Cb: 14.5637   Cr: 16.5188 )
00000191: 13.9767   (Y': 12.0057   Cb: 14.5833   Cr: 16.5258 )
00000192: 14.0262   (Y': 12.0499   Cb: 14.6323   Cr: 16.5911 )
00000193: 14.0814   (Y': 12.1029   Cb: 14.6788   Cr: 16.6663 )
00000194: 14.0499   (Y': 12.1066   Cb: 14.6288   Cr: 16.5647 )
00000195: 14.0799   (Y': 12.1071   Cb: 14.7067   Cr: 16.6026 )
00000196: 14.1023   (Y': 12.1619   Cb: 14.6606   Cr: 16.6409 )
00000197: 14.0814   (Y': 12.1546   Cb: 14.6241   Cr: 16.6066 )
00000199: 14.1464   (Y': 12.2462   Cb: 14.6893   Cr: 16.598  )
00000198: 14.1346   (Y': 12.2083   Cb: 14.6711   Cr: 16.6684 )
00000200: 14.1411   (Y': 12.2159   Cb: 14.6914   Cr: 16.6501 )
00000201: 14.2018   (Y': 12.3533   Cb: 14.6984   Cr: 16.5867 )
00000202: 14.1807   (Y': 12.3359   Cb: 14.6688   Cr: 16.5687 )
00000203: 14.3109   (Y': 12.5546   Cb: 14.7451   Cr: 16.5529 )
00000204: 14.2515   (Y': 12.4874   Cb: 14.6609   Cr: 16.5513 )
00000205: 14.219    (Y': 12.4078   Cb: 14.6689   Cr: 16.5779 )
00000207: 13.9622   (Y': 12.0794   Cb: 14.4512   Cr: 16.4508 )
00000206: 14.1185   (Y': 12.2733   Cb: 14.6146   Cr: 16.4954 )
00000208: 14.0122   (Y': 12.1135   Cb: 14.5113   Cr: 16.5283 )
00000209: 13.9847   (Y': 12.1013   Cb: 14.5033   Cr: 16.4285 )
00000210: 14.0367   (Y': 12.1125   Cb: 14.6315   Cr: 16.4739 )
00000211: 13.9869   (Y': 12.0919   Cb: 14.518    Cr: 16.4428 )
00000212: 13.9477   (Y': 12.0617   Cb: 14.4897   Cr: 16.3622 )
00000213: 13.8773   (Y': 12.0235   Cb: 14.4287   Cr: 16.1922 )
00000214: 13.8636   (Y': 12.0216   Cb: 14.3729   Cr: 16.2113 )
00000215: 13.8054   (Y': 11.9707   Cb: 14.3809   Cr: 16.0351 )
00000216: 13.7862   (Y': 11.9998   Cb: 14.2812   Cr: 16.0126 )
00000217: 13.8687   (Y': 12.095    Cb: 14.3448   Cr: 16.0917 )
00000218: 13.8661   (Y': 12.1107   Cb: 14.2974   Cr: 16.1107 )
00000219: 13.8021   (Y': 12.0459   Cb: 14.2165   Cr: 16.0743 )
00000220: 13.7446   (Y': 11.9159   Cb: 14.1968   Cr: 16.1456 )
00000221: 13.8083   (Y': 11.9562   Cb: 14.2465   Cr: 16.2946 )
00000222: 13.822    (Y': 11.9557   Cb: 14.309    Cr: 16.2692 )
00000223: 13.8503   (Y': 11.9851   Cb: 14.3476   Cr: 16.2782 )
00000224: 13.9058   (Y': 12.0241   Cb: 14.4038   Cr: 16.3774 )
00000225: 13.9117   (Y': 11.8955   Cb: 14.5446   Cr: 16.5496 )
00000226: 13.9529   (Y': 11.9262   Cb: 14.5908   Cr: 16.6134 )
00000227: 13.9619   (Y': 11.9189   Cb: 14.6601   Cr: 16.5755 )
00000228: 14.0258   (Y': 11.9249   Cb: 14.7696   Cr: 16.7399 )
00000229: 14.341    (Y': 12.4008   Cb: 14.9678   Cr: 16.7732 )
00000230: 14.3784   (Y': 12.4475   Cb: 14.9896   Cr: 16.8091 )
00000231: 14.47     (Y': 12.5555   Cb: 15.0656   Cr: 16.8794 )
00000232: 14.5548   (Y': 12.6648   Cb: 15.1248   Cr: 16.9376 )
00000233: 14.5166   (Y': 12.6522   Cb: 15.1298   Cr: 16.7676 )
00000234: 14.548    (Y': 12.6616   Cb: 15.1567   Cr: 16.8628 )
00000235: 14.5773   (Y': 12.5793   Cb: 15.3324   Cr: 16.9773 )
00000236: 14.4489   (Y': 12.4502   Cb: 15.1952   Cr: 16.8641 )
00000237: 14.4097   (Y': 12.4657   Cb: 15.13     Cr: 16.714  )
00000238: 14.2516   (Y': 12.1265   Cb: 15.1701   Cr: 16.7741 )
00000239: 14.2168   (Y': 11.9789   Cb: 15.2548   Cr: 16.9055 )
00000240: 14.317    (Y': 12.0943   Cb: 15.3463   Cr: 16.9711 )
00000241: 14.2996   (Y': 12.0008   Cb: 15.4191   Cr: 17.0617 )
00000242: 14.4117   (Y': 12.1036   Cb: 15.5811   Cr: 17.1308 )
00000243: 14.3665   (Y': 12.0691   Cb: 15.5054   Cr: 17.0954 )
00000244: 14.4654   (Y': 12.1857   Cb: 15.5892   Cr: 17.1602 )
00000245: 14.2719   (Y': 11.9645   Cb: 15.3955   Cr: 17.0551 )
00000246: 14.219    (Y': 11.8897   Cb: 15.3523   Cr: 17.0597 )
00000247: 14.2435   (Y': 11.9411   Cb: 15.3466   Cr: 17.0408 )
00000248: 14.2949   (Y': 12.0145   Cb: 15.3915   Cr: 17.0316 )
00000249: 14.3136   (Y': 12.071    Cb: 15.3704   Cr: 16.9891 )
00000250: 14.3791   (Y': 12.1363   Cb: 15.4284   Cr: 17.0664 )
00000251: 14.4086   (Y': 12.1292   Cb: 15.4662   Cr: 17.1994 )
00000252: 14.4418   (Y': 12.1616   Cb: 15.533    Cr: 17.1856 )
00000253: 14.4132   (Y': 12.0539   Cb: 15.5323   Cr: 17.3758 )
00000254: 14.4071   (Y': 12.0384   Cb: 15.5623   Cr: 17.346  )
00000255: 14.4265   (Y': 12.1081   Cb: 15.4795   Cr: 17.3523 )
00000256: 14.4558   (Y': 12.1431   Cb: 15.5439   Cr: 17.3092 )
00000257: 14.4544   (Y': 12.1862   Cb: 15.4525   Cr: 17.2986 )
00000258: 14.5058   (Y': 12.281    Cb: 15.4775   Cr: 17.2518 )
00000260: 14.7441   (Y': 12.5594   Cb: 15.7117   Cr: 17.3725 )
00000259: 14.7277   (Y': 12.5454   Cb: 15.6972   Cr: 17.3464 )
00000261: 14.9149   (Y': 12.7521   Cb: 15.8512   Cr: 17.523  )
00000262: 14.8194   (Y': 12.6704   Cb: 15.7372   Cr: 17.4136 )
00000263: 14.9568   (Y': 12.8952   Cb: 15.7618   Cr: 17.4619 )
00000264: 14.8986   (Y': 12.8045   Cb: 15.745    Cr: 17.4364 )
00000265: 14.743    (Y': 12.6666   Cb: 15.5806   Cr: 17.2426 )
00000266: 14.7507   (Y': 12.6713   Cb: 15.5538   Cr: 17.3101 )
00000267: 14.7909   (Y': 12.7509   Cb: 15.6208   Cr: 17.1989 )
00000269: 14.4416   (Y': 12.2357   Cb: 15.4941   Cr: 17.0114 )
00000270: 14.4054   (Y': 12.1902   Cb: 15.449    Cr: 17.016  )
00000271: 14.3676   (Y': 12.1291   Cb: 15.5604   Cr: 16.8412 )
00000268: 14.4086   (Y': 12.14     Cb: 15.5062   Cr: 17.1066 )
00000272: 14.2906   (Y': 12.0213   Cb: 15.5466   Cr: 16.7712 )
00000273: 14.2633   (Y': 11.8729   Cb: 15.6611   Cr: 16.9295 )
00000274: 14.7177   (Y': 12.6684   Cb: 15.7324   Cr: 16.8978 )
00000275: 14.8568   (Y': 12.8495   Cb: 16.0248   Cr: 16.7392 )
00000277: 14.7257   (Y': 12.6987   Cb: 15.8405   Cr: 16.7211 )
00000278: 14.6395   (Y': 12.5816   Cb: 15.7892   Cr: 16.6707 )
00000279: 14.6397   (Y': 12.5894   Cb: 15.7542   Cr: 16.6951 )
00000276: 14.8664   (Y': 12.8721   Cb: 16.0485   Cr: 16.7008 )
00000280: 14.5921   (Y': 12.4952   Cb: 15.7301   Cr: 16.74   )
00000281: 14.5291   (Y': 12.4533   Cb: 15.6606   Cr: 16.6293 )
00000282: 14.5402   (Y': 12.4599   Cb: 15.6862   Cr: 16.6339 )
00000283: 14.5041   (Y': 12.5439   Cb: 15.4514   Cr: 16.5414 )
00000284: 14.5002   (Y': 12.5758   Cb: 15.4108   Cr: 16.4958 )
00000285: 14.5554   (Y': 12.6931   Cb: 15.3967   Cr: 16.4888 )
00000286: 14.5398   (Y': 12.7037   Cb: 15.2987   Cr: 16.5181 )
00000287: 14.5151   (Y': 12.8098   Cb: 15.1073   Cr: 16.4091 )
00000288: 14.5304   (Y': 12.9092   Cb: 15.0365   Cr: 16.3514 )
00000289: 14.4332   (Y': 12.8225   Cb: 14.9328   Cr: 16.2399 )
00000290: 14.8408   (Y': 13.2819   Cb: 15.4398   Cr: 16.4086 )
00000291: 14.8458   (Y': 13.5223   Cb: 15.3281   Cr: 16.102  )
00000292: 14.8605   (Y': 13.5505   Cb: 15.3374   Cr: 16.0987 )
00000293: 14.6656   (Y': 13.3305   Cb: 15.1024   Cr: 15.998  )
00000294: 14.6836   (Y': 13.2461   Cb: 15.1684   Cr: 16.1511 )
00000295: 14.7196   (Y': 12.8379   Cb: 15.6094   Cr: 16.6381 )
00000296: 14.522    (Y': 12.7636   Cb: 15.1308   Cr: 16.5167 )
00000297: 14.7008   (Y': 13.0946   Cb: 15.1875   Cr: 16.5151 )
00000298: 14.4721   (Y': 12.851    Cb: 14.9863   Cr: 16.282  )
00000299: 14.3729   (Y': 12.6264   Cb: 14.9707   Cr: 16.3549 )
00000300: 14.4836   (Y': 12.7612   Cb: 15.0618   Cr: 16.436  )
00000301: 14.581    (Y': 13.0593   Cb: 14.9577   Cr: 16.363  )
00000302: 14.5035   (Y': 13.0442   Cb: 14.7732   Cr: 16.3026 )
00000303: 14.5646   (Y': 13.1512   Cb: 14.7447   Cr: 16.3957 )
00000304: 14.5817   (Y': 13.1575   Cb: 14.7729   Cr: 16.4194 )
00000305: 14.5919   (Y': 13.1903   Cb: 14.7676   Cr: 16.4049 )
00000306: 14.5088   (Y': 13.0948   Cb: 14.7477   Cr: 16.2565 )
00000307: 14.4204   (Y': 12.7926   Cb: 14.8547   Cr: 16.3559 )
00000308: 14.2947   (Y': 12.6238   Cb: 14.7725   Cr: 16.2673 )
00000309: 14.2151   (Y': 12.4599   Cb: 14.8035   Cr: 16.2309 )
00000310: 14.2445   (Y': 12.4584   Cb: 14.8847   Cr: 16.2626 )
00000311: 14.0772   (Y': 12.1425   Cb: 14.8785   Cr: 16.2436 )
00000312: 13.9754   (Y': 12.1157   Cb: 14.6554   Cr: 16.1191 )
00000313: 14.0003   (Y': 12.2292   Cb: 14.6089   Cr: 16.0261 )
00000314: 13.9332   (Y': 12.2478   Cb: 14.4168   Cr: 15.9312 )
00000315: 13.8842   (Y': 12.2195   Cb: 14.3599   Cr: 15.8452 )
00000316: 13.9137   (Y': 12.3574   Cb: 14.3569   Cr: 15.6788 )
00000317: 13.9632   (Y': 12.653    Cb: 14.1848   Cr: 15.5271 )
00000318: 13.8763   (Y': 12.624    Cb: 13.9923   Cr: 15.4742 )
00000319: 13.8001   (Y': 12.6403   Cb: 13.7901   Cr: 15.4019 )
00000320: 13.7718   (Y': 12.6446   Cb: 13.7616   Cr: 15.3125 )
00000321: 14.0778   (Y': 12.8145   Cb: 14.2486   Cr: 15.6208 )
00000322: 13.4557   (Y': 12.3877   Cb: 13.3665   Cr: 15.0018 )
00000323: 14.0782   (Y': 12.6585   Cb: 14.3604   Cr: 15.7773 )
00000324: 14.0345   (Y': 12.4534   Cb: 14.412    Cr: 15.9451 )
00000325: 13.6233   (Y': 12.3868   Cb: 13.6613   Cr: 15.3023 )
00000326: 13.0852   (Y': 12.0672   Cb: 12.8142   Cr: 14.815  )
00000327: 13.0415   (Y': 12.0396   Cb: 12.7358   Cr: 14.7964 )
00000328: 12.9003   (Y': 11.8692   Cb: 12.5531   Cr: 14.7794 )
00000329: 12.7883   (Y': 11.8122   Cb: 12.4459   Cr: 14.5538 )
00000330: 12.8148   (Y': 11.8718   Cb: 12.5021   Cr: 14.4715 )
00000331: 12.9964   (Y': 12.076    Cb: 12.7115   Cr: 14.5694 )
00000332: 12.9089   (Y': 12.0041   Cb: 12.5929   Cr: 14.5021 )
00000333: 13.0497   (Y': 12.1875   Cb: 12.7342   Cr: 14.5676 )
00000334: 12.9541   (Y': 12.0825   Cb: 12.6036   Cr: 14.5426 )
00000335: 13.0625   (Y': 12.1731   Cb: 12.7633   Cr: 14.6029 )
00000336: 12.9005   (Y': 12.0053   Cb: 12.5628   Cr: 14.5107 )
00000337: 12.6397   (Y': 11.6481   Cb: 12.3934   Cr: 14.2817 )
00000338: 12.6622   (Y': 11.7461   Cb: 12.3518   Cr: 14.2668 )
00000339: 12.7927   (Y': 11.9754   Cb: 12.4374   Cr: 14.2943 )
00000340: 12.7276   (Y': 11.901    Cb: 12.3725   Cr: 14.2449 )
00000341: 12.7224   (Y': 11.9414   Cb: 12.315    Cr: 14.2428 )
00000342: 12.814    (Y': 12.0332   Cb: 12.4178   Cr: 14.3165 )
00000343: 13.0088   (Y': 12.2031   Cb: 12.6757   Cr: 14.457  )
00000344: 13.1896   (Y': 12.3344   Cb: 12.9333   Cr: 14.607  )
00000345: 13.2038   (Y': 12.299    Cb: 12.975    Cr: 14.6652 )
00000346: 13.3072   (Y': 12.3528   Cb: 13.1704   Cr: 14.7203 )
00000347: 13.2089   (Y': 12.3555   Cb: 13.0096   Cr: 14.5408 )
00000348: 13.3806   (Y': 12.4711   Cb: 13.2919   Cr: 14.6507 )
00000349: 13.384    (Y': 12.4428   Cb: 13.2882   Cr: 14.717  )
00000350: 13.267    (Y': 12.3904   Cb: 13.105    Cr: 14.5844 )
00000351: 13.3464   (Y': 12.4785   Cb: 13.153    Cr: 14.6938 )
00000352: 13.3371   (Y': 12.527    Cb: 13.0948   Cr: 14.6592 )
00000353: 13.2625   (Y': 12.6204   Cb: 12.9226   Cr: 14.4585 )
00000354: 13.2023   (Y': 12.6092   Cb: 12.832    Cr: 14.3674 )
00000355: 12.9857   (Y': 12.4368   Cb: 12.6098   Cr: 14.0934 )
00000356: 12.8703   (Y': 12.3596   Cb: 12.4426   Cr: 13.9955 )
00000357: 12.8312   (Y': 12.2962   Cb: 12.4131   Cr: 13.9784 )
00000358: 12.7771   (Y': 12.2173   Cb: 12.3321   Cr: 14.0004 )
00000359: 12.8723   (Y': 12.2809   Cb: 12.4139   Cr: 14.1637 )
00000360: 12.8906   (Y': 12.3148   Cb: 12.463    Cr: 14.1124 )
00000361: 12.9154   (Y': 12.3597   Cb: 12.4766   Cr: 14.1236 )
00000362: 12.8933   (Y': 12.3263   Cb: 12.4689   Cr: 14.0974 )
00000363: 12.9044   (Y': 12.3004   Cb: 12.4863   Cr: 14.1555 )
00000364: 12.9569   (Y': 12.3139   Cb: 12.5502   Cr: 14.2516 )
00000365: 13.0247   (Y': 12.3866   Cb: 12.6112   Cr: 14.3216 )
00000366: 13.2102   (Y': 12.5702   Cb: 12.9318   Cr: 14.3171 )
00000367: 13.0962   (Y': 12.5245   Cb: 12.7551   Cr: 14.1887 )
00000368: 13.0779   (Y': 12.5807   Cb: 12.7243   Cr: 14.0804 )
00000369: 13.0072   (Y': 12.536    Cb: 12.6413   Cr: 13.99   )
00000370: 12.9239   (Y': 12.4694   Cb: 12.5225   Cr: 13.9318 )
00000371: 12.8219   (Y': 12.3543   Cb: 12.4091   Cr: 13.8642 )
00000372: 12.8256   (Y': 12.2532   Cb: 12.4378   Cr: 13.9849 )
00000373: 12.8378   (Y': 12.2166   Cb: 12.4385   Cr: 14.0878 )
00000374: 12.7934   (Y': 12.1186   Cb: 12.3787   Cr: 14.15   )
00000375: 12.8192   (Y': 12.1941   Cb: 12.3104   Cr: 14.2406 )
00000376: 12.8134   (Y': 12.2518   Cb: 12.2555   Cr: 14.2108 )
00000377: 12.751    (Y': 12.1422   Cb: 12.2077   Cr: 14.2004 )
00000378: 12.6631   (Y': 11.9895   Cb: 12.1437   Cr: 14.1801 )
00000379: 12.6267   (Y': 11.8555   Cb: 12.1431   Cr: 14.2515 )
00000380: 12.6593   (Y': 11.8513   Cb: 12.2037   Cr: 14.3028 )
00000381: 12.6704   (Y': 11.7634   Cb: 12.2836   Cr: 14.3797 )
00000382: 12.6776   (Y': 11.7694   Cb: 12.3039   Cr: 14.3682 )
00000383: 12.6628   (Y': 11.7739   Cb: 12.3046   Cr: 14.2941 )
00000384: 12.652    (Y': 11.7389   Cb: 12.2794   Cr: 14.3499 )
00000385: 12.5649   (Y': 11.598    Cb: 12.2308   Cr: 14.3001 )
00000386: 12.5752   (Y': 11.5585   Cb: 12.2717   Cr: 14.3547 )
00000387: 12.5575   (Y': 11.4738   Cb: 12.3086   Cr: 14.3782 )
00000388: 12.5428   (Y': 11.4423   Cb: 12.3127   Cr: 14.366  )
00000389: 12.4768   (Y': 11.3544   Cb: 12.2627   Cr: 14.3175 )
00000390: 12.5318   (Y': 11.4157   Cb: 12.3276   Cr: 14.3441 )
00000391: 12.5888   (Y': 11.5108   Cb: 12.3652   Cr: 14.3579 )
00000392: 12.5949   (Y': 11.47     Cb: 12.4023   Cr: 14.4061 )
00000393: 12.6702   (Y': 11.5452   Cb: 12.4656   Cr: 14.5007 )
00000394: 12.7019   (Y': 11.5587   Cb: 12.4969   Cr: 14.5689 )
00000395: 12.8433   (Y': 11.707    Cb: 12.6531   Cr: 14.6733 )
00000396: 12.9143   (Y': 11.7707   Cb: 12.7165   Cr: 14.7707 )
00000397: 13.1019   (Y': 11.9974   Cb: 12.9168   Cr: 14.8616 )
00000398: 13.0999   (Y': 11.958    Cb: 12.9282   Cr: 14.9115 )
00000399: 13.1075   (Y': 11.9033   Cb: 13.0018   Cr: 14.9398 )
00000400: 13.1073   (Y': 11.8895   Cb: 12.9888   Cr: 14.987  )
00000401: 13.1823   (Y': 12.0113   Cb: 13.0271   Cr: 15.0253 )
00000402: 13.1889   (Y': 12.0185   Cb: 13.0467   Cr: 15.0104 )
00000403: 13.2183   (Y': 12.0572   Cb: 13.0528   Cr: 15.058  )
00000404: 13.2021   (Y': 12.0147   Cb: 13.0745   Cr: 15.0349 )
00000405: 13.1801   (Y': 11.9862   Cb: 13.0158   Cr: 15.0841 )
00000406: 13.2129   (Y': 12.0332   Cb: 13.0594   Cr: 15.0709 )
00000407: 13.273    (Y': 12.0619   Cb: 13.1246   Cr: 15.1866 )
00000408: 13.2769   (Y': 12.0674   Cb: 13.1343   Cr: 15.1783 )
00000409: 13.2362   (Y': 12.0105   Cb: 13.1347   Cr: 15.1053 )
00000410: 13.2508   (Y': 11.9954   Cb: 13.177    Cr: 15.1371 )
00000411: 13.2302   (Y': 11.9819   Cb: 13.1228   Cr: 15.1551 )
00000412: 13.2492   (Y': 12.0579   Cb: 13.0917   Cr: 15.1372 )
00000413: 13.2601   (Y': 12.0684   Cb: 13.1028   Cr: 15.1487 )
00000414: 13.3222   (Y': 12.1179   Cb: 13.1517   Cr: 15.2577 )
00000415: 13.3543   (Y': 12.1259   Cb: 13.1968   Cr: 15.3189 )
00000416: 13.3408   (Y': 12.1307   Cb: 13.1821   Cr: 15.2692 )
00000417: 13.2371   (Y': 12.0333   Cb: 13.0857   Cr: 15.1406 )
00000418: 13.2557   (Y': 11.9922   Cb: 13.1428   Cr: 15.2211 )
00000419: 13.2297   (Y': 11.8638   Cb: 13.1822   Cr: 15.3101 )
00000420: 13.2175   (Y': 11.8437   Cb: 13.1796   Cr: 15.2997 )
00000422: 13.1778   (Y': 11.7213   Cb: 13.1954   Cr: 15.3561 )
00000421: 13.1674   (Y': 11.7588   Cb: 13.1612   Cr: 15.2754 )
00000423: 13.0666   (Y': 11.6426   Cb: 13.0816   Cr: 15.1747 )
00000424: 13.1454   (Y': 11.657    Cb: 13.1997   Cr: 15.3374 )
00000425: 13.0142   (Y': 11.3441   Cb: 13.1859   Cr: 15.4568 )
00000426: 13.0522   (Y': 11.3341   Cb: 13.2775   Cr: 15.5298 )
00000427: 12.9972   (Y': 11.2703   Cb: 13.2159   Cr: 15.5089 )
00000428: 13.0127   (Y': 11.2923   Cb: 13.2219   Cr: 15.5233 )
00000430: 12.9561   (Y': 11.2257   Cb: 13.1322   Cr: 15.5508 )
00000429: 12.9926   (Y': 11.2662   Cb: 13.1972   Cr: 15.5273 )
00000431: 13.0585   (Y': 11.3375   Cb: 13.2906   Cr: 15.5322 )
00000432: 13.0692   (Y': 11.3629   Cb: 13.2732   Cr: 15.5516 )
00000433: 13.14     (Y': 11.4031   Cb: 13.4191   Cr: 15.5774 )
00000434: 13.2063   (Y': 11.4366   Cb: 13.4921   Cr: 15.7197 )
00000435: 13.2933   (Y': 11.4852   Cb: 13.6607   Cr: 15.775  )
00000436: 13.3092   (Y': 11.4578   Cb: 13.7326   Cr: 15.8173 )
00000437: 13.2716   (Y': 11.4432   Cb: 13.6922   Cr: 15.7221 )
00000438: 13.21     (Y': 11.3978   Cb: 13.5767   Cr: 15.7036 )
00000439: 13.1386   (Y': 11.3564   Cb: 13.495    Cr: 15.5693 )
00000440: 13.124    (Y': 11.3674   Cb: 13.4825   Cr: 15.4842 )
00000441: 12.9711   (Y': 11.3146   Cb: 13.2801   Cr: 15.1588 )
00000442: 13.0592   (Y': 11.3949   Cb: 13.4128   Cr: 15.1977 )
00000443: 13.221    (Y': 11.5007   Cb: 13.6705   Cr: 15.3513 )
00000444: 13.2264   (Y': 11.469    Cb: 13.7008   Cr: 15.4112 )
00000445: 13.5259   (Y': 11.6511   Cb: 14.0776   Cr: 15.8959 )
00000446: 13.3652   (Y': 11.5334   Cb: 13.856    Cr: 15.7144 )
00000447: 13.272    (Y': 11.4474   Cb: 13.8026   Cr: 15.5423 )
00000448: 13.2122   (Y': 11.3736   Cb: 13.7533   Cr: 15.5029 )
00000449: 13.1705   (Y': 11.3689   Cb: 13.6478   Cr: 15.4625 )
00000450: 13.1442   (Y': 11.3908   Cb: 13.5521   Cr: 15.4192 )
00000451: 13.2101   (Y': 11.4315   Cb: 13.59     Cr: 15.5935 )
00000452: 13.2607   (Y': 11.462    Cb: 13.653    Cr: 15.6771 )
00000453: 13.2862   (Y': 11.5366   Cb: 13.6295   Cr: 15.6525 )
00000454: 13.2647   (Y': 11.5723   Cb: 13.5526   Cr: 15.5739 )
00000455: 13.1336   (Y': 11.5469   Cb: 13.3069   Cr: 15.3661 )
00000456: 13.1409   (Y': 11.5629   Cb: 13.2817   Cr: 15.4048 )
00000457: 13.1933   (Y': 11.5852   Cb: 13.3886   Cr: 15.442  )
00000458: 13.2076   (Y': 11.5777   Cb: 13.422    Cr: 15.4788 )
00000459: 13.2559   (Y': 11.6024   Cb: 13.4383   Cr: 15.6381 )
00000460: 13.2964   (Y': 11.6093   Cb: 13.508    Cr: 15.7163 )
00000461: 13.3243   (Y': 11.6521   Cb: 13.506    Cr: 15.7553 )
00000462: 13.3432   (Y': 11.6915   Cb: 13.5585   Cr: 15.6669 )
00000463: 13.4321   (Y': 11.7887   Cb: 13.6363   Cr: 15.7532 )
00000464: 13.4885   (Y': 11.9028   Cb: 13.6691   Cr: 15.7064 )
00000465: 13.5062   (Y': 11.9682   Cb: 13.6564   Cr: 15.6595 )
00000466: 13.5327   (Y': 12.0571   Cb: 13.5856   Cr: 15.6973 )
00000467: 13.5972   (Y': 12.1284   Cb: 13.5722   Cr: 15.8754 )
00000468: 13.6594   (Y': 12.16     Cb: 13.6425   Cr: 15.9972 )
00000469: 13.5666   (Y': 12.0734   Cb: 13.546    Cr: 15.8953 )
00000470: 13.5595   (Y': 12.0627   Cb: 13.509    Cr: 15.9491 )
00000471: 13.5081   (Y': 12.0578   Cb: 13.4491   Cr: 15.8009 )
00000472: 13.5567   (Y': 12.1438   Cb: 13.4995   Cr: 15.759  )
00000473: 13.6588   (Y': 12.2042   Cb: 13.6727   Cr: 15.8387 )
00000474: 13.7257   (Y': 12.2396   Cb: 13.8036   Cr: 15.8739 )
00000475: 13.7408   (Y': 12.3393   Cb: 13.7227   Cr: 15.8524 )
00000476: 13.8346   (Y': 12.4252   Cb: 13.8449   Cr: 15.9179 )
00000477: 13.6646   (Y': 12.2659   Cb: 13.6802   Cr: 15.7151 )
00000478: 13.6315   (Y': 12.2938   Cb: 13.5474   Cr: 15.7096 )
00000479: 13.5952   (Y': 12.2614   Cb: 13.4687   Cr: 15.735  )
00000480: 13.6263   (Y': 12.3129   Cb: 13.4974   Cr: 15.7254 )
00000481: 13.5331   (Y': 12.1749   Cb: 13.3646   Cr: 15.8005 )
00000482: 13.5215   (Y': 12.0951   Cb: 13.4248   Cr: 15.8226 )
00000483: 13.4618   (Y': 11.9881   Cb: 13.4058   Cr: 15.8053 )
00000484: 13.3912   (Y': 11.9076   Cb: 13.3222   Cr: 15.7811 )
00000485: 13.3721   (Y': 11.8968   Cb: 13.3201   Cr: 15.7123 )
00000486: 13.3373   (Y': 11.8597   Cb: 13.3031   Cr: 15.652  )
00000487: 13.4184   (Y': 11.9201   Cb: 13.4332   Cr: 15.6995 )
00000488: 13.3729   (Y': 11.8648   Cb: 13.4368   Cr: 15.5954 )
00000489: 13.4425   (Y': 11.8828   Cb: 13.5736   Cr: 15.6779 )
00000490: 13.4309   (Y': 11.8553   Cb: 13.5916   Cr: 15.6566 )
00000491: 13.4778   (Y': 11.8469   Cb: 13.6686   Cr: 15.7898 )
00000492: 13.5792   (Y': 11.8663   Cb: 13.8647   Cr: 15.9438 )
00000493: 13.5811   (Y': 11.9225   Cb: 13.8548   Cr: 15.8284 )
00000494: 13.7139   (Y': 12.0088   Cb: 14.0719   Cr: 15.9447 )
00000495: 13.5526   (Y': 11.8642   Cb: 13.8901   Cr: 15.7736 )
00000496: 13.4366   (Y': 11.7878   Cb: 13.7267   Cr: 15.6347 )
00000497: 13.3587   (Y': 11.7173   Cb: 13.6549   Cr: 15.5295 )
00000498: 13.3556   (Y': 11.7128   Cb: 13.6374   Cr: 15.5516 )
00000499: 13.2547   (Y': 11.5525   Cb: 13.5843   Cr: 15.5223 )
00000500: 13.1226   (Y': 11.4104   Cb: 13.4433   Cr: 15.4296 )
00000501: 13.042    (Y': 11.2812   Cb: 13.4232   Cr: 15.3773 )
00000502: 13.0909   (Y': 11.3129   Cb: 13.4952   Cr: 15.4343 )
00000503: 13.0258   (Y': 11.249    Cb: 13.4276   Cr: 15.3701 )
00000504: 13.0388   (Y': 11.2741   Cb: 13.4287   Cr: 15.3708 )
00000505: 13.0595   (Y': 11.2245   Cb: 13.5526   Cr: 15.4139 )
00000506: 13.0322   (Y': 11.2281   Cb: 13.4661   Cr: 15.3974 )
00000507: 12.9788   (Y': 11.2249   Cb: 13.3596   Cr: 15.2968 )
00000508: 12.9416   (Y': 11.1995   Cb: 13.3058   Cr: 15.2555 )
00000509: 12.9832   (Y': 11.226    Cb: 13.3999   Cr: 15.2544 )
00000510: 13.0229   (Y': 11.1918   Cb: 13.5411   Cr: 15.3288 )
00000511: 13.0503   (Y': 11.2255   Cb: 13.566    Cr: 15.3437 )
00000512: 13.0706   (Y': 11.2026   Cb: 13.6776   Cr: 15.3403 )
00000513: 12.9857   (Y': 11.1778   Cb: 13.5158   Cr: 15.2146 )
00000514: 12.9511   (Y': 11.1311   Cb: 13.4797   Cr: 15.2129 )
00000515: 12.858    (Y': 11.127    Cb: 13.2651   Cr: 15.0782 )
00000516: 12.8129   (Y': 11.1771   Cb: 13.1297   Cr: 14.9386 )
00000517: 12.7505   (Y': 11.208    Cb: 12.9879   Cr: 14.7794 )
00000518: 12.7688   (Y': 11.1851   Cb: 13.0273   Cr: 14.8607 )
00000519: 12.8343   (Y': 11.3452   Cb: 12.977    Cr: 14.887  )
00000520: 12.875    (Y': 11.3449   Cb: 13.0029   Cr: 15.0456 )
00000521: 12.8734   (Y': 11.3278   Cb: 13.0102   Cr: 15.0663 )
00000522: 12.8408   (Y': 11.3024   Cb: 12.9845   Cr: 15.0058 )
00000523: 12.9231   (Y': 11.245    Cb: 13.174    Cr: 15.2556 )
00000524: 12.9939   (Y': 11.289    Cb: 13.2791   Cr: 15.339  )
00000525: 13.3051   (Y': 11.7874   Cb: 13.3338   Cr: 15.6092 )
00000526: 13.3173   (Y': 11.873    Cb: 13.2958   Cr: 15.532  )
00000527: 13.3292   (Y': 11.8433   Cb: 13.3474   Cr: 15.5754 )
00000528: 13.3075   (Y': 11.7872   Cb: 13.3964   Cr: 15.5182 )
00000529: 13.4268   (Y': 11.8481   Cb: 13.602    Cr: 15.6368 )
00000531: 13.3639   (Y': 11.8416   Cb: 13.5067   Cr: 15.4929 )
00000530: 13.3669   (Y': 11.8079   Cb: 13.5342   Cr: 15.5428 )
00000532: 13.4326   (Y': 11.8867   Cb: 13.611    Cr: 15.56   )
00000533: 13.3036   (Y': 11.7432   Cb: 13.4803   Cr: 15.4677 )
00000534: 13.2869   (Y': 11.7591   Cb: 13.496    Cr: 15.3254 )
00000535: 13.358    (Y': 11.8876   Cb: 13.4797   Cr: 15.4012 )
00000536: 13.3476   (Y': 11.93     Cb: 13.4311   Cr: 15.3333 )
00000537: 13.4086   (Y': 11.9344   Cb: 13.5377   Cr: 15.4491 )
00000538: 13.4425   (Y': 11.957    Cb: 13.5498   Cr: 15.5427 )
00000539: 13.5037   (Y': 11.9957   Cb: 13.6715   Cr: 15.5608 )
00000540: 13.4757   (Y': 11.9936   Cb: 13.6698   Cr: 15.4345 )
00000541: 13.4505   (Y': 11.9351   Cb: 13.5683   Cr: 15.6029 )
00000542: 13.5315   (Y': 12.0803   Cb: 13.6497   Cr: 15.5375 )
00000543: 13.4839   (Y': 11.9979   Cb: 13.7212   Cr: 15.3869 )
00000544: 13.4752   (Y': 12.0537   Cb: 13.6858   Cr: 15.2793 )
00000545: 13.2524   (Y': 11.7684   Cb: 13.5699   Cr: 15.036  )
00000546: 13.2343   (Y': 11.7653   Cb: 13.4998   Cr: 15.0598 )
00000547: 13.1378   (Y': 11.6662   Cb: 13.4317   Cr: 14.9286 )
00000548: 13.2243   (Y': 11.7369   Cb: 13.5761   Cr: 14.9676 )
00000549: 13.3543   (Y': 11.7949   Cb: 13.712    Cr: 15.245  )
00000550: 13.3996   (Y': 11.8119   Cb: 13.783    Cr: 15.3168 )
00000551: 13.3478   (Y': 11.7218   Cb: 13.8442   Cr: 15.1927 )
00000552: 13.3254   (Y': 11.6812   Cb: 13.8325   Cr: 15.1967 )
00000553: 13.3916   (Y': 11.6865   Cb: 13.897    Cr: 15.405  )
00000554: 13.3626   (Y': 11.615    Cb: 13.8913   Cr: 15.4443 )
00000555: 13.3972   (Y': 11.6932   Cb: 13.8287   Cr: 15.5148 )
00000556: 13.3868   (Y': 11.7115   Cb: 13.7555   Cr: 15.5289 )
00000557: 13.4172   (Y': 11.6798   Cb: 13.7727   Cr: 15.733  )
00000558: 13.3825   (Y': 11.6349   Cb: 13.7429   Cr: 15.7163 )
00000559: 13.3437   (Y': 11.6766   Cb: 13.6041   Cr: 15.6331 )
00000560: 13.392    (Y': 11.7335   Cb: 13.6103   Cr: 15.728  )
00000561: 13.4485   (Y': 11.7973   Cb: 13.6553   Cr: 15.7846 )
00000562: 13.4901   (Y': 11.912    Cb: 13.6564   Cr: 15.7126 )
00000563: 13.5226   (Y': 11.9257   Cb: 13.697    Cr: 15.778  )
00000564: 13.573    (Y': 11.9871   Cb: 13.7584   Cr: 15.7837 )
00000565: 13.7288   (Y': 12.0957   Cb: 13.9089   Cr: 16.0638 )
00000566: 13.78     (Y': 12.1567   Cb: 13.9527   Cr: 16.1025 )
00000567: 13.8282   (Y': 12.1655   Cb: 14.0397   Cr: 16.1859 )
00000568: 13.8201   (Y': 12.1824   Cb: 13.976    Cr: 16.2068 )
00000569: 13.7632   (Y': 12.0479   Cb: 14.0273   Cr: 16.1686 )
00000570: 13.6853   (Y': 11.9067   Cb: 14.0189   Cr: 16.1433 )
00000571: 13.5961   (Y': 11.9124   Cb: 13.8845   Cr: 15.8824 )
00000572: 13.5467   (Y': 11.8748   Cb: 13.8487   Cr: 15.7828 )
00000573: 13.5049   (Y': 11.789    Cb: 13.8668   Cr: 15.7569 )
00000574: 13.5313   (Y': 11.7925   Cb: 13.8537   Cr: 15.9036 )
00000575: 13.5035   (Y': 11.6962   Cb: 13.8379   Cr: 16.037  )
00000576: 13.4454   (Y': 11.6665   Cb: 13.7802   Cr: 15.9019 )
00000577: 13.3044   (Y': 11.5737   Cb: 13.5703   Cr: 15.7472 )
00000578: 13.1915   (Y': 11.4129   Cb: 13.5019   Cr: 15.6878 )
00000579: 13.0281   (Y': 11.2395   Cb: 13.3568   Cr: 15.5208 )
00000580: 12.964    (Y': 11.2225   Cb: 13.2386   Cr: 15.421  )
00000581: 12.8621   (Y': 11.1238   Cb: 13.1618   Cr: 15.2693 )
00000582: 12.8209   (Y': 11.0713   Cb: 13.1104   Cr: 15.2747 )
00000583: 12.8645   (Y': 11.1541   Cb: 13.0525   Cr: 15.3848 )
00000584: 12.8677   (Y': 11.1032   Cb: 13.0883   Cr: 15.4773 )
00000585: 12.7908   (Y': 11.029    Cb: 13.0351   Cr: 15.3528 )
00000587: 12.8687   (Y': 11.1434   Cb: 13.0848   Cr: 15.3806 )
00000586: 12.7942   (Y': 11.0571   Cb: 13.0422   Cr: 15.2835 )
00000588: 12.9877   (Y': 11.2687   Cb: 13.1825   Cr: 15.5193 )
00000589: 12.9985   (Y': 11.2533   Cb: 13.2159   Cr: 15.5612 )
00000590: 13.1631   (Y': 11.3483   Cb: 13.4847   Cr: 15.7387 )
00000591: 13.15     (Y': 11.3283   Cb: 13.4633   Cr: 15.7582 )
00000592: 13.1427   (Y': 11.3249   Cb: 13.46     Cr: 15.7337 )
00000593: 13.0647   (Y': 11.27     Cb: 13.324    Cr: 15.6909 )
Total: 13.426    (Y': 11.8889   Cb: 13.6387   Cr: 15.4804 )
