./ps4_degrader: invalid option -- 'v'
Capturing with the following configuration:
 - Capture device: DeckLink 4K Extreme 12G
 - Video mode: 720p59.94
 - Pixel format: 8 bit BGRA (4:4:4:x)
[libx264 @ 0x3275e40] using cpu capabilities: MMX2 SSE2Fast SSSE3 SSE4.2 AVX AVX2 FMA3 LZCNT BMI2
[libx264 @ 0x3275e40] profile High 4:2:2 Intra, level 3.1, 4:2:2 8-bit
PLAYBACK (hw timestamp): Frame 320 Displayed Late. Expected (+/- 5%): 50000
	Timestamp delay: 66633
	Hardware timestamp delay: 66644
[libx264 @ 0x3275e40] frame I:596   Avg QP:40.00  size: 10097
[libx264 @ 0x3275e40] mb I  I16..4: 28.2% 65.8%  6.0%
[libx264 @ 0x3275e40] final ratefactor: 37.59
[libx264 @ 0x3275e40] 8x8 transform intra:65.8%
[libx264 @ 0x3275e40] coded y,uvDC,uvAC intra: 15.5% 24.5% 2.1%
[libx264 @ 0x3275e40] i16 v,h,dc,p: 28% 41% 18% 12%
[libx264 @ 0x3275e40] i8 v,h,dc,ddl,ddr,vr,hd,vl,hu: 12% 14% 64%  2%  2%  1%  2%  1%  2%
[libx264 @ 0x3275e40] i4 v,h,dc,ddl,ddr,vr,hd,vl,hu: 21% 22% 29%  5%  5%  4%  6%  3%  5%
[libx264 @ 0x3275e40] i8c dc,h,v,p: 89%  6%  5%  0%
[libx264 @ 0x3275e40] kb/s:1615.55
Stopping Capture
