00000000: 15.5231   (Y': 14.8999   Cb: 15.1474   Cr: 16.7416 )
00000001: 15.5541   (Y': 14.9222   Cb: 15.1891   Cr: 16.7704 )
00000002: 15.5065   (Y': 14.8868   Cb: 15.128    Cr: 16.7238 )
00000004: 15.5638   (Y': 14.9743   Cb: 15.1434   Cr: 16.7959 )
00000003: 15.5269   (Y': 14.9458   Cb: 15.1254   Cr: 16.7189 )
00000005: 15.551    (Y': 14.9575   Cb: 15.1577   Cr: 16.7497 )
00000006: 15.5548   (Y': 14.9687   Cb: 15.1623   Cr: 16.7416 )
00000007: 15.5678   (Y': 15.0357   Cb: 15.1726   Cr: 16.6781 )
00000008: 15.5681   (Y': 15.0219   Cb: 15.1746   Cr: 16.6968 )
00000009: 15.598    (Y': 14.9991   Cb: 15.2465   Cr: 16.7455 )
00000010: 15.6252   (Y': 15.0182   Cb: 15.2755   Cr: 16.7821 )
00000011: 15.6765   (Y': 15.0477   Cb: 15.3668   Cr: 16.8098 )
00000013: 15.644    (Y': 14.9482   Cb: 15.3659   Cr: 16.8352 )
00000014: 15.6283   (Y': 14.923    Cb: 15.3856   Cr: 16.7851 )
00000012: 15.6592   (Y': 15.0073   Cb: 15.3639   Cr: 16.8075 )
00000015: 15.6061   (Y': 14.8866   Cb: 15.3947   Cr: 16.7417 )
00000017: 15.5261   (Y': 14.8597   Cb: 15.2615   Cr: 16.6537 )
00000016: 15.5653   (Y': 14.8476   Cb: 15.334    Cr: 16.7251 )
00000018: 15.5221   (Y': 14.888    Cb: 15.2432   Cr: 16.6208 )
00000019: 15.512    (Y': 14.8696   Cb: 15.2536   Cr: 16.5951 )
00000020: 15.5253   (Y': 14.8847   Cb: 15.2777   Cr: 16.5913 )
00000021: 15.512    (Y': 14.8858   Cb: 15.2556   Cr: 16.5682 )
00000022: 15.5234   (Y': 14.9062   Cb: 15.2457   Cr: 16.5954 )
00000023: 15.5129   (Y': 14.9259   Cb: 15.2237   Cr: 16.5565 )
00000024: 15.5355   (Y': 14.9092   Cb: 15.2824   Cr: 16.5878 )
00000025: 15.538    (Y': 14.9228   Cb: 15.2763   Cr: 16.5854 )
00000026: 15.5442   (Y': 14.9683   Cb: 15.2404   Cr: 16.5915 )
00000029: 15.562    (Y': 15.0393   Cb: 15.2633   Cr: 16.5261 )
00000027: 15.569    (Y': 14.9928   Cb: 15.2918   Cr: 16.5804 )
00000030: 15.5708   (Y': 15.0638   Cb: 15.2731   Cr: 16.5116 )
00000028: 15.5509   (Y': 14.9793   Cb: 15.2716   Cr: 16.5586 )
00000031: 15.5475   (Y': 15.0447   Cb: 15.2597   Cr: 16.4695 )
00000033: 15.4677   (Y': 15.008    Cb: 15.1396   Cr: 16.3837 )
00000032: 15.5662   (Y': 15.0563   Cb: 15.2949   Cr: 16.4762 )
00000034: 15.4275   (Y': 15.0246   Cb: 15.0777   Cr: 16.2951 )
00000035: 15.4194   (Y': 15.0357   Cb: 15.0495   Cr: 16.2882 )
00000036: 15.4428   (Y': 15.0372   Cb: 15.1081   Cr: 16.294  )
00000037: 15.4888   (Y': 15.0731   Cb: 15.1684   Cr: 16.3349 )
00000038: 15.5162   (Y': 15.1197   Cb: 15.1944   Cr: 16.3386 )
00000039: 15.5017   (Y': 15.1242   Cb: 15.1466   Cr: 16.3424 )
00000040: 15.5557   (Y': 15.1463   Cb: 15.2065   Cr: 16.4313 )
00000041: 15.5844   (Y': 15.1966   Cb: 15.1969   Cr: 16.4819 )
00000042: 15.5725   (Y': 15.1789   Cb: 15.1748   Cr: 16.4917 )
00000043: 15.6143   (Y': 15.2298   Cb: 15.2153   Cr: 16.5232 )
00000044: 15.5989   (Y': 15.2352   Cb: 15.1836   Cr: 16.5018 )
00000045: 15.6562   (Y': 15.3093   Cb: 15.2029   Cr: 16.5882 )
00000046: 15.6402   (Y': 15.2797   Cb: 15.1994   Cr: 16.5736 )
00000047: 15.7241   (Y': 15.3071   Cb: 15.3115   Cr: 16.6956 )
00000048: 15.7324   (Y': 15.2527   Cb: 15.3691   Cr: 16.7234 )
00000049: 15.8389   (Y': 15.259    Cb: 15.5771   Cr: 16.8351 )
00000050: 15.9316   (Y': 15.2996   Cb: 15.695    Cr: 16.9699 )
00000051: 16.0111   (Y': 15.2951   Cb: 15.8051   Cr: 17.134  )
00000053: 16.1566   (Y': 15.4049   Cb: 15.9597   Cr: 17.3221 )
00000054: 16.2143   (Y': 15.4489   Cb: 16.0188   Cr: 17.3991 )
00000052: 16.0638   (Y': 15.2913   Cb: 15.8833   Cr: 17.2392 )
00000055: 16.2503   (Y': 15.5008   Cb: 16.0527   Cr: 17.4131 )
00000056: 16.2004   (Y': 15.4752   Cb: 15.9728   Cr: 17.3668 )
00000058: 16.131    (Y': 15.4528   Cb: 15.8449   Cr: 17.3061 )
00000057: 16.197    (Y': 15.5175   Cb: 15.9235   Cr: 17.3568 )
00000059: 16.0829   (Y': 15.4565   Cb: 15.7571   Cr: 17.2352 )
00000061: 16.0379   (Y': 15.4181   Cb: 15.6801   Cr: 17.2255 )
00000060: 16.1001   (Y': 15.4426   Cb: 15.7937   Cr: 17.2723 )
00000062: 16.0057   (Y': 15.4039   Cb: 15.6241   Cr: 17.2005 )
00000063: 15.9798   (Y': 15.4355   Cb: 15.5639   Cr: 17.1377 )
00000064: 15.9318   (Y': 15.3927   Cb: 15.472    Cr: 17.1458 )
00000065: 15.892    (Y': 15.3123   Cb: 15.4598   Cr: 17.1267 )
00000066: 15.8917   (Y': 15.3208   Cb: 15.4356   Cr: 17.1481 )
00000067: 15.8558   (Y': 15.274    Cb: 15.4097   Cr: 17.1142 )
00000068: 15.8324   (Y': 15.2484   Cb: 15.3769   Cr: 17.108  )
00000069: 15.8839   (Y': 15.2552   Cb: 15.4589   Cr: 17.1833 )
00000070: 15.8846   (Y': 15.2151   Cb: 15.492    Cr: 17.2    )
00000072: 15.9029   (Y': 15.189    Cb: 15.5456   Cr: 17.2368 )
00000071: 15.891    (Y': 15.1835   Cb: 15.5295   Cr: 17.2208 )
00000073: 15.934    (Y': 15.1137   Cb: 15.5878   Cr: 17.4269 )
00000074: 15.9617   (Y': 15.0712   Cb: 15.6616   Cr: 17.5052 )
00000075: 15.9407   (Y': 14.961    Cb: 15.6704   Cr: 17.5983 )
00000076: 15.9836   (Y': 14.9217   Cb: 15.7657   Cr: 17.7128 )
00000077: 16.0133   (Y': 14.8891   Cb: 15.8498   Cr: 17.7773 )
00000078: 16.0199   (Y': 14.8831   Cb: 15.8472   Cr: 17.8228 )
00000079: 16.0508   (Y': 14.8762   Cb: 15.8727   Cr: 17.9379 )
00000080: 16.0669   (Y': 14.8886   Cb: 15.8801   Cr: 17.9754 )
00000081: 16.0327   (Y': 14.8113   Cb: 15.8321   Cr: 18.0532 )
00000082: 16.0457   (Y': 14.8351   Cb: 15.8388   Cr: 18.0541 )
00000083: 16.0139   (Y': 14.7745   Cb: 15.8435   Cr: 18.0227 )
00000084: 16.0565   (Y': 14.7671   Cb: 15.9518   Cr: 18.0638 )
00000085: 16.3263   (Y': 14.9008   Cb: 16.4511   Cr: 18.2659 )
00000086: 16.3972   (Y': 14.9648   Cb: 16.5279   Cr: 18.3428 )
00000087: 16.5119   (Y': 15.0442   Cb: 16.7161   Cr: 18.424  )
00000088: 16.586    (Y': 15.0924   Cb: 16.8671   Cr: 18.442  )
00000089: 16.6619   (Y': 15.1921   Cb: 16.9648   Cr: 18.4363 )
00000090: 16.683    (Y': 15.2231   Cb: 17.0145   Cr: 18.3969 )
00000091: 16.613    (Y': 15.169    Cb: 16.9411   Cr: 18.2986 )
00000093: 16.5744   (Y': 15.2067   Cb: 16.8515   Cr: 18.1753 )
00000092: 16.5944   (Y': 15.2322   Cb: 16.8931   Cr: 18.1555 )
00000095: 16.4318   (Y': 15.2344   Cb: 16.5757   Cr: 17.8878 )
00000094: 16.5161   (Y': 15.2014   Cb: 16.7674   Cr: 18.0486 )
00000096: 16.4774   (Y': 15.2545   Cb: 16.6658   Cr: 17.9207 )
00000097: 16.473    (Y': 15.2146   Cb: 16.7592   Cr: 17.8535 )
00000098: 16.4525   (Y': 15.2249   Cb: 16.7195   Cr: 17.8016 )
00000099: 16.4343   (Y': 15.2082   Cb: 16.692    Cr: 17.7929 )
00000100: 16.4722   (Y': 15.2314   Cb: 16.7123   Cr: 17.8803 )
00000101: 16.492    (Y': 15.2005   Cb: 16.764    Cr: 17.9527 )
00000102: 16.4431   (Y': 15.1773   Cb: 16.6808   Cr: 17.9009 )
00000103: 16.3303   (Y': 15.2128   Cb: 16.452    Cr: 17.6722 )
00000104: 16.2412   (Y': 15.2074   Cb: 16.3081   Cr: 17.5108 )
00000105: 16.0796   (Y': 15.1691   Cb: 16.0195   Cr: 17.3128 )
00000106: 15.9493   (Y': 15.1304   Cb: 15.8255   Cr: 17.1209 )
00000107: 15.8049   (Y': 15.0916   Cb: 15.5994   Cr: 16.9228 )
00000108: 15.7546   (Y': 15.0912   Cb: 15.5167   Cr: 16.841  )
00000109: 15.6972   (Y': 15.0881   Cb: 15.4173   Cr: 16.7603 )
00000111: 15.5127   (Y': 15.0973   Cb: 15.1398   Cr: 16.4281 )
00000110: 15.6231   (Y': 15.0878   Cb: 15.3155   Cr: 16.6171 )
00000113: 15.2681   (Y': 15.0364   Cb: 14.7937   Cr: 16.0788 )
00000112: 15.4029   (Y': 15.1015   Cb: 14.954    Cr: 16.2686 )
00000114: 15.2117   (Y': 15.0282   Cb: 14.739    Cr: 15.9592 )
00000115: 14.9619   (Y': 14.6573   Cb: 14.522    Cr: 15.8197 )
00000117: 16.0402   (Y': 15.1526   Cb: 15.9644   Cr: 17.2571 )
00000116: 15.3815   (Y': 14.5091   Cb: 15.3005   Cr: 16.581  )
00000119: 15.7218   (Y': 15.3036   Cb: 15.3337   Cr: 16.6616 )
00000120: 15.6359   (Y': 15.2827   Cb: 15.1914   Cr: 16.5645 )
00000118: 16.048    (Y': 15.2904   Cb: 15.8948   Cr: 17.1633 )
00000121: 15.836    (Y': 15.4412   Cb: 15.4391   Cr: 16.7558 )
00000122: 15.9742   (Y': 15.5675   Cb: 15.6204   Cr: 16.852  )
00000123: 15.9802   (Y': 15.6691   Cb: 15.5427   Cr: 16.8435 )
00000125: 15.8932   (Y': 15.6429   Cb: 15.3899   Cr: 16.7669 )
00000124: 15.9081   (Y': 15.6508   Cb: 15.4092   Cr: 16.7845 )
00000126: 15.8867   (Y': 15.5966   Cb: 15.4019   Cr: 16.7867 )
00000127: 15.9637   (Y': 15.6215   Cb: 15.5408   Cr: 16.8483 )
00000128: 15.9497   (Y': 15.6484   Cb: 15.4882   Cr: 16.8326 )
00000129: 15.8387   (Y': 15.5043   Cb: 15.3837   Cr: 16.7565 )
00000130: 15.8079   (Y': 15.5015   Cb: 15.3038   Cr: 16.7562 )
00000131: 15.6792   (Y': 15.3781   Cb: 15.1563   Cr: 16.647  )
00000132: 15.9031   (Y': 15.5115   Cb: 15.4572   Cr: 16.8856 )
00000133: 15.5977   (Y': 15.3366   Cb: 15.0145   Cr: 16.5977 )
00000134: 15.3942   (Y': 15.189    Cb: 14.7587   Cr: 16.3957 )
00000137: 15.3918   (Y': 15.2165   Cb: 14.7219   Cr: 16.4043 )
00000136: 15.433    (Y': 15.2491   Cb: 14.7676   Cr: 16.4504 )
00000135: 15.7353   (Y': 15.4186   Cb: 15.2234   Cr: 16.7086 )
00000139: 15.4274   (Y': 15.1495   Cb: 14.7912   Cr: 16.5279 )
00000138: 15.3725   (Y': 15.1974   Cb: 14.6931   Cr: 16.3989 )
00000140: 15.4478   (Y': 15.0805   Cb: 14.874    Cr: 16.5801 )
00000141: 15.5715   (Y': 14.9948   Cb: 15.1247   Cr: 16.8231 )
00000142: 15.6634   (Y': 14.9367   Cb: 15.3058   Cr: 17.018  )
00000143: 16.0387   (Y': 14.9595   Cb: 15.9482   Cr: 17.6072 )
00000144: 16.1207   (Y': 14.9023   Cb: 16.1176   Cr: 17.8249 )
00000145: 16.1056   (Y': 14.7834   Cb: 16.2017   Cr: 17.8709 )
00000147: 15.8024   (Y': 14.5894   Cb: 15.7727   Cr: 17.5357 )
00000146: 16.1029   (Y': 14.7664   Cb: 16.2045   Cr: 17.889  )
00000148: 15.7116   (Y': 14.6146   Cb: 15.5851   Cr: 17.3668 )
00000149: 15.4359   (Y': 14.5516   Cb: 15.1499   Cr: 16.9471 )
00000150: 15.3523   (Y': 14.5271   Cb: 15.0219   Cr: 16.8293 )
00000151: 15.328    (Y': 14.5421   Cb: 15.0299   Cr: 16.6914 )
00000152: 15.3498   (Y': 14.5517   Cb: 15.0635   Cr: 16.7157 )
00000154: 15.3873   (Y': 14.5221   Cb: 15.147    Cr: 16.7981 )
00000153: 15.3553   (Y': 14.5475   Cb: 15.0745   Cr: 16.7292 )
00000155: 15.3667   (Y': 14.462    Cb: 15.1446   Cr: 16.8182 )
00000156: 15.3539   (Y': 14.4662   Cb: 15.1252   Cr: 16.7857 )
00000158: 15.388    (Y': 14.5347   Cb: 15.1408   Cr: 16.7884 )
00000157: 15.367    (Y': 14.4885   Cb: 15.153    Cr: 16.7619 )
00000159: 15.3423   (Y': 14.4747   Cb: 15.1143   Cr: 16.7392 )
00000160: 15.3248   (Y': 14.4519   Cb: 15.0982   Cr: 16.7283 )
00000162: 15.2682   (Y': 14.3847   Cb: 15.0847   Cr: 16.6277 )
00000161: 15.299    (Y': 14.425    Cb: 15.0845   Cr: 16.687  )
00000163: 15.1551   (Y': 14.3476   Cb: 14.9165   Cr: 16.4678 )
00000164: 15.113    (Y': 14.3287   Cb: 14.8617   Cr: 16.4061 )
00000165: 15.0049   (Y': 14.2737   Cb: 14.7202   Cr: 16.2605 )
00000166: 15.0068   (Y': 14.3239   Cb: 14.7054   Cr: 16.2111 )
00000167: 15.0279   (Y': 14.4002   Cb: 14.7169   Cr: 16.1615 )
00000168: 15.1686   (Y': 14.5522   Cb: 14.8696   Cr: 16.2687 )
00000169: 15.0326   (Y': 14.535    Cb: 14.6589   Cr: 16.0632 )
00000170: 15.0433   (Y': 14.5715   Cb: 14.6664   Cr: 16.0419 )
00000171: 15.1052   (Y': 14.6747   Cb: 14.711    Cr: 16.0699 )
00000172: 15.08     (Y': 14.7171   Cb: 14.638    Cr: 16.0183 )
00000173: 15.1647   (Y': 14.8256   Cb: 14.7296   Cr: 16.0614 )
00000174: 15.1649   (Y': 14.8547   Cb: 14.7161   Cr: 16.0423 )
00000175: 15.162    (Y': 14.9024   Cb: 14.6853   Cr: 16.0111 )
00000176: 15.1725   (Y': 14.9461   Cb: 14.6722   Cr: 16.0111 )
00000178: 15.1754   (Y': 14.9905   Cb: 14.6215   Cr: 16.0347 )
00000177: 15.1661   (Y': 14.9706   Cb: 14.6427   Cr: 15.9971 )
00000179: 15.18     (Y': 15.0224   Cb: 14.6025   Cr: 16.0374 )
00000180: 15.1814   (Y': 15.0416   Cb: 14.5946   Cr: 16.0295 )
00000181: 15.1667   (Y': 15.0759   Cb: 14.5615   Cr: 15.9793 )
00000182: 15.1712   (Y': 15.1054   Cb: 14.5266   Cr: 16.0082 )
00000183: 15.1405   (Y': 15.1214   Cb: 14.4731   Cr: 15.9525 )
00000187: 15.114    (Y': 15.2869   Cb: 14.3781   Cr: 15.7974 )
00000185: 15.124    (Y': 15.182    Cb: 14.4156   Cr: 15.9012 )
00000184: 15.1648   (Y': 15.1399   Cb: 14.4976   Cr: 15.9833 )
00000186: 15.1146   (Y': 15.208    Cb: 14.3988   Cr: 15.8609 )
00000188: 15.1079   (Y': 15.2821   Cb: 14.3691   Cr: 15.7939 )
00000189: 15.0927   (Y': 15.3019   Cb: 14.3369   Cr: 15.7633 )
00000190: 15.0565   (Y': 15.2805   Cb: 14.3276   Cr: 15.6737 )
00000191: 15.0667   (Y': 15.3073   Cb: 14.3402   Cr: 15.6627 )
00000192: 14.993    (Y': 15.3035   Cb: 14.2382   Cr: 15.5524 )
00000193: 14.9292   (Y': 15.3396   Cb: 14.1076   Cr: 15.4751 )
00000194: 14.9123   (Y': 15.3016   Cb: 14.1281   Cr: 15.429  )
00000195: 14.9444   (Y': 15.3285   Cb: 14.1768   Cr: 15.4442 )
00000196: 15.0018   (Y': 15.333    Cb: 14.256    Cr: 15.5273 )
00000198: 15.1255   (Y': 15.4137   Cb: 14.4366   Cr: 15.6205 )
00000197: 15.0889   (Y': 15.4053   Cb: 14.368    Cr: 15.5964 )
00000199: 15.2436   (Y': 15.5008   Cb: 14.581    Cr: 15.7368 )
00000200: 15.348    (Y': 15.5509   Cb: 14.6998   Cr: 15.8802 )
00000202: 15.487    (Y': 15.6479   Cb: 14.8926   Cr: 15.9946 )
00000201: 15.4284   (Y': 15.5469   Cb: 14.8402   Cr: 15.9743 )
00000203: 15.549    (Y': 15.7076   Cb: 14.98     Cr: 16.0263 )
00000204: 15.5749   (Y': 15.751    Cb: 14.9964   Cr: 16.0456 )
00000205: 15.5989   (Y': 15.7047   Cb: 15.0544   Cr: 16.1026 )
00000206: 15.5813   (Y': 15.6786   Cb: 15.0475   Cr: 16.0807 )
00000209: 15.708    (Y': 15.7781   Cb: 15.1698   Cr: 16.2432 )
00000208: 15.6598   (Y': 15.7276   Cb: 15.1347   Cr: 16.1806 )
00000207: 15.6192   (Y': 15.7156   Cb: 15.0747   Cr: 16.1333 )
00000210: 15.7661   (Y': 15.8025   Cb: 15.2407   Cr: 16.3224 )
00000211: 15.8495   (Y': 15.8433   Cb: 15.3422   Cr: 16.4311 )
00000212: 15.8654   (Y': 15.8712   Cb: 15.3678   Cr: 16.421  )
00000213: 15.8718   (Y': 15.863    Cb: 15.376    Cr: 16.4417 )
00000214: 15.9242   (Y': 15.8916   Cb: 15.4502   Cr: 16.4935 )
00000216: 16.0804   (Y': 15.8331   Cb: 15.7571   Cr: 16.7148 )
00000215: 16.0085   (Y': 15.8447   Cb: 15.6304   Cr: 16.6102 )
00000217: 16.1771   (Y': 15.8104   Cb: 15.9225   Cr: 16.8752 )
00000218: 16.2257   (Y': 15.8258   Cb: 15.9854   Cr: 16.9484 )
00000219: 16.3613   (Y': 15.8368   Cb: 16.173    Cr: 17.1847 )
00000220: 16.3972   (Y': 15.8181   Cb: 16.2518   Cr: 17.2414 )
00000222: 16.438    (Y': 15.7797   Cb: 16.3212   Cr: 17.3584 )
00000221: 16.3899   (Y': 15.762    Cb: 16.2729   Cr: 17.2667 )
00000223: 16.4798   (Y': 15.8036   Cb: 16.369    Cr: 17.4183 )
00000225: 16.5048   (Y': 15.63     Cb: 16.4659   Cr: 17.6522 )
00000224: 16.485    (Y': 15.7116   Cb: 16.4005   Cr: 17.5339 )
00000226: 16.5364   (Y': 15.6059   Cb: 16.5428   Cr: 17.7139 )
00000227: 16.4855   (Y': 15.591    Cb: 16.4484   Cr: 17.6619 )
00000228: 16.4297   (Y': 15.5543   Cb: 16.3429   Cr: 17.6415 )
00000230: 16.4148   (Y': 15.5201   Cb: 16.3001   Cr: 17.6963 )
00000229: 16.3978   (Y': 15.5194   Cb: 16.3252   Cr: 17.5955 )
00000231: 16.2683   (Y': 15.4119   Cb: 16.1275   Cr: 17.523  )
00000232: 16.2307   (Y': 15.4023   Cb: 16.0753   Cr: 17.4602 )
00000233: 16.1962   (Y': 15.3165   Cb: 16.1065   Cr: 17.4192 )
00000234: 16.2316   (Y': 15.2966   Cb: 16.178    Cr: 17.4966 )
00000235: 16.3324   (Y': 15.3281   Cb: 16.3092   Cr: 17.6726 )
00000236: 16.4345   (Y': 15.3933   Cb: 16.4368   Cr: 17.8037 )
00000237: 16.4893   (Y': 15.4845   Cb: 16.4498   Cr: 17.853  )
00000238: 16.4827   (Y': 15.4878   Cb: 16.4716   Cr: 17.7903 )
00000239: 16.4828   (Y': 15.5342   Cb: 16.4643   Cr: 17.723  )
00000240: 16.48     (Y': 15.4995   Cb: 16.4867   Cr: 17.7394 )
00000241: 16.3702   (Y': 15.4581   Cb: 16.3056   Cr: 17.6119 )
00000243: 16.3439   (Y': 15.5462   Cb: 16.1685   Cr: 17.5521 )
00000242: 16.3184   (Y': 15.4242   Cb: 16.2347   Cr: 17.5567 )
00000244: 16.2892   (Y': 15.5692   Cb: 16.0512   Cr: 17.4618 )
00000245: 16.2793   (Y': 15.573    Cb: 16.0118   Cr: 17.4718 )
00000246: 16.2816   (Y': 15.6004   Cb: 15.9871   Cr: 17.4734 )
00000247: 16.251    (Y': 15.5493   Cb: 15.9716   Cr: 17.4534 )
00000248: 16.3128   (Y': 15.5857   Cb: 16.0374   Cr: 17.5491 )
00000249: 16.2663   (Y': 15.5032   Cb: 15.9862   Cr: 17.5664 )
00000251: 16.2838   (Y': 15.4556   Cb: 16.0502   Cr: 17.6231 )
00000250: 16.3481   (Y': 15.536    Cb: 16.1121   Cr: 17.6646 )
00000252: 16.2584   (Y': 15.4004   Cb: 16.0355   Cr: 17.6315 )
00000253: 16.2542   (Y': 15.3246   Cb: 16.0752   Cr: 17.6852 )
00000254: 16.2536   (Y': 15.3721   Cb: 16.0358   Cr: 17.6588 )
00000255: 16.1537   (Y': 15.2648   Cb: 15.9229   Cr: 17.5904 )
00000257: 16.1589   (Y': 15.3313   Cb: 15.8544   Cr: 17.6011 )
00000258: 16.187    (Y': 15.3465   Cb: 15.875    Cr: 17.6622 )
00000256: 16.1386   (Y': 15.2984   Cb: 15.8595   Cr: 17.5644 )
00000259: 16.247    (Y': 15.3588   Cb: 15.8949   Cr: 17.8673 )
00000260: 16.2977   (Y': 15.3995   Cb: 15.9552   Cr: 17.9205 )
00000261: 16.3112   (Y': 15.3954   Cb: 15.986    Cr: 17.9385 )
00000262: 16.3185   (Y': 15.3166   Cb: 16.0497   Cr: 18.0145 )
00000263: 16.4504   (Y': 15.3398   Cb: 16.3774   Cr: 18.0516 )
00000264: 16.4873   (Y': 15.3419   Cb: 16.446    Cr: 18.107  )
00000266: 16.6834   (Y': 15.3818   Cb: 16.8402   Cr: 18.32   )
00000265: 16.6468   (Y': 15.3711   Cb: 16.7772   Cr: 18.2701 )
00000267: 16.7053   (Y': 15.3596   Cb: 16.8972   Cr: 18.3803 )
00000268: 16.6075   (Y': 15.3009   Cb: 16.7385   Cr: 18.2905 )
00000269: 16.5512   (Y': 15.2613   Cb: 16.6322   Cr: 18.2731 )
00000270: 16.5659   (Y': 15.291    Cb: 16.6378   Cr: 18.2715 )
00000271: 16.4776   (Y': 15.1703   Cb: 16.5309   Cr: 18.2759 )
00000272: 16.4411   (Y': 15.1232   Cb: 16.4895   Cr: 18.2684 )
00000273: 16.2731   (Y': 14.9489   Cb: 16.241    Cr: 18.238  )
00000274: 16.2407   (Y': 14.9309   Cb: 16.1779   Cr: 18.2238 )
00000275: 16.215    (Y': 14.8702   Cb: 16.1711   Cr: 18.2431 )
00000276: 16.2385   (Y': 14.8545   Cb: 16.2406   Cr: 18.2788 )
00000277: 16.2289   (Y': 14.8641   Cb: 16.2068   Cr: 18.2654 )
00000278: 16.198    (Y': 14.8325   Cb: 16.16     Cr: 18.2616 )
00000279: 16.232    (Y': 14.8994   Cb: 16.1849   Cr: 18.2391 )
00000280: 16.2207   (Y': 14.9085   Cb: 16.1383   Cr: 18.2405 )
00000281: 16.214    (Y': 14.9326   Cb: 16.1238   Cr: 18.1809 )
00000283: 16.2081   (Y': 14.9843   Cb: 16.0732   Cr: 18.1264 )
00000282: 16.2057   (Y': 14.9491   Cb: 16.0738   Cr: 18.1874 )
00000284: 16.2096   (Y': 14.9945   Cb: 16.058    Cr: 18.1369 )
00000285: 16.1806   (Y': 14.977    Cb: 16.0362   Cr: 18.0726 )
00000286: 16.1636   (Y': 15.0086   Cb: 15.9592   Cr: 18.0538 )
00000287: 16.168    (Y': 15.0523   Cb: 15.949    Cr: 18.003  )
00000288: 16.1703   (Y': 15.0317   Cb: 15.9403   Cr: 18.0689 )
00000289: 16.2184   (Y': 15.0579   Cb: 16.0237   Cr: 18.1035 )
00000290: 16.2485   (Y': 15.1138   Cb: 16.0249   Cr: 18.1287 )
00000291: 16.2551   (Y': 15.1087   Cb: 16.0327   Cr: 18.1568 )
00000292: 16.2519   (Y': 15.1247   Cb: 15.988    Cr: 18.1833 )
00000293: 15.9633   (Y': 14.6582   Cb: 15.8507   Cr: 18.0169 )
00000294: 26.2592   (Y': 24.548    Cb: 27.3246   Cr: 27.5985 )
00000295: 17.3325   (Y': 14.6759   Cb: 18.5819   Cr: 21.2431 )
00000299: 14.5686   (Y': 13.5562   Cb: 14.1614   Cr: 16.5125 )
00000297: 15.5484   (Y': 13.8044   Cb: 15.6822   Cr: 18.2554 )
00000296: 16.4184   (Y': 14.0809   Cb: 17.2474   Cr: 19.7834 )
00000298: 15.2223   (Y': 13.7378   Cb: 15.1494   Cr: 17.6212 )
00000300: 14.3419   (Y': 13.5909   Cb: 13.772    Cr: 16.0748 )
00000301: 14.0512   (Y': 13.8106   Cb: 13.2486   Cr: 15.3588 )
00000302: 13.8939   (Y': 13.8884   Cb: 12.9894   Cr: 15.0448 )
00000303: 13.7202   (Y': 14.1428   Cb: 12.6786   Cr: 14.5733 )
00000304: 13.6833   (Y': 14.1027   Cb: 12.6426   Cr: 14.5385 )
00000306: 13.6288   (Y': 14.0623   Cb: 12.572    Cr: 14.4935 )
00000305: 13.6507   (Y': 14.0803   Cb: 12.6017   Cr: 14.5073 )
00000307: 13.6018   (Y': 14.0362   Cb: 12.5396   Cr: 14.4739 )
00000308: 13.5872   (Y': 14.0291   Cb: 12.512    Cr: 14.4711 )
00000310: 13.5711   (Y': 14.0133   Cb: 12.4986   Cr: 14.4506 )
00000309: 13.5733   (Y': 14.0071   Cb: 12.5079   Cr: 14.4509 )
00000312: 13.564    (Y': 13.9908   Cb: 12.5031   Cr: 14.4423 )
00000313: 13.5434   (Y': 13.9939   Cb: 12.4636   Cr: 14.4252 )
00000311: 13.5678   (Y': 13.9801   Cb: 12.5072   Cr: 14.462  )
00000315: 13.5494   (Y': 14.0071   Cb: 12.4701   Cr: 14.4225 )
00000314: 13.5346   (Y': 13.9964   Cb: 12.4483   Cr: 14.4141 )
00000316: 13.5458   (Y': 13.983    Cb: 12.4743   Cr: 14.4294 )
00000317: 13.5533   (Y': 13.9934   Cb: 12.4781   Cr: 14.4395 )
00000318: 13.5456   (Y': 13.9792   Cb: 12.4809   Cr: 14.4222 )
00000321: 13.8591   (Y': 14.5366   Cb: 12.6744   Cr: 14.6642 )
00000319: 13.5867   (Y': 14.1333   Cb: 12.4723   Cr: 14.4185 )
00000320: 13.8521   (Y': 14.5156   Cb: 12.6756   Cr: 14.6585 )
00000322: 13.5828   (Y': 14.1673   Cb: 12.4645   Cr: 14.3802 )
00000323: 13.8859   (Y': 14.5423   Cb: 12.7138   Cr: 14.6928 )
00000324: 13.883    (Y': 14.5261   Cb: 12.7214   Cr: 14.6871 )
00000325: 13.8665   (Y': 14.5156   Cb: 12.7003   Cr: 14.6715 )
00000326: 13.854    (Y': 14.499    Cb: 12.6956   Cr: 14.6511 )
00000328: 13.8352   (Y': 14.5021   Cb: 12.6706   Cr: 14.6194 )
00000327: 13.8328   (Y': 14.4955   Cb: 12.6782   Cr: 14.6057 )
00000329: 13.8147   (Y': 14.4983   Cb: 12.6537   Cr: 14.5763 )
00000330: 13.8125   (Y': 14.5128   Cb: 12.6434   Cr: 14.5697 )
00000331: 13.8052   (Y': 14.5058   Cb: 12.6363   Cr: 14.5616 )
00000332: 13.7974   (Y': 14.4964   Cb: 12.6333   Cr: 14.5482 )
00000333: 13.788    (Y': 14.5026   Cb: 12.6206   Cr: 14.5278 )
00000334: 13.7786   (Y': 14.5024   Cb: 12.6028   Cr: 14.5224 )
00000335: 13.7748   (Y': 14.4895   Cb: 12.6102   Cr: 14.5106 )
00000336: 13.7715   (Y': 14.4995   Cb: 12.6001   Cr: 14.5044 )
00000337: 13.7717   (Y': 14.5138   Cb: 12.5978   Cr: 14.4941 )
00000339: 13.7804   (Y': 14.5249   Cb: 12.5986   Cr: 14.5129 )
00000338: 13.7786   (Y': 14.5469   Cb: 12.5846   Cr: 14.5066 )
00000340: 13.7806   (Y': 14.5317   Cb: 12.5975   Cr: 14.5085 )
00000341: 13.7835   (Y': 14.5317   Cb: 12.6033   Cr: 14.51   )
00000342: 13.7869   (Y': 14.5306   Cb: 12.6076   Cr: 14.5162 )
00000344: 13.7897   (Y': 14.5303   Cb: 12.6098   Cr: 14.5231 )
00000343: 13.7868   (Y': 14.5288   Cb: 12.6113   Cr: 14.5119 )
00000345: 14.0758   (Y': 14.7226   Cb: 12.9623   Cr: 14.8015 )
00000346: 14.1845   (Y': 14.7727   Cb: 13.1107   Cr: 14.9099 )
00000347: 14.2457   (Y': 14.8034   Cb: 13.1899   Cr: 14.9755 )
00000348: 14.274    (Y': 14.8386   Cb: 13.207    Cr: 15.0135 )
00000349: 14.3133   (Y': 14.8684   Cb: 13.2606   Cr: 15.0413 )
00000351: 14.4327   (Y': 14.9182   Cb: 13.4186   Cr: 15.1759 )
00000352: 14.4769   (Y': 14.9339   Cb: 13.4827   Cr: 15.2206 )
00000350: 14.3741   (Y': 14.8832   Cb: 13.346    Cr: 15.1133 )
00000354: 14.5244   (Y': 14.9371   Cb: 13.5341   Cr: 15.31   )
00000355: 14.5502   (Y': 14.9397   Cb: 13.5655   Cr: 15.3529 )
00000353: 14.5111   (Y': 14.9587   Cb: 13.5113   Cr: 15.2732 )
00000356: 14.593    (Y': 14.9626   Cb: 13.6122   Cr: 15.4118 )
00000357: 14.6479   (Y': 14.9763   Cb: 13.6897   Cr: 15.4784 )
00000358: 14.6802   (Y': 14.9738   Cb: 13.7464   Cr: 15.5133 )
00000359: 14.6653   (Y': 14.9539   Cb: 13.7088   Cr: 15.5382 )
00000360: 14.6953   (Y': 14.9915   Cb: 13.7468   Cr: 15.5473 )
00000361: 14.6635   (Y': 14.9365   Cb: 13.7196   Cr: 15.5352 )
00000362: 14.6597   (Y': 14.9494   Cb: 13.7006   Cr: 15.5353 )
00000363: 14.6493   (Y': 14.9445   Cb: 13.6876   Cr: 15.5225 )
00000364: 14.6354   (Y': 14.91     Cb: 13.6972   Cr: 15.4966 )
00000365: 14.647    (Y': 14.9066   Cb: 13.7037   Cr: 15.533  )
00000366: 14.6706   (Y': 14.91     Cb: 13.7312   Cr: 15.5741 )
00000367: 14.6922   (Y': 14.8974   Cb: 13.7818   Cr: 15.5917 )
00000368: 14.7039   (Y': 14.8864   Cb: 13.8113   Cr: 15.6031 )
00000369: 14.7294   (Y': 14.9183   Cb: 13.822    Cr: 15.6433 )
00000370: 14.7276   (Y': 14.9123   Cb: 13.8397   Cr: 15.6172 )
00000371: 14.7946   (Y': 14.9708   Cb: 13.9054   Cr: 15.6959 )
00000373: 14.8243   (Y': 14.936    Cb: 13.9576   Cr: 15.7688 )
00000372: 14.8054   (Y': 14.971    Cb: 13.9037   Cr: 15.7387 )
00000374: 14.837    (Y': 14.9376   Cb: 13.9653   Cr: 15.8027 )
00000375: 14.8089   (Y': 14.9418   Cb: 13.9077   Cr: 15.7806 )
00000376: 14.8394   (Y': 14.9545   Cb: 13.9387   Cr: 15.8319 )
00000377: 14.8608   (Y': 14.9805   Cb: 13.9673   Cr: 15.8365 )
00000378: 14.8586   (Y': 14.9791   Cb: 13.9707   Cr: 15.8248 )
00000379: 14.8791   (Y': 14.9072   Cb: 14.0362   Cr: 15.8904 )
00000380: 14.9128   (Y': 14.9181   Cb: 14.0787   Cr: 15.9395 )
00000381: 14.9225   (Y': 14.9009   Cb: 14.0909   Cr: 15.9796 )
00000382: 14.917    (Y': 14.8932   Cb: 14.1044   Cr: 15.9476 )
00000383: 14.9082   (Y': 14.8997   Cb: 14.0889   Cr: 15.9296 )
00000385: 14.9292   (Y': 14.8627   Cb: 14.1452   Cr: 15.9711 )
00000384: 14.9224   (Y': 14.9164   Cb: 14.1132   Cr: 15.9254 )
00000386: 14.9305   (Y': 14.8401   Cb: 14.1719   Cr: 15.9646 )
00000387: 14.9227   (Y': 14.8049   Cb: 14.1985   Cr: 15.9408 )
00000388: 14.9203   (Y': 14.8223   Cb: 14.1844   Cr: 15.93   )
00000389: 14.9865   (Y': 14.9845   Cb: 14.2332   Cr: 15.9009 )
00000390: 14.991    (Y': 15.0093   Cb: 14.2108   Cr: 15.9202 )
00000391: 14.9588   (Y': 15.057    Cb: 14.1467   Cr: 15.838  )
00000392: 14.9835   (Y': 15.0596   Cb: 14.1851   Cr: 15.869  )
00000393: 14.9831   (Y': 15.0145   Cb: 14.195    Cr: 15.9078 )
00000394: 14.9975   (Y': 15.0464   Cb: 14.1763   Cr: 15.95   )
00000395: 15.0781   (Y': 15.0625   Cb: 14.2817   Cr: 16.0736 )
00000396: 15.1039   (Y': 15.0668   Cb: 14.3246   Cr: 16.101  )
00000397: 15.1849   (Y': 15.1411   Cb: 14.4113   Cr: 16.1819 )
00000398: 15.187    (Y': 15.1316   Cb: 14.4331   Cr: 16.1693 )
00000399: 15.1603   (Y': 15.0724   Cb: 14.4089   Cr: 16.1805 )
00000401: 15.1387   (Y': 14.9789   Cb: 14.373    Cr: 16.2753 )
00000400: 15.1547   (Y': 15.0662   Cb: 14.3975   Cr: 16.1844 )
00000402: 15.1586   (Y': 14.9611   Cb: 14.4103   Cr: 16.3196 )
00000403: 15.2367   (Y': 15.0488   Cb: 14.4946   Cr: 16.375  )
00000404: 15.2085   (Y': 15.0326   Cb: 14.4676   Cr: 16.3286 )
00000405: 15.2368   (Y': 15.0635   Cb: 14.4932   Cr: 16.3578 )
00000406: 15.2494   (Y': 15.0558   Cb: 14.5175   Cr: 16.3797 )
00000407: 15.3662   (Y': 15.1399   Cb: 14.6248   Cr: 16.5561 )
00000408: 15.4153   (Y': 15.1882   Cb: 14.6756   Cr: 16.6035 )
00000409: 15.4305   (Y': 15.1791   Cb: 14.7025   Cr: 16.6344 )
00000410: 15.4486   (Y': 15.2155   Cb: 14.7185   Cr: 16.6301 )
00000411: 15.3519   (Y': 15.0439   Cb: 14.682    Cr: 16.5455 )
00000412: 15.3393   (Y': 15.0023   Cb: 14.6844   Cr: 16.5509 )
00000413: 15.4062   (Y': 15.0285   Cb: 14.735    Cr: 16.7022 )
00000414: 15.4393   (Y': 15.019    Cb: 14.7728   Cr: 16.791  )
00000415: 15.5212   (Y': 15.1207   Cb: 14.8266   Cr: 16.8881 )
00000416: 15.5542   (Y': 15.1441   Cb: 14.8719   Cr: 16.9158 )
00000417: 15.7222   (Y': 15.2463   Cb: 15.1031   Cr: 17.0832 )
00000418: 15.7676   (Y': 15.3162   Cb: 15.1501   Cr: 17.0888 )
00000419: 15.813    (Y': 15.295    Cb: 15.2693   Cr: 17.1208 )
00000420: 15.7861   (Y': 15.2581   Cb: 15.2453   Cr: 17.105  )
00000421: 15.6807   (Y': 15.2538   Cb: 15.0735   Cr: 16.9496 )
00000422: 15.6562   (Y': 15.262    Cb: 15.0286   Cr: 16.9086 )
00000423: 15.4427   (Y': 15.1989   Cb: 14.7169   Cr: 16.6325 )
00000424: 15.4403   (Y': 15.1875   Cb: 14.7048   Cr: 16.6578 )
00000425: 15.4371   (Y': 15.2436   Cb: 14.6611   Cr: 16.636  )
00000426: 15.4183   (Y': 15.2179   Cb: 14.6543   Cr: 16.6078 )
00000427: 15.4574   (Y': 15.1984   Cb: 14.7448   Cr: 16.648  )
00000428: 15.4688   (Y': 15.1831   Cb: 14.766    Cr: 16.6817 )
00000429: 15.5382   (Y': 15.2571   Cb: 14.8314   Cr: 16.7508 )
00000431: 15.5998   (Y': 15.3111   Cb: 14.9279   Cr: 16.7694 )
00000430: 15.6026   (Y': 15.243    Cb: 14.9615   Cr: 16.8254 )
00000433: 15.6708   (Y': 15.4417   Cb: 14.9974   Cr: 16.7603 )
00000432: 15.5814   (Y': 15.3624   Cb: 14.8791   Cr: 16.7009 )
00000434: 15.7448   (Y': 15.4887   Cb: 15.1166   Cr: 16.8035 )
00000435: 15.7886   (Y': 15.5081   Cb: 15.1913   Cr: 16.8351 )
00000436: 15.8574   (Y': 15.5437   Cb: 15.2798   Cr: 16.9205 )
00000437: 15.8853   (Y': 15.6061   Cb: 15.2978   Cr: 16.916  )
00000438: 15.8375   (Y': 15.5689   Cb: 15.2285   Cr: 16.8852 )
00000439: 15.8392   (Y': 15.674    Cb: 15.1661   Cr: 16.8431 )
00000440: 15.8841   (Y': 15.7852   Cb: 15.1813   Cr: 16.8461 )
00000442: 15.8512   (Y': 15.9368   Cb: 15.0956   Cr: 16.6633 )
00000441: 15.9164   (Y': 15.961    Cb: 15.151    Cr: 16.7916 )
00000443: 15.7812   (Y': 15.7931   Cb: 15.0323   Cr: 16.6719 )
00000444: 15.8383   (Y': 15.8591   Cb: 15.0746   Cr: 16.7402 )
00000445: 15.7417   (Y': 15.831    Cb: 14.9434   Cr: 16.6112 )
00000446: 15.6733   (Y': 15.6471   Cb: 14.9359   Cr: 16.5945 )
00000447: 15.5393   (Y': 15.4808   Cb: 14.8251   Cr: 16.4667 )
00000448: 15.5158   (Y': 15.5032   Cb: 14.7973   Cr: 16.3926 )
00000449: 15.4483   (Y': 15.4927   Cb: 14.6957   Cr: 16.3053 )
00000450: 15.4662   (Y': 15.5219   Cb: 14.6885   Cr: 16.3459 )
00000451: 15.4879   (Y': 15.506    Cb: 14.7404   Cr: 16.3694 )
00000452: 15.4748   (Y': 15.5128   Cb: 14.7236   Cr: 16.3372 )
00000453: 15.5572   (Y': 15.5135   Cb: 14.852    Cr: 16.4531 )
00000454: 15.487    (Y': 15.4155   Cb: 14.7758   Cr: 16.4266 )
00000456: 15.4632   (Y': 15.1455   Cb: 14.9146   Cr: 16.4899 )
00000455: 15.5341   (Y': 15.2808   Cb: 14.91     Cr: 16.5831 )
00000457: 15.3378   (Y': 15.1197   Cb: 14.7517   Cr: 16.285  )
00000458: 15.312    (Y': 15.1544   Cb: 14.7032   Cr: 16.2135 )
00000459: 15.1911   (Y': 15.1363   Cb: 14.5211   Cr: 16.0501 )
00000460: 15.1638   (Y': 15.1107   Cb: 14.5199   Cr: 15.9842 )
00000461: 15.1683   (Y': 15.1427   Cb: 14.5173   Cr: 15.965  )
00000463: 15.1848   (Y': 15.3528   Cb: 14.4646   Cr: 15.8522 )
00000462: 15.1383   (Y': 15.1924   Cb: 14.4703   Cr: 15.8639 )
00000464: 15.2497   (Y': 15.4462   Cb: 14.5316   Cr: 15.8825 )
00000465: 15.3826   (Y': 15.5295   Cb: 14.6751   Cr: 16.0561 )
00000466: 15.374    (Y': 15.5546   Cb: 14.6357   Cr: 16.052  )
00000467: 15.4223   (Y': 15.6269   Cb: 14.649    Cr: 16.1225 )
00000468: 15.3906   (Y': 15.6385   Cb: 14.5842   Cr: 16.0891 )
00000469: 15.5126   (Y': 15.6502   Cb: 14.7485   Cr: 16.2758 )
00000470: 15.5359   (Y': 15.6045   Cb: 14.82     Cr: 16.3115 )
00000471: 15.63     (Y': 15.5496   Cb: 14.9688   Cr: 16.5086 )
00000472: 15.7444   (Y': 15.6184   Cb: 15.1142   Cr: 16.6361 )
00000473: 15.8883   (Y': 15.588    Cb: 15.3993   Cr: 16.8077 )
00000474: 15.9034   (Y': 15.4912   Cb: 15.4747   Cr: 16.8904 )
00000475: 16.0418   (Y': 15.5062   Cb: 15.7446   Cr: 17.0223 )
00000476: 16.1114   (Y': 15.4678   Cb: 15.8885   Cr: 17.1482 )
00000477: 16.1651   (Y': 15.6539   Cb: 15.8791   Cr: 17.0963 )
00000480: 16.1158   (Y': 15.8973   Cb: 15.6524   Cr: 16.895  )
00000478: 16.234    (Y': 15.7293   Cb: 15.9399   Cr: 17.1667 )
00000479: 16.2499   (Y': 15.9002   Cb: 15.8621   Cr: 17.0971 )
00000481: 16.0549   (Y': 15.9869   Cb: 15.552    Cr: 16.7026 )
00000483: 16.0211   (Y': 15.9433   Cb: 15.5196   Cr: 16.6785 )
00000482: 15.9471   (Y': 15.9026   Cb: 15.4288   Cr: 16.5872 )
00000484: 16.0415   (Y': 16.0328   Cb: 15.4914   Cr: 16.6818 )
00000485: 15.9151   (Y': 15.9281   Cb: 15.3779   Cr: 16.5133 )
00000487: 15.6836   (Y': 15.8161   Cb: 15.0846   Cr: 16.228  )
00000488: 15.7721   (Y': 15.6902   Cb: 15.2745   Cr: 16.4295 )
00000486: 15.8587   (Y': 15.9002   Cb: 15.3136   Cr: 16.4347 )
00000489: 15.3912   (Y': 15.4295   Cb: 14.8348   Cr: 15.9855 )
00000491: 15.3076   (Y': 15.3674   Cb: 14.8417   Cr: 15.7633 )
00000490: 15.3554   (Y': 15.4307   Cb: 14.8226   Cr: 15.8778 )
00000492: 15.1545   (Y': 15.3701   Cb: 14.5915   Cr: 15.564  )
00000494: 15.9056   (Y': 15.2914   Cb: 15.7854   Cr: 16.7671 )
00000493: 15.7417   (Y': 15.3351   Cb: 15.503    Cr: 16.4715 )
00000495: 15.6954   (Y': 15.2279   Cb: 15.513    Cr: 16.4349 )
00000497: 15.2615   (Y': 15.393    Cb: 14.718    Cr: 15.7361 )
00000496: 15.4499   (Y': 14.9725   Cb: 15.2423   Cr: 16.234  )
00000498: 15.1089   (Y': 15.3517   Cb: 14.4652   Cr: 15.5927 )
00000499: 15.157    (Y': 15.3119   Cb: 14.5073   Cr: 15.7436 )
00000500: 15.4677   (Y': 15.3777   Cb: 14.975    Cr: 16.1282 )
00000501: 15.3151   (Y': 15.1271   Cb: 14.9091   Cr: 15.9813 )
00000502: 15.3651   (Y': 15.2372   Cb: 14.7992   Cr: 16.1696 )
00000505: 15.4386   (Y': 15.2995   Cb: 14.8746   Cr: 16.2542 )
00000504: 15.4482   (Y': 15.2694   Cb: 14.9204   Cr: 16.2641 )
00000503: 15.2332   (Y': 15.2264   Cb: 14.6071   Cr: 15.9733 )
00000506: 15.3403   (Y': 15.2046   Cb: 14.851    Cr: 16.0511 )
00000507: 15.7419   (Y': 15.6018   Cb: 15.1812   Cr: 16.5543 )
00000508: 15.4843   (Y': 15.4245   Cb: 14.8203   Cr: 16.3413 )
00000510: 15.5595   (Y': 15.2893   Cb: 15.1296   Cr: 16.3597 )
00000509: 15.3984   (Y': 15.2562   Cb: 14.802    Cr: 16.263  )
00000511: 15.5469   (Y': 15.3175   Cb: 15.052    Cr: 16.382  )
00000513: 15.6252   (Y': 15.2877   Cb: 15.1871   Cr: 16.5239 )
00000514: 15.6272   (Y': 15.3103   Cb: 15.1666   Cr: 16.5292 )
00000512: 15.6942   (Y': 15.4902   Cb: 15.1615   Cr: 16.5487 )
00000515: 15.6762   (Y': 15.5549   Cb: 15.0934   Cr: 16.4954 )
00000516: 15.3639   (Y': 15.1503   Cb: 14.8171   Cr: 16.2499 )
00000520: 15.6676   (Y': 15.2281   Cb: 15.2092   Cr: 16.7345 )
00000518: 15.7042   (Y': 15.3593   Cb: 15.208    Cr: 16.6934 )
00000517: 15.5531   (Y': 15.2944   Cb: 15.0628   Cr: 16.4197 )
00000519: 15.7085   (Y': 15.2503   Cb: 15.2743   Cr: 16.7677 )
00000521: 15.7139   (Y': 15.3106   Cb: 15.2861   Cr: 16.6877 )
00000523: 15.6877   (Y': 15.1817   Cb: 15.2796   Cr: 16.7787 )
00000524: 15.7806   (Y': 15.17     Cb: 15.4749   Cr: 16.8815 )
00000522: 15.5419   (Y': 15.1948   Cb: 15.014    Cr: 16.5791 )
00000525: 15.6638   (Y': 14.9908   Cb: 15.3745   Cr: 16.8356 )
00000527: 15.7732   (Y': 15.0255   Cb: 15.5619   Cr: 16.9519 )
00000526: 15.5884   (Y': 14.9131   Cb: 15.2884   Cr: 16.7787 )
00000528: 15.7548   (Y': 15.0402   Cb: 15.5382   Cr: 16.8901 )
00000529: 15.8411   (Y': 15.0516   Cb: 15.6405   Cr: 17.071  )
00000530: 15.7353   (Y': 14.933    Cb: 15.5084   Cr: 17.0225 )
00000531: 15.8125   (Y': 14.9743   Cb: 15.6301   Cr: 17.0953 )
00000532: 15.8618   (Y': 15.0607   Cb: 15.6531   Cr: 17.1214 )
00000533: 15.9558   (Y': 15.2146   Cb: 15.724    Cr: 17.1531 )
00000534: 15.9419   (Y': 15.168    Cb: 15.7238   Cr: 17.1713 )
00000536: 15.9426   (Y': 15.0244   Cb: 15.8569   Cr: 17.2232 )
00000535: 15.9577   (Y': 15.1278   Cb: 15.8151   Cr: 17.1722 )
00000537: 15.9838   (Y': 14.9926   Cb: 15.9457   Cr: 17.3223 )
00000539: 15.8812   (Y': 14.6605   Cb: 15.9657   Cr: 17.463  )
00000538: 16.0094   (Y': 14.9512   Cb: 15.9969   Cr: 17.4287 )
00000540: 15.7962   (Y': 14.5116   Cb: 15.9465   Cr: 17.4087 )
00000541: 15.7036   (Y': 14.4234   Cb: 15.8197   Cr: 17.3562 )
00000543: 15.6902   (Y': 14.4976   Cb: 15.5998   Cr: 17.4755 )
00000544: 15.7143   (Y': 14.6172   Cb: 15.5321   Cr: 17.4548 )
00000542: 15.6577   (Y': 14.4079   Cb: 15.6862   Cr: 17.3768 )
00000545: 15.7386   (Y': 14.7396   Cb: 15.4733   Cr: 17.4241 )
00000546: 15.8741   (Y': 14.8962   Cb: 15.6423   Cr: 17.4691 )
00000548: 16.1323   (Y': 15.1245   Cb: 16.0392   Cr: 17.5761 )
00000547: 16.1438   (Y': 15.1776   Cb: 16.0158   Cr: 17.5649 )
00000550: 16.2091   (Y': 15.0894   Cb: 16.2107   Cr: 17.7193 )
00000552: 16.2428   (Y': 15.1659   Cb: 16.1579   Cr: 17.7989 )
00000549: 16.156    (Y': 15.0585   Cb: 16.1285   Cr: 17.667  )
00000551: 16.2761   (Y': 15.1518   Cb: 16.249    Cr: 17.8359 )
00000553: 16.1857   (Y': 15.2104   Cb: 16.0215   Cr: 17.675  )
00000554: 16.197    (Y': 15.2275   Cb: 16.0474   Cr: 17.6549 )
00000555: 15.988    (Y': 15.1913   Cb: 15.7187   Cr: 17.3271 )
00000556: 16.0269   (Y': 15.227    Cb: 15.7824   Cr: 17.3356 )
00000557: 15.8163   (Y': 15.2933   Cb: 15.3929   Cr: 16.9537 )
00000560: 15.4487   (Y': 15.0147   Cb: 14.9146   Cr: 16.6173 )
00000558: 15.645    (Y': 15.1259   Cb: 15.1664   Cr: 16.8567 )
00000559: 15.5129   (Y': 15.0291   Cb: 15.0032   Cr: 16.7184 )
00000561: 15.3269   (Y': 15.1524   Cb: 14.5764   Cr: 16.46   )
00000562: 15.3188   (Y': 15.1466   Cb: 14.5368   Cr: 16.4979 )
00000563: 15.306    (Y': 15.1285   Cb: 14.4641   Cr: 16.5882 )
00000564: 15.3375   (Y': 15.151    Cb: 14.4786   Cr: 16.66   )
00000565: 15.4215   (Y': 15.1677   Cb: 14.6532   Cr: 16.6922 )
00000566: 15.5075   (Y': 15.2872   Cb: 14.7471   Cr: 16.7187 )
00000568: 15.828    (Y': 15.5656   Cb: 15.1315   Cr: 16.9985 )
00000567: 15.7444   (Y': 15.457    Cb: 15.0738   Cr: 16.9101 )
00000569: 15.9612   (Y': 15.7023   Cb: 15.2911   Cr: 17.0864 )
00000570: 15.9618   (Y': 15.7296   Cb: 15.2908   Cr: 17.0519 )
00000571: 15.8266   (Y': 15.5643   Cb: 15.16     Cr: 16.9514 )
00000572: 15.788    (Y': 15.5169   Cb: 15.1156   Cr: 16.9336 )
00000574: 15.6534   (Y': 15.6018   Cb: 14.813    Cr: 16.763  )
00000575: 15.6138   (Y': 15.5556   Cb: 14.7171   Cr: 16.822  )
00000576: 15.6248   (Y': 15.5949   Cb: 14.6961   Cr: 16.8474 )
00000573: 15.7147   (Y': 15.5767   Cb: 14.9466   Cr: 16.8258 )
00000577: 15.5455   (Y': 15.5005   Cb: 14.6121   Cr: 16.7959 )
00000578: 15.5591   (Y': 15.4592   Cb: 14.6329   Cr: 16.8725 )
00000579: 15.622    (Y': 15.5821   Cb: 14.657    Cr: 16.9183 )
00000580: 15.6555   (Y': 15.5871   Cb: 14.7352   Cr: 16.916  )
00000581: 15.6686   (Y': 15.5513   Cb: 14.81     Cr: 16.8948 )
00000582: 15.6502   (Y': 15.5416   Cb: 14.7715   Cr: 16.8971 )
00000583: 15.6405   (Y': 15.5894   Cb: 14.7517   Cr: 16.826  )
00000584: 15.6271   (Y': 15.4393   Cb: 14.7574   Cr: 16.9695 )
00000585: 15.6405   (Y': 15.462    Cb: 14.7484   Cr: 17.007  )
00000586: 15.6553   (Y': 15.4844   Cb: 14.7912   Cr: 16.9646 )
00000588: 15.5814   (Y': 15.4399   Cb: 14.6669   Cr: 16.9332 )
00000587: 15.6327   (Y': 15.4837   Cb: 14.706    Cr: 17.0161 )
00000589: 15.5809   (Y': 15.3768   Cb: 14.7011   Cr: 16.9637 )
00000590: 15.5777   (Y': 15.3337   Cb: 14.7242   Cr: 16.9739 )
00000591: 15.5862   (Y': 15.2981   Cb: 14.7754   Cr: 16.9758 )
00000592: 15.6034   (Y': 15.3349   Cb: 14.7688   Cr: 17.0038 )
00000593: 15.6047   (Y': 15.3638   Cb: 14.7815   Cr: 16.9459 )
00000594: 15.6024   (Y': 15.4397   Cb: 14.7276   Cr: 16.9181 )
00000595: 15.6434   (Y': 15.4909   Cb: 14.7863   Cr: 16.9154 )
00000596: 15.6429   (Y': 15.461    Cb: 14.7851   Cr: 16.9575 )
00000597: 15.6673   (Y': 15.4031   Cb: 14.897    Cr: 16.9562 )
00000598: 15.6709   (Y': 15.4347   Cb: 14.902    Cr: 16.9178 )
00000599: 15.647    (Y': 15.4822   Cb: 14.8477   Cr: 16.8432 )
00000600: 15.6067   (Y': 15.5209   Cb: 14.757    Cr: 16.7763 )
00000602: 15.3475   (Y': 15.3156   Cb: 14.4529   Cr: 16.5172 )
00000601: 15.4712   (Y': 15.4717   Cb: 14.576    Cr: 16.5996 )
00000603: 15.2466   (Y': 15.2336   Cb: 14.3248   Cr: 16.4354 )
00000604: 15.302    (Y': 15.3449   Cb: 14.3312   Cr: 16.4975 )
00000605: 15.4852   (Y': 15.5253   Cb: 14.5323   Cr: 16.6552 )
00000606: 15.5339   (Y': 15.5874   Cb: 14.5745   Cr: 16.6973 )
00000607: 15.5279   (Y': 15.5122   Cb: 14.5994   Cr: 16.7309 )
00000608: 15.4497   (Y': 15.4621   Cb: 14.5066   Cr: 16.6397 )
00000609: 15.4288   (Y': 15.2727   Cb: 14.5897   Cr: 16.6765 )
00000610: 15.4812   (Y': 15.271    Cb: 14.6781   Cr: 16.7464 )
00000611: 15.4819   (Y': 15.3002   Cb: 14.5841   Cr: 16.8629 )
00000612: 15.5062   (Y': 15.2854   Cb: 14.6213   Cr: 16.922  )
00000613: 15.5941   (Y': 15.4318   Cb: 14.6675   Cr: 16.9962 )
00000614: 15.8024   (Y': 15.7896   Cb: 14.8063   Cr: 17.1144 )
00000615: 15.9287   (Y': 15.8169   Cb: 14.9734   Cr: 17.3079 )
00000616: 15.8967   (Y': 15.7454   Cb: 14.9769   Cr: 17.2715 )
00000618: 15.6924   (Y': 15.5174   Cb: 14.7953   Cr: 17.0625 )
00000617: 15.7447   (Y': 15.5225   Cb: 14.8602   Cr: 17.1615 )
00000619: 15.6187   (Y': 15.4953   Cb: 14.6984   Cr: 16.955  )
00000620: 15.58     (Y': 15.4766   Cb: 14.6379   Cr: 16.9251 )
00000621: 15.5091   (Y': 15.3787   Cb: 14.5615   Cr: 16.9015 )
00000622: 15.4864   (Y': 15.3902   Cb: 14.5348   Cr: 16.8375 )
00000624: 15.3971   (Y': 15.3611   Cb: 14.4325   Cr: 16.6873 )
00000623: 15.4045   (Y': 15.3943   Cb: 14.4176   Cr: 16.6973 )
00000627: 15.404    (Y': 15.288    Cb: 14.4945   Cr: 16.7117 )
00000625: 15.3639   (Y': 15.2115   Cb: 14.4746   Cr: 16.6889 )
00000626: 15.3758   (Y': 15.1798   Cb: 14.4954   Cr: 16.7478 )
00000628: 15.4789   (Y': 15.3643   Cb: 14.5827   Cr: 16.7627 )
00000629: 15.5729   (Y': 15.4493   Cb: 14.6906   Cr: 16.8463 )
00000630: 15.5885   (Y': 15.4727   Cb: 14.6906   Cr: 16.8769 )
00000631: 15.7185   (Y': 15.6676   Cb: 14.8224   Cr: 16.9158 )
00000632: 15.7079   (Y': 15.6721   Cb: 14.8139   Cr: 16.8818 )
00000633: 15.5664   (Y': 15.7449   Cb: 14.5435   Cr: 16.6752 )
00000634: 15.4961   (Y': 15.666    Cb: 14.4894   Cr: 16.5891 )
00000635: 15.5477   (Y': 15.8438   Cb: 14.4695   Cr: 16.6038 )
00000636: 15.6365   (Y': 15.9775   Cb: 14.5234   Cr: 16.6968 )
00000637: 15.6773   (Y': 15.9219   Cb: 14.6051   Cr: 16.7858 )
00000638: 15.6995   (Y': 16.0232   Cb: 14.5859   Cr: 16.7811 )
00000639: 15.8042   (Y': 16.1443   Cb: 14.6911   Cr: 16.8656 )
00000642: 15.6465   (Y': 16.197    Cb: 14.4201   Cr: 16.6553 )
00000641: 15.7136   (Y': 16.3131   Cb: 14.4733   Cr: 16.6915 )
00000640: 15.8369   (Y': 16.2888   Cb: 14.673    Cr: 16.8526 )
00000643: 15.6328   (Y': 16.0895   Cb: 14.4556   Cr: 16.665  )
00000644: 15.664    (Y': 16.1006   Cb: 14.5022   Cr: 16.6937 )
00000646: 15.5812   (Y': 15.9547   Cb: 14.4827   Cr: 16.5797 )
00000645: 15.6325   (Y': 15.9846   Cb: 14.5147   Cr: 16.6874 )
00000647: 15.5498   (Y': 15.8847   Cb: 14.5056   Cr: 16.5057 )
00000648: 15.5632   (Y': 15.9338   Cb: 14.5161   Cr: 16.4829 )
00000649: 15.5827   (Y': 15.9713   Cb: 14.545    Cr: 16.4676 )
00000650: 15.5846   (Y': 15.9258   Cb: 14.5649   Cr: 16.4948 )
00000651: 15.5671   (Y': 15.7201   Cb: 14.6653   Cr: 16.5153 )
00000652: 15.6219   (Y': 15.6461   Cb: 14.8059   Cr: 16.5973 )
00000653: 15.6526   (Y': 15.7634   Cb: 14.8069   Cr: 16.5668 )
00000654: 15.6957   (Y': 15.7047   Cb: 14.8818   Cr: 16.6867 )
00000655: 15.5209   (Y': 15.1207   Cb: 14.9023   Cr: 16.768  )
00000657: 15.4822   (Y': 15.251    Cb: 14.7263   Cr: 16.7017 )
00000656: 15.5422   (Y': 15.3231   Cb: 14.8256   Cr: 16.6837 )
00000658: 15.4064   (Y': 15.08     Cb: 14.6891   Cr: 16.7003 )
00000660: 15.1587   (Y': 14.7554   Cb: 14.4696   Cr: 16.5213 )
00000662: 15.8083   (Y': 15.6916   Cb: 15.0045   Cr: 16.9467 )
00000659: 15.1888   (Y': 14.8986   Cb: 14.4227   Cr: 16.5085 )
00000661: 15.7166   (Y': 15.6895   Cb: 14.8793   Cr: 16.7893 )
00000663: 15.9473   (Y': 15.9033   Cb: 15.0998   Cr: 17.0581 )
00000664: 15.9618   (Y': 15.8297   Cb: 15.1429   Cr: 17.1446 )
00000665: 15.9393   (Y': 15.8093   Cb: 15.0706   Cr: 17.1993 )
00000669: 16.0074   (Y': 15.7508   Cb: 15.3071   Cr: 17.1756 )
00000666: 15.9173   (Y': 15.8661   Cb: 15.0265   Cr: 17.1064 )
00000668: 15.7792   (Y': 15.6789   Cb: 14.9677   Cr: 16.9075 )
00000667: 15.8696   (Y': 15.913    Cb: 14.9665   Cr: 16.9554 )
00000670: 16.0822   (Y': 15.7857   Cb: 15.422    Cr: 17.2445 )
00000671: 16.047    (Y': 15.9195   Cb: 15.3529   Cr: 17.0329 )
00000672: 16.0714   (Y': 16.0206   Cb: 15.3336   Cr: 17.0237 )
00000674: 15.9004   (Y': 16.3931   Cb: 14.8751   Cr: 16.6524 )
00000673: 15.9754   (Y': 16.2615   Cb: 15.049    Cr: 16.8058 )
00000676: 15.7664   (Y': 16.4557   Cb: 14.6759   Cr: 16.4146 )
00000675: 15.7605   (Y': 16.3613   Cb: 14.6814   Cr: 16.481  )
00000678: 15.406    (Y': 15.8049   Cb: 14.398    Cr: 16.2337 )
00000677: 15.62     (Y': 16.2352   Cb: 14.5473   Cr: 16.3161 )
00000679: 15.7919   (Y': 16.4245   Cb: 14.6686   Cr: 16.5471 )
00000680: 15.8995   (Y': 16.3122   Cb: 14.8625   Cr: 16.7565 )
00000681: 15.7533   (Y': 15.9945   Cb: 14.7822   Cr: 16.7037 )
00000682: 15.7247   (Y': 15.9018   Cb: 14.7811   Cr: 16.7084 )
00000683: 15.6232   (Y': 15.7108   Cb: 14.7563   Cr: 16.5976 )
00000684: 15.4894   (Y': 15.339    Cb: 14.7822   Cr: 16.5247 )
00000685: 15.4552   (Y': 15.0688   Cb: 14.888    Cr: 16.6048 )
00000686: 15.5158   (Y': 15.0364   Cb: 15.0402   Cr: 16.6647 )
00000687: 15.5428   (Y': 15.0303   Cb: 15.1141   Cr: 16.6723 )
00000689: 15.7604   (Y': 15.3375   Cb: 15.3461   Cr: 16.7423 )
00000688: 15.5257   (Y': 15.0229   Cb: 15.1202   Cr: 16.6083 )
00000690: 15.759    (Y': 15.255    Cb: 15.4132   Cr: 16.7605 )
00000691: 15.9146   (Y': 15.3514   Cb: 15.6331   Cr: 16.9131 )
00000692: 16.0713   (Y': 15.5812   Cb: 15.717    Cr: 17.0648 )
00000694: 16.2163   (Y': 15.4891   Cb: 16.0177   Cr: 17.3463 )
00000693: 16.1333   (Y': 15.4815   Cb: 15.8685   Cr: 17.2391 )
00000696: 15.5929   (Y': 15.0862   Cb: 15.2835   Cr: 16.549  )
00000697: 15.3113   (Y': 15.102    Cb: 14.8247   Cr: 16.1096 )
00000695: 15.8924   (Y': 15.2578   Cb: 15.6747   Cr: 16.9093 )
00000698: 15.2665   (Y': 15.128    Cb: 14.7088   Cr: 16.0727 )
00000699: 15.413    (Y': 15.2971   Cb: 14.713    Cr: 16.3925 )
00000700: 15.4965   (Y': 15.5463   Cb: 14.6857   Cr: 16.4323 )
00000705: 15.5448   (Y': 15.5572   Cb: 14.7141   Cr: 16.5573 )
00000701: 15.5501   (Y': 15.4829   Cb: 14.7791   Cr: 16.5731 )
00000702: 15.5318   (Y': 15.5733   Cb: 14.693    Cr: 16.5201 )
00000704: 15.431    (Y': 15.4268   Cb: 14.5941   Cr: 16.474  )
00000703: 15.3554   (Y': 15.3302   Cb: 14.5182   Cr: 16.4256 )
00000706: 15.5559   (Y': 15.5747   Cb: 14.7422   Cr: 16.5345 )
00000707: 15.6221   (Y': 15.7444   Cb: 14.7227   Cr: 16.6038 )
00000708: 15.6276   (Y': 15.6986   Cb: 14.7564   Cr: 16.6291 )
00000710: 15.6388   (Y': 15.3      Cb: 15.0044   Cr: 16.8218 )
00000709: 15.6542   (Y': 15.4927   Cb: 14.9167   Cr: 16.7498 )
00000711: 15.6901   (Y': 15.332    Cb: 15.0711   Cr: 16.877  )
00000712: 15.5783   (Y': 15.2644   Cb: 14.9538   Cr: 16.7113 )
00000714: 15.6514   (Y': 15.3381   Cb: 15.0475   Cr: 16.7527 )
00000713: 15.5894   (Y': 15.3159   Cb: 14.9372   Cr: 16.7076 )
00000716: 15.6457   (Y': 15.2793   Cb: 15.0156   Cr: 16.8613 )
00000715: 15.7083   (Y': 15.2704   Cb: 15.1275   Cr: 16.9531 )
00000717: 15.6405   (Y': 15.4168   Cb: 14.9397   Cr: 16.764  )
00000719: 15.4823   (Y': 15.0999   Cb: 14.9338   Cr: 16.5987 )
00000718: 15.5557   (Y': 15.4062   Cb: 14.8459   Cr: 16.5936 )
00000720: 15.5902   (Y': 15.0018   Cb: 15.1318   Cr: 16.8768 )
00000721: 15.6677   (Y': 15.2833   Cb: 15.0832   Cr: 16.8401 )
00000722: 15.7367   (Y': 15.3095   Cb: 15.1367   Cr: 16.995  )
00000724: 16.025    (Y': 15.6655   Cb: 15.3299   Cr: 17.3318 )
00000723: 15.8788   (Y': 15.4001   Cb: 15.2502   Cr: 17.2589 )
00000725: 15.8001   (Y': 15.2846   Cb: 15.1601   Cr: 17.2558 )
00000726: 15.6878   (Y': 15.1524   Cb: 15.0209   Cr: 17.2192 )
00000727: 16.0229   (Y': 15.5414   Cb: 15.2775   Cr: 17.5997 )
00000728: 16.0699   (Y': 15.5914   Cb: 15.3457   Cr: 17.6059 )
00000729: 16.1358   (Y': 15.7286   Cb: 15.3837   Cr: 17.607  )
00000730: 16.1238   (Y': 15.7137   Cb: 15.3805   Cr: 17.585  )
00000731: 16.0419   (Y': 15.4236   Cb: 15.4133   Cr: 17.6453 )
00000732: 15.9785   (Y': 15.5074   Cb: 15.2957   Cr: 17.4345 )
00000733: 16.0667   (Y': 15.6352   Cb: 15.3523   Cr: 17.5129 )
00000734: 16.1109   (Y': 15.6955   Cb: 15.3983   Cr: 17.5298 )
00000735: 16.0808   (Y': 15.7371   Cb: 15.3306   Cr: 17.453  )
00000736: 16.1088   (Y': 15.7821   Cb: 15.3605   Cr: 17.4527 )
00000737: 15.9683   (Y': 15.675    Cb: 15.1895   Cr: 17.313  )
00000738: 15.8904   (Y': 15.41     Cb: 15.1918   Cr: 17.3868 )
00000739: 15.8593   (Y': 15.5231   Cb: 15.0222   Cr: 17.3657 )
00000740: 15.9507   (Y': 15.7499   Cb: 15.0408   Cr: 17.3797 )
00000741: 16.2344   (Y': 15.8388   Cb: 15.5048   Cr: 17.6508 )
00000742: 16.3027   (Y': 15.6861   Cb: 15.7173   Cr: 17.8321 )
00000743: 16.3041   (Y': 15.5478   Cb: 15.8454   Cr: 17.8634 )
00000744: 16.2989   (Y': 15.545    Cb: 15.8514   Cr: 17.8361 )
00000745: 16.4184   (Y': 15.8973   Cb: 15.7993   Cr: 17.8493 )
00000746: 16.3522   (Y': 15.8974   Cb: 15.7529   Cr: 17.6504 )
00000747: 16.2346   (Y': 16.021    Cb: 15.482    Cr: 17.4242 )
00000748: 16.2524   (Y': 15.9625   Cb: 15.4896   Cr: 17.566  )
00000749: 16.1877   (Y': 15.8657   Cb: 15.4108   Cr: 17.5716 )
00000750: 16.0517   (Y': 15.6773   Cb: 15.3332   Cr: 17.4183 )
00000751: 16.0401   (Y': 15.5441   Cb: 15.3884   Cr: 17.4841 )
00000752: 16.2867   (Y': 15.8062   Cb: 15.6337   Cr: 17.7088 )
00000753: 16.2269   (Y': 15.5823   Cb: 15.6503   Cr: 17.7884 )
00000754: 16.0292   (Y': 15.3156   Cb: 15.5204   Cr: 17.5963 )
00000755: 16.1251   (Y': 15.3063   Cb: 15.6747   Cr: 17.7792 )
00000756: 16.1727   (Y': 15.2997   Cb: 15.7352   Cr: 17.9032 )
00000757: 16.1429   (Y': 15.2418   Cb: 15.799    Cr: 17.7731 )
00000758: 16.1729   (Y': 15.196    Cb: 15.8904   Cr: 17.8443 )
00000759: 16.2105   (Y': 15.1663   Cb: 16.046    Cr: 17.8247 )
00000761: 16.319    (Y': 15.3215   Cb: 16.1434   Cr: 17.8647 )
00000760: 16.245    (Y': 15.1402   Cb: 16.1407   Cr: 17.8818 )
00000763: 16.3025   (Y': 15.2202   Cb: 16.1639   Cr: 17.9481 )
00000764: 16.2323   (Y': 15.0914   Cb: 16.1029   Cr: 17.9762 )
00000762: 16.3549   (Y': 15.2994   Cb: 16.1946   Cr: 17.9836 )
00000765: 16.4296   (Y': 15.3228   Cb: 16.2758   Cr: 18.1451 )
00000766: 16.507    (Y': 15.5274   Cb: 16.3058   Cr: 18.0587 )
00000767: 16.5651   (Y': 15.5637   Cb: 16.3587   Cr: 18.164  )
00000768: 16.5606   (Y': 15.4708   Cb: 16.4324   Cr: 18.2048 )
00000769: 16.4353   (Y': 15.4573   Cb: 16.2477   Cr: 17.9639 )
00000770: 16.4091   (Y': 15.4224   Cb: 16.2265   Cr: 17.9457 )
00000771: 16.2454   (Y': 15.1254   Cb: 16.1616   Cr: 17.8802 )
00000773: 16.3405   (Y': 15.1821   Cb: 16.2841   Cr: 18.0072 )
00000772: 16.248    (Y': 15.0719   Cb: 16.2124   Cr: 17.9183 )
00000774: 16.425    (Y': 15.2853   Cb: 16.31     Cr: 18.1445 )
00000775: 16.466    (Y': 15.4033   Cb: 16.3183   Cr: 18.0892 )
00000776: 16.4045   (Y': 15.3036   Cb: 16.2323   Cr: 18.1368 )
00000777: 16.3803   (Y': 15.0578   Cb: 16.4192   Cr: 18.2314 )
00000778: 16.3715   (Y': 15.1289   Cb: 16.3041   Cr: 18.2217 )
00000781: 16.6088   (Y': 15.5914   Cb: 16.3948   Cr: 18.2488 )
00000779: 16.4793   (Y': 15.3153   Cb: 16.3587   Cr: 18.2543 )
00000780: 16.5438   (Y': 15.3918   Cb: 16.4153   Cr: 18.3078 )
00000782: 16.5873   (Y': 15.7255   Cb: 16.2569   Cr: 18.1275 )
00000783: 16.4842   (Y': 15.7548   Cb: 16.0363   Cr: 17.981  )
00000784: 16.4862   (Y': 15.7673   Cb: 16.0166   Cr: 17.9996 )
00000785: 15.8812   (Y': 14.4552   Cb: 15.8992   Cr: 17.9894 )
00000786: 15.9343   (Y': 14.5241   Cb: 15.952    Cr: 18.0074 )
00000787: 15.9134   (Y': 14.4752   Cb: 15.998    Cr: 17.9427 )
00000789: 16.5231   (Y': 15.7322   Cb: 16.1939   Cr: 17.9405 )
00000788: 16.518    (Y': 15.8049   Cb: 16.1196   Cr: 17.9118 )
00000790: 16.5783   (Y': 15.7583   Cb: 16.2251   Cr: 18.0815 )
00000791: 16.5705   (Y': 15.8337   Cb: 16.1438   Cr: 18.0466 )
00000792: 16.3893   (Y': 15.6239   Cb: 16.023    Cr: 17.8203 )
00000793: 16.0956   (Y': 15.1535   Cb: 15.8944   Cr: 17.5813 )
00000794: 16.1065   (Y': 15.2338   Cb: 15.8696   Cr: 17.5248 )
00000795: 16.3357   (Y': 15.3645   Cb: 16.0956   Cr: 17.9309 )
00000796: 16.2758   (Y': 15.2191   Cb: 16.0989   Cr: 17.9321 )
00000797: 16.1645   (Y': 15.1245   Cb: 16.0088   Cr: 17.7576 )
00000798: 16.0695   (Y': 15.0323   Cb: 15.8866   Cr: 17.6984 )
00000799: 16.0456   (Y': 14.9974   Cb: 15.9594   Cr: 17.5516 )
00000800: 16.0856   (Y': 15.0426   Cb: 15.9802   Cr: 17.6101 )
00000801: 16.2589   (Y': 15.2245   Cb: 16.1667   Cr: 17.7486 )
00000802: 16.264    (Y': 15.2875   Cb: 16.1705   Cr: 17.6541 )
00000803: 16.4684   (Y': 15.4619   Cb: 16.3663   Cr: 17.9228 )
00000804: 16.5493   (Y': 15.5216   Cb: 16.3992   Cr: 18.1114 )
00000805: 16.7247   (Y': 15.7423   Cb: 16.4812   Cr: 18.3459 )
00000806: 16.6132   (Y': 15.5519   Cb: 16.4255   Cr: 18.2946 )
00000807: 16.6623   (Y': 15.6654   Cb: 16.4201   Cr: 18.3078 )
00000809: 16.5991   (Y': 15.7261   Cb: 16.277    Cr: 18.1456 )
00000808: 16.7629   (Y': 15.6718   Cb: 16.6954   Cr: 18.32   )
00000811: 16.3684   (Y': 15.7718   Cb: 15.9024   Cr: 17.6793 )
00000810: 16.569    (Y': 15.7459   Cb: 16.2305   Cr: 18.055  )
00000812: 16.2166   (Y': 15.4814   Cb: 15.7988   Cr: 17.6762 )
00000813: 16.1229   (Y': 15.3196   Cb: 15.7955   Cr: 17.5584 )
00000814: 16.127    (Y': 15.3278   Cb: 15.816    Cr: 17.5314 )
00000815: 16.1363   (Y': 15.4528   Cb: 15.6977   Cr: 17.5433 )
00000817: 16.1979   (Y': 15.4516   Cb: 15.7936   Cr: 17.6551 )
00000816: 16.1548   (Y': 15.4025   Cb: 15.7348   Cr: 17.6462 )
00000818: 16.1258   (Y': 15.4591   Cb: 15.6515   Cr: 17.5605 )
00000819: 16.104    (Y': 15.62     Cb: 15.5063   Cr: 17.4437 )
00000820: 16.1049   (Y': 15.5724   Cb: 15.5683   Cr: 17.4238 )
00000823: 16.5194   (Y': 15.7498   Cb: 16.0215   Cr: 18.1647 )
00000822: 16.3699   (Y': 15.6459   Cb: 15.8522   Cr: 17.9691 )
00000821: 16.3428   (Y': 15.6958   Cb: 15.8056   Cr: 17.8446 )
00000825: 16.4599   (Y': 15.7161   Cb: 16.0049   Cr: 17.9919 )
00000824: 16.5967   (Y': 15.8427   Cb: 16.116    Cr: 18.1871 )
00000826: 16.4762   (Y': 15.6746   Cb: 16.0428   Cr: 18.0727 )
00000827: 16.6946   (Y': 15.7325   Cb: 16.286    Cr: 18.5429 )
00000828: 16.8583   (Y': 15.9124   Cb: 16.4583   Cr: 18.6618 )
00000829: 16.7504   (Y': 16.0531   Cb: 16.1842   Cr: 18.3837 )
00000830: 16.6529   (Y': 16.0244   Cb: 16.0882   Cr: 18.1684 )
00000831: 16.3863   (Y': 15.7611   Cb: 15.8219   Cr: 17.8957 )
00000832: 16.3619   (Y': 15.7755   Cb: 15.7584   Cr: 17.8715 )
00000833: 16.3492   (Y': 15.7351   Cb: 15.8564   Cr: 17.728  )
00000834: 16.2197   (Y': 15.4686   Cb: 15.7523   Cr: 17.7838 )
00000835: 16.3068   (Y': 15.5954   Cb: 15.8224   Cr: 17.8308 )
00000836: 16.2312   (Y': 15.5526   Cb: 15.7393   Cr: 17.7128 )
00000837: 16.2707   (Y': 15.6222   Cb: 15.7952   Cr: 17.6776 )
00000838: 16.2373   (Y': 15.5855   Cb: 15.7831   Cr: 17.617  )
00000839: 16.431    (Y': 15.7297   Cb: 16.0199   Cr: 17.8249 )
00000840: 16.4531   (Y': 15.6816   Cb: 16.0628   Cr: 17.9309 )
00000841: 16.3087   (Y': 15.3652   Cb: 16.0071   Cr: 17.9492 )
00000842: 16.3289   (Y': 15.3585   Cb: 16.0456   Cr: 17.9896 )
00000843: 16.2803   (Y': 15.3393   Cb: 15.986    Cr: 17.9046 )
00000844: 16.3208   (Y': 15.3948   Cb: 16.0169   Cr: 17.9329 )
00000846: 16.4193   (Y': 15.6575   Cb: 15.987    Cr: 17.946  )
00000845: 16.3814   (Y': 15.5678   Cb: 16.0025   Cr: 17.9133 )
00000847: 16.4747   (Y': 15.6138   Cb: 16.0694   Cr: 18.1308 )
00000848: 16.5327   (Y': 15.6378   Cb: 16.1249   Cr: 18.2542 )
00000849: 16.6406   (Y': 15.7365   Cb: 16.1886   Cr: 18.4524 )
00000850: 16.6536   (Y': 15.7478   Cb: 16.1593   Cr: 18.541  )
00000851: 16.7011   (Y': 15.8242   Cb: 16.1781   Cr: 18.5834 )
00000852: 16.6891   (Y': 15.8048   Cb: 16.1842   Cr: 18.554  )
00000853: 16.6933   (Y': 15.8764   Cb: 16.1401   Cr: 18.5165 )
00000854: 16.5141   (Y': 15.794    Cb: 15.8754   Cr: 18.3104 )
00000855: 16.4383   (Y': 15.7204   Cb: 15.7755   Cr: 18.2731 )
00000857: 16.4403   (Y': 15.378    Cb: 16.039    Cr: 18.4737 )
00000856: 16.3394   (Y': 15.5182   Cb: 15.7626   Cr: 18.2115 )
00000858: 16.5665   (Y': 15.45     Cb: 16.2149   Cr: 18.6249 )
00000859: 16.6906   (Y': 15.536    Cb: 16.3834   Cr: 18.7514 )
00000860: 16.7837   (Y': 15.6181   Cb: 16.4892   Cr: 18.8458 )
00000861: 16.9102   (Y': 15.7901   Cb: 16.5416   Cr: 19.0062 )
00000862: 16.8399   (Y': 15.7321   Cb: 16.4648   Cr: 18.9215 )
00000863: 16.8704   (Y': 15.7205   Cb: 16.5106   Cr: 19.0135 )
00000864: 16.8091   (Y': 15.6186   Cb: 16.4628   Cr: 19.016  )
00000865: 16.6488   (Y': 15.3111   Cb: 16.4725   Cr: 18.8828 )
00000866: 16.5617   (Y': 15.1908   Cb: 16.4313   Cr: 18.7918 )
00000867: 16.6317   (Y': 15.0663   Cb: 16.6831   Cr: 19.014  )
00000868: 16.5925   (Y': 15.1229   Cb: 16.5618   Cr: 18.8825 )
00000869: 16.6457   (Y': 15.1461   Cb: 16.6254   Cr: 18.9899 )
00000870: 16.6211   (Y': 15.1531   Cb: 16.5436   Cr: 18.9883 )
00000871: 16.6521   (Y': 15.1947   Cb: 16.5704   Cr: 19.0012 )
00000873: 16.6899   (Y': 15.3276   Cb: 16.4864   Cr: 19.0289 )
00000872: 16.691    (Y': 15.2103   Cb: 16.6332   Cr: 19.0542 )
00000874: 16.6689   (Y': 15.3402   Cb: 16.4066   Cr: 19.0357 )
00000876: 16.5034   (Y': 15.3454   Cb: 16.0815   Cr: 18.7771 )
00000875: 16.6053   (Y': 15.4338   Cb: 16.1944   Cr: 18.8882 )
00000878: 16.2216   (Y': 15.0324   Cb: 15.8644   Cr: 18.4454 )
00000877: 16.2975   (Y': 15.1638   Cb: 15.9338   Cr: 18.4133 )
00000879: 16.2327   (Y': 15.034    Cb: 15.8612   Cr: 18.5035 )
00000881: 16.2561   (Y': 15.0825   Cb: 15.8951   Cr: 18.4524 )
00000880: 16.262    (Y': 15.0635   Cb: 15.905    Cr: 18.5057 )
00000882: 16.2079   (Y': 15.0461   Cb: 15.8286   Cr: 18.4118 )
00000883: 16.3454   (Y': 15.195    Cb: 16.0037   Cr: 18.4578 )
00000884: 16.3921   (Y': 15.268    Cb: 16.0176   Cr: 18.5065 )
00000885: 16.4371   (Y': 15.3168   Cb: 16.0405   Cr: 18.5833 )
00000886: 16.4571   (Y': 15.426    Cb: 15.9761   Cr: 18.5692 )
00000887: 16.4833   (Y': 15.4821   Cb: 15.9686   Cr: 18.595  )
00000888: 16.4646   (Y': 15.4319   Cb: 15.954    Cr: 18.6342 )
00000889: 16.3873   (Y': 15.3193   Cb: 15.8745   Cr: 18.6356 )
00000890: 16.4083   (Y': 15.2961   Cb: 15.9164   Cr: 18.7131 )
00000891: 16.4559   (Y': 15.3221   Cb: 16.011    Cr: 18.7195 )
00000892: 16.4412   (Y': 15.3937   Cb: 15.9467   Cr: 18.6122 )
00000893: 16.4698   (Y': 15.454    Cb: 15.9505   Cr: 18.6204 )
00000894: 16.4391   (Y': 15.4177   Cb: 15.9131   Cr: 18.6139 )
00000896: 16.3115   (Y': 15.2583   Cb: 15.8359   Cr: 18.4594 )
00000895: 16.3501   (Y': 15.308    Cb: 15.8647   Cr: 18.4928 )
00000897: 16.2329   (Y': 15.1882   Cb: 15.7188   Cr: 18.434  )
00000898: 16.2352   (Y': 15.1726   Cb: 15.723    Cr: 18.4711 )
00000899: 16.1757   (Y': 15.099    Cb: 15.6059   Cr: 18.5532 )
00000901: 16.1502   (Y': 15.1681   Cb: 15.5488   Cr: 18.3851 )
00000900: 16.107    (Y': 15.0448   Cb: 15.5247   Cr: 18.4769 )
00000902: 16.1728   (Y': 15.2529   Cb: 15.5181   Cr: 18.3811 )
00000903: 16.3649   (Y': 15.4437   Cb: 15.744    Cr: 18.5115 )
00000904: 16.4515   (Y': 15.4611   Cb: 15.9037   Cr: 18.6023 )
00000906: 16.5796   (Y': 15.5022   Cb: 16.0689   Cr: 18.8442 )
00000905: 16.5544   (Y': 15.4988   Cb: 16.0261   Cr: 18.8057 )
00000907: 16.5283   (Y': 15.4763   Cb: 15.9914   Cr: 18.7879 )
00000908: 16.4908   (Y': 15.3614   Cb: 16.0101   Cr: 18.8122 )
00000910: 16.4564   (Y': 15.5058   Cb: 15.821    Cr: 18.6913 )
00000909: 16.4611   (Y': 15.5254   Cb: 15.8374   Cr: 18.6422 )
00000911: 16.3024   (Y': 15.1221   Cb: 15.9137   Cr: 18.5639 )
00000912: 16.331    (Y': 15.1367   Cb: 15.9495   Cr: 18.6102 )
00000913: 16.3848   (Y': 15.2681   Cb: 15.9907   Cr: 18.519  )
00000914: 16.4015   (Y': 15.2616   Cb: 16.0397   Cr: 18.5269 )
00000916: 16.458    (Y': 15.4537   Cb: 16.0014   Cr: 18.4717 )
00000917: 16.4715   (Y': 15.4901   Cb: 16.0228   Cr: 18.4262 )
00000915: 16.4452   (Y': 15.3985   Cb: 16.0433   Cr: 18.4483 )
00000918: 16.4977   (Y': 15.5014   Cb: 16.0635   Cr: 18.4563 )
00000919: 16.5025   (Y': 15.4652   Cb: 16.1457   Cr: 18.4097 )
00000920: 16.4408   (Y': 15.3602   Cb: 16.0828   Cr: 18.4366 )
00000922: 16.24     (Y': 15.1641   Cb: 15.9325   Cr: 18.1412 )
00000921: 16.3138   (Y': 15.2058   Cb: 16.0143   Cr: 18.266  )
00000923: 16.2213   (Y': 15.0836   Cb: 15.9839   Cr: 18.1305 )
00000924: 16.2402   (Y': 15.085    Cb: 16.0162   Cr: 18.1627 )
00000926: 16.4386   (Y': 15.341    Cb: 16.1906   Cr: 18.2851 )
00000925: 16.451    (Y': 15.309    Cb: 16.2143   Cr: 18.3676 )
00000927: 16.5078   (Y': 15.4917   Cb: 16.1987   Cr: 18.2949 )
00000928: 16.5975   (Y': 15.5609   Cb: 16.3023   Cr: 18.4015 )
00000929: 16.6975   (Y': 15.6931   Cb: 16.3988   Cr: 18.446  )
00000930: 16.6692   (Y': 15.5577   Cb: 16.4545   Cr: 18.4892 )
00000931: 16.6524   (Y': 15.4799   Cb: 16.4665   Cr: 18.548  )
00000932: 16.5845   (Y': 15.3995   Cb: 16.3953   Cr: 18.5105 )
00000933: 16.5667   (Y': 15.4384   Cb: 16.2855   Cr: 18.5289 )
00000934: 16.5747   (Y': 15.5057   Cb: 16.2549   Cr: 18.4828 )
00000935: 16.7039   (Y': 15.6689   Cb: 16.3626   Cr: 18.5808 )
00000937: 16.7749   (Y': 15.7476   Cb: 16.5002   Cr: 18.5283 )
00000936: 16.762    (Y': 15.7725   Cb: 16.395    Cr: 18.5934 )
00000938: 16.7821   (Y': 15.7216   Cb: 16.5086   Cr: 18.5969 )
00000939: 16.6859   (Y': 15.5922   Cb: 16.4374   Cr: 18.5253 )
00000940: 16.6535   (Y': 15.5596   Cb: 16.4134   Cr: 18.4799 )
00000942: 16.8595   (Y': 15.7511   Cb: 16.7131   Cr: 18.5667 )
00000941: 16.8097   (Y': 15.667    Cb: 16.6722   Cr: 18.5694 )
00000943: 16.7827   (Y': 15.6331   Cb: 16.6237   Cr: 18.5893 )
00000944: 16.7928   (Y': 15.6241   Cb: 16.5831   Cr: 18.7191 )
00000946: 16.9739   (Y': 15.8278   Cb: 16.8357   Cr: 18.7412 )
00000945: 16.8682   (Y': 15.6979   Cb: 16.7199   Cr: 18.699  )
00000947: 16.8177   (Y': 15.6521   Cb: 16.7508   Cr: 18.5144 )
00000948: 16.681    (Y': 15.4708   Cb: 16.5821   Cr: 18.5146 )
00000949: 16.5424   (Y': 15.3574   Cb: 16.2978   Cr: 18.5602 )
00000951: 16.7726   (Y': 15.6618   Cb: 16.5693   Cr: 18.5727 )
00000950: 16.6346   (Y': 15.4521   Cb: 16.405    Cr: 18.6223 )
00000952: 16.8031   (Y': 15.7267   Cb: 16.698    Cr: 18.388  )
00000953: 16.6907   (Y': 15.6268   Cb: 16.5642   Cr: 18.2844 )
00000954: 16.781    (Y': 15.6954   Cb: 16.6979   Cr: 18.3505 )
00000955: 16.7176   (Y': 15.8048   Cb: 16.5032   Cr: 18.1716 )
00000956: 16.6912   (Y': 15.78     Cb: 16.5171   Cr: 18.084  )
00000957: 16.7029   (Y': 15.7975   Cb: 16.4774   Cr: 18.1607 )
00000958: 16.8419   (Y': 15.9762   Cb: 16.5998   Cr: 18.2561 )
00000959: 16.9522   (Y': 15.9696   Cb: 16.8458   Cr: 18.3711 )
00000960: 16.878    (Y': 15.8557   Cb: 16.8437   Cr: 18.2647 )
00000961: 16.8852   (Y': 15.8077   Cb: 16.8778   Cr: 18.3319 )
00000962: 16.7576   (Y': 15.6866   Cb: 16.7741   Cr: 18.1597 )
00000963: 16.7363   (Y': 15.663    Cb: 16.6482   Cr: 18.2906 )
00000964: 16.735    (Y': 15.5529   Cb: 16.7369   Cr: 18.3616 )
00000965: 16.8476   (Y': 15.5733   Cb: 16.9255   Cr: 18.5429 )
00000966: 16.8742   (Y': 15.6384   Cb: 16.9719   Cr: 18.4663 )
00000967: 17.0683   (Y': 15.8131   Cb: 17.1844   Cr: 18.6721 )
00000968: 17.1741   (Y': 15.8641   Cb: 17.406    Cr: 18.7237 )
00000969: 17.1196   (Y': 15.7624   Cb: 17.4241   Cr: 18.6631 )
00000971: 17.0582   (Y': 15.5033   Cb: 17.5717   Cr: 18.7267 )
00000970: 17.1573   (Y': 15.706    Cb: 17.5947   Cr: 18.7125 )
00000972: 16.9977   (Y': 15.3963   Cb: 17.4972   Cr: 18.7843 )
00000973: 17.0856   (Y': 15.4991   Cb: 17.5722   Cr: 18.857  )
00000975: 17.133    (Y': 15.5324   Cb: 17.6211   Cr: 18.9332 )
00000974: 17.034    (Y': 15.4192   Cb: 17.554    Cr: 18.8225 )
00000977: 17.2259   (Y': 15.5387   Cb: 17.7938   Cr: 19.1114 )
00000976: 17.0815   (Y': 15.4627   Cb: 17.5632   Cr: 18.9307 )
00000979: 17.2451   (Y': 15.5626   Cb: 17.7653   Cr: 19.1849 )
00000978: 17.239    (Y': 15.5793   Cb: 17.7697   Cr: 19.1126 )
00000980: 17.2169   (Y': 15.5154   Cb: 17.7565   Cr: 19.1742 )
00000982: 17.0287   (Y': 15.3588   Cb: 17.5003   Cr: 19.0076 )
00000983: 17.1125   (Y': 15.505    Cb: 17.5672   Cr: 18.9736 )
00000981: 17.1199   (Y': 15.4373   Cb: 17.5983   Cr: 19.1189 )
00000984: 17.1072   (Y': 15.4981   Cb: 17.5629   Cr: 18.9703 )
00000985: 17.0084   (Y': 15.4722   Cb: 17.3987   Cr: 18.8028 )
00000986: 17.0313   (Y': 15.5655   Cb: 17.418    Cr: 18.6823 )
00000987: 16.8587   (Y': 15.4405   Cb: 17.2632   Cr: 18.3908 )
00000988: 16.6625   (Y': 15.2566   Cb: 17.022    Cr: 18.2291 )
00000989: 16.2653   (Y': 14.7139   Cb: 16.806    Cr: 17.8911 )
00000990: 16.3174   (Y': 14.6738   Cb: 16.9075   Cr: 18.0761 )
00000991: 16.3128   (Y': 14.7029   Cb: 16.8766   Cr: 18.0325 )
00000994: 16.0545   (Y': 14.5144   Cb: 16.577    Cr: 17.6804 )
00000992: 16.2852   (Y': 14.6966   Cb: 16.8354   Cr: 17.9773 )
00000993: 16.0847   (Y': 14.5258   Cb: 16.6144   Cr: 17.7404 )
00000995: 15.8742   (Y': 14.2235   Cb: 16.578    Cr: 17.5035 )
00000996: 15.8859   (Y': 14.2503   Cb: 16.6323   Cr: 17.4313 )
00000997: 15.7466   (Y': 14.059    Cb: 16.6115   Cr: 17.2607 )
00000998: 15.7315   (Y': 14.003    Cb: 16.6299   Cr: 17.2929 )
00000999: 15.706    (Y': 13.9113   Cb: 16.6487   Cr: 17.359  )
00001000: 15.7404   (Y': 13.9164   Cb: 16.6738   Cr: 17.4702 )
00001002: 16.0394   (Y': 14.4942   Cb: 16.5088   Cr: 17.7454 )
00001001: 15.9316   (Y': 14.2007   Cb: 16.6548   Cr: 17.7117 )
00001003: 16.0763   (Y': 14.7217   Cb: 16.3051   Cr: 17.7176 )
00001005: 15.9729   (Y': 14.6932   Cb: 16.0598   Cr: 17.6662 )
00001004: 16.0829   (Y': 14.7694   Cb: 16.1881   Cr: 17.8171 )
00001006: 16.0048   (Y': 14.8955   Cb: 15.9577   Cr: 17.5659 )
00001007: 15.9447   (Y': 15.0028   Cb: 15.7982   Cr: 17.3501 )
00001008: 15.8414   (Y': 15.0317   Cb: 15.5901   Cr: 17.1756 )
00001011: 15.8881   (Y': 14.9651   Cb: 15.5559   Cr: 17.5392 )
00001010: 15.7853   (Y': 14.7996   Cb: 15.5854   Cr: 17.346  )
00001009: 15.7091   (Y': 14.7281   Cb: 15.5435   Cr: 17.2106 )
00001012: 15.9493   (Y': 15.0717   Cb: 15.6053   Cr: 17.5378 )
00001013: 16.0198   (Y': 14.93     Cb: 15.7424   Cr: 17.8988 )
00001014: 16.1919   (Y': 15.0836   Cb: 15.9144   Cr: 18.1078 )
00001015: 16.7071   (Y': 15.6164   Cb: 16.3453   Cr: 18.7299 )
00001016: 16.7919   (Y': 15.6915   Cb: 16.4398   Cr: 18.8182 )
00001018: 16.9464   (Y': 15.8085   Cb: 16.6602   Cr: 18.937  )
00001019: 16.8968   (Y': 15.5961   Cb: 16.7361   Cr: 19.0214 )
00001017: 16.8833   (Y': 15.7223   Cb: 16.5544   Cr: 18.9957 )
00001021: 16.7534   (Y': 15.4722   Cb: 16.4949   Cr: 19.0046 )
00001020: 16.811    (Y': 15.5026   Cb: 16.6164   Cr: 19.0106 )
00001022: 16.6623   (Y': 15.4944   Cb: 16.29     Cr: 18.8667 )
00001023: 16.5891   (Y': 15.4585   Cb: 16.1661   Cr: 18.8053 )
00001024: 16.547    (Y': 15.4267   Cb: 16.0978   Cr: 18.7893 )
00001025: 16.4418   (Y': 15.1303   Cb: 16.16     Cr: 18.8046 )
00001027: 16.3972   (Y': 14.9811   Cb: 16.1693   Cr: 18.9106 )
00001026: 16.365    (Y': 14.9891   Cb: 16.0837   Cr: 18.8803 )
00001028: 16.4572   (Y': 15.0199   Cb: 16.263    Cr: 18.96   )
00001029: 16.467    (Y': 15.0002   Cb: 16.3595   Cr: 18.8842 )
00001030: 16.5149   (Y': 15.0437   Cb: 16.3844   Cr: 18.9843 )
00001031: 16.5394   (Y': 14.9753   Cb: 16.5107   Cr: 19.0586 )
00001032: 16.5109   (Y': 15.0075   Cb: 16.4006   Cr: 19.0243 )
00001033: 16.6319   (Y': 15.0501   Cb: 16.6123   Cr: 19.1804 )
00001034: 16.6767   (Y': 15.0775   Cb: 16.691    Cr: 19.2097 )
00001035: 16.672    (Y': 15.0122   Cb: 16.7312   Cr: 19.2839 )
00001036: 16.6552   (Y': 15.0025   Cb: 16.7412   Cr: 19.2001 )
00001037: 16.5854   (Y': 14.958    Cb: 16.6281   Cr: 19.141  )
00001039: 16.5423   (Y': 14.8766   Cb: 16.607    Cr: 19.1598 )
00001038: 16.5707   (Y': 14.9011   Cb: 16.6634   Cr: 19.1488 )
00001043: 16.5686   (Y': 14.9472   Cb: 16.5528   Cr: 19.2143 )
00001040: 16.5302   (Y': 14.8545   Cb: 16.5816   Cr: 19.199  )
00001041: 16.4602   (Y': 14.8509   Cb: 16.4483   Cr: 19.0665 )
00001042: 16.5141   (Y': 14.8979   Cb: 16.4866   Cr: 19.1678 )
00001044: 16.5603   (Y': 14.9759   Cb: 16.5034   Cr: 19.184  )
00001045: 16.5795   (Y': 14.9757   Cb: 16.5289   Cr: 19.2427 )
00001046: 16.5647   (Y': 14.9357   Cb: 16.5444   Cr: 19.2396 )
00001047: 16.5999   (Y': 15.0375   Cb: 16.5422   Cr: 19.1676 )
00001048: 16.573    (Y': 15.0379   Cb: 16.4891   Cr: 19.1185 )
00001050: 16.6354   (Y': 15.1093   Cb: 16.5539   Cr: 19.1534 )
00001049: 16.6384   (Y': 15.0939   Cb: 16.5584   Cr: 19.2011 )
00001051: 16.6544   (Y': 15.2181   Cb: 16.497    Cr: 19.0872 )
00001052: 16.6773   (Y': 15.2693   Cb: 16.4833   Cr: 19.1078 )
00001054: 16.7428   (Y': 15.3234   Cb: 16.585    Cr: 19.1351 )
00001053: 16.755    (Y': 15.354    Cb: 16.5954   Cr: 19.1067 )
00001055: 16.7201   (Y': 15.2687   Cb: 16.6373   Cr: 19.0564 )
00001056: 16.6481   (Y': 15.1065   Cb: 16.6663   Cr: 19.0287 )
00001057: 16.5951   (Y': 14.9905   Cb: 16.6371   Cr: 19.0926 )
00001058: 16.5857   (Y': 15.0361   Cb: 16.602    Cr: 18.9895 )
00001059: 16.6459   (Y': 15.0893   Cb: 16.6829   Cr: 19.031  )
00001061: 16.7632   (Y': 15.2311   Cb: 16.8256   Cr: 19.0455 )
00001060: 16.6978   (Y': 15.1321   Cb: 16.7575   Cr: 19.0668 )
00001063: 16.768    (Y': 15.3043   Cb: 16.7392   Cr: 19.0407 )
00001062: 16.7468   (Y': 15.2544   Cb: 16.7551   Cr: 19.0249 )
00001064: 16.8052   (Y': 15.345    Cb: 16.7896   Cr: 19.0471 )
00001065: 16.671    (Y': 15.3319   Cb: 16.5476   Cr: 18.8178 )
00001066: 16.6368   (Y': 15.4026   Cb: 16.4077   Cr: 18.7328 )
00001067: 16.6315   (Y': 15.4346   Cb: 16.3875   Cr: 18.6731 )
00001068: 16.6712   (Y': 15.4293   Cb: 16.496    Cr: 18.6929 )
00001069: 16.7112   (Y': 15.3945   Cb: 16.5983   Cr: 18.7909 )
00001070: 16.7456   (Y': 15.473    Cb: 16.6037   Cr: 18.7776 )
00001071: 16.7648   (Y': 15.5385   Cb: 16.5945   Cr: 18.7456 )
00001072: 16.686    (Y': 15.4803   Cb: 16.4989   Cr: 18.6517 )
00001073: 16.7239   (Y': 15.4446   Cb: 16.594    Cr: 18.7507 )
00001074: 16.6961   (Y': 15.3871   Cb: 16.5837   Cr: 18.7581 )
00001075: 16.6806   (Y': 15.2164   Cb: 16.7142   Cr: 18.8503 )
00001076: 16.6403   (Y': 15.141    Cb: 16.6692   Cr: 18.8999 )
00001077: 16.6858   (Y': 15.1341   Cb: 16.7488   Cr: 19.0148 )
00001078: 16.5899   (Y': 15.0005   Cb: 16.671    Cr: 18.9815 )
00001080: 16.3764   (Y': 14.8185   Cb: 16.4352   Cr: 18.7274 )
00001079: 16.4412   (Y': 14.8461   Cb: 16.5256   Cr: 18.8414 )
00001081: 16.4184   (Y': 14.7692   Cb: 16.5697   Cr: 18.8421 )
00001082: 16.4195   (Y': 14.7239   Cb: 16.5986   Cr: 18.9159 )
00001083: 16.4426   (Y': 14.6923   Cb: 16.7025   Cr: 18.947  )
00001084: 16.4408   (Y': 14.7024   Cb: 16.6669   Cr: 18.9708 )
00001085: 16.4693   (Y': 14.7176   Cb: 16.7607   Cr: 18.9254 )
00001086: 16.5571   (Y': 14.8335   Cb: 16.8548   Cr: 18.9298 )
00001087: 16.6366   (Y': 14.9267   Cb: 16.9553   Cr: 18.9408 )
00001088: 16.6101   (Y': 14.9505   Cb: 16.8844   Cr: 18.8591 )
00001090: 16.6682   (Y': 15.0574   Cb: 16.9321   Cr: 18.8153 )
00001089: 16.6549   (Y': 15.0542   Cb: 16.8968   Cr: 18.8121 )
00001091: 16.7453   (Y': 15.162    Cb: 16.9976   Cr: 18.8456 )
00001092: 16.7202   (Y': 15.2008   Cb: 16.87     Cr: 18.8312 )
00001093: 16.7117   (Y': 15.1849   Cb: 16.8948   Cr: 18.7877 )
00001095: 16.6196   (Y': 15.181    Cb: 16.6916   Cr: 18.6695 )
00001094: 16.712    (Y': 15.1496   Cb: 16.9125   Cr: 18.8433 )
00001096: 16.6177   (Y': 15.2173   Cb: 16.658    Cr: 18.633  )
00001098: 16.5418   (Y': 15.1069   Cb: 16.5954   Cr: 18.6128 )
00001097: 16.5669   (Y': 15.1248   Cb: 16.6204   Cr: 18.6541 )
00001099: 16.6811   (Y': 15.3716   Cb: 16.6404   Cr: 18.6281 )
00001100: 16.6751   (Y': 15.483    Cb: 16.5463   Cr: 18.5191 )
00001101: 16.6313   (Y': 15.3925   Cb: 16.5142   Cr: 18.552  )
00001102: 16.6448   (Y': 15.323    Cb: 16.614    Cr: 18.6024 )
00001103: 16.7016   (Y': 15.4236   Cb: 16.5967   Cr: 18.6849 )
00001104: 16.6979   (Y': 15.3908   Cb: 16.591    Cr: 18.7467 )
00001106: 16.7768   (Y': 15.3732   Cb: 16.7117   Cr: 18.971  )
00001105: 16.7651   (Y': 15.4673   Cb: 16.6092   Cr: 18.8753 )
00001107: 16.7577   (Y': 15.1107   Cb: 16.9826   Cr: 19.0543 )
00001108: 16.7831   (Y': 15.08     Cb: 17.0337   Cr: 19.1797 )
00001109: 16.7142   (Y': 15.1273   Cb: 16.7805   Cr: 19.1244 )
00001110: 16.8146   (Y': 15.2555   Cb: 16.8674   Cr: 19.1788 )
00001111: 16.7912   (Y': 15.2875   Cb: 16.814    Cr: 19.0714 )
00001112: 16.8115   (Y': 15.2564   Cb: 16.8922   Cr: 19.1189 )
00001113: 16.8907   (Y': 15.2839   Cb: 17.0404   Cr: 19.2103 )
00001114: 16.9279   (Y': 15.2674   Cb: 17.1355   Cr: 19.2861 )
00001115: 16.9738   (Y': 15.2985   Cb: 17.2021   Cr: 19.3361 )
00001117: 17.0519   (Y': 15.4009   Cb: 17.3349   Cr: 19.2665 )
00001116: 17.0491   (Y': 15.3821   Cb: 17.2797   Cr: 19.3865 )
00001118: 17.0716   (Y': 15.4304   Cb: 17.3833   Cr: 19.2178 )
00001119: 17.0627   (Y': 15.3776   Cb: 17.4114   Cr: 19.2586 )
00001120: 17.1238   (Y': 15.3888   Cb: 17.5029   Cr: 19.3968 )
00001121: 17.0922   (Y': 15.3479   Cb: 17.4843   Cr: 19.3685 )
00001122: 17.0374   (Y': 15.3277   Cb: 17.3523   Cr: 19.3471 )
00001123: 17.1338   (Y': 15.4626   Cb: 17.4448   Cr: 19.3537 )
00001124: 17.1328   (Y': 15.4858   Cb: 17.4131   Cr: 19.3418 )
00001125: 17.1579   (Y': 15.5762   Cb: 17.3707   Cr: 19.3155 )
00001126: 17.1446   (Y': 15.5543   Cb: 17.3249   Cr: 19.3744 )
00001127: 17.1201   (Y': 15.6207   Cb: 17.2243   Cr: 19.2571 )
00001128: 17.1458   (Y': 15.6543   Cb: 17.2393   Cr: 19.2821 )
00001129: 17.1662   (Y': 15.7106   Cb: 17.2316   Cr: 19.2652 )
00001130: 17.1874   (Y': 15.7583   Cb: 17.2467   Cr: 19.2364 )
00001131: 17.1699   (Y': 15.7175   Cb: 17.2865   Cr: 19.1811 )
00001133: 17.2107   (Y': 15.7091   Cb: 17.3657   Cr: 19.2726 )
00001132: 17.1706   (Y': 15.653    Cb: 17.3331   Cr: 19.2572 )
00001134: 17.2192   (Y': 15.7739   Cb: 17.3047   Cr: 19.2628 )
00001135: 17.2193   (Y': 15.8399   Cb: 17.2292   Cr: 19.2367 )
00001136: 17.2381   (Y': 15.9042   Cb: 17.2135   Cr: 19.2117 )
00001137: 17.264    (Y': 15.9577   Cb: 17.2354   Cr: 19.1855 )
00001138: 17.2521   (Y': 15.9674   Cb: 17.2327   Cr: 19.1142 )
00001139: 17.1938   (Y': 15.8214   Cb: 17.2781   Cr: 19.0808 )
00001141: 17.2372   (Y': 15.9001   Cb: 17.2993   Cr: 19.0833 )
00001140: 17.2514   (Y': 15.9074   Cb: 17.3058   Cr: 19.1238 )
00001142: 17.2547   (Y': 15.8725   Cb: 17.3734   Cr: 19.1108 )
00001143: 17.2988   (Y': 15.9662   Cb: 17.3893   Cr: 19.0935 )
00001144: 17.3043   (Y': 15.9782   Cb: 17.4023   Cr: 19.0747 )
00001145: 17.2816   (Y': 15.978    Cb: 17.3539   Cr: 19.0441 )
00001146: 17.261    (Y': 16.0001   Cb: 17.3153   Cr: 18.9644 )
00001149: 17.45     (Y': 16.1181   Cb: 17.4883   Cr: 19.3219 )
00001147: 17.2869   (Y': 16.0847   Cb: 17.2621   Cr: 18.9913 )
00001148: 17.3624   (Y': 16.1783   Cb: 17.334    Cr: 19.0374 )
00001150: 17.4689   (Y': 16.1303   Cb: 17.5124   Cr: 19.3468 )
00001151: 17.353    (Y': 16.1732   Cb: 17.3035   Cr: 19.0508 )
00001152: 17.2884   (Y': 16.1657   Cb: 17.1893   Cr: 18.951  )
00001154: 17.3304   (Y': 16.2538   Cb: 17.1929   Cr: 18.9639 )
00001153: 17.2881   (Y': 16.201    Cb: 17.1646   Cr: 18.9203 )
00001155: 17.3967   (Y': 16.4258   Cb: 17.1617   Cr: 18.9839 )
00001157: 17.5009   (Y': 16.5251   Cb: 17.3007   Cr: 19.0443 )
00001156: 17.4395   (Y': 16.4695   Cb: 17.2018   Cr: 19.0292 )
00001158: 17.5388   (Y': 16.5189   Cb: 17.3893   Cr: 19.0861 )
00001160: 17.5441   (Y': 16.3882   Cb: 17.491    Cr: 19.2015 )
00001159: 17.5246   (Y': 16.4628   Cb: 17.466    Cr: 19.0153 )
00001161: 17.7121   (Y': 16.533    Cb: 17.823    Cr: 19.1795 )
00001162: 17.6615   (Y': 16.5179   Cb: 17.7609   Cr: 19.0798 )
00001163: 17.7534   (Y': 16.6493   Cb: 17.9178   Cr: 19.0162 )
00001164: 17.7159   (Y': 16.6221   Cb: 17.8692   Cr: 18.9754 )
00001165: 17.6688   (Y': 16.6486   Cb: 17.7568   Cr: 18.8876 )
00001166: 17.5994   (Y': 16.5901   Cb: 17.6454   Cr: 18.8553 )
00001167: 17.4973   (Y': 16.484    Cb: 17.5204   Cr: 18.7902 )
00001168: 17.4847   (Y': 16.5045   Cb: 17.4706   Cr: 18.7717 )
00001169: 17.5201   (Y': 16.5968   Cb: 17.4298   Cr: 18.8154 )
00001170: 17.4935   (Y': 16.5607   Cb: 17.3983   Cr: 18.8115 )
00001171: 17.4992   (Y': 16.5203   Cb: 17.4623   Cr: 18.8151 )
00001172: 17.5472   (Y': 16.5276   Cb: 17.5326   Cr: 18.9019 )
00001173: 17.5117   (Y': 16.3857   Cb: 17.5376   Cr: 18.9993 )
00001174: 17.4579   (Y': 16.27     Cb: 17.5691   Cr: 18.941  )
00001175: 17.3946   (Y': 16.0456   Cb: 17.644    Cr: 18.9965 )
00001176: 17.4182   (Y': 16.0429   Cb: 17.701    Cr: 19.0267 )
00001177: 17.5111   (Y': 16.0816   Cb: 17.9162   Cr: 19.0647 )
00001178: 17.5769   (Y': 16.1317   Cb: 18.0014   Cr: 19.1367 )
00001179: 17.5077   (Y': 15.8358   Cb: 18.1781   Cr: 19.2243 )
00001180: 17.6378   (Y': 15.9365   Cb: 18.357    Cr: 19.3573 )
00001181: 17.583    (Y': 15.8423   Cb: 18.3424   Cr: 19.3391 )
00001182: 17.6082   (Y': 15.879    Cb: 18.3747   Cr: 19.3302 )
00001183: 17.6643   (Y': 16.0185   Cb: 18.3428   Cr: 19.3144 )
00001185: 17.8459   (Y': 16.3897   Cb: 18.3447   Cr: 19.3324 )
00001184: 17.7438   (Y': 16.16     Cb: 18.3326   Cr: 19.376  )
00001187: 18.2284   (Y': 16.8765   Cb: 18.6826   Cr: 19.5708 )
00001186: 18.0769   (Y': 16.6711   Cb: 18.5963   Cr: 19.4406 )
00001188: 18.0956   (Y': 16.5961   Cb: 18.616    Cr: 19.6411 )
00001190: 17.7344   (Y': 15.9426   Cb: 18.6117   Cr: 19.4595 )
00001189: 17.8987   (Y': 16.2228   Cb: 18.6286   Cr: 19.5494 )
00001191: 17.705    (Y': 15.8495   Cb: 18.5897   Cr: 19.5673 )
00001192: 17.677    (Y': 15.7343   Cb: 18.6368   Cr: 19.655  )
00001194: 17.6831   (Y': 15.7625   Cb: 18.5791   Cr: 19.688  )
00001193: 17.6603   (Y': 15.7631   Cb: 18.5884   Cr: 19.5672 )
00001195: 17.7051   (Y': 15.7896   Cb: 18.5667   Cr: 19.7422 )
Total: 15.9039   (Y': 15.2855   Cb: 15.4513   Cr: 17.2286 )
