00000002: 11.7329   (Y': 9.34929   Cb: 13.0706   Cr: 14.4588 )
00000001: 11.6473   (Y': 9.32187   Cb: 12.9955   Cr: 14.1757 )
00000003: 11.7424   (Y': 9.26787   Cb: 13.2069   Cr: 14.5961 )
00000000: 11.6141   (Y': 9.23585   Cb: 13.003    Cr: 14.2534 )
00000004: 11.6795   (Y': 9.16788   Cb: 13.2088   Cr: 14.572  )
00000013: 11.5867   (Y': 9.01478   Cb: 13.1021   Cr: 14.7153 )
00000014: 11.5288   (Y': 8.96029   Cb: 13.0569   Cr: 14.6263 )
00000007: 11.7055   (Y': 9.07368   Cb: 13.3566   Cr: 14.8643 )
00000017: 11.6642   (Y': 9.15741   Cb: 13.0736   Cr: 14.7088 )
00000010: 11.7575   (Y': 9.19812   Cb: 13.2955   Cr: 14.8074 )
00000008: 11.8011   (Y': 9.17088   Cb: 13.4315   Cr: 14.9837 )
00000006: 11.6924   (Y': 9.12146   Cb: 13.2744   Cr: 14.7225 )
00000009: 11.815    (Y': 9.1938    Cb: 13.4094   Cr: 15.0145 )
00000011: 11.7048   (Y': 9.12536   Cb: 13.2403   Cr: 14.8323 )
00000018: 11.713    (Y': 9.22701   Cb: 13.0807   Cr: 14.7442 )
00000005: 11.7269   (Y': 9.16799   Cb: 13.3137   Cr: 14.7069 )
00000021: 11.7588   (Y': 9.25125   Cb: 13.1849   Cr: 14.7818 )
00000022: 11.7912   (Y': 9.31596   Cb: 13.1157   Cr: 14.8481 )
00000020: 11.7555   (Y': 9.25609   Cb: 13.1175   Cr: 14.8436 )
00000012: 11.6613   (Y': 9.06159   Cb: 13.2352   Cr: 14.8092 )
00000015: 11.5873   (Y': 9.04962   Cb: 13.0011   Cr: 14.738  )
00000028: 12.0131   (Y': 9.61574   Cb: 13.2633   Cr: 14.9088 )
00000019: 11.7349   (Y': 9.2442    Cb: 13.0975   Cr: 14.7903 )
00000025: 11.8749   (Y': 9.43732   Cb: 13.1559   Cr: 14.8631 )
00000026: 11.9761   (Y': 9.56527   Cb: 13.2789   Cr: 14.8412 )
00000016: 11.6253   (Y': 9.10401   Cb: 13.0596   Cr: 14.686  )
00000023: 11.8352   (Y': 9.41177   Cb: 13.1522   Cr: 14.7222 )
00000029: 11.956    (Y': 9.4869    Cb: 13.2856   Cr: 14.9834 )
00000032: 11.9522   (Y': 9.50832   Cb: 13.161    Cr: 15.0724 )
00000024: 11.912    (Y': 9.53057   Cb: 13.1604   Cr: 14.7568 )
00000030: 12.0047   (Y': 9.56305   Cb: 13.3373   Cr: 14.9317 )
00000034: 11.6987   (Y': 9.28681   Cb: 12.8261   Cr: 14.8317 )
00000035: 11.5541   (Y': 9.12541   Cb: 12.6917   Cr: 14.7318 )
00000027: 11.9817   (Y': 9.55342   Cb: 13.3064   Cr: 14.8743 )
00000033: 11.8165   (Y': 9.39809   Cb: 12.9497   Cr: 14.9637 )
00000041: 11.3466   (Y': 8.85024   Cb: 12.5483   Cr: 14.673  )
00000031: 11.9412   (Y': 9.44856   Cb: 13.2296   Cr: 15.116  )
00000038: 11.4744   (Y': 9.06991   Cb: 12.575    Cr: 14.6239 )
00000046: 11.2607   (Y': 8.68863   Cb: 12.6581   Cr: 14.5664 )
00000039: 11.4517   (Y': 8.99865   Cb: 12.5648   Cr: 14.759  )
00000040: 11.393    (Y': 8.94855   Cb: 12.4893   Cr: 14.6961 )
00000036: 11.454    (Y': 9.05883   Cb: 12.5484   Cr: 14.5797 )
00000043: 11.2686   (Y': 8.73666   Cb: 12.5517   Cr: 14.5996 )
00000037: 11.4333   (Y': 9.03828   Cb: 12.4871   Cr: 14.6241 )
00000045: 11.2461   (Y': 8.70873   Cb: 12.5673   Cr: 14.5376 )
00000047: 11.326    (Y': 8.75563   Cb: 12.7785   Cr: 14.5417 )
00000042: 11.334    (Y': 8.82124   Cb: 12.5269   Cr: 14.7382 )
00000044: 11.2573   (Y': 8.69722   Cb: 12.5868   Cr: 14.6236 )
00000048: 11.3461   (Y': 8.79884   Cb: 12.7513   Cr: 14.5452 )
00000049: 11.3224   (Y': 8.78704   Cb: 12.7158   Cr: 14.4953 )
00000051: 11.549    (Y': 8.94117   Cb: 13.1331   Cr: 14.713  )
00000050: 11.3673   (Y': 8.8475    Cb: 12.7472   Cr: 14.5029 )
00000052: 11.6282   (Y': 9.04028   Cb: 13.1341   Cr: 14.8308 )
00000054: 11.4929   (Y': 8.91925   Cb: 13.0294   Cr: 14.5972 )
00000053: 11.5043   (Y': 8.95871   Cb: 12.9888   Cr: 14.5802 )
00000055: 11.4777   (Y': 8.90914   Cb: 12.9319   Cr: 14.6839 )
00000056: 11.4169   (Y': 8.87057   Cb: 12.7026   Cr: 14.8    )
00000062: 11.6807   (Y': 9.27653   Cb: 12.6301   Cr: 15.0825 )
00000065: 11.5567   (Y': 9.11916   Cb: 12.6182   Cr: 14.892  )
00000063: 11.4781   (Y': 9.13981   Cb: 12.3402   Cr: 14.7871 )
00000057: 11.4281   (Y': 8.78855   Cb: 12.69     Cr: 15.2393 )
00000058: 11.5389   (Y': 8.94446   Cb: 12.7625   Cr: 15.2227 )
00000067: 11.9017   (Y': 9.42029   Cb: 12.995    Cr: 15.3516 )
00000060: 11.6295   (Y': 9.09956   Cb: 12.7589   Cr: 15.2106 )
00000059: 11.5575   (Y': 9.05135   Cb: 12.659    Cr: 15.0914 )
00000071: 11.848    (Y': 9.03901   Cb: 13.502    Cr: 15.749  )
00000064: 11.4532   (Y': 9.04467   Cb: 12.4502   Cr: 14.789  )
00000066: 11.7555   (Y': 9.3396    Cb: 12.7552   Cr: 15.1141 )
00000061: 11.722    (Y': 9.28174   Cb: 12.7458   Cr: 15.1322 )
00000073: 11.7873   (Y': 8.94137   Cb: 13.5442   Cr: 15.6917 )
00000068: 11.9917   (Y': 9.44456   Cb: 13.2452   Cr: 15.4306 )
00000072: 11.8097   (Y': 8.97772   Cb: 13.5125   Cr: 15.7372 )
00000074: 11.6955   (Y': 8.79515   Cb: 13.5401   Cr: 15.718  )
00000070: 11.8118   (Y': 9.05995   Cb: 13.3917   Cr: 15.574  )
00000069: 11.8648   (Y': 9.16906   Cb: 13.363    Cr: 15.5149 )
00000075: 11.7132   (Y': 8.75892   Cb: 13.6888   Cr: 15.7902 )
00000076: 11.702    (Y': 8.75806   Cb: 13.6625   Cr: 15.7517 )
00000080: 11.8743   (Y': 8.86975   Cb: 13.9771   Cr: 16.0033 )
00000081: 12.003    (Y': 9.0532    Cb: 14.0743   Cr: 15.9072 )
00000077: 11.6551   (Y': 8.68268   Cb: 13.5946   Cr: 15.8855 )
00000078: 11.6899   (Y': 8.7178    Cb: 13.6635   Cr: 15.861  )
00000083: 12.011    (Y': 9.1073    Cb: 14.0232   Cr: 15.7855 )
00000082: 12.0054   (Y': 9.10331   Cb: 14.0021   Cr: 15.7962 )
00000087: 11.7255   (Y': 8.95797   Cb: 13.417    Cr: 15.377  )
00000079: 11.7639   (Y': 8.73263   Cb: 13.8808   Cr: 16.0104 )
00000084: 11.9538   (Y': 9.0953    Cb: 13.8821   Cr: 15.6472 )
00000086: 11.7506   (Y': 8.97698   Cb: 13.5441   Cr: 15.2729 )
00000090: 11.902    (Y': 9.30039   Cb: 13.2387   Cr: 15.4228 )
00000088: 11.7892   (Y': 9.02995   Cb: 13.4774   Cr: 15.4104 )
00000085: 11.8007   (Y': 8.98706   Cb: 13.6227   Cr: 15.4541 )
00000092: 11.5424   (Y': 8.89964   Cb: 12.9446   Cr: 15.1256 )
00000089: 11.9462   (Y': 9.31777   Cb: 13.3717   Cr: 15.4317 )
00000091: 11.6785   (Y': 9.04031   Cb: 13.0577   Cr: 15.2806 )
00000094: 11.4923   (Y': 8.78399   Cb: 12.9374   Cr: 15.2868 )
00000095: 11.485    (Y': 8.77105   Cb: 12.9462   Cr: 15.2771 )
00000093: 11.5178   (Y': 8.83846   Cb: 12.9469   Cr: 15.2119 )
00000096: 11.4308   (Y': 8.70537   Cb: 12.939    Cr: 15.1945 )
00000098: 11.4532   (Y': 8.76445   Cb: 12.8836   Cr: 15.1861 )
00000097: 11.4549   (Y': 8.74118   Cb: 12.9594   Cr: 15.173  )
00000100: 11.4642   (Y': 8.8236    Cb: 12.7758   Cr: 15.1919 )
00000099: 11.3967   (Y': 8.76241   Cb: 12.6849   Cr: 15.1377 )
00000101: 11.5112   (Y': 8.87666   Cb: 12.7909   Cr: 15.2683 )
00000102: 11.6153   (Y': 8.99541   Cb: 12.886    Cr: 15.3253 )
00000103: 11.5449   (Y': 8.9442    Cb: 12.829    Cr: 15.1502 )
00000104: 11.5099   (Y': 8.8988    Cb: 12.8145   Cr: 15.1235 )
00000107: 11.3802   (Y': 8.75936   Cb: 12.7257   Cr: 14.9662 )
00000105: 11.4787   (Y': 8.92969   Cb: 12.7408   Cr: 14.9107 )
00000112: 11.517    (Y': 9.00542   Cb: 12.8597   Cr: 14.6783 )
00000108: 11.3413   (Y': 8.72205   Cb: 12.694    Cr: 14.908  )
00000114: 11.48     (Y': 9.0212    Cb: 12.7609   Cr: 14.5432 )
00000111: 11.5106   (Y': 8.95004   Cb: 12.8821   Cr: 14.8126 )
00000106: 11.456    (Y': 8.87834   Cb: 12.7469   Cr: 14.9553 )
00000113: 11.5072   (Y': 9.02069   Cb: 12.8297   Cr: 14.6075 )
00000110: 11.3791   (Y': 8.84792   Cb: 12.6164   Cr: 14.7818 )
00000116: 11.2298   (Y': 8.81594   Cb: 12.4781   Cr: 14.1845 )
00000118: 11.1214   (Y': 8.68981   Cb: 12.1938   Cr: 14.4159 )
00000109: 11.3771   (Y': 8.82398   Cb: 12.6314   Cr: 14.8386 )
00000117: 11.1873   (Y': 8.72309   Cb: 12.4223   Cr: 14.3404 )
00000119: 11.4      (Y': 8.94997   Cb: 12.5277   Cr: 14.6723 )
00000115: 11.1963   (Y': 8.81346   Cb: 12.4127   Cr: 14.092  )
00000125: 10.9877   (Y': 8.42362   Cb: 12.366    Cr: 14.2924 )
00000124: 11.0697   (Y': 8.71737   Cb: 12.123    Cr: 14.1102 )
00000122: 11.3078   (Y': 8.84104   Cb: 12.5072   Cr: 14.5265 )
00000128: 11.4588   (Y': 8.90126   Cb: 12.8189   Cr: 14.7671 )
00000127: 11.4748   (Y': 8.96864   Cb: 12.7771   Cr: 14.6777 )
00000123: 11.1952   (Y': 8.78276   Cb: 12.3067   Cr: 14.3557 )
00000120: 11.4386   (Y': 8.94314   Cb: 12.5642   Cr: 14.8883 )
00000121: 11.3144   (Y': 8.86366   Cb: 12.4373   Cr: 14.5971 )
00000126: 11.1721   (Y': 8.58136   Cb: 12.6291   Cr: 14.4584 )
00000133: 11.6572   (Y': 9.13308   Cb: 13.0798   Cr: 14.7451 )
00000130: 11.492    (Y': 8.96325   Cb: 12.8124   Cr: 14.7519 )
00000131: 11.5897   (Y': 9.03211   Cb: 12.984    Cr: 14.8446 )
00000129: 11.5347   (Y': 9.00194   Cb: 12.8444   Cr: 14.8266 )
00000135: 11.5604   (Y': 9.0474    Cb: 13.0194   Cr: 14.5555 )
00000132: 11.6173   (Y': 9.08671   Cb: 13.0199   Cr: 14.7586 )
00000136: 11.5241   (Y': 9.07657   Cb: 12.9139   Cr: 14.39   )
00000137: 11.4821   (Y': 9.12915   Cb: 12.7955   Cr: 14.1428 )
00000134: 11.6687   (Y': 9.17381   Cb: 13.0103   Cr: 14.7705 )
00000139: 11.2591   (Y': 9.02734   Cb: 12.4024   Cr: 13.7794 )
00000138: 11.4697   (Y': 9.1801    Cb: 12.7046   Cr: 14.0402 )
00000141: 11.1455   (Y': 9.00536   Cb: 12.1916   Cr: 13.5322 )
00000143: 11.0509   (Y': 9.00568   Cb: 12.0312   Cr: 13.2653 )
00000142: 11.1509   (Y': 9.04261   Cb: 12.1976   Cr: 13.4477 )
00000140: 11.2689   (Y': 9.13432   Cb: 12.3112   Cr: 13.6449 )
00000144: 10.9997   (Y': 8.90935   Cb: 12.0202   Cr: 13.2822 )
00000146: 11.0484   (Y': 8.93669   Cb: 12.0964   Cr: 13.3532 )
00000145: 10.9942   (Y': 8.90092   Cb: 12.0148   Cr: 13.2848 )
00000148: 11.0687   (Y': 8.92709   Cb: 12.0673   Cr: 13.5252 )
00000147: 11.084    (Y': 8.91354   Cb: 12.1877   Cr: 13.4792 )
00000149: 11.1617   (Y': 9.04638   Cb: 12.2486   Cr: 13.4249 )
00000150: 11.1733   (Y': 9.05291   Cb: 12.2489   Cr: 13.4652 )
00000152: 11.2576   (Y': 9.14205   Cb: 12.3079   Cr: 13.5698 )
00000151: 11.1849   (Y': 9.11467   Cb: 12.2539   Cr: 13.3499 )
00000154: 11.2859   (Y': 9.13339   Cb: 12.3455   Cr: 13.6895 )
00000156: 11.1239   (Y': 8.85784   Cb: 12.2261   Cr: 13.8067 )
00000155: 11.1969   (Y': 8.92953   Cb: 12.2951   Cr: 13.89   )
00000153: 11.2612   (Y': 9.12593   Cb: 12.3306   Cr: 13.6028 )
00000158: 11.2539   (Y': 9.20105   Cb: 12.0075   Cr: 13.8109 )
00000160: 11.4793   (Y': 9.24092   Cb: 12.3857   Cr: 14.3691 )
00000157: 11.2161   (Y': 9.12726   Cb: 12.0859   Cr: 13.7046 )
00000159: 11.3963   (Y': 9.2229    Cb: 12.231    Cr: 14.1914 )
00000161: 11.812    (Y': 9.59076   Cb: 12.7265   Cr: 14.6337 )
00000166: 12.1645   (Y': 9.76634   Cb: 13.3574   Cr: 15.1478 )
00000162: 11.9673   (Y': 9.69488   Cb: 12.9816   Cr: 14.801  )
00000165: 12.1605   (Y': 9.75879   Cb: 13.3297   Cr: 15.192  )
00000163: 11.952    (Y': 9.54611   Cb: 13.1004   Cr: 15.0305 )
00000167: 12.1722   (Y': 9.7384    Cb: 13.4681   Cr: 15.1258 )
00000169: 12.141    (Y': 9.55486   Cb: 13.6377   Cr: 15.3501 )
00000168: 12.2303   (Y': 9.7351    Cb: 13.5879   Cr: 15.3095 )
00000174: 12.3227   (Y': 9.45015   Cb: 14.3366   Cr: 15.9526 )
00000170: 11.9888   (Y': 9.33838   Cb: 13.6454   Cr: 15.2111 )
00000171: 11.9423   (Y': 9.20712   Cb: 13.7043   Cr: 15.3504 )
00000172: 11.9555   (Y': 9.16811   Cb: 13.7699   Cr: 15.5059 )
00000173: 12.1879   (Y': 9.38703   Cb: 14.0228   Cr: 15.7657 )
00000176: 12.3773   (Y': 9.40809   Cb: 14.5465   Cr: 16.2288 )
00000164: 12.0833   (Y': 9.69458   Cb: 13.2324   Cr: 15.1004 )
00000177: 12.4677   (Y': 9.49067   Cb: 14.7336   Cr: 16.2168 )
00000178: 12.5461   (Y': 9.61761   Cb: 14.7314   Cr: 16.1839 )
00000175: 12.3236   (Y': 9.3698    Cb: 14.4736   Cr: 16.1293 )
00000180: 12.4971   (Y': 9.51643   Cb: 14.7767   Cr: 16.2443 )
00000179: 12.5299   (Y': 9.59081   Cb: 14.7832   Cr: 16.1218 )
00000182: 12.4992   (Y': 9.63351   Cb: 14.5713   Cr: 16.0166 )
00000181: 12.407    (Y': 9.45234   Cb: 14.6192   Cr: 16.1274 )
00000183: 12.4837   (Y': 9.75885   Cb: 14.2722   Cr: 15.8111 )
00000186: 12.3866   (Y': 9.74411   Cb: 13.9416   Cr: 15.7275 )
00000185: 12.3912   (Y': 9.72698   Cb: 14.0054   Cr: 15.7293 )
00000188: 11.9852   (Y': 9.35946   Cb: 13.4541   Cr: 15.3912 )
00000184: 12.4329   (Y': 9.76919   Cb: 14.1139   Cr: 15.672  )
00000187: 12.2707   (Y': 9.66486   Cb: 13.7497   Cr: 15.5826 )
00000190: 12.2917   (Y': 9.59313   Cb: 13.9936   Cr: 15.6384 )
00000189: 12.6251   (Y': 9.94939   Cb: 14.2628   Cr: 15.9743 )
00000191: 12.8722   (Y': 10.1966   Cb: 14.6419   Cr: 16.0325 )
00000192: 12.7986   (Y': 10.1407   Cb: 14.717    Cr: 15.6976 )
00000193: 12.2873   (Y': 9.70224   Cb: 14.0512   Cr: 15.1243 )
00000194: 12.1526   (Y': 9.58514   Cb: 13.7349   Cr: 15.1698 )
00000195: 12.3645   (Y': 9.88946   Cb: 13.826    Cr: 15.2241 )
00000196: 12.3897   (Y': 9.82723   Cb: 13.9642   Cr: 15.3995 )
00000197: 12.3763   (Y': 9.80463   Cb: 13.9761   Cr: 15.3845 )
00000198: 12.1806   (Y': 9.59838   Cb: 13.7145   Cr: 15.3205 )
00000199: 12.1589   (Y': 9.6027    Cb: 13.651    Cr: 15.263  )
00000200: 12.2389   (Y': 9.71361   Cb: 13.6989   Cr: 15.2765 )
00000201: 12.3095   (Y': 9.71355   Cb: 13.8509   Cr: 15.4904 )
00000202: 12.2889   (Y': 9.73799   Cb: 13.6749   Cr: 15.5312 )
00000204: 12.1575   (Y': 9.46408   Cb: 13.6152   Cr: 15.8648 )
00000203: 12.1407   (Y': 9.4696    Cb: 13.6336   Cr: 15.695  )
00000205: 12.1452   (Y': 9.47653   Cb: 13.5119   Cr: 15.8996 )
00000207: 11.9876   (Y': 9.33054   Cb: 13.3405   Cr: 15.7148 )
00000208: 11.9626   (Y': 9.36601   Cb: 13.2379   Cr: 15.5662 )
00000206: 11.9705   (Y': 9.28228   Cb: 13.3534   Cr: 15.7826 )
00000209: 11.8545   (Y': 9.23463   Cb: 13.1577   Cr: 15.508  )
00000210: 11.8757   (Y': 9.25649   Cb: 13.2232   Cr: 15.4509 )
00000211: 11.9306   (Y': 9.3512    Cb: 13.2246   Cr: 15.4314 )
00000213: 11.7544   (Y': 9.14787   Cb: 13.0943   Cr: 15.2899 )
00000212: 11.9168   (Y': 9.38472   Cb: 13.1328   Cr: 15.3584 )
00000215: 11.7209   (Y': 9.15173   Cb: 13.008    Cr: 15.1919 )
00000217: 11.7818   (Y': 9.26332   Cb: 12.9915   Cr: 15.1803 )
00000219: 12.0321   (Y': 9.52274   Cb: 13.1598   Cr: 15.5335 )
00000216: 11.7824   (Y': 9.23075   Cb: 13.0354   Cr: 15.2397 )
00000218: 11.8507   (Y': 9.2911    Cb: 13.1056   Cr: 15.3368 )
00000214: 11.8098   (Y': 9.25083   Cb: 13.0658   Cr: 15.2915 )
00000220: 12.1134   (Y': 9.5617    Cb: 13.3197   Cr: 15.6499 )
00000221: 12.3634   (Y': 9.80178   Cb: 13.6639   Cr: 15.7822 )
00000222: 12.3832   (Y': 9.77954   Cb: 13.7305   Cr: 15.8949 )
00000223: 12.4669   (Y': 9.85356   Cb: 13.8333   Cr: 15.9866 )
00000224: 12.5665   (Y': 9.98914   Cb: 13.8964   Cr: 16.0007 )
00000225: 12.6607   (Y': 10.0285   Cb: 14.1358   Cr: 16.0831 )
00000226: 12.6752   (Y': 10.086    Cb: 14.0679   Cr: 16.0552 )
00000227: 12.6241   (Y': 9.9658    Cb: 14.1683   Cr: 16.0447 )
00000228: 12.5139   (Y': 9.80095   Cb: 14.0953   Cr: 16.1036 )
00000230: 12.1939   (Y': 9.46278   Cb: 13.868    Cr: 15.7165 )
00000231: 12.1489   (Y': 9.44381   Cb: 13.7237   Cr: 15.7155 )
00000234: 11.7363   (Y': 9.03798   Cb: 13.2876   Cr: 15.3113 )
00000235: 11.5065   (Y': 8.80401   Cb: 13.0827   Cr: 15.0597 )
00000232: 12.0445   (Y': 9.32208   Cb: 13.6861   Cr: 15.5805 )
00000233: 11.7625   (Y': 9.01456   Cb: 13.4268   Cr: 15.3715 )
00000229: 12.3725   (Y': 9.65866   Cb: 14.0422   Cr: 15.8291 )
00000238: 11.2872   (Y': 8.61512   Cb: 12.7993   Cr: 14.8146 )
00000237: 11.304    (Y': 8.6327    Cb: 12.7958   Cr: 14.8607 )
00000236: 11.4186   (Y': 8.71337   Cb: 12.9859   Cr: 14.9981 )
00000239: 11.2753   (Y': 8.60797   Cb: 12.7338   Cr: 14.8694 )
00000240: 11.4733   (Y': 8.80336   Cb: 12.9861   Cr: 14.991  )
00000241: 11.6026   (Y': 8.95471   Cb: 13.1676   Cr: 14.95   )
00000243: 11.8339   (Y': 9.2225    Cb: 13.4323   Cr: 14.9904 )
00000242: 11.6983   (Y': 9.08041   Cb: 13.1966   Cr: 15.0279 )
00000244: 11.9515   (Y': 9.36649   Cb: 13.5264   Cr: 15.0429 )
00000245: 11.9754   (Y': 9.33414   Cb: 13.5871   Cr: 15.2271 )
00000246: 12.089    (Y': 9.41766   Cb: 13.7688   Cr: 15.3598 )
00000247: 12.1237   (Y': 9.43414   Cb: 13.7889   Cr: 15.4878 )
00000248: 12.1157   (Y': 9.38629   Cb: 13.8558   Cr: 15.5318 )
00000249: 12.1983   (Y': 9.43878   Cb: 13.9231   Cr: 15.7642 )
00000251: 12.2608   (Y': 9.54862   Cb: 13.9309   Cr: 15.71   )
00000252: 12.3581   (Y': 9.69181   Cb: 14.0015   Cr: 15.6617 )
00000253: 12.1945   (Y': 9.51609   Cb: 13.7556   Cr: 15.6709 )
00000250: 12.2045   (Y': 9.4403    Cb: 13.9617   Cr: 15.7409 )
00000254: 12.0513   (Y': 9.35369   Cb: 13.6531   Cr: 15.5443 )
00000255: 12.0025   (Y': 9.3108    Cb: 13.6241   Cr: 15.4406 )
00000256: 11.9709   (Y': 9.33107   Cb: 13.5088   Cr: 15.3271 )
00000258: 12.0361   (Y': 9.40675   Cb: 13.5463   Cr: 15.3929 )
00000257: 12.0818   (Y': 9.43152   Cb: 13.6367   Cr: 15.4538 )
00000259: 12.0335   (Y': 9.40732   Cb: 13.6241   Cr: 15.2575 )
00000260: 12.0089   (Y': 9.36891   Cb: 13.5602   Cr: 15.3451 )
00000262: 11.9913   (Y': 9.33334   Cb: 13.5895   Cr: 15.3285 )
00000261: 11.9798   (Y': 9.33689   Cb: 13.5678   Cr: 15.2726 )
00000265: 11.9109   (Y': 9.28773   Cb: 13.3955   Cr: 15.282  )
00000264: 12.0041   (Y': 9.38771   Cb: 13.5247   Cr: 15.2941 )
00000263: 11.943    (Y': 9.30284   Cb: 13.5216   Cr: 15.2389 )
00000267: 11.9336   (Y': 9.27466   Cb: 13.4955   Cr: 15.3296 )
00000269: 11.9571   (Y': 9.34924   Cb: 13.3943   Cr: 15.3411 )
00000266: 11.9386   (Y': 9.29187   Cb: 13.468    Cr: 15.335  )
00000268: 11.9534   (Y': 9.30238   Cb: 13.4508   Cr: 15.4169 )
00000271: 12.063    (Y': 9.44227   Cb: 13.4765   Cr: 15.5367 )
00000270: 12.0199   (Y': 9.37453   Cb: 13.5137   Cr: 15.4663 )
00000272: 12.0325   (Y': 9.42459   Cb: 13.4353   Cr: 15.4715 )
00000273: 11.9615   (Y': 9.34462   Cb: 13.381    Cr: 15.4099 )
00000274: 11.9635   (Y': 9.30811   Cb: 13.4484   Cr: 15.4647 )
00000277: 12.0863   (Y': 9.40435   Cb: 13.5175   Cr: 15.7883 )
00000278: 12.1276   (Y': 9.42748   Cb: 13.6149   Cr: 15.815  )
00000275: 12.0312   (Y': 9.37294   Cb: 13.4845   Cr: 15.5954 )
00000276: 12.0802   (Y': 9.41934   Cb: 13.6037   Cr: 15.5435 )
00000279: 11.988    (Y': 9.25565   Cb: 13.4907   Cr: 15.7917 )
00000280: 11.9309   (Y': 9.18618   Cb: 13.4819   Cr: 15.7095 )
00000282: 11.4566   (Y': 8.71697   Cb: 13.0147   Cr: 15.2004 )
00000281: 11.5047   (Y': 8.72755   Cb: 13.1403   Cr: 15.2889 )
00000283: 11.3015   (Y': 8.57234   Cb: 12.7928   Cr: 15.1104 )
00000285: 11.2481   (Y': 8.54571   Cb: 12.7305   Cr: 14.9537 )
00000286: 11.292    (Y': 8.60382   Cb: 12.7624   Cr: 14.9557 )
00000284: 11.2946   (Y': 8.61128   Cb: 12.7058   Cr: 15.0363 )
00000287: 11.2043   (Y': 8.49408   Cb: 12.7258   Cr: 14.8791 )
00000289: 11.167    (Y': 8.41804   Cb: 12.7989   Cr: 14.832  )
00000288: 11.2598   (Y': 8.57801   Cb: 12.7265   Cr: 14.9018 )
00000291: 11.0907   (Y': 8.39341   Cb: 12.6531   Cr: 14.6441 )
00000292: 11.1423   (Y': 8.41738   Cb: 12.7532   Cr: 14.7363 )
00000290: 11.1588   (Y': 8.43171   Cb: 12.7247   Cr: 14.8345 )
00000294: 11.1953   (Y': 8.52146   Cb: 12.7209   Cr: 14.709  )
00000293: 11.1112   (Y': 8.4191    Cb: 12.6587   Cr: 14.6662 )
00000295: 11.4803   (Y': 8.90153   Cb: 12.9317   Cr: 14.7292 )
00000296: 11.521    (Y': 8.93239   Cb: 13.0043   Cr: 14.7595 )
00000297: 11.3621   (Y': 8.72821   Cb: 12.9081   Cr: 14.6824 )
00000300: 11.5523   (Y': 8.91121   Cb: 13.1171   Cr: 14.8727 )
00000298: 11.4608   (Y': 8.8406    Cb: 12.9857   Cr: 14.7591 )
00000299: 11.5503   (Y': 8.87265   Cb: 13.1965   Cr: 14.8949 )
00000301: 11.65     (Y': 9.01994   Cb: 13.2345   Cr: 14.8984 )
00000302: 11.7315   (Y': 9.10201   Cb: 13.3359   Cr: 14.9484 )
00000304: 11.5303   (Y': 8.94692   Cb: 13.101    Cr: 14.6216 )
00000303: 11.4418   (Y': 8.80041   Cb: 13.0784   Cr: 14.658  )
00000306: 11.1416   (Y': 8.50659   Cb: 12.7433   Cr: 14.3837 )
00000305: 11.3806   (Y': 8.81356   Cb: 12.8324   Cr: 14.5848 )
00000307: 11.0646   (Y': 8.45052   Cb: 12.5439   Cr: 14.4081 )
00000308: 11.0668   (Y': 8.40764   Cb: 12.6508   Cr: 14.4301 )
00000309: 11.0081   (Y': 8.38613   Cb: 12.5718   Cr: 14.2552 )
00000312: 11.2096   (Y': 8.58684   Cb: 12.9747   Cr: 14.1792 )
00000310: 11.0027   (Y': 8.39265   Cb: 12.5314   Cr: 14.2562 )
00000311: 11.1855   (Y': 8.57098   Cb: 12.8606   Cr: 14.2461 )
00000315: 11.1618   (Y': 8.52849   Cb: 13.1571   Cr: 13.8812 )
00000316: 11.1477   (Y': 8.5577    Cb: 13.1173   Cr: 13.751  )
00000313: 11.1421   (Y': 8.48955   Cb: 12.9908   Cr: 14.1106 )
00000314: 11.1115   (Y': 8.44277   Cb: 13.0701   Cr: 13.9997 )
00000317: 11.4709   (Y': 8.90593   Cb: 13.4921   Cr: 13.9348 )
00000318: 11.5855   (Y': 9.05078   Cb: 13.5601   Cr: 14.0056 )
00000319: 11.4517   (Y': 8.94633   Cb: 13.3562   Cr: 13.8583 )
00000320: 11.321    (Y': 8.81622   Cb: 13.2435   Cr: 13.7059 )
00000321: 11.3444   (Y': 8.8164    Cb: 13.252    Cr: 13.8184 )
00000327: 11.4102   (Y': 8.82969   Cb: 13.1679   Cr: 14.2392 )
00000322: 11.3764   (Y': 8.81384   Cb: 13.345    Cr: 13.8916 )
00000324: 11.4994   (Y': 8.99583   Cb: 13.2854   Cr: 14.0376 )
00000323: 11.4722   (Y': 8.94867   Cb: 13.326    Cr: 13.9943 )
00000326: 11.4142   (Y': 8.82882   Cb: 13.22     Cr: 14.1993 )
00000328: 11.3854   (Y': 8.81737   Cb: 13.1036   Cr: 14.2219 )
00000325: 11.3908   (Y': 8.81443   Cb: 13.1511   Cr: 14.2026 )
00000329: 11.5155   (Y': 8.86397   Cb: 13.3383   Cr: 14.5139 )
00000330: 11.5061   (Y': 8.85192   Cb: 13.3583   Cr: 14.4764 )
00000332: 11.4853   (Y': 8.88365   Cb: 13.2865   Cr: 14.3329 )
00000334: 11.5788   (Y': 8.90039   Cb: 13.5181   Cr: 14.5258 )
00000333: 11.48     (Y': 8.83428   Cb: 13.3897   Cr: 14.3464 )
00000331: 11.4061   (Y': 8.78008   Cb: 13.1901   Cr: 14.3624 )
00000335: 11.6329   (Y': 9.02172   Cb: 13.51     Cr: 14.4184 )
00000375: 12.7068   (Y': 9.94175   Cb: 14.3593   Cr: 16.4098 )
00000336: 11.5995   (Y': 8.96788   Cb: 13.4871   Cr: 14.4437 )
00000337: 11.5723   (Y': 8.9894    Cb: 13.4393   Cr: 14.2734 )
00000338: 11.5946   (Y': 8.9967    Cb: 13.4897   Cr: 14.313  )
00000340: 11.5257   (Y': 8.88538   Cb: 13.4551   Cr: 14.3485 )
00000341: 11.5368   (Y': 8.85796   Cb: 13.4951   Cr: 14.4618 )
00000339: 11.4957   (Y': 8.844     Cb: 13.4068   Cr: 14.3821 )
00000343: 11.51     (Y': 8.84416   Cb: 13.3823   Cr: 14.4967 )
00000356: 12.223    (Y': 9.84248   Cb: 13.1751   Cr: 15.5313 )
00000342: 11.5159   (Y': 8.88465   Cb: 13.3496   Cr: 14.4267 )
00000344: 11.5766   (Y': 8.92695   Cb: 13.3708   Cr: 14.6062 )
00000354: 11.9798   (Y': 9.66045   Cb: 13.0712   Cr: 14.8499 )
00000362: 11.9279   (Y': 9.29091   Cb: 13.2335   Cr: 15.6501 )
00000346: 11.4119   (Y': 8.82343   Cb: 13.0775   Cr: 14.3902 )
00000347: 11.3721   (Y': 8.72534   Cb: 13.0015   Cr: 14.6192 )
00000345: 11.4955   (Y': 8.85831   Cb: 13.1762   Cr: 14.6329 )
00000349: 11.4011   (Y': 8.85039   Cb: 12.7537   Cr: 14.6945 )
00000350: 11.2554   (Y': 8.69953   Cb: 12.5541   Cr: 14.6549 )
00000352: 11.4672   (Y': 8.91343   Cb: 12.7983   Cr: 14.806  )
00000348: 11.3428   (Y': 8.71285   Cb: 12.9286   Cr: 14.5887 )
00000372: 12.4625   (Y': 9.66024   Cb: 14.0668   Cr: 16.4157 )
00000351: 11.3593   (Y': 8.77475   Cb: 12.7406   Cr: 14.7396 )
00000355: 12.3326   (Y': 9.94098   Cb: 13.4161   Cr: 15.463  )
00000353: 11.777    (Y': 9.39788   Cb: 12.9633   Cr: 14.7049 )
00000365: 12.0973   (Y': 9.48746   Cb: 13.3333   Cr: 15.8248 )
00000357: 12.2753   (Y': 9.84517   Cb: 13.2936   Cr: 15.6564 )
00000360: 12.05     (Y': 9.63521   Cb: 13.054    Cr: 15.3972 )
00000368: 12.0819   (Y': 9.40503   Cb: 13.4114   Cr: 15.938  )
00000361: 12.0311   (Y': 9.46987   Cb: 13.1824   Cr: 15.7029 )
00000381: 12.6877   (Y': 9.82887   Cb: 14.5626   Cr: 16.4639 )
00000359: 12.1189   (Y': 9.67737   Cb: 13.1124   Cr: 15.587  )
00000358: 12.2476   (Y': 9.82709   Cb: 13.2641   Cr: 15.5949 )
00000371: 12.3119   (Y': 9.53648   Cb: 13.8167   Cr: 16.3119 )
00000364: 11.9194   (Y': 9.3186    Cb: 13.1427   Cr: 15.6313 )
00000363: 12.0391   (Y': 9.44283   Cb: 13.2665   Cr: 15.7244 )
00000369: 12.0899   (Y': 9.30649   Cb: 13.5625   Cr: 16.186  )
00000376: 12.6862   (Y': 9.90284   Cb: 14.3559   Cr: 16.4437 )
00000366: 12.0956   (Y': 9.43828   Cb: 13.3232   Cr: 16.0493 )
00000367: 12.0514   (Y': 9.35003   Cb: 13.3776   Cr: 16.0254 )
00000374: 12.5669   (Y': 9.77361   Cb: 14.2227   Cr: 16.3918 )
00000370: 12.1622   (Y': 9.37268   Cb: 13.6751   Cr: 16.2155 )
00000373: 12.5247   (Y': 9.76212   Cb: 14.0525   Cr: 16.4237 )
00000377: 12.8011   (Y': 9.96903   Cb: 14.6287   Cr: 16.5281 )
00000378: 12.7902   (Y': 9.95775   Cb: 14.6369   Cr: 16.4895 )
00000380: 12.7707   (Y': 9.98774   Cb: 14.5414   Cr: 16.3675 )
00000382: 12.75     (Y': 9.90259   Cb: 14.595    Cr: 16.52   )
00000379: 12.7886   (Y': 9.96787   Cb: 14.5907   Cr: 16.5043 )
00000383: 12.7409   (Y': 9.94324   Cb: 14.5378   Cr: 16.3619 )
00000403: 12.0985   (Y': 9.32215   Cb: 13.7611   Cr: 15.8359 )
00000384: 12.7223   (Y': 9.91091   Cb: 14.5136   Cr: 16.4124 )
00000385: 12.6918   (Y': 9.91557   Cb: 14.442    Cr: 16.2906 )
00000389: 12.5188   (Y': 9.71168   Cb: 14.2474   Cr: 16.2887 )
00000388: 12.585    (Y': 9.79105   Cb: 14.3147   Cr: 16.2939 )
00000392: 12.4449   (Y': 9.63699   Cb: 14.1907   Cr: 16.1907 )
00000387: 12.7089   (Y': 9.91371   Cb: 14.3982   Cr: 16.4877 )
00000391: 12.407    (Y': 9.62593   Cb: 14.1086   Cr: 16.103  )
00000386: 12.649    (Y': 9.86803   Cb: 14.3834   Cr: 16.2931 )
00000390: 12.4344   (Y': 9.65401   Cb: 14.1207   Cr: 16.1518 )
00000393: 12.4513   (Y': 9.70697   Cb: 14.0956   Cr: 16.0763 )
00000413: 12.2609   (Y': 9.58863   Cb: 13.8399   Cr: 15.6846 )
00000394: 12.3939   (Y': 9.63825   Cb: 14.0373   Cr: 16.0702 )
00000395: 12.3567   (Y': 9.62669   Cb: 14.0324   Cr: 15.8719 )
00000396: 12.3796   (Y': 9.65278   Cb: 14.0148   Cr: 15.9438 )
00000397: 12.3054   (Y': 9.61097   Cb: 13.8563   Cr: 15.8649 )
00000404: 12.0837   (Y': 9.27988   Cb: 13.7803   Cr: 15.8904 )
00000425: 12.0208   (Y': 9.45794   Cb: 13.8145   Cr: 14.7441 )
00000400: 12.2888   (Y': 9.5066    Cb: 13.9673   Cr: 16.0266 )
00000405: 12.2109   (Y': 9.44537   Cb: 13.8179   Cr: 15.9899 )
00000407: 12.1723   (Y': 9.48412   Cb: 13.7069   Cr: 15.7316 )
00000399: 12.2656   (Y': 9.49524   Cb: 13.9488   Cr: 15.9431 )
00000406: 12.1504   (Y': 9.39462   Cb: 13.7842   Cr: 15.842  )
00000418: 12.3542   (Y': 9.70746   Cb: 13.813    Cr: 15.8619 )
00000409: 12.1121   (Y': 9.47444   Cb: 13.585    Cr: 15.5603 )
00000410: 12.1918   (Y': 9.53612   Cb: 13.7869   Cr: 15.5249 )
00000398: 12.2277   (Y': 9.52512   Cb: 13.801    Cr: 15.7863 )
00000419: 12.3238   (Y': 9.71185   Cb: 13.9692   Cr: 15.4158 )
00000414: 12.2438   (Y': 9.62607   Cb: 13.7757   Cr: 15.5222 )
00000408: 12.2782   (Y': 9.63318   Cb: 13.7202   Cr: 15.8057 )
00000421: 12.4785   (Y': 9.92696   Cb: 14.1973   Cr: 15.258  )
00000411: 12.2317   (Y': 9.5101    Cb: 13.9117   Cr: 15.7048 )
00000422: 12.3393   (Y': 9.82537   Cb: 13.9927   Cr: 15.0751 )
00000416: 12.5935   (Y': 9.93996   Cb: 14.1613   Cr: 15.9588 )
00000412: 12.1768   (Y': 9.49669   Cb: 13.8218   Cr: 15.5333 )
00000401: 12.2135   (Y': 9.45752   Cb: 13.8038   Cr: 15.9767 )
00000420: 12.3807   (Y': 9.73807   Cb: 14.13     Cr: 15.4442 )
00000402: 12.2164   (Y': 9.46316   Cb: 13.8448   Cr: 15.906  )
00000415: 12.5957   (Y': 9.96573   Cb: 14.1601   Cr: 15.8729 )
00000426: 12.071    (Y': 9.46371   Cb: 13.9422   Cr: 14.8507 )
00000427: 12.204    (Y': 9.57833   Cb: 14.1812   Cr: 14.9189 )
00000428: 12.3568   (Y': 9.69098   Cb: 14.4232   Cr: 15.1047 )
00000424: 12.1519   (Y': 9.62218   Cb: 13.8058   Cr: 14.9404 )
00000429: 12.2073   (Y': 9.50306   Cb: 14.3358   Cr: 15.0181 )
00000417: 12.3396   (Y': 9.71468   Cb: 13.8342   Cr: 15.7028 )
00000430: 12.2248   (Y': 9.51089   Cb: 14.4144   Cr: 14.9987 )
00000423: 12.2497   (Y': 9.71012   Cb: 13.9421   Cr: 15.022  )
00000431: 12.5084   (Y': 9.75666   Cb: 14.7746   Cr: 15.3304 )
00000448: 12.4649   (Y': 9.60948   Cb: 14.803    Cr: 15.5954 )
00000439: 12.9042   (Y': 10.1599   Cb: 15.1717   Cr: 15.6981 )
00000441: 12.5616   (Y': 9.78411   Cb: 14.7711   Cr: 15.5444 )
00000434: 12.8884   (Y': 10.0759   Cb: 15.1539   Cr: 15.9378 )
00000432: 12.7738   (Y': 10.022    Cb: 15.0066   Cr: 15.6345 )
00000447: 12.5114   (Y': 9.66913   Cb: 14.7949   Cr: 15.6557 )
00000436: 13.0599   (Y': 10.3029   Cb: 15.1724   Cr: 16.0832 )
00000446: 12.5588   (Y': 9.82843   Cb: 14.6012   Cr: 15.5689 )
00000437: 12.9997   (Y': 10.2802   Cb: 15.1204   Cr: 15.8745 )
00000440: 12.8425   (Y': 10.0679   Cb: 15.1177   Cr: 15.738  )
00000438: 12.834    (Y': 10.1325   Cb: 14.9018   Cr: 15.7069 )
00000457: 12.526    (Y': 9.5042    Cb: 15.0612   Cr: 16.1224 )
00000433: 12.8      (Y': 9.99545   Cb: 15.1079   Cr: 15.7693 )
00000442: 12.3759   (Y': 9.5986    Cb: 14.4871   Cr: 15.4788 )
00000444: 12.3981   (Y': 9.6971    Cb: 14.4595   Cr: 15.2769 )
00000449: 12.455    (Y': 9.57346   Cb: 14.7926   Cr: 15.6911 )
00000435: 12.957    (Y': 10.2051   Cb: 15.0839   Cr: 15.9439 )
00000453: 12.483    (Y': 9.46056   Cb: 15.0427   Cr: 16.0509 )
00000454: 12.3969   (Y': 9.38743   Cb: 14.9073   Cr: 15.9687 )
00000451: 12.4174   (Y': 9.44993   Cb: 14.8419   Cr: 15.9103 )
00000445: 12.5441   (Y': 9.8031    Cb: 14.6345   Cr: 15.5344 )
00000455: 12.4026   (Y': 9.36658   Cb: 14.9362   Cr: 16.0667 )
00000458: 12.6076   (Y': 9.62359   Cb: 15.0676   Cr: 16.1287 )
00000456: 12.4242   (Y': 9.39458   Cb: 14.9437   Cr: 16.0765 )
00000443: 12.5603   (Y': 9.80164   Cb: 14.7168   Cr: 15.5362 )
00000450: 12.489    (Y': 9.61801   Cb: 14.7869   Cr: 15.731  )
00000452: 12.4246   (Y': 9.4717    Cb: 14.8118   Cr: 15.9008 )
00000478: 12.566    (Y': 9.67586   Cb: 14.6505   Cr: 16.1731 )
00000470: 12.6278   (Y': 9.7454    Cb: 14.7865   Cr: 16.0983 )
00000463: 12.5602   (Y': 9.5538    Cb: 14.8954   Cr: 16.3516 )
00000469: 12.6073   (Y': 9.70536   Cb: 14.77     Cr: 16.1579 )
00000474: 12.564    (Y': 9.6812    Cb: 14.6543   Cr: 16.1306 )
00000461: 12.646    (Y': 9.63387   Cb: 15.0003   Cr: 16.4381 )
00000473: 12.5829   (Y': 9.68764   Cb: 14.7103   Cr: 16.1527 )
00000462: 12.6102   (Y': 9.59601   Cb: 14.9781   Cr: 16.3934 )
00000460: 12.6391   (Y': 9.65934   Cb: 15.0337   Cr: 16.2254 )
00000472: 12.6232   (Y': 9.73601   Cb: 14.7112   Cr: 16.2126 )
00000477: 12.5618   (Y': 9.69109   Cb: 14.5957   Cr: 16.1547 )
00000459: 12.5839   (Y': 9.58167   Cb: 15.032    Cr: 16.2032 )
00000476: 12.5099   (Y': 9.6216    Cb: 14.6319   Cr: 16.0567 )
00000467: 12.6757   (Y': 9.73144   Cb: 14.8939   Cr: 16.3395 )
00000471: 12.6176   (Y': 9.73651   Cb: 14.7086   Cr: 16.1753 )
00000475: 12.5743   (Y': 9.72012   Cb: 14.6161   Cr: 16.0838 )
00000466: 12.6147   (Y': 9.61521   Cb: 14.9329   Cr: 16.3965 )
00000465: 12.5988   (Y': 9.61624   Cb: 14.9044   Cr: 16.3184 )
00000464: 12.5523   (Y': 9.54743   Cb: 14.919    Cr: 16.2927 )
00000468: 12.6811   (Y': 9.77437   Cb: 14.841    Cr: 16.2567 )
00000481: 12.5221   (Y': 9.71098   Cb: 14.5308   Cr: 15.8949 )
00000479: 12.6524   (Y': 9.77931   Cb: 14.792    Cr: 16.1089 )
00000480: 12.5333   (Y': 9.6738    Cb: 14.6258   Cr: 15.9951 )
00000482: 12.4958   (Y': 9.69056   Cb: 14.5481   Cr: 15.7856 )
00000486: 12.3357   (Y': 9.54237   Cb: 14.4472   Cr: 15.5006 )
00000485: 12.3003   (Y': 9.50382   Cb: 14.4911   Cr: 15.3783 )
00000487: 12.3565   (Y': 9.57984   Cb: 14.4426   Cr: 15.4888 )
00000494: 12.3418   (Y': 9.69557   Cb: 14.5361   Cr: 14.8797 )
00000484: 12.3597   (Y': 9.52574   Cb: 14.5249   Cr: 15.6186 )
00000483: 12.3645   (Y': 9.51866   Cb: 14.5499   Cr: 15.6457 )
00000495: 12.24     (Y': 9.66686   Cb: 14.319    Cr: 14.6664 )
00000488: 12.3234   (Y': 9.57322   Cb: 14.3615   Cr: 15.4144 )
00000493: 12.3669   (Y': 9.72475   Cb: 14.6226   Cr: 14.826  )
00000496: 12.1919   (Y': 9.57856   Cb: 14.326    Cr: 14.6876 )
00000489: 12.3193   (Y': 9.55849   Cb: 14.5155   Cr: 15.2556 )
00000490: 12.3385   (Y': 9.57068   Cb: 14.5272   Cr: 15.3103 )
00000491: 12.2516   (Y': 9.54025   Cb: 14.5066   Cr: 14.9432 )
00000492: 12.2997   (Y': 9.62905   Cb: 14.5119   Cr: 14.8992 )
00000504: 12.3979   (Y': 9.69855   Cb: 14.623    Cr: 15.0815 )
00000497: 12.1734   (Y': 9.57113   Cb: 14.2707   Cr: 14.6732 )
00000502: 12.2159   (Y': 9.42945   Cb: 14.603    Cr: 15.0284 )
00000501: 12.2443   (Y': 9.51889   Cb: 14.5336   Cr: 14.9472 )
00000498: 12.149    (Y': 9.54563   Cb: 14.3303   Cr: 14.5619 )
00000500: 12.1633   (Y': 9.48833   Cb: 14.3617   Cr: 14.7925 )
00000507: 12.593    (Y': 9.88414   Cb: 14.8102   Cr: 15.318  )
00000499: 12.2169   (Y': 9.55325   Cb: 14.4418   Cr: 14.7794 )
00000505: 12.5222   (Y': 9.84356   Cb: 14.6919   Cr: 15.1962 )
00000506: 12.5935   (Y': 9.92718   Cb: 14.7548   Cr: 15.2345 )
00000503: 12.3085   (Y': 9.56141   Cb: 14.6167   Cr: 15.0665 )
00000508: 12.6097   (Y': 9.91542   Cb: 14.7467   Cr: 15.3753 )
00000509: 12.4931   (Y': 9.77438   Cb: 14.6259   Cr: 15.3508 )
00000510: 12.4342   (Y': 9.72666   Cb: 14.501    Cr: 15.3303 )
00000511: 12.4168   (Y': 9.75623   Cb: 14.5295   Cr: 15.0931 )
00000512: 12.3659   (Y': 9.76217   Cb: 14.3077   Cr: 15.048  )
00000513: 12.4095   (Y': 9.83551   Cb: 14.2613   Cr: 15.0995 )
00000514: 12.3705   (Y': 9.92653   Cb: 14.0563   Cr: 14.8406 )
00000515: 12.4678   (Y': 10.0283   Cb: 14.0874   Cr: 15.0045 )
00000517: 12.4456   (Y': 10.0298   Cb: 13.9733   Cr: 15.0227 )
00000516: 12.4769   (Y': 10.049    Cb: 14.0706   Cr: 15.0095 )
00000520: 12.0409   (Y': 9.51274   Cb: 13.5867   Cr: 14.9682 )
00000519: 12.1195   (Y': 9.63312   Cb: 13.6153   Cr: 14.9705 )
00000518: 12.4061   (Y': 10.0195   Cb: 13.7886   Cr: 15.0807 )
00000521: 11.9241   (Y': 9.3502    Cb: 13.4823   Cr: 14.9982 )
00000522: 11.7802   (Y': 9.17762   Cb: 13.3919   Cr: 14.8847 )
00000523: 11.665    (Y': 9.04147   Cb: 13.2173   Cr: 14.9352 )
00000526: 11.6545   (Y': 8.95404   Cb: 13.2319   Cr: 15.1976 )
00000524: 11.6525   (Y': 9.13432   Cb: 13.0814   Cr: 14.7096 )
00000525: 11.5025   (Y': 8.86898   Cb: 13.0981   Cr: 14.7476 )
00000527: 11.8741   (Y': 9.19074   Cb: 13.4253   Cr: 15.3868 )
00000528: 12.0198   (Y': 9.47327   Cb: 13.34     Cr: 15.3479 )
00000531: 12.2087   (Y': 9.91504   Cb: 13.1745   Cr: 15.1876 )
00000530: 12.4216   (Y': 10.0755   Cb: 13.4919   Cr: 15.4142 )
00000529: 12.4498   (Y': 10.0428   Cb: 13.5633   Cr: 15.5875 )
00000532: 12.041    (Y': 9.64178   Cb: 13.1689   Cr: 15.128  )
00000535: 12.139    (Y': 9.52597   Cb: 13.9082   Cr: 15.0678 )
00000536: 12.4053   (Y': 9.80833   Cb: 14.1391   Cr: 15.3234 )
00000533: 11.8253   (Y': 9.43793   Cb: 12.9276   Cr: 14.9108 )
00000534: 11.8407   (Y': 9.53059   Cb: 12.8103   Cr: 14.8691 )
00000537: 12.1766   (Y': 9.72346   Cb: 13.6625   Cr: 14.9293 )
00000538: 11.852    (Y': 9.57016   Cb: 13.0773   Cr: 14.4118 )
00000539: 11.7487   (Y': 9.73125   Cb: 12.6526   Cr: 13.9916 )
00000544: 11.4004   (Y': 9.45901   Cb: 12.1165   Cr: 13.704  )
00000542: 11.6089   (Y': 9.56473   Cb: 12.5134   Cr: 13.923  )
00000547: 11.5241   (Y': 9.58749   Cb: 12.2822   Cr: 13.7553 )
00000545: 11.6016   (Y': 9.5924    Cb: 12.4421   Cr: 13.9099 )
00000541: 11.7767   (Y': 9.65196   Cb: 12.8249   Cr: 14.1173 )
00000540: 11.787    (Y': 9.65559   Cb: 12.8627   Cr: 14.1094 )
00000548: 11.5008   (Y': 9.56296   Cb: 12.2091   Cr: 13.806  )
00000546: 11.847    (Y': 9.83373   Cb: 12.7414   Cr: 14.0919 )
00000543: 11.3889   (Y': 9.45653   Cb: 12.1369   Cr: 13.623  )
00000550: 11.1493   (Y': 9.2113    Cb: 11.8381   Cr: 13.4835 )
00000554: 11.0203   (Y': 8.98442   Cb: 11.5564   Cr: 13.8762 )
00000552: 11.1054   (Y': 9.11738   Cb: 11.6614   Cr: 13.7845 )
00000553: 11.0223   (Y': 8.99447   Cb: 11.575    Cr: 13.8255 )
00000551: 11.0327   (Y': 9.01795   Cb: 11.6376   Cr: 13.711  )
00000549: 11.3175   (Y': 9.33682   Cb: 12.0283   Cr: 13.7351 )
00000555: 11.0474   (Y': 9.05615   Cb: 11.4627   Cr: 13.9758 )
00000557: 10.9478   (Y': 8.92161   Cb: 11.3566   Cr: 13.9985 )
00000556: 10.9971   (Y': 8.98163   Cb: 11.3771   Cr: 14.0665 )
00000558: 10.8998   (Y': 8.88962   Cb: 11.3419   Cr: 13.8399 )
00000560: 10.932    (Y': 8.96589   Cb: 11.3173   Cr: 13.8368 )
00000559: 10.8918   (Y': 8.91981   Cb: 11.2796   Cr: 13.8097 )
00000561: 10.9738   (Y': 9.01584   Cb: 11.4053   Cr: 13.7728 )
00000562: 10.9667   (Y': 9.01886   Cb: 11.4006   Cr: 13.7312 )
00000564: 11.0301   (Y': 9.13938   Cb: 11.3928   Cr: 13.7499 )
00000565: 10.9289   (Y': 9.05634   Cb: 11.3011   Cr: 13.5805 )
00000566: 10.8821   (Y': 8.97166   Cb: 11.2573   Cr: 13.6377 )
00000568: 10.8763   (Y': 8.9706    Cb: 11.3111   Cr: 13.5168 )
00000567: 10.8814   (Y': 8.99384   Cb: 11.2774   Cr: 13.5354 )
00000572: 11.2773   (Y': 9.49899   Cb: 11.6897   Cr: 13.6089 )
00000571: 11.2904   (Y': 9.49765   Cb: 11.7043   Cr: 13.6573 )
00000570: 11.044    (Y': 9.20844   Cb: 11.4448   Cr: 13.5456 )
00000563: 11.024    (Y': 9.10077   Cb: 11.4626   Cr: 13.7087 )
00000573: 11.251    (Y': 9.44612   Cb: 11.6673   Cr: 13.6459 )
00000569: 10.9274   (Y': 9.06677   Cb: 11.3305   Cr: 13.4936 )
00000576: 11.1596   (Y': 9.41019   Cb: 11.5456   Cr: 13.4586 )
00000575: 11.2714   (Y': 9.45287   Cb: 11.7429   Cr: 13.6158 )
00000574: 11.2307   (Y': 9.42253   Cb: 11.6352   Cr: 13.6525 )
00000577: 11.0923   (Y': 9.30164   Cb: 11.5139   Cr: 13.4417 )
00000581: 11.0641   (Y': 9.20441   Cb: 11.5271   Cr: 13.5314 )
00000578: 11.0782   (Y': 9.31497   Cb: 11.4915   Cr: 13.3698 )
00000582: 11.021    (Y': 9.19117   Cb: 11.4661   Cr: 13.4363 )
00000580: 11.0541   (Y': 9.22535   Cb: 11.5115   Cr: 13.4473 )
00000583: 10.9448   (Y': 9.13063   Cb: 11.3708   Cr: 13.3486 )
00000587: 10.6794   (Y': 8.90427   Cb: 11.1226   Cr: 12.9556 )
00000586: 10.7596   (Y': 8.95827   Cb: 11.2007   Cr: 13.1062 )
00000588: 10.6308   (Y': 8.82992   Cb: 11.0683   Cr: 12.9821 )
00000589: 10.7443   (Y': 8.92061   Cb: 11.1618   Cr: 13.1868 )
00000579: 11.0857   (Y': 9.29641   Cb: 11.4911   Cr: 13.4569 )
00000590: 10.7498   (Y': 8.91597   Cb: 11.1241   Cr: 13.2899 )
00000585: 10.8961   (Y': 9.0916    Cb: 11.3106   Cr: 13.2927 )
00000592: 10.6698   (Y': 8.82922   Cb: 10.9425   Cr: 13.4016 )
00000593: 10.629    (Y': 8.6451    Cb: 11.0285   Cr: 13.5631 )
00000597: 10.7904   (Y': 8.68308   Cb: 11.2523   Cr: 14.0112 )
00000584: 10.947    (Y': 9.19149   Cb: 11.328    Cr: 13.2693 )
00000594: 10.756    (Y': 8.75923   Cb: 11.1177   Cr: 13.7993 )
00000591: 10.76     (Y': 8.92563   Cb: 11.054    Cr: 13.437  )
00000596: 10.7907   (Y': 8.73281   Cb: 11.2029   Cr: 13.939  )
00000595: 10.7291   (Y': 8.63953   Cb: 11.1696   Cr: 13.9299 )
Total: 11.8129   (Y': 9.27081   Cb: 13.2403   Cr: 14.96   )
