./ps4_degrader: invalid option -- 'v'
Capturing with the following configuration:
 - Capture device: DeckLink 4K Extreme 12G
 - Video mode: 720p59.94
 - Pixel format: 8 bit BGRA (4:4:4:x)
[libx264 @ 0x2fa7e40] using cpu capabilities: MMX2 SSE2Fast SSSE3 SSE4.2 AVX AVX2 FMA3 LZCNT BMI2
[libx264 @ 0x2fa7e40] profile High 4:2:2 Intra, level 3.1, 4:2:2 8-bit
PLAYBACK (hw timestamp): Frame 368 Displayed Late. Expected (+/- 5%): 50000
	Timestamp delay: 66680
	Hardware timestamp delay: 66625
PLAYBACK (hw timestamp): Frame 375 Displayed Late. Expected (+/- 5%): 50000
	Timestamp delay: 66611
	Hardware timestamp delay: 66657
PLAYBACK (hw timestamp): Frame 445 Displayed Late. Expected (+/- 5%): 50000
	Timestamp delay: 66730
	Hardware timestamp delay: 66634
PLAYBACK (hw timestamp): Frame 540 Displayed Late. Expected (+/- 5%): 50000
	Timestamp delay: 66733
	Hardware timestamp delay: 66648
PLAYBACK (hw timestamp): Frame 544 Displayed Late. Expected (+/- 5%): 50000
	Timestamp delay: 66729
	Hardware timestamp delay: 66712
PLAYBACK (hw timestamp): Frame 548 Displayed Late. Expected (+/- 5%): 50000
	Timestamp delay: 66716
	Hardware timestamp delay: 66703
PLAYBACK (hw timestamp): Frame 552 Displayed Late. Expected (+/- 5%): 50000
	Timestamp delay: 66715
	Hardware timestamp delay: 66634
PLAYBACK (hw timestamp): Frame 556 Displayed Late. Expected (+/- 5%): 50000
	Timestamp delay: 66703
	Hardware timestamp delay: 66625
PLAYBACK (hw timestamp): Frame 561 Displayed Late. Expected (+/- 5%): 50000
	Timestamp delay: 66671
	Hardware timestamp delay: 66769
PLAYBACK (hw timestamp): Frame 564 Displayed Late. Expected (+/- 5%): 50000
	Timestamp delay: 66698
	Hardware timestamp delay: 66645
PLAYBACK (hw timestamp): Frame 567 Displayed Late. Expected (+/- 5%): 50000
	Timestamp delay: 66712
	Hardware timestamp delay: 66644
PLAYBACK (callback): Frame 585 Displayed Late. Expected (+/- 5%): 50000
	Timestamp delay: 50049
	Hardware timestamp delay: 54051
[libx264 @ 0x2fa7e40] frame I:596   Avg QP:33.00  size: 28362
[libx264 @ 0x2fa7e40] mb I  I16..4: 30.3% 56.8% 12.9%
[libx264 @ 0x2fa7e40] final ratefactor: 38.87
[libx264 @ 0x2fa7e40] 8x8 transform intra:56.8%
[libx264 @ 0x2fa7e40] coded y,uvDC,uvAC intra: 40.7% 49.9% 11.8%
[libx264 @ 0x2fa7e40] i16 v,h,dc,p: 26% 37% 20% 16%
[libx264 @ 0x2fa7e40] i8 v,h,dc,ddl,ddr,vr,hd,vl,hu: 10% 21% 35%  5%  5%  4%  7%  4%  8%
[libx264 @ 0x2fa7e40] i4 v,h,dc,ddl,ddr,vr,hd,vl,hu: 17% 25% 22%  6%  7%  5%  7%  5%  7%
[libx264 @ 0x2fa7e40] i8c dc,h,v,p: 71% 14% 11%  3%
[libx264 @ 0x2fa7e40] kb/s:4537.96
Stopping Capture
