./ps4_degrader: invalid option -- 'v'
Capturing with the following configuration:
 - Capture device: DeckLink 4K Extreme 12G
 - Video mode: 720p59.94
 - Pixel format: 8 bit BGRA (4:4:4:x)
[libx264 @ 0x2dfae40] using cpu capabilities: MMX2 SSE2Fast SSSE3 SSE4.2 AVX AVX2 FMA3 LZCNT BMI2
[libx264 @ 0x2dfae40] profile High 4:2:2 Intra, level 3.1, 4:2:2 8-bit
CAPTURE: dropped a frame (dropped_count=0)
PLAYBACK (hw timestamp): Frame 448 Displayed Late. Expected (+/- 5%): 50000
	Timestamp delay: 200132
	Hardware timestamp delay: 200186
[libx264 @ 0x2dfae40] frame I:599   Avg QP:40.00  size: 10777
[libx264 @ 0x2dfae40] mb I  I16..4: 24.4% 68.6%  6.9%
[libx264 @ 0x2dfae40] final ratefactor: 38.60
[libx264 @ 0x2dfae40] 8x8 transform intra:68.6%
[libx264 @ 0x2dfae40] coded y,uvDC,uvAC intra: 16.8% 16.2% 1.3%
[libx264 @ 0x2dfae40] i16 v,h,dc,p: 29% 47% 14% 10%
[libx264 @ 0x2dfae40] i8 v,h,dc,ddl,ddr,vr,hd,vl,hu: 20% 18% 50%  2%  2%  2%  2%  1%  2%
[libx264 @ 0x2dfae40] i4 v,h,dc,ddl,ddr,vr,hd,vl,hu: 20% 27% 26%  4%  5%  4%  6%  3%  5%
[libx264 @ 0x2dfae40] i8c dc,h,v,p: 92%  5%  3%  0%
[libx264 @ 0x2dfae40] kb/s:1724.36
Stopping Capture
