00000001: 9.0083    (Y': 7.22062   Cb: 9.29282   Cr: 11.5721 )
00000000: 9.01204   (Y': 7.22339   Cb: 9.29412   Cr: 11.5826 )
00000002: 8.98932   (Y': 7.21296   Cb: 9.25549   Cr: 11.5534 )
00000005: 8.90473   (Y': 7.12726   Cb: 9.17374   Cr: 11.467  )
00000004: 8.94277   (Y': 7.17331   Cb: 9.21339   Cr: 11.4807 )
00000003: 8.99251   (Y': 7.22388   Cb: 9.2443    Cr: 11.5601 )
00000006: 8.8647    (Y': 7.07072   Cb: 9.15462   Cr: 11.4365 )
00000007: 8.85791   (Y': 7.05656   Cb: 9.1684    Cr: 11.4152 )
00000009: 8.83036   (Y': 7.04608   Cb: 9.10899   Cr: 11.3949 )
00000008: 8.84512   (Y': 7.0674    Cb: 9.11146   Cr: 11.4126 )
00000011: 8.83013   (Y': 7.02692   Cb: 9.13265   Cr: 11.406  )
00000010: 8.81072   (Y': 7.02495   Cb: 9.08732   Cr: 11.3828 )
00000012: 8.81486   (Y': 7.00376   Cb: 9.12579   Cr: 11.3981 )
00000014: 8.80125   (Y': 6.99642   Cb: 9.088     Cr: 11.4083 )
00000013: 8.81782   (Y': 7.02734   Cb: 9.11096   Cr: 11.3747 )
00000015: 8.78604   (Y': 6.98771   Cb: 9.06338   Cr: 11.3912 )
00000017: 8.81957   (Y': 7.01391   Cb: 9.12155   Cr: 11.403  )
00000019: 8.79279   (Y': 6.97883   Cb: 9.08769   Cr: 11.4112 )
00000018: 8.78826   (Y': 6.97035   Cb: 9.08488   Cr: 11.4147 )
00000016: 8.82377   (Y': 7.02574   Cb: 9.12653   Cr: 11.385  )
00000021: 8.81727   (Y': 7.03017   Cb: 9.08799   Cr: 11.4029 )
00000020: 8.79748   (Y': 7.01206   Cb: 9.06555   Cr: 11.383  )
00000022: 8.82679   (Y': 7.03994   Cb: 9.10769   Cr: 11.3944 )
00000023: 8.82424   (Y': 7.04749   Cb: 9.09401   Cr: 11.3833 )
00000024: 8.81377   (Y': 7.02888   Cb: 9.10314   Cr: 11.3618 )
00000027: 8.26216   (Y': 6.51378   Cb: 8.48666   Cr: 10.8216 )
00000025: 8.79855   (Y': 7.02346   Cb: 9.08118   Cr: 11.3314 )
00000026: 8.78661   (Y': 7.01904   Cb: 9.0592    Cr: 11.3161 )
00000030: 14.4336   (Y': 10.8355   Cb: 17.7507   Cr: 20.556  )
00000029: 15.643    (Y': 11.9186   Cb: 19.5838   Cr: 21.859  )
00000028: 20.0754   (Y': 16.4206   Cb: 24.64     Cr: 24.8836 )
00000031: 13.2194   (Y': 9.78126   Cb: 16.0693   Cr: 18.8401 )
00000034: 11.4853   (Y': 8.73268   Cb: 12.7821   Cr: 15.7637 )
00000032: 12.4846   (Y': 9.31383   Cb: 14.5962   Cr: 17.5744 )
00000033: 12.0177   (Y': 8.96476   Cb: 13.8974   Cr: 16.8112 )
00000036: 10.9721   (Y': 8.59705   Cb: 11.7208   Cr: 14.6321 )
00000035: 11.297    (Y': 8.67308   Cb: 12.393    Cr: 15.3501 )
00000038: 10.545    (Y': 8.21925   Cb: 11.3191   Cr: 13.9657 )
00000037: 10.577    (Y': 8.24099   Cb: 11.3352   Cr: 14.0662 )
00000039: 10.5046   (Y': 8.14526   Cb: 11.3005   Cr: 14.0125 )
00000040: 10.6476   (Y': 8.33835   Cb: 11.3687   Cr: 14.1049 )
00000041: 10.7636   (Y': 8.46594   Cb: 11.493    Cr: 14.1616 )
00000042: 10.6972   (Y': 8.43395   Cb: 11.3433   Cr: 14.1239 )
00000043: 10.7556   (Y': 8.53024   Cb: 11.3629   Cr: 14.1167 )
00000044: 10.7747   (Y': 8.49924   Cb: 11.4289   Cr: 14.2313 )
00000045: 10.7863   (Y': 8.52437   Cb: 11.4297   Cr: 14.2131 )
00000046: 10.8268   (Y': 8.60556   Cb: 11.3973   Cr: 14.2431 )
00000047: 10.7843   (Y': 8.66132   Cb: 11.3247   Cr: 13.913  )
00000048: 10.8117   (Y': 8.74004   Cb: 11.3283   Cr: 13.8141 )
00000049: 10.9689   (Y': 8.82317   Cb: 11.5831   Cr: 14.0414 )
00000050: 11.012    (Y': 8.94027   Cb: 11.6074   Cr: 13.8784 )
00000051: 10.8769   (Y': 8.75717   Cb: 11.6008   Cr: 13.6808 )
00000052: 10.8728   (Y': 8.75967   Cb: 11.6103   Cr: 13.6346 )
00000054: 10.9226   (Y': 8.63747   Cb: 11.8013   Cr: 14.0139 )
00000055: 10.8855   (Y': 8.64335   Cb: 11.6101   Cr: 14.092  )
00000053: 10.9819   (Y': 8.78276   Cb: 11.7653   Cr: 13.942  )
00000056: 10.8269   (Y': 8.66125   Cb: 11.4195   Cr: 14.005  )
00000057: 10.7531   (Y': 8.59262   Cb: 11.3213   Cr: 13.9582 )
00000058: 10.7082   (Y': 8.58507   Cb: 11.2246   Cr: 13.8811 )
00000059: 10.7885   (Y': 8.71807   Cb: 11.2623   Cr: 13.8642 )
00000060: 10.9524   (Y': 9.09946   Cb: 11.1649   Cr: 13.8292 )
00000061: 10.9967   (Y': 9.14592   Cb: 11.1725   Cr: 13.9354 )
00000062: 10.8519   (Y': 8.84107   Cb: 11.2336   Cr: 13.9031 )
00000063: 11.0053   (Y': 9.20504   Cb: 11.1592   Cr: 13.8353 )
00000064: 10.899    (Y': 9.10542   Cb: 11.0417   Cr: 13.7304 )
00000065: 10.7527   (Y': 9.03828   Cb: 10.8084   Cr: 13.5205 )
00000066: 10.6946   (Y': 8.96863   Cb: 10.761    Cr: 13.4748 )
00000067: 10.5477   (Y': 8.87922   Cb: 10.6079   Cr: 13.1809 )
00000069: 10.4413   (Y': 8.63737   Cb: 10.6824   Cr: 13.1248 )
00000070: 10.4858   (Y': 8.66894   Cb: 10.7862   Cr: 13.1031 )
00000068: 10.4383   (Y': 8.69441   Cb: 10.5789   Cr: 13.1326 )
00000071: 10.5663   (Y': 8.73729   Cb: 10.864    Cr: 13.2219 )
00000072: 10.5407   (Y': 8.67245   Cb: 10.8846   Cr: 13.2283 )
00000073: 10.611    (Y': 8.71964   Cb: 10.9543   Cr: 13.3663 )
00000074: 10.5886   (Y': 8.67214   Cb: 10.9605   Cr: 13.3671 )
00000075: 10.5202   (Y': 8.66306   Cb: 10.88     Cr: 13.1492 )
00000076: 10.46     (Y': 8.56871   Cb: 10.872    Cr: 13.0976 )
00000077: 10.3711   (Y': 8.47808   Cb: 10.8483   Cr: 12.9069 )
00000078: 10.2787   (Y': 8.26822   Cb: 10.9059   Cr: 12.9086 )
00000079: 10.2868   (Y': 8.17236   Cb: 11.0541   Cr: 13.0057 )
00000080: 10.2124   (Y': 7.99613   Cb: 11.1137   Cr: 13.0393 )
00000082: 10.252    (Y': 8.01543   Cb: 11.2622   Cr: 12.9773 )
00000081: 10.2064   (Y': 7.97525   Cb: 11.1873   Cr: 12.9584 )
00000084: 10.3395   (Y': 8.09173   Cb: 11.4233   Cr: 12.9919 )
00000083: 10.3194   (Y': 8.06138   Cb: 11.399    Cr: 13.0102 )
00000085: 10.3842   (Y': 8.08109   Cb: 11.5558   Cr: 13.0847 )
00000086: 10.404    (Y': 8.10286   Cb: 11.6167   Cr: 13.0405 )
00000087: 10.3799   (Y': 8.08278   Cb: 11.5978   Cr: 12.9965 )
00000088: 10.3943   (Y': 8.15115   Cb: 11.5325   Cr: 12.9559 )
00000089: 10.4281   (Y': 8.14961   Cb: 11.5919   Cr: 13.0624 )
00000090: 10.3736   (Y': 8.0613    Cb: 11.5944   Cr: 13.0336 )
00000091: 10.4147   (Y': 8.05102   Cb: 11.7063   Cr: 13.1401 )
00000092: 10.4872   (Y': 8.10273   Cb: 11.8563   Cr: 13.1732 )
00000094: 10.7965   (Y': 8.42985   Cb: 12.0722   Cr: 13.5533 )
00000093: 10.6833   (Y': 8.29244   Cb: 12.0259   Cr: 13.4259 )
00000100: 10.8314   (Y': 8.62418   Cb: 11.8646   Cr: 13.4329 )
00000095: 11.101    (Y': 8.7979    Cb: 12.2889   Cr: 13.7783 )
00000096: 11.0883   (Y': 8.79011   Cb: 12.2646   Cr: 13.7662 )
00000098: 10.9629   (Y': 8.74104   Cb: 12.0094   Cr: 13.5897 )
00000097: 11.0322   (Y': 8.78348   Cb: 12.0996   Cr: 13.7116 )
00000099: 10.8388   (Y': 8.6105    Cb: 11.9197   Cr: 13.436  )
00000101: 10.7484   (Y': 8.62762   Cb: 11.6744   Cr: 13.248  )
00000102: 10.6488   (Y': 8.49033   Cb: 11.6026   Cr: 13.2186 )
00000103: 10.4737   (Y': 8.26257   Cb: 11.4586   Cr: 13.1577 )
00000105: 10.3916   (Y': 8.20631   Cb: 11.2688   Cr: 13.1579 )
00000104: 10.438    (Y': 8.21216   Cb: 11.4454   Cr: 13.1339 )
00000106: 10.4182   (Y': 8.25428   Cb: 11.2282   Cr: 13.2225 )
00000107: 10.452    (Y': 8.35729   Cb: 11.1957   Cr: 13.1479 )
00000108: 10.4902   (Y': 8.40822   Cb: 11.1923   Cr: 13.2135 )
00000109: 10.7189   (Y': 8.6763    Cb: 11.3348   Cr: 13.4624 )
00000110: 10.8575   (Y': 8.73418   Cb: 11.5232   Cr: 13.7687 )
00000112: 10.9375   (Y': 8.84741   Cb: 11.5213   Cr: 13.8816 )
00000111: 10.9329   (Y': 8.81921   Cb: 11.5777   Cr: 13.8483 )
00000113: 10.8781   (Y': 8.77034   Cb: 11.4081   Cr: 13.9744 )
00000114: 10.9127   (Y': 8.79679   Cb: 11.4632   Cr: 13.9993 )
00000115: 10.846    (Y': 8.71561   Cb: 11.341    Cr: 14.0835 )
00000116: 10.7897   (Y': 8.65453   Cb: 11.26     Cr: 14.0909 )
00000117: 10.5973   (Y': 8.43658   Cb: 11.1048   Cr: 13.9165 )
00000118: 10.6069   (Y': 8.42275   Cb: 11.1042   Cr: 14.0304 )
00000119: 10.5646   (Y': 8.41321   Cb: 11.0737   Cr: 13.848  )
00000120: 10.5438   (Y': 8.3798    Cb: 11.0629   Cr: 13.8528 )
00000121: 10.5452   (Y': 8.385     Cb: 11.0698   Cr: 13.83   )
00000122: 10.5465   (Y': 8.37303   Cb: 11.0628   Cr: 13.8946 )
00000124: 10.6881   (Y': 8.50384   Cb: 11.2624   Cr: 13.9646 )
00000123: 10.6432   (Y': 8.45249   Cb: 11.2084   Cr: 13.9596 )
00000125: 10.7057   (Y': 8.60926   Cb: 11.2222   Cr: 13.7891 )
00000126: 10.8209   (Y': 8.79655   Cb: 11.2583   Cr: 13.8137 )
00000127: 10.8238   (Y': 8.82378   Cb: 11.2532   Cr: 13.7545 )
00000129: 10.9362   (Y': 8.76484   Cb: 11.4372   Cr: 14.3063 )
00000128: 10.85     (Y': 8.82017   Cb: 11.2878   Cr: 13.8596 )
00000130: 10.918    (Y': 8.75641   Cb: 11.4107   Cr: 14.2691 )
00000131: 10.79     (Y': 8.62522   Cb: 11.2331   Cr: 14.2501 )
00000132: 10.6312   (Y': 8.45223   Cb: 11.1133   Cr: 14.0657 )
00000133: 10.7182   (Y': 8.49671   Cb: 11.1803   Cr: 14.352  )
00000134: 10.749    (Y': 8.54196   Cb: 11.1791   Cr: 14.3944 )
00000135: 10.861    (Y': 8.65003   Cb: 11.2593   Cr: 14.5887 )
00000136: 10.9907   (Y': 8.74325   Cb: 11.4178   Cr: 14.801  )
00000137: 11.0219   (Y': 8.75466   Cb: 11.5798   Cr: 14.6362 )
00000138: 11.0303   (Y': 8.74915   Cb: 11.6943   Cr: 14.4895 )
00000139: 11.3119   (Y': 9.08277   Cb: 12.0998   Cr: 14.3642 )
00000140: 11.6866   (Y': 9.53469   Cb: 12.4941   Cr: 14.4573 )
00000141: 11.5477   (Y': 9.39216   Cb: 12.3591   Cr: 14.3239 )
00000142: 11.1839   (Y': 9.06357   Cb: 11.8828   Cr: 14.0305 )
00000143: 10.7055   (Y': 8.53312   Cb: 11.4316   Cr: 13.6735 )
00000144: 10.7044   (Y': 8.5116    Cb: 11.443    Cr: 13.7184 )
00000145: 10.6932   (Y': 8.48984   Cb: 11.4492   Cr: 13.7131 )
00000146: 10.6359   (Y': 8.48581   Cb: 11.3128   Cr: 13.6143 )
00000147: 10.4455   (Y': 8.3216    Cb: 11.0576   Cr: 13.4495 )
00000148: 10.3841   (Y': 8.24093   Cb: 11.0012   Cr: 13.443  )
00000149: 10.4049   (Y': 8.29931   Cb: 10.9963   Cr: 13.3855 )
00000150: 10.3757   (Y': 8.332     Cb: 10.8896   Cr: 13.2944 )
00000151: 10.5013   (Y': 8.56843   Cb: 10.9314   Cr: 13.2283 )
00000152: 10.5256   (Y': 8.62991   Cb: 10.9259   Cr: 13.1956 )
00000154: 10.167    (Y': 8.38493   Cb: 10.4334   Cr: 12.7461 )
00000153: 10.2823   (Y': 8.41451   Cb: 10.6439   Cr: 12.9384 )
00000155: 10.0262   (Y': 8.24022   Cb: 10.2621   Cr: 12.6685 )
00000156: 9.91065   (Y': 8.12335   Cb: 10.1923   Cr: 12.4782 )
00000158: 9.78389   (Y': 8.04554   Cb: 10.0076   Cr: 12.3178 )
00000157: 9.78962   (Y': 8.04254   Cb: 10.0096   Cr: 12.3532 )
00000159: 9.72949   (Y': 8.11559   Cb: 9.86975   Cr: 12.0824 )
00000160: 9.69642   (Y': 8.05016   Cb: 9.84976   Cr: 12.109  )
00000161: 9.70095   (Y': 8.04164   Cb: 9.93061   Cr: 12.0205 )
00000162: 9.689     (Y': 8.01511   Cb: 9.90247   Cr: 12.0718 )
00000163: 9.66302   (Y': 7.94755   Cb: 9.91765   Cr: 12.0848 )
00000164: 9.69056   (Y': 8.01257   Cb: 9.93508   Cr: 12.033  )
00000165: 9.68645   (Y': 8.0069    Cb: 9.95116   Cr: 12.0003 )
00000166: 9.65413   (Y': 7.90588   Cb: 9.99402   Cr: 12.0225 )
00000167: 9.58635   (Y': 7.81581   Cb: 9.98057   Cr: 11.9263 )
00000168: 9.56726   (Y': 7.77831   Cb: 9.97359   Cr: 11.9359 )
00000170: 9.5447    (Y': 7.67527   Cb: 10.0312   Cr: 12.0011 )
00000169: 9.57625   (Y': 7.73764   Cb: 10.0261   Cr: 12.0074 )
00000171: 9.6097    (Y': 7.6649    Cb: 10.1457   Cr: 12.1963 )
00000172: 9.65126   (Y': 7.65749   Cb: 10.2521   Cr: 12.2747 )
00000173: 9.73349   (Y': 7.66573   Cb: 10.4116   Cr: 12.452  )
00000174: 9.77508   (Y': 7.70608   Cb: 10.4371   Cr: 12.5233 )
00000175: 9.74744   (Y': 7.64082   Cb: 10.461    Cr: 12.5274 )
00000176: 9.74992   (Y': 7.63106   Cb: 10.4913   Cr: 12.5231 )
00000177: 9.74984   (Y': 7.68507   Cb: 10.4419   Cr: 12.4373 )
00000178: 9.73216   (Y': 7.67951   Cb: 10.4288   Cr: 12.3764 )
00000180: 9.79487   (Y': 7.69029   Cb: 10.5108   Cr: 12.5647 )
00000179: 9.73424   (Y': 7.65662   Cb: 10.4129   Cr: 12.4817 )
00000181: 9.90662   (Y': 7.76114   Cb: 10.6472   Cr: 12.7641 )
00000182: 9.95504   (Y': 7.81994   Cb: 10.6622   Cr: 12.8344 )
00000183: 10.0683   (Y': 7.95939   Cb: 10.7375   Cr: 12.9276 )
00000184: 10.1328   (Y': 8.04884   Cb: 10.7807   Cr: 12.9497 )
00000185: 10.1455   (Y': 8.03424   Cb: 10.7629   Cr: 13.0996 )
00000186: 10.2019   (Y': 8.04196   Cb: 10.864    Cr: 13.238  )
00000187: 10.3301   (Y': 8.07861   Cb: 11.1384   Cr: 13.4239 )
00000188: 10.3883   (Y': 8.13685   Cb: 11.1832   Cr: 13.5051 )
00000189: 10.3404   (Y': 8.11066   Cb: 11.0848   Cr: 13.4692 )
00000190: 10.4083   (Y': 8.18539   Cb: 11.167    Cr: 13.4892 )
00000191: 10.4845   (Y': 8.23285   Cb: 11.2642   Cr: 13.6277 )
00000192: 10.4734   (Y': 8.21334   Cb: 11.2569   Cr: 13.6397 )
00000193: 10.3761   (Y': 8.12151   Cb: 11.1624   Cr: 13.5185 )
00000194: 10.3242   (Y': 8.04397   Cb: 11.1471   Cr: 13.4933 )
00000195: 10.1768   (Y': 7.92482   Cb: 10.9788   Cr: 13.283  )
00000196: 10.11     (Y': 7.83658   Cb: 10.9239   Cr: 13.2706 )
00000197: 10.0454   (Y': 7.68781   Cb: 10.9689   Cr: 13.3188 )
00000198: 10.1137   (Y': 7.71047   Cb: 11.0734   Cr: 13.494  )
00000199: 10.1638   (Y': 7.76312   Cb: 11.0819   Cr: 13.6076 )
00000200: 10.1816   (Y': 7.77514   Cb: 11.0948   Cr: 13.6565 )
00000202: 10.3127   (Y': 7.87492   Cb: 11.2519   Cr: 13.8634 )
00000201: 10.2581   (Y': 7.81508   Cb: 11.2233   Cr: 13.7826 )
00000203: 10.4293   (Y': 7.99147   Cb: 11.3413   Cr: 14.0301 )
00000204: 10.475    (Y': 8.04119   Cb: 11.4069   Cr: 14.0231 )
00000205: 10.7457   (Y': 8.3481    Cb: 11.6104   Cr: 14.2751 )
00000206: 10.7277   (Y': 8.32913   Cb: 11.5986   Cr: 14.2496 )
00000207: 10.7615   (Y': 8.38482   Cb: 11.5461   Cr: 14.3589 )
00000208: 10.7337   (Y': 8.3044    Cb: 11.5934   Cr: 14.3988 )
00000210: 10.7276   (Y': 8.32224   Cb: 11.57     Cr: 14.3287 )
00000209: 10.7147   (Y': 8.28785   Cb: 11.5641   Cr: 14.3898 )
00000211: 10.7828   (Y': 8.38967   Cb: 11.6198   Cr: 14.3462 )
00000212: 10.801    (Y': 8.37896   Cb: 11.6443   Cr: 14.4678 )
00000213: 10.853    (Y': 8.51879   Cb: 11.5858   Cr: 14.3832 )
00000214: 10.8453   (Y': 8.52149   Cb: 11.5924   Cr: 14.3089 )
00000215: 10.9261   (Y': 8.67029   Cb: 11.5868   Cr: 14.2976 )
00000216: 10.9118   (Y': 8.68254   Cb: 11.5341   Cr: 14.2591 )
00000218: 10.9128   (Y': 8.74992   Cb: 11.448    Cr: 14.1876 )
00000217: 10.8741   (Y': 8.71756   Cb: 11.4118   Cr: 14.1222 )
00000219: 10.8475   (Y': 8.62736   Cb: 11.4499   Cr: 14.1988 )
00000220: 10.8063   (Y': 8.6171    Cb: 11.3288   Cr: 14.1985 )
00000221: 10.8085   (Y': 8.65828   Cb: 11.3183   Cr: 14.0869 )
00000222: 10.7907   (Y': 8.61587   Cb: 11.3061   Cr: 14.1452 )
00000223: 10.7797   (Y': 8.52358   Cb: 11.4002   Cr: 14.2288 )
00000224: 10.8146   (Y': 8.58511   Cb: 11.4137   Cr: 14.2062 )
00000226: 10.7444   (Y': 8.49204   Cb: 11.3504   Cr: 14.2074 )
00000225: 10.7599   (Y': 8.49708   Cb: 11.3886   Cr: 14.2182 )
00000227: 10.6357   (Y': 8.30881   Cb: 11.3288   Cr: 14.2141 )
00000228: 10.6432   (Y': 8.3495    Cb: 11.2904   Cr: 14.1822 )
00000230: 10.6264   (Y': 8.2912    Cb: 11.3235   Cr: 14.2293 )
00000229: 10.5938   (Y': 8.25464   Cb: 11.2808   Cr: 14.2324 )
00000231: 10.6521   (Y': 8.33035   Cb: 11.3064   Cr: 14.2862 )
00000232: 10.7178   (Y': 8.38328   Cb: 11.3824   Cr: 14.3823 )
00000233: 10.77     (Y': 8.41502   Cb: 11.4552   Cr: 14.4753 )
00000234: 10.771    (Y': 8.39897   Cb: 11.4937   Cr: 14.4705 )
00000235: 10.7454   (Y': 8.38007   Cb: 11.4577   Cr: 14.4379 )
00000236: 10.7361   (Y': 8.35422   Cb: 11.4492   Cr: 14.4947 )
00000237: 10.7236   (Y': 8.29036   Cb: 11.5034   Cr: 14.562  )
00000238: 10.7251   (Y': 8.28845   Cb: 11.515    Cr: 14.5573 )
00000239: 10.6936   (Y': 8.24548   Cb: 11.4883   Cr: 14.5652 )
00000241: 10.6505   (Y': 8.21198   Cb: 11.4356   Cr: 14.5004 )
00000240: 10.6905   (Y': 8.27632   Cb: 11.4667   Cr: 14.4561 )
00000242: 10.6325   (Y': 8.23485   Cb: 11.3634   Cr: 14.4201 )
00000243: 10.6281   (Y': 8.22648   Cb: 11.3509   Cr: 14.449  )
00000244: 10.6147   (Y': 8.20917   Cb: 11.3523   Cr: 14.4215 )
00000245: 10.5758   (Y': 8.18037   Cb: 11.3119   Cr: 14.3439 )
00000246: 10.5283   (Y': 8.15731   Cb: 11.2285   Cr: 14.2686 )
00000247: 10.5665   (Y': 8.23389   Cb: 11.1712   Cr: 14.3448 )
00000248: 10.5268   (Y': 8.20423   Cb: 11.1548   Cr: 14.2172 )
00000249: 10.5294   (Y': 8.25817   Cb: 11.0851   Cr: 14.164  )
00000250: 10.5319   (Y': 8.26166   Cb: 11.0495   Cr: 14.2405 )
00000251: 10.5039   (Y': 8.24674   Cb: 10.9946   Cr: 14.2173 )
00000252: 10.5168   (Y': 8.27458   Cb: 10.9882   Cr: 14.2118 )
00000253: 10.4757   (Y': 8.23964   Cb: 10.9337   Cr: 14.1751 )
00000254: 10.4643   (Y': 8.24098   Cb: 10.924    Cr: 14.1103 )
00000255: 10.4674   (Y': 8.25243   Cb: 10.9067   Cr: 14.1237 )
00000256: 10.4423   (Y': 8.26968   Cb: 10.8153   Cr: 14.0762 )
00000257: 10.4203   (Y': 8.21831   Cb: 10.8284   Cr: 14.0922 )
00000258: 10.4498   (Y': 8.23267   Cb: 10.8543   Cr: 14.1884 )
00000259: 10.4636   (Y': 8.25063   Cb: 10.8682   Cr: 14.1856 )
00000260: 10.4283   (Y': 8.23116   Cb: 10.8128   Cr: 14.1319 )
00000261: 10.4272   (Y': 8.27027   Cb: 10.8028   Cr: 13.9959 )
00000262: 10.4547   (Y': 8.27475   Cb: 10.8382   Cr: 14.0939 )
00000263: 10.4778   (Y': 8.29588   Cb: 10.8508   Cr: 14.1472 )
00000264: 10.4721   (Y': 8.29566   Cb: 10.8297   Cr: 14.1531 )
00000265: 10.5225   (Y': 8.30791   Cb: 10.9103   Cr: 14.2873 )
00000266: 10.5215   (Y': 8.27978   Cb: 10.9135   Cr: 14.3864 )
00000267: 10.5491   (Y': 8.3077    Cb: 10.9468   Cr: 14.3998 )
00000268: 10.5425   (Y': 8.32045   Cb: 10.9314   Cr: 14.3345 )
00000269: 10.5348   (Y': 8.28826   Cb: 10.8884   Cr: 14.5066 )
00000270: 10.4928   (Y': 8.2544    Cb: 10.8268   Cr: 14.4755 )
00000271: 10.4714   (Y': 8.2246    Cb: 10.8021   Cr: 14.4969 )
00000272: 10.4561   (Y': 8.20882   Cb: 10.7714   Cr: 14.5198 )
00000273: 10.3685   (Y': 8.12556   Cb: 10.7036   Cr: 14.3674 )
00000274: 10.3932   (Y': 8.13986   Cb: 10.7058   Cr: 14.4899 )
00000275: 10.3444   (Y': 8.08607   Cb: 10.6821   Cr: 14.403  )
00000276: 10.3491   (Y': 8.1001    Cb: 10.6827   Cr: 14.3778 )
00000277: 10.3179   (Y': 8.13228   Cb: 10.5989   Cr: 14.2056 )
00000278: 10.3313   (Y': 8.1212    Cb: 10.6419   Cr: 14.2507 )
00000279: 10.2992   (Y': 8.07683   Cb: 10.6316   Cr: 14.2191 )
00000280: 10.2578   (Y': 8.06079   Cb: 10.5815   Cr: 14.094  )
00000281: 10.1956   (Y': 8.00121   Cb: 10.5114   Cr: 14.0393 )
00000282: 10.1937   (Y': 7.99867   Cb: 10.4963   Cr: 14.0698 )
00000283: 10.1329   (Y': 7.95434   Cb: 10.4229   Cr: 13.9715 )
00000284: 10.122    (Y': 7.93463   Cb: 10.4193   Cr: 13.9793 )
00000285: 10.0395   (Y': 7.87478   Cb: 10.3043   Cr: 13.88   )
00000286: 10.0271   (Y': 7.86323   Cb: 10.2537   Cr: 13.9525 )
00000287: 10.03     (Y': 7.904     Cb: 10.2694   Cr: 13.7759 )
00000288: 10.0445   (Y': 7.92344   Cb: 10.2803   Cr: 13.7798 )
00000289: 9.96033   (Y': 7.85714   Cb: 10.2426   Cr: 13.5265 )
00000290: 9.9165    (Y': 7.82369   Cb: 10.2023   Cr: 13.4371 )
00000291: 9.89432   (Y': 7.82534   Cb: 10.2048   Cr: 13.2787 )
00000292: 9.87393   (Y': 7.79413   Cb: 10.1769   Cr: 13.312  )
00000293: 9.86101   (Y': 7.78217   Cb: 10.1894   Cr: 13.2438 )
00000294: 9.85652   (Y': 7.78181   Cb: 10.1426   Cr: 13.3113 )
00000295: 9.79766   (Y': 7.72869   Cb: 10.0417   Cr: 13.3201 )
00000296: 9.79034   (Y': 7.72366   Cb: 9.99867   Cr: 13.3813 )
00000298: 9.76543   (Y': 7.71738   Cb: 9.92416   Cr: 13.3969 )
00000297: 9.75629   (Y': 7.67908   Cb: 9.95128   Cr: 13.4157 )
00000299: 9.78247   (Y': 7.70644   Cb: 9.9468    Cr: 13.5063 )
00000300: 9.81247   (Y': 7.7255    Cb: 9.98643   Cr: 13.5561 )
00000301: 9.88487   (Y': 7.77921   Cb: 10.0828   Cr: 13.6459 )
00000302: 9.9025    (Y': 7.77827   Cb: 10.1119   Cr: 13.7095 )
00000303: 9.91249   (Y': 7.77996   Cb: 10.1435   Cr: 13.7027 )
00000304: 9.96014   (Y': 7.82022   Cb: 10.202    Cr: 13.7548 )
00000305: 9.9321    (Y': 7.81366   Cb: 10.1427   Cr: 13.7139 )
00000306: 9.93224   (Y': 7.80066   Cb: 10.1608   Cr: 13.7244 )
00000307: 9.90146   (Y': 7.81815   Cb: 10.1331   Cr: 13.503  )
00000308: 9.85653   (Y': 7.77971   Cb: 10.0794   Cr: 13.4532 )
00000309: 9.87063   (Y': 7.80727   Cb: 10.0922   Cr: 13.4208 )
00000310: 9.892     (Y': 7.82897   Cb: 10.1259   Cr: 13.4147 )
00000311: 9.8891    (Y': 7.81821   Cb: 10.1648   Cr: 13.3519 )
00000312: 9.88523   (Y': 7.7785    Cb: 10.1863   Cr: 13.4246 )
00000313: 9.89107   (Y': 7.82029   Cb: 10.2107   Cr: 13.2632 )
00000314: 9.91353   (Y': 7.82201   Cb: 10.2404   Cr: 13.3443 )
00000315: 9.88308   (Y': 7.79697   Cb: 10.2166   Cr: 13.2813 )
00000316: 9.88601   (Y': 7.79908   Cb: 10.2267   Cr: 13.2725 )
00000317: 9.81553   (Y': 7.71106   Cb: 10.1443   Cr: 13.289  )
00000318: 9.84697   (Y': 7.76308   Cb: 10.169    Cr: 13.2604 )
00000319: 9.77446   (Y': 7.67946   Cb: 10.0853   Cr: 13.2508 )
00000320: 9.79544   (Y': 7.6884    Cb: 10.1033   Cr: 13.3217 )
00000321: 9.78673   (Y': 7.67495   Cb: 10.1167   Cr: 13.2842 )
00000322: 9.78462   (Y': 7.69006   Cb: 10.0787   Cr: 13.2943 )
00000323: 9.73521   (Y': 7.65343   Cb: 10.032    Cr: 13.1931 )
00000324: 9.77019   (Y': 7.71483   Cb: 9.99805   Cr: 13.278  )
00000325: 9.72512   (Y': 7.65384   Cb: 9.9965    Cr: 13.1982 )
00000326: 9.72952   (Y': 7.69304   Cb: 9.97194   Cr: 13.1396 )
00000327: 9.72619   (Y': 7.67442   Cb: 9.9473    Cr: 13.2354 )
00000328: 9.70902   (Y': 7.6905    Cb: 9.92433   Cr: 13.1127 )
00000329: 9.70634   (Y': 7.72105   Cb: 9.87894   Cr: 13.0842 )
00000330: 9.70874   (Y': 7.71428   Cb: 9.89292   Cr: 13.0939 )
00000331: 9.7152    (Y': 7.74929   Cb: 9.86043   Cr: 13.084  )
00000332: 9.7072    (Y': 7.7557    Cb: 9.82092   Cr: 13.0933 )
00000333: 9.6809    (Y': 7.78214   Cb: 9.74517   Cr: 12.9941 )
00000334: 9.68953   (Y': 7.80294   Cb: 9.75791   Cr: 12.954  )
00000335: 9.68443   (Y': 7.81885   Cb: 9.74435   Cr: 12.8982 )
00000336: 9.69193   (Y': 7.83156   Cb: 9.76204   Cr: 12.8681 )
00000337: 9.75091   (Y': 7.89281   Cb: 9.86338   Cr: 12.8346 )
00000338: 9.77683   (Y': 7.91808   Cb: 9.90984   Cr: 12.8221 )
00000339: 9.83824   (Y': 7.9911    Cb: 9.98235   Cr: 12.8264 )
00000340: 9.87216   (Y': 8.01887   Cb: 10.0659   Cr: 12.7846 )
00000341: 9.97214   (Y': 8.11163   Cb: 10.1872   Cr: 12.8666 )
00000342: 10.0413   (Y': 8.16421   Cb: 10.2669   Cr: 12.9658 )
00000343: 10.1202   (Y': 8.27126   Cb: 10.3436   Cr: 12.9649 )
00000344: 10.1796   (Y': 8.32531   Cb: 10.3651   Cr: 13.1106 )
00000345: 10.2686   (Y': 8.41517   Cb: 10.5012   Cr: 13.1096 )
00000346: 10.2967   (Y': 8.45091   Cb: 10.5453   Cr: 13.0864 )
00000347: 10.4878   (Y': 8.59553   Cb: 10.8133   Cr: 13.277  )
00000348: 10.5688   (Y': 8.7175    Cb: 10.8831   Cr: 13.259  )
00000349: 10.7695   (Y': 8.8935    Cb: 11.1981   Cr: 13.3367 )
00000350: 10.8696   (Y': 8.97345   Cb: 11.3293   Cr: 13.4425 )
00000351: 10.8849   (Y': 9.02251   Cb: 11.3053   Cr: 13.4279 )
00000352: 10.8444   (Y': 8.97854   Cb: 11.285    Cr: 13.3641 )
00000353: 10.8058   (Y': 8.91852   Cb: 11.3218   Cr: 13.2645 )
00000355: 10.6526   (Y': 8.83528   Cb: 11.1351   Cr: 12.9772 )
00000354: 10.7519   (Y': 8.89183   Cb: 11.246    Cr: 13.171  )
00000356: 10.5999   (Y': 8.79047   Cb: 11.1036   Cr: 12.8716 )
00000357: 10.4203   (Y': 8.6464    Cb: 10.9081   Cr: 12.6263 )
00000358: 10.3688   (Y': 8.57579   Cb: 10.893    Cr: 12.5686 )
00000359: 10.1857   (Y': 8.43668   Cb: 10.6593   Cr: 12.3509 )
00000360: 10.1492   (Y': 8.36157   Cb: 10.6436   Cr: 12.3797 )
00000363: 9.95598   (Y': 8.20129   Cb: 10.4418   Cr: 12.1171 )
00000361: 10.0437   (Y': 8.28092   Cb: 10.5147   Cr: 12.2467 )
00000362: 10.0047   (Y': 8.2373    Cb: 10.4812   Cr: 12.211  )
00000364: 9.94655   (Y': 8.16528   Cb: 10.4304   Cr: 12.1768 )
00000365: 9.92763   (Y': 8.12816   Cb: 10.4557   Cr: 12.1381 )
00000366: 9.90789   (Y': 8.11663   Cb: 10.4412   Cr: 12.0901 )
00000367: 9.99367   (Y': 8.20587   Cb: 10.4925   Cr: 12.218  )
00000368: 10.0011   (Y': 8.18707   Cb: 10.5332   Cr: 12.2425 )
00000370: 10.0369   (Y': 8.21606   Cb: 10.5587   Cr: 12.3111 )
00000369: 10.0281   (Y': 8.23506   Cb: 10.5183   Cr: 12.2786 )
00000371: 10.0987   (Y': 8.23121   Cb: 10.6836   Cr: 12.3994 )
00000372: 10.1322   (Y': 8.27109   Cb: 10.6814   Cr: 12.4696 )
00000373: 10.226    (Y': 8.31875   Cb: 10.8611   Cr: 12.5571 )
00000374: 10.2605   (Y': 8.374     Cb: 10.8742   Cr: 12.5685 )
00000375: 10.3102   (Y': 8.39177   Cb: 10.9505   Cr: 12.6632 )
00000376: 10.3392   (Y': 8.41096   Cb: 10.989    Cr: 12.7043 )
00000377: 10.3637   (Y': 8.464     Cb: 11.0016   Cr: 12.6706 )
00000378: 10.3366   (Y': 8.40648   Cb: 11.0177   Cr: 12.6609 )
00000379: 10.337    (Y': 8.40665   Cb: 11.0081   Cr: 12.6766 )
00000380: 10.2834   (Y': 8.3689    Cb: 10.9368   Cr: 12.6068 )
00000381: 10.3115   (Y': 8.40895   Cb: 10.9539   Cr: 12.6192 )
00000382: 10.307    (Y': 8.38444   Cb: 10.9791   Cr: 12.6245 )
00000383: 10.276    (Y': 8.36264   Cb: 10.9508   Cr: 12.5652 )
00000384: 10.319    (Y': 8.39007   Cb: 10.9933   Cr: 12.65   )
00000385: 10.2995   (Y': 8.37913   Cb: 10.9884   Cr: 12.5868 )
00000386: 10.3537   (Y': 8.44493   Cb: 11.0125   Cr: 12.6542 )
00000387: 10.3632   (Y': 8.45489   Cb: 11.0128   Cr: 12.676  )
00000388: 10.3914   (Y': 8.46547   Cb: 11.0312   Cr: 12.7652 )
00000389: 10.3982   (Y': 8.47924   Cb: 11.0311   Cr: 12.7641 )
00000390: 10.4186   (Y': 8.49271   Cb: 11.0474   Cr: 12.8091 )
00000391: 10.4462   (Y': 8.54718   Cb: 11.0136   Cr: 12.8569 )
00000392: 10.4656   (Y': 8.54017   Cb: 11.0565   Cr: 12.912  )
00000393: 10.4993   (Y': 8.62582   Cb: 11.0332   Cr: 12.893  )
00000394: 10.5037   (Y': 8.61407   Cb: 11.0665   Cr: 12.8963 )
00000395: 10.4788   (Y': 8.55491   Cb: 11.078    Cr: 12.9085 )
00000397: 10.5484   (Y': 8.6172    Cb: 11.1199   Cr: 13.0409 )
00000396: 10.5054   (Y': 8.59912   Cb: 11.0513   Cr: 12.9692 )
00000398: 10.5139   (Y': 8.59008   Cb: 11.0691   Cr: 13.0115 )
00000399: 10.5505   (Y': 8.59713   Cb: 11.1498   Cr: 13.0616 )
00000400: 10.5581   (Y': 8.60238   Cb: 11.1394   Cr: 13.1037 )
00000401: 10.5557   (Y': 8.55346   Cb: 11.1699   Cr: 13.1822 )
00000402: 10.5509   (Y': 8.5671    Cb: 11.187    Cr: 13.0902 )
00000403: 10.5415   (Y': 8.5101    Cb: 11.1444   Cr: 13.2722 )
00000404: 10.5275   (Y': 8.48193   Cb: 11.1603   Cr: 13.2523 )
00000405: 10.5667   (Y': 8.52513   Cb: 11.1654   Cr: 13.3352 )
00000406: 10.5799   (Y': 8.51297   Cb: 11.2097   Cr: 13.374  )
00000407: 10.5743   (Y': 8.46607   Cb: 11.2326   Cr: 13.4497 )
00000408: 10.5748   (Y': 8.46326   Cb: 11.2104   Cr: 13.4989 )
00000409: 10.5292   (Y': 8.38264   Cb: 11.2292   Cr: 13.4573 )
00000410: 10.4792   (Y': 8.32794   Cb: 11.1727   Cr: 13.4335 )
00000411: 10.4553   (Y': 8.29869   Cb: 11.1743   Cr: 13.3838 )
00000412: 10.4131   (Y': 8.2174    Cb: 11.1534   Cr: 13.4342 )
00000413: 10.3935   (Y': 8.15249   Cb: 11.1586   Cr: 13.5256 )
00000414: 10.3683   (Y': 8.12818   Cb: 11.112    Cr: 13.5341 )
00000415: 10.3134   (Y': 8.07132   Cb: 11.0581   Cr: 13.4843 )
00000416: 10.3091   (Y': 8.07259   Cb: 11.0507   Cr: 13.4662 )
00000417: 10.3044   (Y': 8.0478    Cb: 11.0459   Cr: 13.5321 )
00000418: 10.261    (Y': 7.9903    Cb: 10.9974   Cr: 13.5482 )
00000419: 10.2452   (Y': 7.97193   Cb: 11.0054   Cr: 13.499  )
00000420: 10.2226   (Y': 7.94954   Cb: 10.9955   Cr: 13.4532 )
00000421: 10.2326   (Y': 7.96148   Cb: 11.015    Cr: 13.4393 )
00000422: 10.2023   (Y': 7.91387   Cb: 11.0096   Cr: 13.4271 )
00000423: 10.2256   (Y': 7.96346   Cb: 10.9663   Cr: 13.4746 )
00000424: 10.2371   (Y': 7.96937   Cb: 10.9659   Cr: 13.5269 )
00000425: 10.2601   (Y': 7.96336   Cb: 10.9942   Cr: 13.6464 )
00000426: 10.2637   (Y': 7.96816   Cb: 11.0033   Cr: 13.6355 )
00000427: 10.3067   (Y': 8.00283   Cb: 11.06     Cr: 13.6837 )
00000428: 10.3058   (Y': 7.98425   Cb: 11.0795   Cr: 13.7113 )
00000429: 10.3164   (Y': 8.01502   Cb: 11.0504   Cr: 13.7203 )
00000430: 10.353    (Y': 8.03699   Cb: 11.1125   Cr: 13.7638 )
00000431: 10.371    (Y': 8.04576   Cb: 11.1271   Cr: 13.8232 )
00000433: 10.4194   (Y': 8.10023   Cb: 11.1331   Cr: 13.9285 )
00000432: 10.3578   (Y': 8.05878   Cb: 11.1134   Cr: 13.7127 )
00000434: 10.391    (Y': 8.06848   Cb: 11.1481   Cr: 13.8311 )
00000435: 10.4012   (Y': 8.07232   Cb: 11.1716   Cr: 13.8407 )
00000436: 10.4158   (Y': 8.06171   Cb: 11.216    Cr: 13.8957 )
00000437: 10.4374   (Y': 8.06745   Cb: 11.2309   Cr: 13.9912 )
00000438: 10.4058   (Y': 8.04363   Cb: 11.2359   Cr: 13.8613 )
00000439: 10.4368   (Y': 8.05472   Cb: 11.2587   Cr: 13.9848 )
00000440: 10.4502   (Y': 8.07804   Cb: 11.2411   Cr: 14.0179 )
00000441: 10.4568   (Y': 8.11363   Cb: 11.2514   Cr: 13.9054 )
00000442: 10.4194   (Y': 8.05759   Cb: 11.2193   Cr: 13.9298 )
00000443: 10.435    (Y': 8.07024   Cb: 11.241    Cr: 13.9455 )
00000444: 10.4319   (Y': 8.07924   Cb: 11.1915   Cr: 13.9823 )
00000445: 10.4236   (Y': 8.02586   Cb: 11.248    Cr: 14.0286 )
00000446: 10.418    (Y': 8.02196   Cb: 11.2224   Cr: 14.0543 )
00000447: 10.4091   (Y': 8.02066   Cb: 11.2222   Cr: 13.9987 )
00000449: 10.4049   (Y': 8.0087    Cb: 11.2104   Cr: 14.0397 )
00000448: 10.4209   (Y': 8.03753   Cb: 11.229    Cr: 13.9997 )
00000450: 10.4096   (Y': 8.00865   Cb: 11.2137   Cr: 14.0665 )
00000451: 10.3702   (Y': 7.95313   Cb: 11.1722   Cr: 14.0967 )
00000452: 10.3636   (Y': 7.96377   Cb: 11.1407   Cr: 14.0681 )
00000453: 10.3677   (Y': 7.96712   Cb: 11.1263   Cr: 14.1123 )
00000454: 10.3542   (Y': 7.97949   Cb: 11.1068   Cr: 14.0054 )
00000455: 10.3435   (Y': 7.96387   Cb: 11.0708   Cr: 14.0645 )
00000456: 10.3125   (Y': 7.94398   Cb: 11.0364   Cr: 13.9951 )
00000457: 10.2859   (Y': 7.88597   Cb: 11.0249   Cr: 14.0669 )
00000458: 10.2964   (Y': 7.94129   Cb: 10.9879   Cr: 13.9892 )
00000459: 10.2396   (Y': 7.84782   Cb: 10.9287   Cr: 14.0881 )
00000460: 10.2389   (Y': 7.85918   Cb: 10.9539   Cr: 13.9848 )
00000461: 10.2392   (Y': 7.84138   Cb: 10.9429   Cr: 14.0832 )
00000462: 10.1974   (Y': 7.80158   Cb: 10.8955   Cr: 14.0446 )
00000463: 10.199    (Y': 7.81762   Cb: 10.88     Cr: 14.0212 )
00000464: 10.2065   (Y': 7.83977   Cb: 10.8798   Cr: 13.9837 )
00000465: 10.1616   (Y': 7.77522   Cb: 10.835    Cr: 14.0201 )
00000466: 10.134    (Y': 7.72958   Cb: 10.809    Cr: 14.0658 )
00000467: 10.0847   (Y': 7.6756    Cb: 10.7699   Cr: 14.0155 )
00000468: 10.0975   (Y': 7.68416   Cb: 10.7927   Cr: 14.0254 )
00000469: 10.0912   (Y': 7.70093   Cb: 10.7613   Cr: 13.9736 )
00000470: 10.062    (Y': 7.64736   Cb: 10.7695   Cr: 13.9699 )
00000471: 10.0111   (Y': 7.63425   Cb: 10.69     Cr: 13.8185 )
00000472: 10.0208   (Y': 7.64484   Cb: 10.686    Cr: 13.8527 )
00000473: 10.0189   (Y': 7.658     Cb: 10.668    Cr: 13.8214 )
00000474: 9.99854   (Y': 7.62809   Cb: 10.6252   Cr: 13.8882 )
00000475: 9.98841   (Y': 7.64882   Cb: 10.6043   Cr: 13.7724 )
00000476: 10.0026   (Y': 7.67934   Cb: 10.6189   Cr: 13.7197 )
00000477: 10.0051   (Y': 7.69222   Cb: 10.6028   Cr: 13.7185 )
00000478: 9.99576   (Y': 7.67576   Cb: 10.6199   Cr: 13.6836 )
00000480: 10.0233   (Y': 7.74664   Cb: 10.564    Cr: 13.7096 )
00000479: 10.0026   (Y': 7.70459   Cb: 10.5593   Cr: 13.7409 )
00000481: 10.0074   (Y': 7.72388   Cb: 10.5679   Cr: 13.6802 )
00000482: 10.0353   (Y': 7.75368   Cb: 10.5791   Cr: 13.7349 )
00000483: 10.0073   (Y': 7.72428   Cb: 10.5692   Cr: 13.6751 )
00000484: 10.0068   (Y': 7.74757   Cb: 10.5427   Cr: 13.6348 )
00000485: 9.97268   (Y': 7.67669   Cb: 10.5397   Cr: 13.6815 )
00000486: 9.96883   (Y': 7.68088   Cb: 10.5361   Cr: 13.6452 )
00000487: 10.0015   (Y': 7.71321   Cb: 10.54     Cr: 13.7384 )
00000488: 9.96331   (Y': 7.70253   Cb: 10.5      Cr: 13.5957 )
00000489: 9.96299   (Y': 7.69958   Cb: 10.4929   Cr: 13.6195 )
00000490: 9.96526   (Y': 7.69998   Cb: 10.5096   Cr: 13.5995 )
00000491: 10.0027   (Y': 7.75561   Cb: 10.5473   Cr: 13.5664 )
00000492: 9.98872   (Y': 7.71081   Cb: 10.5421   Cr: 13.6539 )
00000493: 9.98942   (Y': 7.73802   Cb: 10.5316   Cr: 13.5744 )
00000494: 9.96368   (Y': 7.69076   Cb: 10.5446   Cr: 13.5538 )
00000495: 9.97613   (Y': 7.70189   Cb: 10.5624   Cr: 13.5606 )
00000497: 10.0083   (Y': 7.7045    Cb: 10.6424   Cr: 13.6121 )
00000496: 9.97855   (Y': 7.67307   Cb: 10.6199   Cr: 13.5747 )
00000498: 10.0152   (Y': 7.7309    Cb: 10.6294   Cr: 13.5826 )
00000499: 9.98446   (Y': 7.69589   Cb: 10.6053   Cr: 13.5555 )
00000500: 9.97968   (Y': 7.67731   Cb: 10.6198   Cr: 13.5662 )
00000501: 9.98221   (Y': 7.67233   Cb: 10.6073   Cr: 13.6279 )
00000502: 9.99808   (Y': 7.69416   Cb: 10.6061   Cr: 13.6546 )
00000503: 10.0086   (Y': 7.6776    Cb: 10.6707   Cr: 13.6638 )
00000504: 9.99761   (Y': 7.68132   Cb: 10.6443   Cr: 13.6254 )
00000505: 9.98897   (Y': 7.66851   Cb: 10.6669   Cr: 13.5717 )
00000506: 9.99285   (Y': 7.65697   Cb: 10.6659   Cr: 13.6458 )
00000507: 9.96865   (Y': 7.65442   Cb: 10.6291   Cr: 13.5613 )
00000508: 9.94432   (Y': 7.62223   Cb: 10.6091   Cr: 13.5592 )
00000509: 9.91241   (Y': 7.59439   Cb: 10.5822   Cr: 13.5014 )
00000510: 9.88384   (Y': 7.55517   Cb: 10.5564   Cr: 13.5093 )
00000512: 9.91332   (Y': 7.58355   Cb: 10.5654   Cr: 13.5837 )
00000511: 9.90953   (Y': 7.59194   Cb: 10.5593   Cr: 13.5364 )
00000513: 9.87641   (Y': 7.56474   Cb: 10.5057   Cr: 13.5208 )
00000514: 9.90046   (Y': 7.59849   Cb: 10.5458   Cr: 13.4752 )
00000515: 9.92507   (Y': 7.60974   Cb: 10.5965   Cr: 13.5005 )
00000516: 9.92656   (Y': 7.62318   Cb: 10.588    Cr: 13.4753 )
00000517: 10.0096   (Y': 7.71189   Cb: 10.64     Cr: 13.597  )
00000518: 10.0057   (Y': 7.70531   Cb: 10.6675   Cr: 13.5423 )
00000519: 10.1001   (Y': 7.81359   Cb: 10.7144   Cr: 13.6766 )
00000520: 10.1076   (Y': 7.82499   Cb: 10.7142   Cr: 13.684  )
00000521: 10.1824   (Y': 7.89485   Cb: 10.8016   Cr: 13.7531 )
00000522: 10.1989   (Y': 7.90626   Cb: 10.7888   Cr: 13.8474 )
00000523: 10.2692   (Y': 8.0003    Cb: 10.787    Cr: 13.9725 )
00000524: 10.2654   (Y': 7.99309   Cb: 10.7966   Cr: 13.9545 )
00000525: 10.3524   (Y': 8.09929   Cb: 10.8608   Cr: 14.0129 )
00000526: 10.3432   (Y': 8.09739   Cb: 10.8329   Cr: 14.0143 )
00000527: 10.3506   (Y': 8.13257   Cb: 10.8391   Cr: 13.9169 )
00000528: 10.4115   (Y': 8.18928   Cb: 10.9094   Cr: 13.975  )
00000529: 10.4243   (Y': 8.20208   Cb: 10.9293   Cr: 13.9731 )
00000530: 10.4665   (Y': 8.26178   Cb: 10.9497   Cr: 13.9937 )
00000531: 10.5131   (Y': 8.31734   Cb: 10.9999   Cr: 13.9999 )
00000532: 10.5437   (Y': 8.36535   Cb: 10.9937   Cr: 14.0396 )
00000533: 10.6338   (Y': 8.44038   Cb: 11.1196   Cr: 14.1139 )
00000534: 10.5506   (Y': 8.32783   Cb: 11.0706   Cr: 14.0717 )
00000535: 10.5105   (Y': 8.32124   Cb: 11.0569   Cr: 13.8575 )
00000536: 10.5498   (Y': 8.42575   Cb: 11.0394   Cr: 13.7756 )
00000537: 10.6461   (Y': 8.5259    Cb: 11.1456   Cr: 13.8402 )
00000538: 10.5979   (Y': 8.46542   Cb: 11.1255   Cr: 13.7817 )
00000539: 10.7175   (Y': 8.57057   Cb: 11.2485   Cr: 13.9446 )
00000540: 10.6538   (Y': 8.52045   Cb: 11.134    Cr: 13.9294 )
00000541: 10.5301   (Y': 8.45463   Cb: 10.9793   Cr: 13.6673 )
00000542: 10.4969   (Y': 8.43127   Cb: 10.932    Cr: 13.6275 )
00000544: 10.5503   (Y': 8.4812    Cb: 11.0744   Cr: 13.5318 )
00000543: 10.5766   (Y': 8.52921   Cb: 11.0721   Cr: 13.5394 )
00000545: 10.4564   (Y': 8.44657   Cb: 10.9352   Cr: 13.3308 )
00000546: 10.4553   (Y': 8.44659   Cb: 10.9233   Cr: 13.3448 )
00000547: 10.4042   (Y': 8.34924   Cb: 10.9701   Cr: 13.2684 )
00000548: 10.3881   (Y': 8.33341   Cb: 10.9685   Cr: 13.227  )
00000549: 10.329    (Y': 8.26498   Cb: 10.9012   Cr: 13.2107 )
00000550: 10.2885   (Y': 8.22096   Cb: 10.8616   Cr: 13.1797 )
00000551: 10.2738   (Y': 8.21813   Cb: 10.8885   Cr: 13.0584 )
00000552: 10.2495   (Y': 8.20023   Cb: 10.8985   Cr: 12.9591 )
00000553: 10.2512   (Y': 8.18297   Cb: 10.9649   Cr: 12.915  )
00000554: 10.2525   (Y': 8.20142   Cb: 10.9486   Cr: 12.8927 )
00000555: 10.2509   (Y': 8.22576   Cb: 10.968    Cr: 12.7837 )
00000557: 10.1403   (Y': 8.11867   Cb: 10.9046   Cr: 12.5926 )
00000556: 10.2341   (Y': 8.20963   Cb: 10.9744   Cr: 12.7301 )
00000558: 10.1351   (Y': 8.13732   Cb: 10.8852   Cr: 12.5416 )
00000559: 10.1059   (Y': 8.11475   Cb: 10.8698   Cr: 12.4742 )
00000560: 10.0983   (Y': 8.11163   Cb: 10.8258   Cr: 12.5077 )
00000561: 10.0389   (Y': 8.07378   Cb: 10.7902   Cr: 12.3549 )
00000562: 10.03     (Y': 8.0936    Cb: 10.7803   Cr: 12.2719 )
00000563: 10.0078   (Y': 8.03112   Cb: 10.7943   Cr: 12.3046 )
00000564: 10.0158   (Y': 8.00645   Cb: 10.804    Cr: 12.3989 )
00000565: 10.0176   (Y': 7.9586    Cb: 10.8507   Cr: 12.4741 )
00000566: 9.99928   (Y': 7.88214   Cb: 10.919    Cr: 12.4971 )
00000567: 9.99758   (Y': 7.80669   Cb: 10.9898   Cr: 12.6087 )
00000569: 9.94633   (Y': 7.62781   Cb: 11.1033   Cr: 12.717  )
00000568: 10.0104   (Y': 7.76391   Cb: 11.0426   Cr: 12.7345 )
00000570: 9.91561   (Y': 7.56542   Cb: 11.1088   Cr: 12.7368 )
00000571: 9.95059   (Y': 7.57915   Cb: 11.1639   Cr: 12.8129 )
00000572: 9.97631   (Y': 7.60439   Cb: 11.1662   Cr: 12.8746 )
00000573: 9.99255   (Y': 7.60265   Cb: 11.1969   Cr: 12.9304 )
00000574: 9.99099   (Y': 7.58402   Cb: 11.245    Cr: 12.9136 )
00000575: 9.97179   (Y': 7.60112   Cb: 11.1824   Cr: 12.8355 )
00000576: 9.96479   (Y': 7.60232   Cb: 11.1057   Cr: 12.9045 )
Total: 10.2569   (Y': 8.12367   Cb: 10.8211   Cr: 13.3766 )
