00000000: 16.5383   (Y': 15.9965   Cb: 15.6503   Cr: 18.4745 )
00000001: 16.5389   (Y': 15.9906   Cb: 15.6463   Cr: 18.4956 )
00000007: 16.6412   (Y': 16.0649   Cb: 15.7518   Cr: 18.6421 )
00000003: 16.5277   (Y': 15.9091   Cb: 15.6653   Cr: 18.5531 )
00000006: 16.6211   (Y': 16.0051   Cb: 15.7664   Cr: 18.627  )
00000002: 16.5169   (Y': 15.9742   Cb: 15.6096   Cr: 18.4923 )
00000004: 16.5169   (Y': 15.8896   Cb: 15.6708   Cr: 18.5271 )
00000005: 16.5234   (Y': 15.9111   Cb: 15.6616   Cr: 18.536  )
00000008: 16.6578   (Y': 16.0405   Cb: 15.8247   Cr: 18.6248 )
00000009: 16.6931   (Y': 16.0573   Cb: 15.8845   Cr: 18.647  )
00000012: 16.614    (Y': 15.97     Cb: 15.8159   Cr: 18.5629 )
00000011: 16.6793   (Y': 16.0529   Cb: 15.8611   Cr: 18.6342 )
00000010: 16.6556   (Y': 16.0532   Cb: 15.8217   Cr: 18.5969 )
00000013: 16.6314   (Y': 16.0092   Cb: 15.8343   Cr: 18.539  )
00000014: 16.5697   (Y': 15.9594   Cb: 15.7729   Cr: 18.4558 )
00000015: 16.5777   (Y': 15.9625   Cb: 15.7746   Cr: 18.4841 )
00000016: 16.5884   (Y': 16.066    Cb: 15.7049   Cr: 18.4821 )
00000017: 16.5976   (Y': 16.037    Cb: 15.7503   Cr: 18.4899 )
00000020: 16.6531   (Y': 16.0801   Cb: 15.7869   Cr: 18.6032 )
00000018: 16.5871   (Y': 16.0187   Cb: 15.7428   Cr: 18.4874 )
00000019: 16.5986   (Y': 16.0737   Cb: 15.669    Cr: 18.5858 )
00000022: 16.7288   (Y': 16.1506   Cb: 15.877    Cr: 18.6609 )
00000021: 16.7176   (Y': 16.1194   Cb: 15.8743   Cr: 18.6696 )
00000023: 16.7317   (Y': 16.1519   Cb: 15.8788   Cr: 18.6685 )
00000024: 16.7603   (Y': 16.1898   Cb: 15.9019   Cr: 18.6909 )
00000025: 16.7041   (Y': 16.1402   Cb: 15.8267   Cr: 18.6595 )
00000026: 16.795    (Y': 16.2621   Cb: 15.9036   Cr: 18.722  )
00000027: 16.7446   (Y': 16.2408   Cb: 15.8228   Cr: 18.6793 )
00000028: 16.7394   (Y': 16.2615   Cb: 15.8036   Cr: 18.6557 )
00000030: 16.7318   (Y': 16.2515   Cb: 15.7857   Cr: 18.6722 )
00000029: 16.7399   (Y': 16.2464   Cb: 15.8048   Cr: 18.682  )
00000031: 16.728    (Y': 16.2666   Cb: 15.7524   Cr: 18.6931 )
00000032: 16.8068   (Y': 16.3082   Cb: 15.8593   Cr: 18.7822 )
00000033: 16.7646   (Y': 16.2934   Cb: 15.8086   Cr: 18.7084 )
00000035: 16.7988   (Y': 16.2918   Cb: 15.8546   Cr: 18.7826 )
00000036: 16.8459   (Y': 16.3258   Cb: 15.8804   Cr: 18.8954 )
00000038: 16.8301   (Y': 16.2565   Cb: 15.8859   Cr: 18.9345 )
00000034: 16.7405   (Y': 16.2432   Cb: 15.7855   Cr: 18.7282 )
00000037: 16.8635   (Y': 16.4119   Cb: 15.8572   Cr: 18.8724 )
00000039: 16.8574   (Y': 16.2657   Cb: 15.9205   Cr: 18.981  )
00000040: 16.8257   (Y': 16.2181   Cb: 15.8791   Cr: 18.9986 )
00000041: 16.8166   (Y': 16.1627   Cb: 15.8987   Cr: 19.0196 )
00000045: 16.8698   (Y': 16.1917   Cb: 15.9425   Cr: 19.1393 )
00000042: 16.8327   (Y': 16.2048   Cb: 15.8928   Cr: 19.031  )
00000043: 16.8754   (Y': 16.2576   Cb: 15.9399   Cr: 19.0452 )
00000046: 16.8662   (Y': 16.0837   Cb: 16.0095   Cr: 19.1983 )
00000044: 16.8372   (Y': 16.1295   Cb: 15.9265   Cr: 19.1308 )
00000047: 16.871    (Y': 16.1536   Cb: 15.9718   Cr: 19.1601 )
00000048: 16.8504   (Y': 16.0728   Cb: 15.9915   Cr: 19.1771 )
00000049: 16.9225   (Y': 16.1779   Cb: 16.0201   Cr: 19.2729 )
00000052: 16.8946   (Y': 16.0731   Cb: 16.0525   Cr: 19.2768 )
00000050: 16.8508   (Y': 16.0437   Cb: 15.9839   Cr: 19.2554 )
00000053: 16.9427   (Y': 16.1102   Cb: 16.1017   Cr: 19.3459 )
00000055: 16.9747   (Y': 16.1537   Cb: 16.147    Cr: 19.3257 )
00000054: 16.9425   (Y': 16.1058   Cb: 16.1062   Cr: 19.3446 )
00000051: 16.9182   (Y': 16.095    Cb: 16.0682   Cr: 19.3209 )
00000056: 17.0176   (Y': 16.1801   Cb: 16.2119   Cr: 19.3575 )
00000057: 17.0058   (Y': 16.173    Cb: 16.1846   Cr: 19.3678 )
00000058: 17.0002   (Y': 16.1511   Cb: 16.1749   Cr: 19.4055 )
00000059: 16.9901   (Y': 16.1485   Cb: 16.165    Cr: 19.3789 )
00000060: 16.977    (Y': 16.1374   Cb: 16.1407   Cr: 19.3849 )
00000061: 16.8668   (Y': 15.9932   Cb: 16.0645   Cr: 19.2755 )
00000062: 16.8915   (Y': 15.9432   Cb: 16.1546   Cr: 19.3248 )
00000063: 16.8942   (Y': 15.9691   Cb: 16.1283   Cr: 19.3375 )
00000064: 16.9093   (Y': 15.9885   Cb: 16.1511   Cr: 19.327  )
00000065: 16.9383   (Y': 15.9992   Cb: 16.2133   Cr: 19.3271 )
00000067: 16.9529   (Y': 16.0132   Cb: 16.2495   Cr: 19.2989 )
00000069: 16.9249   (Y': 15.9218   Cb: 16.2787   Cr: 19.2929 )
00000066: 16.9624   (Y': 16.0171   Cb: 16.2433   Cr: 19.3528 )
00000071: 16.9094   (Y': 15.9376   Cb: 16.2289   Cr: 19.278  )
00000068: 16.9059   (Y': 15.9329   Cb: 16.2189   Cr: 19.2904 )
00000070: 16.9367   (Y': 15.9873   Cb: 16.2423   Cr: 19.2854 )
00000072: 16.9574   (Y': 15.9381   Cb: 16.3112   Cr: 19.3606 )
00000073: 16.9977   (Y': 16.0172   Cb: 16.3168   Cr: 19.3861 )
00000074: 16.8779   (Y': 15.8421   Cb: 16.2388   Cr: 19.303  )
00000075: 16.8842   (Y': 15.8943   Cb: 16.205    Cr: 19.2893 )
00000077: 16.9099   (Y': 15.9337   Cb: 16.2886   Cr: 19.1709 )
00000076: 16.9101   (Y': 15.8977   Cb: 16.3037   Cr: 19.2192 )
00000079: 17.1721   (Y': 16.1222   Cb: 16.6617   Cr: 19.3777 )
00000078: 17.0502   (Y': 16.0004   Cb: 16.5499   Cr: 19.2365 )
00000080: 17.3263   (Y': 16.2611   Cb: 16.8818   Cr: 19.4426 )
00000081: 17.3524   (Y': 16.2427   Cb: 16.9269   Cr: 19.5282 )
00000085: 16.7114   (Y': 15.9906   Cb: 15.9461   Cr: 18.7402 )
00000082: 17.3444   (Y': 16.2011   Cb: 16.9464   Cr: 19.5421 )
00000084: 16.9981   (Y': 16.1447   Cb: 16.3728   Cr: 19.0187 )
00000083: 17.2555   (Y': 16.1524   Cb: 16.8179   Cr: 19.4394 )
00000086: 16.5755   (Y': 15.9533   Cb: 15.7053   Cr: 18.6229 )
00000087: 16.5421   (Y': 15.9548   Cb: 15.637    Cr: 18.594  )
00000088: 16.57     (Y': 15.8191   Cb: 15.7863   Cr: 18.692  )
00000089: 16.5941   (Y': 15.9821   Cb: 15.7052   Cr: 18.6591 )
00000091: 16.5684   (Y': 15.8616   Cb: 15.7768   Cr: 18.6213 )
00000090: 16.6208   (Y': 15.9255   Cb: 15.8131   Cr: 18.6833 )
00000092: 16.5179   (Y': 15.8447   Cb: 15.7021   Cr: 18.5543 )
00000094: 16.6031   (Y': 15.983    Cb: 15.7687   Cr: 18.5775 )
00000093: 16.5453   (Y': 15.9209   Cb: 15.6944   Cr: 18.5592 )
00000095: 16.5872   (Y': 15.9963   Cb: 15.7311   Cr: 18.5503 )
00000096: 16.5256   (Y': 15.826    Cb: 15.7308   Cr: 18.5712 )
00000097: 16.5656   (Y': 15.9007   Cb: 15.7593   Cr: 18.5684 )
00000098: 16.5082   (Y': 15.876    Cb: 15.6742   Cr: 18.5038 )
00000101: 16.5094   (Y': 15.8469   Cb: 15.7019   Cr: 18.5101 )
00000099: 16.4867   (Y': 15.8715   Cb: 15.6655   Cr: 18.4272 )
00000100: 16.4694   (Y': 15.8335   Cb: 15.64     Cr: 18.463  )
00000102: 16.5172   (Y': 15.8732   Cb: 15.6735   Cr: 18.5535 )
00000103: 16.5621   (Y': 15.9595   Cb: 15.6927   Cr: 18.5722 )
00000107: 16.5208   (Y': 15.9001   Cb: 15.6696   Cr: 18.5287 )
00000109: 16.4542   (Y': 15.838    Cb: 15.6051   Cr: 18.4497 )
00000104: 16.5456   (Y': 15.9965   Cb: 15.6302   Cr: 18.5485 )
00000108: 16.4857   (Y': 15.8888   Cb: 15.6269   Cr: 18.4645 )
00000106: 16.5088   (Y': 15.8835   Cb: 15.6388   Cr: 18.5616 )
00000105: 16.5072   (Y': 15.8976   Cb: 15.6227   Cr: 18.5594 )
00000110: 16.4881   (Y': 15.8258   Cb: 15.6682   Cr: 18.5124 )
00000111: 16.4877   (Y': 15.8894   Cb: 15.6217   Cr: 18.4833 )
00000112: 16.3794   (Y': 15.823    Cb: 15.4538   Cr: 18.4153 )
00000113: 16.3505   (Y': 15.7805   Cb: 15.414    Cr: 18.433  )
00000117: 16.3984   (Y': 15.7716   Cb: 15.511    Cr: 18.4886 )
00000115: 16.3418   (Y': 15.7578   Cb: 15.4558   Cr: 18.3502 )
00000116: 16.3581   (Y': 15.7892   Cb: 15.4451   Cr: 18.3917 )
00000114: 16.3568   (Y': 15.8476   Cb: 15.4206   Cr: 18.3288 )
00000118: 16.471    (Y': 15.7851   Cb: 15.6374   Cr: 18.5662 )
00000119: 16.5792   (Y': 15.9011   Cb: 15.7513   Cr: 18.6484 )
00000120: 16.5457   (Y': 15.9329   Cb: 15.7262   Cr: 18.4789 )
00000121: 16.534    (Y': 15.897    Cb: 15.736    Cr: 18.4699 )
00000123: 16.5759   (Y': 15.987    Cb: 15.7397   Cr: 18.4977 )
00000125: 16.6541   (Y': 16.1254   Cb: 15.8115   Cr: 18.4825 )
00000124: 16.6767   (Y': 16.0855   Cb: 15.8499   Cr: 18.5846 )
00000122: 16.5239   (Y': 15.9466   Cb: 15.6972   Cr: 18.407  )
00000126: 16.6941   (Y': 16.1476   Cb: 15.9264   Cr: 18.4168 )
00000127: 16.7644   (Y': 16.2828   Cb: 15.9734   Cr: 18.4205 )
00000128: 16.7776   (Y': 16.208    Cb: 16.0271   Cr: 18.509  )
00000130: 16.835    (Y': 16.1978   Cb: 16.1334   Cr: 18.5962 )
00000129: 16.7857   (Y': 16.1975   Cb: 16.055    Cr: 18.5136 )
00000131: 16.9226   (Y': 16.3372   Cb: 16.2052   Cr: 18.6226 )
00000134: 16.9797   (Y': 16.415    Cb: 16.2617   Cr: 18.6458 )
00000133: 16.885    (Y': 16.3223   Cb: 16.174    Cr: 18.5356 )
00000132: 16.8992   (Y': 16.3382   Cb: 16.1925   Cr: 18.5398 )
00000135: 16.9754   (Y': 16.3047   Cb: 16.3292   Cr: 18.698  )
00000136: 16.8759   (Y': 16.3666   Cb: 16.1329   Cr: 18.4937 )
00000137: 16.8626   (Y': 16.3133   Cb: 16.1382   Cr: 18.5144 )
00000138: 16.7797   (Y': 16.2684   Cb: 16.0599   Cr: 18.3611 )
00000139: 16.7834   (Y': 16.2653   Cb: 16.0603   Cr: 18.3816 )
00000140: 16.6794   (Y': 16.1424   Cb: 15.9636   Cr: 18.2962 )
00000141: 16.6097   (Y': 16.1279   Cb: 15.8496   Cr: 18.2126 )
00000142: 16.6227   (Y': 16.1066   Cb: 15.85     Cr: 18.3035 )
00000143: 16.658    (Y': 16.0754   Cb: 15.9148   Cr: 18.3988 )
00000144: 16.6529   (Y': 16.0603   Cb: 15.9134   Cr: 18.4043 )
00000145: 16.6737   (Y': 16.0493   Cb: 15.9936   Cr: 18.3755 )
00000146: 16.6318   (Y': 15.9679   Cb: 16.0527   Cr: 18.2297 )
00000147: 16.6475   (Y': 16.0226   Cb: 16.0654   Cr: 18.1853 )
00000149: 16.602    (Y': 16.007    Cb: 16.0299   Cr: 18.0749 )
00000148: 16.6235   (Y': 16.0212   Cb: 16.0598   Cr: 18.0949 )
00000150: 16.4929   (Y': 15.8852   Cb: 15.9805   Cr: 17.8922 )
00000151: 16.4141   (Y': 15.7995   Cb: 15.9194   Cr: 17.797  )
00000152: 16.3234   (Y': 15.7272   Cb: 15.8282   Cr: 17.6778 )
00000153: 16.3393   (Y': 15.7589   Cb: 15.7883   Cr: 17.7556 )
00000154: 16.4246   (Y': 15.8617   Cb: 15.8282   Cr: 17.8852 )
00000155: 16.3989   (Y': 15.8347   Cb: 15.7684   Cr: 17.9169 )
00000157: 16.4163   (Y': 15.9009   Cb: 15.6853   Cr: 18.0235 )
00000158: 16.435    (Y': 15.9012   Cb: 15.6205   Cr: 18.2203 )
00000156: 16.4031   (Y': 15.8237   Cb: 15.7154   Cr: 18.0416 )
00000159: 16.4534   (Y': 15.9322   Cb: 15.5664   Cr: 18.3518 )
00000161: 16.5816   (Y': 16.1075   Cb: 15.6029   Cr: 18.5754 )
00000162: 16.6457   (Y': 16.22     Cb: 15.6458   Cr: 18.5967 )
00000160: 16.5409   (Y': 16.0745   Cb: 15.5751   Cr: 18.4953 )
00000164: 16.6818   (Y': 16.3315   Cb: 15.6693   Cr: 18.5299 )
00000163: 16.5681   (Y': 16.2176   Cb: 15.5426   Cr: 18.4416 )
00000165: 16.7543   (Y': 16.3797   Cb: 15.7431   Cr: 18.6405 )
00000166: 16.7542   (Y': 16.395    Cb: 15.7048   Cr: 18.6892 )
00000167: 16.7711   (Y': 16.2989   Cb: 15.7925   Cr: 18.761  )
00000168: 16.7452   (Y': 16.3613   Cb: 15.755    Cr: 18.6062 )
00000170: 16.7129   (Y': 16.1754   Cb: 15.8917   Cr: 18.5169 )
00000171: 16.6968   (Y': 16.0734   Cb: 15.9453   Cr: 18.5231 )
00000169: 16.6839   (Y': 16.2218   Cb: 15.7568   Cr: 18.5564 )
00000172: 16.7628   (Y': 15.9889   Cb: 16.1273   Cr: 18.6512 )
00000173: 16.7885   (Y': 16.0367   Cb: 16.1312   Cr: 18.6752 )
00000174: 16.7277   (Y': 15.9241   Cb: 16.1139   Cr: 18.6326 )
00000175: 16.7711   (Y': 15.9578   Cb: 16.1575   Cr: 18.694  )
00000176: 16.8183   (Y': 15.9695   Cb: 16.2119   Cr: 18.7951 )
00000177: 16.8261   (Y': 15.9511   Cb: 16.2122   Cr: 18.8675 )
00000179: 16.8375   (Y': 16.0444   Cb: 16.188    Cr: 18.7873 )
00000180: 16.9384   (Y': 16.1868   Cb: 16.251    Cr: 18.8796 )
00000178: 16.8605   (Y': 16.0634   Cb: 16.2064   Cr: 18.8263 )
00000181: 16.8547   (Y': 16.0978   Cb: 16.1902   Cr: 18.7638 )
00000182: 16.828    (Y': 16.0267   Cb: 16.1883   Cr: 18.7751 )
00000183: 16.7936   (Y': 16.0346   Cb: 16.0934   Cr: 18.7724 )
00000184: 16.796    (Y': 16.0294   Cb: 16.0895   Cr: 18.8005 )
00000185: 16.7747   (Y': 16.0084   Cb: 16.0847   Cr: 18.7484 )
00000186: 16.7312   (Y': 16.0302   Cb: 15.9863   Cr: 18.685  )
00000187: 16.711    (Y': 16.0743   Cb: 15.8994   Cr: 18.6721 )
00000188: 16.6354   (Y': 15.9399   Cb: 15.8422   Cr: 18.6701 )
00000190: 16.6525   (Y': 16.0653   Cb: 15.78     Cr: 18.6403 )
00000189: 16.6354   (Y': 15.9862   Cb: 15.8268   Cr: 18.6137 )
00000191: 16.6109   (Y': 16.0175   Cb: 15.7656   Cr: 18.5579 )
00000192: 16.658    (Y': 16.0037   Cb: 15.8852   Cr: 18.5783 )
00000193: 16.6647   (Y': 16.011    Cb: 15.8799   Cr: 18.6061 )
00000196: 16.639    (Y': 15.9792   Cb: 15.8745   Cr: 18.5539 )
00000194: 16.714    (Y': 16.0113   Cb: 15.9929   Cr: 18.6267 )
00000195: 16.7435   (Y': 15.9801   Cb: 16.0526   Cr: 18.7128 )
00000197: 16.6495   (Y': 15.9289   Cb: 15.9409   Cr: 18.5724 )
00000198: 16.5788   (Y': 15.9307   Cb: 15.8365   Cr: 18.4317 )
00000199: 16.6055   (Y': 15.9737   Cb: 15.849    Cr: 18.4554 )
00000200: 16.5166   (Y': 15.8037   Cb: 15.7334   Cr: 18.5646 )
00000203: 16.4578   (Y': 15.658    Cb: 15.7163   Cr: 18.5931 )
00000204: 16.5351   (Y': 15.8511   Cb: 15.7172   Cr: 18.5962 )
00000201: 16.454    (Y': 15.7573   Cb: 15.6419   Cr: 18.5276 )
00000202: 16.4416   (Y': 15.6792   Cb: 15.6196   Cr: 18.6623 )
00000205: 16.5684   (Y': 15.9608   Cb: 15.7242   Cr: 18.5387 )
00000206: 16.4793   (Y': 15.988    Cb: 15.5233   Cr: 18.4587 )
00000207: 16.521    (Y': 16.0392   Cb: 15.5166   Cr: 18.58   )
00000208: 16.5109   (Y': 16.1251   Cb: 15.4536   Cr: 18.5074 )
00000209: 16.5114   (Y': 16.1195   Cb: 15.481    Cr: 18.4643 )
00000210: 16.5401   (Y': 16.181    Cb: 15.5298   Cr: 18.3982 )
00000211: 16.684    (Y': 16.426    Cb: 15.6566   Cr: 18.4109 )
00000212: 16.6787   (Y': 16.36     Cb: 15.7516   Cr: 18.316  )
00000213: 16.6364   (Y': 16.2411   Cb: 15.7795   Cr: 18.2694 )
00000214: 16.6513   (Y': 16.2246   Cb: 15.8418   Cr: 18.2513 )
00000215: 16.7215   (Y': 16.2337   Cb: 15.9222   Cr: 18.4024 )
00000216: 16.698    (Y': 15.9932   Cb: 16.0593   Cr: 18.4675 )
00000217: 16.82     (Y': 16.0613   Cb: 16.2772   Cr: 18.5209 )
00000220: 16.9027   (Y': 16.3906   Cb: 16.2761   Cr: 18.3315 )
00000218: 16.947    (Y': 16.1827   Cb: 16.4943   Cr: 18.5102 )
00000219: 16.928    (Y': 16.2519   Cb: 16.4064   Cr: 18.4524 )
00000221: 16.7743   (Y': 16.3504   Cb: 16.1615   Cr: 18.0473 )
00000222: 16.6462   (Y': 16.0804   Cb: 15.9825   Cr: 18.2218 )
00000223: 16.6961   (Y': 16.1429   Cb: 15.9602   Cr: 18.3742 )
00000224: 16.6649   (Y': 16.0204   Cb: 15.9858   Cr: 18.3991 )
00000226: 16.642    (Y': 15.9227   Cb: 15.984    Cr: 18.4712 )
00000225: 16.6602   (Y': 16.0393   Cb: 15.966    Cr: 18.3801 )
00000227: 16.6406   (Y': 15.888    Cb: 16.0152   Cr: 18.4721 )
00000228: 16.7487   (Y': 16.1277   Cb: 16.0669   Cr: 18.4473 )
00000229: 16.7411   (Y': 16.0719   Cb: 16.1103   Cr: 18.4349 )
00000230: 16.8553   (Y': 16.132    Cb: 16.2553   Cr: 18.5906 )
00000231: 16.872    (Y': 16.1319   Cb: 16.2655   Cr: 18.6482 )
00000232: 16.9007   (Y': 16.1289   Cb: 16.3349   Cr: 18.6636 )
00000235: 16.8667   (Y': 16.0031   Cb: 16.3235   Cr: 18.7591 )
00000234: 16.8714   (Y': 15.9919   Cb: 16.3459   Cr: 18.7628 )
00000236: 16.7392   (Y': 15.8612   Cb: 16.1693   Cr: 18.7064 )
00000233: 16.8833   (Y': 16.1054   Cb: 16.3011   Cr: 18.6853 )
00000237: 16.7473   (Y': 15.8227   Cb: 16.2141   Cr: 18.7394 )
00000239: 16.5316   (Y': 15.5174   Cb: 16.0235   Cr: 18.6579 )
00000238: 16.5978   (Y': 15.5896   Cb: 16.0932   Cr: 18.7057 )
00000240: 16.5688   (Y': 15.5313   Cb: 16.0693   Cr: 18.7279 )
00000242: 16.5685   (Y': 15.5773   Cb: 16.0117   Cr: 18.7378 )
00000243: 16.5585   (Y': 15.6698   Cb: 15.9345   Cr: 18.6459 )
00000244: 16.5352   (Y': 15.6352   Cb: 15.944    Cr: 18.5841 )
00000246: 16.4825   (Y': 15.6497   Cb: 15.8378   Cr: 18.499  )
00000241: 16.5968   (Y': 15.6778   Cb: 16.0258   Cr: 18.6464 )
00000245: 16.4969   (Y': 15.6074   Cb: 15.9037   Cr: 18.5286 )
00000247: 16.4939   (Y': 15.6822   Cb: 15.8345   Cr: 18.497  )
00000248: 16.4941   (Y': 15.7185   Cb: 15.8045   Cr: 18.4841 )
00000250: 16.5217   (Y': 15.7751   Cb: 15.8131   Cr: 18.4924 )
00000249: 16.5255   (Y': 15.7096   Cb: 15.842    Cr: 18.5812 )
00000251: 16.5379   (Y': 15.7746   Cb: 15.843    Cr: 18.5148 )
00000252: 16.4235   (Y': 15.65     Cb: 15.765    Cr: 18.3529 )
00000254: 16.485    (Y': 15.7512   Cb: 15.8039   Cr: 18.3819 )
00000253: 16.482    (Y': 15.7259   Cb: 15.8007   Cr: 18.4203 )
00000255: 16.5126   (Y': 15.7565   Cb: 15.8446   Cr: 18.4266 )
00000256: 16.4386   (Y': 15.6904   Cb: 15.8168   Cr: 18.2561 )
00000257: 16.4043   (Y': 15.7107   Cb: 15.7666   Cr: 18.1523 )
00000258: 16.4149   (Y': 15.6538   Cb: 15.8389   Cr: 18.176  )
00000259: 16.3837   (Y': 15.6389   Cb: 15.7807   Cr: 18.1621 )
00000262: 16.4803   (Y': 15.7417   Cb: 15.904    Cr: 18.2019 )
00000261: 16.4596   (Y': 15.7026   Cb: 15.9107   Cr: 18.1673 )
00000263: 16.473    (Y': 15.7183   Cb: 15.9125   Cr: 18.1965 )
00000260: 16.4357   (Y': 15.7484   Cb: 15.8321   Cr: 18.1146 )
00000264: 16.4728   (Y': 15.6969   Cb: 15.9868   Cr: 18.1095 )
00000266: 16.6195   (Y': 15.8818   Cb: 16.1641   Cr: 18.1418 )
00000265: 16.4211   (Y': 15.6621   Cb: 15.9114   Cr: 18.0676 )
00000267: 16.6566   (Y': 15.8896   Cb: 16.2219   Cr: 18.196  )
00000268: 16.5341   (Y': 15.6942   Cb: 16.1411   Cr: 18.1334 )
00000270: 16.4083   (Y': 15.6972   Cb: 15.919    Cr: 17.9398 )
00000269: 16.4845   (Y': 15.6611   Cb: 16.0728   Cr: 18.0847 )
00000271: 16.3368   (Y': 15.7019   Cb: 15.7986   Cr: 17.8204 )
00000272: 16.4092   (Y': 15.7373   Cb: 15.8976   Cr: 17.911  )
00000273: 16.3663   (Y': 15.7014   Cb: 15.8367   Cr: 17.8851 )
00000274: 16.3701   (Y': 15.6096   Cb: 15.9285   Cr: 17.9095 )
00000276: 16.3484   (Y': 15.6491   Cb: 15.8524   Cr: 17.871  )
00000275: 16.3692   (Y': 15.6419   Cb: 15.8864   Cr: 17.9173 )
00000278: 16.2912   (Y': 15.6456   Cb: 15.8068   Cr: 17.7076 )
00000277: 16.3128   (Y': 15.6174   Cb: 15.8523   Cr: 17.7728 )
00000279: 16.3036   (Y': 15.694    Cb: 15.7836   Cr: 17.7176 )
00000280: 16.3003   (Y': 15.7112   Cb: 15.7362   Cr: 17.7507 )
00000281: 16.315    (Y': 15.8763   Cb: 15.7113   Cr: 17.5959 )
00000282: 16.2425   (Y': 15.7713   Cb: 15.6242   Cr: 17.5952 )
00000284: 16.2206   (Y': 15.7122   Cb: 15.6543   Cr: 17.5486 )
00000283: 16.3283   (Y': 15.8981   Cb: 15.7188   Cr: 17.6058 )
00000285: 16.2432   (Y': 15.6634   Cb: 15.747    Cr: 17.5736 )
00000287: 16.1674   (Y': 15.5524   Cb: 15.6362   Cr: 17.6074 )
00000286: 16.2208   (Y': 15.5914   Cb: 15.7371   Cr: 17.61   )
00000288: 16.1576   (Y': 15.5928   Cb: 15.5349   Cr: 17.664  )
00000289: 16.1623   (Y': 15.5735   Cb: 15.5316   Cr: 17.7206 )
00000290: 16.1538   (Y': 15.5637   Cb: 15.4795   Cr: 17.7871 )
00000292: 16.1516   (Y': 15.6094   Cb: 15.4404   Cr: 17.7687 )
00000291: 16.2304   (Y': 15.8143   Cb: 15.4642   Cr: 17.7394 )
00000293: 16.1503   (Y': 15.6923   Cb: 15.3678   Cr: 17.7532 )
00000294: 16.0173   (Y': 15.6377   Cb: 15.1805   Cr: 17.5899 )
00000295: 16.1544   (Y': 15.882    Cb: 15.2636   Cr: 17.6564 )
00000296: 16.4179   (Y': 16.5435   Cb: 15.3165   Cr: 17.7264 )
00000297: 16.4992   (Y': 16.7276   Cb: 15.3627   Cr: 17.7364 )
00000298: 16.6319   (Y': 16.8497   Cb: 15.5012   Cr: 17.8726 )
00000299: 16.7302   (Y': 16.848    Cb: 15.65     Cr: 18.0123 )
00000301: 16.5602   (Y': 16.6366   Cb: 15.5484   Cr: 17.7801 )
00000300: 16.6751   (Y': 16.6906   Cb: 15.655    Cr: 17.9899 )
00000302: 16.3462   (Y': 16.3066   Cb: 15.3832   Cr: 17.6384 )
00000303: 16.341    (Y': 16.3544   Cb: 15.3346   Cr: 17.6354 )
00000304: 16.3832   (Y': 16.5269   Cb: 15.3067   Cr: 17.6251 )
00000305: 16.3439   (Y': 16.6078   Cb: 15.2543   Cr: 17.4578 )
00000306: 16.3286   (Y': 16.5955   Cb: 15.2501   Cr: 17.4205 )
00000307: 16.2858   (Y': 16.5827   Cb: 15.2328   Cr: 17.3003 )
00000308: 16.2133   (Y': 16.4188   Cb: 15.1998   Cr: 17.2736 )
00000309: 16.3515   (Y': 16.5525   Cb: 15.3281   Cr: 17.4331 )
00000310: 16.3306   (Y': 16.5638   Cb: 15.2856   Cr: 17.4085 )
00000311: 16.3123   (Y': 16.8085   Cb: 15.2002   Cr: 17.1948 )
00000312: 16.143    (Y': 16.5416   Cb: 15.0382   Cr: 17.123  )
00000313: 16.0768   (Y': 16.587    Cb: 14.952    Cr: 16.9642 )
00000316: 16.1075   (Y': 17.5221   Cb: 14.6289   Cr: 16.7003 )
00000314: 16.2065   (Y': 17.2176   Cb: 14.8833   Cr: 16.9048 )
00000315: 16.2436   (Y': 17.5102   Cb: 14.8276   Cr: 16.861  )
00000318: 15.7672   (Y': 16.8188   Cb: 14.4813   Cr: 16.3698 )
00000319: 15.7379   (Y': 16.5656   Cb: 14.5646   Cr: 16.3762 )
00000317: 16.0156   (Y': 17.4404   Cb: 14.5407   Cr: 16.594  )
00000320: 15.6522   (Y': 16.2473   Cb: 14.5591   Cr: 16.3998 )
00000322: 15.7998   (Y': 16.1741   Cb: 14.8618   Cr: 16.5495 )
00000323: 15.8427   (Y': 16.2519   Cb: 14.9332   Cr: 16.5131 )
00000321: 15.6848   (Y': 16.1843   Cb: 14.6588   Cr: 16.4308 )
00000324: 16.1055   (Y': 16.6709   Cb: 15.1213   Cr: 16.7219 )
00000327: 16.2337   (Y': 17.2882   Cb: 15.07     Cr: 16.6515 )
00000325: 16.2296   (Y': 17.0647   Cb: 15.1337   Cr: 16.7461 )
00000326: 16.2131   (Y': 17.3144   Cb: 15.0345   Cr: 16.6122 )
00000328: 16.2769   (Y': 17.2463   Cb: 15.1219   Cr: 16.7568 )
00000329: 16.2492   (Y': 17.0496   Cb: 15.0951   Cr: 16.8845 )
00000331: 15.9277   (Y': 16.2495   Cb: 14.9495   Cr: 16.796  )
00000332: 15.8209   (Y': 15.8502   Cb: 14.9308   Cr: 16.9041 )
00000333: 15.9556   (Y': 15.8512   Cb: 15.0828   Cr: 17.187  )
00000330: 16.0161   (Y': 16.4722   Cb: 14.9561   Cr: 16.8609 )
00000334: 15.961    (Y': 15.7903   Cb: 15.1318   Cr: 17.2133 )
00000335: 15.8682   (Y': 16.0124   Cb: 14.9395   Cr: 16.8685 )
00000336: 16.0513   (Y': 17.0701   Cb: 14.7648   Cr: 16.6845 )
00000337: 16.0672   (Y': 17.1895   Cb: 14.7351   Cr: 16.6782 )
00000340: 15.7506   (Y': 16.4864   Cb: 14.6119   Cr: 16.4255 )
00000338: 15.9301   (Y': 17.2103   Cb: 14.5699   Cr: 16.4485 )
00000341: 15.7942   (Y': 16.4443   Cb: 14.7023   Cr: 16.484  )
00000339: 15.7075   (Y': 16.5392   Cb: 14.5348   Cr: 16.341  )
00000342: 15.6255   (Y': 16.2843   Cb: 14.5623   Cr: 16.2635 )
00000343: 15.6061   (Y': 16.2585   Cb: 14.51     Cr: 16.2997 )
00000344: 15.6478   (Y': 16.2006   Cb: 14.6258   Cr: 16.3321 )
00000345: 15.6714   (Y': 16.1831   Cb: 14.6265   Cr: 16.4329 )
00000346: 15.6566   (Y': 16.1805   Cb: 14.6243   Cr: 16.3866 )
00000348: 15.7921   (Y': 16.3022   Cb: 14.7151   Cr: 16.6047 )
00000349: 15.9185   (Y': 16.2328   Cb: 14.9422   Cr: 16.7922 )
00000347: 15.6704   (Y': 16.2866   Cb: 14.5853   Cr: 16.384  )
00000350: 16.0207   (Y': 16.2176   Cb: 15.0936   Cr: 16.9553 )
00000353: 16.0682   (Y': 16.0116   Cb: 15.1881   Cr: 17.2471 )
00000351: 16.0363   (Y': 16.1553   Cb: 15.1514   Cr: 16.9996 )
00000352: 16.0466   (Y': 16.0529   Cb: 15.1483   Cr: 17.1723 )
00000354: 16.0349   (Y': 15.9175   Cb: 15.1667   Cr: 17.2767 )
00000355: 16.0067   (Y': 15.936    Cb: 15.1433   Cr: 17.1778 )
00000357: 16.0079   (Y': 15.7675   Cb: 15.2385   Cr: 17.2616 )
00000356: 16.0043   (Y': 15.9373   Cb: 15.1692   Cr: 17.1258 )
00000359: 15.9665   (Y': 15.4916   Cb: 15.2789   Cr: 17.4365 )
00000361: 16.2552   (Y': 15.8179   Cb: 15.5624   Cr: 17.6753 )
00000360: 16.0918   (Y': 15.665    Cb: 15.3886   Cr: 17.5127 )
00000362: 16.4087   (Y': 15.9596   Cb: 15.7491   Cr: 17.7931 )
00000363: 16.7062   (Y': 16.6349   Cb: 15.8366   Cr: 17.888  )
00000358: 15.9767   (Y': 15.5213   Cb: 15.2944   Cr: 17.4075 )
00000364: 16.8918   (Y': 16.8915   Cb: 15.9546   Cr: 18.0887 )
00000365: 16.8784   (Y': 16.8556   Cb: 15.9373   Cr: 18.1118 )
00000366: 17.0232   (Y': 16.8894   Cb: 16.1662   Cr: 18.2694 )
00000367: 16.7556   (Y': 16.2921   Cb: 16.0732   Cr: 18.1991 )
00000369: 16.3369   (Y': 15.7737   Cb: 15.7976   Cr: 17.7079 )
00000370: 16.4069   (Y': 15.7732   Cb: 16.0207   Cr: 17.6569 )
00000371: 16.3446   (Y': 15.8554   Cb: 15.9274   Cr: 17.4239 )
00000372: 16.3469   (Y': 15.9801   Cb: 15.8577   Cr: 17.3561 )
00000373: 16.3116   (Y': 15.9368   Cb: 15.8504   Cr: 17.2924 )
00000368: 16.3657   (Y': 15.7442   Cb: 15.8365   Cr: 17.8132 )
00000374: 16.331    (Y': 16.01     Cb: 15.8466   Cr: 17.2714 )
00000375: 16.2063   (Y': 15.74     Cb: 15.7522   Cr: 17.3054 )
00000376: 16.0415   (Y': 15.6291   Cb: 15.5209   Cr: 17.1596 )
00000377: 16.0245   (Y': 15.5189   Cb: 15.5286   Cr: 17.2417 )
00000379: 16.1577   (Y': 15.5524   Cb: 15.6573   Cr: 17.5344 )
00000378: 16.1021   (Y': 15.4778   Cb: 15.637    Cr: 17.4545 )
00000381: 16.1131   (Y': 15.5022   Cb: 15.6358   Cr: 17.4635 )
00000380: 16.0893   (Y': 15.5601   Cb: 15.5685   Cr: 17.3796 )
00000383: 16.0963   (Y': 15.5068   Cb: 15.6508   Cr: 17.3656 )
00000382: 16.1399   (Y': 15.6692   Cb: 15.6386   Cr: 17.3137 )
00000385: 16.1792   (Y': 15.5981   Cb: 15.7085   Cr: 17.4731 )
00000384: 16.1711   (Y': 15.554    Cb: 15.7182   Cr: 17.494  )
00000386: 16.4492   (Y': 15.9418   Cb: 15.9591   Cr: 17.6603 )
00000387: 16.2726   (Y': 15.544    Cb: 15.8901   Cr: 17.6678 )
00000388: 16.2678   (Y': 15.5882   Cb: 15.8789   Cr: 17.5935 )
00000389: 16.4271   (Y': 15.8056   Cb: 15.9964   Cr: 17.7239 )
00000391: 16.3436   (Y': 15.5001   Cb: 16.003    Cr: 17.8675 )
00000390: 16.2967   (Y': 15.5546   Cb: 15.8795   Cr: 17.7666 )
00000393: 16.37     (Y': 15.4092   Cb: 16.0714   Cr: 18.0371 )
00000392: 16.4026   (Y': 15.5214   Cb: 16.0848   Cr: 17.9569 )
00000394: 16.4245   (Y': 15.4719   Cb: 16.0989   Cr: 18.1192 )
00000395: 16.3305   (Y': 15.4765   Cb: 15.9055   Cr: 18.0061 )
00000396: 16.3452   (Y': 15.417    Cb: 15.9779   Cr: 18.0621 )
00000399: 16.3216   (Y': 15.6289   Cb: 15.7767   Cr: 17.912  )
00000398: 16.3253   (Y': 15.5391   Cb: 15.8542   Cr: 17.9559 )
00000397: 16.3714   (Y': 15.547    Cb: 15.9665   Cr: 17.9625 )
00000400: 16.2905   (Y': 15.6417   Cb: 15.7352   Cr: 17.824  )
00000402: 16.1934   (Y': 15.695    Cb: 15.5366   Cr: 17.6497 )
00000401: 16.1916   (Y': 15.575    Cb: 15.6      Cr: 17.7311 )
00000404: 16.1936   (Y': 15.8569   Cb: 15.4875   Cr: 17.4845 )
00000403: 16.1092   (Y': 15.6819   Cb: 15.4244   Cr: 17.5006 )
00000406: 16.2617   (Y': 15.9722   Cb: 15.5808   Cr: 17.446  )
00000405: 16.1362   (Y': 15.8834   Cb: 15.403    Cr: 17.35   )
00000407: 16.3155   (Y': 15.9387   Cb: 15.6586   Cr: 17.5878 )
00000408: 16.2513   (Y': 15.8936   Cb: 15.5861   Cr: 17.5089 )
00000409: 16.2659   (Y': 15.82     Cb: 15.6412   Cr: 17.5904 )
00000411: 16.3292   (Y': 15.8619   Cb: 15.7144   Cr: 17.6701 )
00000410: 16.4821   (Y': 16.0798   Cb: 15.826    Cr: 17.7905 )
00000413: 16.3362   (Y': 15.9138   Cb: 15.7124   Cr: 17.624  )
00000412: 16.374    (Y': 15.8502   Cb: 15.8034   Cr: 17.7326 )
00000414: 16.4131   (Y': 15.8977   Cb: 15.8912   Cr: 17.6838 )
00000415: 16.4527   (Y': 15.8862   Cb: 15.9613   Cr: 17.7552 )
00000416: 16.5742   (Y': 15.8997   Cb: 16.1188   Cr: 17.9921 )
00000418: 16.9164   (Y': 16.066    Cb: 16.6092   Cr: 18.4012 )
00000417: 16.5797   (Y': 15.8909   Cb: 16.1399   Cr: 17.997  )
00000419: 16.709    (Y': 15.8262   Cb: 16.4002   Cr: 18.2523 )
00000420: 16.8124   (Y': 15.9111   Cb: 16.5557   Cr: 18.3094 )
00000421: 16.9741   (Y': 15.9844   Cb: 16.8242   Cr: 18.4679 )
00000422: 16.979    (Y': 16.1439   Cb: 16.7237   Cr: 18.361  )
00000423: 16.9121   (Y': 16.0844   Cb: 16.6359   Cr: 18.3124 )
00000424: 16.899    (Y': 15.9797   Cb: 16.6912   Cr: 18.3544 )
00000425: 16.9546   (Y': 16.0459   Cb: 16.7456   Cr: 18.3935 )
00000427: 17.3303   (Y': 16.5763   Cb: 17.0642   Cr: 18.5959 )
00000426: 17.111    (Y': 16.1623   Cb: 16.9374   Cr: 18.5673 )
00000428: 17.2395   (Y': 16.236    Cb: 17.1608   Cr: 18.6554 )
00000429: 17.2893   (Y': 16.3026   Cb: 17.1991   Cr: 18.6922 )
00000430: 17.2532   (Y': 16.2659   Cb: 17.1755   Cr: 18.6398 )
00000431: 17.2728   (Y': 16.2373   Cb: 17.1513   Cr: 18.8072 )
00000432: 17.1857   (Y': 16.2569   Cb: 16.9345   Cr: 18.7225 )
00000433: 17.1668   (Y': 16.2552   Cb: 16.9071   Cr: 18.6861 )
00000436: 17.1789   (Y': 16.3263   Cb: 16.9093   Cr: 18.6114 )
00000435: 16.986    (Y': 16.0403   Cb: 16.7419   Cr: 18.5421 )
00000434: 17.018    (Y': 16.0371   Cb: 16.7826   Cr: 18.6239 )
00000437: 17.0363   (Y': 16.1798   Cb: 16.7663   Cr: 18.476  )
00000438: 17.1194   (Y': 16.2558   Cb: 16.8603   Cr: 18.555  )
00000439: 17.2038   (Y': 16.3131   Cb: 17.0284   Cr: 18.5635 )
00000440: 17.3223   (Y': 16.2932   Cb: 17.2534   Cr: 18.7692 )
00000441: 17.1516   (Y': 16.2103   Cb: 16.995    Cr: 18.5706 )
00000443: 17.0793   (Y': 16.177    Cb: 16.8842   Cr: 18.4871 )
00000445: 17.1184   (Y': 16.0761   Cb: 16.9829   Cr: 18.6857 )
00000442: 17.2875   (Y': 16.2738   Cb: 17.1893   Cr: 18.7489 )
00000444: 17.0759   (Y': 16.0523   Cb: 16.9102   Cr: 18.6541 )
00000446: 17.1644   (Y': 16.0876   Cb: 17.1268   Cr: 18.6522 )
00000447: 17.159    (Y': 16.2234   Cb: 17.0418   Cr: 18.5123 )
00000449: 17.2845   (Y': 16.3514   Cb: 17.177    Cr: 18.62   )
00000452: 17.2947   (Y': 16.392    Cb: 17.2668   Cr: 18.4722 )
00000450: 17.2363   (Y': 16.3511   Cb: 17.1632   Cr: 18.4457 )
00000448: 17.2526   (Y': 16.2974   Cb: 17.1664   Cr: 18.5958 )
00000453: 17.3479   (Y': 16.4738   Cb: 17.3373   Cr: 18.4573 )
00000451: 17.3466   (Y': 16.4094   Cb: 17.3071   Cr: 18.5957 )
00000454: 17.4238   (Y': 16.6107   Cb: 17.3763   Cr: 18.4854 )
00000457: 17.3628   (Y': 16.274    Cb: 17.4911   Cr: 18.6461 )
00000458: 17.3393   (Y': 16.2509   Cb: 17.3667   Cr: 18.7572 )
00000456: 17.364    (Y': 16.3296   Cb: 17.4442   Cr: 18.6169 )
00000460: 17.2825   (Y': 16.3476   Cb: 17.157    Cr: 18.6464 )
00000459: 17.3094   (Y': 16.3066   Cb: 17.2262   Cr: 18.7305 )
00000462: 17.1765   (Y': 16.3653   Cb: 16.9087   Cr: 18.5372 )
00000461: 17.3464   (Y': 16.5142   Cb: 17.1306   Cr: 18.6669 )
00000455: 17.4462   (Y': 16.6157   Cb: 17.4262   Cr: 18.4993 )
00000464: 17.1563   (Y': 16.3371   Cb: 16.9301   Cr: 18.4705 )
00000465: 17.2261   (Y': 16.3578   Cb: 17.0105   Cr: 18.6059 )
00000466: 17.3015   (Y': 16.3282   Cb: 17.2478   Cr: 18.6307 )
00000468: 17.4474   (Y': 16.4332   Cb: 17.4726   Cr: 18.7391 )
00000467: 17.2889   (Y': 16.3182   Cb: 17.2723   Cr: 18.5631 )
00000463: 17.0917   (Y': 16.3388   Cb: 16.7756   Cr: 18.4279 )
00000470: 17.1228   (Y': 16.0722   Cb: 17.2557   Cr: 18.3347 )
00000469: 17.1837   (Y': 16.1553   Cb: 17.1873   Cr: 18.5289 )
00000475: 16.8407   (Y': 16.3198   Cb: 16.9928   Cr: 17.2649 )
00000471: 17.151    (Y': 16.049    Cb: 17.3825   Cr: 18.3253 )
00000472: 16.9119   (Y': 16.0422   Cb: 16.9468   Cr: 17.9559 )
00000473: 16.9324   (Y': 16.1611   Cb: 16.9232   Cr: 17.8824 )
00000474: 16.9371   (Y': 16.2743   Cb: 17.093    Cr: 17.5398 )
00000477: 16.7524   (Y': 16.142    Cb: 16.9975   Cr: 17.1907 )
00000478: 16.8214   (Y': 16.1751   Cb: 17.0161   Cr: 17.3599 )
00000476: 16.6863   (Y': 16.0601   Cb: 16.9737   Cr: 17.1011 )
00000480: 17.0094   (Y': 16.4911   Cb: 16.9106   Cr: 17.714  )
00000482: 17.1121   (Y': 16.5123   Cb: 17.1911   Cr: 17.7173 )
00000484: 16.9923   (Y': 16.2556   Cb: 17.0847   Cr: 17.7693 )
00000483: 16.9465   (Y': 16.2897   Cb: 17.0486   Cr: 17.6016 )
00000479: 16.8693   (Y': 16.2123   Cb: 17.0326   Cr: 17.4563 )
00000481: 17.0494   (Y': 16.4367   Cb: 16.9657   Cr: 17.8639 )
00000485: 16.9617   (Y': 16.2009   Cb: 17.06     Cr: 17.766  )
00000486: 16.835    (Y': 16.2126   Cb: 16.8485   Cr: 17.546  )
00000487: 16.8681   (Y': 16.2622   Cb: 16.9137   Cr: 17.5192 )
00000489: 16.6085   (Y': 16.3231   Cb: 16.567    Cr: 16.959  )
00000488: 16.7329   (Y': 16.4814   Cb: 16.6835   Cr: 17.0529 )
00000493: 16.9529   (Y': 16.4833   Cb: 16.9033   Cr: 17.5362 )
00000491: 16.5735   (Y': 16.0826   Cb: 16.647    Cr: 17.0449 )
00000490: 16.6353   (Y': 16.1674   Cb: 16.6982   Cr: 17.09   )
00000492: 16.7824   (Y': 16.3628   Cb: 16.7166   Cr: 17.3214 )
00000494: 16.7487   (Y': 16.3514   Cb: 16.6914   Cr: 17.2504 )
00000497: 16.7264   (Y': 16.1898   Cb: 16.7576   Cr: 17.3033 )
00000496: 16.7085   (Y': 16.1786   Cb: 16.7379   Cr: 17.2786 )
00000495: 16.6527   (Y': 16.2239   Cb: 16.6727   Cr: 17.1062 )
00000499: 16.7498   (Y': 16.5539   Cb: 16.268    Cr: 17.5249 )
00000498: 16.7355   (Y': 16.4611   Cb: 16.557    Cr: 17.2278 )
00000500: 17.1138   (Y': 16.7689   Cb: 16.7288   Cr: 17.9512 )
00000502: 16.6802   (Y': 16.6074   Cb: 16.0111   Cr: 17.5605 )
00000503: 16.6114   (Y': 16.5049   Cb: 15.9063   Cr: 17.5866 )
00000501: 16.904    (Y': 16.5191   Cb: 16.4963   Cr: 17.8253 )
00000505: 16.543    (Y': 16.3426   Cb: 15.928    Cr: 17.5083 )
00000504: 16.597    (Y': 16.392    Cb: 15.9533   Cr: 17.6102 )
00000507: 16.7114   (Y': 16.6336   Cb: 16.0437   Cr: 17.5957 )
00000508: 16.6395   (Y': 16.4139   Cb: 16.0373   Cr: 17.6196 )
00000506: 16.594    (Y': 16.4558   Cb: 15.9323   Cr: 17.5465 )
00000509: 16.5361   (Y': 16.3649   Cb: 15.927    Cr: 17.4553 )
00000510: 16.4289   (Y': 16.1898   Cb: 15.8806   Cr: 17.3503 )
00000513: 16.5681   (Y': 16.5693   Cb: 16.0038   Cr: 17.2156 )
00000512: 16.6062   (Y': 16.5189   Cb: 16.0465   Cr: 17.3526 )
00000511: 16.4402   (Y': 16.2614   Cb: 15.8295   Cr: 17.3715 )
00000514: 16.6681   (Y': 16.5582   Cb: 16.3468   Cr: 17.1374 )
00000515: 16.6777   (Y': 16.4662   Cb: 16.4965   Cr: 17.0993 )
00000516: 16.5826   (Y': 16.2242   Cb: 16.629    Cr: 16.923  )
00000517: 16.4083   (Y': 16.1719   Cb: 16.4048   Cr: 16.6619 )
00000520: 16.4076   (Y': 16.3633   Cb: 16.0808   Cr: 16.8096 )
00000518: 16.3178   (Y': 16.0237   Cb: 16.274    Cr: 16.681  )
00000519: 16.4458   (Y': 16.3381   Cb: 16.2793   Cr: 16.734  )
00000522: 16.3371   (Y': 16.4948   Cb: 15.6855   Cr: 16.9229 )
00000524: 16.4026   (Y': 16.7242   Cb: 15.5065   Cr: 17.1483 )
00000521: 16.2693   (Y': 16.3232   Cb: 15.8684   Cr: 16.6521 )
00000523: 16.3106   (Y': 16.6012   Cb: 15.5408   Cr: 16.9115 )
00000526: 16.5643   (Y': 16.8757   Cb: 15.697    Cr: 17.2796 )
00000525: 16.5396   (Y': 16.9987   Cb: 15.552    Cr: 17.2712 )
00000528: 16.7932   (Y': 16.8289   Cb: 16.0279   Cr: 17.6791 )
00000527: 16.5411   (Y': 16.6689   Cb: 15.7201   Cr: 17.3981 )
00000529: 16.7327   (Y': 16.823    Cb: 15.9165   Cr: 17.6274 )
00000531: 16.9202   (Y': 17.0564   Cb: 16.0834   Cr: 17.7907 )
00000530: 16.8685   (Y': 16.8102   Cb: 16.1348   Cr: 17.8243 )
00000532: 16.8311   (Y': 16.6811   Cb: 16.0881   Cr: 17.9198 )
00000533: 16.8085   (Y': 16.8007   Cb: 16.0366   Cr: 17.7576 )
00000534: 16.8962   (Y': 16.82     Cb: 16.1666   Cr: 17.8687 )
00000535: 16.968    (Y': 16.801    Cb: 16.2849   Cr: 17.9891 )
00000536: 17.1468   (Y': 16.6858   Cb: 16.6858   Cr: 18.2482 )
00000537: 17.1823   (Y': 16.6164   Cb: 16.7993   Cr: 18.325  )
00000538: 17.2889   (Y': 16.4922   Cb: 17.1128   Cr: 18.4964 )
00000539: 17.479    (Y': 16.7046   Cb: 17.315    Cr: 18.6349 )
00000540: 17.2342   (Y': 16.5925   Cb: 16.8668   Cr: 18.4692 )
00000541: 17.2972   (Y': 16.424    Cb: 17.0957   Cr: 18.6651 )
00000542: 17.3242   (Y': 16.3907   Cb: 17.1628   Cr: 18.7368 )
00000543: 17.3461   (Y': 16.3244   Cb: 17.2722   Cr: 18.7872 )
00000544: 17.3593   (Y': 16.3573   Cb: 17.2903   Cr: 18.7592 )
00000545: 17.3538   (Y': 16.4293   Cb: 17.2224   Cr: 18.7084 )
00000547: 17.2913   (Y': 16.5155   Cb: 17.0428   Cr: 18.5664 )
00000546: 17.1812   (Y': 16.3452   Cb: 16.9214   Cr: 18.5713 )
00000548: 17.3765   (Y': 16.2478   Cb: 17.3508   Cr: 18.9426 )
00000549: 17.1381   (Y': 16.0676   Cb: 17.0456   Cr: 18.6938 )
00000550: 16.9188   (Y': 15.9483   Cb: 16.7207   Cr: 18.4497 )
00000551: 16.9839   (Y': 15.9347   Cb: 16.8737   Cr: 18.5263 )
00000552: 16.964    (Y': 15.8796   Cb: 16.8784   Cr: 18.535  )
00000553: 17.0623   (Y': 15.9933   Cb: 16.9585   Cr: 18.6318 )
00000554: 16.7694   (Y': 15.7799   Cb: 16.556    Cr: 18.3576 )
00000555: 16.7067   (Y': 15.773    Cb: 16.4181   Cr: 18.3091 )
00000556: 16.5804   (Y': 15.6211   Cb: 16.2751   Cr: 18.2552 )
00000557: 16.5382   (Y': 15.6591   Cb: 16.1822   Cr: 18.1485 )
00000558: 16.4742   (Y': 15.5195   Cb: 16.1306   Cr: 18.2016 )
00000559: 16.5133   (Y': 15.4945   Cb: 16.2507   Cr: 18.2316 )
00000561: 16.5505   (Y': 15.4581   Cb: 16.3078   Cr: 18.378  )
00000560: 16.5529   (Y': 15.6061   Cb: 16.2377   Cr: 18.2206 )
00000562: 16.4711   (Y': 15.5192   Cb: 16.1902   Cr: 18.0945 )
00000564: 16.271    (Y': 15.4113   Cb: 15.8764   Cr: 17.9078 )
00000563: 16.4571   (Y': 15.5592   Cb: 16.1231   Cr: 18.0663 )
00000565: 16.3683   (Y': 15.4378   Cb: 16.0638   Cr: 17.9897 )
00000566: 16.4346   (Y': 15.5488   Cb: 16.1923   Cr: 17.8832 )
00000567: 16.5208   (Y': 15.8039   Cb: 16.2015   Cr: 17.8037 )
00000568: 16.3925   (Y': 15.468    Cb: 16.2093   Cr: 17.8212 )
00000569: 16.4217   (Y': 15.6343   Cb: 16.1693   Cr: 17.7213 )
00000570: 16.3354   (Y': 15.4119   Cb: 16.2243   Cr: 17.6601 )
00000573: 17.5476   (Y': 15.6034   Cb: 18.3598   Cr: 19.7234 )
00000571: 16.3596   (Y': 15.5014   Cb: 16.2018   Cr: 17.6406 )
00000572: 16.7207   (Y': 15.6357   Cb: 16.8107   Cr: 18.048  )
00000574: 17.4456   (Y': 15.4346   Cb: 18.3452   Cr: 19.6772 )
00000575: 18.0066   (Y': 16.3013   Cb: 18.5232   Cr: 20.0048 )
00000576: 18.1381   (Y': 16.624    Cb: 18.6113   Cr: 19.7744 )
00000577: 17.6175   (Y': 15.8381   Cb: 18.4416   Cr: 19.3799 )
00000579: 17.0942   (Y': 16.3355   Cb: 16.9536   Cr: 18.1945 )
00000578: 17.161    (Y': 16.4015   Cb: 17.0596   Cr: 18.2107 )
00000580: 17.1784   (Y': 16.4138   Cb: 16.9968   Cr: 18.3431 )
00000581: 17.1978   (Y': 16.4701   Cb: 16.9356   Cr: 18.4163 )
00000582: 17.4749   (Y': 16.7919   Cb: 17.1067   Cr: 18.7756 )
00000583: 17.2802   (Y': 16.6192   Cb: 16.8932   Cr: 18.5736 )
00000584: 17.2396   (Y': 16.1861   Cb: 17.0639   Cr: 18.8879 )
00000585: 17.593    (Y': 16.918    Cb: 17.1413   Cr: 19.0061 )
00000588: 17.4998   (Y': 16.5001   Cb: 17.2485   Cr: 19.1645 )
00000587: 17.4956   (Y': 16.4751   Cb: 17.2826   Cr: 19.1395 )
00000586: 17.4502   (Y': 16.398    Cb: 17.2315   Cr: 19.1622 )
Total: 16.6264   (Y': 16.0844   Cb: 15.9962   Cr: 18.1085 )
