00000002: 15.9207   (Y': 14.5649   Cb: 16.0449   Cr: 17.7137 )
00000000: 16.0247   (Y': 14.611    Cb: 16.2326   Cr: 17.8162 )
00000001: 16.0013   (Y': 14.6424   Cb: 16.1377   Cr: 17.7825 )
00000003: 15.9115   (Y': 14.5232   Cb: 16.0854   Cr: 17.6989 )
00000004: 15.8766   (Y': 14.5525   Cb: 16.0108   Cr: 17.5902 )
00000005: 15.9749   (Y': 14.8395   Cb: 15.966    Cr: 17.5293 )
00000007: 15.7475   (Y': 14.488    Cb: 15.8408   Cr: 17.3917 )
00000006: 15.8823   (Y': 14.7596   Cb: 15.8701   Cr: 17.4177 )
00000008: 15.6921   (Y': 14.4411   Cb: 15.7624   Cr: 17.3527 )
00000009: 15.778    (Y': 14.7064   Cb: 15.7248   Cr: 17.2789 )
00000010: 15.83     (Y': 14.6393   Cb: 15.8691   Cr: 17.4192 )
00000013: 15.8899   (Y': 14.5992   Cb: 15.9663   Cr: 17.6203 )
00000011: 15.8499   (Y': 14.6187   Cb: 15.9284   Cr: 17.4605 )
00000012: 15.8588   (Y': 14.5873   Cb: 15.9483   Cr: 17.5319 )
00000014: 15.8966   (Y': 14.6146   Cb: 15.976    Cr: 17.6052 )
00000015: 15.8833   (Y': 14.6047   Cb: 15.9707   Cr: 17.5738 )
00000016: 15.8067   (Y': 14.5468   Cb: 15.9022   Cr: 17.4486 )
00000017: 15.7482   (Y': 14.5275   Cb: 15.8333   Cr: 17.3294 )
00000018: 15.7574   (Y': 14.5265   Cb: 15.8362   Cr: 17.3668 )
00000019: 15.7404   (Y': 14.5177   Cb: 15.7956   Cr: 17.368  )
00000021: 15.6762   (Y': 14.5376   Cb: 15.7193   Cr: 17.1629 )
00000020: 15.7063   (Y': 14.5397   Cb: 15.7455   Cr: 17.2503 )
00000023: 15.6006   (Y': 14.4956   Cb: 15.6581   Cr: 17.0068 )
00000022: 15.631    (Y': 14.5214   Cb: 15.6794   Cr: 17.0579 )
00000024: 15.6056   (Y': 14.4662   Cb: 15.6915   Cr: 17.0346 )
00000026: 15.6764   (Y': 14.502    Cb: 15.7881   Cr: 17.1342 )
00000025: 15.648    (Y': 14.5201   Cb: 15.7335   Cr: 17.0569 )
00000027: 15.709    (Y': 14.4888   Cb: 15.8607   Cr: 17.1967 )
00000030: 15.85     (Y': 14.6419   Cb: 16.0234   Cr: 17.2861 )
00000029: 15.7573   (Y': 14.5581   Cb: 15.925    Cr: 17.1847 )
00000028: 15.7386   (Y': 14.5423   Cb: 15.9004   Cr: 17.1685 )
00000031: 15.8598   (Y': 14.6361   Cb: 16.0398   Cr: 17.3159 )
00000032: 15.8677   (Y': 14.6211   Cb: 16.0968   Cr: 17.3012 )
00000033: 15.8637   (Y': 14.605    Cb: 16.0986   Cr: 17.3118 )
00000034: 15.8621   (Y': 14.5582   Cb: 16.118    Cr: 17.3675 )
00000036: 15.9458   (Y': 14.5767   Cb: 16.2299   Cr: 17.5403 )
00000035: 15.8891   (Y': 14.5376   Cb: 16.1874   Cr: 17.43   )
00000038: 15.9424   (Y': 14.5755   Cb: 16.2343   Cr: 17.5219 )
00000037: 15.9612   (Y': 14.5951   Cb: 16.2634   Cr: 17.5254 )
00000039: 15.9626   (Y': 14.6228   Cb: 16.2237   Cr: 17.5305 )
00000040: 15.9594   (Y': 14.5918   Cb: 16.2395   Cr: 17.5561 )
00000041: 15.982    (Y': 14.6206   Cb: 16.2525   Cr: 17.5798 )
00000042: 16.0106   (Y': 14.6616   Cb: 16.3071   Cr: 17.5489 )
00000044: 16.0783   (Y': 14.7795   Cb: 16.3884   Cr: 17.5032 )
00000043: 16.0357   (Y': 14.6851   Cb: 16.3597   Cr: 17.5408 )
00000045: 16.1091   (Y': 14.7979   Cb: 16.4513   Cr: 17.5157 )
00000046: 16.1026   (Y': 14.8348   Cb: 16.422    Cr: 17.4579 )
00000047: 16.0947   (Y': 14.8063   Cb: 16.4175   Cr: 17.4837 )
00000048: 16.0371   (Y': 14.7405   Cb: 16.3148   Cr: 17.4999 )
00000049: 15.9827   (Y': 14.7139   Cb: 16.2302   Cr: 17.4329 )
00000050: 16.0132   (Y': 14.8177   Cb: 16.228    Cr: 17.3718 )
00000051: 16.0383   (Y': 14.8646   Cb: 16.1809   Cr: 17.4529 )
00000052: 16.0193   (Y': 14.8262   Cb: 16.1906   Cr: 17.4309 )
00000053: 16.0629   (Y': 14.8721   Cb: 16.2443   Cr: 17.4571 )
00000054: 16.0341   (Y': 14.8386   Cb: 16.193    Cr: 17.4666 )
00000055: 16.0274   (Y': 14.8433   Cb: 16.191    Cr: 17.433  )
00000056: 16.1148   (Y': 14.9554   Cb: 16.32     Cr: 17.4214 )
00000058: 16.2094   (Y': 15.0812   Cb: 16.4193   Cr: 17.4558 )
00000057: 16.1269   (Y': 14.9587   Cb: 16.3481   Cr: 17.4287 )
00000061: 16.1751   (Y': 15.1345   Cb: 16.2994   Cr: 17.3815 )
00000059: 16.2493   (Y': 15.1265   Cb: 16.4887   Cr: 17.4492 )
00000063: 16.1415   (Y': 15.0882   Cb: 16.2971   Cr: 17.3292 )
00000062: 16.1796   (Y': 15.1535   Cb: 16.3243   Cr: 17.3358 )
00000060: 16.3209   (Y': 15.234    Cb: 16.5126   Cr: 17.5198 )
00000064: 16.0523   (Y': 15.0333   Cb: 16.1403   Cr: 17.2695 )
00000066: 15.9915   (Y': 15.0037   Cb: 16.0459   Cr: 17.2001 )
00000065: 16.0758   (Y': 15.0845   Cb: 16.1701   Cr: 17.239  )
00000067: 15.9676   (Y': 14.9626   Cb: 16.038    Cr: 17.1842 )
00000071: 15.8627   (Y': 14.8111   Cb: 15.9666   Cr: 17.1142 )
00000070: 15.8943   (Y': 14.8383   Cb: 15.9991   Cr: 17.152  )
00000069: 15.9027   (Y': 14.8717   Cb: 16.0164   Cr: 17.1064 )
00000068: 15.932    (Y': 14.9164   Cb: 16.0335   Cr: 17.126  )
00000072: 15.8753   (Y': 14.856    Cb: 15.9388   Cr: 17.1248 )
00000074: 15.9109   (Y': 14.8569   Cb: 15.9918   Cr: 17.1965 )
00000073: 15.9019   (Y': 14.8826   Cb: 15.9593   Cr: 17.1593 )
00000075: 15.914    (Y': 14.8773   Cb: 15.9743   Cr: 17.1974 )
00000078: 15.8803   (Y': 14.8086   Cb: 15.9429   Cr: 17.2207 )
00000076: 15.884    (Y': 14.8184   Cb: 15.9482   Cr: 17.2118 )
00000077: 15.8936   (Y': 14.8484   Cb: 15.9538   Cr: 17.1916 )
00000079: 15.9409   (Y': 14.8711   Cb: 15.9987   Cr: 17.2846 )
00000080: 16.0445   (Y': 14.9828   Cb: 16.1062   Cr: 17.3688 )
00000081: 16.1077   (Y': 15.0584   Cb: 16.1918   Cr: 17.3811 )
00000082: 16.2783   (Y': 15.2534   Cb: 16.3695   Cr: 17.501  )
00000083: 16.3023   (Y': 15.3119   Cb: 16.3848   Cr: 17.4788 )
00000086: 16.4276   (Y': 15.6997   Cb: 16.2744   Cr: 17.4976 )
00000085: 16.449    (Y': 15.6798   Cb: 16.3719   Cr: 17.482  )
00000084: 16.4439   (Y': 15.6072   Cb: 16.4258   Cr: 17.5042 )
00000087: 16.4567   (Y': 15.736    Cb: 16.2824   Cr: 17.5438 )
00000088: 16.5135   (Y': 15.8575   Cb: 16.3486   Cr: 17.4921 )
00000089: 16.1967   (Y': 15.6847   Cb: 15.9277   Cr: 17.1066 )
00000090: 16.5083   (Y': 15.8352   Cb: 16.4375   Cr: 17.3916 )
00000092: 16.2929   (Y': 15.6709   Cb: 16.1283   Cr: 17.2221 )
00000095: 16.1243   (Y': 15.3707   Cb: 15.9669   Cr: 17.2392 )
00000091: 16.2626   (Y': 15.6595   Cb: 16.1258   Cr: 17.1295 )
00000093: 16.1664   (Y': 15.5366   Cb: 15.9997   Cr: 17.1093 )
00000094: 16.1517   (Y': 15.4332   Cb: 16.0128   Cr: 17.1886 )
00000096: 16.0012   (Y': 15.1132   Cb: 15.9925   Cr: 17.1299 )
00000098: 15.7489   (Y': 14.8673   Cb: 15.7414   Cr: 16.866  )
00000097: 15.9584   (Y': 15.077    Cb: 15.9356   Cr: 17.0949 )
00000099: 15.6627   (Y': 14.7658   Cb: 15.6457   Cr: 16.8165 )
00000100: 15.5966   (Y': 14.6116   Cb: 15.6398   Cr: 16.8154 )
00000103: 15.7029   (Y': 14.6884   Cb: 15.7339   Cr: 16.9875 )
00000102: 15.5694   (Y': 14.5866   Cb: 15.5901   Cr: 16.8143 )
00000101: 15.5796   (Y': 14.5584   Cb: 15.6477   Cr: 16.826  )
00000104: 15.764    (Y': 14.7226   Cb: 15.7916   Cr: 17.099  )
00000105: 15.816    (Y': 14.7758   Cb: 15.8244   Cr: 17.1752 )
00000106: 15.9103   (Y': 14.9258   Cb: 15.924    Cr: 17.1673 )
00000107: 16.0254   (Y': 14.9625   Cb: 16.1197   Cr: 17.3087 )
00000108: 16.0933   (Y': 14.9791   Cb: 16.2147   Cr: 17.4299 )
00000111: 16.1896   (Y': 15.1733   Cb: 16.1954   Cr: 17.5109 )
00000110: 16.1354   (Y': 15.0917   Cb: 16.1785   Cr: 17.4535 )
00000109: 16.0855   (Y': 15.0027   Cb: 16.1792   Cr: 17.4037 )
00000112: 16.2044   (Y': 15.2106   Cb: 16.1835   Cr: 17.5235 )
00000114: 16.3436   (Y': 15.4344   Cb: 16.2474   Cr: 17.6235 )
00000113: 16.239    (Y': 15.2716   Cb: 16.1953   Cr: 17.5444 )
00000115: 16.4184   (Y': 15.557    Cb: 16.2927   Cr: 17.6604 )
00000116: 16.4203   (Y': 15.6297   Cb: 16.2434   Cr: 17.6194 )
00000117: 16.3577   (Y': 15.5785   Cb: 16.1838   Cr: 17.5347 )
00000119: 16.1498   (Y': 15.3377   Cb: 16.036    Cr: 17.2971 )
00000118: 16.139    (Y': 15.3638   Cb: 15.9738   Cr: 17.2976 )
00000120: 15.9737   (Y': 15.1608   Cb: 15.8259   Cr: 17.1681 )
00000122: 15.797    (Y': 15.0023   Cb: 15.5948   Cr: 17.0375 )
00000121: 15.9026   (Y': 15.0833   Cb: 15.7227   Cr: 17.1515 )
00000123: 15.7863   (Y': 15.0313   Cb: 15.5382   Cr: 17.028  )
00000126: 16.0467   (Y': 15.3188   Cb: 15.8439   Cr: 17.1833 )
00000124: 15.8653   (Y': 15.2043   Cb: 15.5866   Cr: 17.0042 )
00000125: 15.8869   (Y': 15.2538   Cb: 15.5846   Cr: 17.0166 )
00000127: 16.0799   (Y': 15.2764   Cb: 15.9516   Cr: 17.2332 )
00000128: 16.276    (Y': 15.6368   Cb: 16.0107   Cr: 17.3638 )
00000130: 16.1792   (Y': 15.4939   Cb: 15.9286   Cr: 17.3163 )
00000129: 16.2484   (Y': 15.6962   Cb: 15.8976   Cr: 17.3259 )
00000131: 16.2018   (Y': 15.4441   Cb: 16.0421   Cr: 17.3258 )
00000135: 16.1926   (Y': 15.0608   Cb: 16.3278   Cr: 17.5417 )
00000133: 16.3186   (Y': 15.4287   Cb: 16.3021   Cr: 17.4604 )
00000134: 16.2407   (Y': 15.2139   Cb: 16.304    Cr: 17.5032 )
00000132: 16.2603   (Y': 15.4171   Cb: 16.1733   Cr: 17.4208 )
00000136: 16.1353   (Y': 14.9815   Cb: 16.2277   Cr: 17.5817 )
00000137: 16.1371   (Y': 14.9989   Cb: 16.1933   Cr: 17.605  )
00000138: 16.1262   (Y': 14.9987   Cb: 16.1405   Cr: 17.6329 )
00000139: 16.0602   (Y': 14.9901   Cb: 16.0512   Cr: 17.4959 )
00000141: 16.1845   (Y': 15.258    Cb: 16.0076   Cr: 17.6073 )
00000142: 16.32     (Y': 15.5279   Cb: 16.1053   Cr: 17.5739 )
00000140: 16.1486   (Y': 15.2086   Cb: 16.0093   Cr: 17.5408 )
00000143: 16.3879   (Y': 15.7211   Cb: 16.0718   Cr: 17.588  )
00000144: 16.4158   (Y': 15.9648   Cb: 15.9487   Cr: 17.5116 )
00000145: 16.3298   (Y': 15.9292   Cb: 15.8293   Cr: 17.4022 )
00000146: 16.2493   (Y': 15.8007   Cb: 15.8188   Cr: 17.2896 )
00000147: 16.1629   (Y': 15.6922   Cb: 15.7453   Cr: 17.2164 )
00000149: 15.9837   (Y': 15.4258   Cb: 15.6635   Cr: 17.0273 )
00000148: 16.0884   (Y': 15.5638   Cb: 15.7249   Cr: 17.1436 )
00000150: 15.9066   (Y': 15.2796   Cb: 15.6317   Cr: 16.9895 )
00000151: 15.8931   (Y': 15.2124   Cb: 15.6977   Cr: 16.9483 )
00000152: 15.955    (Y': 15.2453   Cb: 15.6959   Cr: 17.1411 )
00000153: 15.9669   (Y': 15.2968   Cb: 15.6463   Cr: 17.1785 )
00000154: 15.7841   (Y': 15.2291   Cb: 15.4086   Cr: 16.9001 )
00000155: 15.7973   (Y': 15.261    Cb: 15.4091   Cr: 16.904  )
00000156: 15.8865   (Y': 15.3758   Cb: 15.4912   Cr: 16.9662 )
00000157: 15.9145   (Y': 15.3703   Cb: 15.5707   Cr: 16.9706 )
00000158: 16.0503   (Y': 15.4484   Cb: 15.7777   Cr: 17.093  )
00000159: 16.0638   (Y': 15.5056   Cb: 15.7887   Cr: 17.0468 )
00000160: 16.02     (Y': 15.395    Cb: 15.7866   Cr: 17.0439 )
00000162: 15.9724   (Y': 15.2167   Cb: 15.7918   Cr: 17.1215 )
00000161: 16.0061   (Y': 15.3291   Cb: 15.8108   Cr: 17.0558 )
00000163: 15.9238   (Y': 15.0993   Cb: 15.811    Cr: 17.0893 )
00000164: 16.0604   (Y': 15.1792   Cb: 16.0014   Cr: 17.2444 )
00000166: 16.2908   (Y': 15.3202   Cb: 16.3194   Cr: 17.5049 )
00000165: 16.1236   (Y': 15.1954   Cb: 16.0925   Cr: 17.3469 )
00000167: 16.3481   (Y': 15.4095   Cb: 16.3394   Cr: 17.5586 )
00000168: 16.4591   (Y': 15.4751   Cb: 16.5032   Cr: 17.6749 )
00000169: 16.62     (Y': 15.5787   Cb: 16.7247   Cr: 17.8526 )
00000170: 16.7038   (Y': 15.7036   Cb: 16.7369   Cr: 17.9615 )
00000171: 16.6998   (Y': 15.6714   Cb: 16.7287   Cr: 18.0105 )
00000173: 16.6699   (Y': 15.5567   Cb: 16.722    Cr: 18.098  )
00000174: 16.5709   (Y': 15.4786   Cb: 16.5695   Cr: 18.0356 )
00000175: 16.552    (Y': 15.5182   Cb: 16.5226   Cr: 17.9519 )
00000172: 16.7614   (Y': 15.632    Cb: 16.8415   Cr: 18.1803 )
00000176: 16.5395   (Y': 15.5341   Cb: 16.4705   Cr: 17.9452 )
00000178: 17.0432   (Y': 16.3762   Cb: 16.7633   Cr: 18.1928 )
00000177: 16.6013   (Y': 15.6381   Cb: 16.4929   Cr: 17.9896 )
00000179: 17.1015   (Y': 16.434    Cb: 16.8138   Cr: 18.2629 )
00000181: 16.8703   (Y': 16.0476   Cb: 16.662    Cr: 18.1645 )
00000180: 17.0238   (Y': 16.2506   Cb: 16.8166   Cr: 18.237  )
00000182: 16.5292   (Y': 15.4502   Cb: 16.5133   Cr: 17.9904 )
00000183: 16.3989   (Y': 15.3427   Cb: 16.3368   Cr: 17.8846 )
00000184: 16.2772   (Y': 15.1837   Cb: 16.2083   Cr: 17.8406 )
00000186: 16.1556   (Y': 15.1702   Cb: 16.0103   Cr: 17.6353 )
00000185: 16.2541   (Y': 15.2344   Cb: 16.1194   Cr: 17.7793 )
00000187: 16.1128   (Y': 15.148    Cb: 15.9565   Cr: 17.5723 )
00000188: 16.2767   (Y': 15.3286   Cb: 16.1404   Cr: 17.6785 )
00000191: 16.4512   (Y': 15.3993   Cb: 16.4204   Cr: 17.8849 )
00000189: 16.457    (Y': 15.4915   Cb: 16.3448   Cr: 17.8545 )
00000190: 16.5279   (Y': 15.5315   Cb: 16.4672   Cr: 17.9062 )
00000192: 16.3983   (Y': 15.2877   Cb: 16.392    Cr: 17.9033 )
00000193: 16.4238   (Y': 15.3233   Cb: 16.4695   Cr: 17.8382 )
00000194: 16.3945   (Y': 15.2708   Cb: 16.4522   Cr: 17.8342 )
00000195: 16.4016   (Y': 15.2778   Cb: 16.4447   Cr: 17.8613 )
00000198: 15.8584   (Y': 14.5878   Cb: 16.1379   Cr: 17.2702 )
00000196: 16.2848   (Y': 15.1585   Cb: 16.3501   Cr: 17.7186 )
00000197: 16.1409   (Y': 14.9906   Cb: 16.245    Cr: 17.5649 )
00000199: 15.8296   (Y': 14.4979   Cb: 16.1678   Cr: 17.28   )
00000200: 15.8605   (Y': 14.4831   Cb: 16.1863   Cr: 17.4153 )
00000202: 15.9739   (Y': 14.579    Cb: 16.2903   Cr: 17.5759 )
00000201: 15.932    (Y': 14.5398   Cb: 16.3024   Cr: 17.4573 )
00000203: 15.9888   (Y': 14.6427   Cb: 16.2687   Cr: 17.5437 )
00000204: 15.9734   (Y': 14.7969   Cb: 16.1431   Cr: 17.3571 )
00000207: 15.9554   (Y': 14.7273   Cb: 16.1871   Cr: 17.3511 )
00000206: 16.0005   (Y': 14.7944   Cb: 16.2306   Cr: 17.3582 )
00000205: 16.0463   (Y': 14.8535   Cb: 16.2367   Cr: 17.4319 )
00000208: 15.9625   (Y': 14.7367   Cb: 16.1694   Cr: 17.3868 )
00000210: 15.8959   (Y': 14.7016   Cb: 16.1215   Cr: 17.2383 )
00000209: 15.9375   (Y': 14.7555   Cb: 16.105    Cr: 17.3339 )
00000211: 15.9033   (Y': 14.7364   Cb: 16.1081   Cr: 17.2237 )
00000212: 15.8703   (Y': 14.7284   Cb: 16.0212   Cr: 17.2168 )
00000215: 16.112    (Y': 14.9342   Cb: 16.2112   Cr: 17.5931 )
00000213: 15.9545   (Y': 14.7695   Cb: 16.0966   Cr: 17.3903 )
00000214: 16.0223   (Y': 14.8838   Cb: 16.1025   Cr: 17.4577 )
00000216: 16.0929   (Y': 14.8841   Cb: 16.239    Cr: 17.5672 )
00000217: 16.1105   (Y': 14.8994   Cb: 16.2719   Cr: 17.5685 )
00000218: 16.0728   (Y': 14.8341   Cb: 16.2613   Cr: 17.5453 )
00000219: 16.1307   (Y': 14.9117   Cb: 16.3185   Cr: 17.5676 )
00000220: 16.0997   (Y': 14.8803   Cb: 16.279    Cr: 17.5486 )
00000221: 16.0491   (Y': 14.8218   Cb: 16.218    Cr: 17.5269 )
00000222: 16.085    (Y': 14.8105   Cb: 16.2816   Cr: 17.6142 )
00000223: 16.0433   (Y': 14.7886   Cb: 16.2138   Cr: 17.5703 )
00000224: 16.0762   (Y': 14.9009   Cb: 16.2414   Cr: 17.4637 )
00000226: 16.0923   (Y': 15.0513   Cb: 16.1617   Cr: 17.3709 )
00000225: 16.1054   (Y': 14.98     Cb: 16.2559   Cr: 17.4235 )
00000227: 16.1154   (Y': 15.1039   Cb: 16.1443   Cr: 17.3974 )
00000229: 16.2906   (Y': 15.4581   Cb: 16.2462   Cr: 17.3785 )
00000231: 16.4384   (Y': 15.7648   Cb: 16.3128   Cr: 17.3917 )
00000228: 16.2591   (Y': 15.3878   Cb: 16.1952   Cr: 17.4337 )
00000230: 16.4657   (Y': 15.7389   Cb: 16.346    Cr: 17.4899 )
00000232: 16.3905   (Y': 15.6245   Cb: 16.2932   Cr: 17.4447 )
00000234: 16.1052   (Y': 15.2802   Cb: 16.0569   Cr: 17.1863 )
00000233: 16.3206   (Y': 15.5403   Cb: 16.245    Cr: 17.3684 )
00000235: 16.0946   (Y': 15.2646   Cb: 16.0495   Cr: 17.1792 )
00000236: 16.0855   (Y': 15.2403   Cb: 16.0166   Cr: 17.2254 )
00000239: 16.2024   (Y': 15.4526   Cb: 16.0673   Cr: 17.2819 )
00000237: 16.0662   (Y': 15.2152   Cb: 15.9831   Cr: 17.2339 )
00000238: 16.132    (Y': 15.2467   Cb: 16.111    Cr: 17.2724 )
00000240: 16.8603   (Y': 16.346    Cb: 16.5481   Cr: 17.8306 )
00000241: 16.8958   (Y': 16.3114   Cb: 16.5955   Cr: 17.9506 )
00000242: 17.0035   (Y': 16.3497   Cb: 16.7701   Cr: 18.0694 )
00000243: 17.1026   (Y': 16.402    Cb: 16.9065   Cr: 18.1885 )
00000244: 17.1295   (Y': 16.3343   Cb: 17.0494   Cr: 18.2062 )
00000245: 17.1729   (Y': 16.3065   Cb: 17.1071   Cr: 18.3424 )
00000247: 17.0835   (Y': 15.7465   Cb: 17.4804   Cr: 18.4693 )
00000246: 17.2449   (Y': 16.3476   Cb: 17.255    Cr: 18.3643 )
00000248: 17.0957   (Y': 15.6969   Cb: 17.5799   Cr: 18.4892 )
00000250: 17.0393   (Y': 15.4088   Cb: 17.7479   Cr: 18.6197 )
00000249: 17.0236   (Y': 15.6651   Cb: 17.4199   Cr: 18.4503 )
00000251: 16.9474   (Y': 15.2121   Cb: 17.758    Cr: 18.6283 )
00000252: 17.5404   (Y': 16.27     Cb: 17.9961   Cr: 18.7334 )
00000253: 17.5627   (Y': 16.3273   Cb: 17.9543   Cr: 18.7708 )
00000255: 17.3039   (Y': 16.118    Cb: 17.6226   Cr: 18.5144 )
00000254: 17.4108   (Y': 16.1863   Cb: 17.733    Cr: 18.6845 )
00000256: 17.181    (Y': 16.0734   Cb: 17.3973   Cr: 18.384  )
00000257: 17.1971   (Y': 16.0844   Cb: 17.412    Cr: 18.4103 )
00000258: 17.1659   (Y': 15.9571   Cb: 17.4601   Cr: 18.4466 )
00000259: 17.2442   (Y': 16.0129   Cb: 17.5472   Cr: 18.5542 )
00000260: 17.3359   (Y': 16.1547   Cb: 17.6101   Cr: 18.5934 )
00000262: 17.3523   (Y': 16.2079   Cb: 17.6168   Cr: 18.5578 )
00000261: 17.3292   (Y': 16.19     Cb: 17.565    Cr: 18.5616 )
00000263: 17.317    (Y': 16.059    Cb: 17.6633   Cr: 18.6208 )
00000264: 17.1891   (Y': 15.9113   Cb: 17.5592   Cr: 18.4993 )
00000265: 17.187    (Y': 15.8879   Cb: 17.5886   Cr: 18.4966 )
00000266: 17.1261   (Y': 15.8191   Cb: 17.4632   Cr: 18.5315 )
00000267: 17.0145   (Y': 15.7874   Cb: 17.2831   Cr: 18.3605 )
00000268: 17.0132   (Y': 15.7624   Cb: 17.336    Cr: 18.3334 )
00000269: 17.0635   (Y': 15.8726   Cb: 17.3249   Cr: 18.3542 )
00000270: 17.0374   (Y': 15.8612   Cb: 17.2275   Cr: 18.3937 )
00000271: 16.9677   (Y': 15.7442   Cb: 17.215    Cr: 18.3349 )
00000272: 17.0361   (Y': 15.9259   Cb: 17.2735   Cr: 18.217  )
00000273: 16.8323   (Y': 15.7918   Cb: 17.0345   Cr: 17.9404 )
00000274: 16.8643   (Y': 15.8231   Cb: 17.0285   Cr: 18.0212 )
00000275: 16.853    (Y': 15.8514   Cb: 17.0043   Cr: 17.961  )
00000276: 16.9216   (Y': 15.8312   Cb: 17.1543   Cr: 18.0748 )
00000277: 17.0369   (Y': 15.8982   Cb: 17.3036   Cr: 18.2301 )
00000279: 17.1717   (Y': 16.0621   Cb: 17.4225   Cr: 18.335  )
00000278: 17.1378   (Y': 15.9779   Cb: 17.3906   Cr: 18.385  )
00000280: 17.2241   (Y': 16.0195   Cb: 17.5937   Cr: 18.4051 )
00000282: 16.94     (Y': 16.0122   Cb: 17.1134   Cr: 17.9038 )
00000281: 17.1631   (Y': 15.9554   Cb: 17.5343   Cr: 18.3474 )
00000283: 16.9635   (Y': 15.9509   Cb: 17.1731   Cr: 18.0176 )
00000285: 17.0279   (Y': 16.0235   Cb: 17.2571   Cr: 18.045  )
00000284: 17.0071   (Y': 15.9833   Cb: 17.25     Cr: 18.0389 )
00000286: 17.0411   (Y': 15.993    Cb: 17.2933   Cr: 18.1009 )
00000287: 17.0474   (Y': 16.0047   Cb: 17.3231   Cr: 18.0704 )
00000288: 16.8594   (Y': 16.0393   Cb: 16.9049   Cr: 17.8148 )
00000289: 16.7828   (Y': 15.953    Cb: 16.8222   Cr: 17.7601 )
00000290: 16.7758   (Y': 15.8415   Cb: 16.8341   Cr: 17.8923 )
00000291: 16.832    (Y': 15.9055   Cb: 16.8962   Cr: 17.9284 )
00000292: 17.0491   (Y': 15.9934   Cb: 17.1824   Cr: 18.2696 )
00000293: 17.0566   (Y': 16.029    Cb: 17.21     Cr: 18.2043 )
00000294: 16.9827   (Y': 15.9773   Cb: 17.1396   Cr: 18.0896 )
00000295: 16.9249   (Y': 16.0372   Cb: 16.9679   Cr: 17.9869 )
00000296: 16.7087   (Y': 15.8591   Cb: 16.8355   Cr: 17.6094 )
00000297: 16.8692   (Y': 16.0209   Cb: 16.9587   Cr: 17.8128 )
00000298: 16.8446   (Y': 15.8911   Cb: 17.0477   Cr: 17.8126 )
00000299: 16.8837   (Y': 15.8387   Cb: 17.1049   Cr: 17.9761 )
00000300: 16.8595   (Y': 15.6702   Cb: 17.2247   Cr: 18.0195 )
00000301: 16.8585   (Y': 15.6609   Cb: 17.2608   Cr: 17.9883 )
00000302: 16.7472   (Y': 15.3866   Cb: 17.2974   Cr: 17.9906 )
00000303: 16.7951   (Y': 15.4198   Cb: 17.4008   Cr: 18.0007 )
00000304: 16.8671   (Y': 15.7251   Cb: 17.3493   Cr: 17.8129 )
00000306: 16.7529   (Y': 15.7743   Cb: 17.3027   Cr: 17.3771 )
00000305: 16.7576   (Y': 15.6578   Cb: 17.2445   Cr: 17.6308 )
00000307: 16.7752   (Y': 15.9465   Cb: 17.2379   Cr: 17.2773 )
00000309: 16.3684   (Y': 15.5454   Cb: 16.7055   Cr: 16.9931 )
00000308: 16.511    (Y': 15.74     Cb: 16.8233   Cr: 17.0902 )
00000310: 15.999    (Y': 15.0855   Cb: 16.3954   Cr: 16.6889 )
00000311: 16.3905   (Y': 15.4062   Cb: 16.7392   Cr: 17.238  )
00000312: 16.5814   (Y': 15.6002   Cb: 16.9778   Cr: 17.3711 )
00000313: 16.6941   (Y': 15.7592   Cb: 17.1268   Cr: 17.3761 )
00000314: 17.2608   (Y': 16.7514   Cb: 17.5595   Cr: 17.5204 )
00000315: 17.1132   (Y': 16.7194   Cb: 17.2481   Cr: 17.4022 )
00000317: 16.73     (Y': 15.8488   Cb: 16.9194   Cr: 17.6039 )
00000316: 16.9412   (Y': 16.2449   Cb: 17.0944   Cr: 17.5922 )
00000318: 16.6762   (Y': 15.6705   Cb: 16.9558   Cr: 17.6358 )
00000319: 16.5567   (Y': 15.5653   Cb: 16.7367   Cr: 17.6125 )
00000320: 16.7841   (Y': 16.2631   Cb: 16.7196   Cr: 17.4514 )
00000321: 17.0992   (Y': 16.8055   Cb: 16.9331   Cr: 17.6001 )
00000322: 16.8413   (Y': 16.6513   Cb: 16.5805   Cr: 17.3307 )
00000323: 16.7756   (Y': 16.518    Cb: 16.562    Cr: 17.2892 )
00000324: 16.4945   (Y': 15.8378   Cb: 16.6164   Cr: 17.1271 )
00000325: 16.3215   (Y': 15.5032   Cb: 16.5335   Cr: 17.0773 )
00000326: 16.2306   (Y': 15.3883   Cb: 16.4377   Cr: 17.0268 )
00000327: 16.368    (Y': 15.5727   Cb: 16.5991   Cr: 17.0695 )
00000328: 16.2099   (Y': 15.5022   Cb: 16.3805   Cr: 16.8572 )
00000330: 16.2678   (Y': 15.441    Cb: 16.3957   Cr: 17.1334 )
00000329: 16.1252   (Y': 15.5026   Cb: 16.3269   Cr: 16.6252 )
00000331: 16.1694   (Y': 15.2546   Cb: 16.3709   Cr: 17.0799 )
00000333: 16.2098   (Y': 15.2615   Cb: 16.6591   Cr: 16.894  )
00000332: 16.1986   (Y': 15.2222   Cb: 16.5947   Cr: 16.9814 )
00000334: 16.4513   (Y': 15.6884   Cb: 16.7046   Cr: 17.0831 )
00000335: 16.4699   (Y': 15.9233   Cb: 16.4012   Cr: 17.176  )
00000336: 16.3802   (Y': 15.6346   Cb: 16.3181   Cr: 17.3586 )
00000338: 16.4137   (Y': 15.4565   Cb: 16.5034   Cr: 17.5268 )
00000337: 16.384    (Y': 15.5779   Cb: 16.3734   Cr: 17.388  )
00000339: 16.2532   (Y': 15.3902   Cb: 16.2917   Cr: 17.2823 )
00000340: 16.2097   (Y': 15.3249   Cb: 16.264    Cr: 17.253  )
00000341: 16.1783   (Y': 15.3083   Cb: 16.1853   Cr: 17.2585 )
00000342: 16.2536   (Y': 15.3244   Cb: 16.3587   Cr: 17.3028 )
00000343: 16.3756   (Y': 15.4846   Cb: 16.5328   Cr: 17.3026 )
00000344: 16.6538   (Y': 15.7361   Cb: 16.7774   Cr: 17.6622 )
00000346: 16.6743   (Y': 15.9669   Cb: 16.6671   Cr: 17.5288 )
00000345: 16.7202   (Y': 15.8897   Cb: 16.7688   Cr: 17.6873 )
00000347: 16.6684   (Y': 16.1007   Cb: 16.5491   Cr: 17.4646 )
00000348: 16.5952   (Y': 16.2967   Cb: 16.3349   Cr: 17.2146 )
00000349: 16.5382   (Y': 16.3367   Cb: 16.3514   Cr: 16.9548 )
00000350: 16.5385   (Y': 16.1532   Cb: 16.539    Cr: 16.9609 )
00000351: 16.4897   (Y': 16.0391   Cb: 16.5341   Cr: 16.9432 )
00000352: 16.2469   (Y': 15.6012   Cb: 16.3993   Cr: 16.831  )
00000353: 16.2027   (Y': 15.4748   Cb: 16.4029   Cr: 16.8445 )
00000354: 16.2437   (Y': 15.545    Cb: 16.3316   Cr: 16.9724 )
00000355: 16.2537   (Y': 15.5956   Cb: 16.283    Cr: 16.9948 )
00000356: 16.0762   (Y': 15.6425   Cb: 15.8971   Cr: 16.7673 )
00000357: 16.025    (Y': 15.5847   Cb: 15.8486   Cr: 16.7214 )
00000358: 16.3589   (Y': 16.151    Cb: 15.9409   Cr: 17.0652 )
00000359: 16.0198   (Y': 15.3467   Cb: 15.9129   Cr: 16.9487 )
00000360: 16.7401   (Y': 16.9931   Cb: 16.1254   Cr: 17.1759 )
00000361: 16.7335   (Y': 17.1777   Cb: 15.9274   Cr: 17.2237 )
00000362: 16.7185   (Y': 17.1388   Cb: 15.9888   Cr: 17.1316 )
00000363: 16.7452   (Y': 17.012    Cb: 15.8993   Cr: 17.4789 )
00000364: 16.6203   (Y': 16.5903   Cb: 15.8999   Cr: 17.5212 )
00000365: 16.3327   (Y': 16.0043   Cb: 15.8002   Cr: 17.3508 )
00000366: 16.4076   (Y': 15.8321   Cb: 16.0473   Cr: 17.5324 )
00000367: 16.395    (Y': 15.784    Cb: 16.0242   Cr: 17.588  )
00000368: 16.5271   (Y': 15.8604   Cb: 16.2539   Cr: 17.6669 )
00000370: 16.5616   (Y': 15.7384   Cb: 16.3541   Cr: 17.8554 )
00000369: 16.6221   (Y': 16.0436   Cb: 16.2927   Cr: 17.7082 )
00000371: 16.4379   (Y': 15.5596   Cb: 16.2868   Cr: 17.7428 )
00000373: 16.3726   (Y': 15.0364   Cb: 16.5682   Cr: 18.0231 )
00000372: 16.2786   (Y': 15.0864   Cb: 16.3474   Cr: 17.8289 )
00000374: 16.3042   (Y': 14.6938   Cb: 16.8123   Cr: 18.0989 )
00000375: 16.1643   (Y': 14.2674   Cb: 16.9401   Cr: 18.2694 )
00000376: 15.9865   (Y': 13.8997   Cb: 16.9972   Cr: 18.2727 )
00000377: 15.9842   (Y': 13.8946   Cb: 17.0018   Cr: 18.2686 )
00000378: 16.1059   (Y': 14.1816   Cb: 16.9236   Cr: 18.2235 )
00000379: 16.8479   (Y': 15.8448   Cb: 16.8383   Cr: 18.1676 )
00000380: 16.9316   (Y': 15.937    Cb: 16.9033   Cr: 18.2621 )
00000381: 16.9232   (Y': 16.0733   Cb: 16.8059   Cr: 18.1352 )
00000382: 17.0068   (Y': 16.3638   Cb: 16.8059   Cr: 18.0136 )
00000383: 16.9779   (Y': 16.3274   Cb: 16.7967   Cr: 17.9696 )
00000384: 16.9843   (Y': 16.2104   Cb: 16.8298   Cr: 18.1266 )
00000385: 16.9846   (Y': 16.1397   Cb: 16.8986   Cr: 18.1466 )
00000386: 16.9093   (Y': 16.0738   Cb: 16.8165   Cr: 18.0653 )
00000387: 16.9264   (Y': 16.1886   Cb: 16.7592   Cr: 18.03   )
00000388: 17.0924   (Y': 16.5558   Cb: 16.8634   Cr: 17.9845 )
00000389: 17.1576   (Y': 16.7913   Cb: 16.8121   Cr: 17.9712 )
00000390: 16.8704   (Y': 16.5259   Cb: 16.3897   Cr: 17.8373 )
00000391: 16.6139   (Y': 16.2504   Cb: 16.1357   Cr: 17.6033 )
00000392: 16.3822   (Y': 15.7671   Cb: 16.0715   Cr: 17.4964 )
00000393: 15.858    (Y': 15.1526   Cb: 15.6705   Cr: 16.9397 )
00000394: 16.0671   (Y': 15        Cb: 15.9737   Cr: 17.6178 )
00000395: 16.2268   (Y': 14.7637   Cb: 16.5808   Cr: 17.9163 )
00000396: 16.8148   (Y': 15.0957   Cb: 17.3703   Cr: 18.7909 )
00000397: 16.8619   (Y': 15.3041   Cb: 17.235    Cr: 18.7269 )
00000398: 16.2911   (Y': 15.5636   Cb: 16.0945   Cr: 17.4185 )
00000399: 15.863    (Y': 15.161    Cb: 15.8631   Cr: 16.7005 )
00000400: 16.074    (Y': 15.0894   Cb: 16.2089   Cr: 17.1746 )
00000402: 16.3761   (Y': 15.6378   Cb: 16.2842   Cr: 17.3816 )
00000401: 15.9967   (Y': 15.1488   Cb: 15.9442   Cr: 17.1193 )
00000403: 15.9399   (Y': 15.3403   Cb: 15.6481   Cr: 17.0053 )
00000404: 16.4181   (Y': 15.4761   Cb: 16.2943   Cr: 17.7917 )
00000405: 16.2685   (Y': 15.5561   Cb: 16.0015   Cr: 17.4699 )
00000406: 15.8467   (Y': 15.439    Cb: 15.4099   Cr: 16.8388 )
00000407: 15.6791   (Y': 15.2568   Cb: 15.192    Cr: 16.7627 )
00000408: 15.4338   (Y': 15.198    Cb: 15.0304   Cr: 16.1558 )
00000410: 15.5716   (Y': 15.1149   Cb: 15.4808   Cr: 16.1864 )
00000409: 15.39     (Y': 15.1458   Cb: 14.9792   Cr: 16.132  )
00000411: 15.6592   (Y': 15.2131   Cb: 15.4099   Cr: 16.4541 )
00000412: 15.7154   (Y': 15.298    Cb: 15.4369   Cr: 16.5096 )
00000413: 16.1563   (Y': 15.6979   Cb: 15.85     Cr: 17.0415 )
00000414: 16.2662   (Y': 15.764    Cb: 16.0024   Cr: 17.1557 )
00000415: 16.356    (Y': 15.7594   Cb: 16.1491   Cr: 17.3036 )
00000416: 16.4191   (Y': 15.7884   Cb: 16.2487   Cr: 17.3682 )
00000418: 16.4354   (Y': 15.8139   Cb: 16.2486   Cr: 17.3926 )
00000417: 16.4529   (Y': 15.8002   Cb: 16.3145   Cr: 17.3925 )
00000419: 16.4347   (Y': 15.8137   Cb: 16.2509   Cr: 17.3874 )
00000420: 16.4393   (Y': 15.7202   Cb: 16.3175   Cr: 17.4551 )
00000421: 16.4149   (Y': 15.6968   Cb: 16.2757   Cr: 17.4518 )
00000422: 16.3845   (Y': 15.6112   Cb: 16.269    Cr: 17.4737 )
00000423: 16.3036   (Y': 15.5551   Cb: 16.1422   Cr: 17.416  )
00000424: 16.2832   (Y': 15.5083   Cb: 16.1561   Cr: 17.3905 )
00000426: 16.2827   (Y': 15.629    Cb: 15.9971   Cr: 17.4202 )
00000425: 16.2073   (Y': 15.5441   Cb: 15.9616   Cr: 17.3042 )
00000427: 16.3752   (Y': 15.7386   Cb: 16.0442   Cr: 17.5502 )
00000428: 16.5128   (Y': 15.8179   Cb: 16.2225   Cr: 17.7198 )
00000429: 16.6157   (Y': 15.915    Cb: 16.3306   Cr: 17.8243 )
00000430: 16.9281   (Y': 16.2452   Cb: 16.6851   Cr: 18.051  )
00000431: 16.8252   (Y': 16.2473   Cb: 16.5171   Cr: 17.8811 )
00000432: 17.159    (Y': 16.622    Cb: 16.9198   Cr: 18.065  )
00000433: 17.5705   (Y': 16.6984   Cb: 17.5777   Cr: 18.6534 )
00000434: 18.106    (Y': 17.1131   Cb: 18.0977   Cr: 19.4067 )
00000435: 17.8721   (Y': 16.9188   Cb: 17.8493   Cr: 19.1255 )
00000436: 17.791    (Y': 16.8366   Cb: 17.856    Cr: 18.9314 )
00000437: 17.6833   (Y': 16.6257   Cb: 17.8616   Cr: 18.8494 )
00000438: 17.6134   (Y': 16.5574   Cb: 17.9433   Cr: 18.594  )
00000439: 17.7027   (Y': 16.4251   Cb: 18.2487   Cr: 18.8033 )
00000440: 17.726    (Y': 16.1642   Cb: 18.4822   Cr: 19.1106 )
00000441: 17.5738   (Y': 16.0398   Cb: 18.2811   Cr: 18.9607 )
00000442: 17.1982   (Y': 15.6242   Cb: 17.9033   Cr: 18.6669 )
00000443: 17.1973   (Y': 15.5808   Cb: 17.9007   Cr: 18.7552 )
00000444: 17.2635   (Y': 15.4811   Cb: 18.1493   Cr: 18.9573 )
00000445: 17.2892   (Y': 15.4705   Cb: 18.2122   Cr: 19.0198 )
00000446: 17.2891   (Y': 15.4027   Cb: 18.234    Cr: 19.1496 )
00000447: 17.2927   (Y': 15.3866   Cb: 18.2886   Cr: 19.1373 )
00000448: 17.2291   (Y': 15.2353   Cb: 18.3299   Cr: 19.1589 )
00000449: 17.266    (Y': 15.2843   Cb: 18.3258   Cr: 19.2159 )
00000450: 17.1136   (Y': 15.1151   Cb: 18.214    Cr: 19.0553 )
00000451: 17.0287   (Y': 15.0188   Cb: 18.1288   Cr: 18.9992 )
00000452: 16.9346   (Y': 14.9151   Cb: 18.0057   Cr: 18.9653 )
00000453: 16.9065   (Y': 14.8514   Cb: 17.986    Cr: 19.0183 )
00000454: 16.7492   (Y': 14.7164   Cb: 17.8057   Cr: 18.8318 )
00000455: 16.406    (Y': 14.4579   Cb: 17.3509   Cr: 18.4162 )
00000456: 15.9972   (Y': 14.2371   Cb: 16.6383   Cr: 17.9522 )
00000457: 16.3505   (Y': 14.5584   Cb: 17.0821   Cr: 18.2601 )
00000458: 17.1888   (Y': 15.1775   Cb: 18.3398   Cr: 19.1015 )
00000459: 17.2503   (Y': 15.2809   Cb: 18.3654   Cr: 19.103  )
00000460: 17.1799   (Y': 15.3052   Cb: 18.0419   Cr: 19.1168 )
00000461: 17.1983   (Y': 15.2947   Cb: 18.0877   Cr: 19.1698 )
00000462: 17.2374   (Y': 15.5192   Cb: 17.9937   Cr: 18.9476 )
00000463: 17.2045   (Y': 15.6601   Cb: 17.8445   Cr: 18.692  )
00000464: 17.1449   (Y': 15.7818   Cb: 17.6694   Cr: 18.423  )
00000465: 17.0752   (Y': 15.7825   Cb: 17.5822   Cr: 18.2472 )
00000466: 16.8472   (Y': 15.7102   Cb: 17.2595   Cr: 17.864  )
00000467: 16.4853   (Y': 15.2033   Cb: 17.0694   Cr: 17.5504 )
00000468: 16.1908   (Y': 15.0075   Cb: 16.7272   Cr: 17.1436 )
00000469: 16.2686   (Y': 15.3367   Cb: 16.4798   Cr: 17.1937 )
00000470: 15.9033   (Y': 15.1283   Cb: 15.8855   Cr: 16.8695 )
00000471: 15.72     (Y': 15.0252   Cb: 15.5543   Cr: 16.7568 )
00000472: 15.5523   (Y': 14.8153   Cb: 15.3474   Cr: 16.706  )
00000473: 15.455    (Y': 14.7187   Cb: 15.2227   Cr: 16.645  )
00000475: 15.4081   (Y': 14.4943   Cb: 15.3506   Cr: 16.6431 )
00000474: 15.3837   (Y': 14.5403   Cb: 15.2615   Cr: 16.5919 )
00000476: 15.6171   (Y': 14.5508   Cb: 15.6672   Cr: 16.9649 )
00000477: 15.7371   (Y': 14.6282   Cb: 15.8169   Cr: 17.12   )
00000478: 15.8937   (Y': 14.6936   Cb: 16.0649   Cr: 17.3184 )
00000479: 15.9844   (Y': 14.7076   Cb: 16.2194   Cr: 17.4665 )
00000480: 15.7086   (Y': 14.4931   Cb: 15.8298   Cr: 17.2295 )
00000481: 16.565    (Y': 15.3162   Cb: 16.8905   Cr: 17.8781 )
00000483: 16.6643   (Y': 15.3847   Cb: 17.07     Cr: 17.9335 )
00000482: 16.3961   (Y': 15.2356   Cb: 16.6473   Cr: 17.6461 )
00000484: 16.843    (Y': 15.5862   Cb: 17.1862   Cr: 18.1488 )
00000485: 16.843    (Y': 15.6093   Cb: 17.1686   Cr: 18.1289 )
00000486: 17.0257   (Y': 15.7799   Cb: 17.329    Cr: 18.3615 )
00000487: 16.713    (Y': 15.4929   Cb: 17.0102   Cr: 18.0101 )
00000488: 17.0375   (Y': 15.7808   Cb: 17.3516   Cr: 18.3794 )
00000489: 17.1369   (Y': 15.8985   Cb: 17.439    Cr: 18.461  )
00000491: 17.3618   (Y': 16.1063   Cb: 17.6634   Cr: 18.7174 )
00000490: 17.2448   (Y': 15.9843   Cb: 17.5701   Cr: 18.5794 )
00000492: 17.57     (Y': 16.2173   Cb: 18.0008   Cr: 18.9429 )
00000493: 17.6399   (Y': 16.3064   Cb: 18.0703   Cr: 18.9774 )
00000494: 17.7737   (Y': 16.4032   Cb: 18.2534   Cr: 19.1196 )
00000495: 17.8154   (Y': 16.4349   Cb: 18.3117   Cr: 19.1596 )
00000496: 17.9237   (Y': 16.451    Cb: 18.5332   Cr: 19.307  )
00000497: 17.9632   (Y': 16.4186   Cb: 18.5991   Cr: 19.4564 )
00000499: 17.9599   (Y': 16.3213   Cb: 18.7468   Cr: 19.4633 )
00000498: 17.9367   (Y': 16.3223   Cb: 18.6916   Cr: 19.4282 )
00000500: 17.8222   (Y': 16.2194   Cb: 18.621    Cr: 19.239  )
00000501: 17.7687   (Y': 16.1264   Cb: 18.5949   Cr: 19.2339 )
00000502: 17.6035   (Y': 15.9913   Cb: 18.4294   Cr: 19.0082 )
00000503: 17.4912   (Y': 15.8807   Cb: 18.3314   Cr: 18.8763 )
00000504: 17.3156   (Y': 15.7133   Cb: 18.091    Cr: 18.7585 )
00000505: 17.2376   (Y': 15.6277   Cb: 18.0485   Cr: 18.6548 )
00000506: 17.1679   (Y': 15.5514   Cb: 17.9392   Cr: 18.6445 )
00000507: 17.1771   (Y': 15.5259   Cb: 17.9629   Cr: 18.7077 )
00000508: 17.1888   (Y': 15.5553   Cb: 17.9212   Cr: 18.7469 )
00000509: 17.2535   (Y': 15.5863   Cb: 18.0537   Cr: 18.8007 )
00000510: 17.3163   (Y': 15.5866   Cb: 18.1925   Cr: 18.9064 )
00000511: 17.2882   (Y': 15.5808   Cb: 18.0859   Cr: 18.9237 )
00000512: 17.2775   (Y': 15.5876   Cb: 17.9461   Cr: 19.0362 )
00000513: 17.2772   (Y': 15.5807   Cb: 17.9375   Cr: 19.0613 )
00000514: 17.2545   (Y': 15.6498   Cb: 17.8351   Cr: 18.9414 )
00000515: 17.2527   (Y': 15.6596   Cb: 17.8561   Cr: 18.8859 )
00000516: 17.1781   (Y': 15.6613   Cb: 17.7698   Cr: 18.6692 )
00000517: 17.1385   (Y': 15.6341   Cb: 17.7275   Cr: 18.6084 )
00000518: 17.0641   (Y': 15.5187   Cb: 17.6797   Cr: 18.5837 )
00000519: 17.0801   (Y': 15.5443   Cb: 17.653    Cr: 18.6331 )
00000520: 16.9334   (Y': 15.4193   Cb: 17.452    Cr: 18.5107 )
00000521: 16.9111   (Y': 15.3613   Cb: 17.4786   Cr: 18.4998 )
00000522: 17.1492   (Y': 15.6444   Cb: 17.7032   Cr: 18.6632 )
00000523: 17.1553   (Y': 15.604    Cb: 17.7736   Cr: 18.6835 )
00000524: 17.1338   (Y': 15.4933   Cb: 17.8516   Cr: 18.7242 )
00000525: 17.0869   (Y': 15.3791   Cb: 17.9231   Cr: 18.6773 )
00000526: 17.0583   (Y': 15.3556   Cb: 17.8823   Cr: 18.6523 )
00000527: 16.9908   (Y': 15.3328   Cb: 17.7684   Cr: 18.5456 )
00000528: 16.8498   (Y': 15.2132   Cb: 17.581    Cr: 18.4159 )
00000529: 16.8067   (Y': 15.1893   Cb: 17.5397   Cr: 18.3304 )
00000530: 16.7406   (Y': 15.2079   Cb: 17.3767   Cr: 18.2093 )
00000531: 16.6574   (Y': 15.1603   Cb: 17.2684   Cr: 18.0862 )
00000532: 16.6003   (Y': 15.1254   Cb: 17.2275   Cr: 17.9667 )
00000533: 16.6029   (Y': 15.1592   Cb: 17.1835   Cr: 17.9649 )
00000534: 16.5573   (Y': 15.1333   Cb: 17.147    Cr: 17.8711 )
00000535: 16.5435   (Y': 15.1583   Cb: 17.1026   Cr: 17.8214 )
00000536: 16.4894   (Y': 15.1338   Cb: 17.0078   Cr: 17.7609 )
00000537: 16.4737   (Y': 15.0863   Cb: 17.011    Cr: 17.7816 )
00000538: 16.4617   (Y': 15.0929   Cb: 16.9731   Cr: 17.7659 )
00000539: 16.4515   (Y': 15.0958   Cb: 16.9437   Cr: 17.7546 )
00000540: 16.366    (Y': 15.0416   Cb: 16.8367   Cr: 17.6378 )
00000541: 16.2985   (Y': 14.9835   Cb: 16.7661   Cr: 17.5569 )
00000542: 16.2571   (Y': 14.9802   Cb: 16.6854   Cr: 17.4942 )
00000543: 16.2279   (Y': 14.9836   Cb: 16.6409   Cr: 17.426  )
00000544: 16.117    (Y': 14.8998   Cb: 16.5269   Cr: 17.2713 )
00000545: 16.0891   (Y': 14.8869   Cb: 16.4791   Cr: 17.2415 )
00000546: 16.0398   (Y': 14.8693   Cb: 16.3709   Cr: 17.2084 )
00000547: 15.9824   (Y': 14.8121   Cb: 16.3199   Cr: 17.1431 )
00000548: 15.9042   (Y': 14.7894   Cb: 16.1551   Cr: 17.0759 )
00000549: 15.8347   (Y': 14.7172   Cb: 16.0984   Cr: 16.9956 )
00000550: 15.6648   (Y': 14.6078   Cb: 15.7964   Cr: 16.8893 )
00000551: 15.5714   (Y': 14.4994   Cb: 15.686    Cr: 16.8436 )
00000552: 15.4376   (Y': 14.4281   Cb: 15.4816   Cr: 16.6963 )
00000553: 15.3613   (Y': 14.3673   Cb: 15.3905   Cr: 16.6136 )
00000554: 15.2512   (Y': 14.3175   Cb: 15.2233   Cr: 16.4792 )
00000555: 15.1856   (Y': 14.2969   Cb: 15.1256   Cr: 16.383  )
00000556: 15.1234   (Y': 14.3108   Cb: 14.9973   Cr: 16.2881 )
00000557: 15.1067   (Y': 14.327    Cb: 14.9723   Cr: 16.231  )
00000558: 15.085    (Y': 14.3788   Cb: 14.9168   Cr: 16.1422 )
00000559: 15.0742   (Y': 14.4387   Cb: 14.8661   Cr: 16.0795 )
00000560: 15.0832   (Y': 14.4683   Cb: 14.8794   Cr: 16.053  )
00000561: 15.157    (Y': 14.5626   Cb: 14.9317   Cr: 16.1259 )
00000563: 15.8073   (Y': 15.0319   Cb: 15.8501   Cr: 16.699  )
00000562: 14.9274   (Y': 14.3908   Cb: 14.6274   Cr: 15.9132 )
00000564: 15.5706   (Y': 14.8453   Cb: 15.5282   Cr: 16.4944 )
00000565: 15.556    (Y': 14.8754   Cb: 15.4513   Cr: 16.4929 )
00000566: 14.5969   (Y': 14.062    Cb: 14.2327   Cr: 15.6678 )
00000567: 14.5768   (Y': 14.0712   Cb: 14.2147   Cr: 15.6031 )
00000568: 14.5449   (Y': 14.0297   Cb: 14.1733   Cr: 15.5978 )
00000569: 14.5109   (Y': 14.0068   Cb: 14.1284   Cr: 15.5632 )
00000570: 14.5035   (Y': 14.0118   Cb: 14.1221   Cr: 15.5364 )
00000571: 14.4675   (Y': 13.9788   Cb: 14.0727   Cr: 15.5149 )
00000572: 14.4282   (Y': 13.9615   Cb: 14.039    Cr: 15.4367 )
00000573: 14.4998   (Y': 14.0167   Cb: 14.1335   Cr: 15.4995 )
00000574: 14.4243   (Y': 13.9407   Cb: 14.0336   Cr: 15.4587 )
00000575: 14.4165   (Y': 13.937    Cb: 14.0379   Cr: 15.4282 )
00000576: 14.4491   (Y': 13.9464   Cb: 14.0936   Cr: 15.4621 )
00000577: 14.4753   (Y': 13.9361   Cb: 14.1446   Cr: 15.5064 )
00000578: 14.4605   (Y': 13.9242   Cb: 14.1259   Cr: 15.4927 )
00000579: 14.4552   (Y': 13.9067   Cb: 14.1083   Cr: 15.5218 )
00000580: 14.4808   (Y': 13.9721   Cb: 14.1238   Cr: 15.5045 )
00000581: 14.4744   (Y': 13.9721   Cb: 14.117    Cr: 15.4894 )
00000582: 14.4714   (Y': 13.9548   Cb: 14.0945   Cr: 15.5338 )
00000583: 14.454    (Y': 13.9628   Cb: 14.0521   Cr: 15.5149 )
00000584: 14.4896   (Y': 14.0165   Cb: 14.0817   Cr: 15.5331 )
00000586: 14.4897   (Y': 14.01     Cb: 14.0734   Cr: 15.5543 )
00000588: 14.4866   (Y': 14.026    Cb: 14.0635   Cr: 15.5336 )
00000585: 14.4743   (Y': 13.9949   Cb: 14.0761   Cr: 15.5131 )
00000587: 14.4875   (Y': 14.0225   Cb: 14.0713   Cr: 15.5309 )
Total: 16.2958   (Y': 15.2836   Cb: 16.3722   Cr: 17.5166 )
