00000004: 15.7215   (Y': 15.1799   Cb: 15.7336   Cr: 16.3264 )
00000000: 15.7209   (Y': 15.266    Cb: 15.665    Cr: 16.2929 )
00000001: 15.7098   (Y': 15.2383   Cb: 15.6635   Cr: 16.2918 )
00000002: 15.7163   (Y': 15.2191   Cb: 15.6988   Cr: 16.2979 )
00000007: 15.6978   (Y': 15.1804   Cb: 15.7233   Cr: 16.2564 )
00000003: 15.7476   (Y': 15.2392   Cb: 15.7332   Cr: 16.3401 )
00000005: 15.7243   (Y': 15.2078   Cb: 15.7231   Cr: 16.3121 )
00000006: 15.7098   (Y': 15.1843   Cb: 15.7248   Cr: 16.2907 )
00000011: 15.7145   (Y': 15.0273   Cb: 15.8612   Cr: 16.3605 )
00000009: 15.7142   (Y': 15.1237   Cb: 15.7572   Cr: 16.3479 )
00000008: 15.6962   (Y': 15.1232   Cb: 15.7332   Cr: 16.3137 )
00000010: 15.7441   (Y': 15.0742   Cb: 15.8489   Cr: 16.4139 )
00000012: 15.7415   (Y': 14.9915   Cb: 15.9128   Cr: 16.4464 )
00000015: 15.7379   (Y': 14.9528   Cb: 15.9068   Cr: 16.495  )
00000013: 15.7448   (Y': 14.9698   Cb: 15.9121   Cr: 16.4893 )
00000016: 15.7526   (Y': 14.9564   Cb: 15.9387   Cr: 16.5061 )
00000018: 15.7704   (Y': 14.935    Cb: 15.9871   Cr: 16.5455 )
00000014: 15.7554   (Y': 14.9929   Cb: 15.9237   Cr: 16.4812 )
00000017: 15.759    (Y': 14.9397   Cb: 15.9673   Cr: 16.5202 )
00000019: 15.753    (Y': 14.9093   Cb: 15.9757   Cr: 16.5332 )
00000022: 15.782    (Y': 14.8803   Cb: 16.0256   Cr: 16.6239 )
00000020: 15.7609   (Y': 14.9162   Cb: 15.9969   Cr: 16.5273 )
00000021: 15.7508   (Y': 14.8846   Cb: 15.9968   Cr: 16.5375 )
00000030: 15.9538   (Y': 14.836    Cb: 16.3311   Cr: 16.9792 )
00000023: 15.7671   (Y': 14.8425   Cb: 16.0254   Cr: 16.6264 )
00000024: 15.8089   (Y': 14.8236   Cb: 16.0942   Cr: 16.7298 )
00000025: 15.8244   (Y': 14.849    Cb: 16.1022   Cr: 16.7388 )
00000026: 15.8659   (Y': 14.8434   Cb: 16.1839   Cr: 16.8071 )
00000029: 15.8955   (Y': 14.832    Cb: 16.2581   Cr: 16.8503 )
00000031: 15.9532   (Y': 14.8135   Cb: 16.355    Cr: 16.9862 )
00000032: 15.9595   (Y': 14.8076   Cb: 16.3789   Cr: 16.9927 )
00000027: 15.8745   (Y': 14.8522   Cb: 16.2013   Cr: 16.8053 )
00000028: 15.883    (Y': 14.8383   Cb: 16.217    Cr: 16.8409 )
00000035: 16.0009   (Y': 14.8181   Cb: 16.4608   Cr: 17.0388 )
00000036: 15.9963   (Y': 14.7903   Cb: 16.4742   Cr: 17.0524 )
00000033: 15.993    (Y': 14.8346   Cb: 16.4259   Cr: 17.0213 )
00000034: 15.996    (Y': 14.8101   Cb: 16.4767   Cr: 17.0152 )
00000037: 16.0281   (Y': 14.8118   Cb: 16.5207   Cr: 17.0849 )
00000038: 16.0371   (Y': 14.8125   Cb: 16.5429   Cr: 17.0931 )
00000039: 16.0174   (Y': 14.7925   Cb: 16.515    Cr: 17.0829 )
00000040: 15.9991   (Y': 14.742    Cb: 16.5163   Cr: 17.0974 )
00000042: 16.0156   (Y': 14.6928   Cb: 16.5985   Cr: 17.1535 )
00000046: 16.0269   (Y': 14.6516   Cb: 16.6468   Cr: 17.216  )
00000041: 16.012    (Y': 14.7375   Cb: 16.5506   Cr: 17.1157 )
00000044: 16.0281   (Y': 14.667    Cb: 16.659    Cr: 17.1791 )
00000047: 16.0034   (Y': 14.6102   Cb: 16.6269   Cr: 17.2211 )
00000043: 16.0109   (Y': 14.687    Cb: 16.589    Cr: 17.1561 )
00000045: 16.0234   (Y': 14.6395   Cb: 16.6689   Cr: 17.199  )
00000050: 16.0183   (Y': 14.5929   Cb: 16.7143   Cr: 17.2124 )
00000049: 16.0025   (Y': 14.6209   Cb: 16.6341   Cr: 17.1897 )
00000051: 16.0473   (Y': 14.636    Cb: 16.7209   Cr: 17.2411 )
00000048: 16.0053   (Y': 14.6146   Cb: 16.6526   Cr: 17.191  )
00000052: 16.0652   (Y': 14.6355   Cb: 16.7486   Cr: 17.2816 )
00000055: 16.1248   (Y': 14.6825   Cb: 16.8459   Cr: 17.3219 )
00000054: 16.1022   (Y': 14.6492   Cb: 16.8331   Cr: 17.3082 )
00000053: 16.0678   (Y': 14.6127   Cb: 16.762    Cr: 17.3188 )
00000056: 16.3129   (Y': 14.819    Cb: 17.0892   Cr: 17.5444 )
00000060: 16.6942   (Y': 15.1455   Cb: 17.5303   Cr: 17.963  )
00000057: 16.4029   (Y': 14.8789   Cb: 17.2009   Cr: 17.6667 )
00000059: 16.5679   (Y': 15.0564   Cb: 17.3376   Cr: 17.8395 )
00000058: 16.524    (Y': 15.0153   Cb: 17.3239   Cr: 17.7571 )
00000062: 16.9083   (Y': 15.3601   Cb: 17.7391   Cr: 18.1821 )
00000061: 16.8034   (Y': 15.271    Cb: 17.6239   Cr: 18.0584 )
00000066: 17.0602   (Y': 15.4939   Cb: 17.8735   Cr: 18.3884 )
00000067: 16.9747   (Y': 15.4137   Cb: 17.8145   Cr: 18.263  )
00000063: 16.9278   (Y': 15.397    Cb: 17.7108   Cr: 18.2213 )
00000065: 17.0389   (Y': 15.4654   Cb: 17.8764   Cr: 18.3541 )
00000064: 17.0196   (Y': 15.4773   Cb: 17.8407   Cr: 18.293  )
00000068: 16.9484   (Y': 15.4575   Cb: 17.7065   Cr: 18.1942 )
00000071: 16.9319   (Y': 15.4917   Cb: 17.6041   Cr: 18.1803 )
00000073: 16.8713   (Y': 15.4514   Cb: 17.4639   Cr: 18.174  )
00000069: 16.9443   (Y': 15.4964   Cb: 17.6539   Cr: 18.1645 )
00000075: 16.8161   (Y': 15.3699   Cb: 17.4205   Cr: 18.1545 )
00000072: 16.8995   (Y': 15.4799   Cb: 17.5127   Cr: 18.1775 )
00000070: 16.95     (Y': 15.4851   Cb: 17.6216   Cr: 18.2453 )
00000077: 16.7864   (Y': 15.3537   Cb: 17.3358   Cr: 18.1651 )
00000074: 16.8243   (Y': 15.3859   Cb: 17.4089   Cr: 18.1714 )
00000078: 16.8606   (Y': 15.4157   Cb: 17.431    Cr: 18.2372 )
00000076: 16.7952   (Y': 15.373    Cb: 17.3278   Cr: 18.1743 )
00000079: 16.8613   (Y': 15.43     Cb: 17.4113   Cr: 18.2366 )
00000087: 16.1731   (Y': 14.8388   Cb: 16.2734   Cr: 17.9567 )
00000083: 16.6581   (Y': 15.2315   Cb: 17.0178   Cr: 18.2654 )
00000082: 16.6777   (Y': 15.2497   Cb: 17.0515   Cr: 18.2692 )
00000080: 16.7977   (Y': 15.312    Cb: 17.3127   Cr: 18.3224 )
00000088: 16.1715   (Y': 14.8839   Cb: 16.1637   Cr: 18.0216 )
00000085: 16.3482   (Y': 14.9966   Cb: 16.5364   Cr: 18.0401 )
00000081: 16.7998   (Y': 15.3232   Cb: 17.278    Cr: 18.3532 )
00000084: 16.4198   (Y': 15.0433   Cb: 16.6897   Cr: 18.048  )
00000091: 16.048    (Y': 14.7705   Cb: 15.9854   Cr: 17.9629 )
00000092: 16.0178   (Y': 14.7732   Cb: 15.9181   Cr: 17.9228 )
00000086: 16.1913   (Y': 14.8715   Cb: 16.3128   Cr: 17.9146 )
00000093: 15.9986   (Y': 14.7606   Cb: 15.8978   Cr: 17.8918 )
00000089: 16.1233   (Y': 14.8297   Cb: 16.083    Cr: 18.0364 )
00000090: 16.0306   (Y': 14.7843   Cb: 15.9657   Cr: 17.8844 )
00000094: 16.0454   (Y': 14.8416   Cb: 15.9265   Cr: 17.8972 )
00000095: 16.0378   (Y': 14.8088   Cb: 15.9412   Cr: 17.9058 )
00000097: 16.0351   (Y': 14.8441   Cb: 15.9194   Cr: 17.8564 )
00000099: 16.1897   (Y': 15.0326   Cb: 16.0627   Cr: 17.9614 )
00000096: 15.9815   (Y': 14.8034   Cb: 15.8503   Cr: 17.8013 )
00000098: 16.1067   (Y': 14.9577   Cb: 15.9803   Cr: 17.8614 )
00000100: 16.3024   (Y': 15.1332   Cb: 16.1936   Cr: 18.0694 )
00000103: 16.2551   (Y': 15.0579   Cb: 16.1651   Cr: 18.0488 )
00000105: 16.4189   (Y': 15.1833   Cb: 16.4069   Cr: 18.1703 )
00000101: 16.3027   (Y': 15.1386   Cb: 16.214    Cr: 18.029  )
00000104: 16.3114   (Y': 15.0592   Cb: 16.3105   Cr: 18.0795 )
00000106: 16.5164   (Y': 15.2537   Cb: 16.5326   Cr: 18.28   )
00000109: 16.1752   (Y': 14.9616   Cb: 16.1283   Cr: 17.9354 )
00000102: 16.2975   (Y': 15.0997   Cb: 16.2195   Cr: 18.0742 )
00000108: 16.2236   (Y': 15.0348   Cb: 16.1699   Cr: 17.9453 )
00000107: 16.4975   (Y': 15.2575   Cb: 16.5237   Cr: 18.2007 )
00000110: 16.2808   (Y': 15.0592   Cb: 16.252    Cr: 18.0298 )
00000113: 16.4074   (Y': 15.1852   Cb: 16.3685   Cr: 18.173  )
00000114: 16.4368   (Y': 15.1691   Cb: 16.5074   Cr: 18.1298 )
00000112: 16.3337   (Y': 15.1541   Cb: 16.1862   Cr: 18.182  )
00000111: 16.3244   (Y': 15.1054   Cb: 16.2755   Cr: 18.0984 )
00000115: 16.3811   (Y': 15.134    Cb: 16.4244   Cr: 18.0734 )
00000116: 16.4344   (Y': 15.2286   Cb: 16.4082   Cr: 18.1481 )
00000120: 16.6517   (Y': 15.4975   Cb: 16.6465   Cr: 18.2359 )
00000118: 16.5256   (Y': 15.3446   Cb: 16.5387   Cr: 18.1338 )
00000117: 16.4437   (Y': 15.2947   Cb: 16.3831   Cr: 18.099  )
00000122: 16.8494   (Y': 15.7213   Cb: 16.7981   Cr: 18.4516 )
00000123: 16.781    (Y': 15.7176   Cb: 16.6062   Cr: 18.4463 )
00000126: 16.5976   (Y': 15.4748   Cb: 16.4062   Cr: 18.4026 )
00000125: 16.6747   (Y': 15.5619   Cb: 16.452    Cr: 18.5101 )
00000119: 16.6239   (Y': 15.4421   Cb: 16.6588   Cr: 18.2026 )
00000121: 16.6968   (Y': 15.5399   Cb: 16.6888   Cr: 18.2898 )
00000124: 16.7034   (Y': 15.6446   Cb: 16.4957   Cr: 18.4109 )
00000127: 16.6442   (Y': 15.4953   Cb: 16.4889   Cr: 18.444  )
00000129: 16.5887   (Y': 15.4039   Cb: 16.4643   Cr: 18.4114 )
00000130: 16.4981   (Y': 15.2922   Cb: 16.3726   Cr: 18.3648 )
00000131: 16.4861   (Y': 15.2107   Cb: 16.3842   Cr: 18.4589 )
00000135: 16.5812   (Y': 15.3663   Cb: 16.4583   Cr: 18.4619 )
00000133: 16.4813   (Y': 15.2203   Cb: 16.3811   Cr: 18.4212 )
00000128: 16.6369   (Y': 15.4684   Cb: 16.4884   Cr: 18.4646 )
00000136: 16.6746   (Y': 15.4617   Cb: 16.5772   Cr: 18.5113 )
00000132: 16.5032   (Y': 15.2181   Cb: 16.4198   Cr: 18.467  )
00000134: 16.5006   (Y': 15.3221   Cb: 16.331    Cr: 18.3821 )
00000137: 16.722    (Y': 15.5462   Cb: 16.5973   Cr: 18.5271 )
00000138: 16.852    (Y': 15.8205   Cb: 16.6949   Cr: 18.4316 )
00000141: 16.7535   (Y': 15.6353   Cb: 16.731    Cr: 18.2952 )
00000140: 16.8256   (Y': 15.7213   Cb: 16.8039   Cr: 18.3409 )
00000139: 16.841    (Y': 15.8214   Cb: 16.709    Cr: 18.3622 )
00000142: 16.6376   (Y': 15.5194   Cb: 16.5692   Cr: 18.2459 )
00000143: 16.5426   (Y': 15.4298   Cb: 16.4756   Cr: 18.139  )
00000145: 16.341    (Y': 15.0256   Cb: 16.4101   Cr: 18.1322 )
00000146: 16.3259   (Y': 14.9357   Cb: 16.45     Cr: 18.191  )
00000147: 16.3452   (Y': 14.9332   Cb: 16.445    Cr: 18.2935 )
00000144: 16.4192   (Y': 15.2583   Cb: 16.3759   Cr: 18.0716 )
00000148: 16.3483   (Y': 14.8747   Cb: 16.4835   Cr: 18.3782 )
00000150: 16.4235   (Y': 14.905    Cb: 16.6301   Cr: 18.4445 )
00000149: 16.3402   (Y': 14.8386   Cb: 16.5172   Cr: 18.3685 )
00000151: 16.4471   (Y': 14.9044   Cb: 16.6687   Cr: 18.5004 )
00000153: 16.5161   (Y': 14.8852   Cb: 16.8196   Cr: 18.6506 )
00000152: 16.4774   (Y': 14.881    Cb: 16.756    Cr: 18.568  )
00000157: 16.6747   (Y': 15.0027   Cb: 17.0687   Cr: 18.7708 )
00000155: 16.714    (Y': 15.006    Cb: 17.139    Cr: 18.851  )
00000156: 16.6548   (Y': 14.955    Cb: 17.1021   Cr: 18.739  )
00000154: 16.6401   (Y': 14.9307   Cb: 17.061    Cr: 18.7863 )
00000163: 16.506    (Y': 15.5315   Cb: 16.3738   Cr: 17.9475 )
00000159: 16.506    (Y': 15.1083   Cb: 16.6267   Cr: 18.392  )
00000158: 16.4908   (Y': 14.9981   Cb: 16.6953   Cr: 18.4575 )
00000162: 16.6308   (Y': 15.6253   Cb: 16.5112   Cr: 18.1087 )
00000161: 16.7053   (Y': 15.5268   Cb: 16.6969   Cr: 18.34   )
00000160: 16.7289   (Y': 15.4065   Cb: 16.8451   Cr: 18.4652 )
00000164: 16.407    (Y': 15.2894   Cb: 16.3832   Cr: 17.9498 )
00000166: 16.3185   (Y': 15.1201   Cb: 16.2765   Cr: 18.0414 )
00000167: 16.3511   (Y': 15.1446   Cb: 16.2812   Cr: 18.1327 )
00000169: 16.1667   (Y': 15.143    Cb: 15.9285   Cr: 17.8556 )
00000165: 16.384    (Y': 15.2155   Cb: 16.3685   Cr: 18.0102 )
00000168: 16.2217   (Y': 15.0688   Cb: 16.1149   Cr: 17.954  )
00000171: 16.124    (Y': 15.2022   Cb: 15.8135   Cr: 17.739  )
00000172: 16.1393   (Y': 15.3275   Cb: 15.8019   Cr: 17.6043 )
00000173: 16.0691   (Y': 15.3073   Cb: 15.6661   Cr: 17.5504 )
00000170: 16.1084   (Y': 15.1362   Cb: 15.8153   Cr: 17.788  )
00000174: 16.0024   (Y': 15.3003   Cb: 15.5676   Cr: 17.4337 )
00000175: 15.9766   (Y': 15.2468   Cb: 15.5802   Cr: 17.3947 )
00000177: 15.9487   (Y': 15.1338   Cb: 15.6145   Cr: 17.414  )
00000179: 15.8875   (Y': 14.9117   Cb: 15.7027   Cr: 17.4081 )
00000180: 15.943    (Y': 15.0406   Cb: 15.7015   Cr: 17.4192 )
00000176: 15.9601   (Y': 15.2269   Cb: 15.5714   Cr: 17.3721 )
00000182: 16.0124   (Y': 15.1001   Cb: 15.7689   Cr: 17.5085 )
00000181: 15.9235   (Y': 15.0054   Cb: 15.6996   Cr: 17.4006 )
00000183: 16.051    (Y': 15.0585   Cb: 15.9575   Cr: 17.4689 )
00000178: 15.87     (Y': 14.9127   Cb: 15.6607   Cr: 17.3941 )
00000184: 16.089    (Y': 15.2749   Cb: 15.879    Cr: 17.3718 )
00000188: 15.8644   (Y': 15.2613   Cb: 15.4534   Cr: 17.1037 )
00000187: 15.8497   (Y': 15.202    Cb: 15.5079   Cr: 17.0571 )
00000186: 15.8149   (Y': 15.2395   Cb: 15.4678   Cr: 16.9211 )
00000185: 16.0559   (Y': 15.357    Cb: 15.7358   Cr: 17.3116 )
00000189: 15.9197   (Y': 15.448    Cb: 15.3882   Cr: 17.1398 )
00000190: 16.1711   (Y': 15.6219   Cb: 15.6926   Cr: 17.428  )
00000191: 16.1048   (Y': 15.4958   Cb: 15.6681   Cr: 17.3908 )
00000193: 15.8462   (Y': 15.3039   Cb: 15.4409   Cr: 16.986  )
00000192: 15.8765   (Y': 15.2885   Cb: 15.4844   Cr: 17.0653 )
00000196: 15.8077   (Y': 15.0196   Cb: 15.6039   Cr: 17.0401 )
00000194: 15.8455   (Y': 15.3367   Cb: 15.4409   Cr: 16.9352 )
00000195: 15.7282   (Y': 15.309    Cb: 15.2912   Cr: 16.7367 )
00000201: 16.1593   (Y': 15.2694   Cb: 16.0322   Cr: 17.4502 )
00000197: 15.9553   (Y': 15.1882   Cb: 15.7554   Cr: 17.1489 )
00000198: 16.11     (Y': 15.212    Cb: 16.0242   Cr: 17.3571 )
00000199: 16.1106   (Y': 15.1951   Cb: 16.0002   Cr: 17.4207 )
00000200: 16.1435   (Y': 15.2329   Cb: 16.0196   Cr: 17.464  )
00000202: 16.2051   (Y': 15.3534   Cb: 16.0925   Cr: 17.4136 )
00000208: 15.9583   (Y': 15.4368   Cb: 15.645    Cr: 16.9404 )
00000209: 15.9147   (Y': 15.4942   Cb: 15.5662   Cr: 16.8042 )
00000203: 16.1346   (Y': 15.3559   Cb: 15.9459   Cr: 17.3312 )
00000206: 16.0249   (Y': 15.2615   Cb: 15.8964   Cr: 17.116  )
00000204: 16.1304   (Y': 15.3534   Cb: 15.9777   Cr: 17.2748 )
00000205: 16.1867   (Y': 15.3733   Cb: 16.1066   Cr: 17.2914 )
00000207: 16.0159   (Y': 15.3484   Cb: 15.7864   Cr: 17.0973 )
00000211: 15.8887   (Y': 15.6407   Cb: 15.4903   Cr: 16.6192 )
00000212: 15.8424   (Y': 15.7633   Cb: 15.3637   Cr: 16.4717 )
00000215: 15.712    (Y': 15.7514   Cb: 15.1681   Cr: 16.2889 )
00000210: 15.864    (Y': 15.5765   Cb: 15.4395   Cr: 16.679  )
00000213: 15.8295   (Y': 16.0191   Cb: 15.1896   Cr: 16.3651 )
00000216: 15.6955   (Y': 15.5986   Cb: 15.1994   Cr: 16.3687 )
00000214: 15.757    (Y': 15.7582   Cb: 15.208    Cr: 16.3842 )
00000221: 15.9779   (Y': 15.731    Cb: 15.6107   Cr: 16.6672 )
00000218: 15.7479   (Y': 15.5888   Cb: 15.3008   Cr: 16.432  )
00000219: 15.7959   (Y': 15.6108   Cb: 15.3557   Cr: 16.5028 )
00000220: 15.9153   (Y': 15.7041   Cb: 15.5368   Cr: 16.5749 )
00000222: 16.0026   (Y': 15.7816   Cb: 15.6871   Cr: 16.5953 )
00000217: 15.746    (Y': 15.5869   Cb: 15.2922   Cr: 16.4388 )
00000224: 16.0955   (Y': 15.906    Cb: 15.6966   Cr: 16.7546 )
00000223: 16.1264   (Y': 15.9234   Cb: 15.7855   Cr: 16.7287 )
00000227: 15.9259   (Y': 15.4909   Cb: 15.562    Cr: 16.8559 )
00000230: 16.2105   (Y': 16.0412   Cb: 15.7092   Cr: 16.9785 )
00000232: 16.2591   (Y': 15.5889   Cb: 16.0183   Cr: 17.3596 )
00000228: 15.8863   (Y': 15.5004   Cb: 15.5277   Cr: 16.7429 )
00000229: 16.0661   (Y': 15.9533   Cb: 15.5395   Cr: 16.7986 )
00000225: 15.9955   (Y': 15.6231   Cb: 15.6564   Cr: 16.8087 )
00000226: 15.9419   (Y': 15.4914   Cb: 15.5922   Cr: 16.8739 )
00000231: 16.0934   (Y': 15.6501   Cb: 15.7268   Cr: 17.0384 )
00000234: 16.4263   (Y': 15.5841   Cb: 16.3041   Cr: 17.6327 )
00000233: 16.3756   (Y': 15.696    Cb: 16.1316   Cr: 17.495  )
00000236: 16.4721   (Y': 15.5674   Cb: 16.3045   Cr: 17.8444 )
00000239: 16.7868   (Y': 15.8373   Cb: 16.7714   Cr: 18.0241 )
00000235: 16.3962   (Y': 15.4242   Cb: 16.362    Cr: 17.6962 )
00000237: 16.5688   (Y': 15.6505   Cb: 16.4412   Cr: 17.9076 )
00000238: 16.7565   (Y': 15.8791   Cb: 16.65     Cr: 17.9984 )
00000240: 16.8711   (Y': 15.8499   Cb: 16.898    Cr: 18.1725 )
00000241: 16.8602   (Y': 15.7908   Cb: 16.9193   Cr: 18.2013 )
00000243: 16.6092   (Y': 15.4741   Cb: 16.6808   Cr: 18.0501 )
00000242: 16.704    (Y': 15.6273   Cb: 16.7201   Cr: 18.1165 )
00000244: 16.3792   (Y': 15.1029   Cb: 16.4864   Cr: 18.0362 )
00000245: 16.4015   (Y': 15.0667   Cb: 16.5468   Cr: 18.1206 )
00000246: 16.3833   (Y': 14.8831   Cb: 16.7169   Cr: 18.1791 )
00000247: 16.4417   (Y': 14.8418   Cb: 16.9025   Cr: 18.2776 )
00000250: 16.6777   (Y': 14.6267   Cb: 17.6438   Cr: 18.9263 )
00000249: 16.5542   (Y': 14.6619   Cb: 17.3707   Cr: 18.5934 )
00000248: 16.5106   (Y': 14.717    Cb: 17.1971   Cr: 18.4837 )
00000251: 16.747    (Y': 14.6882   Cb: 17.6649   Cr: 19.0826 )
00000252: 16.8236   (Y': 14.7578   Cb: 17.6929   Cr: 19.2475 )
00000254: 16.8318   (Y': 14.9298   Cb: 17.4881   Cr: 19.118  )
00000255: 16.8429   (Y': 14.9721   Cb: 17.4796   Cr: 19.0763 )
00000258: 16.8633   (Y': 15.4178   Cb: 17.129    Cr: 18.639  )
00000259: 16.863    (Y': 15.5104   Cb: 17.0854   Cr: 18.5091 )
00000256: 16.7719   (Y': 15.0736   Cb: 17.2198   Cr: 18.8517 )
00000253: 16.8872   (Y': 14.8411   Cb: 17.759    Cr: 19.2527 )
00000257: 16.8543   (Y': 15.2508   Cb: 17.2312   Cr: 18.816  )
00000262: 16.9244   (Y': 15.8316   Cb: 16.9419   Cr: 18.3636 )
00000263: 17.0263   (Y': 15.9428   Cb: 17.0585   Cr: 18.4288 )
00000261: 16.9132   (Y': 15.726    Cb: 17.0493   Cr: 18.3611 )
00000260: 16.8784   (Y': 15.6095   Cb: 17.0472   Cr: 18.4352 )
00000264: 16.8956   (Y': 15.8898   Cb: 16.8265   Cr: 18.302  )
00000265: 16.9236   (Y': 15.9285   Cb: 16.8239   Cr: 18.3547 )
00000266: 16.8249   (Y': 15.9241   Cb: 16.6544   Cr: 18.1946 )
00000270: 17.5389   (Y': 16.5518   Cb: 17.6944   Cr: 18.6183 )
00000268: 17.1688   (Y': 16.1993   Cb: 17.1914   Cr: 18.3888 )
00000267: 16.8934   (Y': 15.905    Cb: 16.8177   Cr: 18.2788 )
00000269: 17.4575   (Y': 16.5122   Cb: 17.511    Cr: 18.5979 )
00000272: 16.896    (Y': 15.9906   Cb: 16.8896   Cr: 18.0495 )
00000278: 16.9838   (Y': 16.0876   Cb: 16.8558   Cr: 18.2861 )
00000273: 17.1378   (Y': 16.2496   Cb: 17.1253   Cr: 18.2719 )
00000271: 17.401    (Y': 16.4471   Cb: 17.5607   Cr: 18.4221 )
00000279: 17.0466   (Y': 16.1127   Cb: 16.9855   Cr: 18.3196 )
00000277: 16.8568   (Y': 15.9934   Cb: 16.6721   Cr: 18.1846 )
00000276: 17.0097   (Y': 16.0994   Cb: 16.8984   Cr: 18.3124 )
00000275: 17.1556   (Y': 16.2373   Cb: 17.0999   Cr: 18.3956 )
00000274: 17.2049   (Y': 16.2432   Cb: 17.2196   Cr: 18.4225 )
00000280: 16.9492   (Y': 16.0814   Cb: 16.7552   Cr: 18.2972 )
00000281: 16.8977   (Y': 16.029    Cb: 16.6888   Cr: 18.2687 )
00000285: 16.3823   (Y': 15.5685   Cb: 15.9591   Cr: 17.9841 )
00000286: 16.5      (Y': 15.6017   Cb: 16.2203   Cr: 18.0262 )
00000283: 16.8256   (Y': 15.9091   Cb: 16.6136   Cr: 18.2824 )
00000287: 16.4899   (Y': 15.5995   Cb: 16.2136   Cr: 17.9972 )
00000284: 16.3714   (Y': 15.5347   Cb: 15.9497   Cr: 18.011  )
00000282: 16.7967   (Y': 15.958    Cb: 16.5502   Cr: 18.1719 )
00000288: 16.2203   (Y': 15.4323   Cb: 15.8545   Cr: 17.6884 )
00000289: 16.1618   (Y': 15.4841   Cb: 15.7705   Cr: 17.4883 )
00000290: 16.0955   (Y': 15.3544   Cb: 15.6808   Cr: 17.5602 )
00000291: 16.2904   (Y': 15.4577   Cb: 15.8715   Cr: 17.9183 )
00000292: 16.3973   (Y': 15.48     Cb: 16.0729   Cr: 18.0261 )
00000293: 16.432    (Y': 15.5579   Cb: 16.0557   Cr: 18.0656 )
00000299: 16.3747   (Y': 15.3571   Cb: 16.0252   Cr: 18.231  )
00000294: 16.4288   (Y': 15.5203   Cb: 16.069    Cr: 18.0977 )
00000296: 16.4828   (Y': 15.5216   Cb: 16.1343   Cr: 18.2301 )
00000295: 16.4669   (Y': 15.5336   Cb: 16.0969   Cr: 18.1978 )
00000298: 16.3876   (Y': 15.3838   Cb: 16.0255   Cr: 18.2385 )
00000297: 16.4555   (Y': 15.4823   Cb: 16.0905   Cr: 18.2527 )
00000300: 16.3786   (Y': 15.3545   Cb: 16.0461   Cr: 18.2193 )
00000305: 16.2347   (Y': 15.2155   Cb: 15.9425   Cr: 18.0006 )
00000307: 16.3271   (Y': 15.2349   Cb: 16.183    Cr: 17.9999 )
00000306: 16.2825   (Y': 15.203    Cb: 16.0767   Cr: 18.0264 )
00000304: 16.2103   (Y': 15.172    Cb: 15.9043   Cr: 18.035  )
00000301: 16.3496   (Y': 15.3582   Cb: 15.9958   Cr: 18.1628 )
00000302: 16.3207   (Y': 15.3831   Cb: 15.9161   Cr: 18.1159 )
00000303: 16.2786   (Y': 15.3146   Cb: 15.8963   Cr: 18.0866 )
00000310: 16.1746   (Y': 15.2109   Cb: 15.9203   Cr: 17.7784 )
00000308: 16.3355   (Y': 15.2714   Cb: 16.1675   Cr: 17.9917 )
00000309: 16.3362   (Y': 15.2837   Cb: 16.1859   Cr: 17.9441 )
00000312: 16.047    (Y': 15.1162   Cb: 15.6895   Cr: 17.7528 )
00000314: 16.0077   (Y': 15.0942   Cb: 15.6569   Cr: 17.6713 )
00000311: 16.0935   (Y': 15.159    Cb: 15.8051   Cr: 17.6968 )
00000315: 16.0113   (Y': 15.0583   Cb: 15.6982   Cr: 17.687  )
00000313: 16.0449   (Y': 15.1526   Cb: 15.6685   Cr: 17.711  )
00000317: 15.9894   (Y': 15.0696   Cb: 15.7166   Cr: 17.5429 )
00000316: 16.0096   (Y': 15.0713   Cb: 15.7114   Cr: 17.6354 )
00000318: 15.9467   (Y': 15.0691   Cb: 15.6656   Cr: 17.4391 )
00000319: 15.9449   (Y': 15.0896   Cb: 15.6653   Cr: 17.397  )
00000320: 16.0073   (Y': 15.2456   Cb: 15.6836   Cr: 17.3687 )
00000321: 15.9897   (Y': 15.2317   Cb: 15.6415   Cr: 17.3812 )
00000323: 16.0269   (Y': 15.3117   Cb: 15.6659   Cr: 17.3683 )
00000322: 16.0474   (Y': 15.274    Cb: 15.7272   Cr: 17.4225 )
00000324: 16.0669   (Y': 15.3393   Cb: 15.7287   Cr: 17.3945 )
00000326: 16.0276   (Y': 15.2632   Cb: 15.7093   Cr: 17.3856 )
00000325: 15.9931   (Y': 15.2705   Cb: 15.6639   Cr: 17.2997 )
00000328: 16.1211   (Y': 15.2381   Cb: 15.8165   Cr: 17.6583 )
00000327: 16.0901   (Y': 15.2858   Cb: 15.7881   Cr: 17.4894 )
00000331: 16.1735   (Y': 15.2695   Cb: 15.896    Cr: 17.7065 )
00000329: 16.0729   (Y': 15.2346   Cb: 15.7369   Cr: 17.5811 )
00000330: 16.1167   (Y': 15.2443   Cb: 15.8177   Cr: 17.6269 )
00000332: 16.1178   (Y': 15.2518   Cb: 15.8388   Cr: 17.587  )
00000335: 16.0097   (Y': 15.1057   Cb: 15.6922   Cr: 17.6039 )
00000333: 16.1143   (Y': 15.3033   Cb: 15.7577   Cr: 17.6071 )
00000334: 16.0132   (Y': 15.1353   Cb: 15.6746   Cr: 17.5939 )
00000336: 16.034    (Y': 15.1297   Cb: 15.7084   Cr: 17.6414 )
00000337: 15.987    (Y': 15.1075   Cb: 15.697    Cr: 17.4962 )
00000338: 16.0353   (Y': 15.1906   Cb: 15.7874   Cr: 17.4227 )
00000340: 15.9965   (Y': 15.1813   Cb: 15.7073   Cr: 17.3952 )
00000339: 16.0406   (Y': 15.1823   Cb: 15.7834   Cr: 17.4643 )
00000341: 15.9734   (Y': 15.1249   Cb: 15.7122   Cr: 17.3866 )
00000346: 15.8944   (Y': 15.0134   Cb: 15.5835   Cr: 17.4379 )
00000342: 15.9732   (Y': 15.131    Cb: 15.6916   Cr: 17.406  )
00000347: 15.8171   (Y': 14.9766   Cb: 15.4556   Cr: 17.3682 )
00000350: 15.3145   (Y': 14.416    Cb: 15.1472   Cr: 16.6758 )
00000351: 15.312    (Y': 14.4354   Cb: 15.1357   Cr: 16.6497 )
00000352: 15.2526   (Y': 14.3436   Cb: 15.1349   Cr: 16.5621 )
00000349: 15.3206   (Y': 14.4156   Cb: 15.1209   Cr: 16.7395 )
00000348: 15.5401   (Y': 14.6578   Cb: 15.2696   Cr: 17.0246 )
00000344: 15.944    (Y': 15.0918   Cb: 15.6227   Cr: 17.4535 )
00000353: 15.3029   (Y': 14.4078   Cb: 15.1577   Cr: 16.6275 )
00000343: 15.9415   (Y': 15.1108   Cb: 15.6419   Cr: 17.3816 )
00000345: 15.9491   (Y': 15.1194   Cb: 15.597    Cr: 17.4668 )
00000356: 15.4163   (Y': 14.5483   Cb: 15.2554   Cr: 16.7179 )
00000354: 15.373    (Y': 14.3995   Cb: 15.2937   Cr: 16.738  )
00000359: 15.527    (Y': 14.8719   Cb: 15.2401   Cr: 16.6682 )
00000360: 15.6526   (Y': 15.1565   Cb: 15.2965   Cr: 16.657  )
00000358: 15.479    (Y': 14.7503   Cb: 15.2699   Cr: 16.6256 )
00000361: 15.7909   (Y': 15.286    Cb: 15.4272   Cr: 16.818  )
00000355: 15.3773   (Y': 14.4731   Cb: 15.2271   Cr: 16.7244 )
00000363: 15.7164   (Y': 15.1962   Cb: 15.3615   Cr: 16.7534 )
00000357: 15.4727   (Y': 14.6378   Cb: 15.309    Cr: 16.7244 )
00000362: 15.7688   (Y': 15.2782   Cb: 15.3746   Cr: 16.818  )
00000369: 15.7505   (Y': 15.2632   Cb: 15.3813   Cr: 16.7605 )
00000366: 15.8169   (Y': 15.1599   Cb: 15.5474   Cr: 16.9371 )
00000370: 15.694    (Y': 15.1946   Cb: 15.3319   Cr: 16.7111 )
00000368: 15.748    (Y': 15.2813   Cb: 15.3552   Cr: 16.7614 )
00000367: 15.809    (Y': 15.23     Cb: 15.5013   Cr: 16.8659 )
00000364: 15.7694   (Y': 15.1433   Cb: 15.4696   Cr: 16.8849 )
00000365: 15.7906   (Y': 15.1564   Cb: 15.4753   Cr: 16.94   )
00000371: 15.5949   (Y': 15.1488   Cb: 15.2384   Cr: 16.5301 )
00000372: 15.4678   (Y': 14.9853   Cb: 15.2105   Cr: 16.3219 )
00000380: 15.4429   (Y': 14.7439   Cb: 15.3129   Cr: 16.4394 )
00000377: 15.3247   (Y': 14.8161   Cb: 15.0253   Cr: 16.27   )
00000382: 15.5875   (Y': 14.9651   Cb: 15.3732   Cr: 16.5818 )
00000379: 15.3998   (Y': 14.7957   Cb: 15.2074   Cr: 16.3392 )
00000374: 15.4818   (Y': 14.9961   Cb: 15.2105   Cr: 16.3584 )
00000375: 15.412    (Y': 15.0183   Cb: 15.0788   Cr: 16.2454 )
00000373: 15.4577   (Y': 15.0274   Cb: 15.1503   Cr: 16.3065 )
00000376: 15.3463   (Y': 14.9227   Cb: 14.9718   Cr: 16.2749 )
00000383: 15.7947   (Y': 15.0249   Cb: 15.6196   Cr: 16.9587 )
00000378: 15.2887   (Y': 14.7342   Cb: 15.0532   Cr: 16.2141 )
00000381: 15.4459   (Y': 14.7942   Cb: 15.3064   Cr: 16.3854 )
00000384: 15.7254   (Y': 14.9436   Cb: 15.5365   Cr: 16.9269 )
00000385: 15.745    (Y': 14.9636   Cb: 15.5829   Cr: 16.9095 )
00000386: 15.7084   (Y': 14.9046   Cb: 15.5989   Cr: 16.8368 )
00000387: 15.739    (Y': 15.0376   Cb: 15.5664   Cr: 16.795  )
00000388: 15.9292   (Y': 15.1458   Cb: 15.7626   Cr: 17.1028 )
00000389: 15.9517   (Y': 15.1089   Cb: 15.8427   Cr: 17.1415 )
00000391: 16.0874   (Y': 15.3606   Cb: 15.8247   Cr: 17.3051 )
00000395: 15.9509   (Y': 15.1555   Cb: 15.7553   Cr: 17.1835 )
00000392: 16.097    (Y': 15.4483   Cb: 15.8127   Cr: 17.2252 )
00000397: 15.8505   (Y': 14.8989   Cb: 15.7836   Cr: 17.1612 )
00000390: 16.0455   (Y': 15.2195   Cb: 15.8916   Cr: 17.2692 )
00000393: 16.1479   (Y': 15.6008   Cb: 15.8188   Cr: 17.1881 )
00000394: 16.1264   (Y': 15.4177   Cb: 15.8744   Cr: 17.3012 )
00000396: 15.8438   (Y': 14.9897   Cb: 15.7196   Cr: 17.0721 )
00000398: 15.7374   (Y': 14.7916   Cb: 15.7099   Cr: 16.9848 )
00000400: 15.8401   (Y': 14.9005   Cb: 15.8042   Cr: 17.0884 )
00000399: 15.798    (Y': 14.8854   Cb: 15.7534   Cr: 17.0138 )
00000401: 15.8231   (Y': 14.9283   Cb: 15.7766   Cr: 17.0123 )
00000402: 15.874    (Y': 14.8558   Cb: 15.9709   Cr: 17.0782 )
00000403: 15.873    (Y': 14.8426   Cb: 15.9815   Cr: 17.0823 )
00000404: 15.8979   (Y': 14.8599   Cb: 16.0433   Cr: 17.0731 )
00000405: 15.9536   (Y': 14.772    Cb: 16.216    Cr: 17.2267 )
00000406: 16.2151   (Y': 14.977    Cb: 16.5289   Cr: 17.5236 )
00000409: 16.2273   (Y': 14.9496   Cb: 16.4696   Cr: 17.7012 )
00000411: 16.1982   (Y': 14.9665   Cb: 16.2381   Cr: 17.8653 )
00000410: 16.2712   (Y': 15.009    Cb: 16.4214   Cr: 17.8405 )
00000415: 16.2731   (Y': 14.9102   Cb: 16.3436   Cr: 18.1611 )
00000407: 16.1941   (Y': 14.8718   Cb: 16.5438   Cr: 17.6123 )
00000412: 16.2548   (Y': 15.078    Cb: 16.2695   Cr: 17.853  )
00000416: 16.2526   (Y': 14.9354   Cb: 16.2893   Cr: 18.0963 )
00000408: 16.2453   (Y': 14.9177   Cb: 16.528    Cr: 17.7606 )
00000418: 16.4848   (Y': 15.3943   Cb: 16.3309   Cr: 18.1695 )
00000417: 16.2999   (Y': 15.0294   Cb: 16.3107   Cr: 18.087  )
00000413: 16.3133   (Y': 15.109    Cb: 16.335    Cr: 17.9538 )
00000414: 16.3118   (Y': 15.0468   Cb: 16.3502   Cr: 18.0467 )
00000419: 16.5612   (Y': 15.6217   Cb: 16.258    Cr: 18.1969 )
00000420: 16.7436   (Y': 16.0956   Cb: 16.1781   Cr: 18.2924 )
00000425: 16.7201   (Y': 16.2053   Cb: 15.9923   Cr: 18.3209 )
00000423: 16.9131   (Y': 16.2385   Cb: 16.3455   Cr: 18.5098 )
00000422: 16.9037   (Y': 16.1447   Cb: 16.4372   Cr: 18.48   )
00000426: 16.477    (Y': 16.0499   Cb: 15.6981   Cr: 18.0245 )
00000424: 16.812    (Y': 16.1655   Cb: 16.1435   Cr: 18.5315 )
00000421: 16.8578   (Y': 16.1679   Cb: 16.3492   Cr: 18.3845 )
00000428: 16.2608   (Y': 15.5451   Cb: 15.67     Cr: 17.9668 )
00000430: 16.3746   (Y': 16.0075   Cb: 15.5942   Cr: 17.8321 )
00000431: 16.3266   (Y': 16.0494   Cb: 15.5225   Cr: 17.6894 )
00000427: 16.3733   (Y': 15.866    Cb: 15.6505   Cr: 17.9535 )
00000429: 16.28     (Y': 15.6504   Cb: 15.6296   Cr: 17.9391 )
00000432: 16.259    (Y': 15.798    Cb: 15.5128   Cr: 17.8045 )
00000433: 16.3088   (Y': 15.757    Cb: 15.614    Cr: 17.914  )
00000434: 16.2959   (Y': 15.7118   Cb: 15.6091   Cr: 17.941  )
00000436: 16.1049   (Y': 15.3032   Cb: 15.5906   Cr: 17.8343 )
00000435: 16.2123   (Y': 15.5797   Cb: 15.5633   Cr: 17.8745 )
00000437: 16.1077   (Y': 15.2746   Cb: 15.6296   Cr: 17.833  )
00000438: 16.2525   (Y': 15.3824   Cb: 15.8085   Cr: 17.9882 )
00000439: 16.3716   (Y': 15.4581   Cb: 15.9809   Cr: 18.0995 )
00000443: 16.3881   (Y': 15.4336   Cb: 16.1299   Cr: 17.9809 )
00000442: 16.5438   (Y': 15.6167   Cb: 16.2573   Cr: 18.1315 )
00000440: 16.5568   (Y': 15.6226   Cb: 16.2611   Cr: 18.1713 )
00000441: 16.4588   (Y': 15.5048   Cb: 16.1569   Cr: 18.1186 )
00000445: 16.3873   (Y': 15.4203   Cb: 16.1493   Cr: 17.9718 )
00000446: 16.3131   (Y': 15.2958   Cb: 16.1422   Cr: 17.8876 )
00000444: 16.4122   (Y': 15.4061   Cb: 16.1732   Cr: 18.0696 )
00000447: 16.374    (Y': 15.3671   Cb: 16.1806   Cr: 17.9632 )
00000448: 16.2988   (Y': 15.2881   Cb: 16.1047   Cr: 17.8962 )
00000449: 16.2771   (Y': 15.1754   Cb: 16.09     Cr: 18.0345 )
00000451: 16.2182   (Y': 15.1367   Cb: 15.9555   Cr: 18.0566 )
00000450: 16.2475   (Y': 15.1663   Cb: 16.0345   Cr: 18.006  )
00000452: 16.3472   (Y': 15.2444   Cb: 16.1729   Cr: 18.0865 )
00000460: 16.144    (Y': 15.1002   Cb: 15.862    Cr: 17.9404 )
00000455: 16.3494   (Y': 15.2313   Cb: 16.1328   Cr: 18.1853 )
00000454: 16.212    (Y': 15.0886   Cb: 16.0277   Cr: 18.0072 )
00000456: 16.2625   (Y': 15.2447   Cb: 16.0126   Cr: 17.9586 )
00000457: 16.1935   (Y': 15.1075   Cb: 15.9992   Cr: 17.9317 )
00000453: 16.4324   (Y': 15.3211   Cb: 16.2664   Cr: 18.1752 )
00000461: 16.1075   (Y': 15.0538   Cb: 15.8142   Cr: 17.9416 )
00000459: 16.0702   (Y': 14.9793   Cb: 15.8664   Cr: 17.8328 )
00000458: 16.158    (Y': 15.0794   Cb: 15.975    Cr: 17.8647 )
00000463: 16.1998   (Y': 15.155    Cb: 15.9737   Cr: 17.9092 )
00000462: 16.1892   (Y': 15.1725   Cb: 15.9343   Cr: 17.8911 )
00000466: 16.2267   (Y': 15.218    Cb: 15.988    Cr: 17.8886 )
00000464: 16.2074   (Y': 15.1821   Cb: 15.9602   Cr: 17.9133 )
00000465: 16.2144   (Y': 15.1927   Cb: 15.9483   Cr: 17.9435 )
00000467: 16.305    (Y': 15.3187   Cb: 16.0449   Cr: 17.9589 )
00000468: 16.3917   (Y': 15.3423   Cb: 16.1688   Cr: 18.1049 )
00000471: 16.2728   (Y': 15.0533   Cb: 16.1834   Cr: 18.1105 )
00000472: 16.3005   (Y': 15.0312   Cb: 16.2955   Cr: 18.1089 )
00000470: 16.3224   (Y': 15.1015   Cb: 16.2104   Cr: 18.1982 )
00000473: 16.4095   (Y': 15.1158   Cb: 16.4461   Cr: 18.2049 )
00000474: 16.3099   (Y': 15.0176   Cb: 16.3221   Cr: 18.1393 )
00000475: 16.4002   (Y': 15.11     Cb: 16.4394   Cr: 18.1848 )
00000478: 16.4542   (Y': 15.158    Cb: 16.5255   Cr: 18.2033 )
00000469: 16.2738   (Y': 15.1537   Cb: 16.0884   Cr: 18.0643 )
00000476: 16.3377   (Y': 15.1361   Cb: 16.28     Cr: 18.0908 )
00000477: 16.3561   (Y': 15.1147   Cb: 16.3809   Cr: 18.0644 )
00000479: 16.4288   (Y': 15.0968   Cb: 16.5344   Cr: 18.2001 )
00000481: 16.3828   (Y': 15.0854   Cb: 16.4423   Cr: 18.1518 )
00000480: 16.4426   (Y': 15.1153   Cb: 16.558    Cr: 18.1899 )
00000482: 16.3931   (Y': 15.0976   Cb: 16.5139   Cr: 18.0689 )
00000484: 16.4158   (Y': 15.1598   Cb: 16.4687   Cr: 18.1116 )
00000483: 16.4331   (Y': 15.1081   Cb: 16.565    Cr: 18.152  )
00000485: 16.3797   (Y': 15.1695   Cb: 16.4354   Cr: 17.9827 )
00000486: 16.3353   (Y': 15.1089   Cb: 16.3577   Cr: 18.0176 )
00000488: 16.2862   (Y': 15.0757   Cb: 16.3058   Cr: 17.9418 )
00000489: 16.3391   (Y': 15.0555   Cb: 16.3847   Cr: 18.1007 )
00000487: 16.3179   (Y': 15.0537   Cb: 16.3474   Cr: 18.0646 )
00000490: 16.4136   (Y': 15.1568   Cb: 16.44     Cr: 18.1501 )
00000494: 16.4697   (Y': 15.228    Cb: 16.5106   Cr: 18.1551 )
00000495: 16.5053   (Y': 15.2156   Cb: 16.6071   Cr: 18.1967 )
00000493: 16.5164   (Y': 15.3067   Cb: 16.5441   Cr: 18.1585 )
00000492: 16.4895   (Y': 15.2726   Cb: 16.5221   Cr: 18.1384 )
00000500: 16.8594   (Y': 15.525    Cb: 17.0066   Cr: 18.5754 )
00000491: 16.4363   (Y': 15.1643   Cb: 16.4992   Cr: 18.1489 )
00000499: 16.8666   (Y': 15.5939   Cb: 16.9401   Cr: 18.5652 )
00000496: 16.5711   (Y': 15.2782   Cb: 16.6867   Cr: 18.2489 )
00000498: 16.8895   (Y': 15.6742   Cb: 16.8799   Cr: 18.5972 )
00000497: 16.5728   (Y': 15.2879   Cb: 16.6675   Cr: 18.2652 )
00000504: 16.9361   (Y': 15.5469   Cb: 17.1086   Cr: 18.7274 )
00000502: 16.9156   (Y': 15.6351   Cb: 17.014    Cr: 18.5936 )
00000501: 16.7911   (Y': 15.3618   Cb: 16.9816   Cr: 18.6406 )
00000503: 16.8777   (Y': 15.6073   Cb: 16.9503   Cr: 18.573  )
00000507: 16.9316   (Y': 15.7528   Cb: 16.9638   Cr: 18.5083 )
00000505: 16.9754   (Y': 15.6539   Cb: 17.1128   Cr: 18.679  )
00000506: 17.0337   (Y': 15.802    Cb: 17.1149   Cr: 18.6411 )
00000508: 16.8673   (Y': 15.5197   Cb: 17.0499   Cr: 18.5591 )
00000510: 16.6482   (Y': 14.9994   Cb: 17.0749   Cr: 18.6424 )
00000509: 16.7267   (Y': 15.2448   Cb: 17.0302   Cr: 18.5259 )
00000513: 16.8919   (Y': 15.0411   Cb: 17.5638   Cr: 19.0244 )
00000511: 16.6357   (Y': 14.9191   Cb: 17.1465   Cr: 18.6686 )
00000512: 16.7702   (Y': 14.9527   Cb: 17.3986   Cr: 18.8811 )
00000514: 16.8563   (Y': 14.9934   Cb: 17.5002   Cr: 19.0595 )
00000516: 16.9306   (Y': 15.0301   Cb: 17.614    Cr: 19.1738 )
00000515: 16.8536   (Y': 15.0033   Cb: 17.4923   Cr: 19.0321 )
00000517: 16.8982   (Y': 14.9967   Cb: 17.6049   Cr: 19.1107 )
00000518: 16.8968   (Y': 14.9806   Cb: 17.6064   Cr: 19.1435 )
00000520: 16.7972   (Y': 14.874    Cb: 17.465    Cr: 19.1224 )
00000519: 16.8618   (Y': 14.9564   Cb: 17.545    Cr: 19.1176 )
00000522: 16.6804   (Y': 14.7722   Cb: 17.302    Cr: 19.034  )
00000524: 16.7171   (Y': 14.8303   Cb: 17.2871   Cr: 19.0909 )
00000521: 16.7831   (Y': 14.8616   Cb: 17.4614   Cr: 19.0888 )
00000523: 16.6587   (Y': 14.7777   Cb: 17.2432   Cr: 18.9958 )
00000525: 16.6986   (Y': 14.8476   Cb: 17.2298   Cr: 19.0369 )
00000526: 16.7243   (Y': 14.8907   Cb: 17.2329   Cr: 19.051  )
00000527: 16.7001   (Y': 14.9082   Cb: 17.1478   Cr: 19.0121 )
00000528: 16.7101   (Y': 14.939    Cb: 17.1361   Cr: 19.0021 )
00000529: 16.7568   (Y': 15.0138   Cb: 17.167    Cr: 19.002  )
00000530: 16.8057   (Y': 15.1311   Cb: 17.146    Cr: 18.9889 )
00000531: 16.853    (Y': 15.2296   Cb: 17.135    Cr: 19.0021 )
00000532: 16.7919   (Y': 15.1938   Cb: 17.0477   Cr: 18.9216 )
00000533: 16.7758   (Y': 15.1129   Cb: 17.0988   Cr: 18.9572 )
00000534: 16.8043   (Y': 15.1519   Cb: 17.1287   Cr: 18.9583 )
00000546: 17.0035   (Y': 15.3214   Cb: 17.564    Cr: 18.8875 )
00000537: 16.7757   (Y': 15.1853   Cb: 17.0569   Cr: 18.8484 )
00000538: 16.8023   (Y': 15.1481   Cb: 17.1699   Cr: 18.8954 )
00000536: 16.7451   (Y': 15.1914   Cb: 16.9583   Cr: 18.8365 )
00000543: 16.7865   (Y': 14.9996   Cb: 17.4174   Cr: 18.8194 )
00000535: 16.7684   (Y': 15.1671   Cb: 17.0528   Cr: 18.8621 )
00000542: 16.6805   (Y': 14.8608   Cb: 17.301    Cr: 18.808  )
00000544: 16.9313   (Y': 15.231    Cb: 17.5063   Cr: 18.8371 )
00000539: 16.7756   (Y': 15.0701   Cb: 17.1991   Cr: 18.9085 )
00000545: 16.9273   (Y': 15.2187   Cb: 17.5038   Cr: 18.8501 )
00000548: 16.9546   (Y': 15.3955   Cb: 17.4246   Cr: 18.6897 )
00000541: 16.7094   (Y': 14.9153   Cb: 17.2814   Cr: 18.8427 )
00000540: 16.6768   (Y': 14.9265   Cb: 17.1754   Cr: 18.8083 )
00000547: 16.9601   (Y': 15.3038   Cb: 17.5354   Cr: 18.766  )
00000550: 17.0411   (Y': 15.4784   Cb: 17.533    Cr: 18.7543 )
00000552: 17.1714   (Y': 15.4934   Cb: 17.8907   Cr: 18.8397 )
00000551: 17.2621   (Y': 15.6247   Cb: 17.8694   Cr: 18.985  )
00000555: 17.0128   (Y': 15.4305   Cb: 17.6761   Cr: 18.549  )
00000549: 17.0234   (Y': 15.4541   Cb: 17.4837   Cr: 18.7933 )
00000556: 17.1058   (Y': 15.5898   Cb: 17.7397   Cr: 18.5443 )
00000557: 17.0454   (Y': 15.4385   Cb: 17.7595   Cr: 18.5703 )
00000553: 17.1345   (Y': 15.4677   Cb: 17.8613   Cr: 18.7697 )
00000554: 17.0099   (Y': 15.4141   Cb: 17.7035   Cr: 18.5369 )
00000560: 16.9318   (Y': 15.3089   Cb: 17.5404   Cr: 18.6215 )
00000562: 17.0081   (Y': 15.3984   Cb: 17.591    Cr: 18.7026 )
00000558: 16.9771   (Y': 15.3809   Cb: 17.6226   Cr: 18.5637 )
00000559: 16.9103   (Y': 15.3163   Cb: 17.507    Cr: 18.5537 )
00000563: 16.8808   (Y': 15.3914   Cb: 17.3145   Cr: 18.5178 )
00000564: 16.9463   (Y': 15.5834   Cb: 17.2491   Cr: 18.5032 )
00000561: 16.9083   (Y': 15.3229   Cb: 17.4658   Cr: 18.584  )
00000565: 16.9582   (Y': 15.6536   Cb: 17.1652   Cr: 18.5312 )
00000566: 17.0068   (Y': 15.8703   Cb: 17.1098   Cr: 18.4074 )
00000567: 16.8947   (Y': 15.766    Cb: 16.981    Cr: 18.304  )
00000570: 16.4613   (Y': 15.5221   Cb: 16.3886   Cr: 17.7589 )
00000569: 16.7018   (Y': 15.6749   Cb: 16.6936   Cr: 18.0607 )
00000568: 16.7273   (Y': 15.7385   Cb: 16.6331   Cr: 18.1395 )
00000574: 16.3096   (Y': 15.3709   Cb: 16.1992   Cr: 17.6586 )
00000573: 16.3591   (Y': 15.5123   Cb: 16.1997   Cr: 17.6241 )
00000571: 16.3827   (Y': 15.4977   Cb: 16.2548   Cr: 17.6665 )
00000575: 16.2768   (Y': 15.3565   Cb: 16.218    Cr: 17.5243 )
00000572: 16.3408   (Y': 15.4624   Cb: 16.2268   Cr: 17.5944 )
00000576: 16.2954   (Y': 15.3633   Cb: 16.2231   Cr: 17.5806 )
00000578: 16.342    (Y': 15.4305   Cb: 16.2503   Cr: 17.6197 )
00000577: 16.2912   (Y': 15.3527   Cb: 16.1955   Cr: 17.6196 )
00000579: 16.4204   (Y': 15.4917   Cb: 16.2856   Cr: 17.787  )
00000580: 16.4366   (Y': 15.3795   Cb: 16.3963   Cr: 17.8932 )
00000582: 16.3246   (Y': 15.1924   Cb: 16.3757   Cr: 17.7886 )
00000581: 16.3781   (Y': 15.239    Cb: 16.4068   Cr: 17.886  )
00000583: 16.2787   (Y': 15.1672   Cb: 16.3123   Cr: 17.7294 )
00000588: 16.498    (Y': 15.1504   Cb: 16.745    Cr: 18.1004 )
00000589: 16.5167   (Y': 15.245    Cb: 16.6819   Cr: 18.0837 )
00000590: 16.6405   (Y': 15.5286   Cb: 16.691    Cr: 18.0685 )
00000587: 16.4545   (Y': 15.0973   Cb: 16.6874   Cr: 18.0952 )
00000584: 16.2838   (Y': 15.1325   Cb: 16.3174   Cr: 17.8072 )
00000586: 16.3622   (Y': 15.0077   Cb: 16.564    Cr: 18.0407 )
00000585: 16.3341   (Y': 15.0919   Cb: 16.4332   Cr: 17.9366 )
00000592: 16.7907   (Y': 15.8049   Cb: 16.7744   Cr: 18.0899 )
00000591: 16.7439   (Y': 15.7117   Cb: 16.7412   Cr: 18.1041 )
00000593: 16.8      (Y': 15.827    Cb: 16.7545   Cr: 18.1174 )
00000595: 16.7108   (Y': 15.653    Cb: 16.7113   Cr: 18.1113 )
00000596: 16.5972   (Y': 15.4398   Cb: 16.655    Cr: 18.0979 )
00000598: 16.5427   (Y': 15.3148   Cb: 16.6419   Cr: 18.1175 )
00000594: 16.7203   (Y': 15.6944   Cb: 16.6729   Cr: 18.1317 )
00000597: 16.521    (Y': 15.3448   Cb: 16.5853   Cr: 18.0473 )
00000605: 16.7029   (Y': 15.5727   Cb: 16.8232   Cr: 18.0692 )
00000599: 16.4937   (Y': 15.2708   Cb: 16.6332   Cr: 18.0033 )
00000601: 16.5731   (Y': 15.3295   Cb: 16.7777   Cr: 18.0332 )
00000600: 16.502    (Y': 15.2738   Cb: 16.6875   Cr: 17.9589 )
00000606: 16.687    (Y': 15.6305   Cb: 16.7925   Cr: 17.9444 )
00000602: 16.6224   (Y': 15.5439   Cb: 16.7091   Cr: 17.9426 )
00000604: 16.6557   (Y': 15.554    Cb: 16.716    Cr: 18.0522 )
00000603: 16.6411   (Y': 15.5582   Cb: 16.736    Cr: 17.9582 )
00000607: 16.6224   (Y': 15.6241   Cb: 16.6971   Cr: 17.8222 )
00000609: 16.4566   (Y': 15.6334   Cb: 16.4054   Cr: 17.5386 )
00000608: 16.4989   (Y': 15.6781   Cb: 16.4638   Cr: 17.5568 )
00000615: 16.4203   (Y': 16.038    Cb: 16.0248   Cr: 17.3213 )
00000610: 16.4984   (Y': 15.7105   Cb: 16.4231   Cr: 17.5576 )
00000614: 16.4099   (Y': 15.87     Cb: 16.0661   Cr: 17.4598 )
00000612: 16.5647   (Y': 15.8354   Cb: 16.4032   Cr: 17.6481 )
00000611: 16.5337   (Y': 15.7404   Cb: 16.4465   Cr: 17.6167 )
00000618: 16.2913   (Y': 16.1712   Cb: 15.7226   Cr: 17.0898 )
00000617: 16.118    (Y': 15.9876   Cb: 15.6794   Cr: 16.7567 )
00000616: 16.3118   (Y': 16.1467   Cb: 15.8027   Cr: 17.0853 )
00000619: 16.2332   (Y': 16.2476   Cb: 15.625    Cr: 16.9236 )
00000613: 16.5809   (Y': 15.882    Cb: 16.376    Cr: 17.6761 )
00000620: 16.2623   (Y': 16.2235   Cb: 15.6647   Cr: 17.0014 )
00000623: 15.8317   (Y': 16.1172   Cb: 15.1805   Cr: 16.2805 )
00000621: 16.1284   (Y': 16.3051   Cb: 15.4247   Cr: 16.7634 )
00000622: 16.0132   (Y': 16.1771   Cb: 15.3959   Cr: 16.5471 )
00000625: 15.7553   (Y': 16.3092   Cb: 15.0355   Cr: 16.0266 )
00000627: 15.8795   (Y': 16.3138   Cb: 15.1665   Cr: 16.2569 )
00000626: 15.8054   (Y': 16.3276   Cb: 15.0759   Cr: 16.1188 )
00000624: 15.7139   (Y': 16.245    Cb: 15.0226   Cr: 15.9707 )
00000629: 15.788    (Y': 16.2393   Cb: 15.0116   Cr: 16.2312 )
00000630: 15.7138   (Y': 16.1692   Cb: 14.9491   Cr: 16.1377 )
00000628: 15.7491   (Y': 16.2168   Cb: 14.968    Cr: 16.1823 )
00000634: 15.8082   (Y': 16.1111   Cb: 15.0522   Cr: 16.3771 )
00000635: 15.8109   (Y': 16.1526   Cb: 15.0399   Cr: 16.3591 )
00000631: 15.7012   (Y': 16.0909   Cb: 14.9718   Cr: 16.1446 )
00000632: 15.7081   (Y': 16.1005   Cb: 14.9524   Cr: 16.1833 )
00000640: 16.3036   (Y': 16.4856   Cb: 15.6866   Cr: 16.8176 )
00000633: 15.7067   (Y': 16.0915   Cb: 14.9511   Cr: 16.1898 )
00000636: 15.9007   (Y': 16.2257   Cb: 15.1302   Cr: 16.4657 )
00000639: 16.3212   (Y': 16.5366   Cb: 15.6782   Cr: 16.8332 )
00000637: 15.9716   (Y': 16.3411   Cb: 15.1983   Cr: 16.494  )
00000638: 16.1881   (Y': 16.4991   Cb: 15.4475   Cr: 16.7274 )
00000645: 15.6777   (Y': 15.6546   Cb: 15.1111   Cr: 16.3565 )
00000641: 16.3338   (Y': 16.5175   Cb: 15.7429   Cr: 16.8123 )
00000642: 16.0136   (Y': 16.2117   Cb: 15.3876   Cr: 16.5222 )
00000646: 15.5903   (Y': 15.4938   Cb: 15.0602   Cr: 16.308  )
00000647: 15.5307   (Y': 15.351    Cb: 15.0231   Cr: 16.3202 )
00000644: 15.652    (Y': 15.6047   Cb: 15.1128   Cr: 16.3229 )
00000648: 15.6018   (Y': 15.3828   Cb: 15.0956   Cr: 16.4388 )
00000652: 15.8187   (Y': 15.5012   Cb: 15.2355   Cr: 16.8951 )
00000653: 15.8579   (Y': 15.5534   Cb: 15.2359   Cr: 16.974  )
00000649: 15.6999   (Y': 15.6116   Cb: 15.1018   Cr: 16.4997 )
00000650: 15.8034   (Y': 15.6696   Cb: 15.2153   Cr: 16.6456 )
00000643: 15.87     (Y': 15.9203   Cb: 15.2877   Cr: 16.4845 )
00000654: 15.7176   (Y': 15.3227   Cb: 15.1156   Cr: 16.9315 )
00000658: 15.8958   (Y': 15.3918   Cb: 15.3636   Cr: 17.1651 )
00000659: 16.0502   (Y': 15.4764   Cb: 15.5869   Cr: 17.3217 )
00000655: 15.6116   (Y': 15.1583   Cb: 15.0197   Cr: 16.896  )
00000663: 16.3023   (Y': 15.977    Cb: 15.7156   Cr: 17.3946 )
00000651: 15.8705   (Y': 15.6104   Cb: 15.3056   Cr: 16.843  )
00000657: 15.7501   (Y': 15.2215   Cb: 15.2076   Cr: 17.0724 )
00000656: 15.6482   (Y': 15.1111   Cb: 15.1149   Cr: 16.9694 )
00000664: 16.0906   (Y': 15.705    Cb: 15.4703   Cr: 17.3192 )
00000665: 16.165    (Y': 15.8468   Cb: 15.4856   Cr: 17.3876 )
00000660: 16.218    (Y': 15.7103   Cb: 15.7154   Cr: 17.4483 )
00000661: 16.3136   (Y': 15.858    Cb: 15.8063   Cr: 17.4743 )
00000669: 16.2146   (Y': 15.9981   Cb: 15.5114   Cr: 17.3321 )
00000662: 16.3014   (Y': 15.9586   Cb: 15.7406   Cr: 17.3804 )
00000666: 16.3565   (Y': 15.9531   Cb: 15.738    Cr: 17.608  )
00000668: 16.2508   (Y': 15.9502   Cb: 15.5519   Cr: 17.4787 )
00000667: 16.3361   (Y': 15.8941   Cb: 15.7229   Cr: 17.6366 )
00000671: 16.076    (Y': 15.9608   Cb: 15.3878   Cr: 17.0373 )
00000670: 16.146    (Y': 16.0285   Cb: 15.416    Cr: 17.1724 )
00000673: 15.8822   (Y': 15.6441   Cb: 15.2458   Cr: 16.9291 )
00000675: 16.0741   (Y': 15.8478   Cb: 15.4114   Cr: 17.1439 )
00000674: 15.9611   (Y': 15.6816   Cb: 15.3317   Cr: 17.0538 )
00000676: 16.0146   (Y': 15.74     Cb: 15.3728   Cr: 17.1189 )
00000677: 15.9706   (Y': 15.6737   Cb: 15.3445   Cr: 17.0824 )
00000672: 15.9706   (Y': 15.8552   Cb: 15.2836   Cr: 16.9307 )
00000678: 15.878    (Y': 15.5399   Cb: 15.2777   Cr: 17.0087 )
00000679: 15.8259   (Y': 15.534    Cb: 15.2036   Cr: 16.925  )
00000680: 15.7608   (Y': 15.4323   Cb: 15.1151   Cr: 16.9462 )
00000683: 15.6712   (Y': 15.057    Cb: 15.1726   Cr: 17.0592 )
00000681: 15.7205   (Y': 15.3981   Cb: 15.0562   Cr: 16.9255 )
00000682: 15.6468   (Y': 15.0481   Cb: 15.1503   Cr: 17.0074 )
00000685: 15.7799   (Y': 15.0736   Cb: 15.3605   Cr: 17.1945 )
00000687: 15.9413   (Y': 15.1384   Cb: 15.6269   Cr: 17.3569 )
00000684: 15.7584   (Y': 15.0781   Cb: 15.3175   Cr: 17.1634 )
00000686: 15.9295   (Y': 15.1382   Cb: 15.6128   Cr: 17.329  )
00000688: 16.1256   (Y': 15.2256   Cb: 15.8992   Cr: 17.575  )
00000690: 16.0745   (Y': 15.1208   Cb: 15.8797   Cr: 17.571  )
00000689: 16.1804   (Y': 15.2082   Cb: 16.0037   Cr: 17.6827 )
00000693: 15.9449   (Y': 15.068    Cb: 15.6326   Cr: 17.4831 )
00000691: 16.0222   (Y': 15.0454   Cb: 15.8443   Cr: 17.5344 )
00000692: 15.9311   (Y': 15.0097   Cb: 15.6557   Cr: 17.4915 )
00000698: 15.9492   (Y': 15.0241   Cb: 15.6985   Cr: 17.4785 )
00000694: 15.8862   (Y': 14.9975   Cb: 15.6096   Cr: 17.3909 )
00000697: 16.0318   (Y': 14.9881   Cb: 15.8122   Cr: 17.729  )
00000695: 15.9239   (Y': 15.0443   Cb: 15.6391   Cr: 17.4253 )
00000696: 15.9801   (Y': 15.0112   Cb: 15.6903   Cr: 17.6484 )
00000703: 16.0221   (Y': 15.1463   Cb: 15.7509   Cr: 17.4965 )
00000699: 15.9163   (Y': 15.0416   Cb: 15.6281   Cr: 17.4143 )
00000702: 16.0011   (Y': 15.1342   Cb: 15.7325   Cr: 17.4565 )
00000705: 15.9775   (Y': 15.2222   Cb: 15.6018   Cr: 17.4062 )
00000700: 15.9657   (Y': 15.105    Cb: 15.7097   Cr: 17.3918 )
00000706: 15.7969   (Y': 15.2577   Cb: 15.2601   Cr: 17.1268 )
00000701: 15.9682   (Y': 15.1052   Cb: 15.7055   Cr: 17.4082 )
00000704: 16.0394   (Y': 15.2479   Cb: 15.6981   Cr: 17.4762 )
00000707: 15.745    (Y': 15.2712   Cb: 15.1876   Cr: 17.0073 )
00000708: 15.7602   (Y': 15.3398   Cb: 15.175    Cr: 16.9859 )
00000709: 15.7827   (Y': 15.2813   Cb: 15.2219   Cr: 17.0916 )
00000713: 15.8795   (Y': 15.2628   Cb: 15.3966   Cr: 17.2474 )
00000714: 15.8947   (Y': 15.3247   Cb: 15.3805   Cr: 17.2375 )
00000710: 15.8071   (Y': 15.2797   Cb: 15.2461   Cr: 17.1562 )
00000712: 15.8663   (Y': 15.2336   Cb: 15.3836   Cr: 17.2591 )
00000716: 16.0507   (Y': 15.4764   Cb: 15.5543   Cr: 17.3729 )
00000711: 15.8483   (Y': 15.2636   Cb: 15.3267   Cr: 17.2251 )
00000717: 16.0416   (Y': 15.4362   Cb: 15.5315   Cr: 17.4334 )
00000718: 16.0909   (Y': 15.5092   Cb: 15.5649   Cr: 17.4699 )
00000715: 15.9129   (Y': 15.3685   Cb: 15.4217   Cr: 17.1815 )
00000719: 16.0358   (Y': 15.4543   Cb: 15.4987   Cr: 17.4319 )
00000720: 16.0066   (Y': 15.4444   Cb: 15.469    Cr: 17.3733 )
00000721: 16.0192   (Y': 15.4578   Cb: 15.4762   Cr: 17.3931 )
00000722: 16.0236   (Y': 15.4312   Cb: 15.4886   Cr: 17.4339 )
00000725: 16.0729   (Y': 15.593    Cb: 15.4645   Cr: 17.423  )
00000723: 16.0855   (Y': 15.4726   Cb: 15.5708   Cr: 17.4965 )
00000724: 16.0878   (Y': 15.5493   Cb: 15.5466   Cr: 17.4234 )
00000726: 16.1879   (Y': 15.668    Cb: 15.6215   Cr: 17.5339 )
00000727: 16.1443   (Y': 15.6387   Cb: 15.5635   Cr: 17.4907 )
00000728: 16.1371   (Y': 15.6154   Cb: 15.5627   Cr: 17.4981 )
00000729: 16.0705   (Y': 15.5896   Cb: 15.4848   Cr: 17.3867 )
00000730: 16.0228   (Y': 15.4649   Cb: 15.481    Cr: 17.3892 )
00000731: 16.0304   (Y': 15.4396   Cb: 15.4932   Cr: 17.4412 )
00000732: 16.0344   (Y': 15.4329   Cb: 15.4878   Cr: 17.4773 )
00000734: 16.0481   (Y': 15.4065   Cb: 15.5269   Cr: 17.5156 )
00000736: 16.0331   (Y': 15.4358   Cb: 15.4971   Cr: 17.4525 )
00000738: 16.0499   (Y': 15.4197   Cb: 15.5062   Cr: 17.5345 )
00000733: 16.0344   (Y': 15.3991   Cb: 15.5256   Cr: 17.4722 )
00000737: 16.1192   (Y': 15.4881   Cb: 15.5884   Cr: 17.5846 )
00000735: 16.0381   (Y': 15.3911   Cb: 15.5297   Cr: 17.494  )
00000740: 15.9793   (Y': 15.3676   Cb: 15.4477   Cr: 17.4149 )
00000739: 16.0435   (Y': 15.4441   Cb: 15.5065   Cr: 17.4676 )
00000741: 16.0107   (Y': 15.4455   Cb: 15.4662   Cr: 17.393  )
00000744: 15.9642   (Y': 15.353    Cb: 15.4453   Cr: 17.379  )
00000745: 15.8944   (Y': 15.2604   Cb: 15.4158   Cr: 17.2833 )
00000742: 16.0176   (Y': 15.4775   Cb: 15.4839   Cr: 17.3439 )
00000746: 15.7087   (Y': 15.0115   Cb: 15.307    Cr: 17.0819 )
00000748: 15.419    (Y': 14.6243   Cb: 15.1356   Cr: 16.7752 )
00000743: 16.0196   (Y': 15.4959   Cb: 15.4729   Cr: 17.3408 )
00000751: 15.4564   (Y': 14.6864   Cb: 15.1771   Cr: 16.7665 )
00000747: 15.4253   (Y': 14.6019   Cb: 15.1803   Cr: 16.7729 )
00000750: 15.4736   (Y': 14.6719   Cb: 15.2253   Cr: 16.7903 )
00000749: 15.4601   (Y': 14.7018   Cb: 15.1909   Cr: 16.7368 )
00000752: 15.4477   (Y': 14.7031   Cb: 15.1963   Cr: 16.6774 )
00000755: 15.3022   (Y': 14.6611   Cb: 14.9406   Cr: 16.5279 )
00000754: 15.3094   (Y': 14.6391   Cb: 14.9889   Cr: 16.5211 )
00000753: 15.3794   (Y': 14.6562   Cb: 15.0982   Cr: 16.6177 )
00000757: 15.2199   (Y': 14.4428   Cb: 14.9919   Cr: 16.4682 )
00000760: 15.0753   (Y': 14.4412   Cb: 14.7517   Cr: 16.2362 )
00000756: 15.2721   (Y': 14.5122   Cb: 15.019    Cr: 16.5285 )
00000758: 15.155    (Y': 14.4863   Cb: 14.8573   Cr: 16.3321 )
00000761: 15.1122   (Y': 14.5149   Cb: 14.7387   Cr: 16.2884 )
00000759: 15.1793   (Y': 14.4355   Cb: 14.916    Cr: 16.4246 )
00000763: 15.0324   (Y': 14.3772   Cb: 14.6998   Cr: 16.238  )
00000765: 15.0689   (Y': 14.4809   Cb: 14.6394   Cr: 16.3123 )
00000762: 15.021    (Y': 14.3959   Cb: 14.6805   Cr: 16.1922 )
00000766: 15.1344   (Y': 14.5557   Cb: 14.7173   Cr: 16.3455 )
00000767: 15.1241   (Y': 14.5483   Cb: 14.6993   Cr: 16.3419 )
00000764: 15.0962   (Y': 14.5578   Cb: 14.6645   Cr: 16.2681 )
00000769: 15.4068   (Y': 14.8815   Cb: 14.9252   Cr: 16.632  )
00000768: 15.2607   (Y': 14.6753   Cb: 14.8582   Cr: 16.4607 )
00000772: 15.7245   (Y': 15.2322   Cb: 15.2199   Cr: 16.9349 )
00000771: 15.6764   (Y': 15.3164   Cb: 15.0523   Cr: 16.8736 )
00000773: 15.8149   (Y': 15.3212   Cb: 15.3115   Cr: 17.0255 )
00000770: 15.7208   (Y': 15.3179   Cb: 15.1257   Cr: 16.9359 )
00000774: 15.8229   (Y': 15.3133   Cb: 15.3749   Cr: 16.9759 )
00000775: 15.9177   (Y': 15.5006   Cb: 15.4211   Cr: 17.0076 )
00000777: 15.8138   (Y': 15.5851   Cb: 15.1943   Cr: 16.8231 )
00000776: 15.8823   (Y': 15.5756   Cb: 15.3267   Cr: 16.904  )
00000779: 15.7534   (Y': 15.5359   Cb: 15.1718   Cr: 16.6936 )
00000778: 15.7149   (Y': 15.3838   Cb: 15.1692   Cr: 16.7555 )
00000780: 15.883    (Y': 15.7789   Cb: 15.2341   Cr: 16.7735 )
00000782: 15.9735   (Y': 15.7105   Cb: 15.4006   Cr: 16.9613 )
00000781: 15.8891   (Y': 15.7185   Cb: 15.2787   Cr: 16.8095 )
00000786: 16.0422   (Y': 16.0309   Cb: 15.3425   Cr: 16.8905 )
00000784: 16.1379   (Y': 16.0393   Cb: 15.4515   Cr: 17.0753 )
00000783: 16.1337   (Y': 15.9199   Cb: 15.5358   Cr: 17.0925 )
00000787: 16.0358   (Y': 16.0192   Cb: 15.3435   Cr: 16.88   )
00000785: 16.1437   (Y': 16.085    Cb: 15.4578   Cr: 17.0305 )
00000788: 15.8171   (Y': 15.5843   Cb: 15.2619   Cr: 16.7399 )
00000789: 15.803    (Y': 15.631    Cb: 15.2216   Cr: 16.6841 )
00000793: 15.7189   (Y': 15.2449   Cb: 15.3496   Cr: 16.7103 )
00000794: 15.7176   (Y': 15.254    Cb: 15.3444   Cr: 16.6996 )
00000792: 15.7827   (Y': 15.449    Cb: 15.3221   Cr: 16.7073 )
00000790: 15.8786   (Y': 15.6648   Cb: 15.3155   Cr: 16.7878 )
00000795: 15.7368   (Y': 15.2632   Cb: 15.3825   Cr: 16.7072 )
00000791: 15.8374   (Y': 15.6536   Cb: 15.2409   Cr: 16.7548 )
00000796: 15.757    (Y': 15.213    Cb: 15.4049   Cr: 16.8242 )
00000797: 15.7593   (Y': 15.2233   Cb: 15.395    Cr: 16.8319 )
00000800: 15.8002   (Y': 15.3586   Cb: 15.3324   Cr: 16.8834 )
00000798: 15.7398   (Y': 15.1894   Cb: 15.333    Cr: 16.8937 )
00000799: 15.7904   (Y': 15.2766   Cb: 15.3435   Cr: 16.9479 )
00000804: 15.8148   (Y': 15.4521   Cb: 15.2023   Cr: 16.9984 )
00000807: 16.2032   (Y': 16.1002   Cb: 15.4748   Cr: 17.2083 )
00000806: 15.9978   (Y': 15.7863   Cb: 15.3144   Cr: 17.0787 )
00000805: 15.8828   (Y': 15.4945   Cb: 15.2875   Cr: 17.0772 )
00000803: 15.7851   (Y': 15.5023   Cb: 15.1838   Cr: 16.8407 )
00000802: 15.7644   (Y': 15.4127   Cb: 15.2166   Cr: 16.8366 )
00000808: 16.3163   (Y': 16.0901   Cb: 15.6404   Cr: 17.4057 )
00000801: 15.8097   (Y': 15.3853   Cb: 15.309    Cr: 16.9159 )
00000809: 16.3268   (Y': 16.1251   Cb: 15.6237   Cr: 17.4242 )
00000810: 16.2826   (Y': 16.0197   Cb: 15.6227   Cr: 17.3981 )
00000811: 16.2076   (Y': 15.8933   Cb: 15.5907   Cr: 17.3298 )
00000813: 15.828    (Y': 15.2373   Cb: 15.4      Cr: 17.0733 )
00000812: 15.9027   (Y': 15.3119   Cb: 15.4496   Cr: 17.1849 )
00000815: 15.8295   (Y': 15.2503   Cb: 15.3876   Cr: 17.0774 )
00000814: 15.8427   (Y': 15.2614   Cb: 15.4181   Cr: 17.0686 )
00000818: 15.9453   (Y': 15.1104   Cb: 15.5842   Cr: 17.486  )
00000817: 15.8941   (Y': 15.1272   Cb: 15.5355   Cr: 17.316  )
00000816: 15.9571   (Y': 15.1271   Cb: 15.6419   Cr: 17.4194 )
00000819: 15.849    (Y': 15.0061   Cb: 15.4852   Cr: 17.4077 )
00000821: 15.2876   (Y': 14.3566   Cb: 15.0932   Cr: 16.7439 )
00000820: 15.2841   (Y': 14.3673   Cb: 15.0515   Cr: 16.7719 )
00000823: 15.2056   (Y': 14.3725   Cb: 14.9575   Cr: 16.5737 )
00000822: 15.224    (Y': 14.3263   Cb: 15.0132   Cr: 16.6466 )
00000825: 15.1832   (Y': 14.4988   Cb: 14.7817   Cr: 16.5352 )
00000824: 15.1394   (Y': 14.3872   Cb: 14.8092   Cr: 16.4947 )
00000826: 15.1223   (Y': 14.4315   Cb: 14.7228   Cr: 16.4817 )
00000827: 15.1456   (Y': 14.4923   Cb: 14.7087   Cr: 16.5017 )
00000829: 15.178    (Y': 14.4114   Cb: 14.8532   Cr: 16.5492 )
00000828: 15.1546   (Y': 14.3386   Cb: 14.8354   Cr: 16.5992 )
00000830: 15.2398   (Y': 14.507    Cb: 14.924    Cr: 16.5427 )
00000831: 15.2332   (Y': 14.5096   Cb: 14.9022   Cr: 16.5436 )
00000833: 15.226    (Y': 14.3987   Cb: 14.977    Cr: 16.5859 )
00000834: 15.1288   (Y': 14.3497   Cb: 14.8242   Cr: 16.4908 )
00000832: 15.2654   (Y': 14.4052   Cb: 15.0194   Cr: 16.676  )
00000839: 15.1894   (Y': 14.2957   Cb: 14.9875   Cr: 16.5924 )
00000838: 15.1597   (Y': 14.2561   Cb: 14.9761   Cr: 16.5534 )
00000835: 15.1667   (Y': 14.3212   Cb: 14.9454   Cr: 16.5167 )
00000837: 15.1154   (Y': 14.232    Cb: 14.8988   Cr: 16.5221 )
00000836: 15.119    (Y': 14.3124   Cb: 14.858    Cr: 16.4624 )
00000840: 15.1801   (Y': 14.3287   Cb: 14.9345   Cr: 16.5752 )
00000843: 15.1689   (Y': 14.2438   Cb: 15.022    Cr: 16.5464 )
00000841: 15.1551   (Y': 14.3473   Cb: 14.886    Cr: 16.5121 )
00000844: 15.1756   (Y': 14.2797   Cb: 15.0433   Cr: 16.4834 )
00000842: 15.1927   (Y': 14.344    Cb: 14.9803   Cr: 16.5355 )
00000845: 15.2281   (Y': 14.3423   Cb: 15.0938   Cr: 16.5222 )
00000846: 15.6867   (Y': 14.996    Cb: 15.4865   Cr: 16.7635 )
00000852: 15.6903   (Y': 15.16     Cb: 15.3729   Cr: 16.6903 )
00000848: 15.6597   (Y': 14.926    Cb: 15.5032   Cr: 16.7427 )
00000849: 15.5102   (Y': 14.9182   Cb: 15.2503   Cr: 16.5214 )
00000847: 15.7154   (Y': 15.0733   Cb: 15.5285   Cr: 16.7025 )
00000850: 15.0945   (Y': 14.4623   Cb: 14.8743   Cr: 16.1113 )
00000851: 15.2514   (Y': 14.634    Cb: 15.0202   Cr: 16.2612 )
00000854: 15.7328   (Y': 15.2127   Cb: 15.3435   Cr: 16.8174 )
00000853: 15.6559   (Y': 15.1535   Cb: 15.2801   Cr: 16.6962 )
00000856: 15.7262   (Y': 15.2217   Cb: 15.3415   Cr: 16.782  )
00000855: 15.7124   (Y': 15.1255   Cb: 15.3842   Cr: 16.8092 )
00000858: 15.6298   (Y': 14.9647   Cb: 15.3765   Cr: 16.7399 )
00000861: 15.6008   (Y': 15.0019   Cb: 15.3032   Cr: 16.673  )
00000857: 15.6669   (Y': 15.0708   Cb: 15.3511   Cr: 16.7601 )
00000859: 15.5871   (Y': 14.9017   Cb: 15.3603   Cr: 16.6918 )
00000860: 15.5646   (Y': 14.9568   Cb: 15.3037   Cr: 16.6001 )
00000863: 15.6755   (Y': 14.9958   Cb: 15.4039   Cr: 16.8328 )
00000862: 15.7012   (Y': 15.0076   Cb: 15.4293   Cr: 16.8803 )
00000865: 15.7708   (Y': 14.9277   Cb: 15.5342   Cr: 17.139  )
00000866: 15.8545   (Y': 15.1454   Cb: 15.5238   Cr: 17.1418 )
00000869: 15.7675   (Y': 14.9232   Cb: 15.5132   Cr: 17.1634 )
00000867: 15.9205   (Y': 15.23     Cb: 15.5745   Cr: 17.2006 )
00000864: 15.7328   (Y': 14.8625   Cb: 15.5159   Cr: 17.118  )
00000872: 15.8261   (Y': 14.8993   Cb: 15.5704   Cr: 17.3659 )
00000868: 15.8098   (Y': 14.964    Cb: 15.5322   Cr: 17.2425 )
00000871: 15.9378   (Y': 14.9407   Cb: 15.7453   Cr: 17.5082 )
00000878: 15.7887   (Y': 15.0715   Cb: 15.4828   Cr: 17.0526 )
00000875: 15.8915   (Y': 15.0684   Cb: 15.6369   Cr: 17.2525 )
00000885: 15.5911   (Y': 15.0251   Cb: 15.2139   Cr: 16.7261 )
00000873: 15.8948   (Y': 15.0196   Cb: 15.6503   Cr: 17.3285 )
00000886: 15.4924   (Y': 14.9795   Cb: 15.1059   Cr: 16.5627 )
00000883: 15.5631   (Y': 14.9505   Cb: 15.2471   Cr: 16.6809 )
00000876: 15.9048   (Y': 15.2111   Cb: 15.5395   Cr: 17.218  )
00000877: 15.7605   (Y': 15.0405   Cb: 15.4304   Cr: 17.064  )
00000887: 15.4689   (Y': 14.9482   Cb: 15.0748   Cr: 16.5611 )
00000874: 15.8263   (Y': 14.9668   Cb: 15.5901   Cr: 17.2213 )
00000870: 15.8406   (Y': 14.8794   Cb: 15.6794   Cr: 17.301  )
00000881: 15.6799   (Y': 14.9858   Cb: 15.3674   Cr: 16.9171 )
00000882: 15.6507   (Y': 14.9745   Cb: 15.3616   Cr: 16.8271 )
00000891: 15.4564   (Y': 14.7544   Cb: 15.2181   Cr: 16.6019 )
00000880: 15.6977   (Y': 14.9971   Cb: 15.3886   Cr: 16.9402 )
00000896: 15.717    (Y': 14.9746   Cb: 15.5371   Cr: 16.8447 )
00000889: 15.4453   (Y': 14.8298   Cb: 15.1325   Cr: 16.5633 )
00000892: 15.5643   (Y': 14.9367   Cb: 15.3101   Cr: 16.6197 )
00000894: 15.6801   (Y': 15.0205   Cb: 15.4454   Cr: 16.7565 )
00000879: 15.7408   (Y': 15.0269   Cb: 15.4369   Cr: 16.9967 )
00000895: 15.7087   (Y': 14.9702   Cb: 15.5031   Cr: 16.8655 )
00000884: 15.6224   (Y': 15.0762   Cb: 15.2021   Cr: 16.7896 )
00000890: 15.4965   (Y': 14.8336   Cb: 15.2299   Cr: 16.6216 )
00000893: 15.6494   (Y': 14.966    Cb: 15.4119   Cr: 16.7655 )
00000888: 15.368    (Y': 14.8605   Cb: 15.0309   Cr: 16.3624 )
Total: 16.1271   (Y': 15.2435   Cb: 15.9577   Cr: 17.4668 )
