00000000: 24.376    (Y': 21.3772   Cb: 26.9503   Cr: 27.8202 )
00000001: 23.3043   (Y': 20.0059   Cb: 26.5552   Cr: 27.3964 )
00000002: 23.0871   (Y': 19.7887   Cb: 26.3518   Cr: 27.1621 )
00000006: 21.856    (Y': 19.0949   Cb: 24.0245   Cr: 24.8264 )
00000003: 22.6331   (Y': 19.5149   Cb: 25.5272   Cr: 26.237  )
00000004: 22.5914   (Y': 19.5836   Cb: 25.3637   Cr: 25.8433 )
00000007: 21.2281   (Y': 18.6573   Cb: 23.1218   Cr: 23.8571 )
00000005: 21.957    (Y': 19.1611   Cb: 24.2969   Cr: 24.8569 )
00000008: 21.1601   (Y': 18.5483   Cb: 23.21     Cr: 23.7441 )
00000009: 20.9144   (Y': 18.577    Cb: 22.3638   Cr: 23.3491 )
00000010: 21.0149   (Y': 18.6285   Cb: 22.5806   Cr: 23.4537 )
00000011: 21.2296   (Y': 18.8545   Cb: 22.8483   Cr: 23.5707 )
00000012: 21.451    (Y': 19.1409   Cb: 23.0378   Cr: 23.6415 )
00000013: 21.5978   (Y': 19.1836   Cb: 23.2292   Cr: 24.0417 )
00000014: 21.5634   (Y': 19.1114   Cb: 23.2527   Cr: 24.0543 )
00000015: 21.7445   (Y': 19.2758   Cb: 23.5099   Cr: 24.1972 )
00000016: 21.6809   (Y': 19.1479   Cb: 23.4625   Cr: 24.3196 )
00000017: 21.4913   (Y': 18.8497   Cb: 23.5313   Cr: 24.1866 )
00000018: 21.7738   (Y': 19.1584   Cb: 23.7423   Cr: 24.4639 )
00000019: 21.6998   (Y': 19.2066   Cb: 23.4566   Cr: 24.2394 )
00000020: 21.7007   (Y': 19.2739   Cb: 23.3594   Cr: 24.1505 )
00000022: 21.5569   (Y': 19.0178   Cb: 23.3713   Cr: 24.176  )
00000021: 21.8251   (Y': 19.4607   Cb: 23.3874   Cr: 24.2018 )
00000023: 21.4202   (Y': 18.8147   Cb: 23.24     Cr: 24.2575 )
00000024: 21.5755   (Y': 18.8962   Cb: 23.5234   Cr: 24.5154 )
00000025: 21.5159   (Y': 18.8282   Cb: 23.5462   Cr: 24.3842 )
00000026: 21.7537   (Y': 19.1459   Cb: 23.6191   Cr: 24.5423 )
00000027: 21.8239   (Y': 19.2667   Cb: 23.7844   Cr: 24.3313 )
00000028: 21.848    (Y': 19.3712   Cb: 23.6422   Cr: 24.2922 )
00000029: 21.8583   (Y': 19.5275   Cb: 23.3671   Cr: 24.2007 )
00000030: 22.0708   (Y': 19.8388   Cb: 23.4651   Cr: 24.2696 )
00000031: 21.8128   (Y': 19.6784   Cb: 22.8915   Cr: 24.1393 )
00000032: 21.8642   (Y': 19.761    Cb: 23.1074   Cr: 23.8988 )
00000033: 21.9735   (Y': 19.779    Cb: 23.2715   Cr: 24.1858 )
00000035: 21.9751   (Y': 19.7618   Cb: 23.2523   Cr: 24.2657 )
00000034: 22.0821   (Y': 19.9738   Cb: 23.1588   Cr: 24.3394 )
00000036: 22.2747   (Y': 20.0502   Cb: 23.6062   Cr: 24.5291 )
00000037: 17.2646   (Y': 17.5651   Cb: 16.7576   Cr: 17.5195 )
00000038: 17.4381   (Y': 17.6899   Cb: 17.0012   Cr: 17.6587 )
00000039: 17.4815   (Y': 17.6378   Cb: 17.1464   Cr: 17.6808 )
00000040: 17.4451   (Y': 17.6103   Cb: 17.0698   Cr: 17.6814 )
00000041: 17.6968   (Y': 17.519    Cb: 17.5254   Cr: 18.0686 )
00000042: 17.7498   (Y': 17.5257   Cb: 17.5921   Cr: 18.1591 )
00000043: 18.092    (Y': 17.5563   Cb: 18.2054   Cr: 18.5763 )
00000048: 19.3182   (Y': 17.9645   Cb: 20.2747   Cr: 20.1174 )
00000045: 18.6116   (Y': 17.8209   Cb: 18.9408   Cr: 19.2    )
00000046: 18.7997   (Y': 17.8577   Cb: 19.2951   Cr: 19.4267 )
00000044: 18.3186   (Y': 17.6521   Cb: 18.5369   Cr: 18.8584 )
00000047: 19.163    (Y': 17.9923   Cb: 19.9223   Cr: 19.8639 )
00000049: 19.3597   (Y': 17.9579   Cb: 20.3789   Cr: 20.1784 )
00000050: 19.4314   (Y': 18.0146   Cb: 20.4855   Cr: 20.2416 )
00000051: 19.5718   (Y': 17.9846   Cb: 20.7998   Cr: 20.5132 )
00000052: 19.5841   (Y': 17.8756   Cb: 20.9836   Cr: 20.5888 )
00000053: 20.0937   (Y': 18.1086   Cb: 22.0098   Cr: 21.1878 )
00000055: 20.6769   (Y': 18.273    Cb: 23.2037   Cr: 22.2151 )
00000054: 20.3034   (Y': 18.2308   Cb: 22.2634   Cr: 21.5434 )
00000057: 22.1264   (Y': 19.1033   Cb: 25.7419   Cr: 24.651  )
00000056: 20.9372   (Y': 18.2924   Cb: 23.8644   Cr: 22.7962 )
00000058: 22.4967   (Y': 19.4034   Cb: 26.3434   Cr: 25.1011 )
00000059: 23.6419   (Y': 19.956    Cb: 28.7619   Cr: 28.1308 )
00000062: 23.0664   (Y': 19.2009   Cb: 28.4449   Cr: 28.6743 )
00000060: 24.3882   (Y': 20.3983   Cb: 30.7609   Cr: 30.1821 )
00000061: 24.4237   (Y': 20.4179   Cb: 30.5743   Cr: 30.5827 )
00000063: 21.5252   (Y': 17.7781   Cb: 26.8032   Cr: 26.2936 )
00000064: 21.1901   (Y': 17.5191   Cb: 26.1138   Cr: 25.755  )
00000065: 20.4057   (Y': 17.0253   Cb: 24.0398   Cr: 24.5067 )
00000066: 20.1368   (Y': 16.8118   Cb: 23.5521   Cr: 24.1798 )
00000068: 20.1437   (Y': 17.0807   Cb: 22.7993   Cr: 23.7786 )
00000067: 20.1389   (Y': 16.9985   Cb: 23.0059   Cr: 23.8816 )
00000069: 20.0156   (Y': 17.2686   Cb: 21.8682   Cr: 23.3418 )
00000070: 20.0153   (Y': 17.2444   Cb: 22.0758   Cr: 23.1578 )
00000072: 19.8945   (Y': 17.2668   Cb: 21.9187   Cr: 22.5609 )
00000071: 19.6201   (Y': 17.1971   Cb: 21.0142   Cr: 22.3976 )
00000073: 19.7861   (Y': 16.9985   Cb: 22.1479   Cr: 22.6307 )
00000074: 19.6688   (Y': 17.0422   Cb: 21.5792   Cr: 22.4668 )
00000076: 19.9073   (Y': 17.2275   Cb: 21.8484   Cr: 22.8572 )
00000075: 19.868    (Y': 17.1842   Cb: 21.8428   Cr: 22.7903 )
00000077: 20.0078   (Y': 17.205    Cb: 22.8717   Cr: 22.4021 )
00000078: 19.7274   (Y': 17.0742   Cb: 22.3719   Cr: 21.8461 )
00000080: 19.1275   (Y': 16.5838   Cb: 21.3783   Cr: 21.287  )
00000079: 19.3042   (Y': 16.7674   Cb: 21.6285   Cr: 21.3728 )
00000082: 19.2534   (Y': 16.5805   Cb: 21.7631   Cr: 21.5564 )
00000081: 19.1431   (Y': 16.5284   Cb: 21.6131   Cr: 21.3048 )
00000083: 17.8472   (Y': 15.8735   Cb: 19.3417   Cr: 19.2994 )
00000085: 17.8472   (Y': 15.8735   Cb: 19.3417   Cr: 19.2994 )
00000084: 17.8472   (Y': 15.8735   Cb: 19.3417   Cr: 19.2994 )
00000086: 17.8472   (Y': 15.8735   Cb: 19.3417   Cr: 19.2994 )
00000087: 17.8472   (Y': 15.8735   Cb: 19.3417   Cr: 19.2994 )
00000088: 17.8472   (Y': 15.8735   Cb: 19.3417   Cr: 19.2994 )
00000089: 17.8472   (Y': 15.8735   Cb: 19.3417   Cr: 19.2994 )
00000090: 17.8472   (Y': 15.8735   Cb: 19.3417   Cr: 19.2994 )
00000091: 17.8472   (Y': 15.8735   Cb: 19.3417   Cr: 19.2994 )
00000092: 19.3046   (Y': 17.815    Cb: 20.2988   Cr: 20.2982 )
00000093: 17.8177   (Y': 16.5947   Cb: 18.4385   Cr: 18.744  )
00000094: 17.8121   (Y': 16.5868   Cb: 18.437    Cr: 18.7377 )
00000095: 17.839    (Y': 16.6065   Cb: 18.4868   Cr: 18.752  )
00000096: 17.8248   (Y': 16.5725   Cb: 18.4647   Cr: 18.7787 )
00000097: 17.8134   (Y': 16.5875   Cb: 18.4077   Cr: 18.7729 )
00000098: 17.8216   (Y': 16.6372   Cb: 18.3473   Cr: 18.7882 )
00000099: 17.8495   (Y': 16.7248   Cb: 18.3411   Cr: 18.757  )
00000100: 17.9043   (Y': 16.7445   Cb: 18.4425   Cr: 18.8168 )
00000101: 18.0304   (Y': 16.9165   Cb: 18.5453   Cr: 18.8953 )
00000102: 18.0405   (Y': 16.9349   Cb: 18.5467   Cr: 18.9019 )
00000103: 18.1501   (Y': 17.0686   Cb: 18.6058   Cr: 19.0289 )
00000104: 18.1902   (Y': 17.0913   Cb: 18.6693   Cr: 19.0705 )
00000105: 18.202    (Y': 17.0949   Cb: 18.6925   Cr: 19.0829 )
00000107: 18.2126   (Y': 17.1306   Cb: 18.6868   Cr: 19.0716 )
00000106: 18.1938   (Y': 17.0976   Cb: 18.6715   Cr: 19.0715 )
00000108: 18.205    (Y': 17.1095   Cb: 18.6815   Cr: 19.083  )
00000109: 18.1964   (Y': 17.1151   Cb: 18.6746   Cr: 19.0499 )
00000110: 18.2096   (Y': 17.113    Cb: 18.684    Cr: 19.0916 )
00000111: 18.2031   (Y': 17.1073   Cb: 18.6913   Cr: 19.0686 )
00000112: 18.1996   (Y': 17.0912   Cb: 18.6815   Cr: 19.092  )
00000113: 18.2069   (Y': 17.0998   Cb: 18.7027   Cr: 19.0818 )
00000115: 18.2154   (Y': 17.1135   Cb: 18.7051   Cr: 19.0888 )
00000114: 18.2134   (Y': 17.1182   Cb: 18.6946   Cr: 19.0856 )
00000116: 18.2149   (Y': 17.1216   Cb: 18.6941   Cr: 19.0864 )
00000117: 18.2002   (Y': 17.1119   Cb: 18.6715   Cr: 19.0723 )
00000118: 18.1996   (Y': 17.1263   Cb: 18.6536   Cr: 19.0673 )
00000119: 18.1922   (Y': 17.0956   Cb: 18.6614   Cr: 19.0795 )
00000120: 18.2005   (Y': 17.1274   Cb: 18.6625   Cr: 19.0591 )
00000121: 18.1903   (Y': 17.0993   Cb: 18.6673   Cr: 19.0603 )
00000122: 18.1896   (Y': 17.0891   Cb: 18.663    Cr: 19.0788 )
00000123: 18.1817   (Y': 17.101    Cb: 18.6573   Cr: 19.0372 )
00000124: 18.185    (Y': 17.0813   Cb: 18.6665   Cr: 19.0702 )
00000125: 18.1831   (Y': 17.0799   Cb: 18.6579   Cr: 19.0749 )
00000126: 18.1994   (Y': 17.0792   Cb: 18.6946   Cr: 19.096  )
00000127: 18.1796   (Y': 17.0639   Cb: 18.677    Cr: 19.0663 )
00000128: 18.1852   (Y': 17.0743   Cb: 18.6682   Cr: 19.0803 )
00000130: 18.2011   (Y': 17.1066   Cb: 18.6836   Cr: 19.0705 )
00000131: 18.195    (Y': 17.101    Cb: 18.6809   Cr: 19.0602 )
00000132: 18.2012   (Y': 17.122    Cb: 18.6692   Cr: 19.0626 )
00000129: 18.1985   (Y': 17.0952   Cb: 18.687    Cr: 19.0755 )
00000134: 18.0254   (Y': 16.8735   Cb: 18.5597   Cr: 18.9297 )
00000135: 18.218    (Y': 16.878    Cb: 19.0056   Cr: 19.1631 )
00000133: 18.0885   (Y': 16.9766   Cb: 18.5559   Cr: 19.0025 )
00000138: 18.3626   (Y': 17.1436   Cb: 18.9594   Cr: 19.308  )
00000137: 18.3794   (Y': 17.1308   Cb: 19.052    Cr: 19.2926 )
00000139: 18.6513   (Y': 17.356    Cb: 19.3216   Cr: 19.6446 )
00000140: 18.7003   (Y': 17.3962   Cb: 19.4672   Cr: 19.6065 )
00000136: 18.3439   (Y': 17.0207   Cb: 19.0983   Cr: 19.2953 )
00000141: 18.9382   (Y': 17.7207   Cb: 19.6352   Cr: 19.7753 )
00000143: 19.0522   (Y': 17.7472   Cb: 19.8259   Cr: 19.9533 )
00000142: 19.0185   (Y': 17.7502   Cb: 19.7238   Cr: 19.9296 )
00000146: 18.9475   (Y': 17.6817   Cb: 19.8181   Cr: 19.6878 )
00000144: 19.1177   (Y': 17.7864   Cb: 19.9035   Cr: 20.0503 )
00000145: 19.0897   (Y': 17.6794   Cb: 19.8939   Cr: 20.1389 )
00000147: 18.944    (Y': 17.621    Cb: 19.6703   Cr: 19.9248 )
00000148: 18.9635   (Y': 17.6528   Cb: 19.6104   Cr: 20.0087 )
00000149: 18.9225   (Y': 17.6507   Cb: 19.4415   Cr: 20.044  )
00000150: 18.8391   (Y': 17.6136   Cb: 19.2672   Cr: 19.9863 )
00000151: 18.6933   (Y': 17.5183   Cb: 19.1479   Cr: 19.7241 )
00000152: 18.5287   (Y': 17.4424   Cb: 18.9942   Cr: 19.4041 )
00000153: 18.7558   (Y': 17.5342   Cb: 19.1607   Cr: 19.9236 )
00000154: 18.7133   (Y': 17.5185   Cb: 19.1387   Cr: 19.8109 )
00000155: 18.6932   (Y': 17.5258   Cb: 19.0892   Cr: 19.779  )
00000156: 18.677    (Y': 17.4997   Cb: 19.0881   Cr: 19.762  )
00000157: 18.6774   (Y': 17.5366   Cb: 19.0507   Cr: 19.7454 )
00000159: 18.6135   (Y': 17.5099   Cb: 18.9697   Cr: 19.6404 )
00000158: 18.6314   (Y': 17.5006   Cb: 19.0001   Cr: 19.6884 )
00000160: 18.5982   (Y': 17.4752   Cb: 18.9847   Cr: 19.6217 )
00000161: 18.5495   (Y': 17.4319   Cb: 18.9119   Cr: 19.592  )
00000162: 18.5513   (Y': 17.4362   Cb: 18.9599   Cr: 19.5365 )
00000163: 18.5376   (Y': 17.4472   Cb: 18.9205   Cr: 19.5121 )
00000164: 18.5599   (Y': 17.396    Cb: 18.9837   Cr: 19.6077 )
00000165: 18.391    (Y': 17.3075   Cb: 18.7811   Cr: 19.3465 )
00000166: 18.4212   (Y': 17.2866   Cb: 18.8834   Cr: 19.3773 )
00000168: 18.502    (Y': 17.3008   Cb: 19.0743   Cr: 19.4448 )
00000167: 18.474    (Y': 17.2747   Cb: 18.9836   Cr: 19.4831 )
00000172: 18.712    (Y': 17.0907   Cb: 19.4904   Cr: 20.1898 )
00000169: 18.6543   (Y': 17.2458   Cb: 19.4295   Cr: 19.7313 )
00000170: 18.7237   (Y': 17.2339   Cb: 19.5481   Cr: 19.8946 )
00000171: 18.7873   (Y': 17.1677   Cb: 19.5659   Cr: 20.2615 )
00000173: 18.7025   (Y': 17.1534   Cb: 19.4516   Cr: 20.0703 )
00000174: 18.7412   (Y': 17.1852   Cb: 19.5346   Cr: 20.0717 )
00000176: 19.091    (Y': 17.836    Cb: 19.6012   Cr: 20.1936 )
00000175: 19.0243   (Y': 17.6563   Cb: 19.6118   Cr: 20.2376 )
00000177: 18.9621   (Y': 17.6461   Cb: 19.4795   Cr: 20.1631 )
00000178: 18.7399   (Y': 17.5141   Cb: 19.1215   Cr: 19.9434 )
00000179: 18.3895   (Y': 17.464    Cb: 18.722    Cr: 19.1666 )
00000180: 18.4308   (Y': 17.3714   Cb: 18.8652   Cr: 19.2982 )
00000182: 17.8291   (Y': 17.098    Cb: 18.0695   Cr: 18.4313 )
00000181: 18.0697   (Y': 17.2451   Cb: 18.3967   Cr: 18.7073 )
00000183: 17.7989   (Y': 16.957    Cb: 18.0519   Cr: 18.5423 )
00000184: 17.7541   (Y': 16.9635   Cb: 18.0047   Cr: 18.4272 )
00000185: 17.73     (Y': 16.9226   Cb: 17.9686   Cr: 18.4403 )
00000186: 17.742    (Y': 16.9147   Cb: 18.004    Cr: 18.4544 )
00000187: 17.7132   (Y': 16.8841   Cb: 17.9873   Cr: 18.4147 )
00000188: 17.6939   (Y': 16.8474   Cb: 17.9509   Cr: 18.4396 )
00000189: 17.7024   (Y': 16.8603   Cb: 17.9917   Cr: 18.4059 )
00000190: 17.6862   (Y': 16.8418   Cb: 17.9481   Cr: 18.4234 )
00000192: 17.6868   (Y': 16.836    Cb: 17.9955   Cr: 18.3812 )
00000191: 17.6701   (Y': 16.8449   Cb: 17.931    Cr: 18.3807 )
00000196: 17.7244   (Y': 16.8279   Cb: 18.0413   Cr: 18.4758 )
00000195: 17.6845   (Y': 16.8629   Cb: 17.9505   Cr: 18.3845 )
00000194: 17.6679   (Y': 16.8405   Cb: 17.9387   Cr: 18.3709 )
00000193: 17.6677   (Y': 16.8481   Cb: 17.9543   Cr: 18.3422 )
00000197: 17.655    (Y': 16.7685   Cb: 18.0157   Cr: 18.3443 )
00000199: 17.7325   (Y': 16.8607   Cb: 18.1103   Cr: 18.3823 )
00000198: 17.6821   (Y': 16.8297   Cb: 18.0149   Cr: 18.3528 )
00000200: 17.7106   (Y': 16.8264   Cb: 18.0841   Cr: 18.3828 )
00000201: 17.7152   (Y': 16.8387   Cb: 18.0808   Cr: 18.3848 )
00000203: 17.7379   (Y': 16.7968   Cb: 18.0972   Cr: 18.5083 )
00000202: 17.6955   (Y': 16.7974   Cb: 18.0795   Cr: 18.3762 )
00000205: 17.599    (Y': 16.579    Cb: 18.045    Cr: 18.3935 )
00000204: 17.7236   (Y': 16.7052   Cb: 18.1267   Cr: 18.5623 )
00000206: 17.4907   (Y': 16.3924   Cb: 17.981    Cr: 18.358  )
00000207: 17.2705   (Y': 16.2327   Cb: 17.7677   Cr: 18.037  )
00000208: 17.257    (Y': 16.325    Cb: 17.6948   Cr: 17.9298 )
00000209: 17.0852   (Y': 16.2716   Cb: 17.5199   Cr: 17.5953 )
00000214: 16.3594   (Y': 15.6379   Cb: 16.4706   Cr: 17.0933 )
00000210: 16.9193   (Y': 16.1015   Cb: 17.3264   Cr: 17.4633 )
00000213: 16.4187   (Y': 15.6116   Cb: 16.5896   Cr: 17.2052 )
00000212: 16.8739   (Y': 15.8822   Cb: 17.2502   Cr: 17.7014 )
00000211: 16.9581   (Y': 15.9876   Cb: 17.3416   Cr: 17.746  )
00000215: 16.3379   (Y': 15.6167   Cb: 16.4361   Cr: 17.0863 )
00000216: 16.3313   (Y': 15.6002   Cb: 16.4399   Cr: 17.0816 )
00000217: 16.3476   (Y': 15.6195   Cb: 16.4503   Cr: 17.1005 )
00000219: 16.3489   (Y': 15.5987   Cb: 16.4701   Cr: 17.1115 )
00000218: 16.3459   (Y': 15.6218   Cb: 16.4393   Cr: 17.104  )
00000220: 16.3487   (Y': 15.5921   Cb: 16.4723   Cr: 17.1176 )
00000223: 16.3745   (Y': 15.6118   Cb: 16.5003   Cr: 17.1494 )
00000221: 16.363    (Y': 15.6038   Cb: 16.4907   Cr: 17.1307 )
00000222: 16.3725   (Y': 15.6272   Cb: 16.5009   Cr: 17.1199 )
00000224: 16.357    (Y': 15.586    Cb: 16.4957   Cr: 17.129  )
00000225: 16.369    (Y': 15.6067   Cb: 16.4721   Cr: 17.1701 )
00000226: 16.3669   (Y': 15.6104   Cb: 16.4757   Cr: 17.153  )
00000229: 16.4861   (Y': 15.6133   Cb: 16.717    Cr: 17.2993 )
00000227: 16.3402   (Y': 15.5614   Cb: 16.4732   Cr: 17.1299 )
00000228: 16.4422   (Y': 15.5927   Cb: 16.5873   Cr: 17.3208 )
00000230: 16.5219   (Y': 15.6481   Cb: 16.7567   Cr: 17.3325 )
00000231: 17.0694   (Y': 15.9762   Cb: 17.3527   Cr: 18.1657 )
00000232: 17.2765   (Y': 15.9288   Cb: 17.7296   Cr: 18.6123 )
00000233: 19.133    (Y': 17.2996   Cb: 19.9713   Cr: 21.0018 )
00000235: 20.1714   (Y': 18.0528   Cb: 21.3909   Cr: 22.2752 )
00000236: 19.7785   (Y': 17.7356   Cb: 20.8416   Cr: 21.8795 )
00000234: 19.8733   (Y': 17.8978   Cb: 20.8221   Cr: 21.9477 )
00000237: 19.3147   (Y': 17.2536   Cb: 20.2544   Cr: 21.6269 )
00000238: 19.1827   (Y': 17.2574   Cb: 20.0519   Cr: 21.2342 )
00000239: 19.1001   (Y': 17.2547   Cb: 19.8948   Cr: 21.0536 )
00000240: 19.0942   (Y': 17.2678   Cb: 19.8571   Cr: 21.044  )
00000241: 18.8083   (Y': 17.1755   Cb: 19.5219   Cr: 20.3876 )
00000242: 18.6899   (Y': 17.1877   Cb: 19.284    Cr: 20.1494 )
00000243: 18.4952   (Y': 16.987    Cb: 19.1818   Cr: 19.856  )
00000244: 18.4554   (Y': 16.9698   Cb: 19.1565   Cr: 19.756  )
00000245: 18.4988   (Y': 17.0364   Cb: 19.1539   Cr: 19.8083 )
00000246: 18.4638   (Y': 17.0233   Cb: 19.1234   Cr: 19.7271 )
00000248: 18.4184   (Y': 16.9773   Cb: 19.0939   Cr: 19.6649 )
00000247: 18.3951   (Y': 16.935    Cb: 19.0952   Cr: 19.6489 )
00000249: 18.4349   (Y': 16.978    Cb: 19.1348   Cr: 19.6827 )
00000251: 18.4635   (Y': 17.0364   Cb: 19.1081   Cr: 19.719  )
00000250: 18.4503   (Y': 17.027    Cb: 19.1115   Cr: 19.6799 )
00000252: 18.4726   (Y': 17.0109   Cb: 19.153    Cr: 19.7519 )
00000253: 17.5736   (Y': 16.0019   Cb: 18.2628   Cr: 19.0566 )
00000254: 20.4786   (Y': 19.7994   Cb: 21.084    Cr: 20.6521 )
00000255: 20.5613   (Y': 19.879    Cb: 21.0973   Cr: 20.8023 )
00000256: 20.5327   (Y': 19.868    Cb: 21.0728   Cr: 20.7483 )
00000257: 20.6658   (Y': 20.0427   Cb: 21.2209   Cr: 20.8174 )
00000258: 20.5672   (Y': 20.0469   Cb: 21.032    Cr: 20.6806 )
00000259: 20.0143   (Y': 19.6049   Cb: 20.4126   Cr: 20.0633 )
00000260: 19.6825   (Y': 19.3423   Cb: 20.068    Cr: 19.6676 )
00000262: 19.0129   (Y': 18.5066   Cb: 19.4509   Cr: 19.1349 )
00000261: 19.3477   (Y': 18.9404   Cb: 19.623    Cr: 19.5111 )
00000263: 19.7718   (Y': 18.6895   Cb: 20.5693   Cr: 20.3036 )
00000264: 20.3929   (Y': 19.0193   Cb: 21.26     Cr: 21.3134 )
00000265: 26.2294   (Y': 24.8412   Cb: 27.0838   Cr: 27.1879 )
00000266: 25.6373   (Y': 25.147    Cb: 25.9233   Cr: 25.8866 )
00000267: 25.4378   (Y': 25.3598   Cb: 25.4157   Cr: 25.5397 )
00000271: 17.9142   (Y': 17.016    Cb: 18.6606   Cr: 18.2381 )
00000268: 25.3752   (Y': 25.1775   Cb: 25.4135   Cr: 25.5426 )
00000269: 24.9212   (Y': 24.6343   Cb: 24.9621   Cr: 25.185  )
00000270: 21.9825   (Y': 20.8735   Cb: 23.1616   Cr: 22.2197 )
00000272: 17.3857   (Y': 16.8285   Cb: 17.7544   Cr: 17.6337 )
00000273: 16.9387   (Y': 16.8591   Cb: 17.0422   Cr: 16.9167 )
00000274: 16.9408   (Y': 16.87     Cb: 17.0545   Cr: 16.9001 )
00000275: 16.9619   (Y': 16.873    Cb: 17.072    Cr: 16.9432 )
00000276: 16.9763   (Y': 16.8652   Cb: 17.1277   Cr: 16.9401 )
00000277: 16.9911   (Y': 16.8672   Cb: 17.1368   Cr: 16.9734 )
00000278: 16.9902   (Y': 16.8686   Cb: 17.1518   Cr: 16.955  )
00000279: 16.9903   (Y': 16.8481   Cb: 17.1623   Cr: 16.9661 )
00000280: 16.9933   (Y': 16.8582   Cb: 17.1784   Cr: 16.9497 )
00000281: 16.9946   (Y': 16.8266   Cb: 17.181    Cr: 16.9835 )
00000282: 17.0111   (Y': 16.8555   Cb: 17.1858   Cr: 16.9983 )
00000283: 17.029    (Y': 16.8715   Cb: 17.1987   Cr: 17.0229 )
00000285: 16.988    (Y': 16.8071   Cb: 17.1602   Cr: 17.004  )
00000284: 17.0018   (Y': 16.8447   Cb: 17.1695   Cr: 16.9971 )
00000287: 16.9609   (Y': 16.772    Cb: 17.1876   Cr: 16.9333 )
00000286: 16.9849   (Y': 16.826    Cb: 17.1445   Cr: 16.99   )
00000288: 16.9318   (Y': 16.7499   Cb: 17.1094   Cr: 16.9435 )
00000289: 16.7189   (Y': 16.4274   Cb: 16.9912   Cr: 16.7566 )
00000290: 16.4264   (Y': 15.9532   Cb: 16.8436   Cr: 16.5299 )
00000291: 16.1793   (Y': 15.5612   Cb: 16.7977   Cr: 16.2681 )
00000295: 16.0105   (Y': 15.214    Cb: 16.772    Cr: 16.1898 )
00000293: 16.0158   (Y': 15.2013   Cb: 16.772    Cr: 16.2225 )
00000292: 16.1014   (Y': 15.4185   Cb: 16.7623   Cr: 16.2298 )
00000294: 16.0312   (Y': 15.2461   Cb: 16.7734   Cr: 16.2133 )
00000296: 16.0015   (Y': 15.2076   Cb: 16.7475   Cr: 16.1914 )
00000297: 16.2372   (Y': 15.5911   Cb: 16.8547   Cr: 16.3598 )
00000299: 16.7933   (Y': 16.4048   Cb: 17.1613   Cr: 16.8473 )
00000298: 16.301    (Y': 15.6527   Cb: 16.9623   Cr: 16.3874 )
00000302: 17.3487   (Y': 17.2107   Cb: 17.4891   Cr: 17.3507 )
00000300: 17.143    (Y': 16.9177   Cb: 17.3703   Cr: 17.1527 )
00000303: 17.3495   (Y': 17.1954   Cb: 17.5057   Cr: 17.353  )
00000301: 17.3811   (Y': 17.2925   Cb: 17.4995   Cr: 17.3539 )
00000304: 17.3516   (Y': 17.1767   Cb: 17.5133   Cr: 17.3715 )
00000305: 17.3491   (Y': 17.1829   Cb: 17.5116   Cr: 17.359  )
00000306: 17.3566   (Y': 17.1803   Cb: 17.5202   Cr: 17.3761 )
00000307: 17.3746   (Y': 17.2329   Cb: 17.5201   Cr: 17.3756 )
00000309: 17.3741   (Y': 17.209    Cb: 17.5647   Cr: 17.3558 )
00000308: 17.363    (Y': 17.2021   Cb: 17.5255   Cr: 17.3675 )
00000310: 17.3672   (Y': 17.1879   Cb: 17.5365   Cr: 17.3843 )
00000311: 17.3566   (Y': 17.1757   Cb: 17.5484   Cr: 17.3537 )
00000313: 17.3372   (Y': 17.1779   Cb: 17.5176   Cr: 17.3228 )
00000312: 17.3705   (Y': 17.2058   Cb: 17.5412   Cr: 17.3708 )
00000314: 17.3283   (Y': 17.1744   Cb: 17.4908   Cr: 17.3254 )
00000315: 17.3381   (Y': 17.2021   Cb: 17.4864   Cr: 17.3305 )
00000316: 17.4033   (Y': 17.2808   Cb: 17.5612   Cr: 17.3727 )
00000317: 16.9832   (Y': 16.9347   Cb: 17.0433   Cr: 16.9723 )
00000318: 16.8388   (Y': 16.8416   Cb: 16.8663   Cr: 16.8086 )
00000320: 14.2492   (Y': 15.2899   Cb: 13.1592   Cr: 14.5747 )
00000319: 16.6494   (Y': 16.7366   Cb: 16.6113   Cr: 16.6016 )
00000321: 14.6899   (Y': 15.5835   Cb: 13.6954   Cr: 15.0114 )
00000322: 14.6266   (Y': 15.5625   Cb: 13.6344   Cr: 14.9083 )
00000323: 14.1537   (Y': 15.1205   Cb: 13.1938   Cr: 14.3664 )
00000324: 14.0403   (Y': 15.0343   Cb: 13.0752   Cr: 14.237  )
00000326: 13.8499   (Y': 15.1552   Cb: 12.7692   Cr: 13.9507 )
00000325: 13.8692   (Y': 15.0999   Cb: 12.8004   Cr: 14.0117 )
00000327: 13.8481   (Y': 15.1328   Cb: 12.771    Cr: 13.9599 )
00000329: 13.8067   (Y': 15.104    Cb: 12.7124   Cr: 13.9316 )
00000328: 13.8209   (Y': 15.0943   Cb: 12.7487   Cr: 13.9348 )
00000330: 13.7932   (Y': 15.0932   Cb: 12.7058   Cr: 13.9068 )
00000331: 13.7877   (Y': 15.1146   Cb: 12.6922   Cr: 13.8917 )
00000332: 13.7758   (Y': 15.1005   Cb: 12.6858   Cr: 13.8741 )
00000333: 13.7795   (Y': 15.1189   Cb: 12.6639   Cr: 13.9006 )
00000334: 13.848    (Y': 15.1455   Cb: 12.772    Cr: 13.9488 )
00000335: 13.8574   (Y': 15.1555   Cb: 12.7815   Cr: 13.9574 )
00000336: 13.8734   (Y': 15.1573   Cb: 12.8032   Cr: 13.9766 )
00000337: 13.8647   (Y': 15.1579   Cb: 12.7945   Cr: 13.9609 )
00000338: 13.8639   (Y': 15.1682   Cb: 12.7827   Cr: 13.966  )
00000339: 13.8569   (Y': 15.1718   Cb: 12.7761   Cr: 13.9506 )
00000340: 13.8575   (Y': 15.1694   Cb: 12.7916   Cr: 13.9341 )
00000341: 13.8724   (Y': 15.1786   Cb: 12.791    Cr: 13.9734 )
00000343: 13.8552   (Y': 15.1677   Cb: 12.7686   Cr: 13.9584 )
00000342: 13.8661   (Y': 15.1843   Cb: 12.7799   Cr: 13.9644 )
00000344: 13.854    (Y': 15.1748   Cb: 12.7605   Cr: 13.9598 )
00000347: 13.867    (Y': 15.2045   Cb: 12.7394   Cr: 14.0055 )
00000346: 13.8582   (Y': 15.1824   Cb: 12.7499   Cr: 13.9812 )
00000345: 13.8617   (Y': 15.1896   Cb: 12.7573   Cr: 13.9767 )
00000348: 13.5942   (Y': 15.0343   Cb: 12.4293   Cr: 13.7061 )
00000349: 14.889    (Y': 15.0533   Cb: 14.6324   Cr: 14.9935 )
00000350: 19.9271   (Y': 17.1437   Cb: 21.5353   Cr: 23.786  )
00000351: 17.3919   (Y': 15.4217   Cb: 17.7439   Cr: 20.3692 )
00000352: 17.3506   (Y': 15.4108   Cb: 17.6972   Cr: 20.244  )
00000354: 17.1385   (Y': 15.3709   Cb: 17.3194   Cr: 19.8272 )
00000353: 17.248    (Y': 15.3637   Cb: 17.5279   Cr: 20.0949 )
00000355: 16.9576   (Y': 15.3247   Cb: 17.0213   Cr: 19.49   )
00000356: 16.914    (Y': 15.3359   Cb: 16.9221   Cr: 19.4035 )
00000357: 16.8446   (Y': 15.3687   Cb: 16.7956   Cr: 19.1813 )
00000359: 16.7696   (Y': 15.422    Cb: 16.648    Cr: 18.9321 )
00000358: 16.786    (Y': 15.3446   Cb: 16.7316   Cr: 19.0499 )
00000360: 16.75     (Y': 15.4071   Cb: 16.6187   Cr: 18.9187 )
00000361: 16.7253   (Y': 15.4151   Cb: 16.5806   Cr: 18.8437 )
00000362: 16.7199   (Y': 15.4223   Cb: 16.5643   Cr: 18.8288 )
00000363: 16.7566   (Y': 15.4983   Cb: 16.5939   Cr: 18.7923 )
00000364: 16.7771   (Y': 15.5078   Cb: 16.6258   Cr: 18.8178 )
00000365: 16.8622   (Y': 15.5629   Cb: 16.7106   Cr: 18.9683 )
00000366: 16.8727   (Y': 15.561    Cb: 16.7488   Cr: 18.9597 )
00000367: 17.0098   (Y': 15.6469   Cb: 16.9124   Cr: 19.166  )
00000368: 17.0967   (Y': 15.6549   Cb: 17.0884   Cr: 19.2837 )
00000370: 17.3688   (Y': 15.7823   Cb: 17.5019   Cr: 19.6662 )
00000369: 17.3484   (Y': 15.7435   Cb: 17.5018   Cr: 19.6571 )
00000371: 17.3528   (Y': 15.7404   Cb: 17.5155   Cr: 19.6649 )
00000373: 17.3632   (Y': 15.7491   Cb: 17.5308   Cr: 19.6717 )
00000372: 17.355    (Y': 15.7493   Cb: 17.5035   Cr: 19.6738 )
00000374: 17.3691   (Y': 15.7607   Cb: 17.5116   Cr: 19.705  )
00000376: 17.3868   (Y': 15.8008   Cb: 17.5116   Cr: 19.6964 )
00000375: 17.3694   (Y': 15.7679   Cb: 17.5023   Cr: 19.7039 )
00000378: 17.3869   (Y': 15.8012   Cb: 17.5134   Cr: 19.693  )
00000377: 17.3773   (Y': 15.7688   Cb: 17.5282   Cr: 19.6991 )
00000380: 17.402    (Y': 15.8088   Cb: 17.5439   Cr: 19.7009 )
00000379: 17.3961   (Y': 15.7904   Cb: 17.548    Cr: 19.7094 )
00000381: 17.3846   (Y': 15.791    Cb: 17.5215   Cr: 19.6931 )
00000382: 17.3746   (Y': 15.7975   Cb: 17.4985   Cr: 19.664  )
00000383: 17.3711   (Y': 15.7806   Cb: 17.5046   Cr: 19.6773 )
00000384: 17.3824   (Y': 15.804    Cb: 17.5032   Cr: 19.6802 )
00000386: 17.3618   (Y': 15.7687   Cb: 17.5106   Cr: 19.6494 )
00000385: 17.3601   (Y': 15.7676   Cb: 17.5014   Cr: 19.6582 )
00000387: 17.3659   (Y': 15.7652   Cb: 17.5156   Cr: 19.6704 )
00000388: 17.3814   (Y': 15.7978   Cb: 17.5113   Cr: 19.6769 )
00000389: 17.3706   (Y': 15.7672   Cb: 17.5157   Cr: 19.6894 )
00000390: 17.3737   (Y': 15.7714   Cb: 17.5235   Cr: 19.682  )
00000392: 17.3701   (Y': 15.7684   Cb: 17.5269   Cr: 19.6655 )
00000391: 17.3646   (Y': 15.7505   Cb: 17.5272   Cr: 19.6813 )
00000395: 17.3599   (Y': 15.7547   Cb: 17.5082   Cr: 19.6783 )
00000394: 17.3798   (Y': 15.7778   Cb: 17.5286   Cr: 19.6888 )
00000393: 17.3682   (Y': 15.7702   Cb: 17.5059   Cr: 19.686  )
00000396: 17.3789   (Y': 15.7838   Cb: 17.5269   Cr: 19.6726 )
00000397: 17.3991   (Y': 15.8162   Cb: 17.5347   Cr: 19.6832 )
00000398: 17.3795   (Y': 15.7881   Cb: 17.5219   Cr: 19.6736 )
00000399: 17.3687   (Y': 15.7779   Cb: 17.5094   Cr: 19.6639 )
00000400: 17.3659   (Y': 15.7669   Cb: 17.5148   Cr: 19.6678 )
00000401: 17.3826   (Y': 15.785    Cb: 17.532    Cr: 19.68   )
00000402: 17.3879   (Y': 15.801    Cb: 17.5254   Cr: 19.6789 )
00000403: 17.3686   (Y': 15.7474   Cb: 17.5443   Cr: 19.6812 )
00000404: 17.3892   (Y': 15.7963   Cb: 17.5276   Cr: 19.6931 )
00000405: 17.3884   (Y': 15.7878   Cb: 17.5407   Cr: 19.6889 )
00000407: 17.3932   (Y': 15.8129   Cb: 17.5216   Cr: 19.6829 )
00000406: 17.3811   (Y': 15.7726   Cb: 17.5358   Cr: 19.6966 )
00000408: 17.3953   (Y': 15.807    Cb: 17.5394   Cr: 19.679  )
00000409: 17.3884   (Y': 15.78     Cb: 17.5589   Cr: 19.6779 )
00000410: 17.398    (Y': 15.7983   Cb: 17.5519   Cr: 19.6936 )
00000411: 17.393    (Y': 15.7852   Cb: 17.5646   Cr: 19.6791 )
00000412: 17.3896   (Y': 15.7868   Cb: 17.5455   Cr: 19.6893 )
00000415: 17.3976   (Y': 15.8025   Cb: 17.542    Cr: 19.6972 )
00000413: 17.3987   (Y': 15.7925   Cb: 17.5462   Cr: 19.7207 )
00000414: 17.401    (Y': 15.8156   Cb: 17.5513   Cr: 19.6672 )
00000418: 17.4032   (Y': 15.8195   Cb: 17.5383   Cr: 19.6904 )
00000417: 17.4112   (Y': 15.827    Cb: 17.5562   Cr: 19.6833 )
00000416: 17.4067   (Y': 15.8294   Cb: 17.5457   Cr: 19.6719 )
00000419: 17.4091   (Y': 15.8316   Cb: 17.5434   Cr: 19.6824 )
00000420: 17.4073   (Y': 15.823    Cb: 17.5544   Cr: 19.6759 )
00000421: 17.4219   (Y': 15.831    Cb: 17.5809   Cr: 19.6878 )
00000422: 17.4376   (Y': 15.8612   Cb: 17.5715   Cr: 19.7091 )
00000423: 17.4193   (Y': 15.8352   Cb: 17.5593   Cr: 19.6992 )
00000425: 17.433    (Y': 15.845    Cb: 17.578    Cr: 19.7139 )
00000424: 17.4253   (Y': 15.832    Cb: 17.5817   Cr: 19.7009 )
00000426: 17.4235   (Y': 15.8441   Cb: 17.565    Cr: 19.6896 )
00000427: 17.4364   (Y': 15.853    Cb: 17.5815   Cr: 19.7062 )
00000428: 17.4371   (Y': 15.856    Cb: 17.5865   Cr: 19.6945 )
00000429: 17.4323   (Y': 15.8437   Cb: 17.5816   Cr: 19.708  )
00000430: 17.4325   (Y': 15.837    Cb: 17.5802   Cr: 19.7278 )
00000431: 17.4316   (Y': 15.8276   Cb: 17.5888   Cr: 19.7319 )
00000432: 17.4181   (Y': 15.8142   Cb: 17.5801   Cr: 19.7102 )
00000433: 17.4162   (Y': 15.8233   Cb: 17.5603   Cr: 19.711  )
00000434: 17.4433   (Y': 15.864    Cb: 17.5763   Cr: 19.723  )
00000435: 17.4229   (Y': 15.8326   Cb: 17.5694   Cr: 19.7073 )
00000436: 17.4191   (Y': 15.8256   Cb: 17.5776   Cr: 19.6917 )
00000437: 17.4252   (Y': 15.8345   Cb: 17.5804   Cr: 19.6962 )
00000438: 17.4344   (Y': 15.8549   Cb: 17.5738   Cr: 19.7039 )
00000439: 17.4324   (Y': 15.854    Cb: 17.5782   Cr: 19.6891 )
00000440: 17.4306   (Y': 15.8572   Cb: 17.5635   Cr: 19.6958 )
00000441: 17.4262   (Y': 15.8364   Cb: 17.57     Cr: 19.7137 )
00000442: 17.4264   (Y': 15.8297   Cb: 17.5814   Cr: 19.7122 )
00000443: 17.4266   (Y': 15.8373   Cb: 17.5829   Cr: 19.6927 )
00000444: 17.4266   (Y': 15.8373   Cb: 17.5829   Cr: 19.6927 )
00000446: 17.4266   (Y': 15.8373   Cb: 17.5829   Cr: 19.6927 )
00000445: 17.4266   (Y': 15.8373   Cb: 17.5829   Cr: 19.6927 )
00000449: 17.4266   (Y': 15.8373   Cb: 17.5829   Cr: 19.6927 )
00000448: 17.4266   (Y': 15.8373   Cb: 17.5829   Cr: 19.6927 )
00000447: 17.4266   (Y': 15.8373   Cb: 17.5829   Cr: 19.6927 )
00000450: 17.4327   (Y': 15.8498   Cb: 17.5877   Cr: 19.6854 )
00000451: 17.4327   (Y': 15.8498   Cb: 17.5877   Cr: 19.6854 )
00000452: 17.4353   (Y': 15.8344   Cb: 17.6054   Cr: 19.707  )
00000454: 17.417    (Y': 15.8193   Cb: 17.5777   Cr: 19.6964 )
00000453: 17.4218   (Y': 15.8181   Cb: 17.5964   Cr: 19.6932 )
00000455: 17.4195   (Y': 15.8252   Cb: 17.574    Cr: 19.7006 )
00000456: 17.4179   (Y': 15.8236   Cb: 17.5764   Cr: 19.6925 )
00000457: 17.2531   (Y': 15.7426   Cb: 17.3209   Cr: 19.475  )
00000458: 16.9714   (Y': 15.6526   Cb: 16.8684   Cr: 19.0392 )
00000460: 16.8699   (Y': 15.5748   Cb: 16.7608   Cr: 18.8966 )
00000459: 16.9231   (Y': 15.5907   Cb: 16.8293   Cr: 19.0056 )
00000461: 16.8204   (Y': 15.5224   Cb: 16.7008   Cr: 18.8702 )
00000462: 16.8165   (Y': 15.5082   Cb: 16.7036   Cr: 18.8776 )
00000463: 16.8255   (Y': 15.4989   Cb: 16.7256   Cr: 18.9051 )
00000464: 16.8713   (Y': 15.5172   Cb: 16.8179   Cr: 18.935  )
00000465: 16.9171   (Y': 15.5211   Cb: 16.8904   Cr: 19.0304 )
00000466: 16.9832   (Y': 15.4714   Cb: 17.0673   Cr: 19.1816 )
00000467: 17.0091   (Y': 15.4164   Cb: 17.1812   Cr: 19.2577 )
00000468: 17.1071   (Y': 15.3807   Cb: 17.3652   Cr: 19.5516 )
00000469: 17.1159   (Y': 15.3174   Cb: 17.4313   Cr: 19.6573 )
00000470: 17.1634   (Y': 15.2281   Cb: 17.5736   Cr: 19.9313 )
00000471: 17.1602   (Y': 15.1665   Cb: 17.6083   Cr: 20.0384 )
00000472: 17.1416   (Y': 15.0384   Cb: 17.7273   Cr: 20.1242 )
00000474: 16.9533   (Y': 14.8156   Cb: 17.5534   Cr: 20.0236 )
00000473: 17.0956   (Y': 14.9801   Cb: 17.693    Cr: 20.0982 )
00000476: 16.8324   (Y': 14.9989   Cb: 16.9386   Cr: 19.8526 )
00000475: 16.8672   (Y': 14.7888   Cb: 17.3125   Cr: 20.0218 )
00000477: 16.8005   (Y': 14.9817   Cb: 16.9021   Cr: 19.7848 )
00000478: 16.7995   (Y': 15.0132   Cb: 16.8119   Cr: 19.8616 )
00000479: 16.7432   (Y': 14.9678   Cb: 16.7317   Cr: 19.8203 )
00000480: 16.7717   (Y': 14.984    Cb: 16.728    Cr: 19.954  )
00000482: 16.7776   (Y': 15.0082   Cb: 16.7418   Cr: 19.8863 )
00000481: 16.7289   (Y': 14.9666   Cb: 16.7031   Cr: 19.7954 )
00000483: 16.7963   (Y': 15.0078   Cb: 16.7534   Cr: 19.9789 )
00000484: 16.8544   (Y': 15.0635   Cb: 16.8059   Cr: 20.0563 )
00000485: 16.8681   (Y': 15.0632   Cb: 16.8152   Cr: 20.1242 )
00000486: 16.927    (Y': 15.1206   Cb: 16.8822   Cr: 20.1703 )
00000487: 16.9295   (Y': 15.0998   Cb: 16.8943   Cr: 20.2282 )
00000488: 16.9931   (Y': 15.1422   Cb: 16.971    Cr: 20.3331 )
00000489: 17.0103   (Y': 15.147    Cb: 16.9982   Cr: 20.3696 )
00000490: 17.0758   (Y': 15.1799   Cb: 17.0888   Cr: 20.4898 )
00000491: 17.0853   (Y': 15.1886   Cb: 17.0879   Cr: 20.5243 )
00000492: 17.1266   (Y': 15.2082   Cb: 17.1455   Cr: 20.6046 )
00000493: 17.1206   (Y': 15.1956   Cb: 17.1309   Cr: 20.6409 )
00000494: 17.1654   (Y': 15.2232   Cb: 17.1733   Cr: 20.7517 )
00000495: 17.1766   (Y': 15.2383   Cb: 17.1794   Cr: 20.7607 )
00000496: 17.1926   (Y': 15.2481   Cb: 17.1973   Cr: 20.7943 )
00000497: 17.1968   (Y': 15.2526   Cb: 17.2147   Cr: 20.7675 )
00000498: 17.1894   (Y': 15.2576   Cb: 17.1822   Cr: 20.773  )
00000500: 17.1971   (Y': 15.2425   Cb: 17.2106   Cr: 20.8152 )
00000499: 17.2011   (Y': 15.268    Cb: 17.1905   Cr: 20.7973 )
00000501: 17.2075   (Y': 15.2412   Cb: 17.2095   Cr: 20.8948 )
00000502: 17.229    (Y': 15.2834   Cb: 17.2149   Cr: 20.878  )
00000503: 17.2161   (Y': 15.2843   Cb: 17.1845   Cr: 20.8563 )
00000504: 17.2495   (Y': 15.3027   Cb: 17.2277   Cr: 20.9209 )
00000505: 17.2397   (Y': 15.2846   Cb: 17.2233   Cr: 20.9292 )
00000507: 17.2262   (Y': 15.2516   Cb: 17.2293   Cr: 20.9416 )
00000506: 17.225    (Y': 15.2674   Cb: 17.2071   Cr: 20.9267 )
00000508: 17.2389   (Y': 15.2657   Cb: 17.2308   Cr: 20.9756 )
00000509: 17.2555   (Y': 15.2887   Cb: 17.2396   Cr: 20.987  )
00000510: 17.2549   (Y': 15.2818   Cb: 17.2513   Cr: 20.9804 )
00000511: 17.2584   (Y': 15.2953   Cb: 17.2342   Cr: 20.9959 )
00000512: 17.213    (Y': 15.2455   Cb: 17.2052   Cr: 20.9278 )
00000514: 17.2388   (Y': 15.2889   Cb: 17.1913   Cr: 20.9828 )
00000513: 17.2412   (Y': 15.2857   Cb: 17.211    Cr: 20.9646 )
00000515: 17.2425   (Y': 15.2891   Cb: 17.1939   Cr: 21.0021 )
00000517: 17.1801   (Y': 15.2406   Cb: 17.1232   Cr: 20.9083 )
00000516: 17.2151   (Y': 15.2613   Cb: 17.1616   Cr: 20.9876 )
00000518: 17.1781   (Y': 15.2491   Cb: 17.0881   Cr: 20.9467 )
00000519: 17.1614   (Y': 15.2334   Cb: 17.0688   Cr: 20.9329 )
00000521: 17.1747   (Y': 15.2491   Cb: 17.0789   Cr: 20.945  )
00000520: 17.1622   (Y': 15.2514   Cb: 17.0431   Cr: 20.9347 )
00000522: 17.1856   (Y': 15.2744   Cb: 17.0721   Cr: 20.9455 )
00000523: 17.1822   (Y': 15.2726   Cb: 17.0553   Cr: 20.9692 )
00000524: 17.185    (Y': 15.2841   Cb: 17.0501   Cr: 20.9595 )
00000526: 17.1984   (Y': 15.2788   Cb: 17.0828   Cr: 20.9949 )
00000525: 17.2068   (Y': 15.3048   Cb: 17.0762   Cr: 20.9747 )
00000527: 17.2131   (Y': 15.3035   Cb: 17.0965   Cr: 20.9749 )
00000529: 17.2147   (Y': 15.2896   Cb: 17.1113   Cr: 21.0017 )
00000530: 17.2255   (Y': 15.3074   Cb: 17.1155   Cr: 21.0027 )
00000528: 17.2302   (Y': 15.3204   Cb: 17.1058   Cr: 21.0119 )
00000532: 17.2514   (Y': 15.3148   Cb: 17.167    Cr: 21.0348 )
00000531: 17.2467   (Y': 15.3247   Cb: 17.1398   Cr: 21.0306 )
00000533: 17.2917   (Y': 15.3527   Cb: 17.2129   Cr: 21.0704 )
00000534: 17.2995   (Y': 15.3488   Cb: 17.2332   Cr: 21.0916 )
00000535: 17.3135   (Y': 15.3406   Cb: 17.2817   Cr: 21.1052 )
00000537: 17.3279   (Y': 15.3685   Cb: 17.2847   Cr: 21.0972 )
00000536: 17.3289   (Y': 15.3593   Cb: 17.2926   Cr: 21.1193 )
00000538: 17.3128   (Y': 15.3497   Cb: 17.272    Cr: 21.0897 )
00000540: 17.3665   (Y': 15.405    Cb: 17.307    Cr: 21.1827 )
00000539: 17.3388   (Y': 15.3903   Cb: 17.2773   Cr: 21.1112 )
00000541: 17.3773   (Y': 15.4134   Cb: 17.3211   Cr: 21.1943 )
00000542: 17.3884   (Y': 15.4314   Cb: 17.3156   Cr: 21.2206 )
00000543: 17.3756   (Y': 15.4247   Cb: 17.2919   Cr: 21.2115 )
00000545: 17.4211   (Y': 15.4945   Cb: 17.299    Cr: 21.2602 )
00000544: 17.3867   (Y': 15.4566   Cb: 17.273    Cr: 21.2178 )
00000546: 17.4124   (Y': 15.4813   Cb: 17.2989   Cr: 21.2464 )
00000547: 17.3924   (Y': 15.4612   Cb: 17.27     Cr: 21.2493 )
00000550: 17.4361   (Y': 15.5013   Cb: 17.3083   Cr: 21.3206 )
00000548: 17.4212   (Y': 15.4848   Cb: 17.325    Cr: 21.2326 )
00000549: 17.4212   (Y': 15.4974   Cb: 17.3115   Cr: 21.2187 )
00000551: 17.4597   (Y': 15.5395   Cb: 17.3214   Cr: 21.315  )
00000554: 17.4208   (Y': 15.4963   Cb: 17.2825   Cr: 21.2923 )
00000553: 17.4126   (Y': 15.4736   Cb: 17.291    Cr: 21.2977 )
00000552: 17.4229   (Y': 15.5103   Cb: 17.2695   Cr: 21.2874 )
00000555: 17.4216   (Y': 15.5122   Cb: 17.2463   Cr: 21.3297 )
00000556: 17.4128   (Y': 15.4963   Cb: 17.2563   Cr: 21.2998 )
00000557: 17.4345   (Y': 15.5372   Cb: 17.2654   Cr: 21.2806 )
00000558: 17.4367   (Y': 15.5455   Cb: 17.2699   Cr: 21.2545 )
00000560: 17.4247   (Y': 15.5405   Cb: 17.2473   Cr: 21.2428 )
00000559: 17.4062   (Y': 15.5195   Cb: 17.2268   Cr: 21.2391 )
00000562: 17.4202   (Y': 15.5422   Cb: 17.2478   Cr: 21.2033 )
00000561: 17.4222   (Y': 15.5449   Cb: 17.2392   Cr: 21.2291 )
00000564: 17.4161   (Y': 15.5462   Cb: 17.2329   Cr: 21.196  )
00000563: 17.3968   (Y': 15.5275   Cb: 17.2212   Cr: 21.1557 )
00000565: 17.4078   (Y': 15.5461   Cb: 17.2149   Cr: 21.1816 )
00000568: 17.4694   (Y': 15.5851   Cb: 17.2783   Cr: 21.3229 )
00000566: 17.433    (Y': 15.5731   Cb: 17.2341   Cr: 21.216  )
00000567: 17.4468   (Y': 15.5665   Cb: 17.26     Cr: 21.2743 )
00000570: 17.4992   (Y': 15.6129   Cb: 17.3259   Cr: 21.3149 )
00000569: 17.4723   (Y': 15.5761   Cb: 17.2959   Cr: 21.3325 )
00000571: 17.5007   (Y': 15.5924   Cb: 17.3528   Cr: 21.3353 )
00000572: 17.5016   (Y': 15.6126   Cb: 17.3345   Cr: 21.3118 )
00000573: 17.5218   (Y': 15.6271   Cb: 17.3647   Cr: 21.3282 )
00000575: 17.5087   (Y': 15.5845   Cb: 17.3668   Cr: 21.3879 )
00000574: 17.5178   (Y': 15.6117   Cb: 17.3594   Cr: 21.3704 )
00000576: 17.4969   (Y': 15.5663   Cb: 17.3559   Cr: 21.3985 )
00000577: 17.5071   (Y': 15.5663   Cb: 17.3944   Cr: 21.3765 )
00000578: 17.5096   (Y': 15.5526   Cb: 17.4123   Cr: 21.402  )
00000580: 17.5611   (Y': 15.6216   Cb: 17.4302   Cr: 21.4708 )
00000579: 17.5309   (Y': 15.5672   Cb: 17.4374   Cr: 21.4401 )
00000581: 17.5807   (Y': 15.6128   Cb: 17.4911   Cr: 21.4959 )
00000582: 17.6142   (Y': 15.638    Cb: 17.5503   Cr: 21.4976 )
00000583: 17.6388   (Y': 15.6896   Cb: 17.5419   Cr: 21.5007 )
00000584: 17.7332   (Y': 15.7649   Cb: 17.6777   Cr: 21.5652 )
00000585: 17.774    (Y': 15.7979   Cb: 17.7459   Cr: 21.5693 )
00000586: 17.8624   (Y': 15.8761   Cb: 17.8561   Cr: 21.6441 )
00000588: 17.9949   (Y': 16.0087   Cb: 18.0113   Cr: 21.7219 )
00000587: 17.9091   (Y': 15.9287   Cb: 17.8906   Cr: 21.6975 )
00000589: 18.0146   (Y': 16.0164   Cb: 18.034    Cr: 21.7797 )
00000590: 18.0819   (Y': 16.0853   Cb: 18.1134   Cr: 21.8124 )
00000591: 18.1134   (Y': 16.1436   Cb: 18.1121   Cr: 21.8212 )
00000592: 18.1686   (Y': 16.1996   Cb: 18.1805   Cr: 21.8424 )
00000593: 18.1833   (Y': 16.2002   Cb: 18.1934   Cr: 21.9138 )
00000594: 18.2646   (Y': 16.2853   Cb: 18.2784   Cr: 21.9726 )
00000595: 18.2918   (Y': 16.292    Cb: 18.3412   Cr: 21.9928 )
00000596: 18.3411   (Y': 16.3398   Cb: 18.3963   Cr: 22.0346 )
00000597: 18.3707   (Y': 16.3749   Cb: 18.4191   Cr: 22.0592 )
00000598: 18.3902   (Y': 16.3775   Cb: 18.4757   Cr: 22.0559 )
00000599: 18.4103   (Y': 16.3893   Cb: 18.5074   Cr: 22.0801 )
00000600: 18.4257   (Y': 16.3948   Cb: 18.5258   Cr: 22.1259 )
00000601: 18.4553   (Y': 16.4274   Cb: 18.558    Cr: 22.1386 )
00000602: 18.486    (Y': 16.4547   Cb: 18.6041   Cr: 22.1461 )
00000603: 18.4709   (Y': 16.4455   Cb: 18.592    Cr: 22.1031 )
00000604: 18.5236   (Y': 16.4902   Cb: 18.6868   Cr: 22.092  )
00000606: 18.5839   (Y': 16.5345   Cb: 18.7591   Cr: 22.1835 )
00000605: 18.5471   (Y': 16.481    Cb: 18.7568   Cr: 22.1329 )
00000608: 18.6256   (Y': 16.5619   Cb: 18.8102   Cr: 22.2577 )
00000607: 18.588    (Y': 16.5393   Cb: 18.7474   Cr: 22.2206 )
00000609: 18.6429   (Y': 16.5961   Cb: 18.8107   Cr: 22.2497 )
00000610: 18.6631   (Y': 16.6213   Cb: 18.8505   Cr: 22.2086 )
00000612: 18.6804   (Y': 16.6075   Cb: 18.9001   Cr: 22.2694 )
00000611: 18.6835   (Y': 16.6382   Cb: 18.8883   Cr: 22.2045 )
00000615: 18.7211   (Y': 16.6601   Cb: 18.9343   Cr: 22.2804 )
00000613: 18.7034   (Y': 16.6431   Cb: 18.9141   Cr: 22.266  )
00000616: 18.747    (Y': 16.6666   Cb: 18.9984   Cr: 22.2955 )
00000614: 18.7179   (Y': 16.6535   Cb: 18.9323   Cr: 22.2873 )
00000617: 18.7491   (Y': 16.6737   Cb: 18.9778   Cr: 22.3282 )
00000618: 18.7699   (Y': 16.6749   Cb: 19.0249   Cr: 22.3645 )
00000619: 18.8025   (Y': 16.6997   Cb: 19.0865   Cr: 22.3635 )
00000620: 18.8312   (Y': 16.7206   Cb: 19.113    Cr: 22.4259 )
00000621: 18.853    (Y': 16.7631   Cb: 19.1215   Cr: 22.3996 )
00000622: 18.8523   (Y': 16.7418   Cb: 19.1474   Cr: 22.4181 )
00000623: 18.8549   (Y': 16.7471   Cb: 19.1587   Cr: 22.393  )
00000624: 18.862    (Y': 16.7657   Cb: 19.143    Cr: 22.4053 )
00000625: 18.8603   (Y': 16.7509   Cb: 19.161    Cr: 22.4107 )
00000626: 18.8765   (Y': 16.7801   Cb: 19.1681   Cr: 22.3979 )
00000627: 18.8768   (Y': 16.7753   Cb: 19.1784   Cr: 22.3959 )
00000628: 18.8837   (Y': 16.7933   Cb: 19.1737   Cr: 22.3866 )
00000629: 18.9282   (Y': 16.8404   Cb: 19.2238   Cr: 22.4104 )
00000630: 18.9876   (Y': 16.8751   Cb: 19.3026   Cr: 22.5191 )
00000631: 18.9923   (Y': 16.8706   Cb: 19.3179   Cr: 22.5355 )
00000632: 19.1472   (Y': 16.9819   Cb: 19.5414   Cr: 22.709  )
00000633: 19.1885   (Y': 17.0087   Cb: 19.6135   Cr: 22.741  )
00000634: 19.3773   (Y': 17.1672   Cb: 19.8736   Cr: 22.898  )
00000635: 19.4942   (Y': 17.2163   Cb: 20.1001   Cr: 23.054  )
00000636: 19.636    (Y': 17.3407   Cb: 20.2416   Cr: 23.2635 )
00000638: 20.0119   (Y': 17.6227   Cb: 20.7392   Cr: 23.7722 )
00000637: 19.7338   (Y': 17.3832   Cb: 20.4039   Cr: 23.451  )
00000639: 20.1433   (Y': 17.7256   Cb: 20.853    Cr: 24.0591 )
00000640: 20.4903   (Y': 18.049    Cb: 21.277    Cr: 24.3485 )
00000641: 20.6634   (Y': 18.2067   Cb: 21.5686   Cr: 24.3541 )
00000642: 21.0822   (Y': 18.5827   Cb: 22.1657   Cr: 24.6208 )
00000643: 21.4443   (Y': 18.9209   Cb: 22.6066   Cr: 24.942  )
00000644: 22.0768   (Y': 19.472    Cb: 23.2807   Cr: 25.8405 )
00000646: 23.4898   (Y': 20.8509   Cb: 25.2334   Cr: 26.5471 )
00000645: 22.4256   (Y': 19.8391   Cb: 23.7365   Cr: 25.9276 )
00000647: 24.0388   (Y': 21.3461   Cb: 26.1279   Cr: 26.8548 )
00000648: 25.5881   (Y': 22.7848   Cb: 27.7074   Cr: 28.7825 )
00000649: 26.3584   (Y': 23.7772   Cb: 28.2542   Cr: 29.0192 )
00000650: 27.1736   (Y': 24.735    Cb: 28.5509   Cr: 30.0266 )
00000651: 27.9446   (Y': 25.4489   Cb: 28.5295   Cr: 32.5103 )
00000652: 32.4359   (Y': 29.5235   Cb: 34.9744   Cr: 35.5585 )
00000653: 36.8112   (Y': 33.1333   Cb: 41.5659   Cr: 41.5862 )
00000654: 38.8646   (Y': 35.5644   Cb: 42.5254   Cr: 42.5148 )
00000655: 40.3253   (Y': 37.7884   Cb: 42.5254   Cr: 42.5148 )
00000656: 40.3253   (Y': 37.7884   Cb: 42.5254   Cr: 42.5148 )
00000657: 40.3253   (Y': 37.7884   Cb: 42.5254   Cr: 42.5148 )
00000658: 40.3253   (Y': 37.7884   Cb: 42.5254   Cr: 42.5148 )
00000659: 40.3253   (Y': 37.7884   Cb: 42.5254   Cr: 42.5148 )
00000660: 40.3253   (Y': 37.7884   Cb: 42.5254   Cr: 42.5148 )
00000661: 37.4239   (Y': 33.6555   Cb: 42.5254   Cr: 42.5148 )
00000662: 35.983    (Y': 31.9073   Cb: 42.5254   Cr: 42.5148 )
00000663: 36.0446   (Y': 31.9796   Cb: 42.5254   Cr: 42.5148 )
00000664: 37.4512   (Y': 33.6899   Cb: 42.5254   Cr: 42.5148 )
00000665: 40.3253   (Y': 37.7884   Cb: 42.5254   Cr: 42.5148 )
00000666: 40.3253   (Y': 37.7884   Cb: 42.5254   Cr: 42.5148 )
00000667: 40.3253   (Y': 37.7884   Cb: 42.5254   Cr: 42.5148 )
00000668: INF       (Y': INF       Cb: INF       Cr: INF     )
00000669: INF       (Y': INF       Cb: INF       Cr: INF     )
00000670: INF       (Y': INF       Cb: INF       Cr: INF     )
00000671: INF       (Y': INF       Cb: INF       Cr: INF     )
00000672: 20.7769   (Y': 18.134    Cb: 23.4295   Cr: 22.8576 )
00000673: 18.5904   (Y': 16.0029   Cb: 20.7771   Cr: 20.9479 )
00000675: 16.9436   (Y': 14.4946   Cb: 18.7425   Cr: 19.2972 )
00000674: 17.4576   (Y': 14.915    Cb: 19.4748   Cr: 19.8551 )
00000676: 16.0715   (Y': 13.8209   Cb: 17.4503   Cr: 18.3412 )
00000677: 15.6824   (Y': 13.559    Cb: 16.8842   Cr: 17.8206 )
00000678: 15.1159   (Y': 13.3222   Cb: 15.8869   Cr: 16.9781 )
00000679: 15.0202   (Y': 13.2873   Cb: 15.7204   Cr: 16.8341 )
00000680: 14.8569   (Y': 13.2391   Cb: 15.4435   Cr: 16.5637 )
00000681: 14.8124   (Y': 13.2464   Cb: 15.3351   Cr: 16.4922 )
00000682: 14.6957   (Y': 13.1999   Cb: 15.1394   Cr: 16.3328 )
00000683: 14.6361   (Y': 13.161    Cb: 15.0659   Cr: 16.249  )
00000685: 14.5338   (Y': 13.1465   Cb: 14.8542   Cr: 16.1153 )
00000684: 14.5692   (Y': 13.1608   Cb: 14.9139   Cr: 16.1602 )
00000686: 14.4793   (Y': 13.1362   Cb: 14.7517   Cr: 16.0381 )
00000687: 14.4785   (Y': 13.1546   Cb: 14.727    Cr: 16.0325 )
00000688: 14.4325   (Y': 13.1349   Cb: 14.6634   Cr: 15.9594 )
00000690: 14.41     (Y': 13.1649   Cb: 14.5927   Cr: 15.9024 )
00000689: 14.4263   (Y': 13.1552   Cb: 14.6384   Cr: 15.9282 )
00000691: 14.4064   (Y': 13.1567   Cb: 14.5878   Cr: 15.9091 )
00000692: 14.4266   (Y': 13.1912   Cb: 14.5911   Cr: 15.9253 )
00000693: 14.4298   (Y': 13.1902   Cb: 14.5939   Cr: 15.9371 )
00000694: 14.4709   (Y': 13.2617   Cb: 14.616    Cr: 15.9473 )
00000695: 14.4414   (Y': 13.244    Cb: 14.5715   Cr: 15.9164 )
00000696: 14.4569   (Y': 13.2536   Cb: 14.5883   Cr: 15.9407 )
00000698: 14.429    (Y': 13.2401   Cb: 14.5608   Cr: 15.886  )
00000697: 14.4541   (Y': 13.2559   Cb: 14.5882   Cr: 15.9248 )
00000699: 14.4105   (Y': 13.2224   Cb: 14.539    Cr: 15.8705 )
00000700: 14.4207   (Y': 13.259    Cb: 14.5314   Cr: 15.8566 )
00000701: 14.4033   (Y': 13.2291   Cb: 14.5181   Cr: 15.8564 )
00000702: 14.3873   (Y': 13.2171   Cb: 14.5132   Cr: 15.8182 )
00000703: 14.3819   (Y': 13.2123   Cb: 14.4993   Cr: 15.8231 )
00000704: 14.3792   (Y': 13.2151   Cb: 14.4889   Cr: 15.8206 )
00000705: 14.3781   (Y': 13.2115   Cb: 14.5017   Cr: 15.8054 )
00000706: 14.3878   (Y': 13.2134   Cb: 14.5215   Cr: 15.8156 )
00000709: 14.3662   (Y': 13.2192   Cb: 14.4676   Cr: 15.7879 )
00000707: 14.379    (Y': 13.2058   Cb: 14.4961   Cr: 15.827  )
00000710: 14.3494   (Y': 13.202    Cb: 14.4378   Cr: 15.7894 )
00000708: 14.3641   (Y': 13.2078   Cb: 14.468    Cr: 15.7994 )
00000711: 14.3493   (Y': 13.2001   Cb: 14.4358   Cr: 15.7953 )
00000712: 14.3547   (Y': 13.2057   Cb: 14.4464   Cr: 15.7934 )
00000713: 14.3577   (Y': 13.2103   Cb: 14.4529   Cr: 15.7887 )
00000714: 14.3443   (Y': 13.1791   Cb: 14.4522   Cr: 15.7904 )
00000716: 14.3496   (Y': 13.1916   Cb: 14.4466   Cr: 15.7976 )
00000715: 14.3512   (Y': 13.1932   Cb: 14.45     Cr: 15.7966 )
00000717: 14.353    (Y': 13.2027   Cb: 14.4362   Cr: 15.8058 )
00000718: 14.3658   (Y': 13.1955   Cb: 14.48     Cr: 15.8126 )
00000719: 14.3674   (Y': 13.2092   Cb: 14.4706   Cr: 15.8073 )
00000720: 14.3615   (Y': 13.2065   Cb: 14.4575   Cr: 15.805  )
00000721: 14.3645   (Y': 13.2028   Cb: 14.4676   Cr: 15.8108 )
00000722: 14.3719   (Y': 13.2119   Cb: 14.4711   Cr: 15.8202 )
00000723: 14.3669   (Y': 13.2101   Cb: 14.4604   Cr: 15.8171 )
00000724: 14.365    (Y': 13.2095   Cb: 14.4488   Cr: 15.8264 )
00000725: 14.3783   (Y': 13.2067   Cb: 14.4767   Cr: 15.849  )
00000726: 14.3964   (Y': 13.261    Cb: 14.4624   Cr: 15.8453 )
00000727: 14.3679   (Y': 13.201    Cb: 14.4646   Cr: 15.8323 )
00000728: 14.3499   (Y': 13.1583   Cb: 14.4748   Cr: 15.8213 )
00000729: 14.3732   (Y': 13.1838   Cb: 14.4959   Cr: 15.8432 )
00000730: 14.3849   (Y': 13.1866   Cb: 14.5318   Cr: 15.8386 )
00000734: 14.4129   (Y': 13.2876   Cb: 14.482    Cr: 15.8396 )
00000732: 14.3837   (Y': 13.1938   Cb: 14.5152   Cr: 15.843  )
00000731: 14.3953   (Y': 13.1955   Cb: 14.5318   Cr: 15.866  )
00000733: 14.3933   (Y': 13.2001   Cb: 14.5176   Cr: 15.8684 )
00000735: 14.4048   (Y': 13.295    Cb: 14.4622   Cr: 15.8197 )
00000737: 14.4208   (Y': 13.3158   Cb: 14.4731   Cr: 15.8341 )
00000736: 14.4269   (Y': 13.3202   Cb: 14.4796   Cr: 15.8424 )
00000740: 14.4516   (Y': 13.3365   Cb: 14.5127   Cr: 15.8708 )
00000738: 14.4388   (Y': 13.3372   Cb: 14.4962   Cr: 15.8391 )
00000741: 14.4522   (Y': 13.3433   Cb: 14.5086   Cr: 15.8665 )
00000739: 14.4436   (Y': 13.3443   Cb: 14.4988   Cr: 15.8426 )
00000743: 14.4661   (Y': 13.3506   Cb: 14.5303   Cr: 15.8818 )
00000742: 14.4528   (Y': 13.3333   Cb: 14.5288   Cr: 15.8593 )
00000744: 14.4578   (Y': 13.3388   Cb: 14.5301   Cr: 15.8687 )
00000745: 14.4621   (Y': 13.3455   Cb: 14.5338   Cr: 15.8693 )
00000746: 14.4595   (Y': 13.3367   Cb: 14.5325   Cr: 15.8764 )
00000748: 14.4201   (Y': 13.2819   Cb: 14.5065   Cr: 15.8465 )
00000747: 14.4546   (Y': 13.3338   Cb: 14.5233   Cr: 15.8736 )
00000750: 14.4231   (Y': 13.3      Cb: 14.4875   Cr: 15.852  )
00000749: 14.4176   (Y': 13.2862   Cb: 14.4952   Cr: 15.8434 )
00000751: 14.4181   (Y': 13.3033   Cb: 14.4748   Cr: 15.8426 )
00000753: 14.4356   (Y': 13.3202   Cb: 14.5072   Cr: 15.841  )
00000754: 14.4248   (Y': 13.3111   Cb: 14.4942   Cr: 15.8301 )
00000752: 14.4223   (Y': 13.3001   Cb: 14.4987   Cr: 15.8337 )
00000755: 14.4318   (Y': 13.3194   Cb: 14.5098   Cr: 15.8234 )
00000757: 14.4127   (Y': 13.3008   Cb: 14.4744   Cr: 15.8252 )
00000758: 14.4103   (Y': 13.2902   Cb: 14.485    Cr: 15.82   )
00000756: 14.4091   (Y': 13.2879   Cb: 14.4822   Cr: 15.8227 )
00000759: 14.5148   (Y': 13.3812   Cb: 14.6018   Cr: 15.9319 )
00000760: 14.8443   (Y': 13.6713   Cb: 14.9892   Cr: 16.2544 )
00000764: 15.0564   (Y': 13.8527   Cb: 15.2365   Cr: 16.4754 )
00000761: 14.8616   (Y': 13.6422   Cb: 15.0522   Cr: 16.2955 )
00000762: 14.954    (Y': 13.7582   Cb: 15.1265   Cr: 16.3688 )
00000763: 14.9808   (Y': 13.7899   Cb: 15.1481   Cr: 16.3937 )
00000765: 15.1104   (Y': 13.8946   Cb: 15.3064   Cr: 16.5308 )
00000766: 15.1627   (Y': 13.9227   Cb: 15.3907   Cr: 16.5851 )
00000767: 15.2096   (Y': 13.9559   Cb: 15.449    Cr: 16.6423 )
00000769: 15.2995   (Y': 14.0512   Cb: 15.5346   Cr: 16.7281 )
00000770: 15.3614   (Y': 14.1375   Cb: 15.5837   Cr: 16.7616 )
00000771: 15.3885   (Y': 14.1702   Cb: 15.6048   Cr: 16.7866 )
00000773: 15.4605   (Y': 14.2586   Cb: 15.6873   Cr: 16.8151 )
00000768: 15.2814   (Y': 14.0428   Cb: 15.5219   Cr: 16.685  )
00000772: 15.4304   (Y': 14.2394   Cb: 15.6565   Cr: 16.7663 )
00000774: 15.4707   (Y': 14.2963   Cb: 15.6813   Cr: 16.797  )
00000775: 15.4905   (Y': 14.3339   Cb: 15.6798   Cr: 16.8128 )
00000778: 15.584    (Y': 14.4523   Cb: 15.7406   Cr: 16.9051 )
00000780: 15.599    (Y': 14.4731   Cb: 15.7655   Cr: 16.897  )
00000777: 15.5423   (Y': 14.3933   Cb: 15.7266   Cr: 16.8578 )
00000776: 15.5265   (Y': 14.3648   Cb: 15.7238   Cr: 16.8475 )
00000779: 15.5824   (Y': 14.4361   Cb: 15.7587   Cr: 16.9033 )
00000781: 15.6142   (Y': 14.524    Cb: 15.7574   Cr: 16.8805 )
00000782: 15.6466   (Y': 14.5619   Cb: 15.7499   Cr: 16.9556 )
00000783: 15.6811   (Y': 14.6285   Cb: 15.7655   Cr: 16.9596 )
00000786: 15.7528   (Y': 14.6928   Cb: 15.8479   Cr: 17.0298 )
00000784: 15.6955   (Y': 14.6352   Cb: 15.7729   Cr: 16.9965 )
00000785: 15.7272   (Y': 14.6327   Cb: 15.8514   Cr: 17.0256 )
00000787: 15.7657   (Y': 14.6962   Cb: 15.8815   Cr: 17.0321 )
00000789: 15.9025   (Y': 14.779    Cb: 16.0632   Cr: 17.2036 )
00000788: 15.8425   (Y': 14.7914   Cb: 15.9393   Cr: 17.1024 )
00000790: 16.0661   (Y': 14.9226   Cb: 16.2764   Cr: 17.3383 )
00000791: 16.1093   (Y': 14.963    Cb: 16.3021   Cr: 17.4089 )
00000794: 16.5352   (Y': 15.2635   Cb: 16.8598   Cr: 17.8911 )
00000793: 16.393    (Y': 15.1553   Cb: 16.6878   Cr: 17.725  )
00000792: 16.2846   (Y': 15.0658   Cb: 16.5584   Cr: 17.6091 )
00000796: 16.5947   (Y': 15.3184   Cb: 16.9218   Cr: 17.9559 )
00000795: 16.5443   (Y': 15.2752   Cb: 16.8434   Cr: 17.9278 )
00000797: 16.5973   (Y': 15.3497   Cb: 16.8976   Cr: 17.9404 )
00000798: 16.5619   (Y': 15.3571   Cb: 16.8283   Cr: 17.871  )
00000799: 16.4719   (Y': 15.3043   Cb: 16.717    Cr: 17.7421 )
00000800: 16.2802   (Y': 15.1816   Cb: 16.4664   Cr: 17.506  )
00000801: 16.1536   (Y': 15.1341   Cb: 16.2656   Cr: 17.3407 )
00000805: 16.4964   (Y': 15.454    Cb: 16.6464   Cr: 17.6731 )
00000802: 16.0156   (Y': 15.1375   Cb: 15.9833   Cr: 17.1597 )
00000803: 16.061    (Y': 15.2146   Cb: 16.0271   Cr: 17.1568 )
00000804: 16.2446   (Y': 15.377    Cb: 16.2721   Cr: 17.2948 )
00000807: 16.843    (Y': 15.6092   Cb: 17.1589   Cr: 18.1415 )
00000806: 16.6918   (Y': 15.5626   Cb: 16.9185   Cr: 17.9186 )
00000808: 16.8574   (Y': 15.5799   Cb: 17.1865   Cr: 18.2184 )
00000809: 16.8555   (Y': 15.5649   Cb: 17.2053   Cr: 18.2144 )
00000810: 16.7706   (Y': 15.498    Cb: 17.1289   Cr: 18.0859 )
00000811: 16.7304   (Y': 15.4884   Cb: 17.0369   Cr: 18.0554 )
00000812: 16.6855   (Y': 15.4387   Cb: 16.9777   Cr: 18.0375 )
00000813: 16.6365   (Y': 15.4444   Cb: 16.8898   Cr: 17.9395 )
00000814: 16.5616   (Y': 15.4147   Cb: 16.8064   Cr: 17.7961 )
00000815: 16.4762   (Y': 15.3297   Cb: 16.6955   Cr: 17.7421 )
00000817: 16.3601   (Y': 15.2988   Cb: 16.4886   Cr: 17.596  )
00000816: 16.4271   (Y': 15.3049   Cb: 16.5973   Cr: 17.7139 )
00000819: 16.1538   (Y': 15.1712   Cb: 16.2267   Cr: 17.3299 )
00000818: 16.1619   (Y': 15.1717   Cb: 16.2406   Cr: 17.3431 )
00000820: 16.2387   (Y': 15.2749   Cb: 16.2949   Cr: 17.4055 )
00000821: 16.3582   (Y': 15.2893   Cb: 16.5365   Cr: 17.5434 )
00000822: 16.4627   (Y': 15.3221   Cb: 16.7296   Cr: 17.6587 )
00000823: 16.5832   (Y': 15.4466   Cb: 16.855    Cr: 17.7663 )
00000824: 16.5384   (Y': 15.3517   Cb: 16.8535   Cr: 17.7546 )
00000825: 16.5164   (Y': 15.3579   Cb: 16.8189   Cr: 17.6994 )
00000826: 16.3473   (Y': 15.1776   Cb: 16.5956   Cr: 17.617  )
00000827: 16.1323   (Y': 14.9498   Cb: 16.4005   Cr: 17.3997 )
00000829: 15.8957   (Y': 14.6094   Cb: 16.2124   Cr: 17.2887 )
00000828: 15.9143   (Y': 14.6303   Cb: 16.2162   Cr: 17.3222 )
00000830: 15.8545   (Y': 14.508    Cb: 16.2257   Cr: 17.2907 )
00000831: 15.8388   (Y': 14.5233   Cb: 16.1851   Cr: 17.2483 )
00000832: 15.8246   (Y': 14.4975   Cb: 16.2027   Cr: 17.2152 )
00000833: 15.785    (Y': 14.4572   Cb: 16.1752   Cr: 17.1619 )
00000834: 15.7285   (Y': 14.3875   Cb: 16.1654   Cr: 17.0717 )
00000835: 15.7298   (Y': 14.3342   Cb: 16.2061   Cr: 17.127  )
00000837: 15.6961   (Y': 14.2745   Cb: 16.2269   Cr: 17.0761 )
00000836: 15.6629   (Y': 14.253    Cb: 16.1905   Cr: 17.0245 )
00000838: 15.7211   (Y': 14.2896   Cb: 16.2666   Cr: 17.1022 )
00000839: 15.719    (Y': 14.3218   Cb: 16.2503   Cr: 17.0521 )
00000840: 15.7545   (Y': 14.3921   Cb: 16.2619   Cr: 17.0518 )
00000841: 15.7396   (Y': 14.4249   Cb: 16.2589   Cr: 16.9364 )
00000842: 15.738    (Y': 14.5057   Cb: 16.1686   Cr: 16.894  )
00000843: 15.7459   (Y': 14.5037   Cb: 16.2222   Cr: 16.8653 )
00000845: 15.6073   (Y': 14.4596   Cb: 16.0467   Cr: 16.6106 )
00000844: 15.6433   (Y': 14.4334   Cb: 16.1232   Cr: 16.7036 )
00000846: 15.6089   (Y': 14.599    Cb: 15.9723   Cr: 16.4787 )
00000847: 15.6479   (Y': 14.6764   Cb: 15.9707   Cr: 16.5047 )
00000849: 15.6718   (Y': 14.7592   Cb: 16.0175   Cr: 16.4153 )
00000848: 15.6614   (Y': 14.7435   Cb: 15.9787   Cr: 16.4439 )
00000852: 15.6775   (Y': 14.7017   Cb: 16.0368   Cr: 16.5    )
00000850: 15.6539   (Y': 14.7838   Cb: 15.9341   Cr: 16.4076 )
00000851: 15.6276   (Y': 14.6773   Cb: 15.9657   Cr: 16.4352 )
00000853: 15.72     (Y': 14.712    Cb: 16.11     Cr: 16.5576 )
00000854: 15.7438   (Y': 14.7414   Cb: 16.1039   Cr: 16.6058 )
00000855: 15.7968   (Y': 14.8126   Cb: 16.1687   Cr: 16.618  )
00000856: 15.8479   (Y': 14.8591   Cb: 16.2277   Cr: 16.6674 )
00000857: 15.8563   (Y': 14.846    Cb: 16.2522   Cr: 16.6906 )
00000859: 15.9642   (Y': 15.0556   Cb: 16.2887   Cr: 16.7252 )
00000858: 15.9569   (Y': 15.0067   Cb: 16.3002   Cr: 16.7588 )
00000861: 16.0167   (Y': 15.2818   Cb: 16.1704   Cr: 16.7204 )
00000862: 16.0813   (Y': 15.4231   Cb: 16.2028   Cr: 16.7164 )
00000860: 15.9497   (Y': 15.1943   Cb: 16.109    Cr: 16.6758 )
00000863: 16.1212   (Y': 15.4648   Cb: 16.2318   Cr: 16.7664 )
00000864: 16.2159   (Y': 15.4428   Cb: 16.4072   Cr: 16.9306 )
00000865: 16.2213   (Y': 15.371    Cb: 16.4884   Cr: 16.961  )
00000866: 16.1692   (Y': 15.2352   Cb: 16.4375   Cr: 17.0313 )
00000867: 16.1329   (Y': 15.1565   Cb: 16.4031   Cr: 17.0576 )
00000868: 16.0239   (Y': 14.9654   Cb: 16.313    Cr: 17.0564 )
00000870: 15.8586   (Y': 14.8728   Cb: 16.0197   Cr: 16.9288 )
00000869: 15.9358   (Y': 14.8574   Cb: 16.1772   Cr: 17.0584 )
00000871: 15.8609   (Y': 14.8842   Cb: 15.9924   Cr: 16.9531 )
00000872: 15.9373   (Y': 14.9844   Cb: 16.0808   Cr: 16.9765 )
00000873: 15.9507   (Y': 15.0287   Cb: 16.0782   Cr: 16.9612 )
00000874: 15.9843   (Y': 15.1883   Cb: 16.0466   Cr: 16.8831 )
00000875: 16.0942   (Y': 15.4149   Cb: 16.0755   Cr: 16.9226 )
00000877: 16.1001   (Y': 15.4217   Cb: 16.1052   Cr: 16.8983 )
00000876: 16.0992   (Y': 15.4011   Cb: 16.1461   Cr: 16.8751 )
00000878: 16.125    (Y': 15.512    Cb: 16.1658   Cr: 16.7914 )
00000879: 16.1038   (Y': 15.4672   Cb: 16.1695   Cr: 16.7735 )
00000880: 16.0231   (Y': 15.2136   Cb: 16.1613   Cr: 16.8512 )
00000881: 15.957    (Y': 15.1333   Cb: 16.1136   Cr: 16.7841 )
00000882: 15.8125   (Y': 14.8968   Cb: 16.0158   Cr: 16.7221 )
00000883: 15.7727   (Y': 14.8923   Cb: 15.9779   Cr: 16.6269 )
00000884: 15.713    (Y': 14.8828   Cb: 15.8621   Cr: 16.5585 )
00000885: 15.744    (Y': 14.9372   Cb: 15.8614   Cr: 16.5926 )
00000887: 15.7975   (Y': 14.9521   Cb: 15.8833   Cr: 16.7412 )
00000886: 15.7361   (Y': 14.9383   Cb: 15.8029   Cr: 16.6317 )
00000890: 15.8493   (Y': 14.9197   Cb: 15.9929   Cr: 16.8519 )
00000889: 15.9032   (Y': 15.002    Cb: 16.0619   Cr: 16.8438 )
00000888: 15.8295   (Y': 14.9818   Cb: 15.9633   Cr: 16.719  )
00000891: 15.8298   (Y': 14.8034   Cb: 16.0479   Cr: 16.8955 )
00000892: 15.7855   (Y': 14.6709   Cb: 16.0899   Cr: 16.8919 )
00000893: 15.7585   (Y': 14.6396   Cb: 16.0643   Cr: 16.8703 )
00000895: 15.6913   (Y': 14.6532   Cb: 16.0027   Cr: 16.6649 )
00000894: 15.6975   (Y': 14.6101   Cb: 16.0265   Cr: 16.7298 )
00000896: 15.6933   (Y': 14.7272   Cb: 15.9422   Cr: 16.627  )
00000897: 15.7445   (Y': 14.7248   Cb: 15.9756   Cr: 16.7837 )
00000898: 15.8705   (Y': 14.9444   Cb: 15.9138   Cr: 16.9928 )
00000899: 15.9099   (Y': 15.0016   Cb: 15.9304   Cr: 17.0332 )
00000900: 15.9317   (Y': 14.9143   Cb: 16.0067   Cr: 17.1631 )
00000901: 15.9572   (Y': 14.8705   Cb: 16.0922   Cr: 17.228  )
00000902: 15.8524   (Y': 14.8016   Cb: 15.9406   Cr: 17.123  )
00000903: 15.8328   (Y': 14.8557   Cb: 15.8791   Cr: 17.0343 )
00000905: 15.8043   (Y': 14.8509   Cb: 15.8048   Cr: 17.0269 )
00000904: 15.8422   (Y': 14.8657   Cb: 15.8979   Cr: 17.0303 )
00000906: 15.7907   (Y': 14.7916   Cb: 15.8032   Cr: 17.0736 )
00000909: 15.9249   (Y': 14.8401   Cb: 15.9896   Cr: 17.2853 )
00000907: 15.7854   (Y': 14.7738   Cb: 15.8164   Cr: 17.065  )
00000908: 15.8785   (Y': 14.8106   Cb: 15.9356   Cr: 17.22   )
00000910: 15.9282   (Y': 14.786    Cb: 16.0593   Cr: 17.3013 )
00000911: 15.9874   (Y': 14.8662   Cb: 16.1281   Cr: 17.3107 )
00000913: 15.9891   (Y': 14.8454   Cb: 16.0984   Cr: 17.3942 )
00000912: 16.0604   (Y': 14.9345   Cb: 16.1674   Cr: 17.4368 )
00000916: 15.9503   (Y': 14.8876   Cb: 16.1162   Cr: 17.1406 )
00000914: 15.9931   (Y': 14.9235   Cb: 16.1119   Cr: 17.2558 )
00000915: 15.993    (Y': 14.9589   Cb: 16.0797   Cr: 17.2371 )
00000917: 15.9175   (Y': 14.905    Cb: 16.0406   Cr: 17.0789 )
00000918: 15.8684   (Y': 14.8996   Cb: 15.9568   Cr: 17.0023 )
00000919: 15.8179   (Y': 14.8787   Cb: 15.8458   Cr: 16.9814 )
00000921: 15.7194   (Y': 14.9425   Cb: 15.6102   Cr: 16.806  )
00000920: 15.7733   (Y': 14.963    Cb: 15.6893   Cr: 16.8785 )
00000922: 15.6778   (Y': 14.9314   Cb: 15.5491   Cr: 16.7435 )
00000923: 15.6882   (Y': 15.0179   Cb: 15.5226   Cr: 16.6886 )
00000924: 15.8558   (Y': 15.3007   Cb: 15.7069   Cr: 16.6714 )
00000925: 15.8573   (Y': 15.4084   Cb: 15.6748   Cr: 16.5723 )
00000926: 15.8466   (Y': 15.3011   Cb: 15.8075   Cr: 16.5164 )
00000927: 15.815    (Y': 15.2167   Cb: 15.7962   Cr: 16.5314 )
00000929: 15.7887   (Y': 14.9883   Cb: 15.9068   Cr: 16.6268 )
00000928: 15.7038   (Y': 14.9454   Cb: 15.7783   Cr: 16.5331 )
00000930: 15.7264   (Y': 14.9989   Cb: 15.6935   Cr: 16.6413 )
00000931: 15.7836   (Y': 15.0228   Cb: 15.8009   Cr: 16.6853 )
00000932: 15.8428   (Y': 15.1389   Cb: 15.8256   Cr: 16.7041 )
00000933: 15.8514   (Y': 15.1641   Cb: 15.8362   Cr: 16.6866 )
00000934: 15.7754   (Y': 15.321    Cb: 15.5451   Cr: 16.5572 )
00000936: 15.7749   (Y': 15.9333   Cb: 15.1914   Cr: 16.2712 )
00000935: 15.74     (Y': 15.464    Cb: 15.3662   Cr: 16.474  )
00000937: 15.8124   (Y': 16.1049   Cb: 15.1495   Cr: 16.2689 )
00000938: 16.1119   (Y': 16.3599   Cb: 15.3601   Cr: 16.7341 )
00000939: 16.094    (Y': 16.1711   Cb: 15.3674   Cr: 16.8744 )
00000940: 15.9992   (Y': 15.9104   Cb: 15.3245   Cr: 16.9076 )
00000941: 15.9689   (Y': 15.7119   Cb: 15.3848   Cr: 16.9647 )
00000944: 15.9906   (Y': 15.4958   Cb: 15.5227   Cr: 17.1506 )
00000943: 15.9068   (Y': 15.4489   Cb: 15.4168   Cr: 17.0454 )
00000942: 15.8947   (Y': 15.4591   Cb: 15.3823   Cr: 17.034  )
00000945: 15.9771   (Y': 15.4845   Cb: 15.5081   Cr: 17.1356 )
00000946: 16.0005   (Y': 15.4937   Cb: 15.5423   Cr: 17.1641 )
00000948: 16.1942   (Y': 15.6505   Cb: 15.7681   Cr: 17.3656 )
00000947: 16.0715   (Y': 15.489    Cb: 15.6667   Cr: 17.2705 )
00000950: 16.2868   (Y': 15.7864   Cb: 15.8615   Cr: 17.3938 )
00000949: 16.2163   (Y': 15.7552   Cb: 15.7544   Cr: 17.3188 )
00000951: 16.3196   (Y': 15.7736   Cb: 15.9067   Cr: 17.4756 )
00000954: 16.224    (Y': 15.706    Cb: 15.774    Cr: 17.3924 )
00000952: 16.3626   (Y': 15.8252   Cb: 15.9347   Cr: 17.5273 )
00000953: 16.2855   (Y': 15.7634   Cb: 15.8549   Cr: 17.4318 )
00000955: 16.2491   (Y': 15.7365   Cb: 15.7781   Cr: 17.4398 )
00000956: 16.2781   (Y': 15.7181   Cb: 15.8984   Cr: 17.4076 )
00000957: 16.287    (Y': 15.7661   Cb: 15.8604   Cr: 17.4259 )
00000958: 16.2844   (Y': 15.7274   Cb: 15.8898   Cr: 17.4304 )
00000959: 16.2746   (Y': 15.7484   Cb: 15.8679   Cr: 17.3926 )
00000960: 16.2291   (Y': 15.649    Cb: 15.8116   Cr: 17.4427 )
00000961: 16.2415   (Y': 15.6257   Cb: 15.8522   Cr: 17.4686 )
00000962: 16.2575   (Y': 15.7528   Cb: 15.8961   Cr: 17.2812 )
00000963: 16.2787   (Y': 15.8148   Cb: 15.917    Cr: 17.2454 )
00000964: 16.3302   (Y': 15.7587   Cb: 16.0412   Cr: 17.3511 )
00000965: 16.4211   (Y': 15.9417   Cb: 16.0784   Cr: 17.3837 )
00000966: 16.5336   (Y': 15.961    Cb: 16.2569   Cr: 17.5395 )
00000967: 16.5595   (Y': 16.0214   Cb: 16.2517   Cr: 17.5577 )
00000968: 16.587    (Y': 15.9884   Cb: 16.2868   Cr: 17.6625 )
00000969: 16.5938   (Y': 15.9678   Cb: 16.3171   Cr: 17.6776 )
00000970: 16.6154   (Y': 16.0338   Cb: 16.3036   Cr: 17.6817 )
00000971: 16.6392   (Y': 15.9923   Cb: 16.4003   Cr: 17.7023 )
00000972: 16.7306   (Y': 16.1445   Cb: 16.4531   Cr: 17.757  )
00000973: 16.7752   (Y': 16.1928   Cb: 16.5295   Cr: 17.7537 )
00000974: 16.7619   (Y': 16.2856   Cb: 16.4386   Cr: 17.6942 )
00000975: 16.8736   (Y': 16.4944   Cb: 16.5229   Cr: 17.7107 )
00000976: 16.8281   (Y': 16.3593   Cb: 16.5443   Cr: 17.6981 )
00000977: 16.7305   (Y': 16.1839   Cb: 16.507    Cr: 17.6293 )
00000978: 16.6762   (Y': 15.9139   Cb: 16.5082   Cr: 17.8188 )
00000979: 16.7169   (Y': 15.9172   Cb: 16.5737   Cr: 17.8843 )
00000980: 16.6617   (Y': 15.8378   Cb: 16.5448   Cr: 17.8318 )
00000981: 16.6858   (Y': 15.8333   Cb: 16.6041   Cr: 17.8543 )
00000982: 16.6247   (Y': 15.7551   Cb: 16.5901   Cr: 17.7581 )
00000983: 16.617    (Y': 15.7569   Cb: 16.5696   Cr: 17.7519 )
00000984: 16.5978   (Y': 15.6859   Cb: 16.5398   Cr: 17.8303 )
00000985: 16.5649   (Y': 15.6355   Cb: 16.5375   Cr: 17.7854 )
00000986: 16.572    (Y': 15.603    Cb: 16.5436   Cr: 17.8596 )
00000987: 16.5929   (Y': 15.6464   Cb: 16.5207   Cr: 17.9021 )
00000988: 16.4801   (Y': 15.5851   Cb: 16.376    Cr: 17.7476 )
00000989: 16.466    (Y': 15.6369   Cb: 16.3467   Cr: 17.6475 )
00000990: 16.3808   (Y': 15.5675   Cb: 16.2921   Cr: 17.4966 )
00000991: 16.3755   (Y': 15.6279   Cb: 16.233    Cr: 17.4612 )
00000992: 16.4364   (Y': 15.5611   Cb: 16.3955   Cr: 17.5872 )
00000993: 16.4154   (Y': 15.533    Cb: 16.399    Cr: 17.545  )
00000994: 16.5337   (Y': 15.5911   Cb: 16.5574   Cr: 17.7082 )
00000995: 16.475    (Y': 15.6387   Cb: 16.4086   Cr: 17.5975 )
00000996: 16.4939   (Y': 15.7391   Cb: 16.3716   Cr: 17.5637 )
00000997: 16.4807   (Y': 15.7064   Cb: 16.3745   Cr: 17.5595 )
00000998: 16.5898   (Y': 15.6873   Cb: 16.5533   Cr: 17.7783 )
00000999: 16.467    (Y': 15.6654   Cb: 16.3643   Cr: 17.5832 )
00001000: 16.6023   (Y': 15.7039   Cb: 16.523    Cr: 17.8415 )
00001001: 16.7081   (Y': 15.6438   Cb: 16.8072   Cr: 17.9874 )
00001002: 16.7118   (Y': 15.7191   Cb: 16.7104   Cr: 18.0029 )
00001003: 16.8355   (Y': 15.6804   Cb: 16.9707   Cr: 18.2264 )
00001004: 16.8353   (Y': 15.5946   Cb: 17.0365   Cr: 18.2948 )
00001005: 16.7464   (Y': 15.5229   Cb: 16.9051   Cr: 18.231  )
00001006: 16.7238   (Y': 15.6022   Cb: 16.723    Cr: 18.241  )
00001007: 16.7429   (Y': 15.6202   Cb: 16.748    Cr: 18.2538 )
00001008: 16.6047   (Y': 15.5509   Cb: 16.5294   Cr: 18.1053 )
00001009: 16.5939   (Y': 15.527    Cb: 16.5106   Cr: 18.1296 )
00001010: 16.7114   (Y': 15.6369   Cb: 16.6777   Cr: 18.1898 )
00001011: 16.8332   (Y': 15.6894   Cb: 16.9125   Cr: 18.2792 )
00001012: 16.868    (Y': 15.6682   Cb: 17.046    Cr: 18.2829 )
00001013: 16.8884   (Y': 15.6375   Cb: 17.0831   Cr: 18.3756 )
00001014: 16.8482   (Y': 15.52     Cb: 17.0707   Cr: 18.4458 )
00001015: 16.9748   (Y': 15.5924   Cb: 17.2634   Cr: 18.5895 )
00001016: 16.872    (Y': 15.4966   Cb: 17.0827   Cr: 18.5803 )
00001017: 16.8752   (Y': 15.5001   Cb: 17.1323   Cr: 18.5184 )
00001018: 16.8516   (Y': 15.4717   Cb: 17.0657   Cr: 18.5643 )
00001019: 16.8611   (Y': 15.4689   Cb: 17.0596   Cr: 18.6212 )
00001020: 17.021    (Y': 15.5502   Cb: 17.2805   Cr: 18.8591 )
00001021: 17.1031   (Y': 15.531    Cb: 17.4309   Cr: 19.065  )
00001022: 17.1688   (Y': 15.5355   Cb: 17.5534   Cr: 19.1877 )
00001023: 17.1216   (Y': 15.5129   Cb: 17.4708   Cr: 19.1357 )
00001024: 17.1254   (Y': 15.5208   Cb: 17.4119   Cr: 19.2237 )
00001025: 16.935    (Y': 15.4307   Cb: 17.1355   Cr: 18.9337 )
00001026: 16.9257   (Y': 15.4287   Cb: 17.114    Cr: 18.9263 )
00001027: 16.9327   (Y': 15.4763   Cb: 17.0962   Cr: 18.8808 )
00001028: 16.9686   (Y': 15.5836   Cb: 17.1178   Cr: 18.7854 )
00001029: 16.8997   (Y': 15.5031   Cb: 17.048    Cr: 18.7422 )
00001030: 16.9267   (Y': 15.5996   Cb: 17.0277   Cr: 18.6948 )
00001031: 16.9324   (Y': 15.6078   Cb: 17.0521   Cr: 18.6681 )
00001032: 16.908    (Y': 15.5587   Cb: 17.0744   Cr: 18.6265 )
00001033: 16.9134   (Y': 15.5807   Cb: 17.0591   Cr: 18.6278 )
00001034: 16.994    (Y': 15.6289   Cb: 17.1283   Cr: 18.7913 )
00001035: 17.0057   (Y': 15.5948   Cb: 17.2038   Cr: 18.8053 )
00001036: 17.162    (Y': 15.6835   Cb: 17.4452   Cr: 18.9825 )
00001037: 17.2359   (Y': 15.7772   Cb: 17.4916   Cr: 19.0536 )
00001038: 17.3247   (Y': 15.8611   Cb: 17.7133   Cr: 18.9689 )
00001039: 17.305    (Y': 15.8157   Cb: 17.7195   Cr: 18.9675 )
00001040: 17.4299   (Y': 15.9124   Cb: 17.8074   Cr: 19.2014 )
00001041: 17.3977   (Y': 15.9325   Cb: 17.7625   Cr: 19.0769 )
00001042: 17.3702   (Y': 15.9717   Cb: 17.6157   Cr: 19.0771 )
00001043: 17.3019   (Y': 15.8852   Cb: 17.5932   Cr: 18.9819 )
00001044: 17.398    (Y': 15.9414   Cb: 17.6988   Cr: 19.1475 )
00001045: 17.1529   (Y': 15.6022   Cb: 17.4186   Cr: 19.158  )
00001046: 17.2302   (Y': 15.7284   Cb: 17.4251   Cr: 19.2315 )
00001047: 17.3178   (Y': 15.816    Cb: 17.5313   Cr: 19.2911 )
00001048: 17.3004   (Y': 15.7209   Cb: 17.6154   Cr: 19.2981 )
00001049: 17.397    (Y': 15.8525   Cb: 17.7585   Cr: 19.2496 )
00001050: 17.6024   (Y': 16.049    Cb: 18.0396   Cr: 19.3694 )
00001051: 17.5225   (Y': 16.0242   Cb: 17.8759   Cr: 19.2869 )
00001052: 17.3738   (Y': 15.9057   Cb: 17.6526   Cr: 19.1788 )
00001053: 17.3414   (Y': 15.7943   Cb: 17.7345   Cr: 19.155  )
00001054: 17.266    (Y': 15.8517   Cb: 17.4998   Cr: 19.0218 )
00001055: 17.297    (Y': 15.8357   Cb: 17.5305   Cr: 19.1524 )
00001056: 17.1447   (Y': 15.7259   Cb: 17.3113   Cr: 19.0072 )
00001057: 17.1049   (Y': 15.6676   Cb: 17.2356   Cr: 19.0612 )
00001058: 17.1902   (Y': 15.692    Cb: 17.3427   Cr: 19.2484 )
00001059: 17.1254   (Y': 15.5863   Cb: 17.2989   Cr: 19.2448 )
00001060: 17.0462   (Y': 15.4255   Cb: 17.3903   Cr: 19.0953 )
00001061: 17.0852   (Y': 15.4093   Cb: 17.4966   Cr: 19.1652 )
00001062: 16.9529   (Y': 15.2106   Cb: 17.4303   Cr: 19.096  )
00001063: 16.975    (Y': 15.2374   Cb: 17.4679   Cr: 19.0841 )
00001064: 17.0333   (Y': 15.2931   Cb: 17.4833   Cr: 19.2117 )
00001065: 16.9593   (Y': 15.1259   Cb: 17.5097   Cr: 19.223  )
00001066: 16.989    (Y': 15.1764   Cb: 17.5107   Cr: 19.242  )
00001067: 16.9989   (Y': 15.1318   Cb: 17.5705   Cr: 19.3185 )
00001068: 16.9708   (Y': 15.0935   Cb: 17.5842   Cr: 19.255  )
00001069: 16.9012   (Y': 15.0223   Cb: 17.4999   Cr: 19.2114 )
00001070: 16.8679   (Y': 15.014    Cb: 17.4226   Cr: 19.1783 )
00001071: 16.9082   (Y': 15.0683   Cb: 17.405    Cr: 19.2697 )
00001072: 16.982    (Y': 15.0644   Cb: 17.5765   Cr: 19.4016 )
00001073: 17.0335   (Y': 15.1439   Cb: 17.5593   Cr: 19.4831 )
00001074: 17.0652   (Y': 15.2934   Cb: 17.456    Cr: 19.4141 )
00001075: 17.0184   (Y': 15.3359   Cb: 17.3554   Cr: 19.2261 )
00001076: 17.0603   (Y': 15.401    Cb: 17.4572   Cr: 19.1224 )
00001077: 17.1506   (Y': 15.5036   Cb: 17.5727   Cr: 19.1474 )
00001078: 17.1587   (Y': 15.4271   Cb: 17.719    Cr: 19.1578 )
00001079: 17.1121   (Y': 15.3864   Cb: 17.6384   Cr: 19.1447 )
00001080: 16.9509   (Y': 15.1819   Cb: 17.5518   Cr: 18.9825 )
00001081: 16.8499   (Y': 15.0171   Cb: 17.5246   Cr: 18.934  )
00001082: 16.6625   (Y': 14.8143   Cb: 17.2898   Cr: 18.8517 )
00001083: 16.6281   (Y': 14.8034   Cb: 17.2312   Cr: 18.7929 )
00001084: 16.749    (Y': 15.0729   Cb: 17.1827   Cr: 18.7969 )
00001085: 16.8449   (Y': 15.22     Cb: 17.2637   Cr: 18.7957 )
00001086: 16.7659   (Y': 15.2102   Cb: 17.1638   Cr: 18.5918 )
00001087: 16.7758   (Y': 15.2163   Cb: 17.1524   Cr: 18.6399 )
00001088: 16.7693   (Y': 15.3327   Cb: 17.0338   Cr: 18.5278 )
00001089: 16.7623   (Y': 15.3533   Cb: 16.9824   Cr: 18.5263 )
00001090: 16.7876   (Y': 15.3718   Cb: 16.9695   Cr: 18.621  )
00001091: 16.8191   (Y': 15.3481   Cb: 17.0522   Cr: 18.696  )
00001092: 16.8814   (Y': 15.4001   Cb: 17.1108   Cr: 18.7858 )
00001093: 16.8379   (Y': 15.3275   Cb: 17.117    Cr: 18.7335 )
00001094: 16.9221   (Y': 15.3734   Cb: 17.2644   Cr: 18.8107 )
00001095: 16.8989   (Y': 15.3344   Cb: 17.2573   Cr: 18.7994 )
00001096: 16.8826   (Y': 15.2778   Cb: 17.3268   Cr: 18.752  )
00001097: 16.8175   (Y': 15.2073   Cb: 17.2778   Cr: 18.6767 )
00001098: 16.7879   (Y': 15.2615   Cb: 17.19     Cr: 18.5449 )
00001099: 16.7337   (Y': 15.2557   Cb: 17.073    Cr: 18.4744 )
00001100: 16.7806   (Y': 15.2443   Cb: 17.1697   Cr: 18.5763 )
00001101: 16.7219   (Y': 15.2527   Cb: 17.0276   Cr: 18.4909 )
00001102: 16.673    (Y': 15.2424   Cb: 16.9261   Cr: 18.4349 )
00001103: 16.6661   (Y': 15.2338   Cb: 16.9234   Cr: 18.4259 )
00001104: 16.6746   (Y': 15.279    Cb: 16.9064   Cr: 18.3947 )
00001105: 16.6962   (Y': 15.3065   Cb: 16.9013   Cr: 18.4419 )
00001106: 16.6673   (Y': 15.1795   Cb: 16.9515   Cr: 18.5067 )
00001107: 16.6774   (Y': 15.2248   Cb: 16.9611   Cr: 18.4425 )
00001108: 16.7355   (Y': 15.1923   Cb: 17.0435   Cr: 18.6617 )
00001109: 16.8099   (Y': 15.2506   Cb: 17.1342   Cr: 18.7481 )
00001110: 16.7761   (Y': 15.2048   Cb: 17.0964   Cr: 18.7473 )
00001111: 16.8025   (Y': 15.2176   Cb: 17.1546   Cr: 18.7582 )
00001112: 16.7272   (Y': 15.1507   Cb: 17.0865   Cr: 18.6533 )
00001113: 16.7092   (Y': 15.1624   Cb: 17.0585   Cr: 18.5839 )
00001114: 16.7249   (Y': 15.127    Cb: 17.1816   Cr: 18.5619 )
00001115: 16.6878   (Y': 15.15     Cb: 17.0906   Cr: 18.4681 )
00001116: 16.6283   (Y': 15.1756   Cb: 16.9826   Cr: 18.296  )
00001117: 16.6489   (Y': 15.2172   Cb: 16.9359   Cr: 18.366  )
00001118: 16.7926   (Y': 15.3251   Cb: 17.0595   Cr: 18.613  )
00001119: 16.7931   (Y': 15.3126   Cb: 17.0879   Cr: 18.6016 )
00001120: 16.6442   (Y': 15.3194   Cb: 16.8009   Cr: 18.327  )
00001121: 16.5748   (Y': 15.3265   Cb: 16.6716   Cr: 18.1923 )
00001122: 16.5619   (Y': 15.291    Cb: 16.611    Cr: 18.2928 )
00001123: 16.4792   (Y': 15.1715   Cb: 16.5417   Cr: 18.2644 )
00001124: 16.3023   (Y': 14.9413   Cb: 16.3759   Cr: 18.1812 )
00001125: 16.3133   (Y': 15.0749   Cb: 16.3487   Cr: 18      )
00001126: 16.284    (Y': 15.2339   Cb: 16.2139   Cr: 17.7699 )
00001127: 16.2089   (Y': 15.2089   Cb: 16.1326   Cr: 17.6155 )
00001128: 16.1453   (Y': 15.1553   Cb: 16.0544   Cr: 17.5547 )
00001129: 16.1083   (Y': 15.0862   Cb: 16.0729   Cr: 17.4962 )
00001130: 15.9729   (Y': 14.9429   Cb: 15.9035   Cr: 17.4222 )
00001131: 16.0229   (Y': 14.9205   Cb: 16.0659   Cr: 17.4442 )
00001132: 16.0466   (Y': 14.8394   Cb: 16.1415   Cr: 17.5884 )
00001133: 16.1563   (Y': 14.9108   Cb: 16.2816   Cr: 17.7282 )
00001134: 16.2575   (Y': 15.1364   Cb: 16.3175   Cr: 17.689  )
00001135: 16.3214   (Y': 15.1777   Cb: 16.4514   Cr: 17.6988 )
00001136: 16.2914   (Y': 15.3297   Cb: 16.2498   Cr: 17.5844 )
00001137: 16.2785   (Y': 15.3044   Cb: 16.268    Cr: 17.5501 )
00001138: 16.2122   (Y': 15.2493   Cb: 16.229    Cr: 17.429  )
00001139: 16.5605   (Y': 15.3965   Cb: 16.8406   Cr: 17.7806 )
00001140: 17.0576   (Y': 15.6384   Cb: 17.6617   Cr: 18.3454 )
00001141: 17.1231   (Y': 15.6357   Cb: 17.6311   Cr: 18.66   )
00001142: 17.0835   (Y': 15.7988   Cb: 17.3442   Cr: 18.5464 )
00001143: 16.7396   (Y': 15.6844   Cb: 16.893    Cr: 17.9334 )
00001144: 16.0061   (Y': 15.4935   Cb: 15.7712   Cr: 16.8727 )
00001145: 16.1407   (Y': 15.505    Cb: 16.0663   Cr: 16.9758 )
00001146: 16.5725   (Y': 15.7689   Cb: 16.6233   Cr: 17.4964 )
00001147: 16.4208   (Y': 15.7442   Cb: 16.3567   Cr: 17.3011 )
00001148: 16.3501   (Y': 15.4446   Cb: 16.4851   Cr: 17.3258 )
00001149: 16.6214   (Y': 15.64     Cb: 16.8192   Cr: 17.6398 )
00001150: 16.3316   (Y': 15.4055   Cb: 16.5226   Cr: 17.2716 )
00001151: 15.9133   (Y': 15.1929   Cb: 15.9422   Cr: 16.7424 )
00001152: 15.8132   (Y': 15.1028   Cb: 15.8673   Cr: 16.598  )
00001153: 15.8092   (Y': 14.9958   Cb: 15.9059   Cr: 16.6921 )
00001154: 16.2343   (Y': 15.3717   Cb: 16.2601   Cr: 17.2788 )
00001155: 16.3201   (Y': 15.4079   Cb: 16.5549   Cr: 17.1879 )
00001156: 16.0669   (Y': 15.2273   Cb: 16.2203   Cr: 16.9213 )
00001157: 16.0516   (Y': 15.111    Cb: 16.2696   Cr: 16.9821 )
00001158: 16.5097   (Y': 15.6802   Cb: 16.5006   Cr: 17.5473 )
00001159: 16.372    (Y': 15.5372   Cb: 16.3487   Cr: 17.436  )
00001160: 15.8142   (Y': 14.9873   Cb: 15.7895   Cr: 16.8679 )
00001161: 16.2025   (Y': 15.3351   Cb: 16.1822   Cr: 17.3138 )
00001162: 16.1818   (Y': 15.2614   Cb: 16.0848   Cr: 17.4815 )
00001163: 15.9026   (Y': 15.0563   Cb: 15.6987   Cr: 17.2293 )
00001164: 16.3594   (Y': 15.408    Cb: 16.3746   Cr: 17.5592 )
00001165: 16.4067   (Y': 15.4981   Cb: 16.3747   Cr: 17.5993 )
00001166: 16.6239   (Y': 15.7908   Cb: 16.433    Cr: 17.9104 )
00001167: 16.6286   (Y': 15.7179   Cb: 16.4859   Cr: 17.9758 )
00001168: 16.2652   (Y': 15.5221   Cb: 16.0976   Cr: 17.3778 )
00001169: 16.4419   (Y': 15.6503   Cb: 16.3002   Cr: 17.5948 )
00001170: 16.7927   (Y': 15.8562   Cb: 16.7282   Cr: 18.0748 )
00001171: 16.5895   (Y': 15.6299   Cb: 16.5471   Cr: 17.88   )
00001172: 16.5729   (Y': 15.5519   Cb: 16.5928   Cr: 17.8835 )
00001173: 16.2039   (Y': 15.1556   Cb: 16.2083   Cr: 17.5825 )
00001174: 15.8853   (Y': 14.9056   Cb: 15.7843   Cr: 17.2915 )
00001175: 16.3467   (Y': 15.2292   Cb: 16.3608   Cr: 17.8355 )
00001176: 16.2477   (Y': 15.1689   Cb: 16.2129   Cr: 17.7352 )
00001177: 16.1124   (Y': 15.0928   Cb: 16.0296   Cr: 17.5623 )
00001178: 15.8489   (Y': 14.9554   Cb: 15.6657   Cr: 17.2248 )
00001179: 16.0243   (Y': 15.073    Cb: 15.919    Cr: 17.3879 )
00001180: 15.7134   (Y': 14.789    Cb: 15.5173   Cr: 17.1608 )
00001181: 15.6251   (Y': 14.707    Cb: 15.4216   Cr: 17.0723 )
00001182: 15.9682   (Y': 14.9204   Cb: 15.9532   Cr: 17.3726 )
00001183: 15.6836   (Y': 14.7393   Cb: 15.5271   Cr: 17.1077 )
00001184: 15.7293   (Y': 14.7751   Cb: 15.6835   Cr: 17.0154 )
00001185: 15.6104   (Y': 14.7024   Cb: 15.5112   Cr: 16.8925 )
00001186: 15.6542   (Y': 14.6567   Cb: 15.5972   Cr: 17.0294 )
00001187: 15.8816   (Y': 14.8534   Cb: 15.8808   Cr: 17.2323 )
00001188: 15.6976   (Y': 14.7233   Cb: 15.4944   Cr: 17.2426 )
00001190: 15.6528   (Y': 14.8256   Cb: 15.4597   Cr: 16.9332 )
00001189: 15.7331   (Y': 14.78     Cb: 15.5414   Cr: 17.2238 )
Total: 16.9203   (Y': 15.7236   Cb: 17.0484   Cr: 18.3968 )
