00000001: 14.9018   (Y': 13.994    Cb: 14.9239   Cr: 16.0221 )
00000000: 14.8608   (Y': 13.9736   Cb: 14.8418   Cr: 16.0018 )
00000002: 14.9098   (Y': 13.9778   Cb: 14.935    Cr: 16.0651 )
00000003: 14.8992   (Y': 13.9586   Cb: 14.9117   Cr: 16.0853 )
00000007: 16.8792   (Y': 15.1097   Cb: 17.8513   Cr: 18.4431 )
00000004: 16.9893   (Y': 14.9411   Cb: 18.2075   Cr: 18.9139 )
00000006: 15.4809   (Y': 14.4407   Cb: 15.6207   Cr: 16.6668 )
00000005: 16.843    (Y': 14.8236   Cb: 17.95     Cr: 18.8285 )
00000008: 16.5118   (Y': 15.0193   Cb: 17.2078   Cr: 17.8312 )
00000009: 15.695    (Y': 14.5894   Cb: 15.9686   Cr: 16.8236 )
00000010: 15.2899   (Y': 14.331    Cb: 15.3874   Cr: 16.3964 )
00000011: 14.8209   (Y': 13.908    Cb: 14.7953   Cr: 16.0116 )
00000012: 14.8098   (Y': 13.8989   Cb: 14.8015   Cr: 15.9747 )
00000013: 14.8229   (Y': 13.9171   Cb: 14.8155   Cr: 15.9785 )
00000015: 14.81     (Y': 13.9169   Cb: 14.8104   Cr: 15.935  )
00000014: 14.7934   (Y': 13.8879   Cb: 14.7872   Cr: 15.9469 )
00000017: 14.7886   (Y': 13.9314   Cb: 14.7497   Cr: 15.9079 )
00000016: 14.7992   (Y': 13.9231   Cb: 14.7754   Cr: 15.9287 )
00000018: 14.7859   (Y': 13.9298   Cb: 14.7415   Cr: 15.9109 )
00000021: 14.7417   (Y': 13.8762   Cb: 14.7278   Cr: 15.8418 )
00000019: 14.7695   (Y': 13.8962   Cb: 14.7561   Cr: 15.881  )
00000020: 14.7609   (Y': 13.888    Cb: 14.7443   Cr: 15.8758 )
00000022: 14.7323   (Y': 13.8605   Cb: 14.7243   Cr: 15.8347 )
00000023: 14.7071   (Y': 13.8294   Cb: 14.696    Cr: 15.8228 )
00000024: 14.7056   (Y': 13.8304   Cb: 14.6798   Cr: 15.8362 )
00000025: 14.6889   (Y': 13.801    Cb: 14.6765   Cr: 15.8225 )
00000026: 14.6837   (Y': 13.8031   Cb: 14.6604   Cr: 15.8196 )
00000027: 14.6986   (Y': 13.8444   Cb: 14.667    Cr: 15.8036 )
00000028: 14.7086   (Y': 13.8353   Cb: 14.6978   Cr: 15.8169 )
00000029: 14.6982   (Y': 13.8182   Cb: 14.7044   Cr: 15.7951 )
00000030: 14.704    (Y': 13.8315   Cb: 14.6876   Cr: 15.8181 )
00000031: 14.7116   (Y': 13.8331   Cb: 14.7177   Cr: 15.8063 )
00000032: 14.7255   (Y': 13.854    Cb: 14.72     Cr: 15.8242 )
00000033: 14.6981   (Y': 13.8073   Cb: 14.7009   Cr: 15.8165 )
00000036: 14.6979   (Y': 13.8261   Cb: 14.6996   Cr: 15.7877 )
00000034: 14.702    (Y': 13.8094   Cb: 14.7065   Cr: 15.821  )
00000035: 14.6984   (Y': 13.806    Cb: 14.6985   Cr: 15.8226 )
00000039: 14.7003   (Y': 13.8052   Cb: 14.7004   Cr: 15.8291 )
00000037: 14.6893   (Y': 13.7735   Cb: 14.7154   Cr: 15.8175 )
00000038: 14.6946   (Y': 13.7933   Cb: 14.695    Cr: 15.8326 )
00000041: 14.7225   (Y': 13.7875   Cb: 14.7292   Cr: 15.9069 )
00000040: 14.702    (Y': 13.785    Cb: 14.7104   Cr: 15.8548 )
00000043: 14.7187   (Y': 13.8243   Cb: 14.7145   Cr: 15.8521 )
00000042: 14.7354   (Y': 13.8164   Cb: 14.746    Cr: 15.8887 )
00000044: 14.7156   (Y': 13.7952   Cb: 14.7103   Cr: 15.892  )
00000046: 14.6993   (Y': 13.7777   Cb: 14.6845   Cr: 15.8901 )
00000045: 14.7064   (Y': 13.7878   Cb: 14.6934   Cr: 15.8899 )
00000047: 14.7203   (Y': 13.7671   Cb: 14.7193   Cr: 15.9448 )
00000048: 14.7375   (Y': 13.7506   Cb: 14.768    Cr: 15.9762 )
00000049: 14.8061   (Y': 13.8106   Cb: 14.8542   Cr: 16.036  )
00000052: 14.9533   (Y': 13.917    Cb: 15.0548   Cr: 16.1816 )
00000051: 14.9037   (Y': 13.8828   Cb: 14.978    Cr: 16.1417 )
00000053: 15.001    (Y': 13.945    Cb: 15.107    Cr: 16.2572 )
00000050: 14.8379   (Y': 13.8474   Cb: 14.8871   Cr: 16.0578 )
00000054: 15.0254   (Y': 13.9477   Cb: 15.1426   Cr: 16.3038 )
00000055: 15.0797   (Y': 13.9921   Cb: 15.2226   Cr: 16.3419 )
00000056: 15.0566   (Y': 13.9639   Cb: 15.1828   Cr: 16.3494 )
00000057: 14.9668   (Y': 13.8962   Cb: 15.0457   Cr: 16.2837 )
00000059: 14.8375   (Y': 13.7752   Cb: 14.9051   Cr: 16.1549 )
00000058: 14.919    (Y': 13.8388   Cb: 15.0045   Cr: 16.2437 )
00000061: 14.7742   (Y': 13.7186   Cb: 14.8369   Cr: 16.0869 )
00000060: 14.8279   (Y': 13.7763   Cb: 14.8918   Cr: 16.1318 )
00000062: 14.7541   (Y': 13.6935   Cb: 14.8002   Cr: 16.0977 )
00000063: 14.7019   (Y': 13.6514   Cb: 14.7553   Cr: 16.018  )
00000064: 14.6922   (Y': 13.651    Cb: 14.7119   Cr: 16.0377 )
00000065: 14.6591   (Y': 13.6508   Cb: 14.6635   Cr: 15.9686 )
00000066: 14.6374   (Y': 13.629    Cb: 14.6293   Cr: 15.9642 )
00000069: 14.5809   (Y': 13.5906   Cb: 14.5609   Cr: 15.8931 )
00000067: 14.6252   (Y': 13.6263   Cb: 14.6092   Cr: 15.9463 )
00000068: 14.5982   (Y': 13.6088   Cb: 14.5847   Cr: 15.9    )
00000070: 14.568    (Y': 13.5989   Cb: 14.5374   Cr: 15.8588 )
00000071: 14.542    (Y': 13.5702   Cb: 14.5096   Cr: 15.8394 )
00000072: 14.5596   (Y': 13.5994   Cb: 14.5405   Cr: 15.8196 )
00000073: 14.5642   (Y': 13.6002   Cb: 14.5446   Cr: 15.8314 )
00000074: 14.5595   (Y': 13.6037   Cb: 14.5416   Cr: 15.8109 )
00000075: 14.5514   (Y': 13.6149   Cb: 14.515    Cr: 15.7954 )
00000076: 14.5643   (Y': 13.6204   Cb: 14.5263   Cr: 15.8225 )
00000077: 14.5943   (Y': 13.625    Cb: 14.5736   Cr: 15.8718 )
00000078: 14.5804   (Y': 13.5978   Cb: 14.5809   Cr: 15.8517 )
00000079: 14.5956   (Y': 13.6161   Cb: 14.5994   Cr: 15.8574 )
00000080: 14.6234   (Y': 13.6445   Cb: 14.6131   Cr: 15.9031 )
00000081: 14.6364   (Y': 13.6512   Cb: 14.6293   Cr: 15.9222 )
00000082: 14.6439   (Y': 13.6391   Cb: 14.6476   Cr: 15.9485 )
00000083: 14.6662   (Y': 13.6573   Cb: 14.6555   Cr: 15.9971 )
00000085: 14.7748   (Y': 13.7374   Cb: 14.7826   Cr: 16.1299 )
00000084: 14.686    (Y': 13.6499   Cb: 14.6956   Cr: 16.0364 )
00000086: 14.7904   (Y': 13.7487   Cb: 14.8087   Cr: 16.1383 )
00000087: 14.8505   (Y': 13.7731   Cb: 14.9047   Cr: 16.2123 )
00000088: 14.8575   (Y': 13.759    Cb: 14.9257   Cr: 16.2376 )
00000089: 14.8853   (Y': 13.7605   Cb: 14.9739   Cr: 16.2847 )
00000090: 14.9221   (Y': 13.7948   Cb: 15.0117   Cr: 16.3245 )
00000092: 14.8993   (Y': 13.7685   Cb: 14.981    Cr: 16.3187 )
00000093: 14.9156   (Y': 13.7711   Cb: 14.9919   Cr: 16.3671 )
00000091: 14.8936   (Y': 13.7641   Cb: 14.9837   Cr: 16.2995 )
00000094: 14.9324   (Y': 13.7815   Cb: 15.0104   Cr: 16.3932 )
00000096: 14.9607   (Y': 13.7543   Cb: 15.0712   Cr: 16.4793 )
00000095: 14.9277   (Y': 13.7435   Cb: 15.0139   Cr: 16.4387 )
00000097: 14.973    (Y': 13.7494   Cb: 15.0952   Cr: 16.5076 )
00000100: 15.0061   (Y': 13.7308   Cb: 15.1561   Cr: 16.6009 )
00000098: 14.9939   (Y': 13.7632   Cb: 15.1049   Cr: 16.5579 )
00000101: 15.0409   (Y': 13.7556   Cb: 15.2057   Cr: 16.6346 )
00000102: 15.0555   (Y': 13.7585   Cb: 15.217    Cr: 16.6766 )
00000099: 15.0132   (Y': 13.7284   Cb: 15.1819   Cr: 16.6008 )
00000103: 15.0442   (Y': 13.7121   Cb: 15.2462   Cr: 16.6777 )
00000105: 15.0874   (Y': 13.7169   Cb: 15.3073   Cr: 16.773  )
00000104: 15.0747   (Y': 13.7466   Cb: 15.276    Cr: 16.7013 )
00000106: 15.098    (Y': 13.7182   Cb: 15.3082   Cr: 16.816  )
00000107: 15.1322   (Y': 13.7357   Cb: 15.3171   Cr: 16.9207 )
00000108: 15.1816   (Y': 13.8059   Cb: 15.3601   Cr: 16.9367 )
00000110: 15.2251   (Y': 13.7823   Cb: 15.4273   Cr: 17.0863 )
00000109: 15.228    (Y': 13.7917   Cb: 15.4312   Cr: 17.0742 )
00000111: 15.2458   (Y': 13.7813   Cb: 15.4528   Cr: 17.1469 )
00000112: 15.2422   (Y': 13.7569   Cb: 15.4708   Cr: 17.1566 )
00000113: 15.2846   (Y': 13.7839   Cb: 15.5078   Cr: 17.2411 )
00000114: 15.3191   (Y': 13.7895   Cb: 15.535    Cr: 17.351  )
00000115: 15.3315   (Y': 13.7982   Cb: 15.5787   Cr: 17.325  )
00000116: 15.3938   (Y': 13.8436   Cb: 15.6698   Cr: 17.3824 )
00000117: 15.5094   (Y': 13.9157   Cb: 15.8508   Cr: 17.5004 )
00000118: 15.5308   (Y': 13.9126   Cb: 15.9046   Cr: 17.5308 )
00000119: 15.8129   (Y': 14.1199   Cb: 16.3291   Cr: 17.7826 )
00000120: 15.9841   (Y': 14.2554   Cb: 16.5705   Cr: 17.9401 )
00000121: 16.0709   (Y': 14.3346   Cb: 16.7024   Cr: 17.9836 )
00000122: 16.0987   (Y': 14.3453   Cb: 16.7419   Cr: 18.0352 )
00000124: 16.2336   (Y': 14.5      Cb: 16.8815   Cr: 18.1177 )
00000123: 16.2343   (Y': 14.4927   Cb: 16.8967   Cr: 18.1176 )
00000125: 16.2728   (Y': 14.5483   Cb: 16.9365   Cr: 18.1155 )
00000127: 16.2188   (Y': 14.492    Cb: 16.8847   Cr: 18.0636 )
00000126: 16.2023   (Y': 14.4823   Cb: 16.8762   Cr: 18.0216 )
00000128: 16.2603   (Y': 14.5393   Cb: 16.9186   Cr: 18.1017 )
00000129: 16.2507   (Y': 14.5913   Cb: 16.901    Cr: 17.9657 )
00000130: 16.2793   (Y': 14.6014   Cb: 16.9537   Cr: 18.0042 )
00000132: 16.3281   (Y': 14.6362   Cb: 17.0524   Cr: 18.0206 )
00000131: 16.358    (Y': 14.6582   Cb: 17.0631   Cr: 18.0921 )
00000133: 16.2846   (Y': 14.5976   Cb: 16.9526   Cr: 18.0378 )
00000134: 16.3378   (Y': 14.6813   Cb: 16.9663   Cr: 18.0748 )
00000135: 16.2478   (Y': 14.654    Cb: 16.7707   Cr: 17.9866 )
00000136: 16.1142   (Y': 14.5904   Cb: 16.5827   Cr: 17.7767 )
00000137: 26.1438   (Y': 22.46     Cb: 31.1118   Cr: 30.7536 )
00000138: 21.5227   (Y': 17.8189   Cb: 26.4637   Cr: 26.2962 )
00000139: 17.8706   (Y': 14.5569   Cb: 21.3062   Cr: 21.8292 )
00000140: 17.1947   (Y': 14.0163   Cb: 20.2486   Cr: 20.9003 )
00000141: 16.506    (Y': 13.6149   Cb: 18.8341   Cr: 19.7933 )
00000143: 16.168    (Y': 13.7714   Cb: 17.642    Cr: 18.7537 )
00000142: 16.3708   (Y': 13.6383   Cb: 18.3944   Cr: 19.4126 )
00000144: 16.101    (Y': 13.8593   Cb: 17.3563   Cr: 18.5008 )
00000145: 15.9815   (Y': 14.0525   Cb: 16.8482   Cr: 18.0456 )
00000146: 15.9323   (Y': 14.1795   Cb: 16.6345   Cr: 17.7893 )
00000147: 15.8823   (Y': 14.2435   Cb: 16.4251   Cr: 17.6927 )
00000151: 15.9624   (Y': 14.2525   Cb: 16.5717   Cr: 17.8437 )
00000148: 15.9089   (Y': 14.272    Cb: 16.4817   Cr: 17.6756 )
00000149: 15.9095   (Y': 14.2587   Cb: 16.4714   Cr: 17.7214 )
00000150: 15.9283   (Y': 14.2514   Cb: 16.515    Cr: 17.7652 )
00000152: 15.9776   (Y': 14.2542   Cb: 16.6143   Cr: 17.8533 )
00000154: 16.0068   (Y': 14.2879   Cb: 16.6366   Cr: 17.8815 )
00000153: 15.9972   (Y': 14.2736   Cb: 16.6336   Cr: 17.8738 )
00000155: 16.0447   (Y': 14.3306   Cb: 16.6995   Cr: 17.8753 )
00000158: 16.2489   (Y': 14.5067   Cb: 17.0529   Cr: 17.9528 )
00000156: 16.0937   (Y': 14.3778   Cb: 16.7634   Cr: 17.9087 )
00000157: 16.1842   (Y': 14.4385   Cb: 16.949    Cr: 17.945  )
00000159: 16.3096   (Y': 14.5422   Cb: 17.1806   Cr: 17.988  )
00000160: 16.4056   (Y': 14.6332   Cb: 17.3053   Cr: 18.0606 )
00000161: 16.5095   (Y': 14.663    Cb: 17.5785   Cr: 18.1317 )
00000162: 16.7449   (Y': 14.9825   Cb: 17.6433   Cr: 18.3793 )
00000163: 16.8148   (Y': 15.0452   Cb: 17.7323   Cr: 18.4426 )
00000164: 16.6145   (Y': 14.7105   Cb: 17.6991   Cr: 18.3491 )
00000165: 16.6053   (Y': 14.6911   Cb: 17.6351   Cr: 18.4281 )
00000166: 16.7856   (Y': 15.0131   Cb: 17.6221   Cr: 18.5171 )
00000167: 16.8272   (Y': 14.9923   Cb: 17.7169   Cr: 18.6351 )
00000168: 16.8292   (Y': 14.944    Cb: 17.7781   Cr: 18.6821 )
00000170: 16.7831   (Y': 14.9169   Cb: 17.7059   Cr: 18.6232 )
00000169: 16.8232   (Y': 14.9496   Cb: 17.7682   Cr: 18.6536 )
00000171: 16.7199   (Y': 14.938    Cb: 17.5123   Cr: 18.5277 )
00000172: 16.6755   (Y': 14.9362   Cb: 17.4269   Cr: 18.4388 )
00000174: 16.525    (Y': 14.9398   Cb: 17.1597   Cr: 18.1023 )
00000173: 16.6052   (Y': 14.962    Cb: 17.2717   Cr: 18.2651 )
00000175: 16.3482   (Y': 14.7649   Cb: 16.9433   Cr: 17.9714 )
00000176: 16.2957   (Y': 14.7265   Cb: 16.8857   Cr: 17.8958 )
00000177: 16.1321   (Y': 14.6352   Cb: 16.5965   Cr: 17.7443 )
00000178: 16.1236   (Y': 14.6114   Cb: 16.5651   Cr: 17.7976 )
00000179: 16.1934   (Y': 14.7279   Cb: 16.624    Cr: 17.7859 )
00000181: 16.35     (Y': 14.9663   Cb: 16.7036   Cr: 17.8804 )
00000180: 16.2507   (Y': 14.7985   Cb: 16.6714   Cr: 17.8292 )
00000182: 16.5092   (Y': 15.1428   Cb: 16.9088   Cr: 17.9472 )
00000183: 16.6441   (Y': 15.3082   Cb: 17.0513   Cr: 18.015  )
00000184: 16.7005   (Y': 15.3468   Cb: 17.1424   Cr: 18.0613 )
00000185: 16.8273   (Y': 15.4946   Cb: 17.2708   Cr: 18.1472 )
00000186: 16.9191   (Y': 15.5448   Cb: 17.3953   Cr: 18.2761 )
00000187: 17.0191   (Y': 15.6563   Cb: 17.4677   Cr: 18.3888 )
00000188: 17.0472   (Y': 15.6767   Cb: 17.5192   Cr: 18.4025 )
00000189: 17.1098   (Y': 15.7359   Cb: 17.6293   Cr: 18.4138 )
00000190: 17.1407   (Y': 15.767    Cb: 17.6816   Cr: 18.4188 )
00000191: 17.1778   (Y': 15.7028   Cb: 17.7982   Cr: 18.5524 )
00000192: 17.1841   (Y': 15.6667   Cb: 17.873    Cr: 18.56   )
00000193: 17.1267   (Y': 15.5656   Cb: 17.8764   Cr: 18.5174 )
00000194: 17.1038   (Y': 15.4848   Cb: 17.8758   Cr: 18.5845 )
00000195: 17.0057   (Y': 15.3957   Cb: 17.7587   Cr: 18.4907 )
00000196: 16.9752   (Y': 15.3635   Cb: 17.7192   Cr: 18.4745 )
00000197: 16.8994   (Y': 15.2599   Cb: 17.6714   Cr: 18.4224 )
00000198: 16.8743   (Y': 15.2386   Cb: 17.6697   Cr: 18.3618 )
00000199: 16.8304   (Y': 15.1598   Cb: 17.6443   Cr: 18.3685 )
00000200: 16.7747   (Y': 15.0848   Cb: 17.5872   Cr: 18.355  )
00000201: 16.6922   (Y': 14.9595   Cb: 17.5006   Cr: 18.3703 )
00000202: 16.6568   (Y': 14.9777   Cb: 17.3731   Cr: 18.3318 )
00000203: 16.537    (Y': 14.8497   Cb: 17.204    Cr: 18.292  )
00000204: 16.481    (Y': 14.8153   Cb: 17.0946   Cr: 18.2574 )
00000206: 16.5123   (Y': 14.8082   Cb: 17.0892   Cr: 18.4244 )
00000205: 16.4837   (Y': 14.8138   Cb: 17.0426   Cr: 18.3423 )
00000207: 16.5788   (Y': 14.8233   Cb: 17.2083   Cr: 18.5385 )
00000208: 16.5976   (Y': 14.8348   Cb: 17.2451   Cr: 18.5504 )
00000209: 16.6738   (Y': 14.8731   Cb: 17.3656   Cr: 18.6566 )
00000210: 16.7551   (Y': 14.963    Cb: 17.481    Cr: 18.6726 )
00000211: 16.8942   (Y': 15.0852   Cb: 17.6917   Cr: 18.7581 )
00000212: 16.9459   (Y': 15.1062   Cb: 17.8098   Cr: 18.7972 )
00000214: 17.0241   (Y': 15.1614   Cb: 17.9465   Cr: 18.8567 )
00000213: 17.02     (Y': 15.1428   Cb: 17.9317   Cr: 18.9002 )
00000215: 17.0783   (Y': 15.2539   Cb: 17.9727   Cr: 18.8564 )
00000216: 17.0581   (Y': 15.238    Cb: 17.9267   Cr: 18.8579 )
00000217: 17.0837   (Y': 15.2852   Cb: 17.9669   Cr: 18.8163 )
00000218: 17.0479   (Y': 15.2393   Cb: 17.941    Cr: 18.7916 )
00000221: 16.9732   (Y': 15.236    Cb: 17.8056   Cr: 18.6315 )
00000220: 16.9918   (Y': 15.1954   Cb: 17.8565   Cr: 18.7426 )
00000219: 17.0225   (Y': 15.1937   Cb: 17.9684   Cr: 18.7481 )
00000222: 16.942    (Y': 15.248    Cb: 17.7817   Cr: 18.4989 )
00000223: 16.9118   (Y': 15.3069   Cb: 17.6965   Cr: 18.3491 )
00000224: 16.888    (Y': 15.3042   Cb: 17.6598   Cr: 18.2978 )
00000225: 16.8522   (Y': 15.3063   Cb: 17.5966   Cr: 18.2191 )
00000228: 16.7946   (Y': 15.2979   Cb: 17.4449   Cr: 18.1758 )
00000226: 16.8375   (Y': 15.3073   Cb: 17.5569   Cr: 18.2027 )
00000229: 16.7575   (Y': 15.3038   Cb: 17.4098   Cr: 18.0543 )
00000227: 16.8048   (Y': 15.304    Cb: 17.467    Cr: 18.1798 )
00000230: 16.7452   (Y': 15.3477   Cb: 17.3329   Cr: 18.0121 )
00000231: 16.721    (Y': 15.3755   Cb: 17.2881   Cr: 17.9172 )
00000232: 16.7241   (Y': 15.3958   Cb: 17.3108   Cr: 17.867  )
00000233: 16.7049   (Y': 15.4432   Cb: 17.227    Cr: 17.8053 )
00000237: 16.6211   (Y': 15.3038   Cb: 17.1505   Cr: 17.8108 )
00000235: 16.6658   (Y': 15.3795   Cb: 17.1898   Cr: 17.807  )
00000234: 16.6725   (Y': 15.3886   Cb: 17.2045   Cr: 17.8002 )
00000236: 16.6498   (Y': 15.3796   Cb: 17.1573   Cr: 17.7819 )
00000238: 16.5987   (Y': 15.3021   Cb: 17.0987   Cr: 17.7856 )
00000239: 16.5717   (Y': 15.3432   Cb: 16.9671   Cr: 17.7631 )
00000240: 16.5095   (Y': 15.2772   Cb: 16.908    Cr: 17.704  )
00000242: 16.3791   (Y': 15.1973   Cb: 16.6976   Cr: 17.5824 )
00000243: 16.2449   (Y': 15.0891   Cb: 16.485    Cr: 17.5008 )
00000241: 16.4619   (Y': 15.2733   Cb: 16.771    Cr: 17.6887 )
00000244: 16.2209   (Y': 15.0743   Cb: 16.4437   Cr: 17.4828 )
00000245: 16.0333   (Y': 14.8633   Cb: 16.2314   Cr: 17.368  )
00000247: 15.7368   (Y': 14.6449   Cb: 15.8537   Cr: 17.0401 )
00000246: 15.915    (Y': 14.7819   Cb: 16.0488   Cr: 17.2685 )
00000253: 15.5732   (Y': 14.5351   Cb: 15.5901   Cr: 16.9169 )
00000248: 15.6478   (Y': 14.5514   Cb: 15.7551   Cr: 16.9717 )
00000252: 15.5148   (Y': 14.4551   Cb: 15.5358   Cr: 16.8909 )
00000254: 15.6211   (Y': 14.6132   Cb: 15.621    Cr: 16.9361 )
00000250: 15.5234   (Y': 14.4733   Cb: 15.564    Cr: 16.8561 )
00000249: 15.506    (Y': 14.4335   Cb: 15.5661   Cr: 16.8511 )
00000251: 15.4982   (Y': 14.4433   Cb: 15.5178   Cr: 16.8674 )
00000255: 15.7844   (Y': 14.7901   Cb: 15.7895   Cr: 17.0694 )
00000256: 15.7363   (Y': 14.7595   Cb: 15.7103   Cr: 17.0333 )
00000257: 15.89     (Y': 14.9392   Cb: 15.8951   Cr: 17.1024 )
00000258: 15.9245   (Y': 14.9687   Cb: 15.9619   Cr: 17.1025 )
00000259: 16.0311   (Y': 15.1046   Cb: 16.0596   Cr: 17.1733 )
00000261: 16.2013   (Y': 15.2587   Cb: 16.2228   Cr: 17.3786 )
00000260: 16.1115   (Y': 15.188    Cb: 16.1453   Cr: 17.242  )
00000262: 16.2106   (Y': 15.2697   Cb: 16.2279   Cr: 17.3906 )
00000263: 16.1897   (Y': 15.2619   Cb: 16.2232   Cr: 17.3273 )
00000265: 16.1779   (Y': 15.2806   Cb: 16.2474   Cr: 17.2218 )
00000264: 16.1849   (Y': 15.2595   Cb: 16.241    Cr: 17.2899 )
00000268: 16.1269   (Y': 15.2822   Cb: 16.1753   Cr: 17.1156 )
00000267: 16.0447   (Y': 15.2013   Cb: 16.0656   Cr: 17.0658 )
00000270: 16.0905   (Y': 15.2103   Cb: 16.1978   Cr: 17.0611 )
00000269: 16.057    (Y': 15.1543   Cb: 16.1416   Cr: 17.0901 )
00000266: 16.1118   (Y': 15.2322   Cb: 16.1606   Cr: 17.1539 )
00000271: 16.0073   (Y': 15.154    Cb: 16.0881   Cr: 16.9693 )
00000273: 16.0164   (Y': 15.1713   Cb: 16.0847   Cr: 16.9812 )
00000272: 15.9963   (Y': 15.1815   Cb: 16.0484   Cr: 16.9354 )
00000277: 16.0868   (Y': 14.9439   Cb: 16.3421   Cr: 17.301  )
00000275: 16.169    (Y': 15.1787   Cb: 16.3238   Cr: 17.2543 )
00000274: 15.9749   (Y': 15.0895   Cb: 16.0579   Cr: 16.9833 )
00000276: 16.1501   (Y': 15.0685   Cb: 16.3901   Cr: 17.2799 )
00000278: 16.0956   (Y': 14.9282   Cb: 16.3673   Cr: 17.3321 )
00000279: 15.9904   (Y': 14.8537   Cb: 16.1222   Cr: 17.353  )
00000280: 16.0045   (Y': 14.7842   Cb: 16.1259   Cr: 17.5343 )
00000281: 15.9838   (Y': 14.7433   Cb: 16.0837   Cr: 17.5818 )
00000282: 15.9857   (Y': 14.7413   Cb: 16.0924   Cr: 17.5815 )
00000283: 15.9974   (Y': 14.7083   Cb: 16.1453   Cr: 17.6222 )
00000284: 15.9823   (Y': 14.6807   Cb: 16.0876   Cr: 17.6926 )
00000285: 16.0762   (Y': 14.7312   Cb: 16.1904   Cr: 17.8613 )
00000286: 16.0711   (Y': 14.6937   Cb: 16.2133   Cr: 17.8821 )
00000287: 16.112    (Y': 14.7657   Cb: 16.2238   Cr: 17.9033 )
00000289: 16.1701   (Y': 14.8162   Cb: 16.3426   Cr: 17.8892 )
00000288: 16.1224   (Y': 14.7583   Cb: 16.2593   Cr: 17.9137 )
00000290: 16.2138   (Y': 14.8657   Cb: 16.4056   Cr: 17.8938 )
00000291: 16.2818   (Y': 14.8901   Cb: 16.5455   Cr: 17.949  )
00000292: 16.3115   (Y': 14.9263   Cb: 16.597    Cr: 17.936  )
00000293: 16.3517   (Y': 14.9868   Cb: 16.6453   Cr: 17.9248 )
00000294: 16.3745   (Y': 15.0164   Cb: 16.6593   Cr: 17.9461 )
00000295: 16.4305   (Y': 15.0794   Cb: 16.7486   Cr: 17.9441 )
00000296: 16.4293   (Y': 15.0907   Cb: 16.7475   Cr: 17.9187 )
00000299: 16.4604   (Y': 15.1562   Cb: 16.7835   Cr: 17.8787 )
00000297: 16.4479   (Y': 15.1503   Cb: 16.7535   Cr: 17.8764 )
00000298: 16.447    (Y': 15.1605   Cb: 16.7457   Cr: 17.8633 )
00000300: 16.4979   (Y': 15.1975   Cb: 16.8241   Cr: 17.9046 )
00000301: 16.4957   (Y': 15.1445   Cb: 16.8735   Cr: 17.9321 )
00000302: 16.5102   (Y': 15.159    Cb: 16.8866   Cr: 17.9487 )
00000303: 16.495    (Y': 15.1289   Cb: 16.8884   Cr: 17.9403 )
00000304: 16.4615   (Y': 15.0914   Cb: 16.886    Cr: 17.8751 )
00000305: 16.4644   (Y': 15.1197   Cb: 16.8568   Cr: 17.8701 )
00000306: 16.4508   (Y': 15.1068   Cb: 16.8416   Cr: 17.8575 )
00000307: 16.4575   (Y': 15.1046   Cb: 16.8804   Cr: 17.8405 )
00000308: 16.4626   (Y': 15.1366   Cb: 16.8868   Cr: 17.7939 )
00000309: 16.4657   (Y': 15.1546   Cb: 16.8709   Cr: 17.793  )
00000310: 16.4709   (Y': 15.1714   Cb: 16.8748   Cr: 17.7786 )
00000311: 16.4453   (Y': 15.2134   Cb: 16.781    Cr: 17.7155 )
00000312: 16.4033   (Y': 15.1476   Cb: 16.756    Cr: 17.695  )
00000313: 16.3247   (Y': 15.0683   Cb: 16.656    Cr: 17.6441 )
00000314: 16.2991   (Y': 15.0358   Cb: 16.6186   Cr: 17.6463 )
00000315: 16.1539   (Y': 14.925    Cb: 16.4032   Cr: 17.5282 )
00000316: 16.0889   (Y': 14.9241   Cb: 16.263    Cr: 17.4455 )
00000317: 15.8997   (Y': 14.7655   Cb: 16.017    Cr: 17.2773 )
00000318: 15.8123   (Y': 14.6783   Cb: 15.92     Cr: 17.2024 )
00000319: 15.6782   (Y': 14.5257   Cb: 15.8048   Cr: 17.0761 )
00000320: 15.5758   (Y': 14.4281   Cb: 15.6977   Cr: 16.9714 )
00000321: 15.3852   (Y': 14.2707   Cb: 15.489    Cr: 16.7457 )
00000322: 15.2877   (Y': 14.1824   Cb: 15.3804   Cr: 16.6469 )
00000323: 15.243    (Y': 14.1708   Cb: 15.308    Cr: 16.5811 )
00000324: 15.2163   (Y': 14.1455   Cb: 15.266    Cr: 16.5726 )
00000325: 15.2291   (Y': 14.2345   Cb: 15.2572   Cr: 16.4839 )
00000326: 15.2157   (Y': 14.2255   Cb: 15.2436   Cr: 16.4632 )
00000327: 15.3944   (Y': 14.4261   Cb: 15.4482   Cr: 16.5716 )
00000330: 15.3495   (Y': 14.4289   Cb: 15.3976   Cr: 16.4569 )
00000328: 15.4474   (Y': 14.4615   Cb: 15.5433   Cr: 16.5993 )
00000329: 15.3693   (Y': 14.3974   Cb: 15.4499   Cr: 16.518  )
00000331: 15.4996   (Y': 14.5963   Cb: 15.5274   Cr: 16.6054 )
00000332: 15.5153   (Y': 14.6104   Cb: 15.5504   Cr: 16.6145 )
00000333: 15.5652   (Y': 14.6929   Cb: 15.5497   Cr: 16.6781 )
00000334: 15.5183   (Y': 14.6645   Cb: 15.4933   Cr: 16.6141 )
00000335: 15.4108   (Y': 14.6141   Cb: 15.3484   Cr: 16.4667 )
00000336: 15.4844   (Y': 14.6785   Cb: 15.4498   Cr: 16.5186 )
00000337: 15.4544   (Y': 14.7357   Cb: 15.4011   Cr: 16.3821 )
00000338: 15.3733   (Y': 14.6968   Cb: 15.2722   Cr: 16.2997 )
00000339: 15.3435   (Y': 14.7312   Cb: 15.1991   Cr: 16.2332 )
00000340: 15.3141   (Y': 14.721    Cb: 15.1638   Cr: 16.1842 )
00000341: 15.2718   (Y': 14.7507   Cb: 15.0942   Cr: 16.0772 )
00000342: 15.2146   (Y': 14.7135   Cb: 15.002    Cr: 16.0366 )
00000343: 15.2942   (Y': 14.8006   Cb: 15.0879   Cr: 16.0981 )
00000344: 15.2415   (Y': 14.8157   Cb: 14.9874   Cr: 16.0157 )
00000345: 15.211    (Y': 14.81     Cb: 14.951    Cr: 15.9603 )
00000348: 15.1924   (Y': 14.8127   Cb: 14.8883   Cr: 15.9699 )
00000346: 15.175    (Y': 14.7722   Cb: 14.8974   Cr: 15.9487 )
00000347: 15.2003   (Y': 14.8067   Cb: 14.9288   Cr: 15.9543 )
00000349: 15.1968   (Y': 14.7759   Cb: 14.9244   Cr: 15.9878 )
00000350: 15.2496   (Y': 14.7937   Cb: 14.9931   Cr: 16.0668 )
00000351: 15.2023   (Y': 14.7563   Cb: 14.9003   Cr: 16.0651 )
00000352: 15.1935   (Y': 14.7545   Cb: 14.8856   Cr: 16.0547 )
00000354: 15.2036   (Y': 14.7857   Cb: 14.8326   Cr: 16.1196 )
00000353: 15.2136   (Y': 14.7753   Cb: 14.8652   Cr: 16.1273 )
00000355: 15.1786   (Y': 14.8104   Cb: 14.8098   Cr: 16.0253 )
00000356: 15.1386   (Y': 14.791    Cb: 14.7498   Cr: 15.9844 )
00000357: 14.9658   (Y': 14.6664   Cb: 14.517    Cr: 15.8289 )
00000358: 15.0283   (Y': 14.7257   Cb: 14.578    Cr: 15.8975 )
00000359: 15.0059   (Y': 14.747    Cb: 14.5239   Cr: 15.8615 )
00000360: 14.9682   (Y': 14.708    Cb: 14.4989   Cr: 15.8082 )
00000362: 14.9663   (Y': 14.7229   Cb: 14.482    Cr: 15.8051 )
00000363: 15.0166   (Y': 14.7728   Cb: 14.5356   Cr: 15.8513 )
00000364: 15.0084   (Y': 14.781    Cb: 14.4935   Cr: 15.8682 )
00000361: 14.9866   (Y': 14.7539   Cb: 14.4966   Cr: 15.8193 )
00000365: 14.9866   (Y': 14.7511   Cb: 14.4818   Cr: 15.843  )
00000366: 14.9686   (Y': 14.7829   Cb: 14.4354   Cr: 15.8006 )
00000367: 15.0044   (Y': 14.8193   Cb: 14.483    Cr: 15.8193 )
00000369: 15.0136   (Y': 14.7834   Cb: 14.5049   Cr: 15.8687 )
00000372: 15.2706   (Y': 14.9642   Cb: 14.8119   Cr: 16.1564 )
00000370: 15.0321   (Y': 14.8119   Cb: 14.5299   Cr: 15.8655 )
00000368: 15.0932   (Y': 14.8569   Cb: 14.6142   Cr: 15.9157 )
00000371: 15.2323   (Y': 14.9296   Cb: 14.7398   Cr: 16.1595 )
00000374: 15.2609   (Y': 15.1252   Cb: 14.7106   Cr: 16.0535 )
00000373: 15.2038   (Y': 15.0539   Cb: 14.6531   Cr: 16.0144 )
00000375: 15.3056   (Y': 15.1342   Cb: 14.7785   Cr: 16.1112 )
00000378: 15.3871   (Y': 15.2148   Cb: 14.8536   Cr: 16.2023 )
00000379: 15.2932   (Y': 15.2054   Cb: 14.7373   Cr: 16.0346 )
00000377: 15.2729   (Y': 15.1288   Cb: 14.7642   Cr: 16.0197 )
00000376: 15.1967   (Y': 15.114    Cb: 14.6275   Cr: 15.95   )
00000380: 15.3649   (Y': 15.2526   Cb: 14.7948   Cr: 16.1557 )
00000381: 15.4167   (Y': 15.2002   Cb: 14.8927   Cr: 16.2753 )
00000382: 15.4489   (Y': 15.2234   Cb: 14.9146   Cr: 16.3332 )
00000383: 15.4063   (Y': 15.11     Cb: 14.9065   Cr: 16.3353 )
00000387: 15.1055   (Y': 14.8212   Cb: 14.6715   Cr: 15.9293 )
00000385: 15.0433   (Y': 14.91     Cb: 14.5384   Cr: 15.7719 )
00000386: 15.0646   (Y': 14.879    Cb: 14.5864   Cr: 15.822  )
00000384: 15.3136   (Y': 15.0685   Cb: 14.8043   Cr: 16.1884 )
00000388: 15.0243   (Y': 14.8017   Cb: 14.571    Cr: 15.795  )
00000389: 15.2048   (Y': 14.8797   Cb: 14.766    Cr: 16.0881 )
00000390: 15.3275   (Y': 14.967    Cb: 14.8692   Cr: 16.2849 )
00000391: 15.3466   (Y': 14.9395   Cb: 14.8925   Cr: 16.3622 )
00000392: 15.3457   (Y': 14.904    Cb: 14.9289   Cr: 16.3573 )
00000394: 15.2454   (Y': 14.7688   Cb: 14.8291   Cr: 16.3056 )
00000393: 15.2116   (Y': 14.7751   Cb: 14.7754   Cr: 16.2429 )
00000395: 15.2118   (Y': 14.7525   Cb: 14.7421   Cr: 16.3231 )
00000396: 15.2746   (Y': 14.7551   Cb: 14.8164   Cr: 16.4568 )
00000397: 15.3084   (Y': 14.7942   Cb: 14.849    Cr: 16.4847 )
00000398: 15.3093   (Y': 14.8222   Cb: 14.8207   Cr: 16.4885 )
00000399: 15.4009   (Y': 14.9008   Cb: 14.9412   Cr: 16.5571 )
00000400: 15.3911   (Y': 14.9479   Cb: 14.9094   Cr: 16.4965 )
00000401: 15.4269   (Y': 15.0088   Cb: 14.8975   Cr: 16.5659 )
00000402: 15.4528   (Y': 14.9922   Cb: 14.9409   Cr: 16.6274 )
00000403: 15.4857   (Y': 15.0131   Cb: 14.9694   Cr: 16.6845 )
00000404: 15.465    (Y': 15.0132   Cb: 14.9197   Cr: 16.6764 )
00000405: 15.5116   (Y': 15.0327   Cb: 14.9737   Cr: 16.7518 )
00000406: 15.5515   (Y': 15.0813   Cb: 15.0153   Cr: 16.7763 )
00000407: 15.627    (Y': 15.1665   Cb: 15.0751   Cr: 16.8612 )
00000409: 15.7226   (Y': 15.238    Cb: 15.1651   Cr: 17.0012 )
00000408: 15.6824   (Y': 15.2141   Cb: 15.1365   Cr: 16.9193 )
00000410: 15.7737   (Y': 15.3001   Cb: 15.213    Cr: 17.0409 )
00000411: 15.8808   (Y': 15.4057   Cb: 15.3143   Cr: 17.1587 )
00000413: 15.9153   (Y': 15.4071   Cb: 15.3867   Cr: 17.1855 )
00000412: 15.91     (Y': 15.4614   Cb: 15.3335   Cr: 17.1637 )
00000414: 15.8526   (Y': 15.3661   Cb: 15.3204   Cr: 17.0955 )
00000415: 15.8809   (Y': 15.4156   Cb: 15.3415   Cr: 17.1033 )
00000416: 15.9069   (Y': 15.435    Cb: 15.3675   Cr: 17.1391 )
00000417: 16.0939   (Y': 15.6013   Cb: 15.5408   Cr: 17.3775 )
00000418: 16.1177   (Y': 15.5946   Cb: 15.5476   Cr: 17.4741 )
00000419: 16.1553   (Y': 15.5739   Cb: 15.6128   Cr: 17.5599 )
00000421: 16.1618   (Y': 15.6746   Cb: 15.5973   Cr: 17.4551 )
00000420: 16.1343   (Y': 15.5762   Cb: 15.5709   Cr: 17.5348 )
00000422: 16.221    (Y': 15.8685   Cb: 15.5611   Cr: 17.4627 )
00000423: 16.2512   (Y': 15.9652   Cb: 15.5839   Cr: 17.4097 )
00000424: 16.2385   (Y': 15.8683   Cb: 15.6014   Cr: 17.4706 )
00000427: 16.1799   (Y': 15.6737   Cb: 15.5777   Cr: 17.5607 )
00000425: 16.1972   (Y': 15.7382   Cb: 15.5965   Cr: 17.5039 )
00000428: 16.1572   (Y': 15.6074   Cb: 15.5669   Cr: 17.5871 )
00000429: 16.2939   (Y': 15.7051   Cb: 15.7479   Cr: 17.7157 )
00000426: 16.1666   (Y': 15.6578   Cb: 15.5978   Cr: 17.4991 )
00000430: 16.4349   (Y': 15.8111   Cb: 15.9115   Cr: 17.8769 )
00000431: 16.4229   (Y': 15.7232   Cb: 15.9376   Cr: 17.929  )
00000433: 16.2866   (Y': 15.5805   Cb: 15.817    Cr: 17.7788 )
00000434: 16.217    (Y': 15.5636   Cb: 15.7276   Cr: 17.6535 )
00000432: 16.3392   (Y': 15.6575   Cb: 15.8363   Cr: 17.8432 )
00000436: 16.0757   (Y': 15.5598   Cb: 15.4638   Cr: 17.4869 )
00000437: 16.1672   (Y': 15.4829   Cb: 15.6703   Cr: 17.6658 )
00000435: 16.1076   (Y': 15.5459   Cb: 15.5182   Cr: 17.5551 )
00000439: 16.0745   (Y': 15.2501   Cb: 15.704    Cr: 17.6117 )
00000438: 16.0658   (Y': 15.2721   Cb: 15.6137   Cr: 17.6787 )
00000440: 16.0227   (Y': 15.2094   Cb: 15.6376   Cr: 17.5633 )
00000441: 15.9862   (Y': 15.1778   Cb: 15.5827   Cr: 17.5477 )
00000442: 15.976    (Y': 15.1752   Cb: 15.5515   Cr: 17.557  )
00000443: 15.9881   (Y': 15.1447   Cb: 15.5754   Cr: 17.6251 )
00000444: 15.9516   (Y': 15.1319   Cb: 15.4813   Cr: 17.64   )
00000445: 15.9527   (Y': 15.1732   Cb: 15.4414   Cr: 17.6377 )
00000446: 16.0067   (Y': 15.1372   Cb: 15.5463   Cr: 17.7689 )
00000447: 15.9854   (Y': 15.063    Cb: 15.5855   Cr: 17.7445 )
00000448: 15.9926   (Y': 15.1583   Cb: 15.5545   Cr: 17.6543 )
00000449: 16.0381   (Y': 15.1652   Cb: 15.6294   Cr: 17.7215 )
00000450: 16.0038   (Y': 15.1553   Cb: 15.6158   Cr: 17.6105 )
00000453: 15.7288   (Y': 15.0793   Cb: 15.2851   Cr: 17.089  )
00000452: 15.7943   (Y': 15.0938   Cb: 15.3411   Cr: 17.2511 )
00000451: 15.949    (Y': 15.162    Cb: 15.5654   Cr: 17.4425 )
00000455: 15.771    (Y': 15.0687   Cb: 15.3329   Cr: 17.2077 )
00000454: 15.7471   (Y': 15.1016   Cb: 15.2796   Cr: 17.1373 )
00000456: 15.838    (Y': 15.051    Cb: 15.4225   Cr: 17.3812 )
00000457: 16.0154   (Y': 15.0988   Cb: 15.7007   Cr: 17.6277 )
00000458: 16.0496   (Y': 15.0405   Cb: 15.7561   Cr: 17.7983 )
00000459: 16.1507   (Y': 15.1347   Cb: 15.978    Cr: 17.7255 )
00000461: 16.2383   (Y': 15.2726   Cb: 16.083    Cr: 17.6977 )
00000460: 16.2418   (Y': 15.219    Cb: 16.0909   Cr: 17.7965 )
00000462: 16.258    (Y': 15.2589   Cb: 16.1202   Cr: 17.751  )
00000463: 16.3333   (Y': 15.3396   Cb: 16.1358   Cr: 17.9049 )
00000465: 16.1443   (Y': 15.2949   Cb: 15.7768   Cr: 17.7204 )
00000464: 16.3005   (Y': 15.3482   Cb: 16.0652   Cr: 17.8547 )
00000466: 16.1484   (Y': 15.3154   Cb: 15.7938   Cr: 17.6759 )
00000467: 15.9093   (Y': 15.268    Cb: 15.3828   Cr: 17.3847 )
00000469: 16.0185   (Y': 15.2421   Cb: 15.5492   Cr: 17.6294 )
00000471: 16.0663   (Y': 15.1951   Cb: 15.6387   Cr: 17.7774 )
00000468: 15.9166   (Y': 15.2636   Cb: 15.3639   Cr: 17.453  )
00000470: 16.0737   (Y': 15.3235   Cb: 15.5897   Cr: 17.6629 )
00000472: 16.0416   (Y': 15.2044   Cb: 15.5957   Cr: 17.7213 )
00000473: 16.1224   (Y': 15.2543   Cb: 15.6823   Cr: 17.848  )
00000474: 16.1646   (Y': 15.3105   Cb: 15.7115   Cr: 17.8864 )
00000475: 16.1749   (Y': 15.3767   Cb: 15.6547   Cr: 17.9077 )
00000476: 16.2253   (Y': 15.4364   Cb: 15.6588   Cr: 18.0202 )
00000478: 16.3863   (Y': 15.5093   Cb: 15.9305   Cr: 18.1546 )
00000479: 16.4866   (Y': 15.536    Cb: 16.1087   Cr: 18.2626 )
00000477: 16.3649   (Y': 15.4991   Cb: 15.8919   Cr: 18.1411 )
00000480: 16.4724   (Y': 15.5777   Cb: 16.0686   Cr: 18.1871 )
00000481: 16.4605   (Y': 15.5993   Cb: 16.0608   Cr: 18.108  )
00000482: 16.4363   (Y': 15.5676   Cb: 16.0413   Cr: 18.0897 )
00000483: 16.3723   (Y': 15.5837   Cb: 15.9344   Cr: 17.9537 )
00000484: 16.426    (Y': 15.629    Cb: 15.9864   Cr: 18.0244 )
00000485: 16.3493   (Y': 15.7219   Cb: 15.7402   Cr: 17.9354 )
00000487: 16.2902   (Y': 15.5766   Cb: 15.729    Cr: 17.943  )
00000486: 16.3574   (Y': 15.6404   Cb: 15.8338   Cr: 17.954  )
00000488: 16.2357   (Y': 15.5655   Cb: 15.6753   Cr: 17.8133 )
00000490: 16.0757   (Y': 15.5232   Cb: 15.3973   Cr: 17.6542 )
00000489: 16.1141   (Y': 15.5438   Cb: 15.4742   Cr: 17.6574 )
00000491: 16.0877   (Y': 15.5454   Cb: 15.3545   Cr: 17.7427 )
00000492: 16.0888   (Y': 15.5275   Cb: 15.3755   Cr: 17.7412 )
00000493: 16.0898   (Y': 15.4683   Cb: 15.4424   Cr: 17.7302 )
00000494: 16.0898   (Y': 15.4183   Cb: 15.454    Cr: 17.7959 )
00000495: 15.9838   (Y': 15.3777   Cb: 15.2984   Cr: 17.6634 )
00000496: 16.0148   (Y': 15.405    Cb: 15.3355   Cr: 17.6902 )
00000497: 16.1066   (Y': 15.5447   Cb: 15.4269   Cr: 17.7026 )
00000498: 16.2022   (Y': 15.6009   Cb: 15.5706   Cr: 17.7827 )
00000499: 16.4527   (Y': 15.5455   Cb: 16.0734   Cr: 18.1506 )
00000500: 16.4751   (Y': 15.4896   Cb: 16.1434   Cr: 18.2408 )
00000502: 16.6242   (Y': 15.458    Cb: 16.4739   Cr: 18.4504 )
00000501: 16.5821   (Y': 15.4927   Cb: 16.3743   Cr: 18.3481 )
00000503: 16.7469   (Y': 15.5591   Cb: 16.6843   Cr: 18.48   )
00000504: 16.8357   (Y': 15.6214   Cb: 16.8168   Cr: 18.5554 )
00000505: 16.8071   (Y': 15.6736   Cb: 16.7232   Cr: 18.4674 )
00000506: 16.8097   (Y': 15.6005   Cb: 16.7907   Cr: 18.5196 )
00000507: 16.7874   (Y': 15.6065   Cb: 16.7297   Cr: 18.5001 )
00000508: 16.764    (Y': 15.5605   Cb: 16.6884   Cr: 18.5478 )
00000509: 16.6733   (Y': 15.4788   Cb: 16.5351   Cr: 18.5369 )
00000511: 16.5705   (Y': 15.3522   Cb: 16.3839   Cr: 18.5616 )
00000510: 16.6405   (Y': 15.4599   Cb: 16.4696   Cr: 18.5285 )
00000513: 16.1455   (Y': 15.1196   Cb: 15.7462   Cr: 18.1026 )
00000512: 16.2677   (Y': 15.1556   Cb: 15.9122   Cr: 18.3237 )
00000515: 15.9305   (Y': 14.984    Cb: 15.5162   Cr: 17.7585 )
00000514: 16.0458   (Y': 15.0637   Cb: 15.5982   Cr: 17.9996 )
00000516: 15.7619   (Y': 14.8134   Cb: 15.3674   Cr: 17.5609 )
00000517: 15.8025   (Y': 14.9028   Cb: 15.397    Cr: 17.5291 )
00000518: 15.8097   (Y': 14.847    Cb: 15.4418   Cr: 17.5916 )
00000519: 15.8572   (Y': 14.8912   Cb: 15.5569   Cr: 17.5364 )
00000521: 16.0663   (Y': 15.1394   Cb: 15.7666   Cr: 17.6737 )
00000520: 15.9577   (Y': 14.9664   Cb: 15.7084   Cr: 17.6039 )
00000522: 16.0146   (Y': 15.1185   Cb: 15.6865   Cr: 17.6113 )
00000523: 15.9484   (Y': 15.0539   Cb: 15.5909   Cr: 17.5883 )
00000525: 16.0106   (Y': 15.1594   Cb: 15.6964   Cr: 17.5075 )
00000524: 15.9571   (Y': 15.0777   Cb: 15.5973   Cr: 17.5737 )
00000527: 15.9525   (Y': 15.2885   Cb: 15.5055   Cr: 17.3407 )
00000526: 16.0297   (Y': 15.1817   Cb: 15.7036   Cr: 17.539  )
00000528: 15.8847   (Y': 15.2685   Cb: 15.4244   Cr: 17.2175 )
00000529: 15.6491   (Y': 15.1629   Cb: 15.0855   Cr: 16.9396 )
00000530: 15.5319   (Y': 15.0684   Cb: 15.0147   Cr: 16.7185 )
00000531: 15.3945   (Y': 14.9389   Cb: 14.8951   Cr: 16.5434 )
00000534: 15.1739   (Y': 14.831    Cb: 14.6114   Cr: 16.2553 )
00000535: 15.2291   (Y': 14.9497   Cb: 14.5938   Cr: 16.3301 )
00000533: 15.093    (Y': 14.7076   Cb: 14.5604   Cr: 16.1904 )
00000532: 15.2398   (Y': 14.7962   Cb: 14.7028   Cr: 16.4268 )
00000536: 15.1523   (Y': 14.9325   Cb: 14.451    Cr: 16.2713 )
00000537: 15.2057   (Y': 14.9047   Cb: 14.5275   Cr: 16.4019 )
00000538: 15.2481   (Y': 14.9342   Cb: 14.5597   Cr: 16.4785 )
00000539: 15.1877   (Y': 14.9687   Cb: 14.421    Cr: 16.4072 )
00000540: 15.18     (Y': 14.907    Cb: 14.4576   Cr: 16.4055 )
00000542: 15.2222   (Y': 14.8252   Cb: 14.5669   Cr: 16.5218 )
00000541: 15.1992   (Y': 14.828    Cb: 14.5049   Cr: 16.5221 )
00000543: 15.2447   (Y': 14.8498   Cb: 14.5251   Cr: 16.6438 )
00000544: 15.2386   (Y': 14.7955   Cb: 14.5209   Cr: 16.7083 )
00000545: 15.2474   (Y': 14.8418   Cb: 14.526    Cr: 16.6654 )
00000546: 15.2995   (Y': 14.886    Cb: 14.5901   Cr: 16.7101 )
00000547: 15.5612   (Y': 15.172    Cb: 14.8659   Cr: 16.9124 )
00000549: 16.1318   (Y': 15.4671   Cb: 15.5844   Cr: 17.6792 )
00000550: 16.1579   (Y': 15.4366   Cb: 15.6335   Cr: 17.7631 )
00000548: 15.7037   (Y': 15.311    Cb: 15.0063   Cr: 17.0635 )
00000551: 16.2446   (Y': 15.4833   Cb: 15.7282   Cr: 17.9058 )
00000552: 16.3144   (Y': 15.559    Cb: 15.8132   Cr: 17.9404 )
00000554: 16.2937   (Y': 15.5225   Cb: 15.8243   Cr: 17.8958 )
00000553: 16.3023   (Y': 15.5123   Cb: 15.8572   Cr: 17.8975 )
00000556: 16.3926   (Y': 15.7932   Cb: 15.8082   Cr: 17.8926 )
00000555: 16.3129   (Y': 15.5359   Cb: 15.8244   Cr: 17.9557 )
00000557: 16.4329   (Y': 15.9533   Cb: 15.7608   Cr: 17.8845 )
00000558: 16.4219   (Y': 16.0029   Cb: 15.7305   Cr: 17.8119 )
00000559: 16.1973   (Y': 15.7605   Cb: 15.5059   Cr: 17.6142 )
00000560: 16.1113   (Y': 15.6827   Cb: 15.4055   Cr: 17.5391 )
00000561: 16.1322   (Y': 15.9349   Cb: 15.3456   Cr: 17.353  )
00000562: 16.2281   (Y': 16.17     Cb: 15.3718   Cr: 17.3714 )
00000563: 16.3123   (Y': 16.2897   Cb: 15.4618   Cr: 17.3997 )
00000564: 16.3332   (Y': 16.3226   Cb: 15.5322   Cr: 17.3294 )
00000565: 16.454    (Y': 16.5442   Cb: 15.6515   Cr: 17.3285 )
00000566: 16.4789   (Y': 16.4534   Cb: 15.7266   Cr: 17.421  )
00000567: 16.481    (Y': 16.375    Cb: 15.7579   Cr: 17.482  )
00000568: 16.5178   (Y': 16.4234   Cb: 15.8173   Cr: 17.4704 )
00000569: 16.4939   (Y': 16.3631   Cb: 15.8165   Cr: 17.4596 )
00000570: 16.3739   (Y': 16.3289   Cb: 15.6498   Cr: 17.2989 )
00000572: 16.2468   (Y': 16.2953   Cb: 15.5163   Cr: 17.067  )
00000571: 16.3241   (Y': 16.3171   Cb: 15.6158   Cr: 17.1795 )
00000573: 16.0942   (Y': 16.0045   Cb: 15.4439   Cr: 16.9686 )
00000574: 16.1347   (Y': 16.1182   Cb: 15.4643   Cr: 16.9478 )
00000575: 16.0897   (Y': 16.1708   Cb: 15.3337   Cr: 16.9074 )
00000576: 16.0968   (Y': 16.1578   Cb: 15.3827   Cr: 16.879  )
00000578: 15.9073   (Y': 16.0015   Cb: 15.1409   Cr: 16.7246 )
00000577: 15.9293   (Y': 15.9961   Cb: 15.1913   Cr: 16.7382 )
00000580: 15.7353   (Y': 15.5361   Cb: 15.0852   Cr: 16.7501 )
00000579: 15.7956   (Y': 15.7044   Cb: 15.1101   Cr: 16.7226 )
00000581: 15.5939   (Y': 15.2623   Cb: 14.9642   Cr: 16.7591 )
00000582: 15.5746   (Y': 15.1713   Cb: 14.9729   Cr: 16.8006 )
00000583: 15.526    (Y': 15.1645   Cb: 14.8812   Cr: 16.7571 )
00000584: 15.4802   (Y': 15.1114   Cb: 14.8379   Cr: 16.7182 )
00000585: 15.4579   (Y': 15.1021   Cb: 14.8359   Cr: 16.6461 )
00000587: 15.5662   (Y': 15.0247   Cb: 15.0204   Cr: 16.9134 )
00000586: 15.5004   (Y': 15.0755   Cb: 14.8931   Cr: 16.7664 )
00000589: 15.87     (Y': 15.1406   Cb: 15.5379   Cr: 17.1915 )
00000590: 15.8616   (Y': 15.1202   Cb: 15.5572   Cr: 17.1621 )
00000588: 15.6921   (Y': 15.0612   Cb: 15.2392   Cr: 17.0366 )
00000591: 15.815    (Y': 15.009    Cb: 15.5926   Cr: 17.1019 )
00000592: 15.8251   (Y': 15.0194   Cb: 15.5835   Cr: 17.139  )
00000593: 15.8936   (Y': 15.0774   Cb: 15.6107   Cr: 17.2848 )
Total: 15.7771   (Y': 14.7982   Cb: 15.7108   Cr: 17.1334 )
