00000000: 10.304    (Y': 8.71408   Cb: 10.9621   Cr: 11.8622 )
00000001: 10.2993   (Y': 8.70596   Cb: 10.9565   Cr: 11.8659 )
00000002: 10.3108   (Y': 8.72495   Cb: 10.9589   Cr: 11.8728 )
00000003: 10.3142   (Y': 8.72438   Cb: 10.9722   Cr: 11.8724 )
00000004: 10.3018   (Y': 8.70505   Cb: 10.9505   Cr: 11.8855 )
00000005: 10.3116   (Y': 8.71927   Cb: 10.967    Cr: 11.8783 )
00000006: 10.3103   (Y': 8.71718   Cb: 10.9623   Cr: 11.8824 )
00000007: 10.3149   (Y': 8.72686   Cb: 10.9678   Cr: 11.8758 )
00000008: 10.2995   (Y': 8.71025   Cb: 10.9462   Cr: 11.8705 )
00000009: 10.2966   (Y': 8.6979    Cb: 10.9431   Cr: 11.8875 )
00000010: 10.283    (Y': 8.6933    Cb: 10.924    Cr: 11.8619 )
00000011: 10.2972   (Y': 8.71276   Cb: 10.9376   Cr: 11.8661 )
00000013: 10.3016   (Y': 8.71234   Cb: 10.9569   Cr: 11.8619 )
00000012: 10.2852   (Y': 8.69761   Cb: 10.9329   Cr: 11.8513 )
00000014: 10.3197   (Y': 8.71575   Cb: 10.9971   Cr: 11.8834 )
00000015: 10.3293   (Y': 8.72121   Cb: 11.0056   Cr: 11.9027 )
00000016: 10.3267   (Y': 8.7124    Cb: 11.0094   Cr: 11.9054 )
00000017: 10.3294   (Y': 8.71233   Cb: 11.0059   Cr: 11.9214 )
00000018: 10.3202   (Y': 8.71004   Cb: 10.9925   Cr: 11.9027 )
00000021: 10.3126   (Y': 8.71997   Cb: 10.9661   Cr: 11.8822 )
00000019: 10.3197   (Y': 8.71215   Cb: 10.9861   Cr: 11.9043 )
00000020: 10.3147   (Y': 8.71561   Cb: 10.9724   Cr: 11.8926 )
00000022: 10.2942   (Y': 8.69322   Cb: 10.9514   Cr: 11.8763 )
00000023: 10.3076   (Y': 8.71167   Cb: 10.9601   Cr: 11.8851 )
00000025: 10.3012   (Y': 8.69855   Cb: 10.9664   Cr: 11.8772 )
00000026: 10.3105   (Y': 8.71148   Cb: 10.9785   Cr: 11.8754 )
00000024: 10.3052   (Y': 8.71052   Cb: 10.9653   Cr: 11.871  )
00000028: 10.594    (Y': 9.01512   Cb: 11.2796   Cr: 12.096  )
00000027: 10.3544   (Y': 8.75733   Cb: 11.0215   Cr: 11.9161 )
00000029: 10.6634   (Y': 9.07399   Cb: 11.3628   Cr: 12.1702 )
00000030: 10.7462   (Y': 9.16895   Cb: 11.4443   Cr: 12.2301 )
00000031: 10.7704   (Y': 9.18308   Cb: 11.4895   Cr: 12.2493 )
00000032: 10.787    (Y': 9.19541   Cb: 11.4941   Cr: 12.2893 )
00000034: 10.8153   (Y': 9.22756   Cb: 11.5157   Cr: 12.3176 )
00000033: 10.8142   (Y': 9.21338   Cb: 11.5271   Cr: 12.3279 )
00000035: 10.761    (Y': 9.14944   Cb: 11.473    Cr: 12.2981 )
00000036: 10.72     (Y': 9.10596   Cb: 11.4368   Cr: 12.2565 )
00000037: 10.772    (Y': 9.15899   Cb: 11.493    Cr: 12.3013 )
00000038: 10.7999   (Y': 9.18392   Cb: 11.5216   Cr: 12.3344 )
00000039: 10.757    (Y': 9.14086   Cb: 11.4643   Cr: 12.3093 )
00000040: 10.8416   (Y': 9.2185    Cb: 11.5789   Cr: 12.3722 )
00000041: 10.8969   (Y': 9.27998   Cb: 11.6508   Cr: 12.395  )
00000043: 10.9121   (Y': 9.30706   Cb: 11.6471   Cr: 12.4081 )
00000042: 10.8872   (Y': 9.28448   Cb: 11.6114   Cr: 12.3917 )
00000044: 10.9975   (Y': 9.36901   Cb: 11.7586   Cr: 12.5105 )
00000045: 10.9699   (Y': 9.36772   Cb: 11.7019   Cr: 12.4637 )
00000046: 10.9447   (Y': 9.32283   Cb: 11.6886   Cr: 12.4647 )
00000047: 10.9196   (Y': 9.29298   Cb: 11.6716   Cr: 12.4396 )
00000048: 10.8928   (Y': 9.26781   Cb: 11.6349   Cr: 12.4217 )
00000050: 10.7507   (Y': 9.1288    Cb: 11.4711   Cr: 12.2992 )
00000051: 10.7311   (Y': 9.12936   Cb: 11.4197   Cr: 12.2765 )
00000049: 10.8023   (Y': 9.17907   Cb: 11.5306   Cr: 12.344  )
00000052: 10.6663   (Y': 9.05367   Cb: 11.3685   Cr: 12.2174 )
00000053: 10.6345   (Y': 9.01157   Cb: 11.3514   Cr: 12.1893 )
00000054: 10.5296   (Y': 8.90999   Cb: 11.2245   Cr: 12.1044 )
00000055: 10.4833   (Y': 8.85845   Cb: 11.1787   Cr: 12.0682 )
00000056: 10.4308   (Y': 8.81841   Cb: 11.1075   Cr: 12.0126 )
00000057: 10.4395   (Y': 8.83084   Cb: 11.1086   Cr: 12.0232 )
00000058: 10.4228   (Y': 8.80619   Cb: 11.1097   Cr: 12.0011 )
00000059: 10.4107   (Y': 8.80456   Cb: 11.0916   Cr: 11.9743 )
00000060: 10.3962   (Y': 8.80138   Cb: 11.0526   Cr: 11.9665 )
00000062: 10.3818   (Y': 8.78829   Cb: 11.0498   Cr: 11.9351 )
00000061: 10.3876   (Y': 8.79645   Cb: 11.0456   Cr: 11.9484 )
00000063: 10.3825   (Y': 8.7801    Cb: 11.0538   Cr: 11.9501 )
00000064: 10.3826   (Y': 8.77981   Cb: 11.0542   Cr: 11.9506 )
00000065: 10.3716   (Y': 8.77998   Cb: 11.0352   Cr: 11.9265 )
00000066: 10.3568   (Y': 8.7617    Cb: 11.0234   Cr: 11.9154 )
00000067: 10.3574   (Y': 8.76305   Cb: 11.0122   Cr: 11.9289 )
00000068: 10.3412   (Y': 8.74318   Cb: 11.0106   Cr: 11.9024 )
00000070: 10.3407   (Y': 8.73274   Cb: 11.0141   Cr: 11.9173 )
00000069: 10.3453   (Y': 8.75052   Cb: 11.006    Cr: 11.9102 )
00000071: 10.3592   (Y': 8.74495   Cb: 11.0373   Cr: 11.9434 )
00000072: 10.3576   (Y': 8.73662   Cb: 11.0475   Cr: 11.9412 )
00000073: 10.3649   (Y': 8.75124   Cb: 11.0417   Cr: 11.9495 )
00000074: 10.3415   (Y': 8.72796   Cb: 11.0244   Cr: 11.9183 )
00000075: 10.3451   (Y': 8.73765   Cb: 11.0227   Cr: 11.9157 )
00000076: 10.3483   (Y': 8.74009   Cb: 11.026    Cr: 11.9204 )
00000077: 10.3609   (Y': 8.7641    Cb: 11.0194   Cr: 11.9327 )
00000078: 10.3565   (Y': 8.75125   Cb: 11.025    Cr: 11.9335 )
00000079: 10.3449   (Y': 8.74605   Cb: 11.0018   Cr: 11.923  )
00000080: 10.3381   (Y': 8.73601   Cb: 10.9892   Cr: 11.9304 )
00000082: 10.326    (Y': 8.71724   Cb: 10.9897   Cr: 11.9164 )
00000081: 10.3208   (Y': 8.71142   Cb: 10.9778   Cr: 11.9209 )
00000083: 10.3229   (Y': 8.71125   Cb: 10.9844   Cr: 11.9221 )
00000084: 10.3164   (Y': 8.7122    Cb: 10.9725   Cr: 11.9069 )
00000086: 10.3146   (Y': 8.70505   Cb: 10.9705   Cr: 11.9165 )
00000085: 10.3135   (Y': 8.70736   Cb: 10.9732   Cr: 11.9034 )
00000087: 10.332    (Y': 8.72678   Cb: 10.9836   Cr: 11.9301 )
00000088: 10.3356   (Y': 8.72302   Cb: 10.9934   Cr: 11.9415 )
00000090: 10.3277   (Y': 8.70822   Cb: 11.001    Cr: 11.9287 )
00000089: 10.3335   (Y': 8.72845   Cb: 10.9973   Cr: 11.9159 )
00000091: 10.333    (Y': 8.71882   Cb: 11.0093   Cr: 11.9191 )
00000093: 13.9141   (Y': 11.7132   Cb: 15.503    Cr: 15.8086 )
00000092: 13.7641   (Y': 11.5773   Cb: 15.3017   Cr: 15.678  )
00000094: 14.237    (Y': 11.9714   Cb: 15.7158   Cr: 16.4287 )
00000095: 14.3961   (Y': 12.1607   Cb: 15.8454   Cr: 16.539  )
00000097: 13.8959   (Y': 11.8647   Cb: 15.2863   Cr: 15.5859 )
00000096: 14.3803   (Y': 12.2989   Cb: 15.8483   Cr: 16.1069 )
00000099: 12.9322   (Y': 10.9296   Cb: 14.2094   Cr: 14.6781 )
00000098: 13.4448   (Y': 11.4507   Cb: 14.7471   Cr: 15.1433 )
00000100: 14.2955   (Y': 12.1425   Cb: 15.884    Cr: 16.07   )
00000101: 14.8718   (Y': 12.5859   Cb: 16.5632   Cr: 16.8795 )
00000102: 14.7749   (Y': 12.5838   Cb: 16.2839   Cr: 16.7312 )
00000103: 14.6936   (Y': 12.3638   Cb: 16.3074   Cr: 16.9088 )
00000105: 14.3518   (Y': 12.0762   Cb: 15.9352   Cr: 16.4504 )
00000104: 14.4605   (Y': 12.1302   Cb: 16.053    Cr: 16.7018 )
00000106: 13.4412   (Y': 11.3486   Cb: 14.8421   Cr: 15.2677 )
00000107: 12.8579   (Y': 10.8321   Cb: 14.1238   Cr: 14.6724 )
00000108: 11.9196   (Y': 10.0537   Cb: 12.9622   Cr: 13.6157 )
00000109: 11.6397   (Y': 9.83106   Cb: 12.599    Cr: 13.3044 )
00000111: 11.1591   (Y': 9.44274   Cb: 12.0325   Cr: 12.724  )
00000110: 11.2855   (Y': 9.54968   Cb: 12.17     Cr: 12.879  )
00000112: 11.0858   (Y': 9.40713   Cb: 11.9123   Cr: 12.6258 )
00000113: 11.082    (Y': 9.38282   Cb: 11.9337   Cr: 12.6357 )
00000114: 11.09     (Y': 9.39266   Cb: 11.9473   Cr: 12.6331 )
00000115: 11.132    (Y': 9.4356    Cb: 11.9802   Cr: 12.6841 )
00000117: 11.2032   (Y': 9.47538   Cb: 12.0784   Cr: 12.7903 )
00000116: 11.1744   (Y': 9.46334   Cb: 12.032    Cr: 12.7463 )
00000118: 11.234    (Y': 9.48573   Cb: 12.1507   Cr: 12.8165 )
00000119: 11.2557   (Y': 9.51977   Cb: 12.1532   Cr: 12.8341 )
00000120: 11.3043   (Y': 9.53438   Cb: 12.2804   Cr: 12.8645 )
00000121: 11.3117   (Y': 9.53137   Cb: 12.2725   Cr: 12.9123 )
00000122: 11.2913   (Y': 9.5288    Cb: 12.2321   Cr: 12.8762 )
00000123: 11.2261   (Y': 9.49347   Cb: 12.1493   Cr: 12.7676 )
00000124: 11.1996   (Y': 9.4785    Cb: 12.0949   Cr: 12.7488 )
00000125: 11.1745   (Y': 9.44883   Cb: 12.0779   Cr: 12.724  )
00000126: 11.168    (Y': 9.44525   Cb: 12.0845   Cr: 12.696  )
00000128: 11.1326   (Y': 9.40767   Cb: 12.0489   Cr: 12.6654 )
00000127: 11.132    (Y': 9.38165   Cb: 12.0656   Cr: 12.6994 )
00000129: 11.1554   (Y': 9.43067   Cb: 12.0623   Cr: 12.6986 )
00000130: 11.1559   (Y': 9.38871   Cb: 12.0887   Cr: 12.7603 )
00000131: 11.1638   (Y': 9.39582   Cb: 12.102    Cr: 12.7639 )
00000132: 11.2091   (Y': 9.43783   Cb: 12.1583   Cr: 12.8032 )
00000134: 11.2829   (Y': 9.46611   Cb: 12.2572   Cr: 12.9479 )
00000133: 11.2104   (Y': 9.40124   Cb: 12.1862   Cr: 12.8567 )
00000135: 11.29     (Y': 9.45265   Cb: 12.3092   Cr: 12.9486 )
00000136: 11.3917   (Y': 9.56407   Cb: 12.4373   Cr: 12.9984 )
00000137: 11.448    (Y': 9.60306   Cb: 12.5268   Cr: 13.0553 )
00000139: 11.6855   (Y': 9.79284   Cb: 12.8707   Cr: 13.2805 )
00000138: 11.6113   (Y': 9.72489   Cb: 12.7646   Cr: 13.2275 )
00000140: 11.7525   (Y': 9.85675   Cb: 12.9385   Cr: 13.3533 )
00000141: 11.7891   (Y': 9.85674   Cb: 13.0206   Cr: 13.4227 )
00000143: 11.8782   (Y': 9.94451   Cb: 13.1398   Cr: 13.482  )
00000142: 11.8551   (Y': 9.93109   Cb: 13.0882   Cr: 13.4679 )
00000144: 11.8968   (Y': 9.91846   Cb: 13.1877   Cr: 13.5707 )
00000145: 11.9124   (Y': 9.93847   Cb: 13.1986   Cr: 13.5814 )
00000146: 11.9931   (Y': 10.0144   Cb: 13.3008   Cr: 13.6498 )
00000147: 12.0008   (Y': 10.0356   Cb: 13.3053   Cr: 13.6298 )
00000148: 11.9073   (Y': 9.93289   Cb: 13.2194   Cr: 13.5495 )
00000149: 11.8808   (Y': 9.90556   Cb: 13.2081   Cr: 13.5082 )
00000150: 11.8014   (Y': 9.84503   Cb: 13.0952   Cr: 13.4218 )
00000152: 11.6449   (Y': 9.67669   Cb: 12.958    Cr: 13.2718 )
00000151: 11.7727   (Y': 9.82043   Cb: 13.0842   Cr: 13.365  )
00000153: 11.5759   (Y': 9.60583   Cb: 12.9012   Cr: 13.1938 )
00000154: 11.2972   (Y': 9.35447   Cb: 12.5448   Cr: 12.9367 )
00000155: 11.1478   (Y': 9.20761   Cb: 12.3706   Cr: 12.8089 )
00000156: 11.0588   (Y': 9.11437   Cb: 12.287    Cr: 12.7235 )
00000157: 11.0337   (Y': 9.08474   Cb: 12.2661   Cr: 12.7042 )
00000158: 11.0525   (Y': 9.09636   Cb: 12.2693   Cr: 12.757  )
00000159: 11.0565   (Y': 9.11637   Cb: 12.2881   Cr: 12.7079 )
00000160: 11.133    (Y': 9.19412   Cb: 12.3597   Cr: 12.7867 )
00000161: 11.3459   (Y': 9.38471   Cb: 12.6286   Cr: 12.9896 )
00000162: 11.5688   (Y': 9.58505   Cb: 12.9074   Cr: 13.2039 )
00000163: 11.658    (Y': 9.68982   Cb: 12.9739   Cr: 13.2814 )
00000164: 11.8367   (Y': 9.88585   Cb: 13.1579   Cr: 13.4155 )
00000165: 11.917    (Y': 9.93356   Cb: 13.2727   Cr: 13.5333 )
00000167: 12.2029   (Y': 10.2087   Cb: 13.5505   Cr: 13.8524 )
00000166: 12.1071   (Y': 10.1166   Cb: 13.4449   Cr: 13.7585 )
00000168: 12.3101   (Y': 10.3495   Cb: 13.6242   Cr: 13.9181 )
00000169: 12.4104   (Y': 10.4578   Cb: 13.7289   Cr: 13.996  )
00000170: 12.5091   (Y': 10.5919   Cb: 13.7904   Cr: 14.055  )
00000171: 12.5511   (Y': 10.6451   Cb: 13.8457   Cr: 14.0579 )
00000172: 12.6857   (Y': 10.8203   Cb: 13.9267   Cr: 14.1608 )
00000174: 12.8433   (Y': 11.0459   Cb: 13.9688   Cr: 14.2962 )
00000173: 12.7717   (Y': 10.9167   Cb: 13.9768   Cr: 14.2625 )
00000175: 12.8839   (Y': 11.0896   Cb: 13.9907   Cr: 14.3504 )
00000176: 12.9277   (Y': 11.1389   Cb: 14.0456   Cr: 14.3705 )
00000177: 12.9252   (Y': 11.1215   Cb: 13.9911   Cr: 14.457  )
00000178: 12.9596   (Y': 11.1218   Cb: 14.015    Cr: 14.578  )
00000179: 12.9822   (Y': 11.1395   Cb: 14.0192   Cr: 14.6323 )
00000180: 13.0096   (Y': 11.2095   Cb: 13.9623   Cr: 14.6629 )
00000182: 13.0942   (Y': 11.2506   Cb: 14.0838   Cr: 14.8017 )
00000181: 13.0394   (Y': 11.2244   Cb: 14.0011   Cr: 14.7155 )
00000184: 13.2075   (Y': 11.4041   Cb: 14.1808   Cr: 14.8442 )
00000183: 13.1381   (Y': 11.3159   Cb: 14.1401   Cr: 14.783  )
00000185: 13.2926   (Y': 11.4205   Cb: 14.3184   Cr: 15.0225 )
00000186: 13.3462   (Y': 11.4676   Cb: 14.4215   Cr: 15.0334 )
00000187: 13.4099   (Y': 11.4742   Cb: 14.5594   Cr: 15.1431 )
00000188: 13.6227   (Y': 11.6362   Cb: 14.7872   Cr: 15.4591 )
00000190: 13.7965   (Y': 11.741    Cb: 15.0271   Cr: 15.7249 )
00000189: 13.6785   (Y': 11.6749   Cb: 14.846    Cr: 15.5528 )
00000193: 14.159    (Y': 12.0063   Cb: 15.5001   Cr: 16.207  )
00000191: 13.8428   (Y': 11.7499   Cb: 15.0931   Cr: 15.8425 )
00000192: 14.0263   (Y': 11.9163   Cb: 15.317    Cr: 16.0223 )
00000194: 14.2915   (Y': 12.0786   Cb: 15.6871   Cr: 16.4357 )
00000195: 14.3211   (Y': 12.0992   Cb: 15.7126   Cr: 16.4952 )
00000197: 14.4441   (Y': 12.2142   Cb: 15.7976   Cr: 16.6862 )
00000196: 14.3675   (Y': 12.1404   Cb: 15.7497   Cr: 16.567  )
00000198: 14.4456   (Y': 12.2349   Cb: 15.7402   Cr: 16.7073 )
00000200: 14.4036   (Y': 12.1759   Cb: 15.716    Cr: 16.6906 )
00000199: 14.4658   (Y': 12.2398   Cb: 15.7904   Cr: 16.7327 )
00000201: 14.4426   (Y': 12.1646   Cb: 15.7592   Cr: 16.8698 )
00000202: 14.556    (Y': 12.2488   Cb: 15.8857   Cr: 17.0536 )
00000203: 14.6135   (Y': 12.2671   Cb: 15.9715   Cr: 17.1938 )
00000204: 14.7283   (Y': 12.2748   Cb: 16.1755   Cr: 17.5347 )
00000205: 14.8701   (Y': 12.4536   Cb: 16.2174   Cr: 17.6906 )
00000206: 14.961    (Y': 12.5042   Cb: 16.3761   Cr: 17.8226 )
00000207: 15.0506   (Y': 12.5712   Cb: 16.5281   Cr: 17.9031 )
00000208: 15.2445   (Y': 12.7154   Cb: 16.7949   Cr: 18.1693 )
00000209: 15.2      (Y': 12.6484   Cb: 16.7542   Cr: 18.1989 )
00000210: 15.2356   (Y': 12.6445   Cb: 16.8208   Cr: 18.3348 )
00000211: 15.2418   (Y': 12.6241   Cb: 16.8727   Cr: 18.3759 )
00000212: 15.2029   (Y': 12.6177   Cb: 16.8335   Cr: 18.2178 )
00000213: 15.2523   (Y': 12.6369   Cb: 16.8675   Cr: 18.4003 )
00000214: 14.5474   (Y': 11.7571   Cb: 16.393    Cr: 18.0639 )
00000215: 14.8156   (Y': 12.0162   Cb: 16.7232   Cr: 18.2806 )
00000216: 15.0078   (Y': 12.5794   Cb: 16.2694   Cr: 17.9928 )
00000217: 14.9058   (Y': 12.4809   Cb: 16.1272   Cr: 17.9392 )
00000218: 14.092    (Y': 11.5346   Cb: 15.4754   Cr: 17.3633 )
00000219: 14.0725   (Y': 11.5134   Cb: 15.5019   Cr: 17.2802 )
00000220: 13.7339   (Y': 11.2026   Cb: 15.0692   Cr: 16.9803 )
00000221: 13.7562   (Y': 11.2176   Cb: 15.0954   Cr: 17.0242 )
00000223: 13.6884   (Y': 11.1977   Cb: 14.9674   Cr: 16.8703 )
00000222: 13.7465   (Y': 11.2718   Cb: 14.9999   Cr: 16.9092 )
00000224: 13.6431   (Y': 11.1174   Cb: 14.9673   Cr: 16.8852 )
00000225: 13.6485   (Y': 11.1225   Cb: 14.9742   Cr: 16.8899 )
00000227: 13.714    (Y': 11.1628   Cb: 15.1062   Cr: 16.948  )
00000226: 13.6952   (Y': 11.1529   Cb: 15.0645   Cr: 16.9304 )
00000228: 13.6619   (Y': 11.108    Cb: 15.0604   Cr: 16.8968 )
00000229: 13.6926   (Y': 11.1241   Cb: 15.0905   Cr: 16.9844 )
00000230: 13.7073   (Y': 11.1255   Cb: 15.1256   Cr: 17.0187 )
00000231: 13.7271   (Y': 11.1293   Cb: 15.1509   Cr: 17.0923 )
00000232: 13.7527   (Y': 11.1396   Cb: 15.1929   Cr: 17.1533 )
00000233: 13.7586   (Y': 11.1527   Cb: 15.2147   Cr: 17.1057 )
00000234: 13.7909   (Y': 11.1741   Cb: 15.2376   Cr: 17.1961 )
00000235: 13.7899   (Y': 11.1623   Cb: 15.2511   Cr: 17.2156 )
00000237: 13.7395   (Y': 11.1063   Cb: 15.2281   Cr: 17.1446 )
00000236: 13.7595   (Y': 11.1186   Cb: 15.2631   Cr: 17.1726 )
00000239: 13.7246   (Y': 11.0876   Cb: 15.2061   Cr: 17.1565 )
00000238: 13.7235   (Y': 11.0662   Cb: 15.2426   Cr: 17.1788 )
00000240: 13.7345   (Y': 11.1048   Cb: 15.2085   Cr: 17.1482 )
00000241: 13.7252   (Y': 11.0918   Cb: 15.2322   Cr: 17.1033 )
00000242: 13.7967   (Y': 11.1551   Cb: 15.338    Cr: 17.1544 )
00000243: 13.8293   (Y': 11.1798   Cb: 15.3794   Cr: 17.2058 )
00000245: 13.8672   (Y': 11.2233   Cb: 15.4032   Cr: 17.2425 )
00000244: 13.8634   (Y': 11.2135   Cb: 15.4126   Cr: 17.2429 )
00000246: 13.9116   (Y': 11.253    Cb: 15.4745   Cr: 17.3044 )
00000247: 13.8703   (Y': 11.2072   Cb: 15.4585   Cr: 17.2429 )
00000248: 13.854    (Y': 11.2117   Cb: 15.4451   Cr: 17.14   )
00000249: 13.8711   (Y': 11.2138   Cb: 15.4555   Cr: 17.2267 )
00000250: 13.8861   (Y': 11.2281   Cb: 15.4757   Cr: 17.2364 )
00000251: 13.8721   (Y': 11.1989   Cb: 15.5019   Cr: 17.2233 )
00000252: 13.9375   (Y': 11.248    Cb: 15.5847   Cr: 17.3281 )
00000253: 13.9513   (Y': 11.26     Cb: 15.5792   Cr: 17.3784 )
00000254: 13.9418   (Y': 11.2509   Cb: 15.5818   Cr: 17.3491 )
00000255: 13.9756   (Y': 11.2804   Cb: 15.6311   Cr: 17.3771 )
00000256: 14.1051   (Y': 11.4119   Cb: 15.7292   Cr: 17.5454 )
00000257: 14.1195   (Y': 11.4408   Cb: 15.7166   Cr: 17.5416 )
00000258: 14.1362   (Y': 11.4543   Cb: 15.7288   Cr: 17.5788 )
00000259: 14.1589   (Y': 11.4905   Cb: 15.7432   Cr: 17.5592 )
00000260: 14.1204   (Y': 11.4206   Cb: 15.7151   Cr: 17.634  )
00000261: 14.2278   (Y': 11.5715   Cb: 15.8374   Cr: 17.5414 )
00000262: 14.012    (Y': 11.3457   Cb: 15.5942   Cr: 17.4071 )
00000263: 13.9959   (Y': 11.3401   Cb: 15.5742   Cr: 17.3543 )
00000264: 13.997    (Y': 11.327    Cb: 15.6004   Cr: 17.3749 )
00000265: 13.9601   (Y': 11.2967   Cb: 15.5188   Cr: 17.3791 )
00000266: 13.9609   (Y': 11.321    Cb: 15.4719   Cr: 17.3584 )
00000267: 13.9514   (Y': 11.2975   Cb: 15.5343   Cr: 17.2955 )
00000268: 14.0007   (Y': 11.3221   Cb: 15.6205   Cr: 17.3885 )
00000269: 14.0108   (Y': 11.3192   Cb: 15.6722   Cr: 17.389  )
00000270: 14.0706   (Y': 11.3879   Cb: 15.6574   Cr: 17.5248 )
00000271: 14.0809   (Y': 11.3922   Cb: 15.7007   Cr: 17.5096 )
00000272: 14.0552   (Y': 11.3327   Cb: 15.7345   Cr: 17.5337 )
00000273: 14.0794   (Y': 11.3566   Cb: 15.7148   Cr: 17.6263 )
00000274: 14.0293   (Y': 11.3128   Cb: 15.6286   Cr: 17.6059 )
00000275: 14.0055   (Y': 11.2626   Cb: 15.6644   Cr: 17.6012 )
00000276: 13.9305   (Y': 11.1733   Cb: 15.5751   Cr: 17.6117 )
00000277: 13.8821   (Y': 11.1245   Cb: 15.5011   Cr: 17.6058 )
00000278: 13.7769   (Y': 11.0247   Cb: 15.3452   Cr: 17.5595 )
00000279: 13.7169   (Y': 10.9326   Cb: 15.3506   Cr: 17.5376 )
00000280: 13.7624   (Y': 10.9863   Cb: 15.3739   Cr: 17.5819 )
00000281: 13.7892   (Y': 11.0032   Cb: 15.4278   Cr: 17.6091 )
00000282: 13.8208   (Y': 11.0123   Cb: 15.5025   Cr: 17.6735 )
00000283: 13.8348   (Y': 11.0287   Cb: 15.5113   Cr: 17.6845 )
00000284: 13.8077   (Y': 10.9738   Cb: 15.5813   Cr: 17.6286 )
00000286: 13.6967   (Y': 10.8826   Cb: 15.3735   Cr: 17.583  )
00000285: 13.771    (Y': 10.952    Cb: 15.4994   Cr: 17.5956 )
00000287: 13.6769   (Y': 10.858    Cb: 15.3727   Cr: 17.5547 )
00000288: 13.682    (Y': 10.8687   Cb: 15.3215   Cr: 17.6277 )
00000289: 13.6644   (Y': 10.8612   Cb: 15.3275   Cr: 17.5236 )
00000290: 13.6559   (Y': 10.8551   Cb: 15.2593   Cr: 17.6045 )
00000291: 13.6619   (Y': 10.8649   Cb: 15.2964   Cr: 17.5392 )
00000292: 13.711    (Y': 10.9092   Cb: 15.3368   Cr: 17.6257 )
00000294: 13.7304   (Y': 10.9389   Cb: 15.3255   Cr: 17.649  )
00000295: 13.736    (Y': 10.939    Cb: 15.3255   Cr: 17.69   )
00000293: 13.687    (Y': 10.8964   Cb: 15.3018   Cr: 17.5674 )
00000296: 13.7845   (Y': 11.0046   Cb: 15.3766   Cr: 17.6543 )
00000297: 13.7941   (Y': 11.0217   Cb: 15.3608   Cr: 17.6721 )
00000298: 13.8534   (Y': 11.0855   Cb: 15.4107   Cr: 17.7264 )
00000299: 13.8435   (Y': 11.0751   Cb: 15.4108   Cr: 17.7017 )
00000301: 16.2319   (Y': 13.4056   Cb: 18.6041   Cr: 19.2087 )
00000303: 16.4377   (Y': 13.7832   Cb: 18.4649   Cr: 19.1927 )
00000302: 16.4817   (Y': 13.7681   Cb: 18.6144   Cr: 19.3211 )
00000300: 15.1826   (Y': 12.3665   Cb: 17.2247   Cr: 18.5303 )
00000304: 16.1491   (Y': 13.574    Cb: 17.9349   Cr: 18.9239 )
00000305: 15.755    (Y': 13.1884   Cb: 17.576    Cr: 18.4576 )
00000306: 14.5788   (Y': 12.1208   Cb: 16.2189   Cr: 17.1486 )
00000309: 13.1117   (Y': 10.6894   Cb: 14.3975   Cr: 16.0405 )
00000307: 13.5409   (Y': 11.1186   Cb: 14.964    Cr: 16.2764 )
00000308: 13.0856   (Y': 10.6726   Cb: 14.35     Cr: 16.0136 )
00000311: 13.123    (Y': 10.6852   Cb: 14.4686   Cr: 16.0182 )
00000310: 13.1359   (Y': 10.7262   Cb: 14.4534   Cr: 15.9761 )
00000312: 13.1333   (Y': 10.6695   Cb: 14.4898   Cr: 16.1028 )
00000313: 13.1421   (Y': 10.6783   Cb: 14.4676   Cr: 16.1566 )
00000314: 13.2202   (Y': 10.74     Cb: 14.5717   Cr: 16.2545 )
00000316: 13.2318   (Y': 10.7631   Cb: 14.5014   Cr: 16.3478 )
00000315: 13.2288   (Y': 10.7533   Cb: 14.5536   Cr: 16.2861 )
00000317: 13.1764   (Y': 10.6863   Cb: 14.5069   Cr: 16.2776 )
00000318: 13.1416   (Y': 10.6628   Cb: 14.4316   Cr: 16.2632 )
00000319: 13.082    (Y': 10.5815   Cb: 14.4101   Cr: 16.2246 )
00000320: 13.0465   (Y': 10.5574   Cb: 14.3473   Cr: 16.1887 )
00000322: 12.9913   (Y': 10.513    Cb: 14.2544   Cr: 16.1521 )
00000321: 12.9486   (Y': 10.4573   Cb: 14.2294   Cr: 16.1301 )
00000323: 13.0447   (Y': 10.5786   Cb: 14.3015   Cr: 16.1711 )
00000324: 26.8112   (Y': 22.8854   Cb: 33.3505   Cr: 31.9143 )
00000325: 21.3817   (Y': 17.4004   Cb: 27.5911   Cr: 27.2397 )
00000326: 19.431    (Y': 15.7823   Cb: 24.0227   Cr: 24.1682 )
00000327: 18.6875   (Y': 15.2349   Cb: 22.4712   Cr: 23.0389 )
00000328: 17.7248   (Y': 14.3935   Cb: 21.1205   Cr: 21.8248 )
00000329: 17.2677   (Y': 13.9845   Cb: 20.4229   Cr: 21.3941 )
00000330: 16.3206   (Y': 13.2301   Cb: 18.9471   Cr: 20.1242 )
00000332: 15.5833   (Y': 12.73     Cb: 17.6745   Cr: 19.0209 )
00000331: 15.9842   (Y': 13.0158   Cb: 18.2656   Cr: 19.6714 )
00000333: 15.8132   (Y': 12.8023   Cb: 18.5159   Cr: 19.1571 )
00000335: 14.3276   (Y': 12.0861   Cb: 16.3914   Cr: 15.8596 )
00000334: 15.8959   (Y': 13.5466   Cb: 18.0882   Cr: 17.5791 )
00000337: 14.5739   (Y': 12.389    Cb: 16.4366   Cr: 16.1546 )
00000336: 14.5079   (Y': 12.3122   Cb: 16.4077   Cr: 16.0798 )
00000338: 14.1966   (Y': 11.9913   Cb: 15.899    Cr: 15.9838 )
00000339: 14.1179   (Y': 11.8839   Cb: 15.7444   Cr: 16.0576 )
00000340: 14.0921   (Y': 11.8194   Cb: 15.6708   Cr: 16.1884 )
00000341: 14.0819   (Y': 11.8128   Cb: 15.6741   Cr: 16.1527 )
00000342: 14.1247   (Y': 11.8375   Cb: 15.7021   Cr: 16.2619 )
00000343: 14.1116   (Y': 11.8167   Cb: 15.6805   Cr: 16.2801 )
00000344: 14.1395   (Y': 11.8458   Cb: 15.7039   Cr: 16.3097 )
00000345: 14.1343   (Y': 11.8523   Cb: 15.7144   Cr: 16.2541 )
00000346: 14.0785   (Y': 11.8269   Cb: 15.565    Cr: 16.2222 )
00000347: 14.0972   (Y': 11.8406   Cb: 15.5833   Cr: 16.2551 )
00000348: 12.7967   (Y': 10.768    Cb: 14.0628   Cr: 14.6179 )
00000349: 15.2098   (Y': 12.6472   Cb: 17.3791   Cr: 17.5083 )
00000350: 15.5973   (Y': 13.1677   Cb: 17.613    Cr: 17.6619 )
00000351: 15.079    (Y': 12.5046   Cb: 17.1426   Cr: 17.5264 )
00000352: 15.2168   (Y': 12.6858   Cb: 17.42     Cr: 17.3861 )
00000353: 15.8421   (Y': 13.6026   Cb: 17.5299   Cr: 17.7311 )
00000354: 15.5433   (Y': 13.3293   Cb: 17.1092   Cr: 17.4966 )
00000355: 15.3046   (Y': 13.0427   Cb: 16.9079   Cr: 17.3438 )
00000356: 14.8631   (Y': 12.5248   Cb: 16.429    Cr: 17.159  )
00000357: 14.8359   (Y': 12.4952   Cb: 16.4044   Cr: 17.1355 )
00000359: 15.0478   (Y': 12.6736   Cb: 16.6768   Cr: 17.3746 )
00000358: 14.9826   (Y': 12.6328   Cb: 16.5881   Cr: 17.2652 )
00000360: 15.1959   (Y': 12.8671   Cb: 16.8497   Cr: 17.3631 )
00000361: 15.3206   (Y': 12.9875   Cb: 16.989    Cr: 17.4833 )
00000362: 15.3698   (Y': 13.1331   Cb: 17.0136   Cr: 17.2984 )
00000363: 15.3773   (Y': 13.1821   Cb: 16.9433   Cr: 17.282  )
00000365: 15.4872   (Y': 13.3493   Cb: 16.9609   Cr: 17.3463 )
00000364: 15.3644   (Y': 13.1987   Cb: 16.8804   Cr: 17.2478 )
00000366: 15.9239   (Y': 13.6504   Cb: 17.6178   Cr: 17.8961 )
00000367: 15.9613   (Y': 13.6392   Cb: 17.6224   Cr: 18.1013 )
00000368: 15.9913   (Y': 13.6323   Cb: 17.6954   Cr: 18.1872 )
00000370: 14.7992   (Y': 12.7634   Cb: 16.0787   Cr: 16.6225 )
00000369: 15.7348   (Y': 13.4497   Cb: 17.3289   Cr: 17.8474 )
00000371: 14.7178   (Y': 12.7829   Cb: 16.0074   Cr: 16.294  )
00000372: 14.5688   (Y': 12.716    Cb: 15.7237   Cr: 16.109  )
00000375: 14.1982   (Y': 12.1117   Cb: 15.5238   Cr: 16.0942 )
00000374: 14.3187   (Y': 12.3303   Cb: 15.5289   Cr: 16.1064 )
00000373: 14.463    (Y': 12.5845   Cb: 15.6112   Cr: 16.067  )
00000376: 14.5564   (Y': 12.4581   Cb: 15.8724   Cr: 16.4926 )
00000377: 14.5691   (Y': 12.3871   Cb: 15.9501   Cr: 16.6477 )
00000378: 14.6579   (Y': 12.4063   Cb: 16.1548   Cr: 16.7895 )
00000379: 14.5903   (Y': 12.3027   Cb: 16.1308   Cr: 16.7712 )
00000380: 14.3727   (Y': 12.1372   Cb: 15.9259   Cr: 16.397  )
00000381: 14.2672   (Y': 12.0164   Cb: 15.8144   Cr: 16.3393 )
00000382: 14.1826   (Y': 11.9561   Cb: 15.6533   Cr: 16.276  )
00000383: 14.1788   (Y': 11.8894   Cb: 15.707    Cr: 16.3791 )
00000384: 14.0846   (Y': 11.7174   Cb: 15.766    Cr: 16.3302 )
00000386: 14.1216   (Y': 11.7171   Cb: 15.8571   Cr: 16.4148 )
00000385: 14.1173   (Y': 11.728    Cb: 15.8349   Cr: 16.3861 )
00000387: 14.1247   (Y': 11.6916   Cb: 15.9192   Cr: 16.4356 )
00000388: 14.0302   (Y': 11.5673   Cb: 15.8171   Cr: 16.4398 )
00000390: 13.876    (Y': 11.4493   Cb: 15.6149   Cr: 16.2311 )
00000389: 13.9632   (Y': 11.5072   Cb: 15.7745   Cr: 16.3238 )
00000391: 13.8033   (Y': 11.4288   Cb: 15.4968   Cr: 16.0559 )
00000392: 13.7621   (Y': 11.436    Cb: 15.3841   Cr: 15.9576 )
00000393: 14.2408   (Y': 11.6923   Cb: 16.2404   Cr: 16.6764 )
00000394: 14.3022   (Y': 11.8857   Cb: 15.9904   Cr: 16.6855 )
00000395: 14.7914   (Y': 12.5541   Cb: 16.2263   Cr: 16.9564 )
00000396: 13.7862   (Y': 11.8432   Cb: 14.866    Cr: 15.6177 )
00000397: 13.2106   (Y': 11.2427   Cb: 14.2734   Cr: 15.1229 )
00000398: 13.5977   (Y': 11.6315   Cb: 14.6605   Cr: 15.5059 )
00000399: 13.8317   (Y': 11.8371   Cb: 14.9185   Cr: 15.7803 )
00000400: 14.2433   (Y': 12.1901   Cb: 15.4618   Cr: 16.1798 )
00000401: 14.1388   (Y': 12.0932   Cb: 15.2975   Cr: 16.1278 )
00000402: 14.279    (Y': 12.1826   Cb: 15.5102   Cr: 16.3105 )
00000403: 14.2159   (Y': 12.0953   Cb: 15.4887   Cr: 16.2604 )
00000404: 14.3092   (Y': 12.2182   Cb: 15.6014   Cr: 16.2549 )
00000405: 14.3053   (Y': 12.2132   Cb: 15.592    Cr: 16.2599 )
00000407: 13.9793   (Y': 11.9127   Cb: 15.2977   Cr: 15.8338 )
00000406: 14.049    (Y': 11.9811   Cb: 15.3465   Cr: 15.9306 )
00000408: 13.7365   (Y': 11.6491   Cb: 15.225    Cr: 15.456  )
00000409: 13.6877   (Y': 11.5804   Cb: 15.2156   Cr: 15.4137 )
00000410: 13.4937   (Y': 11.3075   Cb: 15.1283   Cr: 15.3029 )
00000411: 13.4708   (Y': 11.2634   Cb: 15.1444   Cr: 15.2926 )
00000412: 13.2923   (Y': 11.0804   Cb: 15.0075   Cr: 15.0828 )
00000413: 13.1635   (Y': 10.9679   Cb: 14.8147   Cr: 14.9786 )
00000415: 12.9659   (Y': 10.789    Cb: 14.6886   Cr: 14.6619 )
00000414: 13.0389   (Y': 10.8563   Cb: 14.7494   Cr: 14.7613 )
00000416: 12.932    (Y': 10.7591   Cb: 14.6787   Cr: 14.5949 )
00000417: 12.9471   (Y': 10.8008   Cb: 14.6863   Cr: 14.5536 )
00000418: 12.9501   (Y': 10.8298   Cb: 14.6902   Cr: 14.4947 )
00000420: 12.9684   (Y': 10.8577   Cb: 14.757    Cr: 14.4449 )
00000419: 12.9574   (Y': 10.8454   Cb: 14.6914   Cr: 14.4885 )
00000421: 12.9681   (Y': 10.8609   Cb: 14.7654   Cr: 14.4286 )
00000422: 12.9617   (Y': 10.8534   Cb: 14.7385   Cr: 14.4441 )
00000423: 12.9482   (Y': 10.826    Cb: 14.7404   Cr: 14.448  )
00000424: 12.9355   (Y': 10.7994   Cb: 14.7468   Cr: 14.4497 )
00000426: 12.9041   (Y': 10.7241   Cb: 14.7611   Cr: 14.4785 )
00000425: 12.9536   (Y': 10.8117   Cb: 14.7729   Cr: 14.4736 )
00000427: 12.9018   (Y': 10.7189   Cb: 14.7672   Cr: 14.475  )
00000428: 12.8728   (Y': 10.674    Cb: 14.7334   Cr: 14.4886 )
00000430: 12.8258   (Y': 10.5864   Cb: 14.715    Cr: 14.5132 )
00000429: 12.8548   (Y': 10.6391   Cb: 14.7459   Cr: 14.4826 )
00000431: 12.7763   (Y': 10.5308   Cb: 14.7261   Cr: 14.4218 )
00000432: 12.6865   (Y': 10.4483   Cb: 14.5916   Cr: 14.3562 )
00000433: 12.6727   (Y': 10.4319   Cb: 14.5767   Cr: 14.3496 )
00000434: 12.6702   (Y': 10.4182   Cb: 14.5782   Cr: 14.3711 )
00000436: 12.6788   (Y': 10.425    Cb: 14.608    Cr: 14.3638 )
00000435: 12.687    (Y': 10.4438   Cb: 14.5747   Cr: 14.3856 )
00000437: 12.6882   (Y': 10.4427   Cb: 14.6138   Cr: 14.3562 )
00000439: 12.6625   (Y': 10.4158   Cb: 14.6151   Cr: 14.3082 )
00000440: 12.697    (Y': 10.4521   Cb: 14.6427   Cr: 14.3448 )
00000438: 12.6754   (Y': 10.4307   Cb: 14.5989   Cr: 14.3434 )
00000441: 12.6513   (Y': 10.4273   Cb: 14.5669   Cr: 14.2759 )
00000442: 12.708    (Y': 10.4563   Cb: 14.6287   Cr: 14.3959 )
00000443: 12.7659   (Y': 10.5161   Cb: 14.7241   Cr: 14.4143 )
00000444: 12.8164   (Y': 10.541    Cb: 14.8403   Cr: 14.4667 )
00000445: 12.8485   (Y': 10.5797   Cb: 14.8327   Cr: 14.5193 )
00000447: 12.9361   (Y': 10.6659   Cb: 14.9692   Cr: 14.5653 )
00000446: 12.8984   (Y': 10.6372   Cb: 14.9419   Cr: 14.4963 )
00000448: 13.0318   (Y': 10.7513   Cb: 15.1382   Cr: 14.62   )
00000450: 13.1626   (Y': 10.8407   Cb: 15.2268   Cr: 14.8926 )
00000449: 13.1247   (Y': 10.8534   Cb: 15.1644   Cr: 14.7503 )
00000451: 13.2044   (Y': 10.8736   Cb: 15.3062   Cr: 14.9219 )
00000452: 13.2925   (Y': 10.8983   Cb: 15.4397   Cr: 15.1328 )
00000454: 13.4474   (Y': 11.019    Cb: 15.5874   Cr: 15.3868 )
00000455: 13.4663   (Y': 10.9935   Cb: 15.6688   Cr: 15.4687 )
00000453: 13.3474   (Y': 10.9286   Cb: 15.546    Cr: 15.2056 )
00000456: 13.5447   (Y': 11.0722   Cb: 15.7879   Cr: 15.5074 )
00000457: 13.5842   (Y': 11.0815   Cb: 15.8486   Cr: 15.6117 )
00000458: 13.8442   (Y': 11.309    Cb: 16.1426   Cr: 15.9329 )
00000459: 13.9611   (Y': 11.4189   Cb: 16.2603   Cr: 16.0695 )
00000460: 14.2382   (Y': 11.6777   Cb: 16.491    Cr: 16.4458 )
00000464: 14.2512   (Y': 11.8584   Cb: 16.19     Cr: 16.2913 )
00000462: 14.479    (Y': 11.8997   Cb: 16.7018   Cr: 16.7738 )
00000461: 14.346    (Y': 11.767    Cb: 16.6396   Cr: 16.5693 )
00000463: 14.5618   (Y': 12.0119   Cb: 16.7826   Cr: 16.7696 )
00000465: 13.099    (Y': 10.6018   Cb: 15.1478   Cr: 15.3253 )
00000466: 13.1136   (Y': 10.634    Cb: 15.0632   Cr: 15.3925 )
00000467: 13.018    (Y': 10.5725   Cb: 14.9155   Cr: 15.2518 )
00000468: 13.3363   (Y': 10.9414   Cb: 15.0824   Cr: 15.5889 )
00000469: 13.324    (Y': 10.9139   Cb: 15.0847   Cr: 15.6052 )
00000470: 13.0431   (Y': 10.5982   Cb: 14.7938   Cr: 15.4396 )
00000471: 13.0069   (Y': 10.5722   Cb: 14.7285   Cr: 15.4059 )
00000472: 13.0337   (Y': 10.6013   Cb: 14.7458   Cr: 15.4374 )
00000474: 12.9878   (Y': 10.5441   Cb: 14.7456   Cr: 15.3723 )
00000473: 13.0264   (Y': 10.5712   Cb: 14.7709   Cr: 15.4618 )
00000475: 12.9821   (Y': 10.5502   Cb: 14.7154   Cr: 15.3591 )
00000476: 13.0205   (Y': 10.623    Cb: 14.7241   Cr: 15.3292 )
00000477: 13.0186   (Y': 10.6168   Cb: 14.7497   Cr: 15.3086 )
00000478: 13.0476   (Y': 10.7078   Cb: 14.7336   Cr: 15.2096 )
00000479: 13.1246   (Y': 10.784    Cb: 14.8445   Cr: 15.2515 )
00000480: 13.1069   (Y': 10.7513   Cb: 14.8166   Cr: 15.2874 )
00000481: 13.1163   (Y': 10.7833   Cb: 14.8164   Cr: 15.2437 )
00000483: 13.0528   (Y': 10.7545   Cb: 14.6947   Cr: 15.1482 )
00000482: 13.0507   (Y': 10.7454   Cb: 14.7154   Cr: 15.1405 )
00000484: 13.0271   (Y': 10.7427   Cb: 14.6816   Cr: 15.0705 )
00000485: 13.0496   (Y': 10.7316   Cb: 14.7041   Cr: 15.1856 )
00000486: 13.1204   (Y': 10.8289   Cb: 14.7895   Cr: 15.1671 )
00000487: 13.1768   (Y': 10.9103   Cb: 14.8381   Cr: 15.1649 )
00000488: 13.2894   (Y': 11.0456   Cb: 14.8953   Cr: 15.2772 )
00000491: 13.5573   (Y': 11.3392   Cb: 15.221    Cr: 15.4168 )
00000490: 13.5024   (Y': 11.2517   Cb: 15.1978   Cr: 15.4126 )
00000489: 13.341    (Y': 11.0819   Cb: 15.0286   Cr: 15.2814 )
00000492: 13.8044   (Y': 11.6016   Cb: 15.4312   Cr: 15.6638 )
00000495: 14.3099   (Y': 12.1313   Cb: 16.0031   Cr: 16.0401 )
00000493: 13.9079   (Y': 11.7134   Cb: 15.5305   Cr: 15.7505 )
00000494: 14.1532   (Y': 11.967    Cb: 15.7837   Cr: 15.9662 )
00000496: 14.5915   (Y': 12.3599   Cb: 16.3092   Cr: 16.4292 )
00000497: 14.8808   (Y': 12.6286   Cb: 16.598    Cr: 16.7723 )
00000498: 15.2109   (Y': 12.896    Cb: 17.0586   Cr: 17.1327 )
00000499: 15.3902   (Y': 13.0598   Cb: 17.2723   Cr: 17.3184 )
00000500: 15.8238   (Y': 13.4876   Cb: 17.7737   Cr: 17.6995 )
00000501: 15.9198   (Y': 13.5609   Cb: 17.8885   Cr: 17.8373 )
00000502: 16.1914   (Y': 13.8446   Cb: 18.0999   Cr: 18.1363 )
00000503: 16.2716   (Y': 13.9102   Cb: 18.2831   Cr: 18.1542 )
00000504: 16.3828   (Y': 14.0279   Cb: 18.4547   Cr: 18.1902 )
00000505: 16.3917   (Y': 14.0274   Cb: 18.5086   Cr: 18.1816 )
00000506: 16.3316   (Y': 13.8867   Cb: 18.5996   Cr: 18.1963 )
00000507: 16.189    (Y': 13.7145   Cb: 18.4859   Cr: 18.1078 )
00000509: 15.3128   (Y': 12.6987   Cb: 17.6646   Cr: 17.5859 )
00000508: 15.635    (Y': 13.04     Cb: 17.9908   Cr: 17.8457 )
00000510: 15.3597   (Y': 12.7095   Cb: 17.7524   Cr: 17.7051 )
00000511: 15.1074   (Y': 12.4725   Cb: 17.5416   Cr: 17.3642 )
00000515: 14.9796   (Y': 12.2978   Cb: 17.3693   Cr: 17.4294 )
00000512: 15.0491   (Y': 12.4294   Cb: 17.4886   Cr: 17.2544 )
00000516: 14.8674   (Y': 12.1488   Cb: 17.2178   Cr: 17.4804 )
00000514: 15.0043   (Y': 12.3596   Cb: 17.4172   Cr: 17.3123 )
00000513: 15.0897   (Y': 12.4798   Cb: 17.5023   Cr: 17.291  )
00000517: 14.8076   (Y': 12.1179   Cb: 17.0094   Cr: 17.4837 )
00000518: 14.7776   (Y': 12.0476   Cb: 16.9683   Cr: 17.6079 )
00000519: 14.757    (Y': 11.9606   Cb: 16.9486   Cr: 17.8339 )
00000520: 14.9231   (Y': 12.0707   Cb: 17.1323   Cr: 18.2006 )
00000523: 15.0549   (Y': 12.0738   Cb: 17.4064   Cr: 18.7053 )
00000521: 15.0017   (Y': 12.086    Cb: 17.331    Cr: 18.3907 )
00000524: 15.0304   (Y': 12.0552   Cb: 17.3985   Cr: 18.6317 )
00000522: 15.0679   (Y': 12.1006   Cb: 17.4506   Cr: 18.6141 )
00000525: 14.9162   (Y': 11.9619   Cb: 17.2355   Cr: 18.4877 )
00000527: 14.7563   (Y': 11.9181   Cb: 16.7535   Cr: 18.2597 )
00000526: 14.7707   (Y': 11.9279   Cb: 16.9001   Cr: 18.1122 )
00000528: 14.6111   (Y': 11.825    Cb: 16.4627   Cr: 18.1011 )
00000530: 14.2633   (Y': 11.6102   Cb: 15.8447   Cr: 17.6062 )
00000531: 14.1166   (Y': 11.5      Cb: 15.6396   Cr: 17.4038 )
00000529: 14.5365   (Y': 11.7719   Cb: 16.2863   Cr: 18.0857 )
00000532: 13.9248   (Y': 11.3284   Cb: 15.3764   Cr: 17.2418 )
00000533: 13.893    (Y': 11.3285   Cb: 15.2165   Cr: 17.2863 )
00000534: 13.9231   (Y': 11.4116   Cb: 15.1528   Cr: 17.2613 )
00000535: 13.9114   (Y': 11.4037   Cb: 15.1492   Cr: 17.222  )
00000536: 14.0374   (Y': 11.5919   Cb: 15.1881   Cr: 17.2555 )
00000538: 14.3638   (Y': 12.0042   Cb: 15.323    Cr: 17.5835 )
00000540: 14.6179   (Y': 12.3523   Cb: 15.55     Cr: 17.5569 )
00000537: 14.173    (Y': 11.7422   Cb: 15.2629   Cr: 17.4354 )
00000539: 14.5046   (Y': 12.2009   Cb: 15.4323   Cr: 17.5788 )
00000541: 14.5302   (Y': 12.2449   Cb: 15.4924   Cr: 17.4871 )
00000542: 14.7981   (Y': 12.5666   Cb: 15.8387   Cr: 17.4628 )
00000543: 13.9643   (Y': 11.82     Cb: 14.8006   Cr: 16.667  )
00000544: 15.2042   (Y': 13.0325   Cb: 16.2103   Cr: 17.7377 )
00000545: 15.3154   (Y': 13.1541   Cb: 16.3455   Cr: 17.7848 )
00000546: 14.562    (Y': 12.5934   Cb: 15.3234   Cr: 16.8729 )
00000547: 14.0724   (Y': 12.1634   Cb: 14.7888   Cr: 16.2906 )
00000548: 13.8878   (Y': 11.9633   Cb: 14.6101   Cr: 16.1379 )
00000549: 13.9223   (Y': 11.9888   Cb: 14.6957   Cr: 16.1238 )
00000550: 14.027    (Y': 12.1136   Cb: 14.8345   Cr: 16.1306 )
00000551: 13.957    (Y': 12.0477   Cb: 14.7595   Cr: 16.0573 )
00000552: 13.9135   (Y': 12.0477   Cb: 14.7392   Cr: 15.8756 )
00000553: 13.9217   (Y': 12.0343   Cb: 14.7214   Cr: 15.971  )
00000554: 13.983    (Y': 12.0909   Cb: 14.8501   Cr: 15.9554 )
00000555: 13.9706   (Y': 12.0876   Cb: 14.7856   Cr: 15.9887 )
00000556: 13.9136   (Y': 12.0147   Cb: 14.7402   Cr: 15.9557 )
00000557: 13.8767   (Y': 11.9732   Cb: 14.7191   Cr: 15.9092 )
00000559: 13.7794   (Y': 11.7861   Cb: 14.7233   Cr: 15.9058 )
00000558: 13.7792   (Y': 11.836    Cb: 14.6717   Cr: 15.8449 )
00000560: 13.7537   (Y': 11.8101   Cb: 14.6186   Cr: 15.8572 )
00000561: 13.792    (Y': 11.8706   Cb: 14.627    Cr: 15.8792 )
00000563: 13.613    (Y': 11.7916   Cb: 14.4347   Cr: 15.4748 )
00000564: 13.4616   (Y': 11.7278   Cb: 14.1849   Cr: 15.2483 )
00000562: 13.6549   (Y': 11.8004   Cb: 14.5139   Cr: 15.5475 )
00000565: 13.3836   (Y': 11.6515   Cb: 14.1294   Cr: 15.1376 )
00000566: 13.2884   (Y': 11.6241   Cb: 13.9571   Cr: 14.9909 )
00000567: 13.2782   (Y': 11.6046   Cb: 13.9652   Cr: 14.9778 )
00000568: 13.2659   (Y': 11.58     Cb: 14.019    Cr: 14.9099 )
00000569: 13.2584   (Y': 11.5273   Cb: 14.0713   Cr: 14.9272 )
00000571: 13.3617   (Y': 11.519    Cb: 14.4282   Cr: 14.9778 )
00000572: 13.3621   (Y': 11.4821   Cb: 14.536    Cr: 14.9414 )
00000570: 13.3402   (Y': 11.5365   Cb: 14.3425   Cr: 14.9439 )
00000573: 13.3178   (Y': 11.4068   Cb: 14.5535   Cr: 14.8987 )
00000574: 13.3053   (Y': 11.3452   Cb: 14.6771   Cr: 14.8513 )
00000576: 13.3108   (Y': 11.3191   Cb: 14.7481   Cr: 14.8605 )
00000575: 13.3106   (Y': 11.3498   Cb: 14.7064   Cr: 14.8337 )
00000578: 13.375    (Y': 11.3638   Cb: 14.8707   Cr: 14.9095 )
00000577: 13.3307   (Y': 11.3679   Cb: 14.7669   Cr: 14.8167 )
00000580: 13.2377   (Y': 11.239    Cb: 14.7411   Cr: 14.736  )
00000579: 13.3316   (Y': 11.3506   Cb: 14.8125   Cr: 14.813  )
00000581: 13.2161   (Y': 11.2089   Cb: 14.7329   Cr: 14.7204 )
00000583: 13.0004   (Y': 10.9666   Cb: 14.5513   Cr: 14.5306 )
00000584: 12.879    (Y': 10.8255   Cb: 14.4264   Cr: 14.4577 )
00000582: 13.0842   (Y': 11.0513   Cb: 14.6122   Cr: 14.6354 )
00000585: 12.7928   (Y': 10.7331   Cb: 14.3317   Cr: 14.3947 )
00000586: 12.5934   (Y': 10.5503   Cb: 14.1035   Cr: 14.1858 )
00000587: 12.5304   (Y': 10.4845   Cb: 14.0283   Cr: 14.1421 )
00000588: 12.3577   (Y': 10.3378   Cb: 13.812    Cr: 13.954  )
Total: 12.8905   (Y': 10.8075   Cb: 14.1184   Cr: 14.8914 )
