./ps4_degrader: invalid option -- 'v'
Capturing with the following configuration:
 - Capture device: DeckLink 4K Extreme 12G
 - Video mode: 720p59.94
 - Pixel format: 8 bit BGRA (4:4:4:x)
[libx264 @ 0x294ce40] using cpu capabilities: MMX2 SSE2Fast SSSE3 SSE4.2 AVX AVX2 FMA3 LZCNT BMI2
[libx264 @ 0x294ce40] profile High 4:2:2 Intra, level 3.1, 4:2:2 8-bit
PLAYBACK (hw timestamp): Frame 398 Displayed Late. Expected (+/- 5%): 50000
	Timestamp delay: 66732
	Hardware timestamp delay: 66726
PLAYBACK (hw timestamp): Frame 399 Displayed Late. Expected (+/- 5%): 50000
	Timestamp delay: 150165
	Hardware timestamp delay: 150179
PLAYBACK (hw timestamp): Frame 460 Displayed Late. Expected (+/- 5%): 50000
	Timestamp delay: 66686
	Hardware timestamp delay: 66695
PLAYBACK (hw timestamp): Frame 467 Displayed Late. Expected (+/- 5%): 50000
	Timestamp delay: 66630
	Hardware timestamp delay: 66619
PLAYBACK (hw timestamp): Frame 478 Displayed Late. Expected (+/- 5%): 50000
	Timestamp delay: 66709
	Hardware timestamp delay: 66699
PLAYBACK (hw timestamp): Frame 555 Displayed Late. Expected (+/- 5%): 50000
	Timestamp delay: 83419
	Hardware timestamp delay: 83387
[libx264 @ 0x294ce40] frame I:596   Avg QP:26.00  size: 74227
[libx264 @ 0x294ce40] mb I  I16..4:  9.9% 65.9% 24.2%
[libx264 @ 0x294ce40] final ratefactor: 39.78
[libx264 @ 0x294ce40] 8x8 transform intra:65.9%
[libx264 @ 0x294ce40] coded y,uvDC,uvAC intra: 74.0% 80.3% 37.8%
[libx264 @ 0x294ce40] i16 v,h,dc,p: 17% 40% 15% 28%
[libx264 @ 0x294ce40] i8 v,h,dc,ddl,ddr,vr,hd,vl,hu:  9% 24% 20%  6%  8%  5% 11%  5% 12%
[libx264 @ 0x294ce40] i4 v,h,dc,ddl,ddr,vr,hd,vl,hu: 13% 27% 15%  6%  9%  6% 12%  4%  8%
[libx264 @ 0x294ce40] i8c dc,h,v,p: 61% 19% 14%  6%
[libx264 @ 0x294ce40] kb/s:11876.37
Stopping Capture
