00000000: 17.4863   (Y': 16.2249   Cb: 17.5261   Cr: 19.2119 )
00000001: 17.5309   (Y': 16.2435   Cb: 17.5573   Cr: 19.3289 )
00000002: 17.5167   (Y': 16.2765   Cb: 17.4892   Cr: 19.3009 )
00000005: 17.3979   (Y': 16.0436   Cb: 17.4487   Cr: 19.2978 )
00000006: 17.4442   (Y': 16.0997   Cb: 17.4966   Cr: 19.3207 )
00000007: 17.4977   (Y': 16.1157   Cb: 17.604    Cr: 19.3719 )
00000004: 17.4124   (Y': 16.0635   Cb: 17.4366   Cr: 19.3413 )
00000010: 17.4986   (Y': 16.1621   Cb: 17.5478   Cr: 19.3631 )
00000011: 17.5075   (Y': 16.1298   Cb: 17.5958   Cr: 19.3998 )
00000008: 17.5209   (Y': 16.1856   Cb: 17.6054   Cr: 19.3303 )
00000013: 17.4993   (Y': 16.0553   Cb: 17.6438   Cr: 19.4493 )
00000014: 17.5169   (Y': 16.0449   Cb: 17.6743   Cr: 19.509  )
00000003: 17.4577   (Y': 16.1616   Cb: 17.4683   Cr: 19.2975 )
00000016: 17.5412   (Y': 16.0921   Cb: 17.6875   Cr: 19.4994 )
00000018: 17.5773   (Y': 16.1174   Cb: 17.6954   Cr: 19.603  )
00000015: 17.4759   (Y': 16.0343   Cb: 17.5979   Cr: 19.4548 )
00000012: 17.4412   (Y': 16.0522   Cb: 17.5554   Cr: 19.3185 )
00000019: 17.5834   (Y': 16.1023   Cb: 17.7227   Cr: 19.6234 )
00000023: 17.819    (Y': 16.267    Cb: 18.1392   Cr: 19.747  )
00000022: 17.7555   (Y': 16.2543   Cb: 18.0117   Cr: 19.6644 )
00000009: 17.515    (Y': 16.1898   Cb: 17.5875   Cr: 19.3214 )
00000021: 17.6989   (Y': 16.1508   Cb: 17.9603   Cr: 19.7043 )
00000017: 17.5337   (Y': 16.0996   Cb: 17.6564   Cr: 19.4949 )
00000025: 17.8627   (Y': 16.2664   Cb: 18.2484   Cr: 19.7956 )
00000026: 17.8306   (Y': 16.2726   Cb: 18.1575   Cr: 19.7623 )
00000020: 17.612    (Y': 16.1208   Cb: 17.7651   Cr: 19.6537 )
00000029: 17.4756   (Y': 15.9531   Cb: 17.8973   Cr: 19.1977 )
00000024: 17.8845   (Y': 16.3246   Cb: 18.207    Cr: 19.8266 )
00000030: 17.4357   (Y': 15.9122   Cb: 17.8423   Cr: 19.1804 )
00000032: 17.2674   (Y': 15.7054   Cb: 17.7521   Cr: 18.9888 )
00000027: 17.7221   (Y': 16.2077   Cb: 18.0871   Cr: 19.5045 )
00000034: 16.9231   (Y': 15.399    Cb: 17.3188   Cr: 18.684  )
00000033: 17.0061   (Y': 15.4769   Cb: 17.4189   Cr: 18.7544 )
00000036: 16.7027   (Y': 15.1774   Cb: 17.0944   Cr: 18.4714 )
00000031: 17.3409   (Y': 15.7469   Cb: 17.8541   Cr: 19.093  )
00000028: 17.6843   (Y': 16.1337   Cb: 18.1135   Cr: 19.456  )
00000039: 16.3567   (Y': 14.8705   Cb: 16.7047   Cr: 18.103  )
00000035: 16.7709   (Y': 15.2552   Cb: 17.1936   Cr: 18.477  )
00000037: 16.5457   (Y': 15.0498   Cb: 16.9046   Cr: 18.2974 )
00000041: 16.2351   (Y': 14.7991   Cb: 16.4512   Cr: 18.0616 )
00000044: 15.9835   (Y': 14.5821   Cb: 16.0731   Cr: 17.9243 )
00000043: 16.047    (Y': 14.6364   Cb: 16.167    Cr: 17.9617 )
00000038: 16.5328   (Y': 15.0821   Cb: 16.8686   Cr: 18.2215 )
00000040: 16.3171   (Y': 14.8516   Cb: 16.6102   Cr: 18.0962 )
00000047: 16.2929   (Y': 14.7125   Cb: 16.5795   Cr: 18.3344 )
00000045: 15.9921   (Y': 14.5788   Cb: 16.1119   Cr: 17.9126 )
00000042: 16.1487   (Y': 14.6824   Cb: 16.3743   Cr: 18.0262 )
00000046: 16.0647   (Y': 14.6142   Cb: 16.2054   Cr: 18.0344 )
00000048: 16.4549   (Y': 14.8532   Cb: 16.8053   Cr: 18.4512 )
00000049: 16.5391   (Y': 14.8122   Cb: 17.0746   Cr: 18.5615 )
00000050: 16.6041   (Y': 14.8534   Cb: 17.2231   Cr: 18.5672 )
00000052: 16.8007   (Y': 14.9856   Cb: 17.4956   Cr: 18.8142 )
00000053: 16.8998   (Y': 15.1004   Cb: 17.6268   Cr: 18.8326 )
00000055: 16.8636   (Y': 15.1517   Cb: 17.4635   Cr: 18.7619 )
00000051: 16.7625   (Y': 14.9611   Cb: 17.4377   Cr: 18.7696 )
00000054: 16.915    (Y': 15.1368   Cb: 17.6088   Cr: 18.842  )
00000056: 16.9004   (Y': 15.1889   Cb: 17.4974   Cr: 18.8023 )
00000057: 16.9141   (Y': 15.2975   Cb: 17.3915   Cr: 18.7641 )
00000058: 16.7976   (Y': 15.1723   Cb: 17.2679   Cr: 18.6771 )
00000059: 16.782    (Y': 15.2091   Cb: 17.2027   Cr: 18.6137 )
00000061: 16.7637   (Y': 15.2626   Cb: 17.1636   Cr: 18.47   )
00000062: 16.7905   (Y': 15.3105   Cb: 17.1406   Cr: 18.5206 )
00000064: 16.6907   (Y': 15.3039   Cb: 16.9403   Cr: 18.3679 )
00000065: 16.6809   (Y': 15.2951   Cb: 16.9274   Cr: 18.3604 )
00000063: 16.7573   (Y': 15.295    Cb: 17.0922   Cr: 18.4712 )
00000060: 16.7517   (Y': 15.1785   Cb: 17.2155   Cr: 18.5253 )
00000066: 16.6741   (Y': 15.3203   Cb: 16.914    Cr: 18.2985 )
00000067: 16.7245   (Y': 15.342    Cb: 16.9966   Cr: 18.3618 )
00000068: 16.7202   (Y': 15.3468   Cb: 16.961    Cr: 18.3827 )
00000072: 16.838    (Y': 15.4393   Cb: 17.1099   Cr: 18.5084 )
00000073: 16.8506   (Y': 15.4795   Cb: 17.1065   Cr: 18.4873 )
00000070: 16.8246   (Y': 15.4359   Cb: 17.0868   Cr: 18.4878 )
00000069: 16.8283   (Y': 15.4455   Cb: 17.0789   Cr: 18.4957 )
00000078: 16.7487   (Y': 15.4498   Cb: 17.043    Cr: 18.194  )
00000071: 16.8421   (Y': 15.4461   Cb: 17.105    Cr: 18.5195 )
00000077: 16.7693   (Y': 15.4695   Cb: 17.0722   Cr: 18.2051 )
00000074: 16.8306   (Y': 15.4497   Cb: 17.0869   Cr: 18.4864 )
00000082: 16.7897   (Y': 15.5048   Cb: 17.0674   Cr: 18.2306 )
00000080: 16.7617   (Y': 15.4861   Cb: 17.0414   Cr: 18.1826 )
00000075: 16.8464   (Y': 15.4977   Cb: 17.108    Cr: 18.4313 )
00000076: 16.8087   (Y': 15.4672   Cb: 17.1048   Cr: 18.3332 )
00000081: 16.7887   (Y': 15.5253   Cb: 17.0388   Cr: 18.2257 )
00000083: 16.7432   (Y': 15.4214   Cb: 17.0574   Cr: 18.2061 )
00000079: 16.7647   (Y': 15.486    Cb: 17.0493   Cr: 18.1847 )
00000087: 16.7956   (Y': 15.5014   Cb: 17.1214   Cr: 18.1916 )
00000085: 16.8111   (Y': 15.4515   Cb: 17.2035   Cr: 18.2452 )
00000088: 16.8331   (Y': 15.5442   Cb: 17.1809   Cr: 18.1914 )
00000084: 16.7379   (Y': 15.3806   Cb: 17.0835   Cr: 18.2277 )
00000091: 16.7318   (Y': 15.5835   Cb: 16.9856   Cr: 17.9576 )
00000086: 16.7649   (Y': 15.4581   Cb: 17.1006   Cr: 18.1715 )
00000092: 16.7628   (Y': 15.623    Cb: 17.0073   Cr: 17.9853 )
00000090: 16.7224   (Y': 15.4662   Cb: 17.047    Cr: 18.0503 )
00000089: 16.7299   (Y': 15.4747   Cb: 17.0913   Cr: 18.0098 )
00000094: 16.6809   (Y': 15.5426   Cb: 16.9535   Cr: 17.8661 )
00000095: 16.5748   (Y': 15.4495   Cb: 16.8509   Cr: 17.7335 )
00000093: 16.7538   (Y': 15.6421   Cb: 17.0014   Cr: 17.9246 )
00000098: 16.491    (Y': 15.4767   Cb: 16.7201   Cr: 17.5241 )
00000096: 16.4767   (Y': 15.3666   Cb: 16.735    Cr: 17.6316 )
00000099: 16.5351   (Y': 15.4702   Cb: 16.7948   Cr: 17.6134 )
00000097: 16.4873   (Y': 15.4214   Cb: 16.7622   Cr: 17.5487 )
00000101: 16.6461   (Y': 15.5966   Cb: 16.8791   Cr: 17.7314 )
00000100: 16.6364   (Y': 15.5119   Cb: 16.9434   Cr: 17.7563 )
00000102: 16.5138   (Y': 15.419    Cb: 16.7592   Cr: 17.659  )
00000103: 16.4369   (Y': 15.2925   Cb: 16.7542   Cr: 17.578  )
00000104: 16.3568   (Y': 15.1886   Cb: 16.6698   Cr: 17.5436 )
00000106: 16.3116   (Y': 15.0992   Cb: 16.6682   Cr: 17.5218 )
00000105: 16.3093   (Y': 15.037    Cb: 16.721    Cr: 17.5582 )
00000108: 16.2758   (Y': 15.1121   Cb: 16.6377   Cr: 17.3957 )
00000109: 16.1895   (Y': 15.0917   Cb: 16.4966   Cr: 17.2647 )
00000111: 16.24     (Y': 15.2385   Cb: 16.3882   Cr: 17.3515 )
00000107: 16.2499   (Y': 15.0357   Cb: 16.6625   Cr: 17.396  )
00000112: 16.2983   (Y': 15.266    Cb: 16.4905   Cr: 17.4055 )
00000113: 16.5437   (Y': 15.5744   Cb: 16.6843   Cr: 17.6129 )
00000110: 16.2333   (Y': 15.1581   Cb: 16.4987   Cr: 17.3215 )
00000115: 16.5963   (Y': 15.6415   Cb: 16.7188   Cr: 17.6647 )
00000116: 16.5377   (Y': 15.6774   Cb: 16.6197   Cr: 17.5089 )
00000117: 16.5341   (Y': 15.809    Cb: 16.5622   Cr: 17.3708 )
00000114: 16.6084   (Y': 15.5898   Cb: 16.745    Cr: 17.7626 )
00000119: 16.5588   (Y': 15.9014   Cb: 16.5397   Cr: 17.3569 )
00000120: 16.4002   (Y': 15.7255   Cb: 16.3473   Cr: 17.2638 )
00000122: 16.1958   (Y': 15.2199   Cb: 16.3114   Cr: 17.3066 )
00000118: 16.5581   (Y': 15.8232   Cb: 16.5918   Cr: 17.4022 )
00000123: 16.1719   (Y': 15.0963   Cb: 16.3828   Cr: 17.3276 )
00000127: 16.2474   (Y': 15.1107   Cb: 16.5346   Cr: 17.412  )
00000121: 16.2058   (Y': 15.2584   Cb: 16.3025   Cr: 17.2947 )
00000126: 16.2536   (Y': 15.1374   Cb: 16.5338   Cr: 17.3922 )
00000124: 16.1974   (Y': 15.112    Cb: 16.425    Cr: 17.3487 )
00000130: 16.2402   (Y': 15.0657   Cb: 16.5492   Cr: 17.4428 )
00000125: 16.2584   (Y': 15.1612   Cb: 16.5221   Cr: 17.3852 )
00000133: 16.4409   (Y': 15.2999   Cb: 16.689    Cr: 17.6612 )
00000128: 16.2437   (Y': 15.0948   Cb: 16.5389   Cr: 17.419  )
00000129: 16.2357   (Y': 15.0848   Cb: 16.501    Cr: 17.4517 )
00000132: 16.3481   (Y': 15.1641   Cb: 16.6909   Cr: 17.526  )
00000136: 16.3465   (Y': 15.2331   Cb: 16.598    Cr: 17.5152 )
00000134: 16.521    (Y': 15.372    Cb: 16.7745   Cr: 17.7483 )
00000138: 16.2826   (Y': 15.1783   Cb: 16.4954   Cr: 17.484  )
00000139: 16.2913   (Y': 15.2246   Cb: 16.4292   Cr: 17.5245 )
00000131: 16.2937   (Y': 15.0884   Cb: 16.6167   Cr: 17.5324 )
00000140: 16.3479   (Y': 15.2576   Cb: 16.4439   Cr: 17.6762 )
00000135: 16.4719   (Y': 15.3733   Cb: 16.7163   Cr: 17.6245 )
00000142: 16.42     (Y': 15.2946   Cb: 16.451    Cr: 17.8994 )
00000137: 16.2608   (Y': 15.1508   Cb: 16.5242   Cr: 17.4092 )
00000141: 16.4564   (Y': 15.364    Cb: 16.54     Cr: 17.805  )
00000143: 16.3894   (Y': 15.218    Cb: 16.4185   Cr: 17.9567 )
00000144: 16.302    (Y': 15.1155   Cb: 16.3386   Cr: 17.887  )
00000145: 16.2188   (Y': 15.0766   Cb: 16.2235   Cr: 17.7664 )
00000146: 16.2384   (Y': 15.1383   Cb: 16.2496   Cr: 17.6994 )
00000150: 16.4258   (Y': 15.3426   Cb: 16.4101   Cr: 17.8941 )
00000148: 16.23     (Y': 15.1313   Cb: 16.2753   Cr: 17.6414 )
00000149: 16.4327   (Y': 15.3275   Cb: 16.4741   Cr: 17.8614 )
00000152: 16.1654   (Y': 15.0819   Cb: 16.1388   Cr: 17.6497 )
00000147: 16.223    (Y': 15.0601   Cb: 16.3043   Cr: 17.7011 )
00000155: 16.3163   (Y': 15.3174   Cb: 16.268    Cr: 17.6819 )
00000153: 16.2187   (Y': 15.1427   Cb: 16.1886   Cr: 17.6944 )
00000154: 16.2643   (Y': 15.2229   Cb: 16.2009   Cr: 17.7256 )
00000156: 16.3143   (Y': 15.3494   Cb: 16.2467   Cr: 17.6486 )
00000151: 16.2081   (Y': 15.0983   Cb: 16.2138   Cr: 17.6946 )
00000157: 16.2456   (Y': 15.27     Cb: 16.1427   Cr: 17.6474 )
00000159: 16.3219   (Y': 15.4173   Cb: 16.1386   Cr: 17.7167 )
00000160: 16.3693   (Y': 15.5536   Cb: 16.1334   Cr: 17.6914 )
00000162: 16.6414   (Y': 15.7617   Cb: 16.5489   Cr: 17.8682 )
00000158: 16.2553   (Y': 15.3213   Cb: 16.1029   Cr: 17.6557 )
00000161: 16.5784   (Y': 15.7143   Cb: 16.4211   Cr: 17.8688 )
00000163: 16.3933   (Y': 15.5408   Cb: 16.3062   Cr: 17.5688 )
00000164: 16.2377   (Y': 15.4176   Cb: 16.1536   Cr: 17.358  )
00000168: 16.2839   (Y': 15.4622   Cb: 16.2814   Cr: 17.3013 )
00000165: 16.2576   (Y': 15.4766   Cb: 16.2048   Cr: 17.2771 )
00000166: 16.2824   (Y': 15.5287   Cb: 16.1887   Cr: 17.3132 )
00000170: 16.2553   (Y': 15.5026   Cb: 16.2499   Cr: 17.173  )
00000167: 16.3512   (Y': 15.64     Cb: 16.2883   Cr: 17.28   )
00000171: 16.2192   (Y': 15.4697   Cb: 16.1973   Cr: 17.1528 )
00000169: 16.1614   (Y': 15.3872   Cb: 16.1667   Cr: 17.0975 )
00000173: 16.441    (Y': 15.8915   Cb: 16.2759   Cr: 17.2692 )
00000176: 16.5131   (Y': 15.9519   Cb: 16.3128   Cr: 17.4023 )
00000174: 16.4086   (Y': 15.8429   Cb: 16.2732   Cr: 17.222  )
00000177: 16.6293   (Y': 15.961    Cb: 16.4775   Cr: 17.609  )
00000172: 16.271    (Y': 15.553    Cb: 16.2008   Cr: 17.2188 )
00000175: 16.558    (Y': 16.0049   Cb: 16.4007   Cr: 17.3812 )
00000181: 16.6924   (Y': 16.1978   Cb: 16.5372   Cr: 17.434  )
00000180: 16.5918   (Y': 16.1396   Cb: 16.3956   Cr: 17.3281 )
00000178: 16.8341   (Y': 16.1799   Cb: 16.6962   Cr: 17.7752 )
00000183: 16.7511   (Y': 16.275    Cb: 16.5308   Cr: 17.5493 )
00000182: 16.7935   (Y': 16.244    Cb: 16.651    Cr: 17.5937 )
00000179: 16.8152   (Y': 16.1175   Cb: 16.683    Cr: 17.8127 )
00000184: 16.7722   (Y': 16.3189   Cb: 16.5212   Cr: 17.579  )
00000185: 16.8092   (Y': 16.3001   Cb: 16.591    Cr: 17.6493 )
00000186: 16.7172   (Y': 16.3032   Cb: 16.4317   Cr: 17.5157 )
00000188: 16.5452   (Y': 16.0971   Cb: 16.3237   Cr: 17.3076 )
00000187: 16.5531   (Y': 16.1207   Cb: 16.3243   Cr: 17.3041 )
00000189: 16.5936   (Y': 16.0966   Cb: 16.3836   Cr: 17.4069 )
00000190: 16.5976   (Y': 16.099    Cb: 16.3686   Cr: 17.4372 )
00000191: 16.5771   (Y': 16.0103   Cb: 16.3537   Cr: 17.504  )
00000192: 16.5676   (Y': 15.9963   Cb: 16.3341   Cr: 17.5142 )
00000193: 16.5212   (Y': 15.8545   Cb: 16.31     Cr: 17.5767 )
00000195: 16.435    (Y': 15.7749   Cb: 16.1991   Cr: 17.5138 )
00000194: 16.4918   (Y': 15.8392   Cb: 16.2637   Cr: 17.549  )
00000196: 16.4166   (Y': 15.7358   Cb: 16.1759   Cr: 17.5334 )
00000197: 16.395    (Y': 15.6891   Cb: 16.1288   Cr: 17.5852 )
00000201: 16.3332   (Y': 15.6775   Cb: 15.9943   Cr: 17.5489 )
00000198: 16.438    (Y': 15.7543   Cb: 16.1809   Cr: 17.5812 )
00000199: 16.4109   (Y': 15.7496   Cb: 16.1145   Cr: 17.5749 )
00000200: 16.3566   (Y': 15.6954   Cb: 16.0694   Cr: 17.5078 )
00000203: 16.3121   (Y': 15.5862   Cb: 16.0061   Cr: 17.5901 )
00000202: 16.3222   (Y': 15.6598   Cb: 16.0088   Cr: 17.5118 )
00000204: 16.3534   (Y': 15.5666   Cb: 16.0955   Cr: 17.6598 )
00000205: 16.2433   (Y': 15.4369   Cb: 15.959    Cr: 17.6199 )
00000206: 16.2168   (Y': 15.347    Cb: 15.9434   Cr: 17.6841 )
00000207: 16.146    (Y': 15.1262   Cb: 16.0561   Cr: 17.6064 )
00000208: 16.3596   (Y': 15.2437   Cb: 16.3773   Cr: 17.8404 )
00000211: 16.0602   (Y': 15.8523   Cb: 15.6333   Cr: 16.7779 )
00000212: 16.0786   (Y': 15.9148   Cb: 15.6054   Cr: 16.8024 )
00000213: 16.2948   (Y': 16.0162   Cb: 15.9502   Cr: 16.9947 )
00000209: 16.4298   (Y': 15.4739   Cb: 16.4253   Cr: 17.6632 )
00000215: 16.2113   (Y': 15.9854   Cb: 15.9436   Cr: 16.7516 )
00000210: 16.3655   (Y': 15.6172   Cb: 16.2745   Cr: 17.3848 )
00000216: 16.0566   (Y': 15.8495   Cb: 15.7598   Cr: 16.6097 )
00000214: 16.3167   (Y': 15.9988   Cb: 16.0637   Cr: 16.9512 )
00000218: 15.7244   (Y': 15.4938   Cb: 15.4231   Cr: 16.3109 )
00000217: 15.776    (Y': 15.5672   Cb: 15.4655   Cr: 16.3477 )
00000221: 15.2815   (Y': 15.072    Cb: 14.9934   Cr: 15.8266 )
00000219: 15.5864   (Y': 15.3685   Cb: 15.3281   Cr: 16.1057 )
00000220: 15.4224   (Y': 15.169    Cb: 15.1602   Cr: 15.9892 )
00000223: 15.1925   (Y': 14.9686   Cb: 14.858    Cr: 15.812  )
00000226: 15.1603   (Y': 14.896    Cb: 14.8227   Cr: 15.8333 )
00000227: 15.3271   (Y': 15.047    Cb: 15.0459   Cr: 15.9494 )
00000232: 15.2315   (Y': 14.9507   Cb: 14.9335   Cr: 15.8755 )
00000224: 15.1804   (Y': 14.9573   Cb: 14.8564   Cr: 15.7861 )
00000229: 15.2881   (Y': 15.0064   Cb: 14.9913   Cr: 15.9318 )
00000222: 15.2554   (Y': 15.05     Cb: 14.9588   Cr: 15.806  )
00000230: 15.2618   (Y': 14.9846   Cb: 14.947    Cr: 15.9223 )
00000233: 15.185    (Y': 14.9305   Cb: 14.8707   Cr: 15.8167 )
00000235: 15.1923   (Y': 14.9407   Cb: 14.8814   Cr: 15.8162 )
00000225: 15.1487   (Y': 14.8966   Cb: 14.8154   Cr: 15.8014 )
00000231: 15.2565   (Y': 14.9473   Cb: 14.9668   Cr: 15.9257 )
00000228: 15.2922   (Y': 15.0185   Cb: 14.988    Cr: 15.935  )
00000234: 15.1741   (Y': 14.9208   Cb: 14.8745   Cr: 15.7863 )
00000236: 15.2135   (Y': 14.9895   Cb: 14.8982   Cr: 15.8096 )
00000237: 15.2282   (Y': 15.0018   Cb: 14.9085   Cr: 15.8325 )
00000238: 15.2106   (Y': 14.9872   Cb: 14.8625   Cr: 15.8467 )
00000239: 15.251    (Y': 14.9984   Cb: 14.9197   Cr: 15.9019 )
00000240: 15.2585   (Y': 15.0343   Cb: 14.9144   Cr: 15.8906 )
00000241: 15.2423   (Y': 14.9522   Cb: 14.9269   Cr: 15.9196 )
00000242: 15.2482   (Y': 14.9639   Cb: 14.9138   Cr: 15.942  )
00000243: 15.2668   (Y': 14.9413   Cb: 14.9718   Cr: 15.9631 )
00000244: 15.2467   (Y': 14.9223   Cb: 14.9478   Cr: 15.9462 )
00000245: 15.2697   (Y': 14.9429   Cb: 14.9635   Cr: 15.9818 )
00000246: 15.2675   (Y': 14.9171   Cb: 14.9839   Cr: 15.9808 )
00000247: 15.264    (Y': 14.9727   Cb: 14.9396   Cr: 15.9543 )
00000249: 15.2359   (Y': 14.9491   Cb: 14.8962   Cr: 15.9397 )
00000250: 15.2308   (Y': 14.926    Cb: 14.8996   Cr: 15.9464 )
00000248: 15.2532   (Y': 14.9639   Cb: 14.9208   Cr: 15.9511 )
00000253: 15.1757   (Y': 14.856    Cb: 14.8693   Cr: 15.8789 )
00000254: 15.2007   (Y': 14.8521   Cb: 14.897    Cr: 15.9374 )
00000251: 15.1859   (Y': 14.8726   Cb: 14.8692   Cr: 15.894  )
00000252: 15.17     (Y': 14.8602   Cb: 14.8481   Cr: 15.8803 )
00000255: 15.2384   (Y': 14.9107   Cb: 14.9338   Cr: 15.9493 )
00000256: 15.23     (Y': 14.908    Cb: 14.9208   Cr: 15.9398 )
00000257: 15.1959   (Y': 14.8722   Cb: 14.8787   Cr: 15.918  )
00000259: 15.1748   (Y': 14.8602   Cb: 14.843    Cr: 15.9037 )
00000261: 15.215    (Y': 14.8953   Cb: 14.9034   Cr: 15.9247 )
00000258: 15.1917   (Y': 14.8674   Cb: 14.8738   Cr: 15.9151 )
00000265: 15.3248   (Y': 14.9916   Cb: 15.0248   Cr: 16.0369 )
00000260: 15.2098   (Y': 14.9006   Cb: 14.8845   Cr: 15.9236 )
00000263: 15.2114   (Y': 14.8707   Cb: 14.8967   Cr: 15.9519 )
00000266: 15.3087   (Y': 14.98     Cb: 15.0067   Cr: 16.0178 )
00000264: 15.2447   (Y': 14.9154   Cb: 14.9366   Cr: 15.9623 )
00000262: 15.2067   (Y': 14.897    Cb: 14.8879   Cr: 15.9131 )
00000267: 15.2572   (Y': 14.9214   Cb: 14.9531   Cr: 15.978  )
00000268: 15.2383   (Y': 14.9038   Cb: 14.9292   Cr: 15.9638 )
00000269: 15.2639   (Y': 14.9418   Cb: 14.9535   Cr: 15.9753 )
00000270: 15.2797   (Y': 14.9694   Cb: 14.9756   Cr: 15.968  )
00000275: 15.2985   (Y': 15.007    Cb: 15.008    Cr: 15.9466 )
00000273: 15.3101   (Y': 15.0017   Cb: 15.0192   Cr: 15.9795 )
00000272: 15.1935   (Y': 14.8824   Cb: 14.8659   Cr: 15.9128 )
00000271: 15.1976   (Y': 14.8829   Cb: 14.8717   Cr: 15.9193 )
00000277: 15.3459   (Y': 15.0462   Cb: 15.0547   Cr: 16.0049 )
00000274: 15.3195   (Y': 15.0146   Cb: 15.0353   Cr: 15.9764 )
00000279: 15.4977   (Y': 15.2429   Cb: 15.2287   Cr: 16.0742 )
00000281: 15.6005   (Y': 15.358    Cb: 15.3402   Cr: 16.152  )
00000282: 15.6214   (Y': 15.3598   Cb: 15.3922   Cr: 16.1583 )
00000276: 15.296    (Y': 15.0015   Cb: 14.9951   Cr: 15.9606 )
00000278: 15.3864   (Y': 15.0941   Cb: 15.1112   Cr: 16.0164 )
00000280: 15.5385   (Y': 15.2802   Cb: 15.2745   Cr: 16.113  )
00000284: 15.6843   (Y': 15.381    Cb: 15.5051   Cr: 16.2121 )
00000283: 15.6895   (Y': 15.3889   Cb: 15.5011   Cr: 16.2252 )
00000287: 15.7401   (Y': 15.3844   Cb: 15.6015   Cr: 16.2844 )
00000285: 15.7084   (Y': 15.381    Cb: 15.5493   Cr: 16.2421 )
00000286: 15.7334   (Y': 15.382    Cb: 15.5986   Cr: 16.268  )
00000288: 15.7572   (Y': 15.3891   Cb: 15.6325   Cr: 16.3004 )
00000289: 15.7745   (Y': 15.3898   Cb: 15.7029   Cr: 16.2769 )
00000290: 15.7649   (Y': 15.3584   Cb: 15.6853   Cr: 16.3036 )
00000291: 15.7629   (Y': 15.3579   Cb: 15.6924   Cr: 16.2892 )
00000294: 15.821    (Y': 15.3809   Cb: 15.821    Cr: 16.3109 )
00000292: 15.7777   (Y': 15.3324   Cb: 15.7511   Cr: 16.3037 )
00000293: 15.809    (Y': 15.3515   Cb: 15.8043   Cr: 16.3257 )
00000295: 15.8661   (Y': 15.368    Cb: 15.9057   Cr: 16.3841 )
00000297: 15.9233   (Y': 15.3407   Cb: 16.0542   Cr: 16.4484 )
00000298: 15.9244   (Y': 15.3454   Cb: 16.0447   Cr: 16.4563 )
00000296: 15.8949   (Y': 15.3605   Cb: 15.9745   Cr: 16.4145 )
00000299: 15.9742   (Y': 15.336    Cb: 16.1619   Cr: 16.5096 )
00000300: 15.9555   (Y': 15.3215   Cb: 16.133    Cr: 16.4964 )
00000303: 16.0667   (Y': 15.3874   Cb: 16.2633   Cr: 16.6467 )
00000304: 16.0668   (Y': 15.362    Cb: 16.2607   Cr: 16.6843 )
00000301: 16.0105   (Y': 15.3581   Cb: 16.222    Cr: 16.5391 )
00000305: 16.0954   (Y': 15.3767   Cb: 16.2994   Cr: 16.7205 )
00000302: 16.016    (Y': 15.3609   Cb: 16.2355   Cr: 16.5395 )
00000309: 16.0764   (Y': 15.1591   Cb: 16.4525   Cr: 16.7935 )
00000306: 16.0841   (Y': 15.3426   Cb: 16.3177   Cr: 16.7079 )
00000307: 16.0747   (Y': 15.2933   Cb: 16.3407   Cr: 16.7182 )
00000308: 16.0724   (Y': 15.2391   Cb: 16.389    Cr: 16.7336 )
00000311: 16.112    (Y': 15.1267   Cb: 16.5113   Cr: 16.9047 )
00000310: 16.0867   (Y': 15.1268   Cb: 16.48     Cr: 16.8479 )
00000312: 16.1333   (Y': 15.1273   Cb: 16.5616   Cr: 16.9256 )
00000315: 16.1339   (Y': 15.0577   Cb: 16.5785   Cr: 17.0164 )
00000314: 16.1641   (Y': 15.0965   Cb: 16.6219   Cr: 17.0186 )
00000313: 16.1436   (Y': 15.0849   Cb: 16.6134   Cr: 16.9715 )
00000321: 15.8114   (Y': 14.9342   Cb: 15.9495   Cr: 16.7401 )
00000322: 15.7324   (Y': 14.894    Cb: 15.8344   Cr: 16.6462 )
00000320: 15.965    (Y': 15.0543   Cb: 16.1778   Cr: 16.8559 )
00000319: 16.0043   (Y': 15.0706   Cb: 16.2522   Cr: 16.8894 )
00000318: 16.1042   (Y': 15.0991   Cb: 16.4518   Cr: 16.9845 )
00000316: 16.1485   (Y': 15.0457   Cb: 16.6121   Cr: 17.0518 )
00000323: 15.5282   (Y': 14.7352   Cb: 15.5748   Cr: 16.4414 )
00000317: 16.1282   (Y': 15.0707   Cb: 16.5151   Cr: 17.0458 )
00000325: 15.1795   (Y': 14.4951   Cb: 15.1419   Cr: 16.0383 )
00000326: 15.1277   (Y': 14.4499   Cb: 15.0771   Cr: 15.9926 )
00000327: 15.0484   (Y': 14.4295   Cb: 14.9352   Cr: 15.908  )
00000324: 15.3869   (Y': 14.6389   Cb: 15.4237   Cr: 16.2464 )
00000328: 15.0453   (Y': 14.4122   Cb: 14.9399   Cr: 15.9151 )
00000329: 15.0187   (Y': 14.4339   Cb: 14.8756   Cr: 15.8682 )
00000330: 15.0601   (Y': 14.4921   Cb: 14.9086   Cr: 15.8968 )
00000331: 15.2838   (Y': 14.7511   Cb: 15.1494   Cr: 16.0508 )
00000332: 15.3997   (Y': 14.8553   Cb: 15.2923   Cr: 16.1496 )
00000334: 15.6415   (Y': 15.1002   Cb: 15.5758   Cr: 16.3372 )
00000333: 15.5418   (Y': 14.9932   Cb: 15.4672   Cr: 16.2578 )
00000335: 15.7864   (Y': 15.2084   Cb: 15.7845   Cr: 16.4554 )
00000336: 15.8473   (Y': 15.2062   Cb: 15.914    Cr: 16.5218 )
00000337: 15.9996   (Y': 15.267    Cb: 16.1356   Cr: 16.7202 )
00000339: 16.1513   (Y': 15.2998   Cb: 16.4254   Cr: 16.8849 )
00000338: 16.0569   (Y': 15.272    Cb: 16.2508   Cr: 16.7855 )
00000340: 16.1983   (Y': 15.3422   Cb: 16.4994   Cr: 16.9086 )
00000341: 16.339    (Y': 15.4519   Cb: 16.7078   Cr: 17.0204 )
00000342: 16.3847   (Y': 15.4736   Cb: 16.7795   Cr: 17.0728 )
00000343: 16.5086   (Y': 15.7194   Cb: 16.8069   Cr: 17.1279 )
00000344: 16.5398   (Y': 15.7661   Cb: 16.8236   Cr: 17.1533 )
00000346: 16.6205   (Y': 15.8972   Cb: 16.8449   Cr: 17.2297 )
00000345: 16.5968   (Y': 15.8899   Cb: 16.8256   Cr: 17.179  )
00000347: 16.5674   (Y': 15.889    Cb: 16.7687   Cr: 17.1411 )
00000348: 16.5581   (Y': 15.8653   Cb: 16.7761   Cr: 17.1331 )
00000350: 16.5758   (Y': 15.7964   Cb: 16.8172   Cr: 17.2436 )
00000349: 16.5329   (Y': 15.7938   Cb: 16.7564   Cr: 17.1647 )
00000352: 16.7867   (Y': 15.731    Cb: 17.1529   Cr: 17.7251 )
00000351: 16.6844   (Y': 15.7632   Cb: 16.991    Cr: 17.4837 )
00000355: 16.7132   (Y': 15.552    Cb: 16.8959   Cr: 18.0525 )
00000354: 16.8354   (Y': 15.5622   Cb: 17.2199   Cr: 18.1195 )
00000353: 16.8162   (Y': 15.6331   Cb: 17.1801   Cr: 17.9671 )
00000356: 16.5725   (Y': 15.5189   Cb: 16.6579   Cr: 17.8512 )
00000360: 15.6725   (Y': 14.7993   Cb: 15.3705   Cr: 17.189  )
00000357: 16.2226   (Y': 15.3499   Cb: 16.0612   Cr: 17.5329 )
00000359: 15.7188   (Y': 14.8223   Cb: 15.4537   Cr: 17.22   )
00000358: 16.0528   (Y': 15.2231   Cb: 15.8084   Cr: 17.4098 )
00000361: 15.667    (Y': 14.8079   Cb: 15.3218   Cr: 17.2249 )
00000364: 16.3428   (Y': 15.4547   Cb: 16.1768   Cr: 17.6849 )
00000363: 16.1451   (Y': 15.3107   Cb: 15.9089   Cr: 17.4986 )
00000362: 15.8143   (Y': 14.955    Cb: 15.4826   Cr: 17.3518 )
00000367: 16.4424   (Y': 15.5331   Cb: 16.4038   Cr: 17.6449 )
00000365: 16.4686   (Y': 15.5998   Cb: 16.3537   Cr: 17.708  )
00000366: 16.4295   (Y': 15.5407   Cb: 16.3507   Cr: 17.6524 )
00000368: 16.4863   (Y': 15.514    Cb: 16.5274   Cr: 17.6869 )
00000369: 16.5279   (Y': 15.5172   Cb: 16.6319   Cr: 17.7104 )
00000370: 16.5448   (Y': 15.5088   Cb: 16.7024   Cr: 17.7011 )
00000371: 16.5615   (Y': 15.4332   Cb: 16.807    Cr: 17.763  )
00000372: 16.6124   (Y': 15.4746   Cb: 16.8662   Cr: 17.8202 )
00000373: 16.7466   (Y': 15.5751   Cb: 17.0643   Cr: 17.9331 )
00000374: 16.7487   (Y': 15.5128   Cb: 17.0971   Cr: 18.0104 )
00000375: 16.7584   (Y': 15.5155   Cb: 17.1345   Cr: 17.9986 )
00000377: 16.7871   (Y': 15.573    Cb: 17.2546   Cr: 17.8691 )
00000376: 16.7764   (Y': 15.5329   Cb: 17.1853   Cr: 17.9779 )
00000378: 16.8137   (Y': 15.555    Cb: 17.3112   Cr: 17.9374 )
00000379: 16.7756   (Y': 15.5197   Cb: 17.2933   Cr: 17.8713 )
00000381: 16.8254   (Y': 15.5509   Cb: 17.3055   Cr: 17.9969 )
00000380: 16.7668   (Y': 15.5303   Cb: 17.2602   Cr: 17.8568 )
00000382: 16.837    (Y': 15.5525   Cb: 17.3093   Cr: 18.0351 )
00000383: 16.8155   (Y': 15.4634   Cb: 17.3045   Cr: 18.116  )
00000384: 16.7823   (Y': 15.4174   Cb: 17.2698   Cr: 18.1084 )
00000386: 16.8036   (Y': 15.3151   Cb: 17.3756   Cr: 18.2628 )
00000385: 16.799    (Y': 15.3506   Cb: 17.3264   Cr: 18.2348 )
00000388: 16.8203   (Y': 15.256    Cb: 17.4152   Cr: 18.4043 )
00000390: 16.8342   (Y': 15.2645   Cb: 17.4166   Cr: 18.4449 )
00000389: 16.8013   (Y': 15.2569   Cb: 17.3577   Cr: 18.393  )
00000391: 16.8517   (Y': 15.2528   Cb: 17.4442   Cr: 18.5108 )
00000392: 16.8112   (Y': 15.2492   Cb: 17.4074   Cr: 18.3885 )
00000393: 16.8498   (Y': 15.319    Cb: 17.3683   Cr: 18.4619 )
00000387: 16.8024   (Y': 15.2199   Cb: 17.4205   Cr: 18.3949 )
00000395: 16.7074   (Y': 15.2287   Cb: 17.1974   Cr: 18.25   )
00000394: 16.8134   (Y': 15.2824   Cb: 17.3366   Cr: 18.4197 )
00000416: 15.1986   (Y': 15.3291   Cb: 14.6887   Cr: 15.6319 )
00000396: 16.6708   (Y': 15.2104   Cb: 17.1546   Cr: 18.1845 )
00000398: 16.5745   (Y': 15.2926   Cb: 17.0023   Cr: 17.8213 )
00000397: 16.6089   (Y': 15.2957   Cb: 17.0107   Cr: 17.9441 )
00000399: 16.552    (Y': 15.367    Cb: 16.9304   Cr: 17.6885 )
00000408: 15.5372   (Y': 15.4574   Cb: 15.1675   Cr: 16.0306 )
00000400: 16.5266   (Y': 15.3655   Cb: 16.8905   Cr: 17.6399 )
00000405: 16.3489   (Y': 15.7362   Cb: 16.3585   Cr: 17.051  )
00000413: 15.2982   (Y': 15.3678   Cb: 14.7791   Cr: 15.8093 )
00000404: 16.3149   (Y': 15.3599   Cb: 16.5383   Cr: 17.2612 )
00000401: 16.4869   (Y': 15.3938   Cb: 16.7842   Cr: 17.5663 )
00000402: 16.459    (Y': 15.4287   Cb: 16.6866   Cr: 17.5198 )
00000407: 15.6283   (Y': 15.4575   Cb: 15.3028   Cr: 16.1734 )
00000403: 15.8204   (Y': 14.9458   Cb: 15.8973   Cr: 16.8197 )
00000406: 16.0977   (Y': 15.6252   Cb: 16.0168   Cr: 16.7213 )
00000409: 15.5937   (Y': 15.5734   Cb: 15.1905   Cr: 16.0606 )
00000412: 15.3138   (Y': 15.3719   Cb: 14.8137   Cr: 15.8137 )
00000411: 15.4239   (Y': 15.4717   Cb: 14.9497   Cr: 15.9029 )
00000426: 15.1946   (Y': 15.0592   Cb: 14.8521   Cr: 15.7191 )
00000410: 15.5665   (Y': 15.5586   Cb: 15.1431   Cr: 16.0446 )
00000415: 15.2885   (Y': 15.347    Cb: 14.7835   Cr: 15.7943 )
00000418: 15.0892   (Y': 15.1937   Cb: 14.6082   Cr: 15.515  )
00000422: 14.9172   (Y': 14.9859   Cb: 14.4626   Cr: 15.349  )
00000417: 15.1749   (Y': 15.2591   Cb: 14.7111   Cr: 15.6013 )
00000420: 14.9231   (Y': 15.0474   Cb: 14.4337   Cr: 15.3379 )
00000414: 15.3177   (Y': 15.389    Cb: 14.8112   Cr: 15.8112 )
00000419: 14.9931   (Y': 15.1103   Cb: 14.5254   Cr: 15.3887 )
00000421: 14.9173   (Y': 14.9818   Cb: 14.4376   Cr: 15.3848 )
00000425: 15.1768   (Y': 15.0547   Cb: 14.8205   Cr: 15.7026 )
00000423: 15.1636   (Y': 15.0872   Cb: 14.7774   Cr: 15.6735 )
00000429: 15.0984   (Y': 14.9562   Cb: 14.7399   Cr: 15.6505 )
00000427: 15.1619   (Y': 15.027    Cb: 14.8124   Cr: 15.6941 )
00000428: 15.1483   (Y': 14.9957   Cb: 14.7876   Cr: 15.7153 )
00000424: 15.2136   (Y': 15.1586   Cb: 14.815    Cr: 15.714  )
00000430: 15.0105   (Y': 14.8922   Cb: 14.6565   Cr: 15.5292 )
00000431: 14.9025   (Y': 14.8381   Cb: 14.5165   Cr: 15.3982 )
00000432: 14.905    (Y': 14.8473   Cb: 14.5137   Cr: 15.3997 )
00000433: 14.8012   (Y': 14.8333   Cb: 14.3554   Cr: 15.2623 )
00000434: 14.803    (Y': 14.8537   Cb: 14.3434   Cr: 15.2606 )
00000437: 14.6701   (Y': 14.9224   Cb: 14.1125   Cr: 15.0349 )
00000438: 14.6787   (Y': 14.9353   Cb: 14.1114   Cr: 15.0508 )
00000435: 14.7326   (Y': 14.8519   Cb: 14.217    Cr: 15.185  )
00000436: 14.7301   (Y': 14.9198   Cb: 14.2065   Cr: 15.1176 )
00000439: 14.6336   (Y': 14.8985   Cb: 14.0654   Cr: 14.9986 )
00000440: 14.646    (Y': 14.877    Cb: 14.0991   Cr: 15.0193 )
00000441: 14.609    (Y': 14.848    Cb: 14.0643   Cr: 14.9717 )
00000445: 14.8869   (Y': 15.2113   Cb: 14.3434   Cr: 15.1617 )
00000442: 14.6105   (Y': 14.871    Cb: 14.0424   Cr: 14.98   )
00000444: 14.6774   (Y': 14.9769   Cb: 14.1181   Cr: 14.9964 )
00000450: 14.6295   (Y': 14.9896   Cb: 14.0077   Cr: 14.9652 )
00000443: 14.6308   (Y': 14.9041   Cb: 14.0558   Cr: 14.9956 )
00000451: 14.6137   (Y': 15.0103   Cb: 13.9786   Cr: 14.9296 )
00000447: 14.6288   (Y': 15.0091   Cb: 13.9992   Cr: 14.954  )
00000446: 14.8409   (Y': 15.209    Cb: 14.2706   Cr: 15.1054 )
00000449: 14.6447   (Y': 15.0302   Cb: 14.0077   Cr: 14.9742 )
00000456: 14.6488   (Y': 15.0321   Cb: 13.9985   Cr: 14.997  )
00000452: 14.6019   (Y': 14.991    Cb: 13.9709   Cr: 14.9204 )
00000457: 14.6431   (Y': 15.0323   Cb: 13.9738   Cr: 15.0095 )
00000448: 14.6389   (Y': 15.0093   Cb: 14.012    Cr: 14.9707 )
00000454: 14.6458   (Y': 14.9913   Cb: 14.0205   Cr: 15.0005 )
00000453: 14.6333   (Y': 14.9996   Cb: 14.0016   Cr: 14.9752 )
00000458: 14.6365   (Y': 14.9921   Cb: 13.9875   Cr: 15.0108 )
00000459: 14.6159   (Y': 14.9758   Cb: 13.9772   Cr: 14.9729 )
00000460: 14.6218   (Y': 14.9544   Cb: 13.9938   Cr: 14.9925 )
00000461: 14.6195   (Y': 14.9277   Cb: 13.9894   Cr: 15.0177 )
00000455: 14.6657   (Y': 15.0331   Cb: 14.0257   Cr: 15.0169 )
00000463: 14.6278   (Y': 14.9156   Cb: 13.9963   Cr: 15.0488 )
00000462: 14.6155   (Y': 14.901    Cb: 13.9877   Cr: 15.0342 )
00000464: 14.6281   (Y': 14.9009   Cb: 14.0022   Cr: 15.0574 )
00000465: 14.6328   (Y': 14.8997   Cb: 13.995    Cr: 15.0834 )
00000466: 14.6387   (Y': 14.9148   Cb: 14.0099   Cr: 15.0685 )
00000467: 14.6675   (Y': 14.9086   Cb: 14.0494   Cr: 15.1199 )
00000468: 14.6243   (Y': 14.875    Cb: 14.0038   Cr: 15.0697 )
00000470: 14.6178   (Y': 14.9286   Cb: 13.9626   Cr: 15.0454 )
00000469: 14.5902   (Y': 14.8798   Cb: 13.9299   Cr: 15.0461 )
00000471: 14.4928   (Y': 14.8039   Cb: 13.8349   Cr: 14.9238 )
00000474: 14.4587   (Y': 14.7982   Cb: 13.7776   Cr: 14.8904 )
00000472: 14.4665   (Y': 14.7854   Cb: 13.8006   Cr: 14.8997 )
00000473: 14.4326   (Y': 14.7725   Cb: 13.759    Cr: 14.8543 )
00000477: 14.6259   (Y': 14.9439   Cb: 13.9837   Cr: 15.0296 )
00000476: 14.5804   (Y': 14.9085   Cb: 13.9107   Cr: 15.0091 )
00000475: 14.5548   (Y': 14.9112   Cb: 13.8748   Cr: 14.9676 )
00000478: 14.6089   (Y': 14.928    Cb: 13.941    Cr: 15.0442 )
00000479: 14.6244   (Y': 14.9592   Cb: 13.9619   Cr: 15.037  )
00000480: 14.6359   (Y': 14.9666   Cb: 13.986    Cr: 15.0364 )
00000481: 14.6898   (Y': 14.9811   Cb: 14.0583   Cr: 15.1071 )
00000483: 14.7321   (Y': 14.9654   Cb: 14.1291   Cr: 15.1735 )
00000482: 14.7055   (Y': 14.9969   Cb: 14.0694   Cr: 15.1286 )
00000484: 14.7643   (Y': 14.9628   Cb: 14.1903   Cr: 15.2057 )
00000486: 14.8554   (Y': 14.955    Cb: 14.3395   Cr: 15.3295 )
00000487: 14.8749   (Y': 14.9534   Cb: 14.3782   Cr: 15.3484 )
00000489: 14.9713   (Y': 15.0359   Cb: 14.4898   Cr: 15.4408 )
00000485: 14.7914   (Y': 14.9207   Cb: 14.2465   Cr: 15.27   )
00000491: 15.1073   (Y': 15.1135   Cb: 14.6671   Cr: 15.5901 )
00000492: 15.1423   (Y': 15.1839   Cb: 14.6797   Cr: 15.6139 )
00000494: 15.3117   (Y': 15.4071   Cb: 14.8589   Cr: 15.7126 )
00000488: 14.9049   (Y': 14.9697   Cb: 14.419    Cr: 15.3797 )
00000493: 15.2546   (Y': 15.3419   Cb: 14.8023   Cr: 15.6633 )
00000496: 15.4845   (Y': 15.5401   Cb: 15.094    Cr: 15.853  )
00000490: 15.0077   (Y': 15.0309   Cb: 14.5435   Cr: 15.5014 )
00000495: 15.42     (Y': 15.5032   Cb: 14.9816   Cr: 15.8166 )
00000497: 15.5304   (Y': 15.5986   Cb: 15.1375   Cr: 15.8883 )
00000498: 15.5922   (Y': 15.6289   Cb: 15.2276   Cr: 15.9503 )
00000499: 15.6803   (Y': 15.6735   Cb: 15.3755   Cr: 16.0156 )
00000501: 15.8387   (Y': 15.7154   Cb: 15.633    Cr: 16.1881 )
00000500: 15.7156   (Y': 15.6973   Cb: 15.4493   Cr: 16.0189 )
00000503: 15.9736   (Y': 15.6686   Cb: 15.845    Cr: 16.4446 )
00000502: 15.8713   (Y': 15.7033   Cb: 15.7016   Cr: 16.2302 )
00000504: 16.0311   (Y': 15.6887   Cb: 15.9166   Cr: 16.5312 )
00000505: 16.0041   (Y': 15.6693   Cb: 15.8841   Cr: 16.5013 )
00000506: 16.0077   (Y': 15.6338   Cb: 15.8911   Cr: 16.5487 )
00000507: 15.9821   (Y': 15.6027   Cb: 15.8272   Cr: 16.5747 )
00000508: 15.9607   (Y': 15.5834   Cb: 15.8106   Cr: 16.5453 )
00000509: 15.914    (Y': 15.5994   Cb: 15.6721   Cr: 16.5308 )
00000510: 15.8619   (Y': 15.5646   Cb: 15.6051   Cr: 16.4757 )
00000512: 15.6977   (Y': 15.4662   Cb: 15.407    Cr: 16.2725 )
00000511: 15.749    (Y': 15.5123   Cb: 15.461    Cr: 16.3268 )
00000513: 15.582    (Y': 15.4276   Cb: 15.2604   Cr: 16.1029 )
00000514: 15.5354   (Y': 15.393    Cb: 15.2106   Cr: 16.0462 )
00000515: 15.4088   (Y': 15.3362   Cb: 15.05     Cr: 15.8806 )
00000516: 15.3242   (Y': 15.2678   Cb: 14.9748   Cr: 15.7667 )
00000517: 15.1753   (Y': 15.1435   Cb: 14.8005   Cr: 15.6207 )
00000518: 15.091    (Y': 15.0474   Cb: 14.7137   Cr: 15.5527 )
00000519: 14.7451   (Y': 14.7281   Cb: 14.328    Cr: 15.2258 )
00000522: 14.7867   (Y': 14.7098   Cb: 14.423    Cr: 15.2696 )
00000521: 14.7602   (Y': 14.6989   Cb: 14.3742   Cr: 15.2527 )
00000523: 14.7847   (Y': 14.665    Cb: 14.4535   Cr: 15.2772 )
00000524: 14.8527   (Y': 14.7157   Cb: 14.5488   Cr: 15.3321 )
00000520: 14.6814   (Y': 14.6433   Cb: 14.2726   Cr: 15.1755 )
00000525: 15.1482   (Y': 14.9262   Cb: 14.935    Cr: 15.6192 )
00000526: 15.2653   (Y': 15.0242   Cb: 15.0695   Cr: 15.7383 )
00000527: 15.505    (Y': 15.204    Cb: 15.3851   Cr: 15.9614 )
00000528: 15.6147   (Y': 15.2576   Cb: 15.5335   Cr: 16.0943 )
00000529: 15.7784   (Y': 15.3343   Cb: 15.7573   Cr: 16.2971 )
00000530: 15.8545   (Y': 15.385    Cb: 15.8676   Cr: 16.3661 )
00000531: 15.9939   (Y': 15.4844   Cb: 16.0559   Cr: 16.5015 )
00000532: 16.0687   (Y': 15.5244   Cb: 16.1494   Cr: 16.5997 )
00000533: 16.2065   (Y': 15.6034   Cb: 16.313    Cr: 16.7851 )
00000534: 16.3      (Y': 15.7106   Cb: 16.4235   Cr: 16.8421 )
00000538: 16.6522   (Y': 15.833    Cb: 16.9349   Cr: 17.3302 )
00000537: 16.6132   (Y': 15.8101   Cb: 16.8997   Cr: 17.2647 )
00000535: 16.4667   (Y': 15.7535   Cb: 16.6624   Cr: 17.0938 )
00000539: 16.687    (Y': 15.839    Cb: 17.024    Cr: 17.3468 )
00000536: 16.5193   (Y': 15.7547   Cb: 16.754    Cr: 17.1737 )
00000540: 16.6556   (Y': 15.7956   Cb: 17.0077   Cr: 17.3162 )
00000541: 16.6195   (Y': 15.6852   Cb: 17.0079   Cr: 17.3484 )
00000542: 16.5619   (Y': 15.5758   Cb: 17.0151   Cr: 17.2974 )
00000545: 16.591    (Y': 15.5387   Cb: 17.0926   Cr: 17.3746 )
00000543: 16.562    (Y': 15.5413   Cb: 17.0294   Cr: 17.334  )
00000544: 16.5669   (Y': 15.5203   Cb: 17.0523   Cr: 17.3593 )
00000546: 16.5915   (Y': 15.543    Cb: 17.0661   Cr: 17.3984 )
00000548: 16.5937   (Y': 15.5366   Cb: 17.0968   Cr: 17.383  )
00000551: 16.616    (Y': 15.5609   Cb: 17.0304   Cr: 17.499  )
00000552: 16.672    (Y': 15.6317   Cb: 17.0498   Cr: 17.5731 )
00000547: 16.5968   (Y': 15.5499   Cb: 17.0743   Cr: 17.3981 )
00000553: 16.7704   (Y': 15.6566   Cb: 17.1791   Cr: 17.7531 )
00000554: 16.8326   (Y': 15.6765   Cb: 17.263    Cr: 17.8599 )
00000556: 16.8273   (Y': 15.6122   Cb: 17.2698   Cr: 17.9397 )
00000549: 16.611    (Y': 15.5486   Cb: 17.0951   Cr: 17.4287 )
00000550: 16.6234   (Y': 15.5641   Cb: 17.1066   Cr: 17.4375 )
00000555: 16.8591   (Y': 15.6721   Cb: 17.2838   Cr: 17.9445 )
00000557: 16.8554   (Y': 15.5043   Cb: 17.42     Cr: 18.0646 )
00000558: 16.8636   (Y': 15.4932   Cb: 17.4334   Cr: 18.1016 )
00000561: 17.0759   (Y': 15.5461   Cb: 17.8161   Cr: 18.4165 )
00000560: 16.9814   (Y': 15.521    Cb: 17.6591   Cr: 18.2612 )
00000559: 16.9363   (Y': 15.5582   Cb: 17.5109   Cr: 18.1831 )
00000562: 17.1033   (Y': 15.5639   Cb: 17.8212   Cr: 18.4883 )
00000563: 17.2536   (Y': 15.5745   Cb: 18.0948   Cr: 18.7775 )
00000565: 17.4434   (Y': 15.6897   Cb: 18.2103   Cr: 19.2196 )
00000566: 17.4163   (Y': 15.6069   Cb: 18.2304   Cr: 19.2601 )
00000567: 17.3403   (Y': 15.5771   Cb: 18.1141   Cr: 19.129  )
00000564: 17.3939   (Y': 15.6574   Cb: 18.269    Cr: 18.9996 )
00000568: 17.2897   (Y': 15.5864   Cb: 17.9847   Cr: 19.0442 )
00000569: 17.1343   (Y': 15.4316   Cb: 17.7983   Cr: 18.9274 )
00000571: 16.8114   (Y': 15.1998   Cb: 17.4032   Cr: 18.4986 )
00000572: 16.661    (Y': 15.0251   Cb: 17.221    Cr: 18.4425 )
00000570: 17.0546   (Y': 15.3664   Cb: 17.7223   Cr: 18.8105 )
00000573: 16.3838   (Y': 14.7235   Cb: 16.9456   Cr: 18.217  )
00000574: 16.3644   (Y': 14.694    Cb: 16.9248   Cr: 18.2221 )
00000575: 16.2974   (Y': 14.6489   Cb: 16.8961   Cr: 18.0553 )
00000576: 16.2829   (Y': 14.6498   Cb: 16.8945   Cr: 17.9905 )
00000577: 16.3427   (Y': 14.7207   Cb: 16.9973   Cr: 17.9723 )
00000578: 16.3132   (Y': 14.6889   Cb: 16.9568   Cr: 17.9614 )
00000580: 16.4099   (Y': 14.8427   Cb: 17.0378   Cr: 17.9588 )
00000585: 16.4755   (Y': 14.8746   Cb: 16.9832   Cr: 18.2497 )
00000586: 16.6026   (Y': 14.9799   Cb: 17.1389   Cr: 18.3864 )
00000587: 16.8601   (Y': 15.2597   Cb: 17.4253   Cr: 18.5577 )
00000579: 16.4061   (Y': 14.8093   Cb: 17.0098   Cr: 18.0467 )
00000593: 16.9526   (Y': 15.665    Cb: 17.0616   Cr: 18.6297 )
00000584: 16.4471   (Y': 14.859    Cb: 16.9806   Cr: 18.1601 )
00000581: 16.356    (Y': 14.8112   Cb: 16.9124   Cr: 17.9482 )
00000582: 16.3968   (Y': 14.8449   Cb: 16.9227   Cr: 18.0428 )
00000588: 16.7669   (Y': 15.1698   Cb: 17.2899   Cr: 18.5131 )
00000592: 16.9459   (Y': 15.5143   Cb: 17.1642   Cr: 18.76   )
00000589: 16.7393   (Y': 15.3058   Cb: 17.1074   Cr: 18.3497 )
00000583: 16.3979   (Y': 14.8512   Cb: 16.8867   Cr: 18.0814 )
00000590: 16.8058   (Y': 15.3643   Cb: 17.1686   Cr: 18.4393 )
00000591: 16.9425   (Y': 15.5384   Cb: 17.1994   Cr: 18.6449 )
Total: 16.0001   (Y': 15.3056   Cb: 15.9339   Cr: 16.9087 )
