./ps4_degrader: invalid option -- 'v'
Capturing with the following configuration:
 - Capture device: DeckLink 4K Extreme 12G
 - Video mode: 720p59.94
 - Pixel format: 8 bit BGRA (4:4:4:x)
[libx264 @ 0x2cd6e40] using cpu capabilities: MMX2 SSE2Fast SSSE3 SSE4.2 AVX AVX2 FMA3 LZCNT BMI2
[libx264 @ 0x2cd6e40] profile High 4:2:2 Intra, level 3.1, 4:2:2 8-bit
PLAYBACK (hw timestamp): Frame 90 Displayed Late. Expected (+/- 5%): 50000
	Timestamp delay: 66547
	Hardware timestamp delay: 66664
[libx264 @ 0x2cd6e40] frame I:596   Avg QP:33.00  size: 25416
[libx264 @ 0x2cd6e40] mb I  I16..4: 33.2% 52.9% 13.8%
[libx264 @ 0x2cd6e40] final ratefactor: 38.22
[libx264 @ 0x2cd6e40] 8x8 transform intra:52.9%
[libx264 @ 0x2cd6e40] coded y,uvDC,uvAC intra: 35.0% 43.2% 5.6%
[libx264 @ 0x2cd6e40] i16 v,h,dc,p: 25% 39% 19% 17%
[libx264 @ 0x2cd6e40] i8 v,h,dc,ddl,ddr,vr,hd,vl,hu: 11% 21% 38%  4%  6%  4%  8%  3%  6%
[libx264 @ 0x2cd6e40] i4 v,h,dc,ddl,ddr,vr,hd,vl,hu: 18% 23% 24%  6%  6%  5%  7%  4%  6%
[libx264 @ 0x2cd6e40] i8c dc,h,v,p: 73% 14% 11%  2%
[libx264 @ 0x2cd6e40] kb/s:4066.63
Stopping Capture
