00000001: 12.6127   (Y': 10.3446   Cb: 13.911    Cr: 15.0342 )
00000000: 12.6088   (Y': 10.3619   Cb: 13.8895   Cr: 14.9911 )
00000002: 12.618    (Y': 10.3357   Cb: 13.9403   Cr: 15.0503 )
00000003: 12.6491   (Y': 10.345    Cb: 13.9885   Cr: 15.1244 )
00000004: 12.6783   (Y': 10.3706   Cb: 13.9961   Cr: 15.1928 )
00000005: 12.6708   (Y': 10.3305   Cb: 14.0189   Cr: 15.2452 )
00000007: 12.7053   (Y': 10.3455   Cb: 14.0585   Cr: 15.3338 )
00000006: 12.68     (Y': 10.3154   Cb: 14.0465   Cr: 15.3057 )
00000008: 12.7085   (Y': 10.3584   Cb: 14.0529   Cr: 15.3184 )
00000009: 12.7212   (Y': 10.3577   Cb: 14.0737   Cr: 15.3627 )
00000010: 12.7317   (Y': 10.3875   Cb: 14.0823   Cr: 15.3148 )
00000011: 12.7623   (Y': 10.4259   Cb: 14.0898   Cr: 15.3522 )
00000012: 12.7757   (Y': 10.4281   Cb: 14.144    Cr: 15.3461 )
00000013: 12.7513   (Y': 10.3778   Cb: 14.1252   Cr: 15.3956 )
00000014: 12.7519   (Y': 10.387    Cb: 14.097    Cr: 15.408  )
00000015: 12.7661   (Y': 10.4054   Cb: 14.1067   Cr: 15.415  )
00000016: 12.7741   (Y': 10.405    Cb: 14.144    Cr: 15.4099 )
00000017: 12.8021   (Y': 10.4524   Cb: 14.135    Cr: 15.426  )
00000019: 12.7688   (Y': 10.3951   Cb: 14.19     Cr: 15.3512 )
00000018: 12.7607   (Y': 10.3819   Cb: 14.1686   Cr: 15.3766 )
00000020: 12.7347   (Y': 10.3431   Cb: 14.1489   Cr: 15.383  )
00000021: 12.7041   (Y': 10.3137   Cb: 14.102    Cr: 15.3699 )
00000022: 12.6755   (Y': 10.2862   Cb: 14.0702   Cr: 15.3424 )
00000023: 12.6401   (Y': 10.2541   Cb: 14.053    Cr: 15.2719 )
00000024: 12.5887   (Y': 10.1982   Cb: 13.9769   Cr: 15.2682 )
00000025: 12.5995   (Y': 10.2057   Cb: 14.0125   Cr: 15.256  )
00000026: 12.6032   (Y': 10.2019   Cb: 14.0331   Cr: 15.2618 )
00000027: 12.5804   (Y': 10.1852   Cb: 14.0225   Cr: 15.2031 )
00000028: 12.5368   (Y': 10.1476   Cb: 13.943    Cr: 15.1876 )
00000029: 12.5627   (Y': 10.1742   Cb: 13.9705   Cr: 15.2096 )
00000030: 12.543    (Y': 10.159    Cb: 13.9529   Cr: 15.1722 )
00000031: 12.5193   (Y': 10.1267   Cb: 13.9407   Cr: 15.1608 )
00000032: 12.5292   (Y': 10.1396   Cb: 13.9548   Cr: 15.1555 )
00000033: 12.5091   (Y': 10.1295   Cb: 13.9375   Cr: 15.1004 )
00000035: 12.5018   (Y': 10.1221   Cb: 13.9159   Cr: 15.1122 )
00000034: 12.5103   (Y': 10.1173   Cb: 13.9482   Cr: 15.1314 )
00000036: 12.4686   (Y': 10.1049   Cb: 13.872    Cr: 15.0429 )
00000037: 12.4664   (Y': 10.0818   Cb: 13.8947   Cr: 15.0734 )
00000038: 12.585    (Y': 10.1995   Cb: 13.9901   Cr: 15.226  )
00000039: 12.582    (Y': 10.183    Cb: 14.016    Cr: 15.2277 )
00000040: 12.612    (Y': 10.2221   Cb: 14.0522   Cr: 15.2203 )
00000041: 12.6247   (Y': 10.2311   Cb: 14.0634   Cr: 15.2472 )
00000042: 12.6785   (Y': 10.2978   Cb: 14.0882   Cr: 15.2977 )
00000043: 12.6731   (Y': 10.2852   Cb: 14.1111   Cr: 15.2781 )
00000044: 12.7185   (Y': 10.3415   Cb: 14.1523   Cr: 15.2946 )
00000045: 12.7207   (Y': 10.3514   Cb: 14.1368   Cr: 15.2959 )
00000046: 12.7779   (Y': 10.3906   Cb: 14.217    Cr: 15.3799 )
00000047: 12.8358   (Y': 10.4559   Cb: 14.2827   Cr: 15.4041 )
00000048: 12.9697   (Y': 10.6012   Cb: 14.3801   Cr: 15.5497 )
00000049: 13.1681   (Y': 10.8197   Cb: 14.585    Cr: 15.6778 )
00000050: 13.5119   (Y': 11.1665   Cb: 14.9636   Cr: 15.9679 )
00000052: 13.9665   (Y': 11.5691   Cb: 15.6414   Cr: 16.3078 )
00000051: 13.6313   (Y': 11.2476   Cb: 15.1973   Cr: 16.0615 )
00000053: 14.1334   (Y': 11.6947   Cb: 15.864    Cr: 16.5348 )
00000054: 14.4392   (Y': 11.9735   Cb: 16.2253   Cr: 16.8584 )
00000055: 14.5586   (Y': 12.0658   Cb: 16.3592   Cr: 17.0452 )
00000056: 14.7383   (Y': 12.094    Cb: 16.7288   Cr: 17.5009 )
00000057: 14.8337   (Y': 12.1842   Cb: 16.8763   Cr: 17.5534 )
00000058: 14.9389   (Y': 12.302    Cb: 16.9315   Cr: 17.6739 )
00000060: 15.0889   (Y': 12.4583   Cb: 17.2718   Cr: 17.5879 )
00000059: 14.978    (Y': 12.3248   Cb: 17.128    Cr: 17.5873 )
00000061: 15.0544   (Y': 12.4004   Cb: 17.2522   Cr: 17.6142 )
00000062: 14.9448   (Y': 12.3304   Cb: 17.0832   Cr: 17.4389 )
00000063: 14.8588   (Y': 12.2443   Cb: 16.9887   Cr: 17.3626 )
00000064: 14.8075   (Y': 12.2869   Cb: 16.7289   Cr: 17.2426 )
00000065: 14.7354   (Y': 12.3058   Cb: 16.5098   Cr: 17.0588 )
00000066: 14.6814   (Y': 12.3226   Cb: 16.3621   Cr: 16.9034 )
00000067: 14.629    (Y': 12.3521   Cb: 16.1772   Cr: 16.7714 )
00000068: 14.5481   (Y': 12.4085   Cb: 15.9635   Cr: 16.4763 )
00000069: 14.4995   (Y': 12.4286   Cb: 15.8173   Cr: 16.3656 )
00000070: 13.5549   (Y': 11.5829   Cb: 14.7056   Cr: 15.3723 )
00000071: 12.5903   (Y': 10.6486   Cb: 13.6383   Cr: 14.457  )
00000072: 13.1977   (Y': 11.5073   Cb: 14.0126   Cr: 14.7763 )
00000073: 12.4883   (Y': 10.6648   Cb: 13.3918   Cr: 14.2534 )
00000074: 12.3655   (Y': 10.5173   Cb: 13.2891   Cr: 14.1629 )
00000075: 12.2733   (Y': 10.3965   Cb: 13.2212   Cr: 14.1075 )
00000076: 12.1895   (Y': 10.3186   Cb: 13.1227   Cr: 14.0278 )
00000077: 12.1558   (Y': 10.3114   Cb: 13.0577   Cr: 13.9708 )
00000078: 12.1233   (Y': 10.287    Cb: 13.0131   Cr: 13.9346 )
00000079: 12.1195   (Y': 10.2733   Cb: 13.0193   Cr: 13.9414 )
00000080: 12.1731   (Y': 10.3425   Cb: 13.0611   Cr: 13.9733 )
00000081: 12.0899   (Y': 10.2367   Cb: 12.9961   Cr: 13.9198 )
00000082: 12.0737   (Y': 10.2126   Cb: 12.9912   Cr: 13.9086 )
00000083: 12.0779   (Y': 10.2158   Cb: 12.99     Cr: 13.9214 )
00000084: 12.1398   (Y': 10.2937   Cb: 13.0475   Cr: 13.9514 )
00000085: 12.1367   (Y': 10.2727   Cb: 13.0712   Cr: 13.9573 )
00000086: 12.124    (Y': 10.2622   Cb: 13.0368   Cr: 13.9662 )
00000087: 12.1099   (Y': 10.2678   Cb: 12.9921   Cr: 13.9439 )
00000088: 12.1317   (Y': 10.3025   Cb: 13.011    Cr: 13.9394 )
00000089: 12.1331   (Y': 10.3012   Cb: 13.0116   Cr: 13.9482 )
00000090: 12.1305   (Y': 10.318    Cb: 13.0018   Cr: 13.9095 )
00000091: 12.1181   (Y': 10.2947   Cb: 12.9976   Cr: 13.9125 )
00000092: 12.1126   (Y': 10.2764   Cb: 13.0086   Cr: 13.916  )
00000093: 12.1074   (Y': 10.288    Cb: 12.9825   Cr: 13.8977 )
00000094: 12.0767   (Y': 10.262    Cb: 12.9288   Cr: 13.8849 )
00000095: 12.0839   (Y': 10.276    Cb: 12.931    Cr: 13.8828 )
00000096: 12.094    (Y': 10.2926   Cb: 12.9548   Cr: 13.8609 )
00000097: 12.0969   (Y': 10.2923   Cb: 12.973    Cr: 13.8523 )
00000098: 12.1085   (Y': 10.3055   Cb: 12.9629   Cr: 13.8868 )
00000099: 12.1083   (Y': 10.303    Cb: 12.9828   Cr: 13.8672 )
00000100: 12.1114   (Y': 10.3099   Cb: 12.9805   Cr: 13.8684 )
00000101: 12.0995   (Y': 10.2891   Cb: 12.9798   Cr: 13.8627 )
00000102: 11.9576   (Y': 10.1252   Cb: 12.8509   Cr: 13.7555 )
00000103: 11.9838   (Y': 10.1521   Cb: 12.8826   Cr: 13.7734 )
00000104: 11.9449   (Y': 10.0941   Cb: 12.8497   Cr: 13.7712 )
00000105: 11.8929   (Y': 10.0342   Cb: 12.7991   Cr: 13.736  )
00000106: 11.8006   (Y': 9.92388   Cb: 12.7271   Cr: 13.6608 )
00000107: 11.7718   (Y': 9.89078   Cb: 12.691    Cr: 13.6516 )
00000108: 11.7143   (Y': 9.83205   Cb: 12.6258   Cr: 13.6064 )
00000109: 11.7017   (Y': 9.82938   Cb: 12.6016   Cr: 13.5849 )
00000110: 11.7973   (Y': 9.92754   Cb: 12.679    Cr: 13.6972 )
00000111: 26.6909   (Y': 23.5052   Cb: 30.312    Cr: 29.85   )
00000112: 18.7209   (Y': 15.2624   Cb: 22.6023   Cr: 22.9987 )
00000113: 17.5036   (Y': 14.2131   Cb: 20.7127   Cr: 21.603  )
00000114: 16.1893   (Y': 13.1274   Cb: 18.6319   Cr: 20.101  )
00000115: 15.747    (Y': 12.8223   Cb: 17.9294   Cr: 19.3721 )
00000116: 15.0788   (Y': 12.4581   Cb: 16.6887   Cr: 18.2541 )
00000117: 14.9483   (Y': 12.4615   Cb: 16.4181   Cr: 17.8367 )
00000118: 14.594    (Y': 12.2103   Cb: 15.8417   Cr: 17.4472 )
00000119: 14.4719   (Y': 12.2023   Cb: 15.5626   Cr: 17.1829 )
00000120: 14.3207   (Y': 12.2868   Cb: 15.1626   Cr: 16.6944 )
00000121: 14.3043   (Y': 12.2123   Cb: 15.2611   Cr: 16.6784 )
00000122: 14.0952   (Y': 11.9531   Cb: 15.1766   Cr: 16.4402 )
00000123: 13.8951   (Y': 11.7053   Cb: 15.0279   Cr: 16.3066 )
00000124: 13.7349   (Y': 11.4772   Cb: 14.881    Cr: 16.3301 )
00000125: 13.7326   (Y': 11.4739   Cb: 14.9151   Cr: 16.2802 )
00000126: 13.7258   (Y': 11.5537   Cb: 14.8252   Cr: 16.1313 )
00000127: 13.7107   (Y': 11.5352   Cb: 14.8608   Cr: 16.0582 )
00000128: 13.7193   (Y': 11.5683   Cb: 14.8152   Cr: 16.0699 )
00000129: 13.7174   (Y': 11.5512   Cb: 14.8447   Cr: 16.0689 )
00000130: 13.6999   (Y': 11.4956   Cb: 14.9162   Cr: 16.0429 )
00000131: 13.7747   (Y': 11.5791   Cb: 14.9728   Cr: 16.1168 )
00000132: 13.8127   (Y': 11.5523   Cb: 15.0359   Cr: 16.3106 )
00000133: 13.9154   (Y': 11.7069   Cb: 15.0971   Cr: 16.3161 )
00000134: 13.9072   (Y': 11.6861   Cb: 15.1575   Cr: 16.2543 )
00000135: 13.8565   (Y': 11.6217   Cb: 15.099    Cr: 16.2532 )
00000136: 13.9261   (Y': 11.6314   Cb: 15.2415   Cr: 16.4044 )
00000137: 14.1567   (Y': 11.8929   Cb: 15.4091   Cr: 16.6258 )
00000138: 14.3565   (Y': 12.1284   Cb: 15.5195   Cr: 16.8397 )
00000139: 14.2883   (Y': 11.9257   Cb: 15.6614   Cr: 16.899  )
00000140: 14.5052   (Y': 12.2654   Cb: 15.7101   Cr: 16.9665 )
00000141: 14.5453   (Y': 12.2997   Cb: 15.8069   Cr: 16.9485 )
00000142: 14.5265   (Y': 12.2453   Cb: 15.8814   Cr: 16.914  )
00000143: 14.5574   (Y': 12.2637   Cb: 15.9283   Cr: 16.9613 )
00000144: 14.3831   (Y': 12.1007   Cb: 15.7256   Cr: 16.7898 )
00000145: 14.3319   (Y': 12.1355   Cb: 15.561    Cr: 16.6361 )
00000146: 14.3696   (Y': 12.1909   Cb: 15.5594   Cr: 16.6747 )
00000147: 14.3211   (Y': 12.1737   Cb: 15.5002   Cr: 16.5528 )
00000148: 14.3373   (Y': 12.207    Cb: 15.5171   Cr: 16.5221 )
00000149: 14.3633   (Y': 12.1862   Cb: 15.5882   Cr: 16.6185 )
00000150: 14.4216   (Y': 12.2822   Cb: 15.551    Cr: 16.6955 )
00000151: 14.444    (Y': 12.219    Cb: 15.7009   Cr: 16.7934 )
00000152: 14.4683   (Y': 12.2753   Cb: 15.7123   Cr: 16.7439 )
00000153: 14.4684   (Y': 12.2313   Cb: 15.8375   Cr: 16.7118 )
00000154: 14.5643   (Y': 12.3685   Cb: 15.8232   Cr: 16.8289 )
00000155: 14.5341   (Y': 12.3333   Cb: 15.8232   Cr: 16.7751 )
00000156: 14.5741   (Y': 12.3019   Cb: 15.8518   Cr: 17.0347 )
00000157: 14.5885   (Y': 12.3234   Cb: 15.8453   Cr: 17.0556 )
00000158: 14.6226   (Y': 12.3285   Cb: 15.8663   Cr: 17.1944 )
00000159: 14.6001   (Y': 12.3407   Cb: 15.7197   Cr: 17.2376 )
00000160: 14.6229   (Y': 12.2715   Cb: 15.8614   Cr: 17.3832 )
00000161: 14.6387   (Y': 12.2476   Cb: 15.8899   Cr: 17.5118 )
00000162: 14.6478   (Y': 12.2759   Cb: 15.837    Cr: 17.5472 )
00000163: 14.7132   (Y': 12.3307   Cb: 15.8594   Cr: 17.7136 )
00000164: 14.6906   (Y': 12.4034   Cb: 15.7437   Cr: 17.5133 )
00000165: 14.7081   (Y': 12.4188   Cb: 15.7885   Cr: 17.4967 )
00000166: 14.7844   (Y': 12.5437   Cb: 15.7756   Cr: 17.551  )
00000167: 14.8891   (Y': 12.6257   Cb: 15.9642   Cr: 17.6029 )
00000168: 14.9464   (Y': 12.7858   Cb: 15.832    Cr: 17.6234 )
00000169: 14.807    (Y': 12.5985   Cb: 15.6246   Cr: 17.7416 )
00000170: 14.7321   (Y': 12.4946   Cb: 15.5804   Cr: 17.7128 )
00000171: 14.7106   (Y': 12.4651   Cb: 15.5993   Cr: 17.6522 )
00000172: 14.7042   (Y': 12.3973   Cb: 15.7048   Cr: 17.6729 )
00000173: 14.7382   (Y': 12.4267   Cb: 15.7448   Cr: 17.7128 )
00000174: 14.7547   (Y': 12.4468   Cb: 15.787    Cr: 17.677  )
00000175: 14.7398   (Y': 12.371    Cb: 15.8815   Cr: 17.7001 )
00000176: 14.6926   (Y': 12.2641   Cb: 15.9239   Cr: 17.7237 )
00000177: 14.643    (Y': 12.2316   Cb: 15.8005   Cr: 17.7272 )
00000178: 14.6645   (Y': 12.3504   Cb: 15.7658   Cr: 17.5028 )
00000179: 14.7085   (Y': 12.3845   Cb: 15.804    Cr: 17.5879 )
00000180: 14.6346   (Y': 12.2604   Cb: 15.8166   Cr: 17.5521 )
00000181: 14.5519   (Y': 12.1279   Cb: 15.7915   Cr: 17.5546 )
00000182: 14.552    (Y': 12.1603   Cb: 15.7115   Cr: 17.564  )
00000183: 14.5811   (Y': 12.1861   Cb: 15.7525   Cr: 17.5861 )
00000184: 14.5649   (Y': 12.1789   Cb: 15.6495   Cr: 17.6737 )
00000185: 14.5688   (Y': 12.1562   Cb: 15.602    Cr: 17.8579 )
00000186: 14.6235   (Y': 12.2084   Cb: 15.6606   Cr: 17.9157 )
00000187: 14.6382   (Y': 12.2175   Cb: 15.6516   Cr: 17.9912 )
00000188: 14.6509   (Y': 12.2526   Cb: 15.679    Cr: 17.8965 )
00000189: 14.5612   (Y': 12.1992   Cb: 15.5216   Cr: 17.7874 )
00000190: 14.4766   (Y': 12.0578   Cb: 15.5409   Cr: 17.7372 )
00000191: 14.5223   (Y': 12.0949   Cb: 15.5905   Cr: 17.8081 )
00000192: 14.5717   (Y': 12.1081   Cb: 15.7331   Cr: 17.8393 )
00000193: 14.5423   (Y': 12.0627   Cb: 15.729    Cr: 17.8295 )
00000194: 14.5367   (Y': 12.0655   Cb: 15.737    Cr: 17.77   )
00000195: 14.5511   (Y': 12.1274   Cb: 15.6646   Cr: 17.7488 )
00000197: 14.5598   (Y': 12.146    Cb: 15.6219   Cr: 17.8059 )
00000196: 14.5434   (Y': 12.0827   Cb: 15.7122   Cr: 17.7881 )
00000198: 14.6504   (Y': 12.1865   Cb: 15.7325   Cr: 18.0512 )
00000199: 14.6493   (Y': 12.1908   Cb: 15.7125   Cr: 18.0617 )
00000200: 14.8112   (Y': 12.3642   Cb: 15.8258   Cr: 18.2634 )
00000201: 14.8266   (Y': 12.3747   Cb: 15.8535   Cr: 18.2762 )
00000202: 14.8108   (Y': 12.4127   Cb: 15.7673   Cr: 18.177  )
00000203: 14.7879   (Y': 12.3245   Cb: 15.8323   Cr: 18.252  )
00000204: 14.8065   (Y': 12.4366   Cb: 15.6792   Cr: 18.2145 )
00000205: 14.7599   (Y': 12.3492   Cb: 15.7175   Cr: 18.1722 )
00000206: 14.6028   (Y': 12.1838   Cb: 15.5724   Cr: 18.0255 )
00000207: 14.5072   (Y': 12.0992   Cb: 15.4923   Cr: 17.861  )
00000208: 14.4937   (Y': 12.0955   Cb: 15.4566   Cr: 17.8492 )
00000209: 14.4692   (Y': 12.0544   Cb: 15.4342   Cr: 17.8844 )
00000210: 14.5145   (Y': 12.0382   Cb: 15.5072   Cr: 18.1226 )
00000211: 14.5621   (Y': 12.0663   Cb: 15.5465   Cr: 18.2652 )
00000212: 14.5606   (Y': 12.0678   Cb: 15.5574   Cr: 18.2288 )
00000213: 14.6158   (Y': 12.1365   Cb: 15.6517   Cr: 18.1579 )
00000214: 14.7146   (Y': 12.2205   Cb: 15.7993   Cr: 18.2295 )
00000215: 14.7597   (Y': 12.2723   Cb: 15.8429   Cr: 18.2503 )
00000216: 14.8987   (Y': 12.3162   Cb: 16.134    Cr: 18.5121 )
00000217: 14.9588   (Y': 12.4339   Cb: 16.0831   Cr: 18.5284 )
00000218: 14.9138   (Y': 12.4274   Cb: 15.9639   Cr: 18.4587 )
00000219: 14.9007   (Y': 12.3985   Cb: 16.0029   Cr: 18.4174 )
00000220: 14.8      (Y': 12.323    Cb: 15.9129   Cr: 18.1993 )
00000221: 14.802    (Y': 12.3653   Cb: 15.8379   Cr: 18.1778 )
00000222: 14.6757   (Y': 12.2298   Cb: 15.7607   Cr: 18.0032 )
00000223: 14.6474   (Y': 12.2079   Cb: 15.7507   Cr: 17.9201 )
00000224: 14.568    (Y': 12.0885   Cb: 15.717    Cr: 17.9166 )
00000225: 14.5596   (Y': 12.0974   Cb: 15.6681   Cr: 17.9093 )
00000226: 14.5426   (Y': 12.1222   Cb: 15.608    Cr: 17.807  )
00000227: 14.5766   (Y': 12.177    Cb: 15.6186   Cr: 17.8034 )
00000228: 14.6673   (Y': 12.2359   Cb: 15.7312   Cr: 17.9754 )
00000229: 14.6952   (Y': 12.2763   Cb: 15.7079   Cr: 18.0432 )
00000230: 14.6847   (Y': 12.201    Cb: 15.7993   Cr: 18.107  )
00000231: 14.6241   (Y': 12.1789   Cb: 15.7374   Cr: 17.9018 )
00000232: 14.6136   (Y': 12.1924   Cb: 15.6544   Cr: 17.9225 )
00000233: 14.786    (Y': 12.4543   Cb: 15.7024   Cr: 17.9774 )
00000234: 14.9201   (Y': 12.6046   Cb: 15.8446   Cr: 18.0408 )
00000235: 14.8033   (Y': 12.4772   Cb: 15.6606   Cr: 18.0759 )
00000236: 14.651    (Y': 12.3444   Cb: 15.5493   Cr: 17.7847 )
00000237: 14.5488   (Y': 12.2677   Cb: 15.3961   Cr: 17.6793 )
00000238: 14.5436   (Y': 12.237    Cb: 15.4502   Cr: 17.6634 )
00000239: 14.5241   (Y': 12.2013   Cb: 15.4462   Cr: 17.6745 )
00000240: 14.5079   (Y': 12.1658   Cb: 15.4629   Cr: 17.6719 )
00000241: 14.4551   (Y': 12.1062   Cb: 15.4002   Cr: 17.6602 )
00000242: 14.5509   (Y': 12.2551   Cb: 15.5051   Cr: 17.5554 )
00000243: 14.7125   (Y': 12.4482   Cb: 15.604    Cr: 17.7118 )
00000244: 14.8862   (Y': 12.6323   Cb: 15.8534   Cr: 17.7318 )
00000245: 14.9783   (Y': 12.7316   Cb: 15.9518   Cr: 17.7911 )
00000246: 15.092    (Y': 12.8203   Cb: 16.1608   Cr: 17.8415 )
00000247: 15.0555   (Y': 12.7985   Cb: 16.1391   Cr: 17.737  )
00000248: 15.1577   (Y': 12.8517   Cb: 16.3237   Cr: 17.8754 )
00000250: 15.1301   (Y': 12.6874   Cb: 16.5845   Cr: 17.8908 )
00000251: 15.0939   (Y': 12.6136   Cb: 16.5987   Cr: 17.9119 )
00000252: 15.0934   (Y': 12.5407   Cb: 16.7373   Cr: 17.9745 )
00000254: 15.1903   (Y': 12.5931   Cb: 16.9019   Cr: 18.1385 )
00000253: 15.1301   (Y': 12.5635   Cb: 16.766    Cr: 18.0709 )
00000249: 15.2345   (Y': 12.8881   Cb: 16.5146   Cr: 17.92   )
00000255: 15.1684   (Y': 12.589    Cb: 16.8468   Cr: 18.0974 )
00000256: 15.2045   (Y': 12.5734   Cb: 17.033    Cr: 18.1214 )
00000257: 15.2236   (Y': 12.5577   Cb: 17.1019   Cr: 18.2027 )
00000258: 15.1285   (Y': 12.5118   Cb: 16.968    Cr: 17.9804 )
00000259: 15.1155   (Y': 12.5152   Cb: 16.9392   Cr: 17.9299 )
00000261: 15.1929   (Y': 12.6324   Cb: 16.935    Cr: 17.9732 )
00000263: 15.0585   (Y': 12.5701   Cb: 16.7531   Cr: 17.6585 )
00000260: 15.2054   (Y': 12.6689   Cb: 16.9492   Cr: 17.9021 )
00000262: 15.0511   (Y': 12.5355   Cb: 16.7401   Cr: 17.7472 )
00000264: 15.0031   (Y': 12.5305   Cb: 16.6414   Cr: 17.622  )
00000265: 15.0097   (Y': 12.5746   Cb: 16.6085   Cr: 17.5584 )
00000266: 15.0039   (Y': 12.6111   Cb: 16.5567   Cr: 17.478  )
00000267: 15.0568   (Y': 12.6234   Cb: 16.6758   Cr: 17.575  )
00000268: 15.0661   (Y': 12.641    Cb: 16.6588   Cr: 17.5911 )
00000270: 15.0283   (Y': 12.5364   Cb: 16.864    Cr: 17.4714 )
00000269: 15.0706   (Y': 12.6116   Cb: 16.7852   Cr: 17.5531 )
00000271: 14.9744   (Y': 12.4974   Cb: 16.8188   Cr: 17.3616 )
00000272: 14.978    (Y': 12.4814   Cb: 16.8577   Cr: 17.3858 )
00000273: 14.9942   (Y': 12.4904   Cb: 16.812    Cr: 17.4952 )
00000274: 14.9913   (Y': 12.4177   Cb: 16.8553   Cr: 17.6652 )
00000275: 14.9833   (Y': 12.4034   Cb: 16.8894   Cr: 17.6275 )
00000276: 14.9196   (Y': 12.3289   Cb: 16.8017   Cr: 17.6291 )
00000277: 14.956    (Y': 12.3829   Cb: 16.7959   Cr: 17.6572 )
00000278: 14.9221   (Y': 12.3677   Cb: 16.8215   Cr: 17.4906 )
00000279: 14.9735   (Y': 12.4218   Cb: 16.9041   Cr: 17.497  )
00000280: 15.0625   (Y': 12.4866   Cb: 17.039    Cr: 17.6116 )
00000281: 15.1      (Y': 12.4589   Cb: 17.0511   Cr: 17.899  )
00000282: 15.1401   (Y': 12.5322   Cb: 17.0036   Cr: 17.931  )
00000283: 15.1237   (Y': 12.5595   Cb: 16.8732   Cr: 17.9068 )
00000284: 15.1354   (Y': 12.4966   Cb: 17.0006   Cr: 18.0331 )
00000285: 15.0817   (Y': 12.4227   Cb: 17.0388   Cr: 17.937  )
00000286: 14.9462   (Y': 12.3135   Cb: 16.8949   Cr: 17.7191 )
00000287: 14.8835   (Y': 12.2508   Cb: 16.8928   Cr: 17.5844 )
00000288: 14.8723   (Y': 12.2607   Cb: 16.8999   Cr: 17.4806 )
00000289: 14.9151   (Y': 12.3485   Cb: 16.8949   Cr: 17.4307 )
00000290: 15.0145   (Y': 12.4451   Cb: 16.9969   Cr: 17.5362 )
00000291: 15.0426   (Y': 12.4418   Cb: 17.0594   Cr: 17.6274 )
00000292: 15.0688   (Y': 12.5113   Cb: 17.0255   Cr: 17.5808 )
00000293: 15.0238   (Y': 12.458    Cb: 17.0471   Cr: 17.4879 )
00000294: 15.0787   (Y': 12.4959   Cb: 17.078    Cr: 17.6249 )
00000295: 15.0973   (Y': 12.4887   Cb: 17.1858   Cr: 17.6275 )
00000296: 15.1603   (Y': 12.5052   Cb: 17.3207   Cr: 17.7646 )
00000297: 15.1876   (Y': 12.5428   Cb: 17.3485   Cr: 17.7574 )
00000298: 15.1844   (Y': 12.5474   Cb: 17.2742   Cr: 17.807  )
00000299: 15.1497   (Y': 12.4971   Cb: 17.2047   Cr: 17.8655 )
00000300: 14.9722   (Y': 12.3281   Cb: 17.0343   Cr: 17.6507 )
00000301: 14.7051   (Y': 12.0234   Cb: 16.8362   Cr: 17.4334 )
00000302: 14.2878   (Y': 11.6316   Cb: 16.4817   Cr: 16.8593 )
00000303: 14.286    (Y': 11.6225   Cb: 16.483    Cr: 16.8779 )
00000304: 14.2225   (Y': 11.5671   Cb: 16.4684   Cr: 16.7351 )
00000305: 14.2142   (Y': 11.588    Cb: 16.3982   Cr: 16.6974 )
00000306: 14.1929   (Y': 11.5612   Cb: 16.4779   Cr: 16.5876 )
00000307: 14.1214   (Y': 11.4996   Cb: 16.3929   Cr: 16.4989 )
00000308: 14.0628   (Y': 11.4338   Cb: 16.2846   Cr: 16.5149 )
00000309: 14.0066   (Y': 11.34     Cb: 16.3702   Cr: 16.4337 )
00000310: 13.8832   (Y': 11.2027   Cb: 16.2943   Cr: 16.307  )
00000311: 13.8672   (Y': 11.2028   Cb: 16.1705   Cr: 16.349  )
00000312: 13.7882   (Y': 11.1575   Cb: 15.8647   Cr: 16.4047 )
00000313: 13.7799   (Y': 11.1955   Cb: 15.7509   Cr: 16.3634 )
00000314: 13.8235   (Y': 11.2614   Cb: 15.7273   Cr: 16.412  )
00000315: 13.8425   (Y': 11.2821   Cb: 15.7548   Cr: 16.4153 )
00000316: 13.7569   (Y': 11.1351   Cb: 15.6809   Cr: 16.5217 )
00000317: 13.733    (Y': 11.1172   Cb: 15.6433   Cr: 16.494  )
00000318: 13.7413   (Y': 11.1274   Cb: 15.6274   Cr: 16.5253 )
00000319: 13.6985   (Y': 11.0559   Cb: 15.6508   Cr: 16.5018 )
00000320: 13.7699   (Y': 11.1666   Cb: 15.5743   Cr: 16.6189 )
00000321: 13.7839   (Y': 11.1893   Cb: 15.4945   Cr: 16.7239 )
00000322: 13.9714   (Y': 11.3443   Cb: 15.5876   Cr: 17.162  )
00000323: 14.0228   (Y': 11.3959   Cb: 15.5646   Cr: 17.3215 )
00000324: 14.067    (Y': 11.4216   Cb: 15.5774   Cr: 17.4873 )
00000325: 14.1697   (Y': 11.4913   Cb: 15.7337   Cr: 17.6418 )
00000326: 14.841    (Y': 12.2436   Cb: 16.3025   Cr: 18.1463 )
00000327: 14.8964   (Y': 12.2761   Cb: 16.4114   Cr: 18.21   )
00000328: 14.956    (Y': 12.3073   Cb: 16.4028   Cr: 18.4909 )
00000329: 15.0094   (Y': 12.3561   Cb: 16.4865   Cr: 18.515  )
00000330: 15.0152   (Y': 12.3394   Cb: 16.6092   Cr: 18.4305 )
00000331: 14.9845   (Y': 12.3039   Cb: 16.4946   Cr: 18.5509 )
00000332: 14.9702   (Y': 12.3425   Cb: 16.3622   Cr: 18.5072 )
00000333: 14.9817   (Y': 12.4094   Cb: 16.2393   Cr: 18.5151 )
00000334: 15.0108   (Y': 12.4298   Cb: 16.2439   Cr: 18.6218 )
00000335: 14.9659   (Y': 12.3776   Cb: 16.2112   Cr: 18.5862 )
00000336: 14.9624   (Y': 12.3817   Cb: 16.1591   Cr: 18.6356 )
00000337: 14.9837   (Y': 12.3713   Cb: 16.2177   Cr: 18.726  )
00000338: 14.9871   (Y': 12.3166   Cb: 16.3195   Cr: 18.8094 )
00000339: 15.0371   (Y': 12.3835   Cb: 16.367    Cr: 18.7892 )
00000340: 15.0101   (Y': 12.3402   Cb: 16.2928   Cr: 18.9195 )
00000341: 15.0409   (Y': 12.3605   Cb: 16.3743   Cr: 18.9057 )
00000342: 14.997    (Y': 12.3811   Cb: 16.2229   Cr: 18.7688 )
00000343: 14.9651   (Y': 12.3731   Cb: 16.1572   Cr: 18.6942 )
00000344: 14.9778   (Y': 12.3676   Cb: 16.2128   Cr: 18.7087 )
00000345: 15.0438   (Y': 12.4534   Cb: 16.2514   Cr: 18.739  )
00000346: 15.0059   (Y': 12.4238   Cb: 16.1826   Cr: 18.7207 )
00000347: 14.9492   (Y': 12.3263   Cb: 16.1815   Cr: 18.7407 )
00000348: 14.9284   (Y': 12.2526   Cb: 16.2594   Cr: 18.7773 )
00000349: 14.9515   (Y': 12.2761   Cb: 16.2644   Cr: 18.831  )
00000350: 15.0502   (Y': 12.3725   Cb: 16.3938   Cr: 18.8851 )
00000351: 15.0526   (Y': 12.3382   Cb: 16.4966   Cr: 18.8768 )
00000352: 15.0318   (Y': 12.3584   Cb: 16.4821   Cr: 18.6647 )
00000353: 15.0887   (Y': 12.4247   Cb: 16.5452   Cr: 18.6721 )
00000354: 15.1731   (Y': 12.5532   Cb: 16.5218   Cr: 18.7495 )
00000355: 15.1671   (Y': 12.5284   Cb: 16.5445   Cr: 18.7742 )
00000356: 15.1596   (Y': 12.5388   Cb: 16.4361   Cr: 18.863  )
00000357: 15.1418   (Y': 12.5569   Cb: 16.3845   Cr: 18.7521 )
00000358: 15.203    (Y': 12.6171   Cb: 16.4734   Cr: 18.7699 )
00000359: 15.2187   (Y': 12.6199   Cb: 16.5032   Cr: 18.8158 )
00000360: 15.2767   (Y': 12.733    Cb: 16.498    Cr: 18.7554 )
00000361: 15.313    (Y': 12.7833   Cb: 16.5478   Cr: 18.7138 )
00000362: 15.2396   (Y': 12.7231   Cb: 16.4817   Cr: 18.5771 )
00000363: 15.1789   (Y': 12.6446   Cb: 16.4734   Cr: 18.5011 )
00000364: 15.1353   (Y': 12.6526   Cb: 16.2519   Cr: 18.5504 )
00000365: 15.1466   (Y': 12.6496   Cb: 16.236    Cr: 18.6652 )
00000366: 15.119    (Y': 12.6582   Cb: 16.1962   Cr: 18.5164 )
00000367: 15.1343   (Y': 12.6126   Cb: 16.3088   Cr: 18.6042 )
00000368: 15.2053   (Y': 12.6183   Cb: 16.5648   Cr: 18.63   )
00000369: 15.1122   (Y': 12.5598   Cb: 16.4149   Cr: 18.4914 )
00000370: 15.1251   (Y': 12.5699   Cb: 16.442    Cr: 18.4923 )
00000371: 15.2122   (Y': 12.7056   Cb: 16.418    Cr: 18.5711 )
00000372: 15.1914   (Y': 12.5906   Cb: 16.5947   Cr: 18.6008 )
00000373: 15.191    (Y': 12.592    Cb: 16.6375   Cr: 18.5262 )
00000374: 14.9684   (Y': 12.1749   Cb: 16.6995   Cr: 18.6731 )
00000375: 14.8407   (Y': 11.9533   Cb: 16.7547   Cr: 18.6893 )
00000376: 14.9046   (Y': 12.0008   Cb: 16.9068   Cr: 18.6945 )
00000377: 14.9015   (Y': 11.9535   Cb: 16.9886   Cr: 18.773  )
00000378: 14.8014   (Y': 11.8415   Cb: 16.8918   Cr: 18.7252 )
00000379: 14.7137   (Y': 11.7814   Cb: 16.797    Cr: 18.5162 )
00000380: 14.6341   (Y': 11.7735   Cb: 16.551    Cr: 18.3542 )
00000381: 14.5842   (Y': 11.6929   Cb: 16.593    Cr: 18.3069 )
00000382: 14.6028   (Y': 11.6894   Cb: 16.5871   Cr: 18.4657 )
00000383: 14.5814   (Y': 11.6588   Cb: 16.494    Cr: 18.6024 )
00000384: 14.513    (Y': 11.5722   Cb: 16.5624   Cr: 18.4072 )
00000385: 14.4942   (Y': 11.5425   Cb: 16.5684   Cr: 18.4029 )
00000386: 14.5328   (Y': 11.6147   Cb: 16.5031   Cr: 18.4397 )
00000387: 14.5863   (Y': 11.634    Cb: 16.6346   Cr: 18.5384 )
00000388: 14.6051   (Y': 11.6744   Cb: 16.538    Cr: 18.6333 )
00000389: 14.582    (Y': 11.6767   Cb: 16.5328   Cr: 18.4581 )
00000390: 14.5776   (Y': 11.6423   Cb: 16.5917   Cr: 18.4997 )
00000391: 14.6155   (Y': 11.7184   Cb: 16.5298   Cr: 18.51   )
00000392: 14.5513   (Y': 11.6833   Cb: 16.3943   Cr: 18.4205 )
00000393: 14.5824   (Y': 11.7299   Cb: 16.4629   Cr: 18.3212 )
00000394: 14.6744   (Y': 11.8177   Cb: 16.5258   Cr: 18.4774 )
00000395: 14.7253   (Y': 11.884    Cb: 16.5576   Cr: 18.4867 )
00000396: 14.7242   (Y': 11.8968   Cb: 16.5659   Cr: 18.4086 )
00000397: 14.839    (Y': 11.9667   Cb: 16.7595   Cr: 18.6067 )
00000398: 14.9848   (Y': 12.0965   Cb: 16.8937   Cr: 18.8454 )
00000399: 14.9571   (Y': 12.0596   Cb: 16.8734   Cr: 18.8501 )
00000400: 15.0573   (Y': 12.1478   Cb: 17.0038   Cr: 18.9601 )
00000401: 15.2128   (Y': 12.3201   Cb: 17.0978   Cr: 19.1321 )
00000402: 15.3216   (Y': 12.3809   Cb: 17.3236   Cr: 19.2886 )
00000403: 15.4082   (Y': 12.4964   Cb: 17.3772   Cr: 19.2871 )
00000404: 15.6767   (Y': 12.8283   Cb: 17.6346   Cr: 19.2811 )
00000405: 15.8583   (Y': 13.068    Cb: 17.7472   Cr: 19.3122 )
00000406: 16.0481   (Y': 13.3284   Cb: 17.7412   Cr: 19.4935 )
00000407: 16.0756   (Y': 13.3714   Cb: 17.8869   Cr: 19.2892 )
00000408: 15.9729   (Y': 13.3339   Cb: 17.7708   Cr: 18.9585 )
00000409: 15.8411   (Y': 13.1981   Cb: 17.7641   Cr: 18.6819 )
00000410: 15.5484   (Y': 12.7749   Cb: 17.5995   Cr: 18.713  )
00000411: 15.4909   (Y': 12.702    Cb: 17.5204   Cr: 18.7451 )
00000412: 15.4153   (Y': 12.5947   Cb: 17.4625   Cr: 18.7751 )
00000413: 15.4505   (Y': 12.5811   Cb: 17.5955   Cr: 18.8838 )
00000414: 15.4648   (Y': 12.6501   Cb: 17.5141   Cr: 18.7971 )
00000415: 15.4658   (Y': 12.6755   Cb: 17.3688   Cr: 18.8995 )
00000416: 15.5741   (Y': 12.8957   Cb: 17.2735   Cr: 18.8441 )
00000417: 15.6905   (Y': 13.0357   Cb: 17.3899   Cr: 18.8687 )
00000418: 15.8927   (Y': 13.4566   Cb: 17.3054   Cr: 18.6879 )
00000419: 15.8887   (Y': 13.4394   Cb: 17.3446   Cr: 18.6688 )
00000420: 15.7215   (Y': 13.262    Cb: 17.031    Cr: 18.7448 )
00000421: 15.6746   (Y': 13.2161   Cb: 16.9181   Cr: 18.7938 )
00000422: 15.586    (Y': 13.1892   Cb: 16.696    Cr: 18.6928 )
00000423: 15.5842   (Y': 13.2113   Cb: 16.6774   Cr: 18.6334 )
00000424: 15.585    (Y': 13.2281   Cb: 16.6484   Cr: 18.6255 )
00000425: 15.6315   (Y': 13.2876   Cb: 16.6732   Cr: 18.6614 )
00000426: 15.5145   (Y': 13.2327   Cb: 16.4058   Cr: 18.5736 )
00000427: 15.4749   (Y': 13.1915   Cb: 16.3772   Cr: 18.5212 )
00000428: 15.3353   (Y': 13.0417   Cb: 16.1295   Cr: 18.6017 )
00000429: 15.3087   (Y': 13.0719   Cb: 16.0064   Cr: 18.5445 )
00000430: 15.3495   (Y': 13.1588   Cb: 16.0342   Cr: 18.449  )
00000431: 15.3242   (Y': 13.1394   Cb: 15.9575   Cr: 18.495  )
00000432: 15.2819   (Y': 13.1623   Cb: 15.8409   Cr: 18.3657 )
00000433: 15.2854   (Y': 13.1721   Cb: 15.8694   Cr: 18.3039 )
00000434: 15.3713   (Y': 13.3068   Cb: 15.8965   Cr: 18.3358 )
00000435: 15.4212   (Y': 13.3297   Cb: 15.9902   Cr: 18.3954 )
00000436: 15.7668   (Y': 13.656    Cb: 16.3481   Cr: 18.7818 )
00000437: 16.2373   (Y': 13.9697   Cb: 17.2727   Cr: 19.0233 )
00000438: 16.7959   (Y': 14.4082   Cb: 18.278    Cr: 19.3431 )
00000439: 16.8725   (Y': 14.3698   Cb: 18.6696   Cr: 19.3948 )
00000440: 16.137    (Y': 13.9077   Cb: 17.4322   Cr: 18.45   )
00000441: 16.0668   (Y': 13.8793   Cb: 17.3272   Cr: 18.3068 )
00000442: 15.901    (Y': 13.8859   Cb: 17.0962   Cr: 17.7707 )
00000443: 15.8088   (Y': 13.6947   Cb: 16.9751   Cr: 17.9666 )
00000444: 15.6091   (Y': 13.3582   Cb: 16.7499   Cr: 18.1907 )
00000445: 15.6456   (Y': 13.4266   Cb: 16.7257   Cr: 18.2162 )
00000446: 15.5536   (Y': 13.1678   Cb: 16.7522   Cr: 18.4857 )
00000447: 15.6696   (Y': 13.321    Cb: 16.8601   Cr: 18.4898 )
00000448: 15.612    (Y': 13.218    Cb: 16.7955   Cr: 18.5951 )
00000449: 15.5703   (Y': 13.2239   Cb: 16.7186   Cr: 18.4452 )
00000450: 15.6755   (Y': 13.316    Cb: 16.8413   Cr: 18.5681 )
00000451: 15.739    (Y': 13.3836   Cb: 16.9455   Cr: 18.5578 )
00000452: 15.6217   (Y': 13.2449   Cb: 16.8443   Cr: 18.4882 )
00000453: 15.5856   (Y': 13.1878   Cb: 16.8761   Cr: 18.4242 )
00000454: 15.5642   (Y': 13.1932   Cb: 16.8568   Cr: 18.3116 )
00000455: 15.5908   (Y': 13.2503   Cb: 16.8259   Cr: 18.3206 )
00000456: 15.6162   (Y': 13.2827   Cb: 16.8533   Cr: 18.3205 )
00000457: 15.5973   (Y': 13.2778   Cb: 16.7947   Cr: 18.3131 )
00000458: 15.6685   (Y': 13.318    Cb: 16.9083   Cr: 18.4241 )
00000459: 15.6633   (Y': 13.3067   Cb: 16.9601   Cr: 18.3582 )
00000460: 15.6864   (Y': 13.3008   Cb: 16.941    Cr: 18.536  )
00000461: 15.7215   (Y': 13.3474   Cb: 16.9795   Cr: 18.528  )
00000462: 15.7065   (Y': 13.3222   Cb: 16.8768   Cr: 18.6761 )
00000463: 15.7636   (Y': 13.3558   Cb: 16.9763   Cr: 18.7503 )
00000464: 15.7589   (Y': 13.2917   Cb: 17.0627   Cr: 18.8178 )
00000465: 15.6719   (Y': 13.2623   Cb: 16.8926   Cr: 18.6528 )
00000466: 15.6861   (Y': 13.2953   Cb: 16.8754   Cr: 18.6496 )
00000467: 15.7201   (Y': 13.3316   Cb: 16.9284   Cr: 18.647  )
00000468: 15.8101   (Y': 13.4283   Cb: 17.0372   Cr: 18.6868 )
00000469: 15.8114   (Y': 13.4401   Cb: 16.9991   Cr: 18.711  )
00000470: 15.9296   (Y': 13.5842   Cb: 17.1333   Cr: 18.7198 )
00000471: 15.9766   (Y': 13.6247   Cb: 17.1871   Cr: 18.7781 )
00000472: 16.019    (Y': 13.718    Cb: 17.1597   Cr: 18.7569 )
00000473: 16.0857   (Y': 13.7298   Cb: 17.3622   Cr: 18.8071 )
00000474: 16.1108   (Y': 13.791    Cb: 17.3634   Cr: 18.7502 )
00000475: 16.1277   (Y': 13.8221   Cb: 17.3518   Cr: 18.7624 )
00000476: 16.1948   (Y': 13.8723   Cb: 17.5164   Cr: 18.7496 )
00000477: 16.1751   (Y': 13.7957   Cb: 17.6141   Cr: 18.7523 )
00000478: 16.2864   (Y': 13.9218   Cb: 17.7827   Cr: 18.7445 )
00000479: 16.3538   (Y': 14.0169   Cb: 17.8407   Cr: 18.7408 )
00000480: 16.4385   (Y': 13.9887   Cb: 18.2382   Cr: 18.7935 )
00000481: 16.4914   (Y': 14.0055   Cb: 18.3371   Cr: 18.9044 )
00000482: 16.659    (Y': 14.1417   Cb: 18.6452   Cr: 19.0123 )
00000483: 16.6528   (Y': 14.1269   Cb: 18.6571   Cr: 19.013  )
00000484: 16.5955   (Y': 13.9782   Cb: 18.7786   Cr: 19.0507 )
00000485: 16.6182   (Y': 13.9773   Cb: 18.8753   Cr: 19.0714 )
00000486: 16.5459   (Y': 13.841    Cb: 18.8932   Cr: 19.1162 )
00000487: 16.5664   (Y': 13.8722   Cb: 18.8997   Cr: 19.1152 )
00000488: 16.6612   (Y': 13.9348   Cb: 18.9733   Cr: 19.3427 )
00000489: 16.7101   (Y': 13.946    Cb: 19.1152   Cr: 19.4231 )
00000490: 16.7871   (Y': 13.9725   Cb: 19.3488   Cr: 19.5141 )
00000491: 16.7428   (Y': 13.9361   Cb: 19.2655   Cr: 19.4821 )
00000492: 16.8263   (Y': 13.9987   Cb: 19.3357   Cr: 19.6559 )
00000493: 16.7748   (Y': 13.9853   Cb: 19.2531   Cr: 19.4992 )
00000494: 16.7552   (Y': 13.9289   Cb: 19.3365   Cr: 19.5038 )
00000495: 16.7584   (Y': 13.9706   Cb: 19.2767   Cr: 19.4356 )
00000496: 16.8185   (Y': 14.0663   Cb: 19.2327   Cr: 19.4795 )
00000497: 16.759    (Y': 13.9997   Cb: 19.1615   Cr: 19.4575 )
00000498: 16.8291   (Y': 14.0758   Cb: 19.2811   Cr: 19.4543 )
00000499: 16.8432   (Y': 14.1086   Cb: 19.2652   Cr: 19.4358 )
00000500: 16.869    (Y': 14.1318   Cb: 19.3296   Cr: 19.4304 )
00000501: 16.8598   (Y': 14.1086   Cb: 19.3277   Cr: 19.4619 )
00000502: 16.9646   (Y': 14.2398   Cb: 19.5071   Cr: 19.4029 )
00000503: 16.9443   (Y': 14.2204   Cb: 19.552    Cr: 19.317  )
00000504: 16.87     (Y': 14.1799   Cb: 19.4257   Cr: 19.1837 )
00000505: 16.89     (Y': 14.2072   Cb: 19.3957   Cr: 19.2282 )
00000506: 16.8839   (Y': 14.2553   Cb: 19.2274   Cr: 19.2103 )
00000507: 16.8822   (Y': 14.2687   Cb: 19.2088   Cr: 19.1784 )
00000508: 16.9214   (Y': 14.3656   Cb: 19.1531   Cr: 19.1357 )
00000509: 16.9204   (Y': 14.3814   Cb: 19.1317   Cr: 19.1051 )
00000510: 16.9193   (Y': 14.3547   Cb: 19.0894   Cr: 19.2229 )
00000511: 16.925    (Y': 14.3093   Cb: 19.1216   Cr: 19.361  )
00000512: 16.9023   (Y': 14.2757   Cb: 19.2148   Cr: 19.2531 )
00000513: 16.9078   (Y': 14.2836   Cb: 19.2103   Cr: 19.2615 )
00000514: 16.9207   (Y': 14.2418   Cb: 19.288    Cr: 19.3839 )
00000515: 16.9055   (Y': 14.2115   Cb: 19.2915   Cr: 19.3992 )
00000516: 16.7968   (Y': 14.1267   Cb: 19.1578   Cr: 19.2375 )
00000517: 16.8084   (Y': 14.0844   Cb: 19.2507   Cr: 19.3443 )
00000518: 16.8397   (Y': 14.0688   Cb: 19.4716   Cr: 19.3445 )
00000519: 16.8317   (Y': 14.0421   Cb: 19.4612   Cr: 19.4021 )
00000520: 16.7954   (Y': 14.0177   Cb: 19.4923   Cr: 19.2605 )
00000521: 16.7603   (Y': 13.9926   Cb: 19.3864   Cr: 19.2599 )
00000522: 16.6705   (Y': 13.898    Cb: 19.4334   Cr: 19.057  )
00000523: 16.6267   (Y': 13.8161   Cb: 19.4841   Cr: 19.0531 )
00000524: 16.4785   (Y': 13.7192   Cb: 19.2105   Cr: 18.8497 )
00000525: 16.3732   (Y': 13.6119   Cb: 19.0834   Cr: 18.7712 )
00000526: 16.3622   (Y': 13.5491   Cb: 19.2585   Cr: 18.7618 )
00000527: 16.2713   (Y': 13.4458   Cb: 19.1494   Cr: 18.7287 )
00000528: 16.1384   (Y': 13.3294   Cb: 19.0108   Cr: 18.5457 )
00000529: 16.0621   (Y': 13.2487   Cb: 18.9002   Cr: 18.5152 )
00000530: 15.9604   (Y': 13.1499   Cb: 18.7918   Cr: 18.4099 )
00000531: 15.9302   (Y': 13.1235   Cb: 18.7138   Cr: 18.4113 )
00000532: 15.8541   (Y': 13.0835   Cb: 18.5922   Cr: 18.2568 )
00000533: 15.7857   (Y': 13.0299   Cb: 18.5073   Cr: 18.1556 )
00000534: 15.6247   (Y': 12.9282   Cb: 18.1751   Cr: 17.9637 )
00000535: 15.544    (Y': 12.8803   Cb: 18.0161   Cr: 17.8545 )
00000536: 15.349    (Y': 12.7364   Cb: 17.7147   Cr: 17.6038 )
00000537: 15.3039   (Y': 12.7339   Cb: 17.6587   Cr: 17.4409 )
00000538: 15.2659   (Y': 12.8124   Cb: 17.4718   Cr: 17.2113 )
00000539: 15.2571   (Y': 12.8623   Cb: 17.3836   Cr: 17.1182 )
00000540: 15.6732   (Y': 13.3126   Cb: 17.7073   Cr: 17.5313 )
00000541: 15.8049   (Y': 13.4108   Cb: 17.9141   Cr: 17.6808 )
00000542: 16.271    (Y': 14.0466   Cb: 18.1346   Cr: 17.946  )
00000543: 15.9965   (Y': 13.7806   Cb: 17.798    Cr: 17.7109 )
00000544: 15.4595   (Y': 13.2045   Cb: 17.2033   Cr: 17.3303 )
00000545: 15.3958   (Y': 13.1496   Cb: 17.1328   Cr: 17.2513 )
00000546: 15.3555   (Y': 13.0721   Cb: 17.1035   Cr: 17.2966 )
00000547: 15.2052   (Y': 12.9572   Cb: 16.9198   Cr: 17.0882 )
00000548: 14.885    (Y': 12.633    Cb: 16.6156   Cr: 16.762  )
00000549: 14.7522   (Y': 12.5244   Cb: 16.4974   Cr: 16.5522 )
00000550: 14.6351   (Y': 12.4486   Cb: 16.3326   Cr: 16.3804 )
00000551: 14.7126   (Y': 12.5661   Cb: 16.4058   Cr: 16.3645 )
00000552: 14.7216   (Y': 12.5743   Cb: 16.5078   Cr: 16.2852 )
00000553: 14.6582   (Y': 12.5044   Cb: 16.4646   Cr: 16.218  )
00000554: 14.7721   (Y': 12.5832   Cb: 16.7062   Cr: 16.2962 )
00000555: 15.0594   (Y': 12.8269   Cb: 17.0377   Cr: 16.6471 )
00000556: 15.0618   (Y': 12.8533   Cb: 16.8546   Cr: 16.7663 )
00000557: 15.038    (Y': 12.8104   Cb: 16.8743   Cr: 16.7472 )
00000558: 15.1278   (Y': 12.8419   Cb: 16.9471   Cr: 17.0018 )
00000559: 15.0367   (Y': 12.685    Cb: 16.8952   Cr: 17.046  )
00000560: 15.0117   (Y': 12.6804   Cb: 16.7322   Cr: 17.1122 )
00000561: 14.9879   (Y': 12.6495   Cb: 16.7114   Cr: 17.1046 )
00000562: 14.9197   (Y': 12.5671   Cb: 16.7345   Cr: 16.9775 )
00000563: 14.8304   (Y': 12.469    Cb: 16.6369   Cr: 16.9217 )
00000564: 14.7302   (Y': 12.345    Cb: 16.6025   Cr: 16.8182 )
00000565: 14.6663   (Y': 12.2574   Cb: 16.5686   Cr: 16.7895 )
00000566: 14.5084   (Y': 12.0983   Cb: 16.4537   Cr: 16.5905 )
00000567: 14.5081   (Y': 12.1377   Cb: 16.4256   Cr: 16.5081 )
00000568: 14.3433   (Y': 11.9435   Cb: 16.3674   Cr: 16.3167 )
00000569: 14.2353   (Y': 11.8569   Cb: 16.2316   Cr: 16.1781 )
00000570: 14.1535   (Y': 11.7833   Cb: 16.1908   Cr: 16.0343 )
00000571: 14.1285   (Y': 11.7801   Cb: 16.1367   Cr: 15.9797 )
00000572: 14.0657   (Y': 11.7043   Cb: 16.1687   Cr: 15.8611 )
00000573: 14.0341   (Y': 11.6832   Cb: 16.1113   Cr: 15.8263 )
00000574: 13.9835   (Y': 11.6457   Cb: 16.053    Cr: 15.7493 )
00000575: 13.9575   (Y': 11.6364   Cb: 16.033    Cr: 15.6748 )
00000576: 13.9896   (Y': 11.6823   Cb: 16.0426   Cr: 15.6924 )
00000577: 13.976    (Y': 11.6992   Cb: 16.0091   Cr: 15.6212 )
00000578: 13.8849   (Y': 11.6155   Cb: 15.914    Cr: 15.5158 )
00000579: 13.8787   (Y': 11.612    Cb: 15.893    Cr: 15.5167 )
00000580: 13.8928   (Y': 11.6663   Cb: 15.856    Cr: 15.4794 )
00000581: 13.694    (Y': 11.3972   Cb: 15.6814   Cr: 15.4321 )
00000582: 13.7409   (Y': 11.4096   Cb: 15.7473   Cr: 15.5494 )
00000583: 13.7983   (Y': 11.5114   Cb: 15.7595   Cr: 15.5356 )
00000584: 13.8411   (Y': 11.5442   Cb: 15.8084   Cr: 15.5984 )
00000585: 13.851    (Y': 11.5581   Cb: 15.8419   Cr: 15.5758 )
00000586: 13.5119   (Y': 11.2068   Cb: 15.519    Cr: 15.2523 )
00000587: 13.448    (Y': 11.1611   Cb: 15.3964   Cr: 15.1981 )
00000588: 13.3312   (Y': 11.1021   Cb: 15.1437   Cr: 15.0674 )
00000590: 13.1204   (Y': 10.9494   Cb: 14.8773   Cr: 14.7688 )
00000589: 13.2566   (Y': 11.0516   Cb: 15.0572   Cr: 14.9448 )
00000591: 13.0535   (Y': 10.8547   Cb: 14.8156   Cr: 14.7645 )
00000592: 12.9808   (Y': 10.7965   Cb: 14.6956   Cr: 14.7031 )
00000593: 12.9913   (Y': 10.811    Cb: 14.7297   Cr: 14.6804 )
Total: 14.4856   (Y': 12.0888   Cb: 15.9359   Cr: 17.1024 )
