./ps4_degrader: invalid option -- 'v'
Capturing with the following configuration:
 - Capture device: DeckLink 4K Extreme 12G
 - Video mode: 720p59.94
 - Pixel format: 8 bit BGRA (4:4:4:x)
[libx264 @ 0x310ae40] using cpu capabilities: MMX2 SSE2Fast SSSE3 SSE4.2 AVX AVX2 FMA3 LZCNT BMI2
[libx264 @ 0x310ae40] profile High 4:2:2 Intra, level 3.1, 4:2:2 8-bit
PLAYBACK (hw timestamp): Frame 57 Displayed Late. Expected (+/- 5%): 50000
	Timestamp delay: 66633
	Hardware timestamp delay: 66639
PLAYBACK (hw timestamp): Frame 60 Displayed Late. Expected (+/- 5%): 50000
	Timestamp delay: 66785
	Hardware timestamp delay: 66742
PLAYBACK (hw timestamp): Frame 70 Displayed Late. Expected (+/- 5%): 50000
	Timestamp delay: 66729
	Hardware timestamp delay: 66737
PLAYBACK (hw timestamp): Frame 74 Displayed Late. Expected (+/- 5%): 50000
	Timestamp delay: 66783
	Hardware timestamp delay: 66779
PLAYBACK (hw timestamp): Frame 78 Displayed Late. Expected (+/- 5%): 50000
	Timestamp delay: 100028
	Hardware timestamp delay: 100109
PLAYBACK (hw timestamp): Frame 90 Displayed Late. Expected (+/- 5%): 50000
	Timestamp delay: 83483
	Hardware timestamp delay: 83435
PLAYBACK (hw timestamp): Frame 119 Displayed Late. Expected (+/- 5%): 50000
	Timestamp delay: 66757
	Hardware timestamp delay: 66757
PLAYBACK (hw timestamp): Frame 133 Displayed Late. Expected (+/- 5%): 50000
	Timestamp delay: 66713
	Hardware timestamp delay: 66751
PLAYBACK (hw timestamp): Frame 136 Displayed Late. Expected (+/- 5%): 50000
	Timestamp delay: 66823
	Hardware timestamp delay: 66740
PLAYBACK (hw timestamp): Frame 143 Displayed Late. Expected (+/- 5%): 50000
	Timestamp delay: 66805
	Hardware timestamp delay: 66819
PLAYBACK (hw timestamp): Frame 148 Displayed Late. Expected (+/- 5%): 50000
	Timestamp delay: 66736
	Hardware timestamp delay: 66718
PLAYBACK (hw timestamp): Frame 155 Displayed Late. Expected (+/- 5%): 50000
	Timestamp delay: 66781
	Hardware timestamp delay: 66731
PLAYBACK (hw timestamp): Frame 158 Displayed Late. Expected (+/- 5%): 50000
	Timestamp delay: 66698
	Hardware timestamp delay: 66746
PLAYBACK (hw timestamp): Frame 163 Displayed Late. Expected (+/- 5%): 50000
	Timestamp delay: 66708
	Hardware timestamp delay: 66689
PLAYBACK (hw timestamp): Frame 165 Displayed Late. Expected (+/- 5%): 50000
	Timestamp delay: 66520
	Hardware timestamp delay: 66701
PLAYBACK (hw timestamp): Frame 183 Displayed Late. Expected (+/- 5%): 50000
	Timestamp delay: 66581
	Hardware timestamp delay: 66664
PLAYBACK (hw timestamp): Frame 188 Displayed Late. Expected (+/- 5%): 50000
	Timestamp delay: 66712
	Hardware timestamp delay: 66697
PLAYBACK (hw timestamp): Frame 198 Displayed Late. Expected (+/- 5%): 50000
	Timestamp delay: 66616
	Hardware timestamp delay: 66737
PLAYBACK (hw timestamp): Frame 211 Displayed Late. Expected (+/- 5%): 50000
	Timestamp delay: 66664
	Hardware timestamp delay: 66769
PLAYBACK (hw timestamp): Frame 215 Displayed Late. Expected (+/- 5%): 50000
	Timestamp delay: 66766
	Hardware timestamp delay: 66744
PLAYBACK (hw timestamp): Frame 218 Displayed Late. Expected (+/- 5%): 50000
	Timestamp delay: 66559
	Hardware timestamp delay: 66673
PLAYBACK (hw timestamp): Frame 220 Displayed Late. Expected (+/- 5%): 50000
	Timestamp delay: 66628
	Hardware timestamp delay: 66683
PLAYBACK (hw timestamp): Frame 222 Displayed Late. Expected (+/- 5%): 50000
	Timestamp delay: 66737
	Hardware timestamp delay: 66783
PLAYBACK (hw timestamp): Frame 239 Displayed Late. Expected (+/- 5%): 50000
	Timestamp delay: 66630
	Hardware timestamp delay: 66631
PLAYBACK (hw timestamp): Frame 241 Displayed Late. Expected (+/- 5%): 50000
	Timestamp delay: 66510
	Hardware timestamp delay: 66597
PLAYBACK (hw timestamp): Frame 249 Displayed Late. Expected (+/- 5%): 50000
	Timestamp delay: 66567
	Hardware timestamp delay: 66685
PLAYBACK (hw timestamp): Frame 251 Displayed Late. Expected (+/- 5%): 50000
	Timestamp delay: 66796
	Hardware timestamp delay: 66754
PLAYBACK (hw timestamp): Frame 254 Displayed Late. Expected (+/- 5%): 50000
	Timestamp delay: 66625
	Hardware timestamp delay: 66734
PLAYBACK (hw timestamp): Frame 258 Displayed Late. Expected (+/- 5%): 50000
	Timestamp delay: 66743
	Hardware timestamp delay: 66780
PLAYBACK (hw timestamp): Frame 260 Displayed Late. Expected (+/- 5%): 50000
	Timestamp delay: 66724
	Hardware timestamp delay: 66729
PLAYBACK (hw timestamp): Frame 264 Displayed Late. Expected (+/- 5%): 50000
	Timestamp delay: 66575
	Hardware timestamp delay: 66644
PLAYBACK (hw timestamp): Frame 270 Displayed Late. Expected (+/- 5%): 50000
	Timestamp delay: 66618
	Hardware timestamp delay: 66674
PLAYBACK (hw timestamp): Frame 272 Displayed Late. Expected (+/- 5%): 50000
	Timestamp delay: 66583
	Hardware timestamp delay: 66709
PLAYBACK (hw timestamp): Frame 274 Displayed Late. Expected (+/- 5%): 50000
	Timestamp delay: 66656
	Hardware timestamp delay: 66761
PLAYBACK (hw timestamp): Frame 285 Displayed Late. Expected (+/- 5%): 50000
	Timestamp delay: 66632
	Hardware timestamp delay: 66742
PLAYBACK (hw timestamp): Frame 287 Displayed Late. Expected (+/- 5%): 50000
	Timestamp delay: 66613
	Hardware timestamp delay: 66746
PLAYBACK (hw timestamp): Frame 289 Displayed Late. Expected (+/- 5%): 50000
	Timestamp delay: 66605
	Hardware timestamp delay: 66686
PLAYBACK (hw timestamp): Frame 299 Displayed Late. Expected (+/- 5%): 50000
	Timestamp delay: 66813
	Hardware timestamp delay: 66837
PLAYBACK (hw timestamp): Frame 302 Displayed Late. Expected (+/- 5%): 50000
	Timestamp delay: 66585
	Hardware timestamp delay: 66677
PLAYBACK (hw timestamp): Frame 304 Displayed Late. Expected (+/- 5%): 50000
	Timestamp delay: 66735
	Hardware timestamp delay: 66733
PLAYBACK (hw timestamp): Frame 307 Displayed Late. Expected (+/- 5%): 50000
	Timestamp delay: 66573
	Hardware timestamp delay: 66673
PLAYBACK (hw timestamp): Frame 309 Displayed Late. Expected (+/- 5%): 50000
	Timestamp delay: 66794
	Hardware timestamp delay: 66719
PLAYBACK (hw timestamp): Frame 312 Displayed Late. Expected (+/- 5%): 50000
	Timestamp delay: 66818
	Hardware timestamp delay: 66708
PLAYBACK (hw timestamp): Frame 317 Displayed Late. Expected (+/- 5%): 50000
	Timestamp delay: 66762
	Hardware timestamp delay: 66701
PLAYBACK (hw timestamp): Frame 320 Displayed Late. Expected (+/- 5%): 50000
	Timestamp delay: 66654
	Hardware timestamp delay: 66768
PLAYBACK (hw timestamp): Frame 323 Displayed Late. Expected (+/- 5%): 50000
	Timestamp delay: 66627
	Hardware timestamp delay: 66650
PLAYBACK (hw timestamp): Frame 325 Displayed Late. Expected (+/- 5%): 50000
	Timestamp delay: 66727
	Hardware timestamp delay: 66723
PLAYBACK (hw timestamp): Frame 328 Displayed Late. Expected (+/- 5%): 50000
	Timestamp delay: 66748
	Hardware timestamp delay: 66737
PLAYBACK (hw timestamp): Frame 331 Displayed Late. Expected (+/- 5%): 50000
	Timestamp delay: 66843
	Hardware timestamp delay: 66785
PLAYBACK (hw timestamp): Frame 334 Displayed Late. Expected (+/- 5%): 50000
	Timestamp delay: 66820
	Hardware timestamp delay: 66761
PLAYBACK (hw timestamp): Frame 337 Displayed Late. Expected (+/- 5%): 50000
	Timestamp delay: 66582
	Hardware timestamp delay: 66769
PLAYBACK (hw timestamp): Frame 340 Displayed Late. Expected (+/- 5%): 50000
	Timestamp delay: 66681
	Hardware timestamp delay: 66732
PLAYBACK (hw timestamp): Frame 343 Displayed Late. Expected (+/- 5%): 50000
	Timestamp delay: 66638
	Hardware timestamp delay: 66721
PLAYBACK (hw timestamp): Frame 350 Displayed Late. Expected (+/- 5%): 50000
	Timestamp delay: 66590
	Hardware timestamp delay: 66712
PLAYBACK (hw timestamp): Frame 353 Displayed Late. Expected (+/- 5%): 50000
	Timestamp delay: 66586
	Hardware timestamp delay: 66715
PLAYBACK (hw timestamp): Frame 355 Displayed Late. Expected (+/- 5%): 50000
	Timestamp delay: 66731
	Hardware timestamp delay: 66747
PLAYBACK (hw timestamp): Frame 358 Displayed Late. Expected (+/- 5%): 50000
	Timestamp delay: 66823
	Hardware timestamp delay: 66743
PLAYBACK (hw timestamp): Frame 372 Displayed Late. Expected (+/- 5%): 50000
	Timestamp delay: 66662
	Hardware timestamp delay: 66690
PLAYBACK (hw timestamp): Frame 380 Displayed Late. Expected (+/- 5%): 50000
	Timestamp delay: 66709
	Hardware timestamp delay: 66738
PLAYBACK (hw timestamp): Frame 382 Displayed Late. Expected (+/- 5%): 50000
	Timestamp delay: 66669
	Hardware timestamp delay: 66672
PLAYBACK (hw timestamp): Frame 384 Displayed Late. Expected (+/- 5%): 50000
	Timestamp delay: 66746
	Hardware timestamp delay: 66664
PLAYBACK (hw timestamp): Frame 395 Displayed Late. Expected (+/- 5%): 50000
	Timestamp delay: 66669
	Hardware timestamp delay: 66705
PLAYBACK (hw timestamp): Frame 402 Displayed Late. Expected (+/- 5%): 50000
	Timestamp delay: 66757
	Hardware timestamp delay: 66765
PLAYBACK (hw timestamp): Frame 412 Displayed Late. Expected (+/- 5%): 50000
	Timestamp delay: 66677
	Hardware timestamp delay: 66664
PLAYBACK (hw timestamp): Frame 414 Displayed Late. Expected (+/- 5%): 50000
	Timestamp delay: 66687
	Hardware timestamp delay: 66745
PLAYBACK (hw timestamp): Frame 432 Displayed Late. Expected (+/- 5%): 50000
	Timestamp delay: 66722
	Hardware timestamp delay: 66757
PLAYBACK (hw timestamp): Frame 437 Displayed Late. Expected (+/- 5%): 50000
	Timestamp delay: 66812
	Hardware timestamp delay: 66763
PLAYBACK (hw timestamp): Frame 441 Displayed Late. Expected (+/- 5%): 50000
	Timestamp delay: 66750
	Hardware timestamp delay: 66806
PLAYBACK (hw timestamp): Frame 444 Displayed Late. Expected (+/- 5%): 50000
	Timestamp delay: 66731
	Hardware timestamp delay: 66708
PLAYBACK (hw timestamp): Frame 448 Displayed Late. Expected (+/- 5%): 50000
	Timestamp delay: 66753
	Hardware timestamp delay: 66658
PLAYBACK (hw timestamp): Frame 450 Displayed Late. Expected (+/- 5%): 50000
	Timestamp delay: 66651
	Hardware timestamp delay: 66722
PLAYBACK (hw timestamp): Frame 453 Displayed Late. Expected (+/- 5%): 50000
	Timestamp delay: 66649
	Hardware timestamp delay: 66729
PLAYBACK (hw timestamp): Frame 456 Displayed Late. Expected (+/- 5%): 50000
	Timestamp delay: 66715
	Hardware timestamp delay: 66717
PLAYBACK (hw timestamp): Frame 461 Displayed Late. Expected (+/- 5%): 50000
	Timestamp delay: 66774
	Hardware timestamp delay: 66789
PLAYBACK (hw timestamp): Frame 464 Displayed Late. Expected (+/- 5%): 50000
	Timestamp delay: 66633
	Hardware timestamp delay: 66721
PLAYBACK (hw timestamp): Frame 466 Displayed Late. Expected (+/- 5%): 50000
	Timestamp delay: 66683
	Hardware timestamp delay: 66709
PLAYBACK (hw timestamp): Frame 471 Displayed Late. Expected (+/- 5%): 50000
	Timestamp delay: 66740
	Hardware timestamp delay: 66701
PLAYBACK (hw timestamp): Frame 475 Displayed Late. Expected (+/- 5%): 50000
	Timestamp delay: 66617
	Hardware timestamp delay: 66711
PLAYBACK (hw timestamp): Frame 478 Displayed Late. Expected (+/- 5%): 50000
	Timestamp delay: 66554
	Hardware timestamp delay: 66772
PLAYBACK (hw timestamp): Frame 481 Displayed Late. Expected (+/- 5%): 50000
	Timestamp delay: 66554
	Hardware timestamp delay: 66810
PLAYBACK (hw timestamp): Frame 483 Displayed Late. Expected (+/- 5%): 50000
	Timestamp delay: 66796
	Hardware timestamp delay: 66726
PLAYBACK (hw timestamp): Frame 490 Displayed Late. Expected (+/- 5%): 50000
	Timestamp delay: 66808
	Hardware timestamp delay: 66727
PLAYBACK (hw timestamp): Frame 493 Displayed Late. Expected (+/- 5%): 50000
	Timestamp delay: 66802
	Hardware timestamp delay: 66731
PLAYBACK (hw timestamp): Frame 496 Displayed Late. Expected (+/- 5%): 50000
	Timestamp delay: 66724
	Hardware timestamp delay: 66828
PLAYBACK (hw timestamp): Frame 499 Displayed Late. Expected (+/- 5%): 50000
	Timestamp delay: 66847
	Hardware timestamp delay: 66781
PLAYBACK (hw timestamp): Frame 504 Displayed Late. Expected (+/- 5%): 50000
	Timestamp delay: 66630
	Hardware timestamp delay: 66698
PLAYBACK (hw timestamp): Frame 509 Displayed Late. Expected (+/- 5%): 50000
	Timestamp delay: 66768
	Hardware timestamp delay: 66733
PLAYBACK (hw timestamp): Frame 513 Displayed Late. Expected (+/- 5%): 50000
	Timestamp delay: 66742
	Hardware timestamp delay: 66738
PLAYBACK (hw timestamp): Frame 519 Displayed Late. Expected (+/- 5%): 50000
	Timestamp delay: 66821
	Hardware timestamp delay: 66737
PLAYBACK (hw timestamp): Frame 522 Displayed Late. Expected (+/- 5%): 50000
	Timestamp delay: 66671
	Hardware timestamp delay: 66682
PLAYBACK (hw timestamp): Frame 531 Displayed Late. Expected (+/- 5%): 50000
	Timestamp delay: 66759
	Hardware timestamp delay: 66685
PLAYBACK (hw timestamp): Frame 537 Displayed Late. Expected (+/- 5%): 50000
	Timestamp delay: 66802
	Hardware timestamp delay: 66757
PLAYBACK (hw timestamp): Frame 541 Displayed Late. Expected (+/- 5%): 50000
	Timestamp delay: 66490
	Hardware timestamp delay: 66753
PLAYBACK (hw timestamp): Frame 545 Displayed Late. Expected (+/- 5%): 50000
	Timestamp delay: 66640
	Hardware timestamp delay: 66703
PLAYBACK (hw timestamp): Frame 548 Displayed Late. Expected (+/- 5%): 50000
	Timestamp delay: 66655
	Hardware timestamp delay: 66668
PLAYBACK (hw timestamp): Frame 551 Displayed Late. Expected (+/- 5%): 50000
	Timestamp delay: 66730
	Hardware timestamp delay: 66768
PLAYBACK (hw timestamp): Frame 555 Displayed Late. Expected (+/- 5%): 50000
	Timestamp delay: 66734
	Hardware timestamp delay: 66805
PLAYBACK (hw timestamp): Frame 559 Displayed Late. Expected (+/- 5%): 50000
	Timestamp delay: 66521
	Hardware timestamp delay: 66692
PLAYBACK (hw timestamp): Frame 564 Displayed Late. Expected (+/- 5%): 50000
	Timestamp delay: 66597
	Hardware timestamp delay: 66728
PLAYBACK (hw timestamp): Frame 569 Displayed Late. Expected (+/- 5%): 50000
	Timestamp delay: 66643
	Hardware timestamp delay: 66711
PLAYBACK (hw timestamp): Frame 571 Displayed Late. Expected (+/- 5%): 50000
	Timestamp delay: 66544
	Hardware timestamp delay: 66679
PLAYBACK (hw timestamp): Frame 575 Displayed Late. Expected (+/- 5%): 50000
	Timestamp delay: 66631
	Hardware timestamp delay: 66680
PLAYBACK (hw timestamp): Frame 580 Displayed Late. Expected (+/- 5%): 50000
	Timestamp delay: 66732
	Hardware timestamp delay: 66758
PLAYBACK (hw timestamp): Frame 586 Displayed Late. Expected (+/- 5%): 50000
	Timestamp delay: 66577
	Hardware timestamp delay: 66705
[libx264 @ 0x310ae40] frame I:589   Avg QP:33.00  size: 33678
[libx264 @ 0x310ae40] mb I  I16..4: 21.9% 62.0% 16.1%
[libx264 @ 0x310ae40] final ratefactor: 39.99
[libx264 @ 0x310ae40] 8x8 transform intra:62.0%
[libx264 @ 0x310ae40] coded y,uvDC,uvAC intra: 49.4% 56.6% 13.7%
[libx264 @ 0x310ae40] i16 v,h,dc,p: 24% 38% 21% 17%
[libx264 @ 0x310ae40] i8 v,h,dc,ddl,ddr,vr,hd,vl,hu: 10% 23% 29%  6%  7%  4%  9%  4%  9%
[libx264 @ 0x310ae40] i4 v,h,dc,ddl,ddr,vr,hd,vl,hu: 15% 26% 20%  6%  7%  5%  9%  4%  7%
[libx264 @ 0x310ae40] i8c dc,h,v,p: 69% 16% 12%  4%
[libx264 @ 0x310ae40] kb/s:5388.42
Stopping Capture
