./ps4_degrader: invalid option -- 'v'
Capturing with the following configuration:
 - Capture device: DeckLink 4K Extreme 12G
 - Video mode: 720p59.94
 - Pixel format: 8 bit BGRA (4:4:4:x)
[libx264 @ 0x3448e40] using cpu capabilities: MMX2 SSE2Fast SSSE3 SSE4.2 AVX AVX2 FMA3 LZCNT BMI2
[libx264 @ 0x3448e40] profile High 4:2:2 Intra, level 3.1, 4:2:2 8-bit
PLAYBACK (hw timestamp): Frame 209 Displayed Late. Expected (+/- 5%): 50000
	Timestamp delay: 66624
	Hardware timestamp delay: 66710
PLAYBACK (hw timestamp): Frame 229 Displayed Late. Expected (+/- 5%): 50000
	Timestamp delay: 66611
	Hardware timestamp delay: 66772
PLAYBACK (hw timestamp): Frame 235 Displayed Late. Expected (+/- 5%): 50000
	Timestamp delay: 66737
	Hardware timestamp delay: 66722
PLAYBACK (hw timestamp): Frame 244 Displayed Late. Expected (+/- 5%): 50000
	Timestamp delay: 66649
	Hardware timestamp delay: 66767
PLAYBACK (hw timestamp): Frame 262 Displayed Late. Expected (+/- 5%): 50000
	Timestamp delay: 66704
	Hardware timestamp delay: 66742
PLAYBACK (hw timestamp): Frame 334 Displayed Late. Expected (+/- 5%): 50000
	Timestamp delay: 83425
	Hardware timestamp delay: 83515
PLAYBACK (callback): Frame 335 Displayed Late. Expected (+/- 5%): 50000
	Timestamp delay: 16736
	Hardware timestamp delay: 79198
PLAYBACK (hw timestamp): Frame 336 Displayed Late. Expected (+/- 5%): 50000
	Timestamp delay: 116712
	Hardware timestamp delay: 54202
PLAYBACK (hw timestamp): Frame 390 Displayed Late. Expected (+/- 5%): 50000
	Timestamp delay: 66626
	Hardware timestamp delay: 66759
PLAYBACK (hw timestamp): Frame 502 Displayed Late. Expected (+/- 5%): 50000
	Timestamp delay: 66716
	Hardware timestamp delay: 66750
PLAYBACK (hw timestamp): Frame 513 Displayed Late. Expected (+/- 5%): 50000
	Timestamp delay: 66703
	Hardware timestamp delay: 66709
PLAYBACK (hw timestamp): Frame 531 Displayed Late. Expected (+/- 5%): 50000
	Timestamp delay: 66554
	Hardware timestamp delay: 66732
PLAYBACK (hw timestamp): Frame 549 Displayed Late. Expected (+/- 5%): 50000
	Timestamp delay: 66667
	Hardware timestamp delay: 66789
PLAYBACK (hw timestamp): Frame 559 Displayed Late. Expected (+/- 5%): 50000
	Timestamp delay: 66624
	Hardware timestamp delay: 66789
PLAYBACK (hw timestamp): Frame 581 Displayed Late. Expected (+/- 5%): 50000
	Timestamp delay: 66626
	Hardware timestamp delay: 66718
[libx264 @ 0x3448e40] frame I:591   Avg QP:33.00  size: 31207
[libx264 @ 0x3448e40] mb I  I16..4: 27.4% 56.5% 16.1%
[libx264 @ 0x3448e40] final ratefactor: 39.55
[libx264 @ 0x3448e40] 8x8 transform intra:56.5%
[libx264 @ 0x3448e40] coded y,uvDC,uvAC intra: 42.4% 53.4% 10.0%
[libx264 @ 0x3448e40] i16 v,h,dc,p: 26% 35% 22% 17%
[libx264 @ 0x3448e40] i8 v,h,dc,ddl,ddr,vr,hd,vl,hu: 11% 21% 32%  5%  7%  4%  9%  3%  7%
[libx264 @ 0x3448e40] i4 v,h,dc,ddl,ddr,vr,hd,vl,hu: 16% 26% 21%  5%  7%  5%  9%  4%  7%
[libx264 @ 0x3448e40] i8c dc,h,v,p: 69% 15% 12%  3%
[libx264 @ 0x3448e40] kb/s:4993.09
Stopping Capture
