00000000: 17.2284   (Y': 16.2772   Cb: 16.9789   Cr: 18.8025 )
00000006: 17.1283   (Y': 16.1204   Cb: 16.9394   Cr: 18.7128 )
00000004: 17.1614   (Y': 16.2073   Cb: 16.9357   Cr: 18.7044 )
00000005: 17.1381   (Y': 16.1485   Cb: 16.9395   Cr: 18.7041 )
00000003: 17.2113   (Y': 16.3182   Cb: 16.9254   Cr: 18.7379 )
00000002: 17.1997   (Y': 16.2991   Cb: 16.9102   Cr: 18.745  )
00000001: 17.2189   (Y': 16.29     Cb: 16.9275   Cr: 18.8172 )
00000007: 17.0826   (Y': 16.0503   Cb: 16.8902   Cr: 18.7168 )
00000008: 16.9599   (Y': 16.0712   Cb: 16.6464   Cr: 18.5208 )
00000009: 16.9411   (Y': 15.9718   Cb: 16.6577   Cr: 18.6003 )
00000013: 17.1053   (Y': 16.1968   Cb: 16.7744   Cr: 18.7283 )
00000010: 16.9703   (Y': 16.0594   Cb: 16.6563   Cr: 18.5715 )
00000011: 16.9887   (Y': 16.1407   Cb: 16.6223   Cr: 18.5603 )
00000014: 17.147    (Y': 16.2481   Cb: 16.8136   Cr: 18.7567 )
00000012: 17.0729   (Y': 16.1565   Cb: 16.7659   Cr: 18.6728 )
00000015: 17.1491   (Y': 16.2097   Cb: 16.8349   Cr: 18.8016 )
00000016: 17.0808   (Y': 16.2156   Cb: 16.7074   Cr: 18.6935 )
00000018: 17.1192   (Y': 16.2826   Cb: 16.7373   Cr: 18.6952 )
00000020: 17.17     (Y': 16.3194   Cb: 16.8111   Cr: 18.7346 )
00000021: 17.2197   (Y': 16.3047   Cb: 16.9217   Cr: 18.8032 )
00000017: 17.1094   (Y': 16.2698   Cb: 16.7194   Cr: 18.7034 )
00000019: 17.1292   (Y': 16.2896   Cb: 16.7394   Cr: 18.7232 )
00000023: 17.3322   (Y': 16.4069   Cb: 17.0761   Cr: 18.8699 )
00000022: 17.2557   (Y': 16.3377   Cb: 16.9804   Cr: 18.8098 )
00000024: 17.3073   (Y': 16.3647   Cb: 17.0604   Cr: 18.8617 )
00000025: 17.3031   (Y': 16.3875   Cb: 17.0783   Cr: 18.7773 )
00000029: 17.4826   (Y': 16.3583   Cb: 17.4623   Cr: 19.0325 )
00000028: 17.4321   (Y': 16.3644   Cb: 17.3466   Cr: 18.9723 )
00000026: 17.3638   (Y': 16.3816   Cb: 17.194    Cr: 18.8739 )
00000027: 17.4226   (Y': 16.3953   Cb: 17.3051   Cr: 18.9364 )
00000030: 17.6159   (Y': 16.3295   Cb: 17.728    Cr: 19.2859 )
00000031: 17.6795   (Y': 16.3579   Cb: 17.8513   Cr: 19.3349 )
00000032: 17.8281   (Y': 16.3549   Cb: 18.1396   Cr: 19.5978 )
00000033: 17.9058   (Y': 16.4232   Cb: 18.2835   Cr: 19.6037 )
00000034: 18.0182   (Y': 16.6018   Cb: 18.366    Cr: 19.6213 )
00000036: 18.0401   (Y': 16.7041   Cb: 18.3433   Cr: 19.5442 )
00000035: 18.042    (Y': 16.6601   Cb: 18.3767   Cr: 19.5938 )
00000037: 17.7937   (Y': 16.536    Cb: 17.9734   Cr: 19.314  )
00000038: 17.4984   (Y': 16.4058   Cb: 17.501    Cr: 18.9582 )
00000039: 17.4657   (Y': 16.4843   Cb: 17.3615   Cr: 18.8791 )
00000040: 17.4239   (Y': 16.4324   Cb: 17.2914   Cr: 18.8958 )
00000041: 17.4763   (Y': 16.5357   Cb: 17.3485   Cr: 18.8532 )
00000042: 17.4629   (Y': 16.4944   Cb: 17.304    Cr: 18.9328 )
00000043: 17.4883   (Y': 16.4858   Cb: 17.3776   Cr: 18.9483 )
00000044: 17.4429   (Y': 16.4878   Cb: 17.2619   Cr: 18.9214 )
00000045: 17.4876   (Y': 16.5653   Cb: 17.2987   Cr: 18.9204 )
00000046: 17.4763   (Y': 16.5405   Cb: 17.2577   Cr: 18.9766 )
00000047: 17.4858   (Y': 16.5516   Cb: 17.2814   Cr: 18.962  )
00000048: 17.4279   (Y': 16.461    Cb: 17.2345   Cr: 18.9456 )
00000049: 17.4127   (Y': 16.4485   Cb: 17.2106   Cr: 18.9384 )
00000051: 17.4225   (Y': 16.4817   Cb: 17.144    Cr: 19.0221 )
00000050: 17.4156   (Y': 16.4515   Cb: 17.1856   Cr: 18.9831 )
00000053: 17.3746   (Y': 16.3669   Cb: 17.1549   Cr: 19.0055 )
00000052: 17.3919   (Y': 16.4372   Cb: 17.1523   Cr: 18.9569 )
00000054: 17.3704   (Y': 16.3037   Cb: 17.1981   Cr: 19.0379 )
00000055: 17.3809   (Y': 16.2708   Cb: 17.2901   Cr: 19.0074 )
00000056: 17.3023   (Y': 16.189    Cb: 17.2084   Cr: 18.9394 )
00000057: 17.2949   (Y': 16.1534   Cb: 17.2158   Cr: 18.9634 )
00000059: 17.3454   (Y': 16.1731   Cb: 17.3081   Cr: 19.0108 )
00000058: 17.3631   (Y': 16.1922   Cb: 17.3223   Cr: 19.0309 )
00000060: 17.3951   (Y': 16.2072   Cb: 17.3576   Cr: 19.091  )
00000062: 17.3549   (Y': 16.1405   Cb: 17.3744   Cr: 19.0179 )
00000061: 17.3873   (Y': 16.1459   Cb: 17.4058   Cr: 19.1049 )
00000063: 17.3585   (Y': 16.135    Cb: 17.406    Cr: 18.9987 )
00000064: 17.4283   (Y': 16.2435   Cb: 17.4414   Cr: 19.0438 )
00000065: 17.5197   (Y': 16.2612   Cb: 17.6148   Cr: 19.1597 )
00000066: 17.5248   (Y': 16.2619   Cb: 17.6565   Cr: 19.1213 )
00000067: 17.5327   (Y': 16.2839   Cb: 17.6497   Cr: 19.1225 )
00000068: 17.6958   (Y': 16.3687   Cb: 17.8646   Cr: 19.3662 )
00000069: 17.7422   (Y': 16.4085   Cb: 17.8967   Cr: 19.4462 )
00000070: 17.767    (Y': 16.4054   Cb: 17.9745   Cr: 19.4519 )
00000072: 17.7885   (Y': 16.3174   Cb: 18.0875   Cr: 19.5709 )
00000071: 17.7971   (Y': 16.3474   Cb: 18.0944   Cr: 19.5372 )
00000074: 17.7119   (Y': 16.1784   Cb: 18.0343   Cr: 19.5954 )
00000073: 17.709    (Y': 16.3129   Cb: 17.9308   Cr: 19.4439 )
00000075: 17.6752   (Y': 16.2029   Cb: 17.9477   Cr: 19.4979 )
00000076: 17.6972   (Y': 16.2223   Cb: 17.9913   Cr: 19.4947 )
00000078: 17.5761   (Y': 16.2053   Cb: 17.7633   Cr: 19.3087 )
00000077: 17.5855   (Y': 16.1417   Cb: 17.846    Cr: 19.3648 )
00000080: 17.4958   (Y': 16.211    Cb: 17.6262   Cr: 19.1369 )
00000081: 17.4113   (Y': 16.2052   Cb: 17.4624   Cr: 19.0126 )
00000079: 17.5321   (Y': 16.1665   Cb: 17.7446   Cr: 19.218  )
00000082: 17.3165   (Y': 16.228    Cb: 17.3409   Cr: 18.7386 )
00000083: 17.2618   (Y': 16.2861   Cb: 17.2046   Cr: 18.6    )
00000084: 17.1804   (Y': 16.2834   Cb: 17.037    Cr: 18.5055 )
00000085: 17.1958   (Y': 16.3448   Cb: 17.0254   Cr: 18.4827 )
00000086: 16.9547   (Y': 16.2835   Cb: 16.6226   Cr: 18.1843 )
00000087: 16.877    (Y': 16.3213   Cb: 16.4221   Cr: 18.1087 )
00000089: 16.7298   (Y': 16.3313   Cb: 16.1939   Cr: 17.8505 )
00000088: 16.7488   (Y': 16.3586   Cb: 16.19     Cr: 17.8912 )
00000090: 16.6312   (Y': 16.2702   Cb: 16.1179   Cr: 17.6666 )
00000091: 16.684    (Y': 16.3572   Cb: 16.172    Cr: 17.6709 )
00000092: 16.8548   (Y': 16.4349   Cb: 16.4149   Cr: 17.8681 )
00000093: 16.8097   (Y': 16.3316   Cb: 16.3509   Cr: 17.9322 )
00000094: 16.951    (Y': 16.3564   Cb: 16.5469   Cr: 18.1673 )
00000096: 17.0541   (Y': 16.3376   Cb: 16.8258   Cr: 18.2082 )
00000097: 16.8843   (Y': 16.2735   Cb: 16.572    Cr: 17.9943 )
00000095: 16.9591   (Y': 16.3364   Cb: 16.6042   Cr: 18.1471 )
00000098: 17.0436   (Y': 16.5221   Cb: 16.6661   Cr: 18.1138 )
00000099: 17.0807   (Y': 16.4856   Cb: 16.774    Cr: 18.16   )
00000100: 17.2269   (Y': 16.6921   Cb: 16.8526   Cr: 18.3118 )
00000101: 17.395    (Y': 16.7837   Cb: 17.0565   Cr: 18.5424 )
00000102: 17.5433   (Y': 16.8854   Cb: 17.2949   Cr: 18.6358 )
00000103: 17.507    (Y': 16.8113   Cb: 17.2858   Cr: 18.6196 )
00000105: 17.6482   (Y': 16.8474   Cb: 17.5233   Cr: 18.7929 )
00000104: 17.5003   (Y': 16.8328   Cb: 17.2751   Cr: 18.5757 )
00000106: 17.6582   (Y': 16.8137   Cb: 17.5604   Cr: 18.8351 )
00000107: 17.7234   (Y': 16.812    Cb: 17.6702   Cr: 18.9485 )
00000108: 17.5506   (Y': 16.7523   Cb: 17.3736   Cr: 18.762  )
00000109: 17.5889   (Y': 16.7816   Cb: 17.4249   Cr: 18.7966 )
00000110: 17.7736   (Y': 16.8265   Cb: 17.6084   Cr: 19.215  )
00000111: 17.9116   (Y': 16.8605   Cb: 17.8091   Cr: 19.4465 )
00000112: 18.0829   (Y': 17.1463   Cb: 17.9133   Cr: 19.5126 )
00000113: 18.1886   (Y': 17.2602   Cb: 17.9427   Cr: 19.7166 )
00000114: 18.2281   (Y': 17.1772   Cb: 18.1347   Cr: 19.7495 )
00000115: 18.1573   (Y': 17.0621   Cb: 18.1054   Cr: 19.6991 )
00000117: 18.1102   (Y': 16.8531   Cb: 18.1862   Cr: 19.7747 )
00000116: 18.0904   (Y': 16.8533   Cb: 18.1604   Cr: 19.7245 )
00000120: 18.0525   (Y': 16.8443   Cb: 17.9224   Cr: 19.9311 )
00000119: 18.0527   (Y': 16.8577   Cb: 17.9542   Cr: 19.8551 )
00000118: 18.0919   (Y': 16.9077   Cb: 18.0247   Cr: 19.8251 )
00000121: 18.0536   (Y': 16.8865   Cb: 17.9034   Cr: 19.881  )
00000122: 18.0346   (Y': 16.9858   Cb: 17.7878   Cr: 19.7844 )
00000123: 18.0724   (Y': 16.9137   Cb: 17.9197   Cr: 19.8871 )
00000124: 18.0249   (Y': 17.0039   Cb: 17.7241   Cr: 19.8083 )
00000126: 17.9526   (Y': 16.8506   Cb: 17.7711   Cr: 19.7019 )
00000125: 18.0272   (Y': 16.9544   Cb: 17.792    Cr: 19.8044 )
00000127: 17.9851   (Y': 16.8735   Cb: 17.8514   Cr: 19.6788 )
00000128: 17.7849   (Y': 16.6693   Cb: 17.5826   Cr: 19.5931 )
00000129: 17.7372   (Y': 16.6101   Cb: 17.5595   Cr: 19.5293 )
00000130: 17.6255   (Y': 16.5199   Cb: 17.3489   Cr: 19.5344 )
00000131: 17.5743   (Y': 16.423    Cb: 17.2927   Cr: 19.5848 )
00000132: 17.523    (Y': 16.4491   Cb: 17.2387   Cr: 19.3818 )
00000134: 17.518    (Y': 16.3281   Cb: 17.3059   Cr: 19.4918 )
00000133: 17.4901   (Y': 16.3778   Cb: 17.2034   Cr: 19.4294 )
00000135: 17.4782   (Y': 16.3727   Cb: 17.1846   Cr: 19.415  )
00000136: 17.4977   (Y': 16.3414   Cb: 17.2637   Cr: 19.4386 )
00000137: 17.3877   (Y': 16.2848   Cb: 17.1291   Cr: 19.2614 )
00000138: 17.2923   (Y': 16.2317   Cb: 17.025    Cr: 19.0978 )
00000139: 17.3607   (Y': 16.2507   Cb: 17.1318   Cr: 19.2005 )
00000141: 17.3848   (Y': 16.1654   Cb: 17.2388   Cr: 19.3119 )
00000142: 17.415    (Y': 16.1689   Cb: 17.2443   Cr: 19.4381 )
00000140: 17.3846   (Y': 16.1906   Cb: 17.2424   Cr: 19.2536 )
00000143: 17.5334   (Y': 16.2988   Cb: 17.4103   Cr: 19.4549 )
00000144: 17.248    (Y': 16.003    Cb: 17.0837   Cr: 19.2587 )
00000145: 17.1345   (Y': 16.0102   Cb: 16.9187   Cr: 18.9816 )
00000146: 17.0585   (Y': 15.8587   Cb: 16.923    Cr: 18.9286 )
00000147: 17.3947   (Y': 16.2108   Cb: 17.3217   Cr: 19.136  )
00000148: 16.9733   (Y': 16.0576   Cb: 16.5722   Cr: 18.7221 )
00000151: 17.8854   (Y': 16.6325   Cb: 18.0544   Cr: 19.4114 )
00000149: 17.3767   (Y': 16.6335   Cb: 17.05     Cr: 18.7126 )
00000150: 17.9009   (Y': 16.7168   Cb: 18.0162   Cr: 19.3716 )
00000152: 17.004    (Y': 16.027    Cb: 16.8271   Cr: 18.5153 )
00000154: 17.0369   (Y': 15.99     Cb: 16.8567   Cr: 18.6797 )
00000153: 16.9832   (Y': 16.0065   Cb: 16.8394   Cr: 18.4453 )
00000155: 16.8869   (Y': 16.0944   Cb: 16.4737   Cr: 18.4361 )
00000158: 17.0535   (Y': 16.3663   Cb: 16.4421   Cr: 18.7453 )
00000156: 17.214    (Y': 16.3827   Cb: 16.8389   Cr: 18.7703 )
00000157: 17.0532   (Y': 16.2198   Cb: 16.5781   Cr: 18.7739 )
00000159: 16.9754   (Y': 16.4235   Cb: 16.3114   Cr: 18.5287 )
00000161: 17.1022   (Y': 16.5709   Cb: 16.4637   Cr: 18.5806 )
00000162: 17.0081   (Y': 16.6679   Cb: 16.238    Cr: 18.408  )
00000160: 17.2341   (Y': 16.6138   Cb: 16.7096   Cr: 18.6723 )
00000163: 17.0405   (Y': 16.6433   Cb: 16.3138   Cr: 18.4545 )
00000164: 17.1576   (Y': 16.438    Cb: 16.6308   Cr: 18.7638 )
00000165: 17.1982   (Y': 16.3659   Cb: 16.803    Cr: 18.7877 )
00000166: 16.952    (Y': 16.3379   Cb: 16.3839   Cr: 18.4493 )
00000167: 17.1624   (Y': 16.306    Cb: 16.8342   Cr: 18.6897 )
00000168: 17.0771   (Y': 16.2412   Cb: 16.7476   Cr: 18.5708 )
00000170: 17.0529   (Y': 16.1197   Cb: 16.6877   Cr: 18.7756 )
00000169: 16.9308   (Y': 16.1409   Cb: 16.5358   Cr: 18.447  )
00000171: 17.1323   (Y': 16.0912   Cb: 16.8509   Cr: 18.9223 )
00000172: 16.8358   (Y': 16.1049   Cb: 16.3119   Cr: 18.4566 )
00000173: 16.7536   (Y': 16.1342   Cb: 16.1172   Cr: 18.372  )
00000174: 16.8001   (Y': 16.3661   Cb: 16.0027   Cr: 18.3906 )
00000175: 16.882    (Y': 16.6495   Cb: 15.9928   Cr: 18.3222 )
00000177: 16.7793   (Y': 16.5371   Cb: 15.8987   Cr: 18.2187 )
00000178: 16.7595   (Y': 16.4683   Cb: 15.9089   Cr: 18.2209 )
00000176: 16.8633   (Y': 16.6423   Cb: 15.9717   Cr: 18.2905 )
00000179: 16.6868   (Y': 16.2571   Cb: 15.921    Cr: 18.2164 )
00000180: 16.7754   (Y': 16.3664   Cb: 16.0111   Cr: 18.2699 )
00000181: 16.7513   (Y': 16.2639   Cb: 16.0431   Cr: 18.2749 )
00000182: 16.7619   (Y': 16.1764   Cb: 16.1073   Cr: 18.3548 )
00000183: 16.8041   (Y': 16.1451   Cb: 16.2003   Cr: 18.4345 )
00000185: 16.8632   (Y': 15.9978   Cb: 16.4002   Cr: 18.622  )
00000184: 16.8448   (Y': 16.0711   Cb: 16.3074   Cr: 18.5628 )
00000186: 16.8865   (Y': 16.0166   Cb: 16.4241   Cr: 18.6526 )
00000187: 16.8596   (Y': 15.9969   Cb: 16.3808   Cr: 18.64   )
00000188: 16.8759   (Y': 15.9586   Cb: 16.4628   Cr: 18.6472 )
00000190: 16.9345   (Y': 15.8891   Cb: 16.6129   Cr: 18.799  )
00000189: 16.9294   (Y': 15.9362   Cb: 16.5733   Cr: 18.7498 )
00000191: 17.0161   (Y': 15.9513   Cb: 16.7155   Cr: 18.8837 )
00000192: 17.0835   (Y': 15.9096   Cb: 16.8554   Cr: 19.051  )
00000193: 17.0985   (Y': 15.8825   Cb: 16.9166   Cr: 19.0769 )
00000194: 17.0219   (Y': 15.8579   Cb: 16.8133   Cr: 18.9369 )
00000195: 16.9956   (Y': 15.8428   Cb: 16.8201   Cr: 18.835  )
00000196: 16.8994   (Y': 15.8672   Cb: 16.6902   Cr: 18.5592 )
00000197: 16.8599   (Y': 15.8713   Cb: 16.6122   Cr: 18.4986 )
00000198: 16.8518   (Y': 15.9563   Cb: 16.5396   Cr: 18.4228 )
00000199: 16.8738   (Y': 16.0023   Cb: 16.5295   Cr: 18.4524 )
00000201: 16.7715   (Y': 15.8904   Cb: 16.3715   Cr: 18.4552 )
00000200: 16.8571   (Y': 15.9468   Cb: 16.4877   Cr: 18.5448 )
00000202: 16.7998   (Y': 15.9824   Cb: 16.3165   Cr: 18.5055 )
00000203: 16.8346   (Y': 16.0366   Cb: 16.3269   Cr: 18.546  )
00000204: 16.8406   (Y': 16.0845   Cb: 16.2661   Cr: 18.5904 )
00000205: 16.8251   (Y': 16.099    Cb: 16.2429   Cr: 18.5347 )
00000206: 16.8625   (Y': 16.1238   Cb: 16.2863   Cr: 18.584  )
00000207: 16.8816   (Y': 16.148    Cb: 16.2815   Cr: 18.6351 )
00000208: 16.9154   (Y': 16.3085   Cb: 16.2486   Cr: 18.5644 )
00000209: 16.9323   (Y': 16.3127   Cb: 16.2672   Cr: 18.5999 )
00000210: 16.8539   (Y': 16.184    Cb: 16.2466   Cr: 18.5086 )
00000211: 16.9194   (Y': 16.3195   Cb: 16.2694   Cr: 18.5283 )
00000212: 16.8079   (Y': 15.9876   Cb: 16.2658   Cr: 18.6182 )
00000213: 16.7441   (Y': 15.8171   Cb: 16.2857   Cr: 18.6097 )
00000214: 16.7922   (Y': 15.9311   Cb: 16.3221   Cr: 18.5552 )
00000215: 16.7727   (Y': 15.9155   Cb: 16.2764   Cr: 18.5721 )
00000217: 16.7956   (Y': 15.9906   Cb: 16.2848   Cr: 18.525  )
00000216: 16.7997   (Y': 16.0154   Cb: 16.2877   Cr: 18.4941 )
00000218: 16.8087   (Y': 16.0584   Cb: 16.2943   Cr: 18.4474 )
00000219: 16.7889   (Y': 16.0785   Cb: 16.2726   Cr: 18.3627 )
00000220: 16.8938   (Y': 16.2714   Cb: 16.2942   Cr: 18.4562 )
00000221: 16.9273   (Y': 16.2849   Cb: 16.3577   Cr: 18.4736 )
00000223: 16.8456   (Y': 16.2155   Cb: 16.2488   Cr: 18.4161 )
00000222: 16.8993   (Y': 16.2906   Cb: 16.2978   Cr: 18.4423 )
00000224: 16.8923   (Y': 16.1556   Cb: 16.398    Cr: 18.4751 )
00000225: 16.9535   (Y': 16.2065   Cb: 16.4693   Cr: 18.5378 )
00000226: 16.9318   (Y': 16.0602   Cb: 16.5446   Cr: 18.5782 )
00000227: 16.7443   (Y': 15.9503   Cb: 16.2707   Cr: 18.3928 )
00000228: 16.7344   (Y': 15.9883   Cb: 16.1709   Cr: 18.448  )
00000229: 16.7698   (Y': 15.919    Cb: 16.2874   Cr: 18.5343 )
00000230: 16.8036   (Y': 15.9532   Cb: 16.2886   Cr: 18.6224 )
00000231: 16.7551   (Y': 15.9326   Cb: 16.2244   Cr: 18.5495 )
00000232: 16.7887   (Y': 15.9116   Cb: 16.2975   Cr: 18.6166 )
00000233: 16.7891   (Y': 15.8946   Cb: 16.3114   Cr: 18.6266 )
00000234: 16.6584   (Y': 15.8129   Cb: 16.1556   Cr: 18.4479 )
00000235: 16.6187   (Y': 15.7685   Cb: 16.0779   Cr: 18.4819 )
00000236: 16.6157   (Y': 15.7076   Cb: 16.1333   Cr: 18.4868 )
00000239: 16.6277   (Y': 15.9346   Cb: 15.9287   Cr: 18.483  )
00000237: 16.6659   (Y': 15.7571   Cb: 16.1751   Cr: 18.5527 )
00000238: 16.664    (Y': 15.893    Cb: 16.0391   Cr: 18.5285 )
00000240: 16.6504   (Y': 15.9754   Cb: 15.969    Cr: 18.442  )
00000241: 16.6628   (Y': 15.9969   Cb: 15.9557   Cr: 18.4839 )
00000242: 16.7258   (Y': 16.1182   Cb: 15.9942   Cr: 18.4888 )
00000243: 16.7278   (Y': 16.1087   Cb: 16.0205   Cr: 18.4674 )
00000245: 16.7078   (Y': 15.9728   Cb: 16.1121   Cr: 18.4564 )
00000244: 16.7411   (Y': 16.0912   Cb: 16.0656   Cr: 18.4782 )
00000246: 16.6388   (Y': 15.848    Cb: 16.0439   Cr: 18.4868 )
00000247: 16.645    (Y': 15.8538   Cb: 16.076    Cr: 18.4482 )
00000248: 16.6707   (Y': 15.8619   Cb: 16.0819   Cr: 18.5407 )
00000249: 16.7276   (Y': 15.9762   Cb: 16.1229   Cr: 18.521  )
00000250: 16.7046   (Y': 16.1211   Cb: 16.0343   Cr: 18.3204 )
00000251: 16.7347   (Y': 16.0702   Cb: 16.1303   Cr: 18.3757 )
00000253: 16.6433   (Y': 15.8461   Cb: 16.1315   Cr: 18.3606 )
00000252: 16.6788   (Y': 16.0385   Cb: 16.0605   Cr: 18.3022 )
00000254: 16.6274   (Y': 15.8421   Cb: 16.0848   Cr: 18.375  )
00000255: 16.628    (Y': 15.8384   Cb: 16.1321   Cr: 18.3052 )
00000256: 16.6522   (Y': 15.8717   Cb: 16.0823   Cr: 18.4377 )
00000258: 16.5872   (Y': 16.0985   Cb: 15.8012   Cr: 18.2462 )
00000260: 16.6801   (Y': 16.1398   Cb: 15.9813   Cr: 18.273  )
00000257: 16.6197   (Y': 15.9558   Cb: 15.9584   Cr: 18.3569 )
00000259: 16.597    (Y': 16.1045   Cb: 15.8373   Cr: 18.2165 )
00000261: 16.7075   (Y': 16.0934   Cb: 16.0388   Cr: 18.372  )
00000262: 16.7662   (Y': 16.0251   Cb: 16.1987   Cr: 18.4777 )
00000263: 16.7813   (Y': 15.943    Cb: 16.2952   Cr: 18.5294 )
00000264: 16.8686   (Y': 15.9521   Cb: 16.4473   Cr: 18.652  )
00000265: 16.8958   (Y': 15.9364   Cb: 16.5174   Cr: 18.689  )
00000268: 16.8955   (Y': 15.8238   Cb: 16.7096   Cr: 18.5935 )
00000270: 16.9341   (Y': 15.85     Cb: 16.7277   Cr: 18.6876 )
00000267: 16.839    (Y': 15.8412   Cb: 16.5827   Cr: 18.5081 )
00000266: 16.8669   (Y': 15.8819   Cb: 16.5579   Cr: 18.5954 )
00000269: 16.9352   (Y': 15.7809   Cb: 16.8129   Cr: 18.6941 )
00000271: 17.0182   (Y': 15.9359   Cb: 16.8073   Cr: 18.7753 )
00000273: 17.0627   (Y': 15.9582   Cb: 16.9251   Cr: 18.7492 )
00000272: 17.0542   (Y': 15.9725   Cb: 16.8521   Cr: 18.7964 )
00000276: 17.1357   (Y': 15.9958   Cb: 16.9935   Cr: 18.8971 )
00000275: 17.1128   (Y': 15.8962   Cb: 17.0658   Cr: 18.8791 )
00000277: 17.1387   (Y': 16.0386   Cb: 16.9669   Cr: 18.8689 )
00000274: 17.071    (Y': 15.916    Cb: 16.9477   Cr: 18.8326 )
00000278: 17.1224   (Y': 16.1737   Cb: 16.8395   Cr: 18.7428 )
00000279: 17.1527   (Y': 16.199    Cb: 16.8979   Cr: 18.7389 )
00000280: 17.1302   (Y': 16.2053   Cb: 16.9028   Cr: 18.6241 )
00000281: 17.0853   (Y': 16.1081   Cb: 16.903    Cr: 18.6048 )
00000283: 17.2401   (Y': 16.2935   Cb: 17.0797   Cr: 18.6738 )
00000284: 17.2256   (Y': 16.2063   Cb: 17.1507   Cr: 18.6638 )
00000282: 17.0991   (Y': 16.1498   Cb: 16.8885   Cr: 18.6114 )
00000286: 17.2135   (Y': 16.1087   Cb: 17.2319   Cr: 18.6731 )
00000287: 17.1609   (Y': 15.9837   Cb: 17.2325   Cr: 18.6792 )
00000285: 17.2181   (Y': 16.1992   Cb: 17.166    Cr: 18.6235 )
00000288: 17.1999   (Y': 15.9398   Cb: 17.3903   Cr: 18.71   )
00000289: 17.2646   (Y': 15.9307   Cb: 17.5437   Cr: 18.7969 )
00000290: 17.2582   (Y': 15.8679   Cb: 17.6612   Cr: 18.7375 )
00000291: 17.2342   (Y': 15.8836   Cb: 17.6595   Cr: 18.61   )
00000292: 17.0482   (Y': 15.6928   Cb: 17.6042   Cr: 18.2751 )
00000294: 16.8379   (Y': 15.4854   Cb: 17.5126   Cr: 17.9251 )
00000295: 16.8271   (Y': 15.5308   Cb: 17.3773   Cr: 17.9556 )
00000296: 16.8523   (Y': 15.7462   Cb: 17.3064   Cr: 17.7718 )
00000297: 16.7855   (Y': 15.7459   Cb: 17.1758   Cr: 17.6711 )
00000293: 17.0023   (Y': 15.5944   Cb: 17.6967   Cr: 18.1663 )
00000299: 16.5912   (Y': 15.6436   Cb: 16.9116   Cr: 17.4146 )
00000298: 16.6682   (Y': 15.7582   Cb: 17.0318   Cr: 17.3884 )
00000301: 16.5704   (Y': 15.6047   Cb: 16.7406   Cr: 17.5975 )
00000302: 16.7171   (Y': 15.6112   Cb: 16.8232   Cr: 18.0595 )
00000304: 16.8002   (Y': 15.5908   Cb: 16.8901   Cr: 18.3533 )
00000300: 16.5642   (Y': 15.6413   Cb: 16.7767   Cr: 17.4741 )
00000303: 16.7717   (Y': 15.6522   Cb: 16.8662   Cr: 18.1533 )
00000305: 16.8385   (Y': 15.5604   Cb: 16.9116   Cr: 18.5483 )
00000306: 16.9479   (Y': 15.662    Cb: 16.8869   Cr: 18.8776 )
00000307: 16.9273   (Y': 15.6818   Cb: 16.827    Cr: 18.8353 )
00000308: 17.0277   (Y': 15.7544   Cb: 16.9462   Cr: 18.9635 )
00000310: 17.1491   (Y': 15.8622   Cb: 17.1289   Cr: 19.0168 )
00000312: 17.0775   (Y': 15.8255   Cb: 17.1086   Cr: 18.7973 )
00000311: 17.1379   (Y': 15.811    Cb: 17.1623   Cr: 19.0204 )
00000313: 17.1442   (Y': 15.8634   Cb: 17.2103   Cr: 18.8698 )
00000314: 17.2157   (Y': 15.8595   Cb: 17.4606   Cr: 18.8379 )
00000315: 17.2684   (Y': 15.9215   Cb: 17.5338   Cr: 18.8442 )
00000309: 17.0072   (Y': 15.7987   Cb: 16.8932   Cr: 18.8611 )
00000316: 17.3978   (Y': 15.9604   Cb: 17.8106   Cr: 18.957  )
00000317: 17.4263   (Y': 15.9569   Cb: 17.8562   Cr: 19.0276 )
00000321: 17.518    (Y': 15.9653   Cb: 18.2073   Cr: 18.9631 )
00000322: 17.5028   (Y': 15.951    Cb: 18.121    Cr: 19.0321 )
00000319: 17.4656   (Y': 15.8908   Cb: 18.0846   Cr: 19.0407 )
00000318: 17.4686   (Y': 15.9122   Cb: 18.0113   Cr: 19.1026 )
00000323: 17.4616   (Y': 15.782    Cb: 18.1756   Cr: 19.14   )
00000320: 17.5623   (Y': 15.9572   Cb: 18.2439   Cr: 19.1233 )
00000324: 17.3175   (Y': 15.6944   Cb: 17.8342   Cr: 19.1287 )
00000325: 17.3469   (Y': 15.7476   Cb: 17.818    Cr: 19.1674 )
00000326: 17.2335   (Y': 15.7014   Cb: 17.6279   Cr: 19.0131 )
00000327: 17.1851   (Y': 15.639    Cb: 17.5645   Cr: 19.0156 )
00000330: 17.1773   (Y': 15.6328   Cb: 17.2361   Cr: 19.4955 )
00000329: 17.207    (Y': 15.6324   Cb: 17.3862   Cr: 19.4008 )
00000331: 17.187    (Y': 15.63     Cb: 17.3043   Cr: 19.4384 )
00000328: 17.2107   (Y': 15.6372   Cb: 17.4145   Cr: 19.3631 )
00000333: 17.0687   (Y': 15.6371   Cb: 17.1752   Cr: 19.0495 )
00000332: 17.1362   (Y': 15.5901   Cb: 17.2935   Cr: 19.2974 )
00000334: 16.9467   (Y': 15.6735   Cb: 17.0163   Cr: 18.6522 )
00000335: 16.9857   (Y': 15.6855   Cb: 17.0557   Cr: 18.7447 )
00000337: 17.0103   (Y': 15.575    Cb: 17.1511   Cr: 18.9466 )
00000338: 17.1292   (Y': 15.5852   Cb: 17.2994   Cr: 19.2652 )
00000336: 16.9538   (Y': 15.5662   Cb: 17.0712   Cr: 18.8233 )
00000341: 17.1928   (Y': 15.8594   Cb: 17.207    Cr: 19.1047 )
00000339: 17.2092   (Y': 15.7051   Cb: 17.3597   Cr: 19.284  )
00000340: 17.2137   (Y': 15.8206   Cb: 17.2513   Cr: 19.2174 )
00000342: 17.0819   (Y': 15.8081   Cb: 17.0294   Cr: 18.9727 )
00000344: 17.0065   (Y': 15.6259   Cb: 17.0757   Cr: 18.9341 )
00000345: 17.0957   (Y': 15.7271   Cb: 17.1308   Cr: 19.0504 )
00000343: 17.0036   (Y': 15.6856   Cb: 16.9879   Cr: 18.9297 )
00000346: 17.1233   (Y': 15.837    Cb: 17.099    Cr: 18.9963 )
00000347: 17.1435   (Y': 15.8606   Cb: 17.1508   Cr: 18.9612 )
00000348: 17.2264   (Y': 15.8679   Cb: 17.3066   Cr: 19.0903 )
00000349: 17.2524   (Y': 15.8343   Cb: 17.3788   Cr: 19.1733 )
00000351: 17.3234   (Y': 16.0331   Cb: 17.2856   Cr: 19.2257 )
00000352: 17.2181   (Y': 15.9626   Cb: 17.1442   Cr: 19.1048 )
00000350: 17.318    (Y': 15.8874   Cb: 17.4322   Cr: 19.2847 )
00000354: 17.2012   (Y': 15.6945   Cb: 17.336    Cr: 19.3061 )
00000353: 17.2346   (Y': 15.8537   Cb: 17.2887   Cr: 19.1859 )
00000355: 17.2261   (Y': 15.6768   Cb: 17.3831   Cr: 19.3953 )
00000356: 17.2575   (Y': 15.7407   Cb: 17.3491   Cr: 19.4555 )
00000357: 17.2779   (Y': 15.8483   Cb: 17.3229   Cr: 19.3505 )
00000358: 17.3067   (Y': 15.8449   Cb: 17.3955   Cr: 19.3825 )
00000359: 17.3125   (Y': 15.898    Cb: 17.3998   Cr: 19.2856 )
00000360: 17.2959   (Y': 15.8158   Cb: 17.4277   Cr: 19.3455 )
00000361: 17.3896   (Y': 15.8686   Cb: 17.5566   Cr: 19.4772 )
00000362: 17.3532   (Y': 15.7232   Cb: 17.7195   Cr: 19.3914 )
00000363: 17.3531   (Y': 15.9056   Cb: 17.5902   Cr: 19.1737 )
00000364: 17.3301   (Y': 15.8903   Cb: 17.6021   Cr: 19.0847 )
00000365: 17.3439   (Y': 15.8316   Cb: 17.6843   Cr: 19.1561 )
00000366: 17.3142   (Y': 15.7056   Cb: 17.8059   Cr: 19.1269 )
00000367: 17.317    (Y': 15.7653   Cb: 17.7744   Cr: 19.0528 )
00000368: 17.3425   (Y': 15.8084   Cb: 17.7531   Cr: 19.1043 )
00000369: 17.3327   (Y': 15.8711   Cb: 17.6841   Cr: 19.0227 )
00000371: 17.2747   (Y': 15.8525   Cb: 17.5377   Cr: 19.0052 )
00000370: 17.2822   (Y': 15.8316   Cb: 17.5883   Cr: 19.0116 )
00000372: 17.245    (Y': 15.8306   Cb: 17.5452   Cr: 18.9083 )
00000373: 17.3198   (Y': 15.9395   Cb: 17.5979   Cr: 18.9444 )
00000374: 17.3795   (Y': 16.0539   Cb: 17.5944   Cr: 18.9829 )
00000375: 17.3582   (Y': 15.963    Cb: 17.5791   Cr: 19.0928 )
00000376: 17.3731   (Y': 15.9811   Cb: 17.5604   Cr: 19.1493 )
00000377: 17.4368   (Y': 15.994    Cb: 17.6184   Cr: 19.3282 )
00000378: 17.4711   (Y': 15.998    Cb: 17.6733   Cr: 19.3981 )
00000379: 17.4924   (Y': 16.0606   Cb: 17.6715   Cr: 19.3644 )
00000380: 17.5969   (Y': 16.1155   Cb: 17.8892   Cr: 19.4108 )
00000382: 17.8008   (Y': 16.0626   Cb: 18.2544   Cr: 19.9688 )
00000383: 17.8536   (Y': 16.1232   Cb: 18.3028   Cr: 20.0092 )
00000381: 17.6422   (Y': 16.0866   Cb: 17.9701   Cr: 19.567  )
00000384: 17.9752   (Y': 16.166    Cb: 18.4819   Cr: 20.2423 )
00000385: 18.0378   (Y': 16.2539   Cb: 18.5589   Cr: 20.2193 )
00000386: 18.2069   (Y': 16.5004   Cb: 18.5917   Cr: 20.4006 )
00000387: 18.2885   (Y': 16.7493   Cb: 18.5212   Cr: 20.317  )
00000389: 18.3821   (Y': 16.8358   Cb: 18.6939   Cr: 20.3097 )
00000390: 18.3126   (Y': 16.6574   Cb: 18.7349   Cr: 20.3277 )
00000391: 18.1358   (Y': 16.5106   Cb: 18.5946   Cr: 20.0309 )
00000388: 18.3853   (Y': 16.862    Cb: 18.6292   Cr: 20.3611 )
00000392: 18.1214   (Y': 16.5229   Cb: 18.533    Cr: 20.0228 )
00000393: 18.021    (Y': 16.372    Cb: 18.4457   Cr: 20.0182 )
00000394: 17.5267   (Y': 15.5597   Cb: 18.243    Cr: 19.8984 )
00000395: 17.4629   (Y': 15.45     Cb: 18.2677   Cr: 19.8321 )
00000397: 17.7794   (Y': 15.9372   Cb: 18.378    Cr: 19.9948 )
00000396: 17.6263   (Y': 15.7214   Cb: 18.2784   Cr: 19.9262 )
00000400: 17.7074   (Y': 15.8867   Cb: 18.3424   Cr: 19.8169 )
00000398: 17.7009   (Y': 15.8413   Cb: 18.3615   Cr: 19.8719 )
00000401: 17.5949   (Y': 15.8251   Cb: 18.1496   Cr: 19.693  )
00000399: 17.6359   (Y': 15.7714   Cb: 18.3354   Cr: 19.7644 )
00000402: 17.68     (Y': 15.965    Cb: 18.1285   Cr: 19.799  )
00000403: 17.6967   (Y': 15.9444   Cb: 18.1452   Cr: 19.9076 )
00000404: 17.6956   (Y': 15.8533   Cb: 18.179    Cr: 20.0841 )
00000406: 17.5071   (Y': 15.6069   Cb: 18.0153   Cr: 20.0132 )
00000405: 17.637    (Y': 15.7565   Cb: 18.1672   Cr: 20.0553 )
00000408: 17.5338   (Y': 15.6743   Cb: 18.0567   Cr: 19.907  )
00000410: 17.6492   (Y': 15.6626   Cb: 18.2574   Cr: 20.2399 )
00000409: 17.5458   (Y': 15.6781   Cb: 17.9991   Cr: 20.05   )
00000407: 17.5007   (Y': 15.64     Cb: 17.9572   Cr: 19.981  )
00000411: 17.6754   (Y': 15.7164   Cb: 18.2718   Cr: 20.2065 )
00000412: 17.726    (Y': 15.6988   Cb: 18.3496   Cr: 20.411  )
00000413: 17.8191   (Y': 15.8067   Cb: 18.4257   Cr: 20.4877 )
00000414: 17.9408   (Y': 15.9074   Cb: 18.5565   Cr: 20.6568 )
00000415: 17.9967   (Y': 15.9179   Cb: 18.6926   Cr: 20.7203 )
00000416: 18.1028   (Y': 16.025    Cb: 18.8501   Cr: 20.7424 )
00000418: 18.1344   (Y': 16.0866   Cb: 18.8637   Cr: 20.7134 )
00000417: 18.3358   (Y': 16.3623   Cb: 19.0522   Cr: 20.7254 )
00000419: 18.2906   (Y': 16.3487   Cb: 18.9531   Cr: 20.674  )
00000420: 18.3201   (Y': 16.4434   Cb: 18.9718   Cr: 20.5471 )
00000421: 18.2569   (Y': 16.3906   Cb: 18.9026   Cr: 20.4658 )
00000422: 17.8401   (Y': 15.7834   Cb: 18.6668   Cr: 20.2993 )
00000424: 17.6069   (Y': 15.3931   Cb: 18.7052   Cr: 20.1359 )
00000425: 17.9029   (Y': 15.2143   Cb: 19.7865   Cr: 20.9596 )
00000423: 17.7104   (Y': 15.6429   Cb: 18.5706   Cr: 20.152  )
00000427: 18.3316   (Y': 16.0533   Cb: 19.543    Cr: 20.8995 )
00000426: 18.3489   (Y': 15.9607   Cb: 19.7242   Cr: 21.0384 )
00000428: 18.578    (Y': 16.1451   Cb: 20.0141   Cr: 21.3309 )
00000429: 18.3863   (Y': 15.7975   Cb: 20.1631   Cr: 21.2202 )
00000430: 18.3789   (Y': 15.6987   Cb: 20.3903   Cr: 21.2436 )
00000431: 18.1912   (Y': 15.3124   Cb: 20.5176   Cr: 21.4296 )
00000432: 18.6875   (Y': 16.0291   Cb: 20.5855   Cr: 21.6141 )
00000434: 17.5004   (Y': 15.2724   Cb: 18.7989   Cr: 19.8058 )
00000436: 18.1758   (Y': 16.1324   Cb: 18.9021   Cr: 20.7468 )
00000435: 17.618    (Y': 15.6194   Cb: 18.4648   Cr: 19.8891 )
00000433: 18.3827   (Y': 15.7612   Cb: 20.2079   Cr: 21.2697 )
00000438: 17.6894   (Y': 15.7339   Cb: 18.3106   Cr: 20.1724 )
00000439: 17.6432   (Y': 15.7563   Cb: 18.2162   Cr: 20.0132 )
00000437: 17.8027   (Y': 15.7382   Cb: 18.5407   Cr: 20.4175 )
00000440: 17.5364   (Y': 15.6158   Cb: 18.2775   Cr: 19.7496 )
00000442: 17.1683   (Y': 15.1965   Cb: 17.8811   Cr: 19.5587 )
00000443: 17.2382   (Y': 15.5606   Cb: 17.6917   Cr: 19.261  )
00000444: 17.5776   (Y': 15.7352   Cb: 18.2141   Cr: 19.739  )
00000441: 17.4425   (Y': 15.5026   Cb: 18.2154   Cr: 19.6615 )
00000445: 17.9728   (Y': 16.3912   Cb: 18.3602   Cr: 19.8704 )
00000446: 18.1939   (Y': 16.6075   Cb: 18.6854   Cr: 19.9585 )
00000447: 18.157    (Y': 16.4999   Cb: 18.8122   Cr: 19.861  )
00000448: 18.0319   (Y': 16.2627   Cb: 18.8541   Cr: 19.7737 )
00000449: 17.8916   (Y': 16.0722   Cb: 18.7477   Cr: 19.7056 )
00000451: 17.9043   (Y': 15.7668   Cb: 19.16     Cr: 20.0142 )
00000452: 17.7601   (Y': 15.6096   Cb: 18.9163   Cr: 20.0302 )
00000450: 17.8206   (Y': 15.8632   Cb: 18.8662   Cr: 19.7283 )
00000453: 17.9777   (Y': 15.8773   Cb: 19.0354   Cr: 20.2383 )
00000455: 17.6642   (Y': 15.6567   Cb: 18.571    Cr: 19.877  )
00000454: 17.8359   (Y': 15.7826   Cb: 18.8339   Cr: 20.0482 )
00000456: 17.1875   (Y': 15.5537   Cb: 17.5935   Cr: 19.177  )
00000457: 16.9134   (Y': 15.4696   Cb: 17.1622   Cr: 18.7093 )
00000458: 16.3727   (Y': 15.1414   Cb: 16.4471   Cr: 17.9892 )
00000459: 16.1636   (Y': 15.0009   Cb: 16.1419   Cr: 17.7876 )
00000461: 15.6276   (Y': 15.2774   Cb: 15.1042   Cr: 16.6626 )
00000460: 15.9295   (Y': 15.2113   Cb: 15.6764   Cr: 17.1207 )
00000462: 15.5134   (Y': 15.2779   Cb: 14.9621   Cr: 16.4345 )
00000463: 15.6515   (Y': 15.3699   Cb: 15.1427   Cr: 16.5733 )
00000464: 15.8362   (Y': 15.5277   Cb: 15.3925   Cr: 16.7043 )
00000466: 15.7059   (Y': 15.4668   Cb: 15.2173   Cr: 16.5449 )
00000465: 15.8242   (Y': 15.5192   Cb: 15.3934   Cr: 16.6705 )
00000467: 15.5747   (Y': 15.3833   Cb: 15.0975   Cr: 16.3381 )
00000468: 15.4169   (Y': 15.3097   Cb: 14.7826   Cr: 16.2907 )
00000469: 15.3086   (Y': 15.2227   Cb: 14.5788   Cr: 16.2939 )
00000470: 15.4388   (Y': 15.2484   Cb: 14.6754   Cr: 16.6135 )
00000471: 15.7624   (Y': 15.509    Cb: 15.0887   Cr: 16.8856 )
00000472: 16.1568   (Y': 15.7149   Cb: 15.6974   Cr: 17.2287 )
00000473: 16.359    (Y': 16.1061   Cb: 15.8751   Cr: 17.2092 )
00000474: 16.3614   (Y': 15.9827   Cb: 15.956    Cr: 17.271  )
00000475: 16.5437   (Y': 16.4203   Cb: 15.9596   Cr: 17.3672 )
00000476: 15.3908   (Y': 15.4596   Cb: 14.57     Cr: 16.3184 )
00000477: 15.3209   (Y': 15.3824   Cb: 14.5122   Cr: 16.2392 )
00000478: 15.7776   (Y': 15.6974   Cb: 15.0575   Cr: 16.7411 )
00000479: 15.3505   (Y': 15.1826   Cb: 14.6257   Cr: 16.4356 )
00000480: 15.0796   (Y': 14.8946   Cb: 14.3032   Cr: 16.2674 )
00000481: 15.1042   (Y': 14.9026   Cb: 14.3266   Cr: 16.3167 )
00000482: 15.1589   (Y': 14.9437   Cb: 14.4021   Cr: 16.3574 )
00000483: 15.1064   (Y': 14.863    Cb: 14.3702   Cr: 16.3117 )
00000484: 15.0446   (Y': 14.7768   Cb: 14.2892   Cr: 16.3149 )
00000485: 15.1851   (Y': 14.9261   Cb: 14.4503   Cr: 16.41   )
00000486: 15.2338   (Y': 14.9563   Cb: 14.5232   Cr: 16.447  )
00000487: 15.2105   (Y': 14.9052   Cb: 14.5303   Cr: 16.4161 )
00000488: 15.2307   (Y': 14.9217   Cb: 14.5428   Cr: 16.4533 )
00000489: 15.1618   (Y': 14.8617   Cb: 14.4592   Cr: 16.3948 )
00000490: 15.0968   (Y': 14.8002   Cb: 14.3881   Cr: 16.3344 )
00000491: 15.0628   (Y': 14.7606   Cb: 14.3439   Cr: 16.3243 )
00000492: 14.8649   (Y': 14.5272   Cb: 14.1398   Cr: 16.1877 )
00000494: 14.7341   (Y': 14.373    Cb: 13.9947   Cr: 16.1145 )
00000493: 14.8244   (Y': 14.4786   Cb: 14.0926   Cr: 16.1699 )
00000495: 14.7197   (Y': 14.3575   Cb: 13.9701   Cr: 16.1187 )
00000497: 14.6606   (Y': 14.314    Cb: 13.8893   Cr: 16.0717 )
00000496: 14.6754   (Y': 14.3254   Cb: 13.9237   Cr: 16.0595 )
00000498: 14.6612   (Y': 14.311    Cb: 13.8951   Cr: 16.0692 )
00000499: 14.7605   (Y': 14.4434   Cb: 13.9929   Cr: 16.1216 )
00000500: 14.847    (Y': 14.5661   Cb: 14.0713   Cr: 16.1686 )
00000502: 14.8709   (Y': 14.5386   Cb: 14.1209   Cr: 16.2259 )
00000501: 14.8356   (Y': 14.5534   Cb: 14.05     Cr: 16.1751 )
00000503: 14.9856   (Y': 14.6371   Cb: 14.2604   Cr: 16.3243 )
00000504: 15.0405   (Y': 14.7219   Cb: 14.3068   Cr: 16.3492 )
00000505: 15.0904   (Y': 14.7731   Cb: 14.3665   Cr: 16.3813 )
00000506: 15.131    (Y': 14.7644   Cb: 14.4725   Cr: 16.3908 )
00000507: 15.1602   (Y': 14.8224   Cb: 14.4737   Cr: 16.4222 )
00000508: 15.1049   (Y': 14.7766   Cb: 14.4327   Cr: 16.3306 )
00000509: 15.1082   (Y': 14.7721   Cb: 14.4375   Cr: 16.343  )
00000510: 15.1363   (Y': 14.8109   Cb: 14.4778   Cr: 16.3372 )
00000511: 15.1453   (Y': 14.815    Cb: 14.4897   Cr: 16.3484 )
00000512: 15.2643   (Y': 14.9053   Cb: 14.659    Cr: 16.432  )
00000513: 15.3085   (Y': 14.9329   Cb: 14.7161   Cr: 16.4803 )
00000516: 15.105    (Y': 14.7735   Cb: 14.4553   Cr: 16.301  )
00000515: 15.1764   (Y': 14.7567   Cb: 14.6041   Cr: 16.3814 )
00000514: 15.2234   (Y': 14.8256   Cb: 14.6438   Cr: 16.4078 )
00000517: 15.1313   (Y': 14.793    Cb: 14.4817   Cr: 16.3368 )
00000518: 15.2937   (Y': 14.9      Cb: 14.7713   Cr: 16.3879 )
00000519: 15.4115   (Y': 14.9785   Cb: 14.9208   Cr: 16.5153 )
00000520: 15.4146   (Y': 15.018    Cb: 14.9402   Cr: 16.444  )
00000521: 15.4729   (Y': 15.0828   Cb: 14.9792   Cr: 16.5209 )
00000522: 15.5057   (Y': 15.1004   Cb: 15.0164   Cr: 16.5685 )
00000524: 15.5751   (Y': 15.1789   Cb: 15.1115   Cr: 16.5888 )
00000523: 15.5173   (Y': 15.1102   Cb: 15.0381   Cr: 16.5682 )
00000525: 15.6157   (Y': 15.2174   Cb: 15.1755   Cr: 16.5995 )
00000526: 15.6716   (Y': 15.2547   Cb: 15.2418   Cr: 16.6668 )
00000527: 15.6787   (Y': 15.2756   Cb: 15.2287   Cr: 16.6828 )
00000528: 15.7441   (Y': 15.3504   Cb: 15.2671   Cr: 16.7731 )
00000529: 15.7408   (Y': 15.3696   Cb: 15.2461   Cr: 16.764  )
00000530: 15.7056   (Y': 15.3333   Cb: 15.2094   Cr: 16.7323 )
00000532: 15.6868   (Y': 15.3826   Cb: 15.2032   Cr: 16.6038 )
00000531: 15.6643   (Y': 15.3145   Cb: 15.1757   Cr: 16.6495 )
00000533: 15.6868   (Y': 15.4112   Cb: 15.1666   Cr: 16.617  )
00000534: 15.6738   (Y': 15.4108   Cb: 15.1783   Cr: 16.5531 )
00000535: 15.8241   (Y': 15.4204   Cb: 15.4053   Cr: 16.7859 )
00000536: 16.2931   (Y': 15.6799   Cb: 15.9738   Cr: 17.4167 )
00000537: 16.3776   (Y': 15.7609   Cb: 16.0422   Cr: 17.5288 )
00000538: 16.5539   (Y': 15.9607   Cb: 16.1708   Cr: 17.7376 )
00000540: 16.9158   (Y': 16.3002   Cb: 16.5161   Cr: 18.1576 )
00000539: 16.6371   (Y': 16.0176   Cb: 16.2626   Cr: 17.8485 )
00000541: 16.935    (Y': 16.3259   Cb: 16.4945   Cr: 18.2271 )
00000542: 16.772    (Y': 16.1691   Cb: 16.3167   Cr: 18.0764 )
00000543: 16.6392   (Y': 16.014    Cb: 16.1957   Cr: 17.9605 )
00000544: 16.2981   (Y': 15.6506   Cb: 15.8229   Cr: 17.7032 )
00000545: 16.1237   (Y': 15.4104   Cb: 15.5842   Cr: 17.7402 )
00000546: 16.4302   (Y': 15.6217   Cb: 15.9176   Cr: 18.1686 )
00000547: 16.2991   (Y': 15.5671   Cb: 15.7193   Cr: 18.0155 )
00000548: 16.0713   (Y': 15.4445   Cb: 15.4311   Cr: 17.7087 )
00000549: 16.0481   (Y': 15.4379   Cb: 15.3738   Cr: 17.7154 )
00000550: 16.2513   (Y': 15.6928   Cb: 15.6369   Cr: 17.7339 )
00000551: 15.8226   (Y': 15.3788   Cb: 15.0806   Cr: 17.334  )
00000552: 15.723    (Y': 15.1714   Cb: 15.0003   Cr: 17.3758 )
00000553: 15.8011   (Y': 15.1606   Cb: 15.0953   Cr: 17.5755 )
00000554: 16.5101   (Y': 15.9339   Cb: 15.7594   Cr: 18.2532 )
00000555: 16.3336   (Y': 15.7322   Cb: 15.566    Cr: 18.1503 )
00000556: 16.1534   (Y': 15.5916   Cb: 15.4125   Cr: 17.8545 )
00000557: 16.1591   (Y': 15.6063   Cb: 15.4322   Cr: 17.8208 )
00000558: 16.7992   (Y': 16.2933   Cb: 16.134    Cr: 18.2808 )
00000559: 15.8878   (Y': 15.3377   Cb: 15.1331   Cr: 17.5935 )
00000560: 16.731    (Y': 16.0508   Cb: 16.1783   Cr: 18.3131 )
00000561: 16.5488   (Y': 15.7579   Cb: 16.0627   Cr: 18.2122 )
00000562: 16.8003   (Y': 15.9742   Cb: 16.3561   Cr: 18.4576 )
00000563: 16.9019   (Y': 16.0671   Cb: 16.4995   Cr: 18.5075 )
00000565: 17.1983   (Y': 16.2454   Cb: 16.9201   Cr: 18.8194 )
00000564: 17.0823   (Y': 16.1734   Cb: 16.7763   Cr: 18.6674 )
00000566: 17.4203   (Y': 16.4311   Cb: 17.2187   Cr: 18.99   )
00000567: 17.4483   (Y': 16.4194   Cb: 17.2781   Cr: 19.043  )
00000568: 17.5779   (Y': 16.5279   Cb: 17.4271   Cr: 19.182  )
00000569: 17.6837   (Y': 16.5369   Cb: 17.6638   Cr: 19.2752 )
00000570: 17.8467   (Y': 16.6692   Cb: 17.8858   Cr: 19.4113 )
00000571: 18.0522   (Y': 16.7899   Cb: 18.2239   Cr: 19.5921 )
00000572: 18.2409   (Y': 16.7954   Cb: 18.6292   Cr: 19.8487 )
00000573: 18.2731   (Y': 16.8146   Cb: 18.6866   Cr: 19.874  )
00000575: 18.45     (Y': 16.7906   Cb: 19.2342   Cr: 19.9999 )
00000574: 18.3813   (Y': 16.7961   Cb: 19.0415   Cr: 19.9274 )
00000576: 18.5419   (Y': 16.7033   Cb: 19.7077   Cr: 20.0394 )
00000577: 18.59     (Y': 16.7107   Cb: 19.8391   Cr: 20.0865 )
00000579: 18.5137   (Y': 16.4423   Cb: 19.9303   Cr: 20.2713 )
00000578: 18.6149   (Y': 16.5981   Cb: 20.0032   Cr: 20.2735 )
00000581: 18.0827   (Y': 16.0559   Cb: 19.484    Cr: 19.7507 )
00000580: 18.239    (Y': 16.1928   Cb: 19.6771   Cr: 19.9136 )
00000583: 18.256    (Y': 16.0173   Cb: 19.7052   Cr: 20.4079 )
00000582: 18.1051   (Y': 15.9564   Cb: 19.4456   Cr: 20.143  )
00000584: 18.3322   (Y': 16.0293   Cb: 19.8723   Cr: 20.5563 )
00000585: 18.2558   (Y': 15.9112   Cb: 19.8133   Cr: 20.5799 )
00000586: 18.0239   (Y': 15.7039   Cb: 19.5428   Cr: 20.3222 )
00000587: 18.0255   (Y': 15.711    Cb: 19.5442   Cr: 20.3082 )
00000588: 17.9792   (Y': 15.7101   Cb: 19.559    Cr: 20.0642 )
00000589: 17.9901   (Y': 15.6868   Cb: 19.6536   Cr: 20.0757 )
00000590: 17.904    (Y': 15.6312   Cb: 19.5578   Cr: 19.9173 )
00000591: 17.8643   (Y': 15.5919   Cb: 19.5388   Cr: 19.8541 )
00000593: 17.9036   (Y': 15.5104   Cb: 19.6291   Cr: 20.1744 )
00000592: 17.8259   (Y': 15.503    Cb: 19.5196   Cr: 19.932  )
Total: 16.9568   (Y': 15.9272   Cb: 16.7818   Cr: 18.56   )
