00000000: 11.5694   (Y': 9.32607   Cb: 12.8597   Cr: 13.9293 )
00000002: 11.594    (Y': 9.42843   Cb: 12.7062   Cr: 13.9637 )
00000001: 11.554    (Y': 9.34147   Cb: 12.7698   Cr: 13.9211 )
00000003: 11.4734   (Y': 9.27669   Cb: 12.6142   Cr: 13.8943 )
00000004: 11.4218   (Y': 9.19983   Cb: 12.5913   Cr: 13.8777 )
00000006: 11.4079   (Y': 9.13091   Cb: 12.6042   Cr: 13.9925 )
00000005: 11.4004   (Y': 9.17298   Cb: 12.5602   Cr: 13.8854 )
00000007: 11.3542   (Y': 9.09658   Cb: 12.5228   Cr: 13.918  )
00000008: 11.408    (Y': 9.20006   Cb: 12.5365   Cr: 13.8781 )
00000009: 11.4928   (Y': 9.30546   Cb: 12.6978   Cr: 13.8026 )
00000010: 11.4882   (Y': 9.26882   Cb: 12.6632   Cr: 13.9292 )
00000012: 11.4391   (Y': 9.14268   Cb: 12.8473   Cr: 13.8042 )
00000011: 11.4526   (Y': 9.19884   Cb: 12.7233   Cr: 13.868  )
00000013: 11.3969   (Y': 9.06105   Cb: 12.8492   Cr: 13.8237 )
00000014: 11.4328   (Y': 9.10111   Cb: 12.8861   Cr: 13.8458 )
00000015: 11.4779   (Y': 9.1788    Cb: 12.8915   Cr: 13.8443 )
00000016: 11.4764   (Y': 9.16521   Cb: 12.893    Cr: 13.8742 )
00000017: 11.4554   (Y': 9.13259   Cb: 12.8964   Cr: 13.8574 )
00000018: 11.4304   (Y': 9.19431   Cb: 12.7824   Cr: 13.6918 )
00000019: 11.4479   (Y': 9.29385   Cb: 12.6776   Cr: 13.6343 )
00000020: 11.3568   (Y': 9.22088   Cb: 12.5951   Cr: 13.4835 )
00000022: 11.2972   (Y': 9.19955   Cb: 12.5161   Cr: 13.3469 )
00000023: 11.2961   (Y': 9.24649   Cb: 12.4297   Cr: 13.3257 )
00000021: 11.3207   (Y': 9.20529   Cb: 12.5758   Cr: 13.3732 )
00000024: 11.3129   (Y': 9.22607   Cb: 12.4963   Cr: 13.3776 )
00000025: 11.291    (Y': 9.27455   Cb: 12.3664   Cr: 13.3083 )
00000026: 11.3032   (Y': 9.35819   Cb: 12.3451   Cr: 13.1852 )
00000027: 11.3711   (Y': 9.40108   Cb: 12.5101   Cr: 13.1973 )
00000028: 11.4273   (Y': 9.44614   Cb: 12.6306   Cr: 13.2057 )
00000029: 11.5148   (Y': 9.54273   Cb: 12.8502   Cr: 13.1265 )
00000030: 11.5303   (Y': 9.59531   Cb: 12.8896   Cr: 13.0337 )
00000031: 11.5216   (Y': 9.55018   Cb: 13.0141   Cr: 12.9704 )
00000032: 11.4666   (Y': 9.43817   Cb: 12.966    Cr: 13.0365 )
00000033: 11.471    (Y': 9.3974    Cb: 12.9802   Cr: 13.1357 )
00000034: 11.4708   (Y': 9.33857   Cb: 13.0166   Cr: 13.2386 )
00000035: 11.4484   (Y': 9.26066   Cb: 12.9757   Cr: 13.3758 )
00000036: 11.4862   (Y': 9.29796   Cb: 13.0067   Cr: 13.4226 )
00000037: 11.5985   (Y': 9.42498   Cb: 13.1507   Cr: 13.4627 )
00000038: 11.684    (Y': 9.53199   Cb: 13.2344   Cr: 13.4959 )
00000039: 11.6345   (Y': 9.54878   Cb: 13.0232   Cr: 13.4575 )
00000040: 11.6826   (Y': 9.64622   Cb: 12.9722   Cr: 13.496  )
00000041: 11.7212   (Y': 9.81749   Cb: 12.8514   Cr: 13.4025 )
00000042: 11.787    (Y': 9.8577    Cb: 12.8573   Cr: 13.5972 )
00000043: 11.9138   (Y': 10.1343   Cb: 12.6291   Cr: 13.8154 )
00000044: 11.9367   (Y': 10.2677   Cb: 12.5225   Cr: 13.7568 )
00000045: 11.963    (Y': 10.3089   Cb: 12.4915   Cr: 13.827  )
00000046: 11.9005   (Y': 10.2364   Cb: 12.4346   Cr: 13.7794 )
00000047: 11.9166   (Y': 10.2089   Cb: 12.4628   Cr: 13.8787 )
00000048: 11.9665   (Y': 10.1888   Cb: 12.5297   Cr: 14.072  )
00000049: 11.9151   (Y': 10.0208   Cb: 12.5607   Cr: 14.1964 )
00000050: 11.9015   (Y': 9.90412   Cb: 12.6628   Cr: 14.291  )
00000051: 11.8492   (Y': 9.78583   Cb: 12.6831   Cr: 14.3171 )
00000052: 11.7986   (Y': 9.69748   Cb: 12.6712   Cr: 14.3184 )
00000053: 11.7735   (Y': 9.59887   Cb: 12.7114   Cr: 14.4151 )
00000054: 11.7477   (Y': 9.57933   Cb: 12.6568   Cr: 14.4131 )
00000055: 11.9003   (Y': 9.73321   Cb: 12.7967   Cr: 14.5807 )
00000056: 11.9708   (Y': 9.80659   Cb: 12.8569   Cr: 14.658  )
00000057: 12.0088   (Y': 9.83801   Cb: 12.8833   Cr: 14.7338 )
00000058: 12.0655   (Y': 9.87237   Cb: 12.945    Cr: 14.8528 )
00000059: 12.1041   (Y': 9.97026   Cb: 12.9136   Cr: 14.8162 )
00000060: 12.0822   (Y': 9.99091   Cb: 12.8888   Cr: 14.671  )
00000061: 11.9929   (Y': 9.92707   Cb: 12.7232   Cr: 14.6233 )
00000062: 12.0155   (Y': 9.98235   Cb: 12.745    Cr: 14.5525 )
00000063: 12.0611   (Y': 9.96548   Cb: 12.8521   Cr: 14.6867 )
00000064: 12.0967   (Y': 10.0396   Cb: 12.8467   Cr: 14.6714 )
00000065: 12.1602   (Y': 10.1177   Cb: 12.9274   Cr: 14.6673 )
00000066: 12.1103   (Y': 10.0489   Cb: 12.8697   Cr: 14.683  )
00000067: 12.0708   (Y': 9.93731   Cb: 12.9374   Cr: 14.6945 )
00000068: 12.1015   (Y': 10.0193   Cb: 12.9453   Cr: 14.6087 )
00000069: 12.0578   (Y': 10.0635   Cb: 12.7593   Cr: 14.5271 )
00000070: 11.994    (Y': 9.97032   Cb: 12.7519   Cr: 14.4614 )
00000071: 12.0786   (Y': 10.0871   Cb: 12.8264   Cr: 14.4717 )
00000072: 12.1059   (Y': 10.0845   Cb: 12.9225   Cr: 14.4815 )
00000073: 12.305    (Y': 10.2455   Cb: 13.1875   Cr: 14.6925 )
00000074: 12.3911   (Y': 10.2994   Cb: 13.3047   Cr: 14.8247 )
00000075: 12.5161   (Y': 10.3283   Cb: 13.5548   Cr: 15.0513 )
00000076: 12.609    (Y': 10.4515   Cb: 13.6093   Cr: 15.1095 )
00000077: 12.4979   (Y': 10.3035   Cb: 13.4194   Cr: 15.2244 )
00000078: 12.5487   (Y': 10.3098   Cb: 13.5776   Cr: 15.2536 )
00000079: 12.5861   (Y': 10.3748   Cb: 13.5951   Cr: 15.235  )
00000080: 12.6765   (Y': 10.4973   Cb: 13.6461   Cr: 15.2851 )
00000082: 12.5907   (Y': 10.3721   Cb: 13.5687   Cr: 15.3078 )
00000081: 12.6096   (Y': 10.3974   Cb: 13.599    Cr: 15.2896 )
00000083: 12.5927   (Y': 10.4045   Cb: 13.4679   Cr: 15.371  )
00000084: 12.6009   (Y': 10.4255   Cb: 13.4579   Cr: 15.3672 )
00000085: 12.7131   (Y': 10.5664   Cb: 13.5472   Cr: 15.4265 )
00000086: 12.7407   (Y': 10.5705   Cb: 13.5775   Cr: 15.5224 )
00000087: 12.7755   (Y': 10.5624   Cb: 13.6785   Cr: 15.5893 )
00000088: 12.7861   (Y': 10.5883   Cb: 13.7052   Cr: 15.5267 )
00000089: 12.8407   (Y': 10.6491   Cb: 13.6936   Cr: 15.6648 )
00000090: 12.8528   (Y': 10.6519   Cb: 13.7432   Cr: 15.6473 )
00000091: 12.8541   (Y': 10.6464   Cb: 13.7667   Cr: 15.6357 )
00000092: 12.8747   (Y': 10.6597   Cb: 13.8272   Cr: 15.6184 )
00000093: 12.8927   (Y': 10.6514   Cb: 13.832    Cr: 15.7405 )
00000094: 13.0397   (Y': 10.7999   Cb: 13.9769   Cr: 15.8858 )
00000095: 13.0739   (Y': 10.7941   Cb: 14.0476   Cr: 15.9942 )
00000096: 13.0025   (Y': 10.7247   Cb: 13.9473   Cr: 15.9613 )
00000097: 12.9817   (Y': 10.6489   Cb: 14.0624   Cr: 15.9133 )
00000098: 12.9518   (Y': 10.6498   Cb: 14.0065   Cr: 15.8203 )
00000099: 12.8347   (Y': 10.466    Cb: 14.0349   Cr: 15.7071 )
00000100: 12.8735   (Y': 10.4551   Cb: 14.123    Cr: 15.8423 )
00000101: 12.7157   (Y': 10.3079   Cb: 13.9103   Cr: 15.73   )
00000102: 12.6787   (Y': 10.3248   Cb: 13.7577   Cr: 15.6841 )
00000103: 12.6698   (Y': 10.339    Cb: 13.7253   Cr: 15.6331 )
00000105: 12.5508   (Y': 10.2589   Cb: 13.5536   Cr: 15.4655 )
00000104: 12.6329   (Y': 10.3027   Cb: 13.6983   Cr: 15.5792 )
00000106: 12.5321   (Y': 10.1932   Cb: 13.6011   Cr: 15.5022 )
00000108: 12.4598   (Y': 10.1238   Cb: 13.492    Cr: 15.4773 )
00000107: 12.4666   (Y': 10.1252   Cb: 13.5582   Cr: 15.41   )
00000110: 12.4567   (Y': 10.0932   Cb: 13.5956   Cr: 15.4029 )
00000109: 12.4724   (Y': 10.1359   Cb: 13.5831   Cr: 15.3702 )
00000111: 12.4434   (Y': 10.0527   Cb: 13.6809   Cr: 15.335  )
00000112: 12.4737   (Y': 10.0874   Cb: 13.67     Cr: 15.4115 )
00000113: 12.5093   (Y': 10.1026   Cb: 13.751    Cr: 15.4493 )
00000114: 12.4854   (Y': 10.0764   Cb: 13.7451   Cr: 15.4064 )
00000115: 12.5894   (Y': 10.1441   Cb: 13.9022   Cr: 15.5577 )
00000116: 12.656    (Y': 10.2265   Cb: 13.9301   Cr: 15.6267 )
00000117: 12.6637   (Y': 10.2477   Cb: 13.9221   Cr: 15.6108 )
00000118: 12.6487   (Y': 10.2571   Cb: 13.8629   Cr: 15.5778 )
00000119: 12.6342   (Y': 10.2293   Cb: 13.892    Cr: 15.5443 )
00000120: 12.5544   (Y': 10.1586   Cb: 13.7893   Cr: 15.467  )
00000121: 12.4546   (Y': 10.0438   Cb: 13.6477   Cr: 15.4817 )
00000122: 12.4714   (Y': 10.053    Cb: 13.7252   Cr: 15.4333 )
00000123: 12.5401   (Y': 10.1153   Cb: 13.7531   Cr: 15.5858 )
00000124: 12.536    (Y': 10.1019   Cb: 13.7689   Cr: 15.5841 )
00000125: 12.5822   (Y': 10.0597   Cb: 13.9228   Cr: 15.787  )
00000126: 12.4876   (Y': 9.99776   Cb: 13.6972   Cr: 15.7764 )
00000127: 12.568    (Y': 10.0837   Cb: 13.8464   Cr: 15.7272 )
00000128: 12.6117   (Y': 10.1748   Cb: 13.833    Cr: 15.6876 )
00000129: 12.6882   (Y': 10.2805   Cb: 13.8787   Cr: 15.7082 )
00000130: 12.7231   (Y': 10.3402   Cb: 13.8761   Cr: 15.7142 )
00000131: 12.756    (Y': 10.3526   Cb: 13.9837   Cr: 15.7054 )
00000132: 12.8197   (Y': 10.4584   Cb: 14.018    Cr: 15.6699 )
00000133: 13.5459   (Y': 11.0039   Cb: 15.0785   Cr: 16.5408 )
00000134: 13.312    (Y': 10.7072   Cb: 14.9265   Cr: 16.421  )
00000135: 13.5321   (Y': 10.8903   Cb: 15.3396   Cr: 16.5153 )
00000136: 13.3806   (Y': 10.8331   Cb: 15.1093   Cr: 16.1332 )
00000137: 12.4447   (Y': 10.3629   Cb: 13.4835   Cr: 14.6798 )
00000138: 12.2846   (Y': 10.1558   Cb: 13.3341   Cr: 14.6347 )
00000139: 12.6484   (Y': 10.2945   Cb: 14.0499   Cr: 15.1946 )
00000140: 12.8144   (Y': 10.5476   Cb: 13.9967   Cr: 15.387  )
00000141: 12.3828   (Y': 10.0912   Cb: 13.4659   Cr: 15.175  )
00000142: 11.93     (Y': 9.6471    Cb: 13.1155   Cr: 14.5476 )
00000143: 12.3774   (Y': 10.0814   Cb: 13.4931   Cr: 15.1356 )
00000144: 12.4339   (Y': 10.0664   Cb: 13.53     Cr: 15.4595 )
00000145: 12.2648   (Y': 9.86783   Cb: 13.4136   Cr: 15.3117 )
00000146: 12.3309   (Y': 9.95369   Cb: 13.4487   Cr: 15.3566 )
00000147: 12.2642   (Y': 9.86633   Cb: 13.3801   Cr: 15.3656 )
00000148: 12.2501   (Y': 9.8827    Cb: 13.3335   Cr: 15.2954 )
00000149: 12.2793   (Y': 9.87605   Cb: 13.4278   Cr: 15.3483 )
00000150: 12.3059   (Y': 9.94185   Cb: 13.3357   Cr: 15.4251 )
00000151: 12.4047   (Y': 10.0575   Cb: 13.4567   Cr: 15.4294 )
00000153: 12.5152   (Y': 10.1724   Cb: 13.6031   Cr: 15.4688 )
00000152: 12.4386   (Y': 10.0949   Cb: 13.51     Cr: 15.421  )
00000154: 12.4779   (Y': 10.1478   Cb: 13.5303   Cr: 15.4437 )
00000155: 12.4664   (Y': 10.0679   Cb: 13.6074   Cr: 15.5305 )
00000156: 12.5341   (Y': 10.1455   Cb: 13.6598   Cr: 15.5876 )
00000157: 12.4446   (Y': 9.97412   Cb: 13.6424   Cr: 15.6795 )
00000158: 12.4296   (Y': 9.90927   Cb: 13.6673   Cr: 15.7893 )
00000159: 12.4973   (Y': 10.017    Cb: 13.6139   Cr: 15.9031 )
00000160: 12.4517   (Y': 9.9479    Cb: 13.6186   Cr: 15.8642 )
00000161: 12.4498   (Y': 9.95698   Cb: 13.5989   Cr: 15.8492 )
00000162: 12.5156   (Y': 10.0445   Cb: 13.635    Cr: 15.8815 )
00000163: 12.61     (Y': 10.1903   Cb: 13.7721   Cr: 15.7163 )
00000164: 12.6479   (Y': 10.2427   Cb: 13.8122   Cr: 15.6993 )
00000165: 12.9411   (Y': 10.4877   Cb: 14.42     Cr: 15.7039 )
00000166: 12.9876   (Y': 10.4826   Cb: 14.6175   Cr: 15.7237 )
00000167: 13.003    (Y': 10.486    Cb: 14.7221   Cr: 15.6659 )
00000168: 12.9362   (Y': 10.4326   Cb: 14.631    Cr: 15.5857 )
00000169: 12.8338   (Y': 10.3091   Cb: 14.5761   Cr: 15.4935 )
00000170: 12.7945   (Y': 10.2654   Cb: 14.5777   Cr: 15.4183 )
00000171: 12.655    (Y': 10.1252   Cb: 14.4268   Cr: 15.2952 )
00000172: 12.5843   (Y': 10.037    Cb: 14.3917   Cr: 15.2389 )
00000173: 12.5518   (Y': 10.0456   Cb: 14.2295   Cr: 15.2308 )
00000174: 12.5275   (Y': 10.0524   Cb: 14.1133   Cr: 15.2217 )
00000175: 12.5178   (Y': 9.95711   Cb: 14.1691   Cr: 15.4165 )
00000176: 12.4255   (Y': 9.88323   Cb: 14.1036   Cr: 15.2253 )
00000178: 12.4918   (Y': 9.90995   Cb: 14.2072   Cr: 15.3803 )
00000177: 12.4889   (Y': 9.90957   Cb: 14.2137   Cr: 15.3565 )
00000179: 12.5285   (Y': 9.97115   Cb: 14.2068   Cr: 15.3802 )
00000180: 12.465    (Y': 9.8806    Cb: 14.2076   Cr: 15.3269 )
00000181: 12.5709   (Y': 9.94606   Cb: 14.3241   Cr: 15.5639 )
00000182: 12.5924   (Y': 9.96551   Cb: 14.2873   Cr: 15.6715 )
00000183: 12.6542   (Y': 10.0134   Cb: 14.3295   Cr: 15.8128 )
00000184: 12.5947   (Y': 9.97477   Cb: 14.27     Cr: 15.6754 )
00000185: 13.1615   (Y': 10.4641   Cb: 15.1094   Cr: 16.1679 )
00000186: 13.2715   (Y': 10.5356   Cb: 15.3611   Cr: 16.2437 )
00000187: 13.3416   (Y': 10.5893   Cb: 15.4979   Cr: 16.2942 )
00000188: 13.0891   (Y': 10.3779   Cb: 15.1554   Cr: 15.999  )
00000189: 12.6302   (Y': 10.0079   Cb: 14.4621   Cr: 15.5115 )
00000190: 13.2697   (Y': 10.6411   Cb: 15.3448   Cr: 15.881  )
00000191: 12.5193   (Y': 10.0619   Cb: 14.2483   Cr: 14.9799 )
00000192: 12.4531   (Y': 9.94544   Cb: 14.295    Cr: 14.9386 )
00000193: 12.4808   (Y': 9.93044   Cb: 14.33     Cr: 15.0953 )
00000194: 12.4219   (Y': 9.9949    Cb: 14.1103   Cr: 14.8369 )
00000195: 12.4204   (Y': 10.0786   Cb: 13.9358   Cr: 14.787  )
00000196: 12.6968   (Y': 10.0857   Cb: 14.5363   Cr: 15.5291 )
00000197: 12.5912   (Y': 9.91021   Cb: 14.5767   Cr: 15.4903 )
00000198: 12.6903   (Y': 9.9215    Cb: 14.7635   Cr: 15.8083 )
00000199: 12.782    (Y': 9.95876   Cb: 15.0019   Cr: 15.9292 )
00000201: 12.9373   (Y': 10.0872   Cb: 14.9889   Cr: 16.4157 )
00000202: 12.8377   (Y': 10.0076   Cb: 14.8276   Cr: 16.3165 )
00000200: 12.7975   (Y': 9.98598   Cb: 14.9707   Cr: 15.9561 )
00000203: 12.6162   (Y': 9.86054   Cb: 14.4741   Cr: 15.9703 )
00000204: 12.4695   (Y': 9.77749   Cb: 14.2176   Cr: 15.7238 )
00000205: 12.4573   (Y': 9.80431   Cb: 14.0223   Cr: 15.8248 )
00000206: 12.2788   (Y': 9.64659   Cb: 13.7521   Cr: 15.7038 )
00000207: 12.2387   (Y': 9.5419    Cb: 13.716    Cr: 15.9279 )
00000208: 12.1685   (Y': 9.43223   Cb: 13.6277   Cr: 16.0657 )
00000209: 11.9607   (Y': 9.22623   Cb: 13.4989   Cr: 15.7146 )
00000210: 12.0336   (Y': 9.31302   Cb: 13.4804   Cr: 15.8807 )
00000211: 12.1788   (Y': 9.44976   Cb: 13.6562   Cr: 16.0111 )
00000212: 12.1832   (Y': 9.44009   Cb: 13.6239   Cr: 16.1446 )
00000213: 12.1565   (Y': 9.39919   Cb: 13.6399   Cr: 16.1089 )
00000214: 12.1087   (Y': 9.35294   Cb: 13.6001   Cr: 16.0392 )
00000215: 12.1632   (Y': 9.41781   Cb: 13.6091   Cr: 16.1259 )
00000216: 12.2161   (Y': 9.45901   Cb: 13.6905   Cr: 16.1831 )
00000218: 12.3261   (Y': 9.55683   Cb: 13.7682   Cr: 16.4098 )
00000217: 12.3182   (Y': 9.58539   Cb: 13.702    Cr: 16.3341 )
00000219: 12.2273   (Y': 9.43669   Cb: 13.77     Cr: 16.2322 )
00000220: 12.1941   (Y': 9.40892   Cb: 13.6831   Cr: 16.269  )
00000221: 12.1856   (Y': 9.40453   Cb: 13.7405   Cr: 16.1245 )
00000222: 12.233    (Y': 9.45887   Cb: 13.815    Cr: 16.0929 )
00000223: 12.311    (Y': 9.44547   Cb: 14.0827   Cr: 16.2842 )
00000224: 12.3104   (Y': 9.47793   Cb: 14.04     Cr: 16.196  )
00000225: 12.2724   (Y': 9.46579   Cb: 14.0907   Cr: 15.9006 )
00000226: 12.3462   (Y': 9.56019   Cb: 14.1491   Cr: 15.9078 )
00000227: 12.3172   (Y': 9.45744   Cb: 14.1738   Cr: 16.1265 )
00000228: 12.4067   (Y': 9.56403   Cb: 14.2026   Cr: 16.2322 )
00000229: 12.438    (Y': 9.60368   Cb: 14.3084   Cr: 16.1098 )
00000230: 12.4098   (Y': 9.59333   Cb: 14.2536   Cr: 16.0424 )
00000231: 12.3655   (Y': 9.53212   Cb: 14.2447   Cr: 16.0201 )
00000232: 12.4817   (Y': 9.66445   Cb: 14.2848   Cr: 16.18   )
00000233: 12.4739   (Y': 9.62337   Cb: 14.3232   Cr: 16.2515 )
00000234: 12.4187   (Y': 9.57436   Cb: 14.2275   Cr: 16.2317 )
00000235: 12.4572   (Y': 9.64219   Cb: 14.2843   Cr: 16.1089 )
00000236: 12.4715   (Y': 9.63961   Cb: 14.2995   Cr: 16.1973 )
00000237: 12.5216   (Y': 9.6975    Cb: 14.4184   Cr: 16.1085 )
00000238: 12.5436   (Y': 9.67021   Cb: 14.539    Cr: 16.2045 )
00000239: 12.4213   (Y': 9.56661   Cb: 14.404    Cr: 16.0176 )
00000240: 12.5116   (Y': 9.64547   Cb: 14.4553   Cr: 16.216  )
00000241: 12.6214   (Y': 9.68966   Cb: 14.6573   Cr: 16.4929 )
00000242: 12.7012   (Y': 9.79315   Cb: 14.6855   Cr: 16.5384 )
00000243: 12.6654   (Y': 9.73693   Cb: 14.7543   Cr: 16.4418 )
00000244: 12.7776   (Y': 9.83407   Cb: 14.8645   Cr: 16.628  )
00000245: 12.9594   (Y': 10.0489   Cb: 14.9116   Cr: 16.8578 )
00000246: 12.9775   (Y': 10.1451   Cb: 14.7492   Cr: 16.7945 )
00000247: 12.8901   (Y': 10.1593   Cb: 14.6896   Cr: 16.2257 )
00000249: 12.5863   (Y': 9.94743   Cb: 14.1796   Cr: 15.8559 )
00000250: 12.7417   (Y': 10.1525   Cb: 14.3355   Cr: 15.8223 )
00000251: 12.8689   (Y': 10.1985   Cb: 14.5839   Cr: 16.0854 )
00000252: 12.9333   (Y': 10.2737   Cb: 14.5599   Cr: 16.2351 )
00000248: 12.757    (Y': 10.0507   Cb: 14.5254   Cr: 16.0387 )
00000253: 12.8619   (Y': 10.1527   Cb: 14.6457   Cr: 16.1336 )
00000254: 12.5989   (Y': 9.8687    Cb: 14.4632   Cr: 15.8417 )
00000255: 12.3461   (Y': 9.60554   Cb: 14.2233   Cr: 15.6121 )
00000256: 12.2582   (Y': 9.51762   Cb: 14.2134   Cr: 15.4192 )
00000257: 12.2265   (Y': 9.45593   Cb: 14.2489   Cr: 15.4165 )
00000258: 12.1157   (Y': 9.38133   Cb: 14.1449   Cr: 15.1577 )
00000259: 12.3221   (Y': 9.6547    Cb: 14.1452   Cr: 15.3788 )
00000260: 12.4392   (Y': 9.76158   Cb: 14.2432   Cr: 15.5601 )
00000262: 12.6      (Y': 9.9689    Cb: 14.1359   Cr: 15.9246 )
00000261: 12.5735   (Y': 9.94064   Cb: 14.2107   Cr: 15.7559 )
00000263: 12.5015   (Y': 9.87035   Cb: 14.0814   Cr: 15.7605 )
00000264: 12.354    (Y': 9.73207   Cb: 13.938    Cr: 15.5716 )
00000265: 12.488    (Y': 9.86459   Cb: 14.0358   Cr: 15.7648 )
00000266: 12.4991   (Y': 9.91619   Cb: 13.9491   Cr: 15.766  )
00000267: 12.7586   (Y': 10.163    Cb: 14.2267   Cr: 16.0472 )
00000268: 12.8124   (Y': 10.2515   Cb: 14.2521   Cr: 16.0112 )
00000269: 12.8282   (Y': 10.2862   Cb: 14.2304   Cr: 16.0124 )
00000270: 12.7213   (Y': 10.1427   Cb: 14.2287   Cr: 15.8866 )
00000271: 12.7376   (Y': 10.144    Cb: 14.2743   Cr: 15.916  )
00000272: 12.7484   (Y': 10.1303   Cb: 14.361    Cr: 15.9101 )
00000273: 12.5334   (Y': 9.81839   Cb: 14.2968   Cr: 15.8569 )
00000274: 12.4681   (Y': 9.73471   Cb: 14.289    Cr: 15.784  )
00000275: 12.3891   (Y': 9.62491   Cb: 14.2306   Cr: 15.8014 )
00000276: 12.4319   (Y': 9.63175   Cb: 14.3453   Cr: 15.8917 )
00000277: 12.4481   (Y': 9.62791   Cb: 14.38     Cr: 15.9672 )
00000278: 12.4408   (Y': 9.61888   Cb: 14.4111   Cr: 15.9125 )
00000279: 12.2829   (Y': 9.48275   Cb: 14.2498   Cr: 15.6677 )
00000280: 12.3501   (Y': 9.62213   Cb: 14.1936   Cr: 15.6128 )
00000281: 12.2608   (Y': 9.51319   Cb: 14.0989   Cr: 15.6099 )
00000282: 12.2896   (Y': 9.50975   Cb: 14.1699   Cr: 15.712  )
00000283: 12.2902   (Y': 9.51937   Cb: 14.1622   Cr: 15.6865 )
00000284: 12.2755   (Y': 9.53866   Cb: 14.0746   Cr: 15.6364 )
00000285: 12.3836   (Y': 9.67022   Cb: 14.1484   Cr: 15.699  )
00000286: 12.456    (Y': 9.73714   Cb: 14.2127   Cr: 15.8047 )
00000287: 12.3908   (Y': 9.67118   Cb: 14.1392   Cr: 15.7548 )
00000288: 12.3911   (Y': 9.64327   Cb: 14.1608   Cr: 15.8398 )
00000289: 12.3018   (Y': 9.52154   Cb: 14.1529   Cr: 15.7676 )
00000290: 12.321    (Y': 9.60037   Cb: 14.0984   Cr: 15.6471 )
00000291: 12.3954   (Y': 9.65408   Cb: 14.1477   Cr: 15.8429 )
00000292: 12.4549   (Y': 9.70244   Cb: 14.1661   Cr: 16.0111 )
00000293: 12.4385   (Y': 9.69088   Cb: 14.1753   Cr: 15.9355 )
00000294: 12.4531   (Y': 9.72261   Cb: 14.1718   Cr: 15.9056 )
00000295: 12.3974   (Y': 9.65573   Cb: 14.1244   Cr: 15.8841 )
00000297: 12.3988   (Y': 9.65398   Cb: 14.1738   Cr: 15.8277 )
00000296: 12.4595   (Y': 9.73475   Cb: 14.188    Cr: 15.8739 )
00000298: 12.4281   (Y': 9.67581   Cb: 14.2294   Cr: 15.8493 )
00000299: 12.4013   (Y': 9.63574   Cb: 14.2729   Cr: 15.7767 )
00000300: 12.3899   (Y': 9.66126   Cb: 14.194    Cr: 15.7105 )
00000301: 12.2655   (Y': 9.59031   Cb: 14.0434   Cr: 15.4132 )
00000302: 12.2311   (Y': 9.53084   Cb: 14.0101   Cr: 15.4744 )
00000303: 12.1657   (Y': 9.52566   Cb: 13.869    Cr: 15.2825 )
00000304: 12.2121   (Y': 9.59453   Cb: 13.9343   Cr: 15.2201 )
00000305: 12.319    (Y': 9.69079   Cb: 13.9708   Cr: 15.4632 )
00000306: 12.3466   (Y': 9.73842   Cb: 14.0137   Cr: 15.3947 )
00000307: 12.3841   (Y': 9.79636   Cb: 14.0272   Cr: 15.3907 )
00000308: 12.2971   (Y': 9.69151   Cb: 13.9729   Cr: 15.3242 )
00000309: 12.2562   (Y': 9.72681   Cb: 13.8715   Cr: 15.0944 )
00000310: 12.2712   (Y': 9.74678   Cb: 13.8689   Cr: 15.1153 )
00000311: 12.2698   (Y': 9.77069   Cb: 13.8916   Cr: 14.9968 )
00000312: 12.3145   (Y': 9.76337   Cb: 13.9545   Cr: 15.1948 )
00000313: 12.2823   (Y': 9.68288   Cb: 13.9003   Cr: 15.3665 )
00000314: 12.2852   (Y': 9.66007   Cb: 13.9037   Cr: 15.4653 )
00000315: 12.156    (Y': 9.53628   Cb: 13.8062   Cr: 15.2708 )
00000316: 12.2451   (Y': 9.65583   Cb: 13.8715   Cr: 15.28   )
00000317: 12.1166   (Y': 9.52791   Cb: 13.7676   Cr: 15.1156 )
00000318: 12.1186   (Y': 9.59123   Cb: 13.7844   Cr: 14.8838 )
00000319: 11.991    (Y': 9.52607   Cb: 13.5172   Cr: 14.7291 )
00000320: 12.0088   (Y': 9.55543   Cb: 13.4986   Cr: 14.757  )
00000321: 11.8693   (Y': 9.48016   Cb: 13.1657   Cr: 14.6711 )
00000322: 11.7026   (Y': 9.34526   Cb: 12.9606   Cr: 14.4542 )
00000323: 11.5415   (Y': 9.19147   Cb: 12.7222   Cr: 14.3805 )
00000324: 11.3868   (Y': 9.08328   Cb: 12.5139   Cr: 14.1529 )
00000325: 11.3304   (Y': 9.16455   Cb: 12.2911   Cr: 13.9123 )
00000326: 11.2279   (Y': 9.05304   Cb: 12.2406   Cr: 13.7618 )
00000327: 11.3098   (Y': 9.2036    Cb: 12.2212   Cr: 13.788  )
00000328: 11.4076   (Y': 9.22917   Cb: 12.397    Cr: 13.9852 )
00000329: 11.6617   (Y': 9.30088   Cb: 12.8649   Cr: 14.5036 )
00000330: 11.7864   (Y': 9.42069   Cb: 12.9972   Cr: 14.6332 )
00000331: 11.9059   (Y': 9.50288   Cb: 13.2436   Cr: 14.6956 )
00000332: 11.9377   (Y': 9.52143   Cb: 13.2429   Cr: 14.8175 )
00000333: 11.9463   (Y': 9.51461   Cb: 13.2944   Cr: 14.8168 )
00000334: 12.0181   (Y': 9.61528   Cb: 13.36     Cr: 14.801  )
00000335: 12.08     (Y': 9.77949   Cb: 13.2275   Cr: 14.8067 )
00000336: 12.0714   (Y': 9.78121   Cb: 13.1764   Cr: 14.827  )
00000337: 12.157    (Y': 9.84975   Cb: 13.2807   Cr: 14.9397 )
00000338: 12.1729   (Y': 9.87741   Cb: 13.3337   Cr: 14.8644 )
00000339: 12.2168   (Y': 9.99152   Cb: 13.3194   Cr: 14.7742 )
00000340: 12.0976   (Y': 9.8591    Cb: 13.2209   Cr: 14.6661 )
00000341: 12.0848   (Y': 9.78069   Cb: 13.3605   Cr: 14.6442 )
00000342: 12.1186   (Y': 9.79734   Cb: 13.4174   Cr: 14.6999 )
00000343: 12.0972   (Y': 9.73031   Cb: 13.4885   Cr: 14.6972 )
00000344: 12.1756   (Y': 9.74364   Cb: 13.6927   Cr: 14.8179 )
00000345: 12.0987   (Y': 9.72434   Cb: 13.6414   Cr: 14.5291 )
00000346: 12.0803   (Y': 9.7306    Cb: 13.4966   Cr: 14.5946 )
00000347: 12.0879   (Y': 9.73839   Cb: 13.5768   Cr: 14.5102 )
00000348: 12.0406   (Y': 9.63959   Cb: 13.4835   Cr: 14.6811 )
00000349: 11.9872   (Y': 9.6538    Cb: 13.3342   Cr: 14.5421 )
00000350: 11.9462   (Y': 9.60497   Cb: 13.3205   Cr: 14.4893 )
00000351: 12.0028   (Y': 9.60084   Cb: 13.409    Cr: 14.6951 )
00000352: 11.9951   (Y': 9.5997    Cb: 13.4064   Cr: 14.6594 )
00000353: 12.0039   (Y': 9.63851   Cb: 13.3546   Cr: 14.6535 )
00000354: 12.0401   (Y': 9.66035   Cb: 13.3743   Cr: 14.7583 )
00000355: 12.1063   (Y': 9.67064   Cb: 13.4652   Cr: 14.9754 )
00000356: 12.1488   (Y': 9.72363   Cb: 13.4607   Cr: 15.0492 )
00000357: 12.0925   (Y': 9.68819   Cb: 13.3617   Cr: 14.9839 )
00000358: 12.078    (Y': 9.65323   Cb: 13.3883   Cr: 14.9791 )
00000359: 12.0287   (Y': 9.59742   Cb: 13.3122   Cr: 14.9913 )
00000360: 12.1057   (Y': 9.66506   Cb: 13.4247   Cr: 15.049  )
00000361: 12.2003   (Y': 9.75771   Cb: 13.4954   Cr: 15.1852 )
00000362: 12.1392   (Y': 9.70871   Cb: 13.3692   Cr: 15.1792 )
00000363: 12.2473   (Y': 9.83754   Cb: 13.5084   Cr: 15.169  )
00000364: 12.1821   (Y': 9.80211   Cb: 13.3467   Cr: 15.1456 )
00000365: 12.4527   (Y': 10.065    Cb: 13.502    Cr: 15.6247 )
00000366: 12.3717   (Y': 9.93448   Cb: 13.4779   Cr: 15.6312 )
00000367: 12.2563   (Y': 9.82556   Cb: 13.3861   Cr: 15.4538 )
00000368: 12.0866   (Y': 9.63395   Cb: 13.203    Cr: 15.3871 )
00000369: 11.9578   (Y': 9.49749   Cb: 13.0304   Cr: 15.3609 )
00000370: 11.9063   (Y': 9.46583   Cb: 12.9618   Cr: 15.2625 )
00000371: 11.8153   (Y': 9.35716   Cb: 12.8517   Cr: 15.2725 )
00000372: 11.7335   (Y': 9.2944    Cb: 12.7671   Cr: 15.122  )
00000373: 11.6025   (Y': 9.20957   Cb: 12.615    Cr: 14.854  )
00000374: 11.794    (Y': 9.44908   Cb: 12.8045   Cr: 14.8773 )
00000375: 11.4405   (Y': 9.14109   Cb: 12.5411   Cr: 14.2317 )
00000376: 11.288    (Y': 8.99413   Cb: 12.4598   Cr: 13.9592 )
00000377: 11.5014   (Y': 9.08527   Cb: 12.9151   Cr: 14.2294 )
00000378: 11.7249   (Y': 9.23889   Cb: 13.1026   Cr: 14.7417 )
00000379: 11.9908   (Y': 9.4052    Cb: 13.4705   Cr: 15.2236 )
00000380: 11.9023   (Y': 9.33126   Cb: 13.328    Cr: 15.1609 )
00000381: 11.5236   (Y': 9.03724   Cb: 12.8747   Cr: 14.5805 )
00000382: 11.4647   (Y': 9.02024   Cb: 12.7698   Cr: 14.4416 )
00000383: 10.9793   (Y': 8.67474   Cb: 12.0506   Cr: 13.8312 )
00000384: 11.3312   (Y': 8.96278   Cb: 12.6518   Cr: 14.0317 )
00000386: 11.4752   (Y': 9.07696   Cb: 12.9979   Cr: 14.004  )
00000385: 11.4565   (Y': 9.0921    Cb: 12.9024   Cr: 13.9783 )
00000387: 11.3168   (Y': 8.92226   Cb: 12.8052   Cr: 13.8772 )
00000388: 11.0925   (Y': 8.64122   Cb: 12.4358   Cr: 14.0374 )
00000389: 11.279    (Y': 8.75626   Cb: 12.7171   Cr: 14.3393 )
00000390: 11.4239   (Y': 8.85832   Cb: 12.942    Cr: 14.5248 )
00000391: 11.2599   (Y': 8.66655   Cb: 12.8222   Cr: 14.4008 )
00000392: 11.3584   (Y': 8.75894   Cb: 12.9119   Cr: 14.5345 )
00000393: 11.5534   (Y': 8.9029    Cb: 13.0671   Cr: 14.9896 )
00000394: 11.5266   (Y': 8.85576   Cb: 13.0212   Cr: 15.0771 )
00000395: 11.5013   (Y': 8.83012   Cb: 13.0071   Cr: 15.0348 )
00000396: 11.6241   (Y': 8.96575   Cb: 13.1237   Cr: 15.1145 )
00000397: 11.5213   (Y': 8.84657   Cb: 13.0378   Cr: 15.0528 )
00000398: 11.2619   (Y': 8.61963   Cb: 12.7079   Cr: 14.7713 )
00000399: 11.1189   (Y': 8.46518   Cb: 12.5176   Cr: 14.7542 )
00000400: 11.0617   (Y': 8.39708   Cb: 12.4466   Cr: 14.7669 )
00000402: 10.9068   (Y': 8.19901   Cb: 12.3898   Cr: 14.6349 )
00000401: 10.9498   (Y': 8.26602   Cb: 12.3645   Cr: 14.6879 )
00000403: 10.8208   (Y': 8.05291   Cb: 12.3846   Cr: 14.6832 )
00000404: 10.7936   (Y': 8.04562   Cb: 12.31     Cr: 14.6453 )
00000405: 10.7839   (Y': 7.98771   Cb: 12.4087   Cr: 14.6743 )
00000406: 10.8829   (Y': 8.07286   Cb: 12.5248   Cr: 14.8088 )
00000407: 10.8832   (Y': 8.00784   Cb: 12.6643   Cr: 14.8885 )
00000408: 10.9113   (Y': 8.04423   Cb: 12.6982   Cr: 14.8668 )
00000409: 10.935    (Y': 8.05357   Cb: 12.7367   Cr: 14.9358 )
00000410: 10.9347   (Y': 8.04083   Cb: 12.7208   Cr: 15.0229 )
00000411: 11.0816   (Y': 8.16534   Cb: 12.8568   Cr: 15.3025 )
00000412: 11.1167   (Y': 8.15518   Cb: 12.9636   Cr: 15.4494 )
00000413: 11.2098   (Y': 8.24916   Cb: 13.0697   Cr: 15.5147 )
00000414: 11.2895   (Y': 8.31099   Cb: 13.1501   Cr: 15.6897 )
00000415: 11.3932   (Y': 8.46225   Cb: 13.1767   Cr: 15.6763 )
00000416: 11.4268   (Y': 8.52439   Cb: 13.1933   Cr: 15.5921 )
00000417: 11.4607   (Y': 8.56612   Cb: 13.2422   Cr: 15.56   )
00000418: 11.5515   (Y': 8.70263   Cb: 13.2893   Cr: 15.5012 )
00000419: 11.6589   (Y': 8.83888   Cb: 13.3576   Cr: 15.537  )
00000420: 11.6638   (Y': 8.8279    Cb: 13.4007   Cr: 15.553  )
00000421: 11.6586   (Y': 8.83949   Cb: 13.4092   Cr: 15.4478 )
00000422: 11.5686   (Y': 8.75912   Cb: 13.2724   Cr: 15.389  )
00000423: 11.5139   (Y': 8.65678   Cb: 13.2537   Cr: 15.4999 )
00000424: 11.4808   (Y': 8.67302   Cb: 13.1779   Cr: 15.305  )
00000425: 11.3688   (Y': 8.52075   Cb: 13.1083   Cr: 15.312  )
00000426: 11.3387   (Y': 8.45683   Cb: 13.1508   Cr: 15.3244 )
00000427: 11.3245   (Y': 8.41713   Cb: 13.1884   Cr: 15.3498 )
00000428: 11.3218   (Y': 8.39912   Cb: 13.2362   Cr: 15.3406 )
00000429: 11.3661   (Y': 8.44728   Cb: 13.2738   Cr: 15.3761 )
00000430: 11.4002   (Y': 8.50587   Cb: 13.2544   Cr: 15.3776 )
00000431: 11.3426   (Y': 8.47581   Cb: 13.1646   Cr: 15.2401 )
00000432: 11.3287   (Y': 8.49065   Cb: 13.0723   Cr: 15.2172 )
00000433: 11.5075   (Y': 8.67282   Cb: 13.2049   Cr: 15.4571 )
00000434: 11.5309   (Y': 8.69122   Cb: 13.214    Cr: 15.5282 )
00000435: 11.6367   (Y': 8.78866   Cb: 13.3471   Cr: 15.6287 )
00000436: 11.6727   (Y': 8.8143    Cb: 13.4318   Cr: 15.6329 )
00000437: 11.7037   (Y': 8.8348    Cb: 13.5177   Cr: 15.624  )
00000438: 11.6361   (Y': 8.79447   Cb: 13.3169   Cr: 15.6469 )
00000439: 11.84     (Y': 9.08898   Cb: 13.3267   Cr: 15.757  )
00000440: 11.8311   (Y': 9.13043   Cb: 13.2004   Cr: 15.7241 )
00000441: 11.5971   (Y': 9.01046   Cb: 12.6946   Cr: 15.478  )
00000442: 11.4938   (Y': 8.99376   Cb: 12.4801   Cr: 15.2114 )
00000443: 11.5219   (Y': 8.97308   Cb: 12.5608   Cr: 15.3482 )
00000445: 11.5501   (Y': 8.90685   Cb: 12.7692   Cr: 15.456  )
00000444: 11.5579   (Y': 8.95079   Cb: 12.6889   Cr: 15.4662 )
00000446: 11.6122   (Y': 8.92493   Cb: 12.9225   Cr: 15.5505 )
00000447: 11.6362   (Y': 8.92581   Cb: 12.9839   Cr: 15.6133 )
00000448: 11.675    (Y': 8.98271   Cb: 13.0244   Cr: 15.5655 )
00000449: 11.6206   (Y': 8.90162   Cb: 13.1094   Cr: 15.3881 )
00000450: 11.6273   (Y': 8.88465   Cb: 13.1605   Cr: 15.4259 )
00000451: 11.7077   (Y': 8.9473    Cb: 13.3417   Cr: 15.4195 )
00000452: 11.7006   (Y': 8.95959   Cb: 13.3271   Cr: 15.3395 )
00000453: 11.68     (Y': 8.93143   Cb: 13.4002   Cr: 15.2062 )
00000454: 11.6547   (Y': 8.93541   Cb: 13.4076   Cr: 15.0108 )
00000455: 11.6843   (Y': 8.99531   Cb: 13.4076   Cr: 14.9621 )
00000456: 11.7997   (Y': 9.0701    Cb: 13.5157   Cr: 15.2521 )
00000457: 12.0647   (Y': 9.24459   Cb: 13.9322   Cr: 15.6776 )
00000458: 12.2084   (Y': 9.34238   Cb: 14.0743   Cr: 16.0318 )
00000459: 12.4684   (Y': 9.56862   Cb: 14.3014   Cr: 16.5076 )
00000460: 12.493    (Y': 9.58844   Cb: 14.2865   Cr: 16.6224 )
00000461: 12.603    (Y': 9.79964   Cb: 14.1804   Cr: 16.6082 )
00000462: 12.6943   (Y': 9.92241   Cb: 14.1832   Cr: 16.7053 )
00000463: 12.8116   (Y': 10.0982   Cb: 14.1846   Cr: 16.7565 )
00000464: 12.9289   (Y': 10.2634   Cb: 14.2239   Cr: 16.7965 )
00000465: 12.7476   (Y': 10.1663   Cb: 13.851    Cr: 16.5939 )
00000467: 12.6399   (Y': 10.0498   Cb: 13.8176   Cr: 16.3872 )
00000466: 12.7084   (Y': 10.1175   Cb: 13.8216   Cr: 16.5782 )
00000468: 12.5481   (Y': 9.85449   Cb: 13.8784   Cr: 16.4788 )
00000469: 12.5977   (Y': 9.83298   Cb: 14.0711   Cr: 16.6028 )
00000470: 12.7119   (Y': 9.86947   Cb: 14.3868   Cr: 16.7366 )
00000471: 12.645    (Y': 9.77222   Cb: 14.5595   Cr: 16.4243 )
00000472: 12.4152   (Y': 9.62306   Cb: 14.2019   Cr: 16.0278 )
00000473: 11.7329   (Y': 9.06058   Cb: 13.1883   Cr: 15.3533 )
00000474: 11.4835   (Y': 8.94525   Cb: 12.6817   Cr: 14.9795 )
00000475: 11.5949   (Y': 9.00689   Cb: 12.8235   Cr: 15.2427 )
00000476: 11.6392   (Y': 9.04466   Cb: 12.8527   Cr: 15.3413 )
00000477: 11.8535   (Y': 9.20132   Cb: 13.2244   Cr: 15.5288 )
00000478: 12.0247   (Y': 9.32682   Cb: 13.479    Cr: 15.7572 )
00000479: 11.9409   (Y': 9.28367   Cb: 13.3356   Cr: 15.598  )
00000480: 11.7891   (Y': 9.10754   Cb: 13.2483   Cr: 15.443  )
00000481: 11.8638   (Y': 9.14059   Cb: 13.3596   Cr: 15.6383 )
00000482: 11.8588   (Y': 9.19182   Cb: 13.2665   Cr: 15.5356 )
00000483: 11.4751   (Y': 8.89603   Cb: 13.0322   Cr: 14.5698 )
00000484: 11.5989   (Y': 8.99744   Cb: 13.089    Cr: 14.8768 )
00000485: 11.9274   (Y': 9.20603   Cb: 13.4097   Cr: 15.7169 )
00000486: 11.9472   (Y': 9.22242   Cb: 13.4713   Cr: 15.6811 )
00000487: 11.7792   (Y': 9.05814   Cb: 13.471    Cr: 15.2325 )
00000488: 12.1039   (Y': 9.31226   Cb: 13.7483   Cr: 15.9401 )
00000489: 12.1466   (Y': 9.47457   Cb: 13.6861   Cr: 15.6308 )
00000490: 11.739    (Y': 9.19651   Cb: 13.1298   Cr: 14.9422 )
00000491: 11.4255   (Y': 8.79387   Cb: 12.8983   Cr: 14.8493 )
00000492: 11.5068   (Y': 8.83726   Cb: 12.9154   Cr: 15.1928 )
00000493: 11.2966   (Y': 8.63715   Cb: 12.8466   Cr: 14.713  )
00000494: 11.4314   (Y': 8.75593   Cb: 12.986    Cr: 14.9059 )
00000495: 11.5169   (Y': 8.8716    Cb: 12.9503   Cr: 15.0594 )
00000496: 11.4588   (Y': 8.87479   Cb: 12.8129   Cr: 14.8801 )
00000497: 11.6381   (Y': 9.08568   Cb: 13.027    Cr: 14.8816 )
00000498: 11.7384   (Y': 9.17042   Cb: 13.1547   Cr: 14.9994 )
00000499: 11.8859   (Y': 9.40062   Cb: 13.2425   Cr: 14.9306 )
00000500: 12.003    (Y': 9.48404   Cb: 13.402    Cr: 15.1072 )
00000501: 12.411    (Y': 9.81608   Cb: 13.8472   Cr: 15.7457 )
00000502: 12.289    (Y': 9.78458   Cb: 13.5196   Cr: 15.5988 )
00000503: 12.3687   (Y': 9.95541   Cb: 13.4243   Cr: 15.6235 )
00000504: 12.3006   (Y': 9.87051   Cb: 13.4908   Cr: 15.4005 )
00000505: 12.1888   (Y': 9.68151   Cb: 13.5167   Cr: 15.3567 )
00000506: 12.2791   (Y': 9.76783   Cb: 13.5204   Cr: 15.5983 )
00000507: 12.2695   (Y': 9.733     Cb: 13.4408   Cr: 15.8046 )
00000508: 12.4274   (Y': 9.82241   Cb: 13.6862   Cr: 16.0947 )
00000509: 12.3974   (Y': 9.6997    Cb: 13.8388   Cr: 16.1511 )
00000510: 12.2316   (Y': 9.58058   Cb: 13.5014   Cr: 16.0797 )
00000511: 11.7979   (Y': 9.20532   Cb: 13.0756   Cr: 15.3807 )
00000512: 11.8398   (Y': 9.23953   Cb: 13.1441   Cr: 15.4092 )
00000513: 11.7198   (Y': 9.15304   Cb: 12.9724   Cr: 15.239  )
00000514: 11.6865   (Y': 9.10531   Cb: 12.974    Cr: 15.2052 )
00000515: 11.7336   (Y': 9.10971   Cb: 13.1303   Cr: 15.2474 )
00000516: 11.8358   (Y': 9.17721   Cb: 13.3234   Cr: 15.3464 )
00000517: 11.7746   (Y': 9.10598   Cb: 13.1685   Cr: 15.4821 )
00000518: 11.8436   (Y': 9.15339   Cb: 13.3437   Cr: 15.4671 )
00000519: 11.99     (Y': 9.25205   Cb: 13.6401   Cr: 15.5782 )
00000520: 12.0105   (Y': 9.26537   Cb: 13.71     Cr: 15.5535 )
00000521: 12.2855   (Y': 9.5082    Cb: 14.0361   Cr: 15.8882 )
00000522: 12.302    (Y': 9.59355   Cb: 13.94     Cr: 15.7847 )
00000523: 12.2568   (Y': 9.5988    Cb: 13.9664   Cr: 15.4329 )
00000524: 12.4495   (Y': 9.75709   Cb: 14.0788   Cr: 15.8793 )
00000525: 12.5679   (Y': 9.89483   Cb: 14.116    Cr: 16.0431 )
00000526: 12.3424   (Y': 9.64181   Cb: 13.9594   Cr: 15.8242 )
00000527: 12.4315   (Y': 9.75521   Cb: 14.0476   Cr: 15.8152 )
00000528: 12.29     (Y': 9.63103   Cb: 13.9347   Cr: 15.5629 )
00000529: 12.0913   (Y': 9.48799   Cb: 13.5943   Cr: 15.3572 )
00000530: 12.1709   (Y': 9.52378   Cb: 13.6846   Cr: 15.593  )
00000531: 12.0286   (Y': 9.36869   Cb: 13.6489   Cr: 15.3408 )
00000532: 11.9336   (Y': 9.29982   Cb: 13.4964   Cr: 15.2281 )
00000533: 11.8687   (Y': 9.185     Cb: 13.6486   Cr: 15.0458 )
00000534: 11.8972   (Y': 9.19235   Cb: 13.7661   Cr: 15.0352 )
00000535: 11.7538   (Y': 9.01814   Cb: 13.7167   Cr: 14.8856 )
00000536: 11.7789   (Y': 9.02413   Cb: 13.8393   Cr: 14.8592 )
00000537: 11.8336   (Y': 9.06994   Cb: 14.0114   Cr: 14.8028 )
00000538: 11.893    (Y': 9.14208   Cb: 14.1541   Cr: 14.7176 )
00000539: 11.9036   (Y': 9.16518   Cb: 14.239    Cr: 14.6016 )
00000540: 11.9      (Y': 9.18603   Cb: 14.1954   Cr: 14.5566 )
00000541: 11.887    (Y': 9.14023   Cb: 14.3505   Cr: 14.4781 )
00000542: 11.9055   (Y': 9.12708   Cb: 14.4638   Cr: 14.5085 )
00000543: 11.9462   (Y': 9.14328   Cb: 14.532    Cr: 14.6071 )
00000544: 12.0639   (Y': 9.22417   Cb: 14.6527   Cr: 14.8534 )
00000545: 12.0786   (Y': 9.23825   Cb: 14.755    Cr: 14.7807 )
00000546: 12.0608   (Y': 9.23743   Cb: 14.7777   Cr: 14.6624 )
00000547: 11.9096   (Y': 9.2431    Cb: 14.4113   Cr: 14.2004 )
00000548: 11.6083   (Y': 8.90917   Cb: 14.1723   Cr: 13.943  )
00000549: 11.4363   (Y': 8.78426   Cb: 13.9271   Cr: 13.6922 )
00000550: 11.4871   (Y': 8.866     Cb: 13.8101   Cr: 13.8102 )
00000551: 11.5944   (Y': 8.90037   Cb: 13.6702   Cr: 14.431  )
00000552: 11.62     (Y': 8.84079   Cb: 13.6473   Cr: 14.8382 )
00000553: 11.6377   (Y': 8.85072   Cb: 13.4515   Cr: 15.1871 )
00000554: 11.6854   (Y': 8.89891   Cb: 13.435    Cr: 15.3298 )
00000555: 11.7524   (Y': 8.88942   Cb: 13.5592   Cr: 15.6559 )
00000556: 11.8367   (Y': 8.99594   Cb: 13.5732   Cr: 15.75   )
00000557: 11.8222   (Y': 8.96484   Cb: 13.5583   Cr: 15.8153 )
00000558: 11.8829   (Y': 9.03603   Cb: 13.7155   Cr: 15.6697 )
00000559: 11.9523   (Y': 9.09733   Cb: 13.8521   Cr: 15.6727 )
00000560: 11.8852   (Y': 9.09403   Cb: 13.6901   Cr: 15.4656 )
00000561: 11.8497   (Y': 9.08549   Cb: 13.5957   Cr: 15.4029 )
00000562: 11.7272   (Y': 8.99281   Cb: 13.462    Cr: 15.1715 )
00000563: 11.5354   (Y': 8.7642    Cb: 13.3635   Cr: 14.9966 )
00000564: 11.4922   (Y': 8.73802   Cb: 13.3099   Cr: 14.8976 )
00000565: 11.331    (Y': 8.55895   Cb: 13.1731   Cr: 14.7752 )
00000566: 11.2885   (Y': 8.5199    Cb: 13.1939   Cr: 14.6288 )
00000567: 11.3938   (Y': 8.62977   Cb: 13.315    Cr: 14.6935 )
00000568: 11.348    (Y': 8.53543   Cb: 13.3072   Cr: 14.7952 )
00000569: 11.4671   (Y': 8.60859   Cb: 13.6564   Cr: 14.7959 )
00000570: 11.4684   (Y': 8.57808   Cb: 13.7698   Cr: 14.7861 )
00000571: 11.4222   (Y': 8.49649   Cb: 13.7097   Cr: 14.9089 )
00000572: 11.476    (Y': 8.55226   Cb: 13.8091   Cr: 14.8953 )
00000573: 11.5674   (Y': 8.67414   Cb: 13.8956   Cr: 14.8634 )
00000574: 11.548    (Y': 8.67502   Cb: 13.8097   Cr: 14.8435 )
00000575: 11.6552   (Y': 8.78624   Cb: 13.8426   Cr: 15.0301 )
00000576: 11.8057   (Y': 8.99494   Cb: 13.927    Cr: 15.0275 )
00000577: 12.0163   (Y': 9.10773   Cb: 14.2363   Cr: 15.5181 )
00000578: 12.018    (Y': 9.09294   Cb: 14.1973   Cr: 15.6489 )
00000579: 12.0228   (Y': 9.15521   Cb: 13.8853   Cr: 15.859  )
00000580: 11.979    (Y': 9.11443   Cb: 13.7815   Cr: 15.897  )
00000581: 12.0029   (Y': 9.06427   Cb: 13.8808   Cr: 16.162  )
00000582: 12.0455   (Y': 9.1342    Cb: 13.9487   Cr: 16.0257 )
00000583: 12.1123   (Y': 9.20371   Cb: 14.0225   Cr: 16.0684 )
00000588: 12.0586   (Y': 9.18837   Cb: 14.0043   Cr: 15.779  )
00000584: 12.1495   (Y': 9.22427   Cb: 14.0757   Cr: 16.161  )
00000585: 12.2168   (Y': 9.27886   Cb: 14.1285   Cr: 16.3156 )
00000587: 12.0187   (Y': 9.15559   Cb: 13.9218   Cr: 15.771  )
00000586: 12.2096   (Y': 9.25487   Cb: 14.1005   Cr: 16.4295 )
Total: 12.0605   (Y': 9.51133   Cb: 13.5326   Cr: 15.168  )
