00000000: 13.3691   (Y': 12.1658   Cb: 13.8097   Cr: 14.4638 )
00000001: 13.3699   (Y': 12.1483   Cb: 13.8155   Cr: 14.4898 )
00000002: 13.4171   (Y': 12.1609   Cb: 13.9133   Cr: 14.538  )
00000003: 13.3935   (Y': 12.0797   Cb: 13.9187   Cr: 14.5815 )
00000004: 13.3476   (Y': 11.9829   Cb: 13.8832   Cr: 14.6156 )
00000005: 13.4287   (Y': 12.0305   Cb: 14.0006   Cr: 14.7156 )
00000006: 13.4912   (Y': 12.0976   Cb: 14.073    Cr: 14.7579 )
00000007: 13.5554   (Y': 12.102    Cb: 14.1946   Cr: 14.8664 )
00000009: 13.493    (Y': 12.0091   Cb: 14.1458   Cr: 14.8465 )
00000010: 13.2997   (Y': 11.7997   Cb: 14.0128   Cr: 14.6138 )
00000008: 13.4845   (Y': 11.956    Cb: 14.1867   Cr: 14.8665 )
00000011: 13.6544   (Y': 12.2341   Cb: 14.3975   Cr: 14.7872 )
00000012: 13.1743   (Y': 11.6835   Cb: 13.9174   Cr: 14.4369 )
00000013: 13.1413   (Y': 11.6486   Cb: 13.9297   Cr: 14.357  )
00000014: 13.1365   (Y': 11.7137   Cb: 13.8945   Cr: 14.2575 )
00000015: 13.1387   (Y': 11.7416   Cb: 13.8918   Cr: 14.2192 )
00000016: 13.1239   (Y': 11.6793   Cb: 13.8898   Cr: 14.2758 )
00000017: 13.1115   (Y': 11.6376   Cb: 13.929    Cr: 14.261  )
00000018: 13.1305   (Y': 11.6709   Cb: 13.9627   Cr: 14.2379 )
00000019: 13.0811   (Y': 11.6288   Cb: 13.8918   Cr: 14.1984 )
00000020: 13.026    (Y': 11.5554   Cb: 13.8297   Cr: 14.1843 )
00000021: 13.0223   (Y': 11.5678   Cb: 13.8418   Cr: 14.1339 )
00000022: 13.0092   (Y': 11.5482   Cb: 13.7998   Cr: 14.1641 )
00000023: 12.9856   (Y': 11.5494   Cb: 13.7672   Cr: 14.1052 )
00000024: 12.8956   (Y': 11.4525   Cb: 13.6622   Cr: 14.044  )
00000025: 12.91     (Y': 11.4513   Cb: 13.6975   Cr: 14.064  )
00000027: 12.8469   (Y': 11.4004   Cb: 13.6016   Cr: 14.0144 )
00000026: 12.8712   (Y': 11.4156   Cb: 13.6065   Cr: 14.0766 )
00000028: 12.7589   (Y': 11.3163   Cb: 13.5509   Cr: 13.8787 )
00000029: 12.7621   (Y': 11.3017   Cb: 13.5676   Cr: 13.8998 )
00000030: 12.7003   (Y': 11.2455   Cb: 13.5055   Cr: 13.8277 )
00000031: 12.6702   (Y': 11.1949   Cb: 13.4941   Cr: 13.8153 )
00000032: 12.6379   (Y': 11.1914   Cb: 13.4249   Cr: 13.7704 )
00000033: 12.6175   (Y': 11.1648   Cb: 13.4232   Cr: 13.741  )
00000035: 12.5622   (Y': 11.103    Cb: 13.3847   Cr: 13.6794 )
00000036: 12.5012   (Y': 11.0235   Cb: 13.3494   Cr: 13.6245 )
00000034: 12.6282   (Y': 11.1878   Cb: 13.4417   Cr: 13.721  )
00000037: 12.5076   (Y': 11.0326   Cb: 13.3276   Cr: 13.6559 )
00000038: 12.4555   (Y': 10.9604   Cb: 13.2911   Cr: 13.624  )
00000039: 12.4064   (Y': 10.9076   Cb: 13.2532   Cr: 13.5697 )
00000041: 12.3259   (Y': 10.7928   Cb: 13.204    Cr: 13.5193 )
00000040: 12.3634   (Y': 10.8574   Cb: 13.2236   Cr: 13.5256 )
00000043: 12.2077   (Y': 10.6757   Cb: 13.0071   Cr: 13.4853 )
00000042: 12.2608   (Y': 10.7129   Cb: 13.094    Cr: 13.5313 )
00000044: 12.2498   (Y': 10.7228   Cb: 13.0518   Cr: 13.5153 )
00000046: 12.2442   (Y': 10.732    Cb: 13.0071   Cr: 13.5251 )
00000045: 12.25     (Y': 10.7138   Cb: 13.051    Cr: 13.534  )
00000047: 12.2185   (Y': 10.6993   Cb: 13.0201   Cr: 13.4692 )
00000049: 12.2751   (Y': 10.7372   Cb: 13.0682   Cr: 13.5709 )
00000048: 12.2539   (Y': 10.7463   Cb: 13.0455   Cr: 13.4943 )
00000050: 12.1123   (Y': 10.2599   Cb: 12.9123   Cr: 14.0759 )
00000051: 27.402    (Y': 24.463    Cb: 30.4233   Cr: 30.1283 )
00000053: 17.7028   (Y': 14.5292   Cb: 20.0663   Cr: 22.3489 )
00000052: 19.1815   (Y': 15.8149   Cb: 22.1335   Cr: 24.1    )
00000054: 16.068    (Y': 13.2057   Cb: 17.7622   Cr: 20.1566 )
00000056: 15.0117   (Y': 12.6512   Cb: 15.9795   Cr: 18.22   )
00000055: 15.6093   (Y': 12.9186   Cb: 17.0213   Cr: 19.3822 )
00000057: 14.6428   (Y': 12.4411   Cb: 15.5331   Cr: 17.44   )
00000058: 14.554    (Y': 12.7996   Cb: 14.9868   Cr: 16.7934 )
00000059: 14.4605   (Y': 12.9442   Cb: 14.7418   Cr: 16.3658 )
00000060: 14.0959   (Y': 12.7834   Cb: 14.312    Cr: 15.6717 )
00000061: 13.9665   (Y': 12.6979   Cb: 14.084    Cr: 15.5939 )
00000062: 13.6449   (Y': 12.1194   Cb: 14.0151   Cr: 15.4437 )
00000064: 13.4729   (Y': 11.8165   Cb: 13.9894   Cr: 15.3585 )
00000063: 13.5861   (Y': 12.0662   Cb: 13.9707   Cr: 15.3533 )
00000065: 13.4015   (Y': 11.7095   Cb: 13.9367   Cr: 15.343  )
00000067: 13.1324   (Y': 11.3115   Cb: 13.8028   Cr: 15.1931 )
00000066: 13.2454   (Y': 11.4819   Cb: 13.8499   Cr: 15.2586 )
00000068: 12.9842   (Y': 11.112    Cb: 13.6879   Cr: 15.126  )
00000069: 12.9375   (Y': 11.0473   Cb: 13.6382   Cr: 15.1294 )
00000070: 12.8307   (Y': 10.894    Cb: 13.5735   Cr: 15.0836 )
00000071: 12.7554   (Y': 10.7999   Cb: 13.5038   Cr: 15.0504 )
00000072: 12.7629   (Y': 10.7743   Cb: 13.5459   Cr: 15.0972 )
00000074: 12.7041   (Y': 10.7079   Cb: 13.4974   Cr: 15.0444 )
00000073: 12.7339   (Y': 10.7523   Cb: 13.5107   Cr: 15.058  )
00000075: 12.7072   (Y': 10.7291   Cb: 13.4756   Cr: 15.0335 )
00000076: 12.644    (Y': 10.6443   Cb: 13.431    Cr: 15.0025 )
00000077: 12.9922   (Y': 11.2431   Cb: 13.4717   Cr: 15.1488 )
00000080: 12.9606   (Y': 11.192    Cb: 13.4248   Cr: 15.1884 )
00000078: 12.9968   (Y': 11.2149   Cb: 13.5098   Cr: 15.1853 )
00000079: 12.6455   (Y': 10.6852   Cb: 13.3938   Cr: 14.9534 )
00000081: 12.9049   (Y': 11.0752   Cb: 13.4432   Cr: 15.1769 )
00000082: 12.9955   (Y': 11.2059   Cb: 13.4973   Cr: 15.22   )
00000083: 13.0384   (Y': 11.3033   Cb: 13.494    Cr: 15.1961 )
00000084: 13.1126   (Y': 11.3886   Cb: 13.5459   Cr: 15.276  )
00000085: 13.179    (Y': 11.4637   Cb: 13.6045   Cr: 15.3327 )
00000086: 13.2903   (Y': 11.6557   Cb: 13.6274   Cr: 15.3826 )
00000087: 13.297    (Y': 11.6511   Cb: 13.6186   Cr: 15.4394 )
00000088: 13.381    (Y': 11.7753   Cb: 13.6579   Cr: 15.4963 )
00000089: 13.3977   (Y': 11.7695   Cb: 13.6973   Cr: 15.5313 )
00000090: 13.3783   (Y': 11.8064   Cb: 13.6181   Cr: 15.4714 )
00000091: 13.3717   (Y': 11.8054   Cb: 13.6043   Cr: 15.4628 )
00000092: 13.4151   (Y': 11.8472   Cb: 13.6688   Cr: 15.4779 )
00000093: 13.3972   (Y': 11.8296   Cb: 13.6709   Cr: 15.4287 )
00000095: 13.4084   (Y': 11.8413   Cb: 13.7145   Cr: 15.3908 )
00000094: 13.4262   (Y': 11.8219   Cb: 13.768    Cr: 15.4407 )
00000096: 13.3238   (Y': 11.7913   Cb: 13.6497   Cr: 15.2004 )
00000097: 13.2725   (Y': 11.6936   Cb: 13.6407   Cr: 15.1915 )
00000099: 13.1681   (Y': 11.5297   Cb: 13.6187   Cr: 15.1043 )
00000098: 13.1971   (Y': 11.5826   Cb: 13.6215   Cr: 15.1165 )
00000101: 13.167    (Y': 11.4905   Cb: 13.6199   Cr: 15.1881 )
00000100: 13.1536   (Y': 11.4566   Cb: 13.6504   Cr: 15.1603 )
00000102: 13.1439   (Y': 11.4264   Cb: 13.6195   Cr: 15.2295 )
00000103: 13.1298   (Y': 11.4473   Cb: 13.5575   Cr: 15.2015 )
00000104: 13.1045   (Y': 11.3651   Cb: 13.5975   Cr: 15.2179 )
00000105: 13.0955   (Y': 11.3645   Cb: 13.5952   Cr: 15.1789 )
00000106: 13.0551   (Y': 11.3708   Cb: 13.4907   Cr: 15.1196 )
00000107: 13.0547   (Y': 11.3366   Cb: 13.539    Cr: 15.1292 )
00000109: 13.0013   (Y': 11.312    Cb: 13.4938   Cr: 14.9958 )
00000108: 12.9816   (Y': 11.299    Cb: 13.4534   Cr: 14.99   )
00000110: 12.8966   (Y': 11.1605   Cb: 13.4981   Cr: 14.8492 )
00000111: 12.888    (Y': 11.1368   Cb: 13.5187   Cr: 14.836  )
00000112: 12.9666   (Y': 11.1458   Cb: 13.6942   Cr: 14.9495 )
00000113: 13.0413   (Y': 11.1846   Cb: 13.8131   Cr: 15.0522 )
00000114: 13.0033   (Y': 11.1672   Cb: 13.722    Cr: 15.0356 )
00000115: 13.0024   (Y': 11.1569   Cb: 13.7409   Cr: 15.0305 )
00000119: 12.9309   (Y': 11.0337   Cb: 13.6402   Cr: 15.1289 )
00000116: 12.902    (Y': 11.0635   Cb: 13.6228   Cr: 14.9368 )
00000117: 12.9023   (Y': 10.9929   Cb: 13.658    Cr: 15.0664 )
00000118: 12.9129   (Y': 10.9944   Cb: 13.6608   Cr: 15.1116 )
00000120: 12.9189   (Y': 11.0517   Cb: 13.5932   Cr: 15.0899 )
00000121: 12.8951   (Y': 10.9958   Cb: 13.6195   Cr: 15.0769 )
00000122: 12.8837   (Y': 10.9744   Cb: 13.665    Cr: 15.0127 )
00000124: 12.9581   (Y': 11.0997   Cb: 13.7539   Cr: 14.9416 )
00000123: 12.9206   (Y': 11.0496   Cb: 13.6597   Cr: 15.0106 )
00000126: 13.0862   (Y': 11.2116   Cb: 13.9337   Cr: 15.0416 )
00000125: 12.9688   (Y': 11.1211   Cb: 13.7561   Cr: 14.9373 )
00000127: 13.0058   (Y': 11.1279   Cb: 13.8604   Cr: 14.9597 )
00000129: 12.8686   (Y': 11.0383   Cb: 13.7045   Cr: 14.7331 )
00000128: 12.8966   (Y': 11.0675   Cb: 13.7035   Cr: 14.7953 )
00000130: 12.801    (Y': 10.9667   Cb: 13.6404   Cr: 14.6705 )
00000131: 12.8314   (Y': 11.0242   Cb: 13.5771   Cr: 14.7583 )
00000132: 12.8528   (Y': 11.0587   Cb: 13.5478   Cr: 14.8155 )
00000133: 12.8688   (Y': 11.044    Cb: 13.596    Cr: 14.8617 )
00000134: 12.923    (Y': 11.0902   Cb: 13.6666   Cr: 14.9136 )
00000135: 12.9781   (Y': 11.1141   Cb: 13.7794   Cr: 14.9678 )
00000136: 13.0249   (Y': 11.1827   Cb: 13.7584   Cr: 15.0518 )
00000138: 12.9627   (Y': 11.0087   Cb: 13.8193   Cr: 15.1039 )
00000137: 13.0737   (Y': 11.2221   Cb: 13.8061   Cr: 15.1252 )
00000139: 12.9932   (Y': 11.0517   Cb: 13.8164   Cr: 15.1475 )
00000140: 13.0196   (Y': 11.0967   Cb: 13.8156   Cr: 15.1632 )
00000141: 12.9865   (Y': 11.0633   Cb: 13.7461   Cr: 15.1805 )
00000142: 12.9208   (Y': 11.0169   Cb: 13.6408   Cr: 15.1207 )
00000143: 12.9397   (Y': 11.0725   Cb: 13.5944   Cr: 15.1383 )
00000144: 13.0598   (Y': 11.2028   Cb: 13.7516   Cr: 15.1802 )
00000145: 13.0602   (Y': 11.1964   Cb: 13.743    Cr: 15.2101 )
00000146: 13.0625   (Y': 11.1813   Cb: 13.7899   Cr: 15.1941 )
00000148: 13.2375   (Y': 11.3896   Cb: 13.9454   Cr: 15.3134 )
00000147: 13.0874   (Y': 11.2301   Cb: 13.8348   Cr: 15.1324 )
00000149: 13.1594   (Y': 11.28     Cb: 13.8945   Cr: 15.2761 )
00000151: 13.2161   (Y': 11.2915   Cb: 14.0125   Cr: 15.3632 )
00000150: 13.1491   (Y': 11.2717   Cb: 13.876    Cr: 15.2719 )
00000152: 13.2423   (Y': 11.3949   Cb: 13.9247   Cr: 15.3521 )
00000153: 13.2182   (Y': 11.2803   Cb: 14.0399   Cr: 15.365  )
00000154: 13.2147   (Y': 11.3215   Cb: 13.9552   Cr: 15.3588 )
00000155: 13.2236   (Y': 11.3679   Cb: 13.925    Cr: 15.3277 )
00000156: 13.2735   (Y': 11.4464   Cb: 13.9068   Cr: 15.4014 )
00000157: 13.3005   (Y': 11.5158   Cb: 13.9341   Cr: 15.3242 )
00000159: 13.5851   (Y': 12.0262   Cb: 13.916    Cr: 15.5129 )
00000160: 13.5453   (Y': 12.0601   Cb: 13.8405   Cr: 15.3632 )
00000158: 13.458    (Y': 11.7855   Cb: 13.9265   Cr: 15.4472 )
00000161: 13.5655   (Y': 12.0984   Cb: 13.8422   Cr: 15.3713 )
00000162: 13.6918   (Y': 12.3294   Cb: 13.8443   Cr: 15.4572 )
00000163: 13.919    (Y': 12.5784   Cb: 14.1003   Cr: 15.5987 )
00000164: 14.0361   (Y': 12.7608   Cb: 14.1972   Cr: 15.6156 )
00000165: 14.1546   (Y': 12.9159   Cb: 14.2948   Cr: 15.6934 )
00000167: 14.0261   (Y': 12.7442   Cb: 14.2068   Cr: 15.5913 )
00000166: 14.0904   (Y': 12.9175   Cb: 14.1797   Cr: 15.5762 )
00000168: 13.8249   (Y': 12.4436   Cb: 14.1412   Cr: 15.3999 )
00000169: 13.7827   (Y': 12.4449   Cb: 14.0718   Cr: 15.3091 )
00000170: 13.6188   (Y': 12.1902   Cb: 13.9634   Cr: 15.2507 )
00000171: 13.5643   (Y': 12.0995   Cb: 13.9495   Cr: 15.2154 )
00000172: 13.5653   (Y': 12.118    Cb: 13.95     Cr: 15.1814 )
00000173: 13.5261   (Y': 12.0451   Cb: 13.929    Cr: 15.1868 )
00000174: 13.4286   (Y': 11.9067   Cb: 13.8653   Cr: 15.1292 )
00000175: 13.4299   (Y': 11.8808   Cb: 13.8819   Cr: 15.1677 )
00000176: 13.4424   (Y': 11.9352   Cb: 13.8441   Cr: 15.1592 )
00000177: 13.4583   (Y': 11.9913   Cb: 13.8287   Cr: 15.1336 )
00000178: 13.5149   (Y': 12.0661   Cb: 13.888    Cr: 15.1495 )
00000179: 13.6561   (Y': 12.2348   Cb: 13.9934   Cr: 15.283  )
00000180: 14.1361   (Y': 12.8426   Cb: 14.2501   Cr: 15.8178 )
00000181: 14.1987   (Y': 12.8277   Cb: 14.4361   Cr: 15.8609 )
00000182: 14.3314   (Y': 12.9372   Cb: 14.6186   Cr: 15.9716 )
00000183: 14.3356   (Y': 12.8738   Cb: 14.6925   Cr: 16.0189 )
00000184: 14.4829   (Y': 12.8554   Cb: 15.0339   Cr: 16.2577 )
00000186: 14.5151   (Y': 12.8417   Cb: 15.136    Cr: 16.2992 )
00000185: 14.4351   (Y': 12.8315   Cb: 14.9663   Cr: 16.1839 )
00000187: 14.5574   (Y': 12.9437   Cb: 15.1732   Cr: 16.2182 )
00000188: 14.5449   (Y': 12.9629   Cb: 15.0978   Cr: 16.2194 )
00000189: 14.5255   (Y': 12.9568   Cb: 15.0621   Cr: 16.1929 )
00000190: 14.5474   (Y': 12.9272   Cb: 15.1622   Cr: 16.2233 )
00000191: 14.5238   (Y': 12.8532   Cb: 15.2115   Cr: 16.2159 )
00000192: 14.4868   (Y': 12.8394   Cb: 15.1848   Cr: 16.1161 )
00000193: 14.5717   (Y': 12.8898   Cb: 15.3191   Cr: 16.214  )
00000195: 14.5547   (Y': 12.8969   Cb: 15.2953   Cr: 16.1537 )
00000194: 14.5792   (Y': 12.8974   Cb: 15.3212   Cr: 16.2277 )
00000196: 14.6276   (Y': 12.9164   Cb: 15.4289   Cr: 16.267  )
00000197: 14.6329   (Y': 12.8272   Cb: 15.5167   Cr: 16.3815 )
00000198: 14.6417   (Y': 12.8924   Cb: 15.421    Cr: 16.3924 )
00000200: 14.5937   (Y': 12.8279   Cb: 15.411    Cr: 16.334  )
00000199: 14.6778   (Y': 12.9077   Cb: 15.4788   Cr: 16.4481 )
00000201: 14.5624   (Y': 12.8313   Cb: 15.3006   Cr: 16.3238 )
00000202: 14.5238   (Y': 12.8005   Cb: 15.2418   Cr: 16.2934 )
00000203: 14.5235   (Y': 12.7666   Cb: 15.2229   Cr: 16.3936 )
00000204: 14.5359   (Y': 12.759    Cb: 15.2317   Cr: 16.4572 )
00000205: 14.5331   (Y': 12.7351   Cb: 15.257    Cr: 16.4665 )
00000207: 14.5787   (Y': 12.7026   Cb: 15.3502   Cr: 16.6376 )
00000206: 14.5518   (Y': 12.6793   Cb: 15.3466   Cr: 16.571  )
00000208: 14.5533   (Y': 12.6226   Cb: 15.3934   Cr: 16.6568 )
00000209: 14.5351   (Y': 12.6134   Cb: 15.3718   Cr: 16.6207 )
00000211: 14.4663   (Y': 12.4776   Cb: 15.2992   Cr: 16.7302 )
00000210: 14.4446   (Y': 12.477    Cb: 15.2856   Cr: 16.6422 )
00000212: 14.4828   (Y': 12.4939   Cb: 15.312    Cr: 16.7528 )
00000213: 14.4324   (Y': 12.4366   Cb: 15.2973   Cr: 16.6713 )
00000215: 14.2873   (Y': 12.308    Cb: 15.1073   Cr: 16.5445 )
00000214: 14.3179   (Y': 12.3547   Cb: 15.1337   Cr: 16.5387 )
00000216: 14.2946   (Y': 12.3356   Cb: 15.1202   Cr: 16.4907 )
00000217: 14.2879   (Y': 12.3233   Cb: 15.104    Cr: 16.5112 )
00000218: 14.2501   (Y': 12.3394   Cb: 14.9987   Cr: 16.4278 )
00000219: 14.2589   (Y': 12.3832   Cb: 14.9713   Cr: 16.3978 )
00000220: 14.323    (Y': 12.4981   Cb: 15.0059   Cr: 16.3763 )
00000221: 14.2935   (Y': 12.4699   Cb: 14.9529   Cr: 16.3762 )
00000222: 14.3108   (Y': 12.5334   Cb: 14.9879   Cr: 16.2579 )
00000223: 14.3314   (Y': 12.5204   Cb: 15.0204   Cr: 16.343  )
00000224: 14.3099   (Y': 12.5119   Cb: 15.0199   Cr: 16.2619 )
00000225: 14.3118   (Y': 12.501    Cb: 15.0466   Cr: 16.2613 )
00000226: 14.3014   (Y': 12.428    Cb: 15.1277   Cr: 16.2811 )
00000227: 14.295    (Y': 12.4621   Cb: 15.0685   Cr: 16.2463 )
00000228: 14.3242   (Y': 12.5046   Cb: 15.0306   Cr: 16.3327 )
00000229: 14.2904   (Y': 12.4699   Cb: 15.0312   Cr: 16.2553 )
00000230: 14.3079   (Y': 12.5622   Cb: 15.0474   Cr: 16.1005 )
00000231: 14.3349   (Y': 12.6192   Cb: 15.0407   Cr: 16.1032 )
00000232: 14.3212   (Y': 12.6801   Cb: 14.9604   Cr: 16.011  )
00000233: 14.3517   (Y': 12.7015   Cb: 14.9996   Cr: 16.0501 )
00000234: 14.4375   (Y': 12.8175   Cb: 15.0253   Cr: 16.1478 )
00000235: 14.494    (Y': 12.8977   Cb: 15.1002   Cr: 16.1305 )
00000236: 14.4526   (Y': 12.8043   Cb: 15.0943   Cr: 16.1549 )
00000237: 14.3886   (Y': 12.7815   Cb: 15.0202   Cr: 16.0153 )
00000238: 14.304    (Y': 12.7189   Cb: 14.9024   Cr: 15.9267 )
00000239: 14.2208   (Y': 12.6521   Cb: 14.7591   Cr: 15.886  )
00000240: 14.2064   (Y': 12.6315   Cb: 14.7153   Cr: 15.9235 )
00000242: 14.1619   (Y': 12.5714   Cb: 14.672    Cr: 15.9107 )
00000241: 14.1689   (Y': 12.5891   Cb: 14.6435   Cr: 15.9424 )
00000243: 14.1839   (Y': 12.5332   Cb: 14.7134   Cr: 16.0389 )
00000245: 14.276    (Y': 12.6272   Cb: 14.8501   Cr: 16.0672 )
00000246: 14.3172   (Y': 12.7293   Cb: 14.8508   Cr: 16.0295 )
00000244: 14.2381   (Y': 12.5476   Cb: 14.7916   Cr: 16.1506 )
00000247: 14.2968   (Y': 12.6827   Cb: 14.8423   Cr: 16.0497 )
00000248: 14.2821   (Y': 12.809    Cb: 14.6611   Cr: 15.9585 )
00000249: 14.2918   (Y': 12.7829   Cb: 14.6578   Cr: 16.061  )
00000250: 14.2109   (Y': 12.7231   Cb: 14.5831   Cr: 15.9269 )
00000251: 14.2014   (Y': 12.6245   Cb: 14.7012   Cr: 15.9346 )
00000253: 14.2911   (Y': 12.6614   Cb: 14.8693   Cr: 16.035  )
00000254: 14.2196   (Y': 12.5518   Cb: 14.8684   Cr: 15.9551 )
00000252: 14.2507   (Y': 12.621    Cb: 14.7936   Cr: 16.041  )
00000255: 14.1311   (Y': 12.3856   Cb: 14.863    Cr: 15.9329 )
00000257: 14.1909   (Y': 12.4828   Cb: 14.9962   Cr: 15.8187 )
00000258: 13.9893   (Y': 12.1674   Cb: 14.9808   Cr: 15.6456 )
00000256: 14.2182   (Y': 12.5009   Cb: 15.0157   Cr: 15.8755 )
00000259: 13.9463   (Y': 12.1013   Cb: 14.9571   Cr: 15.6317 )
00000261: 13.9944   (Y': 12.2257   Cb: 15.0248   Cr: 15.4911 )
00000260: 13.9274   (Y': 12.1195   Cb: 14.9427   Cr: 15.5252 )
00000262: 14.0353   (Y': 12.3955   Cb: 14.9982   Cr: 15.3425 )
00000263: 13.9116   (Y': 12.3066   Cb: 14.9203   Cr: 15.1025 )
00000264: 13.8376   (Y': 12.3316   Cb: 14.8514   Cr: 14.8411 )
00000265: 13.8195   (Y': 12.4115   Cb: 14.6901   Cr: 14.7956 )
00000266: 13.6605   (Y': 12.2122   Cb: 14.5287   Cr: 14.7096 )
00000267: 13.5942   (Y': 12.1555   Cb: 14.4119   Cr: 14.6794 )
00000268: 13.4675   (Y': 12.0071   Cb: 14.3      Cr: 14.5761 )
00000269: 13.4816   (Y': 12.0284   Cb: 14.3283   Cr: 14.5621 )
00000271: 13.5583   (Y': 11.9972   Cb: 14.5652   Cr: 14.6687 )
00000270: 13.574    (Y': 12.0135   Cb: 14.5341   Cr: 14.7317 )
00000273: 14.3073   (Y': 13.0757   Cb: 15.2001   Cr: 14.9727 )
00000272: 14.0071   (Y': 12.5752   Cb: 14.936    Cr: 14.9653 )
00000274: 14.3408   (Y': 13.4077   Cb: 14.7916   Cr: 15.0013 )
00000275: 14.3262   (Y': 13.4379   Cb: 14.6705   Cr: 15.0357 )
00000277: 14.197    (Y': 12.9988   Cb: 14.6563   Cr: 15.2615 )
00000276: 14.4628   (Y': 13.3471   Cb: 14.8483   Cr: 15.4752 )
00000279: 14.1782   (Y': 12.9446   Cb: 14.6567   Cr: 15.2806 )
00000278: 14.0376   (Y': 12.7395   Cb: 14.5202   Cr: 15.2477 )
00000280: 14.2336   (Y': 13.0646   Cb: 14.6256   Cr: 15.327  )
00000282: 14.4115   (Y': 13.7083   Cb: 14.5888   Cr: 15.0449 )
00000281: 14.2154   (Y': 13.3127   Cb: 14.394    Cr: 15.1347 )
00000284: 14.85     (Y': 13.7168   Cb: 15.4436   Cr: 15.6614 )
00000285: 14.5879   (Y': 13.4917   Cb: 15.1214   Cr: 15.4051 )
00000286: 13.9827   (Y': 13.0477   Cb: 14.4489   Cr: 14.6298 )
00000283: 14.6278   (Y': 13.8315   Cb: 14.9      Cr: 15.2854 )
00000287: 13.7116   (Y': 12.6875   Cb: 14.1312   Cr: 14.5412 )
00000289: 13.7194   (Y': 12.6094   Cb: 14.1823   Cr: 14.6352 )
00000288: 13.5666   (Y': 12.4468   Cb: 14.0231   Cr: 14.5052 )
00000290: 13.8405   (Y': 12.6178   Cb: 14.4375   Cr: 14.7919 )
00000292: 13.5543   (Y': 12.3141   Cb: 14.0701   Cr: 14.625  )
00000294: 13.4474   (Y': 12.0618   Cb: 14.0046   Cr: 14.7284 )
00000293: 13.4458   (Y': 12.1994   Cb: 13.9458   Cr: 14.5454 )
00000291: 13.7997   (Y': 12.6715   Cb: 14.2845   Cr: 14.7204 )
00000295: 13.3262   (Y': 11.8857   Cb: 14.0027   Cr: 14.5701 )
00000296: 13.3085   (Y': 11.7958   Cb: 14.1227   Cr: 14.5332 )
00000297: 13.3133   (Y': 11.8154   Cb: 14.18     Cr: 14.4539 )
00000298: 13.3752   (Y': 12.0094   Cb: 13.9873   Cr: 14.5564 )
00000299: 13.5322   (Y': 12.2678   Cb: 13.8887   Cr: 14.8349 )
00000301: 13.5462   (Y': 12.0142   Cb: 14.0613   Cr: 15.1649 )
00000300: 13.6131   (Y': 12.1623   Cb: 14.0437   Cr: 15.1761 )
00000302: 13.4008   (Y': 11.7649   Cb: 13.9266   Cr: 15.2279 )
00000303: 13.377    (Y': 11.7173   Cb: 13.9667   Cr: 15.1715 )
00000304: 13.4155   (Y': 11.7498   Cb: 13.9599   Cr: 15.2843 )
00000305: 13.4574   (Y': 11.7721   Cb: 14.0168   Cr: 15.3503 )
00000306: 13.5265   (Y': 11.7844   Cb: 14.201    Cr: 15.3952 )
00000307: 13.5724   (Y': 11.7775   Cb: 14.2724   Cr: 15.5305 )
00000310: 13.5393   (Y': 11.7497   Cb: 14.2904   Cr: 15.4174 )
00000308: 13.6479   (Y': 11.8232   Cb: 14.4493   Cr: 15.5434 )
00000309: 13.5783   (Y': 11.7435   Cb: 14.3697   Cr: 15.5106 )
00000311: 13.5646   (Y': 11.7877   Cb: 14.2963   Cr: 15.4386 )
00000312: 13.5211   (Y': 11.7893   Cb: 14.2552   Cr: 15.2896 )
00000313: 13.5128   (Y': 11.7891   Cb: 14.2495   Cr: 15.2595 )
00000314: 13.5036   (Y': 11.9435   Cb: 14.1001   Cr: 15.0767 )
00000315: 13.4962   (Y': 12.0059   Cb: 14.0024   Cr: 15.0411 )
00000316: 13.5081   (Y': 12.0296   Cb: 14.0032   Cr: 15.0435 )
00000317: 13.4696   (Y': 12.0477   Cb: 13.9156   Cr: 14.9555 )
00000318: 13.434    (Y': 12.1983   Cb: 13.7174   Cr: 14.7766 )
00000319: 13.3563   (Y': 12.2335   Cb: 13.5519   Cr: 14.6116 )
00000320: 13.4289   (Y': 12.5377   Cb: 13.4702   Cr: 14.4986 )
00000321: 13.4883   (Y': 12.5625   Cb: 13.618    Cr: 14.5019 )
00000322: 13.4818   (Y': 12.4839   Cb: 13.7295   Cr: 14.4665 )
00000323: 13.4773   (Y': 12.3807   Cb: 13.8039   Cr: 14.5277 )
00000325: 13.5301   (Y': 12.1317   Cb: 14.026    Cr: 14.9085 )
00000324: 13.5683   (Y': 12.2341   Cb: 14.0292   Cr: 14.8698 )
00000326: 13.3367   (Y': 12.0794   Cb: 13.6384   Cr: 14.6955 )
00000327: 13.4361   (Y': 12.2467   Cb: 13.715    Cr: 14.7018 )
00000328: 13.5581   (Y': 12.6345   Cb: 13.5603   Cr: 14.7297 )
00000329: 13.6028   (Y': 12.9264   Cb: 13.4275   Cr: 14.6248 )
00000330: 13.4955   (Y': 13.0378   Cb: 13.1827   Cr: 14.3884 )
00000331: 13.5141   (Y': 13.0017   Cb: 13.1872   Cr: 14.5016 )
00000333: 13.5629   (Y': 12.7544   Cb: 13.1303   Cr: 15.1706 )
00000332: 13.567    (Y': 12.677    Cb: 13.2251   Cr: 15.1745 )
00000334: 13.6405   (Y': 12.8129   Cb: 13.2643   Cr: 15.1922 )
00000335: 13.5764   (Y': 12.6838   Cb: 13.2495   Cr: 15.1651 )
00000336: 13.6652   (Y': 12.6521   Cb: 13.4574   Cr: 15.2875 )
00000337: 13.6818   (Y': 12.6886   Cb: 13.4898   Cr: 15.2441 )
00000338: 13.7398   (Y': 12.6596   Cb: 13.6112   Cr: 15.3665 )
00000339: 13.7393   (Y': 12.6812   Cb: 13.6026   Cr: 15.3373 )
00000340: 13.7457   (Y': 12.7254   Cb: 13.5968   Cr: 15.293  )
00000342: 14.127    (Y': 12.9442   Cb: 14.1632   Cr: 15.7057 )
00000341: 13.8724   (Y': 12.8124   Cb: 13.7823   Cr: 15.4056 )
00000343: 14.287    (Y': 13.0787   Cb: 14.3582   Cr: 15.8639 )
00000344: 14.4531   (Y': 13.25     Cb: 14.5467   Cr: 15.989  )
00000346: 14.1169   (Y': 13.1306   Cb: 13.9446   Cr: 15.6379 )
00000345: 14.4019   (Y': 13.3173   Cb: 14.3637   Cr: 15.9046 )
00000352: 14.0052   (Y': 12.8989   Cb: 13.9227   Cr: 15.6121 )
00000347: 14.2094   (Y': 13.3545   Cb: 13.9829   Cr: 15.5829 )
00000348: 14.1797   (Y': 13.2184   Cb: 14.0432   Cr: 15.6043 )
00000349: 14.2701   (Y': 13.298    Cb: 14.145    Cr: 15.6972 )
00000353: 13.9085   (Y': 12.8849   Cb: 13.895    Cr: 15.2687 )
00000351: 14.1859   (Y': 13.2572   Cb: 13.9846   Cr: 15.648  )
00000350: 14.2634   (Y': 13.2837   Cb: 14.105    Cr: 15.7522 )
00000354: 14.0967   (Y': 12.8996   Cb: 14.2226   Cr: 15.5769 )
00000355: 14.011    (Y': 12.7903   Cb: 14.0984   Cr: 15.5889 )
00000356: 13.7215   (Y': 12.4416   Cb: 14.0471   Cr: 15.0914 )
00000357: 14.0377   (Y': 12.8514   Cb: 14.0596   Cr: 15.6434 )
00000358: 13.9977   (Y': 12.7422   Cb: 14.1847   Cr: 15.5038 )
00000359: 14.1197   (Y': 12.8534   Cb: 14.2439   Cr: 15.7336 )
00000360: 14.0421   (Y': 12.8561   Cb: 14.0789   Cr: 15.6258 )
00000361: 13.9159   (Y': 12.8822   Cb: 13.9442   Cr: 15.2367 )
00000362: 14.499    (Y': 13.5327   Cb: 14.3992   Cr: 15.8804 )
00000364: 14.7041   (Y': 13.8254   Cb: 14.4606   Cr: 16.1423 )
00000363: 14.8186   (Y': 13.9837   Cb: 14.5441   Cr: 16.2283 )
00000365: 14.4505   (Y': 13.5179   Cb: 14.2395   Cr: 15.9339 )
00000366: 14.3169   (Y': 13.1805   Cb: 14.3308   Cr: 15.8407 )
00000367: 14.3707   (Y': 13.1607   Cb: 14.3819   Cr: 16.0378 )
00000369: 14.0477   (Y': 12.7622   Cb: 14.1204   Cr: 15.7732 )
00000368: 14.1703   (Y': 12.8929   Cb: 14.2104   Cr: 15.9274 )
00000370: 13.7538   (Y': 12.426    Cb: 13.88     Cr: 15.4866 )
00000371: 13.8857   (Y': 12.6095   Cb: 13.9615   Cr: 15.5881 )
00000372: 13.8919   (Y': 12.6564   Cb: 13.9321   Cr: 15.566  )
00000373: 13.8647   (Y': 12.6557   Cb: 13.9454   Cr: 15.43   )
00000374: 13.8528   (Y': 12.6188   Cb: 14.0139   Cr: 15.3535 )
00000375: 13.8088   (Y': 12.6148   Cb: 13.9268   Cr: 15.2939 )
00000376: 13.9228   (Y': 12.6892   Cb: 14.0126   Cr: 15.5216 )
00000377: 13.9317   (Y': 12.6861   Cb: 14.018    Cr: 15.5588 )
00000378: 13.9881   (Y': 12.7665   Cb: 14.0629   Cr: 15.5854 )
00000379: 13.9742   (Y': 12.7049   Cb: 14.1147   Cr: 15.571  )
00000380: 13.8551   (Y': 12.6389   Cb: 13.8816   Cr: 15.5118 )
00000381: 13.8393   (Y': 12.5937   Cb: 13.9368   Cr: 15.4504 )
00000383: 13.9344   (Y': 12.7042   Cb: 14.019    Cr: 15.5345 )
00000382: 13.8838   (Y': 12.6839   Cb: 13.9304   Cr: 15.4799 )
00000384: 13.9624   (Y': 12.809    Cb: 13.9846   Cr: 15.5059 )
00000385: 14.0191   (Y': 12.7727   Cb: 14.1343   Cr: 15.607  )
00000386: 14.0409   (Y': 12.791    Cb: 14.0994   Cr: 15.7163 )
00000387: 14.0966   (Y': 12.8363   Cb: 14.1466   Cr: 15.8053 )
00000388: 14.2183   (Y': 12.914    Cb: 14.3149   Cr: 15.9468 )
00000389: 14.2582   (Y': 12.8865   Cb: 14.3868   Cr: 16.0775 )
00000392: 14.2303   (Y': 12.6063   Cb: 14.5874   Cr: 16.2683 )
00000390: 14.3505   (Y': 12.9357   Cb: 14.5075   Cr: 16.2185 )
00000391: 14.3059   (Y': 12.761    Cb: 14.6223   Cr: 16.2236 )
00000393: 14.2774   (Y': 12.5911   Cb: 14.6746   Cr: 16.4032 )
00000394: 14.3374   (Y': 12.6585   Cb: 14.6631   Cr: 16.5538 )
00000395: 14.2687   (Y': 12.602    Cb: 14.5757   Cr: 16.4841 )
00000396: 14.3928   (Y': 12.7491   Cb: 14.7246   Cr: 16.5145 )
00000397: 14.5165   (Y': 12.8805   Cb: 14.8084   Cr: 16.6808 )
00000400: 14.6462   (Y': 12.9045   Cb: 15.035    Cr: 16.921  )
00000399: 14.8528   (Y': 13.1861   Cb: 15.2278   Cr: 16.9645 )
00000398: 14.7476   (Y': 13.093    Cb: 15.1475   Cr: 16.794  )
00000401: 14.5762   (Y': 12.853    Cb: 14.9688   Cr: 16.7988 )
00000402: 14.561    (Y': 12.7283   Cb: 15.172    Cr: 16.7348 )
00000403: 14.5919   (Y': 12.8146   Cb: 15.1172   Cr: 16.7511 )
00000404: 14.6835   (Y': 12.8587   Cb: 15.2422   Cr: 16.9131 )
00000405: 14.7949   (Y': 12.9135   Cb: 15.3677   Cr: 17.1505 )
00000406: 14.9177   (Y': 13.0394   Cb: 15.5092   Cr: 17.2369 )
00000408: 14.8863   (Y': 12.8929   Cb: 15.5396   Cr: 17.4264 )
00000407: 14.8664   (Y': 12.9416   Cb: 15.4988   Cr: 17.2483 )
00000409: 14.9467   (Y': 12.8865   Cb: 15.6971   Cr: 17.53   )
00000410: 14.8115   (Y': 12.7439   Cb: 15.5214   Cr: 17.4793 )
00000411: 14.8141   (Y': 12.7621   Cb: 15.4995   Cr: 17.4743 )
00000412: 14.5543   (Y': 12.6118   Cb: 15.0276   Cr: 17.2365 )
00000414: 14.5527   (Y': 12.6135   Cb: 15.0152   Cr: 17.2437 )
00000413: 14.5269   (Y': 12.5484   Cb: 15.025    Cr: 17.2735 )
00000415: 14.5038   (Y': 12.6713   Cb: 14.8752   Cr: 17.0446 )
00000416: 14.7855   (Y': 12.9829   Cb: 15.2532   Cr: 17.0945 )
00000417: 14.8979   (Y': 13.0831   Cb: 15.4251   Cr: 17.1484 )
00000418: 14.8474   (Y': 12.9048   Cb: 15.5448   Cr: 17.181  )
00000419: 14.8571   (Y': 12.9148   Cb: 15.5974   Cr: 17.1285 )
00000420: 14.8787   (Y': 12.9485   Cb: 15.6436   Cr: 17.0837 )
00000421: 15.0406   (Y': 13.0788   Cb: 15.878    Cr: 17.2275 )
00000422: 15.1044   (Y': 13.1363   Cb: 15.9876   Cr: 17.246  )
00000423: 15.1354   (Y': 13.1492   Cb: 16.004    Cr: 17.3437 )
00000424: 15.1493   (Y': 13.1082   Cb: 15.9744   Cr: 17.5674 )
00000426: 15.0364   (Y': 13.0699   Cb: 15.8965   Cr: 17.2049 )
00000425: 15.1845   (Y': 13.1842   Cb: 15.988    Cr: 17.521  )
00000427: 14.944    (Y': 12.9213   Cb: 15.8309   Cr: 17.2241 )
00000429: 15.0886   (Y': 12.9932   Cb: 16.0079   Cr: 17.5245 )
00000428: 14.9952   (Y': 12.9202   Cb: 15.8778   Cr: 17.4255 )
00000430: 15.1232   (Y': 13.0268   Cb: 16.0311   Cr: 17.5781 )
00000431: 15.1781   (Y': 13.1076   Cb: 16.0425   Cr: 17.6218 )
00000432: 15.0102   (Y': 13.0152   Cb: 15.7618   Cr: 17.4071 )
00000433: 15.0924   (Y': 13.0867   Cb: 15.8372   Cr: 17.5288 )
00000434: 15.2479   (Y': 13.231    Cb: 15.9407   Cr: 17.7941 )
00000435: 15.243    (Y': 13.2306   Cb: 16.0373   Cr: 17.6259 )
00000437: 15.1457   (Y': 13.2291   Cb: 15.8081   Cr: 17.4611 )
00000436: 15.1838   (Y': 13.299    Cb: 15.82     Cr: 17.4543 )
00000438: 15.0477   (Y': 12.9002   Cb: 16.0068   Cr: 17.5776 )
00000439: 14.9049   (Y': 12.8448   Cb: 15.7038   Cr: 17.4147 )
00000440: 15.0563   (Y': 13.0748   Cb: 15.847    Cr: 17.3603 )
00000442: 14.7506   (Y': 12.8762   Cb: 15.2741   Cr: 17.1628 )
00000441: 14.8972   (Y': 12.9395   Cb: 15.5966   Cr: 17.2686 )
00000443: 14.8188   (Y': 12.8829   Cb: 15.4339   Cr: 17.257  )
00000445: 14.8924   (Y': 12.8658   Cb: 15.6277   Cr: 17.4016 )
00000444: 14.8022   (Y': 12.7654   Cb: 15.5523   Cr: 17.3188 )
00000446: 14.93     (Y': 12.7083   Cb: 15.9499   Cr: 17.5947 )
00000447: 14.9034   (Y': 12.6695   Cb: 16.0018   Cr: 17.4927 )
00000448: 14.7374   (Y': 12.4548   Cb: 15.8152   Cr: 17.5084 )
00000449: 14.6978   (Y': 12.41     Cb: 15.7413   Cr: 17.537  )
00000450: 14.8269   (Y': 12.5108   Cb: 15.993    Cr: 17.5765 )
00000451: 14.8592   (Y': 12.5099   Cb: 16.056    Cr: 17.6719 )
00000452: 14.9678   (Y': 12.5714   Cb: 16.2375   Cr: 17.8318 )
00000453: 14.9727   (Y': 12.506    Cb: 16.2987   Cr: 17.9968 )
00000455: 14.988    (Y': 12.4688   Cb: 16.3043   Cr: 18.2184 )
00000454: 15.0489   (Y': 12.583    Cb: 16.2954   Cr: 18.1902 )
00000456: 14.9647   (Y': 12.4946   Cb: 16.1438   Cr: 18.2284 )
00000457: 14.8319   (Y': 12.3727   Cb: 15.9763   Cr: 18.1112 )
00000459: 14.9956   (Y': 12.702    Cb: 16.0083   Cr: 17.901  )
00000458: 14.9591   (Y': 12.6295   Cb: 15.9347   Cr: 18.0456 )
00000460: 15.1108   (Y': 12.7063   Cb: 16.2765   Cr: 18.1573 )
00000462: 15.1723   (Y': 12.8627   Cb: 16.2516   Cr: 18.0287 )
00000461: 15.2853   (Y': 12.8407   Cb: 16.5575   Cr: 18.3113 )
00000463: 15.2318   (Y': 12.9064   Cb: 16.2821   Cr: 18.1849 )
00000464: 15.3094   (Y': 13.0611   Cb: 16.2819   Cr: 18.1288 )
00000465: 15.4505   (Y': 13.243    Cb: 16.4316   Cr: 18.1284 )
00000466: 16.1131   (Y': 13.856    Cb: 17.5102   Cr: 18.379  )
00000467: 15.9274   (Y': 13.6363   Cb: 17.4288   Cr: 18.164  )
00000468: 16.0185   (Y': 13.6251   Cb: 17.784    Cr: 18.2448 )
00000469: 15.3367   (Y': 13.2206   Cb: 16.7127   Cr: 17.2499 )
00000470: 14.6229   (Y': 12.6037   Cb: 15.6495   Cr: 16.7088 )
00000471: 14.4554   (Y': 12.4693   Cb: 15.2997   Cr: 16.6967 )
00000472: 14.4273   (Y': 12.4404   Cb: 15.2969   Cr: 16.6363 )
00000473: 14.4825   (Y': 12.5166   Cb: 15.3264   Cr: 16.6713 )
00000475: 14.2875   (Y': 12.3485   Cb: 14.9982   Cr: 16.5925 )
00000474: 14.302    (Y': 12.3355   Cb: 15.0465   Cr: 16.6316 )
00000477: 14.3727   (Y': 12.3774   Cb: 15.1331   Cr: 16.7576 )
00000476: 14.2772   (Y': 12.289    Cb: 15.0301   Cr: 16.6538 )
00000478: 14.4081   (Y': 12.3433   Cb: 15.2437   Cr: 16.8777 )
00000480: 14.5012   (Y': 12.392    Cb: 15.3671   Cr: 17.0543 )
00000479: 14.3621   (Y': 12.2259   Cb: 15.2525   Cr: 16.9587 )
00000481: 14.4982   (Y': 12.4093   Cb: 15.3905   Cr: 16.9541 )
00000483: 14.4747   (Y': 12.3797   Cb: 15.3773   Cr: 16.9332 )
00000482: 14.517    (Y': 12.4306   Cb: 15.4102   Cr: 16.9644 )
00000484: 14.5538   (Y': 12.2991   Cb: 15.5927   Cr: 17.2939 )
00000485: 14.6061   (Y': 12.374    Cb: 15.5907   Cr: 17.3559 )
00000486: 14.4093   (Y': 12.2424   Cb: 15.3063   Cr: 17.0884 )
00000488: 14.0569   (Y': 12.0596   Cb: 14.8479   Cr: 16.4033 )
00000487: 14.2391   (Y': 12.1112   Cb: 15.0931   Cr: 16.8649 )
00000489: 14.07     (Y': 12.1401   Cb: 14.7826   Cr: 16.348  )
00000490: 14.0264   (Y': 12.1102   Cb: 14.7442   Cr: 16.2612 )
00000491: 14.0341   (Y': 12.1081   Cb: 14.731    Cr: 16.3245 )
00000492: 14.0454   (Y': 12.1207   Cb: 14.7636   Cr: 16.3017 )
00000494: 14.0819   (Y': 12.1884   Cb: 14.8413   Cr: 16.2005 )
00000493: 14.0814   (Y': 12.1697   Cb: 14.7934   Cr: 16.313  )
00000496: 13.9122   (Y': 12.1183   Cb: 14.6551   Cr: 15.8114 )
00000495: 14.118    (Y': 12.2213   Cb: 14.8825   Cr: 16.2383 )
00000497: 13.9643   (Y': 12.1589   Cb: 14.7973   Cr: 15.775  )
00000498: 14.0313   (Y': 12.2901   Cb: 14.6725   Cr: 15.9419 )
00000499: 13.9267   (Y': 12.1987   Cb: 14.4525   Cr: 15.9655 )
00000500: 13.7952   (Y': 12.1296   Cb: 14.2977   Cr: 15.721  )
00000501: 13.7785   (Y': 12.0973   Cb: 14.3385   Cr: 15.6609 )
00000502: 13.9266   (Y': 12.237    Cb: 14.3365   Cr: 16.0412 )
00000504: 13.9057   (Y': 12.0732   Cb: 14.3784   Cr: 16.2853 )
00000503: 13.684    (Y': 12.0292   Cb: 14.1271   Cr: 15.6683 )
00000505: 13.8749   (Y': 12.1148   Cb: 14.2859   Cr: 16.1618 )
00000506: 13.9158   (Y': 12.1342   Cb: 14.5548   Cr: 15.9247 )
00000507: 13.8511   (Y': 12.0279   Cb: 14.6751   Cr: 15.7142 )
00000509: 14.148    (Y': 12.1811   Cb: 14.8983   Cr: 16.4705 )
00000508: 14.1966   (Y': 12.3115   Cb: 15.4717   Cr: 15.6786 )
00000510: 13.9715   (Y': 12.0244   Cb: 14.7779   Cr: 16.1626 )
00000511: 13.8466   (Y': 12.0144   Cb: 14.6219   Cr: 15.7937 )
00000513: 13.5281   (Y': 11.6614   Cb: 14.25     Cr: 15.6315 )
00000512: 13.3072   (Y': 11.5537   Cb: 14.1343   Cr: 15.0081 )
00000514: 14.0005   (Y': 12.0957   Cb: 14.5978   Cr: 16.3815 )
00000515: 14.1692   (Y': 12.2225   Cb: 14.8251   Cr: 16.5754 )
00000516: 14.0544   (Y': 12.2783   Cb: 14.7072   Cr: 16.0314 )
00000517: 13.7763   (Y': 12.1393   Cb: 14.2887   Cr: 15.624  )
00000518: 13.5267   (Y': 11.8946   Cb: 14.1273   Cr: 15.2468 )
00000519: 13.3785   (Y': 11.8474   Cb: 13.9192   Cr: 14.9626 )
00000521: 13.3218   (Y': 11.8894   Cb: 13.6304   Cr: 15.0104 )
00000520: 13.4567   (Y': 11.938    Cb: 13.8115   Cr: 15.2627 )
00000523: 13.3137   (Y': 11.9636   Cb: 13.4254   Cr: 15.1132 )
00000522: 13.2429   (Y': 11.8911   Cb: 13.4758   Cr: 14.8727 )
00000525: 13.1917   (Y': 11.9199   Cb: 13.2768   Cr: 14.8719 )
00000526: 13.0501   (Y': 11.871    Cb: 13.0261   Cr: 14.7089 )
00000524: 13.1094   (Y': 11.8338   Cb: 13.1892   Cr: 14.8047 )
00000527: 13.1432   (Y': 11.8652   Cb: 13.1742   Cr: 14.9149 )
00000528: 13.3328   (Y': 11.8971   Cb: 13.5046   Cr: 15.2234 )
00000529: 13.4488   (Y': 11.936    Cb: 13.7183   Cr: 15.3635 )
00000530: 13.4758   (Y': 11.8368   Cb: 13.8717   Cr: 15.4914 )
00000531: 13.6274   (Y': 11.9121   Cb: 14.0748   Cr: 15.7486 )
00000532: 13.8423   (Y': 12.0579   Cb: 14.408    Cr: 15.9604 )
00000533: 13.9393   (Y': 12.0886   Cb: 14.622    Cr: 16.057  )
00000534: 13.8722   (Y': 11.9898   Cb: 14.5966   Cr: 16.0111 )
00000535: 13.998    (Y': 12.1363   Cb: 14.7235   Cr: 16.0838 )
00000536: 13.8112   (Y': 12.0418   Cb: 14.4239   Cr: 15.827  )
00000537: 13.8067   (Y': 12.0302   Cb: 14.4234   Cr: 15.8343 )
00000538: 13.7121   (Y': 12.0351   Cb: 14.292    Cr: 15.5581 )
00000539: 13.6338   (Y': 12.0493   Cb: 14.1372   Cr: 15.3784 )
00000540: 13.525    (Y': 12.0116   Cb: 13.9378   Cr: 15.2397 )
00000541: 13.5452   (Y': 12.0123   Cb: 13.9947   Cr: 15.2519 )
00000542: 13.4573   (Y': 11.9485   Cb: 13.8836   Cr: 15.1444 )
00000543: 13.2567   (Y': 11.7917   Cb: 13.6182   Cr: 14.94   )
00000546: 13.9718   (Y': 12.2016   Cb: 14.9341   Cr: 15.5487 )
00000544: 13.0925   (Y': 11.6472   Cb: 13.5372   Cr: 14.6261 )
00000545: 13.0883   (Y': 11.6524   Cb: 13.5269   Cr: 14.6115 )
00000547: 14.2771   (Y': 12.3958   Cb: 15.3524   Cr: 15.97   )
00000548: 14.1104   (Y': 12.3225   Cb: 15.0546   Cr: 15.7469 )
00000549: 13.7625   (Y': 12.1115   Cb: 14.4937   Cr: 15.3585 )
00000550: 13.5616   (Y': 11.909    Cb: 14.264    Cr: 15.1966 )
00000551: 13.3961   (Y': 11.7896   Cb: 14.2225   Cr: 14.7889 )
00000552: 13.5867   (Y': 11.9218   Cb: 14.3573   Cr: 15.1645 )
00000553: 13.612    (Y': 11.8539   Cb: 14.3972   Cr: 15.375  )
00000554: 13.6243   (Y': 11.7436   Cb: 14.4834   Cr: 15.5793 )
00000555: 13.7316   (Y': 11.8729   Cb: 14.5302   Cr: 15.7116 )
00000556: 13.8577   (Y': 12.0627   Cb: 14.6327   Cr: 15.7179 )
00000558: 13.9737   (Y': 12.148    Cb: 14.7696   Cr: 15.8788 )
00000557: 13.8311   (Y': 12.0074   Cb: 14.6493   Cr: 15.7026 )
00000559: 13.8211   (Y': 12.0133   Cb: 14.5982   Cr: 15.7085 )
00000560: 13.7266   (Y': 11.8601   Cb: 14.562    Cr: 15.6776 )
00000561: 13.7144   (Y': 11.8425   Cb: 14.5536   Cr: 15.6737 )
00000562: 13.6946   (Y': 11.7618   Cb: 14.6317   Cr: 15.6769 )
00000563: 13.6872   (Y': 11.7306   Cb: 14.6187   Cr: 15.7359 )
00000564: 13.6778   (Y': 11.6958   Cb: 14.6323   Cr: 15.7609 )
00000565: 13.7112   (Y': 11.6517   Cb: 14.7921   Cr: 15.8325 )
00000566: 13.7389   (Y': 11.6496   Cb: 14.8832   Cr: 15.8586 )
00000567: 13.7109   (Y': 11.5749   Cb: 14.894    Cr: 15.9066 )
00000568: 13.5334   (Y': 11.3714   Cb: 14.7243   Cr: 15.7903 )
00000570: 13.3042   (Y': 11.1415   Cb: 14.5181   Cr: 15.5335 )
00000569: 13.4481   (Y': 11.2908   Cb: 14.6835   Cr: 15.6361 )
00000571: 13.2381   (Y': 11.0495   Cb: 14.4753   Cr: 15.5098 )
00000572: 13.0712   (Y': 10.8906   Cb: 14.3208   Cr: 15.3055 )
00000574: 12.9925   (Y': 10.7651   Cb: 14.2712   Cr: 15.3213 )
00000573: 13.04     (Y': 10.8729   Cb: 14.2645   Cr: 15.2686 )
00000575: 12.9948   (Y': 10.7576   Cb: 14.3149   Cr: 15.2994 )
00000576: 13.0275   (Y': 10.7139   Cb: 14.435    Cr: 15.4443 )
00000577: 13.0623   (Y': 10.7426   Cb: 14.4869   Cr: 15.4758 )
00000578: 13.0937   (Y': 10.7224   Cb: 14.5748   Cr: 15.5914 )
00000579: 13.1067   (Y': 10.7235   Cb: 14.6154   Cr: 15.6065 )
00000580: 13.1207   (Y': 10.7494   Cb: 14.6031   Cr: 15.617  )
00000581: 13.1059   (Y': 10.7312   Cb: 14.5656   Cr: 15.6416 )
00000582: 13.023    (Y': 10.6794   Cb: 14.4368   Cr: 15.5221 )
00000583: 12.912    (Y': 10.5509   Cb: 14.3684   Cr: 15.41   )
00000584: 12.8855   (Y': 10.533    Cb: 14.3003   Cr: 15.4105 )
00000586: 12.8258   (Y': 10.5362   Cb: 14.097    Cr: 15.3474 )
00000585: 12.8657   (Y': 10.5208   Cb: 14.226    Cr: 15.4383 )
00000587: 12.8248   (Y': 10.5286   Cb: 14.1119   Cr: 15.345  )
00000588: 12.8722   (Y': 10.5616   Cb: 14.1923   Cr: 15.3926 )
Total: 13.7904   (Y': 12.1155   Cb: 14.3916   Cr: 15.6036 )
