./ps4_degrader: invalid option -- 'v'
Capturing with the following configuration:
 - Capture device: DeckLink 4K Extreme 12G
 - Video mode: 720p59.94
 - Pixel format: 8 bit BGRA (4:4:4:x)
[libx264 @ 0x3286e40] using cpu capabilities: MMX2 SSE2Fast SSSE3 SSE4.2 AVX AVX2 FMA3 LZCNT BMI2
[libx264 @ 0x3286e40] profile High 4:2:2 Intra, level 3.1, 4:2:2 8-bit
PLAYBACK (hw timestamp): Frame 315 Displayed Late. Expected (+/- 5%): 50000
	Timestamp delay: 133437
	Hardware timestamp delay: 133508
PLAYBACK (hw timestamp): Frame 461 Displayed Late. Expected (+/- 5%): 50000
	Timestamp delay: 66701
	Hardware timestamp delay: 66696
[libx264 @ 0x3286e40] frame I:581   Avg QP:40.00  size: 14268
[libx264 @ 0x3286e40] mb I  I16..4: 24.3% 66.5%  9.2%
[libx264 @ 0x3286e40] final ratefactor: 40.05
[libx264 @ 0x3286e40] 8x8 transform intra:66.5%
[libx264 @ 0x3286e40] coded y,uvDC,uvAC intra: 23.2% 24.1% 4.1%
[libx264 @ 0x3286e40] i16 v,h,dc,p: 33% 42% 15% 10%
[libx264 @ 0x3286e40] i8 v,h,dc,ddl,ddr,vr,hd,vl,hu: 20% 17% 45%  3%  3%  3%  3%  2%  3%
[libx264 @ 0x3286e40] i4 v,h,dc,ddl,ddr,vr,hd,vl,hu: 21% 25% 25%  5%  6%  5%  6%  4%  5%
[libx264 @ 0x3286e40] i8c dc,h,v,p: 88%  5%  5%  1%
[libx264 @ 0x3286e40] kb/s:2282.81
Stopping Capture
