00000001: 14.7629   (Y': 11.9496   Cb: 16.4312   Cr: 18.6598 )
00000002: 14.7841   (Y': 11.9482   Cb: 16.4636   Cr: 18.7698 )
00000003: 14.7893   (Y': 11.9317   Cb: 16.4981   Cr: 18.8301 )
00000000: 14.7754   (Y': 11.9757   Cb: 16.4504   Cr: 18.5985 )
00000006: 14.8213   (Y': 11.988    Cb: 16.5689   Cr: 18.6811 )
00000005: 14.7854   (Y': 11.9566   Cb: 16.526    Cr: 18.636  )
00000004: 14.791    (Y': 11.9485   Cb: 16.4838   Cr: 18.7854 )
00000007: 14.7981   (Y': 11.9629   Cb: 16.5158   Cr: 18.7161 )
00000008: 14.7592   (Y': 11.9449   Cb: 16.5135   Cr: 18.5209 )
00000009: 14.7286   (Y': 11.9201   Cb: 16.5125   Cr: 18.4177 )
00000011: 14.8345   (Y': 12.0131   Cb: 16.6749   Cr: 18.494  )
00000010: 14.8088   (Y': 11.9985   Cb: 16.6255   Cr: 18.4554 )
00000012: 14.8915   (Y': 12.0978   Cb: 16.6688   Cr: 18.5249 )
00000014: 14.8347   (Y': 12.0613   Cb: 16.4694   Cr: 18.6034 )
00000013: 14.8002   (Y': 12.0009   Cb: 16.5761   Cr: 18.4604 )
00000015: 14.823    (Y': 12.0631   Cb: 16.454    Cr: 18.5378 )
00000016: 14.7781   (Y': 12.0487   Cb: 16.3602   Cr: 18.4374 )
00000017: 14.7049   (Y': 11.9925   Cb: 16.1928   Cr: 18.4447 )
00000018: 14.6952   (Y': 11.9625   Cb: 16.2206   Cr: 18.4626 )
00000019: 14.6724   (Y': 12.003    Cb: 16.1282   Cr: 18.2796 )
00000020: 14.6056   (Y': 11.9522   Cb: 16.0381   Cr: 18.1831 )
00000021: 14.5192   (Y': 11.85     Cb: 15.9782   Cr: 18.12   )
00000023: 15.3294   (Y': 12.7441   Cb: 16.9271   Cr: 18.3899 )
00000022: 14.4917   (Y': 11.8348   Cb: 15.9887   Cr: 17.9803 )
00000024: 15.1893   (Y': 12.7166   Cb: 16.6279   Cr: 18.0729 )
00000026: 15.7593   (Y': 13.2543   Cb: 17.3502   Cr: 18.5461 )
00000025: 15.4868   (Y': 12.9838   Cb: 17.06     Cr: 18.2906 )
00000027: 15.8695   (Y': 13.3253   Cb: 17.4657   Cr: 18.7843 )
00000028: 15.7606   (Y': 13.2629   Cb: 17.306    Cr: 18.5832 )
00000030: 15.065    (Y': 12.969    Cb: 15.9794   Cr: 17.5095 )
00000029: 15.3074   (Y': 13.059    Cb: 16.4483   Cr: 17.8811 )
00000031: 14.2423   (Y': 12.161    Cb: 15.0554   Cr: 16.7924 )
00000033: 13.5695   (Y': 11.4104   Cb: 14.452    Cr: 16.2463 )
00000032: 13.6427   (Y': 11.5859   Cb: 14.3744   Cr: 16.2445 )
00000034: 13.4977   (Y': 11.3423   Cb: 14.403    Cr: 16.1297 )
00000035: 13.568    (Y': 11.4139   Cb: 14.4867   Cr: 16.1761 )
00000036: 13.5495   (Y': 11.342    Cb: 14.4992   Cr: 16.2745 )
00000037: 13.4953   (Y': 11.2701   Cb: 14.5025   Cr: 16.1897 )
00000038: 13.5727   (Y': 11.344    Cb: 14.625    Cr: 16.2118 )
00000039: 13.7448   (Y': 11.4832   Cb: 14.7653   Cr: 16.5339 )
00000040: 13.8097   (Y': 11.5768   Cb: 14.7584   Cr: 16.616  )
00000041: 14.0646   (Y': 11.8428   Cb: 14.978    Cr: 16.8901 )
00000043: 14.0153   (Y': 11.8103   Cb: 15.0397   Cr: 16.6227 )
00000042: 14.0124   (Y': 11.7756   Cb: 14.9421   Cr: 16.8609 )
00000044: 13.8739   (Y': 11.663    Cb: 14.9832   Cr: 16.3791 )
00000045: 14.2438   (Y': 12.0181   Cb: 15.2295   Cr: 16.9717 )
00000047: 14.1371   (Y': 12.009    Cb: 15.0118   Cr: 16.7326 )
00000046: 14.2321   (Y': 11.9926   Cb: 15.2629   Cr: 16.9361 )
00000048: 14.1775   (Y': 12.0503   Cb: 15.0583   Cr: 16.7615 )
00000049: 14.1562   (Y': 12.0221   Cb: 15.119    Cr: 16.6413 )
00000050: 14.0972   (Y': 11.9511   Cb: 15.0828   Cr: 16.5849 )
00000054: 13.8202   (Y': 11.6181   Cb: 14.8582   Cr: 16.399  )
00000051: 13.9909   (Y': 11.855    Cb: 14.9277   Cr: 16.5183 )
00000052: 14.033    (Y': 11.8808   Cb: 14.9937   Cr: 16.5744 )
00000053: 13.8735   (Y': 11.6998   Cb: 14.8655   Cr: 16.4335 )
00000055: 13.6631   (Y': 11.4573   Cb: 14.7328   Cr: 16.2084 )
00000056: 13.6489   (Y': 11.4399   Cb: 14.7324   Cr: 16.1846 )
00000057: 13.5479   (Y': 11.3039   Cb: 14.6488   Cr: 16.165  )
00000058: 13.4532   (Y': 11.2042   Cb: 14.5717   Cr: 16.0601 )
00000059: 13.3906   (Y': 11.1845   Cb: 14.4916   Cr: 15.8933 )
00000060: 13.3291   (Y': 11.1275   Cb: 14.4228   Cr: 15.8284 )
00000061: 13.2215   (Y': 11.0983   Cb: 14.2375   Cr: 15.6015 )
00000064: 13.0833   (Y': 11.0776   Cb: 13.9956   Cr: 15.2837 )
00000062: 13.1739   (Y': 11.0776   Cb: 14.1765   Cr: 15.4972 )
00000063: 13.1183   (Y': 11.0824   Cb: 14.0952   Cr: 15.3121 )
00000065: 13.0859   (Y': 11.1264   Cb: 13.9324   Cr: 15.2543 )
00000066: 13.0606   (Y': 11.1236   Cb: 13.8804   Cr: 15.2079 )
00000067: 13.0324   (Y': 11.1118   Cb: 13.7907   Cr: 15.2221 )
00000068: 12.9947   (Y': 11.0664   Cb: 13.7214   Cr: 15.2485 )
00000069: 13.0784   (Y': 11.1304   Cb: 13.8694   Cr: 15.2933 )
00000070: 13.6047   (Y': 11.544    Cb: 14.6428   Cr: 15.7841 )
00000071: 13.1269   (Y': 11.3607   Cb: 13.7592   Cr: 15.108  )
00000072: 12.9864   (Y': 11.2721   Cb: 13.5385   Cr: 14.9563 )
00000073: 11.5988   (Y': 9.86855   Cb: 11.99     Cr: 13.8411 )
00000074: 12.0489   (Y': 10.319    Cb: 12.5243   Cr: 14.1646 )
00000076: 11.5357   (Y': 9.73574   Cb: 12.0058   Cr: 13.8342 )
00000075: 11.8709   (Y': 10.0761   Cb: 12.3931   Cr: 14.0784 )
00000077: 11.6183   (Y': 9.8468    Cb: 12.0508   Cr: 13.9013 )
00000078: 11.7461   (Y': 10.0016   Cb: 12.1705   Cr: 13.9735 )
00000079: 12.2081   (Y': 10.4248   Cb: 12.7555   Cr: 14.3499 )
00000080: 12.2038   (Y': 10.3973   Cb: 12.766    Cr: 14.382  )
00000081: 11.9975   (Y': 10.1542   Cb: 12.5379   Cr: 14.3015 )
00000082: 12.02     (Y': 10.1594   Cb: 12.5934   Cr: 14.3196 )
00000083: 12.1041   (Y': 10.2138   Cb: 12.67     Cr: 14.4941 )
00000084: 12.1596   (Y': 10.2694   Cb: 12.7304   Cr: 14.5415 )
00000085: 12.1868   (Y': 10.2824   Cb: 12.7848   Cr: 14.5655 )
00000086: 12.0979   (Y': 10.1775   Cb: 12.7097   Cr: 14.4989 )
00000088: 12.0865   (Y': 10.1798   Cb: 12.6521   Cr: 14.5207 )
00000087: 12.1127   (Y': 10.1887   Cb: 12.7117   Cr: 14.5427 )
00000089: 12.0844   (Y': 10.149    Cb: 12.6758   Cr: 14.5577 )
00000091: 11.9957   (Y': 10.0313   Cb: 12.6103   Cr: 14.5138 )
00000090: 12.0663   (Y': 10.1341   Cb: 12.6365   Cr: 14.5635 )
00000092: 11.9181   (Y': 9.94494   Cb: 12.5383   Cr: 14.452  )
00000093: 11.8673   (Y': 9.8972    Cb: 12.4837   Cr: 14.3988 )
00000094: 11.73     (Y': 9.76167   Cb: 12.331    Cr: 14.2802 )
00000095: 11.7704   (Y': 9.82702   Cb: 12.337    Cr: 14.3044 )
00000096: 11.8053   (Y': 9.87369   Cb: 12.352    Cr: 14.3375 )
00000097: 11.8154   (Y': 9.87789   Cb: 12.3848   Cr: 14.3285 )
00000098: 11.8272   (Y': 9.88076   Cb: 12.4134   Cr: 14.339  )
00000099: 11.8741   (Y': 9.9148    Cb: 12.4903   Cr: 14.3752 )
00000100: 11.8908   (Y': 9.95815   Cb: 12.4752   Cr: 14.3673 )
00000101: 11.9138   (Y': 9.98459   Cb: 12.5169   Cr: 14.3522 )
00000102: 11.91     (Y': 9.97848   Cb: 12.4946   Cr: 14.3831 )
00000103: 11.9359   (Y': 9.99792   Cb: 12.5286   Cr: 14.4145 )
00000104: 11.8968   (Y': 9.93766   Cb: 12.5013   Cr: 14.4158 )
00000105: 12.0643   (Y': 10.1206   Cb: 12.6808   Cr: 14.522  )
00000106: 12.0565   (Y': 10.1237   Cb: 12.6613   Cr: 14.5024 )
00000107: 11.9775   (Y': 10.0421   Cb: 12.5938   Cr: 14.4124 )
00000109: 12.0272   (Y': 10.0893   Cb: 12.6391   Cr: 14.4757 )
00000110: 12.0242   (Y': 10.0671   Cb: 12.6536   Cr: 14.4989 )
00000108: 11.953    (Y': 10.0174   Cb: 12.5676   Cr: 14.3914 )
00000111: 12.1005   (Y': 10.1438   Cb: 12.7496   Cr: 14.5446 )
00000112: 12.0745   (Y': 10.103    Cb: 12.7282   Cr: 14.5524 )
00000113: 12.1001   (Y': 10.1399   Cb: 12.7364   Cr: 14.573  )
00000114: 12.1114   (Y': 10.1324   Cb: 12.7647   Cr: 14.6106 )
00000115: 12.071    (Y': 10.1245   Cb: 12.719    Cr: 14.4883 )
00000116: 12.0882   (Y': 10.1532   Cb: 12.7082   Cr: 14.5164 )
00000117: 12.229    (Y': 10.3135   Cb: 12.8648   Cr: 14.5812 )
00000118: 12.3394   (Y': 10.4478   Cb: 12.9725   Cr: 14.6325 )
00000120: 12.7686   (Y': 10.8994   Cb: 13.4368   Cr: 14.953  )
00000119: 12.687    (Y': 10.8106   Cb: 13.3135   Cr: 14.9497 )
00000121: 12.9181   (Y': 11.0366   Cb: 13.5974   Cr: 15.1181 )
00000122: 13.0293   (Y': 11.1501   Cb: 13.7212   Cr: 15.2055 )
00000123: 13.2152   (Y': 11.3489   Cb: 13.8888   Cr: 15.3847 )
00000124: 13.2947   (Y': 11.3979   Cb: 14.0038   Cr: 15.4918 )
00000125: 13.4096   (Y': 11.4598   Cb: 14.1943   Cr: 15.6379 )
00000126: 13.5129   (Y': 11.5336   Cb: 14.3314   Cr: 15.772  )
00000128: 13.6948   (Y': 11.5903   Cb: 14.6385   Cr: 16.1222 )
00000127: 13.615    (Y': 11.5484   Cb: 14.5163   Cr: 15.9957 )
00000129: 13.7929   (Y': 11.6463   Cb: 14.7418   Cr: 16.3348 )
00000131: 13.9343   (Y': 11.7293   Cb: 15.0049   Cr: 16.4758 )
00000130: 13.852    (Y': 11.7045   Cb: 14.8337   Cr: 16.3496 )
00000132: 14.0017   (Y': 11.7777   Cb: 15.0997   Cr: 16.5621 )
00000135: 14.0941   (Y': 11.7266   Cb: 15.4231   Cr: 16.7799 )
00000136: 14.1144   (Y': 11.7622   Cb: 15.424    Cr: 16.7783 )
00000133: 14.0645   (Y': 11.791    Cb: 15.2241   Cr: 16.6894 )
00000134: 14.0798   (Y': 11.7845   Cb: 15.2757   Cr: 16.7216 )
00000137: 14.0969   (Y': 11.6686   Cb: 15.5465   Cr: 16.8162 )
00000139: 13.9655   (Y': 11.5121   Cb: 15.4914   Cr: 16.6656 )
00000138: 14.0632   (Y': 11.6121   Cb: 15.5058   Cr: 16.8677 )
00000140: 13.9384   (Y': 11.4662   Cb: 15.5203   Cr: 16.6276 )
00000142: 13.914    (Y': 11.359    Cb: 15.6664   Cr: 16.6623 )
00000144: 13.8139   (Y': 11.232    Cb: 15.6325   Cr: 16.5707 )
00000143: 13.8566   (Y': 11.3085   Cb: 15.602    Cr: 16.5904 )
00000141: 13.9065   (Y': 11.3582   Cb: 15.6496   Cr: 16.6436 )
00000145: 13.7178   (Y': 11.1865   Cb: 15.4931   Cr: 16.3586 )
00000146: 13.8306   (Y': 11.246    Cb: 15.6817   Cr: 16.5573 )
00000147: 13.971    (Y': 11.4231   Cb: 15.7691   Cr: 16.6388 )
00000149: 14.1789   (Y': 11.5745   Cb: 16.0286   Cr: 16.9747 )
00000148: 14.0316   (Y': 11.4467   Cb: 15.8589   Cr: 16.7879 )
00000150: 14.2303   (Y': 11.5973   Cb: 16.1274   Cr: 17.0678 )
00000151: 14.4025   (Y': 11.7496   Cb: 16.3823   Cr: 17.2086 )
00000152: 14.4292   (Y': 11.725    Cb: 16.472    Cr: 17.3422 )
00000153: 14.4935   (Y': 11.7344   Cb: 16.5325   Cr: 17.6172 )
00000154: 14.502    (Y': 11.7097   Cb: 16.606    Cr: 17.6728 )
00000155: 14.5477   (Y': 11.7224   Cb: 16.6587   Cr: 17.8415 )
00000156: 14.6022   (Y': 11.755    Cb: 16.7322   Cr: 17.9618 )
00000157: 14.6597   (Y': 11.856    Cb: 16.7568   Cr: 17.8847 )
00000159: 14.6661   (Y': 11.8501   Cb: 16.8755   Cr: 17.7974 )
00000158: 14.654    (Y': 11.8622   Cb: 16.7556   Cr: 17.8261 )
00000160: 14.6414   (Y': 11.8357   Cb: 16.8646   Cr: 17.7157 )
00000161: 14.5953   (Y': 11.825    Cb: 16.7671   Cr: 17.5964 )
00000164: 14.4215   (Y': 11.7222   Cb: 16.4265   Cr: 17.3632 )
00000162: 14.5995   (Y': 11.8469   Cb: 16.7092   Cr: 17.6102 )
00000163: 14.5084   (Y': 11.8077   Cb: 16.5511   Cr: 17.4084 )
00000165: 14.2959   (Y': 11.6201   Cb: 16.2417   Cr: 17.2255 )
00000166: 14.2145   (Y': 11.5293   Cb: 16.2031   Cr: 17.1248 )
00000167: 14.0625   (Y': 11.3461   Cb: 16.0854   Cr: 17.0451 )
00000168: 13.9572   (Y': 11.2271   Cb: 16.0322   Cr: 16.926  )
00000169: 13.7018   (Y': 10.9646   Cb: 15.7332   Cr: 16.751  )
00000170: 13.5789   (Y': 10.843    Cb: 15.6171   Cr: 16.6151 )
00000173: 12.8641   (Y': 10.098    Cb: 14.8621   Cr: 16.0691 )
00000171: 13.338    (Y': 10.5765   Cb: 15.3904   Cr: 16.4538 )
00000172: 13.259    (Y': 10.4926   Cb: 15.3043   Cr: 16.4034 )
00000174: 12.7618   (Y': 9.96806   Cb: 14.7766   Cr: 16.0546 )
00000175: 12.7366   (Y': 9.94093   Cb: 14.7199   Cr: 16.0801 )
00000176: 12.7394   (Y': 9.95517   Cb: 14.7079   Cr: 16.0565 )
00000177: 12.6715   (Y': 9.88117   Cb: 14.6394   Cr: 16.0145 )
00000178: 12.7286   (Y': 9.94868   Cb: 14.6785   Cr: 16.0535 )
00000180: 13.2787   (Y': 10.4952   Cb: 15.3088   Cr: 16.5104 )
00000179: 13.122    (Y': 10.3381   Cb: 15.1214   Cr: 16.3961 )
00000181: 13.5169   (Y': 10.7381   Cb: 15.5677   Cr: 16.7026 )
00000182: 13.6555   (Y': 10.8763   Cb: 15.7198   Cr: 16.8252 )
00000183: 13.8746   (Y': 11.1036   Cb: 15.9392   Cr: 17.012  )
00000184: 13.965    (Y': 11.1936   Cb: 16.039    Cr: 17.0921 )
00000185: 14.1065   (Y': 11.3398   Cb: 16.1718   Cr: 17.2267 )
00000186: 14.18     (Y': 11.3879   Cb: 16.2605   Cr: 17.3798 )
00000189: 14.391    (Y': 11.5728   Cb: 16.5384   Cr: 17.6091 )
00000187: 14.2431   (Y': 11.4496   Cb: 16.3494   Cr: 17.4155 )
00000188: 14.3323   (Y': 11.4902   Cb: 16.5284   Cr: 17.5852 )
00000192: 14.4261   (Y': 11.5904   Cb: 16.6594   Cr: 17.606  )
00000190: 14.4073   (Y': 11.5815   Cb: 16.6082   Cr: 17.588  )
00000191: 14.4431   (Y': 11.6185   Cb: 16.6668   Cr: 17.5907 )
00000193: 14.4795   (Y': 11.6424   Cb: 16.6721   Cr: 17.7161 )
00000194: 14.4979   (Y': 11.6254   Cb: 16.6995   Cr: 17.8694 )
00000195: 14.506    (Y': 11.6288   Cb: 16.731    Cr: 17.8669 )
00000196: 14.4825   (Y': 11.5914   Cb: 16.6972   Cr: 17.9158 )
00000197: 14.5289   (Y': 11.6546   Cb: 16.7329   Cr: 17.9045 )
00000198: 14.4662   (Y': 11.5876   Cb: 16.6686   Cr: 17.862  )
00000199: 14.2753   (Y': 11.4179   Cb: 16.4856   Cr: 17.5721 )
00000200: 14.2165   (Y': 11.4091   Cb: 16.3384   Cr: 17.4244 )
00000201: 14.0817   (Y': 11.3385   Cb: 16.1117   Cr: 17.156  )
00000202: 14.0121   (Y': 11.3046   Cb: 15.99     Cr: 17.0181 )
00000205: 13.6365   (Y': 11.1377   Cb: 15.3391   Cr: 16.2604 )
00000204: 13.7303   (Y': 11.1618   Cb: 15.5188   Cr: 16.4794 )
00000203: 13.7953   (Y': 11.2023   Cb: 15.5779   Cr: 16.6361 )
00000206: 13.6305   (Y': 11.172    Cb: 15.2489   Cr: 16.2289 )
00000207: 13.512    (Y': 11.1041   Cb: 15.0192   Cr: 16.0904 )
00000208: 13.4914   (Y': 11.108    Cb: 14.9316   Cr: 16.0792 )
00000209: 13.4141   (Y': 11.0872   Cb: 14.8019   Cr: 15.8958 )
00000210: 13.4132   (Y': 11.0845   Cb: 14.7536   Cr: 15.9621 )
00000211: 13.3992   (Y': 11.1047   Cb: 14.6945   Cr: 15.9038 )
00000212: 13.4648   (Y': 11.1806   Cb: 14.7239   Cr: 15.9863 )
00000213: 13.4815   (Y': 11.2538   Cb: 14.6783   Cr: 15.9179 )
00000214: 13.4761   (Y': 11.2325   Cb: 14.6895   Cr: 15.9368 )
00000215: 13.4535   (Y': 11.2625   Cb: 14.6506   Cr: 15.7834 )
00000216: 13.4203   (Y': 11.2164   Cb: 14.6872   Cr: 15.6978 )
00000217: 13.5307   (Y': 11.2872   Cb: 14.8328   Cr: 15.876  )
00000218: 13.4996   (Y': 11.2563   Cb: 14.7649   Cr: 15.8915 )
00000219: 13.9183   (Y': 11.7302   Cb: 15.0996   Cr: 16.2608 )
00000221: 14.4923   (Y': 12.2951   Cb: 15.6825   Cr: 16.8491 )
00000220: 13.8556   (Y': 11.6311   Cb: 15.1267   Cr: 16.186  )
00000222: 14.5229   (Y': 12.4013   Cb: 15.5891   Cr: 16.8305 )
00000223: 13.9135   (Y': 11.7537   Cb: 15.0644   Cr: 16.2161 )
00000224: 13.7774   (Y': 11.6504   Cb: 14.8852   Cr: 16.0455 )
00000225: 13.8114   (Y': 11.7057   Cb: 14.8977   Cr: 16.0488 )
00000226: 13.8248   (Y': 11.7476   Cb: 14.9046   Cr: 15.9944 )
00000227: 13.9446   (Y': 11.8727   Cb: 15.08     Cr: 16.03   )
00000229: 14.0583   (Y': 12.0627   Cb: 15.025    Cr: 16.1603 )
00000228: 14.0032   (Y': 11.9531   Cb: 15.107    Cr: 16.0714 )
00000230: 13.9313   (Y': 11.8852   Cb: 14.9548   Cr: 16.0913 )
00000231: 13.7903   (Y': 11.7459   Cb: 14.7944   Cr: 15.9712 )
00000232: 13.781    (Y': 11.779    Cb: 14.7526   Cr: 15.8936 )
00000233: 13.6773   (Y': 11.6682   Cb: 14.6488   Cr: 15.8085 )
00000234: 13.6188   (Y': 11.6021   Cb: 14.6155   Cr: 15.7368 )
00000235: 13.4547   (Y': 11.4738   Cb: 14.3822   Cr: 15.5706 )
00000236: 13.496    (Y': 11.5034   Cb: 14.4601   Cr: 15.5939 )
00000237: 13.4019   (Y': 11.4473   Cb: 14.4302   Cr: 15.3238 )
00000238: 13.3546   (Y': 11.4274   Cb: 14.3633   Cr: 15.2339 )
00000239: 13.4749   (Y': 11.5088   Cb: 14.4797   Cr: 15.4543 )
00000240: 13.4709   (Y': 11.4946   Cb: 14.4293   Cr: 15.5347 )
00000241: 13.4485   (Y': 11.428    Cb: 14.4845   Cr: 15.5258 )
00000242: 13.4687   (Y': 11.364    Cb: 14.6747   Cr: 15.5523 )
00000243: 13.5817   (Y': 11.4014   Cb: 14.8845   Cr: 15.7492 )
00000244: 13.6654   (Y': 11.5164   Cb: 14.9067   Cr: 15.8232 )
00000245: 13.7846   (Y': 11.6499   Cb: 14.9967   Cr: 15.9407 )
00000246: 13.7988   (Y': 11.6181   Cb: 15.042    Cr: 16.0414 )
00000247: 13.7276   (Y': 11.5011   Cb: 14.9675   Cr: 16.104  )
00000248: 13.7766   (Y': 11.5617   Cb: 14.9737   Cr: 16.1753 )
00000249: 13.705    (Y': 11.499    Cb: 14.8971   Cr: 16.0845 )
00000250: 13.6692   (Y': 11.4498   Cb: 14.9166   Cr: 16.0154 )
00000252: 13.5966   (Y': 11.5459   Cb: 14.6644   Cr: 15.7114 )
00000251: 13.6011   (Y': 11.5296   Cb: 14.6794   Cr: 15.7575 )
00000253: 13.4387   (Y': 11.4897   Cb: 14.3947   Cr: 15.4373 )
00000254: 13.2963   (Y': 11.377    Cb: 14.1925   Cr: 15.2977 )
00000255: 13.2262   (Y': 11.368    Cb: 14.1004   Cr: 15.1081 )
00000256: 13.1599   (Y': 11.3079   Cb: 13.9752   Cr: 15.1023 )
00000257: 13.032    (Y': 11.1922   Cb: 13.838    Cr: 14.9577 )
00000258: 12.977    (Y': 11.1931   Cb: 13.672    Cr: 14.9159 )
00000260: 12.4493   (Y': 10.7515   Cb: 13.1055   Cr: 14.2415 )
00000261: 13.2139   (Y': 11.6013   Cb: 13.7569   Cr: 14.9671 )
00000259: 12.7003   (Y': 10.8986   Cb: 13.4794   Cr: 14.571  )
00000263: 11.3519   (Y': 9.91727   Cb: 11.6292   Cr: 13.0885 )
00000262: 13.0258   (Y': 11.5281   Cb: 13.4047   Cr: 14.7537 )
00000264: 11.7275   (Y': 10.2736   Cb: 12.0881   Cr: 13.3895 )
00000265: 11.7108   (Y': 10.2289   Cb: 12.1245   Cr: 13.359  )
00000266: 11.5938   (Y': 10.1638   Cb: 11.9504   Cr: 13.2123 )
00000268: 11.1356   (Y': 9.74262   Cb: 11.4092   Cr: 12.7919 )
00000267: 11.1052   (Y': 9.69882   Cb: 11.3999   Cr: 12.7597 )
00000269: 11.3926   (Y': 9.99198   Cb: 11.7014   Cr: 13.0164 )
00000271: 11.22     (Y': 9.76224   Cb: 11.601    Cr: 12.8626 )
00000270: 11.3849   (Y': 9.98426   Cb: 11.694    Cr: 13.0086 )
00000272: 11.2343   (Y': 9.77842   Cb: 11.5947   Cr: 12.9006 )
00000273: 11.1226   (Y': 9.63212   Cb: 11.5128   Cr: 12.82   )
00000274: 11.1402   (Y': 9.65499   Cb: 11.5229   Cr: 12.8366 )
00000275: 11.141    (Y': 9.63358   Cb: 11.5302   Cr: 12.8751 )
00000278: 11.2051   (Y': 9.65179   Cb: 11.6456   Cr: 12.9672 )
00000276: 11.1927   (Y': 9.69068   Cb: 11.6108   Cr: 12.8767 )
00000279: 11.2625   (Y': 9.70336   Cb: 11.6813   Cr: 13.0669 )
00000277: 11.1714   (Y': 9.62114   Cb: 11.6084   Cr: 12.9316 )
00000280: 11.2692   (Y': 9.69883   Cb: 11.6926   Cr: 13.0918 )
00000281: 11.2254   (Y': 9.62252   Cb: 11.6872   Cr: 13.0665 )
00000282: 11.2625   (Y': 9.65989   Cb: 11.7498   Cr: 13.0683 )
00000283: 11.3174   (Y': 9.71785   Cb: 11.7961   Cr: 13.1281 )
00000285: 11.443    (Y': 9.84991   Cb: 11.9597   Cr: 13.1885 )
00000284: 11.3375   (Y': 9.72354   Cb: 11.8485   Cr: 13.1363 )
00000286: 11.539    (Y': 9.95355   Cb: 12.0643   Cr: 13.257  )
00000287: 11.8207   (Y': 10.2287   Cb: 12.3697   Cr: 13.5215 )
00000288: 11.8807   (Y': 10.2731   Cb: 12.439    Cr: 13.6026 )
00000289: 12.091    (Y': 10.4522   Cb: 12.6877   Cr: 13.8304 )
00000291: 12.3251   (Y': 10.5907   Cb: 13.038    Cr: 14.1261 )
00000290: 12.1679   (Y': 10.5113   Cb: 12.8106   Cr: 13.8867 )
00000292: 12.4295   (Y': 10.6983   Cb: 13.1354   Cr: 14.2327 )
00000293: 12.5584   (Y': 10.7837   Cb: 13.3362   Cr: 14.3682 )
00000295: 12.7648   (Y': 10.9691   Cb: 13.5792   Cr: 14.5766 )
00000294: 12.6555   (Y': 10.8807   Cb: 13.4214   Cr: 14.4807 )
00000296: 12.8549   (Y': 11.0646   Cb: 13.6499   Cr: 14.6784 )
00000297: 12.9404   (Y': 11.1133   Cb: 13.8217   Cr: 14.7409 )
00000299: 13.0727   (Y': 11.1871   Cb: 14.0418   Cr: 14.9016 )
00000300: 13.1259   (Y': 11.2006   Cb: 14.1468   Cr: 14.986  )
00000301: 13.1208   (Y': 11.1354   Cb: 14.2301   Cr: 15.0195 )
00000298: 12.985    (Y': 11.1407   Cb: 13.8747   Cr: 14.815  )
00000302: 13.1595   (Y': 11.1599   Cb: 14.2713   Cr: 15.0903 )
00000303: 13.2762   (Y': 11.2413   Cb: 14.4551   Cr: 15.2142 )
00000304: 13.2701   (Y': 11.2075   Cb: 14.5106   Cr: 15.2047 )
00000305: 13.3772   (Y': 11.2718   Cb: 14.6523   Cr: 15.3794 )
00000306: 13.4308   (Y': 11.3108   Cb: 14.7103   Cr: 15.4661 )
00000308: 13.5168   (Y': 11.3594   Cb: 14.8551   Cr: 15.5804 )
00000309: 13.5017   (Y': 11.2881   Cb: 14.912    Cr: 15.6307 )
00000307: 13.4992   (Y': 11.3352   Cb: 14.8862   Cr: 15.5231 )
00000311: 13.5977   (Y': 11.3976   Cb: 14.9869   Cr: 15.7149 )
00000310: 13.4871   (Y': 11.2936   Cb: 14.8909   Cr: 15.5694 )
00000312: 13.6353   (Y': 11.4383   Cb: 15.092    Cr: 15.6661 )
00000313: 13.7627   (Y': 11.5442   Cb: 15.2326   Cr: 15.8354 )
00000314: 13.7498   (Y': 11.5246   Cb: 15.1888   Cr: 15.8767 )
00000315: 13.8243   (Y': 11.5933   Cb: 15.2835   Cr: 15.9435 )
00000316: 13.8314   (Y': 11.5688   Cb: 15.3552   Cr: 15.9624 )
00000317: 13.8818   (Y': 11.6151   Cb: 15.3758   Cr: 16.0588 )
00000318: 13.8883   (Y': 11.6127   Cb: 15.4016   Cr: 16.0672 )
00000319: 13.9437   (Y': 11.6706   Cb: 15.4186   Cr: 16.1608 )
00000320: 13.9806   (Y': 11.7225   Cb: 15.4271   Cr: 16.1895 )
00000321: 14.0685   (Y': 11.7295   Cb: 15.6503   Cr: 16.3475 )
00000322: 14.1399   (Y': 11.7541   Cb: 15.7581   Cr: 16.5137 )
00000325: 14.5681   (Y': 11.903    Cb: 16.6302   Cr: 17.319  )
00000323: 14.3061   (Y': 11.8321   Cb: 16.1099   Cr: 16.7302 )
00000324: 14.4169   (Y': 11.8742   Cb: 16.2997   Cr: 16.9664 )
00000326: 14.6078   (Y': 11.9183   Cb: 16.7519   Cr: 17.3484 )
00000327: 14.6901   (Y': 11.9617   Cb: 16.8903   Cr: 17.5038 )
00000328: 14.7854   (Y': 12.0514   Cb: 17.001    Cr: 17.6012 )
00000329: 14.8561   (Y': 12.1559   Cb: 17.0476   Cr: 17.5798 )
00000330: 14.8312   (Y': 12.1689   Cb: 16.9289   Cr: 17.531  )
00000332: 14.7572   (Y': 12.1565   Cb: 16.7503   Cr: 17.3692 )
00000331: 14.7245   (Y': 12.095    Cb: 16.7304   Cr: 17.4185 )
00000335: 15.1175   (Y': 12.6638   Cb: 16.896    Cr: 17.5087 )
00000334: 15.0705   (Y': 12.5942   Cb: 16.8612   Cr: 17.5172 )
00000333: 15.0114   (Y': 12.4881   Cb: 16.8553   Cr: 17.5444 )
00000336: 15.2346   (Y': 12.7837   Cb: 17.0561   Cr: 17.5685 )
00000338: 14.7335   (Y': 12.3409   Cb: 16.3596   Cr: 17.1182 )
00000337: 14.766    (Y': 12.4046   Cb: 16.3684   Cr: 17.0863 )
00000339: 14.3444   (Y': 11.9398   Cb: 16.0442   Cr: 16.6783 )
00000341: 14.0196   (Y': 11.6282   Cb: 15.705    Cr: 16.3316 )
00000340: 14.2084   (Y': 11.7956   Cb: 15.931    Cr: 16.5407 )
00000342: 13.8854   (Y': 11.4965   Cb: 15.5854   Cr: 16.1728 )
00000343: 13.5276   (Y': 11.1277   Cb: 15.2642   Cr: 15.8056 )
00000344: 13.303    (Y': 10.8913   Cb: 15.026    Cr: 15.6317 )
00000345: 12.8524   (Y': 10.4108   Cb: 14.616    Cr: 15.2239 )
00000346: 12.7939   (Y': 10.3214   Cb: 14.584    Cr: 15.2295 )
00000347: 12.9108   (Y': 10.4479   Cb: 14.7119   Cr: 15.3044 )
00000348: 13.1193   (Y': 10.6588   Cb: 14.9259   Cr: 15.4989 )
00000349: 13.3394   (Y': 10.8877   Cb: 15.1393   Cr: 15.6997 )
00000351: 13.6449   (Y': 11.1885   Cb: 15.4554   Cr: 16.0077 )
00000350: 13.4393   (Y': 10.9945   Cb: 15.2329   Cr: 15.7861 )
00000352: 13.7529   (Y': 11.2666   Cb: 15.5844   Cr: 16.1836 )
00000353: 13.9922   (Y': 11.4587   Cb: 15.8765   Cr: 16.5104 )
00000354: 14.0745   (Y': 11.5583   Cb: 15.9305   Cr: 16.5704 )
00000355: 14.2385   (Y': 11.6596   Cb: 16.2056   Cr: 16.8085 )
00000356: 14.2343   (Y': 11.6366   Cb: 16.1825   Cr: 16.8883 )
00000359: 14.0529   (Y': 11.5204   Cb: 15.8542   Cr: 16.6663 )
00000357: 14.2042   (Y': 11.6055   Cb: 16.1684   Cr: 16.8428 )
00000358: 14.1521   (Y': 11.5739   Cb: 16.0377   Cr: 16.815  )
00000360: 13.9875   (Y': 11.4517   Cb: 15.7732   Cr: 16.6304 )
00000361: 13.9179   (Y': 11.4124   Cb: 15.7109   Cr: 16.4535 )
00000363: 13.9176   (Y': 11.4357   Cb: 15.7038   Cr: 16.3868 )
00000362: 13.9382   (Y': 11.429    Cb: 15.7487   Cr: 16.4652 )
00000365: 13.8327   (Y': 11.3503   Cb: 15.6493   Cr: 16.2682 )
00000366: 13.8266   (Y': 11.3704   Cb: 15.6435   Cr: 16.1814 )
00000364: 13.9273   (Y': 11.388    Cb: 15.7649   Cr: 16.519  )
00000367: 13.6912   (Y': 11.2849   Cb: 15.4388   Cr: 15.9757 )
00000368: 13.5881   (Y': 11.2198   Cb: 15.2975   Cr: 15.8047 )
00000369: 13.3611   (Y': 11.0717   Cb: 14.9625   Cr: 15.4776 )
00000370: 13.2763   (Y': 10.9947   Cb: 14.8939   Cr: 15.3532 )
00000371: 13.0437   (Y': 10.8175   Cb: 14.5486   Cr: 15.097  )
00000372: 12.9202   (Y': 10.716    Cb: 14.4199   Cr: 14.9209 )
00000373: 12.7805   (Y': 10.6327   Cb: 14.1865   Cr: 14.7407 )
00000374: 12.7666   (Y': 10.6379   Cb: 14.1459   Cr: 14.708  )
00000375: 12.7279   (Y': 10.603    Cb: 14.0836   Cr: 14.6862 )
00000376: 12.722    (Y': 10.5864   Cb: 14.0783   Cr: 14.7076 )
00000379: 12.9791   (Y': 10.9421   Cb: 14.2515   Cr: 14.8133 )
00000377: 12.775    (Y': 10.6774   Cb: 14.0685   Cr: 14.7357 )
00000378: 12.7531   (Y': 10.6698   Cb: 14.0397   Cr: 14.6855 )
00000382: 13.5786   (Y': 11.5961   Cb: 14.8442   Cr: 15.29   )
00000380: 13.5864   (Y': 11.4698   Cb: 14.9959   Cr: 15.463  )
00000381: 13.4147   (Y': 11.3925   Cb: 14.7663   Cr: 15.1251 )
00000383: 13.3039   (Y': 11.3986   Cb: 14.5181   Cr: 14.8954 )
00000384: 13.1308   (Y': 11.1644   Cb: 14.3771   Cr: 14.8263 )
00000385: 13.0234   (Y': 11.0696   Cb: 14.2223   Cr: 14.7425 )
00000386: 13.0275   (Y': 11.072    Cb: 14.2627   Cr: 14.7097 )
00000387: 13.0417   (Y': 11.0947   Cb: 14.3342   Cr: 14.6424 )
00000388: 13.0028   (Y': 11.046    Cb: 14.3059   Cr: 14.6143 )
00000389: 12.7269   (Y': 10.7686   Cb: 14.0417   Cr: 14.3292 )
00000390: 12.6781   (Y': 10.6861   Cb: 14.0389   Cr: 14.3086 )
00000391: 12.5656   (Y': 10.5652   Cb: 13.9583   Cr: 14.1816 )
00000392: 12.6075   (Y': 10.6206   Cb: 14.005    Cr: 14.1878 )
00000393: 12.5492   (Y': 10.5637   Cb: 13.9497   Cr: 14.1231 )
00000394: 12.6031   (Y': 10.6199   Cb: 13.9965   Cr: 14.1789 )
00000395: 12.619    (Y': 10.6311   Cb: 14.045    Cr: 14.1719 )
00000396: 12.6192   (Y': 10.6463   Cb: 14.0645   Cr: 14.1184 )
00000397: 12.6621   (Y': 10.6462   Cb: 14.0722   Cr: 14.2955 )
00000398: 12.6196   (Y': 10.5941   Cb: 14.0133   Cr: 14.2926 )
00000399: 12.3663   (Y': 10.3241   Cb: 13.7477   Cr: 14.0918 )
00000400: 12.3306   (Y': 10.2827   Cb: 13.6938   Cr: 14.0898 )
00000401: 12.2648   (Y': 10.2205   Cb: 13.5825   Cr: 14.0657 )
00000402: 12.2949   (Y': 10.226    Cb: 13.6131   Cr: 14.1557 )
00000403: 12.206    (Y': 10.1417   Cb: 13.4935   Cr: 14.0902 )
00000405: 12.0594   (Y': 9.99874   Cb: 13.3059   Cr: 13.9819 )
00000406: 12.0469   (Y': 9.98834   Cb: 13.2685   Cr: 13.9934 )
00000404: 12.1524   (Y': 10.0996   Cb: 13.3909   Cr: 14.0645 )
00000407: 12.0036   (Y': 9.97639   Cb: 13.2024   Cr: 13.8988 )
00000408: 11.9627   (Y': 9.93913   Cb: 13.1485   Cr: 13.8644 )
00000410: 11.8586   (Y': 9.8543    Cb: 13.0025   Cr: 13.7623 )
00000409: 11.8984   (Y': 9.88235   Cb: 13.0629   Cr: 13.8065 )
00000411: 11.9015   (Y': 9.93013   Cb: 13.0124   Cr: 13.7641 )
00000413: 11.8661   (Y': 9.87033   Cb: 12.9837   Cr: 13.7802 )
00000415: 11.8548   (Y': 9.85282   Cb: 13.0037   Cr: 13.7469 )
00000414: 11.855    (Y': 9.86122   Cb: 12.9908   Cr: 13.7424 )
00000412: 11.9025   (Y': 9.93825   Cb: 12.9957   Cr: 13.7692 )
00000416: 11.8817   (Y': 9.86608   Cb: 13.0489   Cr: 13.7856 )
00000418: 11.8987   (Y': 9.85273   Cb: 13.1038   Cr: 13.833  )
00000417: 11.8673   (Y': 9.81556   Cb: 13.0814   Cr: 13.8053 )
00000419: 11.9452   (Y': 9.89071   Cb: 13.177    Cr: 13.8693 )
00000420: 11.9852   (Y': 9.92376   Cb: 13.2157   Cr: 13.9286 )
00000422: 12.1538   (Y': 10.0899   Cb: 13.4073   Cr: 14.0762 )
00000421: 12.0769   (Y': 10.0124   Cb: 13.2972   Cr: 14.0398 )
00000423: 12.4508   (Y': 10.3947   Cb: 13.6919   Cr: 14.3683 )
00000424: 12.5089   (Y': 10.4592   Cb: 13.7432   Cr: 14.4184 )
00000425: 12.7185   (Y': 10.7078   Cb: 13.9218   Cr: 14.568  )
00000426: 12.7813   (Y': 10.7779   Cb: 13.9714   Cr: 14.6287 )
00000427: 12.9369   (Y': 10.9548   Cb: 14.1069   Cr: 14.7559 )
00000431: 13.3777   (Y': 11.3665   Cb: 14.5383   Cr: 15.2783 )
00000428: 13.0096   (Y': 11.0176   Cb: 14.1508   Cr: 14.8866 )
00000429: 13.1805   (Y': 11.1812   Cb: 14.3469   Cr: 15.0452 )
00000430: 13.2713   (Y': 11.2648   Cb: 14.4168   Cr: 15.1787 )
00000432: 13.4835   (Y': 11.4687   Cb: 14.6773   Cr: 15.3542 )
00000433: 13.4552   (Y': 11.4385   Cb: 14.6101   Cr: 15.3767 )
00000435: 13.5985   (Y': 11.602    Cb: 14.7325   Cr: 15.4949 )
00000434: 13.5387   (Y': 11.5191   Cb: 14.7204   Cr: 15.4356 )
00000436: 13.6109   (Y': 11.6203   Cb: 14.7759   Cr: 15.4561 )
00000437: 13.7123   (Y': 11.6833   Cb: 14.954    Cr: 15.5623 )
00000438: 13.7243   (Y': 11.6961   Cb: 14.9726   Cr: 15.5647 )
00000439: 13.8758   (Y': 11.7729   Cb: 15.2212   Cr: 15.7905 )
00000440: 13.9057   (Y': 11.8067   Cb: 15.2282   Cr: 15.8368 )
00000444: 13.925    (Y': 11.755    Cb: 15.3303   Cr: 15.9435 )
00000442: 14.09     (Y': 11.9802   Cb: 15.4152   Cr: 16.0453 )
00000441: 14.0265   (Y': 11.9086   Cb: 15.3404   Cr: 16.0155 )
00000443: 14.1077   (Y': 11.9468   Cb: 15.4815   Cr: 16.1386 )
00000445: 13.7568   (Y': 11.6052   Cb: 15.1218   Cr: 15.7738 )
00000447: 13.9873   (Y': 11.8328   Cb: 15.3269   Cr: 16.0418 )
00000446: 13.8244   (Y': 11.6685   Cb: 15.1664   Cr: 15.8796 )
00000448: 13.9658   (Y': 11.8452   Cb: 15.3147   Cr: 15.9211 )
00000449: 14.2524   (Y': 12.1234   Cb: 15.6612   Cr: 16.1609 )
00000450: 14.3633   (Y': 12.2076   Cb: 15.7537   Cr: 16.3615 )
00000452: 14.5845   (Y': 12.4247   Cb: 15.9357   Cr: 16.6387 )
00000453: 14.7113   (Y': 12.5158   Cb: 16.1284   Cr: 16.7835 )
00000451: 14.5224   (Y': 12.371    Cb: 15.8863   Cr: 16.5401 )
00000454: 14.8215   (Y': 12.6295   Cb: 16.2182   Cr: 16.9082 )
00000455: 14.6695   (Y': 12.453    Cb: 16.0719   Cr: 16.8161 )
00000456: 14.5433   (Y': 12.2438   Cb: 16.0301   Cr: 16.8211 )
00000457: 14.7565   (Y': 12.4919   Cb: 16.2563   Cr: 16.9208 )
00000458: 14.8254   (Y': 12.5414   Cb: 16.3507   Cr: 17.0139 )
00000459: 14.8306   (Y': 12.5497   Cb: 16.3889   Cr: 16.9723 )
00000460: 14.7963   (Y': 12.4777   Cb: 16.4168   Cr: 16.9726 )
00000461: 14.7684   (Y': 12.444    Cb: 16.3852   Cr: 16.9649 )
00000462: 14.8461   (Y': 12.523    Cb: 16.4961   Cr: 17.0014 )
00000463: 14.874    (Y': 12.5684   Cb: 16.5225   Cr: 16.9822 )
00000464: 14.8518   (Y': 12.5748   Cb: 16.3682   Cr: 17.0311 )
00000465: 14.741    (Y': 12.4662   Cb: 16.3213   Cr: 16.841  )
00000468: 14.4663   (Y': 12.1663   Cb: 16.1918   Cr: 16.4755 )
00000466: 14.7491   (Y': 12.4752   Cb: 16.3239   Cr: 16.8525 )
00000467: 14.437    (Y': 12.1416   Cb: 16.1244   Cr: 16.4747 )
00000469: 14.4346   (Y': 12.181    Cb: 16.0924   Cr: 16.3926 )
00000470: 14.5085   (Y': 12.2511   Cb: 16.176    Cr: 16.466  )
00000471: 14.5996   (Y': 12.3578   Cb: 16.2563   Cr: 16.5276 )
00000472: 14.5971   (Y': 12.3455   Cb: 16.1983   Cr: 16.6109 )
00000473: 14.6474   (Y': 12.4085   Cb: 16.3029   Cr: 16.5695 )
00000474: 14.5789   (Y': 12.3485   Cb: 16.219    Cr: 16.4948 )
00000476: 14.3908   (Y': 12.088    Cb: 15.9829   Cr: 16.5547 )
00000477: 14.2768   (Y': 12.0563   Cb: 15.7077   Cr: 16.4006 )
00000475: 14.4198   (Y': 12.1641   Cb: 16.0222   Cr: 16.4431 )
00000478: 13.9615   (Y': 11.7036   Cb: 15.4325   Cr: 16.1406 )
00000479: 13.7192   (Y': 11.4458   Cb: 15.2259   Cr: 15.8993 )
00000480: 13.6643   (Y': 11.3746   Cb: 15.1808   Cr: 15.8792 )
00000481: 13.5794   (Y': 11.2742   Cb: 15.0831   Cr: 15.8535 )
00000482: 13.4592   (Y': 11.1733   Cb: 14.9143   Cr: 15.7361 )
00000483: 13.246    (Y': 10.9742   Cb: 14.6695   Cr: 15.5211 )
00000484: 13.0944   (Y': 10.8168   Cb: 14.4903   Cr: 15.4202 )
00000485: 12.6956   (Y': 10.4094   Cb: 14.0446   Cr: 15.1055 )
00000486: 12.619    (Y': 10.3458   Cb: 13.9192   Cr: 15.0531 )
00000487: 12.5342   (Y': 10.2578   Cb: 13.8588   Cr: 14.9466 )
00000488: 12.5252   (Y': 10.2558   Cb: 13.8406   Cr: 14.9284 )
00000489: 12.5546   (Y': 10.2714   Cb: 13.8829   Cr: 14.9821 )
00000491: 12.8949   (Y': 10.6256   Cb: 14.3047   Cr: 15.1797 )
00000492: 12.9875   (Y': 10.7151   Cb: 14.4355   Cr: 15.2348 )
00000493: 13.1695   (Y': 10.9033   Cb: 14.6519   Cr: 15.3583 )
00000490: 12.6831   (Y': 10.4175   Cb: 14.0138   Cr: 15.0555 )
00000494: 13.287    (Y': 11.0142   Cb: 14.7831   Cr: 15.4785 )
00000495: 13.4629   (Y': 11.175    Cb: 15.0039   Cr: 15.6438 )
00000496: 13.5492   (Y': 11.2574   Cb: 15.1134   Cr: 15.7144 )
00000497: 13.7951   (Y': 11.4868   Cb: 15.3843   Cr: 15.9781 )
00000498: 13.8445   (Y': 11.5449   Cb: 15.4599   Cr: 15.9729 )
00000501: 14.0079   (Y': 11.6721   Cb: 15.6403   Cr: 16.2191 )
00000500: 13.9919   (Y': 11.6649   Cb: 15.671    Cr: 16.1256 )
00000499: 13.955    (Y': 11.6627   Cb: 15.6167   Cr: 16.0122 )
00000502: 14.019    (Y': 11.7007   Cb: 15.6428   Cr: 16.1904 )
00000503: 14.0719   (Y': 11.7589   Cb: 15.6709   Cr: 16.2567 )
00000504: 14.1526   (Y': 11.8506   Cb: 15.7012   Cr: 16.3647 )
00000505: 14.2703   (Y': 11.9597   Cb: 15.8625   Cr: 16.456  )
00000506: 14.3472   (Y': 12.0143   Cb: 15.946    Cr: 16.5886 )
00000510: 14.5553   (Y': 12.2368   Cb: 16.0204   Cr: 16.9147 )
00000507: 14.4038   (Y': 12.0878   Cb: 15.9802   Cr: 16.6231 )
00000508: 14.4248   (Y': 12.082    Cb: 15.9574   Cr: 16.7733 )
00000509: 14.4695   (Y': 12.158    Cb: 15.8969   Cr: 16.8547 )
00000512: 14.5562   (Y': 12.2479   Cb: 15.9233   Cr: 17.0083 )
00000513: 14.4073   (Y': 12.1604   Cb: 15.7287   Cr: 16.7378 )
00000511: 14.6046   (Y': 12.2896   Cb: 16.003    Cr: 17.0367 )
00000515: 14.4491   (Y': 12.2646   Cb: 15.6744   Cr: 16.7249 )
00000514: 14.4429   (Y': 12.2293   Cb: 15.6711   Cr: 16.797  )
00000517: 14.3965   (Y': 12.3263   Cb: 15.5026   Cr: 16.5139 )
00000516: 14.3814   (Y': 12.1976   Cb: 15.5761   Cr: 16.6943 )
00000518: 14.456    (Y': 12.4328   Cb: 15.5089   Cr: 16.5188 )
00000519: 14.4067   (Y': 12.3963   Cb: 15.3851   Cr: 16.532  )
00000520: 14.3052   (Y': 12.3192   Cb: 15.2989   Cr: 16.3484 )
00000521: 14.33     (Y': 12.444    Cb: 15.2921   Cr: 16.1684 )
00000522: 14.314    (Y': 12.4604   Cb: 15.2352   Cr: 16.1269 )
00000523: 14.1339   (Y': 12.3121   Cb: 15.0247   Cr: 15.9108 )
00000524: 14.0866   (Y': 12.3113   Cb: 14.9528   Cr: 15.7881 )
00000525: 14.2094   (Y': 12.4012   Cb: 15.1155   Cr: 15.9362 )
00000526: 14.2989   (Y': 12.4828   Cb: 15.2652   Cr: 15.972  )
00000527: 14.2385   (Y': 12.4003   Cb: 15.1504   Cr: 16.0268 )
00000528: 14.242    (Y': 12.3516   Cb: 15.1037   Cr: 16.2172 )
00000529: 13.9116   (Y': 12.3594   Cb: 14.5701   Cr: 15.3922 )
00000532: 13.8143   (Y': 12.2632   Cb: 14.4523   Cr: 15.3179 )
00000531: 13.7679   (Y': 12.2347   Cb: 14.4056   Cr: 15.236  )
00000530: 13.8419   (Y': 12.3063   Cb: 14.5182   Cr: 15.2683 )
00000533: 13.9331   (Y': 12.2548   Cb: 14.6819   Cr: 15.5657 )
00000534: 13.8622   (Y': 12.1936   Cb: 14.62     Cr: 15.4631 )
00000535: 13.8788   (Y': 12.191    Cb: 14.6266   Cr: 15.5331 )
00000536: 14.059    (Y': 12.3239   Cb: 14.9165   Cr: 15.6829 )
00000537: 14.0123   (Y': 12.301    Cb: 14.7734   Cr: 15.7013 )
00000538: 13.8876   (Y': 12.1049   Cb: 14.7171   Cr: 15.6507 )
00000539: 13.9545   (Y': 12.2068   Cb: 14.8032   Cr: 15.6163 )
00000540: 14.1253   (Y': 12.3189   Cb: 15.0243   Cr: 15.8565 )
00000541: 13.9704   (Y': 12.2054   Cb: 14.8199   Cr: 15.6691 )
00000542: 13.9349   (Y': 12.1189   Cb: 14.8255   Cr: 15.6987 )
00000544: 13.8045   (Y': 11.9459   Cb: 14.7959   Cr: 15.5438 )
00000545: 13.6189   (Y': 11.7273   Cb: 14.6956   Cr: 15.3338 )
00000543: 13.8927   (Y': 12.0554   Cb: 14.8417   Cr: 15.6341 )
00000547: 13.5569   (Y': 11.6463   Cb: 14.6703   Cr: 15.2734 )
00000546: 13.5389   (Y': 11.645    Cb: 14.5865   Cr: 15.2934 )
00000548: 13.5149   (Y': 11.5877   Cb: 14.6389   Cr: 15.2572 )
00000549: 13.5765   (Y': 11.6066   Cb: 14.7389   Cr: 15.3753 )
00000550: 13.5932   (Y': 11.5554   Cb: 14.8378   Cr: 15.4613 )
00000552: 13.9043   (Y': 11.6816   Cb: 15.4403   Cr: 15.9137 )
00000553: 14.1778   (Y': 11.7994   Cb: 15.9833   Cr: 16.3179 )
00000551: 13.7182   (Y': 11.5329   Cb: 15.2052   Cr: 15.684  )
00000554: 14.2939   (Y': 11.8552   Cb: 16.1555   Cr: 16.5467 )
00000555: 14.3715   (Y': 11.807    Cb: 16.5516   Cr: 16.6646 )
00000556: 14.3809   (Y': 11.7729   Cb: 16.6506   Cr: 16.7173 )
00000557: 14.4589   (Y': 11.7293   Cb: 16.9005   Cr: 17.0143 )
00000558: 14.4638   (Y': 11.7217   Cb: 16.9833   Cr: 16.9822 )
00000559: 14.551    (Y': 11.7267   Cb: 17.2194   Cr: 17.2039 )
00000560: 14.5184   (Y': 11.6801   Cb: 17.2127   Cr: 17.1948 )
00000561: 14.5696   (Y': 11.7727   Cb: 17.2337   Cr: 17.1314 )
00000562: 14.5327   (Y': 11.6968   Cb: 17.2502   Cr: 17.1782 )
00000563: 14.6153   (Y': 11.8687   Cb: 17.1541   Cr: 17.1299 )
00000564: 14.5974   (Y': 11.8953   Cb: 17.0787   Cr: 17.0218 )
00000566: 14.8058   (Y': 12.318    Cb: 17.0486   Cr: 16.8119 )
00000565: 14.712    (Y': 12.1406   Cb: 17.0478   Cr: 16.871  )
00000567: 14.2052   (Y': 11.771    Cb: 16.3519   Cr: 16.1536 )
00000568: 14.3418   (Y': 11.9762   Cb: 16.5065   Cr: 16.0911 )
00000569: 15.5096   (Y': 13.2531   Cb: 17.6332   Cr: 17.0252 )
00000570: 15.312    (Y': 13.087    Cb: 17.3869   Cr: 16.7953 )
00000571: 13.7619   (Y': 11.521    Cb: 15.7892   Cr: 15.3252 )
00000572: 13.5054   (Y': 11.2864   Cb: 15.4652   Cr: 15.0776 )
00000573: 13.9981   (Y': 11.8396   Cb: 15.9925   Cr: 15.398  )
00000574: 14.2187   (Y': 12.0761   Cb: 16.2393   Cr: 15.5601 )
00000575: 14.2022   (Y': 12.0597   Cb: 16.2614   Cr: 15.5109 )
00000576: 14.0022   (Y': 11.924    Cb: 15.9905   Cr: 15.2305 )
00000577: 13.9431   (Y': 11.9053   Cb: 15.8086   Cr: 15.1898 )
00000578: 14.1142   (Y': 12.0955   Cb: 15.9794   Cr: 15.3208 )
Total: 13.4059   (Y': 11.2426   Cb: 14.6129   Cr: 15.6462 )
