00000003: 11.7167   (Y': 9.99283   Cb: 12.6953   Cr: 13.1767 )
00000005: 11.7118   (Y': 9.99028   Cb: 12.7033   Cr: 13.1524 )
00000001: 11.7346   (Y': 9.99024   Cb: 12.7593   Cr: 13.1861 )
00000000: 11.7481   (Y': 9.98203   Cb: 12.7909   Cr: 13.2253 )
00000002: 11.7749   (Y': 10.0468   Cb: 12.7608   Cr: 13.2358 )
00000004: 11.7514   (Y': 10.036    Cb: 12.7268   Cr: 13.1973 )
00000006: 11.7357   (Y': 10.0497   Cb: 12.6745   Cr: 13.162  )
00000007: 11.6785   (Y': 10.0186   Cb: 12.6019   Cr: 13.0691 )
00000009: 11.6627   (Y': 10.0656   Cb: 12.5531   Cr: 12.9652 )
00000010: 11.6429   (Y': 10.0549   Cb: 12.5532   Cr: 12.9057 )
00000011: 11.6387   (Y': 10.0731   Cb: 12.5346   Cr: 12.8744 )
00000008: 11.6953   (Y': 10.0471   Cb: 12.6215   Cr: 13.0592 )
00000012: 11.6832   (Y': 10.0817   Cb: 12.5818   Cr: 12.9852 )
00000013: 11.7257   (Y': 10.1556   Cb: 12.5663   Cr: 13.031  )
00000014: 11.7882   (Y': 10.2317   Cb: 12.6354   Cr: 13.0597 )
00000015: 11.8006   (Y': 10.1926   Cb: 12.6522   Cr: 13.1677 )
00000017: 11.769    (Y': 10.1462   Cb: 12.5811   Cr: 13.2106 )
00000019: 11.7403   (Y': 10.1456   Cb: 12.5357   Cr: 13.1449 )
00000018: 11.7281   (Y': 10.1329   Cb: 12.5106   Cr: 13.1484 )
00000016: 11.8147   (Y': 10.2003   Cb: 12.6532   Cr: 13.2092 )
00000020: 11.6955   (Y': 10.1104   Cb: 12.4876   Cr: 13.0849 )
00000021: 11.6336   (Y': 10.0566   Cb: 12.4113   Cr: 13.0234 )
00000022: 11.5722   (Y': 10.014    Cb: 12.3452   Cr: 12.9304 )
00000023: 11.4615   (Y': 9.93994   Cb: 12.1737   Cr: 12.8181 )
00000024: 11.4295   (Y': 9.91645   Cb: 12.1143   Cr: 12.8016 )
00000026: 11.3311   (Y': 9.84581   Cb: 12.0199   Cr: 12.6453 )
00000025: 11.3752   (Y': 9.89117   Cb: 12.0765   Cr: 12.6724 )
00000027: 11.2736   (Y': 9.79421   Cb: 11.9347   Cr: 12.6088 )
00000030: 11.1879   (Y': 9.71176   Cb: 11.824    Cr: 12.5462 )
00000028: 11.2447   (Y': 9.79191   Cb: 11.8838   Cr: 12.555  )
00000029: 11.1892   (Y': 9.7173    Cb: 11.8178   Cr: 12.548  )
00000031: 11.2286   (Y': 9.75822   Cb: 11.8902   Cr: 12.5457 )
00000032: 11.2697   (Y': 9.78062   Cb: 11.9466   Cr: 12.605  )
00000033: 11.3563   (Y': 9.88332   Cb: 12.0425   Cr: 12.6501 )
00000036: 11.4431   (Y': 9.93639   Cb: 12.1471   Cr: 12.7808 )
00000034: 11.376    (Y': 9.87295   Cb: 12.0994   Cr: 12.6842 )
00000035: 11.4143   (Y': 9.91013   Cb: 12.1417   Cr: 12.7199 )
00000037: 11.4843   (Y': 9.97791   Cb: 12.233    Cr: 12.7699 )
00000039: 11.5586   (Y': 10.0365   Cb: 12.3138   Cr: 12.867  )
00000038: 11.5082   (Y': 9.98076   Cb: 12.2513   Cr: 12.8409 )
00000040: 11.6      (Y': 10.0648   Cb: 12.3937   Cr: 12.89   )
00000041: 11.6186   (Y': 10.0582   Cb: 12.4309   Cr: 12.9364 )
00000043: 11.6713   (Y': 10.1472   Cb: 12.5405   Cr: 12.8577 )
00000042: 11.6547   (Y': 10.1021   Cb: 12.4804   Cr: 12.9424 )
00000047: 11.6695   (Y': 10.0639   Cb: 12.6711   Cr: 12.869  )
00000046: 11.647    (Y': 10.0973   Cb: 12.5804   Cr: 12.8128 )
00000044: 11.6631   (Y': 10.1287   Cb: 12.5595   Cr: 12.8394 )
00000045: 11.632    (Y': 10.0711   Cb: 12.5896   Cr: 12.7933 )
00000048: 11.7281   (Y': 10.1107   Cb: 12.7308   Cr: 12.9493 )
00000049: 11.73     (Y': 10.0562   Cb: 12.7569   Cr: 13.0358 )
00000050: 11.802    (Y': 10.1329   Cb: 12.8298   Cr: 13.0975 )
00000051: 11.844    (Y': 10.1261   Cb: 12.9132   Cr: 13.1931 )
00000052: 11.8569   (Y': 10.1094   Cb: 12.9762   Cr: 13.2128 )
00000053: 11.8799   (Y': 10.1195   Cb: 13.011    Cr: 13.25   )
00000054: 11.9279   (Y': 10.1634   Cb: 13.0639   Cr: 13.3011 )
00000055: 11.9514   (Y': 10.1873   Cb: 13.0736   Cr: 13.3386 )
00000056: 11.9499   (Y': 10.1742   Cb: 13.0584   Cr: 13.3758 )
00000057: 11.9322   (Y': 10.1899   Cb: 13.014    Cr: 13.3176 )
00000059: 11.9951   (Y': 10.2255   Cb: 13.099    Cr: 13.4129 )
00000058: 11.9623   (Y': 10.2274   Cb: 13.0307   Cr: 13.3468 )
00000060: 12.0931   (Y': 10.3091   Cb: 13.1783   Cr: 13.5617 )
00000061: 12.694    (Y': 10.8653   Cb: 13.7974   Cr: 14.2385 )
00000062: 12.9989   (Y': 11.1126   Cb: 14.1341   Cr: 14.635  )
00000064: 13.7763   (Y': 11.7304   Cb: 15.1355   Cr: 15.5348 )
00000063: 13.5785   (Y': 11.5837   Cb: 14.8529   Cr: 15.3094 )
00000065: 13.8302   (Y': 11.6742   Cb: 15.3065   Cr: 15.7322 )
00000067: 14.0347   (Y': 11.8602   Cb: 15.5986   Cr: 15.8889 )
00000066: 13.8836   (Y': 11.7283   Cb: 15.3445   Cr: 15.801  )
00000068: 13.9919   (Y': 11.7225   Cb: 15.5914   Cr: 16.0554 )
00000069: 13.977    (Y': 11.5972   Cb: 15.6178   Cr: 16.3061 )
00000071: 14.1058   (Y': 11.6928   Cb: 15.7609   Cr: 16.5178 )
00000070: 14.0486   (Y': 11.5961   Cb: 15.7581   Cr: 16.517  )
00000072: 14.2168   (Y': 11.7793   Cb: 15.8475   Cr: 16.7337 )
00000073: 14.3157   (Y': 11.9824   Cb: 15.6408   Cr: 16.899  )
00000074: 14.3218   (Y': 12.0052   Cb: 15.6133   Cr: 16.8985 )
00000076: 14.291    (Y': 12.0623   Cb: 15.4712   Cr: 16.7523 )
00000075: 14.3755   (Y': 12.1247   Cb: 15.5793   Cr: 16.8708 )
00000077: 14.3436   (Y': 12.2879   Cb: 15.2515   Cr: 16.6847 )
00000078: 14.4221   (Y': 12.4365   Cb: 15.2299   Cr: 16.7128 )
00000079: 14.2628   (Y': 12.3392   Cb: 14.9884   Cr: 16.5059 )
00000080: 14.1277   (Y': 12.2191   Cb: 14.7898   Cr: 16.4228 )
00000081: 14.0148   (Y': 12.1145   Cb: 14.6563   Cr: 16.3177 )
00000082: 13.9793   (Y': 12.0914   Cb: 14.5931   Cr: 16.2907 )
00000083: 13.9272   (Y': 11.9883   Cb: 14.6062   Cr: 16.2782 )
00000084: 13.8774   (Y': 11.966    Cb: 14.5425   Cr: 16.1752 )
00000085: 13.7702   (Y': 11.8923   Cb: 14.3691   Cr: 16.0777 )
00000087: 13.572    (Y': 11.6344   Cb: 14.1314   Cr: 16.1012 )
00000086: 13.6524   (Y': 11.7466   Cb: 14.2519   Cr: 16.033  )
00000088: 13.5348   (Y': 11.5664   Cb: 14.1185   Cr: 16.1129 )
00000089: 13.5348   (Y': 11.5287   Cb: 14.101    Cr: 16.2505 )
00000090: 13.6317   (Y': 11.6296   Cb: 14.224    Cr: 16.2934 )
00000091: 13.697    (Y': 11.6581   Cb: 14.374    Cr: 16.3316 )
00000093: 13.944    (Y': 11.9004   Cb: 14.6424   Cr: 16.559  )
00000092: 13.7624   (Y': 11.7282   Cb: 14.4134   Cr: 16.4242 )
00000094: 14.1836   (Y': 12.1347   Cb: 14.9577   Cr: 16.6983 )
00000095: 14.2178   (Y': 12.1902   Cb: 14.9828   Cr: 16.686  )
00000096: 14.2271   (Y': 12.1568   Cb: 15.0686   Cr: 16.7038 )
00000097: 14.3525   (Y': 12.2563   Cb: 15.2405   Cr: 16.8358 )
00000098: 14.3809   (Y': 12.2619   Cb: 15.3292   Cr: 16.8431 )
00000099: 14.2846   (Y': 12.2527   Cb: 15.2148   Cr: 16.5304 )
00000100: 14.1594   (Y': 12.1823   Cb: 15.0111   Cr: 16.3669 )
00000101: 13.9764   (Y': 12.0487   Cb: 14.8251   Cr: 16.0608 )
00000102: 14.149    (Y': 12.1741   Cb: 14.9404   Cr: 16.4342 )
00000103: 14.2943   (Y': 12.2832   Cb: 15.0302   Cr: 16.7589 )
00000104: 14.283    (Y': 12.2623   Cb: 15.0252   Cr: 16.7656 )
00000105: 14.236    (Y': 12.2689   Cb: 14.9549   Cr: 16.6045 )
00000107: 14.9103   (Y': 13.072    Cb: 15.3809   Cr: 17.3083 )
00000106: 14.4905   (Y': 12.5792   Cb: 15.1583   Cr: 16.7845 )
00000108: 14.9981   (Y': 13.2062   Cb: 15.4353   Cr: 17.3263 )
00000109: 14.8918   (Y': 13.1119   Cb: 15.2779   Cr: 17.2685 )
00000110: 15.0405   (Y': 13.2942   Cb: 15.5166   Cr: 17.1954 )
00000111: 15.0907   (Y': 13.1898   Cb: 15.6668   Cr: 17.4932 )
00000112: 14.8739   (Y': 13.0391   Cb: 15.2935   Cr: 17.3427 )
00000113: 14.7429   (Y': 12.8335   Cb: 15.3141   Cr: 17.1758 )
00000114: 14.5566   (Y': 12.6011   Cb: 15.1552   Cr: 17.0749 )
00000115: 14.5674   (Y': 12.5776   Cb: 15.2097   Cr: 17.1141 )
00000116: 14.6456   (Y': 12.6072   Cb: 15.3113   Cr: 17.2961 )
00000117: 14.5849   (Y': 12.3974   Cb: 15.4015   Cr: 17.4534 )
00000118: 14.5086   (Y': 12.2752   Cb: 15.4554   Cr: 17.3193 )
00000119: 14.1818   (Y': 11.9987   Cb: 15.0775   Cr: 16.9127 )
00000120: 13.999    (Y': 11.9708   Cb: 14.7746   Cr: 16.4529 )
00000121: 13.5471   (Y': 11.6308   Cb: 14.1417   Cr: 15.9634 )
00000122: 13.3819   (Y': 11.5379   Cb: 13.8641   Cr: 15.7768 )
00000123: 13.2049   (Y': 11.3926   Cb: 13.5965   Cr: 15.6585 )
00000124: 13.1535   (Y': 11.3193   Cb: 13.5375   Cr: 15.6785 )
00000125: 13.1711   (Y': 11.3742   Cb: 13.4816   Cr: 15.7162 )
00000126: 13.2444   (Y': 11.4238   Cb: 13.5941   Cr: 15.7886 )
00000127: 13.3398   (Y': 11.5425   Cb: 13.6708   Cr: 15.8521 )
00000128: 13.3599   (Y': 11.5117   Cb: 13.7598   Cr: 15.8973 )
00000129: 13.4023   (Y': 11.5187   Cb: 13.8548   Cr: 15.9516 )
00000130: 13.3349   (Y': 11.3956   Cb: 13.9189   Cr: 15.8301 )
00000131: 13.373    (Y': 11.3622   Cb: 14.0355   Cr: 15.9485 )
00000132: 13.4762   (Y': 11.398    Cb: 14.1984   Cr: 16.1564 )
00000133: 13.5772   (Y': 11.42     Cb: 14.3245   Cr: 16.4613 )
00000134: 13.6383   (Y': 11.4423   Cb: 14.4143   Cr: 16.6004 )
00000135: 13.6695   (Y': 11.3964   Cb: 14.5967   Cr: 16.641  )
00000136: 13.705    (Y': 11.4107   Cb: 14.602    Cr: 16.7976 )
00000137: 13.701    (Y': 11.4129   Cb: 14.642    Cr: 16.7005 )
00000138: 13.5999   (Y': 11.3457   Cb: 14.4775   Cr: 16.5883 )
00000139: 13.5723   (Y': 11.403    Cb: 14.3827   Cr: 16.3932 )
00000140: 13.5778   (Y': 11.4277   Cb: 14.3563   Cr: 16.3886 )
00000141: 13.6447   (Y': 11.5252   Cb: 14.38     Cr: 16.4298 )
00000143: 13.7888   (Y': 11.6986   Cb: 14.3893   Cr: 16.7047 )
00000142: 13.68     (Y': 11.5465   Cb: 14.3969   Cr: 16.5384 )
00000144: 13.8433   (Y': 11.7378   Cb: 14.4337   Cr: 16.8256 )
00000145: 13.8834   (Y': 11.81     Cb: 14.4076   Cr: 16.8781 )
00000146: 13.8754   (Y': 11.7831   Cb: 14.4382   Cr: 16.8632 )
00000147: 13.8637   (Y': 11.7915   Cb: 14.3921   Cr: 16.8471 )
00000148: 13.8539   (Y': 11.7862   Cb: 14.3712   Cr: 16.8427 )
00000149: 13.8065   (Y': 11.67     Cb: 14.4355   Cr: 16.8229 )
00000150: 13.7081   (Y': 11.5374   Cb: 14.3563   Cr: 16.8039 )
00000151: 13.6764   (Y': 11.5286   Cb: 14.3466   Cr: 16.6584 )
00000152: 13.6563   (Y': 11.5416   Cb: 14.2799   Cr: 16.6107 )
00000153: 13.659    (Y': 11.5013   Cb: 14.3279   Cr: 16.6758 )
00000154: 13.669    (Y': 11.5384   Cb: 14.3091   Cr: 16.6467 )
00000155: 13.6779   (Y': 11.6465   Cb: 14.277    Cr: 16.415  )
00000156: 13.7264   (Y': 11.7064   Cb: 14.3403   Cr: 16.4054 )
00000157: 13.7103   (Y': 11.716    Cb: 14.2982   Cr: 16.3559 )
00000158: 13.6591   (Y': 11.672    Cb: 14.2553   Cr: 16.2704 )
00000159: 13.5552   (Y': 11.5597   Cb: 14.1636   Cr: 16.1714 )
00000160: 13.521    (Y': 11.5242   Cb: 14.0948   Cr: 16.197  )
00000161: 13.5332   (Y': 11.5346   Cb: 14.1015   Cr: 16.223  )
00000162: 13.548    (Y': 11.517    Cb: 14.1498   Cr: 16.2796 )
00000163: 13.5526   (Y': 11.5637   Cb: 14.0858   Cr: 16.2717 )
00000165: 13.4617   (Y': 11.521    Cb: 13.9709   Cr: 16.08   )
00000164: 13.4796   (Y': 11.4826   Cb: 14.0067   Cr: 16.2326 )
00000167: 13.586    (Y': 11.6038   Cb: 14.1841   Cr: 16.1806 )
00000166: 13.4544   (Y': 11.5017   Cb: 13.988    Cr: 16.0675 )
00000168: 13.6817   (Y': 11.6466   Cb: 14.3682   Cr: 16.2904 )
00000169: 13.8201   (Y': 11.7379   Cb: 14.5676   Cr: 16.4724 )
00000170: 13.8808   (Y': 11.7932   Cb: 14.6403   Cr: 16.531  )
00000171: 13.8854   (Y': 11.7733   Cb: 14.6817   Cr: 16.5521 )
00000172: 13.9449   (Y': 11.8267   Cb: 14.7687   Cr: 16.5879 )
00000173: 13.9727   (Y': 11.8704   Cb: 14.8704   Cr: 16.4596 )
00000174: 13.9673   (Y': 11.8488   Cb: 14.8656   Cr: 16.5004 )
00000175: 13.9953   (Y': 11.7949   Cb: 15.0454   Cr: 16.5519 )
00000176: 14.0438   (Y': 11.8663   Cb: 15.1503   Cr: 16.4554 )
00000177: 13.9965   (Y': 11.9042   Cb: 15.0138   Cr: 16.2885 )
00000178: 14.0045   (Y': 11.8929   Cb: 15.069    Cr: 16.2869 )
00000179: 14.0536   (Y': 12.0012   Cb: 14.9756   Cr: 16.366  )
00000181: 14.0456   (Y': 12.1317   Cb: 14.7205   Cr: 16.3362 )
00000180: 14.0606   (Y': 12.0811   Cb: 14.8585   Cr: 16.3489 )
00000182: 14.0992   (Y': 12.2008   Cb: 14.7517   Cr: 16.3814 )
00000183: 14.1604   (Y': 12.3663   Cb: 14.683    Cr: 16.3656 )
00000184: 14.2007   (Y': 12.3974   Cb: 14.7494   Cr: 16.3903 )
00000185: 14.2408   (Y': 12.4083   Cb: 14.8791   Cr: 16.3751 )
00000186: 14.2745   (Y': 12.4382   Cb: 14.8896   Cr: 16.451  )
00000187: 14.1052   (Y': 12.2321   Cb: 14.7743   Cr: 16.2985 )
00000189: 13.8352   (Y': 11.7259   Cb: 14.763    Cr: 16.2989 )
00000188: 14.0119   (Y': 12.0105   Cb: 14.7916   Cr: 16.3854 )
00000190: 13.8684   (Y': 11.7379   Cb: 14.8829   Cr: 16.2711 )
00000191: 13.8716   (Y': 11.7253   Cb: 14.9933   Cr: 16.1745 )
00000192: 13.8475   (Y': 11.6764   Cb: 15.0883   Cr: 16.0665 )
00000193: 13.8356   (Y': 11.6162   Cb: 15.1942   Cr: 16.0426 )
00000194: 13.791    (Y': 11.5572   Cb: 15.2098   Cr: 15.9654 )
00000195: 13.8422   (Y': 11.6426   Cb: 15.2761   Cr: 15.9062 )
00000196: 13.8138   (Y': 11.5657   Cb: 15.4084   Cr: 15.8255 )
00000197: 13.7989   (Y': 11.485    Cb: 15.562    Cr: 15.8056 )
00000198: 13.8655   (Y': 11.5218   Cb: 15.695    Cr: 15.8833 )
00000199: 14.0284   (Y': 11.6867   Cb: 15.7702   Cr: 16.134  )
00000201: 14.0224   (Y': 11.6978   Cb: 15.8871   Cr: 15.9525 )
00000200: 14.104    (Y': 11.7061   Cb: 15.951    Cr: 16.2543 )
00000202: 13.8463   (Y': 11.6137   Cb: 15.5705   Cr: 15.68   )
00000203: 13.4342   (Y': 11.2379   Cb: 15.0994   Cr: 15.2369 )
00000205: 13.4978   (Y': 11.3246   Cb: 14.7634   Cr: 15.6917 )
00000204: 13.4043   (Y': 11.2771   Cb: 14.8763   Cr: 15.239  )
00000206: 13.6127   (Y': 11.4158   Cb: 14.8548   Cr: 15.9018 )
00000207: 13.7267   (Y': 11.4977   Cb: 14.8906   Cr: 16.2108 )
00000208: 13.7388   (Y': 11.483    Cb: 14.8707   Cr: 16.3481 )
00000209: 13.5956   (Y': 11.3036   Cb: 14.7024   Cr: 16.3543 )
00000210: 13.671    (Y': 11.4172   Cb: 14.6835   Cr: 16.4473 )
00000211: 13.7369   (Y': 11.4481   Cb: 14.7941   Cr: 16.5585 )
00000213: 13.8644   (Y': 11.6201   Cb: 14.8945   Cr: 16.5846 )
00000212: 13.8409   (Y': 11.481    Cb: 15.0055   Cr: 16.7363 )
00000215: 13.8345   (Y': 11.6028   Cb: 14.8627   Cr: 16.518  )
00000214: 13.8683   (Y': 11.5888   Cb: 14.9777   Cr: 16.5835 )
00000217: 13.6852   (Y': 11.4188   Cb: 14.7939   Cr: 16.3599 )
00000216: 13.827    (Y': 11.6373   Cb: 14.8127   Cr: 16.4438 )
00000218: 13.6149   (Y': 11.3531   Cb: 14.7145   Cr: 16.2884 )
00000219: 13.6038   (Y': 11.33     Cb: 14.743    Cr: 16.2584 )
00000220: 13.5709   (Y': 11.2952   Cb: 14.7328   Cr: 16.1993 )
00000221: 13.5965   (Y': 11.3439   Cb: 14.8108   Cr: 16.0826 )
00000223: 13.6019   (Y': 11.2484   Cb: 15.0074   Cr: 16.1417 )
00000222: 13.6138   (Y': 11.3012   Cb: 14.9339   Cr: 16.1399 )
00000224: 13.6726   (Y': 11.2283   Cb: 15.1851   Cr: 16.3607 )
00000225: 13.6355   (Y': 11.2179   Cb: 15.1522   Cr: 16.2323 )
00000226: 13.6125   (Y': 11.2074   Cb: 15.1067   Cr: 16.1987 )
00000227: 13.7499   (Y': 11.332    Cb: 15.2391   Cr: 16.3834 )
00000228: 13.8203   (Y': 11.3842   Cb: 15.3106   Cr: 16.5112 )
00000229: 14.0007   (Y': 11.5719   Cb: 15.4336   Cr: 16.7444 )
00000230: 14.1304   (Y': 11.8369   Cb: 15.3946   Cr: 16.6733 )
00000231: 14.1966   (Y': 11.9174   Cb: 15.3464   Cr: 16.8528 )
00000232: 14.234    (Y': 11.9599   Cb: 15.3045   Cr: 16.9886 )
00000233: 14.226    (Y': 11.9477   Cb: 15.2822   Cr: 17.0156 )
00000234: 14.2681   (Y': 11.9452   Cb: 15.3456   Cr: 17.1715 )
00000235: 14.2841   (Y': 11.9908   Cb: 15.301    Cr: 17.1818 )
00000236: 14.3292   (Y': 11.9787   Cb: 15.4486   Cr: 17.2615 )
00000237: 14.2218   (Y': 11.8821   Cb: 15.2783   Cr: 17.214  )
00000238: 14.2491   (Y': 11.9281   Cb: 15.2636   Cr: 17.2439 )
00000239: 14.0369   (Y': 11.7678   Cb: 15.1061   Cr: 16.7778 )
00000241: 14.0767   (Y': 11.7589   Cb: 15.2173   Cr: 16.8686 )
00000240: 13.947    (Y': 11.6607   Cb: 15.0575   Cr: 16.682  )
00000242: 14.0878   (Y': 11.7738   Cb: 15.2239   Cr: 16.8741 )
00000243: 14.143    (Y': 11.8498   Cb: 15.1637   Cr: 17.0346 )
00000244: 14.1447   (Y': 11.8379   Cb: 15.2072   Cr: 17.017  )
00000245: 14.1627   (Y': 11.8305   Cb: 15.2582   Cr: 17.0694 )
00000246: 14.1963   (Y': 11.8719   Cb: 15.3004   Cr: 17.0639 )
00000247: 14.0575   (Y': 11.7578   Cb: 15.1429   Cr: 16.8723 )
00000248: 14.1137   (Y': 11.8247   Cb: 15.2534   Cr: 16.8152 )
00000250: 14.0047   (Y': 11.6863   Cb: 15.2405   Cr: 16.6631 )
00000249: 14.0405   (Y': 11.7064   Cb: 15.3037   Cr: 16.7106 )
00000251: 13.9404   (Y': 11.71     Cb: 15.0446   Cr: 16.5112 )
00000252: 13.9159   (Y': 11.6515   Cb: 15.1214   Cr: 16.4498 )
00000253: 14.1295   (Y': 11.9546   Cb: 15.2529   Cr: 16.5113 )
00000254: 14.1457   (Y': 12.0163   Cb: 15.1925   Cr: 16.5014 )
00000255: 14.1891   (Y': 12.0708   Cb: 15.2276   Cr: 16.525  )
00000256: 14.2095   (Y': 12.0858   Cb: 15.2236   Cr: 16.5933 )
00000258: 14.1443   (Y': 11.947    Cb: 15.1056   Cr: 16.8202 )
00000257: 14.1354   (Y': 11.9678   Cb: 15.119    Cr: 16.6891 )
00000259: 14.143    (Y': 11.9205   Cb: 15.1492   Cr: 16.8303 )
00000261: 14.3208   (Y': 12.0385   Cb: 15.4057   Cr: 17.0807 )
00000260: 14.1891   (Y': 11.9192   Cb: 15.237    Cr: 16.9638 )
00000262: 14.2296   (Y': 11.9098   Cb: 15.3714   Cr: 17.0265 )
00000263: 14.0643   (Y': 11.6914   Cb: 15.311    Cr: 16.883  )
00000265: 14.0902   (Y': 11.7982   Cb: 15.2504   Cr: 16.7717 )
00000264: 14.1036   (Y': 11.7682   Cb: 15.3814   Cr: 16.7575 )
00000266: 14.1343   (Y': 11.8461   Cb: 15.3309   Cr: 16.7529 )
00000267: 14.1357   (Y': 11.8492   Cb: 15.358    Cr: 16.7136 )
00000268: 14.1633   (Y': 11.8846   Cb: 15.3817   Cr: 16.7225 )
00000269: 14.2548   (Y': 11.9807   Cb: 15.5404   Cr: 16.7109 )
00000270: 14.3179   (Y': 11.9631   Cb: 15.7542   Cr: 16.8224 )
00000272: 14.4226   (Y': 12.0532   Cb: 15.9056   Cr: 16.9121 )
00000271: 14.4056   (Y': 12.076    Cb: 15.8284   Cr: 16.8506 )
00000274: 14.5393   (Y': 12.1125   Cb: 15.9322   Cr: 17.3306 )
00000273: 14.5145   (Y': 12.1281   Cb: 15.9171   Cr: 17.1615 )
00000275: 14.5498   (Y': 12.0522   Cb: 16.0411   Cr: 17.4456 )
00000277: 14.4855   (Y': 11.9708   Cb: 16.0179   Cr: 17.3842 )
00000276: 14.3929   (Y': 11.8867   Cb: 15.9139   Cr: 17.2779 )
00000278: 14.5191   (Y': 12.036    Cb: 16.0567   Cr: 17.3031 )
00000280: 14.3919   (Y': 11.9836   Cb: 15.9202   Cr: 16.9446 )
00000279: 14.506    (Y': 12.0598   Cb: 16.0829   Cr: 17.1172 )
00000281: 14.5032   (Y': 12.0885   Cb: 16.0936   Cr: 16.9986 )
00000282: 14.4402   (Y': 12.0081   Cb: 16.0763   Cr: 16.9334 )
00000283: 14.3916   (Y': 11.9307   Cb: 16.1797   Cr: 16.794  )
00000284: 14.4999   (Y': 12.0717   Cb: 16.2422   Cr: 16.8552 )
00000285: 14.5727   (Y': 12.075    Cb: 16.2437   Cr: 17.2322 )
00000287: 14.8723   (Y': 12.3089   Cb: 16.5501   Cr: 17.7457 )
00000286: 14.6296   (Y': 12.1003   Cb: 16.3412   Cr: 17.3429 )
00000288: 14.9216   (Y': 12.3395   Cb: 16.6602   Cr: 17.7813 )
00000289: 14.8658   (Y': 12.2269   Cb: 16.6388   Cr: 17.8835 )
00000290: 14.9066   (Y': 12.2257   Cb: 16.8134   Cr: 17.9043 )
00000291: 15.1455   (Y': 12.4787   Cb: 17.0212   Cr: 18.1313 )
00000292: 15.253    (Y': 12.6382   Cb: 17.0376   Cr: 18.1683 )
00000293: 15.4432   (Y': 12.9321   Cb: 16.9933   Cr: 18.3054 )
00000296: 15.7207   (Y': 13.4187   Cb: 16.9197   Cr: 18.3788 )
00000294: 15.591    (Y': 13.1735   Cb: 17.0726   Cr: 18.2334 )
00000295: 15.7648   (Y': 13.4298   Cb: 17.0669   Cr: 18.3845 )
00000298: 15.4778   (Y': 13.217    Cb: 16.6262   Cr: 18.0792 )
00000297: 15.5116   (Y': 13.1968   Cb: 16.6884   Cr: 18.2417 )
00000299: 15.3688   (Y': 13.1394   Cb: 16.489    Cr: 17.9144 )
00000300: 15.2305   (Y': 13.0535   Cb: 16.2753   Cr: 17.7257 )
00000301: 14.9451   (Y': 12.7036   Cb: 15.9817   Cr: 17.6472 )
00000304: 14.8697   (Y': 12.5621   Cb: 16.0415   Cr: 17.584  )
00000302: 14.7679   (Y': 12.4904   Cb: 15.784    Cr: 17.6152 )
00000303: 14.5969   (Y': 12.1939   Cb: 15.766    Cr: 17.6335 )
00000305: 15.0972   (Y': 12.7341   Cb: 16.553    Cr: 17.6019 )
00000306: 15.2624   (Y': 12.8795   Cb: 16.739    Cr: 17.802  )
00000307: 14.4741   (Y': 12.5197   Cb: 15.3306   Cr: 16.6163 )
00000308: 14.322    (Y': 12.5042   Cb: 15.1084   Cr: 16.2205 )
00000309: 14.0634   (Y': 12.2474   Cb: 14.9193   Cr: 15.8695 )
00000312: 13.811    (Y': 11.8159   Cb: 14.6848   Cr: 16.0356 )
00000311: 13.8311   (Y': 11.9002   Cb: 14.6318   Cr: 15.9885 )
00000310: 13.9305   (Y': 12.1079   Cb: 14.7144   Cr: 15.8436 )
00000313: 13.7898   (Y': 11.8252   Cb: 14.6535   Cr: 15.9483 )
00000314: 13.782    (Y': 11.8048   Cb: 14.6274   Cr: 15.9983 )
00000315: 13.6625   (Y': 11.6655   Cb: 14.5611   Cr: 15.8586 )
00000316: 13.5774   (Y': 11.5811   Cb: 14.4517   Cr: 15.8048 )
00000317: 13.5241   (Y': 11.4819   Cb: 14.4827   Cr: 15.7592 )
00000320: 13.6391   (Y': 11.4686   Cb: 14.7261   Cr: 16.0568 )
00000318: 13.5267   (Y': 11.4447   Cb: 14.5495   Cr: 15.7834 )
00000319: 13.5621   (Y': 11.4048   Cb: 14.6917   Cr: 15.8856 )
00000321: 13.8228   (Y': 11.6283   Cb: 14.912    Cr: 16.3074 )
00000322: 13.9029   (Y': 11.708    Cb: 14.9816   Cr: 16.4029 )
00000323: 13.9882   (Y': 11.8016   Cb: 15.1466   Cr: 16.3564 )
00000324: 14.0175   (Y': 11.8338   Cb: 15.2079   Cr: 16.3355 )
00000325: 14.15     (Y': 11.9976   Cb: 15.3454   Cr: 16.3746 )
00000326: 14.1194   (Y': 11.9268   Cb: 15.379    Cr: 16.3745 )
00000327: 14.1485   (Y': 11.8969   Cb: 15.4599   Cr: 16.505  )
00000328: 14.1699   (Y': 11.9605   Cb: 15.3805   Cr: 16.5351 )
00000329: 14.3191   (Y': 12.0767   Cb: 15.6043   Cr: 16.6824 )
00000330: 14.3762   (Y': 12.0998   Cb: 15.734    Cr: 16.7464 )
00000331: 14.4699   (Y': 12.1709   Cb: 15.8564   Cr: 16.8701 )
00000332: 14.5701   (Y': 12.345    Cb: 15.8597   Cr: 16.8782 )
00000333: 14.7284   (Y': 12.5345   Cb: 16.0263   Cr: 16.9393 )
00000334: 14.7657   (Y': 12.5858   Cb: 16.0799   Cr: 16.9181 )
00000335: 14.8726   (Y': 12.7029   Cb: 16.1991   Cr: 16.9825 )
00000336: 14.7588   (Y': 12.4943   Cb: 16.2196   Cr: 16.9684 )
00000337: 14.6569   (Y': 12.3337   Cb: 16.1434   Cr: 17.0036 )
00000338: 14.5776   (Y': 12.2246   Cb: 16.0801   Cr: 16.9931 )
00000339: 14.5395   (Y': 12.1876   Cb: 16.0293   Cr: 16.9675 )
00000341: 14.5614   (Y': 12.1603   Cb: 16.1146   Cr: 17.0606 )
00000342: 14.6212   (Y': 12.2164   Cb: 16.1225   Cr: 17.1975 )
00000340: 14.5393   (Y': 12.1979   Cb: 15.9889   Cr: 16.9862 )
00000343: 14.6683   (Y': 12.2661   Cb: 16.297    Cr: 17.0788 )
00000344: 14.6801   (Y': 12.2448   Cb: 16.35     Cr: 17.1424 )
00000345: 14.912    (Y': 12.3988   Cb: 16.5948   Cr: 17.608  )
00000346: 15.1075   (Y': 12.5671   Cb: 16.8707   Cr: 17.7932 )
00000347: 15.3033   (Y': 12.724    Cb: 17.1338   Cr: 18.0369 )
00000349: 15.6014   (Y': 13.0547   Cb: 17.4367   Cr: 18.2203 )
00000348: 15.4291   (Y': 12.8889   Cb: 17.171    Cr: 18.1404 )
00000350: 15.6177   (Y': 13.0845   Cb: 17.4322   Cr: 18.2173 )
00000351: 15.8342   (Y': 13.3968   Cb: 17.5222   Cr: 18.2817 )
00000352: 15.9897   (Y': 13.5666   Cb: 17.6532   Cr: 18.4223 )
00000354: 15.8163   (Y': 13.405    Cb: 17.6162   Cr: 18.0565 )
00000353: 15.8657   (Y': 13.4348   Cb: 17.6404   Cr: 18.1924 )
00000355: 15.6262   (Y': 13.3679   Cb: 17.2038   Cr: 17.6841 )
00000357: 15.4466   (Y': 13.2441   Cb: 16.9321   Cr: 17.4593 )
00000356: 15.5358   (Y': 13.3351   Cb: 17.0034   Cr: 17.5637 )
00000359: 15.2209   (Y': 13.0494   Cb: 16.6346   Cr: 17.2338 )
00000358: 15.3912   (Y': 13.1892   Cb: 16.9043   Cr: 17.3716 )
00000360: 15.2595   (Y': 13.0856   Cb: 16.7759   Cr: 17.1635 )
00000361: 15.2469   (Y': 13.0709   Cb: 16.8686   Cr: 17.0439 )
00000362: 15.1965   (Y': 13.0589   Cb: 16.6687   Cr: 17.0568 )
00000363: 15.2089   (Y': 13.01     Cb: 16.5817   Cr: 17.3424 )
00000364: 15.1962   (Y': 12.9764   Cb: 16.5077   Cr: 17.462  )
00000365: 14.9355   (Y': 12.7548   Cb: 16.0955   Cr: 17.2847 )
00000366: 15.0024   (Y': 12.7998   Cb: 16.1443   Cr: 17.4389 )
00000367: 15.0008   (Y': 12.7604   Cb: 16.2095   Cr: 17.4582 )
00000368: 15.0672   (Y': 12.8205   Cb: 16.308    Cr: 17.501  )
00000369: 14.8265   (Y': 12.5167   Cb: 16.0293   Cr: 17.5039 )
00000370: 15.0414   (Y': 12.7282   Cb: 16.3146   Cr: 17.6324 )
00000371: 14.8908   (Y': 12.5933   Cb: 16.0296   Cr: 17.6204 )
00000372: 15.107    (Y': 12.7792   Cb: 16.3933   Cr: 17.7256 )
00000373: 15.1122   (Y': 12.8672   Cb: 16.3375   Cr: 17.5617 )
00000375: 15.1825   (Y': 13.009    Cb: 16.3918   Cr: 17.4481 )
00000374: 15.0086   (Y': 12.7661   Cb: 16.221    Cr: 17.4674 )
00000376: 15.0885   (Y': 12.9674   Cb: 16.2515   Cr: 17.2696 )
00000377: 14.9163   (Y': 12.8515   Cb: 16.0291   Cr: 17.0112 )
00000378: 14.6298   (Y': 12.6456   Cb: 15.623    Cr: 16.6688 )
00000379: 14.399    (Y': 12.3328   Cb: 15.4136   Cr: 16.6243 )
00000380: 14.1806   (Y': 12.0784   Cb: 15.2378   Cr: 16.4471 )
00000381: 14.0087   (Y': 11.8178   Cb: 15.0719   Cr: 16.5191 )
00000382: 13.9495   (Y': 11.752    Cb: 14.989    Cr: 16.5127 )
00000383: 13.9957   (Y': 11.7397   Cb: 15.0885   Cr: 16.6609 )
00000384: 14.0086   (Y': 11.7387   Cb: 15.1838   Cr: 16.6003 )
00000385: 13.9847   (Y': 11.5838   Cb: 15.2836   Cr: 16.8216 )
00000386: 13.9915   (Y': 11.5726   Cb: 15.2808   Cr: 16.9035 )
00000387: 14.0321   (Y': 11.589    Cb: 15.2933   Cr: 17.0691 )
00000388: 14.0626   (Y': 11.6012   Cb: 15.2717   Cr: 17.246  )
00000389: 13.9199   (Y': 11.4402   Cb: 15.1595   Cr: 17.1231 )
00000391: 13.7732   (Y': 11.3355   Cb: 15.0019   Cr: 16.8405 )
00000390: 13.8693   (Y': 11.4059   Cb: 15.1049   Cr: 17.0186 )
00000392: 13.6957   (Y': 11.3034   Cb: 14.9063   Cr: 16.6326 )
00000393: 13.7228   (Y': 11.3919   Cb: 14.9412   Cr: 16.4455 )
00000394: 13.6183   (Y': 11.3519   Cb: 14.7823   Cr: 16.2152 )
00000395: 13.5078   (Y': 11.329    Cb: 14.6753   Cr: 15.842  )
00000396: 13.4614   (Y': 11.3116   Cb: 14.5859   Cr: 15.7704 )
00000397: 14.6539   (Y': 12.2719   Cb: 16.314    Cr: 16.9671 )
00000399: 14.5655   (Y': 12.3938   Cb: 16.1847   Cr: 16.3539 )
00000398: 14.1886   (Y': 11.9692   Cb: 15.5445   Cr: 16.3987 )
00000400: 14.589    (Y': 12.262    Cb: 16.2157   Cr: 16.7816 )
00000401: 14.2014   (Y': 11.989    Cb: 15.469    Cr: 16.5018 )
00000402: 14.3805   (Y': 12.1057   Cb: 15.6211   Cr: 16.8981 )
00000403: 14.7753   (Y': 12.3999   Cb: 16.0586   Cr: 17.5501 )
00000404: 14.8983   (Y': 12.4933   Cb: 16.2195   Cr: 17.7171 )
00000405: 14.7327   (Y': 12.3598   Cb: 16.021    Cr: 17.4926 )
00000406: 14.5944   (Y': 12.2281   Cb: 15.9383   Cr: 17.2562 )
00000407: 14.5061   (Y': 11.9833   Cb: 15.7855   Cr: 17.808  )
00000408: 14.5462   (Y': 12.0147   Cb: 15.8213   Cr: 17.8885 )
00000409: 14.7174   (Y': 12.1809   Cb: 16.0218   Cr: 18.0319 )
00000410: 14.5437   (Y': 12.0209   Cb: 15.8174   Cr: 17.8552 )
00000411: 14.3505   (Y': 11.7595   Cb: 15.6967   Cr: 17.8123 )
00000412: 14.436    (Y': 11.8363   Cb: 15.7754   Cr: 17.9441 )
00000413: 14.9191   (Y': 12.4023   Cb: 16.2373   Cr: 18.1375 )
00000414: 15.0396   (Y': 12.5638   Cb: 16.3288   Cr: 18.1512 )
00000415: 15.0383   (Y': 12.562    Cb: 16.3401   Cr: 18.1329 )
00000416: 15.1603   (Y': 12.7112   Cb: 16.5042   Cr: 18.0962 )
00000417: 15.0181   (Y': 12.5025   Cb: 16.3927   Cr: 18.1463 )
00000418: 14.9514   (Y': 12.4234   Cb: 16.3346   Cr: 18.1119 )
00000419: 14.7932   (Y': 12.1732   Cb: 16.2358   Cr: 18.2176 )
00000420: 14.7251   (Y': 12.0796   Cb: 16.2536   Cr: 18.1182 )
00000421: 14.5942   (Y': 11.9496   Cb: 16.1746   Cr: 17.9052 )
00000422: 14.5712   (Y': 11.9378   Cb: 16.1915   Cr: 17.7801 )
00000423: 14.5341   (Y': 11.8971   Cb: 16.1679   Cr: 17.7372 )
00000424: 14.5461   (Y': 11.8699   Cb: 16.249    Cr: 17.8023 )
00000426: 14.5841   (Y': 11.8793   Cb: 16.3738   Cr: 17.8302 )
00000425: 14.6634   (Y': 11.9953   Cb: 16.3803   Cr: 17.8686 )
00000427: 14.6142   (Y': 11.8785   Cb: 16.3971   Cr: 17.994  )
00000428: 14.6193   (Y': 11.8627   Cb: 16.4545   Cr: 18.0096 )
00000429: 14.6516   (Y': 11.9145   Cb: 16.4568   Cr: 18.0045 )
00000430: 14.5633   (Y': 11.8024   Cb: 16.399    Cr: 17.9703 )
00000431: 14.5705   (Y': 11.8273   Cb: 16.3997   Cr: 17.9141 )
00000432: 14.5389   (Y': 11.7897   Cb: 16.3983   Cr: 17.8645 )
00000433: 14.5796   (Y': 11.8205   Cb: 16.5038   Cr: 17.8551 )
00000434: 14.5308   (Y': 11.7899   Cb: 16.4349   Cr: 17.7615 )
00000435: 14.5335   (Y': 11.7899   Cb: 16.376    Cr: 17.8597 )
00000436: 14.5453   (Y': 11.7864   Cb: 16.4243   Cr: 17.8828 )
00000437: 14.4491   (Y': 11.6619   Cb: 16.305    Cr: 17.9369 )
00000438: 14.4517   (Y': 11.6613   Cb: 16.3661   Cr: 17.8692 )
00000439: 14.3366   (Y': 11.5787   Cb: 16.1631   Cr: 17.7447 )
00000440: 14.3232   (Y': 11.5851   Cb: 16.1083   Cr: 17.7091 )
00000441: 14.3483   (Y': 11.6154   Cb: 16.1344   Cr: 17.7117 )
00000442: 14.3526   (Y': 11.6663   Cb: 16.0996   Cr: 17.5861 )
00000443: 14.3621   (Y': 11.6508   Cb: 16.173    Cr: 17.6037 )
00000445: 14.3275   (Y': 11.6407   Cb: 16.0373   Cr: 17.6158 )
00000444: 14.3431   (Y': 11.66     Cb: 16.0894   Cr: 17.565  )
00000446: 14.2824   (Y': 11.5977   Cb: 15.9891   Cr: 17.5666 )
00000447: 14.2248   (Y': 11.5915   Cb: 15.8606   Cr: 17.411  )
00000449: 14.2757   (Y': 11.6505   Cb: 15.8709   Cr: 17.4896 )
00000450: 14.3796   (Y': 11.7292   Cb: 15.9765   Cr: 17.6891 )
00000448: 14.3032   (Y': 11.6534   Cb: 15.9286   Cr: 17.568  )
00000451: 14.5956   (Y': 11.8722   Cb: 16.1981   Cr: 18.1963 )
00000452: 14.5756   (Y': 11.8246   Cb: 16.121    Cr: 18.3916 )
00000453: 14.6328   (Y': 11.8664   Cb: 16.1663   Cr: 18.5395 )
00000454: 14.703    (Y': 11.9118   Cb: 16.3123   Cr: 18.596  )
00000455: 14.7036   (Y': 11.9186   Cb: 16.3007   Cr: 18.5887 )
00000456: 14.698    (Y': 11.9316   Cb: 16.2481   Cr: 18.577  )
00000458: 14.7102   (Y': 11.9371   Cb: 16.2822   Cr: 18.5821 )
00000457: 14.747    (Y': 11.9763   Cb: 16.3406   Cr: 18.5716 )
00000459: 14.6069   (Y': 11.7994   Cb: 16.2414   Cr: 18.5338 )
00000460: 14.6286   (Y': 11.7874   Cb: 16.3005   Cr: 18.6528 )
00000462: 14.6424   (Y': 11.7928   Cb: 16.3025   Cr: 18.7275 )
00000461: 14.6828   (Y': 11.8389   Cb: 16.2991   Cr: 18.8177 )
00000463: 14.6594   (Y': 11.8347   Cb: 16.3064   Cr: 18.6467 )
00000464: 14.66     (Y': 11.8298   Cb: 16.3198   Cr: 18.6516 )
00000466: 14.6425   (Y': 11.7896   Cb: 16.4057   Cr: 18.5691 )
00000465: 14.6811   (Y': 11.8448   Cb: 16.3432   Cr: 18.698  )
00000467: 14.6934   (Y': 11.8443   Cb: 16.4274   Cr: 18.6501 )
00000468: 14.6225   (Y': 11.7679   Cb: 16.364    Cr: 18.5935 )
00000470: 14.485    (Y': 11.6715   Cb: 16.2226   Cr: 18.2697 )
00000469: 14.5547   (Y': 11.7087   Cb: 16.2946   Cr: 18.4873 )
00000471: 14.454    (Y': 11.6577   Cb: 16.1698   Cr: 18.1954 )
00000472: 14.4769   (Y': 11.6975   Cb: 16.1965   Cr: 18.1373 )
00000474: 14.4448   (Y': 11.6793   Cb: 16.1125   Cr: 18.1257 )
00000473: 14.4932   (Y': 11.752    Cb: 16.1296   Cr: 18.117  )
00000475: 14.3946   (Y': 11.6436   Cb: 15.9779   Cr: 18.1471 )
00000476: 14.3425   (Y': 11.6324   Cb: 15.8552   Cr: 18.0313 )
00000477: 14.4763   (Y': 11.8056   Cb: 15.9892   Cr: 17.9964 )
00000478: 14.4482   (Y': 11.7469   Cb: 15.9808   Cr: 18.0665 )
00000479: 14.4443   (Y': 11.774    Cb: 15.9376   Cr: 17.9944 )
00000480: 14.3977   (Y': 11.7074   Cb: 15.9369   Cr: 17.9582 )
00000481: 14.4171   (Y': 11.7482   Cb: 15.8713   Cr: 18.0245 )
00000482: 14.4623   (Y': 11.7667   Cb: 15.9827   Cr: 18.0757 )
00000483: 14.5593   (Y': 11.8988   Cb: 16.0428   Cr: 18.0841 )
00000484: 14.5646   (Y': 11.9017   Cb: 16.039    Cr: 18.1145 )
00000485: 14.5837   (Y': 11.8847   Cb: 16.1402   Cr: 18.154  )
00000486: 14.5591   (Y': 11.906    Cb: 16.0337   Cr: 18.068  )
00000487: 14.6451   (Y': 12.0332   Cb: 16.0271   Cr: 18.1339 )
00000488: 14.7715   (Y': 12.1946   Cb: 16.1512   Cr: 18.1239 )
00000489: 14.7298   (Y': 12.1697   Cb: 16.0478   Cr: 18.1142 )
00000490: 14.6921   (Y': 12.1492   Cb: 15.9933   Cr: 18.0365 )
00000491: 14.6712   (Y': 12.1839   Cb: 15.9211   Cr: 17.8859 )
00000492: 14.6699   (Y': 12.2203   Cb: 15.8535   Cr: 17.8502 )
00000493: 14.6758   (Y': 12.25     Cb: 15.9269   Cr: 17.6672 )
00000494: 14.6481   (Y': 12.2534   Cb: 15.8852   Cr: 17.5537 )
00000495: 14.6729   (Y': 12.1696   Cb: 16.0622   Cr: 17.7343 )
00000497: 14.6596   (Y': 12.092    Cb: 16.2276   Cr: 17.6973 )
00000496: 14.664    (Y': 12.1214   Cb: 16.1762   Cr: 17.6894 )
00000498: 14.6966   (Y': 12.1359   Cb: 16.323    Cr: 17.629  )
00000500: 14.6678   (Y': 12.0828   Cb: 16.3664   Cr: 17.5899 )
00000499: 14.6894   (Y': 12.1137   Cb: 16.3194   Cr: 17.6707 )
00000501: 14.742    (Y': 12.2082   Cb: 16.493    Cr: 17.4211 )
00000502: 14.773    (Y': 12.259    Cb: 16.517    Cr: 17.3956 )
00000503: 14.8843   (Y': 12.3675   Cb: 16.6787   Cr: 17.455  )
00000505: 14.9854   (Y': 12.3951   Cb: 16.8925   Cr: 17.6637 )
00000504: 14.9159   (Y': 12.3689   Cb: 16.7347   Cr: 17.5557 )
00000506: 15.0622   (Y': 12.4199   Cb: 17.0867   Cr: 17.7776 )
00000508: 15.2302   (Y': 12.5519   Cb: 17.4158   Cr: 17.8855 )
00000509: 15.2984   (Y': 12.5766   Cb: 17.6105   Cr: 17.9636 )
00000507: 15.1169   (Y': 12.4575   Cb: 17.2466   Cr: 17.7702 )
00000511: 15.3532   (Y': 12.5026   Cb: 17.9096   Cr: 18.217  )
00000513: 15.4226   (Y': 12.5053   Cb: 18.1408   Cr: 18.3673 )
00000510: 15.3403   (Y': 12.5043   Cb: 17.8548   Cr: 18.1951 )
00000512: 15.3666   (Y': 12.4656   Cb: 17.9659   Cr: 18.376  )
00000514: 15.3827   (Y': 12.4882   Cb: 18.0889   Cr: 18.2532 )
00000515: 15.3643   (Y': 12.5228   Cb: 17.9401   Cr: 18.174  )
00000516: 15.3265   (Y': 12.4764   Cb: 17.9181   Cr: 18.151  )
00000518: 15.4243   (Y': 12.6354   Cb: 17.9421   Cr: 18.1054 )
00000517: 15.3677   (Y': 12.5132   Cb: 18        Cr: 18.1661 )
00000519: 15.4378   (Y': 12.6435   Cb: 17.9947   Cr: 18.0975 )
00000522: 15.5688   (Y': 12.8196   Cb: 18.0392   Cr: 18.161  )
00000521: 15.4822   (Y': 12.7288   Cb: 18.0173   Cr: 18.0231 )
00000520: 15.4725   (Y': 12.7177   Cb: 17.9747   Cr: 18.0515 )
00000523: 15.6774   (Y': 12.9121   Cb: 18.0721   Cr: 18.4058 )
00000524: 15.6501   (Y': 12.8924   Cb: 18.1396   Cr: 18.2517 )
00000526: 15.8278   (Y': 12.994    Cb: 18.4104   Cr: 18.6023 )
00000525: 15.7409   (Y': 12.9458   Cb: 18.2113   Cr: 18.4939 )
00000527: 15.8042   (Y': 12.9185   Cb: 18.4932   Cr: 18.6593 )
00000528: 15.8515   (Y': 12.9724   Cb: 18.5102   Cr: 18.7135 )
00000530: 15.8969   (Y': 13.0139   Cb: 18.5372   Cr: 18.793  )
00000529: 15.8445   (Y': 12.992    Cb: 18.5233   Cr: 18.5879 )
00000533: 16.0714   (Y': 13.1725   Cb: 18.7837   Cr: 18.9525 )
00000531: 15.9559   (Y': 13.0636   Cb: 18.6445   Cr: 18.8365 )
00000532: 16.0246   (Y': 13.1389   Cb: 18.6803   Cr: 18.9146 )
00000534: 16.1428   (Y': 13.2598   Cb: 18.823    Cr: 18.9971 )
00000535: 16.1509   (Y': 13.2678   Cb: 18.9138   Cr: 18.9211 )
00000536: 16.0946   (Y': 13.1475   Cb: 18.9322   Cr: 19.0309 )
00000537: 16.2144   (Y': 13.2948   Cb: 19.0891   Cr: 19.0089 )
00000538: 16.2763   (Y': 13.301    Cb: 19.2027   Cr: 19.2325 )
00000539: 16.3793   (Y': 13.4681   Cb: 19.1845   Cr: 19.2115 )
00000540: 16.3531   (Y': 13.4679   Cb: 19.2078   Cr: 19.0408 )
00000542: 16.2956   (Y': 13.4747   Cb: 19.1011   Cr: 18.8048 )
00000544: 16.296    (Y': 13.4867   Cb: 19.0556   Cr: 18.8083 )
00000541: 16.3856   (Y': 13.533    Cb: 19.2288   Cr: 18.9685 )
00000545: 16.3511   (Y': 13.5666   Cb: 18.9627   Cr: 18.9216 )
00000546: 16.3134   (Y': 13.4574   Cb: 19.091    Cr: 18.9712 )
00000543: 16.2781   (Y': 13.4805   Cb: 19.056    Cr: 18.7337 )
00000547: 16.2435   (Y': 13.4553   Cb: 18.8352   Cr: 18.8471 )
00000548: 16.2537   (Y': 13.5243   Cb: 18.7405   Cr: 18.7624 )
00000550: 16.2117   (Y': 13.4195   Cb: 18.9403   Cr: 18.6956 )
00000549: 16.2061   (Y': 13.465    Cb: 18.7852   Cr: 18.6624 )
00000552: 16.1431   (Y': 13.2504   Cb: 19.1068   Cr: 18.755  )
00000553: 16.285    (Y': 13.4592   Cb: 19.1231   Cr: 18.7802 )
00000554: 16.3639   (Y': 13.5412   Cb: 19.2715   Cr: 18.7858 )
00000551: 16.1438   (Y': 13.2813   Cb: 18.9935   Cr: 18.7554 )
00000555: 16.4995   (Y': 13.7016   Cb: 19.37     Cr: 18.8721 )
00000556: 16.5757   (Y': 13.7882   Cb: 19.4397   Cr: 18.9199 )
00000557: 16.6502   (Y': 13.8507   Cb: 19.567    Cr: 18.9869 )
00000559: 16.5811   (Y': 13.8061   Cb: 19.4049   Cr: 18.9208 )
00000560: 16.5705   (Y': 13.7763   Cb: 19.406    Cr: 18.9623 )
00000561: 16.4813   (Y': 13.7324   Cb: 19.2027   Cr: 18.8291 )
00000558: 16.6158   (Y': 13.8163   Cb: 19.4829   Cr: 18.9966 )
00000562: 16.4915   (Y': 13.7401   Cb: 19.1917   Cr: 18.8669 )
00000563: 16.3019   (Y': 13.5632   Cb: 18.9215   Cr: 18.7113 )
00000565: 15.9467   (Y': 13.1085   Cb: 18.7083   Cr: 18.5566 )
00000564: 16.277    (Y': 13.4861   Cb: 18.8763   Cr: 18.882  )
00000567: 15.4199   (Y': 12.5765   Cb: 18.1992   Cr: 18.0312 )
00000568: 15.3026   (Y': 12.4529   Cb: 18.092    Cr: 17.9265 )
00000569: 15.241    (Y': 12.4441   Cb: 18.0433   Cr: 17.6717 )
00000570: 15.1458   (Y': 12.3536   Cb: 17.8852   Cr: 17.6196 )
00000566: 15.5776   (Y': 12.6568   Cb: 18.4937   Cr: 18.3361 )
00000571: 14.9546   (Y': 12.0699   Cb: 17.9156   Cr: 17.5405 )
00000573: 14.5539   (Y': 11.6087   Cb: 17.6716   Cr: 17.2141 )
00000575: 14.3363   (Y': 11.4353   Cb: 17.3701   Cr: 16.914  )
00000574: 14.4098   (Y': 11.4716   Cb: 17.4857   Cr: 17.0826 )
00000572: 14.848    (Y': 11.9971   Cb: 17.736    Cr: 17.3834 )
00000576: 14.3056   (Y': 11.4384   Cb: 17.1017   Cr: 16.9856 )
00000577: 14.1462   (Y': 11.2701   Cb: 16.8211   Cr: 16.9802 )
00000578: 14.1218   (Y': 11.298    Cb: 16.6319   Cr: 16.9366 )
00000579: 14.108    (Y': 11.2994   Cb: 16.5758   Cr: 16.9128 )
00000580: 14.1102   (Y': 11.3237   Cb: 16.459    Cr: 16.9651 )
00000583: 14.0156   (Y': 11.1597   Cb: 16.348    Cr: 17.1545 )
00000581: 14.0184   (Y': 11.191    Cb: 16.37     Cr: 17.0238 )
00000584: 14.0992   (Y': 11.2013   Cb: 16.4972   Cr: 17.3283 )
00000585: 14.2006   (Y': 11.3628   Cb: 16.4889   Cr: 17.3212 )
00000586: 14.313    (Y': 11.499    Cb: 16.5011   Cr: 17.4633 )
00000582: 13.9869   (Y': 11.1764   Cb: 16.2534   Cr: 17.0277 )
00000587: 14.601    (Y': 11.7491   Cb: 16.7124   Cr: 18.0053 )
00000588: 14.5463   (Y': 11.6405   Cb: 16.6778   Cr: 18.1572 )
00000590: 14.7742   (Y': 11.7745   Cb: 17.1374   Cr: 18.4951 )
00000589: 14.6284   (Y': 11.6177   Cb: 17.0109   Cr: 18.3746 )
00000591: 15.2531   (Y': 12.3353   Cb: 17.2652   Cr: 19.0946 )
00000592: 15.2941   (Y': 12.3933   Cb: 17.2628   Cr: 19.1208 )
00000593: 15.3744   (Y': 12.5156   Cb: 17.3313   Cr: 19.0263 )
Total: 14.0509   (Y': 11.8104   Cb: 15.2932   Cr: 16.4645 )
