00000000: 14.0876   (Y': 11.6906   Cb: 15.268    Cr: 17.0857 )
00000003: 14.0539   (Y': 11.6365   Cb: 15.2736   Cr: 17.0633 )
00000002: 14.0473   (Y': 11.6149   Cb: 15.2819   Cr: 17.0873 )
00000001: 14.0825   (Y': 11.6833   Cb: 15.2867   Cr: 17.0524 )
00000006: 14.084    (Y': 11.6268   Cb: 15.358    Cr: 17.1522 )
00000004: 14.0664   (Y': 11.6279   Cb: 15.3186   Cr: 17.1009 )
00000005: 14.0761   (Y': 11.6168   Cb: 15.3767   Cr: 17.1116 )
00000007: 14.0877   (Y': 11.6232   Cb: 15.3624   Cr: 17.181  )
00000008: 14.0824   (Y': 11.6865   Cb: 15.288    Cr: 17.0389 )
00000015: 14.081    (Y': 11.6384   Cb: 15.4029   Cr: 17.0269 )
00000014: 14.0519   (Y': 11.6036   Cb: 15.3833   Cr: 17.0034 )
00000010: 14.0614   (Y': 11.6723   Cb: 15.2843   Cr: 16.9689 )
00000012: 14.0732   (Y': 11.6415   Cb: 15.3626   Cr: 17.0288 )
00000011: 14.0414   (Y': 11.6332   Cb: 15.3263   Cr: 16.9235 )
00000009: 14.0577   (Y': 11.646    Cb: 15.3022   Cr: 17.0101 )
00000013: 14.1121   (Y': 11.6988   Cb: 15.3745   Cr: 17.0438 )
00000022: 14.2025   (Y': 11.8026   Cb: 15.498    Cr: 17.0408 )
00000016: 14.0943   (Y': 11.6653   Cb: 15.3846   Cr: 17.0388 )
00000017: 14.0701   (Y': 11.6314   Cb: 15.386    Cr: 17.0108 )
00000020: 14.1318   (Y': 11.743    Cb: 15.3766   Cr: 17.0061 )
00000021: 14.1381   (Y': 11.7428   Cb: 15.3955   Cr: 17.0161 )
00000018: 14.1359   (Y': 11.7166   Cb: 15.4096   Cr: 17.0715 )
00000019: 14.1571   (Y': 11.7774   Cb: 15.3952   Cr: 17.0106 )
00000023: 14.1913   (Y': 11.7879   Cb: 15.5092   Cr: 17.0099 )
00000025: 14.2035   (Y': 11.8345   Cb: 15.4351   Cr: 17.031  )
00000024: 14.2324   (Y': 11.8243   Cb: 15.5217   Cr: 17.1071 )
00000026: 14.2286   (Y': 11.8595   Cb: 15.4675   Cr: 17.0462 )
00000028: 14.2695   (Y': 11.9052   Cb: 15.5153   Cr: 17.0612 )
00000029: 14.2317   (Y': 11.8927   Cb: 15.4161   Cr: 17.0293 )
00000027: 14.2445   (Y': 11.9079   Cb: 15.417    Cr: 17.0512 )
00000030: 14.1999   (Y': 11.8962   Cb: 15.3101   Cr: 16.9911 )
00000031: 14.2374   (Y': 11.9403   Cb: 15.3353   Cr: 17.025  )
00000033: 14.3059   (Y': 11.9897   Cb: 15.4154   Cr: 17.1386 )
00000032: 14.3267   (Y': 12.0239   Cb: 15.446    Cr: 17.1017 )
00000035: 14.381    (Y': 12.0491   Cb: 15.5342   Cr: 17.2007 )
00000036: 14.4006   (Y': 12.0891   Cb: 15.527    Cr: 17.1928 )
00000037: 14.3591   (Y': 12.0295   Cb: 15.5158   Cr: 17.1659 )
00000034: 14.3696   (Y': 12.0357   Cb: 15.5255   Cr: 17.1918 )
00000038: 14.4312   (Y': 12.1149   Cb: 15.5663   Cr: 17.2267 )
00000039: 14.4345   (Y': 12.0902   Cb: 15.5835   Cr: 17.301  )
00000040: 14.5069   (Y': 12.1444   Cb: 15.6708   Cr: 17.4119 )
00000042: 14.6669   (Y': 12.3658   Cb: 15.8462   Cr: 17.3504 )
00000041: 14.5941   (Y': 12.2436   Cb: 15.7531   Cr: 17.4663 )
00000044: 14.8417   (Y': 12.5995   Cb: 16.0078   Cr: 17.3623 )
00000043: 14.722    (Y': 12.4584   Cb: 15.9131   Cr: 17.2727 )
00000045: 14.8405   (Y': 12.6039   Cb: 16.0468   Cr: 17.2905 )
00000046: 14.7727   (Y': 12.5014   Cb: 15.9716   Cr: 17.3361 )
00000047: 14.8248   (Y': 12.5557   Cb: 16.0274   Cr: 17.3769 )
00000048: 14.7151   (Y': 12.5358   Cb: 15.7822   Cr: 17.1858 )
00000049: 14.6321   (Y': 12.5032   Cb: 15.6263   Cr: 17.0585 )
00000050: 14.5491   (Y': 12.4291   Cb: 15.4808   Cr: 17.0379 )
00000052: 14.4457   (Y': 12.3539   Cb: 15.2748   Cr: 17.0028 )
00000051: 14.5124   (Y': 12.3908   Cb: 15.4457   Cr: 17.0037 )
00000054: 14.5402   (Y': 12.4768   Cb: 15.2273   Cr: 17.2311 )
00000053: 14.465    (Y': 12.3614   Cb: 15.2485   Cr: 17.126  )
00000055: 14.4688   (Y': 12.3776   Cb: 15.1687   Cr: 17.2236 )
00000056: 14.5163   (Y': 12.456    Cb: 15.1731   Cr: 17.2466 )
00000057: 14.5208   (Y': 12.4853   Cb: 15.1812   Cr: 17.1713 )
00000059: 14.4484   (Y': 12.3621   Cb: 15.2247   Cr: 17.0687 )
00000060: 14.5521   (Y': 12.4166   Cb: 15.3997   Cr: 17.2108 )
00000058: 14.5206   (Y': 12.472    Cb: 15.2361   Cr: 17.1237 )
00000061: 14.6984   (Y': 12.5323   Cb: 15.6317   Cr: 17.3209 )
00000063: 14.7694   (Y': 12.5577   Cb: 15.7694   Cr: 17.4323 )
00000062: 14.7951   (Y': 12.6006   Cb: 15.8068   Cr: 17.389  )
00000064: 14.631    (Y': 12.3377   Cb: 15.724    Cr: 17.4137 )
00000067: 14.5051   (Y': 12.1221   Cb: 15.5889   Cr: 17.6045 )
00000065: 14.4732   (Y': 12.1836   Cb: 15.5219   Cr: 17.3105 )
00000068: 14.4976   (Y': 12.1482   Cb: 15.5142   Cr: 17.5865 )
00000066: 14.6011   (Y': 12.2428   Cb: 15.7119   Cr: 17.5726 )
00000069: 14.4775   (Y': 12.1461   Cb: 15.5233   Cr: 17.4579 )
00000070: 14.3847   (Y': 12.0561   Cb: 15.3818   Cr: 17.4327 )
00000071: 14.348    (Y': 12.0594   Cb: 15.3075   Cr: 17.3202 )
00000073: 14.41     (Y': 12.1749   Cb: 15.3293   Cr: 17.269  )
00000072: 14.3848   (Y': 12.1293   Cb: 15.3288   Cr: 17.2716 )
00000074: 14.4423   (Y': 12.2343   Cb: 15.3362   Cr: 17.2543 )
00000075: 14.4976   (Y': 12.2778   Cb: 15.3985   Cr: 17.336  )
00000076: 14.4572   (Y': 12.2257   Cb: 15.3999   Cr: 17.2685 )
00000079: 14.1944   (Y': 11.8632   Cb: 15.3082   Cr: 17.0704 )
00000077: 14.4305   (Y': 12.1687   Cb: 15.4214   Cr: 17.2653 )
00000078: 14.3037   (Y': 12.0353   Cb: 15.2782   Cr: 17.1852 )
00000080: 13.8615   (Y': 11.4643   Cb: 15.113    Cr: 16.7547 )
00000081: 13.9236   (Y': 11.5242   Cb: 15.1863   Cr: 16.8075 )
00000083: 13.9474   (Y': 11.5681   Cb: 15.1591   Cr: 16.8382 )
00000082: 13.8886   (Y': 11.4954   Cb: 15.1307   Cr: 16.782  )
00000084: 13.9852   (Y': 11.6617   Cb: 15.0429   Cr: 16.9205 )
00000086: 13.9957   (Y': 11.6097   Cb: 15.23     Cr: 16.8761 )
00000085: 14.0279   (Y': 11.679    Cb: 15.1393   Cr: 16.9663 )
00000087: 13.9308   (Y': 11.5629   Cb: 15.14     Cr: 16.7875 )
00000088: 13.9407   (Y': 11.5729   Cb: 15.137    Cr: 16.8162 )
00000089: 13.9208   (Y': 11.5482   Cb: 15.1322   Cr: 16.7898 )
00000090: 13.9376   (Y': 11.5905   Cb: 15.0626   Cr: 16.8494 )
00000091: 13.9238   (Y': 11.5512   Cb: 15.1378   Cr: 16.7887 )
00000092: 13.9238   (Y': 11.5584   Cb: 15.0913   Cr: 16.8334 )
00000093: 13.8889   (Y': 11.475    Cb: 15.109    Cr: 16.8858 )
00000094: 13.8562   (Y': 11.4448   Cb: 15.1169   Cr: 16.784  )
00000095: 13.8498   (Y': 11.4778   Cb: 15.0125   Cr: 16.7892 )
00000096: 13.8604   (Y': 11.5209   Cb: 15.0108   Cr: 16.7092 )
00000097: 13.8456   (Y': 11.5079   Cb: 14.9733   Cr: 16.7219 )
00000098: 13.8335   (Y': 11.4748   Cb: 15.0265   Cr: 16.6835 )
00000099: 13.8342   (Y': 11.5101   Cb: 14.9847   Cr: 16.6321 )
00000100: 13.8529   (Y': 11.4846   Cb: 15.1427   Cr: 16.5955 )
00000101: 13.785    (Y': 11.4589   Cb: 15.0516   Cr: 16.4253 )
00000102: 13.8382   (Y': 11.5556   Cb: 15.0311   Cr: 16.4448 )
00000104: 13.6256   (Y': 11.3708   Cb: 14.7159   Cr: 16.2907 )
00000103: 13.8065   (Y': 11.5016   Cb: 15.0459   Cr: 16.4176 )
00000105: 13.59     (Y': 11.3692   Cb: 14.6418   Cr: 16.2061 )
00000106: 13.4862   (Y': 11.2762   Cb: 14.4986   Cr: 16.1263 )
00000107: 13.5711   (Y': 11.4555   Cb: 14.4335   Cr: 16.1484 )
00000108: 13.9154   (Y': 11.8206   Cb: 14.7613   Cr: 16.4559 )
00000109: 14.1302   (Y': 12.0987   Cb: 14.9369   Cr: 16.5477 )
00000110: 14.2159   (Y': 12.2789   Cb: 14.8258   Cr: 16.6649 )
00000111: 14.2703   (Y': 12.35     Cb: 14.8749   Cr: 16.6821 )
00000112: 14.3003   (Y': 12.2888   Cb: 15.0172   Cr: 16.7947 )
00000113: 14.355    (Y': 12.3232   Cb: 15.1266   Cr: 16.8248 )
00000114: 14.3645   (Y': 12.3637   Cb: 15.1796   Cr: 16.6863 )
00000115: 14.3641   (Y': 12.3643   Cb: 15.2008   Cr: 16.6526 )
00000116: 14.4628   (Y': 12.5081   Cb: 15.2538   Cr: 16.6956 )
00000117: 14.5352   (Y': 12.5352   Cb: 15.3784   Cr: 16.8153 )
00000118: 14.6098   (Y': 12.6657   Cb: 15.4183   Cr: 16.7905 )
00000119: 14.5895   (Y': 12.633    Cb: 15.4335   Cr: 16.7538 )
00000120: 14.6993   (Y': 12.7511   Cb: 15.5289   Cr: 16.8618 )
00000121: 14.8407   (Y': 12.8663   Cb: 15.7459   Cr: 16.9692 )
00000122: 14.6921   (Y': 12.6923   Cb: 15.5717   Cr: 16.9214 )
00000123: 14.6583   (Y': 12.6344   Cb: 15.5738   Cr: 16.9029 )
00000124: 14.7097   (Y': 12.7181   Cb: 15.5858   Cr: 16.9219 )
00000125: 14.7272   (Y': 12.7165   Cb: 15.6421   Cr: 16.9375 )
00000126: 14.7158   (Y': 12.6462   Cb: 15.7149   Cr: 16.9709 )
00000127: 14.6809   (Y': 12.6491   Cb: 15.6546   Cr: 16.8684 )
00000128: 14.7197   (Y': 12.6553   Cb: 15.747    Cr: 16.9234 )
00000129: 14.674    (Y': 12.6159   Cb: 15.7181   Cr: 16.8387 )
00000130: 14.639    (Y': 12.5135   Cb: 15.7582   Cr: 16.8879 )
00000131: 14.6404   (Y': 12.5938   Cb: 15.7132   Cr: 16.7381 )
00000132: 14.5842   (Y': 12.5093   Cb: 15.7516   Cr: 16.6376 )
00000133: 14.5282   (Y': 12.4689   Cb: 15.6846   Cr: 16.5548 )
00000134: 14.493    (Y': 12.4053   Cb: 15.6894   Cr: 16.5443 )
00000136: 14.4628   (Y': 12.3766   Cb: 15.6215   Cr: 16.5561 )
00000135: 14.569    (Y': 12.4725   Cb: 15.7495   Cr: 16.6625 )
00000137: 14.4134   (Y': 12.3569   Cb: 15.5033   Cr: 16.5154 )
00000138: 14.2862   (Y': 12.3036   Cb: 15.3601   Cr: 16.2211 )
00000140: 14.3304   (Y': 12.2889   Cb: 15.4411   Cr: 16.3677 )
00000139: 14.3002   (Y': 12.2874   Cb: 15.3783   Cr: 16.3051 )
00000141: 14.3495   (Y': 12.3036   Cb: 15.4447   Cr: 16.4173 )
00000144: 14.1493   (Y': 12.0081   Cb: 15.1934   Cr: 16.5418 )
00000142: 14.3274   (Y': 12.291    Cb: 15.3762   Cr: 16.4295 )
00000143: 14.2456   (Y': 12.2121   Cb: 15.221    Cr: 16.4354 )
00000145: 14.1278   (Y': 12.0005   Cb: 15.1425   Cr: 16.5215 )
00000146: 14.1527   (Y': 12.0332   Cb: 15.0896   Cr: 16.6327 )
00000147: 14.132    (Y': 12.043    Cb: 15.0385   Cr: 16.5683 )
00000148: 14.2108   (Y': 12.1447   Cb: 15.045    Cr: 16.686  )
00000149: 14.2753   (Y': 12.2375   Cb: 15.0838   Cr: 16.708  )
00000150: 14.3535   (Y': 12.2579   Cb: 15.1587   Cr: 16.9574 )
00000151: 14.5085   (Y': 12.4373   Cb: 15.2696   Cr: 17.1074 )
00000152: 14.4925   (Y': 12.3748   Cb: 15.2913   Cr: 17.1721 )
00000153: 14.4951   (Y': 12.3677   Cb: 15.2961   Cr: 17.2008 )
00000154: 14.3766   (Y': 12.271    Cb: 15.0869   Cr: 17.1591 )
00000155: 14.3834   (Y': 12.2733   Cb: 15.099    Cr: 17.1707 )
00000156: 14.467    (Y': 12.4355   Cb: 15.11     Cr: 17.1336 )
00000157: 14.4245   (Y': 12.4082   Cb: 15.0336   Cr: 17.1004 )
00000158: 14.4743   (Y': 12.5192   Cb: 15.0203   Cr: 17.0741 )
00000159: 14.4751   (Y': 12.5049   Cb: 15.0383   Cr: 17.0906 )
00000160: 14.4651   (Y': 12.5272   Cb: 15.037    Cr: 16.9754 )
00000161: 14.5281   (Y': 12.6316   Cb: 15.0953   Cr: 16.9325 )
00000162: 14.6125   (Y': 12.6269   Cb: 15.2565   Cr: 17.1446 )
00000163: 14.5754   (Y': 12.5573   Cb: 15.2596   Cr: 17.1383 )
00000164: 14.5737   (Y': 12.6028   Cb: 15.2201   Cr: 17.0613 )
00000166: 14.5295   (Y': 12.499    Cb: 15.2292   Cr: 17.1043 )
00000165: 14.5613   (Y': 12.6345   Cb: 15.1851   Cr: 16.9616 )
00000167: 14.5348   (Y': 12.5077   Cb: 15.2069   Cr: 17.1428 )
00000168: 14.3051   (Y': 12.2498   Cb: 14.9995   Cr: 16.9608 )
00000169: 14.1936   (Y': 12.131    Cb: 14.8923   Cr: 16.8644 )
00000170: 13.8672   (Y': 11.7766   Cb: 14.6023   Cr: 16.5643 )
00000171: 13.8881   (Y': 11.7797   Cb: 14.7098   Cr: 16.5048 )
00000173: 13.8909   (Y': 11.7706   Cb: 14.603    Cr: 16.7154 )
00000172: 13.8776   (Y': 11.7824   Cb: 14.5763   Cr: 16.6464 )
00000174: 13.7703   (Y': 11.6275   Cb: 14.4905   Cr: 16.6525 )
00000176: 13.6522   (Y': 11.4499   Cb: 14.4504   Cr: 16.5982 )
00000175: 13.7423   (Y': 11.5979   Cb: 14.4293   Cr: 16.6849 )
00000177: 13.6599   (Y': 11.4566   Cb: 14.4307   Cr: 16.6547 )
00000178: 13.6511   (Y': 11.426    Cb: 14.4357   Cr: 16.6956 )
00000179: 13.7024   (Y': 11.4786   Cb: 14.5134   Cr: 16.6984 )
00000180: 13.7737   (Y': 11.6157   Cb: 14.5271   Cr: 16.6503 )
00000181: 13.7777   (Y': 11.5915   Cb: 14.6049   Cr: 16.625  )
00000182: 13.8183   (Y': 11.5899   Cb: 14.7337   Cr: 16.6616 )
00000183: 13.7971   (Y': 11.5594   Cb: 14.7112   Cr: 16.6728 )
00000184: 13.8856   (Y': 11.612    Cb: 14.8563   Cr: 16.7899 )
00000185: 13.8271   (Y': 11.6049   Cb: 14.7384   Cr: 16.6567 )
00000186: 13.8049   (Y': 11.6499   Cb: 14.5683   Cr: 16.6554 )
00000187: 13.8265   (Y': 11.6819   Cb: 14.6173   Cr: 16.6005 )
00000188: 13.7793   (Y': 11.5951   Cb: 14.6578   Cr: 16.5399 )
00000189: 13.7677   (Y': 11.6368   Cb: 14.555    Cr: 16.5053 )
00000190: 13.8412   (Y': 11.7033   Cb: 14.6442   Cr: 16.5755 )
00000192: 13.8199   (Y': 11.6989   Cb: 14.495    Cr: 16.7078 )
00000191: 13.8635   (Y': 11.7419   Cb: 14.6039   Cr: 16.6465 )
00000193: 13.8424   (Y': 11.6587   Cb: 14.5989   Cr: 16.7969 )
00000194: 13.8181   (Y': 11.6632   Cb: 14.5291   Cr: 16.7544 )
00000195: 13.8342   (Y': 11.6621   Cb: 14.5706   Cr: 16.7842 )
00000196: 13.8963   (Y': 11.6783   Cb: 14.7036   Cr: 16.8792 )
00000197: 13.85     (Y': 11.635    Cb: 14.6384   Cr: 16.8544 )
00000198: 13.8573   (Y': 11.7094   Cb: 14.5886   Cr: 16.7374 )
00000199: 13.8066   (Y': 11.6608   Cb: 14.5635   Cr: 16.6389 )
00000200: 13.7954   (Y': 11.6565   Cb: 14.5573   Cr: 16.5979 )
00000201: 13.7411   (Y': 11.6181   Cb: 14.5283   Cr: 16.4545 )
00000202: 13.7776   (Y': 11.6623   Cb: 14.5358   Cr: 16.5129 )
00000203: 13.8788   (Y': 11.7765   Cb: 14.6775   Cr: 16.5126 )
00000204: 14.2649   (Y': 12.2457   Cb: 14.9411   Cr: 16.8437 )
00000205: 14.3546   (Y': 12.3947   Cb: 14.9451   Cr: 16.8976 )
00000206: 14.3829   (Y': 12.4068   Cb: 14.9889   Cr: 16.9473 )
00000207: 14.4623   (Y': 12.4971   Cb: 15.0882   Cr: 16.965  )
00000208: 14.4294   (Y': 12.4606   Cb: 15.0657   Cr: 16.9264 )
00000209: 14.5167   (Y': 12.5643   Cb: 15.1536   Cr: 16.9672 )
00000210: 14.5721   (Y': 12.5236   Cb: 15.3209   Cr: 17.124  )
00000211: 14.5606   (Y': 12.4941   Cb: 15.3195   Cr: 17.149  )
00000213: 14.6522   (Y': 12.4672   Cb: 15.5287   Cr: 17.4185 )
00000212: 14.7175   (Y': 12.6133   Cb: 15.5178   Cr: 17.354  )
00000214: 14.6783   (Y': 12.5375   Cb: 15.5245   Cr: 17.3552 )
00000215: 14.7401   (Y': 12.5606   Cb: 15.6576   Cr: 17.4269 )
00000216: 14.8002   (Y': 12.6189   Cb: 15.7215   Cr: 17.4869 )
00000217: 14.7974   (Y': 12.6138   Cb: 15.7061   Cr: 17.5105 )
00000218: 14.8384   (Y': 12.6046   Cb: 15.8399   Cr: 17.5678 )
00000219: 14.9008   (Y': 12.6576   Cb: 15.8933   Cr: 17.6737 )
00000220: 14.8299   (Y': 12.5965   Cb: 15.7684   Cr: 17.6536 )
00000221: 14.9336   (Y': 12.6768   Cb: 15.9473   Cr: 17.7177 )
00000222: 14.9619   (Y': 12.7003   Cb: 15.9898   Cr: 17.7401 )
00000223: 14.9616   (Y': 12.7222   Cb: 15.9091   Cr: 17.7909 )
00000224: 14.9453   (Y': 12.7532   Cb: 15.9253   Cr: 17.5777 )
00000225: 14.8921   (Y': 12.7035   Cb: 15.8215   Cr: 17.5887 )
00000226: 14.8507   (Y': 12.6669   Cb: 15.7182   Cr: 17.6274 )
00000227: 14.8681   (Y': 12.6885   Cb: 15.7352   Cr: 17.6321 )
00000228: 14.7768   (Y': 12.6744   Cb: 15.4386   Cr: 17.6283 )
00000229: 14.7038   (Y': 12.6674   Cb: 15.2589   Cr: 17.5293 )
00000231: 14.5237   (Y': 12.5519   Cb: 15.009    Cr: 17.272  )
00000230: 14.5696   (Y': 12.5796   Cb: 15.0842   Cr: 17.323  )
00000232: 14.4574   (Y': 12.5115   Cb: 14.9164   Cr: 17.1736 )
00000233: 14.3475   (Y': 12.416    Cb: 14.7883   Cr: 17.0526 )
00000236: 14.3699   (Y': 12.4742   Cb: 14.7944   Cr: 16.999  )
00000234: 14.3802   (Y': 12.4977   Cb: 14.7856   Cr: 17.0041 )
00000235: 14.3244   (Y': 12.4585   Cb: 14.7154   Cr: 16.9255 )
00000237: 14.3653   (Y': 12.4465   Cb: 14.8153   Cr: 17.0181 )
00000238: 14.315    (Y': 12.3534   Cb: 14.848    Cr: 16.9547 )
00000239: 14.2472   (Y': 12.2625   Cb: 14.765    Cr: 16.9794 )
00000240: 14.143    (Y': 12.1232   Cb: 14.7495   Cr: 16.8334 )
00000241: 14.1382   (Y': 12.1108   Cb: 14.7426   Cr: 16.8551 )
00000242: 14.0353   (Y': 12.0893   Cb: 14.5063   Cr: 16.732  )
00000243: 14.0191   (Y': 12.0802   Cb: 14.5273   Cr: 16.634  )
00000244: 13.8765   (Y': 11.9514   Cb: 14.3674   Cr: 16.48   )
00000245: 13.9154   (Y': 12.0144   Cb: 14.3763   Cr: 16.4998 )
00000246: 14.019    (Y': 12.1436   Cb: 14.4983   Cr: 16.5027 )
00000247: 14.0698   (Y': 12.218    Cb: 14.5043   Cr: 16.5607 )
00000248: 14.1674   (Y': 12.2693   Cb: 14.7173   Cr: 16.6023 )
00000249: 14.2024   (Y': 12.3453   Cb: 14.6844   Cr: 16.6327 )
00000250: 14.1682   (Y': 12.1806   Cb: 14.8372   Cr: 16.668  )
00000252: 14.186    (Y': 12.2469   Cb: 14.8339   Cr: 16.5838 )
00000251: 14.2105   (Y': 12.2777   Cb: 14.826    Cr: 16.64   )
00000253: 14.2766   (Y': 12.3331   Cb: 14.9741   Cr: 16.6126 )
00000254: 14.289    (Y': 12.4079   Cb: 14.8971   Cr: 16.5912 )
00000255: 14.3434   (Y': 12.4442   Cb: 15.0277   Cr: 16.5816 )
00000256: 14.229    (Y': 12.3421   Cb: 14.8606   Cr: 16.5119 )
00000257: 14.1994   (Y': 12.3167   Cb: 14.8271   Cr: 16.4771 )
00000258: 14.2182   (Y': 12.3565   Cb: 14.8395   Cr: 16.4505 )
00000259: 14.179    (Y': 12.359    Cb: 14.7766   Cr: 16.3402 )
00000260: 14.1694   (Y': 12.402    Cb: 14.6692   Cr: 16.3413 )
00000261: 14.1101   (Y': 12.3277   Cb: 14.6175   Cr: 16.3081 )
00000262: 14.1676   (Y': 12.4051   Cb: 14.5968   Cr: 16.4328 )
00000263: 14.1321   (Y': 12.4287   Cb: 14.5004   Cr: 16.3433 )
00000264: 14.1304   (Y': 12.4369   Cb: 14.5666   Cr: 16.2157 )
00000265: 14.1581   (Y': 12.4731   Cb: 14.5671   Cr: 16.2633 )
00000266: 14.0607   (Y': 12.4041   Cb: 14.4355   Cr: 16.1489 )
00000267: 14.0081   (Y': 12.3442   Cb: 14.3795   Cr: 16.1187 )
00000268: 13.9507   (Y': 12.3366   Cb: 14.2641   Cr: 16.0307 )
00000269: 13.8769   (Y': 12.2384   Cb: 14.1993   Cr: 16.0006 )
00000270: 13.9021   (Y': 12.2552   Cb: 14.2203   Cr: 16.052  )
00000271: 13.8496   (Y': 12.2045   Cb: 14.1487   Cr: 16.0247 )
00000272: 13.8401   (Y': 12.0825   Cb: 14.2238   Cr: 16.1632 )
00000273: 13.8749   (Y': 12.1002   Cb: 14.3062   Cr: 16.168  )
00000275: 13.9419   (Y': 12.1078   Cb: 14.4769   Cr: 16.2302 )
00000274: 13.9163   (Y': 12.065    Cb: 14.4775   Cr: 16.2102 )
00000276: 13.8467   (Y': 11.9297   Cb: 14.4385   Cr: 16.2688 )
00000277: 13.8764   (Y': 11.983    Cb: 14.4514   Cr: 16.2605 )
00000278: 13.9085   (Y': 12.08     Cb: 14.3492   Cr: 16.3274 )
00000280: 13.752    (Y': 12.0054   Cb: 14.059    Cr: 16.1692 )
00000279: 13.8142   (Y': 11.9975   Cb: 14.1978   Cr: 16.2927 )
00000281: 13.7428   (Y': 11.9917   Cb: 14.0717   Cr: 16.136  )
00000283: 13.9449   (Y': 12.2087   Cb: 14.3201   Cr: 16.2272 )
00000282: 13.7804   (Y': 12.0452   Cb: 14.1223   Cr: 16.1123 )
00000284: 14.0767   (Y': 12.3105   Cb: 14.4848   Cr: 16.3839 )
00000285: 14.0879   (Y': 12.2956   Cb: 14.5343   Cr: 16.4033 )
00000286: 14.0754   (Y': 12.2395   Cb: 14.5753   Cr: 16.4216 )
00000287: 14.0009   (Y': 12.2126   Cb: 14.4327   Cr: 16.3281 )
00000288: 13.945    (Y': 12.2064   Cb: 14.252    Cr: 16.3415 )
00000289: 13.9484   (Y': 12.2705   Cb: 14.198    Cr: 16.2825 )
00000290: 13.8424   (Y': 12.2795   Cb: 13.9429   Cr: 16.1358 )
00000291: 13.8434   (Y': 12.3387   Cb: 13.9749   Cr: 15.9491 )
00000292: 13.8108   (Y': 12.2639   Cb: 14.0198   Cr: 15.8931 )
00000293: 13.8346   (Y': 12.2282   Cb: 14.1093   Cr: 15.9547 )
00000294: 13.7657   (Y': 12.1071   Cb: 14.1209   Cr: 15.8879 )
00000296: 13.8017   (Y': 12.1377   Cb: 14.1624   Cr: 15.9285 )
00000295: 13.6808   (Y': 12.0061   Cb: 14.0726   Cr: 15.7865 )
00000297: 13.8911   (Y': 12.2392   Cb: 14.2386   Cr: 16.0087 )
00000298: 13.9661   (Y': 12.3337   Cb: 14.2577   Cr: 16.1223 )
00000299: 14.0059   (Y': 12.4579   Cb: 14.2345   Cr: 16.0609 )
00000300: 13.9145   (Y': 12.4199   Cb: 14.0628   Cr: 15.971  )
00000301: 14.0195   (Y': 12.5469   Cb: 14.1248   Cr: 16.0937 )
00000302: 13.9498   (Y': 12.5455   Cb: 14.0041   Cr: 15.9517 )
00000304: 13.8832   (Y': 12.3513   Cb: 14.0626   Cr: 15.9766 )
00000303: 13.9736   (Y': 12.5208   Cb: 14.1026   Cr: 15.9663 )
00000305: 13.8874   (Y': 12.3135   Cb: 14.0809   Cr: 16.0569 )
00000307: 13.5763   (Y': 12.097    Cb: 13.6609   Cr: 15.6983 )
00000306: 13.6285   (Y': 12.0688   Cb: 13.7996   Cr: 15.7998 )
00000309: 13.4831   (Y': 12.0812   Cb: 13.5366   Cr: 15.4809 )
00000308: 13.4431   (Y': 12.0115   Cb: 13.4819   Cr: 15.5303 )
00000310: 13.6812   (Y': 12.3668   Cb: 13.7255   Cr: 15.5075 )
00000311: 13.7642   (Y': 12.4714   Cb: 13.8008   Cr: 15.558  )
00000312: 13.8665   (Y': 12.8003   Cb: 13.7696   Cr: 15.4204 )
00000313: 13.8425   (Y': 12.6713   Cb: 13.8059   Cr: 15.5049 )
00000315: 13.7905   (Y': 12.3343   Cb: 13.9962   Cr: 15.6755 )
00000314: 13.8602   (Y': 12.4461   Cb: 14.0228   Cr: 15.7185 )
00000316: 13.7864   (Y': 12.1638   Cb: 14.1341   Cr: 15.8349 )
00000317: 13.8223   (Y': 12.1827   Cb: 14.175    Cr: 15.9034 )
00000318: 13.896    (Y': 12.212    Cb: 14.1908   Cr: 16.1731 )
00000319: 13.8272   (Y': 12.1606   Cb: 14.068    Cr: 16.1469 )
00000320: 13.928    (Y': 12.3385   Cb: 14.0094   Cr: 16.3192 )
00000321: 13.9578   (Y': 12.4466   Cb: 13.9522   Cr: 16.3044 )
00000322: 14.1549   (Y': 12.7471   Cb: 14.1232   Cr: 16.3032 )
00000323: 14.2962   (Y': 13.0299   Cb: 14.1435   Cr: 16.3329 )
00000324: 14.2071   (Y': 12.9849   Cb: 13.9983   Cr: 16.2432 )
00000326: 13.7738   (Y': 12.5365   Cb: 13.5153   Cr: 15.9273 )
00000325: 14.0384   (Y': 12.8507   Cb: 13.7796   Cr: 16.0862 )
00000328: 13.6665   (Y': 12.3889   Cb: 13.4139   Cr: 15.899  )
00000329: 13.6514   (Y': 12.3425   Cb: 13.4888   Cr: 15.797  )
00000327: 13.6338   (Y': 12.3583   Cb: 13.3752   Cr: 15.8722 )
00000330: 13.639    (Y': 12.3779   Cb: 13.4609   Cr: 15.7068 )
00000331: 13.654    (Y': 12.3325   Cb: 13.4984   Cr: 15.8157 )
00000332: 13.7273   (Y': 12.3605   Cb: 13.6143   Cr: 15.9184 )
00000333: 13.8284   (Y': 12.4873   Cb: 13.7031   Cr: 15.9829 )
00000334: 13.8183   (Y': 12.4554   Cb: 13.6882   Cr: 16.0298 )
00000336: 13.7971   (Y': 12.3329   Cb: 13.7487   Cr: 16.1044 )
00000335: 13.7977   (Y': 12.4144   Cb: 13.6756   Cr: 16.0426 )
00000337: 13.837    (Y': 12.3457   Cb: 13.8245   Cr: 16.148  )
00000338: 13.9715   (Y': 12.3539   Cb: 14.1328   Cr: 16.2985 )
00000339: 13.8995   (Y': 12.2674   Cb: 14.0678   Cr: 16.2511 )
00000340: 13.8706   (Y': 12.1949   Cb: 14.1095   Cr: 16.2167 )
00000341: 13.836    (Y': 12.0966   Cb: 14.1743   Cr: 16.1839 )
00000342: 13.9763   (Y': 12.1702   Cb: 14.4314   Cr: 16.3137 )
00000343: 13.9806   (Y': 12.1292   Cb: 14.4879   Cr: 16.3565 )
00000344: 14.0681   (Y': 12.2623   Cb: 14.4847   Cr: 16.4648 )
00000345: 14.0673   (Y': 12.3327   Cb: 14.4504   Cr: 16.3333 )
00000346: 14.264    (Y': 12.6372   Cb: 14.5557   Cr: 16.4067 )
00000347: 14.7478   (Y': 13.4214   Cb: 14.8232   Cr: 16.5523 )
00000348: 14.658    (Y': 13.4887   Cb: 14.5821   Cr: 16.3754 )
00000350: 14.4972   (Y': 13.233    Cb: 14.4776   Cr: 16.3177 )
00000349: 14.6848   (Y': 13.4752   Cb: 14.6404   Cr: 16.4333 )
00000351: 14.367    (Y': 13.0102   Cb: 14.4202   Cr: 16.2683 )
00000352: 14.2642   (Y': 12.8155   Cb: 14.3857   Cr: 16.2594 )
00000353: 14.1649   (Y': 12.7497   Cb: 14.217    Cr: 16.1942 )
00000354: 14.1025   (Y': 12.7213   Cb: 14.0331   Cr: 16.2529 )
00000355: 13.9667   (Y': 12.6666   Cb: 13.8345   Cr: 16.0421 )
00000356: 14.1293   (Y': 12.9364   Cb: 13.8682   Cr: 16.1917 )
00000357: 14.1521   (Y': 12.9539   Cb: 13.9355   Cr: 16.1506 )
00000358: 14.2541   (Y': 12.9054   Cb: 14.2723   Cr: 16.1922 )
00000359: 14.1604   (Y': 12.78     Cb: 14.2188   Cr: 16.1039 )
00000360: 14.0354   (Y': 12.4484   Cb: 14.3012   Cr: 16.1238 )
00000361: 14.07     (Y': 12.507    Cb: 14.2951   Cr: 16.1649 )
00000362: 14.1106   (Y': 12.4991   Cb: 14.3876   Cr: 16.2391 )
00000363: 14.0805   (Y': 12.4434   Cb: 14.412    Cr: 16.187  )
00000364: 13.6988   (Y': 11.8314   Cb: 14.297    Cr: 15.9795 )
00000365: 13.6905   (Y': 11.8173   Cb: 14.3355   Cr: 15.9181 )
00000368: 13.7007   (Y': 11.7559   Cb: 14.4249   Cr: 16.0017 )
00000366: 13.6894   (Y': 11.7233   Cb: 14.431    Cr: 16.0222 )
00000367: 13.6908   (Y': 11.7343   Cb: 14.382    Cr: 16.0715 )
00000369: 13.7065   (Y': 11.7681   Cb: 14.4332   Cr: 15.9871 )
00000370: 13.7907   (Y': 11.8556   Cb: 14.4947   Cr: 16.0948 )
00000371: 13.769    (Y': 11.766    Cb: 14.5721   Cr: 16.1134 )
00000372: 13.6897   (Y': 11.6945   Cb: 14.5003   Cr: 16.0026 )
00000373: 13.7169   (Y': 11.7706   Cb: 14.4884   Cr: 15.9544 )
00000375: 13.7248   (Y': 11.8676   Cb: 14.3231   Cr: 15.9793 )
00000374: 13.6392   (Y': 11.7034   Cb: 14.3601   Cr: 15.9211 )
00000376: 13.7162   (Y': 11.7927   Cb: 14.3751   Cr: 16.0553 )
00000377: 13.7346   (Y': 11.8253   Cb: 14.3422   Cr: 16.1123 )
00000378: 13.8142   (Y': 11.8725   Cb: 14.4642   Cr: 16.2155 )
00000379: 13.7998   (Y': 11.8838   Cb: 14.4207   Cr: 16.1754 )
00000380: 13.8647   (Y': 11.9805   Cb: 14.4933   Cr: 16.145  )
00000381: 13.8837   (Y': 12.0329   Cb: 14.4471   Cr: 16.1733 )
00000382: 13.9244   (Y': 12.0401   Cb: 14.5106   Cr: 16.2674 )
00000384: 14.0527   (Y': 12.1639   Cb: 14.6545   Cr: 16.3847 )
00000383: 13.934    (Y': 12.0273   Cb: 14.5624   Cr: 16.2736 )
00000385: 14.0487   (Y': 12.1697   Cb: 14.6664   Cr: 16.3309 )
00000386: 14.2899   (Y': 12.5021   Cb: 14.8442   Cr: 16.4333 )
00000387: 14.3775   (Y': 12.7555   Cb: 14.7929   Cr: 16.3265 )
00000388: 14.66     (Y': 13.3939   Cb: 14.6797   Cr: 16.4249 )
00000389: 14.6533   (Y': 13.551    Cb: 14.5354   Cr: 16.3057 )
00000392: 14.7155   (Y': 13.6447   Cb: 14.7423   Cr: 16.1031 )
00000390: 14.6842   (Y': 13.7142   Cb: 14.5768   Cr: 16.0825 )
00000391: 14.7974   (Y': 13.7681   Cb: 14.7382   Cr: 16.231  )
00000393: 14.6176   (Y': 13.4156   Cb: 14.7525   Cr: 16.0944 )
00000394: 14.3198   (Y': 13.0001   Cb: 14.6708   Cr: 15.7311 )
00000395: 14.0886   (Y': 12.7102   Cb: 14.3607   Cr: 15.7176 )
00000396: 14.0776   (Y': 12.6777   Cb: 14.4371   Cr: 15.6322 )
00000397: 14.0474   (Y': 12.6266   Cb: 14.4582   Cr: 15.5764 )
00000398: 14.0937   (Y': 12.7249   Cb: 14.4256   Cr: 15.6239 )
00000399: 14.0853   (Y': 12.7719   Cb: 14.3461   Cr: 15.6025 )
00000400: 14.6255   (Y': 13.5569   Cb: 14.611    Cr: 16.0661 )
00000401: 14.7039   (Y': 13.6036   Cb: 14.719    Cr: 16.1601 )
00000402: 14.797    (Y': 13.5146   Cb: 14.9471   Cr: 16.4054 )
00000403: 14.7541   (Y': 13.352    Cb: 15.0175   Cr: 16.4433 )
00000404: 14.8279   (Y': 13.2928   Cb: 15.2821   Cr: 16.5329 )
00000405: 14.9269   (Y': 13.3579   Cb: 15.4342   Cr: 16.6332 )
00000406: 15.0969   (Y': 13.4422   Cb: 15.7527   Cr: 16.7949 )
00000407: 15.1677   (Y': 13.4845   Cb: 15.869    Cr: 16.8701 )
00000408: 15.2498   (Y': 13.497    Cb: 16.0759   Cr: 16.9504 )
00000409: 15.1707   (Y': 13.3732   Cb: 16.0164   Cr: 16.9472 )
00000410: 15.2495   (Y': 13.4874   Cb: 16.0422   Cr: 17.0121 )
00000411: 15.249    (Y': 13.4716   Cb: 16.0469   Cr: 17.0398 )
00000412: 15.2362   (Y': 13.4766   Cb: 16.0811   Cr: 16.9289 )
00000413: 15.2883   (Y': 13.552    Cb: 16.1295   Cr: 16.9343 )
00000416: 15.3056   (Y': 13.4384   Cb: 16.2422   Cr: 17.1313 )
00000414: 15.2212   (Y': 13.4872   Cb: 15.9875   Cr: 16.9537 )
00000415: 15.2062   (Y': 13.4291   Cb: 15.9758   Cr: 17.0317 )
00000417: 15.2501   (Y': 13.4609   Cb: 16.1621   Cr: 16.9275 )
00000418: 15.3601   (Y': 13.4893   Cb: 16.2419   Cr: 17.2626 )
00000419: 15.4095   (Y': 13.5493   Cb: 16.2926   Cr: 17.285  )
00000420: 15.3337   (Y': 13.5137   Cb: 16.2097   Cr: 17.1241 )
00000421: 15.3488   (Y': 13.4537   Cb: 16.2728   Cr: 17.2557 )
00000422: 15.3415   (Y': 13.4265   Cb: 16.2434   Cr: 17.325  )
00000423: 15.3049   (Y': 13.3231   Cb: 16.2552   Cr: 17.393  )
00000424: 15.022    (Y': 13.0935   Cb: 15.8615   Cr: 17.1208 )
00000425: 14.8733   (Y': 12.9542   Cb: 15.7378   Cr: 16.9153 )
00000426: 14.9572   (Y': 13.0805   Cb: 15.6944   Cr: 17.0642 )
00000427: 14.9566   (Y': 13.0622   Cb: 15.768    Cr: 17.0075 )
00000428: 14.8956   (Y': 13.0362   Cb: 15.6303   Cr: 16.963  )
00000429: 14.8564   (Y': 12.941    Cb: 15.6843   Cr: 16.9374 )
00000431: 14.6644   (Y': 12.8364   Cb: 15.466    Cr: 16.5674 )
00000432: 14.6433   (Y': 12.8751   Cb: 15.4872   Cr: 16.3565 )
00000430: 14.7023   (Y': 12.8309   Cb: 15.4776   Cr: 16.7445 )
00000434: 14.7387   (Y': 12.9614   Cb: 15.5268   Cr: 16.5413 )
00000433: 14.6622   (Y': 12.891    Cb: 15.4803   Cr: 16.4135 )
00000435: 14.8229   (Y': 12.9626   Cb: 15.6936   Cr: 16.7143 )
00000436: 14.9429   (Y': 13.05     Cb: 15.8378   Cr: 16.8815 )
00000437: 14.8742   (Y': 13.0492   Cb: 15.7108   Cr: 16.7256 )
00000440: 14.8408   (Y': 13.1041   Cb: 15.6315   Cr: 16.5493 )
00000441: 14.8131   (Y': 13.0756   Cb: 15.6816   Cr: 16.4286 )
00000438: 14.8887   (Y': 13.1862   Cb: 15.5864   Cr: 16.6379 )
00000439: 14.8868   (Y': 13.1174   Cb: 15.6593   Cr: 16.691  )
00000442: 14.6287   (Y': 12.8811   Cb: 15.4084   Cr: 16.3752 )
00000443: 14.6193   (Y': 12.9064   Cb: 15.3613   Cr: 16.3357 )
00000444: 14.6483   (Y': 12.8918   Cb: 15.3316   Cr: 16.5387 )
00000445: 14.6882   (Y': 12.9582   Cb: 15.3646   Cr: 16.5268 )
00000446: 14.8756   (Y': 13.155    Cb: 15.5576   Cr: 16.6854 )
00000447: 14.9013   (Y': 13.1711   Cb: 15.6113   Cr: 16.6966 )
00000448: 14.6957   (Y': 13.0329   Cb: 15.2959   Cr: 16.4834 )
00000449: 14.7611   (Y': 13.1228   Cb: 15.324    Cr: 16.5439 )
00000450: 14.7297   (Y': 13.0729   Cb: 15.3459   Cr: 16.4829 )
00000451: 14.7897   (Y': 13.1423   Cb: 15.3915   Cr: 16.5411 )
00000452: 14.8075   (Y': 13.1308   Cb: 15.4991   Cr: 16.5079 )
00000453: 14.8472   (Y': 13.139    Cb: 15.634    Cr: 16.4981 )
00000454: 15.0127   (Y': 13.3411   Cb: 15.7964   Cr: 16.5891 )
00000456: 14.8408   (Y': 13.061    Cb: 15.844    Cr: 16.3914 )
00000455: 14.9848   (Y': 13.2675   Cb: 15.8325   Cr: 16.582  )
00000457: 14.7856   (Y': 13.0211   Cb: 15.8204   Cr: 16.2683 )
00000458: 14.7183   (Y': 13.0536   Cb: 15.7515   Cr: 15.9992 )
00000459: 14.7724   (Y': 13.0224   Cb: 15.9453   Cr: 16.0775 )
00000460: 14.4274   (Y': 12.7694   Cb: 15.6087   Cr: 15.5442 )
00000462: 13.927    (Y': 12.1476   Cb: 15.2428   Cr: 15.1478 )
00000461: 14.1185   (Y': 12.3818   Cb: 15.4632   Cr: 15.2275 )
00000463: 13.8811   (Y': 11.9777   Cb: 15.3303   Cr: 15.2259 )
00000464: 13.7832   (Y': 11.6851   Cb: 15.3869   Cr: 15.4096 )
00000466: 14.1256   (Y': 12.5801   Cb: 15.1836   Cr: 15.1558 )
00000465: 13.7885   (Y': 11.6584   Cb: 15.5153   Cr: 15.3687 )
00000467: 14.1564   (Y': 12.7941   Cb: 15.0108   Cr: 15.0706 )
00000468: 14.3873   (Y': 13.0059   Cb: 15.1937   Cr: 15.3839 )
00000469: 14.4921   (Y': 13.0214   Cb: 15.349    Cr: 15.5932 )
00000470: 14.3879   (Y': 12.6092   Cb: 15.6215   Cr: 15.6889 )
00000474: 14.2854   (Y': 12.6531   Cb: 15.2174   Cr: 15.6113 )
00000471: 14.1538   (Y': 12.3768   Cb: 15.2959   Cr: 15.5463 )
00000473: 14.2726   (Y': 12.5847   Cb: 15.2314   Cr: 15.6806 )
00000472: 14.1961   (Y': 12.4051   Cb: 15.3246   Cr: 15.6325 )
00000476: 14.2459   (Y': 12.693    Cb: 15.0723   Cr: 15.5335 )
00000475: 14.2388   (Y': 12.6275   Cb: 15.1801   Cr: 15.5136 )
00000477: 14.1187   (Y': 12.5758   Cb: 14.9381   Cr: 15.3951 )
00000478: 13.9175   (Y': 12.3944   Cb: 14.7563   Cr: 15.1348 )
00000479: 13.8421   (Y': 12.3172   Cb: 14.6685   Cr: 15.0762 )
00000480: 13.7572   (Y': 12.3542   Cb: 14.4323   Cr: 14.9342 )
00000481: 13.8012   (Y': 12.2274   Cb: 14.5505   Cr: 15.2175 )
00000482: 13.9778   (Y': 12.2281   Cb: 14.9443   Cr: 15.5059 )
00000483: 13.9505   (Y': 12.1477   Cb: 14.9486   Cr: 15.557  )
00000484: 13.8135   (Y': 12.064    Cb: 14.8305   Cr: 15.2843 )
00000485: 13.8485   (Y': 12.0727   Cb: 14.8606   Cr: 15.3805 )
00000486: 14.0554   (Y': 12.4065   Cb: 14.7489   Cr: 15.6937 )
00000487: 14.1726   (Y': 12.482    Cb: 14.8315   Cr: 15.9451 )
00000489: 14.0612   (Y': 12.4021   Cb: 14.5831   Cr: 15.9453 )
00000488: 14.064    (Y': 12.4055   Cb: 14.6241   Cr: 15.8955 )
00000490: 13.9746   (Y': 12.3365   Cb: 14.4344   Cr: 15.8971 )
00000491: 13.9856   (Y': 12.3252   Cb: 14.4934   Cr: 15.8923 )
00000492: 14.1685   (Y': 12.6939   Cb: 14.5568   Cr: 15.8356 )
00000493: 14.2308   (Y': 12.7559   Cb: 14.6658   Cr: 15.8366 )
00000494: 14.111    (Y': 12.4526   Cb: 14.7151   Cr: 15.8838 )
00000495: 14.0761   (Y': 12.3894   Cb: 14.6982   Cr: 15.8882 )
00000496: 13.8946   (Y': 12.2182   Cb: 14.5183   Cr: 15.6816 )
00000497: 13.8902   (Y': 12.2737   Cb: 14.4752   Cr: 15.5967 )
00000498: 13.9326   (Y': 12.4229   Cb: 14.4792   Cr: 15.4659 )
00000499: 13.9328   (Y': 12.4414   Cb: 14.462    Cr: 15.4511 )
00000500: 13.8791   (Y': 12.4503   Cb: 14.4231   Cr: 15.2568 )
00000501: 13.8162   (Y': 12.4321   Cb: 14.2685   Cr: 15.2214 )
00000502: 13.9005   (Y': 12.741    Cb: 14.1634   Cr: 15.1344 )
00000503: 14.014    (Y': 13.066    Cb: 14.1697   Cr: 15.0308 )
00000504: 14.0347   (Y': 12.9849   Cb: 14.4895   Cr: 14.865  )
00000505: 13.9971   (Y': 12.8869   Cb: 14.5588   Cr: 14.8059 )
00000506: 13.9043   (Y': 12.3946   Cb: 14.6684   Cr: 15.1789 )
00000507: 13.866    (Y': 12.4633   Cb: 14.3957   Cr: 15.2116 )
00000508: 14.0089   (Y': 12.6804   Cb: 14.5749   Cr: 15.1761 )
00000509: 14.0809   (Y': 12.9819   Cb: 14.4947   Cr: 15.0342 )
00000510: 13.7287   (Y': 13.0011   Cb: 13.7573   Cr: 14.5685 )
00000512: 13.8351   (Y': 12.6754   Cb: 13.7661   Cr: 15.5234 )
00000511: 13.8428   (Y': 13.2164   Cb: 13.7329   Cr: 14.7087 )
00000513: 13.7545   (Y': 12.4643   Cb: 13.7285   Cr: 15.6383 )
00000515: 13.6707   (Y': 12.1633   Cb: 13.9002   Cr: 15.6324 )
00000514: 13.7266   (Y': 12.3013   Cb: 13.846    Cr: 15.6738 )
00000517: 13.8011   (Y': 12.246    Cb: 14.0842   Cr: 15.7903 )
00000516: 13.7664   (Y': 12.1995   Cb: 14.0222   Cr: 15.8232 )
00000518: 14.0327   (Y': 12.4086   Cb: 14.4365   Cr: 16.003  )
00000519: 14.074    (Y': 12.4758   Cb: 14.4243   Cr: 16.0624 )
00000520: 14.5753   (Y': 13.4683   Cb: 14.5428   Cr: 16.111  )
00000522: 14.4924   (Y': 13.3616   Cb: 14.4562   Cr: 16.0773 )
00000521: 14.553    (Y': 13.4246   Cb: 14.5339   Cr: 16.109  )
00000523: 14.5154   (Y': 13.3886   Cb: 14.4581   Cr: 16.1238 )
00000524: 14.6148   (Y': 13.454    Cb: 14.6608   Cr: 16.1381 )
00000525: 14.7443   (Y': 13.618    Cb: 14.784    Cr: 16.2133 )
00000526: 14.557    (Y': 13.4142   Cb: 14.5408   Cr: 16.1357 )
00000527: 14.51     (Y': 13.2983   Cb: 14.5729   Cr: 16.1052 )
00000528: 14.5524   (Y': 13.4505   Cb: 14.5418   Cr: 16.0476 )
00000529: 14.5867   (Y': 13.4027   Cb: 14.6136   Cr: 16.1808 )
00000530: 14.6873   (Y': 13.4609   Cb: 14.7429   Cr: 16.3213 )
00000533: 14.777    (Y': 13.3731   Cb: 14.9938   Cr: 16.5356 )
00000531: 14.6857   (Y': 13.4619   Cb: 14.7983   Cr: 16.234  )
00000532: 14.7899   (Y': 13.3848   Cb: 15.0771   Cr: 16.4523 )
00000534: 14.95     (Y': 13.4548   Cb: 15.2589   Cr: 16.7698 )
00000535: 14.898    (Y': 13.4709   Cb: 15.0915   Cr: 16.7384 )
00000537: 15.0915   (Y': 13.879    Cb: 15.0779   Cr: 16.8    )
00000536: 15.0268   (Y': 13.7261   Cb: 15.1396   Cr: 16.7245 )
00000538: 14.9289   (Y': 13.604    Cb: 15.0242   Cr: 16.7008 )
00000541: 14.894    (Y': 13.3187   Cb: 15.1865   Cr: 16.9149 )
00000539: 14.8734   (Y': 13.4432   Cb: 15.0472   Cr: 16.7495 )
00000540: 14.8923   (Y': 13.2888   Cb: 15.2082   Cr: 16.9435 )
00000542: 14.8765   (Y': 13.2676   Cb: 15.1599   Cr: 16.9896 )
00000544: 14.8084   (Y': 13.1213   Cb: 15.2212   Cr: 16.913  )
00000543: 14.8231   (Y': 13.2069   Cb: 15.1356   Cr: 16.9092 )
00000545: 14.8112   (Y': 13.1185   Cb: 15.2105   Cr: 16.9493 )
00000546: 14.782    (Y': 13.0777   Cb: 15.1877   Cr: 16.9384 )
00000547: 14.7193   (Y': 13.0851   Cb: 15.0483   Cr: 16.823  )
00000549: 14.5872   (Y': 12.9934   Cb: 14.8734   Cr: 16.6605 )
00000550: 14.5144   (Y': 12.8972   Cb: 14.8878   Cr: 16.5126 )
00000548: 14.6022   (Y': 12.9983   Cb: 14.9505   Cr: 16.6064 )
00000551: 14.5561   (Y': 13.0562   Cb: 14.7907   Cr: 16.4938 )
00000553: 14.5983   (Y': 13.1599   Cb: 14.8094   Cr: 16.4371 )
00000552: 14.548    (Y': 13.022    Cb: 14.8334   Cr: 16.4684 )
00000555: 14.5521   (Y': 13.1734   Cb: 14.7222   Cr: 16.3252 )
00000554: 14.5956   (Y': 13.1035   Cb: 14.8916   Cr: 16.4271 )
00000556: 14.5395   (Y': 13.1637   Cb: 14.8052   Cr: 16.1722 )
00000557: 14.5531   (Y': 13.0406   Cb: 14.9594   Cr: 16.2748 )
00000559: 14.4131   (Y': 13.0115   Cb: 14.6281   Cr: 16.1692 )
00000558: 14.4141   (Y': 12.971    Cb: 14.6897   Cr: 16.1708 )
00000560: 14.5766   (Y': 13.1379   Cb: 14.8748   Cr: 16.2925 )
00000562: 14.752    (Y': 13.2656   Cb: 15.031    Cr: 16.5957 )
00000563: 14.8969   (Y': 13.3491   Cb: 15.145    Cr: 16.9215 )
00000564: 14.9819   (Y': 13.5134   Cb: 15.1551   Cr: 16.9422 )
00000561: 14.6679   (Y': 13.1452   Cb: 15.0892   Cr: 16.3908 )
00000565: 14.9253   (Y': 13.4034   Cb: 15.1511   Cr: 16.9251 )
00000567: 15.6229   (Y': 13.6412   Cb: 16.4845   Cr: 17.8289 )
00000566: 14.9117   (Y': 13.2558   Cb: 15.2457   Cr: 17.0591 )
00000569: 15.1436   (Y': 13.3746   Cb: 15.9109   Cr: 16.9537 )
00000568: 15.1713   (Y': 13.485    Cb: 15.6979   Cr: 17.1113 )
00000573: 14.5059   (Y': 12.7914   Cb: 15.006    Cr: 16.5491 )
00000572: 14.6754   (Y': 12.907    Cb: 15.1987   Cr: 16.8156 )
00000571: 14.5403   (Y': 12.9987   Cb: 15.0548   Cr: 16.1797 )
00000570: 14.7103   (Y': 13.1466   Cb: 15.1902   Cr: 16.4417 )
00000574: 14.5791   (Y': 12.7185   Cb: 15.1956   Cr: 16.8155 )
00000576: 14.6062   (Y': 12.9178   Cb: 15.0534   Cr: 16.6635 )
00000577: 14.8316   (Y': 13.1225   Cb: 15.2677   Cr: 16.9545 )
00000575: 14.5174   (Y': 12.6705   Cb: 15.1496   Cr: 16.6965 )
00000578: 14.5252   (Y': 12.9243   Cb: 14.8869   Cr: 16.5029 )
00000579: 14.545    (Y': 12.9038   Cb: 15.0259   Cr: 16.4451 )
00000580: 14.7343   (Y': 13.014    Cb: 15.2995   Cr: 16.6999 )
00000582: 14.6073   (Y': 12.9058   Cb: 15.2333   Cr: 16.4475 )
00000581: 14.6812   (Y': 12.9596   Cb: 15.302    Cr: 16.574  )
00000583: 14.5778   (Y': 12.8716   Cb: 15.1886   Cr: 16.449  )
00000585: 14.7498   (Y': 13.0812   Cb: 15.3836   Cr: 16.5061 )
00000586: 14.8242   (Y': 13.1837   Cb: 15.3823   Cr: 16.6182 )
00000587: 14.7755   (Y': 13.1156   Cb: 15.3705   Cr: 16.5638 )
00000588: 14.7732   (Y': 13.0785   Cb: 15.3619   Cr: 16.6478 )
00000584: 14.7452   (Y': 13.0551   Cb: 15.3643   Cr: 16.5686 )
00000590: 14.7134   (Y': 13.1189   Cb: 15.1898   Cr: 16.5159 )
00000589: 14.7363   (Y': 13.0229   Cb: 15.3809   Cr: 16.5787 )
00000591: 14.7691   (Y': 13.2137   Cb: 15.2098   Cr: 16.5355 )
00000594: 15.5376   (Y': 13.2423   Cb: 16.8746   Cr: 17.9899 )
00000592: 14.6497   (Y': 13.0206   Cb: 15.1823   Cr: 16.4525 )
00000593: 14.6771   (Y': 13.1263   Cb: 15.1059   Cr: 16.45   )
00000595: 15.7819   (Y': 13.5748   Cb: 17.1658   Cr: 17.9246 )
Total: 14.2815   (Y': 12.4273   Cb: 14.9109   Cr: 16.4832 )
