./ps4_degrader: invalid option -- 'v'
Capturing with the following configuration:
 - Capture device: DeckLink 4K Extreme 12G
 - Video mode: 720p59.94
 - Pixel format: 8 bit BGRA (4:4:4:x)
[libx264 @ 0x2864e40] using cpu capabilities: MMX2 SSE2Fast SSSE3 SSE4.2 AVX AVX2 FMA3 LZCNT BMI2
[libx264 @ 0x2864e40] profile High 4:2:2 Intra, level 3.1, 4:2:2 8-bit
PLAYBACK (hw timestamp): Frame 34 Displayed Late. Expected (+/- 5%): 50000
	Timestamp delay: 66719
	Hardware timestamp delay: 66661
PLAYBACK (hw timestamp): Frame 36 Displayed Late. Expected (+/- 5%): 50000
	Timestamp delay: 66670
	Hardware timestamp delay: 66728
PLAYBACK (hw timestamp): Frame 41 Displayed Late. Expected (+/- 5%): 50000
	Timestamp delay: 66636
	Hardware timestamp delay: 66751
PLAYBACK (hw timestamp): Frame 43 Displayed Late. Expected (+/- 5%): 50000
	Timestamp delay: 66526
	Hardware timestamp delay: 66648
PLAYBACK (hw timestamp): Frame 52 Displayed Late. Expected (+/- 5%): 50000
	Timestamp delay: 66535
	Hardware timestamp delay: 66677
PLAYBACK (hw timestamp): Frame 54 Displayed Late. Expected (+/- 5%): 50000
	Timestamp delay: 66542
	Hardware timestamp delay: 66658
PLAYBACK (hw timestamp): Frame 62 Displayed Late. Expected (+/- 5%): 50000
	Timestamp delay: 66641
	Hardware timestamp delay: 66701
PLAYBACK (hw timestamp): Frame 91 Displayed Late. Expected (+/- 5%): 50000
	Timestamp delay: 66581
	Hardware timestamp delay: 66696
PLAYBACK (hw timestamp): Frame 98 Displayed Late. Expected (+/- 5%): 50000
	Timestamp delay: 66658
	Hardware timestamp delay: 66656
PLAYBACK (hw timestamp): Frame 102 Displayed Late. Expected (+/- 5%): 50000
	Timestamp delay: 66621
	Hardware timestamp delay: 66684
PLAYBACK (hw timestamp): Frame 104 Displayed Late. Expected (+/- 5%): 50000
	Timestamp delay: 66708
	Hardware timestamp delay: 66714
PLAYBACK (hw timestamp): Frame 107 Displayed Late. Expected (+/- 5%): 50000
	Timestamp delay: 66573
	Hardware timestamp delay: 66719
PLAYBACK (hw timestamp): Frame 113 Displayed Late. Expected (+/- 5%): 50000
	Timestamp delay: 66671
	Hardware timestamp delay: 66638
PLAYBACK (hw timestamp): Frame 117 Displayed Late. Expected (+/- 5%): 50000
	Timestamp delay: 66668
	Hardware timestamp delay: 66655
PLAYBACK (hw timestamp): Frame 119 Displayed Late. Expected (+/- 5%): 50000
	Timestamp delay: 66703
	Hardware timestamp delay: 66723
PLAYBACK (hw timestamp): Frame 127 Displayed Late. Expected (+/- 5%): 50000
	Timestamp delay: 66706
	Hardware timestamp delay: 66710
PLAYBACK (hw timestamp): Frame 141 Displayed Late. Expected (+/- 5%): 50000
	Timestamp delay: 66630
	Hardware timestamp delay: 66661
PLAYBACK (hw timestamp): Frame 144 Displayed Late. Expected (+/- 5%): 50000
	Timestamp delay: 66554
	Hardware timestamp delay: 66591
PLAYBACK (hw timestamp): Frame 146 Displayed Late. Expected (+/- 5%): 50000
	Timestamp delay: 66739
	Hardware timestamp delay: 66766
PLAYBACK (hw timestamp): Frame 151 Displayed Late. Expected (+/- 5%): 50000
	Timestamp delay: 66572
	Hardware timestamp delay: 66658
PLAYBACK (hw timestamp): Frame 155 Displayed Late. Expected (+/- 5%): 50000
	Timestamp delay: 66580
	Hardware timestamp delay: 66648
PLAYBACK (hw timestamp): Frame 157 Displayed Late. Expected (+/- 5%): 50000
	Timestamp delay: 66633
	Hardware timestamp delay: 66710
PLAYBACK (hw timestamp): Frame 165 Displayed Late. Expected (+/- 5%): 50000
	Timestamp delay: 66667
	Hardware timestamp delay: 66614
PLAYBACK (hw timestamp): Frame 168 Displayed Late. Expected (+/- 5%): 50000
	Timestamp delay: 66611
	Hardware timestamp delay: 66670
PLAYBACK (hw timestamp): Frame 301 Displayed Late. Expected (+/- 5%): 50000
	Timestamp delay: 150095
	Hardware timestamp delay: 150156
PLAYBACK (hw timestamp): Frame 326 Displayed Late. Expected (+/- 5%): 50000
	Timestamp delay: 66632
	Hardware timestamp delay: 66628
PLAYBACK (hw timestamp): Frame 592 Displayed Late. Expected (+/- 5%): 50000
	Timestamp delay: 66523
	Hardware timestamp delay: 66755
[libx264 @ 0x2864e40] frame I:600   Avg QP:33.00  size: 25806
[libx264 @ 0x2864e40] mb I  I16..4: 34.2% 51.8% 13.9%
[libx264 @ 0x2864e40] final ratefactor: 38.34
[libx264 @ 0x2864e40] 8x8 transform intra:51.8%
[libx264 @ 0x2864e40] coded y,uvDC,uvAC intra: 36.1% 44.4% 8.3%
[libx264 @ 0x2864e40] i16 v,h,dc,p: 28% 36% 22% 14%
[libx264 @ 0x2864e40] i8 v,h,dc,ddl,ddr,vr,hd,vl,hu: 10% 22% 37%  5%  5%  4%  8%  3%  6%
[libx264 @ 0x2864e40] i4 v,h,dc,ddl,ddr,vr,hd,vl,hu: 18% 25% 24%  6%  6%  5%  7%  4%  6%
[libx264 @ 0x2864e40] i8c dc,h,v,p: 73% 14% 11%  2%
[libx264 @ 0x2864e40] kb/s:4128.94
Stopping Capture
