00000000: 12.4074   (Y': 10.3086   Cb: 13.8553   Cr: 14.1977 )
00000001: 12.3894   (Y': 10.264    Cb: 13.8813   Cr: 14.1977 )
00000002: 12.4027   (Y': 10.2723   Cb: 13.9165   Cr: 14.1999 )
00000003: 12.4089   (Y': 10.2537   Cb: 13.9189   Cr: 14.2722 )
00000004: 12.4375   (Y': 10.2986   Cb: 13.9221   Cr: 14.2871 )
00000005: 12.4279   (Y': 10.2752   Cb: 13.925    Cr: 14.2989 )
00000007: 12.4647   (Y': 10.2918   Cb: 13.9653   Cr: 14.3833 )
00000006: 12.433    (Y': 10.2766   Cb: 13.9388   Cr: 14.3039 )
00000009: 12.4783   (Y': 10.2834   Cb: 14.007    Cr: 14.4229 )
00000008: 12.4685   (Y': 10.3156   Cb: 13.9566   Cr: 14.3499 )
00000010: 12.4783   (Y': 10.2687   Cb: 14.0137   Cr: 14.4539 )
00000011: 12.4654   (Y': 10.2312   Cb: 14.0472   Cr: 14.4544 )
00000012: 12.4693   (Y': 10.2247   Cb: 14.0183   Cr: 14.5226 )
00000013: 12.4992   (Y': 10.2649   Cb: 14.0291   Cr: 14.5463 )
00000014: 12.4689   (Y': 10.2249   Cb: 14.0369   Cr: 14.4993 )
00000016: 12.5278   (Y': 10.2795   Cb: 14.0456   Cr: 14.6262 )
00000015: 12.5051   (Y': 10.2584   Cb: 14.0262   Cr: 14.5954 )
00000018: 12.4745   (Y': 10.2748   Cb: 13.9733   Cr: 14.4649 )
00000017: 12.4972   (Y': 10.2846   Cb: 13.9978   Cr: 14.5195 )
00000019: 12.4208   (Y': 10.2441   Cb: 13.8956   Cr: 14.3778 )
00000021: 12.3531   (Y': 10.2534   Cb: 13.7328   Cr: 14.221  )
00000020: 12.4072   (Y': 10.2513   Cb: 13.8487   Cr: 14.3477 )
00000022: 12.3145   (Y': 10.2393   Cb: 13.6658   Cr: 14.1534 )
00000023: 12.2001   (Y': 10.2142   Cb: 13.4467   Cr: 13.9411 )
00000024: 12.1588   (Y': 10.1968   Cb: 13.3964   Cr: 13.8538 )
00000026: 12.0003   (Y': 10.1592   Cb: 13.1259   Cr: 13.5471 )
00000025: 12.0387   (Y': 10.1545   Cb: 13.2167   Cr: 13.6225 )
00000027: 11.9232   (Y': 10.1389   Cb: 13.0146   Cr: 13.3855 )
00000029: 11.8159   (Y': 10.0877   Cb: 12.8289   Cr: 13.2467 )
00000030: 11.7973   (Y': 10.0928   Cb: 12.7928   Cr: 13.1987 )
00000028: 11.895    (Y': 10.1575   Cb: 12.919    Cr: 13.3329 )
00000031: 11.7906   (Y': 10.0945   Cb: 12.7849   Cr: 13.176  )
00000032: 11.787    (Y': 10.0911   Cb: 12.7737   Cr: 13.1805 )
00000033: 11.8352   (Y': 10.1146   Cb: 12.8372   Cr: 13.2625 )
00000034: 11.8512   (Y': 10.1177   Cb: 12.8533   Cr: 13.3053 )
00000035: 11.8889   (Y': 10.1347   Cb: 12.9254   Cr: 13.348  )
00000036: 11.9036   (Y': 10.117    Cb: 12.9635   Cr: 13.4053 )
00000038: 11.9808   (Y': 10.1395   Cb: 13.0885   Cr: 13.5478 )
00000037: 11.937    (Y': 10.095    Cb: 13.0721   Cr: 13.4755 )
00000039: 12.0159   (Y': 10.1406   Cb: 13.1861   Cr: 13.5889 )
00000040: 12.0298   (Y': 10.1159   Cb: 13.2138   Cr: 13.6739 )
00000041: 12.0521   (Y': 10.0768   Cb: 13.3159   Cr: 13.7489 )
00000042: 12.0614   (Y': 10.0682   Cb: 13.3601   Cr: 13.7618 )
00000043: 12.1166   (Y': 10.0789   Cb: 13.4382   Cr: 13.897  )
00000044: 12.1525   (Y': 10.1028   Cb: 13.4977   Cr: 13.9359 )
00000045: 12.1804   (Y': 10.0963   Cb: 13.5662   Cr: 14.0027 )
00000048: 12.2404   (Y': 10.1415   Cb: 13.6832   Cr: 14.0365 )
00000046: 12.2083   (Y': 10.1309   Cb: 13.6077   Cr: 13.9992 )
00000049: 12.2403   (Y': 10.1035   Cb: 13.7487   Cr: 14.0594 )
00000047: 12.2332   (Y': 10.1518   Cb: 13.6608   Cr: 14.0031 )
00000050: 12.2641   (Y': 10.1281   Cb: 13.7591   Cr: 14.0956 )
00000051: 12.2923   (Y': 10.1489   Cb: 13.7838   Cr: 14.1458 )
00000052: 12.3149   (Y': 10.1761   Cb: 13.7864   Cr: 14.179  )
00000053: 12.3607   (Y': 10.1977   Cb: 13.8607   Cr: 14.2545 )
00000054: 12.4415   (Y': 10.2316   Cb: 13.9656   Cr: 14.4304 )
00000056: 12.5648   (Y': 10.3355   Cb: 14.1067   Cr: 14.5849 )
00000055: 12.5329   (Y': 10.3028   Cb: 14.0856   Cr: 14.543  )
00000057: 12.6662   (Y': 10.4036   Cb: 14.2389   Cr: 14.7413 )
00000058: 12.7454   (Y': 10.4589   Cb: 14.3477   Cr: 14.8526 )
00000059: 12.796    (Y': 10.4941   Cb: 14.4669   Cr: 14.8695 )
00000060: 12.9779   (Y': 10.6837   Cb: 14.7006   Cr: 14.9746 )
00000061: 13.4393   (Y': 11.11     Cb: 15.2274   Cr: 15.4614 )
00000064: 13.8945   (Y': 11.6803   Cb: 15.5782   Cr: 15.7231 )
00000067: 13.5231   (Y': 11.262    Cb: 15.1266   Cr: 15.5597 )
00000063: 13.8504   (Y': 11.5979   Cb: 15.5734   Cr: 15.7363 )
00000066: 13.9106   (Y': 11.7142   Cb: 15.4327   Cr: 15.8662 )
00000062: 13.596    (Y': 11.2671   Cb: 15.3885   Cr: 15.6124 )
00000065: 14.0088   (Y': 11.8274   Cb: 15.5466   Cr: 15.9084 )
00000068: 13.4149   (Y': 11.2177   Cb: 14.9195   Cr: 15.3918 )
00000070: 13.3802   (Y': 11.2009   Cb: 14.7797   Cr: 15.4298 )
00000069: 13.3582   (Y': 11.1243   Cb: 14.826    Cr: 15.4752 )
00000073: 13.2788   (Y': 11.1549   Cb: 14.5577   Cr: 15.325  )
00000071: 13.2214   (Y': 11.0455   Cb: 14.5732   Cr: 15.3181 )
00000075: 13.0797   (Y': 11.076    Cb: 14.1888   Cr: 15.0237 )
00000072: 13.2688   (Y': 11.0908   Cb: 14.6117   Cr: 15.3817 )
00000074: 13.253    (Y': 11.1995   Cb: 14.4379   Cr: 15.2306 )
00000076: 13.0076   (Y': 11.0609   Cb: 14.0231   Cr: 14.9258 )
00000078: 12.6797   (Y': 10.9331   Cb: 13.3537   Cr: 14.5595 )
00000077: 12.8211   (Y': 10.989    Cb: 13.6032   Cr: 14.759  )
00000079: 12.2981   (Y': 10.5504   Cb: 12.8448   Cr: 14.3546 )
00000080: 12.2254   (Y': 10.4665   Cb: 12.807    Cr: 14.2594 )
00000082: 12.268    (Y': 10.6051   Cb: 12.7661   Cr: 14.194  )
00000081: 12.2081   (Y': 10.5207   Cb: 12.7216   Cr: 14.1691 )
00000083: 12.4708   (Y': 10.788    Cb: 13.0339   Cr: 14.3526 )
00000084: 12.5162   (Y': 10.8405   Cb: 13.0756   Cr: 14.3873 )
00000085: 12.5261   (Y': 10.9298   Cb: 12.9964   Cr: 14.3412 )
00000086: 12.5425   (Y': 10.9004   Cb: 13.0345   Cr: 14.4293 )
00000087: 12.603    (Y': 10.9582   Cb: 13.0953   Cr: 14.4954 )
00000088: 12.5415   (Y': 10.9444   Cb: 12.9782   Cr: 14.4046 )
00000089: 12.4868   (Y': 10.9526   Cb: 12.8366   Cr: 14.3331 )
00000090: 12.5004   (Y': 10.992    Cb: 12.838    Cr: 14.3082 )
00000091: 12.2809   (Y': 10.767    Cb: 12.5871   Cr: 14.145  )
00000092: 12.1433   (Y': 10.5745   Cb: 12.3908   Cr: 14.2175 )
00000093: 13.1178   (Y': 11.4149   Cb: 13.6172   Cr: 15.1347 )
00000094: 13.5741   (Y': 11.846    Cb: 14.1417   Cr: 15.5546 )
00000095: 13.2071   (Y': 11.547    Cb: 13.6596   Cr: 15.1904 )
00000096: 12.7151   (Y': 11.1064   Cb: 13.0608   Cr: 14.7344 )
00000097: 12.28     (Y': 10.6893   Cb: 12.5147   Cr: 14.4251 )
00000098: 12.5002   (Y': 10.9054   Cb: 12.7478   Cr: 14.6347 )
00000099: 12.8045   (Y': 11.2073   Cb: 13.081    Cr: 14.9007 )
00000101: 12.4399   (Y': 10.8915   Cb: 12.6206   Cr: 14.5695 )
00000102: 12.3729   (Y': 10.8514   Cb: 12.5072   Cr: 14.5128 )
00000100: 12.7041   (Y': 11.1301   Cb: 12.9471   Cr: 14.7968 )
00000103: 12.397    (Y': 10.8863   Cb: 12.5263   Cr: 14.5203 )
00000104: 12.4194   (Y': 10.8951   Cb: 12.5569   Cr: 14.5612 )
00000105: 12.1637   (Y': 10.6611   Cb: 12.2433   Cr: 14.3475 )
00000106: 12.1572   (Y': 10.6251   Cb: 12.2707   Cr: 14.3556 )
00000107: 12.065    (Y': 10.5485   Cb: 12.1255   Cr: 14.3128 )
00000108: 12.0435   (Y': 10.5448   Cb: 12.0702   Cr: 14.3056 )
00000109: 12.0279   (Y': 10.4923   Cb: 12.0672   Cr: 14.3575 )
00000110: 11.8892   (Y': 10.3362   Cb: 11.9126   Cr: 14.2888 )
00000111: 11.9309   (Y': 10.3783   Cb: 11.9458   Cr: 14.3442 )
00000112: 11.8814   (Y': 10.3139   Cb: 11.8927   Cr: 14.3386 )
00000113: 11.6827   (Y': 10.0874   Cb: 11.6943   Cr: 14.2099 )
00000114: 11.8259   (Y': 10.2274   Cb: 11.8824   Cr: 14.2827 )
00000115: 11.874    (Y': 10.3007   Cb: 11.9191   Cr: 14.2871 )
00000116: 11.7885   (Y': 10.2132   Cb: 11.8343   Cr: 14.205  )
00000117: 11.8449   (Y': 10.2663   Cb: 11.8778   Cr: 14.2924 )
00000118: 11.7208   (Y': 10.1314   Cb: 11.75     Cr: 14.202  )
00000120: 11.7877   (Y': 10.1431   Cb: 11.8401   Cr: 14.3714 )
00000119: 11.7635   (Y': 10.165    Cb: 11.7993   Cr: 14.2566 )
00000121: 11.7944   (Y': 10.1267   Cb: 11.8524   Cr: 14.4294 )
00000122: 11.8277   (Y': 10.1377   Cb: 11.8926   Cr: 14.5107 )
00000123: 11.7887   (Y': 10.0801   Cb: 11.8965   Cr: 14.445  )
00000125: 11.7943   (Y': 10.1004   Cb: 11.9016   Cr: 14.4118 )
00000124: 11.7883   (Y': 10.0713   Cb: 11.9029   Cr: 14.4553 )
00000129: 11.6543   (Y': 9.95626   Cb: 11.8312   Cr: 14.161  )
00000128: 11.6594   (Y': 9.98485   Cb: 11.812    Cr: 14.146  )
00000126: 11.7552   (Y': 10.0457   Cb: 11.8944   Cr: 14.358  )
00000130: 11.6355   (Y': 9.91532   Cb: 11.8552   Cr: 14.1281 )
00000127: 11.6955   (Y': 10.0118   Cb: 11.8655   Cr: 14.1765 )
00000131: 11.6489   (Y': 9.96071   Cb: 11.8189   Cr: 14.1413 )
00000132: 11.6523   (Y': 9.97603   Cb: 11.8133   Cr: 14.129  )
00000133: 11.6037   (Y': 9.94842   Cb: 11.7206   Cr: 14.1015 )
00000135: 11.4818   (Y': 9.85903   Cb: 11.5834   Cr: 13.9226 )
00000134: 11.5571   (Y': 9.9057    Cb: 11.7049   Cr: 13.992  )
00000136: 11.4449   (Y': 9.8208    Cb: 11.5835   Cr: 13.8264 )
00000137: 11.3841   (Y': 9.80401   Cb: 11.4938   Cr: 13.7044 )
00000138: 11.3755   (Y': 9.7758    Cb: 11.5094   Cr: 13.7039 )
00000139: 11.3157   (Y': 9.74845   Cb: 11.4759   Cr: 13.5224 )
00000140: 11.3011   (Y': 9.7465    Cb: 11.4516   Cr: 13.4933 )
00000141: 11.2434   (Y': 9.71768   Cb: 11.3531   Cr: 13.4327 )
00000142: 11.2419   (Y': 9.72051   Cb: 11.3655   Cr: 13.3987 )
00000143: 11.2234   (Y': 9.69277   Cb: 11.3384   Cr: 13.4162 )
00000144: 11.2113   (Y': 9.68997   Cb: 11.3249   Cr: 13.3841 )
00000145: 11.2315   (Y': 9.71251   Cb: 11.3279   Cr: 13.4268 )
00000146: 11.2587   (Y': 9.75847   Cb: 11.3293   Cr: 13.4518 )
00000147: 11.2423   (Y': 9.7422    Cb: 11.3233   Cr: 13.4181 )
00000148: 11.2294   (Y': 9.71887   Cb: 11.32     Cr: 13.4143 )
00000149: 11.249    (Y': 9.72045   Cb: 11.3452   Cr: 13.4671 )
00000150: 11.2602   (Y': 9.72164   Cb: 11.3609   Cr: 13.4948 )
00000151: 11.2827   (Y': 9.72988   Cb: 11.3879   Cr: 13.5441 )
00000152: 11.2803   (Y': 9.70568   Cb: 11.3897   Cr: 13.5873 )
00000153: 11.2639   (Y': 9.69076   Cb: 11.3662   Cr: 13.5793 )
00000154: 11.2944   (Y': 9.73146   Cb: 11.3841   Cr: 13.6061 )
00000155: 11.2699   (Y': 9.69756   Cb: 11.3721   Cr: 13.5837 )
00000156: 11.2514   (Y': 9.67102   Cb: 11.3499   Cr: 13.591  )
00000157: 11.2455   (Y': 9.67919   Cb: 11.3259   Cr: 13.5808 )
00000158: 11.2292   (Y': 9.6554    Cb: 11.3161   Cr: 13.5719 )
00000159: 11.2089   (Y': 9.64367   Cb: 11.277    Cr: 13.5624 )
00000160: 11.2001   (Y': 9.64273   Cb: 11.2539   Cr: 13.5582 )
00000161: 11.2079   (Y': 9.66538   Cb: 11.2577   Cr: 13.5368 )
00000162: 11.1921   (Y': 9.62733   Cb: 11.2592   Cr: 13.5463 )
00000163: 11.1867   (Y': 9.62247   Cb: 11.2594   Cr: 13.5297 )
00000164: 11.2126   (Y': 9.64784   Cb: 11.2916   Cr: 13.5466 )
00000165: 11.1912   (Y': 9.62228   Cb: 11.2741   Cr: 13.5287 )
00000166: 11.1987   (Y': 9.64783   Cb: 11.2568   Cr: 13.5339 )
00000167: 11.1939   (Y': 9.64001   Cb: 11.2592   Cr: 13.5243 )
00000168: 11.1841   (Y': 9.62739   Cb: 11.2565   Cr: 13.5093 )
00000169: 11.1985   (Y': 9.64472   Cb: 11.2713   Cr: 13.5158 )
00000170: 10.822    (Y': 9.28346   Cb: 10.8098   Cr: 13.2478 )
00000171: 21.187    (Y': 17.7908   Cb: 24.869    Cr: 25.3238 )
00000172: 19.7863   (Y': 16.3737   Cb: 23.4684   Cr: 24.0165 )
00000173: 17.4275   (Y': 14.2443   Cb: 20.9074   Cr: 20.7064 )
00000174: 16.7333   (Y': 13.5696   Cb: 20.2732   Cr: 19.8717 )
00000175: 15.6612   (Y': 12.6141   Cb: 18.8192   Cr: 18.6743 )
00000176: 15.2161   (Y': 12.2162   Cb: 18.2941   Cr: 18.1187 )
00000177: 14.5988   (Y': 11.7213   Cb: 17.376    Cr: 17.3346 )
00000178: 14.3113   (Y': 11.467    Cb: 16.985    Cr: 17.0304 )
00000179: 13.944    (Y': 11.2315   Cb: 16.2964   Cr: 16.5342 )
00000180: 13.7691   (Y': 11.1066   Cb: 16.0012   Cr: 16.3196 )
00000181: 13.746    (Y': 11.0622   Cb: 15.9909   Cr: 16.3547 )
00000184: 13.9506   (Y': 11.1778   Cb: 16.2972   Cr: 16.7581 )
00000182: 13.816    (Y': 11.1134   Cb: 16.0558   Cr: 16.4943 )
00000183: 13.9579   (Y': 11.1604   Cb: 16.38     Cr: 16.7717 )
00000185: 13.7369   (Y': 11.0136   Cb: 15.9307   Cr: 16.5395 )
00000186: 13.655    (Y': 10.912    Cb: 15.8433   Cr: 16.5353 )
00000187: 13.6229   (Y': 10.8964   Cb: 15.7319   Cr: 16.5369 )
00000188: 13.6335   (Y': 10.9501   Cb: 15.6545   Cr: 16.4979 )
00000189: 13.6915   (Y': 10.9481   Cb: 15.7509   Cr: 16.7297 )
00000190: 13.7909   (Y': 11.0648   Cb: 15.7762   Cr: 16.8574 )
00000191: 13.9414   (Y': 11.1839   Cb: 15.8653   Cr: 17.211  )
00000192: 14.0448   (Y': 11.2632   Cb: 16.0084   Cr: 17.3579 )
00000193: 14.1784   (Y': 11.3303   Cb: 16.2775   Cr: 17.583  )
00000194: 14.2609   (Y': 11.414    Cb: 16.3553   Cr: 17.6665 )
00000197: 15.0062   (Y': 12.1296   Cb: 17.1376   Cr: 18.4885 )
00000195: 14.6732   (Y': 11.8427   Cb: 16.685    Cr: 18.1231 )
00000196: 14.5061   (Y': 11.6363   Cb: 16.6098   Cr: 17.9967 )
00000198: 15.3711   (Y': 12.5862   Cb: 17.3351   Cr: 18.6973 )
00000199: 15.3768   (Y': 12.6458   Cb: 17.4117   Cr: 18.3988 )
00000200: 15.3682   (Y': 12.6765   Cb: 17.4019   Cr: 18.2469 )
00000201: 15.3915   (Y': 12.652    Cb: 17.2759   Cr: 18.6436 )
00000204: 15.4785   (Y': 12.7621   Cb: 17.1905   Cr: 18.8827 )
00000202: 15.4517   (Y': 12.7214   Cb: 17.3202   Cr: 18.6891 )
00000205: 15.3377   (Y': 12.6072   Cb: 16.9932   Cr: 18.8861 )
00000203: 15.5575   (Y': 12.8231   Cb: 17.3058   Cr: 18.9826 )
00000206: 15.1691   (Y': 12.4001   Cb: 16.8311   Cr: 18.8744 )
00000209: 14.9397   (Y': 12.1456   Cb: 16.6522   Cr: 18.6767 )
00000208: 14.933    (Y': 12.1958   Cb: 16.597    Cr: 18.4965 )
00000207: 14.9685   (Y': 12.2096   Cb: 16.6346   Cr: 18.6226 )
00000210: 14.9604   (Y': 12.1662   Cb: 16.6139   Cr: 18.7934 )
00000211: 14.9561   (Y': 12.1773   Cb: 16.5496   Cr: 18.8181 )
00000212: 15.0472   (Y': 12.2398   Cb: 16.6705   Cr: 18.9922 )
00000213: 15.1537   (Y': 12.3324   Cb: 16.8399   Cr: 19.0582 )
00000214: 15.1092   (Y': 12.3525   Cb: 16.7442   Cr: 18.8033 )
00000215: 15.2836   (Y': 12.4962   Cb: 16.9645   Cr: 19.0409 )
00000217: 15.3023   (Y': 12.5541   Cb: 16.9123   Cr: 18.999  )
00000216: 15.35     (Y': 12.5864   Cb: 16.9606   Cr: 19.1143 )
00000218: 15.2474   (Y': 12.4928   Cb: 16.8513   Cr: 18.9827 )
00000220: 15.1489   (Y': 12.3728   Cb: 16.7857   Cr: 18.9267 )
00000219: 15.146    (Y': 12.3625   Cb: 16.7536   Cr: 19.006  )
00000221: 15.1148   (Y': 12.3141   Cb: 16.8048   Cr: 18.9179 )
00000222: 15.0531   (Y': 12.1866   Cb: 16.8558   Cr: 18.9799 )
00000225: 15.1145   (Y': 12.2796   Cb: 16.867    Cr: 18.9742 )
00000223: 15.005    (Y': 12.1439   Cb: 16.7754   Cr: 18.9591 )
00000224: 15.0051   (Y': 12.1594   Cb: 16.7487   Cr: 18.9301 )
00000228: 15.1492   (Y': 12.3345   Cb: 16.8553   Cr: 18.9903 )
00000227: 15.1361   (Y': 12.3576   Cb: 16.8339   Cr: 18.8265 )
00000226: 15.1275   (Y': 12.3274   Cb: 16.8219   Cr: 18.9203 )
00000229: 15.2244   (Y': 12.42     Cb: 16.9315   Cr: 19.0163 )
00000230: 15.2024   (Y': 12.4616   Cb: 16.8273   Cr: 18.843  )
00000231: 15.1045   (Y': 12.3935   Cb: 16.6565   Cr: 18.7328 )
00000232: 15.0998   (Y': 12.3496   Cb: 16.7302   Cr: 18.7728 )
00000233: 15.1595   (Y': 12.4282   Cb: 16.7759   Cr: 18.7723 )
00000234: 15.1261   (Y': 12.3663   Cb: 16.8082   Cr: 18.7585 )
00000235: 15.1419   (Y': 12.4382   Cb: 16.7649   Cr: 18.6278 )
00000236: 15.2357   (Y': 12.5422   Cb: 16.8512   Cr: 18.6902 )
00000237: 15.3308   (Y': 12.6686   Cb: 16.8844   Cr: 18.7529 )
00000238: 15.3308   (Y': 12.6784   Cb: 16.9171   Cr: 18.6638 )
00000240: 15.1349   (Y': 12.4737   Cb: 16.7443   Cr: 18.4682 )
00000239: 15.1064   (Y': 12.4891   Cb: 16.5996   Cr: 18.4415 )
00000241: 15.1132   (Y': 12.4931   Cb: 16.5099   Cr: 18.6116 )
00000242: 15.0936   (Y': 12.4703   Cb: 16.5158   Cr: 18.564  )
00000244: 15.1921   (Y': 12.4623   Cb: 16.7449   Cr: 18.9008 )
00000243: 15.1252   (Y': 12.4733   Cb: 16.5692   Cr: 18.678  )
00000245: 15.2437   (Y': 12.5196   Cb: 16.811    Cr: 18.904  )
00000246: 15.2749   (Y': 12.5595   Cb: 16.7881   Cr: 18.9858 )
00000248: 15.5388   (Y': 12.7946   Cb: 17.2678   Cr: 19.0331 )
00000247: 15.5195   (Y': 12.8196   Cb: 17.128    Cr: 19.0122 )
00000249: 15.5485   (Y': 12.739    Cb: 17.4601   Cr: 19.0507 )
00000250: 15.4209   (Y': 12.5564   Cb: 17.4319   Cr: 19.0195 )
00000251: 15.2784   (Y': 12.3623   Cb: 17.3563   Cr: 19.0132 )
00000252: 15.3364   (Y': 12.4015   Cb: 17.4111   Cr: 19.1644 )
00000253: 15.4235   (Y': 12.4969   Cb: 17.4822   Cr: 19.2356 )
00000254: 15.4479   (Y': 12.5206   Cb: 17.5265   Cr: 19.2341 )
00000255: 15.5397   (Y': 12.648    Cb: 17.5187   Cr: 19.3088 )
00000258: 15.5167   (Y': 12.6579   Cb: 17.5212   Cr: 19.0996 )
00000256: 15.5766   (Y': 12.7204   Cb: 17.5545   Cr: 19.1861 )
00000257: 15.5153   (Y': 12.6538   Cb: 17.5562   Cr: 19.0581 )
00000261: 15.19     (Y': 12.324    Cb: 17.241    Cr: 18.7379 )
00000260: 15.2228   (Y': 12.3697   Cb: 17.2935   Cr: 18.6875 )
00000259: 15.295    (Y': 12.4608   Cb: 17.2663   Cr: 18.8179 )
00000263: 15.081    (Y': 12.2225   Cb: 17.1259   Cr: 18.6046 )
00000264: 15.1747   (Y': 12.3202   Cb: 17.2341   Cr: 18.6609 )
00000265: 15.2695   (Y': 12.5339   Cb: 16.9457   Cr: 18.8078 )
00000262: 15.0165   (Y': 12.1334   Cb: 17.1653   Cr: 18.5032 )
00000266: 15.3245   (Y': 12.5898   Cb: 17.0169   Cr: 18.8342 )
00000268: 15.4353   (Y': 12.6521   Cb: 17.3083   Cr: 18.882  )
00000267: 15.3642   (Y': 12.6392   Cb: 17.0824   Cr: 18.7945 )
00000269: 15.5132   (Y': 12.77     Cb: 17.2888   Cr: 18.9344 )
00000270: 15.512    (Y': 12.818    Cb: 17.3047   Cr: 18.7119 )
00000271: 15.4567   (Y': 12.864    Cb: 17.0471   Cr: 18.5546 )
00000272: 15.5661   (Y': 12.9581   Cb: 17.2568   Cr: 18.5813 )
00000273: 15.6562   (Y': 13.0807   Cb: 17.2956   Cr: 18.6236 )
00000274: 16.0551   (Y': 13.4053   Cb: 17.9388   Cr: 18.9691 )
00000275: 16.3963   (Y': 13.6865   Cb: 18.3811   Cr: 19.4017 )
00000276: 16.2548   (Y': 13.5637   Cb: 18.0823   Cr: 19.3959 )
00000277: 15.9447   (Y': 13.3806   Cb: 17.3556   Cr: 19.1995 )
00000278: 15.8592   (Y': 13.3177   Cb: 17.2343   Cr: 19.0829 )
00000279: 15.6801   (Y': 13.0993   Cb: 17.1405   Cr: 18.9236 )
00000280: 15.7696   (Y': 13.1799   Cb: 17.2477   Cr: 19.0197 )
00000281: 16.2346   (Y': 13.7454   Cb: 17.6242   Cr: 19.2454 )
00000282: 16.1049   (Y': 13.624    Cb: 17.4378   Cr: 19.1691 )
00000283: 15.9133   (Y': 13.4461   Cb: 17.2674   Cr: 18.8976 )
00000284: 15.799    (Y': 13.2695   Cb: 17.2498   Cr: 18.8656 )
00000285: 15.4511   (Y': 12.8154   Cb: 17.3299   Cr: 18.3208 )
00000286: 15.2925   (Y': 12.6046   Cb: 17.233    Cr: 18.2732 )
00000288: 15.3243   (Y': 12.5461   Cb: 17.374    Cr: 18.5094 )
00000289: 15.9773   (Y': 13.0699   Cb: 18.1664   Cr: 19.516  )
00000287: 15.2127   (Y': 12.4793   Cb: 17.2274   Cr: 18.269  )
00000290: 16.1283   (Y': 13.2734   Cb: 18.2043   Cr: 19.5932 )
00000291: 15.7359   (Y': 13.121    Cb: 17.3578   Cr: 18.8724 )
00000292: 15.823    (Y': 13.2197   Cb: 17.3639   Cr: 19.0322 )
00000293: 15.8875   (Y': 13.4776   Cb: 17.0598   Cr: 18.9431 )
00000294: 15.6961   (Y': 13.3014   Cb: 16.7941   Cr: 18.8143 )
00000295: 15.5107   (Y': 13.131    Cb: 16.5922   Cr: 18.6023 )
00000297: 15.4908   (Y': 13.1479   Cb: 16.5161   Cr: 18.5432 )
00000298: 15.4818   (Y': 13.1459   Cb: 16.5411   Cr: 18.4566 )
00000296: 15.5156   (Y': 13.1428   Cb: 16.5726   Cr: 18.6216 )
00000299: 15.4219   (Y': 13.1461   Cb: 16.4201   Cr: 18.2905 )
00000300: 15.4278   (Y': 13.1545   Cb: 16.3837   Cr: 18.3546 )
00000301: 15.3377   (Y': 13.0382   Cb: 16.2367   Cr: 18.4453 )
00000302: 15.2957   (Y': 12.9338   Cb: 16.289    Cr: 18.4668 )
00000304: 15.2163   (Y': 12.9077   Cb: 16.0797   Cr: 18.4156 )
00000303: 15.1522   (Y': 12.8315   Cb: 16.0278   Cr: 18.3738 )
00000305: 15.2798   (Y': 12.9281   Cb: 16.2689   Cr: 18.4214 )
00000306: 15.3181   (Y': 12.9697   Cb: 16.2994   Cr: 18.4611 )
00000307: 15.323    (Y': 12.8749   Cb: 16.5357   Cr: 18.4524 )
00000308: 15.4208   (Y': 12.9813   Cb: 16.6236   Cr: 18.5344 )
00000309: 15.5807   (Y': 13.1367   Cb: 16.7903   Cr: 18.7004 )
00000310: 15.4804   (Y': 13.0637   Cb: 16.6628   Cr: 18.5442 )
00000311: 15.4947   (Y': 13.0967   Cb: 16.6987   Cr: 18.4609 )
00000312: 15.5805   (Y': 13.2068   Cb: 16.7955   Cr: 18.448  )
00000313: 15.6684   (Y': 13.3073   Cb: 16.8505   Cr: 18.5423 )
00000314: 15.732    (Y': 13.2994   Cb: 17.0155   Cr: 18.699  )
00000315: 15.9569   (Y': 13.4985   Cb: 17.3235   Cr: 18.8928 )
00000316: 16.0494   (Y': 13.5858   Cb: 17.4291   Cr: 18.9846 )
00000317: 16.0405   (Y': 13.5853   Cb: 17.3091   Cr: 19.1093 )
00000318: 16.0715   (Y': 13.6107   Cb: 17.3356   Cr: 19.1673 )
00000320: 16.1139   (Y': 13.8171   Cb: 17.1706   Cr: 18.9624 )
00000319: 15.9211   (Y': 13.5588   Cb: 16.9495   Cr: 19.0364 )
00000321: 16.4023   (Y': 14.1573   Cb: 17.6009   Cr: 18.8868 )
00000322: 16.7469   (Y': 14.5772   Cb: 18.0176   Cr: 18.9247 )
00000323: 15.9829   (Y': 13.8292   Cb: 17.2181   Cr: 18.1613 )
00000324: 15.6659   (Y': 13.709    Cb: 16.6639   Cr: 17.6309 )
00000325: 15.4361   (Y': 13.7853   Cb: 16.248    Cr: 16.9352 )
00000327: 15.7972   (Y': 13.8533   Cb: 16.83     Cr: 17.6872 )
00000326: 15.4464   (Y': 13.8138   Cb: 16.2245   Cr: 16.9479 )
00000328: 15.879    (Y': 13.738    Cb: 17.0286   Cr: 18.131  )
00000329: 15.9315   (Y': 13.7065   Cb: 17.0649   Cr: 18.4452 )
00000330: 15.9903   (Y': 13.7644   Cb: 17.0757   Cr: 18.5735 )
00000331: 16.0836   (Y': 13.8127   Cb: 17.1908   Cr: 18.7751 )
00000332: 16.2627   (Y': 14.0071   Cb: 17.3727   Cr: 18.9019 )
00000333: 16.4459   (Y': 13.9283   Cb: 17.8578   Cr: 19.5256 )
00000335: 16.3185   (Y': 13.9665   Cb: 17.4161   Cr: 19.2889 )
00000334: 16.1886   (Y': 13.8137   Cb: 17.305    Cr: 19.2087 )
00000336: 16.3531   (Y': 13.9641   Cb: 17.4924   Cr: 19.3866 )
00000338: 16.3934   (Y': 13.9559   Cb: 17.5885   Cr: 19.5121 )
00000337: 16.3853   (Y': 14.0184   Cb: 17.4687   Cr: 19.429  )
00000339: 16.4791   (Y': 14.0508   Cb: 17.7062   Cr: 19.5156 )
00000340: 16.5844   (Y': 14.1667   Cb: 17.7726   Cr: 19.643  )
00000341: 16.7734   (Y': 14.3683   Cb: 18.0165   Cr: 19.7054 )
00000343: 16.9261   (Y': 14.6054   Cb: 18.134    Cr: 19.6311 )
00000342: 16.8223   (Y': 14.463    Cb: 17.9974   Cr: 19.7005 )
00000346: 17.1257   (Y': 14.7248   Cb: 18.3974   Cr: 20.0017 )
00000345: 17.0165   (Y': 14.6931   Cb: 18.1554   Cr: 19.8292 )
00000344: 16.9586   (Y': 14.6623   Cb: 18.0564   Cr: 19.7443 )
00000347: 17.3908   (Y': 14.9319   Cb: 18.8075   Cr: 20.2573 )
00000348: 17.4167   (Y': 14.892    Cb: 19.0317   Cr: 20.2387 )
00000349: 17.323    (Y': 14.8935   Cb: 18.722    Cr: 20.1152 )
00000351: 17.5487   (Y': 15.1231   Cb: 19.0788   Cr: 20.1541 )
00000352: 17.5238   (Y': 15.1044   Cb: 19.0719   Cr: 20.0863 )
00000350: 17.3916   (Y': 14.9398   Cb: 18.7996   Cr: 20.2462 )
00000353: 17.561    (Y': 15.107    Cb: 19.3029   Cr: 19.9958 )
00000354: 17.5678   (Y': 15.0589   Cb: 19.4683   Cr: 19.9903 )
00000356: 17.5755   (Y': 14.9717   Cb: 19.6109   Cr: 20.1492 )
00000355: 17.6172   (Y': 15.0235   Cb: 19.5776   Cr: 20.2435 )
00000357: 17.5983   (Y': 14.9956   Cb: 19.6273   Cr: 20.1754 )
00000358: 17.6313   (Y': 15.0056   Cb: 19.7411   Cr: 20.1942 )
00000359: 17.6226   (Y': 14.9318   Cb: 19.8627   Cr: 20.2601 )
00000360: 17.6181   (Y': 14.9127   Cb: 19.8688   Cr: 20.2941 )
00000362: 17.7061   (Y': 14.9954   Cb: 19.9154   Cr: 20.4468 )
00000361: 17.6963   (Y': 14.9857   Cb: 19.8916   Cr: 20.4522 )
00000363: 17.6683   (Y': 14.9377   Cb: 19.9017   Cr: 20.4519 )
00000364: 17.5664   (Y': 14.8788   Cb: 19.6455   Cr: 20.3764 )
00000365: 17.4237   (Y': 14.6721   Cb: 19.7546   Cr: 20.173  )
00000366: 17.3377   (Y': 14.5963   Cb: 19.6417   Cr: 20.08   )
00000367: 17.3146   (Y': 14.5597   Cb: 19.6759   Cr: 20.0421 )
00000368: 17.3148   (Y': 14.6105   Cb: 19.6364   Cr: 19.91   )
00000369: 17.3966   (Y': 14.7105   Cb: 19.7736   Cr: 19.8734 )
00000370: 17.4046   (Y': 14.7108   Cb: 19.7644   Cr: 19.9242 )
00000371: 17.4536   (Y': 14.7857   Cb: 19.7704   Cr: 19.9324 )
00000372: 17.3979   (Y': 14.6904   Cb: 19.7256   Cr: 19.9976 )
00000373: 17.4446   (Y': 14.7164   Cb: 19.7296   Cr: 20.1617 )
00000374: 17.5146   (Y': 14.8016   Cb: 19.7731   Cr: 20.2083 )
00000375: 17.4949   (Y': 14.7653   Cb: 19.7799   Cr: 20.2167 )
00000377: 17.535    (Y': 14.773    Cb: 19.9407   Cr: 20.2397 )
00000376: 17.4233   (Y': 14.704    Cb: 19.7135   Cr: 20.1038 )
00000378: 17.5877   (Y': 14.838    Cb: 19.9142   Cr: 20.3346 )
00000379: 17.7227   (Y': 14.9262   Cb: 20.2478   Cr: 20.4234 )
00000380: 17.6706   (Y': 14.8633   Cb: 20.133    Cr: 20.4765 )
00000381: 17.6368   (Y': 14.8374   Cb: 20.0923   Cr: 20.4211 )
00000382: 17.6344   (Y': 14.8604   Cb: 20.0526   Cr: 20.3685 )
00000383: 17.5838   (Y': 14.737    Cb: 20.0738   Cr: 20.5061 )
00000385: 17.4914   (Y': 14.6202   Cb: 20.0014   Cr: 20.4841 )
00000384: 17.5962   (Y': 14.7277   Cb: 20.1061   Cr: 20.5785 )
00000386: 17.4819   (Y': 14.6416   Cb: 19.915    Cr: 20.4427 )
00000387: 17.4634   (Y': 14.6537   Cb: 19.9453   Cr: 20.2569 )
00000388: 17.5171   (Y': 14.7245   Cb: 19.9534   Cr: 20.2976 )
00000389: 17.5204   (Y': 14.68     Cb: 20.073    Cr: 20.3507 )
00000391: 17.5381   (Y': 14.7407   Cb: 19.8155   Cr: 20.5155 )
00000390: 17.5229   (Y': 14.7225   Cb: 19.9286   Cr: 20.3656 )
00000394: 17.5136   (Y': 14.6895   Cb: 19.8348   Cr: 20.5416 )
00000393: 17.4811   (Y': 14.7023   Cb: 19.7738   Cr: 20.3716 )
00000392: 17.547    (Y': 14.7636   Cb: 19.8703   Cr: 20.4198 )
00000395: 17.4007   (Y': 14.5799   Cb: 19.6597   Cr: 20.49   )
00000396: 17.3801   (Y': 14.5544   Cb: 19.7331   Cr: 20.3767 )
00000397: 17.3245   (Y': 14.5148   Cb: 19.5659   Cr: 20.3921 )
00000398: 17.2901   (Y': 14.474    Cb: 19.5848   Cr: 20.3186 )
00000399: 17.2777   (Y': 14.4806   Cb: 19.4754   Cr: 20.3494 )
00000400: 17.2435   (Y': 14.4281   Cb: 19.4591   Cr: 20.365  )
00000402: 17.2688   (Y': 14.4891   Cb: 19.4692   Cr: 20.271  )
00000401: 17.2901   (Y': 14.4827   Cb: 19.4567   Cr: 20.4412 )
00000403: 17.1936   (Y': 14.4835   Cb: 19.1827   Cr: 20.1946 )
00000404: 17.1821   (Y': 14.4419   Cb: 19.2408   Cr: 20.2089 )
00000405: 17.2033   (Y': 14.4749   Cb: 19.2122   Cr: 20.2483 )
00000406: 17.181    (Y': 14.4336   Cb: 19.2758   Cr: 20.1899 )
00000407: 17.122    (Y': 14.4039   Cb: 19.1853   Cr: 20.0606 )
00000408: 17.063    (Y': 14.3988   Cb: 19.0217   Cr: 19.9347 )
00000409: 17.1226   (Y': 14.5459   Cb: 18.8809   Cr: 19.9379 )
00000410: 17.096    (Y': 14.5127   Cb: 18.8413   Cr: 19.9507 )
00000411: 16.9311   (Y': 14.4788   Cb: 18.4637   Cr: 19.6195 )
00000412: 16.9785   (Y': 14.5618   Cb: 18.5363   Cr: 19.5203 )
00000413: 16.8457   (Y': 14.5146   Cb: 18.181    Cr: 19.4088 )
00000414: 16.8052   (Y': 14.5558   Cb: 18.0756   Cr: 19.208  )
00000415: 16.6717   (Y': 14.3754   Cb: 17.9891   Cr: 19.1524 )
00000416: 16.582    (Y': 14.2449   Cb: 17.9163   Cr: 19.1648 )
00000417: 16.7049   (Y': 14.3501   Cb: 18.1254   Cr: 19.2294 )
00000418: 16.68     (Y': 14.3327   Cb: 18.1481   Cr: 19.1215 )
00000419: 16.6094   (Y': 14.2544   Cb: 18.116    Cr: 19.026  )
00000420: 16.5764   (Y': 14.1709   Cb: 18.2171   Cr: 18.983  )
00000422: 16.4479   (Y': 14.0591   Cb: 18.0219   Cr: 18.8843 )
00000421: 16.4459   (Y': 14.0512   Cb: 18.0845   Cr: 18.8222 )
00000423: 16.3469   (Y': 14.0639   Cb: 17.7776   Cr: 18.6451 )
00000424: 16.3381   (Y': 14.0625   Cb: 17.8176   Cr: 18.5568 )
00000426: 16.167    (Y': 13.8359   Cb: 17.6489   Cr: 18.543  )
00000425: 16.2718   (Y': 14.0269   Cb: 17.6834   Cr: 18.4853 )
00000428: 16.1281   (Y': 13.8671   Cb: 17.505    Cr: 18.4294 )
00000427: 16.2106   (Y': 13.9473   Cb: 17.6592   Cr: 18.4313 )
00000429: 16.0789   (Y': 13.7667   Cb: 17.504    Cr: 18.469  )
00000430: 16.0729   (Y': 13.7407   Cb: 17.5415   Cr: 18.4684 )
00000431: 16.1973   (Y': 13.8619   Cb: 17.6249   Cr: 18.6535 )
00000434: 15.9458   (Y': 13.6048   Cb: 17.4684   Cr: 18.301  )
00000433: 15.9673   (Y': 13.6005   Cb: 17.5201   Cr: 18.363  )
00000432: 16.1594   (Y': 13.8083   Cb: 17.5893   Cr: 18.6609 )
00000436: 15.8949   (Y': 13.4995   Cb: 17.4665   Cr: 18.3543 )
00000435: 15.8775   (Y': 13.4697   Cb: 17.4359   Cr: 18.391  )
00000437: 15.8535   (Y': 13.5036   Cb: 17.438    Cr: 18.161  )
00000438: 15.7995   (Y': 13.4479   Cb: 17.3383   Cr: 18.1665 )
00000439: 15.5859   (Y': 13.2274   Cb: 17.1997   Cr: 17.8842 )
00000440: 15.4055   (Y': 13.0971   Cb: 16.9266   Cr: 17.6681 )
00000441: 15.2929   (Y': 13.223    Cb: 16.5863   Cr: 17.1843 )
00000442: 15.0593   (Y': 13.1137   Cb: 16.1817   Cr: 16.847  )
00000443: 14.9153   (Y': 13.1446   Cb: 16.0375   Cr: 16.3161 )
00000444: 15.0517   (Y': 13.2209   Cb: 16.2824   Cr: 16.4636 )
00000446: 15.2534   (Y': 13.1902   Cb: 16.7281   Cr: 16.9299 )
00000445: 15.3076   (Y': 13.1943   Cb: 16.7879   Cr: 17.0985 )
00000447: 15.1228   (Y': 12.9955   Cb: 16.6718   Cr: 16.8752 )
00000448: 15.033    (Y': 12.8625   Cb: 16.5852   Cr: 16.8893 )
00000449: 14.8576   (Y': 12.6469   Cb: 16.4054   Cr: 16.8221 )
00000450: 14.8079   (Y': 12.6028   Cb: 16.3323   Cr: 16.7839 )
00000451: 14.8437   (Y': 12.7204   Cb: 16.2838   Cr: 16.7032 )
00000452: 14.8948   (Y': 12.7389   Cb: 16.3713   Cr: 16.7967 )
00000454: 15.076    (Y': 12.9874   Cb: 16.5522   Cr: 16.8113 )
00000453: 14.9481   (Y': 12.77     Cb: 16.449    Cr: 16.88   )
00000455: 15.2415   (Y': 13.1209   Cb: 16.7601   Cr: 17.0098 )
00000457: 15.4126   (Y': 13.3061   Cb: 17.0272   Cr: 17.0478 )
00000456: 15.3308   (Y': 13.2275   Cb: 16.8773   Cr: 17.0279 )
00000458: 15.4615   (Y': 13.4018   Cb: 17.1029   Cr: 16.9619 )
00000460: 15.428    (Y': 13.382    Cb: 16.8775   Cr: 17.0903 )
00000459: 15.4804   (Y': 13.435    Cb: 16.9882   Cr: 17.0806 )
00000462: 15.0431   (Y': 12.7841   Cb: 16.7025   Cr: 17.0134 )
00000461: 15.1416   (Y': 12.9747   Cb: 16.7426   Cr: 16.9376 )
00000463: 15.0823   (Y': 12.8207   Cb: 16.8789   Cr: 16.9167 )
00000464: 15.0949   (Y': 12.7838   Cb: 16.9599   Cr: 16.9889 )
00000465: 15.0804   (Y': 12.7038   Cb: 16.9665   Cr: 17.1297 )
00000466: 15.1384   (Y': 12.7976   Cb: 16.8712   Cr: 17.2514 )
00000467: 15.1311   (Y': 12.783    Cb: 16.9555   Cr: 17.1665 )
00000468: 15.1141   (Y': 12.7821   Cb: 16.9446   Cr: 17.0992 )
00000469: 15.0939   (Y': 12.7739   Cb: 16.9935   Cr: 16.9766 )
00000470: 15.1383   (Y': 12.819    Cb: 17.0527   Cr: 17.0047 )
00000471: 15.2326   (Y': 12.9156   Cb: 17.0273   Cr: 17.2147 )
00000472: 15.1779   (Y': 12.8324   Cb: 16.976    Cr: 17.2337 )
00000473: 15.1145   (Y': 12.7991   Cb: 16.7819   Cr: 17.2292 )
00000474: 15.1162   (Y': 12.7776   Cb: 16.7768   Cr: 17.3037 )
00000476: 15.3279   (Y': 12.9575   Cb: 16.9032   Cr: 17.7066 )
00000475: 15.2606   (Y': 12.9535   Cb: 16.747    Cr: 17.5607 )
00000477: 15.4339   (Y': 12.9901   Cb: 17.0731   Cr: 17.9599 )
00000478: 15.5182   (Y': 13.0806   Cb: 17.2545   Cr: 17.9095 )
00000479: 15.4164   (Y': 12.9737   Cb: 17.3145   Cr: 17.6414 )
00000480: 15.3989   (Y': 12.9426   Cb: 17.3857   Cr: 17.5695 )
00000481: 15.3403   (Y': 12.9629   Cb: 17.25     Cr: 17.3676 )
00000482: 15.3674   (Y': 12.9633   Cb: 17.2995   Cr: 17.4456 )
00000483: 15.295    (Y': 12.9079   Cb: 17.0957   Cr: 17.4648 )
00000484: 15.2374   (Y': 12.8446   Cb: 16.9544   Cr: 17.5172 )
00000486: 15.18     (Y': 12.7923   Cb: 16.8136   Cr: 17.5411 )
00000485: 15.159    (Y': 12.7721   Cb: 16.8635   Cr: 17.4355 )
00000487: 15.1296   (Y': 12.7426   Cb: 16.6148   Cr: 17.6707 )
00000488: 15.172    (Y': 12.773    Cb: 16.6103   Cr: 17.8117 )
00000489: 15.134    (Y': 12.7568   Cb: 16.4936   Cr: 17.8094 )
00000490: 15.1238   (Y': 12.7077   Cb: 16.5118   Cr: 17.887  )
00000491: 15.1638   (Y': 12.7007   Cb: 16.7042   Cr: 17.877  )
00000493: 15.1471   (Y': 12.7421   Cb: 16.8069   Cr: 17.5289 )
00000492: 15.1116   (Y': 12.655    Cb: 16.6591   Cr: 17.7943 )
00000494: 15.1606   (Y': 12.7736   Cb: 16.8108   Cr: 17.4999 )
00000495: 15.1555   (Y': 12.7903   Cb: 16.768    Cr: 17.4746 )
00000496: 15.1361   (Y': 12.8256   Cb: 16.7428   Cr: 17.3051 )
00000497: 15.0774   (Y': 12.7831   Cb: 16.5825   Cr: 17.3188 )
00000498: 15.0602   (Y': 12.7278   Cb: 16.6102   Cr: 17.3576 )
00000499: 14.8439   (Y': 12.6364   Cb: 16.2388   Cr: 16.9749 )
00000500: 14.8152   (Y': 12.5312   Cb: 16.2931   Cr: 17.0597 )
00000501: 14.7807   (Y': 12.4809   Cb: 16.264    Cr: 17.0637 )
00000502: 14.7602   (Y': 12.4992   Cb: 16.1736   Cr: 17.0169 )
00000503: 14.7637   (Y': 12.5288   Cb: 16.1332   Cr: 17.0002 )
00000504: 14.7331   (Y': 12.5447   Cb: 16.0077   Cr: 16.9575 )
00000505: 14.6024   (Y': 12.513    Cb: 15.8416   Cr: 16.6063 )
00000506: 14.5678   (Y': 12.5626   Cb: 15.7058   Cr: 16.4807 )
00000507: 14.5599   (Y': 12.6625   Cb: 15.5537   Cr: 16.3865 )
00000508: 14.5095   (Y': 12.635    Cb: 15.4705   Cr: 16.3224 )
00000510: 14.4195   (Y': 12.6361   Cb: 15.2846   Cr: 16.1407 )
00000509: 14.4285   (Y': 12.5987   Cb: 15.3195   Cr: 16.223  )
00000512: 14.7879   (Y': 12.824    Cb: 15.8291   Cr: 16.7165 )
00000511: 14.6541   (Y': 12.7495   Cb: 15.5469   Cr: 16.6239 )
00000514: 15.2489   (Y': 13.2409   Cb: 16.3694   Cr: 17.1899 )
00000513: 14.9835   (Y': 12.9885   Cb: 16.0655   Cr: 16.9391 )
00000516: 15.619    (Y': 13.4904   Cb: 16.9045   Cr: 17.6694 )
00000515: 15.4421   (Y': 13.2918   Cb: 16.687    Cr: 17.5992 )
00000517: 15.5552   (Y': 13.3565   Cb: 16.9057   Cr: 17.7149 )
00000518: 15.6559   (Y': 13.4072   Cb: 17.0903   Cr: 17.853  )
00000520: 15.6258   (Y': 13.3243   Cb: 17.1953   Cr: 17.8122 )
00000519: 15.6575   (Y': 13.391    Cb: 17.1541   Cr: 17.8304 )
00000523: 15.3843   (Y': 13.2356   Cb: 16.7511   Cr: 17.3915 )
00000521: 15.6452   (Y': 13.3617   Cb: 17.1936   Cr: 17.8052 )
00000522: 15.5085   (Y': 13.305    Cb: 16.9423   Cr: 17.5827 )
00000524: 15.2705   (Y': 13.2685   Cb: 16.5039   Cr: 17.0645 )
00000525: 15.8354   (Y': 13.5937   Cb: 17.421    Cr: 17.8401 )
00000526: 15.9273   (Y': 13.8153   Cb: 17.3988   Cr: 17.7245 )
00000528: 15.0833   (Y': 13.3062   Cb: 16.175    Cr: 16.53   )
00000527: 15.5253   (Y': 13.6175   Cb: 16.6684   Cr: 17.2015 )
00000529: 14.9314   (Y': 13.1218   Cb: 15.9586   Cr: 16.5196 )
00000530: 14.9433   (Y': 13.102    Cb: 15.9544   Cr: 16.6206 )
00000531: 14.821    (Y': 13.0262   Cb: 15.8413   Cr: 16.3846 )
00000532: 14.6528   (Y': 12.9606   Cb: 15.5726   Cr: 16.1131 )
00000533: 14.4391   (Y': 12.6933   Cb: 15.2865   Cr: 16.0984 )
00000534: 14.55     (Y': 12.6809   Cb: 15.5262   Cr: 16.3317 )
00000535: 14.8891   (Y': 12.8489   Cb: 16.0395   Cr: 16.8745 )
00000536: 14.9854   (Y': 12.8987   Cb: 16.1804   Cr: 17.0358 )
00000538: 15.4344   (Y': 13.2643   Cb: 16.6068   Cr: 17.738  )
00000537: 15.0528   (Y': 12.8966   Cb: 16.1877   Cr: 17.3662 )
00000540: 15.6618   (Y': 13.4905   Cb: 17.0186   Cr: 17.7404 )
00000539: 15.5001   (Y': 13.2442   Cb: 16.8611   Cr: 17.8068 )
00000541: 15.5385   (Y': 13.3429   Cb: 16.7156   Cr: 17.908  )
00000542: 15.4127   (Y': 13.2198   Cb: 16.5781   Cr: 17.7896 )
00000543: 15.2327   (Y': 13.1179   Cb: 16.3198   Cr: 17.494  )
00000544: 15.0451   (Y': 12.9483   Cb: 16.1474   Cr: 17.2381 )
00000545: 15.1337   (Y': 12.8113   Cb: 16.222    Cr: 18.0186 )
00000547: 15.3284   (Y': 12.8447   Cb: 16.7083   Cr: 18.3335 )
00000546: 15.1075   (Y': 12.7429   Cb: 16.2582   Cr: 18.0395 )
00000548: 15.143    (Y': 12.6642   Cb: 16.469    Cr: 18.2101 )
00000549: 15.046    (Y': 12.6217   Cb: 16.3153   Cr: 18.0056 )
00000550: 15.034    (Y': 12.599    Cb: 16.2887   Cr: 18.0523 )
00000551: 14.9217   (Y': 12.4574   Cb: 16.2577   Cr: 17.9226 )
00000552: 14.9016   (Y': 12.4526   Cb: 16.2981   Cr: 17.7625 )
00000553: 14.8837   (Y': 12.3749   Cb: 16.279    Cr: 17.9564 )
00000554: 14.8841   (Y': 12.3724   Cb: 16.2219   Cr: 18.0531 )
00000555: 14.8706   (Y': 12.3044   Cb: 16.1585   Cr: 18.3288 )
00000556: 14.946    (Y': 12.3841   Cb: 16.258    Cr: 18.3474 )
00000557: 15.056    (Y': 12.4308   Cb: 16.4899   Cr: 18.5156 )
00000559: 15.1677   (Y': 12.6632   Cb: 16.5008   Cr: 18.3179 )
00000558: 15.0911   (Y': 12.5536   Cb: 16.4341   Cr: 18.3488 )
00000560: 15.2177   (Y': 12.7357   Cb: 16.5408   Cr: 18.3006 )
00000562: 15.3039   (Y': 12.7457   Cb: 16.7158   Cr: 18.5347 )
00000561: 15.341    (Y': 12.7991   Cb: 16.7176   Cr: 18.5637 )
00000563: 15.0562   (Y': 12.4435   Cb: 16.4476   Cr: 18.5329 )
00000566: 14.9873   (Y': 12.2751   Cb: 16.5287   Cr: 18.6381 )
00000564: 14.9228   (Y': 12.3104   Cb: 16.2466   Cr: 18.5096 )
00000565: 14.9385   (Y': 12.2739   Cb: 16.3745   Cr: 18.5579 )
00000567: 14.9618   (Y': 12.2348   Cb: 16.6068   Cr: 18.5114 )
00000568: 14.911    (Y': 12.1744   Cb: 16.608    Cr: 18.4217 )
00000569: 15.0194   (Y': 12.2676   Cb: 16.7435   Cr: 18.5528 )
00000571: 15.1899   (Y': 12.463    Cb: 17.0469   Cr: 18.4302 )
00000570: 15.1042   (Y': 12.3561   Cb: 16.8716   Cr: 18.5576 )
00000573: 15.1037   (Y': 12.3933   Cb: 16.9436   Cr: 18.3023 )
00000572: 15.2083   (Y': 12.4415   Cb: 17.1523   Cr: 18.4881 )
00000574: 14.88     (Y': 12.1827   Cb: 16.6939   Cr: 18.0632 )
00000575: 14.8231   (Y': 12.1661   Cb: 16.5188   Cr: 18.0154 )
00000576: 14.8503   (Y': 12.2398   Cb: 16.4188   Cr: 18.0466 )
00000577: 14.9748   (Y': 12.518    Cb: 16.1737   Cr: 18.1575 )
00000578: 14.9124   (Y': 12.4748   Cb: 16.0918   Cr: 18.0559 )
00000579: 14.7886   (Y': 12.1962   Cb: 16.1216   Cr: 18.2782 )
00000580: 14.835    (Y': 12.2228   Cb: 16.1781   Cr: 18.3887 )
00000581: 14.8778   (Y': 12.3281   Cb: 16.1637   Cr: 18.2736 )
00000582: 14.9408   (Y': 12.4069   Cb: 16.2278   Cr: 18.2732 )
00000583: 15.0373   (Y': 12.5854   Cb: 16.1583   Cr: 18.3275 )
00000584: 15.0085   (Y': 12.5923   Cb: 16.033    Cr: 18.3258 )
00000585: 14.9653   (Y': 12.6197   Cb: 15.8892   Cr: 18.1939 )
00000587: 14.7225   (Y': 12.4398   Cb: 15.672    Cr: 17.6902 )
00000586: 14.9643   (Y': 12.636    Cb: 15.8824   Cr: 18.1411 )
00000588: 14.6813   (Y': 12.3825   Cb: 15.6634   Cr: 17.6515 )
00000589: 14.3818   (Y': 12.0124   Cb: 15.4258   Cr: 17.4969 )
00000590: 14.3015   (Y': 11.885    Cb: 15.424    Cr: 17.4586 )
00000591: 14.3678   (Y': 11.9857   Cb: 15.5122   Cr: 17.3697 )
00000592: 14.4232   (Y': 12.023    Cb: 15.6166   Cr: 17.4126 )
00000593: 14.5212   (Y': 12.1423   Cb: 15.7578   Cr: 17.3743 )
00000594: 14.5054   (Y': 12.0875   Cb: 15.8508   Cr: 17.3335 )
00000595: 14.3128   (Y': 11.8435   Cb: 15.7526   Cr: 17.1824 )
00000597: 14.3369   (Y': 11.8935   Cb: 15.6545   Cr: 17.2916 )
00000596: 14.3781   (Y': 11.9271   Cb: 15.8415   Cr: 17.1538 )
Total: 14.2542   (Y': 12.0755   Cb: 15.353    Cr: 16.6796 )
