00000000: 12.0699   (Y': 10.7331   Cb: 12.5621   Cr: 13.3383 )
00000001: 12.0533   (Y': 10.7271   Cb: 12.529    Cr: 13.3225 )
00000002: 12.0504   (Y': 10.7302   Cb: 12.5399   Cr: 13.2923 )
00000003: 12.0602   (Y': 10.7083   Cb: 12.5538   Cr: 13.3549 )
00000004: 12.0368   (Y': 10.6931   Cb: 12.5151   Cr: 13.3346 )
00000005: 12.0214   (Y': 10.6677   Cb: 12.5253   Cr: 13.3068 )
00000007: 12.0106   (Y': 10.6543   Cb: 12.5175   Cr: 13.2971 )
00000008: 11.9996   (Y': 10.6354   Cb: 12.5117   Cr: 13.2946 )
00000006: 12.0306   (Y': 10.6635   Cb: 12.5399   Cr: 13.3344 )
00000009: 12.0225   (Y': 10.6866   Cb: 12.4949   Cr: 13.313  )
00000010: 11.9942   (Y': 10.6531   Cb: 12.475    Cr: 13.2844 )
00000011: 11.9664   (Y': 10.6578   Cb: 12.44     Cr: 13.2059 )
00000012: 11.9659   (Y': 10.6709   Cb: 12.4352   Cr: 13.1864 )
00000013: 11.9781   (Y': 10.6719   Cb: 12.4183   Cr: 13.2536 )
00000014: 12.0188   (Y': 10.683    Cb: 12.4924   Cr: 13.3076 )
00000015: 12.0238   (Y': 10.6899   Cb: 12.4802   Cr: 13.33   )
00000016: 11.9973   (Y': 10.6696   Cb: 12.46     Cr: 13.2847 )
00000017: 12.0288   (Y': 10.7301   Cb: 12.466    Cr: 13.2943 )
00000019: 12.0861   (Y': 10.7756   Cb: 12.559    Cr: 13.3301 )
00000021: 12.1053   (Y': 10.7957   Cb: 12.5771   Cr: 13.3488 )
00000018: 12.0554   (Y': 10.7323   Cb: 12.5178   Cr: 13.3349 )
00000020: 12.0955   (Y': 10.7958   Cb: 12.5414   Cr: 13.3525 )
00000022: 12.1068   (Y': 10.8118   Cb: 12.5615   Cr: 13.3449 )
00000023: 12.0653   (Y': 10.7733   Cb: 12.553    Cr: 13.2585 )
00000024: 12.0828   (Y': 10.8206   Cb: 12.5389   Cr: 13.261  )
00000025: 12.1282   (Y': 10.8378   Cb: 12.6097   Cr: 13.3258 )
00000026: 12.1391   (Y': 10.8631   Cb: 12.5812   Cr: 13.3582 )
00000027: 12.1451   (Y': 10.8723   Cb: 12.5708   Cr: 13.3781 )
00000029: 12.1362   (Y': 10.8497   Cb: 12.5599   Cr: 13.396  )
00000030: 12.1721   (Y': 10.8864   Cb: 12.5823   Cr: 13.447  )
00000031: 12.2124   (Y': 10.9756   Cb: 12.5912   Cr: 13.4385 )
00000028: 12.1513   (Y': 10.9025   Cb: 12.543    Cr: 13.3828 )
00000033: 12.2566   (Y': 11.0284   Cb: 12.619    Cr: 13.4876 )
00000034: 12.262    (Y': 11.0252   Cb: 12.648    Cr: 13.4791 )
00000032: 12.208    (Y': 10.957    Cb: 12.6047   Cr: 13.4372 )
00000036: 12.3043   (Y': 11.0103   Cb: 12.7664   Cr: 13.5315 )
00000035: 12.2862   (Y': 11.0115   Cb: 12.7379   Cr: 13.4915 )
00000037: 12.2691   (Y': 10.9284   Cb: 12.7986   Cr: 13.5006 )
00000038: 12.2691   (Y': 10.8897   Cb: 12.8496   Cr: 13.5112 )
00000039: 12.2426   (Y': 10.8687   Cb: 12.8308   Cr: 13.4656 )
00000040: 12.2362   (Y': 10.8952   Cb: 12.7832   Cr: 13.4477 )
00000041: 12.2706   (Y': 10.9092   Cb: 12.8382   Cr: 13.4949 )
00000043: 12.2789   (Y': 10.8886   Cb: 12.902    Cr: 13.4914 )
00000042: 12.278    (Y': 10.917    Cb: 12.8507   Cr: 13.4957 )
00000044: 12.3056   (Y': 10.9312   Cb: 12.8998   Cr: 13.5229 )
00000046: 12.3102   (Y': 10.908    Cb: 12.9596   Cr: 13.5149 )
00000045: 12.307    (Y': 10.8799   Cb: 12.9648   Cr: 13.5475 )
00000047: 12.3405   (Y': 10.9457   Cb: 12.957    Cr: 13.5692 )
00000049: 12.331    (Y': 10.9414   Cb: 12.9383   Cr: 13.5607 )
00000048: 12.3083   (Y': 10.9229   Cb: 12.9217   Cr: 13.5232 )
00000050: 12.3226   (Y': 10.9176   Cb: 12.9591   Cr: 13.5468 )
00000051: 12.3261   (Y': 10.907    Cb: 12.9471   Cr: 13.5943 )
00000052: 12.3743   (Y': 10.9439   Cb: 12.9906   Cr: 13.669  )
00000053: 12.412    (Y': 10.9743   Cb: 13.0729   Cr: 13.6688 )
00000054: 12.4038   (Y': 10.9587   Cb: 13.0519   Cr: 13.6891 )
00000055: 12.4388   (Y': 10.9856   Cb: 13.0722   Cr: 13.7566 )
00000056: 12.4864   (Y': 11.054    Cb: 13.0992   Cr: 13.7888 )
00000057: 12.5443   (Y': 11.1276   Cb: 13.1722   Cr: 13.7998 )
00000058: 12.5827   (Y': 11.1636   Cb: 13.2202   Cr: 13.8318 )
00000060: 12.6417   (Y': 11.2149   Cb: 13.2787   Cr: 13.9055 )
00000062: 12.6891   (Y': 11.3229   Cb: 13.2885   Cr: 13.8854 )
00000059: 12.6116   (Y': 11.1854   Cb: 13.2552   Cr: 13.8667 )
00000063: 12.7085   (Y': 11.3938   Cb: 13.2969   Cr: 13.8259 )
00000061: 12.6687   (Y': 11.272    Cb: 13.2871   Cr: 13.8985 )
00000069: 12.7259   (Y': 11.5587   Cb: 13.2633   Cr: 13.6513 )
00000065: 12.7524   (Y': 11.4754   Cb: 13.3361   Cr: 13.8095 )
00000066: 12.7343   (Y': 11.4847   Cb: 13.2826   Cr: 13.7844 )
00000064: 12.7069   (Y': 11.403    Cb: 13.274    Cr: 13.8294 )
00000071: 12.5519   (Y': 11.2987   Cb: 13.0788   Cr: 13.6323 )
00000067: 12.746    (Y': 11.5158   Cb: 13.3048   Cr: 13.7518 )
00000068: 12.74     (Y': 11.5586   Cb: 13.2489   Cr: 13.7202 )
00000072: 12.4614   (Y': 11.1423   Cb: 13.0115   Cr: 13.6301 )
00000073: 12.5365   (Y': 11.1398   Cb: 13.1505   Cr: 13.7715 )
00000070: 12.6926   (Y': 11.5078   Cb: 13.2174   Cr: 13.661  )
00000075: 12.6363   (Y': 11.1622   Cb: 13.3484   Cr: 13.9024 )
00000076: 12.7497   (Y': 11.2553   Cb: 13.4486   Cr: 14.0696 )
00000077: 12.932    (Y': 11.4105   Cb: 13.6274   Cr: 14.3085 )
00000083: 13.0652   (Y': 11.4551   Cb: 13.8477   Cr: 14.5158 )
00000074: 12.5588   (Y': 11.1393   Cb: 13.2161   Cr: 13.786  )
00000079: 13.0613   (Y': 11.4637   Cb: 13.8408   Cr: 14.4902 )
00000084: 13.1697   (Y': 11.5549   Cb: 13.9379   Cr: 14.6463 )
00000092: 13.5491   (Y': 11.77     Cb: 14.4776   Cr: 15.1845 )
00000085: 13.4526   (Y': 11.9203   Cb: 14.1333   Cr: 14.8675 )
00000082: 12.984    (Y': 11.3723   Cb: 13.7456   Cr: 14.4621 )
00000080: 13.0384   (Y': 11.4238   Cb: 13.8214   Cr: 14.4975 )
00000086: 13.5299   (Y': 11.981    Cb: 14.2346   Cr: 14.949  )
00000081: 13.0272   (Y': 11.41     Cb: 13.8011   Cr: 14.5022 )
00000087: 13.6156   (Y': 12.0574   Cb: 14.3094   Cr: 15.0662 )
00000078: 13.0118   (Y': 11.4925   Cb: 13.7042   Cr: 14.3872 )
00000088: 13.7786   (Y': 12.2365   Cb: 14.4776   Cr: 15.191  )
00000094: 13.6884   (Y': 11.9026   Cb: 14.63     Cr: 15.3233 )
00000091: 13.5339   (Y': 11.8013   Cb: 14.3825   Cr: 15.1628 )
00000089: 13.8443   (Y': 12.2098   Cb: 14.6596   Cr: 15.3063 )
00000090: 13.4545   (Y': 11.7903   Cb: 14.2587   Cr: 14.9907 )
00000100: 13.7232   (Y': 12.1073   Cb: 14.47     Cr: 15.2277 )
00000099: 13.7068   (Y': 12.0962   Cb: 14.4253   Cr: 15.2339 )
00000093: 13.6224   (Y': 11.8325   Cb: 14.5584   Cr: 15.2728 )
00000115: 12.9428   (Y': 10.9662   Cb: 13.9148   Cr: 14.9901 )
00000098: 13.554    (Y': 11.8774   Cb: 14.3376   Cr: 15.1408 )
00000105: 13.7276   (Y': 12.0052   Cb: 14.6156   Cr: 15.2882 )
00000101: 13.769    (Y': 12.1871   Cb: 14.4896   Cr: 15.2351 )
00000097: 13.9449   (Y': 12.2487   Cb: 14.7827   Cr: 15.5089 )
00000095: 13.9064   (Y': 12.2174   Cb: 14.7602   Cr: 15.4365 )
00000108: 14.2429   (Y': 12.6284   Cb: 15.069    Cr: 15.6519 )
00000102: 13.7403   (Y': 12.1192   Cb: 14.5093   Cr: 15.2292 )
00000104: 13.6336   (Y': 11.9005   Cb: 14.5088   Cr: 15.232  )
00000096: 13.968    (Y': 12.288    Cb: 14.8198   Cr: 15.4812 )
00000103: 13.5845   (Y': 11.8644   Cb: 14.4595   Cr: 15.1553 )
00000107: 13.4671   (Y': 11.7857   Cb: 14.2474   Cr: 15.0681 )
00000120: 13.0143   (Y': 10.9142   Cb: 14.1152   Cr: 15.2176 )
00000113: 13.1241   (Y': 11.2468   Cb: 14.0307   Cr: 15.0105 )
00000114: 12.9971   (Y': 11.0849   Cb: 13.8954   Cr: 14.9784 )
00000109: 13.6708   (Y': 11.91     Cb: 14.5377   Cr: 15.3392 )
00000106: 13.747    (Y': 12.0238   Cb: 14.6368   Cr: 15.3071 )
00000110: 13.9704   (Y': 12.1452   Cb: 14.9227   Cr: 15.6806 )
00000112: 13.4117   (Y': 11.6211   Cb: 14.2599   Cr: 15.1695 )
00000117: 12.8087   (Y': 10.7745   Cb: 13.8363   Cr: 14.932  )
00000111: 13.3338   (Y': 11.553    Cb: 14.1628   Cr: 15.0933 )
00000119: 12.9705   (Y': 10.8622   Cb: 14.0924   Cr: 15.1692 )
00000118: 12.9585   (Y': 10.8494   Cb: 14.076    Cr: 15.1648 )
00000124: 12.6577   (Y': 10.573    Cb: 13.7617   Cr: 14.8164 )
00000126: 12.8614   (Y': 10.7947   Cb: 14.0011   Cr: 14.9277 )
00000122: 12.8233   (Y': 10.7604   Cb: 13.8861   Cr: 14.9766 )
00000121: 12.9085   (Y': 10.8229   Cb: 14.0175   Cr: 15.063  )
00000116: 12.878    (Y': 10.871    Cb: 13.8643   Cr: 14.984  )
00000123: 12.6956   (Y': 10.6375   Cb: 13.7776   Cr: 14.8117 )
00000127: 13.0033   (Y': 10.9718   Cb: 14.1505   Cr: 14.9709 )
00000125: 12.7164   (Y': 10.6336   Cb: 13.8434   Cr: 14.8408 )
00000128: 13.0628   (Y': 11.025    Cb: 14.2407   Cr: 15.0091 )
00000134: 13.6694   (Y': 11.6088   Cb: 14.9827   Cr: 15.5152 )
00000129: 13.2826   (Y': 11.2483   Cb: 14.4948   Cr: 15.1798 )
00000132: 13.5461   (Y': 11.416    Cb: 14.8838   Cr: 15.5389 )
00000130: 13.3706   (Y': 11.3008   Cb: 14.5835   Cr: 15.3561 )
00000131: 13.5042   (Y': 11.3934   Cb: 14.8077   Cr: 15.487  )
00000135: 13.7194   (Y': 11.6637   Cb: 15.0188   Cr: 15.5687 )
00000136: 13.7577   (Y': 11.684    Cb: 15.0816   Cr: 15.6236 )
00000137: 13.7126   (Y': 11.7271   Cb: 14.9788   Cr: 15.4304 )
00000133: 13.6664   (Y': 11.5801   Cb: 14.987    Cr: 15.5676 )
00000138: 13.7165   (Y': 11.7246   Cb: 14.9671   Cr: 15.4667 )
00000139: 13.7694   (Y': 11.818    Cb: 14.9897   Cr: 15.4589 )
00000140: 13.7203   (Y': 11.7641   Cb: 14.9534   Cr: 15.4069 )
00000144: 13.543    (Y': 11.6041   Cb: 14.6056   Cr: 15.3856 )
00000142: 13.8171   (Y': 11.8864   Cb: 14.9299   Cr: 15.5807 )
00000145: 13.2834   (Y': 11.3796   Cb: 14.3211   Cr: 15.0723 )
00000141: 13.829    (Y': 11.8876   Cb: 15.0103   Cr: 15.5392 )
00000149: 13.4039   (Y': 11.6191   Cb: 14.3032   Cr: 15.0868 )
00000143: 13.647    (Y': 11.7199   Cb: 14.738    Cr: 15.4276 )
00000150: 13.4718   (Y': 11.6896   Cb: 14.4108   Cr: 15.1017 )
00000152: 13.5874   (Y': 11.8373   Cb: 14.4678   Cr: 15.2166 )
00000151: 13.567    (Y': 11.8184   Cb: 14.439    Cr: 15.203  )
00000148: 13.2655   (Y': 11.4492   Cb: 14.2111   Cr: 14.9636 )
00000158: 13.3768   (Y': 11.7035   Cb: 14.1413   Cr: 14.9797 )
00000153: 13.6513   (Y': 11.9103   Cb: 14.5182   Cr: 15.2768 )
00000147: 13.3134   (Y': 11.5228   Cb: 14.2395   Cr: 14.9771 )
00000146: 13.2857   (Y': 11.4345   Cb: 14.2835   Cr: 15.0007 )
00000156: 13.4082   (Y': 11.7134   Cb: 14.1835   Cr: 15.0439 )
00000154: 13.616    (Y': 11.8828   Cb: 14.4892   Cr: 15.2168 )
00000159: 13.4017   (Y': 11.7252   Cb: 14.121    Cr: 15.067  )
00000157: 13.3636   (Y': 11.6621   Cb: 14.1385   Cr: 15.0144 )
00000155: 13.4895   (Y': 11.8271   Cb: 14.2569   Cr: 15.0658 )
00000167: 13.2244   (Y': 11.7241   Cb: 13.9317   Cr: 14.5459 )
00000165: 13.2102   (Y': 11.6848   Cb: 13.8817   Cr: 14.6221 )
00000162: 13.3227   (Y': 11.7398   Cb: 13.9335   Cr: 14.9251 )
00000164: 13.2089   (Y': 11.6325   Cb: 13.8864   Cr: 14.7159 )
00000160: 13.3455   (Y': 11.6931   Cb: 14.0301   Cr: 15.0023 )
00000163: 13.2581   (Y': 11.7034   Cb: 13.8809   Cr: 14.7875 )
00000161: 13.2941   (Y': 11.6872   Cb: 13.9272   Cr: 14.9187 )
00000166: 13.2095   (Y': 11.6839   Cb: 13.9117   Cr: 14.5859 )
00000168: 13.1976   (Y': 11.6888   Cb: 13.9049   Cr: 14.5355 )
00000169: 13.1817   (Y': 11.7089   Cb: 13.8997   Cr: 14.4387 )
00000170: 13.166    (Y': 11.733    Cb: 13.8678   Cr: 14.3677 )
00000171: 13.1216   (Y': 11.7256   Cb: 13.7851   Cr: 14.2989 )
00000172: 13.1308   (Y': 11.7431   Cb: 13.8018   Cr: 14.2846 )
00000173: 13.0796   (Y': 11.6973   Cb: 13.7505   Cr: 14.2238 )
00000174: 13.0377   (Y': 11.6249   Cb: 13.7434   Cr: 14.1983 )
00000175: 12.9989   (Y': 11.6253   Cb: 13.6877   Cr: 14.1079 )
00000176: 12.9718   (Y': 11.584    Cb: 13.6749   Cr: 14.0902 )
00000178: 13.1034   (Y': 11.7053   Cb: 13.8404   Cr: 14.2033 )
00000179: 13.0935   (Y': 11.6842   Cb: 13.8233   Cr: 14.2211 )
00000180: 13.066    (Y': 11.6485   Cb: 13.8309   Cr: 14.1702 )
00000181: 12.9801   (Y': 11.5344   Cb: 13.7597   Cr: 14.1189 )
00000183: 12.8254   (Y': 11.331    Cb: 13.6173   Cr: 14.0402 )
00000177: 12.9095   (Y': 11.5644   Cb: 13.5945   Cr: 13.9728 )
00000185: 12.5525   (Y': 11.0468   Cb: 13.3122   Cr: 13.8248 )
00000184: 12.7396   (Y': 11.2559   Cb: 13.4954   Cr: 13.9748 )
00000186: 12.4223   (Y': 10.9101   Cb: 13.147    Cr: 13.7467 )
00000187: 12.2671   (Y': 10.7874   Cb: 12.9516   Cr: 13.5756 )
00000188: 12.1824   (Y': 10.6763   Cb: 12.8666   Cr: 13.5416 )
00000182: 12.9301   (Y': 11.4491   Cb: 13.7226   Cr: 14.1194 )
00000189: 12.0597   (Y': 10.5851   Cb: 12.6844   Cr: 13.4284 )
00000190: 11.9797   (Y': 10.5292   Cb: 12.6025   Cr: 13.3048 )
00000191: 11.8512   (Y': 10.3656   Cb: 12.4973   Cr: 13.2158 )
00000195: 11.7134   (Y': 10.3135   Cb: 12.2824   Cr: 13.0069 )
00000197: 11.7666   (Y': 10.4084   Cb: 12.3126   Cr: 13.0102 )
00000194: 11.7382   (Y': 10.3203   Cb: 12.3134   Cr: 13.0581 )
00000214: 12.3092   (Y': 10.826    Cb: 12.9845   Cr: 13.6349 )
00000193: 11.7618   (Y': 10.3266   Cb: 12.3507   Cr: 13.098  )
00000196: 11.7151   (Y': 10.3601   Cb: 12.248    Cr: 12.9686 )
00000198: 11.8038   (Y': 10.4494   Cb: 12.3462   Cr: 13.0447 )
00000192: 11.8429   (Y': 10.378    Cb: 12.4453   Cr: 13.2195 )
00000203: 12.1375   (Y': 10.802    Cb: 12.7224   Cr: 13.2956 )
00000201: 11.9552   (Y': 10.6417   Cb: 12.5115   Cr: 13.1067 )
00000200: 11.8574   (Y': 10.5408   Cb: 12.4097   Cr: 13.0194 )
00000202: 12.0103   (Y': 10.6743   Cb: 12.5762   Cr: 13.191  )
00000204: 12.1797   (Y': 10.8191   Cb: 12.7674   Cr: 13.3793 )
00000205: 12.2418   (Y': 10.9078   Cb: 12.8164   Cr: 13.4086 )
00000206: 12.2966   (Y': 10.9529   Cb: 12.8756   Cr: 13.4758 )
00000207: 12.3327   (Y': 10.9721   Cb: 12.8939   Cr: 13.5632 )
00000199: 11.8263   (Y': 10.501    Cb: 12.3615   Cr: 13.0232 )
00000210: 12.354    (Y': 10.9569   Cb: 12.9391   Cr: 13.623  )
00000211: 12.2605   (Y': 10.8382   Cb: 12.8634   Cr: 13.5555 )
00000208: 12.3194   (Y': 10.9582   Cb: 12.8624   Cr: 13.5721 )
00000213: 12.3091   (Y': 10.8492   Cb: 12.9667   Cr: 13.6111 )
00000209: 12.3537   (Y': 11.0015   Cb: 12.913    Cr: 13.571  )
00000212: 12.2593   (Y': 10.8311   Cb: 12.886    Cr: 13.5378 )
00000215: 12.544    (Y': 11.0611   Cb: 13.2376   Cr: 13.848  )
00000220: 13.0415   (Y': 11.539    Cb: 13.7935   Cr: 14.316  )
00000221: 13.1666   (Y': 11.5885   Cb: 13.9783   Cr: 14.5196 )
00000219: 12.9762   (Y': 11.4825   Cb: 13.7051   Cr: 14.2604 )
00000223: 13.3465   (Y': 11.7375   Cb: 14.1916   Cr: 14.7227 )
00000216: 12.6358   (Y': 11.1687   Cb: 13.318    Cr: 13.923  )
00000217: 12.8009   (Y': 11.3326   Cb: 13.5104   Cr: 14.0592 )
00000218: 12.8728   (Y': 11.3856   Cb: 13.5763   Cr: 14.1736 )
00000222: 13.2247   (Y': 11.5965   Cb: 14.0555   Cr: 14.656  )
00000225: 13.4537   (Y': 11.7936   Cb: 14.3566   Cr: 14.8674 )
00000224: 13.4687   (Y': 11.8711   Cb: 14.3092   Cr: 14.8277 )
00000227: 13.613    (Y': 11.9859   Cb: 14.478    Cr: 15.003  )
00000226: 13.4688   (Y': 11.8465   Cb: 14.3223   Cr: 14.862  )
00000228: 13.6756   (Y': 12.0535   Cb: 14.5982   Cr: 14.9917 )
00000229: 13.6792   (Y': 12.0523   Cb: 14.5328   Cr: 15.0816 )
00000230: 13.6782   (Y': 12.1047   Cb: 14.5354   Cr: 14.9713 )
00000233: 13.7381   (Y': 12.2709   Cb: 14.5597   Cr: 14.8708 )
00000232: 13.684    (Y': 12.1799   Cb: 14.5516   Cr: 14.8348 )
00000231: 13.7134   (Y': 12.1896   Cb: 14.5502   Cr: 14.9343 )
00000234: 13.6947   (Y': 12.2497   Cb: 14.4412   Cr: 14.8685 )
00000237: 13.7161   (Y': 12.3009   Cb: 14.3822   Cr: 14.9254 )
00000235: 13.6243   (Y': 12.171    Cb: 14.3324   Cr: 14.8564 )
00000236: 13.681    (Y': 12.2467   Cb: 14.3737   Cr: 14.8953 )
00000239: 13.6992   (Y': 12.3032   Cb: 14.2791   Cr: 14.9724 )
00000238: 13.6988   (Y': 12.2654   Cb: 14.332    Cr: 14.9795 )
00000240: 13.6886   (Y': 12.2712   Cb: 14.3043   Cr: 14.9597 )
00000242: 13.5095   (Y': 12.2918   Cb: 13.8467   Cr: 14.7528 )
00000243: 13.4514   (Y': 12.3509   Cb: 13.6178   Cr: 14.7053 )
00000241: 13.5499   (Y': 12.2584   Cb: 13.9838   Cr: 14.8064 )
00000244: 13.4201   (Y': 12.3738   Cb: 13.4976   Cr: 14.6971 )
00000245: 13.3075   (Y': 12.3502   Cb: 13.2202   Cr: 14.6559 )
00000246: 13.1858   (Y': 12.2139   Cb: 13.0323   Cr: 14.6538 )
00000247: 13.045    (Y': 12.0388   Cb: 12.7868   Cr: 14.7327 )
00000249: 12.9343   (Y': 11.7585   Cb: 12.6568   Cr: 14.9887 )
00000251: 12.8893   (Y': 11.7203   Cb: 12.5535   Cr: 15.0306 )
00000252: 12.7531   (Y': 11.5999   Cb: 12.3808   Cr: 14.9258 )
00000253: 12.6756   (Y': 11.5689   Cb: 12.2571   Cr: 14.8324 )
00000248: 12.973    (Y': 11.9071   Cb: 12.6798   Cr: 14.8306 )
00000254: 12.737    (Y': 11.6537   Cb: 12.3217   Cr: 14.8388 )
00000255: 12.9771   (Y': 11.8878   Cb: 12.6412   Cr: 14.9529 )
00000250: 12.9376   (Y': 11.7351   Cb: 12.6366   Cr: 15.0897 )
00000256: 13.0736   (Y': 11.9969   Cb: 12.789    Cr: 14.9385 )
00000259: 13.6934   (Y': 12.5149   Cb: 13.6688   Cr: 15.3519 )
00000258: 13.3659   (Y': 12.2293   Cb: 13.2617   Cr: 15.0626 )
00000261: 13.6639   (Y': 12.453    Cb: 13.6695   Cr: 15.3407 )
00000262: 13.6174   (Y': 12.4345   Cb: 13.6897   Cr: 15.1454 )
00000257: 13.3894   (Y': 12.2334   Cb: 13.2829   Cr: 15.1273 )
00000263: 13.7173   (Y': 12.6842   Cb: 13.7757   Cr: 14.9967 )
00000260: 13.7563   (Y': 12.5043   Cb: 13.7972   Cr: 15.4619 )
00000264: 13.7772   (Y': 12.8901   Cb: 13.764    Cr: 14.9104 )
00000268: 13.5057   (Y': 12.6032   Cb: 13.4669   Cr: 14.6973 )
00000265: 13.6498   (Y': 12.7306   Cb: 13.6435   Cr: 14.8255 )
00000266: 13.6178   (Y': 12.6936   Cb: 13.5912   Cr: 14.8284 )
00000267: 13.5046   (Y': 12.6545   Cb: 13.43     Cr: 14.6597 )
00000269: 13.4969   (Y': 12.6336   Cb: 13.4246   Cr: 14.6699 )
00000271: 13.48     (Y': 12.5955   Cb: 13.534    Cr: 14.5231 )
00000272: 13.3944   (Y': 12.5132   Cb: 13.4566   Cr: 14.422  )
00000270: 13.5274   (Y': 12.6576   Cb: 13.4813   Cr: 14.6763 )
00000273: 13.3667   (Y': 12.5068   Cb: 13.4305   Cr: 14.3597 )
00000274: 13.318    (Y': 12.4342   Cb: 13.4273   Cr: 14.2917 )
00000275: 13.269    (Y': 12.4041   Cb: 13.3825   Cr: 14.2085 )
00000276: 13.2649   (Y': 12.3703   Cb: 13.436    Cr: 14.1806 )
00000277: 13.1391   (Y': 12.1397   Cb: 13.4243   Cr: 14.0822 )
00000278: 13.0743   (Y': 12.0886   Cb: 13.3757   Cr: 13.9774 )
00000279: 12.8341   (Y': 11.8437   Cb: 13.1512   Cr: 13.7264 )
00000280: 12.8054   (Y': 11.8066   Cb: 13.1464   Cr: 13.6834 )
00000283: 12.515    (Y': 11.7804   Cb: 12.7147   Cr: 13.1669 )
00000282: 12.5753   (Y': 11.6601   Cb: 12.8645   Cr: 13.3854 )
00000281: 12.641    (Y': 11.7117   Cb: 12.9245   Cr: 13.4787 )
00000284: 12.4507   (Y': 11.7606   Cb: 12.6123   Cr: 13.0841 )
00000285: 12.3423   (Y': 11.7889   Cb: 12.4239   Cr: 12.8839 )
00000286: 12.2281   (Y': 11.7561   Cb: 12.2536   Cr: 12.7293 )
00000287: 12.8426   (Y': 11.7507   Cb: 13.4216   Cr: 13.605  )
00000288: 12.3399   (Y': 11.7217   Cb: 12.5009   Cr: 12.8781 )
00000290: 12.1245   (Y': 11.6732   Cb: 12.1123   Cr: 12.642  )
00000291: 12.5333   (Y': 11.8146   Cb: 12.7142   Cr: 13.1842 )
00000289: 11.9149   (Y': 11.6154   Cb: 11.7838   Cr: 12.3825 )
00000292: 12.4143   (Y': 11.7303   Cb: 12.5725   Cr: 13.0431 )
00000293: 11.6624   (Y': 11.1732   Cb: 11.5869   Cr: 12.3012 )
00000294: 11.8824   (Y': 11.3402   Cb: 11.8971   Cr: 12.4852 )
00000297: 11.3821   (Y': 10.7086   Cb: 11.4195   Cr: 12.135  )
00000296: 11.5489   (Y': 10.9715   Cb: 11.5441   Cr: 12.2209 )
00000298: 11.4286   (Y': 10.7114   Cb: 11.5084   Cr: 12.1928 )
00000300: 11.4869   (Y': 10.576    Cb: 11.7386   Cr: 12.333  )
00000295: 11.9841   (Y': 11.3742   Cb: 12.0756   Cr: 12.5884 )
00000299: 11.4719   (Y': 10.6361   Cb: 11.6623   Cr: 12.2774 )
00000301: 11.5519   (Y': 10.5438   Cb: 11.9137   Cr: 12.4207 )
00000302: 11.5346   (Y': 10.4661   Cb: 11.9298   Cr: 12.4601 )
00000305: 11.2573   (Y': 9.99807   Cb: 11.784    Cr: 12.3485 )
00000304: 11.3145   (Y': 10.0462   Cb: 11.8677   Cr: 12.3911 )
00000306: 11.1777   (Y': 9.93603   Cb: 11.6642   Cr: 12.2847 )
00000303: 11.3572   (Y': 10.1683   Cb: 11.8274   Cr: 12.3935 )
00000310: 11.121    (Y': 10.0806   Cb: 11.4496   Cr: 12.0782 )
00000307: 11.154    (Y': 9.9129    Cb: 11.6339   Cr: 12.2676 )
00000308: 11.1051   (Y': 9.91744   Cb: 11.5327   Cr: 12.1885 )
00000309: 11.0852   (Y': 9.93305   Cb: 11.4907   Cr: 12.1346 )
00000312: 11.0402   (Y': 10.0887   Cb: 11.295    Cr: 11.9445 )
00000313: 11.0216   (Y': 10.0857   Cb: 11.2673   Cr: 11.9126 )
00000314: 11.0061   (Y': 10.0886   Cb: 11.2287   Cr: 11.8962 )
00000311: 11.0963   (Y': 10.0779   Cb: 11.407    Cr: 12.0396 )
00000320: 10.9112   (Y': 10.1366   Cb: 11.0226   Cr: 11.7201 )
00000318: 10.9873   (Y': 10.1953   Cb: 11.125    Cr: 11.7903 )
00000317: 10.9619   (Y': 10.1367   Cb: 11.1101   Cr: 11.801  )
00000316: 10.9814   (Y': 10.1157   Cb: 11.1526   Cr: 11.8536 )
00000319: 10.9763   (Y': 10.1948   Cb: 11.1035   Cr: 11.7767 )
00000315: 10.9996   (Y': 10.0886   Cb: 11.2157   Cr: 11.8871 )
00000321: 10.8912   (Y': 10.1504   Cb: 10.9769   Cr: 11.6818 )
00000322: 10.9441   (Y': 10.2094   Cb: 11.0227   Cr: 11.7346 )
00000323: 11.0266   (Y': 10.3078   Cb: 11.1397   Cr: 11.7544 )
00000325: 11.3455   (Y': 10.6427   Cb: 11.4763   Cr: 12.0309 )
00000324: 11.2716   (Y': 10.5559   Cb: 11.3984   Cr: 11.9795 )
00000326: 11.5119   (Y': 10.7959   Cb: 11.701    Cr: 12.1498 )
00000327: 11.6609   (Y': 10.9844   Cb: 11.8456   Cr: 12.2502 )
00000331: 12.0225   (Y': 11.1347   Cb: 12.3989   Cr: 12.6967 )
00000328: 12.1059   (Y': 11.5364   Cb: 12.252    Cr: 12.5974 )
00000329: 12.4031   (Y': 11.8939   Cb: 12.5694   Cr: 12.7974 )
00000330: 12.3971   (Y': 11.6728   Cb: 12.7215   Cr: 12.9008 )
00000332: 12.2051   (Y': 11.2516   Cb: 12.665    Cr: 12.8854 )
00000333: 12.3043   (Y': 11.2989   Cb: 12.7732   Cr: 13.052  )
00000336: 13.6027   (Y': 12.7388   Cb: 14.0253   Cr: 14.1942 )
00000335: 13.1153   (Y': 12.1407   Cb: 13.6508   Cr: 13.7479 )
00000334: 12.6756   (Y': 11.64     Cb: 13.2347   Cr: 13.3738 )
00000337: 13.3471   (Y': 12.2327   Cb: 13.919    Cr: 14.1519 )
00000338: 13.1336   (Y': 11.6232   Cb: 14.0284   Cr: 14.2671 )
00000339: 13.2151   (Y': 11.6236   Cb: 14.1854   Cr: 14.4206 )
00000340: 13.3972   (Y': 11.6755   Cb: 14.4845   Cr: 14.7346 )
00000341: 13.4775   (Y': 11.6993   Cb: 14.5828   Cr: 14.9117 )
00000343: 13.767    (Y': 11.8221   Cb: 15.0151   Cr: 15.411  )
00000344: 14.682    (Y': 13.205    Cb: 15.451    Cr: 15.8899 )
00000346: 14.2467   (Y': 12.3053   Cb: 15.5153   Cr: 15.8605 )
00000345: 14.9397   (Y': 13.609    Cb: 15.5497   Cr: 16.0606 )
00000342: 13.709    (Y': 11.8062   Cb: 14.8743   Cr: 15.3488 )
00000347: 14.1705   (Y': 12.1892   Cb: 15.4731   Cr: 15.8388 )
00000348: 14.1906   (Y': 12.1051   Cb: 15.5621   Cr: 16.0324 )
00000351: 14.198    (Y': 12.2594   Cb: 15.3222   Cr: 15.9669 )
00000350: 14.2429   (Y': 12.1773   Cb: 15.4806   Cr: 16.1881 )
00000349: 14.2619   (Y': 12.1389   Cb: 15.624    Cr: 16.2082 )
00000353: 14.3396   (Y': 12.5418   Cb: 15.3503   Cr: 15.9208 )
00000356: 14.5065   (Y': 12.8452   Cb: 15.2236   Cr: 16.1418 )
00000352: 14.2969   (Y': 12.4289   Cb: 15.4156   Cr: 15.9108 )
00000355: 14.5208   (Y': 12.8472   Cb: 15.32     Cr: 16.0826 )
00000354: 14.4432   (Y': 12.7217   Cb: 15.2978   Cr: 16.041  )
00000358: 14.351    (Y': 12.7154   Cb: 14.9038   Cr: 16.1413 )
00000357: 14.4629   (Y': 12.7695   Cb: 15.1405   Cr: 16.2176 )
00000359: 14.3302   (Y': 12.7612   Cb: 14.8365   Cr: 16.038  )
00000361: 14.1548   (Y': 12.5838   Cb: 14.6207   Cr: 15.9207 )
00000362: 14.0574   (Y': 12.3747   Cb: 14.641    Cr: 15.9117 )
00000364: 13.9961   (Y': 12.1885   Cb: 14.613    Cr: 16.0989 )
00000363: 14.1026   (Y': 12.3664   Cb: 14.7049   Cr: 16.0542 )
00000360: 14.1657   (Y': 12.5847   Cb: 14.6624   Cr: 15.9116 )
00000365: 13.9648   (Y': 12.1505   Cb: 14.5729   Cr: 16.0967 )
00000366: 13.7954   (Y': 12.011    Cb: 14.3104   Cr: 15.987  )
00000367: 13.8211   (Y': 12.0331   Cb: 14.3548   Cr: 15.9945 )
00000368: 13.8603   (Y': 12.0324   Cb: 14.469    Cr: 16.0252 )
00000369: 13.8491   (Y': 12.0689   Cb: 14.4206   Cr: 15.949  )
00000370: 13.8883   (Y': 12.0932   Cb: 14.5007   Cr: 15.9669 )
00000371: 13.8547   (Y': 12.0273   Cb: 14.4631   Cr: 16.0186 )
00000372: 13.8677   (Y': 11.9822   Cb: 14.5592   Cr: 16.0605 )
00000373: 13.8749   (Y': 11.9516   Cb: 14.6241   Cr: 16.0839 )
00000377: 13.9161   (Y': 11.913    Cb: 14.7413   Cr: 16.2294 )
00000376: 13.7147   (Y': 11.7448   Cb: 14.568    Cr: 15.9012 )
00000378: 14.0267   (Y': 12.0692   Cb: 14.8567   Cr: 16.213  )
00000379: 13.8746   (Y': 11.9719   Cb: 14.5777   Cr: 16.0951 )
00000374: 13.8842   (Y': 11.9064   Cb: 14.6509   Cr: 16.2126 )
00000375: 13.9047   (Y': 11.9181   Cb: 14.6729   Cr: 16.2546 )
00000380: 13.8299   (Y': 12.0776   Cb: 14.4706   Cr: 15.7672 )
00000381: 13.9734   (Y': 12.1889   Cb: 14.635    Cr: 15.9585 )
00000382: 13.5556   (Y': 11.8154   Cb: 14.1368   Cr: 15.5459 )
00000383: 13.5078   (Y': 11.8051   Cb: 14.0017   Cr: 15.5321 )
00000384: 13.6579   (Y': 11.9105   Cb: 14.2322   Cr: 15.6749 )
00000386: 13.8391   (Y': 12.1619   Cb: 14.2472   Cr: 15.927  )
00000385: 13.7051   (Y': 11.8853   Cb: 14.3307   Cr: 15.8259 )
00000387: 13.8103   (Y': 12.1628   Cb: 14.3096   Cr: 15.6993 )
00000388: 14.3318   (Y': 12.4501   Cb: 15.0945   Cr: 16.4166 )
00000389: 14.084    (Y': 12.2379   Cb: 14.8155   Cr: 16.1229 )
00000390: 13.6393   (Y': 12.0361   Cb: 14.1      Cr: 15.4826 )
00000391: 13.8754   (Y': 12.246    Cb: 14.3939   Cr: 15.6979 )
00000392: 13.6203   (Y': 12.157    Cb: 13.9343   Cr: 15.3655 )
00000393: 13.4356   (Y': 12.0267   Cb: 13.7694   Cr: 15.0425 )
00000395: 13.2744   (Y': 11.8969   Cb: 13.548    Cr: 14.8998 )
00000396: 13.0819   (Y': 11.6547   Cb: 13.3146   Cr: 14.8661 )
00000394: 13.1299   (Y': 11.8197   Cb: 13.3122   Cr: 14.7477 )
00000397: 13.0043   (Y': 11.6273   Cb: 13.1595   Cr: 14.7956 )
00000398: 12.9166   (Y': 11.4717   Cb: 13.0912   Cr: 14.823  )
00000399: 12.9752   (Y': 11.5233   Cb: 13.1359   Cr: 14.9179 )
00000402: 13.1757   (Y': 11.7665   Cb: 13.4628   Cr: 14.8466 )
00000400: 13.1792   (Y': 11.8125   Cb: 13.4025   Cr: 14.8525 )
00000401: 13.157    (Y': 11.7998   Cb: 13.3918   Cr: 14.7952 )
00000403: 13.2184   (Y': 11.812    Cb: 13.506    Cr: 14.883  )
00000405: 13.3966   (Y': 11.9487   Cb: 13.6673   Cr: 15.17   )
00000404: 13.3846   (Y': 11.9882   Cb: 13.657    Cr: 15.0497 )
00000406: 13.3766   (Y': 11.8592   Cb: 13.7344   Cr: 15.1754 )
00000407: 13.3653   (Y': 11.8125   Cb: 13.7541   Cr: 15.1975 )
00000412: 13.583    (Y': 11.7942   Cb: 14.2376   Cr: 15.5878 )
00000410: 13.5082   (Y': 11.7571   Cb: 14.0743   Cr: 15.5449 )
00000408: 13.4166   (Y': 11.7614   Cb: 13.8704   Cr: 15.3867 )
00000409: 13.4116   (Y': 11.6902   Cb: 13.9587   Cr: 15.4048 )
00000411: 13.4904   (Y': 11.7443   Cb: 14.0654   Cr: 15.5032 )
00000414: 13.529    (Y': 11.73     Cb: 14.2286   Cr: 15.4975 )
00000413: 13.6137   (Y': 11.7951   Cb: 14.2993   Cr: 15.648  )
00000415: 13.6142   (Y': 11.7696   Cb: 14.3723   Cr: 15.6142 )
00000416: 13.5344   (Y': 11.6679   Cb: 14.2986   Cr: 15.5793 )
00000417: 13.6149   (Y': 11.7996   Cb: 14.3088   Cr: 15.63   )
00000418: 13.6088   (Y': 11.7762   Cb: 14.2656   Cr: 15.7174 )
00000419: 13.5598   (Y': 11.6976   Cb: 14.2307   Cr: 15.7224 )
00000420: 13.4924   (Y': 11.6027   Cb: 14.1708   Cr: 15.7145 )
00000421: 13.5012   (Y': 11.6      Cb: 14.1529   Cr: 15.7917 )
00000423: 13.6286   (Y': 11.6935   Cb: 14.2904   Cr: 15.9946 )
00000422: 13.5972   (Y': 11.6144   Cb: 14.3319   Cr: 15.9855 )
00000424: 13.6784   (Y': 11.7459   Cb: 14.2986   Cr: 16.0997 )
00000425: 13.6697   (Y': 11.774    Cb: 14.2807   Cr: 16.0059 )
00000427: 13.7189   (Y': 11.8758   Cb: 14.3637   Cr: 15.8704 )
00000426: 13.7311   (Y': 11.8449   Cb: 14.3873   Cr: 15.976  )
00000428: 13.7364   (Y': 11.9648   Cb: 14.3127   Cr: 15.8086 )
00000429: 13.7473   (Y': 11.967    Cb: 14.3452   Cr: 15.8099 )
00000431: 13.7342   (Y': 12.0328   Cb: 14.2247   Cr: 15.7603 )
00000432: 13.7825   (Y': 12.0855   Cb: 14.2196   Cr: 15.8752 )
00000430: 13.7456   (Y': 12.0291   Cb: 14.2501   Cr: 15.7873 )
00000433: 13.7951   (Y': 12.1642   Cb: 14.1623   Cr: 15.834  )
00000434: 13.8528   (Y': 12.3717   Cb: 14.1088   Cr: 15.7182 )
00000435: 13.9145   (Y': 12.4787   Cb: 14.1172   Cr: 15.7601 )
00000436: 13.86     (Y': 12.4604   Cb: 13.994    Cr: 15.7301 )
00000437: 13.8754   (Y': 12.5499   Cb: 13.9754   Cr: 15.6418 )
00000438: 13.7857   (Y': 12.4801   Cb: 13.8914   Cr: 15.503  )
00000439: 13.7451   (Y': 12.3824   Cb: 13.966    Cr: 15.4134 )
00000440: 13.6773   (Y': 12.4567   Cb: 13.7706   Cr: 15.2468 )
00000441: 13.6495   (Y': 12.3789   Cb: 13.7869   Cr: 15.2529 )
00000442: 13.6033   (Y': 12.3474   Cb: 13.7636   Cr: 15.1467 )
00000443: 13.5847   (Y': 12.2967   Cb: 13.7741   Cr: 15.1496 )
00000445: 13.7746   (Y': 12.44     Cb: 13.9877   Cr: 15.3979 )
00000444: 13.8233   (Y': 12.4935   Cb: 14.0464   Cr: 15.4233 )
00000446: 13.6472   (Y': 12.3456   Cb: 13.8003   Cr: 15.289  )
00000447: 13.5424   (Y': 12.284    Cb: 13.6255   Cr: 15.1991 )
00000448: 13.4476   (Y': 12.2435   Cb: 13.4903   Cr: 15.0571 )
00000450: 13.3886   (Y': 12.2666   Cb: 13.4246   Cr: 14.8548 )
00000449: 13.3943   (Y': 12.2243   Cb: 13.4549   Cr: 14.9147 )
00000454: 13.9221   (Y': 12.8558   Cb: 13.8417   Cr: 15.4522 )
00000455: 14.142    (Y': 13.059    Cb: 14.0919   Cr: 15.659  )
00000451: 13.4196   (Y': 12.3696   Cb: 13.4242   Cr: 14.801  )
00000452: 13.5893   (Y': 12.5781   Cb: 13.5405   Cr: 14.9769 )
00000456: 14.1478   (Y': 12.9338   Cb: 14.1969   Cr: 15.7672 )
00000458: 15.8046   (Y': 14.065    Cb: 16.4895   Cr: 17.6538 )
00000453: 13.6625   (Y': 12.6451   Cb: 13.6031   Cr: 15.0756 )
00000457: 14.3102   (Y': 13.0123   Cb: 14.4579   Cr: 15.9524 )
00000459: 13.9004   (Y': 12.5146   Cb: 14.1387   Cr: 15.5913 )
00000463: 13.7784   (Y': 12.5889   Cb: 13.9905   Cr: 15.1296 )
00000460: 13.5136   (Y': 12.5129   Cb: 13.4605   Cr: 14.889  )
00000461: 13.5389   (Y': 12.5025   Cb: 13.5276   Cr: 14.9181 )
00000462: 13.6836   (Y': 12.5463   Cb: 13.7772   Cr: 15.0986 )
00000465: 13.9078   (Y': 12.517    Cb: 14.306    Cr: 15.3943 )
00000464: 13.8612   (Y': 12.5494   Cb: 14.1928   Cr: 15.2826 )
00000466: 13.863    (Y': 12.2709   Cb: 14.5414   Cr: 15.4009 )
00000468: 14.3064   (Y': 12.6845   Cb: 15.0939   Cr: 15.7752 )
00000467: 14.0329   (Y': 12.3987   Cb: 14.7969   Cr: 15.5546 )
00000469: 14.3555   (Y': 12.7097   Cb: 15.1978   Cr: 15.809  )
00000471: 14.5321   (Y': 12.8026   Cb: 15.4783   Cr: 16.0402 )
00000470: 14.5413   (Y': 12.7907   Cb: 15.49     Cr: 16.0915 )
00000472: 14.6385   (Y': 12.8547   Cb: 15.6855   Cr: 16.1488 )
00000476: 14.75     (Y': 13.2874   Cb: 15.4154   Cr: 16.0481 )
00000474: 14.6432   (Y': 12.9594   Cb: 15.5957   Cr: 16.0496 )
00000473: 14.6124   (Y': 12.8785   Cb: 15.616    Cr: 16.0654 )
00000475: 14.6956   (Y': 13.1165   Cb: 15.5712   Cr: 15.9792 )
00000478: 14.9676   (Y': 13.4279   Cb: 15.596    Cr: 16.4601 )
00000479: 14.7183   (Y': 13.0541   Cb: 15.4792   Cr: 16.3064 )
00000477: 15.303    (Y': 13.6144   Cb: 16.1965   Cr: 16.786  )
00000480: 14.586    (Y': 13.0645   Cb: 15.2658   Cr: 15.9805 )
00000481: 14.3704   (Y': 12.9288   Cb: 14.9454   Cr: 15.735  )
00000482: 13.8548   (Y': 12.6454   Cb: 14.0841   Cr: 15.2197 )
00000483: 13.8725   (Y': 12.6487   Cb: 14.1348   Cr: 15.2207 )
00000484: 13.949    (Y': 12.6922   Cb: 14.2852   Cr: 15.2631 )
00000485: 14.0106   (Y': 12.7001   Cb: 14.3732   Cr: 15.3903 )
00000487: 13.712    (Y': 12.2702   Cb: 14.202    Cr: 15.1812 )
00000486: 13.8669   (Y': 12.4997   Cb: 14.3058   Cr: 15.2568 )
00000488: 13.779    (Y': 12.4326   Cb: 14.1169   Cr: 15.258  )
00000489: 13.8181   (Y': 12.5082   Cb: 14.0659   Cr: 15.3461 )
00000490: 13.8209   (Y': 12.5864   Cb: 14.0305   Cr: 15.2577 )
00000491: 13.8781   (Y': 12.6357   Cb: 14.1109   Cr: 15.2986 )
00000493: 14.1277   (Y': 12.6624   Cb: 14.5823   Cr: 15.6887 )
00000492: 14.0083   (Y': 12.6016   Cb: 14.3986   Cr: 15.536  )
00000494: 14.2449   (Y': 12.7646   Cb: 14.6608   Cr: 15.8869 )
00000495: 14.2958   (Y': 12.7795   Cb: 14.7777   Cr: 15.9252 )
00000496: 14.4325   (Y': 12.8149   Cb: 14.9232   Cr: 16.2663 )
00000497: 14.4022   (Y': 12.7788   Cb: 14.8687   Cr: 16.2826 )
00000499: 14.5085   (Y': 12.8341   Cb: 14.9836   Cr: 16.4929 )
00000501: 14.4467   (Y': 12.696    Cb: 14.8356   Cr: 16.7444 )
00000498: 14.6779   (Y': 12.9808   Cb: 15.2242   Cr: 16.6157 )
00000500: 14.4461   (Y': 12.7444   Cb: 14.8707   Cr: 16.5682 )
00000503: 14.3657   (Y': 12.7529   Cb: 14.5908   Cr: 16.5782 )
00000502: 14.3524   (Y': 12.701    Cb: 14.6334   Cr: 16.571  )
00000505: 14.4938   (Y': 12.9645   Cb: 14.6761   Cr: 16.577  )
00000506: 14.452    (Y': 12.8126   Cb: 14.703    Cr: 16.6884 )
00000504: 14.5081   (Y': 12.8965   Cb: 14.7295   Cr: 16.7237 )
00000507: 14.4237   (Y': 12.8211   Cb: 14.6428   Cr: 16.6213 )
00000508: 14.2471   (Y': 12.7282   Cb: 14.3824   Cr: 16.3798 )
00000510: 14.1546   (Y': 12.553    Cb: 14.3168   Cr: 16.4413 )
00000512: 14.1276   (Y': 12.4279   Cb: 14.4202   Cr: 16.4476 )
00000509: 14.0323   (Y': 12.5462   Cb: 14.0919   Cr: 16.2104 )
00000513: 14.0922   (Y': 12.325    Cb: 14.4868   Cr: 16.4231 )
00000511: 14.1714   (Y': 12.5215   Cb: 14.3721   Cr: 16.5146 )
00000515: 13.9775   (Y': 12.2515   Cb: 14.3588   Cr: 16.2247 )
00000514: 14.0146   (Y': 12.2589   Cb: 14.3916   Cr: 16.3433 )
00000516: 14.0521   (Y': 12.2287   Cb: 14.6064   Cr: 16.2841 )
00000517: 14.0353   (Y': 12.2405   Cb: 14.5532   Cr: 16.2488 )
00000520: 14.2778   (Y': 12.2531   Cb: 15.0136   Cr: 16.7814 )
00000519: 14.195    (Y': 12.3003   Cb: 14.8483   Cr: 16.4662 )
00000521: 14.2759   (Y': 12.3969   Cb: 14.8389   Cr: 16.6399 )
00000523: 14.1771   (Y': 12.6573   Cb: 14.1989   Cr: 16.4979 )
00000518: 14.0249   (Y': 12.2509   Cb: 14.5153   Cr: 16.2274 )
00000524: 14.0045   (Y': 12.6063   Cb: 13.9041   Cr: 16.2461 )
00000525: 14.1408   (Y': 12.678    Cb: 14.004    Cr: 16.6008 )
00000527: 14.1674   (Y': 12.8716   Cb: 13.9476   Cr: 16.3828 )
00000522: 14.3215   (Y': 12.6113   Cb: 14.6396   Cr: 16.6274 )
00000526: 14.4609   (Y': 13.0109   Cb: 14.3506   Cr: 16.8422 )
00000529: 14.0446   (Y': 12.507    Cb: 13.9191   Cr: 16.6737 )
00000530: 14.1889   (Y': 12.5351   Cb: 14.2266   Cr: 16.8235 )
00000531: 14.233    (Y': 12.5423   Cb: 14.3298   Cr: 16.86   )
00000532: 14.2761   (Y': 12.4692   Cb: 14.5266   Cr: 16.9513 )
00000533: 14.2327   (Y': 12.3646   Cb: 14.6392   Cr: 16.8143 )
00000528: 14.0421   (Y': 12.4895   Cb: 13.9122   Cr: 16.7192 )
00000534: 14.0091   (Y': 12.2156   Cb: 14.3443   Cr: 16.504  )
00000535: 13.9089   (Y': 12.1286   Cb: 14.2592   Cr: 16.344  )
00000536: 13.9606   (Y': 12.1501   Cb: 14.3754   Cr: 16.3727 )
00000538: 13.7676   (Y': 11.9418   Cb: 14.2205   Cr: 16.1598 )
00000537: 13.9226   (Y': 12.1295   Cb: 14.335    Cr: 16.2927 )
00000539: 13.7692   (Y': 11.9132   Cb: 14.2478   Cr: 16.202  )
00000541: 13.6545   (Y': 11.7882   Cb: 14.1345   Cr: 16.1126 )
00000540: 13.7135   (Y': 11.8595   Cb: 14.1672   Cr: 16.1801 )
00000544: 13.7022   (Y': 11.8751   Cb: 14.0839   Cr: 16.212  )
00000542: 13.4888   (Y': 11.6729   Cb: 13.8575   Cr: 15.9896 )
00000543: 13.5769   (Y': 11.7838   Cb: 13.9089   Cr: 16.0759 )
00000546: 14.1402   (Y': 12.3084   Cb: 14.6295   Cr: 16.4919 )
00000545: 13.8648   (Y': 12.0458   Cb: 14.2509   Cr: 16.3458 )
00000547: 14.192    (Y': 12.344    Cb: 14.6593   Cr: 16.6209 )
00000548: 13.855    (Y': 12.2143   Cb: 14.1241   Cr: 16.0659 )
00000550: 13.4467   (Y': 11.6951   Cb: 13.7783   Cr: 15.8369 )
00000549: 13.6847   (Y': 11.9186   Cb: 14.0396   Cr: 16.0752 )
00000551: 13.4074   (Y': 11.6862   Cb: 13.6781   Cr: 15.818  )
00000554: 13.3805   (Y': 11.6894   Cb: 13.5892   Cr: 15.8152 )
00000553: 13.4567   (Y': 11.7392   Cb: 13.738    Cr: 15.8402 )
00000552: 13.4026   (Y': 11.6603   Cb: 13.7006   Cr: 15.8229 )
00000556: 13.3507   (Y': 11.6618   Cb: 13.602    Cr: 15.7099 )
00000555: 13.42     (Y': 11.7182   Cb: 13.6497   Cr: 15.8475 )
00000557: 13.3121   (Y': 11.618    Cb: 13.564    Cr: 15.6837 )
00000558: 13.458    (Y': 11.9074   Cb: 13.5764   Cr: 15.6925 )
00000560: 13.5289   (Y': 11.9676   Cb: 13.7004   Cr: 15.7032 )
00000559: 13.4605   (Y': 11.923    Cb: 13.5876   Cr: 15.6498 )
00000561: 13.5685   (Y': 11.9651   Cb: 13.8011   Cr: 15.7466 )
00000563: 13.4453   (Y': 11.5938   Cb: 13.9727   Cr: 15.7905 )
00000564: 13.6173   (Y': 11.8446   Cb: 14.0484   Cr: 15.9058 )
00000562: 13.4354   (Y': 11.5824   Cb: 13.9318   Cr: 15.8326 )
00000565: 13.6361   (Y': 11.8229   Cb: 14.1167   Cr: 15.9527 )
00000568: 13.6453   (Y': 12.103    Cb: 13.9232   Cr: 15.6132 )
00000566: 13.7378   (Y': 11.9458   Cb: 14.2265   Cr: 15.9881 )
00000567: 13.7378   (Y': 12.0232   Cb: 14.164    Cr: 15.8887 )
00000569: 13.6396   (Y': 12.1185   Cb: 13.9265   Cr: 15.5472 )
00000571: 13.4036   (Y': 11.7432   Cb: 13.7483   Cr: 15.5461 )
00000570: 13.4069   (Y': 11.7769   Cb: 13.7404   Cr: 15.4937 )
00000572: 13.665    (Y': 12.1715   Cb: 13.8454   Cr: 15.6699 )
00000574: 13.5011   (Y': 12.0124   Cb: 13.6581   Cr: 15.5311 )
00000575: 13.3399   (Y': 11.8272   Cb: 13.5009   Cr: 15.4182 )
00000573: 13.6596   (Y': 12.1559   Cb: 13.8201   Cr: 15.718  )
00000579: 13.4044   (Y': 11.5858   Cb: 13.9031   Cr: 15.7075 )
00000576: 13.3509   (Y': 11.8379   Cb: 13.5652   Cr: 15.3479 )
00000581: 13.8866   (Y': 12.0495   Cb: 14.398    Cr: 16.2188 )
00000577: 13.3726   (Y': 11.8279   Cb: 13.5898   Cr: 15.4372 )
00000578: 13.3226   (Y': 11.6642   Cb: 13.6867   Cr: 15.4312 )
00000580: 13.8566   (Y': 12.0893   Cb: 14.3136   Cr: 16.0923 )
00000583: 13.7997   (Y': 12.0708   Cb: 14.2273   Cr: 15.984  )
00000582: 13.7769   (Y': 11.9929   Cb: 14.2513   Cr: 16.028  )
00000584: 13.8101   (Y': 12.2177   Cb: 14.137    Cr: 15.8193 )
00000585: 13.7968   (Y': 12.268    Cb: 14.1175   Cr: 15.673  )
00000586: 13.7764   (Y': 12.3396   Cb: 14.0401   Cr: 15.5365 )
00000587: 13.7829   (Y': 12.4102   Cb: 14.0036   Cr: 15.4717 )
Total: 13.1235   (Y': 11.6755   Cb: 13.6104   Cr: 14.6088 )
