00000000: 16.8688   (Y': 15.0776   Cb: 17.9206   Cr: 18.3895 )
00000002: 16.8957   (Y': 15.0292   Cb: 17.9305   Cr: 18.6019 )
00000005: 16.8521   (Y': 14.9791   Cb: 17.8665   Cr: 18.5971 )
00000007: 16.7982   (Y': 14.9263   Cb: 17.8177   Cr: 18.5348 )
00000001: 16.8877   (Y': 15.0563   Cb: 17.9456   Cr: 18.4886 )
00000006: 16.8089   (Y': 14.9319   Cb: 17.8371   Cr: 18.5468 )
00000004: 16.8473   (Y': 14.9716   Cb: 17.8619   Cr: 18.5986 )
00000003: 16.856    (Y': 14.9933   Cb: 17.8708   Cr: 18.5772 )
00000008: 16.7656   (Y': 14.8937   Cb: 17.807    Cr: 18.4766 )
00000010: 16.7578   (Y': 14.8701   Cb: 17.8248   Cr: 18.4751 )
00000012: 16.7066   (Y': 14.8075   Cb: 17.7681   Cr: 18.4567 )
00000011: 16.7448   (Y': 14.8668   Cb: 17.8038   Cr: 18.4493 )
00000013: 16.7312   (Y': 14.8549   Cb: 17.773    Cr: 18.4519 )
00000014: 16.7139   (Y': 14.833    Cb: 17.7549   Cr: 18.446  )
00000009: 16.7513   (Y': 14.8617   Cb: 17.8004   Cr: 18.4939 )
00000015: 16.6895   (Y': 14.8336   Cb: 17.7103   Cr: 18.3882 )
00000016: 16.6988   (Y': 14.8722   Cb: 17.7096   Cr: 18.3433 )
00000017: 16.6673   (Y': 14.8277   Cb: 17.6848   Cr: 18.3331 )
00000018: 16.6623   (Y': 14.8294   Cb: 17.6714   Cr: 18.3229 )
00000020: 16.6438   (Y': 14.8223   Cb: 17.6735   Cr: 18.255  )
00000019: 16.6402   (Y': 14.8153   Cb: 17.6561   Cr: 18.2752 )
00000021: 16.5971   (Y': 14.7808   Cb: 17.6144   Cr: 18.2111 )
00000022: 16.6175   (Y': 14.8148   Cb: 17.62     Cr: 18.2188 )
00000023: 16.6108   (Y': 14.7908   Cb: 17.6372   Cr: 18.2225 )
00000024: 16.6081   (Y': 14.7811   Cb: 17.6345   Cr: 18.2354 )
00000025: 16.6483   (Y': 14.8303   Cb: 17.6642   Cr: 18.2677 )
00000026: 16.6828   (Y': 14.8391   Cb: 17.7163   Cr: 18.339  )
00000027: 16.7067   (Y': 14.8454   Cb: 17.7635   Cr: 18.3757 )
00000029: 16.7531   (Y': 14.8612   Cb: 17.8895   Cr: 18.4008 )
00000028: 16.7193   (Y': 14.8475   Cb: 17.8076   Cr: 18.3761 )
00000030: 16.7613   (Y': 14.8587   Cb: 17.9271   Cr: 18.4003 )
00000031: 16.7915   (Y': 14.8831   Cb: 17.9375   Cr: 18.4655 )
00000032: 16.8171   (Y': 14.9082   Cb: 17.944    Cr: 18.5141 )
00000033: 16.8394   (Y': 14.9554   Cb: 17.9735   Cr: 18.4718 )
00000035: 16.8181   (Y': 14.9195   Cb: 17.9234   Cr: 18.5161 )
00000034: 16.831    (Y': 14.9373   Cb: 17.9728   Cr: 18.4767 )
00000036: 16.8375   (Y': 14.9542   Cb: 17.939    Cr: 18.505  )
00000037: 16.8518   (Y': 15.0264   Cb: 17.9067   Cr: 18.4433 )
00000039: 16.849    (Y': 14.9794   Cb: 17.9567   Cr: 18.4788 )
00000038: 16.8313   (Y': 15.0011   Cb: 17.9065   Cr: 18.4104 )
00000040: 16.9354   (Y': 15.0652   Cb: 18.074    Cr: 18.5319 )
00000041: 16.9434   (Y': 15.0563   Cb: 18.0803   Cr: 18.5796 )
00000042: 16.9693   (Y': 15.047    Cb: 18.1485   Cr: 18.6378 )
00000043: 17.0173   (Y': 15.0205   Cb: 18.2461   Cr: 18.804  )
00000044: 17.0266   (Y': 15.0069   Cb: 18.2857   Cr: 18.834  )
00000045: 17.1431   (Y': 15.0762   Cb: 18.4282   Cr: 19.0366 )
00000046: 17.1635   (Y': 15.0777   Cb: 18.4419   Cr: 19.112  )
00000047: 17.172    (Y': 15.0878   Cb: 18.4221   Cr: 19.1499 )
00000048: 17.217    (Y': 15.1047   Cb: 18.5187   Cr: 19.2057 )
00000049: 17.2356   (Y': 15.1357   Cb: 18.5138   Cr: 19.2206 )
00000050: 17.3048   (Y': 15.2054   Cb: 18.6161   Cr: 19.2494 )
00000052: 17.2742   (Y': 15.1193   Cb: 18.6381   Cr: 19.3011 )
00000051: 17.274    (Y': 15.159    Cb: 18.6252   Cr: 19.2123 )
00000053: 17.2575   (Y': 15.0902   Cb: 18.6305   Cr: 19.3064 )
00000054: 17.2508   (Y': 15.1043   Cb: 18.5818   Cr: 19.2942 )
00000055: 17.3115   (Y': 15.1784   Cb: 18.6119   Cr: 19.3562 )
00000056: 17.2426   (Y': 15.1432   Cb: 18.5335   Cr: 19.2111 )
00000057: 17.2737   (Y': 15.1947   Cb: 18.5661   Cr: 19.1889 )
00000058: 17.2649   (Y': 15.1926   Cb: 18.5151   Cr: 19.2121 )
00000059: 17.2212   (Y': 15.1802   Cb: 18.4786   Cr: 19.0823 )
00000060: 17.2169   (Y': 15.1998   Cb: 18.4452   Cr: 19.053  )
00000061: 17.2373   (Y': 15.2587   Cb: 18.4496   Cr: 18.9996 )
00000062: 17.2157   (Y': 15.2748   Cb: 18.3977   Cr: 18.924  )
00000063: 17.1376   (Y': 15.255    Cb: 18.264    Cr: 18.7755 )
00000064: 17.0871   (Y': 15.2158   Cb: 18.2565   Cr: 18.652  )
00000066: 16.971    (Y': 15.1197   Cb: 18.0401   Cr: 18.6038 )
00000065: 16.9943   (Y': 15.1043   Cb: 18.1439   Cr: 18.6228 )
00000067: 16.9276   (Y': 15.0982   Cb: 17.9702   Cr: 18.5415 )
00000068: 16.9063   (Y': 15.0831   Cb: 17.9441   Cr: 18.5124 )
00000069: 16.92     (Y': 15.1224   Cb: 17.9496   Cr: 18.4793 )
00000072: 16.8231   (Y': 15.101    Cb: 17.7941   Cr: 18.2882 )
00000071: 16.8328   (Y': 15.1001   Cb: 17.8306   Cr: 18.2898 )
00000070: 16.8939   (Y': 15.1215   Cb: 17.9409   Cr: 18.3796 )
00000073: 16.7457   (Y': 15.0269   Cb: 17.7157   Cr: 18.205  )
00000074: 16.7529   (Y': 15.0102   Cb: 17.7418   Cr: 18.2409 )
00000075: 16.6424   (Y': 14.9005   Cb: 17.617    Cr: 18.1448 )
00000076: 16.555    (Y': 14.8082   Cb: 17.5134   Cr: 18.086  )
00000077: 16.3397   (Y': 14.6122   Cb: 17.2836   Cr: 17.8463 )
00000078: 16.2903   (Y': 14.5602   Cb: 17.2435   Cr: 17.7919 )
00000079: 16.1447   (Y': 14.4767   Cb: 17.0746   Cr: 17.5445 )
00000080: 16.1177   (Y': 14.4542   Cb: 17.0239   Cr: 17.5346 )
00000081: 15.9917   (Y': 14.3626   Cb: 16.8575   Cr: 17.3848 )
00000082: 15.9895   (Y': 14.3501   Cb: 16.8647   Cr: 17.3929 )
00000083: 16.0517   (Y': 14.4219   Cb: 16.9733   Cr: 17.384  )
00000084: 16.0636   (Y': 14.4088   Cb: 17.0253   Cr: 17.4015 )
00000085: 16.1175   (Y': 14.449    Cb: 17.0685   Cr: 17.4949 )
00000087: 16.1502   (Y': 14.4898   Cb: 17.0564   Cr: 17.5609 )
00000086: 16.1488   (Y': 14.4923   Cb: 17.0876   Cr: 17.5155 )
00000088: 16.1521   (Y': 14.5489   Cb: 16.9978   Cr: 17.516  )
00000090: 16.2186   (Y': 14.5735   Cb: 17.0684   Cr: 17.6622 )
00000089: 16.1636   (Y': 14.5137   Cb: 17.0428   Cr: 17.5833 )
00000091: 16.2782   (Y': 14.6243   Cb: 17.1384   Cr: 17.7279 )
00000092: 16.297    (Y': 14.6941   Cb: 17.119    Cr: 17.6877 )
00000095: 16.3734   (Y': 14.7508   Cb: 17.3172   Cr: 17.6672 )
00000093: 16.3184   (Y': 14.6711   Cb: 17.2301   Cr: 17.6965 )
00000094: 16.3597   (Y': 14.685    Cb: 17.3114   Cr: 17.7487 )
00000096: 16.4835   (Y': 14.8195   Cb: 17.4612   Cr: 17.8223 )
00000099: 17.196    (Y': 15.3493   Cb: 18.4165   Cr: 18.6524 )
00000098: 16.9393   (Y': 15.1696   Cb: 18.0485   Cr: 18.3518 )
00000097: 16.8063   (Y': 15.0465   Cb: 17.912    Cr: 18.2022 )
00000100: 17.2287   (Y': 15.3508   Cb: 18.4745   Cr: 18.7258 )
00000103: 17.112    (Y': 15.3053   Cb: 18.4341   Cr: 18.3813 )
00000101: 17.2083   (Y': 15.3702   Cb: 18.5106   Cr: 18.5619 )
00000102: 17.2205   (Y': 15.4382   Cb: 18.5348   Cr: 18.4483 )
00000104: 17.0665   (Y': 15.2786   Cb: 18.3705   Cr: 18.3158 )
00000105: 16.9928   (Y': 15.2058   Cb: 18.2207   Cr: 18.3169 )
00000106: 16.9436   (Y': 15.1381   Cb: 18.172    Cr: 18.3052 )
00000107: 16.8688   (Y': 15.0759   Cb: 18.0537   Cr: 18.2493 )
00000108: 16.8158   (Y': 15.0207   Cb: 17.9703   Cr: 18.2328 )
00000109: 16.9339   (Y': 15.1464   Cb: 18.0008   Cr: 18.4297 )
00000110: 16.8687   (Y': 15.1023   Cb: 17.883    Cr: 18.3784 )
00000111: 16.8779   (Y': 15.0885   Cb: 17.9069   Cr: 18.4202 )
00000113: 17.025    (Y': 15.0993   Cb: 18.1813   Cr: 18.727  )
00000112: 16.9332   (Y': 15.0762   Cb: 18.0168   Cr: 18.5617 )
00000114: 17.053    (Y': 15.1123   Cb: 18.2221   Cr: 18.7752 )
00000115: 17.0905   (Y': 15.0735   Cb: 18.3547   Cr: 18.8855 )
00000116: 17.119    (Y': 15.0808   Cb: 18.428    Cr: 18.9148 )
00000117: 17.1103   (Y': 15.0371   Cb: 18.493    Cr: 18.9093 )
00000118: 17.0785   (Y': 15.0299   Cb: 18.4088   Cr: 18.8756 )
00000119: 17.0629   (Y': 15.0407   Cb: 18.367    Cr: 18.8256 )
00000120: 17.0609   (Y': 15.0592   Cb: 18.3431   Cr: 18.7993 )
00000122: 17.0934   (Y': 15.1609   Cb: 18.3466   Cr: 18.7036 )
00000121: 17.0996   (Y': 15.142    Cb: 18.335    Cr: 18.7868 )
00000123: 17.1643   (Y': 15.254    Cb: 18.382    Cr: 18.7631 )
00000124: 17.1335   (Y': 15.2061   Cb: 18.3591   Cr: 18.7624 )
00000125: 17.1337   (Y': 15.1492   Cb: 18.3541   Cr: 18.9008 )
00000126: 17.0932   (Y': 15.1147   Cb: 18.2551   Cr: 18.9129 )
00000129: 17.0215   (Y': 15.0576   Cb: 18.0524   Cr: 18.9631 )
00000127: 17.0528   (Y': 15.0452   Cb: 18.1789   Cr: 18.9858 )
00000128: 17.0724   (Y': 15.0523   Cb: 18.2263   Cr: 19.0031 )
00000131: 16.9012   (Y': 14.9361   Cb: 17.8201   Cr: 18.9882 )
00000130: 16.9969   (Y': 15.0262   Cb: 17.9807   Cr: 19.0142 )
00000133: 16.8877   (Y': 14.9168   Cb: 17.8306   Cr: 18.9576 )
00000132: 16.8828   (Y': 14.9053   Cb: 17.8282   Cr: 18.9665 )
00000134: 16.9381   (Y': 15.0262   Cb: 17.7974   Cr: 18.9695 )
00000135: 16.9594   (Y': 15.0966   Cb: 17.7264   Cr: 18.9915 )
00000136: 16.9536   (Y': 15.0603   Cb: 17.7393   Cr: 19.0361 )
00000137: 16.9414   (Y': 15.0404   Cb: 17.7122   Cr: 19.0636 )
00000138: 16.9359   (Y': 15.0833   Cb: 17.6429   Cr: 19.0246 )
00000139: 16.94     (Y': 15.0982   Cb: 17.622    Cr: 19.0363 )
00000140: 16.9108   (Y': 15.1347   Cb: 17.5043   Cr: 18.9694 )
00000141: 16.8393   (Y': 15.0715   Cb: 17.4157   Cr: 18.9021 )
00000142: 16.8752   (Y': 15.1422   Cb: 17.4486   Cr: 18.8591 )
00000144: 16.9122   (Y': 15.1963   Cb: 17.4513   Cr: 18.9037 )
00000143: 16.9194   (Y': 15.2453   Cb: 17.4389   Cr: 18.8408 )
00000145: 16.7771   (Y': 15.0676   Cb: 17.2476   Cr: 18.8506 )
00000146: 16.8029   (Y': 15.0821   Cb: 17.284    Cr: 18.8886 )
00000147: 16.8532   (Y': 15.139    Cb: 17.2997   Cr: 18.9732 )
00000148: 16.8454   (Y': 15.1293   Cb: 17.3276   Cr: 18.9182 )
00000149: 16.9623   (Y': 15.1827   Cb: 17.4971   Cr: 19.1132 )
00000151: 17.0367   (Y': 15.3199   Cb: 17.5203   Cr: 19.1091 )
00000150: 17.0193   (Y': 15.2338   Cb: 17.5863   Cr: 19.1387 )
00000152: 17.0185   (Y': 15.3507   Cb: 17.4927   Cr: 18.9891 )
00000153: 16.935    (Y': 15.2526   Cb: 17.4089   Cr: 18.9397 )
00000154: 16.8676   (Y': 15.1855   Cb: 17.3255   Cr: 18.8945 )
00000155: 16.8441   (Y': 15.286    Cb: 17.2716   Cr: 18.6341 )
00000156: 16.6857   (Y': 15.2222   Cb: 16.998    Cr: 18.4338 )
00000157: 16.6113   (Y': 15.1657   Cb: 16.9214   Cr: 18.325  )
00000158: 16.5356   (Y': 15.1329   Cb: 16.871    Cr: 18.1276 )
00000159: 16.3812   (Y': 15.0188   Cb: 16.6609   Cr: 17.9685 )
00000160: 16.3702   (Y': 14.9902   Cb: 16.6058   Cr: 18.053  )
00000162: 16.3137   (Y': 14.951    Cb: 16.6606   Cr: 17.812  )
00000161: 16.3096   (Y': 14.9081   Cb: 16.6519   Cr: 17.8901 )
00000163: 16.3917   (Y': 15.0576   Cb: 16.841    Cr: 17.7071 )
00000164: 16.4299   (Y': 15.0858   Cb: 16.8827   Cr: 17.7596 )
00000165: 16.504    (Y': 15.15     Cb: 16.9293   Cr: 17.886  )
00000166: 16.5486   (Y': 15.2047   Cb: 16.9635   Cr: 17.9245 )
00000169: 16.9054   (Y': 15.4948   Cb: 17.3531   Cr: 18.3673 )
00000167: 16.7111   (Y': 15.4189   Cb: 17.0986   Cr: 18.0255 )
00000168: 16.6923   (Y': 15.4624   Cb: 17.0471   Cr: 17.9356 )
00000170: 16.9518   (Y': 15.4663   Cb: 17.4455   Cr: 18.5031 )
00000171: 17.1534   (Y': 15.5008   Cb: 17.8351   Cr: 18.8144 )
00000172: 16.1304   (Y': 15.0298   Cb: 16.4045   Cr: 17.25   )
00000173: 16.2164   (Y': 15.0543   Cb: 16.4826   Cr: 17.4503 )
00000174: 16.2544   (Y': 15.0945   Cb: 16.5065   Cr: 17.5025 )
00000175: 16.4328   (Y': 15.1754   Cb: 16.7981   Cr: 17.7117 )
00000177: 16.6499   (Y': 15.2763   Cb: 17.1258   Cr: 18.0062 )
00000176: 16.5007   (Y': 15.1928   Cb: 16.9171   Cr: 17.8082 )
00000178: 16.7858   (Y': 15.3851   Cb: 17.2862   Cr: 18.163  )
00000179: 17.021    (Y': 15.6148   Cb: 17.567    Cr: 18.3536 )
00000180: 17.2229   (Y': 15.7042   Cb: 17.9082   Cr: 18.6053 )
00000181: 17.3485   (Y': 15.7305   Cb: 18.177    Cr: 18.762  )
00000183: 17.5647   (Y': 15.9923   Cb: 18.3367   Cr: 18.9521 )
00000185: 18.4772   (Y': 16.4781   Cb: 19.7059   Cr: 20.2698 )
00000182: 17.3808   (Y': 15.7427   Cb: 18.2258   Cr: 18.8155 )
00000186: 18.5189   (Y': 16.5697   Cb: 19.7396   Cr: 20.2029 )
00000184: 18.133    (Y': 16.3102   Cb: 19.1665   Cr: 19.7431 )
00000187: 17.9637   (Y': 16.2008   Cb: 18.9497   Cr: 19.4978 )
00000188: 17.9229   (Y': 16.2846   Cb: 18.8717   Cr: 19.2421 )
00000190: 17.1364   (Y': 15.749    Cb: 17.7098   Cr: 18.4016 )
00000189: 17.4928   (Y': 15.9651   Cb: 18.2591   Cr: 18.7992 )
00000191: 17.1821   (Y': 15.7334   Cb: 17.8001   Cr: 18.5093 )
00000192: 17.5267   (Y': 15.9973   Cb: 18.1987   Cr: 18.946  )
00000193: 17.6058   (Y': 16.0496   Cb: 18.3698   Cr: 18.9703 )
00000194: 17.4168   (Y': 15.901    Cb: 18.1082   Cr: 18.7864 )
00000195: 17.1889   (Y': 15.8228   Cb: 17.8326   Cr: 18.3346 )
00000196: 17.2264   (Y': 15.9959   Cb: 17.735    Cr: 18.289  )
00000198: 17.0701   (Y': 15.7014   Cb: 17.5893   Cr: 18.3646 )
00000197: 17.0816   (Y': 15.7424   Cb: 17.6498   Cr: 18.2652 )
00000199: 16.9502   (Y': 15.5608   Cb: 17.4533   Cr: 18.3031 )
00000200: 16.939    (Y': 15.5936   Cb: 17.4106   Cr: 18.2481 )
00000201: 16.9532   (Y': 15.4594   Cb: 17.5515   Cr: 18.3909 )
00000202: 17.0495   (Y': 15.5973   Cb: 17.6561   Cr: 18.3967 )
00000203: 17.1413   (Y': 15.6946   Cb: 17.7585   Cr: 18.4654 )
00000204: 17.0384   (Y': 15.5714   Cb: 17.6551   Cr: 18.402  )
00000205: 17.1643   (Y': 15.5739   Cb: 17.8924   Cr: 18.6387 )
00000207: 17.3748   (Y': 15.7736   Cb: 18.0981   Cr: 18.8772 )
00000206: 17.2077   (Y': 15.6177   Cb: 17.902    Cr: 18.722  )
00000208: 17.3616   (Y': 15.7345   Cb: 18.072    Cr: 18.9332 )
00000209: 17.4713   (Y': 15.7281   Cb: 18.1803   Cr: 19.2973 )
00000210: 17.4632   (Y': 15.709    Cb: 18.1364   Cr: 19.3612 )
00000211: 17.5217   (Y': 15.751    Cb: 18.1555   Cr: 19.5116 )
00000212: 17.6728   (Y': 15.8433   Cb: 18.3689   Cr: 19.7194 )
00000213: 17.5706   (Y': 15.7785   Cb: 18.2016   Cr: 19.6158 )
00000214: 17.4839   (Y': 15.735    Cb: 18.0572   Cr: 19.5055 )
00000216: 17.2682   (Y': 15.5404   Cb: 17.7404   Cr: 19.3837 )
00000215: 17.3453   (Y': 15.6033   Cb: 17.8826   Cr: 19.401  )
00000217: 17.2256   (Y': 15.4769   Cb: 17.8097   Cr: 19.2317 )
00000218: 17.1499   (Y': 15.3685   Cb: 17.6984   Cr: 19.2856 )
00000220: 17.0519   (Y': 15.2046   Cb: 17.627    Cr: 19.3148 )
00000219: 17.0986   (Y': 15.2725   Cb: 17.6755   Cr: 19.3049 )
00000221: 16.9007   (Y': 15.0494   Cb: 17.5184   Cr: 19.1118 )
00000223: 16.7978   (Y': 14.8903   Cb: 17.4048   Cr: 19.1712 )
00000222: 16.8862   (Y': 14.9906   Cb: 17.5044   Cr: 19.2113 )
00000224: 16.7756   (Y': 14.8572   Cb: 17.4228   Cr: 19.1185 )
00000225: 16.7765   (Y': 14.8875   Cb: 17.4315   Cr: 19.0306 )
00000226: 16.7511   (Y': 14.8307   Cb: 17.4364   Cr: 19.0439 )
00000227: 16.6957   (Y': 14.7302   Cb: 17.3329   Cr: 19.182  )
00000228: 16.6791   (Y': 14.6703   Cb: 17.3272   Cr: 19.271  )
00000232: 16.6768   (Y': 14.6549   Cb: 17.4181   Cr: 19.1639 )
00000231: 16.6037   (Y': 14.5879   Cb: 17.2984   Cr: 19.1441 )
00000229: 16.5873   (Y': 14.5629   Cb: 17.2556   Cr: 19.193  )
00000233: 16.8333   (Y': 14.7774   Cb: 17.6878   Cr: 19.2505 )
00000230: 16.5902   (Y': 14.5419   Cb: 17.2657   Cr: 19.255  )
00000234: 16.8459   (Y': 14.7775   Cb: 17.6765   Cr: 19.3331 )
00000235: 16.827    (Y': 14.733    Cb: 17.7556   Cr: 19.2462 )
00000236: 16.8895   (Y': 14.7817   Cb: 17.8466   Cr: 19.3076 )
00000237: 16.9324   (Y': 14.7908   Cb: 17.9336   Cr: 19.3851 )
00000238: 16.9434   (Y': 14.8104   Cb: 17.9124   Cr: 19.4166 )
00000239: 16.8987   (Y': 14.7963   Cb: 17.8241   Cr: 19.3461 )
00000241: 16.9661   (Y': 14.8252   Cb: 17.8059   Cr: 19.6529 )
00000240: 16.8828   (Y': 14.7832   Cb: 17.7546   Cr: 19.3991 )
00000242: 16.9885   (Y': 14.8535   Cb: 17.7865   Cr: 19.7218 )
00000244: 17.0273   (Y': 14.8282   Cb: 17.9041   Cr: 19.8376 )
00000243: 17.0204   (Y': 14.8685   Cb: 17.8249   Cr: 19.7958 )
00000245: 17.1253   (Y': 14.8678   Cb: 18.0911   Cr: 19.9849 )
00000246: 17.1055   (Y': 14.8754   Cb: 18.0669   Cr: 19.8839 )
00000247: 16.9988   (Y': 14.7374   Cb: 18.085    Cr: 19.6903 )
00000248: 16.9591   (Y': 14.7216   Cb: 18.0481   Cr: 19.5727 )
00000249: 17.2257   (Y': 14.8931   Cb: 18.4466   Cr: 19.95   )
00000250: 17.3676   (Y': 15.0106   Cb: 18.7036   Cr: 20.0106 )
00000252: 17.3194   (Y': 15.0694   Cb: 18.5171   Cr: 19.8204 )
00000251: 17.5193   (Y': 15.1869   Cb: 18.8736   Cr: 20.0611 )
00000253: 16.9498   (Y': 14.9524   Cb: 17.7668   Cr: 19.2596 )
00000254: 16.9457   (Y': 15.0292   Cb: 17.6397   Cr: 19.2156 )
00000255: 16.9951   (Y': 15.1532   Cb: 17.5144   Cr: 19.3274 )
00000256: 16.9971   (Y': 15.1105   Cb: 17.5178   Cr: 19.4463 )
00000258: 16.9317   (Y': 15.0387   Cb: 17.4525   Cr: 19.3983 )
00000257: 16.9308   (Y': 15.034    Cb: 17.4714   Cr: 19.3772 )
00000259: 16.9454   (Y': 15.0231   Cb: 17.5263   Cr: 19.3988 )
00000260: 16.9839   (Y': 15.0328   Cb: 17.5609   Cr: 19.5232 )
00000261: 17.0227   (Y': 15.0696   Cb: 17.6019   Cr: 19.5645 )
00000262: 17.0353   (Y': 15.0925   Cb: 17.5916   Cr: 19.5843 )
00000263: 16.9965   (Y': 15.1152   Cb: 17.512    Cr: 19.4394 )
00000264: 16.9908   (Y': 15.0851   Cb: 17.5107   Cr: 19.4938 )
00000266: 17.0176   (Y': 15.0974   Cb: 17.5391   Cr: 19.5581 )
00000265: 17.0028   (Y': 15.1057   Cb: 17.5004   Cr: 19.5175 )
00000267: 17.0082   (Y': 15.0635   Cb: 17.5753   Cr: 19.5452 )
00000268: 16.9717   (Y': 15.0758   Cb: 17.5449   Cr: 19.3656 )
00000269: 16.7968   (Y': 15.07     Cb: 17.2896   Cr: 18.8797 )
00000270: 16.9574   (Y': 15.2434   Cb: 17.4294   Cr: 19.0398 )
00000271: 16.785    (Y': 15.1123   Cb: 17.128    Cr: 18.9593 )
00000272: 17.215    (Y': 15.5147   Cb: 17.6671   Cr: 19.2934 )
00000273: 17.3355   (Y': 15.7291   Cb: 17.8581   Cr: 19.1022 )
00000274: 17.5279   (Y': 15.865    Cb: 18.1437   Cr: 19.2953 )
00000275: 16.9254   (Y': 15.6919   Cb: 17.2559   Cr: 18.205  )
00000276: 16.5584   (Y': 15.4126   Cb: 16.8728   Cr: 17.7053 )
00000277: 15.9454   (Y': 14.9418   Cb: 16.1329   Cr: 17.0119 )
00000278: 15.831    (Y': 14.7688   Cb: 16.0837   Cr: 16.9131 )
00000279: 16.1186   (Y': 14.757    Cb: 16.4202   Cr: 17.675  )
00000280: 16.782    (Y': 15.2906   Cb: 17.3344   Cr: 18.271  )
00000281: 16.5174   (Y': 15.0544   Cb: 16.9498   Cr: 18.1025 )
00000282: 16.8861   (Y': 15.2943   Cb: 17.4968   Cr: 18.5072 )
00000283: 16.3133   (Y': 14.9356   Cb: 16.7569   Cr: 17.7175 )
00000284: 16.1854   (Y': 14.7837   Cb: 16.6569   Cr: 17.6002 )
00000285: 16.0935   (Y': 14.7761   Cb: 16.4317   Cr: 17.5167 )
00000288: 15.8359   (Y': 14.5808   Cb: 16.0959   Cr: 17.2447 )
00000286: 15.9279   (Y': 14.6769   Cb: 16.2123   Cr: 17.2972 )
00000287: 16.0301   (Y': 14.7329   Cb: 16.3672   Cr: 17.4173 )
00000289: 15.5641   (Y': 14.3394   Cb: 15.7467   Cr: 17.0185 )
00000290: 15.4497   (Y': 14.3317   Cb: 15.648    Cr: 16.6933 )
00000291: 15.4217   (Y': 14.2824   Cb: 15.4615   Cr: 16.9143 )
00000292: 15.4937   (Y': 14.4004   Cb: 15.5892   Cr: 16.828  )
00000293: 15.706    (Y': 14.5923   Cb: 15.9161   Cr: 16.9272 )
00000294: 15.706    (Y': 14.5942   Cb: 15.9808   Cr: 16.8437 )
00000295: 16.0087   (Y': 14.8518   Cb: 16.3328   Cr: 17.1625 )
00000297: 16.2546   (Y': 15.0455   Cb: 16.6433   Cr: 17.4204 )
00000296: 16.0335   (Y': 14.885    Cb: 16.3295   Cr: 17.2071 )
00000298: 16.19     (Y': 14.9506   Cb: 16.5632   Cr: 17.4273 )
00000299: 16.0806   (Y': 15.0049   Cb: 16.2745   Cr: 17.2576 )
00000300: 16.095    (Y': 14.9928   Cb: 16.2929   Cr: 17.3121 )
00000301: 16.0555   (Y': 14.9691   Cb: 16.3193   Cr: 17.1642 )
00000303: 16.1144   (Y': 14.8991   Cb: 16.369    Cr: 17.4573 )
00000302: 16.045    (Y': 14.8482   Cb: 16.3175   Cr: 17.3321 )
00000304: 16.1001   (Y': 14.9343   Cb: 16.3417   Cr: 17.3713 )
00000305: 16.1041   (Y': 14.8906   Cb: 16.3835   Cr: 17.412  )
00000306: 16.0863   (Y': 14.8685   Cb: 16.357    Cr: 17.413  )
00000307: 16.168    (Y': 14.9143   Cb: 16.4728   Cr: 17.5164 )
00000308: 16.2091   (Y': 15.0113   Cb: 16.4926   Cr: 17.4841 )
00000309: 16.1896   (Y': 15.0342   Cb: 16.4418   Cr: 17.4298 )
00000312: 15.9346   (Y': 15.2649   Cb: 15.7881   Cr: 16.9091 )
00000311: 16.3415   (Y': 15.2636   Cb: 16.4962   Cr: 17.5721 )
00000310: 16.2431   (Y': 15.1495   Cb: 16.4305   Cr: 17.4586 )
00000313: 16.46     (Y': 15.3779   Cb: 16.6543   Cr: 17.6472 )
00000314: 16.6934   (Y': 15.7342   Cb: 16.881    Cr: 17.6891 )
00000315: 16.9369   (Y': 15.8761   Cb: 17.1379   Cr: 18.0803 )
00000316: 16.4926   (Y': 15.8522   Cb: 16.317    Cr: 17.4624 )
00000317: 16.2273   (Y': 15.6389   Cb: 15.9771   Cr: 17.2205 )
00000320: 16.5047   (Y': 15.7049   Cb: 16.4958   Cr: 17.497  )
00000318: 16.4009   (Y': 15.6897   Cb: 16.2852   Cr: 17.3969 )
00000319: 16.5461   (Y': 15.7572   Cb: 16.505    Cr: 17.5625 )
00000321: 16.3729   (Y': 15.6108   Cb: 16.3303   Cr: 17.351  )
00000322: 16.0763   (Y': 15.4402   Cb: 15.9124   Cr: 17.0246 )
00000323: 16.0377   (Y': 15.4325   Cb: 15.9043   Cr: 16.9035 )
00000324: 15.4761   (Y': 15.0651   Cb: 15.1925   Cr: 16.2681 )
00000325: 15.327    (Y': 14.9069   Cb: 15.0835   Cr: 16.0804 )
00000326: 15.5221   (Y': 14.9696   Cb: 15.3859   Cr: 16.3182 )
00000330: 15.3457   (Y': 14.8775   Cb: 15.0053   Cr: 16.2897 )
00000328: 15.3641   (Y': 14.9548   Cb: 15.0612   Cr: 16.1789 )
00000329: 15.4967   (Y': 15.0287   Cb: 15.2154   Cr: 16.362  )
00000327: 15.2047   (Y': 14.7332   Cb: 15.0499   Cr: 15.9156 )
00000331: 15.4439   (Y': 14.8655   Cb: 15.1927   Cr: 16.424  )
00000332: 15.281    (Y': 14.7689   Cb: 15.0049   Cr: 16.2005 )
00000333: 15.2145   (Y': 14.7272   Cb: 14.9451   Cr: 16.0908 )
00000334: 15.4064   (Y': 14.7431   Cb: 15.1791   Cr: 16.4784 )
00000335: 15.4083   (Y': 14.7172   Cb: 15.261    Cr: 16.4154 )
00000336: 15.3594   (Y': 14.8199   Cb: 15.1944   Cr: 16.1736 )
00000338: 15.8212   (Y': 15.2252   Cb: 15.6426   Cr: 16.7315 )
00000337: 15.5223   (Y': 14.8474   Cb: 15.3594   Cr: 16.5259 )
00000339: 15.8214   (Y': 15.1881   Cb: 15.6456   Cr: 16.7812 )
00000340: 15.9841   (Y': 15.331    Cb: 15.8726   Cr: 16.8902 )
00000341: 16.0551   (Y': 15.3463   Cb: 16.0332   Cr: 16.9293 )
00000342: 15.8978   (Y': 15.177    Cb: 15.8496   Cr: 16.822  )
00000343: 15.8811   (Y': 15.0944   Cb: 15.8803   Cr: 16.8437 )
00000344: 15.9091   (Y': 14.8198   Cb: 16.1017   Cr: 17.1108 )
00000346: 16.0189   (Y': 14.5514   Cb: 16.5097   Cr: 17.5379 )
00000345: 15.9505   (Y': 14.7489   Cb: 16.2164   Cr: 17.2546 )
00000347: 16.0425   (Y': 14.4492   Cb: 16.6568   Cr: 17.6623 )
00000348: 16.1429   (Y': 14.4407   Cb: 16.9235   Cr: 17.7883 )
00000351: 16.5132   (Y': 14.6322   Cb: 17.4489   Cr: 18.3721 )
00000350: 16.3568   (Y': 14.5765   Cb: 17.2188   Cr: 18.0748 )
00000352: 16.6828   (Y': 14.5634   Cb: 17.7479   Cr: 18.9859 )
00000349: 16.1858   (Y': 14.4776   Cb: 16.9927   Cr: 17.812  )
00000353: 16.7518   (Y': 14.5701   Cb: 17.8755   Cr: 19.1526 )
00000354: 16.7517   (Y': 14.4903   Cb: 17.8769   Cr: 19.3875 )
00000356: 16.9796   (Y': 14.6641   Cb: 18.2616   Cr: 19.5661 )
00000355: 16.8251   (Y': 14.5737   Cb: 17.9617   Cr: 19.4143 )
00000357: 17.0033   (Y': 14.668    Cb: 18.3348   Cr: 19.5846 )
00000358: 17.0498   (Y': 14.6819   Cb: 18.4573   Cr: 19.6317 )
00000359: 16.9794   (Y': 14.5971   Cb: 18.3699   Cr: 19.6295 )
00000360: 16.9845   (Y': 14.5697   Cb: 18.3444   Cr: 19.7821 )
00000361: 17.0099   (Y': 14.6271   Cb: 18.2888   Cr: 19.8153 )
00000362: 17.0999   (Y': 14.7921   Cb: 18.2871   Cr: 19.7928 )
00000363: 17.1018   (Y': 14.8169   Cb: 18.2752   Cr: 19.7424 )
00000364: 17.1032   (Y': 14.935    Cb: 18.1329   Cr: 19.5936 )
00000366: 17.1735   (Y': 15.0625   Cb: 18.3569   Cr: 19.3016 )
00000365: 17.121    (Y': 15.0073   Cb: 18.1768   Cr: 19.4206 )
00000367: 17.1573   (Y': 15.0446   Cb: 18.3325   Cr: 19.3001 )
00000368: 17.2035   (Y': 15.0328   Cb: 18.4396   Cr: 19.4271 )
00000370: 17.0622   (Y': 14.8303   Cb: 18.4143   Cr: 19.3117 )
00000369: 17.1814   (Y': 15.0138   Cb: 18.4292   Cr: 19.382  )
00000371: 17.1637   (Y': 14.8969   Cb: 18.5635   Cr: 19.4534 )
00000372: 17.1359   (Y': 14.8268   Cb: 18.596    Cr: 19.4736 )
00000374: 17.1499   (Y': 14.7225   Cb: 18.77     Cr: 19.6479 )
00000373: 17.0912   (Y': 14.7051   Cb: 18.6354   Cr: 19.5559 )
00000375: 17.1795   (Y': 14.6922   Cb: 18.8716   Cr: 19.7792 )
00000376: 17.2744   (Y': 14.6512   Cb: 19.1213   Cr: 20.1395 )
00000377: 17.3234   (Y': 14.6866   Cb: 19.1777   Cr: 20.2279 )
00000378: 17.473    (Y': 14.8103   Cb: 19.2433   Cr: 20.5837 )
00000379: 17.5297   (Y': 14.8801   Cb: 19.3085   Cr: 20.5797 )
00000380: 17.6136   (Y': 15.0033   Cb: 19.2701   Cr: 20.6842 )
00000381: 17.6837   (Y': 15.0816   Cb: 19.3611   Cr: 20.6954 )
00000382: 17.7921   (Y': 15.2578   Cb: 19.4081   Cr: 20.646  )
00000383: 17.7677   (Y': 15.2925   Cb: 19.2138   Cr: 20.6492 )
00000384: 17.8465   (Y': 15.4021   Cb: 19.2507   Cr: 20.6812 )
00000386: 17.9908   (Y': 15.6822   Cb: 19.2503   Cr: 20.5861 )
00000385: 17.927    (Y': 15.5047   Cb: 19.3357   Cr: 20.6822 )
00000387: 18.0845   (Y': 15.8241   Cb: 19.3378   Cr: 20.5423 )
00000388: 18.1858   (Y': 16.0827   Cb: 19.2362   Cr: 20.4637 )
00000390: 18.2079   (Y': 16.2623   Cb: 19.0983   Cr: 20.2828 )
00000389: 18.2145   (Y': 16.1851   Cb: 19.1776   Cr: 20.4095 )
00000391: 18.293    (Y': 16.3923   Cb: 19.1817   Cr: 20.2587 )
00000392: 18.1838   (Y': 16.2865   Cb: 19.0513   Cr: 20.168  )
00000394: 18.6588   (Y': 16.7619   Cb: 19.5829   Cr: 20.5699 )
00000393: 18.2341   (Y': 16.3413   Cb: 19.0989   Cr: 20.2111 )
00000395: 18.5583   (Y': 16.6662   Cb: 19.4547   Cr: 20.4931 )
00000396: 18.512    (Y': 16.7236   Cb: 19.3344   Cr: 20.2967 )
00000397: 18.5219   (Y': 16.7096   Cb: 19.4348   Cr: 20.25   )
00000398: 18.2393   (Y': 16.5347   Cb: 18.977    Cr: 19.943  )
00000400: 17.526    (Y': 16.0281   Cb: 17.8935   Cr: 19.2701 )
00000399: 17.8343   (Y': 16.2448   Cb: 18.3281   Cr: 19.6027 )
00000402: 17.4818   (Y': 15.8043   Cb: 17.9532   Cr: 19.4786 )
00000401: 17.4711   (Y': 15.9735   Cb: 17.8495   Cr: 19.1995 )
00000403: 17.4639   (Y': 15.7295   Cb: 18.0172   Cr: 19.4788 )
00000404: 17.2404   (Y': 15.5281   Cb: 17.6876   Cr: 19.3547 )
00000405: 17.1745   (Y': 15.5022   Cb: 17.5931   Cr: 19.2357 )
00000406: 17.2059   (Y': 15.5031   Cb: 17.7364   Cr: 19.1789 )
00000407: 16.9685   (Y': 15.2819   Cb: 17.4618   Cr: 18.9557 )
00000408: 17.1143   (Y': 15.4387   Cb: 17.5901   Cr: 19.1007 )
00000409: 17.3208   (Y': 15.6793   Cb: 17.8043   Cr: 19.2183 )
00000410: 17.4188   (Y': 15.8896   Cb: 17.7956   Cr: 19.2164 )
00000411: 17.5955   (Y': 16.065    Cb: 17.9444   Cr: 19.4349 )
00000412: 17.1206   (Y': 15.6223   Cb: 17.4768   Cr: 18.8811 )
00000413: 17.229    (Y': 15.6826   Cb: 17.6685   Cr: 18.9774 )
00000414: 17.1355   (Y': 15.468    Cb: 17.6367   Cr: 19.0676 )
00000415: 17.1228   (Y': 15.4111   Cb: 17.6699   Cr: 19.0935 )
00000416: 16.9363   (Y': 15.215    Cb: 17.4858   Cr: 18.9259 )
00000417: 16.9058   (Y': 15.1813   Cb: 17.4773   Cr: 18.8726 )
00000418: 16.9891   (Y': 15.2807   Cb: 17.5774   Cr: 18.8956 )
00000419: 16.9662   (Y': 15.3028   Cb: 17.4837   Cr: 18.8662 )
00000420: 17.0096   (Y': 15.3399   Cb: 17.5671   Cr: 18.8697 )
00000421: 16.9088   (Y': 15.2374   Cb: 17.4846   Cr: 18.748  )
00000422: 16.8215   (Y': 15.1521   Cb: 17.4122   Cr: 18.6362 )
00000423: 16.7893   (Y': 15.1272   Cb: 17.4047   Cr: 18.5557 )
00000424: 16.7474   (Y': 15.119    Cb: 17.3327   Cr: 18.479  )
00000425: 16.6727   (Y': 15.0393   Cb: 17.2444   Cr: 18.4332 )
00000426: 16.7043   (Y': 15.0669   Cb: 17.2531   Cr: 18.5039 )
00000427: 16.6899   (Y': 15.0154   Cb: 17.2366   Cr: 18.5754 )
00000428: 16.6068   (Y': 14.9418   Cb: 17.1406   Cr: 18.4882 )
00000429: 16.5562   (Y': 14.9075   Cb: 17.0673   Cr: 18.4317 )
00000430: 16.5783   (Y': 14.8401   Cb: 17.2208   Cr: 18.4802 )
00000431: 16.5959   (Y': 14.7966   Cb: 17.3118   Cr: 18.5431 )
00000432: 16.4929   (Y': 14.7475   Cb: 17.1875   Cr: 18.3429 )
00000433: 16.4533   (Y': 14.7203   Cb: 17.177    Cr: 18.2375 )
00000434: 16.3672   (Y': 14.5818   Cb: 17.1973   Cr: 18.1357 )
00000436: 16.1465   (Y': 14.3441   Cb: 17.0067   Cr: 17.9164 )
00000435: 16.2749   (Y': 14.5032   Cb: 17.0971   Cr: 18.0223 )
00000437: 16.0479   (Y': 14.2571   Cb: 16.9018   Cr: 17.7995 )
00000438: 15.938    (Y': 14.1967   Cb: 16.7964   Cr: 17.5741 )
00000440: 15.7277   (Y': 14.112    Cb: 16.4981   Cr: 17.2036 )
00000439: 15.8884   (Y': 14.1834   Cb: 16.7053   Cr: 17.4959 )
00000442: 15.5483   (Y': 14.1134   Cb: 16.1477   Cr: 16.8713 )
00000441: 15.6695   (Y': 14.1263   Cb: 16.3523   Cr: 17.1031 )
00000443: 15.5198   (Y': 14.1501   Cb: 16.056    Cr: 16.7962 )
00000444: 15.4337   (Y': 14.2064   Cb: 15.8687   Cr: 16.5759 )
00000445: 15.3628   (Y': 14.1863   Cb: 15.7999   Cr: 16.416  )
00000446: 15.2417   (Y': 14.213    Cb: 15.5853   Cr: 16.1632 )
00000447: 15.2364   (Y': 14.2294   Cb: 15.5561   Cr: 16.1513 )
00000448: 15.1184   (Y': 14.1631   Cb: 15.3437   Cr: 16.0628 )
00000450: 15.0619   (Y': 14.402    Cb: 14.9916   Cr: 15.926  )
00000449: 15.2791   (Y': 14.1473   Cb: 15.7083   Cr: 16.268  )
00000451: 15.0316   (Y': 14.4037   Cb: 14.9016   Cr: 15.9249 )
00000454: 14.6368   (Y': 14.4095   Cb: 14.333    Cr: 15.2224 )
00000453: 14.7656   (Y': 14.4107   Cb: 14.5022   Cr: 15.4597 )
00000452: 14.8494   (Y': 14.4385   Cb: 14.5803   Cr: 15.6228 )
00000456: 14.1867   (Y': 14.0366   Cb: 13.8176   Cr: 14.7611 )
00000455: 14.5133   (Y': 14.3322   Cb: 14.1744   Cr: 15.087  )
00000458: 14.1294   (Y': 13.8836   Cb: 13.8185   Cr: 14.7464 )
00000457: 14.1325   (Y': 13.9485   Cb: 13.7916   Cr: 14.7121 )
00000459: 14.1398   (Y': 13.8599   Cb: 13.8719   Cr: 14.7457 )
00000462: 14.0707   (Y': 13.7981   Cb: 13.8136   Cr: 14.6545 )
00000460: 14.1658   (Y': 13.8542   Cb: 13.9285   Cr: 14.7734 )
00000461: 14.1256   (Y': 13.8216   Cb: 13.8782   Cr: 14.7361 )
00000463: 13.9417   (Y': 13.689    Cb: 13.6541   Cr: 14.5385 )
00000464: 13.8779   (Y': 13.6794   Cb: 13.5395   Cr: 14.4716 )
00000465: 13.7815   (Y': 13.615    Cb: 13.4093   Cr: 14.3791 )
00000466: 13.6325   (Y': 13.5016   Cb: 13.1928   Cr: 14.273  )
00000469: 13.4001   (Y': 13.3671   Cb: 12.8775   Cr: 14.0323 )
00000467: 13.5699   (Y': 13.4447   Cb: 13.1143   Cr: 14.2242 )
00000468: 13.422    (Y': 13.3724   Cb: 12.9094   Cr: 14.0606 )
00000471: 13.3947   (Y': 13.3667   Cb: 12.8545   Cr: 14.0441 )
00000470: 13.4216   (Y': 13.3673   Cb: 12.9033   Cr: 14.0732 )
00000472: 13.3852   (Y': 13.3911   Cb: 12.8361   Cr: 14.0071 )
00000474: 13.3482   (Y': 13.3903   Cb: 12.7849   Cr: 13.9473 )
00000473: 13.3642   (Y': 13.4066   Cb: 12.8028   Cr: 13.9603 )
00000475: 13.3436   (Y': 13.3923   Cb: 12.7805   Cr: 13.9348 )
00000476: 13.2907   (Y': 13.3994   Cb: 12.6899   Cr: 13.864  )
00000477: 13.2747   (Y': 13.4079   Cb: 12.656    Cr: 13.8441 )
00000478: 13.2554   (Y': 13.3935   Cb: 12.6483   Cr: 13.8042 )
00000479: 13.3089   (Y': 13.4539   Cb: 12.6923   Cr: 13.8628 )
00000480: 13.273    (Y': 13.4327   Cb: 12.6388   Cr: 13.8338 )
00000481: 13.2724   (Y': 13.4129   Cb: 12.6515   Cr: 13.8368 )
00000482: 13.2902   (Y': 13.4809   Cb: 12.6443   Cr: 13.8326 )
00000483: 13.2794   (Y': 13.4562   Cb: 12.6375   Cr: 13.8315 )
00000484: 13.2625   (Y': 13.4711   Cb: 12.6024   Cr: 13.8042 )
00000485: 13.2626   (Y': 13.479    Cb: 12.6034   Cr: 13.7946 )
00000486: 13.2422   (Y': 13.4589   Cb: 12.575    Cr: 13.7847 )
00000487: 13.2233   (Y': 13.4317   Cb: 12.5576   Cr: 13.7724 )
00000489: 13.1642   (Y': 13.435    Cb: 12.4729   Cr: 13.6806 )
00000488: 13.1723   (Y': 13.4281   Cb: 12.485    Cr: 13.6991 )
00000490: 13.1607   (Y': 13.443    Cb: 12.4612   Cr: 13.6756 )
00000491: 13.166    (Y': 13.4634   Cb: 12.4579   Cr: 13.6765 )
00000492: 13.1531   (Y': 13.4816   Cb: 12.4332   Cr: 13.6469 )
00000493: 13.1531   (Y': 13.4767   Cb: 12.4393   Cr: 13.6437 )
00000495: 13.1205   (Y': 13.5027   Cb: 12.368    Cr: 13.6021 )
00000494: 13.1355   (Y': 13.4772   Cb: 12.4074   Cr: 13.6263 )
00000496: 13.0805   (Y': 13.4795   Cb: 12.3149   Cr: 13.5624 )
00000497: 13.0691   (Y': 13.4972   Cb: 12.2933   Cr: 13.535  )
00000498: 13.0644   (Y': 13.489    Cb: 12.2927   Cr: 13.5282 )
00000499: 13.0537   (Y': 13.4834   Cb: 12.2933   Cr: 13.4975 )
00000500: 13.0287   (Y': 13.4962   Cb: 12.2467   Cr: 13.4634 )
00000501: 13.0331   (Y': 13.4838   Cb: 12.2684   Cr: 13.4616 )
00000502: 12.9712   (Y': 13.4661   Cb: 12.1691   Cr: 13.4056 )
00000503: 12.9603   (Y': 13.4591   Cb: 12.1671   Cr: 13.379  )
00000505: 12.9204   (Y': 13.4674   Cb: 12.1167   Cr: 13.3059 )
00000506: 12.9186   (Y': 13.4671   Cb: 12.1173   Cr: 13.2994 )
00000504: 12.9201   (Y': 13.4468   Cb: 12.1159   Cr: 13.326  )
00000507: 12.9157   (Y': 13.4628   Cb: 12.1089   Cr: 13.3052 )
00000508: 12.9232   (Y': 13.5029   Cb: 12.1071   Cr: 13.2936 )
00000509: 12.9625   (Y': 13.5479   Cb: 12.1505   Cr: 13.3223 )
00000510: 12.9125   (Y': 13.5053   Cb: 12.0856   Cr: 13.2847 )
00000511: 12.9648   (Y': 13.5468   Cb: 12.1554   Cr: 13.3243 )
00000512: 13.037    (Y': 13.5682   Cb: 12.2403   Cr: 13.4285 )
00000514: 13.0507   (Y': 13.5728   Cb: 12.2484   Cr: 13.4586 )
00000513: 13.0801   (Y': 13.5792   Cb: 12.2889   Cr: 13.4955 )
00000515: 13.0583   (Y': 13.5895   Cb: 12.2461   Cr: 13.4702 )
00000516: 13.0576   (Y': 13.608    Cb: 12.2387   Cr: 13.4598 )
00000517: 13.0696   (Y': 13.6406   Cb: 12.244    Cr: 13.4609 )
00000518: 13.0955   (Y': 13.6824   Cb: 12.2648   Cr: 13.4783 )
00000519: 13.105    (Y': 13.6664   Cb: 12.2873   Cr: 13.4951 )
00000520: 13.2062   (Y': 13.7527   Cb: 12.4058   Cr: 13.588  )
00000521: 13.2845   (Y': 13.816    Cb: 12.487    Cr: 13.6767 )
00000523: 13.6919   (Y': 14.1763   Cb: 12.9642   Cr: 14.0392 )
00000522: 13.5494   (Y': 14.0456   Cb: 12.7861   Cr: 13.9312 )
00000524: 13.8746   (Y': 14.2686   Cb: 13.2216   Cr: 14.2156 )
00000525: 14.0036   (Y': 14.3659   Cb: 13.3822   Cr: 14.3365 )
00000526: 13.7059   (Y': 14.1625   Cb: 13.0429   Cr: 13.9983 )
00000527: 27.0277   (Y': 24.8733   Cb: 29.2801   Cr: 28.2061 )
00000529: 17.9123   (Y': 15.4474   Cb: 19.2442   Cr: 20.9214 )
00000528: 18.8693   (Y': 16.2042   Cb: 20.5414   Cr: 22.1266 )
00000530: 16.9826   (Y': 14.853    Cb: 17.8914   Cr: 19.5325 )
00000531: 16.653    (Y': 14.6384   Cb: 17.4721   Cr: 19.0061 )
00000532: 16.2856   (Y': 14.5237   Cb: 16.7979   Cr: 18.4255 )
00000533: 16.1544   (Y': 14.512    Cb: 16.546    Cr: 18.1846 )
00000534: 15.864    (Y': 14.3958   Cb: 16.0901   Cr: 17.7449 )
00000535: 15.7865   (Y': 14.4341   Cb: 15.924    Cr: 17.5527 )
00000537: 15.5926   (Y': 14.369    Cb: 15.6624   Cr: 17.201  )
00000536: 15.548    (Y': 14.3265   Cb: 15.6088   Cr: 17.1654 )
00000539: 15.6056   (Y': 14.3411   Cb: 15.7097   Cr: 17.244  )
00000538: 15.5853   (Y': 14.3305   Cb: 15.6828   Cr: 17.2144 )
00000540: 15.6635   (Y': 14.3526   Cb: 15.8235   Cr: 17.3141 )
00000541: 15.6572   (Y': 14.3164   Cb: 15.839    Cr: 17.3364 )
00000542: 15.6941   (Y': 14.3439   Cb: 15.926    Cr: 17.3225 )
00000543: 15.6904   (Y': 14.3367   Cb: 15.9062   Cr: 17.3481 )
00000544: 15.7089   (Y': 14.3063   Cb: 16.0084   Cr: 17.3491 )
00000545: 15.7006   (Y': 14.3202   Cb: 16.0145   Cr: 17.2771 )
00000548: 15.6633   (Y': 14.2436   Cb: 16.0296   Cr: 17.2485 )
00000547: 15.6588   (Y': 14.2487   Cb: 16.01     Cr: 17.2449 )
00000546: 15.6903   (Y': 14.2933   Cb: 16.0253   Cr: 17.2715 )
00000549: 15.6149   (Y': 14.1758   Cb: 16.0215   Cr: 17.1856 )
00000550: 15.5796   (Y': 14.1435   Cb: 15.9785   Cr: 17.1544 )
00000552: 15.575    (Y': 14.1168   Cb: 15.9949   Cr: 17.1665 )
00000551: 15.5999   (Y': 14.1343   Cb: 16.0096   Cr: 17.2199 )
00000554: 15.8406   (Y': 14.4146   Cb: 16.2271   Cr: 17.4117 )
00000553: 15.765    (Y': 14.3767   Cb: 16.128    Cr: 17.2922 )
00000555: 15.6973   (Y': 14.1933   Cb: 16.1267   Cr: 17.3702 )
00000556: 16.0051   (Y': 14.4921   Cb: 16.4403   Cr: 17.6893 )
00000557: 16.0684   (Y': 14.5418   Cb: 16.5101   Cr: 17.772  )
00000558: 16.0978   (Y': 14.5597   Cb: 16.5052   Cr: 17.8722 )
00000560: 15.9654   (Y': 14.454    Cb: 16.3415   Cr: 17.7259 )
00000559: 16.09     (Y': 14.5731   Cb: 16.4806   Cr: 17.8423 )
00000563: 15.8243   (Y': 14.2528   Cb: 16.2507   Cr: 17.6451 )
00000561: 15.9725   (Y': 14.4602   Cb: 16.3583   Cr: 17.7218 )
00000562: 15.866    (Y': 14.3218   Cb: 16.2695   Cr: 17.659  )
00000564: 15.7232   (Y': 14.1256   Cb: 16.1484   Cr: 17.6031 )
00000565: 15.6937   (Y': 14.1191   Cb: 16.0824   Cr: 17.5739 )
00000566: 15.6848   (Y': 14.0591   Cb: 16.0869   Cr: 17.6613 )
00000567: 15.7072   (Y': 14.087    Cb: 16.1021   Cr: 17.6814 )
00000568: 15.8458   (Y': 14.2364   Cb: 16.2672   Cr: 17.7578 )
00000570: 16.2318   (Y': 14.5531   Cb: 16.7874   Cr: 18.1143 )
00000569: 15.9222   (Y': 14.3067   Cb: 16.3398   Cr: 17.8534 )
00000571: 16.2577   (Y': 14.5989   Cb: 16.8176   Cr: 18.0897 )
00000572: 16.3041   (Y': 14.617    Cb: 16.8746   Cr: 18.1861 )
00000573: 16.313    (Y': 14.6271   Cb: 16.8761   Cr: 18.2022 )
00000574: 16.3571   (Y': 14.6465   Cb: 16.9398   Cr: 18.2761 )
00000575: 16.4237   (Y': 14.7343   Cb: 16.9803   Cr: 18.3294 )
00000576: 16.387    (Y': 14.672    Cb: 16.9566   Cr: 18.3341 )
00000577: 16.4028   (Y': 14.6571   Cb: 16.9914   Cr: 18.3958 )
00000579: 16.3525   (Y': 14.6292   Cb: 16.9075   Cr: 18.3394 )
00000578: 16.3558   (Y': 14.6339   Cb: 16.937    Cr: 18.3029 )
00000580: 16.4245   (Y': 14.7118   Cb: 16.9821   Cr: 18.383  )
00000581: 16.5057   (Y': 14.793    Cb: 17.0612   Cr: 18.4669 )
00000582: 16.6271   (Y': 14.898    Cb: 17.2119   Cr: 18.5864 )
00000583: 16.6364   (Y': 14.9123   Cb: 17.1943   Cr: 18.6211 )
00000585: 16.6581   (Y': 14.8645   Cb: 17.2867   Cr: 18.7102 )
00000584: 16.6837   (Y': 14.9127   Cb: 17.2875   Cr: 18.7155 )
00000586: 16.66     (Y': 14.8348   Cb: 17.323    Cr: 18.7419 )
Total: 16.0775   (Y': 14.8059   Cb: 16.3821   Cr: 17.4589 )
