./ps4_degrader: invalid option -- 'v'
Capturing with the following configuration:
 - Capture device: DeckLink 4K Extreme 12G
 - Video mode: 720p59.94
 - Pixel format: 8 bit BGRA (4:4:4:x)
[libx264 @ 0x1f6de40] using cpu capabilities: MMX2 SSE2Fast SSSE3 SSE4.2 AVX AVX2 FMA3 LZCNT BMI2
[libx264 @ 0x1f6de40] profile High 4:2:2 Intra, level 3.1, 4:2:2 8-bit
PLAYBACK (hw timestamp): Frame 203 Displayed Late. Expected (+/- 5%): 50000
	Timestamp delay: 66640
	Hardware timestamp delay: 66666
[libx264 @ 0x1f6de40] frame I:600   Avg QP:40.00  size: 13926
[libx264 @ 0x1f6de40] mb I  I16..4: 28.2% 64.3%  7.6%
[libx264 @ 0x1f6de40] final ratefactor: 39.67
[libx264 @ 0x1f6de40] 8x8 transform intra:64.3%
[libx264 @ 0x1f6de40] coded y,uvDC,uvAC intra: 23.1% 35.7% 5.4%
[libx264 @ 0x1f6de40] i16 v,h,dc,p: 24% 44% 18% 14%
[libx264 @ 0x1f6de40] i8 v,h,dc,ddl,ddr,vr,hd,vl,hu: 12% 17% 55%  3%  3%  2%  4%  2%  4%
[libx264 @ 0x1f6de40] i4 v,h,dc,ddl,ddr,vr,hd,vl,hu: 20% 22% 27%  5%  6%  4%  6%  4%  6%
[libx264 @ 0x1f6de40] i8c dc,h,v,p: 84%  8%  7%  1%
[libx264 @ 0x1f6de40] kb/s:2228.19
Stopping Capture
