00000000: 10.3615   (Y': 8.25982   Cb: 11.1853   Cr: 12.9554 )
00000001: 10.3492   (Y': 8.26361   Cb: 11.1965   Cr: 12.8612 )
00000002: 10.3041   (Y': 8.22137   Cb: 11.1738   Cr: 12.7754 )
00000004: 10.731    (Y': 8.54424   Cb: 11.6991   Cr: 13.3646 )
00000005: 10.8524   (Y': 8.65926   Cb: 11.8227   Cr: 13.5025 )
00000003: 10.8799   (Y': 8.77786   Cb: 11.8325   Cr: 13.2878 )
00000006: 10.5824   (Y': 8.464     Cb: 11.4359   Cr: 13.1809 )
00000007: 10.5762   (Y': 8.43091   Cb: 11.5131   Cr: 13.1317 )
00000008: 10.5938   (Y': 8.41807   Cb: 11.5605   Cr: 13.1966 )
00000009: 10.515    (Y': 8.35105   Cb: 11.4479   Cr: 13.1318 )
00000010: 10.485    (Y': 8.33197   Cb: 11.4103   Cr: 13.0804 )
00000011: 10.3741   (Y': 8.20285   Cb: 11.361    Cr: 12.9341 )
00000014: 10.1371   (Y': 8.0867    Cb: 11.0822   Cr: 12.4125 )
00000013: 10.3106   (Y': 8.22957   Cb: 11.2576   Cr: 12.6673 )
00000012: 10.305    (Y': 8.22342   Cb: 11.2294   Cr: 12.695  )
00000015: 9.99067   (Y': 8.01984   Cb: 10.9195   Cr: 12.0789 )
00000016: 10.1122   (Y': 8.06907   Cb: 11.0023   Cr: 12.4438 )
00000017: 10.2082   (Y': 8.10903   Cb: 11.1474   Cr: 12.6267 )
00000018: 10.426    (Y': 8.3287    Cb: 11.3332   Cr: 12.8845 )
00000021: 10.1384   (Y': 8.16717   Cb: 10.8986   Cr: 12.4582 )
00000019: 10.2592   (Y': 8.12838   Cb: 11.1561   Cr: 12.8302 )
00000020: 10.2672   (Y': 8.21137   Cb: 11.1093   Cr: 12.7019 )
00000022: 9.95257   (Y': 7.95196   Cb: 10.6832   Cr: 12.3959 )
00000024: 10.1797   (Y': 8.07059   Cb: 11.0407   Cr: 12.7397 )
00000023: 9.9528    (Y': 7.9647    Cb: 10.7287   Cr: 12.2957 )
00000025: 10.3426   (Y': 8.23339   Cb: 11.1264   Cr: 13.0197 )
00000027: 10.3382   (Y': 8.16701   Cb: 11.116    Cr: 13.2173 )
00000026: 10.3321   (Y': 8.16911   Cb: 11.1384   Cr: 13.1395 )
00000028: 10.3474   (Y': 8.21647   Cb: 11.1017   Cr: 13.1371 )
00000029: 10.3105   (Y': 8.15509   Cb: 11.1154   Cr: 13.096  )
00000030: 10.3388   (Y': 8.16808   Cb: 11.1514   Cr: 13.16   )
00000032: 10.5104   (Y': 8.42344   Cb: 11.3049   Cr: 13.1047 )
00000031: 10.3636   (Y': 8.21994   Cb: 11.1455   Cr: 13.1491 )
00000033: 10.5843   (Y': 8.51316   Cb: 11.3892   Cr: 13.1169 )
00000034: 10.6102   (Y': 8.53443   Cb: 11.4779   Cr: 13.0642 )
00000035: 10.7184   (Y': 8.60189   Cb: 11.6761   Cr: 13.1601 )
00000036: 10.6897   (Y': 8.64084   Cb: 11.4991   Cr: 13.1522 )
00000037: 10.6972   (Y': 8.65483   Cb: 11.4413   Cr: 13.2386 )
00000038: 10.8478   (Y': 8.83893   Cb: 11.4868   Cr: 13.4544 )
00000040: 11.4711   (Y': 9.48811   Cb: 12.3001   Cr: 13.7256 )
00000039: 10.9671   (Y': 9.03986   Cb: 11.5244   Cr: 13.4708 )
00000041: 10.8277   (Y': 8.9534    Cb: 11.4854   Cr: 13.0402 )
00000042: 11.055    (Y': 9.29719   Cb: 11.6159   Cr: 13.1154 )
00000044: 11.4592   (Y': 9.68919   Cb: 11.9187   Cr: 13.6978 )
00000043: 11.1619   (Y': 9.44417   Cb: 11.6201   Cr: 13.2734 )
00000045: 11.4942   (Y': 9.79967   Cb: 11.8679   Cr: 13.6749 )
00000046: 11.2432   (Y': 9.63428   Cb: 11.5209   Cr: 13.3646 )
00000047: 11.2939   (Y': 9.69772   Cb: 11.5626   Cr: 13.3994 )
00000048: 11.2095   (Y': 9.58367   Cb: 11.5081   Cr: 13.3393 )
00000049: 11.2697   (Y': 9.70507   Cb: 11.5216   Cr: 13.3275 )
00000050: 11.1777   (Y': 9.63441   Cb: 11.3998   Cr: 13.2316 )
00000051: 11.2178   (Y': 9.62044   Cb: 11.5104   Cr: 13.2898 )
00000055: 11.223    (Y': 9.75604   Cb: 11.4616   Cr: 13.083  )
00000053: 11.3365   (Y': 9.86545   Cb: 11.5547   Cr: 13.2349 )
00000054: 11.3092   (Y': 9.87961   Cb: 11.5024   Cr: 13.1557 )
00000052: 11.3722   (Y': 9.83888   Cb: 11.6409   Cr: 13.3339 )
00000056: 11.0807   (Y': 9.59658   Cb: 11.3858   Cr: 12.8821 )
00000057: 10.968    (Y': 9.41034   Cb: 11.3123   Cr: 12.8735 )
00000060: 11.128    (Y': 9.53065   Cb: 11.5699   Cr: 12.9845 )
00000059: 11.0641   (Y': 9.4823    Cb: 11.4816   Cr: 12.92   )
00000058: 11.0118   (Y': 9.40561   Cb: 11.4812   Cr: 12.85   )
00000063: 11.2167   (Y': 9.47431   Cb: 11.7687   Cr: 13.2527 )
00000062: 11.2634   (Y': 9.57397   Cb: 11.7907   Cr: 13.2094 )
00000061: 11.1644   (Y': 9.49923   Cb: 11.6709   Cr: 13.0838 )
00000064: 11.1404   (Y': 9.40731   Cb: 11.6644   Cr: 13.1936 )
00000065: 11.0403   (Y': 9.30953   Cb: 11.5592   Cr: 13.0954 )
00000066: 10.9191   (Y': 9.17806   Cb: 11.4349   Cr: 13.0033 )
00000068: 11.0542   (Y': 9.24717   Cb: 11.6489   Cr: 13.1872 )
00000067: 10.886    (Y': 9.07228   Cb: 11.4784   Cr: 13.0385 )
00000071: 11.6958   (Y': 9.84993   Cb: 12.3295   Cr: 13.8701 )
00000069: 11.2217   (Y': 9.43571   Cb: 11.8113   Cr: 13.3099 )
00000070: 11.603    (Y': 9.7741    Cb: 12.2231   Cr: 13.7539 )
00000072: 11.8391   (Y': 9.94242   Cb: 12.5289   Cr: 14.0632 )
00000073: 11.8984   (Y': 9.99094   Cb: 12.6099   Cr: 14.1196 )
00000075: 11.9937   (Y': 10.0545   Cb: 12.7895   Cr: 14.1789 )
00000074: 12.0236   (Y': 10.0872   Cb: 12.7838   Cr: 14.2513 )
00000078: 12.1461   (Y': 10.1478   Cb: 13.0809   Cr: 14.2973 )
00000076: 12.0201   (Y': 10.0719   Cb: 12.8742   Cr: 14.1493 )
00000077: 12.1098   (Y': 10.1209   Cb: 12.9806   Cr: 14.3223 )
00000079: 12.189    (Y': 10.1541   Cb: 13.1727   Cr: 14.3714 )
00000080: 12.2678   (Y': 10.1581   Cb: 13.3413   Cr: 14.5334 )
00000081: 12.255    (Y': 10.1312   Cb: 13.3714   Cr: 14.5025 )
00000082: 12.345    (Y': 10.2469   Cb: 13.445    Cr: 14.5441 )
00000087: 12.3097   (Y': 10.1674   Cb: 13.4699   Cr: 14.5516 )
00000083: 12.3587   (Y': 10.2348   Cb: 13.4567   Cr: 14.6305 )
00000086: 12.3039   (Y': 10.1678   Cb: 13.4256   Cr: 14.5785 )
00000085: 12.32     (Y': 10.2026   Cb: 13.4735   Cr: 14.5028 )
00000084: 12.3116   (Y': 10.2216   Cb: 13.421    Cr: 14.4773 )
00000088: 12.3579   (Y': 10.2341   Cb: 13.5509   Cr: 14.5082 )
00000090: 12.3444   (Y': 10.1774   Cb: 13.5508   Cr: 14.5951 )
00000089: 12.3306   (Y': 10.2065   Cb: 13.5665   Cr: 14.429  )
00000091: 12.3047   (Y': 10.1603   Cb: 13.4858   Cr: 14.5259 )
00000092: 12.2743   (Y': 10.1096   Cb: 13.471    Cr: 14.5315 )
00000093: 12.3225   (Y': 10.1336   Cb: 13.5615   Cr: 14.5931 )
00000095: 12.2189   (Y': 9.96642   Cb: 13.482    Cr: 14.6404 )
00000094: 12.3074   (Y': 10.0804   Cb: 13.5438   Cr: 14.6895 )
00000096: 12.1032   (Y': 9.80422   Cb: 13.4524   Cr: 14.5505 )
00000097: 12.0297   (Y': 9.75422   Cb: 13.3275   Cr: 14.474  )
00000098: 11.9538   (Y': 9.66904   Cb: 13.2597   Cr: 14.4152 )
00000099: 11.9848   (Y': 9.70686   Cb: 13.2253   Cr: 14.512  )
00000101: 12.0188   (Y': 9.74543   Cb: 13.2869   Cr: 14.4954 )
00000100: 11.9947   (Y': 9.70982   Cb: 13.2453   Cr: 14.5294 )
00000102: 11.9429   (Y': 9.62674   Cb: 13.2422   Cr: 14.508  )
00000103: 12.004    (Y': 9.69143   Cb: 13.2906   Cr: 14.5751 )
00000104: 11.954    (Y': 9.62631   Cb: 13.239    Cr: 14.574  )
00000105: 11.8904   (Y': 9.52631   Cb: 13.2279   Cr: 14.5541 )
00000106: 11.8266   (Y': 9.45117   Cb: 13.1743   Cr: 14.5123 )
00000107: 11.6866   (Y': 9.2978    Cb: 13.0034   Cr: 14.4582 )
00000108: 11.7271   (Y': 9.29964   Cb: 13.0958   Cr: 14.5543 )
00000109: 11.7277   (Y': 9.30089   Cb: 13.0677   Cr: 14.5936 )
00000110: 11.6548   (Y': 9.19715   Cb: 13.0434   Cr: 14.5565 )
00000111: 11.652    (Y': 9.17989   Cb: 13.0786   Cr: 14.5501 )
00000112: 11.6292   (Y': 9.14671   Cb: 13.044    Cr: 14.5799 )
00000113: 11.5752   (Y': 9.10508   Cb: 12.9728   Cr: 14.5074 )
00000114: 11.4114   (Y': 8.9421    Cb: 12.7677   Cr: 14.4004 )
00000115: 11.4715   (Y': 8.9975    Cb: 12.8718   Cr: 14.4131 )
00000116: 11.4799   (Y': 9.04609   Cb: 12.7641   Cr: 14.4502 )
00000117: 11.4363   (Y': 8.99559   Cb: 12.7698   Cr: 14.3588 )
00000119: 11.4105   (Y': 8.99204   Cb: 12.7159   Cr: 14.2971 )
00000118: 11.3656   (Y': 8.9355    Cb: 12.6712   Cr: 14.292  )
00000120: 11.456    (Y': 9.05956   Cb: 12.7411   Cr: 14.2981 )
00000121: 11.4671   (Y': 9.11671   Cb: 12.7035   Cr: 14.2267 )
00000122: 11.315    (Y': 8.91543   Cb: 12.6129   Cr: 14.149  )
00000125: 11.3787   (Y': 9.02183   Cb: 12.636    Cr: 14.1298 )
00000123: 11.316    (Y': 8.93849   Cb: 12.6056   Cr: 14.0892 )
00000124: 11.3243   (Y': 8.98089   Cb: 12.5501   Cr: 14.0762 )
00000126: 11.395    (Y': 9.08997   Cb: 12.6125   Cr: 14.0368 )
00000127: 11.4092   (Y': 9.12656   Cb: 12.5955   Cr: 14.0248 )
00000128: 11.4376   (Y': 9.1389    Cb: 12.5667   Cr: 14.185  )
00000129: 11.3802   (Y': 9.10739   Cb: 12.4991   Cr: 14.0606 )
00000132: 11.6767   (Y': 9.52737   Cb: 12.7956   Cr: 13.9922 )
00000130: 11.4948   (Y': 9.26629   Cb: 12.6198   Cr: 14.031  )
00000131: 11.5827   (Y': 9.30305   Cb: 12.7807   Cr: 14.173  )
00000133: 11.7046   (Y': 9.54465   Cb: 12.8002   Cr: 14.0807 )
00000135: 11.6992   (Y': 9.59211   Cb: 12.7112   Cr: 14.0397 )
00000134: 11.7086   (Y': 9.58608   Cb: 12.7774   Cr: 14.0154 )
00000136: 11.6957   (Y': 9.60061   Cb: 12.7569   Cr: 13.9372 )
00000137: 11.7849   (Y': 9.68655   Cb: 12.8284   Cr: 14.0587 )
00000139: 11.7575   (Y': 9.58008   Cb: 12.9428   Cr: 14.0647 )
00000140: 11.7556   (Y': 9.577     Cb: 12.9468   Cr: 14.0584 )
00000138: 11.7697   (Y': 9.64132   Cb: 12.8768   Cr: 14.0421 )
00000141: 11.7619   (Y': 9.57872   Cb: 12.9019   Cr: 14.1447 )
00000142: 11.6876   (Y': 9.50698   Cb: 12.8449   Cr: 14.0402 )
00000143: 11.6885   (Y': 9.51017   Cb: 12.8147   Cr: 14.0758 )
00000144: 11.7242   (Y': 9.5891    Cb: 12.7281   Cr: 14.1548 )
00000145: 11.6996   (Y': 9.5357    Cb: 12.7605   Cr: 14.1341 )
00000148: 11.8787   (Y': 9.62726   Cb: 13.0786   Cr: 14.3812 )
00000146: 11.7163   (Y': 9.51755   Cb: 12.8378   Cr: 14.1692 )
00000147: 11.7802   (Y': 9.58798   Cb: 12.8543   Cr: 14.2792 )
00000150: 11.9661   (Y': 9.73858   Cb: 13.1858   Cr: 14.3715 )
00000149: 11.9317   (Y': 9.71182   Cb: 13.1003   Cr: 14.3825 )
00000151: 11.9377   (Y': 9.69949   Cb: 13.1401   Cr: 14.3973 )
00000152: 11.976    (Y': 9.72713   Cb: 13.2157   Cr: 14.4176 )
00000153: 11.9268   (Y': 9.70223   Cb: 13.1573   Cr: 14.3097 )
00000154: 11.8515   (Y': 9.60417   Cb: 13.1215   Cr: 14.2491 )
00000155: 11.8957   (Y': 9.63611   Cb: 13.1871   Cr: 14.3012 )
00000156: 11.8979   (Y': 9.70943   Cb: 13.1948   Cr: 14.0952 )
00000157: 11.9219   (Y': 9.69882   Cb: 13.2541   Cr: 14.1712 )
00000158: 11.8473   (Y': 9.57075   Cb: 13.2326   Cr: 14.183  )
00000159: 11.6721   (Y': 9.28522   Cb: 13.1515   Cr: 14.2204 )
00000160: 11.6541   (Y': 9.25922   Cb: 13.1882   Cr: 14.1581 )
00000161: 11.7164   (Y': 9.37573   Cb: 13.1983   Cr: 14.1206 )
00000162: 11.5611   (Y': 9.26471   Cb: 12.9916   Cr: 13.8983 )
00000163: 11.5432   (Y': 9.24089   Cb: 13.0104   Cr: 13.853  )
00000164: 11.5305   (Y': 9.24751   Cb: 13.0033   Cr: 13.7781 )
00000165: 11.5533   (Y': 9.31966   Cb: 13.027    Cr: 13.6629 )
00000166: 11.5804   (Y': 9.37398   Cb: 13.1322   Cr: 13.5294 )
00000167: 11.461    (Y': 9.27432   Cb: 13.033    Cr: 13.3371 )
00000168: 11.2588   (Y': 9.15566   Cb: 12.9117   Cr: 12.8479 )
00000169: 11.2791   (Y': 9.17928   Cb: 12.9702   Cr: 12.8231 )
00000170: 11.1908   (Y': 9.13933   Cb: 12.6403   Cr: 12.866  )
00000171: 11.1824   (Y': 9.15326   Cb: 12.6204   Cr: 12.8173 )
00000172: 11.2649   (Y': 9.1859    Cb: 12.7167   Cr: 13.0032 )
00000174: 11.3604   (Y': 9.23867   Cb: 12.927    Cr: 13.081  )
00000173: 11.2677   (Y': 9.16595   Cb: 12.7271   Cr: 13.0529 )
00000175: 11.3632   (Y': 9.19951   Cb: 13.0692   Cr: 13.0439 )
00000176: 11.4157   (Y': 9.36784   Cb: 12.9729   Cr: 12.9719 )
00000177: 11.4584   (Y': 9.4234    Cb: 13        Cr: 13.0005 )
00000178: 11.3485   (Y': 9.42732   Cb: 12.7482   Cr: 12.7803 )
00000180: 11.6149   (Y': 9.60836   Cb: 12.9602   Cr: 13.2955 )
00000179: 11.3383   (Y': 9.42139   Cb: 12.7435   Cr: 12.7555 )
00000181: 11.5976   (Y': 9.56703   Cb: 12.9944   Cr: 13.2793 )
00000182: 11.7075   (Y': 9.64029   Cb: 13.0914   Cr: 13.4909 )
00000183: 11.6511   (Y': 9.53321   Cb: 13.0337   Cr: 13.5611 )
00000185: 11.5538   (Y': 9.52048   Cb: 12.7655   Cr: 13.4491 )
00000184: 11.5023   (Y': 9.45634   Cb: 12.7027   Cr: 13.4423 )
00000186: 11.3924   (Y': 9.29267   Cb: 12.6554   Cr: 13.3946 )
00000187: 11.3799   (Y': 9.34503   Cb: 12.5734   Cr: 13.3004 )
00000188: 11.3118   (Y': 9.29053   Cb: 12.5893   Cr: 13.102  )
00000189: 11.313    (Y': 9.3493    Cb: 12.5193   Cr: 13.0468 )
00000190: 11.4553   (Y': 9.53705   Cb: 12.6195   Cr: 13.1313 )
00000191: 11.4811   (Y': 9.59488   Cb: 12.6177   Cr: 13.1154 )
00000192: 11.2979   (Y': 9.40153   Cb: 12.5111   Cr: 12.8706 )
00000193: 11.2471   (Y': 9.41549   Cb: 12.431    Cr: 12.7103 )
00000194: 11.1007   (Y': 9.44951   Cb: 12.0522   Cr: 12.4427 )
00000196: 11.0564   (Y': 9.37394   Cb: 12.0897   Cr: 12.3724 )
00000195: 11.0822   (Y': 9.48115   Cb: 12.0209   Cr: 12.3397 )
00000197: 11.1848   (Y': 9.40935   Cb: 12.2937   Cr: 12.6095 )
00000198: 11.1887   (Y': 9.3482    Cb: 12.357    Cr: 12.6874 )
00000200: 11.1348   (Y': 9.30223   Cb: 12.3411   Cr: 12.5763 )
00000199: 11.2142   (Y': 9.34573   Cb: 12.3739   Cr: 12.7834 )
00000201: 11.1425   (Y': 9.33042   Cb: 12.3863   Cr: 12.5016 )
00000202: 11.0991   (Y': 9.33975   Cb: 12.1758   Cr: 12.5253 )
00000205: 11.2243   (Y': 9.54042   Cb: 11.9623   Cr: 12.8825 )
00000203: 11.1787   (Y': 9.44246   Cb: 12.0757   Cr: 12.7582 )
00000206: 11.2204   (Y': 9.48745   Cb: 11.9768   Cr: 12.9631 )
00000204: 11.2774   (Y': 9.59544   Cb: 12.0168   Cr: 12.9297 )
00000207: 11.149    (Y': 9.46663   Cb: 11.8237   Cr: 12.8832 )
00000208: 11.1403   (Y': 9.40391   Cb: 11.8481   Cr: 12.9525 )
00000209: 11.0655   (Y': 9.32749   Cb: 11.799    Cr: 12.8484 )
00000210: 11.1167   (Y': 9.36488   Cb: 11.9095   Cr: 12.8561 )
00000211: 11.1621   (Y': 9.36531   Cb: 12.0028   Cr: 12.9435 )
00000212: 11.2578   (Y': 9.44073   Cb: 12.1594   Cr: 13.0104 )
00000213: 11.2759   (Y': 9.44613   Cb: 12.2232   Cr: 13.002  )
00000214: 11.3458   (Y': 9.41326   Cb: 12.3982   Cr: 13.1852 )
00000215: 11.4567   (Y': 9.57004   Cb: 12.4384   Cr: 13.2726 )
00000216: 11.3491   (Y': 9.47552   Cb: 12.3574   Cr: 13.103  )
00000217: 11.3179   (Y': 9.5235    Cb: 12.2251   Cr: 13.0127 )
00000218: 11.3124   (Y': 9.54346   Cb: 12.2322   Cr: 12.9359 )
00000220: 11.216    (Y': 9.51792   Cb: 12.0754   Cr: 12.7585 )
00000219: 11.2927   (Y': 9.5147    Cb: 12.2095   Cr: 12.9397 )
00000221: 11.2      (Y': 9.56962   Cb: 11.9602   Cr: 12.7183 )
00000222: 11.1614   (Y': 9.53122   Cb: 11.9548   Cr: 12.64   )
00000223: 11.1814   (Y': 9.57641   Cb: 11.961    Cr: 12.6247 )
00000224: 11.1964   (Y': 9.55959   Cb: 12.0901   Cr: 12.5738 )
00000225: 11.2412   (Y': 9.56434   Cb: 12.2658   Cr: 12.5555 )
00000226: 11.1812   (Y': 9.40741   Cb: 12.3768   Cr: 12.5111 )
00000227: 11.1409   (Y': 9.34311   Cb: 12.4092   Cr: 12.446  )
00000228: 11.1418   (Y': 9.27942   Cb: 12.3566   Cr: 12.6383 )
00000229: 11.2889   (Y': 9.38236   Cb: 12.507    Cr: 12.8789 )
00000231: 11.3762   (Y': 9.47658   Cb: 12.4761   Cr: 13.0828 )
00000230: 11.3954   (Y': 9.50293   Cb: 12.5225   Cr: 13.0548 )
00000232: 11.3393   (Y': 9.54086   Cb: 12.2178   Cr: 13.0779 )
00000233: 11.3301   (Y': 9.64272   Cb: 12.04     Cr: 13.0307 )
00000234: 11.3859   (Y': 9.98355   Cb: 11.703    Cr: 13.0022 )
00000235: 11.4731   (Y': 10.2211   Cb: 11.6326   Cr: 13.0103 )
00000236: 11.4917   (Y': 10.1729   Cb: 11.6584   Cr: 13.1486 )
00000237: 11.4953   (Y': 10.1234   Cb: 11.6492   Cr: 13.2781 )
00000238: 11.5088   (Y': 9.9386    Cb: 11.7974   Cr: 13.5239 )
00000239: 11.4168   (Y': 9.80487   Cb: 11.7613   Cr: 13.4452 )
00000240: 11.2437   (Y': 9.52086   Cb: 11.6822   Cr: 13.3964 )
00000241: 11.297    (Y': 9.60014   Cb: 11.7587   Cr: 13.3533 )
00000242: 11.4066   (Y': 9.7075    Cb: 11.8323   Cr: 13.5211 )
00000243: 11.4404   (Y': 9.77349   Cb: 11.8409   Cr: 13.515  )
00000244: 11.4992   (Y': 9.77136   Cb: 11.965    Cr: 13.624  )
00000245: 11.5106   (Y': 9.7777    Cb: 11.9584   Cr: 13.6745 )
00000246: 11.4726   (Y': 9.67143   Cb: 11.9983   Cr: 13.6907 )
00000247: 11.4231   (Y': 9.6382    Cb: 11.948    Cr: 13.6015 )
00000248: 11.4579   (Y': 9.61979   Cb: 12.0434   Cr: 13.6821 )
00000249: 11.5      (Y': 9.63941   Cb: 12.0975   Cr: 13.7641 )
00000250: 11.5835   (Y': 9.74197   Cb: 12.1738   Cr: 13.8093 )
00000251: 11.561    (Y': 9.76625   Cb: 12.1517   Cr: 13.6693 )
00000255: 11.519    (Y': 9.74538   Cb: 12.1447   Cr: 13.5271 )
00000252: 11.5297   (Y': 9.65347   Cb: 12.1648   Cr: 13.7797 )
00000256: 11.7204   (Y': 9.91929   Cb: 12.3757   Cr: 13.7539 )
00000253: 11.5577   (Y': 9.69058   Cb: 12.2046   Cr: 13.767  )
00000254: 11.5242   (Y': 9.69032   Cb: 12.1771   Cr: 13.6412 )
00000257: 11.8203   (Y': 9.94415   Cb: 12.5554   Cr: 13.9288 )
00000258: 12.0462   (Y': 10.0358   Cb: 12.9903   Cr: 14.2162 )
00000259: 12.1465   (Y': 10.2157   Cb: 12.9956   Cr: 14.2384 )
00000260: 12.1345   (Y': 10.2033   Cb: 12.9322   Cr: 14.2971 )
00000261: 12.2434   (Y': 10.3044   Cb: 13.0378   Cr: 14.4304 )
00000263: 12.1624   (Y': 10.2726   Cb: 12.8017   Cr: 14.4412 )
00000262: 12.2271   (Y': 10.3372   Cb: 12.9782   Cr: 14.3482 )
00000264: 12.1792   (Y': 10.2703   Cb: 12.8205   Cr: 14.5055 )
00000265: 12.2959   (Y': 10.3301   Cb: 12.9716   Cr: 14.7243 )
00000266: 12.4001   (Y': 10.3831   Cb: 13.1088   Cr: 14.9225 )
00000267: 12.4601   (Y': 10.421    Cb: 13.1635   Cr: 15.054  )
00000268: 12.4464   (Y': 10.252    Cb: 13.3297   Cr: 15.2313 )
00000269: 12.3793   (Y': 10.259    Cb: 13.1525   Cr: 15.1065 )
00000272: 12.4658   (Y': 10.352    Cb: 13.242    Cr: 15.1688 )
00000271: 12.3821   (Y': 10.2425   Cb: 13.2261   Cr: 15.0586 )
00000270: 12.3658   (Y': 10.2562   Cb: 13.1416   Cr: 15.0567 )
00000273: 12.5612   (Y': 10.3135   Cb: 13.4684   Cr: 15.4805 )
00000274: 12.4868   (Y': 10.2887   Cb: 13.346    Cr: 15.3215 )
00000275: 12.4131   (Y': 10.1938   Cb: 13.2828   Cr: 15.2994 )
00000276: 12.2979   (Y': 10.0379   Cb: 13.1516   Cr: 15.3448 )
00000277: 12.3684   (Y': 10.054    Cb: 13.3443   Cr: 15.4016 )
00000278: 12.2724   (Y': 10.0874   Cb: 13.0781   Cr: 15.1507 )
00000280: 12.3263   (Y': 10.1914   Cb: 13.0327   Cr: 15.206  )
00000279: 12.2772   (Y': 10.0723   Cb: 13.147    Cr: 15.1169 )
00000281: 12.2078   (Y': 10.1005   Cb: 12.916    Cr: 14.9986 )
00000282: 12.1533   (Y': 10.039    Cb: 12.86     Cr: 14.9683 )
00000283: 12.1742   (Y': 10.0362   Cb: 12.912    Cr: 15.013  )
00000284: 12.2025   (Y': 10.0916   Cb: 12.9369   Cr: 14.9622 )
00000285: 12.1938   (Y': 10.0982   Cb: 12.9459   Cr: 14.8788 )
00000286: 12.231    (Y': 10.1045   Cb: 13.0413   Cr: 14.9195 )
00000288: 12.3052   (Y': 10.1548   Cb: 13.1138   Cr: 15.0697 )
00000287: 12.2526   (Y': 10.1278   Cb: 13.0358   Cr: 14.9778 )
00000289: 12.3938   (Y': 10.2635   Cb: 13.1893   Cr: 15.1166 )
00000290: 12.4502   (Y': 10.3651   Cb: 13.1734   Cr: 15.1494 )
00000291: 12.4956   (Y': 10.3374   Cb: 13.3005   Cr: 15.2899 )
00000292: 12.4985   (Y': 10.2611   Cb: 13.4049   Cr: 15.385  )
00000293: 12.4942   (Y': 10.2761   Cb: 13.3547   Cr: 15.3908 )
00000294: 12.4607   (Y': 10.2292   Cb: 13.2948   Cr: 15.444  )
00000296: 12.3636   (Y': 10.1479   Cb: 13.103    Cr: 15.4533 )
00000295: 12.4407   (Y': 10.2127   Cb: 13.2484   Cr: 15.4561 )
00000297: 12.3937   (Y': 10.1298   Cb: 13.1943   Cr: 15.5436 )
00000298: 12.5628   (Y': 10.2576   Cb: 13.4904   Cr: 15.6429 )
00000299: 12.755    (Y': 10.4404   Cb: 13.7697   Cr: 15.7272 )
00000300: 12.7024   (Y': 10.3535   Cb: 13.8047   Cr: 15.6552 )
00000301: 12.7506   (Y': 10.3176   Cb: 13.9257   Cr: 15.8844 )
00000303: 12.6456   (Y': 10.1696   Cb: 13.9094   Cr: 15.7972 )
00000302: 12.8004   (Y': 10.2706   Cb: 14.1756   Cr: 15.98   )
00000304: 12.74     (Y': 10.2182   Cb: 14.0271   Cr: 16.0258 )
00000305: 12.8229   (Y': 10.2917   Cb: 14.159    Cr: 16.068  )
00000306: 12.9073   (Y': 10.3358   Cb: 14.3496   Cr: 16.1421 )
00000307: 12.9544   (Y': 10.4259   Cb: 14.2432   Cr: 16.2635 )
00000308: 13.1398   (Y': 10.5561   Cb: 14.4494   Cr: 16.6325 )
00000309: 13.0529   (Y': 10.4814   Cb: 14.3875   Cr: 16.4556 )
00000311: 12.8487   (Y': 10.2572   Cb: 14.1334   Cr: 16.4148 )
00000310: 12.9191   (Y': 10.3443   Cb: 14.2674   Cr: 16.3135 )
00000312: 12.6718   (Y': 10.1164   Cb: 13.9002   Cr: 16.1859 )
00000313: 12.6637   (Y': 10.1869   Cb: 13.76     Cr: 16.0908 )
00000314: 12.6731   (Y': 10.2389   Cb: 13.8006   Cr: 15.8872 )
00000315: 12.6374   (Y': 10.1646   Cb: 13.8496   Cr: 15.8575 )
00000316: 12.7297   (Y': 10.2172   Cb: 13.9823   Cr: 16.0352 )
00000317: 12.7919   (Y': 10.2703   Cb: 14.0957   Cr: 16.0505 )
00000319: 12.8596   (Y': 10.2752   Cb: 14.1355   Cr: 16.4114 )
00000318: 12.8105   (Y': 10.2566   Cb: 14.1243   Cr: 16.1774 )
00000320: 12.9096   (Y': 10.2685   Cb: 14.3432   Cr: 16.4344 )
00000321: 12.9748   (Y': 10.3223   Cb: 14.5058   Cr: 16.392  )
00000323: 13.1734   (Y': 10.5951   Cb: 14.6145   Cr: 16.4364 )
00000322: 13.1533   (Y': 10.5622   Cb: 14.6578   Cr: 16.3699 )
00000326: 13.1221   (Y': 10.5799   Cb: 14.6441   Cr: 16.1327 )
00000324: 13.1806   (Y': 10.6399   Cb: 14.6389   Cr: 16.2771 )
00000325: 13.1994   (Y': 10.6065   Cb: 14.6766   Cr: 16.4637 )
00000327: 13.2123   (Y': 10.6634   Cb: 14.7375   Cr: 16.2425 )
00000328: 13.1885   (Y': 10.5296   Cb: 14.7825   Cr: 16.536  )
00000329: 13.0372   (Y': 10.3416   Cb: 14.5785   Cr: 16.6169 )
00000330: 13.0285   (Y': 10.3631   Cb: 14.432    Cr: 16.7056 )
00000331: 13.0523   (Y': 10.3964   Cb: 14.4858   Cr: 16.6387 )
00000334: 13.171    (Y': 10.4766   Cb: 14.7857   Cr: 16.6311 )
00000333: 13.1844   (Y': 10.4495   Cb: 14.8033   Cr: 16.8086 )
00000335: 13.0858   (Y': 10.419    Cb: 14.6115   Cr: 16.5696 )
00000332: 13.2727   (Y': 10.5628   Cb: 14.8775   Cr: 16.8123 )
00000336: 12.7763   (Y': 10.1093   Cb: 14.1555   Cr: 16.5018 )
00000337: 12.6615   (Y': 9.9492    Cb: 14.0758   Cr: 16.5276 )
00000338: 12.5593   (Y': 9.9019    Cb: 13.8069   Cr: 16.4766 )
00000339: 12.5577   (Y': 9.86246   Cb: 13.8697   Cr: 16.5295 )
00000340: 12.5639   (Y': 9.83864   Cb: 13.9225   Cr: 16.5907 )
00000341: 12.6301   (Y': 9.92735   Cb: 13.9812   Cr: 16.565  )
00000342: 12.703    (Y': 9.93419   Cb: 14.1933   Cr: 16.6969 )
00000344: 12.6431   (Y': 9.79798   Cb: 14.2863   Cr: 16.7364 )
00000343: 12.6469   (Y': 9.87387   Cb: 14.1688   Cr: 16.6055 )
00000345: 12.7527   (Y': 9.90015   Cb: 14.4182   Cr: 16.8432 )
00000346: 12.6523   (Y': 9.78424   Cb: 14.3482   Cr: 16.7672 )
00000347: 12.6763   (Y': 9.83758   Cb: 14.3282   Cr: 16.7232 )
00000348: 12.6813   (Y': 9.82619   Cb: 14.4024   Cr: 16.6888 )
00000352: 12.9422   (Y': 10.034    Cb: 14.8218   Cr: 16.9464 )
00000349: 12.757    (Y': 9.88023   Cb: 14.5194   Cr: 16.8008 )
00000350: 12.8067   (Y': 9.94108   Cb: 14.6346   Cr: 16.689  )
00000351: 12.8831   (Y': 10.0271   Cb: 14.6473   Cr: 16.8232 )
00000353: 12.8672   (Y': 9.94743   Cb: 14.754    Cr: 16.9165 )
00000355: 12.7247   (Y': 9.88536   Cb: 14.495    Cr: 16.5761 )
00000354: 12.8438   (Y': 9.98525   Cb: 14.6826   Cr: 16.6754 )
00000356: 12.6483   (Y': 9.89955   Cb: 14.2605   Cr: 16.3438 )
00000360: 12.7253   (Y': 9.90919   Cb: 14.6296   Cr: 16.2666 )
00000361: 12.6378   (Y': 9.82675   Cb: 14.5188   Cr: 16.1912 )
00000357: 12.6719   (Y': 9.90939   Cb: 14.3482   Cr: 16.3258 )
00000358: 12.7531   (Y': 9.95689   Cb: 14.5987   Cr: 16.2947 )
00000359: 12.7692   (Y': 9.93722   Cb: 14.6571   Cr: 16.4042 )
00000363: 12.4355   (Y': 9.59981   Cb: 14.4508   Cr: 15.9026 )
00000362: 12.591    (Y': 9.78509   Cb: 14.4907   Cr: 16.0954 )
00000364: 12.5572   (Y': 9.73951   Cb: 14.5093   Cr: 16.0368 )
00000365: 12.6097   (Y': 9.85696   Cb: 14.4478   Cr: 15.9796 )
00000366: 12.9285   (Y': 10.3212   Cb: 14.5073   Cr: 16.0978 )
00000367: 12.7468   (Y': 10.141    Cb: 14.2241   Cr: 16.0608 )
00000369: 12.7807   (Y': 10.2337   Cb: 14.1294   Cr: 16.0662 )
00000368: 12.7547   (Y': 10.2043   Cb: 14.1423   Cr: 15.9929 )
00000370: 12.7567   (Y': 10.1938   Cb: 14.0473   Cr: 16.1973 )
00000371: 12.8444   (Y': 10.2511   Cb: 14.1944   Cr: 16.3097 )
00000372: 12.8524   (Y': 10.2519   Cb: 14.2492   Cr: 16.2711 )
00000373: 12.9057   (Y': 10.2949   Cb: 14.3511   Cr: 16.2888 )
00000375: 12.9174   (Y': 10.2414   Cb: 14.5043   Cr: 16.3443 )
00000374: 12.9236   (Y': 10.2433   Cb: 14.4853   Cr: 16.4069 )
00000377: 12.7723   (Y': 10.0176   Cb: 14.7111   Cr: 16.0106 )
00000376: 12.8071   (Y': 10.0886   Cb: 14.5974   Cr: 16.1064 )
00000378: 12.6691   (Y': 10.0168   Cb: 14.2785   Cr: 15.9675 )
00000379: 12.6017   (Y': 9.92195   Cb: 14.3098   Cr: 15.8646 )
00000380: 12.5467   (Y': 9.91391   Cb: 14.1779   Cr: 15.7376 )
00000381: 12.5271   (Y': 9.91194   Cb: 14.083    Cr: 15.7596 )
00000382: 12.4894   (Y': 9.89591   Cb: 13.9763   Cr: 15.7416 )
00000383: 12.4954   (Y': 9.89835   Cb: 13.9886   Cr: 15.7513 )
00000385: 12.3604   (Y': 9.78171   Cb: 13.9276   Cr: 15.4394 )
00000384: 12.4554   (Y': 9.8699    Cb: 14.0082   Cr: 15.5804 )
00000386: 12.4027   (Y': 9.77879   Cb: 14.0377   Cr: 15.5542 )
00000389: 12.5128   (Y': 9.87915   Cb: 14.1709   Cr: 15.6686 )
00000388: 12.578    (Y': 9.89779   Cb: 14.2724   Cr: 15.8623 )
00000387: 12.4917   (Y': 9.91449   Cb: 14.0504   Cr: 15.5775 )
00000390: 12.4444   (Y': 9.7475    Cb: 14.0282   Cr: 15.9626 )
00000391: 12.4635   (Y': 9.7729    Cb: 14.0026   Cr: 16.0257 )
00000392: 12.4603   (Y': 9.79564   Cb: 14.0635   Cr: 15.8167 )
00000393: 12.3999   (Y': 9.78188   Cb: 13.9543   Cr: 15.6459 )
00000394: 12.4868   (Y': 9.84805   Cb: 14.2298   Cr: 15.5447 )
00000395: 12.4589   (Y': 9.87213   Cb: 14.1154   Cr: 15.4437 )
00000397: 12.2509   (Y': 9.57926   Cb: 13.9727   Cr: 15.4629 )
00000396: 12.2085   (Y': 9.60772   Cb: 13.9509   Cr: 15.1291 )
00000398: 12.3177   (Y': 9.61828   Cb: 13.9618   Cr: 15.7538 )
00000399: 12.391    (Y': 9.74007   Cb: 14.0146   Cr: 15.6632 )
00000400: 12.4266   (Y': 9.80798   Cb: 13.9467   Cr: 15.7258 )
00000401: 12.4013   (Y': 9.85364   Cb: 13.9732   Cr: 15.3615 )
00000402: 12.0042   (Y': 9.33301   Cb: 13.7568   Cr: 15.1712 )
00000403: 11.9843   (Y': 9.30091   Cb: 13.6741   Cr: 15.2882 )
00000404: 11.7853   (Y': 9.20967   Cb: 13.3561   Cr: 14.8482 )
00000405: 11.7103   (Y': 9.1168    Cb: 13.2681   Cr: 14.8577 )
00000407: 11.5436   (Y': 9.13038   Cb: 12.8481   Cr: 14.4142 )
00000408: 11.4768   (Y': 9.22699   Cb: 12.4844   Cr: 14.2478 )
00000406: 11.5769   (Y': 9.12774   Cb: 12.926    Cr: 14.5062 )
00000409: 11.5633   (Y': 9.37713   Cb: 12.5181   Cr: 14.2147 )
00000410: 11.6255   (Y': 9.59923   Cb: 12.4762   Cr: 13.9658 )
00000411: 11.8424   (Y': 9.69933   Cb: 12.7185   Cr: 14.4807 )
00000414: 12.2918   (Y': 10.035    Cb: 13.3164   Cr: 15.0594 )
00000412: 12.218    (Y': 9.91506   Cb: 13.3728   Cr: 14.9417 )
00000413: 12.2711   (Y': 9.98261   Cb: 13.4017   Cr: 14.9837 )
00000416: 12.0234   (Y': 9.92645   Cb: 12.9272   Cr: 14.4858 )
00000415: 12.2723   (Y': 10.1025   Cb: 13.2484   Cr: 14.8436 )
00000417: 11.8721   (Y': 9.73908   Cb: 12.7726   Cr: 14.4441 )
00000418: 12.7314   (Y': 10.1795   Cb: 14.35     Cr: 15.6432 )
00000422: 12.4214   (Y': 10.1299   Cb: 13.9686   Cr: 14.6054 )
00000419: 12.6815   (Y': 10.1941   Cb: 14.4373   Cr: 15.2038 )
00000420: 12.7973   (Y': 10.3508   Cb: 14.5254   Cr: 15.2249 )
00000421: 12.7137   (Y': 10.3741   Cb: 14.2672   Cr: 15.0278 )
00000423: 12.0753   (Y': 9.86825   Cb: 13.4705   Cr: 14.2042 )
00000424: 11.6725   (Y': 9.463     Cb: 12.9646   Cr: 13.9337 )
00000425: 11.6621   (Y': 9.47876   Cb: 12.9902   Cr: 13.807  )
00000426: 11.4772   (Y': 9.35747   Cb: 12.6083   Cr: 13.6951 )
00000430: 12.0366   (Y': 9.68911   Cb: 13.6543   Cr: 14.2982 )
00000427: 11.5602   (Y': 9.35612   Cb: 12.7843   Cr: 13.8925 )
00000428: 11.7544   (Y': 9.54866   Cb: 12.9536   Cr: 14.1239 )
00000429: 11.6956   (Y': 9.46587   Cb: 13.1597   Cr: 13.8056 )
00000432: 11.7611   (Y': 9.55885   Cb: 12.9033   Cr: 14.1963 )
00000431: 11.9918   (Y': 9.62909   Cb: 13.6086   Cr: 14.2988 )
00000434: 11.3411   (Y': 9.07456   Cb: 12.4994   Cr: 13.9465 )
00000433: 11.7267   (Y': 9.48413   Cb: 12.9559   Cr: 14.1635 )
00000435: 11.6134   (Y': 9.3767    Cb: 12.7451   Cr: 14.1648 )
00000436: 11.7261   (Y': 9.56139   Cb: 12.7028   Cr: 14.2811 )
00000440: 12.2627   (Y': 9.89619   Cb: 13.3247   Cr: 15.3388 )
00000439: 11.9802   (Y': 9.83474   Cb: 12.866    Cr: 14.6111 )
00000437: 11.8484   (Y': 9.67696   Cb: 12.7954   Cr: 14.467  )
00000438: 11.8082   (Y': 9.67935   Cb: 12.7068   Cr: 14.3707 )
00000441: 12.3375   (Y': 9.92694   Cb: 13.526    Cr: 15.3703 )
00000442: 12.4973   (Y': 10.0535   Cb: 13.7781   Cr: 15.5077 )
00000443: 12.3067   (Y': 9.83895   Cb: 13.6291   Cr: 15.3396 )
00000444: 12.0092   (Y': 9.66922   Cb: 13.1524   Cr: 14.87   )
00000445: 11.913    (Y': 9.54094   Cb: 13.2802   Cr: 14.5618 )
00000446: 11.754    (Y': 9.29542   Cb: 13.2001   Cr: 14.5789 )
00000447: 12.0141   (Y': 9.49981   Cb: 13.3891   Cr: 15.1365 )
00000448: 12.0617   (Y': 9.47832   Cb: 13.4287   Cr: 15.4599 )
00000449: 11.801    (Y': 9.2606    Cb: 13.0535   Cr: 15.2149 )
00000450: 11.7966   (Y': 9.34396   Cb: 13.0639   Cr: 14.8584 )
00000451: 11.7597   (Y': 9.29814   Cb: 12.9753   Cr: 14.9335 )
00000452: 11.3834   (Y': 8.92601   Cb: 12.6701   Cr: 14.4328 )
00000455: 11.7586   (Y': 9.24047   Cb: 13.1218   Cr: 14.9128 )
00000454: 11.6537   (Y': 9.14985   Cb: 12.9835   Cr: 14.8059 )
00000456: 11.5564   (Y': 9.09132   Cb: 12.8329   Cr: 14.6486 )
00000453: 11.2574   (Y': 8.84908   Cb: 12.4249   Cr: 14.3151 )
00000457: 11.4171   (Y': 8.98845   Cb: 12.7072   Cr: 14.361  )
00000458: 11.4322   (Y': 8.94365   Cb: 12.587    Cr: 14.8057 )
00000459: 11.5269   (Y': 8.97906   Cb: 12.7218   Cr: 15.0674 )
00000460: 11.5193   (Y': 8.91177   Cb: 12.7221   Cr: 15.2963 )
00000461: 11.4511   (Y': 8.89496   Cb: 12.5904   Cr: 15.1232 )
00000463: 11.6134   (Y': 9.04461   Cb: 12.8278   Cr: 15.2061 )
00000462: 11.3837   (Y': 8.84714   Cb: 12.4712   Cr: 15.0672 )
00000464: 11.5087   (Y': 8.87076   Cb: 12.8371   Cr: 15.1955 )
00000465: 11.4551   (Y': 8.82308   Cb: 12.83     Cr: 15.0383 )
00000466: 11.3928   (Y': 8.78799   Cb: 12.7252   Cr: 14.9338 )
00000467: 11.3856   (Y': 8.80277   Cb: 12.7535   Cr: 14.7798 )
00000468: 11.2286   (Y': 8.66464   Cb: 12.6373   Cr: 14.4862 )
00000469: 11.1735   (Y': 8.59811   Cb: 12.6383   Cr: 14.3894 )
00000470: 11.1542   (Y': 8.56455   Cb: 12.6013   Cr: 14.4513 )
00000471: 11.1751   (Y': 8.60159   Cb: 12.5834   Cr: 14.47   )
00000472: 11.321    (Y': 8.70625   Cb: 12.8383   Cr: 14.6095 )
00000474: 11.5555   (Y': 8.91834   Cb: 13.114    Cr: 14.8699 )
00000473: 11.3928   (Y': 8.7799    Cb: 12.8606   Cr: 14.7492 )
00000475: 11.5853   (Y': 8.95477   Cb: 13.0601   Cr: 15.0014 )
00000476: 11.6406   (Y': 8.94557   Cb: 13.2281   Cr: 15.1449 )
00000477: 11.6777   (Y': 8.9693    Cb: 13.2626   Cr: 15.2424 )
00000478: 11.6559   (Y': 8.91433   Cb: 13.2344   Cr: 15.375  )
00000480: 11.599    (Y': 8.80585   Cb: 13.3052   Cr: 15.3417 )
00000479: 11.6133   (Y': 8.8647    Cb: 13.2075   Cr: 15.3379 )
00000481: 11.6131   (Y': 8.80727   Cb: 13.3324   Cr: 15.3922 )
00000483: 11.5831   (Y': 8.85051   Cb: 13.1936   Cr: 15.2109 )
00000482: 11.6091   (Y': 8.85404   Cb: 13.2467   Cr: 15.2915 )
00000484: 11.6539   (Y': 8.97246   Cb: 13.1073   Cr: 15.3164 )
00000485: 11.7303   (Y': 9.0653    Cb: 13.1814   Cr: 15.3267 )
00000486: 11.6665   (Y': 8.97793   Cb: 13.1418   Cr: 15.3232 )
00000487: 11.7923   (Y': 9.0666    Cb: 13.3323   Cr: 15.5044 )
00000488: 11.7841   (Y': 9.07789   Cb: 13.3826   Cr: 15.3185 )
00000490: 11.7706   (Y': 9.29806   Cb: 13.0572   Cr: 14.8744 )
00000489: 11.8742   (Y': 9.19691   Cb: 13.4555   Cr: 15.3148 )
00000491: 11.5768   (Y': 9.19257   Cb: 12.6544   Cr: 14.6905 )
00000492: 11.5896   (Y': 9.21891   Cb: 12.5268   Cr: 14.887  )
00000494: 11.5442   (Y': 9.10556   Cb: 12.6238   Cr: 14.8533 )
00000493: 11.5242   (Y': 9.14288   Cb: 12.462    Cr: 14.8605 )
00000495: 11.5539   (Y': 9.04403   Cb: 12.7415   Cr: 14.9552 )
00000496: 11.6135   (Y': 9.02514   Cb: 12.9422   Cr: 15.0932 )
00000498: 11.7338   (Y': 9.0232    Cb: 13.3244   Cr: 15.2991 )
00000497: 11.6234   (Y': 9.0037    Cb: 13.0234   Cr: 15.1143 )
00000499: 11.8018   (Y': 9.08468   Cb: 13.4365   Cr: 15.3259 )
00000500: 11.9099   (Y': 9.13538   Cb: 13.6924   Cr: 15.4528 )
00000501: 11.9378   (Y': 9.16901   Cb: 13.7084   Cr: 15.4738 )
00000502: 12.0826   (Y': 9.36217   Cb: 13.851    Cr: 15.4207 )
00000503: 12.1664   (Y': 9.4857    Cb: 13.9238   Cr: 15.3632 )
00000504: 12.1842   (Y': 9.50224   Cb: 13.9109   Cr: 15.4292 )
00000505: 12.2032   (Y': 9.53669   Cb: 13.8603   Cr: 15.4875 )
00000507: 12.1911   (Y': 9.54419   Cb: 13.6954   Cr: 15.6271 )
00000506: 12.2783   (Y': 9.67523   Cb: 13.7793   Cr: 15.5459 )
00000508: 12.2643   (Y': 9.63545   Cb: 13.616    Cr: 15.8734 )
00000509: 12.1244   (Y': 9.58125   Cb: 13.2965   Cr: 15.6853 )
00000512: 12.1453   (Y': 9.74767   Cb: 13.1026   Cr: 15.5087 )
00000510: 12.0792   (Y': 9.57497   Cb: 13.1583   Cr: 15.6447 )
00000511: 12.0968   (Y': 9.60938   Cb: 13.1671   Cr: 15.6106 )
00000513: 12.1707   (Y': 9.81536   Cb: 13.0527   Cr: 15.5077 )
00000515: 11.8116   (Y': 9.41243   Cb: 12.8207   Cr: 15.0921 )
00000514: 11.8595   (Y': 9.42154   Cb: 12.8511   Cr: 15.3172 )
00000516: 11.7806   (Y': 9.31631   Cb: 12.8611   Cr: 15.1858 )
00000519: 11.7725   (Y': 9.31485   Cb: 12.8798   Cr: 15.1068 )
00000518: 11.6588   (Y': 9.22033   Cb: 12.7093   Cr: 15.0161 )
00000517: 11.8121   (Y': 9.30779   Cb: 12.9108   Cr: 15.3436 )
00000520: 11.6202   (Y': 9.10179   Cb: 12.7202   Cr: 15.2062 )
00000521: 11.6128   (Y': 9.06038   Cb: 12.7865   Cr: 15.2082 )
00000522: 11.6153   (Y': 9.03597   Cb: 12.8219   Cr: 15.2655 )
00000523: 11.6246   (Y': 9.05966   Cb: 12.8444   Cr: 15.1917 )
00000524: 11.5419   (Y': 8.96813   Cb: 12.7852   Cr: 15.1056 )
00000525: 11.5617   (Y': 9.01214   Cb: 12.7795   Cr: 15.0696 )
00000526: 11.6397   (Y': 9.06333   Cb: 12.9802   Cr: 15.0526 )
00000527: 11.6608   (Y': 9.05483   Cb: 13.1151   Cr: 15.0112 )
00000528: 11.7806   (Y': 9.18137   Cb: 13.2912   Cr: 15.019  )
00000529: 11.8794   (Y': 9.27992   Cb: 13.4058   Cr: 15.0953 )
00000531: 11.746    (Y': 9.14515   Cb: 13.2001   Cr: 15.0762 )
00000530: 11.759    (Y': 9.11132   Cb: 13.3504   Cr: 15.0659 )
00000532: 11.6214   (Y': 9.05616   Cb: 12.9596   Cr: 14.9941 )
00000533: 11.6641   (Y': 9.11013   Cb: 12.9606   Cr: 15.0591 )
00000535: 11.6826   (Y': 9.11563   Cb: 12.9165   Cr: 15.2339 )
00000534: 11.658    (Y': 9.11421   Cb: 12.8961   Cr: 15.1092 )
00000536: 11.6262   (Y': 9.06334   Cb: 12.7724   Cr: 15.3142 )
00000537: 11.5969   (Y': 9.03068   Cb: 12.7569   Cr: 15.2746 )
00000538: 11.5584   (Y': 8.95399   Cb: 12.7404   Cr: 15.3598 )
00000539: 11.5595   (Y': 8.99886   Cb: 12.6821   Cr: 15.2807 )
00000540: 11.5506   (Y': 8.99039   Cb: 12.6943   Cr: 15.2319 )
00000542: 11.4889   (Y': 8.93496   Cb: 12.6595   Cr: 15.0962 )
00000541: 11.4607   (Y': 8.88012   Cb: 12.671    Cr: 15.1095 )
00000543: 11.5524   (Y': 8.96413   Cb: 12.79     Cr: 15.1861 )
00000544: 11.5725   (Y': 8.94758   Cb: 12.8853   Cr: 15.2309 )
00000545: 11.6017   (Y': 8.96267   Cb: 12.9523   Cr: 15.2555 )
00000548: 11.7167   (Y': 9.23437   Cb: 12.9474   Cr: 14.9434 )
00000546: 11.7289   (Y': 9.17742   Cb: 13.0153   Cr: 15.1306 )
00000547: 11.748    (Y': 9.23099   Cb: 13.0044   Cr: 15.0646 )
00000551: 11.6094   (Y': 9.02422   Cb: 12.9078   Cr: 15.1263 )
00000549: 11.637    (Y': 9.13459   Cb: 12.8723   Cr: 14.9321 )
00000550: 11.5278   (Y': 8.97149   Cb: 12.8739   Cr: 14.8533 )
00000552: 11.7205   (Y': 9.05922   Cb: 13.0781   Cr: 15.4581 )
00000553: 11.7289   (Y': 9.07235   Cb: 13.0786   Cr: 15.4594 )
00000554: 11.7451   (Y': 9.06491   Cb: 13.1698   Cr: 15.4506 )
00000555: 11.629    (Y': 8.996     Cb: 13.0095   Cr: 15.2073 )
00000556: 11.685    (Y': 9.1038    Cb: 13.0674   Cr: 15.0499 )
00000557: 11.6593   (Y': 9.0951    Cb: 13.0378   Cr: 14.964  )
00000558: 11.7529   (Y': 9.24592   Cb: 13.06     Cr: 14.9514 )
00000559: 11.9183   (Y': 9.39522   Cb: 13.1964   Cr: 15.2234 )
00000560: 11.9181   (Y': 9.5147    Cb: 13.086    Cr: 14.9578 )
00000561: 11.7741   (Y': 9.34324   Cb: 12.9947   Cr: 14.8297 )
00000562: 11.8292   (Y': 9.43632   Cb: 12.9945   Cr: 14.8362 )
00000563: 11.862    (Y': 9.44923   Cb: 13.0959   Cr: 14.834  )
00000564: 11.8097   (Y': 9.37834   Cb: 13.1175   Cr: 14.7373 )
00000565: 11.8395   (Y': 9.37116   Cb: 13.2202   Cr: 14.7898 )
00000567: 11.8212   (Y': 9.38345   Cb: 13.2267   Cr: 14.6318 )
00000566: 11.7062   (Y': 9.30507   Cb: 13.075    Cr: 14.4463 )
00000568: 11.8688   (Y': 9.53738   Cb: 12.9505   Cr: 14.7938 )
00000570: 11.9466   (Y': 9.64234   Cb: 12.9695   Cr: 14.8711 )
00000569: 11.8914   (Y': 9.57307   Cb: 12.9259   Cr: 14.8456 )
00000571: 11.864    (Y': 9.60198   Cb: 12.852    Cr: 14.7038 )
00000572: 11.8039   (Y': 9.53097   Cb: 12.7664   Cr: 14.7187 )
00000574: 11.7708   (Y': 9.37247   Cb: 12.9791   Cr: 14.7313 )
00000575: 11.719    (Y': 9.24241   Cb: 13.0749   Cr: 14.7342 )
00000573: 11.8327   (Y': 9.53001   Cb: 12.8637   Cr: 14.7396 )
00000576: 11.7761   (Y': 9.21972   Cb: 13.3404   Cr: 14.7784 )
00000577: 11.7868   (Y': 9.24149   Cb: 13.4255   Cr: 14.6484 )
00000579: 11.7578   (Y': 9.14882   Cb: 13.651    Cr: 14.5162 )
00000578: 11.732    (Y': 9.12372   Cb: 13.5979   Cr: 14.5213 )
00000580: 11.8544   (Y': 9.18782   Cb: 13.905    Cr: 14.6235 )
00000581: 11.806    (Y': 9.13406   Cb: 13.894    Cr: 14.5501 )
00000582: 11.8529   (Y': 9.19818   Cb: 14.0408   Cr: 14.4257 )
00000583: 11.9208   (Y': 9.25871   Cb: 14.1026   Cr: 14.5252 )
00000584: 11.8772   (Y': 9.15717   Cb: 14.2599   Cr: 14.461  )
00000586: 12.04     (Y': 9.25995   Cb: 14.58     Cr: 14.6676 )
00000585: 11.8669   (Y': 9.11827   Cb: 14.2784   Cr: 14.5184 )
00000587: 12.0765   (Y': 9.28476   Cb: 14.5668   Cr: 14.7963 )
00000588: 12.0227   (Y': 9.27802   Cb: 14.5123   Cr: 14.5803 )
00000589: 11.7923   (Y': 9.09775   Cb: 14.1381   Cr: 14.329  )
00000590: 11.4752   (Y': 8.72488   Cb: 13.9383   Cr: 14.079  )
00000591: 11.3751   (Y': 8.6579    Cb: 13.6868   Cr: 14.0248 )
00000592: 11.5065   (Y': 8.8069    Cb: 13.62     Cr: 14.3182 )
00000596: 11.6051   (Y': 8.79187   Cb: 13.3607   Cr: 15.36   )
00000594: 11.6203   (Y': 8.90873   Cb: 13.4809   Cr: 14.7952 )
00000595: 11.6666   (Y': 8.87838   Cb: 13.5316   Cr: 15.1456 )
00000593: 11.5306   (Y': 8.81956   Cb: 13.5518   Cr: 14.4952 )
00000597: 11.5848   (Y': 8.77039   Cb: 13.2927   Cr: 15.4218 )
Total: 11.7505   (Y': 9.47347   Cb: 12.8996   Cr: 14.4007 )
