00000001: 13.0442   (Y': 11.1909   Cb: 13.6028   Cr: 15.347  )
00000002: 13.0749   (Y': 11.2211   Cb: 13.6468   Cr: 15.3595 )
00000000: 13.0328   (Y': 11.1969   Cb: 13.5693   Cr: 15.3234 )
00000003: 13.0486   (Y': 11.2058   Cb: 13.6015   Cr: 15.3328 )
00000004: 13.076    (Y': 11.2532   Cb: 13.6084   Cr: 15.3396 )
00000005: 13.0641   (Y': 11.2188   Cb: 13.593    Cr: 15.3909 )
00000011: 12.981    (Y': 11.2756   Cb: 13.379    Cr: 15.152  )
00000006: 13.0378   (Y': 11.1819   Cb: 13.5949   Cr: 15.3498 )
00000007: 13.0083   (Y': 11.184    Cb: 13.5013   Cr: 15.3351 )
00000008: 13.0164   (Y': 11.2099   Cb: 13.4911   Cr: 15.3247 )
00000014: 12.9177   (Y': 11.2629   Cb: 13.2564   Cr: 15.0557 )
00000013: 12.9409   (Y': 11.2827   Cb: 13.2785   Cr: 15.0888 )
00000010: 13.01     (Y': 11.2247   Cb: 13.4644   Cr: 15.2947 )
00000015: 12.915    (Y': 11.2898   Cb: 13.1993   Cr: 15.0651 )
00000012: 12.9624   (Y': 11.2455   Cb: 13.3828   Cr: 15.1277 )
00000018: 12.7946   (Y': 11.1292   Cb: 13.0695   Cr: 15.0567 )
00000023: 12.5904   (Y': 11.0639   Cb: 12.7091   Cr: 14.7672 )
00000022: 12.6157   (Y': 11.0116   Cb: 12.7922   Cr: 14.8849 )
00000009: 13.0001   (Y': 11.1897   Cb: 13.4872   Cr: 15.2994 )
00000019: 12.7658   (Y': 11.162    Cb: 13.0004   Cr: 14.9419 )
00000020: 12.7073   (Y': 11.1331   Cb: 12.8953   Cr: 14.8863 )
00000026: 12.5587   (Y': 11.0159   Cb: 12.6559   Cr: 14.8089 )
00000027: 12.521    (Y': 10.9695   Cb: 12.6217   Cr: 14.7864 )
00000024: 12.5574   (Y': 11.0311   Cb: 12.6612   Cr: 14.7578 )
00000021: 12.6389   (Y': 11.0487   Cb: 12.8502   Cr: 14.8193 )
00000016: 12.8942   (Y': 11.2441   Cb: 13.2079   Cr: 15.059  )
00000017: 12.849    (Y': 11.2061   Cb: 13.1337   Cr: 15.0412 )
00000032: 12.5844   (Y': 10.9903   Cb: 12.7255   Cr: 14.8869 )
00000030: 12.5449   (Y': 10.9665   Cb: 12.6752   Cr: 14.8267 )
00000028: 12.5517   (Y': 10.9892   Cb: 12.6681   Cr: 14.818  )
00000031: 12.5903   (Y': 11.0293   Cb: 12.7316   Cr: 14.8122 )
00000043: 13.0322   (Y': 11.5084   Cb: 13.428    Cr: 14.7924 )
00000037: 12.8027   (Y': 11.2494   Cb: 13.0738   Cr: 14.8053 )
00000035: 12.754    (Y': 11.1678   Cb: 12.9979   Cr: 14.8739 )
00000034: 12.6936   (Y': 11.1045   Cb: 12.8697   Cr: 14.9271 )
00000041: 12.9972   (Y': 11.4597   Cb: 13.358    Cr: 14.8352 )
00000033: 12.6604   (Y': 11.0718   Cb: 12.8436   Cr: 14.8815 )
00000025: 12.5823   (Y': 11.0395   Cb: 12.6956   Cr: 14.8065 )
00000029: 12.5208   (Y': 10.9632   Cb: 12.6062   Cr: 14.8264 )
00000038: 12.797    (Y': 11.2771   Cb: 13.0656   Cr: 14.7288 )
00000039: 12.9072   (Y': 11.3618   Cb: 13.2037   Cr: 14.8547 )
00000040: 12.9377   (Y': 11.4294   Cb: 13.2245   Cr: 14.8173 )
00000036: 12.7739   (Y': 11.1808   Cb: 13.0488   Cr: 14.8627 )
00000046: 12.9055   (Y': 11.4698   Cb: 13.1914   Cr: 14.6324 )
00000045: 12.9397   (Y': 11.5103   Cb: 13.2149   Cr: 14.6686 )
00000044: 13.001    (Y': 11.5018   Cb: 13.3659   Cr: 14.7512 )
00000042: 13.0342   (Y': 11.494    Cb: 13.4107   Cr: 14.8562 )
00000047: 12.8702   (Y': 11.471    Cb: 13.1206   Cr: 14.5713 )
00000056: 12.9121   (Y': 11.5468   Cb: 13.2177   Cr: 14.47   )
00000059: 12.9645   (Y': 11.5191   Cb: 13.3771   Cr: 14.5401 )
00000055: 12.8812   (Y': 11.4712   Cb: 13.2146   Cr: 14.4907 )
00000049: 12.8579   (Y': 11.4408   Cb: 13.1774   Cr: 14.5003 )
00000060: 13.0065   (Y': 11.6057   Cb: 13.4097   Cr: 14.506  )
00000061: 13.0944   (Y': 11.6333   Cb: 13.5729   Cr: 14.616  )
00000051: 12.82     (Y': 11.3798   Cb: 13.1525   Cr: 14.492  )
00000054: 12.8942   (Y': 11.4462   Cb: 13.2353   Cr: 14.5703 )
00000058: 12.9236   (Y': 11.5232   Cb: 13.2895   Cr: 14.4709 )
00000052: 12.833    (Y': 11.3819   Cb: 13.1714   Cr: 14.5192 )
00000048: 12.8935   (Y': 11.4671   Cb: 13.2072   Cr: 14.5629 )
00000065: 12.9438   (Y': 11.4192   Cb: 13.5124   Cr: 14.4796 )
00000084: 13.8114   (Y': 12.2484   Cb: 14.3511   Cr: 15.4628 )
00000053: 12.8404   (Y': 11.4097   Cb: 13.154    Cr: 14.5187 )
00000062: 13.1759   (Y': 11.7169   Cb: 13.6435   Cr: 14.7076 )
00000063: 13.178    (Y': 11.6242   Cb: 13.7545   Cr: 14.7635 )
00000050: 12.8576   (Y': 11.4301   Cb: 13.1782   Cr: 14.52   )
00000064: 13.1179   (Y': 11.6133   Cb: 13.6526   Cr: 14.6556 )
00000071: 12.9939   (Y': 11.2894   Cb: 13.8101   Cr: 14.6012 )
00000068: 12.8708   (Y': 11.2639   Cb: 13.5891   Cr: 14.3907 )
00000057: 12.9313   (Y': 11.5745   Cb: 13.2451   Cr: 14.4618 )
00000067: 12.7776   (Y': 11.1629   Cb: 13.4998   Cr: 14.3087 )
00000083: 13.801    (Y': 12.1974   Cb: 14.3554   Cr: 15.5197 )
00000069: 12.9724   (Y': 11.323    Cb: 13.7286   Cr: 14.535  )
00000070: 12.9225   (Y': 11.2568   Cb: 13.6934   Cr: 14.5016 )
00000072: 13.019    (Y': 11.2894   Cb: 13.8434   Cr: 14.6706 )
00000073: 13.0703   (Y': 11.3581   Cb: 13.9135   Cr: 14.6618 )
00000066: 12.8424   (Y': 11.2414   Cb: 13.4914   Cr: 14.4349 )
00000075: 13.0922   (Y': 11.4139   Cb: 13.8379   Cr: 14.7287 )
00000088: 13.8829   (Y': 12.4301   Cb: 14.4186   Cr: 15.3169 )
00000074: 13.0834   (Y': 11.3749   Cb: 13.8886   Cr: 14.7126 )
00000076: 13.1674   (Y': 11.4973   Cb: 13.8968   Cr: 14.8063 )
00000077: 13.2682   (Y': 11.586    Cb: 13.9993   Cr: 14.9313 )
00000082: 13.847    (Y': 12.2573   Cb: 14.3962   Cr: 15.5426 )
00000079: 13.3745   (Y': 11.718    Cb: 14.016    Cr: 15.0949 )
00000080: 13.5806   (Y': 11.9342   Cb: 14.2007   Cr: 15.3064 )
00000081: 13.7879   (Y': 12.1559   Cb: 14.3813   Cr: 15.5172 )
00000089: 13.9021   (Y': 12.549    Cb: 14.3326   Cr: 15.2758 )
00000087: 13.8416   (Y': 12.4022   Cb: 14.3289   Cr: 15.31   )
00000085: 13.861    (Y': 12.2756   Cb: 14.4522   Cr: 15.4933 )
00000078: 13.2929   (Y': 11.625    Cb: 13.9858   Cr: 14.9728 )
00000092: 13.5595   (Y': 12.0935   Cb: 14.0432   Cr: 15.0847 )
00000093: 13.5141   (Y': 11.9152   Cb: 14.1302   Cr: 15.1432 )
00000090: 13.8739   (Y': 12.5781   Cb: 14.2731   Cr: 15.1804 )
00000091: 13.7377   (Y': 12.3734   Cb: 14.2187   Cr: 15.0704 )
00000094: 13.5137   (Y': 11.9272   Cb: 14.1068   Cr: 15.1461 )
00000095: 13.5217   (Y': 11.8977   Cb: 14.1587   Cr: 15.1779 )
00000086: 13.8267   (Y': 12.3321   Cb: 14.3413   Cr: 15.3698 )
00000096: 13.5097   (Y': 11.8911   Cb: 14.1945   Cr: 15.0945 )
00000099: 13.491    (Y': 11.7307   Cb: 14.3232   Cr: 15.2005 )
00000102: 13.4624   (Y': 11.702    Cb: 14.2708   Cr: 15.2014 )
00000097: 13.4146   (Y': 11.6965   Cb: 14.1961   Cr: 15.0931 )
00000098: 13.4233   (Y': 11.6797   Cb: 14.2215   Cr: 15.1379 )
00000114: 13.6364   (Y': 11.9046   Cb: 14.4091   Cr: 15.3563 )
00000106: 13.5609   (Y': 11.7536   Cb: 14.3709   Cr: 15.4051 )
00000103: 13.4943   (Y': 11.7451   Cb: 14.3067   Cr: 15.2036 )
00000104: 13.523    (Y': 11.7821   Cb: 14.312    Cr: 15.2426 )
00000105: 13.5009   (Y': 11.7166   Cb: 14.2816   Cr: 15.3292 )
00000109: 13.7915   (Y': 11.9652   Cb: 14.6713   Cr: 15.5918 )
00000112: 13.7755   (Y': 12.0004   Cb: 14.651    Cr: 15.4654 )
00000111: 13.8046   (Y': 12.0176   Cb: 14.6968   Cr: 15.5009 )
00000100: 13.4843   (Y': 11.7487   Cb: 14.3099   Cr: 15.1473 )
00000139: 13.5389   (Y': 12.0278   Cb: 13.785    Cr: 15.4846 )
00000121: 13.8439   (Y': 12.0925   Cb: 14.3905   Cr: 15.9092 )
00000110: 13.8759   (Y': 12.0899   Cb: 14.7501   Cr: 15.5917 )
00000101: 13.4387   (Y': 11.6794   Cb: 14.259    Cr: 15.1605 )
00000113: 13.7132   (Y': 11.9727   Cb: 14.528    Cr: 15.4002 )
00000116: 13.5781   (Y': 11.8128   Cb: 14.3482   Cr: 15.3765 )
00000108: 13.6809   (Y': 11.8424   Cb: 14.5412   Cr: 15.5338 )
00000119: 13.6945   (Y': 11.9735   Cb: 14.2863   Cr: 15.6252 )
00000115: 13.5449   (Y': 11.7426   Cb: 14.3447   Cr: 15.3902 )
00000107: 13.645    (Y': 11.8232   Cb: 14.4561   Cr: 15.5212 )
00000117: 13.6393   (Y': 11.8707   Cb: 14.3354   Cr: 15.5407 )
00000120: 13.8287   (Y': 12.0926   Cb: 14.4586   Cr: 15.743  )
00000122: 13.8591   (Y': 12.0902   Cb: 14.3809   Cr: 16.0027 )
00000133: 13.5083   (Y': 11.9656   Cb: 13.8172   Cr: 15.4319 )
00000118: 13.6549   (Y': 11.9051   Cb: 14.3271   Cr: 15.5442 )
00000123: 13.7757   (Y': 12.0314   Cb: 14.2192   Cr: 15.9737 )
00000124: 13.7351   (Y': 12.0111   Cb: 14.1161   Cr: 15.9775 )
00000125: 13.525    (Y': 11.8711   Cb: 13.7856   Cr: 15.7818 )
00000128: 13.5984   (Y': 11.9531   Cb: 13.9621   Cr: 15.6764 )
00000127: 13.6073   (Y': 11.9957   Cb: 13.8971   Cr: 15.7169 )
00000130: 13.9436   (Y': 12.3636   Cb: 14.3242   Cr: 15.8475 )
00000135: 13.5155   (Y': 11.9947   Cb: 13.7795   Cr: 15.4561 )
00000126: 13.497    (Y': 11.9069   Cb: 13.7156   Cr: 15.6657 )
00000131: 13.7211   (Y': 12.0956   Cb: 14.1081   Cr: 15.7187 )
00000129: 13.774    (Y': 12.1606   Cb: 14.1631   Cr: 15.7408 )
00000136: 13.536    (Y': 12.012    Cb: 13.8212   Cr: 15.4528 )
00000141: 13.6022   (Y': 12.0918   Cb: 13.8742   Cr: 15.5079 )
00000134: 13.5077   (Y': 11.9725   Cb: 13.7908   Cr: 15.4523 )
00000142: 13.6409   (Y': 12.1279   Cb: 13.9464   Cr: 15.5039 )
00000138: 13.655    (Y': 12.1462   Cb: 13.9232   Cr: 15.5629 )
00000132: 13.6238   (Y': 12.0457   Cb: 13.9219   Cr: 15.6429 )
00000140: 13.5524   (Y': 12.0445   Cb: 13.8111   Cr: 15.4719 )
00000137: 13.6373   (Y': 12.1028   Cb: 13.9316   Cr: 15.5639 )
00000143: 13.8218   (Y': 12.393    Cb: 14.0575   Cr: 15.6047 )
00000144: 13.9142   (Y': 12.4626   Cb: 14.1872   Cr: 15.6925 )
00000145: 13.9687   (Y': 12.5362   Cb: 14.307    Cr: 15.617  )
00000148: 13.4775   (Y': 12.0216   Cb: 13.8553   Cr: 15.1204 )
00000147: 13.5614   (Y': 12.1011   Cb: 13.9469   Cr: 15.203  )
00000146: 13.846    (Y': 12.3624   Cb: 14.2621   Cr: 15.4944 )
00000152: 13.6377   (Y': 12.2093   Cb: 14.0356   Cr: 15.1985 )
00000150: 13.5911   (Y': 12.1942   Cb: 13.9217   Cr: 15.1779 )
00000153: 13.8007   (Y': 12.3586   Cb: 14.2518   Cr: 15.32   )
00000151: 13.635    (Y': 12.2271   Cb: 14.0556   Cr: 15.1261 )
00000154: 13.8564   (Y': 12.482    Cb: 14.2155   Cr: 15.3615 )
00000149: 13.5455   (Y': 12.179    Cb: 13.8662   Cr: 15.0858 )
00000155: 13.8087   (Y': 12.4739   Cb: 14.1154   Cr: 15.3063 )
00000158: 13.907    (Y': 12.7178   Cb: 14.178    Cr: 15.1824 )
00000157: 13.8844   (Y': 12.7052   Cb: 14.1514   Cr: 15.1475 )
00000159: 13.7922   (Y': 12.5423   Cb: 14.0726   Cr: 15.165  )
00000166: 13.7102   (Y': 12.184    Cb: 14.259    Cr: 15.274  )
00000167: 13.9363   (Y': 12.3437   Cb: 14.5565   Cr: 15.5472 )
00000162: 13.5395   (Y': 12.1959   Cb: 13.9381   Cr: 14.9354 )
00000156: 13.9391   (Y': 12.6072   Cb: 14.2422   Cr: 15.4356 )
00000160: 13.762    (Y': 12.5251   Cb: 14.0619   Cr: 15.0862 )
00000164: 13.6793   (Y': 12.2376   Cb: 14.206    Cr: 15.1026 )
00000168: 13.9491   (Y': 12.387    Cb: 14.5444   Cr: 15.528  )
00000165: 13.6724   (Y': 12.153    Cb: 14.184    Cr: 15.2696 )
00000169: 14.0721   (Y': 12.4772   Cb: 14.6841   Cr: 15.698  )
00000171: 14.1334   (Y': 12.549    Cb: 14.7614   Cr: 15.7172 )
00000170: 14.1069   (Y': 12.5141   Cb: 14.7502   Cr: 15.6894 )
00000163: 13.6083   (Y': 12.2284   Cb: 14.0354   Cr: 15.0372 )
00000161: 13.5619   (Y': 12.2748   Cb: 13.8799   Cr: 14.9548 )
00000172: 14.1559   (Y': 12.5131   Cb: 14.8509   Cr: 15.7791 )
00000173: 14.2444   (Y': 12.5046   Cb: 15.0895   Cr: 15.8932 )
00000182: 14.5631   (Y': 12.781    Cb: 15.4406   Cr: 16.266  )
00000177: 14.545    (Y': 12.7455   Cb: 15.4023   Cr: 16.3121 )
00000176: 14.5085   (Y': 12.7792   Cb: 15.2614   Cr: 16.2474 )
00000180: 14.5815   (Y': 12.7983   Cb: 15.4852   Cr: 16.2557 )
00000179: 14.6077   (Y': 12.8087   Cb: 15.5368   Cr: 16.2867 )
00000178: 14.5572   (Y': 12.7735   Cb: 15.4264   Cr: 16.2736 )
00000175: 14.4513   (Y': 12.6848   Cb: 15.257    Cr: 16.2075 )
00000174: 14.2989   (Y': 12.5754   Cb: 15.1389   Cr: 15.9183 )
00000181: 14.5392   (Y': 12.761    Cb: 15.3946   Cr: 16.2603 )
00000184: 14.3958   (Y': 12.5579   Cb: 15.3266   Cr: 16.1605 )
00000185: 14.3773   (Y': 12.4589   Cb: 15.3527   Cr: 16.2765 )
00000183: 14.4503   (Y': 12.6615   Cb: 15.3594   Cr: 16.1302 )
00000186: 14.3814   (Y': 12.5059   Cb: 15.3118   Cr: 16.2338 )
00000187: 14.2664   (Y': 12.3647   Cb: 15.1799   Cr: 16.203  )
00000189: 14.2375   (Y': 12.3316   Cb: 15.0469   Cr: 16.3197 )
00000188: 14.303    (Y': 12.3584   Cb: 15.2788   Cr: 16.2657 )
00000191: 14.0192   (Y': 12.0204   Cb: 14.958    Cr: 16.1663 )
00000190: 14.1615   (Y': 12.2237   Cb: 15.043    Cr: 16.2283 )
00000192: 13.9107   (Y': 11.8937   Cb: 14.852    Cr: 16.1021 )
00000193: 13.8332   (Y': 11.7945   Cb: 14.7789   Cr: 16.0765 )
00000195: 13.8736   (Y': 11.8534   Cb: 14.7302   Cr: 16.1893 )
00000194: 13.859    (Y': 11.8074   Cb: 14.7915   Cr: 16.1553 )
00000197: 13.8845   (Y': 11.883    Cb: 14.6987   Cr: 16.2092 )
00000196: 13.8791   (Y': 11.8721   Cb: 14.672    Cr: 16.2493 )
00000199: 13.7738   (Y': 11.8651   Cb: 14.4428   Cr: 16.059  )
00000200: 13.7168   (Y': 11.8444   Cb: 14.3123   Cr: 16.0146 )
00000198: 13.818    (Y': 11.8506   Cb: 14.5768   Cr: 16.1297 )
00000202: 13.6406   (Y': 11.7481   Cb: 14.2421   Cr: 15.9828 )
00000203: 13.9886   (Y': 12.0825   Cb: 14.7067   Cr: 16.1972 )
00000201: 13.6531   (Y': 11.7799   Cb: 14.2439   Cr: 15.9603 )
00000204: 14.3851   (Y': 12.6148   Cb: 15.0281   Cr: 16.3616 )
00000208: 13.926    (Y': 12.3264   Cb: 14.2628   Cr: 15.9376 )
00000205: 14.8503   (Y': 13.093    Cb: 15.5086   Cr: 16.7759 )
00000207: 13.9001   (Y': 12.294    Cb: 14.2416   Cr: 15.9192 )
00000206: 14.6273   (Y': 12.9471   Cb: 15.1422   Cr: 16.5692 )
00000210: 13.8204   (Y': 12.21     Cb: 14.1897   Cr: 15.8088 )
00000209: 13.9567   (Y': 12.3713   Cb: 14.3555   Cr: 15.8469 )
00000217: 14.4886   (Y': 12.8275   Cb: 15.0899   Cr: 16.271  )
00000214: 13.7967   (Y': 12.2372   Cb: 14.1574   Cr: 15.6833 )
00000216: 14.2887   (Y': 12.6297   Cb: 14.8276   Cr: 16.1496 )
00000212: 13.7302   (Y': 12.194    Cb: 14.04     Cr: 15.6379 )
00000211: 13.7592   (Y': 12.2031   Cb: 14.0618   Cr: 15.7216 )
00000213: 13.8083   (Y': 12.3356   Cb: 14.107    Cr: 15.5946 )
00000215: 14.1343   (Y': 12.5183   Cb: 14.6291   Cr: 15.9592 )
00000221: 14.2894   (Y': 12.5839   Cb: 14.9358   Cr: 16.1119 )
00000220: 14.4921   (Y': 12.7317   Cb: 15.1992   Cr: 16.3599 )
00000218: 14.4571   (Y': 12.7846   Cb: 15.088    Cr: 16.2261 )
00000219: 14.4836   (Y': 12.7326   Cb: 15.2049   Cr: 16.3118 )
00000223: 14.2905   (Y': 12.4429   Cb: 15.1033   Cr: 16.2259 )
00000224: 14.3157   (Y': 12.4407   Cb: 15.147    Cr: 16.2929 )
00000228: 14.6579   (Y': 12.613    Cb: 15.6306   Cr: 16.8813 )
00000229: 14.71     (Y': 12.5235   Cb: 15.8351   Cr: 17.1223 )
00000231: 14.6646   (Y': 12.3485   Cb: 15.8657   Cr: 17.3644 )
00000222: 14.1664   (Y': 12.3989   Cb: 14.8905   Cr: 16.0283 )
00000225: 14.3735   (Y': 12.4277   Cb: 15.2801   Cr: 16.4274 )
00000227: 14.5792   (Y': 12.5219   Cb: 15.5752   Cr: 16.8047 )
00000232: 14.6409   (Y': 12.3109   Cb: 15.8675   Cr: 17.3492 )
00000230: 14.7218   (Y': 12.536    Cb: 15.8056   Cr: 17.1888 )
00000226: 14.4559   (Y': 12.4678   Cb: 15.439    Cr: 16.518  )
00000234: 14.5392   (Y': 12.1888   Cb: 15.6773   Cr: 17.4422 )
00000233: 14.589    (Y': 12.2391   Cb: 15.7087   Cr: 17.5185 )
00000236: 14.4933   (Y': 12.2517   Cb: 15.3765   Cr: 17.4306 )
00000237: 14.4551   (Y': 12.3246   Cb: 15.2217   Cr: 17.2239 )
00000235: 14.5127   (Y': 12.2562   Cb: 15.4388   Cr: 17.4312 )
00000238: 14.427    (Y': 12.3256   Cb: 15.1526   Cr: 17.1718 )
00000239: 14.3605   (Y': 12.3138   Cb: 15.0705   Cr: 16.9666 )
00000240: 14.2842   (Y': 12.2828   Cb: 14.9496   Cr: 16.8282 )
00000241: 14.4364   (Y': 12.0266   Cb: 15.7996   Cr: 17.2127 )
00000242: 14.6821   (Y': 12.5733   Cb: 15.7083   Cr: 17.0079 )
00000243: 14.797    (Y': 12.8737   Cb: 15.6172   Cr: 16.9089 )
00000245: 13.8961   (Y': 11.9817   Cb: 14.6284   Cr: 16.1058 )
00000244: 14.2042   (Y': 12.3215   Cb: 14.9408   Cr: 16.3272 )
00000248: 13.5552   (Y': 11.7158   Cb: 14.2669   Cr: 15.6048 )
00000249: 13.469    (Y': 11.639    Cb: 14.2259   Cr: 15.435  )
00000247: 13.5343   (Y': 11.668    Cb: 14.2614   Cr: 15.6291 )
00000246: 13.6771   (Y': 11.766    Cb: 14.4262   Cr: 15.8547 )
00000250: 13.4375   (Y': 11.601    Cb: 14.2169   Cr: 15.3898 )
00000252: 13.4581   (Y': 11.5804   Cb: 14.3016   Cr: 15.4258 )
00000254: 13.364    (Y': 11.4356   Cb: 14.2369   Cr: 15.4184 )
00000255: 13.3237   (Y': 11.3897   Cb: 14.2438   Cr: 15.3309 )
00000253: 13.3832   (Y': 11.4402   Cb: 14.3031   Cr: 15.4129 )
00000251: 13.4379   (Y': 11.5744   Cb: 14.2686   Cr: 15.3883 )
00000256: 13.304    (Y': 11.3471   Cb: 14.2339   Cr: 15.3559 )
00000257: 13.3028   (Y': 11.3198   Cb: 14.2492   Cr: 15.3991 )
00000258: 13.2054   (Y': 11.2166   Cb: 14.1293   Cr: 15.3464 )
00000261: 13.0675   (Y': 10.978    Cb: 14.0166   Cr: 15.4451 )
00000259: 13.0506   (Y': 11.0108   Cb: 13.9808   Cr: 15.3177 )
00000260: 13.1965   (Y': 11.151    Cb: 14.1699   Cr: 15.4209 )
00000262: 13.0685   (Y': 10.9779   Cb: 14.0097   Cr: 15.4602 )
00000263: 13.083    (Y': 11.0115   Cb: 13.9601   Cr: 15.5118 )
00000264: 13.1328   (Y': 11.0329   Cb: 14.0306   Cr: 15.6125 )
00000267: 13.1814   (Y': 11.0921   Cb: 14.076    Cr: 15.6352 )
00000265: 13.1381   (Y': 11.0443   Cb: 14.0049   Cr: 15.645  )
00000275: 13.1967   (Y': 11.029    Cb: 14.0782   Cr: 15.9019 )
00000269: 13.218    (Y': 11.1383   Cb: 14.0502   Cr: 15.735  )
00000271: 13.2436   (Y': 11.12     Cb: 14.0861   Cr: 15.8743 )
00000266: 13.1329   (Y': 11.0607   Cb: 13.9695   Cr: 15.6216 )
00000268: 13.1799   (Y': 11.1048   Cb: 14.028    Cr: 15.6604 )
00000270: 13.2239   (Y': 11.1355   Cb: 14.0606   Cr: 15.7597 )
00000272: 13.2163   (Y': 11.0789   Cb: 14.0879   Cr: 15.8442 )
00000276: 13.1935   (Y': 11.023    Cb: 14.083    Cr: 15.8952 )
00000280: 13.1849   (Y': 11.0039   Cb: 14.0748   Cr: 15.918  )
00000274: 13.1846   (Y': 11.0201   Cb: 14.0804   Cr: 15.8584 )
00000278: 13.2104   (Y': 11.0313   Cb: 14.1236   Cr: 15.9025 )
00000273: 13.1955   (Y': 11.0522   Cb: 14.0735   Cr: 15.832  )
00000281: 13.1795   (Y': 11.0112   Cb: 14.0521   Cr: 15.8997 )
00000279: 13.1805   (Y': 10.9964   Cb: 14.0747   Cr: 15.9168 )
00000277: 13.2136   (Y': 11.0373   Cb: 14.0876   Cr: 15.9569 )
00000282: 13.2054   (Y': 11.0259   Cb: 14.072    Cr: 15.9697 )
00000284: 13.2794   (Y': 11.1259   Cb: 14.1217   Cr: 16.0009 )
00000285: 13.3043   (Y': 11.1565   Cb: 14.1153   Cr: 16.0568 )
00000283: 13.2547   (Y': 11.0937   Cb: 14.1038   Cr: 15.9885 )
00000287: 13.3158   (Y': 11.185    Cb: 14.1217   Cr: 16.0236 )
00000286: 13.2804   (Y': 11.1502   Cb: 14.0951   Cr: 15.9734 )
00000288: 13.3486   (Y': 11.2186   Cb: 14.1502   Cr: 16.0609 )
00000290: 13.3485   (Y': 11.1919   Cb: 14.1997   Cr: 16.0655 )
00000289: 13.3597   (Y': 11.2018   Cb: 14.1916   Cr: 16.1111 )
00000291: 13.3456   (Y': 11.182    Cb: 14.1839   Cr: 16.1042 )
00000292: 13.3591   (Y': 11.1878   Cb: 14.1777   Cr: 16.1726 )
00000293: 13.3971   (Y': 11.2257   Cb: 14.2028   Cr: 16.232  )
00000294: 13.4437   (Y': 11.2808   Cb: 14.245    Cr: 16.2587 )
00000295: 13.574    (Y': 11.3707   Cb: 14.4383   Cr: 16.4172 )
00000299: 13.9008   (Y': 11.6442   Cb: 14.9301   Cr: 16.6605 )
00000298: 13.8164   (Y': 11.5976   Cb: 14.7288   Cr: 16.6339 )
00000297: 13.7825   (Y': 11.6079   Cb: 14.6317   Cr: 16.5589 )
00000300: 13.9769   (Y': 11.6776   Cb: 15.0701   Cr: 16.7788 )
00000296: 13.7002   (Y': 11.4983   Cb: 14.5881   Cr: 16.5022 )
00000303: 14.3331   (Y': 11.8512   Cb: 15.9248   Cr: 17.0419 )
00000302: 14.063    (Y': 11.6993   Cb: 15.3705   Cr: 16.7663 )
00000301: 14.0305   (Y': 11.676    Cb: 15.3076   Cr: 16.7463 )
00000304: 14.3675   (Y': 11.8914   Cb: 15.922    Cr: 17.1053 )
00000305: 14.3362   (Y': 11.8963   Cb: 15.9142   Cr: 16.9259 )
00000306: 14.2525   (Y': 11.8867   Cb: 15.7303   Cr: 16.7378 )
00000307: 14.2293   (Y': 11.8986   Cb: 15.6804   Cr: 16.6422 )
00000310: 14.1725   (Y': 11.9981   Cb: 15.4269   Cr: 16.3833 )
00000308: 14.2285   (Y': 11.9351   Cb: 15.6776   Cr: 16.5345 )
00000309: 14.2336   (Y': 11.9657   Cb: 15.6396   Cr: 16.519  )
00000312: 14.1646   (Y': 12.0185   Cb: 15.3543   Cr: 16.3796 )
00000315: 13.9611   (Y': 11.9464   Cb: 14.9121   Cr: 16.1334 )
00000317: 13.8847   (Y': 11.9296   Cb: 14.8207   Cr: 15.9241 )
00000311: 14.1781   (Y': 12.0291   Cb: 15.413    Cr: 16.3441 )
00000314: 14.0026   (Y': 11.9857   Cb: 14.9717   Cr: 16.1572 )
00000313: 14.0535   (Y': 11.9731   Cb: 15.1288   Cr: 16.2373 )
00000316: 13.8828   (Y': 11.9121   Cb: 14.7856   Cr: 16.0048 )
00000318: 13.9225   (Y': 12.0027   Cb: 14.8219   Cr: 15.921  )
00000320: 13.6808   (Y': 11.8388   Cb: 14.4657   Cr: 15.6389 )
00000319: 13.8668   (Y': 11.9948   Cb: 14.7101   Cr: 15.8212 )
00000323: 13.3648   (Y': 11.625    Cb: 14.0169   Cr: 15.258  )
00000322: 13.4728   (Y': 11.6952   Cb: 14.1633   Cr: 15.4026 )
00000321: 13.6223   (Y': 11.782    Cb: 14.3881   Cr: 15.6013 )
00000326: 12.9631   (Y': 11.4073   Cb: 13.3181   Cr: 14.8493 )
00000327: 12.7686   (Y': 11.2093   Cb: 13.0834   Cr: 14.7206 )
00000324: 13.247    (Y': 11.6408   Cb: 13.7033   Cr: 15.103  )
00000325: 13.1711   (Y': 11.5758   Cb: 13.6153   Cr: 15.0199 )
00000328: 12.6245   (Y': 11.0567   Cb: 12.9095   Cr: 14.6399 )
00000329: 12.5355   (Y': 10.9349   Cb: 12.8217   Cr: 14.6247 )
00000333: 12.5794   (Y': 10.9087   Cb: 12.82     Cr: 14.9098 )
00000331: 12.5298   (Y': 10.9356   Cb: 12.731    Cr: 14.7356 )
00000330: 12.5098   (Y': 10.9249   Cb: 12.7092   Cr: 14.6963 )
00000332: 12.5135   (Y': 10.849    Cb: 12.7832   Cr: 14.7818 )
00000335: 12.8104   (Y': 11.1163   Cb: 13.0986   Cr: 15.1235 )
00000334: 12.7345   (Y': 11.0144   Cb: 13.0254   Cr: 15.1089 )
00000338: 12.7121   (Y': 11.0061   Cb: 13.1047   Cr: 14.8923 )
00000339: 12.785    (Y': 11.0932   Cb: 13.1518   Cr: 14.9698 )
00000340: 12.8347   (Y': 11.1184   Cb: 13.2456   Cr: 15.0127 )
00000341: 12.8348   (Y': 11.1376   Cb: 13.2265   Cr: 14.9953 )
00000337: 12.6205   (Y': 11.0024   Cb: 12.952    Cr: 14.6823 )
00000336: 12.6291   (Y': 11.0736   Cb: 12.9055   Cr: 14.6293 )
00000342: 12.9051   (Y': 11.2933   Cb: 13.2457   Cr: 14.9389 )
00000343: 12.9802   (Y': 11.3892   Cb: 13.2983   Cr: 14.9995 )
00000345: 13.1823   (Y': 11.5984   Cb: 13.4937   Cr: 15.1952 )
00000346: 13.4299   (Y': 11.8856   Cb: 13.7146   Cr: 15.3926 )
00000350: 13.724    (Y': 12.1836   Cb: 14.0705   Cr: 15.5885 )
00000347: 13.4807   (Y': 11.9732   Cb: 13.7268   Cr: 15.4183 )
00000349: 13.5597   (Y': 12.0802   Cb: 13.8343   Cr: 15.3947 )
00000344: 13.2075   (Y': 11.64     Cb: 13.5157   Cr: 15.1877 )
00000348: 13.6381   (Y': 12.1607   Cb: 13.8938   Cr: 15.4958 )
00000351: 13.8532   (Y': 12.2518   Cb: 14.235    Cr: 15.8033 )
00000355: 14.1241   (Y': 12.3868   Cb: 14.6365   Cr: 16.2041 )
00000354: 14.0803   (Y': 12.3245   Cb: 14.5914   Cr: 16.2069 )
00000352: 13.9022   (Y': 12.2333   Cb: 14.3226   Cr: 15.9525 )
00000356: 14.1151   (Y': 12.3731   Cb: 14.7037   Cr: 16.0991 )
00000353: 13.9244   (Y': 12.2242   Cb: 14.3649   Cr: 16.0194 )
00000357: 13.9341   (Y': 12.2716   Cb: 14.4787   Cr: 15.7951 )
00000358: 13.6019   (Y': 12.0235   Cb: 14.1268   Cr: 15.3054 )
00000361: 13.6972   (Y': 12.0615   Cb: 14.2751   Cr: 15.4545 )
00000363: 13.6033   (Y': 11.9899   Cb: 14.1875   Cr: 15.3041 )
00000360: 13.5126   (Y': 11.8917   Cb: 14.0127   Cr: 15.3412 )
00000362: 13.7103   (Y': 12.0585   Cb: 14.3051   Cr: 15.4806 )
00000359: 13.4827   (Y': 11.9277   Cb: 13.9451   Cr: 15.2193 )
00000364: 13.5289   (Y': 11.9398   Cb: 14.0358   Cr: 15.279  )
00000365: 13.5504   (Y': 12.0041   Cb: 14.0185   Cr: 15.2605 )
00000366: 13.6455   (Y': 12.1152   Cb: 14.1098   Cr: 15.3269 )
00000373: 13.5746   (Y': 12.0203   Cb: 14.0161   Cr: 15.3376 )
00000372: 13.5619   (Y': 11.9612   Cb: 14.0423   Cr: 15.3729 )
00000370: 13.5692   (Y': 12.003    Cb: 13.9993   Cr: 15.3736 )
00000368: 13.6035   (Y': 12.039    Cb: 14.0653   Cr: 15.3607 )
00000376: 13.6495   (Y': 11.9236   Cb: 14.2975   Cr: 15.516  )
00000369: 13.5083   (Y': 11.9418   Cb: 13.9623   Cr: 15.2805 )
00000371: 13.5456   (Y': 11.9661   Cb: 13.9935   Cr: 15.3543 )
00000367: 13.6923   (Y': 12.1422   Cb: 14.1422   Cr: 15.4351 )
00000375: 13.604    (Y': 11.9547   Cb: 14.1385   Cr: 15.4493 )
00000374: 13.5395   (Y': 11.9304   Cb: 14.0498   Cr: 15.3283 )
00000383: 13.7083   (Y': 11.7431   Cb: 14.5432   Cr: 15.9075 )
00000379: 13.6612   (Y': 11.8196   Cb: 14.3818   Cr: 15.7044 )
00000378: 13.6151   (Y': 11.8149   Cb: 14.3081   Cr: 15.5949 )
00000377: 13.6671   (Y': 11.8987   Cb: 14.3491   Cr: 15.5868 )
00000381: 13.6911   (Y': 11.7885   Cb: 14.4737   Cr: 15.801  )
00000380: 13.6164   (Y': 11.7641   Cb: 14.3316   Cr: 15.6927 )
00000382: 13.7415   (Y': 11.7895   Cb: 14.566    Cr: 15.921  )
00000385: 13.8334   (Y': 11.8126   Cb: 14.8519   Cr: 15.9341 )
00000388: 13.8458   (Y': 11.6987   Cb: 15.1      Cr: 15.9828 )
00000387: 13.8813   (Y': 11.756    Cb: 15.0635   Cr: 16.0493 )
00000386: 13.89     (Y': 11.8238   Cb: 14.9562   Cr: 16.0479 )
00000384: 13.7644   (Y': 11.7766   Cb: 14.7159   Cr: 15.8663 )
00000390: 13.8442   (Y': 11.5976   Cb: 15.2619   Cr: 16.0553 )
00000389: 13.8343   (Y': 11.6495   Cb: 15.1284   Cr: 16.0246 )
00000391: 13.9054   (Y': 11.64     Cb: 15.3548   Cr: 16.1311 )
00000392: 13.9079   (Y': 11.6409   Cb: 15.3777   Cr: 16.1139 )
00000393: 13.9041   (Y': 11.6372   Cb: 15.4096   Cr: 16.0677 )
00000394: 13.8837   (Y': 11.5727   Cb: 15.4503   Cr: 16.1004 )
00000395: 13.85     (Y': 11.5062   Cb: 15.4349   Cr: 16.1393 )
00000397: 13.6885   (Y': 11.2956   Cb: 15.3581   Cr: 16.0227 )
00000396: 13.7756   (Y': 11.3726   Cb: 15.4439   Cr: 16.1418 )
00000398: 13.5686   (Y': 11.1547   Cb: 15.275    Cr: 15.9228 )
00000399: 13.4575   (Y': 11.0466   Cb: 15.1692   Cr: 15.7968 )
00000401: 13.2725   (Y': 11.0002   Cb: 14.7675   Cr: 15.4638 )
00000400: 13.3334   (Y': 10.9955   Cb: 14.9382   Cr: 15.5824 )
00000403: 12.927    (Y': 11.0193   Cb: 13.8813   Cr: 14.8266 )
00000402: 12.9495   (Y': 10.9636   Cb: 14.0038   Cr: 14.9166 )
00000405: 12.7772   (Y': 10.9502   Cb: 13.6155   Cr: 14.631  )
00000404: 12.8385   (Y': 11.0502   Cb: 13.6489   Cr: 14.6383 )
00000406: 12.5626   (Y': 10.7921   Cb: 13.3498   Cr: 14.3512 )
00000408: 12.3533   (Y': 10.5926   Cb: 13.1019   Cr: 14.1684 )
00000409: 12.3365   (Y': 10.5587   Cb: 13.099    Cr: 14.1728 )
00000407: 12.4931   (Y': 10.7107   Cb: 13.2794   Cr: 14.3101 )
00000410: 12.2647   (Y': 10.5118   Cb: 13.0106   Cr: 14.0656 )
00000414: 12.0717   (Y': 10.2996   Cb: 12.808    Cr: 13.9284 )
00000411: 12.1961   (Y': 10.4486   Cb: 12.9276   Cr: 14.003  )
00000416: 12.0235   (Y': 10.2267   Cb: 12.8023   Cr: 13.8831 )
00000415: 11.9614   (Y': 10.186    Cb: 12.7128   Cr: 13.8064 )
00000413: 12.0462   (Y': 10.2837   Cb: 12.7858   Cr: 13.877  )
00000412: 12.0909   (Y': 10.3289   Cb: 12.8261   Cr: 13.9259 )
00000418: 12.1697   (Y': 10.3754   Cb: 12.9667   Cr: 14      )
00000419: 12.3349   (Y': 10.5501   Cb: 13.1277   Cr: 14.1488 )
00000417: 12.0326   (Y': 10.2493   Cb: 12.8142   Cr: 13.8574 )
00000423: 12.7738   (Y': 10.8887   Cb: 13.7545   Cr: 14.5876 )
00000420: 12.5043   (Y': 10.7064   Cb: 13.3098   Cr: 14.332  )
00000422: 12.6821   (Y': 10.8128   Cb: 13.6112   Cr: 14.5218 )
00000421: 12.561    (Y': 10.7484   Cb: 13.4159   Cr: 14.3605 )
00000425: 13.1233   (Y': 11.1418   Cb: 14.2471   Cr: 14.9951 )
00000424: 12.9667   (Y': 11.0155   Cb: 14.0029   Cr: 14.8707 )
00000426: 13.3128   (Y': 11.2222   Cb: 14.505    Cr: 15.3768 )
00000427: 13.4241   (Y': 11.3229   Cb: 14.6308   Cr: 15.498  )
00000428: 13.6092   (Y': 11.4673   Cb: 14.9366   Cr: 15.6447 )
00000429: 13.7495   (Y': 11.651    Cb: 14.9689   Cr: 15.8009 )
00000430: 13.9849   (Y': 11.7729   Cb: 15.3522   Cr: 16.1606 )
00000431: 14.0494   (Y': 11.8308   Cb: 15.4093   Cr: 16.2523 )
00000432: 14.1297   (Y': 11.9118   Cb: 15.4783   Cr: 16.3447 )
00000433: 14.1504   (Y': 11.949    Cb: 15.4753   Cr: 16.3489 )
00000435: 14.0504   (Y': 11.8922   Cb: 15.2277   Cr: 16.3141 )
00000434: 14.0524   (Y': 11.8859   Cb: 15.2926   Cr: 16.2595 )
00000437: 14.0492   (Y': 11.9922   Cb: 14.9431   Cr: 16.4136 )
00000436: 14.0164   (Y': 11.9391   Cb: 14.9739   Cr: 16.3484 )
00000439: 14.0672   (Y': 12.2416   Cb: 14.5703   Cr: 16.3817 )
00000438: 14.1282   (Y': 12.2479   Cb: 14.7431   Cr: 16.4183 )
00000441: 13.7155   (Y': 11.9943   Cb: 14.0555   Cr: 16.0147 )
00000440: 13.8121   (Y': 12.0693   Cb: 14.2155   Cr: 16.0672 )
00000442: 13.4785   (Y': 11.8361   Cb: 13.6579   Cr: 15.8381 )
00000443: 13.3612   (Y': 11.6978   Cb: 13.5188   Cr: 15.8104 )
00000444: 13.2228   (Y': 11.4208   Cb: 13.4693   Cr: 15.8913 )
00000446: 13.1861   (Y': 11.2215   Cb: 13.6593   Cr: 15.9336 )
00000445: 13.1803   (Y': 11.3236   Cb: 13.5281   Cr: 15.8281 )
00000447: 13.1996   (Y': 11.1725   Cb: 13.728    Cr: 16.0418 )
00000449: 13.3819   (Y': 11.3649   Cb: 14.0419   Cr: 15.9792 )
00000448: 13.3027   (Y': 11.2896   Cb: 13.8872   Cr: 16.009  )
00000450: 13.4597   (Y': 11.5258   Cb: 14.0582   Cr: 15.9178 )
00000452: 13.5369   (Y': 11.5391   Cb: 14.2382   Cr: 16.0161 )
00000453: 13.5783   (Y': 11.6052   Cb: 14.2584   Cr: 16.0208 )
00000451: 13.4579   (Y': 11.4664   Cb: 14.1248   Cr: 15.9716 )
00000454: 13.5249   (Y': 11.5555   Cb: 14.2149   Cr: 15.9426 )
00000455: 13.51     (Y': 11.5568   Cb: 14.2096   Cr: 15.8689 )
00000456: 13.5446   (Y': 11.5565   Cb: 14.2483   Cr: 15.9933 )
00000457: 13.5629   (Y': 11.5365   Cb: 14.3115   Cr: 16.0521 )
00000458: 13.5246   (Y': 11.4973   Cb: 14.275    Cr: 16.0133 )
00000459: 13.5696   (Y': 11.5476   Cb: 14.3245   Cr: 16.0369 )
00000460: 13.6423   (Y': 11.5788   Cb: 14.4925   Cr: 16.0867 )
00000461: 13.6975   (Y': 11.6504   Cb: 14.5348   Cr: 16.1143 )
00000462: 13.6919   (Y': 11.6421   Cb: 14.5614   Cr: 16.0709 )
00000463: 13.734    (Y': 11.6805   Cb: 14.6307   Cr: 16.0845 )
00000464: 13.7965   (Y': 11.7565   Cb: 14.6694   Cr: 16.1436 )
00000466: 13.8806   (Y': 11.853    Cb: 14.7636   Cr: 16.1796 )
00000467: 13.9441   (Y': 11.9114   Cb: 14.8304   Cr: 16.2524 )
00000469: 13.9917   (Y': 11.9486   Cb: 14.9569   Cr: 16.2209 )
00000465: 13.8402   (Y': 11.8182   Cb: 14.7049   Cr: 16.1491 )
00000470: 13.9785   (Y': 11.9313   Cb: 14.9471   Cr: 16.2139 )
00000471: 13.917    (Y': 11.8722   Cb: 14.911    Cr: 16.112  )
00000468: 14.0223   (Y': 11.9941   Cb: 14.9601   Cr: 16.248  )
00000472: 13.8371   (Y': 11.751    Cb: 14.8736   Cr: 16.087  )
00000474: 13.771    (Y': 11.6703   Cb: 14.795    Cr: 16.0775 )
00000475: 13.7136   (Y': 11.6289   Cb: 14.7482   Cr: 15.962  )
00000473: 13.8107   (Y': 11.7378   Cb: 14.7949   Cr: 16.0945 )
00000476: 13.6285   (Y': 11.5355   Cb: 14.6502   Cr: 15.9169 )
00000477: 13.5905   (Y': 11.4886   Cb: 14.6476   Cr: 15.8565 )
00000478: 13.5155   (Y': 11.3954   Cb: 14.5702   Cr: 15.8346 )
00000479: 13.3943   (Y': 11.2562   Cb: 14.4688   Cr: 15.7368 )
00000480: 13.2711   (Y': 11.1462   Cb: 14.2797   Cr: 15.6662 )
00000481: 13.2457   (Y': 11.0996   Cb: 14.2632   Cr: 15.6889 )
00000482: 13.2326   (Y': 11.0906   Cb: 14.2596   Cr: 15.651  )
00000483: 13.2338   (Y': 11.0814   Cb: 14.2501   Cr: 15.6966 )
00000484: 13.238    (Y': 11.1023   Cb: 14.2457   Cr: 15.665  )
00000485: 13.2464   (Y': 11.0968   Cb: 14.2698   Cr: 15.6916 )
00000487: 13.3881   (Y': 11.2235   Cb: 14.4054   Cr: 15.8851 )
00000486: 13.3525   (Y': 11.2076   Cb: 14.3501   Cr: 15.8199 )
00000488: 13.5656   (Y': 11.4162   Cb: 14.5573   Cr: 16.0542 )
00000489: 13.7018   (Y': 11.5378   Cb: 14.7078   Cr: 16.2128 )
00000490: 13.8615   (Y': 11.6588   Cb: 14.9395   Cr: 16.3858 )
00000491: 13.8931   (Y': 11.6962   Cb: 14.9868   Cr: 16.3786 )
00000492: 14.0431   (Y': 11.85     Cb: 15.174    Cr: 16.4668 )
00000494: 14.1002   (Y': 11.8759   Cb: 15.3315   Cr: 16.4811 )
00000493: 14.1098   (Y': 11.9114   Cb: 15.2437   Cr: 16.5451 )
00000497: 14.1441   (Y': 11.9148   Cb: 15.435    Cr: 16.4627 )
00000496: 14.1286   (Y': 11.926    Cb: 15.3675   Cr: 16.4375 )
00000495: 14.1197   (Y': 11.9221   Cb: 15.3627   Cr: 16.4098 )
00000498: 14.1853   (Y': 12.0125   Cb: 15.4171   Cr: 16.4204 )
00000499: 14.1941   (Y': 12.0918   Cb: 15.3217   Cr: 16.3696 )
00000501: 14.2016   (Y': 12.2305   Cb: 15.1831   Cr: 16.2226 )
00000500: 14.2751   (Y': 12.2497   Cb: 15.3493   Cr: 16.3165 )
00000502: 14.1296   (Y': 12.3088   Cb: 14.9316   Cr: 16.015  )
00000503: 14.0785   (Y': 12.2972   Cb: 14.8349   Cr: 15.9308 )
00000505: 13.9856   (Y': 12.2295   Cb: 14.6139   Cr: 15.9486 )
00000504: 14.05     (Y': 12.2537   Cb: 14.7311   Cr: 16.0369 )
00000506: 13.9317   (Y': 12.3744   Cb: 14.3345   Cr: 15.7542 )
00000507: 13.7468   (Y': 12.3372   Cb: 13.9782   Cr: 15.4963 )
00000509: 13.1426   (Y': 12.0595   Cb: 12.9986   Cr: 14.7983 )
00000511: 12.4556   (Y': 11.4193   Cb: 12.1389   Cr: 14.2939 )
00000510: 12.6198   (Y': 11.586    Cb: 12.3376   Cr: 14.3971 )
00000508: 13.3091   (Y': 12.125    Cb: 13.3032   Cr: 14.9508 )
00000512: 12.1833   (Y': 11.0584   Cb: 11.9018   Cr: 14.1391 )
00000519: 12.6479   (Y': 11.2564   Cb: 12.7201   Cr: 14.5942 )
00000520: 12.6987   (Y': 11.2723   Cb: 12.7907   Cr: 14.6904 )
00000513: 12.532    (Y': 11.4259   Cb: 12.3048   Cr: 14.3614 )
00000517: 12.1157   (Y': 10.7898   Cb: 12.0294   Cr: 14.1715 )
00000515: 13.0081   (Y': 11.8539   Cb: 12.9866   Cr: 14.6158 )
00000516: 12.2154   (Y': 10.9455   Cb: 12.0851   Cr: 14.2226 )
00000518: 12.4201   (Y': 11.0353   Cb: 12.4418   Cr: 14.4305 )
00000514: 13.0261   (Y': 11.8444   Cb: 13.0646   Cr: 14.5993 )
00000525: 13.2984   (Y': 11.6844   Cb: 13.6913   Cr: 15.261  )
00000522: 12.2079   (Y': 10.7635   Cb: 12.2044   Cr: 14.3934 )
00000523: 12.9908   (Y': 11.5034   Cb: 13.2074   Cr: 14.9275 )
00000521: 12.6426   (Y': 11.2633   Cb: 12.6628   Cr: 14.6436 )
00000524: 13.3724   (Y': 11.7493   Cb: 13.7695   Cr: 15.3502 )
00000526: 13.1154   (Y': 11.5511   Cb: 13.4473   Cr: 15.054  )
00000527: 13.0445   (Y': 11.4762   Cb: 13.3603   Cr: 15.015  )
00000529: 13.4423   (Y': 11.785    Cb: 13.9583   Cr: 15.3307 )
00000531: 13.6135   (Y': 11.962    Cb: 14.0885   Cr: 15.5455 )
00000528: 13.3386   (Y': 11.7467   Cb: 13.7492   Cr: 15.2264 )
00000532: 13.7675   (Y': 12.0913   Cb: 14.2578   Cr: 15.7346 )
00000533: 13.8099   (Y': 12.1222   Cb: 14.2916   Cr: 15.8161 )
00000535: 13.7888   (Y': 12.0038   Cb: 14.3335   Cr: 15.9388 )
00000530: 13.5742   (Y': 11.9471   Cb: 14.0695   Cr: 15.4231 )
00000537: 13.8597   (Y': 12.0342   Cb: 14.4595   Cr: 16.0312 )
00000534: 13.8022   (Y': 12.0621   Cb: 14.3309   Cr: 15.8655 )
00000536: 13.8217   (Y': 12.0204   Cb: 14.3922   Cr: 15.9751 )
00000538: 13.9278   (Y': 12.0906   Cb: 14.4708   Cr: 16.2126 )
00000541: 13.6492   (Y': 11.7093   Cb: 14.2316   Cr: 16.1486 )
00000539: 13.8635   (Y': 11.9725   Cb: 14.4438   Cr: 16.2333 )
00000545: 13.5944   (Y': 11.6038   Cb: 14.2148   Cr: 16.1777 )
00000542: 13.5269   (Y': 11.5378   Cb: 14.1428   Cr: 16.1131 )
00000540: 13.732    (Y': 11.7722   Cb: 14.3711   Cr: 16.1996 )
00000544: 13.5739   (Y': 11.5724   Cb: 14.1931   Cr: 16.1902 )
00000546: 13.66     (Y': 11.7077   Cb: 14.3147   Cr: 16.083  )
00000547: 13.6703   (Y': 11.7147   Cb: 14.3395   Cr: 16.0807 )
00000543: 13.5297   (Y': 11.4955   Cb: 14.2061   Cr: 16.1516 )
00000548: 13.7369   (Y': 11.7409   Cb: 14.5061   Cr: 16.1109 )
00000549: 13.7776   (Y': 11.7507   Cb: 14.5735   Cr: 16.1981 )
00000551: 13.6138   (Y': 11.5444   Cb: 14.4356   Cr: 16.1166 )
00000550: 13.5431   (Y': 11.4946   Cb: 14.3437   Cr: 16.0175 )
00000553: 13.5783   (Y': 11.4242   Cb: 14.5088   Cr: 16.1692 )
00000552: 13.605    (Y': 11.4434   Cb: 14.5322   Cr: 16.2233 )
00000554: 13.6213   (Y': 11.4714   Cb: 14.5518   Cr: 16.1993 )
00000555: 13.6711   (Y': 11.4935   Cb: 14.6159   Cr: 16.3113 )
00000560: 13.5707   (Y': 11.5921   Cb: 14.2299   Cr: 16.0599 )
00000563: 13.5661   (Y': 11.7119   Cb: 14.0856   Cr: 15.9303 )
00000558: 13.5812   (Y': 11.4889   Cb: 14.3929   Cr: 16.1655 )
00000559: 13.5749   (Y': 11.5129   Cb: 14.3345   Cr: 16.1492 )
00000556: 13.642    (Y': 11.5038   Cb: 14.5164   Cr: 16.2682 )
00000557: 13.6222   (Y': 11.4826   Cb: 14.5122   Cr: 16.2294 )
00000564: 13.5031   (Y': 11.7428   Cb: 13.942    Cr: 15.7483 )
00000562: 13.5822   (Y': 11.6622   Cb: 14.1586   Cr: 16.0361 )
00000561: 13.6186   (Y': 11.6522   Cb: 14.2845   Cr: 16.064  )
00000571: 13.2544   (Y': 11.5521   Cb: 13.5439   Cr: 15.586  )
00000568: 13.6055   (Y': 11.8955   Cb: 14.0585   Cr: 15.7058 )
00000565: 13.4542   (Y': 11.6924   Cb: 13.7912   Cr: 15.8626 )
00000566: 13.2791   (Y': 11.5388   Cb: 13.6353   Cr: 15.6013 )
00000573: 13.0048   (Y': 11.2846   Cb: 13.1669   Cr: 15.596  )
00000569: 14.1127   (Y': 12.2903   Cb: 14.6946   Cr: 16.3024 )
00000572: 12.9138   (Y': 11.1739   Cb: 13.1094   Cr: 15.4998 )
00000567: 13.1354   (Y': 11.3985   Cb: 13.4206   Cr: 15.5628 )
00000570: 13.7418   (Y': 11.9903   Cb: 14.1495   Cr: 16.0121 )
00000574: 13.1995   (Y': 11.5088   Cb: 13.3623   Cr: 15.7111 )
00000575: 13.1568   (Y': 11.4512   Cb: 13.2913   Cr: 15.7577 )
00000576: 13.1251   (Y': 11.4063   Cb: 13.2063   Cr: 15.8579 )
00000581: 13.7659   (Y': 11.9564   Cb: 14.0624   Cr: 16.3691 )
00000577: 13.5881   (Y': 11.8787   Cb: 13.8429   Cr: 15.9939 )
00000582: 13.7748   (Y': 11.9168   Cb: 14.1255   Cr: 16.4212 )
00000579: 14.0577   (Y': 12.3283   Cb: 14.4009   Cr: 16.3727 )
00000580: 13.8595   (Y': 12.0706   Cb: 14.1632   Cr: 16.3946 )
00000578: 14.0427   (Y': 12.344    Cb: 14.378    Cr: 16.2931 )
00000583: 13.8115   (Y': 11.9023   Cb: 14.213    Cr: 16.518  )
Total: 13.4822   (Y': 11.6785   Cb: 14.1124   Cr: 15.5566 )
