./ps4_degrader: invalid option -- 'v'
Capturing with the following configuration:
 - Capture device: DeckLink 4K Extreme 12G
 - Video mode: 720p59.94
 - Pixel format: 8 bit BGRA (4:4:4:x)
[libx264 @ 0x246ce40] using cpu capabilities: MMX2 SSE2Fast SSSE3 SSE4.2 AVX AVX2 FMA3 LZCNT BMI2
[libx264 @ 0x246ce40] profile High 4:2:2 Intra, level 3.1, 4:2:2 8-bit
PLAYBACK (hw timestamp): Frame 62 Displayed Late. Expected (+/- 5%): 50000
	Timestamp delay: 66596
	Hardware timestamp delay: 66679
PLAYBACK (hw timestamp): Frame 67 Displayed Late. Expected (+/- 5%): 50000
	Timestamp delay: 66549
	Hardware timestamp delay: 66666
PLAYBACK (hw timestamp): Frame 70 Displayed Late. Expected (+/- 5%): 50000
	Timestamp delay: 66587
	Hardware timestamp delay: 66623
PLAYBACK (hw timestamp): Frame 74 Displayed Late. Expected (+/- 5%): 50000
	Timestamp delay: 66575
	Hardware timestamp delay: 66593
PLAYBACK (hw timestamp): Frame 77 Displayed Late. Expected (+/- 5%): 50000
	Timestamp delay: 66632
	Hardware timestamp delay: 66682
PLAYBACK (hw timestamp): Frame 86 Displayed Late. Expected (+/- 5%): 50000
	Timestamp delay: 66486
	Hardware timestamp delay: 66680
PLAYBACK (hw timestamp): Frame 91 Displayed Late. Expected (+/- 5%): 50000
	Timestamp delay: 66700
	Hardware timestamp delay: 66674
PLAYBACK (hw timestamp): Frame 97 Displayed Late. Expected (+/- 5%): 50000
	Timestamp delay: 66596
	Hardware timestamp delay: 66681
PLAYBACK (hw timestamp): Frame 112 Displayed Late. Expected (+/- 5%): 50000
	Timestamp delay: 66535
	Hardware timestamp delay: 66673
PLAYBACK (hw timestamp): Frame 115 Displayed Late. Expected (+/- 5%): 50000
	Timestamp delay: 66635
	Hardware timestamp delay: 66706
PLAYBACK (hw timestamp): Frame 120 Displayed Late. Expected (+/- 5%): 50000
	Timestamp delay: 66699
	Hardware timestamp delay: 66706
PLAYBACK (hw timestamp): Frame 132 Displayed Late. Expected (+/- 5%): 50000
	Timestamp delay: 66707
	Hardware timestamp delay: 66662
PLAYBACK (hw timestamp): Frame 139 Displayed Late. Expected (+/- 5%): 50000
	Timestamp delay: 66632
	Hardware timestamp delay: 66599
PLAYBACK (hw timestamp): Frame 159 Displayed Late. Expected (+/- 5%): 50000
	Timestamp delay: 66635
	Hardware timestamp delay: 66644
PLAYBACK (hw timestamp): Frame 165 Displayed Late. Expected (+/- 5%): 50000
	Timestamp delay: 66708
	Hardware timestamp delay: 66623
PLAYBACK (hw timestamp): Frame 173 Displayed Late. Expected (+/- 5%): 50000
	Timestamp delay: 66603
	Hardware timestamp delay: 66669
PLAYBACK (hw timestamp): Frame 182 Displayed Late. Expected (+/- 5%): 50000
	Timestamp delay: 66540
	Hardware timestamp delay: 66648
PLAYBACK (hw timestamp): Frame 188 Displayed Late. Expected (+/- 5%): 50000
	Timestamp delay: 66682
	Hardware timestamp delay: 66630
PLAYBACK (hw timestamp): Frame 190 Displayed Late. Expected (+/- 5%): 50000
	Timestamp delay: 66628
	Hardware timestamp delay: 66670
PLAYBACK (hw timestamp): Frame 194 Displayed Late. Expected (+/- 5%): 50000
	Timestamp delay: 66614
	Hardware timestamp delay: 66614
PLAYBACK (hw timestamp): Frame 223 Displayed Late. Expected (+/- 5%): 50000
	Timestamp delay: 66668
	Hardware timestamp delay: 66611
PLAYBACK (hw timestamp): Frame 227 Displayed Late. Expected (+/- 5%): 50000
	Timestamp delay: 66588
	Hardware timestamp delay: 66709
PLAYBACK (hw timestamp): Frame 231 Displayed Late. Expected (+/- 5%): 50000
	Timestamp delay: 66596
	Hardware timestamp delay: 66642
PLAYBACK (hw timestamp): Frame 255 Displayed Late. Expected (+/- 5%): 50000
	Timestamp delay: 66688
	Hardware timestamp delay: 66692
PLAYBACK (hw timestamp): Frame 274 Displayed Late. Expected (+/- 5%): 50000
	Timestamp delay: 66537
	Hardware timestamp delay: 66650
PLAYBACK (hw timestamp): Frame 277 Displayed Late. Expected (+/- 5%): 50000
	Timestamp delay: 66517
	Hardware timestamp delay: 66652
PLAYBACK (hw timestamp): Frame 282 Displayed Late. Expected (+/- 5%): 50000
	Timestamp delay: 66595
	Hardware timestamp delay: 66670
PLAYBACK (hw timestamp): Frame 286 Displayed Late. Expected (+/- 5%): 50000
	Timestamp delay: 66576
	Hardware timestamp delay: 66678
PLAYBACK (hw timestamp): Frame 290 Displayed Late. Expected (+/- 5%): 50000
	Timestamp delay: 66534
	Hardware timestamp delay: 66666
PLAYBACK (hw timestamp): Frame 296 Displayed Late. Expected (+/- 5%): 50000
	Timestamp delay: 66599
	Hardware timestamp delay: 66682
PLAYBACK (hw timestamp): Frame 303 Displayed Late. Expected (+/- 5%): 50000
	Timestamp delay: 66700
	Hardware timestamp delay: 66695
PLAYBACK (hw timestamp): Frame 305 Displayed Late. Expected (+/- 5%): 50000
	Timestamp delay: 66695
	Hardware timestamp delay: 66625
PLAYBACK (hw timestamp): Frame 311 Displayed Late. Expected (+/- 5%): 50000
	Timestamp delay: 66687
	Hardware timestamp delay: 66691
PLAYBACK (hw timestamp): Frame 316 Displayed Late. Expected (+/- 5%): 50000
	Timestamp delay: 66544
	Hardware timestamp delay: 66644
PLAYBACK (hw timestamp): Frame 321 Displayed Late. Expected (+/- 5%): 50000
	Timestamp delay: 66662
	Hardware timestamp delay: 66684
PLAYBACK (hw timestamp): Frame 324 Displayed Late. Expected (+/- 5%): 50000
	Timestamp delay: 66550
	Hardware timestamp delay: 66607
PLAYBACK (hw timestamp): Frame 326 Displayed Late. Expected (+/- 5%): 50000
	Timestamp delay: 66616
	Hardware timestamp delay: 66657
PLAYBACK (hw timestamp): Frame 329 Displayed Late. Expected (+/- 5%): 50000
	Timestamp delay: 66590
	Hardware timestamp delay: 66692
PLAYBACK (hw timestamp): Frame 344 Displayed Late. Expected (+/- 5%): 50000
	Timestamp delay: 66552
	Hardware timestamp delay: 66703
PLAYBACK (hw timestamp): Frame 353 Displayed Late. Expected (+/- 5%): 50000
	Timestamp delay: 66628
	Hardware timestamp delay: 66738
PLAYBACK (hw timestamp): Frame 424 Displayed Late. Expected (+/- 5%): 50000
	Timestamp delay: 66637
	Hardware timestamp delay: 66639
PLAYBACK (hw timestamp): Frame 426 Displayed Late. Expected (+/- 5%): 50000
	Timestamp delay: 66625
	Hardware timestamp delay: 66608
PLAYBACK (hw timestamp): Frame 430 Displayed Late. Expected (+/- 5%): 50000
	Timestamp delay: 66585
	Hardware timestamp delay: 66653
PLAYBACK (hw timestamp): Frame 434 Displayed Late. Expected (+/- 5%): 50000
	Timestamp delay: 66706
	Hardware timestamp delay: 66643
PLAYBACK (hw timestamp): Frame 436 Displayed Late. Expected (+/- 5%): 50000
	Timestamp delay: 66707
	Hardware timestamp delay: 66710
PLAYBACK (hw timestamp): Frame 440 Displayed Late. Expected (+/- 5%): 50000
	Timestamp delay: 66745
	Hardware timestamp delay: 66580
PLAYBACK (hw timestamp): Frame 446 Displayed Late. Expected (+/- 5%): 50000
	Timestamp delay: 66635
	Hardware timestamp delay: 66649
PLAYBACK (hw timestamp): Frame 448 Displayed Late. Expected (+/- 5%): 50000
	Timestamp delay: 66626
	Hardware timestamp delay: 66646
PLAYBACK (hw timestamp): Frame 454 Displayed Late. Expected (+/- 5%): 50000
	Timestamp delay: 66604
	Hardware timestamp delay: 66673
PLAYBACK (hw timestamp): Frame 458 Displayed Late. Expected (+/- 5%): 50000
	Timestamp delay: 66632
	Hardware timestamp delay: 66632
PLAYBACK (hw timestamp): Frame 466 Displayed Late. Expected (+/- 5%): 50000
	Timestamp delay: 66588
	Hardware timestamp delay: 66607
CAPTURE: dropped a frame (dropped_count=0)
PLAYBACK (hw timestamp): Frame 493 Displayed Late. Expected (+/- 5%): 50000
	Timestamp delay: 183485
	Hardware timestamp delay: 185124
PLAYBACK (hw timestamp): Frame 508 Displayed Late. Expected (+/- 5%): 50000
	Timestamp delay: 66602
	Hardware timestamp delay: 66603
PLAYBACK (hw timestamp): Frame 514 Displayed Late. Expected (+/- 5%): 50000
	Timestamp delay: 66572
	Hardware timestamp delay: 66650
PLAYBACK (hw timestamp): Frame 516 Displayed Late. Expected (+/- 5%): 50000
	Timestamp delay: 66674
	Hardware timestamp delay: 66580
PLAYBACK (hw timestamp): Frame 519 Displayed Late. Expected (+/- 5%): 50000
	Timestamp delay: 66590
	Hardware timestamp delay: 66687
PLAYBACK (hw timestamp): Frame 533 Displayed Late. Expected (+/- 5%): 50000
	Timestamp delay: 66510
	Hardware timestamp delay: 66700
PLAYBACK (hw timestamp): Frame 537 Displayed Late. Expected (+/- 5%): 50000
	Timestamp delay: 66718
	Hardware timestamp delay: 66639
PLAYBACK (hw timestamp): Frame 545 Displayed Late. Expected (+/- 5%): 50000
	Timestamp delay: 66590
	Hardware timestamp delay: 66642
PLAYBACK (hw timestamp): Frame 559 Displayed Late. Expected (+/- 5%): 50000
	Timestamp delay: 66674
	Hardware timestamp delay: 66610
PLAYBACK (hw timestamp): Frame 562 Displayed Late. Expected (+/- 5%): 50000
	Timestamp delay: 66532
	Hardware timestamp delay: 66680
PLAYBACK (hw timestamp): Frame 566 Displayed Late. Expected (+/- 5%): 50000
	Timestamp delay: 66719
	Hardware timestamp delay: 66686
PLAYBACK (hw timestamp): Frame 571 Displayed Late. Expected (+/- 5%): 50000
	Timestamp delay: 66594
	Hardware timestamp delay: 66648
CAPTURE: dropped a frame (dropped_count=1)
CAPTURE: dropped a frame (dropped_count=2)
CAPTURE: dropped a frame (dropped_count=3)
PLAYBACK (hw timestamp): Frame 691 Displayed Late. Expected (+/- 5%): 50000
	Timestamp delay: 283510
	Hardware timestamp delay: 283608
PLAYBACK (hw timestamp): Frame 716 Displayed Late. Expected (+/- 5%): 50000
	Timestamp delay: 66674
	Hardware timestamp delay: 66713
PLAYBACK (hw timestamp): Frame 721 Displayed Late. Expected (+/- 5%): 50000
	Timestamp delay: 66630
	Hardware timestamp delay: 66639
PLAYBACK (hw timestamp): Frame 729 Displayed Late. Expected (+/- 5%): 50000
	Timestamp delay: 66556
	Hardware timestamp delay: 66682
PLAYBACK (hw timestamp): Frame 734 Displayed Late. Expected (+/- 5%): 50000
	Timestamp delay: 66601
	Hardware timestamp delay: 66670
PLAYBACK (hw timestamp): Frame 738 Displayed Late. Expected (+/- 5%): 50000
	Timestamp delay: 66695
	Hardware timestamp delay: 66621
PLAYBACK (hw timestamp): Frame 743 Displayed Late. Expected (+/- 5%): 50000
	Timestamp delay: 66630
	Hardware timestamp delay: 66648
PLAYBACK (hw timestamp): Frame 745 Displayed Late. Expected (+/- 5%): 50000
	Timestamp delay: 66631
	Hardware timestamp delay: 66644
PLAYBACK (hw timestamp): Frame 748 Displayed Late. Expected (+/- 5%): 50000
	Timestamp delay: 66548
	Hardware timestamp delay: 66665
PLAYBACK (hw timestamp): Frame 754 Displayed Late. Expected (+/- 5%): 50000
	Timestamp delay: 66635
	Hardware timestamp delay: 66682
PLAYBACK (hw timestamp): Frame 758 Displayed Late. Expected (+/- 5%): 50000
	Timestamp delay: 66566
	Hardware timestamp delay: 66612
PLAYBACK (hw timestamp): Frame 762 Displayed Late. Expected (+/- 5%): 50000
	Timestamp delay: 66631
	Hardware timestamp delay: 66704
PLAYBACK (hw timestamp): Frame 764 Displayed Late. Expected (+/- 5%): 50000
	Timestamp delay: 66631
	Hardware timestamp delay: 66647
PLAYBACK (hw timestamp): Frame 767 Displayed Late. Expected (+/- 5%): 50000
	Timestamp delay: 66608
	Hardware timestamp delay: 66671
PLAYBACK (hw timestamp): Frame 769 Displayed Late. Expected (+/- 5%): 50000
	Timestamp delay: 66573
	Hardware timestamp delay: 66649
PLAYBACK (hw timestamp): Frame 773 Displayed Late. Expected (+/- 5%): 50000
	Timestamp delay: 66698
	Hardware timestamp delay: 66704
CAPTURE: dropped a frame (dropped_count=4)
CAPTURE: dropped a frame (dropped_count=5)
CAPTURE: dropped a frame (dropped_count=6)
CAPTURE: dropped a frame (dropped_count=7)
PLAYBACK (hw timestamp): Frame 787 Displayed Late. Expected (+/- 5%): 50000
	Timestamp delay: 333620
	Hardware timestamp delay: 333607
PLAYBACK (hw timestamp): Frame 800 Displayed Late. Expected (+/- 5%): 50000
	Timestamp delay: 66566
	Hardware timestamp delay: 66616
PLAYBACK (hw timestamp): Frame 810 Displayed Late. Expected (+/- 5%): 50000
	Timestamp delay: 66597
	Hardware timestamp delay: 66651
PLAYBACK (hw timestamp): Frame 821 Displayed Late. Expected (+/- 5%): 50000
	Timestamp delay: 66727
	Hardware timestamp delay: 66643
PLAYBACK (hw timestamp): Frame 828 Displayed Late. Expected (+/- 5%): 50000
	Timestamp delay: 66598
	Hardware timestamp delay: 66666
PLAYBACK (hw timestamp): Frame 846 Displayed Late. Expected (+/- 5%): 50000
	Timestamp delay: 66697
	Hardware timestamp delay: 66686
PLAYBACK (hw timestamp): Frame 855 Displayed Late. Expected (+/- 5%): 50000
	Timestamp delay: 66572
	Hardware timestamp delay: 66603
PLAYBACK (hw timestamp): Frame 862 Displayed Late. Expected (+/- 5%): 50000
	Timestamp delay: 66543
	Hardware timestamp delay: 66651
PLAYBACK (hw timestamp): Frame 865 Displayed Late. Expected (+/- 5%): 50000
	Timestamp delay: 66544
	Hardware timestamp delay: 66710
[libx264 @ 0x246ce40] frame I:883   Avg QP:26.00  size: 71124
[libx264 @ 0x246ce40] mb I  I16..4:  8.7% 71.3% 20.0%
[libx264 @ 0x246ce40] final ratefactor: 39.49
[libx264 @ 0x246ce40] 8x8 transform intra:71.3%
[libx264 @ 0x246ce40] coded y,uvDC,uvAC intra: 77.8% 79.9% 39.0%
[libx264 @ 0x246ce40] i16 v,h,dc,p: 21% 38% 15% 27%
[libx264 @ 0x246ce40] i8 v,h,dc,ddl,ddr,vr,hd,vl,hu:  9% 22% 21%  6%  8%  6% 12%  5% 12%
[libx264 @ 0x246ce40] i4 v,h,dc,ddl,ddr,vr,hd,vl,hu: 13% 25% 15%  6% 10%  6% 12%  5%  9%
[libx264 @ 0x246ce40] i8c dc,h,v,p: 62% 18% 14%  6%
[libx264 @ 0x246ce40] kb/s:11379.78
Stopping Capture
