00000012: 14.6098   (Y': 14.4016   Cb: 13.9433   Cr: 15.6611 )
00000001: 14.4807   (Y': 14.2954   Cb: 13.7688   Cr: 15.5693 )
00000006: 14.4064   (Y': 14.1992   Cb: 13.7172   Cr: 15.4901 )
00000000: 14.4993   (Y': 14.3029   Cb: 13.7987   Cr: 15.5858 )
00000002: 14.4545   (Y': 14.2439   Cb: 13.7612   Cr: 15.5492 )
00000008: 14.3928   (Y': 14.1792   Cb: 13.7066   Cr: 15.4808 )
00000041: 14.8365   (Y': 14.5947   Cb: 14.2293   Cr: 15.8456 )
00000004: 14.4276   (Y': 14.2028   Cb: 13.7448   Cr: 15.5256 )
00000011: 14.3606   (Y': 14.14     Cb: 13.6778   Cr: 15.4529 )
00000005: 14.4579   (Y': 14.2478   Cb: 13.7554   Cr: 15.5655 )
00000010: 14.3705   (Y': 14.1538   Cb: 13.6822   Cr: 15.4657 )
00000022: 14.8034   (Y': 14.5439   Cb: 14.2058   Cr: 15.8222 )
00000009: 14.396    (Y': 14.1866   Cb: 13.7079   Cr: 15.4812 )
00000013: 14.7105   (Y': 14.4993   Cb: 14.0693   Cr: 15.7284 )
00000014: 14.8192   (Y': 14.567    Cb: 14.23     Cr: 15.8161 )
00000015: 14.8379   (Y': 14.5673   Cb: 14.2535   Cr: 15.8524 )
00000023: 14.8092   (Y': 14.5692   Cb: 14.2109   Cr: 15.8029 )
00000003: 14.4542   (Y': 14.2369   Cb: 13.7597   Cr: 15.5598 )
00000016: 14.7725   (Y': 14.4838   Cb: 14.2017   Cr: 15.7917 )
00000025: 14.8142   (Y': 14.5664   Cb: 14.1986   Cr: 15.8433 )
00000017: 14.7802   (Y': 14.5235   Cb: 14.2008   Cr: 15.7691 )
00000019: 14.8432   (Y': 14.5454   Cb: 14.2898   Cr: 15.8498 )
00000020: 14.8278   (Y': 14.5184   Cb: 14.2784   Cr: 15.8446 )
00000024: 14.8084   (Y': 14.5538   Cb: 14.2042   Cr: 15.8301 )
00000007: 14.4221   (Y': 14.2113   Cb: 13.7291   Cr: 15.5165 )
00000026: 14.8094   (Y': 14.5989   Cb: 14.1741   Cr: 15.8179 )
00000018: 14.8179   (Y': 14.5468   Cb: 14.2476   Cr: 15.8129 )
00000027: 14.8144   (Y': 14.6008   Cb: 14.1734   Cr: 15.8352 )
00000021: 14.8163   (Y': 14.5304   Cb: 14.2496   Cr: 15.8259 )
00000030: 14.8156   (Y': 14.5716   Cb: 14.1903   Cr: 15.8539 )
00000033: 14.8902   (Y': 14.6392   Cb: 14.2819   Cr: 15.9133 )
00000036: 14.6596   (Y': 14.42     Cb: 14.0022   Cr: 15.7396 )
00000034: 14.891    (Y': 14.6543   Cb: 14.2689   Cr: 15.9149 )
00000037: 14.6143   (Y': 14.3765   Cb: 13.9562   Cr: 15.693  )
00000038: 14.5954   (Y': 14.3318   Cb: 13.9623   Cr: 15.6717 )
00000031: 14.8209   (Y': 14.5937   Cb: 14.1831   Cr: 15.8549 )
00000028: 14.8348   (Y': 14.6291   Cb: 14.1938   Cr: 15.8449 )
00000043: 14.9478   (Y': 14.6955   Cb: 14.3533   Cr: 15.9524 )
00000032: 14.8506   (Y': 14.603    Cb: 14.2346   Cr: 15.8803 )
00000044: 15.1818   (Y': 14.9491   Cb: 14.6518   Cr: 16.0693 )
00000029: 14.839    (Y': 14.6082   Cb: 14.2105   Cr: 15.8643 )
00000039: 14.6781   (Y': 14.4286   Cb: 14.0464   Cr: 15.7334 )
00000035: 14.8234   (Y': 14.5698   Cb: 14.2032   Cr: 15.8673 )
00000040: 14.8432   (Y': 14.5906   Cb: 14.236    Cr: 15.8666 )
00000047: 15.4254   (Y': 15.2873   Cb: 14.9224   Cr: 16.1573 )
00000045: 15.2556   (Y': 15.0408   Cb: 14.7237   Cr: 16.1226 )
00000042: 14.8734   (Y': 14.613    Cb: 14.2758   Cr: 15.8932 )
00000046: 15.3919   (Y': 15.2429   Cb: 14.8618   Cr: 16.1737 )
00000048: 15.4917   (Y': 15.3674   Cb: 14.9905   Cr: 16.2045 )
00000049: 15.513    (Y': 15.4012   Cb: 15.0226   Cr: 16.1965 )
00000052: 15.626    (Y': 15.545    Cb: 15.1452   Cr: 16.2604 )
00000050: 15.547    (Y': 15.4449   Cb: 15.0442   Cr: 16.2353 )
00000051: 15.5897   (Y': 15.4787   Cb: 15.1102   Cr: 16.2582 )
00000053: 15.6385   (Y': 15.5596   Cb: 15.1333   Cr: 16.302  )
00000056: 15.7546   (Y': 15.7914   Cb: 15.208    Cr: 16.3378 )
00000055: 15.7462   (Y': 15.739    Cb: 15.2128   Cr: 16.3627 )
00000057: 15.7626   (Y': 15.789    Cb: 15.2277   Cr: 16.3425 )
00000054: 15.7011   (Y': 15.6742   Cb: 15.1644   Cr: 16.3448 )
00000058: 15.7837   (Y': 15.8055   Cb: 15.2564   Cr: 16.3592 )
00000061: 15.8041   (Y': 15.8504   Cb: 15.3084   Cr: 16.3119 )
00000060: 15.79     (Y': 15.8282   Cb: 15.2826   Cr: 16.3215 )
00000063: 15.7938   (Y': 15.7991   Cb: 15.3472   Cr: 16.2856 )
00000059: 15.7962   (Y': 15.8509   Cb: 15.2617   Cr: 16.3439 )
00000062: 15.7869   (Y': 15.7777   Cb: 15.3326   Cr: 16.3048 )
00000069: 15.9719   (Y': 15.635    Cb: 15.7113   Cr: 16.6397 )
00000066: 15.8348   (Y': 15.6962   Cb: 15.4603   Cr: 16.4022 )
00000064: 15.7897   (Y': 15.7533   Cb: 15.3538   Cr: 16.3155 )
00000067: 15.8795   (Y': 15.6716   Cb: 15.5188   Cr: 16.5127 )
00000065: 15.7797   (Y': 15.6918   Cb: 15.363    Cr: 16.3404 )
00000068: 15.9249   (Y': 15.6336   Cb: 15.6178   Cr: 16.5931 )
00000070: 16.0113   (Y': 15.6251   Cb: 15.7761   Cr: 16.7104 )
00000073: 16.1154   (Y': 15.6123   Cb: 15.9604   Cr: 16.8682 )
00000075: 16.1548   (Y': 15.6168   Cb: 16.0153   Cr: 16.9354 )
00000072: 16.0971   (Y': 15.6084   Cb: 15.9371   Cr: 16.8369 )
00000071: 16.0385   (Y': 15.6402   Cb: 15.8037   Cr: 16.7526 )
00000074: 16.1185   (Y': 15.6032   Cb: 15.9577   Cr: 16.895  )
00000077: 16.1625   (Y': 15.4697   Cb: 16.1382   Cr: 17.0166 )
00000078: 16.1669   (Y': 15.4062   Cb: 16.1689   Cr: 17.0873 )
00000081: 16.1159   (Y': 15.305    Cb: 16.2033   Cr: 17.0062 )
00000082: 16.0444   (Y': 15.2519   Cb: 16.1008   Cr: 16.9451 )
00000076: 16.1562   (Y': 15.5129   Cb: 16.0796   Cr: 17.0046 )
00000079: 16.1563   (Y': 15.3406   Cb: 16.2086   Cr: 17.0962 )
00000083: 15.9682   (Y': 15.1891   Cb: 16.042    Cr: 16.8281 )
00000080: 16.1583   (Y': 15.3171   Cb: 16.2302   Cr: 17.1127 )
00000085: 15.7197   (Y': 14.9835   Cb: 15.7452   Cr: 16.5755 )
00000084: 15.807    (Y': 15.0595   Cb: 15.8378   Cr: 16.673  )
00000086: 15.5203   (Y': 14.8452   Cb: 15.4756   Cr: 16.3743 )
00000087: 15.4045   (Y': 14.7819   Cb: 15.342    Cr: 16.2068 )
00000091: 14.5993   (Y': 14.2326   Cb: 14.2876   Cr: 15.3696 )
00000090: 14.7674   (Y': 14.3573   Cb: 14.5066   Cr: 15.5293 )
00000089: 15.0892   (Y': 14.5484   Cb: 14.9488   Cr: 15.8747 )
00000088: 15.1886   (Y': 14.6264   Cb: 15.0689   Cr: 15.9777 )
00000093: 14.5027   (Y': 14.1544   Cb: 14.1962   Cr: 15.2426 )
00000092: 14.5271   (Y': 14.1567   Cb: 14.2374   Cr: 15.2741 )
00000094: 14.5247   (Y': 14.1497   Cb: 14.232    Cr: 15.2812 )
00000095: 14.5303   (Y': 14.155    Cb: 14.237    Cr: 15.2881 )
00000096: 14.9143   (Y': 14.3778   Cb: 14.7668   Cr: 15.7031 )
00000098: 15.2549   (Y': 14.6115   Cb: 15.1753   Cr: 16.1073 )
00000097: 15.0077   (Y': 14.445    Cb: 14.8719   Cr: 15.8175 )
00000100: 15.5594   (Y': 14.8229   Cb: 15.5767   Cr: 16.4256 )
00000102: 15.8167   (Y': 14.9988   Cb: 15.9055   Cr: 16.7159 )
00000099: 15.356    (Y': 14.6635   Cb: 15.3355   Cr: 16.2052 )
00000101: 15.6398   (Y': 14.9003   Cb: 15.6894   Cr: 16.4716 )
00000106: 16.2721   (Y': 15.3149   Cb: 16.4131   Cr: 17.3215 )
00000103: 15.8756   (Y': 15.0335   Cb: 15.9684   Cr: 16.8062 )
00000104: 16.005    (Y': 15.0977   Cb: 16.1419   Cr: 16.9812 )
00000108: 16.3737   (Y': 15.446    Cb: 16.5118   Cr: 17.3802 )
00000105: 16.1028   (Y': 15.1843   Cb: 16.2481   Cr: 17.086  )
00000109: 16.4263   (Y': 15.5149   Cb: 16.5519   Cr: 17.4227 )
00000107: 16.3208   (Y': 15.3951   Cb: 16.4589   Cr: 17.3242 )
00000110: 16.4425   (Y': 15.4905   Cb: 16.4991   Cr: 17.5897 )
00000111: 16.4624   (Y': 15.4999   Cb: 16.5338   Cr: 17.6076 )
00000114: 16.0728   (Y': 15.2719   Cb: 15.9435   Cr: 17.2233 )
00000112: 16.3255   (Y': 15.4844   Cb: 16.3068   Cr: 17.3935 )
00000116: 15.8606   (Y': 15.0967   Cb: 15.6529   Cr: 17.0601 )
00000113: 16.2158   (Y': 15.4132   Cb: 16.1602   Cr: 17.2721 )
00000115: 16.0168   (Y': 15.2952   Cb: 15.8018   Cr: 17.1602 )
00000122: 15.0467   (Y': 14.5718   Cb: 14.5321   Cr: 16.2464 )
00000117: 15.7457   (Y': 15.0332   Cb: 15.4683   Cr: 16.9619 )
00000118: 15.5629   (Y': 14.8407   Cb: 15.2606   Cr: 16.8298 )
00000121: 15.1163   (Y': 14.5942   Cb: 14.612    Cr: 16.3706 )
00000119: 15.4739   (Y': 14.7638   Cb: 15.141    Cr: 16.766  )
00000120: 15.2322   (Y': 14.6766   Cb: 14.7523   Cr: 16.5009 )
00000123: 15.0088   (Y': 14.5377   Cb: 14.4955   Cr: 16.2007 )
00000124: 15.123    (Y': 14.6552   Cb: 14.7009   Cr: 16.1788 )
00000128: 15.4128   (Y': 14.9528   Cb: 15.2068   Cr: 16.1714 )
00000126: 15.2486   (Y': 14.7521   Cb: 14.9908   Cr: 16.1227 )
00000127: 15.2945   (Y': 14.7912   Cb: 15.077    Cr: 16.1259 )
00000125: 15.1503   (Y': 14.6585   Cb: 14.8024   Cr: 16.1374 )
00000132: 15.4762   (Y': 15.0095   Cb: 15.3289   Cr: 16.1716 )
00000131: 15.4296   (Y': 14.9383   Cb: 15.2789   Cr: 16.1616 )
00000134: 15.4733   (Y': 15.1272   Cb: 15.2486   Cr: 16.1084 )
00000129: 15.4362   (Y': 14.8962   Cb: 15.277    Cr: 16.244  )
00000130: 15.4443   (Y': 14.9601   Cb: 15.267    Cr: 16.1996 )
00000133: 15.4916   (Y': 15.0475   Cb: 15.3188   Cr: 16.1886 )
00000135: 15.4728   (Y': 15.1533   Cb: 15.2403   Cr: 16.0841 )
00000139: 14.6639   (Y': 14.8854   Cb: 14.1168   Cr: 15.0473 )
00000138: 15.3795   (Y': 15.2984   Cb: 15.0361   Cr: 15.8425 )
00000141: 14.3664   (Y': 15.0037   Cb: 13.5657   Cr: 14.6626 )
00000137: 15.5195   (Y': 15.3832   Cb: 15.1889   Cr: 16.0305 )
00000136: 15.5107   (Y': 15.2703   Cb: 15.2365   Cr: 16.0763 )
00000142: 14.4223   (Y': 14.9498   Cb: 13.6902   Cr: 14.7339 )
00000140: 15.0116   (Y': 15.6314   Cb: 14.2629   Cr: 15.258  )
00000143: 14.2575   (Y': 14.8108   Cb: 13.49     Cr: 14.5899 )
00000144: 14.1482   (Y': 14.6857   Cb: 13.3707   Cr: 14.5087 )
00000145: 14.1783   (Y': 14.701    Cb: 13.395    Cr: 14.5606 )
00000146: 14.1372   (Y': 14.6236   Cb: 13.3613   Cr: 14.5451 )
00000147: 14.0989   (Y': 14.5772   Cb: 13.3336   Cr: 14.5009 )
00000148: 14.1383   (Y': 14.5685   Cb: 13.3914   Cr: 14.5638 )
00000150: 14.2474   (Y': 14.4641   Cb: 13.5952   Cr: 14.77   )
00000149: 14.1506   (Y': 14.5507   Cb: 13.4038   Cr: 14.6063 )
00000151: 14.3063   (Y': 14.3534   Cb: 13.7468   Cr: 14.8948 )
00000156: 14.6435   (Y': 13.8553   Cb: 14.5304   Cr: 15.7528 )
00000152: 14.4392   (Y': 14.1576   Cb: 14.0322   Cr: 15.2237 )
00000154: 14.6425   (Y': 13.9723   Cb: 14.4785   Cr: 15.6407 )
00000153: 14.5066   (Y': 14.0734   Cb: 14.1693   Cr: 15.3985 )
00000158: 14.6766   (Y': 13.641    Cb: 14.6979   Cr: 16.0104 )
00000155: 14.6886   (Y': 13.9327   Cb: 14.5892   Cr: 15.7304 )
00000157: 14.6563   (Y': 13.7352   Cb: 14.6312   Cr: 15.8598 )
00000159: 14.5022   (Y': 13.6712   Cb: 14.4102   Cr: 15.6502 )
00000162: 14.4622   (Y': 13.8145   Cb: 14.2733   Cr: 15.4603 )
00000163: 14.413    (Y': 13.923    Cb: 14.1465   Cr: 15.2892 )
00000164: 14.4233   (Y': 14.0686   Cb: 14.0714   Cr: 15.2298 )
00000165: 14.4113   (Y': 14.0787   Cb: 14.0525   Cr: 15.1983 )
00000161: 14.4248   (Y': 13.7357   Cb: 14.2498   Cr: 15.4653 )
00000166: 14.5014   (Y': 14.2042   Cb: 14.1395   Cr: 15.2468 )
00000160: 14.3345   (Y': 13.7743   Cb: 14.0845   Cr: 15.287  )
00000171: 15.089    (Y': 14.825    Cb: 14.7635   Cr: 15.7465 )
00000169: 14.887    (Y': 14.6631   Cb: 14.53     Cr: 15.5351 )
00000172: 15.2576   (Y': 14.8949   Cb: 15.0067   Cr: 15.9459 )
00000168: 14.8417   (Y': 14.5754   Cb: 14.5149   Cr: 15.5038 )
00000170: 15.0409   (Y': 14.7533   Cb: 14.7342   Cr: 15.7041 )
00000174: 15.4972   (Y': 15.0181   Cb: 15.2841   Cr: 16.2902 )
00000167: 14.6878   (Y': 14.3101   Cb: 14.4298   Cr: 15.4042 )
00000181: 16.0296   (Y': 15.0995   Cb: 16.038    Cr: 17.2038 )
00000173: 15.3707   (Y': 14.9662   Cb: 15.1329   Cr: 16.0963 )
00000177: 15.7339   (Y': 15.1396   Cb: 15.5765   Cr: 16.6148 )
00000175: 15.5584   (Y': 15.0492   Cb: 15.376    Cr: 16.3533 )
00000178: 15.9007   (Y': 15.196    Cb: 15.7951   Cr: 16.8739 )
00000176: 15.6925   (Y': 15.1283   Cb: 15.5269   Cr: 16.5415 )
00000182: 16.133    (Y': 15.1551   Cb: 16.1982   Cr: 17.3112 )
00000179: 15.9291   (Y': 15.1575   Cb: 15.8666   Cr: 16.9469 )
00000180: 15.9833   (Y': 15.0924   Cb: 15.9749   Cr: 17.1164 )
00000187: 16.3147   (Y': 15.2402   Cb: 16.4681   Cr: 17.5409 )
00000183: 16.1677   (Y': 15.1845   Cb: 16.2646   Cr: 17.3139 )
00000189: 16.3396   (Y': 15.2265   Cb: 16.5239   Cr: 17.5924 )
00000186: 16.2962   (Y': 15.2312   Cb: 16.4345   Cr: 17.5257 )
00000190: 16.3622   (Y': 15.2182   Cb: 16.5892   Cr: 17.6142 )
00000185: 16.2391   (Y': 15.2239   Cb: 16.3432   Cr: 17.4292 )
00000188: 16.3242   (Y': 15.1963   Cb: 16.5206   Cr: 17.5869 )
00000184: 16.2265   (Y': 15.2144   Cb: 16.3073   Cr: 17.4412 )
00000191: 16.3909   (Y': 15.2142   Cb: 16.6243   Cr: 17.6922 )
00000192: 16.467    (Y': 15.2008   Cb: 16.7653   Cr: 17.8465 )
00000193: 16.5186   (Y': 15.1858   Cb: 16.8666   Cr: 17.9587 )
00000194: 16.6515   (Y': 15.178    Cb: 17.0945   Cr: 18.2439 )
00000195: 16.7166   (Y': 15.1869   Cb: 17.2114   Cr: 18.3568 )
00000196: 16.7745   (Y': 15.2291   Cb: 17.2305   Cr: 18.499  )
00000197: 16.8091   (Y': 15.2392   Cb: 17.2841   Cr: 18.5604 )
00000198: 16.8454   (Y': 15.237    Cb: 17.3486   Cr: 18.6424 )
00000201: 16.8578   (Y': 15.1617   Cb: 17.3908   Cr: 18.8113 )
00000199: 16.8612   (Y': 15.2483   Cb: 17.3632   Cr: 18.6695 )
00000200: 16.8433   (Y': 15.1864   Cb: 17.3566   Cr: 18.7346 )
00000203: 16.9018   (Y': 15.1472   Cb: 17.5213   Cr: 18.8731 )
00000205: 16.9784   (Y': 15.1867   Cb: 17.6653   Cr: 18.9465 )
00000202: 16.8814   (Y': 15.1807   Cb: 17.4357   Cr: 18.8161 )
00000204: 16.9465   (Y': 15.1197   Cb: 17.6804   Cr: 18.9356 )
00000206: 16.9422   (Y': 15.2107   Cb: 17.5973   Cr: 18.8121 )
00000207: 16.9266   (Y': 15.1798   Cb: 17.6053   Cr: 18.8006 )
00000209: 16.9591   (Y': 15.2009   Cb: 17.6913   Cr: 18.7893 )
00000210: 17.0157   (Y': 15.3746   Cb: 17.6055   Cr: 18.7693 )
00000208: 16.9367   (Y': 15.1855   Cb: 17.6434   Cr: 18.7842 )
00000212: 16.9634   (Y': 15.4811   Cb: 17.4204   Cr: 18.5556 )
00000213: 16.8782   (Y': 15.4495   Cb: 17.2871   Cr: 18.4254 )
00000211: 16.9983   (Y': 15.3582   Cb: 17.5701   Cr: 18.7731 )
00000214: 16.7968   (Y': 15.4367   Cb: 17.1485   Cr: 18.2842 )
00000218: 16.3648   (Y': 15.1644   Cb: 16.5      Cr: 17.8381 )
00000215: 16.7886   (Y': 15.4451   Cb: 17.1071   Cr: 18.287  )
00000217: 16.5417   (Y': 15.246    Cb: 16.7721   Cr: 18.0656 )
00000216: 16.6287   (Y': 15.3141   Cb: 16.9087   Cr: 18.1225 )
00000220: 16.0319   (Y': 14.974    Cb: 16.033    Cr: 17.4321 )
00000219: 16.2267   (Y': 15.0788   Cb: 16.3257   Cr: 17.6533 )
00000222: 15.4331   (Y': 14.4168   Cb: 15.3314   Cr: 16.9044 )
00000221: 15.758    (Y': 14.7123   Cb: 15.6976   Cr: 17.2228 )
00000224: 15.5082   (Y': 14.5394   Cb: 15.4325   Cr: 16.8602 )
00000225: 15.5635   (Y': 14.6357   Cb: 15.51     Cr: 16.8164 )
00000223: 15.568    (Y': 14.591    Cb: 15.4843   Cr: 16.945  )
00000227: 15.9179   (Y': 15.0602   Cb: 15.8485   Cr: 17.0782 )
00000228: 16.1214   (Y': 15.2415   Cb: 16.0826   Cr: 17.2766 )
00000229: 16.1843   (Y': 15.2428   Cb: 16.2179   Cr: 17.3443 )
00000230: 16.2814   (Y': 15.3255   Cb: 16.3368   Cr: 17.4362 )
00000233: 16.507    (Y': 15.5057   Cb: 16.6084   Cr: 17.6775 )
00000231: 16.3493   (Y': 15.369    Cb: 16.437    Cr: 17.5025 )
00000226: 15.7805   (Y': 14.9367   Cb: 15.7089   Cr: 16.9216 )
00000232: 16.4741   (Y': 15.4725   Cb: 16.6014   Cr: 17.6119 )
00000236: 16.6823   (Y': 15.4612   Cb: 16.9902   Cr: 17.9681 )
00000238: 16.9654   (Y': 15.7459   Cb: 17.3623   Cr: 18.1392 )
00000234: 16.6049   (Y': 15.5306   Cb: 16.7766   Cr: 17.8076 )
00000237: 16.7469   (Y': 15.5393   Cb: 17.1122   Cr: 17.9381 )
00000235: 16.6522   (Y': 15.4952   Cb: 16.9078   Cr: 17.8905 )
00000239: 17.032    (Y': 15.7537   Cb: 17.5022   Cr: 18.2218 )
00000240: 17.1324   (Y': 15.8172   Cb: 17.6442   Cr: 18.3387 )
00000241: 17.1484   (Y': 15.7669   Cb: 17.6514   Cr: 18.4865 )
00000242: 17.1755   (Y': 15.679    Cb: 17.5619   Cr: 18.8904 )
00000243: 17.1665   (Y': 15.7061   Cb: 17.5266   Cr: 18.8424 )
00000245: 17.102    (Y': 15.7116   Cb: 17.3696   Cr: 18.7614 )
00000244: 17.1207   (Y': 15.7611   Cb: 17.3691   Cr: 18.745  )
00000249: 16.4493   (Y': 15.4017   Cb: 16.2783   Cr: 18.0796 )
00000248: 16.5639   (Y': 15.4641   Cb: 16.4912   Cr: 18.1447 )
00000246: 17.0554   (Y': 15.6699   Cb: 17.2974   Cr: 18.7401 )
00000254: 15.9633   (Y': 15.1396   Cb: 15.5574   Cr: 17.555  )
00000250: 15.9968   (Y': 15.1018   Cb: 15.6304   Cr: 17.6515 )
00000251: 15.9041   (Y': 14.9979   Cb: 15.5176   Cr: 17.6115 )
00000247: 16.8965   (Y': 15.5828   Cb: 16.9898   Cr: 18.6487 )
00000252: 15.9212   (Y': 15.0426   Cb: 15.5233   Cr: 17.5974 )
00000253: 15.8953   (Y': 15.0319   Cb: 15.5062   Cr: 17.5302 )
00000255: 15.9853   (Y': 15.1716   Cb: 15.579    Cr: 17.5601 )
00000259: 16.4535   (Y': 15.5398   Cb: 16.2673   Cr: 17.8679 )
00000256: 16.1419   (Y': 15.2834   Cb: 15.8453   Cr: 17.6248 )
00000257: 16.2195   (Y': 15.3282   Cb: 15.9486   Cr: 17.7201 )
00000260: 16.4982   (Y': 15.5467   Cb: 16.3701   Cr: 17.8939 )
00000258: 16.4013   (Y': 15.5001   Cb: 16.1889   Cr: 17.8326 )
00000261: 16.5507   (Y': 15.5759   Cb: 16.4665   Cr: 17.9245 )
00000262: 16.4783   (Y': 15.3825   Cb: 16.4586   Cr: 17.9751 )
00000264: 16.6216   (Y': 15.5621   Cb: 16.5688   Cr: 18.1002 )
00000266: 16.6207   (Y': 15.5866   Cb: 16.5424   Cr: 18.0899 )
00000268: 16.5331   (Y': 15.281    Cb: 16.6474   Cr: 18.1332 )
00000263: 16.529    (Y': 15.4368   Cb: 16.4905   Cr: 18.0458 )
00000269: 16.2347   (Y': 15.1753   Cb: 16.1297   Cr: 17.7884 )
00000267: 16.5673   (Y': 15.5251   Cb: 16.4671   Cr: 18.0829 )
00000265: 16.6124   (Y': 15.5612   Cb: 16.5562   Cr: 18.0809 )
00000272: 15.6703   (Y': 14.871    Cb: 15.3488   Cr: 17.0907 )
00000273: 15.8112   (Y': 14.9874   Cb: 15.5351   Cr: 17.2051 )
00000270: 16.5428   (Y': 15.6243   Cb: 16.3281   Cr: 18.0068 )
00000271: 16.1989   (Y': 15.3913   Cb: 15.8936   Cr: 17.6089 )
00000274: 15.5253   (Y': 14.8012   Cb: 15.0719   Cr: 17.0217 )
00000278: 15.3436   (Y': 14.6622   Cb: 14.8426   Cr: 16.8441 )
00000277: 15.3017   (Y': 14.6178   Cb: 14.7785   Cr: 16.8417 )
00000279: 15.3219   (Y': 14.6561   Cb: 14.7898   Cr: 16.8465 )
00000281: 15.3304   (Y': 14.6427   Cb: 14.8141   Cr: 16.8659 )
00000276: 15.3392   (Y': 14.6763   Cb: 14.8365   Cr: 16.812  )
00000280: 15.3411   (Y': 14.6682   Cb: 14.7968   Cr: 16.8967 )
00000275: 15.4418   (Y': 14.7515   Cb: 14.9562   Cr: 16.9326 )
00000284: 15.4003   (Y': 14.6261   Cb: 14.9313   Cr: 17.0065 )
00000285: 15.3955   (Y': 14.6372   Cb: 14.9035   Cr: 17.0117 )
00000286: 15.3661   (Y': 14.6292   Cb: 14.8796   Cr: 16.9365 )
00000282: 15.3578   (Y': 14.6246   Cb: 14.8795   Cr: 16.909  )
00000283: 15.3972   (Y': 14.6246   Cb: 14.9451   Cr: 16.9739 )
00000287: 15.3349   (Y': 14.5823   Cb: 14.8593   Cr: 16.9145 )
00000288: 15.268    (Y': 14.5171   Cb: 14.7953   Cr: 16.8403 )
00000289: 15.2855   (Y': 14.5467   Cb: 14.7962   Cr: 16.8637 )
00000290: 15.3273   (Y': 14.5941   Cb: 14.8405   Cr: 16.8919 )
00000292: 15.3057   (Y': 14.5454   Cb: 14.8435   Cr: 16.8772 )
00000291: 15.3152   (Y': 14.5799   Cb: 14.8159   Cr: 16.9034 )
00000295: 15.3216   (Y': 14.5397   Cb: 14.8751   Cr: 16.9052 )
00000294: 15.3162   (Y': 14.5575   Cb: 14.8597   Cr: 16.8758 )
00000293: 15.3363   (Y': 14.5869   Cb: 14.8478   Cr: 16.9313 )
00000298: 15.1137   (Y': 14.3468   Cb: 14.642    Cr: 16.7118 )
00000299: 15.1106   (Y': 14.3231   Cb: 14.645    Cr: 16.7349 )
00000296: 15.2021   (Y': 14.4327   Cb: 14.7236   Cr: 16.8155 )
00000301: 15.0803   (Y': 14.3039   Cb: 14.5911   Cr: 16.7232 )
00000297: 15.1487   (Y': 14.3716   Cb: 14.6745   Cr: 16.7684 )
00000302: 15.0573   (Y': 14.2887   Cb: 14.5666   Cr: 16.6892 )
00000300: 15.0814   (Y': 14.2962   Cb: 14.6068   Cr: 16.7158 )
00000303: 15.035    (Y': 14.2679   Cb: 14.5381   Cr: 16.6745 )
00000307: 14.9386   (Y': 14.1235   Cb: 14.492    Cr: 16.5804 )
00000304: 15.0202   (Y': 14.2439   Cb: 14.5398   Cr: 16.6487 )
00000308: 14.8891   (Y': 14.0771   Cb: 14.435    Cr: 16.5374 )
00000311: 14.842    (Y': 13.9777   Cb: 14.4234   Cr: 16.526  )
00000305: 14.9973   (Y': 14.2045   Cb: 14.535    Cr: 16.625  )
00000306: 14.9631   (Y': 14.1537   Cb: 14.4997   Cr: 16.6218 )
00000309: 14.8811   (Y': 14.0547   Cb: 14.4393   Cr: 16.5348 )
00000310: 14.8503   (Y': 13.9879   Cb: 14.4284   Cr: 16.5358 )
00000315: 14.8568   (Y': 13.9495   Cb: 14.4672   Cr: 16.5717 )
00000314: 14.8455   (Y': 13.9457   Cb: 14.4462   Cr: 16.5622 )
00000316: 14.8638   (Y': 13.9544   Cb: 14.4671   Cr: 16.5939 )
00000317: 14.9071   (Y': 13.996    Cb: 14.527    Cr: 16.6132 )
00000313: 14.8147   (Y': 13.934    Cb: 14.4032   Cr: 16.5167 )
00000312: 14.8168   (Y': 13.9417   Cb: 14.4071   Cr: 16.5057 )
00000318: 15.0944   (Y': 14.1895   Cb: 14.7533   Cr: 16.7274 )
00000324: 15.5789   (Y': 14.6319   Cb: 15.3655   Cr: 17.0908 )
00000322: 15.2617   (Y': 14.326    Cb: 14.9651   Cr: 16.8803 )
00000323: 15.3563   (Y': 14.417    Cb: 15.0798   Cr: 16.9503 )
00000319: 15.1461   (Y': 14.2267   Cb: 14.8122   Cr: 16.7934 )
00000325: 15.6544   (Y': 14.7098   Cb: 15.447    Cr: 17.153  )
00000320: 15.1903   (Y': 14.2659   Cb: 14.8773   Cr: 16.8139 )
00000321: 15.1898   (Y': 14.26     Cb: 14.8836   Cr: 16.8127 )
00000326: 15.752    (Y': 14.8221   Cb: 15.538    Cr: 17.2352 )
00000327: 15.7855   (Y': 14.8325   Cb: 15.6081   Cr: 17.2551 )
00000328: 15.8788   (Y': 14.9345   Cb: 15.7224   Cr: 17.3026 )
00000331: 16.0267   (Y': 15.0086   Cb: 15.975    Cr: 17.4303 )
00000329: 15.903    (Y': 14.9247   Cb: 15.7735   Cr: 17.3473 )
00000333: 16.0656   (Y': 15.0304   Cb: 16.0937   Cr: 17.3893 )
00000332: 16.0572   (Y': 15.0218   Cb: 16.061    Cr: 17.4144 )
00000334: 16.0959   (Y': 15.0475   Cb: 16.1202   Cr: 17.4475 )
00000330: 15.9758   (Y': 14.9745   Cb: 15.909    Cr: 17.3712 )
00000335: 16.0898   (Y': 15.0294   Cb: 16.135    Cr: 17.4341 )
00000336: 16.071    (Y': 14.9703   Cb: 16.1567   Cr: 17.4315 )
00000337: 16.0619   (Y': 14.9455   Cb: 16.1839   Cr: 17.4014 )
00000338: 16.0321   (Y': 14.8558   Cb: 16.2143   Cr: 17.399  )
00000339: 16.0226   (Y': 14.8404   Cb: 16.2327   Cr: 17.3638 )
00000340: 15.9278   (Y': 14.7549   Cb: 16.1485   Cr: 17.2384 )
00000341: 15.9076   (Y': 14.7424   Cb: 16.1523   Cr: 17.1742 )
00000343: 15.8184   (Y': 14.6631   Cb: 16.0527   Cr: 17.0808 )
00000346: 15.67     (Y': 14.5907   Cb: 15.8312   Cr: 16.8943 )
00000342: 15.856    (Y': 14.7298   Cb: 16.0665   Cr: 17.0982 )
00000344: 15.7661   (Y': 14.6496   Cb: 15.968    Cr: 17.0021 )
00000345: 15.7311   (Y': 14.6162   Cb: 15.918    Cr: 16.9835 )
00000347: 15.6283   (Y': 14.5255   Cb: 15.7947   Cr: 16.8864 )
00000348: 15.5183   (Y': 14.4104   Cb: 15.6591   Cr: 16.8184 )
00000349: 15.4633   (Y': 14.3682   Cb: 15.5819   Cr: 16.7699 )
00000350: 15.3294   (Y': 14.2742   Cb: 15.4152   Cr: 16.6108 )
00000351: 15.2635   (Y': 14.2208   Cb: 15.3378   Cr: 16.5382 )
00000353: 15.0614   (Y': 14.0094   Cb: 15.0913   Cr: 16.4119 )
00000352: 15.1081   (Y': 14.0702   Cb: 15.1364   Cr: 16.4364 )
00000354: 15.0172   (Y': 13.9675   Cb: 15.0369   Cr: 16.3775 )
00000358: 15.0939   (Y': 13.9774   Cb: 15.1614   Cr: 16.5069 )
00000355: 15.0112   (Y': 13.9735   Cb: 15.0171   Cr: 16.3694 )
00000356: 15.0177   (Y': 13.9623   Cb: 15.0319   Cr: 16.3955 )
00000357: 15.0377   (Y': 13.9553   Cb: 15.0863   Cr: 16.4159 )
00000359: 15.1109   (Y': 13.9699   Cb: 15.1921   Cr: 16.5495 )
00000363: 15.3857   (Y': 14.1013   Cb: 15.6034   Cr: 16.905  )
00000364: 15.5017   (Y': 14.2316   Cb: 15.7518   Cr: 16.951  )
00000362: 15.3559   (Y': 14.1063   Cb: 15.5411   Cr: 16.8532 )
00000365: 15.6125   (Y': 14.3102   Cb: 15.8865   Cr: 17.0909 )
00000361: 15.2353   (Y': 14.0257   Cb: 15.3856   Cr: 16.7054 )
00000366: 15.7873   (Y': 14.4667   Cb: 16.0767   Cr: 17.2803 )
00000367: 15.869    (Y': 14.5581   Cb: 16.1484   Cr: 17.3567 )
00000360: 15.1933   (Y': 14.0259   Cb: 15.3209   Cr: 16.6166 )
00000369: 16.1322   (Y': 14.7516   Cb: 16.5214   Cr: 17.6103 )
00000372: 16.5868   (Y': 15.2012   Cb: 17.0205   Cr: 18.0182 )
00000370: 16.3164   (Y': 14.9963   Cb: 16.6926   Cr: 17.6966 )
00000371: 16.4186   (Y': 15.0657   Cb: 16.8219   Cr: 17.8261 )
00000368: 16.0513   (Y': 14.669    Cb: 16.4431   Cr: 17.5295 )
00000373: 16.6225   (Y': 15.2303   Cb: 17.0611   Cr: 18.0602 )
00000374: 16.7815   (Y': 15.3765   Cb: 17.2659   Cr: 18.1869 )
00000375: 16.8501   (Y': 15.4515   Cb: 17.3477   Cr: 18.2268 )
00000378: 17.0369   (Y': 15.5587   Cb: 17.6281   Cr: 18.4528 )
00000377: 16.9738   (Y': 15.503    Cb: 17.5482   Cr: 18.3953 )
00000379: 16.9989   (Y': 15.5259   Cb: 17.6121   Cr: 18.3781 )
00000380: 16.854    (Y': 15.4233   Cb: 17.4107   Cr: 18.2202 )
00000382: 16.7076   (Y': 15.1883   Cb: 17.3759   Cr: 18.1115 )
00000381: 16.7541   (Y': 15.3518   Cb: 17.3256   Cr: 18.0489 )
00000376: 16.9324   (Y': 15.4712   Cb: 17.4976   Cr: 18.3465 )
00000383: 16.7362   (Y': 15.2039   Cb: 17.3944   Cr: 18.1778 )
00000384: 16.7626   (Y': 15.2766   Cb: 17.3788   Cr: 18.1634 )
00000385: 16.8394   (Y': 15.3642   Cb: 17.4755   Cr: 18.1959 )
00000386: 16.8604   (Y': 15.3946   Cb: 17.4697   Cr: 18.2306 )
00000387: 16.8454   (Y': 15.3938   Cb: 17.4552   Cr: 18.1878 )
00000390: 16.9827   (Y': 15.4758   Cb: 17.5982   Cr: 18.4253 )
00000388: 16.8135   (Y': 15.3333   Cb: 17.4239   Cr: 18.2101 )
00000389: 16.8728   (Y': 15.3336   Cb: 17.5219   Cr: 18.3391 )
00000391: 17.0806   (Y': 15.6085   Cb: 17.6787   Cr: 18.4763 )
00000396: 17.2214   (Y': 15.9963   Cb: 17.5688   Cr: 18.4649 )
00000398: 16.9192   (Y': 15.8394   Cb: 17.1362   Cr: 18.0741 )
00000392: 17.1653   (Y': 15.7182   Cb: 17.7963   Cr: 18.4742 )
00000399: 16.8047   (Y': 15.6832   Cb: 16.9873   Cr: 18.0745 )
00000393: 17.2108   (Y': 15.7889   Cb: 17.7849   Cr: 18.5392 )
00000394: 17.2893   (Y': 15.93     Cb: 17.8027   Cr: 18.5736 )
00000400: 16.7398   (Y': 15.6604   Cb: 16.8255   Cr: 18.0626 )
00000395: 17.3307   (Y': 16.0061   Cb: 17.8036   Cr: 18.6002 )
00000402: 15.9511   (Y': 14.8001   Cb: 15.7759   Cr: 17.786  )
00000397: 17.1292   (Y': 15.9953   Cb: 17.3956   Cr: 18.3143 )
00000404: 15.8826   (Y': 14.7656   Cb: 15.6929   Cr: 17.6738 )
00000401: 16.6973   (Y': 15.6272   Cb: 16.7872   Cr: 17.9988 )
00000403: 16.6332   (Y': 15.4033   Cb: 16.6317   Cr: 18.3575 )
00000405: 15.9257   (Y': 14.8387   Cb: 15.7533   Cr: 17.6321 )
00000411: 15.842    (Y': 14.7237   Cb: 15.8723   Cr: 17.3097 )
00000413: 15.3226   (Y': 14.3085   Cb: 15.3039   Cr: 16.6735 )
00000410: 15.9149   (Y': 14.7999   Cb: 15.9279   Cr: 17.4005 )
00000409: 16.2521   (Y': 15.1279   Cb: 16.3058   Cr: 17.698  )
00000407: 16.2318   (Y': 15.0357   Cb: 16.2097   Cr: 17.9206 )
00000408: 16.4243   (Y': 15.2696   Cb: 16.5026   Cr: 17.8916 )
00000406: 16.0596   (Y': 14.862    Cb: 16.0134   Cr: 17.7874 )
00000412: 15.4453   (Y': 14.3879   Cb: 15.4388   Cr: 16.8551 )
00000416: 15.2258   (Y': 14.1771   Cb: 15.2789   Cr: 16.5391 )
00000414: 15.2207   (Y': 14.1937   Cb: 15.1993   Cr: 16.5978 )
00000415: 15.2158   (Y': 14.1641   Cb: 15.2487   Cr: 16.5616 )
00000417: 15.1476   (Y': 14.0902   Cb: 15.186    Cr: 16.4958 )
00000420: 15.1341   (Y': 14.0992   Cb: 15.1176   Cr: 16.5182 )
00000419: 15.1337   (Y': 14.0797   Cb: 15.1485   Cr: 16.5081 )
00000418: 15.1005   (Y': 14.0313   Cb: 15.1064   Cr: 16.5139 )
00000426: 14.8942   (Y': 13.8885   Cb: 14.8028   Cr: 16.3319 )
00000422: 15.0499   (Y': 14.0261   Cb: 15.0287   Cr: 16.421  )
00000423: 15        (Y': 13.9713   Cb: 14.9704   Cr: 16.3912 )
00000424: 14.9179   (Y': 13.8941   Cb: 14.8724   Cr: 16.3227 )
00000427: 14.8474   (Y': 13.8484   Cb: 14.729    Cr: 16.312  )
00000421: 15.0853   (Y': 14.0626   Cb: 15.0725   Cr: 16.4431 )
00000425: 14.9167   (Y': 13.8942   Cb: 14.872    Cr: 16.3183 )
00000431: 14.8019   (Y': 13.8103   Cb: 14.6597   Cr: 16.288  )
00000429: 14.8577   (Y': 13.8601   Cb: 14.719    Cr: 16.3491 )
00000428: 14.8569   (Y': 13.8567   Cb: 14.738    Cr: 16.3244 )
00000430: 14.8004   (Y': 13.7927   Cb: 14.6767   Cr: 16.2881 )
00000432: 14.7292   (Y': 13.7376   Cb: 14.5892   Cr: 16.212  )
00000435: 14.628    (Y': 13.6462   Cb: 14.4836   Cr: 16.0998 )
00000434: 14.6463   (Y': 13.6471   Cb: 14.52     Cr: 16.1226 )
00000433: 14.7101   (Y': 13.7247   Cb: 14.5706   Cr: 16.1813 )
00000437: 14.5626   (Y': 13.5985   Cb: 14.4063   Cr: 16.0207 )
00000440: 14.4364   (Y': 13.5241   Cb: 14.2546   Cr: 15.8422 )
00000442: 14.5259   (Y': 13.6126   Cb: 14.33     Cr: 15.9538 )
00000441: 14.3544   (Y': 13.4648   Cb: 14.1621   Cr: 15.7369 )
00000439: 14.5041   (Y': 13.5886   Cb: 14.3333   Cr: 15.8994 )
00000436: 14.5782   (Y': 13.5992   Cb: 14.4313   Cr: 16.049  )
00000438: 14.5192   (Y': 13.5929   Cb: 14.3491   Cr: 15.9317 )
00000444: 14.5835   (Y': 13.67     Cb: 14.4192   Cr: 15.9664 )
00000446: 14.6236   (Y': 13.7302   Cb: 14.4813   Cr: 15.9412 )
00000443: 14.5707   (Y': 13.6728   Cb: 14.3685   Cr: 15.9814 )
00000447: 14.6764   (Y': 13.7637   Cb: 14.5377   Cr: 16.0213 )
00000445: 14.573    (Y': 13.6902   Cb: 14.3833   Cr: 15.94   )
00000449: 14.7809   (Y': 13.8568   Cb: 14.6617   Cr: 16.1177 )
00000448: 14.7342   (Y': 13.8116   Cb: 14.6152   Cr: 16.0681 )
00000451: 14.8259   (Y': 13.9256   Cb: 14.7172   Cr: 16.1084 )
00000450: 14.781    (Y': 13.8786   Cb: 14.6785   Cr: 16.0584 )
00000452: 14.8865   (Y': 13.979    Cb: 14.7806   Cr: 16.1769 )
00000455: 14.9783   (Y': 14.0288   Cb: 14.9026   Cr: 16.2975 )
00000453: 14.8886   (Y': 13.9658   Cb: 14.8082   Cr: 16.1696 )
00000456: 15.0498   (Y': 14.076    Cb: 14.9926   Cr: 16.3846 )
00000454: 14.9755   (Y': 14.0369   Cb: 14.899    Cr: 16.2777 )
00000459: 15.2304   (Y': 14.2264   Cb: 15.1677   Cr: 16.6246 )
00000460: 15.3158   (Y': 14.3043   Cb: 15.2414   Cr: 16.7399 )
00000457: 15.1063   (Y': 14.1315   Cb: 15.0501   Cr: 16.4414 )
00000458: 15.2092   (Y': 14.1967   Cb: 15.1434   Cr: 16.6227 )
00000462: 15.4572   (Y': 14.3973   Cb: 15.3969   Cr: 16.9473 )
00000464: 15.5296   (Y': 14.4944   Cb: 15.4383   Cr: 17.0196 )
00000465: 15.5526   (Y': 14.5227   Cb: 15.4587   Cr: 17.0371 )
00000461: 15.3665   (Y': 14.3558   Cb: 15.2938   Cr: 16.7864 )
00000469: 15.6921   (Y': 14.5108   Cb: 15.7525   Cr: 17.2337 )
00000463: 15.4798   (Y': 14.4542   Cb: 15.3926   Cr: 16.947  )
00000467: 15.6036   (Y': 14.4756   Cb: 15.6254   Cr: 17.1006 )
00000466: 15.5913   (Y': 14.4769   Cb: 15.5662   Cr: 17.13   )
00000471: 15.7435   (Y': 14.5044   Cb: 15.8851   Cr: 17.2805 )
00000468: 15.6578   (Y': 14.5101   Cb: 15.6743   Cr: 17.1986 )
00000472: 15.7955   (Y': 14.5036   Cb: 15.9894   Cr: 17.3617 )
00000470: 15.6954   (Y': 14.4799   Cb: 15.8212   Cr: 17.21   )
00000473: 15.795    (Y': 14.4672   Cb: 16.034    Cr: 17.3693 )
00000475: 15.8841   (Y': 14.471    Cb: 16.1876   Cr: 17.5405 )
00000474: 15.877    (Y': 14.4955   Cb: 16.165    Cr: 17.4907 )
00000476: 15.9828   (Y': 14.5601   Cb: 16.3287   Cr: 17.6009 )
00000477: 16.0094   (Y': 14.5396   Cb: 16.3841   Cr: 17.6847 )
00000478: 16.1383   (Y': 14.6303   Cb: 16.586    Cr: 17.7952 )
00000479: 16.2191   (Y': 14.715    Cb: 16.6644   Cr: 17.8711 )
00000480: 16.3136   (Y': 14.7803   Cb: 16.8066   Cr: 17.9635 )
00000481: 16.3882   (Y': 14.8469   Cb: 16.9368   Cr: 17.9833 )
00000482: 16.4544   (Y': 14.852    Cb: 17.0649   Cr: 18.0982 )
00000483: 16.4809   (Y': 14.8696   Cb: 17.0944   Cr: 18.1398 )
00000484: 16.5458   (Y': 14.8833   Cb: 17.2693   Cr: 18.1758 )
00000486: 16.6588   (Y': 14.8957   Cb: 17.537    Cr: 18.319  )
00000489: 16.7998   (Y': 15.0569   Cb: 17.7504   Cr: 18.3317 )
00000487: 16.6957   (Y': 14.9367   Cb: 17.6156   Cr: 18.2977 )
00000488: 16.7944   (Y': 15.0527   Cb: 17.766    Cr: 18.2998 )
00000490: 16.8612   (Y': 15.1343   Cb: 17.8211   Cr: 18.3486 )
00000485: 16.5898   (Y': 14.9083   Cb: 17.3514   Cr: 18.2137 )
00000492: 16.8701   (Y': 15.1788   Cb: 17.7875   Cr: 18.3315 )
00000491: 16.8505   (Y': 15.1016   Cb: 17.8191   Cr: 18.3745 )
00000493: 16.8252   (Y': 15.1773   Cb: 17.7101   Cr: 18.2346 )
00000494: 16.8713   (Y': 15.1834   Cb: 17.74     Cr: 18.3812 )
00000495: 16.8752   (Y': 15.1456   Cb: 17.8172   Cr: 18.3883 )
00000496: 16.7236   (Y': 15.0958   Cb: 17.6065   Cr: 18.095  )
00000497: 16.6151   (Y': 15.0253   Cb: 17.5069   Cr: 17.9018 )
00000498: 16.4877   (Y': 14.9876   Cb: 17.3144   Cr: 17.675  )
00000499: 16.3314   (Y': 14.8662   Cb: 17.0701   Cr: 17.5513 )
00000500: 16.1591   (Y': 14.7717   Cb: 16.7602   Cr: 17.3919 )
00000501: 16.0572   (Y': 14.7429   Cb: 16.5609   Cr: 17.2713 )
00000502: 15.7494   (Y': 14.5519   Cb: 16.111    Cr: 16.9278 )
00000503: 15.6431   (Y': 14.4963   Cb: 15.9459   Cr: 16.8058 )
00000504: 15.2646   (Y': 14.2532   Cb: 15.4438   Cr: 16.3538 )
00000505: 14.7606   (Y': 13.9975   Cb: 14.7488   Cr: 15.7015 )
00000507: 14.53     (Y': 13.8844   Cb: 14.3659   Cr: 15.4924 )
00000508: 14.522    (Y': 13.884    Cb: 14.3533   Cr: 15.4796 )
00000511: 15.4209   (Y': 14.583    Cb: 15.5327   Cr: 16.322  )
00000506: 14.6145   (Y': 13.9211   Cb: 14.5214   Cr: 15.5552 )
00000509: 14.5935   (Y': 14.0211   Cb: 14.4033   Cr: 15.4855 )
00000512: 15.5235   (Y': 14.7092   Cb: 15.5951   Cr: 16.4382 )
00000515: 14.7427   (Y': 14.0978   Cb: 14.582    Cr: 15.6998 )
00000513: 15.2439   (Y': 14.5283   Cb: 15.1988   Cr: 16.1569 )
00000510: 14.8157   (Y': 14.1519   Cb: 14.7385   Cr: 15.6938 )
00000518: 14.6238   (Y': 13.9842   Cb: 14.4604   Cr: 15.5769 )
00000514: 14.9807   (Y': 14.337    Cb: 14.8598   Cr: 15.8851 )
00000516: 14.8065   (Y': 14.1424   Cb: 14.6662   Cr: 15.765  )
00000517: 14.6926   (Y': 14.0536   Cb: 14.535    Cr: 15.6374 )
00000521: 14.1771   (Y': 13.6715   Cb: 13.8912   Cr: 15.1003 )
00000520: 14.3233   (Y': 13.7542   Cb: 14.1059   Cr: 15.2456 )
00000519: 14.4081   (Y': 13.8145   Cb: 14.2208   Cr: 15.3262 )
00000522: 14.1406   (Y': 13.6305   Cb: 13.8514   Cr: 15.0744 )
00000523: 14.0665   (Y': 13.5695   Cb: 13.7429   Cr: 15.0278 )
00000524: 14.0238   (Y': 13.546    Cb: 13.7006   Cr: 14.9582 )
00000525: 13.9534   (Y': 13.4878   Cb: 13.6315   Cr: 14.8692 )
00000526: 13.953    (Y': 13.4744   Cb: 13.6402   Cr: 14.8748 )
00000527: 13.9284   (Y': 13.4378   Cb: 13.6143   Cr: 14.8682 )
00000528: 13.9312   (Y': 13.4311   Cb: 13.6215   Cr: 14.8783 )
00000529: 13.9295   (Y': 13.4174   Cb: 13.6397   Cr: 14.867  )
00000530: 13.9232   (Y': 13.4025   Cb: 13.639    Cr: 14.8652 )
00000531: 13.8857   (Y': 13.3866   Cb: 13.5928   Cr: 14.8093 )
00000532: 13.8783   (Y': 13.3759   Cb: 13.5863   Cr: 14.8054 )
00000534: 13.8029   (Y': 13.3048   Cb: 13.5101   Cr: 14.7247 )
00000533: 13.8468   (Y': 13.3392   Cb: 13.5671   Cr: 14.7647 )
00000535: 13.777    (Y': 13.3254   Cb: 13.4328   Cr: 14.7032 )
00000537: 13.8244   (Y': 13.4073   Cb: 13.4656   Cr: 14.7231 )
00000538: 13.8448   (Y': 13.4081   Cb: 13.4975   Cr: 14.7549 )
00000539: 13.8444   (Y': 13.4015   Cb: 13.5097   Cr: 14.7459 )
00000536: 13.8146   (Y': 13.368    Cb: 13.4706   Cr: 14.7336 )
00000540: 13.8388   (Y': 13.4002   Cb: 13.4914   Cr: 14.7515 )
00000541: 13.8369   (Y': 13.4037   Cb: 13.5028   Cr: 14.7245 )
00000542: 13.813    (Y': 13.3723   Cb: 13.4685   Cr: 14.7247 )
00000543: 13.7763   (Y': 13.3801   Cb: 13.4164   Cr: 14.6484 )
00000544: 13.7837   (Y': 13.3857   Cb: 13.4179   Cr: 14.6659 )
00000546: 13.7768   (Y': 13.3939   Cb: 13.4013   Cr: 14.6518 )
00000547: 13.7652   (Y': 13.3688   Cb: 13.3912   Cr: 14.6564 )
00000548: 13.7613   (Y': 13.372    Cb: 13.3991   Cr: 14.6272 )
00000545: 13.7877   (Y': 13.4018   Cb: 13.4096   Cr: 14.6702 )
00000549: 13.7863   (Y': 13.3952   Cb: 13.4154   Cr: 14.6662 )
00000550: 13.8238   (Y': 13.417    Cb: 13.4734   Cr: 14.6975 )
00000551: 13.9389   (Y': 13.4995   Cb: 13.6094   Cr: 14.8288 )
00000552: 14.0271   (Y': 13.5667   Cb: 13.7335   Cr: 14.8983 )
00000555: 14.5149   (Y': 13.9108   Cb: 14.3711   Cr: 15.3924 )
00000554: 14.3572   (Y': 13.7926   Cb: 14.1713   Cr: 15.2327 )
00000553: 14.2531   (Y': 13.697    Cb: 14.0662   Cr: 15.118  )
00000557: 14.693    (Y': 14.0616   Cb: 14.6001   Cr: 15.5447 )
00000556: 14.5816   (Y': 13.9506   Cb: 14.4373   Cr: 15.4977 )
00000558: 14.723    (Y': 14.0788   Cb: 14.6295   Cr: 15.5938 )
00000562: 15.0179   (Y': 14.3158   Cb: 14.9802   Cr: 15.902  )
00000560: 14.9005   (Y': 14.2087   Cb: 14.8488   Cr: 15.787  )
00000563: 15.0944   (Y': 14.376    Cb: 15.0808   Cr: 15.9721 )
00000561: 14.9713   (Y': 14.2888   Cb: 14.8985   Cr: 15.8707 )
00000559: 14.8533   (Y': 14.1981   Cb: 14.776    Cr: 15.7196 )
00000567: 15.3353   (Y': 14.4681   Cb: 15.3559   Cr: 16.3936 )
00000564: 15.1376   (Y': 14.3688   Cb: 15.1644   Cr: 16.0393 )
00000565: 15.1816   (Y': 14.3904   Cb: 15.204    Cr: 16.1219 )
00000566: 15.2238   (Y': 14.4049   Cb: 15.2537   Cr: 16.1964 )
00000569: 15.4524   (Y': 14.4547   Cb: 15.5133   Cr: 16.6692 )
00000568: 15.3586   (Y': 14.4513   Cb: 15.3855   Cr: 16.472  )
00000570: 15.5454   (Y': 14.5107   Cb: 15.6238   Cr: 16.8013 )
00000571: 15.5121   (Y': 14.4407   Cb: 15.5875   Cr: 16.8351 )
00000573: 15.5939   (Y': 14.4441   Cb: 15.7375   Cr: 16.9643 )
00000575: 15.6766   (Y': 14.4831   Cb: 15.8868   Cr: 17.0378 )
00000572: 15.5147   (Y': 14.446    Cb: 15.5923   Cr: 16.8301 )
00000574: 15.6864   (Y': 14.4917   Cb: 15.8806   Cr: 17.0705 )
00000576: 15.7316   (Y': 14.5071   Cb: 15.9847   Cr: 17.0929 )
00000577: 15.8211   (Y': 14.5607   Cb: 16.0778   Cr: 17.2435 )
00000578: 15.7994   (Y': 14.5185   Cb: 16.0561   Cr: 17.2603 )
00000579: 15.9047   (Y': 14.6357   Cb: 16.1567   Cr: 17.3495 )
00000582: 16.0561   (Y': 14.6972   Cb: 16.403    Cr: 17.5471 )
00000581: 16.037    (Y': 14.7012   Cb: 16.341    Cr: 17.5399 )
00000580: 15.9817   (Y': 14.6434   Cb: 16.2795   Cr: 17.4976 )
00000587: 15.9412   (Y': 14.3875   Cb: 16.419    Cr: 17.6545 )
00000583: 15.8484   (Y': 14.4464   Cb: 16.1882   Cr: 17.4331 )
00000585: 15.8708   (Y': 14.3797   Cb: 16.254    Cr: 17.5791 )
00000584: 15.7925   (Y': 14.3583   Cb: 16.1258   Cr: 17.4507 )
00000588: 16.034    (Y': 14.4901   Cb: 16.4913   Cr: 17.7534 )
00000586: 15.9713   (Y': 14.4594   Cb: 16.4164   Cr: 17.64   )
00000589: 16.2183   (Y': 14.6634   Cb: 16.7192   Cr: 17.9031 )
00000590: 16.3057   (Y': 14.7632   Cb: 16.8065   Cr: 17.9648 )
00000592: 16.4745   (Y': 14.8995   Cb: 17.0397   Cr: 18.1181 )
00000593: 16.6321   (Y': 14.9953   Cb: 17.2369   Cr: 18.3566 )
00000591: 16.4006   (Y': 14.8601   Cb: 16.9414   Cr: 18.0037 )
00000595: 16.8106   (Y': 15.0734   Cb: 17.5024   Cr: 18.6455 )
00000594: 16.6636   (Y': 15.0258   Cb: 17.248    Cr: 18.4171 )
00000596: 16.7858   (Y': 15.065    Cb: 17.4507   Cr: 18.6184 )
00000597: 16.9132   (Y': 15.2211   Cb: 17.6204   Cr: 18.6276 )
00000598: 16.946    (Y': 15.2863   Cb: 17.6601   Cr: 18.5817 )
00000599: 17.0649   (Y': 15.4275   Cb: 17.743    Cr: 18.6979 )
00000600: 16.9791   (Y': 15.2835   Cb: 17.6631   Cr: 18.7306 )
00000601: 16.9012   (Y': 15.0916   Cb: 17.7159   Cr: 18.7446 )
00000602: 16.9208   (Y': 15.0977   Cb: 17.7552   Cr: 18.7703 )
00000603: 16.8903   (Y': 15.009    Cb: 17.7449   Cr: 18.8527 )
00000604: 16.8962   (Y': 14.9602   Cb: 17.7856   Cr: 18.9477 )
00000605: 16.9581   (Y': 15.0158   Cb: 17.8399   Cr: 19.0359 )
00000606: 16.9836   (Y': 15.0306   Cb: 17.8812   Cr: 19.0674 )
00000610: 17.0938   (Y': 15.1054   Cb: 17.9562   Cr: 19.3168 )
00000607: 16.9943   (Y': 15.0281   Cb: 17.8799   Cr: 19.1278 )
00000609: 17.0903   (Y': 15.1194   Cb: 17.9277   Cr: 19.3012 )
00000608: 16.9639   (Y': 14.992    Cb: 17.8106   Cr: 19.1646 )
00000611: 17.1269   (Y': 15.1217   Cb: 18.0139   Cr: 19.3601 )
00000615: 17.0184   (Y': 14.9767   Cb: 17.7913   Cr: 19.5147 )
00000612: 17.1086   (Y': 15.104    Cb: 17.9494   Cr: 19.4039 )
00000613: 16.9979   (Y': 14.979    Cb: 17.8017   Cr: 19.3848 )
00000616: 17.0198   (Y': 14.9343   Cb: 17.8142   Cr: 19.6099 )
00000614: 17.0417   (Y': 15.0293   Cb: 17.8428   Cr: 19.4147 )
00000620: 17.0152   (Y': 14.9369   Cb: 17.7362   Cr: 19.6975 )
00000617: 16.9819   (Y': 14.8556   Cb: 17.7954   Cr: 19.6648 )
00000618: 16.9817   (Y': 14.8481   Cb: 17.7724   Cr: 19.7223 )
00000619: 16.9948   (Y': 14.9137   Cb: 17.7054   Cr: 19.7018 )
00000621: 16.976    (Y': 14.9243   Cb: 17.648    Cr: 19.6561 )
00000622: 17.0279   (Y': 15.0312   Cb: 17.6697   Cr: 19.595  )
00000623: 17.0389   (Y': 15.0693   Cb: 17.6672   Cr: 19.5505 )
00000624: 17.0771   (Y': 15.1027   Cb: 17.7422   Cr: 19.5459 )
00000625: 17.1293   (Y': 15.2207   Cb: 17.7758   Cr: 19.4475 )
00000626: 17.1938   (Y': 15.2952   Cb: 17.9088   Cr: 19.3872 )
00000628: 17.3081   (Y': 15.4182   Cb: 18.1081   Cr: 19.3633 )
00000630: 17.3403   (Y': 15.5471   Cb: 18.0406   Cr: 19.2941 )
00000629: 17.2995   (Y': 15.469    Cb: 17.9771   Cr: 19.3737 )
00000627: 17.271    (Y': 15.3637   Cb: 18.0975   Cr: 19.3339 )
00000631: 17.327    (Y': 15.5306   Cb: 18.0742   Cr: 19.2262 )
00000636: 17.3766   (Y': 15.6706   Cb: 17.9537   Cr: 19.2928 )
00000634: 17.3301   (Y': 15.6217   Cb: 17.946    Cr: 19.199  )
00000632: 17.3449   (Y': 15.5477   Cb: 18.0949   Cr: 19.2423 )
00000635: 17.2081   (Y': 15.5207   Cb: 17.7939   Cr: 19.0696 )
00000633: 17.3112   (Y': 15.6206   Cb: 17.9128   Cr: 19.159  )
00000637: 17.243    (Y': 15.5485   Cb: 17.8503   Cr: 19.0921 )
00000638: 17.082    (Y': 15.4131   Cb: 17.694    Cr: 18.8677 )
00000641: 16.9096   (Y': 15.2568   Cb: 17.6146   Cr: 18.5417 )
00000639: 17.2342   (Y': 15.5786   Cb: 17.8879   Cr: 18.9368 )
00000640: 17.305    (Y': 15.6236   Cb: 18.0182   Cr: 18.9886 )
00000642: 16.7705   (Y': 15.133    Cb: 17.4206   Cr: 18.4385 )
00000644: 17.088    (Y': 15.3978   Cb: 17.6715   Cr: 18.9595 )
00000645: 16.8168   (Y': 15.2284   Cb: 17.1976   Cr: 18.7388 )
00000647: 16.8199   (Y': 15.2383   Cb: 17.3178   Cr: 18.5657 )
00000643: 17.047    (Y': 15.4077   Cb: 17.6229   Cr: 18.8146 )
00000646: 16.7009   (Y': 15.117    Cb: 17.1013   Cr: 18.585  )
00000649: 16.6522   (Y': 15.063    Cb: 17.1353   Cr: 18.4344 )
00000648: 16.8027   (Y': 15.2459   Cb: 17.2571   Cr: 18.5534 )
00000650: 16.4931   (Y': 14.9422   Cb: 16.9518   Cr: 18.2256 )
00000652: 16.2349   (Y': 14.6934   Cb: 16.6907   Cr: 17.9514 )
00000651: 16.3179   (Y': 14.7527   Cb: 16.7924   Cr: 18.0595 )
00000654: 15.954    (Y': 14.461    Cb: 16.3497   Cr: 17.6495 )
00000653: 16.042    (Y': 14.5493   Cb: 16.4496   Cr: 17.7206 )
00000655: 15.8747   (Y': 14.4097   Cb: 16.253    Cr: 17.5355 )
00000656: 15.9441   (Y': 14.4477   Cb: 16.3652   Cr: 17.6123 )
00000662: 16.5602   (Y': 15.0728   Cb: 17.0236   Cr: 18.1547 )
00000657: 16.0433   (Y': 14.596    Cb: 16.4033   Cr: 17.6926 )
00000661: 16.505    (Y': 15.0614   Cb: 16.9294   Cr: 18.0614 )
00000659: 16.3615   (Y': 14.9048   Cb: 16.8075   Cr: 17.9162 )
00000660: 16.4697   (Y': 15.0322   Cb: 16.8905   Cr: 18.019  )
00000658: 16.1369   (Y': 14.6913   Cb: 16.5214   Cr: 17.7496 )
00000663: 16.5836   (Y': 15.0514   Cb: 17.0769   Cr: 18.2312 )
00000669: 16.8597   (Y': 15.3609   Cb: 17.3784   Cr: 18.4061 )
00000666: 16.6823   (Y': 15.2017   Cb: 17.1205   Cr: 18.2957 )
00000665: 16.6343   (Y': 15.1154   Cb: 17.1129   Cr: 18.2734 )
00000668: 16.785    (Y': 15.3144   Cb: 17.3037   Cr: 18.2749 )
00000664: 16.6036   (Y': 15.0915   Cb: 17.0453   Cr: 18.277  )
00000667: 16.8213   (Y': 15.3294   Cb: 17.3658   Cr: 18.3215 )
00000670: 16.8378   (Y': 15.3055   Cb: 17.3834   Cr: 18.4181 )
00000671: 16.9032   (Y': 15.3558   Cb: 17.4543   Cr: 18.5076 )
00000672: 16.8402   (Y': 15.2905   Cb: 17.3715   Cr: 18.4749 )
00000673: 16.9061   (Y': 15.3125   Cb: 17.4706   Cr: 18.5899 )
00000674: 16.9419   (Y': 15.3435   Cb: 17.5049   Cr: 18.6381 )
00000675: 17.004    (Y': 15.3263   Cb: 17.6462   Cr: 18.7695 )
00000676: 17.1136   (Y': 15.4439   Cb: 17.7479   Cr: 18.872  )
00000678: 17.0595   (Y': 15.381    Cb: 17.6458   Cr: 18.9004 )
00000677: 17.0733   (Y': 15.4001   Cb: 17.6439   Cr: 18.9234 )
00000679: 17.1507   (Y': 15.396    Cb: 17.762    Cr: 19.1337 )
00000683: 17.0302   (Y': 15.3662   Cb: 17.4482   Cr: 19.0725 )
00000685: 16.8416   (Y': 15.1794   Cb: 17.2545   Cr: 18.8868 )
00000680: 17.1468   (Y': 15.3994   Cb: 17.7364   Cr: 19.1424 )
00000684: 17.0012   (Y': 15.3596   Cb: 17.4176   Cr: 18.9936 )
00000682: 17.0837   (Y': 15.4131   Cb: 17.5546   Cr: 19.0654 )
00000681: 17.1098   (Y': 15.3938   Cb: 17.6336   Cr: 19.1228 )
00000686: 16.8406   (Y': 15.1942   Cb: 17.2244   Cr: 18.8915 )
00000689: 16.7648   (Y': 15.0862   Cb: 17.1145   Cr: 18.9438 )
00000688: 16.7466   (Y': 15.0965   Cb: 17.0855   Cr: 18.8728 )
00000687: 16.753    (Y': 15.1229   Cb: 17.1317   Cr: 18.7734 )
00000690: 16.7447   (Y': 15.0705   Cb: 17.0768   Cr: 18.9394 )
00000693: 16.6365   (Y': 15.0913   Cb: 16.8533   Cr: 18.7027 )
00000694: 16.6479   (Y': 15.0915   Cb: 16.8621   Cr: 18.7442 )
00000692: 16.7497   (Y': 15.1737   Cb: 16.9676   Cr: 18.8862 )
00000695: 16.5647   (Y': 14.9774   Cb: 16.8508   Cr: 18.6231 )
00000691: 16.7385   (Y': 15.114    Cb: 17.0076   Cr: 18.9105 )
00000696: 16.5423   (Y': 14.9059   Cb: 16.9647   Cr: 18.5138 )
00000697: 17.1436   (Y': 15.4943   Cb: 17.6415   Cr: 19.0389 )
00000698: 17.247    (Y': 15.4413   Cb: 17.8489   Cr: 19.3665 )
00000699: 16.9388   (Y': 15.3061   Cb: 17.3694   Cr: 18.8904 )
00000700: 16.7183   (Y': 15.174    Cb: 16.9854   Cr: 18.7068 )
00000702: 16.424    (Y': 15.156    Cb: 16.3899   Cr: 18.2744 )
00000701: 16.4525   (Y': 15.1056   Cb: 16.5244   Cr: 18.3046 )
00000703: 16.2313   (Y': 14.853    Cb: 16.4285   Cr: 17.9648 )
00000704: 16.2364   (Y': 14.9191   Cb: 16.5039   Cr: 17.7523 )
00000708: 15.9148   (Y': 14.7321   Cb: 16.1211   Cr: 17.2617 )
00000709: 15.8725   (Y': 14.7915   Cb: 16.0337   Cr: 17.1    )
00000706: 16.0929   (Y': 14.8888   Cb: 16.3156   Cr: 17.457  )
00000707: 16.0464   (Y': 14.856    Cb: 16.2512   Cr: 17.4086 )
00000711: 15.7296   (Y': 14.7428   Cb: 15.8119   Cr: 16.9005 )
00000705: 16.1646   (Y': 14.924    Cb: 16.418    Cr: 17.555  )
00000710: 15.7846   (Y': 14.7354   Cb: 15.9192   Cr: 16.9923 )
00000715: 15.6793   (Y': 14.8245   Cb: 15.7255   Cr: 16.6861 )
00000712: 15.6978   (Y': 14.7754   Cb: 15.7352   Cr: 16.8219 )
00000713: 15.6755   (Y': 14.7825   Cb: 15.6273   Cr: 16.864  )
00000714: 15.6837   (Y': 14.804    Cb: 15.7267   Cr: 16.7332 )
00000716: 15.6041   (Y': 14.7715   Cb: 15.6786   Cr: 16.5425 )
00000717: 15.4905   (Y': 14.6611   Cb: 15.5527   Cr: 16.4391 )
00000718: 15.3534   (Y': 14.4885   Cb: 15.4254   Cr: 16.3437 )
00000719: 15.3533   (Y': 14.4638   Cb: 15.4582   Cr: 16.3412 )
00000720: 15.3535   (Y': 14.455    Cb: 15.4639   Cr: 16.3485 )
00000721: 15.3373   (Y': 14.354    Cb: 15.4737   Cr: 16.4342 )
00000722: 15.3342   (Y': 14.2224   Cb: 15.5041   Cr: 16.6033 )
00000723: 15.3256   (Y': 14.2131   Cb: 15.5414   Cr: 16.5374 )
00000724: 15.1665   (Y': 14.0956   Cb: 15.3929   Cr: 16.2954 )
00000727: 15.1013   (Y': 13.9401   Cb: 15.4258   Cr: 16.2622 )
00000726: 15.0668   (Y': 13.9177   Cb: 15.3812   Cr: 16.2191 )
00000725: 15.1366   (Y': 14.0602   Cb: 15.3799   Cr: 16.2537 )
00000728: 15.1196   (Y': 13.9443   Cb: 15.4529   Cr: 16.2938 )
00000731: 15.1814   (Y': 13.9933   Cb: 15.5518   Cr: 16.3328 )
00000730: 15.1859   (Y': 13.9704   Cb: 15.5884   Cr: 16.3461 )
00000729: 15.211    (Y': 14.03     Cb: 15.5824   Cr: 16.3493 )
00000732: 15.1368   (Y': 13.9532   Cb: 15.51     Cr: 16.277  )
00000734: 15.018    (Y': 13.8444   Cb: 15.3502   Cr: 16.1905 )
00000733: 15.0748   (Y': 13.9119   Cb: 15.411    Cr: 16.2245 )
00000735: 14.9646   (Y': 13.803    Cb: 15.289    Cr: 16.1262 )
00000736: 14.8262   (Y': 13.7282   Cb: 15.0832   Cr: 15.9624 )
00000739: 14.5759   (Y': 13.5641   Cb: 14.7561   Cr: 15.6646 )
00000737: 14.7861   (Y': 13.6935   Cb: 15.0549   Cr: 15.8988 )
00000741: 14.6792   (Y': 13.8169   Cb: 14.735    Cr: 15.6859 )
00000738: 14.6354   (Y': 13.6061   Cb: 14.8398   Cr: 15.7226 )
00000740: 14.8223   (Y': 13.9285   Cb: 14.9089   Cr: 15.8395 )
00000743: 14.3408   (Y': 13.3768   Cb: 14.4656   Cr: 15.4209 )
00000742: 14.3575   (Y': 13.3983   Cb: 14.4998   Cr: 15.4085 )
00000746: 14.2907   (Y': 13.3232   Cb: 14.4059   Cr: 15.3886 )
00000744: 14.3331   (Y': 13.3556   Cb: 14.4752   Cr: 15.4136 )
00000747: 14.2951   (Y': 13.3304   Cb: 14.406    Cr: 15.3937 )
00000745: 14.3298   (Y': 13.3702   Cb: 14.4612   Cr: 15.395  )
00000749: 14.5871   (Y': 13.7471   Cb: 14.6073   Cr: 15.6039 )
00000748: 14.736    (Y': 13.885    Cb: 14.7833   Cr: 15.7357 )
00000751: 14.2536   (Y': 13.2685   Cb: 14.372    Cr: 15.3757 )
00000750: 14.3185   (Y': 13.3988   Cb: 14.3982   Cr: 15.3847 )
00000752: 14.5888   (Y': 13.6837   Cb: 14.6494   Cr: 15.656  )
00000753: 14.5017   (Y': 13.6071   Cb: 14.5608   Cr: 15.5541 )
00000754: 14.3534   (Y': 13.3668   Cb: 14.4741   Cr: 15.475  )
00000757: 14.4985   (Y': 13.4841   Cb: 14.6532   Cr: 15.623  )
00000755: 14.3754   (Y': 13.3631   Cb: 14.5232   Cr: 15.5053 )
00000759: 14.5858   (Y': 13.5444   Cb: 14.7477   Cr: 15.7457 )
00000758: 14.5489   (Y': 13.5108   Cb: 14.7247   Cr: 15.6857 )
00000756: 14.4564   (Y': 13.4316   Cb: 14.6188   Cr: 15.5882 )
00000760: 14.6632   (Y': 13.5915   Cb: 14.8334   Cr: 15.8633 )
00000761: 14.6944   (Y': 13.6198   Cb: 14.8636   Cr: 15.9008 )
00000762: 14.7572   (Y': 13.6458   Cb: 14.95     Cr: 15.9964 )
00000763: 14.7865   (Y': 13.6808   Cb: 14.9742   Cr: 16.0224 )
00000766: 14.8444   (Y': 13.6842   Cb: 15.0443   Cr: 16.1593 )
00000765: 14.8177   (Y': 13.7014   Cb: 14.9889   Cr: 16.0931 )
00000764: 14.8261   (Y': 13.7072   Cb: 15.0086   Cr: 16.0915 )
00000767: 14.84     (Y': 13.6823   Cb: 15.03     Cr: 16.1631 )
00000768: 14.8507   (Y': 13.6674   Cb: 15.0624   Cr: 16.1915 )
00000769: 14.8476   (Y': 13.6668   Cb: 15.0621   Cr: 16.1804 )
00000770: 14.8651   (Y': 13.6801   Cb: 15.0713   Cr: 16.2162 )
00000771: 14.8934   (Y': 13.7006   Cb: 15.1112   Cr: 16.2433 )
00000773: 15.0382   (Y': 13.8036   Cb: 15.3077   Cr: 16.3969 )
00000775: 15.4504   (Y': 14.1383   Cb: 15.865    Cr: 16.768  )
00000772: 14.9529   (Y': 13.7371   Cb: 15.1933   Cr: 16.315  )
00000774: 15.3178   (Y': 14.0169   Cb: 15.7097   Cr: 16.643  )
00000776: 15.5751   (Y': 14.2318   Cb: 16.0746   Cr: 16.8469 )
00000777: 15.659    (Y': 14.339    Cb: 16.1811   Cr: 16.862  )
00000778: 15.9918   (Y': 14.6414   Cb: 16.5683   Cr: 17.1857 )
00000782: 16.197    (Y': 14.9759   Cb: 16.8424   Cr: 17.0938 )
00000779: 16.0977   (Y': 14.6709   Cb: 16.7351   Cr: 17.3614 )
00000781: 16.0914   (Y': 14.7247   Cb: 16.693    Cr: 17.2861 )
00000780: 16.1237   (Y': 14.6722   Cb: 16.7494   Cr: 17.447  )
00000784: 16.3453   (Y': 15.1294   Cb: 17.0158   Cr: 17.2072 )
00000783: 16.2118   (Y': 15.0027   Cb: 16.8475   Cr: 17.0996 )
00000787: 16.5246   (Y': 15.2705   Cb: 17.1782   Cr: 17.4669 )
00000785: 16.3685   (Y': 15.1499   Cb: 17.032    Cr: 17.2422 )
00000788: 16.6049   (Y': 15.249    Cb: 17.2849   Cr: 17.6921 )
00000786: 16.4631   (Y': 15.2061   Cb: 17.1083   Cr: 17.4194 )
00000791: 16.6175   (Y': 15.2159   Cb: 17.3035   Cr: 17.7797 )
00000790: 16.6526   (Y': 15.239    Cb: 17.3599   Cr: 17.8128 )
00000789: 16.6251   (Y': 15.218    Cb: 17.3078   Cr: 17.8008 )
00000792: 16.5524   (Y': 15.0819   Cb: 17.242    Cr: 17.8376 )
00000794: 16.2851   (Y': 14.8208   Cb: 16.9352   Cr: 17.6041 )
00000795: 16.1828   (Y': 14.7678   Cb: 16.7574   Cr: 17.4977 )
00000796: 16.0272   (Y': 14.7083   Cb: 16.4929   Cr: 17.295  )
00000793: 16.4915   (Y': 15.014    Cb: 17.1637   Cr: 17.8101 )
00000797: 15.8387   (Y': 14.5767   Cb: 16.2351   Cr: 17.0879 )
00000800: 14.6909   (Y': 14.0286   Cb: 14.6315   Cr: 15.5448 )
00000799: 14.7569   (Y': 14.0263   Cb: 14.7243   Cr: 15.6757 )
00000798: 15.631    (Y': 14.4368   Cb: 15.9677   Cr: 16.8336 )
00000803: 14.8184   (Y': 14.1428   Cb: 14.823    Cr: 15.6132 )
00000802: 14.7946   (Y': 14.1267   Cb: 14.7763   Cr: 15.6064 )
00000804: 14.9156   (Y': 14.2012   Cb: 14.9674   Cr: 15.7089 )
00000805: 14.9536   (Y': 14.2543   Cb: 14.9926   Cr: 15.7408 )
00000801: 14.692    (Y': 14.0327   Cb: 14.6226   Cr: 15.5542 )
00000808: 15.0945   (Y': 14.534    Cb: 15.067    Cr: 15.7704 )
00000807: 15.004    (Y': 14.3816   Cb: 15.0055   Cr: 15.7289 )
00000810: 15.2216   (Y': 14.7395   Cb: 15.169    Cr: 15.8243 )
00000806: 15.0091   (Y': 14.3679   Cb: 15.036    Cr: 15.7301 )
00000812: 15.4127   (Y': 14.9986   Cb: 15.3422   Cr: 15.9503 )
00000809: 15.1379   (Y': 14.6014   Cb: 15.0969   Cr: 15.7977 )
00000811: 15.2763   (Y': 14.84     Cb: 15.2067   Cr: 15.8405 )
00000813: 15.4144   (Y': 15.0546   Cb: 15.2992   Cr: 15.9364 )
00000814: 15.5158   (Y': 15.1362   Cb: 15.4221   Cr: 16.0372 )
00000815: 15.6037   (Y': 15.2351   Cb: 15.5047   Cr: 16.1176 )
00000816: 15.457    (Y': 15.0511   Cb: 15.3522   Cr: 16.0242 )
00000817: 15.4482   (Y': 15.0916   Cb: 15.3237   Cr: 15.977  )
00000818: 15.6267   (Y': 15.2727   Cb: 15.5154   Cr: 16.1372 )
00000819: 15.2833   (Y': 15.1136   Cb: 15.0568   Cr: 15.7091 )
00000820: 14.8642   (Y': 14.7611   Cb: 14.5475   Cr: 15.3203 )
00000821: 14.7998   (Y': 14.6846   Cb: 14.4815   Cr: 15.2715 )
00000822: 14.8506   (Y': 14.6744   Cb: 14.5623   Cr: 15.3569 )
00000824: 14.8288   (Y': 14.5472   Cb: 14.5967   Cr: 15.3933 )
00000823: 14.8803   (Y': 14.6815   Cb: 14.5957   Cr: 15.4089 )
00000826: 14.8791   (Y': 14.4813   Cb: 14.6849   Cr: 15.5426 )
00000827: 14.9418   (Y': 14.5552   Cb: 14.7654   Cr: 15.5694 )
00000828: 15.0253   (Y': 14.628    Cb: 14.8849   Cr: 15.6233 )
00000825: 14.7798   (Y': 14.4181   Cb: 14.5796   Cr: 15.4049 )
00000829: 15.088    (Y': 14.3481   Cb: 15.1533   Cr: 15.9014 )
00000830: 15.0423   (Y': 14.1342   Cb: 15.2292   Cr: 15.9598 )
00000831: 15.025    (Y': 14.1144   Cb: 15.2179   Cr: 15.939  )
00000833: 15.1162   (Y': 14.038    Cb: 15.4004   Cr: 16.1868 )
00000832: 15.0734   (Y': 14.067    Cb: 15.3179   Cr: 16.0756 )
00000834: 15.17     (Y': 14.0899   Cb: 15.4826   Cr: 16.2099 )
00000836: 15.1896   (Y': 14.0768   Cb: 15.5096   Cr: 16.2743 )
00000838: 15.0794   (Y': 14.0438   Cb: 15.3207   Cr: 16.132  )
00000835: 15.2004   (Y': 14.0977   Cb: 15.5041   Cr: 16.2878 )
00000837: 15.1439   (Y': 14.0517   Cb: 15.4423   Cr: 16.2205 )
00000839: 15.0484   (Y': 14.0169   Cb: 15.2885   Cr: 16.0956 )
00000840: 14.8893   (Y': 13.97     Cb: 15.0411   Cr: 15.8661 )
00000841: 14.7883   (Y': 13.8856   Cb: 14.9111   Cr: 15.7745 )
00000843: 14.5547   (Y': 13.7171   Cb: 14.6101   Cr: 15.5239 )
00000844: 14.468    (Y': 13.7397   Cb: 14.4549   Cr: 15.3594 )
00000842: 14.6039   (Y': 13.7345   Cb: 14.6858   Cr: 15.5889 )
00000846: 14.2551   (Y': 13.6167   Cb: 14.1651   Cr: 15.1133 )
00000845: 14.3711   (Y': 13.66     Cb: 14.3291   Cr: 15.2735 )
00000847: 14.2064   (Y': 13.6014   Cb: 14.0936   Cr: 15.0459 )
00000848: 14.1697   (Y': 13.611    Cb: 14.0178   Cr: 14.9938 )
00000854: 14.3356   (Y': 13.9331   Cb: 14.1243   Cr: 15.0259 )
00000861: 14.7473   (Y': 14.288    Cb: 14.6216   Cr: 15.407  )
00000849: 14.2359   (Y': 13.709    Cb: 14.0803   Cr: 15.0213 )
00000853: 14.357    (Y': 13.8992   Cb: 14.1822   Cr: 15.0744 )
00000856: 14.3907   (Y': 14.0396   Cb: 14.1683   Cr: 15.0291 )
00000855: 14.356    (Y': 13.9876   Cb: 14.1077   Cr: 15.0485 )
00000852: 14.3695   (Y': 13.881    Cb: 14.2214   Cr: 15.0945 )
00000860: 14.6774   (Y': 14.2265   Cb: 14.5397   Cr: 15.3406 )
00000851: 14.3457   (Y': 13.8548   Cb: 14.1884   Cr: 15.0851 )
00000850: 14.3041   (Y': 13.8052   Cb: 14.1465   Cr: 15.0544 )
00000862: 14.9091   (Y': 14.4036   Cb: 14.8031   Cr: 15.6053 )
00000859: 14.5253   (Y': 14.1387   Cb: 14.3336   Cr: 15.1714 )
00000863: 14.9611   (Y': 14.4239   Cb: 14.8874   Cr: 15.6606 )
00000858: 14.4832   (Y': 14.0967   Cb: 14.295    Cr: 15.1251 )
00000857: 14.4024   (Y': 14.0455   Cb: 14.1789   Cr: 15.0499 )
00000875: 15.8887   (Y': 14.8048   Cb: 16.1408   Cr: 17.0074 )
00000864: 15.0924   (Y': 14.4787   Cb: 15.068    Cr: 15.8362 )
00000865: 15.1354   (Y': 14.5119   Cb: 15.1063   Cr: 15.8983 )
00000873: 15.7553   (Y': 14.7617   Cb: 15.9406   Cr: 16.8083 )
00000869: 15.4917   (Y': 14.6799   Cb: 15.5718   Cr: 16.3922 )
00000871: 15.6336   (Y': 14.7428   Cb: 15.7453   Cr: 16.615  )
00000867: 15.3381   (Y': 14.6068   Cb: 15.3703   Cr: 16.1788 )
00000877: 15.991    (Y': 14.8047   Cb: 16.2891   Cr: 17.2273 )
00000866: 15.2479   (Y': 14.5511   Cb: 15.2687   Cr: 16.0533 )
00000874: 15.8471   (Y': 14.7714   Cb: 16.0868   Cr: 16.9672 )
00000876: 15.9579   (Y': 14.7798   Cb: 16.2791   Cr: 17.1517 )
00000868: 15.4333   (Y': 14.646    Cb: 15.5133   Cr: 16.2977 )
00000878: 16.0873   (Y': 14.8186   Cb: 16.4193   Cr: 17.4286 )
00000879: 16.1227   (Y': 14.8144   Cb: 16.4937   Cr: 17.4876 )
00000872: 15.6952   (Y': 14.73     Cb: 15.8499   Cr: 16.7402 )
00000880: 16.1493   (Y': 14.8058   Cb: 16.5224   Cr: 17.5775 )
00000870: 15.5865   (Y': 14.7137   Cb: 15.6998   Cr: 16.5385 )
Total: 15.5271   (Y': 14.6082   Cb: 15.504    Cr: 16.7243 )
