./ps4_degrader: invalid option -- 'v'
Capturing with the following configuration:
 - Capture device: DeckLink 4K Extreme 12G
 - Video mode: 720p59.94
 - Pixel format: 8 bit BGRA (4:4:4:x)
[libx264 @ 0x37e9e40] using cpu capabilities: MMX2 SSE2Fast SSSE3 SSE4.2 AVX AVX2 FMA3 LZCNT BMI2
[libx264 @ 0x37e9e40] profile High 4:2:2 Intra, level 3.1, 4:2:2 8-bit
PLAYBACK (hw timestamp): Frame 32 Displayed Late. Expected (+/- 5%): 50000
	Timestamp delay: 66762
	Hardware timestamp delay: 66732
PLAYBACK (hw timestamp): Frame 52 Displayed Late. Expected (+/- 5%): 50000
	Timestamp delay: 66590
	Hardware timestamp delay: 66715
PLAYBACK (hw timestamp): Frame 90 Displayed Late. Expected (+/- 5%): 50000
	Timestamp delay: 66628
	Hardware timestamp delay: 66650
PLAYBACK (callback): Frame 93 Displayed Late. Expected (+/- 5%): 50000
	Timestamp delay: 50049
	Hardware timestamp delay: 53984
PLAYBACK (hw timestamp): Frame 96 Displayed Late. Expected (+/- 5%): 50000
	Timestamp delay: 66636
	Hardware timestamp delay: 66694
PLAYBACK (hw timestamp): Frame 98 Displayed Late. Expected (+/- 5%): 50000
	Timestamp delay: 66662
	Hardware timestamp delay: 66673
PLAYBACK (hw timestamp): Frame 102 Displayed Late. Expected (+/- 5%): 50000
	Timestamp delay: 66631
	Hardware timestamp delay: 66650
PLAYBACK (hw timestamp): Frame 104 Displayed Late. Expected (+/- 5%): 50000
	Timestamp delay: 66700
	Hardware timestamp delay: 66616
PLAYBACK (hw timestamp): Frame 106 Displayed Late. Expected (+/- 5%): 50000
	Timestamp delay: 66633
	Hardware timestamp delay: 66676
PLAYBACK (hw timestamp): Frame 111 Displayed Late. Expected (+/- 5%): 50000
	Timestamp delay: 66731
	Hardware timestamp delay: 66652
PLAYBACK (hw timestamp): Frame 130 Displayed Late. Expected (+/- 5%): 50000
	Timestamp delay: 66686
	Hardware timestamp delay: 66620
PLAYBACK (hw timestamp): Frame 150 Displayed Late. Expected (+/- 5%): 50000
	Timestamp delay: 66681
	Hardware timestamp delay: 66668
PLAYBACK (hw timestamp): Frame 152 Displayed Late. Expected (+/- 5%): 50000
	Timestamp delay: 66730
	Hardware timestamp delay: 66669
PLAYBACK (hw timestamp): Frame 172 Displayed Late. Expected (+/- 5%): 50000
	Timestamp delay: 66689
	Hardware timestamp delay: 66690
PLAYBACK (hw timestamp): Frame 177 Displayed Late. Expected (+/- 5%): 50000
	Timestamp delay: 66541
	Hardware timestamp delay: 66655
PLAYBACK (hw timestamp): Frame 181 Displayed Late. Expected (+/- 5%): 50000
	Timestamp delay: 66672
	Hardware timestamp delay: 66670
PLAYBACK (hw timestamp): Frame 197 Displayed Late. Expected (+/- 5%): 50000
	Timestamp delay: 66701
	Hardware timestamp delay: 66671
PLAYBACK (hw timestamp): Frame 205 Displayed Late. Expected (+/- 5%): 50000
	Timestamp delay: 66634
	Hardware timestamp delay: 66629
PLAYBACK (hw timestamp): Frame 207 Displayed Late. Expected (+/- 5%): 50000
	Timestamp delay: 66633
	Hardware timestamp delay: 66674
PLAYBACK (hw timestamp): Frame 212 Displayed Late. Expected (+/- 5%): 50000
	Timestamp delay: 66643
	Hardware timestamp delay: 66652
PLAYBACK (hw timestamp): Frame 218 Displayed Late. Expected (+/- 5%): 50000
	Timestamp delay: 66639
	Hardware timestamp delay: 66630
PLAYBACK (hw timestamp): Frame 221 Displayed Late. Expected (+/- 5%): 50000
	Timestamp delay: 66653
	Hardware timestamp delay: 66672
PLAYBACK (hw timestamp): Frame 224 Displayed Late. Expected (+/- 5%): 50000
	Timestamp delay: 66662
	Hardware timestamp delay: 66673
PLAYBACK (hw timestamp): Frame 230 Displayed Late. Expected (+/- 5%): 50000
	Timestamp delay: 66660
	Hardware timestamp delay: 66729
PLAYBACK (hw timestamp): Frame 238 Displayed Late. Expected (+/- 5%): 50000
	Timestamp delay: 66563
	Hardware timestamp delay: 66799
PLAYBACK (hw timestamp): Frame 241 Displayed Late. Expected (+/- 5%): 50000
	Timestamp delay: 66666
	Hardware timestamp delay: 66620
PLAYBACK (hw timestamp): Frame 248 Displayed Late. Expected (+/- 5%): 50000
	Timestamp delay: 66713
	Hardware timestamp delay: 66773
PLAYBACK (hw timestamp): Frame 254 Displayed Late. Expected (+/- 5%): 50000
	Timestamp delay: 66703
	Hardware timestamp delay: 66762
PLAYBACK (hw timestamp): Frame 260 Displayed Late. Expected (+/- 5%): 50000
	Timestamp delay: 66632
	Hardware timestamp delay: 66664
PLAYBACK (hw timestamp): Frame 319 Displayed Late. Expected (+/- 5%): 50000
	Timestamp delay: 66655
	Hardware timestamp delay: 66680
PLAYBACK (hw timestamp): Frame 325 Displayed Late. Expected (+/- 5%): 50000
	Timestamp delay: 66629
	Hardware timestamp delay: 66723
PLAYBACK (hw timestamp): Frame 327 Displayed Late. Expected (+/- 5%): 50000
	Timestamp delay: 66658
	Hardware timestamp delay: 66766
PLAYBACK (hw timestamp): Frame 331 Displayed Late. Expected (+/- 5%): 50000
	Timestamp delay: 66667
	Hardware timestamp delay: 66700
PLAYBACK (hw timestamp): Frame 338 Displayed Late. Expected (+/- 5%): 50000
	Timestamp delay: 66562
	Hardware timestamp delay: 66657
PLAYBACK (hw timestamp): Frame 342 Displayed Late. Expected (+/- 5%): 50000
	Timestamp delay: 66689
	Hardware timestamp delay: 66615
PLAYBACK (hw timestamp): Frame 348 Displayed Late. Expected (+/- 5%): 50000
	Timestamp delay: 66702
	Hardware timestamp delay: 66808
PLAYBACK (hw timestamp): Frame 367 Displayed Late. Expected (+/- 5%): 50000
	Timestamp delay: 66694
	Hardware timestamp delay: 66686
PLAYBACK (hw timestamp): Frame 370 Displayed Late. Expected (+/- 5%): 50000
	Timestamp delay: 66562
	Hardware timestamp delay: 66677
PLAYBACK (hw timestamp): Frame 379 Displayed Late. Expected (+/- 5%): 50000
	Timestamp delay: 66705
	Hardware timestamp delay: 66797
PLAYBACK (hw timestamp): Frame 385 Displayed Late. Expected (+/- 5%): 50000
	Timestamp delay: 66588
	Hardware timestamp delay: 66711
PLAYBACK (hw timestamp): Frame 394 Displayed Late. Expected (+/- 5%): 50000
	Timestamp delay: 66650
	Hardware timestamp delay: 66695
PLAYBACK (hw timestamp): Frame 398 Displayed Late. Expected (+/- 5%): 50000
	Timestamp delay: 66579
	Hardware timestamp delay: 66661
PLAYBACK (hw timestamp): Frame 407 Displayed Late. Expected (+/- 5%): 50000
	Timestamp delay: 66632
	Hardware timestamp delay: 66667
PLAYBACK (hw timestamp): Frame 414 Displayed Late. Expected (+/- 5%): 50000
	Timestamp delay: 66560
	Hardware timestamp delay: 66656
PLAYBACK (hw timestamp): Frame 430 Displayed Late. Expected (+/- 5%): 50000
	Timestamp delay: 66562
	Hardware timestamp delay: 66658
PLAYBACK (hw timestamp): Frame 438 Displayed Late. Expected (+/- 5%): 50000
	Timestamp delay: 66636
	Hardware timestamp delay: 66638
PLAYBACK (hw timestamp): Frame 448 Displayed Late. Expected (+/- 5%): 50000
	Timestamp delay: 66616
	Hardware timestamp delay: 66701
PLAYBACK (hw timestamp): Frame 473 Displayed Late. Expected (+/- 5%): 50000
	Timestamp delay: 66551
	Hardware timestamp delay: 66670
PLAYBACK (hw timestamp): Frame 477 Displayed Late. Expected (+/- 5%): 50000
	Timestamp delay: 66630
	Hardware timestamp delay: 66658
PLAYBACK (hw timestamp): Frame 502 Displayed Late. Expected (+/- 5%): 50000
	Timestamp delay: 66585
	Hardware timestamp delay: 66694
PLAYBACK (hw timestamp): Frame 507 Displayed Late. Expected (+/- 5%): 50000
	Timestamp delay: 66632
	Hardware timestamp delay: 66677
PLAYBACK (hw timestamp): Frame 513 Displayed Late. Expected (+/- 5%): 50000
	Timestamp delay: 66629
	Hardware timestamp delay: 66693
PLAYBACK (hw timestamp): Frame 517 Displayed Late. Expected (+/- 5%): 50000
	Timestamp delay: 66634
	Hardware timestamp delay: 66726
PLAYBACK (hw timestamp): Frame 521 Displayed Late. Expected (+/- 5%): 50000
	Timestamp delay: 66689
	Hardware timestamp delay: 66694
PLAYBACK (hw timestamp): Frame 528 Displayed Late. Expected (+/- 5%): 50000
	Timestamp delay: 66662
	Hardware timestamp delay: 66670
PLAYBACK (hw timestamp): Frame 530 Displayed Late. Expected (+/- 5%): 50000
	Timestamp delay: 66590
	Hardware timestamp delay: 66679
PLAYBACK (hw timestamp): Frame 563 Displayed Late. Expected (+/- 5%): 50000
	Timestamp delay: 66593
	Hardware timestamp delay: 66655
PLAYBACK (hw timestamp): Frame 566 Displayed Late. Expected (+/- 5%): 50000
	Timestamp delay: 66758
	Hardware timestamp delay: 66638
PLAYBACK (hw timestamp): Frame 570 Displayed Late. Expected (+/- 5%): 50000
	Timestamp delay: 66561
	Hardware timestamp delay: 66661
PLAYBACK (hw timestamp): Frame 572 Displayed Late. Expected (+/- 5%): 50000
	Timestamp delay: 66719
	Hardware timestamp delay: 66675
PLAYBACK (hw timestamp): Frame 575 Displayed Late. Expected (+/- 5%): 50000
	Timestamp delay: 66722
	Hardware timestamp delay: 66721
PLAYBACK (hw timestamp): Frame 585 Displayed Late. Expected (+/- 5%): 50000
	Timestamp delay: 66648
	Hardware timestamp delay: 66730
PLAYBACK (hw timestamp): Frame 594 Displayed Late. Expected (+/- 5%): 50000
	Timestamp delay: 66576
	Hardware timestamp delay: 66667
[libx264 @ 0x37e9e40] frame I:596   Avg QP:26.00  size: 64891
[libx264 @ 0x37e9e40] mb I  I16..4: 16.6% 61.0% 22.5%
[libx264 @ 0x37e9e40] final ratefactor: 39.16
[libx264 @ 0x37e9e40] 8x8 transform intra:61.0%
[libx264 @ 0x37e9e40] coded y,uvDC,uvAC intra: 59.7% 72.0% 31.9%
[libx264 @ 0x37e9e40] i16 v,h,dc,p: 16% 38% 16% 30%
[libx264 @ 0x37e9e40] i8 v,h,dc,ddl,ddr,vr,hd,vl,hu: 10% 22% 24%  7%  7%  5%  9%  4% 10%
[libx264 @ 0x37e9e40] i4 v,h,dc,ddl,ddr,vr,hd,vl,hu: 14% 25% 17%  7%  8%  6%  9%  5%  9%
[libx264 @ 0x37e9e40] CAPTURE: dropped a frame (dropped_count=0)i8c dc,h,v,p: 64% 17% 14%  5%

[libx264 @ 0x37e9e40] kb/s:10382.63
CAPTURE: dropped a frame (dropped_count=1)
Stopping Capture
CAPTURE: dropped a frame (dropped_count=2)
CAPTURE: dropped a frame (dropped_count=3)
CAPTURE: dropped a frame (dropped_count=4)
