00000001: 15.8271   (Y': 16.5178   Cb: 15.0627   Cr: 16.0291 )
00000000: 15.8556   (Y': 16.387    Cb: 15.1321   Cr: 16.1526 )
00000002: 15.7447   (Y': 16.4888   Cb: 14.9695   Cr: 15.9127 )
00000004: 15.6859   (Y': 16.0185   Cb: 15.04     Cr: 16.0794 )
00000003: 15.7898   (Y': 16.383    Cb: 15.0555   Cr: 16.0425 )
00000005: 15.7336   (Y': 16.0987   Cb: 15.0694   Cr: 16.1176 )
00000006: 15.7057   (Y': 16.0812   Cb: 15.0661   Cr: 16.0481 )
00000007: 15.6857   (Y': 16.0807   Cb: 15.0637   Cr: 15.9872 )
00000009: 15.6616   (Y': 15.9347   Cb: 15.1038   Cr: 16.0055 )
00000008: 15.5768   (Y': 15.8981   Cb: 14.9848   Cr: 15.9141 )
00000010: 15.5908   (Y': 15.9393   Cb: 14.9912   Cr: 15.9106 )
00000012: 15.6392   (Y': 15.9303   Cb: 15.0666   Cr: 15.9829 )
00000011: 15.5208   (Y': 15.8473   Cb: 14.925    Cr: 15.8578 )
00000014: 15.4429   (Y': 15.7452   Cb: 14.945    Cr: 15.6851 )
00000013: 15.645    (Y': 15.9434   Cb: 15.0707   Cr: 15.9835 )
00000015: 15.4568   (Y': 15.8437   Cb: 14.9148   Cr: 15.6691 )
00000016: 15.6147   (Y': 16.1161   Cb: 14.9658   Cr: 15.8473 )
00000018: 15.6263   (Y': 16.2337   Cb: 14.9569   Cr: 15.7863 )
00000017: 15.6325   (Y': 16.1827   Cb: 14.9308   Cr: 15.8846 )
00000019: 15.666    (Y': 16.3035   Cb: 14.9915   Cr: 15.805  )
00000022: 15.6608   (Y': 16.5538   Cb: 14.8459   Cr: 15.7508 )
00000020: 15.722    (Y': 16.4493   Cb: 15.0101   Cr: 15.8271 )
00000021: 15.7249   (Y': 16.3991   Cb: 15.0351   Cr: 15.8499 )
00000023: 15.5337   (Y': 16.453    Cb: 14.7624   Cr: 15.5494 )
00000024: 15.5053   (Y': 16.4048   Cb: 14.7041   Cr: 15.5734 )
00000025: 15.526    (Y': 16.3698   Cb: 14.7306   Cr: 15.6334 )
00000026: 15.5053   (Y': 16.2656   Cb: 14.7192   Cr: 15.6726 )
00000027: 15.5042   (Y': 16.2703   Cb: 14.6896   Cr: 15.7022 )
00000028: 15.4886   (Y': 16.2031   Cb: 14.6711   Cr: 15.7362 )
00000031: 15.3825   (Y': 16.0505   Cb: 14.5219   Cr: 15.7287 )
00000029: 15.4154   (Y': 16.1339   Cb: 14.5668   Cr: 15.6993 )
00000030: 15.3542   (Y': 16.0383   Cb: 14.5006   Cr: 15.6761 )
00000032: 15.3518   (Y': 15.9112   Cb: 14.5052   Cr: 15.7823 )
00000033: 15.3314   (Y': 15.9186   Cb: 14.4834   Cr: 15.7371 )
00000034: 15.278    (Y': 15.8707   Cb: 14.4259   Cr: 15.6836 )
00000035: 15.2385   (Y': 15.9231   Cb: 14.3667   Cr: 15.5839 )
00000038: 15.2652   (Y': 16.503    Cb: 14.2205   Cr: 15.3705 )
00000036: 15.2864   (Y': 16.1711   Cb: 14.3613   Cr: 15.5235 )
00000040: 15.3892   (Y': 16.3446   Cb: 14.3946   Cr: 15.6574 )
00000037: 15.2641   (Y': 16.2791   Cb: 14.3082   Cr: 15.4315 )
00000039: 15.2764   (Y': 16.5962   Cb: 14.161    Cr: 15.4122 )
00000041: 15.5529   (Y': 16.4391   Cb: 14.5738   Cr: 15.86   )
00000042: 15.7931   (Y': 16.5921   Cb: 14.7441   Cr: 16.2756 )
00000043: 15.9257   (Y': 16.7046   Cb: 14.827    Cr: 16.4992 )
00000045: 15.9489   (Y': 16.7627   Cb: 14.8374   Cr: 16.5081 )
00000044: 16.0912   (Y': 16.9323   Cb: 14.9581   Cr: 16.6566 )
00000048: 18.2075   (Y': 16.2523   Cb: 18.5127   Cr: 21.2245 )
00000046: 26.85     (Y': 24.0767   Cb: 28.8071   Cr: 30.1383 )
00000047: 21.1852   (Y': 18.9415   Cb: 21.9181   Cr: 24.3827 )
00000049: 17.6463   (Y': 15.9815   Cb: 17.7082   Cr: 20.2667 )
00000050: 16.8436   (Y': 15.6239   Cb: 16.595    Cr: 18.9416 )
00000051: 16.6447   (Y': 15.6356   Cb: 16.3134   Cr: 18.4548 )
00000055: 15.9858   (Y': 16.192    Cb: 15.1924   Cr: 16.7125 )
00000057: 16.0961   (Y': 16.8408   Cb: 15.1257   Cr: 16.5192 )
00000054: 16.009    (Y': 16.0011   Cb: 15.2576   Cr: 16.928  )
00000052: 16.2299   (Y': 15.6305   Cb: 15.6734   Cr: 17.6852 )
00000056: 16.0311   (Y': 16.7291   Cb: 15.048    Cr: 16.5157 )
00000053: 16.1003   (Y': 15.6841   Cb: 15.4984   Cr: 17.3455 )
00000058: 16.0318   (Y': 16.7581   Cb: 15.0419   Cr: 16.4991 )
00000059: 15.9742   (Y': 16.7559   Cb: 14.9835   Cr: 16.391  )
00000061: 15.854    (Y': 16.6384   Cb: 14.8681   Cr: 16.2618 )
00000065: 15.523    (Y': 16.1932   Cb: 14.5661   Cr: 15.9973 )
00000060: 15.8766   (Y': 16.6804   Cb: 14.8669   Cr: 16.2995 )
00000063: 15.6603   (Y': 16.5359   Cb: 14.6177   Cr: 16.064  )
00000062: 15.7269   (Y': 16.5261   Cb: 14.6927   Cr: 16.1884 )
00000064: 15.5506   (Y': 16.3013   Cb: 14.5578   Cr: 15.9989 )
00000066: 15.4345   (Y': 16.2106   Cb: 14.4824   Cr: 15.8036 )
00000067: 15.3345   (Y': 16.0323   Cb: 14.4446   Cr: 15.6918 )
00000068: 15.4412   (Y': 16.251    Cb: 14.4425   Cr: 15.8434 )
00000070: 15.5128   (Y': 15.9172   Cb: 14.6165   Cr: 16.1692 )
00000069: 15.4878   (Y': 16.3074   Cb: 14.4653   Cr: 15.9139 )
00000071: 15.6111   (Y': 16.1125   Cb: 14.6645   Cr: 16.2385 )
00000072: 15.7179   (Y': 16.2885   Cb: 14.7233   Cr: 16.3441 )
00000073: 15.731    (Y': 16.0838   Cb: 14.8387   Cr: 16.437  )
00000075: 15.6025   (Y': 15.88     Cb: 14.7549   Cr: 16.3268 )
00000074: 15.5801   (Y': 15.8503   Cb: 14.7225   Cr: 16.3269 )
00000076: 15.6126   (Y': 15.7166   Cb: 14.8068   Cr: 16.4756 )
00000078: 15.7705   (Y': 15.9437   Cb: 14.9054   Cr: 16.6394 )
00000077: 15.6543   (Y': 15.782    Cb: 14.812    Cr: 16.543  )
00000080: 15.9313   (Y': 15.8575   Cb: 15.1801   Cr: 16.9327 )
00000079: 15.8055   (Y': 15.8965   Cb: 14.9922   Cr: 16.695  )
00000081: 15.9542   (Y': 15.7598   Cb: 15.2661   Cr: 17.0192 )
00000083: 15.9352   (Y': 15.7109   Cb: 15.2747   Cr: 16.9991 )
00000082: 16.0041   (Y': 15.8025   Cb: 15.3413   Cr: 17.0411 )
00000084: 15.9422   (Y': 15.654    Cb: 15.3642   Cr: 16.9713 )
00000085: 15.8885   (Y': 15.6265   Cb: 15.2846   Cr: 16.9197 )
00000087: 15.9276   (Y': 15.5669   Cb: 15.3814   Cr: 17.0101 )
00000086: 15.9443   (Y': 15.6128   Cb: 15.4183   Cr: 16.9574 )
00000088: 16.0232   (Y': 15.6421   Cb: 15.4996   Cr: 17.1013 )
00000089: 16.0893   (Y': 15.6118   Cb: 15.6318   Cr: 17.2092 )
00000090: 16.1563   (Y': 15.6884   Cb: 15.7045   Cr: 17.2541 )
00000091: 16.1786   (Y': 15.777    Cb: 15.6968   Cr: 17.2256 )
00000092: 16.1573   (Y': 15.8623   Cb: 15.6042   Cr: 17.1598 )
00000093: 16.1723   (Y': 15.9208   Cb: 15.5952   Cr: 17.151  )
00000094: 16.2036   (Y': 15.8229   Cb: 15.6908   Cr: 17.2654 )
00000095: 16.34     (Y': 15.894    Cb: 15.8805   Cr: 17.4176 )
00000096: 16.4107   (Y': 16.1847   Cb: 15.8305   Cr: 17.36   )
00000097: 16.612    (Y': 16.4837   Cb: 16.018    Cr: 17.4555 )
00000098: 16.6776   (Y': 16.5265   Cb: 16.0753   Cr: 17.5614 )
00000099: 16.582    (Y': 16.475    Cb: 15.9658   Cr: 17.4299 )
00000100: 16.518    (Y': 16.471    Cb: 15.8619   Cr: 17.3481 )
00000101: 16.4895   (Y': 16.3935   Cb: 15.8525   Cr: 17.353  )
00000103: 16.4982   (Y': 16.6644   Cb: 15.7336   Cr: 17.2295 )
00000102: 16.5312   (Y': 16.6438   Cb: 15.8      Cr: 17.2771 )
00000104: 16.389    (Y': 16.2219   Cb: 15.7843   Cr: 17.297  )
00000106: 16.1701   (Y': 15.9183   Cb: 15.607    Cr: 17.1291 )
00000105: 16.2517   (Y': 16.0514   Cb: 15.671    Cr: 17.1682 )
00000107: 16.1474   (Y': 15.9025   Cb: 15.5865   Cr: 17.0941 )
00000109: 15.9357   (Y': 15.8231   Cb: 15.297    Cr: 16.8224 )
00000108: 15.9528   (Y': 15.7867   Cb: 15.3193   Cr: 16.9005 )
00000110: 16.0755   (Y': 16.1862   Cb: 15.3585   Cr: 16.8034 )
00000111: 16.1049   (Y': 16.2914   Cb: 15.3496   Cr: 16.7999 )
00000112: 16.1242   (Y': 16.3216   Cb: 15.3597   Cr: 16.8199 )
00000113: 16.203    (Y': 16.326    Cb: 15.4841   Cr: 16.9195 )
00000114: 16.0484   (Y': 15.9964   Cb: 15.4697   Cr: 16.7778 )
00000115: 16.0203   (Y': 15.9427   Cb: 15.5103   Cr: 16.6887 )
00000116: 15.9188   (Y': 15.724    Cb: 15.3853   Cr: 16.7627 )
00000117: 15.9522   (Y': 15.7474   Cb: 15.4016   Cr: 16.8323 )
00000118: 15.9257   (Y': 15.7071   Cb: 15.408    Cr: 16.7781 )
00000119: 15.8975   (Y': 15.7089   Cb: 15.3827   Cr: 16.7078 )
00000120: 15.8332   (Y': 15.652    Cb: 15.3184   Cr: 16.6344 )
00000121: 15.8227   (Y': 15.5415   Cb: 15.3765   Cr: 16.6587 )
00000122: 15.5548   (Y': 14.8919   Cb: 15.4289   Cr: 16.4932 )
00000123: 15.5689   (Y': 14.8297   Cb: 15.479    Cr: 16.5733 )
00000124: 15.4841   (Y': 14.7539   Cb: 15.371    Cr: 16.505  )
00000125: 15.3885   (Y': 14.6853   Cb: 15.2316   Cr: 16.4261 )
00000126: 15.2972   (Y': 14.5355   Cb: 15.1725   Cr: 16.3807 )
00000127: 15.3218   (Y': 14.547    Cb: 15.2248   Cr: 16.3889 )
00000128: 15.2907   (Y': 14.502    Cb: 15.1719   Cr: 16.4083 )
00000129: 15.3456   (Y': 14.6072   Cb: 15.2074   Cr: 16.4117 )
00000130: 15.3353   (Y': 14.6416   Cb: 15.1532   Cr: 16.3922 )
00000131: 15.4299   (Y': 14.7094   Cb: 15.2859   Cr: 16.4765 )
00000132: 15.3916   (Y': 14.7211   Cb: 15.2186   Cr: 16.402  )
00000134: 15.2098   (Y': 14.6555   Cb: 14.9543   Cr: 16.1613 )
00000133: 15.2838   (Y': 14.6213   Cb: 15.0883   Cr: 16.3121 )
00000135: 15.1466   (Y': 14.5978   Cb: 14.8768   Cr: 16.1092 )
00000137: 15.1509   (Y': 14.4626   Cb: 14.9315   Cr: 16.25   )
00000136: 15.0978   (Y': 14.4314   Cb: 14.859    Cr: 16.19   )
00000138: 15.197    (Y': 14.4151   Cb: 15.002    Cr: 16.407  )
00000139: 15.2551   (Y': 14.4407   Cb: 15.0868   Cr: 16.4802 )
00000140: 15.339    (Y': 14.4994   Cb: 15.1713   Cr: 16.6037 )
00000142: 15.3745   (Y': 14.5098   Cb: 15.2221   Cr: 16.6592 )
00000141: 15.2971   (Y': 14.4423   Cb: 15.1339   Cr: 16.5804 )
00000143: 15.3579   (Y': 14.438    Cb: 15.2349   Cr: 16.6929 )
00000145: 15.384    (Y': 14.3516   Cb: 15.3421   Cr: 16.7991 )
00000144: 15.3687   (Y': 14.3647   Cb: 15.322    Cr: 16.7409 )
00000146: 15.4439   (Y': 14.2998   Cb: 15.4735   Cr: 16.9597 )
00000147: 15.4111   (Y': 14.3077   Cb: 15.4043   Cr: 16.9038 )
00000148: 15.4177   (Y': 14.3647   Cb: 15.3463   Cr: 16.9107 )
00000149: 15.4288   (Y': 14.4332   Cb: 15.3241   Cr: 16.8681 )
00000150: 15.4901   (Y': 14.6061   Cb: 15.3055   Cr: 16.8519 )
00000151: 15.4779   (Y': 14.6048   Cb: 15.3205   Cr: 16.7832 )
00000153: 15.5372   (Y': 14.8285   Cb: 15.3104   Cr: 16.6772 )
00000152: 15.4885   (Y': 14.7245   Cb: 15.2986   Cr: 16.6636 )
00000154: 15.5697   (Y': 14.9368   Cb: 15.2997   Cr: 16.6546 )
00000155: 15.6785   (Y': 15.0419   Cb: 15.444    Cr: 16.7207 )
00000156: 15.8612   (Y': 15.1669   Cb: 15.6708   Cr: 16.93   )
00000157: 15.9097   (Y': 15.224    Cb: 15.7445   Cr: 16.9322 )
00000158: 16.083    (Y': 15.4279   Cb: 15.8953   Cr: 17.0901 )
00000159: 16.018    (Y': 15.2941   Cb: 15.8838   Cr: 17.0569 )
00000162: 15.7713   (Y': 14.9975   Cb: 15.6503   Cr: 16.8689 )
00000161: 15.8863   (Y': 15.0643   Cb: 15.8153   Cr: 16.9924 )
00000160: 15.9386   (Y': 15.2304   Cb: 15.7779   Cr: 16.9891 )
00000163: 15.7366   (Y': 15.061    Cb: 15.5563   Cr: 16.7643 )
00000164: 15.7249   (Y': 14.9799   Cb: 15.596    Cr: 16.7887 )
00000165: 15.7546   (Y': 15.0152   Cb: 15.6374   Cr: 16.7948 )
00000167: 15.9484   (Y': 15.3052   Cb: 15.7865   Cr: 16.9046 )
00000166: 15.8515   (Y': 15.1618   Cb: 15.7004   Cr: 16.8618 )
00000168: 16.5734   (Y': 16.1434   Cb: 16.2588   Cr: 17.4309 )
00000169: 16.8187   (Y': 16.3874   Cb: 16.5142   Cr: 17.6648 )
00000170: 16.8528   (Y': 16.4377   Cb: 16.5621   Cr: 17.6594 )
00000171: 16.9201   (Y': 16.4839   Cb: 16.6246   Cr: 17.7611 )
00000172: 16.9414   (Y': 16.4643   Cb: 16.693    Cr: 17.7768 )
00000173: 16.9462   (Y': 16.4688   Cb: 16.7089   Cr: 17.768  )
00000174: 16.8889   (Y': 16.3603   Cb: 16.6675   Cr: 17.7599 )
00000175: 16.9051   (Y': 16.3473   Cb: 16.7068   Cr: 17.7871 )
00000176: 16.94     (Y': 16.3485   Cb: 16.8113   Cr: 17.7809 )
00000177: 16.9719   (Y': 16.3627   Cb: 16.8428   Cr: 17.8377 )
00000178: 17.1793   (Y': 16.4946   Cb: 17.1767   Cr: 17.9958 )
00000179: 17.2021   (Y': 16.5393   Cb: 17.2222   Cr: 17.9606 )
00000180: 17.3992   (Y': 16.6312   Cb: 17.5262   Cr: 18.1805 )
00000181: 17.3603   (Y': 16.5495   Cb: 17.5171   Cr: 18.1685 )
00000182: 17.297    (Y': 16.5037   Cb: 17.3972   Cr: 18.1463 )
00000183: 17.2004   (Y': 16.4205   Cb: 17.2935   Cr: 18.0383 )
00000185: 17.1104   (Y': 16.2868   Cb: 17.2292   Cr: 17.982  )
00000184: 17.2314   (Y': 16.3365   Cb: 17.4339   Cr: 18.1106 )
00000186: 17.0729   (Y': 16.1426   Cb: 17.211    Cr: 18.0835 )
00000187: 17.1483   (Y': 16.0875   Cb: 17.3227   Cr: 18.325  )
00000188: 17.1383   (Y': 16.1095   Cb: 17.3243   Cr: 18.2474 )
00000190: 16.9849   (Y': 15.8514   Cb: 17.1392   Cr: 18.3122 )
00000189: 17.0258   (Y': 15.9437   Cb: 17.199    Cr: 18.2397 )
00000191: 17.0092   (Y': 15.8631   Cb: 17.2082   Cr: 18.3004 )
00000192: 17.0109   (Y': 15.8      Cb: 17.2866   Cr: 18.3189 )
00000193: 16.987    (Y': 15.7689   Cb: 17.2348   Cr: 18.3436 )
00000194: 16.9773   (Y': 15.7074   Cb: 17.2596   Cr: 18.3844 )
00000195: 16.9239   (Y': 15.6507   Cb: 17.2173   Cr: 18.3225 )
00000196: 16.8611   (Y': 15.5045   Cb: 17.2011   Cr: 18.3568 )
00000197: 16.8215   (Y': 15.57     Cb: 17.1112   Cr: 18.1849 )
00000199: 17.01     (Y': 15.6716   Cb: 17.3964   Cr: 18.4113 )
00000198: 16.9167   (Y': 15.5415   Cb: 17.3048   Cr: 18.3859 )
00000200: 16.9734   (Y': 15.6467   Cb: 17.3487   Cr: 18.3671 )
00000202: 16.9944   (Y': 15.7371   Cb: 17.3318   Cr: 18.3081 )
00000201: 16.9787   (Y': 15.6523   Cb: 17.3417   Cr: 18.3874 )
00000204: 16.9247   (Y': 15.7073   Cb: 17.2036   Cr: 18.2403 )
00000203: 16.959    (Y': 15.6853   Cb: 17.3167   Cr: 18.277  )
00000205: 16.8865   (Y': 15.7439   Cb: 17.1036   Cr: 18.1487 )
00000206: 16.8141   (Y': 15.6494   Cb: 17.0479   Cr: 18.0937 )
00000207: 16.8509   (Y': 15.6029   Cb: 17.1752   Cr: 18.1642 )
00000208: 16.7913   (Y': 15.61     Cb: 17.0138   Cr: 18.1147 )
00000209: 16.7818   (Y': 15.6265   Cb: 16.9988   Cr: 18.0662 )
00000210: 16.8358   (Y': 15.74     Cb: 17.073    Cr: 17.9925 )
00000211: 16.8427   (Y': 15.7618   Cb: 17.0737   Cr: 17.9821 )
00000212: 16.8764   (Y': 15.9226   Cb: 17.0276   Cr: 17.9076 )
00000213: 16.8532   (Y': 15.9046   Cb: 16.9608   Cr: 17.9302 )
00000214: 16.9774   (Y': 15.9871   Cb: 17.1835   Cr: 17.9999 )
00000215: 16.9165   (Y': 15.9099   Cb: 17.0749   Cr: 18.0235 )
00000216: 16.8181   (Y': 15.7796   Cb: 17.0303   Cr: 17.9109 )
00000217: 16.799    (Y': 15.8255   Cb: 16.9481   Cr: 17.8642 )
00000218: 16.7505   (Y': 15.8141   Cb: 16.8771   Cr: 17.7848 )
00000219: 16.6119   (Y': 15.7556   Cb: 16.6309   Cr: 17.6555 )
00000220: 16.618    (Y': 15.7176   Cb: 16.627    Cr: 17.7434 )
00000221: 16.5714   (Y': 15.6619   Cb: 16.585    Cr: 17.7056 )
00000222: 16.7362   (Y': 15.8239   Cb: 16.7738   Cr: 17.844  )
00000223: 16.7961   (Y': 15.8928   Cb: 16.8128   Cr: 17.9163 )
00000224: 16.7553   (Y': 15.7789   Cb: 16.7981   Cr: 17.9603 )
00000226: 16.7123   (Y': 15.85     Cb: 16.6482   Cr: 17.873  )
00000225: 16.7581   (Y': 15.8401   Cb: 16.7785   Cr: 17.8973 )
00000227: 16.6626   (Y': 15.7988   Cb: 16.6231   Cr: 17.793  )
00000228: 16.6713   (Y': 15.7993   Cb: 16.6623   Cr: 17.7753 )
00000229: 16.7166   (Y': 15.828    Cb: 16.7336   Cr: 17.8133 )
00000231: 16.7749   (Y': 15.7513   Cb: 16.915    Cr: 17.9329 )
00000230: 16.8093   (Y': 15.9081   Cb: 16.8774   Cr: 17.8608 )
00000232: 16.8843   (Y': 15.8608   Cb: 17.1177   Cr: 17.9269 )
00000233: 16.8411   (Y': 15.8226   Cb: 17.0626   Cr: 17.8901 )
00000234: 16.6095   (Y': 15.4079   Cb: 17.0618   Cr: 17.6878 )
00000235: 16.5786   (Y': 15.3415   Cb: 17.0629   Cr: 17.6802 )
00000236: 16.6196   (Y': 15.4257   Cb: 17.0645   Cr: 17.6931 )
00000237: 16.6659   (Y': 15.6092   Cb: 17.0741   Cr: 17.5585 )
00000239: 16.5305   (Y': 15.5595   Cb: 17.0101   Cr: 17.216  )
00000238: 16.6988   (Y': 15.6112   Cb: 17.2078   Cr: 17.5287 )
00000241: 16.0195   (Y': 14.837    Cb: 16.6997   Cr: 16.8181 )
00000240: 16.0635   (Y': 14.937    Cb: 16.7221   Cr: 16.797  )
00000242: 15.6969   (Y': 14.3532   Cb: 16.4719   Cr: 16.6613 )
00000243: 15.5872   (Y': 14.0812   Cb: 16.4701   Cr: 16.7253 )
00000244: 16.2503   (Y': 15.2115   Cb: 16.7188   Cr: 17.0488 )
00000245: 16.2715   (Y': 15.1751   Cb: 16.7965   Cr: 17.0981 )
00000246: 16.403    (Y': 15.5368   Cb: 16.8048   Cr: 17.0195 )
00000247: 16.4803   (Y': 15.8586   Cb: 16.6916   Cr: 16.9691 )
00000249: 16.773    (Y': 16.2477   Cb: 16.9216   Cr: 17.2061 )
00000248: 16.6957   (Y': 16.3149   Cb: 16.8293   Cr: 16.9706 )
00000250: 16.6467   (Y': 15.7941   Cb: 16.9311   Cr: 17.3704 )
00000251: 16.5725   (Y': 15.5955   Cb: 16.9129   Cr: 17.4181 )
00000252: 16.2856   (Y': 15.3097   Cb: 16.4574   Cr: 17.3267 )
00000253: 16.3307   (Y': 15.44     Cb: 16.4671   Cr: 17.2822 )
00000254: 16.553    (Y': 15.8987   Cb: 16.5244   Cr: 17.3579 )
00000255: 16.6619   (Y': 16.139    Cb: 16.5456   Cr: 17.3939 )
00000256: 16.5682   (Y': 16.0777   Cb: 16.4942   Cr: 17.207  )
00000257: 16.5172   (Y': 16.0104   Cb: 16.5184   Cr: 17.0897 )
00000258: 16.3541   (Y': 15.5607   Cb: 16.5425   Cr: 17.1011 )
00000259: 16.1921   (Y': 15.2874   Cb: 16.4694   Cr: 16.9999 )
00000260: 16.075    (Y': 15.0971   Cb: 16.4511   Cr: 16.8822 )
00000261: 16.0377   (Y': 15.2212   Cb: 16.255    Cr: 16.7847 )
00000262: 15.9775   (Y': 15.3042   Cb: 16.1298   Cr: 16.5983 )
00000263: 15.9115   (Y': 15.2811   Cb: 16.0438   Cr: 16.4976 )
00000264: 16.0854   (Y': 15.2187   Cb: 16.268    Cr: 16.9456 )
00000265: 16.0202   (Y': 15.0621   Cb: 16.2543   Cr: 16.9587 )
00000266: 16.0593   (Y': 14.9156   Cb: 16.4555   Cr: 17.1058 )
00000267: 16.0413   (Y': 14.9891   Cb: 16.4842   Cr: 16.8885 )
00000268: 16.0526   (Y': 15.1833   Cb: 16.3972   Cr: 16.7345 )
00000269: 16.1924   (Y': 15.4641   Cb: 16.399    Cr: 16.8278 )
00000270: 16.3735   (Y': 15.6083   Cb: 16.346    Cr: 17.3373 )
00000271: 16.2593   (Y': 15.4376   Cb: 16.218    Cr: 17.3264 )
00000274: 16.1416   (Y': 15.2763   Cb: 16.1762   Cr: 17.1795 )
00000272: 16.2306   (Y': 15.209    Cb: 16.3331   Cr: 17.4333 )
00000273: 16.1184   (Y': 15.1237   Cb: 16.2014   Cr: 17.3015 )
00000276: 16.09     (Y': 15.1192   Cb: 16.1434   Cr: 17.2718 )
00000275: 16.084    (Y': 15.1185   Cb: 16.1654   Cr: 17.2213 )
00000277: 16.1443   (Y': 15.1151   Cb: 16.2492   Cr: 17.3567 )
00000279: 16.4272   (Y': 15.3434   Cb: 16.637    Cr: 17.5982 )
00000278: 16.3201   (Y': 15.2793   Cb: 16.4854   Cr: 17.4747 )
00000281: 16.5557   (Y': 15.6075   Cb: 16.6971   Cr: 17.5901 )
00000282: 16.3962   (Y': 15.7261   Cb: 16.3386   Cr: 17.2592 )
00000280: 16.5209   (Y': 15.4933   Cb: 16.7438   Cr: 17.583  )
00000283: 16.4129   (Y': 15.8444   Cb: 16.3089   Cr: 17.1912 )
00000284: 16.4328   (Y': 16.0222   Cb: 16.3295   Cr: 17.004  )
00000285: 16.3508   (Y': 15.879    Cb: 16.3301   Cr: 16.9038 )
00000286: 16.2606   (Y': 15.6844   Cb: 16.3356   Cr: 16.8392 )
00000287: 16.2348   (Y': 15.5276   Cb: 16.4099   Cr: 16.8761 )
00000288: 16.0315   (Y': 15.3184   Cb: 16.2482   Cr: 16.6352 )
00000289: 16.0215   (Y': 15.2511   Cb: 16.2149   Cr: 16.7299 )
00000290: 16.1055   (Y': 15.4052   Cb: 16.2106   Cr: 16.817  )
00000291: 16.0549   (Y': 15.4244   Cb: 16.0729   Cr: 16.7715 )
00000292: 15.9839   (Y': 15.6506   Cb: 15.7548   Cr: 16.6083 )
00000293: 16.0299   (Y': 15.7899   Cb: 15.6822   Cr: 16.6859 )
00000294: 15.7552   (Y': 15.0977   Cb: 15.5213   Cr: 16.8274 )
00000295: 16.0272   (Y': 15.6329   Cb: 15.6573   Cr: 16.9103 )
00000297: 16.603    (Y': 17.0634   Cb: 15.7965   Cr: 17.0775 )
00000296: 16.7589   (Y': 17.1517   Cb: 15.9618   Cr: 17.2895 )
00000298: 16.5766   (Y': 17.0499   Cb: 15.8238   Cr: 16.9672 )
00000299: 16.6543   (Y': 16.7512   Cb: 16.0536   Cr: 17.2405 )
00000300: 16.5706   (Y': 16.568    Cb: 15.9383   Cr: 17.3139 )
00000301: 16.2199   (Y': 15.7983   Cb: 15.7596   Cr: 17.2643 )
00000302: 16.2491   (Y': 15.6085   Cb: 15.9817   Cr: 17.3419 )
00000303: 16.1755   (Y': 15.5547   Cb: 15.8842   Cr: 17.2714 )
00000304: 16.4379   (Y': 15.6886   Cb: 16.2575   Cr: 17.5772 )
00000305: 16.492    (Y': 15.9117   Cb: 16.2082   Cr: 17.5184 )
00000306: 16.5327   (Y': 15.9967   Cb: 16.2468   Cr: 17.4985 )
00000308: 16.4881   (Y': 15.6501   Cb: 16.3735   Cr: 17.6772 )
00000307: 16.5574   (Y': 15.875    Cb: 16.3247   Cr: 17.6652 )
00000309: 16.4934   (Y': 15.6532   Cb: 16.3301   Cr: 17.7529 )
00000311: 16.2338   (Y': 14.9699   Cb: 16.3653   Cr: 17.8327 )
00000310: 16.406    (Y': 15.2983   Cb: 16.4214   Cr: 17.875  )
00000313: 15.8322   (Y': 14.3632   Cb: 16.1148   Cr: 17.6334 )
00000312: 15.9749   (Y': 14.5118   Cb: 16.264    Cr: 17.7543 )
00000314: 15.7738   (Y': 14.166    Cb: 16.1807   Cr: 17.7026 )
00000315: 16.6327   (Y': 15.9139   Cb: 16.3755   Cr: 17.8304 )
00000316: 16.647    (Y': 15.8107   Cb: 16.474    Cr: 17.9137 )
00000317: 16.6498   (Y': 15.8624   Cb: 16.4834   Cr: 17.8291 )
00000318: 16.7095   (Y': 16.0497   Cb: 16.4695   Cr: 17.7934 )
00000319: 16.8067   (Y': 16.1644   Cb: 16.5921   Cr: 17.8306 )
00000320: 16.7782   (Y': 16.0839   Cb: 16.5424   Cr: 17.9084 )
00000321: 16.7668   (Y': 16.0584   Cb: 16.5521   Cr: 17.8898 )
00000322: 16.7382   (Y': 16.1099   Cb: 16.4747   Cr: 17.8074 )
00000323: 16.7438   (Y': 16.1268   Cb: 16.5027   Cr: 17.766  )
00000324: 16.8354   (Y': 16.368    Cb: 16.5093   Cr: 17.7592 )
00000325: 16.9303   (Y': 16.4654   Cb: 16.6017   Cr: 17.8538 )
00000326: 16.9031   (Y': 16.2131   Cb: 16.7786   Cr: 17.879  )
00000327: 16.7539   (Y': 16.0529   Cb: 16.6372   Cr: 17.7362 )
00000328: 16.9525   (Y': 15.9385   Cb: 16.9999   Cr: 18.2142 )
00000330: 16.9756   (Y': 15.934    Cb: 17.0647   Cr: 18.2294 )
00000329: 16.7754   (Y': 15.8553   Cb: 16.7077   Cr: 18.0345 )
00000332: 16.8346   (Y': 15.8741   Cb: 16.8327   Cr: 18.0725 )
00000331: 16.7826   (Y': 15.8617   Cb: 16.7756   Cr: 17.9619 )
00000333: 16.8087   (Y': 15.7819   Cb: 16.7973   Cr: 18.1715 )
00000334: 16.8853   (Y': 15.7573   Cb: 16.9618   Cr: 18.3068 )
00000335: 16.8111   (Y': 15.8172   Cb: 16.7371   Cr: 18.2037 )
00000336: 16.6799   (Y': 15.7827   Cb: 16.5494   Cr: 17.9873 )
00000337: 16.6385   (Y': 15.7476   Cb: 16.5146   Cr: 17.9265 )
00000338: 16.6054   (Y': 15.7874   Cb: 16.4468   Cr: 17.8229 )
00000339: 16.6799   (Y': 15.7986   Cb: 16.5559   Cr: 17.9521 )
00000340: 16.6816   (Y': 15.7593   Cb: 16.5844   Cr: 17.985  )
00000341: 16.6012   (Y': 15.6951   Cb: 16.4714   Cr: 17.9227 )
00000342: 16.5945   (Y': 15.7564   Cb: 16.4241   Cr: 17.8605 )
00000343: 16.6421   (Y': 15.7838   Cb: 16.5337   Cr: 17.8558 )
00000344: 16.7682   (Y': 15.8983   Cb: 16.6697   Cr: 17.9871 )
00000345: 16.7709   (Y': 15.9065   Cb: 16.6365   Cr: 18.0302 )
00000347: 16.8118   (Y': 15.8932   Cb: 16.7937   Cr: 18.0021 )
00000346: 16.8625   (Y': 15.8816   Cb: 16.8641   Cr: 18.1295 )
00000348: 16.7652   (Y': 15.7432   Cb: 16.8552   Cr: 17.9846 )
00000350: 16.9869   (Y': 15.9276   Cb: 17.0368   Cr: 18.3229 )
00000351: 17.1232   (Y': 16.1085   Cb: 17.1099   Cr: 18.4677 )
00000349: 16.8149   (Y': 15.8139   Cb: 16.8525   Cr: 18.0677 )
00000352: 17.3989   (Y': 16.4029   Cb: 17.2736   Cr: 18.8681 )
00000353: 17.5401   (Y': 16.5308   Cb: 17.4559   Cr: 18.974  )
00000356: 17.7812   (Y': 17.2056   Cb: 17.4366   Cr: 18.8844 )
00000354: 17.7959   (Y': 17.0835   Cb: 17.5519   Cr: 18.9651 )
00000355: 18.0533   (Y': 17.3894   Cb: 17.6895   Cr: 19.3174 )
00000357: 17.8409   (Y': 17.3027   Cb: 17.4925   Cr: 18.8947 )
00000359: 17.8087   (Y': 16.8137   Cb: 17.8171   Cr: 19.0903 )
00000358: 17.9644   (Y': 17.1704   Cb: 17.8506   Cr: 19.0834 )
00000360: 17.0704   (Y': 15.8824   Cb: 17.2382   Cr: 18.4774 )
00000361: 17.0199   (Y': 15.8347   Cb: 17.1924   Cr: 18.4153 )
00000363: 16.6251   (Y': 15.5494   Cb: 16.7774   Cr: 17.8548 )
00000362: 16.9647   (Y': 15.8468   Cb: 17.2705   Cr: 18.075  )
00000364: 16.5351   (Y': 15.212    Cb: 16.6945   Cr: 18.2108 )
00000365: 16.6173   (Y': 15.2965   Cb: 16.9031   Cr: 18.1155 )
00000366: 16.8666   (Y': 15.635    Cb: 16.9216   Cr: 18.5117 )
00000367: 17.283    (Y': 15.8938   Cb: 17.5811   Cr: 18.8985 )
00000368: 16.8496   (Y': 15.7817   Cb: 16.8509   Cr: 18.2669 )
00000369: 16.6701   (Y': 15.7134   Cb: 16.6103   Cr: 17.9794 )
00000370: 16.9665   (Y': 16.1139   Cb: 16.7731   Cr: 18.2887 )
00000371: 17.0429   (Y': 16.2055   Cb: 16.8234   Cr: 18.3769 )
00000372: 17.5587   (Y': 16.8033   Cb: 17.5862   Cr: 18.4403 )
00000373: 17.4498   (Y': 16.7054   Cb: 17.3675   Cr: 18.4521 )
00000375: 17.3186   (Y': 16.2951   Cb: 17.3436   Cr: 18.6264 )
00000374: 17.1122   (Y': 16.4202   Cb: 16.9003   Cr: 18.2066 )
00000376: 17.5854   (Y': 16.2219   Cb: 18.139    Cr: 18.8296 )
00000377: 17.0791   (Y': 15.9127   Cb: 17.3806   Cr: 18.2771 )
00000378: 16.8124   (Y': 15.6339   Cb: 17.1633   Cr: 17.9709 )
00000379: 16.6332   (Y': 15.3465   Cb: 17.0844   Cr: 17.8604 )
00000380: 17.22     (Y': 15.5862   Cb: 17.9223   Cr: 18.8154 )
00000381: 17.4325   (Y': 15.7739   Cb: 18.1063   Cr: 19.1159 )
00000383: 17.215    (Y': 15.6513   Cb: 17.7117   Cr: 18.9242 )
00000382: 17.21     (Y': 15.6374   Cb: 17.723    Cr: 18.9164 )
00000384: 17.1698   (Y': 15.71     Cb: 17.5413   Cr: 18.829  )
00000385: 16.9867   (Y': 15.5791   Cb: 17.3507   Cr: 18.5506 )
00000386: 16.8714   (Y': 15.4789   Cb: 17.3518   Cr: 18.2575 )
00000387: 16.9372   (Y': 15.409    Cb: 17.4339   Cr: 18.5718 )
00000388: 17.2375   (Y': 15.5816   Cb: 17.817    Cr: 19.0371 )
00000389: 17.2122   (Y': 15.5856   Cb: 17.7645   Cr: 18.9834 )
00000391: 17.2725   (Y': 15.605    Cb: 17.7295   Cr: 19.2667 )
00000390: 17.3017   (Y': 15.6077   Cb: 17.8372   Cr: 19.2472 )
00000392: 17.2269   (Y': 15.5034   Cb: 17.7415   Cr: 19.2711 )
00000393: 17.1717   (Y': 15.4369   Cb: 17.6867   Cr: 19.242  )
00000394: 17.2601   (Y': 15.5683   Cb: 17.6906   Cr: 19.3496 )
00000395: 17.1824   (Y': 15.5177   Cb: 17.5487   Cr: 19.3022 )
00000396: 16.9556   (Y': 15.4256   Cb: 17.096    Cr: 19.1061 )
00000397: 16.9897   (Y': 15.4777   Cb: 17.1419   Cr: 19.0801 )
00000399: 16.8016   (Y': 15.3151   Cb: 16.9048   Cr: 18.9101 )
00000398: 16.8232   (Y': 15.3384   Cb: 16.9267   Cr: 18.9279 )
00000400: 16.8444   (Y': 15.34     Cb: 16.9924   Cr: 18.9237 )
00000401: 16.8881   (Y': 15.4169   Cb: 16.9658   Cr: 19.0024 )
00000402: 17.0192   (Y': 15.5351   Cb: 17.1243   Cr: 19.1197 )
00000403: 17.0046   (Y': 15.4857   Cb: 17.161    Cr: 19.1039 )
00000404: 17.0627   (Y': 15.4902   Cb: 17.2918   Cr: 19.1734 )
00000405: 17.0938   (Y': 15.4848   Cb: 17.3745   Cr: 19.2111 )
00000406: 17.0347   (Y': 15.4121   Cb: 17.4069   Cr: 19.047  )
00000407: 16.9505   (Y': 15.2978   Cb: 17.4119   Cr: 18.904  )
00000408: 16.8922   (Y': 15.2199   Cb: 17.4433   Cr: 18.7664 )
00000409: 16.8628   (Y': 15.2336   Cb: 17.3718   Cr: 18.6976 )
00000411: 16.9197   (Y': 15.2779   Cb: 17.4525   Cr: 18.7504 )
00000410: 16.9041   (Y': 15.2887   Cb: 17.382    Cr: 18.7507 )
00000412: 16.8905   (Y': 15.2658   Cb: 17.4109   Cr: 18.6997 )
00000413: 16.9019   (Y': 15.3109   Cb: 17.3752   Cr: 18.7009 )
00000415: 16.9028   (Y': 15.2436   Cb: 17.4167   Cr: 18.7986 )
00000414: 16.8501   (Y': 15.235    Cb: 17.3417   Cr: 18.6776 )
00000416: 16.9364   (Y': 15.2174   Cb: 17.5127   Cr: 18.8839 )
00000419: 16.8566   (Y': 15.0755   Cb: 17.3884   Cr: 19.0155 )
00000420: 16.9113   (Y': 15.211    Cb: 17.3972   Cr: 18.9413 )
00000418: 16.8884   (Y': 15.1086   Cb: 17.4677   Cr: 18.9762 )
00000417: 16.9308   (Y': 15.2215   Cb: 17.4897   Cr: 18.8796 )
00000422: 16.8359   (Y': 15.225    Cb: 17.28     Cr: 18.7192 )
00000421: 16.925    (Y': 15.2135   Cb: 17.4428   Cr: 18.936  )
00000423: 16.8274   (Y': 15.2162   Cb: 17.2811   Cr: 18.6982 )
00000424: 16.8431   (Y': 15.2807   Cb: 17.2514   Cr: 18.6688 )
00000425: 16.9438   (Y': 15.2603   Cb: 17.4636   Cr: 18.8868 )
00000428: 16.938    (Y': 15.2384   Cb: 17.5014   Cr: 18.8581 )
00000427: 17.0391   (Y': 15.403    Cb: 17.5718   Cr: 18.8573 )
00000426: 16.9681   (Y': 15.3412   Cb: 17.4584   Cr: 18.8231 )
00000431: 16.6135   (Y': 14.8601   Cb: 17.2666   Cr: 18.5367 )
00000430: 16.678    (Y': 14.9199   Cb: 17.3618   Cr: 18.5712 )
00000429: 16.7691   (Y': 15.0738   Cb: 17.3529   Cr: 18.6515 )
00000432: 16.7212   (Y': 15.122    Cb: 17.1914   Cr: 18.5425 )
00000433: 16.6736   (Y': 14.9932   Cb: 17.1654   Cr: 18.6486 )
00000434: 16.736    (Y': 15.1772   Cb: 17.1286   Cr: 18.5762 )
00000436: 16.631    (Y': 15.1905   Cb: 16.9399   Cr: 18.3356 )
00000435: 16.5921   (Y': 15.1108   Cb: 16.8987   Cr: 18.3857 )
00000437: 16.747    (Y': 15.2078   Cb: 17.1598   Cr: 18.5164 )
00000438: 16.8186   (Y': 15.3693   Cb: 17.0907   Cr: 18.593  )
00000439: 16.8283   (Y': 15.5091   Cb: 16.9463   Cr: 18.5553 )
00000440: 16.8588   (Y': 15.6002   Cb: 16.9177   Cr: 18.5508 )
00000442: 16.7782   (Y': 15.282    Cb: 17.0552   Cr: 18.6457 )
00000444: 16.7842   (Y': 15.2238   Cb: 17.0952   Cr: 18.7445 )
00000443: 16.7706   (Y': 15.2601   Cb: 17.0646   Cr: 18.6451 )
00000441: 16.8449   (Y': 15.4775   Cb: 17.0268   Cr: 18.578  )
00000447: 16.6628   (Y': 15.2074   Cb: 16.98     Cr: 18.387  )
00000446: 16.6793   (Y': 15.1495   Cb: 17.083    Cr: 18.4412 )
00000445: 16.7754   (Y': 15.1969   Cb: 17.1122   Cr: 18.7387 )
00000448: 16.6479   (Y': 15.1726   Cb: 16.9167   Cr: 18.4823 )
00000449: 16.6864   (Y': 15.1925   Cb: 16.9929   Cr: 18.5068 )
00000450: 16.6186   (Y': 15.2051   Cb: 16.8672   Cr: 18.3519 )
00000451: 16.6085   (Y': 15.2146   Cb: 16.8127   Cr: 18.3643 )
00000452: 16.7025   (Y': 15.2877   Cb: 16.9352   Cr: 18.4607 )
00000453: 16.7394   (Y': 15.2708   Cb: 17.0329   Cr: 18.5245 )
00000454: 16.7122   (Y': 15.1948   Cb: 17.0322   Cr: 18.564  )
00000455: 16.7196   (Y': 15.1639   Cb: 17.0866   Cr: 18.5886 )
00000456: 16.6914   (Y': 15.1669   Cb: 17.0214   Cr: 18.5449 )
00000457: 16.6982   (Y': 15.1553   Cb: 17.0311   Cr: 18.5874 )
00000459: 16.7807   (Y': 15.2865   Cb: 17.0842   Cr: 18.606  )
00000458: 16.7882   (Y': 15.229    Cb: 17.1595   Cr: 18.6588 )
00000460: 16.7581   (Y': 15.2327   Cb: 17.0326   Cr: 18.6936 )
00000461: 16.7041   (Y': 15.1456   Cb: 17.0103   Cr: 18.6669 )
00000462: 16.7094   (Y': 15.1913   Cb: 17.0428   Cr: 18.5438 )
00000463: 16.6213   (Y': 15.1715   Cb: 16.9031   Cr: 18.3829 )
00000464: 16.6224   (Y': 15.1132   Cb: 17.0159   Cr: 18.3547 )
00000465: 16.7246   (Y': 15.1716   Cb: 17.1445   Cr: 18.5143 )
00000467: 16.6139   (Y': 15.2714   Cb: 16.8582   Cr: 18.2099 )
00000466: 16.6611   (Y': 15.2561   Cb: 16.9624   Cr: 18.3041 )
00000468: 16.6695   (Y': 15.2838   Cb: 16.9203   Cr: 18.3426 )
00000469: 16.6781   (Y': 15.2455   Cb: 16.9286   Cr: 18.4484 )
00000470: 16.6522   (Y': 15.2303   Cb: 16.8579   Cr: 18.4643 )
00000472: 16.5616   (Y': 15.3099   Cb: 16.6664   Cr: 18.1745 )
00000471: 16.6017   (Y': 15.2895   Cb: 16.7367   Cr: 18.2905 )
00000473: 16.5249   (Y': 15.2811   Cb: 16.6402   Cr: 18.1077 )
00000474: 16.4964   (Y': 15.275    Cb: 16.6185   Cr: 18.0272 )
00000475: 16.5092   (Y': 15.4145   Cb: 16.4968   Cr: 17.994  )
00000477: 16.141    (Y': 15.1266   Cb: 16.0794   Cr: 17.5519 )
00000476: 16.3385   (Y': 15.3552   Cb: 16.2768   Cr: 17.6955 )
00000479: 15.9458   (Y': 14.9613   Cb: 15.8346   Cr: 17.3745 )
00000478: 15.9696   (Y': 14.9184   Cb: 15.908    Cr: 17.4455 )
00000480: 15.8837   (Y': 15.0283   Cb: 15.6668   Cr: 17.2442 )
00000482: 15.9168   (Y': 15.1451   Cb: 15.6721   Cr: 17.1802 )
00000481: 15.8897   (Y': 15.0294   Cb: 15.667    Cr: 17.2665 )
00000483: 15.907    (Y': 15.0807   Cb: 15.6982   Cr: 17.2079 )
00000484: 16.1349   (Y': 15.0379   Cb: 16.1602   Cr: 17.571  )
00000485: 16.2523   (Y': 14.9822   Cb: 16.4191   Cr: 17.8138 )
00000486: 16.3576   (Y': 15.0507   Cb: 16.5798   Cr: 17.914  )
00000487: 16.3883   (Y': 15.1552   Cb: 16.6021   Cr: 17.8168 )
00000488: 16.43     (Y': 15.418    Cb: 16.5248   Cr: 17.6266 )
00000489: 16.4308   (Y': 15.526    Cb: 16.4425   Cr: 17.56   )
00000490: 16.1758   (Y': 15.3005   Cb: 16.1519   Cr: 17.3041 )
00000491: 16.0845   (Y': 15.2505   Cb: 16.0111   Cr: 17.2127 )
00000492: 17.198    (Y': 15.5677   Cb: 17.9136   Cr: 18.7697 )
00000493: 17.4254   (Y': 15.9864   Cb: 18.0395   Cr: 18.7387 )
00000494: 17.2667   (Y': 15.898    Cb: 17.7457   Cr: 18.6101 )
00000495: 17.1484   (Y': 15.9548   Cb: 17.4922   Cr: 18.3416 )
00000496: 16.5829   (Y': 15.6176   Cb: 16.7212   Cr: 17.6485 )
00000497: 15.8737   (Y': 15.1816   Cb: 15.7654   Cr: 16.8322 )
00000498: 16.9107   (Y': 15.5685   Cb: 17.4713   Cr: 18.1085 )
00000499: 16.8855   (Y': 15.5123   Cb: 17.4025   Cr: 18.1911 )
00000500: 15.793    (Y': 14.859    Cb: 15.8326   Cr: 16.9331 )
00000501: 15.8099   (Y': 14.9213   Cb: 15.84     Cr: 16.8895 )
00000502: 16.152    (Y': 15.1926   Cb: 16.2781   Cr: 17.2232 )
00000503: 16.2635   (Y': 15.2064   Cb: 16.4843   Cr: 17.3762 )
00000504: 15.9406   (Y': 15.0667   Cb: 16.0772   Cr: 16.866  )
00000506: 16.0814   (Y': 15.1723   Cb: 16.1479   Cr: 17.1473 )
00000505: 16.0965   (Y': 15.2      Cb: 16.3069   Cr: 16.969  )
00000507: 16.2358   (Y': 15.3614   Cb: 16.3724   Cr: 17.1621 )
00000508: 16.3481   (Y': 15.4527   Cb: 16.4631   Cr: 17.3326 )
00000509: 16.2945   (Y': 15.3957   Cb: 16.3925   Cr: 17.305  )
00000511: 16.1444   (Y': 15.0187   Cb: 16.3842   Cr: 17.3486 )
00000510: 15.9083   (Y': 14.8488   Cb: 16.1391   Cr: 17.0126 )
00000512: 15.96     (Y': 14.9199   Cb: 15.9255   Cr: 17.3781 )
00000513: 16.0403   (Y': 15.0733   Cb: 16.0344   Cr: 17.2942 )
00000514: 16.4154   (Y': 15.2846   Cb: 16.6695   Cr: 17.6108 )
00000515: 16.3867   (Y': 15.3931   Cb: 16.4737   Cr: 17.5628 )
00000516: 16.4903   (Y': 15.5975   Cb: 16.3333   Cr: 17.8276 )
00000517: 16.3823   (Y': 15.3854   Cb: 16.3114   Cr: 17.7759 )
00000518: 16.4238   (Y': 15.529    Cb: 16.4374   Cr: 17.5344 )
00000519: 16.4046   (Y': 15.4677   Cb: 16.252    Cr: 17.8106 )
00000521: 16.4097   (Y': 15.3828   Cb: 16.4092   Cr: 17.7577 )
00000520: 16.5178   (Y': 15.5017   Cb: 16.5011   Cr: 17.8693 )
00000523: 15.7013   (Y': 14.706    Cb: 15.8732   Cr: 16.7735 )
00000522: 16.3085   (Y': 15.2792   Cb: 16.4936   Cr: 17.4195 )
00000524: 16.0913   (Y': 14.933    Cb: 16.1936   Cr: 17.5325 )
00000525: 16.4543   (Y': 15.1933   Cb: 16.5826   Cr: 18.052  )
00000526: 16.5422   (Y': 15.2717   Cb: 16.6537   Cr: 18.1819 )
00000527: 16.5567   (Y': 15.2284   Cb: 16.7329   Cr: 18.2189 )
00000529: 16.2271   (Y': 15.0479   Cb: 16.2657   Cr: 17.7957 )
00000528: 16.1722   (Y': 15.0311   Cb: 16.1625   Cr: 17.7381 )
00000531: 16.0774   (Y': 14.9136   Cb: 16.1387   Cr: 17.585  )
00000530: 15.9643   (Y': 14.8175   Cb: 15.9576   Cr: 17.537  )
00000532: 16.0625   (Y': 14.8617   Cb: 16.1764   Cr: 17.5661 )
00000534: 15.9061   (Y': 14.7385   Cb: 15.9464   Cr: 17.4504 )
00000533: 16.0479   (Y': 14.8468   Cb: 16.1412   Cr: 17.5803 )
00000535: 16.0044   (Y': 14.7024   Cb: 16.2216   Cr: 17.5583 )
00000536: 15.8562   (Y': 14.6039   Cb: 16.0526   Cr: 17.3437 )
00000537: 15.7067   (Y': 14.5229   Cb: 15.7896   Cr: 17.2214 )
00000538: 15.7397   (Y': 14.5533   Cb: 15.7612   Cr: 17.3463 )
00000539: 15.8185   (Y': 14.6543   Cb: 15.8518   Cr: 17.3659 )
00000541: 15.7619   (Y': 14.6507   Cb: 15.7234   Cr: 17.3142 )
00000543: 15.7507   (Y': 14.5646   Cb: 15.7483   Cr: 17.3911 )
00000540: 15.7022   (Y': 14.5996   Cb: 15.6712   Cr: 17.2275 )
00000544: 15.7318   (Y': 14.4721   Cb: 15.7541   Cr: 17.4799 )
00000542: 15.7448   (Y': 14.6173   Cb: 15.6952   Cr: 17.3434 )
00000545: 15.7661   (Y': 14.4972   Cb: 15.7716   Cr: 17.5582 )
00000547: 15.7663   (Y': 14.5029   Cb: 15.7551   Cr: 17.5727 )
00000546: 15.7965   (Y': 14.5147   Cb: 15.8262   Cr: 17.5781 )
00000549: 15.7912   (Y': 14.5259   Cb: 15.7548   Cr: 17.6398 )
00000551: 15.8282   (Y': 14.4968   Cb: 15.8559   Cr: 17.7151 )
00000552: 15.9008   (Y': 14.5214   Cb: 15.9006   Cr: 17.9341 )
00000550: 15.7976   (Y': 14.5296   Cb: 15.7637   Cr: 17.6479 )
00000548: 15.806    (Y': 14.5265   Cb: 15.7857   Cr: 17.6589 )
00000553: 15.9932   (Y': 14.5892   Cb: 16.0174   Cr: 18.0422 )
00000555: 16.0878   (Y': 14.5754   Cb: 16.2394   Cr: 18.1797 )
00000554: 16.0787   (Y': 14.5721   Cb: 16.2266   Cr: 18.1631 )
00000557: 16.0796   (Y': 14.5381   Cb: 16.3229   Cr: 18.0973 )
00000558: 16.0974   (Y': 14.5728   Cb: 16.3981   Cr: 17.9929 )
00000556: 16.0718   (Y': 14.5022   Cb: 16.311    Cr: 18.1601 )
00000559: 16.0019   (Y': 14.5521   Cb: 16.2437   Cr: 17.8205 )
00000560: 15.9875   (Y': 14.5106   Cb: 16.2576   Cr: 17.8234 )
00000562: 16.0281   (Y': 14.5628   Cb: 16.2108   Cr: 17.9671 )
00000563: 16.0179   (Y': 14.5971   Cb: 16.1723   Cr: 17.9027 )
00000561: 16.0022   (Y': 14.5234   Cb: 16.2282   Cr: 17.9062 )
00000564: 16.0173   (Y': 14.583    Cb: 16.1455   Cr: 17.9705 )
00000565: 16.0978   (Y': 14.5813   Cb: 16.2815   Cr: 18.1494 )
00000568: 16.6288   (Y': 14.9456   Cb: 17.0923   Cr: 18.6505 )
00000569: 16.5841   (Y': 15.0358   Cb: 17.0362   Cr: 18.3202 )
00000567: 16.3463   (Y': 14.744    Cb: 16.6201   Cr: 18.4583 )
00000566: 16.2165   (Y': 14.6635   Cb: 16.4013   Cr: 18.3503 )
00000570: 16.3878   (Y': 15.0968   Cb: 16.4536   Cr: 18.1343 )
00000571: 16.1232   (Y': 15.0427   Cb: 15.9524   Cr: 17.8147 )
00000572: 16.1582   (Y': 15.1509   Cb: 15.9615   Cr: 17.7532 )
00000573: 16.337    (Y': 15.3147   Cb: 16.0516   Cr: 18.0977 )
00000575: 16.2352   (Y': 15.2974   Cb: 16.0094   Cr: 17.7495 )
00000576: 16.2384   (Y': 15.1705   Cb: 16.141    Cr: 17.7962 )
00000574: 16.2661   (Y': 15.3065   Cb: 16.0278   Cr: 17.8379 )
00000577: 16.1904   (Y': 15.0984   Cb: 16.1481   Cr: 17.7128 )
00000580: 16.388    (Y': 15.0859   Cb: 16.5276   Cr: 18.0501 )
00000579: 16.2635   (Y': 15.0324   Cb: 16.3067   Cr: 17.9248 )
00000578: 16.3262   (Y': 15.123    Cb: 16.3626   Cr: 17.9435 )
00000581: 16.2098   (Y': 14.755    Cb: 16.3914   Cr: 18.1276 )
00000582: 16.3789   (Y': 14.938    Cb: 16.6561   Cr: 18.1287 )
00000583: 16.4866   (Y': 15.0049   Cb: 16.7961   Cr: 18.2768 )
00000584: 16.6281   (Y': 15.1456   Cb: 16.813    Cr: 18.6016 )
00000585: 16.8741   (Y': 15.4052   Cb: 17.1013   Cr: 18.7548 )
00000587: 17.0578   (Y': 15.6305   Cb: 17.2985   Cr: 18.8309 )
00000586: 16.9803   (Y': 15.5003   Cb: 17.272    Cr: 18.7921 )
00000588: 17.079    (Y': 15.7457   Cb: 17.0873   Cr: 18.9998 )
00000589: 16.8394   (Y': 15.6047   Cb: 16.905    Cr: 18.4751 )
00000591: 17.0634   (Y': 15.7905   Cb: 17.1345   Cr: 18.7663 )
00000590: 17.0564   (Y': 15.7891   Cb: 17.1247   Cr: 18.7519 )
00000592: 16.8612   (Y': 15.4716   Cb: 16.9915   Cr: 18.7155 )
00000593: 16.6577   (Y': 15.2856   Cb: 16.8113   Cr: 18.4413 )
Total: 16.342    (Y': 15.5253   Cb: 16.2303   Cr: 17.4938 )
