00000000: 12.9872   (Y': 10.9136   Cb: 13.8338   Cr: 15.4658 )
00000001: 12.9629   (Y': 10.9277   Cb: 13.7544   Cr: 15.4132 )
00000002: 12.9389   (Y': 10.9087   Cb: 13.7087   Cr: 15.4069 )
00000003: 12.9246   (Y': 10.8795   Cb: 13.6836   Cr: 15.4511 )
00000004: 12.8465   (Y': 10.8031   Cb: 13.6333   Cr: 15.3269 )
00000005: 12.8108   (Y': 10.8009   Cb: 13.5207   Cr: 15.3114 )
00000007: 12.7217   (Y': 10.733    Cb: 13.3968   Cr: 15.2153 )
00000006: 12.7369   (Y': 10.7451   Cb: 13.426    Cr: 15.2176 )
00000008: 12.6704   (Y': 10.6924   Cb: 13.3285   Cr: 15.1598 )
00000009: 12.705    (Y': 10.7066   Cb: 13.3496   Cr: 15.2726 )
00000010: 12.7275   (Y': 10.6667   Cb: 13.4582   Cr: 15.3428 )
00000012: 12.6892   (Y': 10.6232   Cb: 13.4388   Cr: 15.2908 )
00000013: 12.673    (Y': 10.579    Cb: 13.4364   Cr: 15.3361 )
00000011: 12.7537   (Y': 10.6894   Cb: 13.4855   Cr: 15.3773 )
00000014: 12.6521   (Y': 10.567    Cb: 13.4362   Cr: 15.2566 )
00000015: 12.639    (Y': 10.5352   Cb: 13.451    Cr: 15.2566 )
00000016: 12.6374   (Y': 10.5173   Cb: 13.5027   Cr: 15.2234 )
00000017: 12.6454   (Y': 10.5578   Cb: 13.4501   Cr: 15.2265 )
00000019: 12.6382   (Y': 10.5063   Cb: 13.5588   Cr: 15.1777 )
00000018: 12.6614   (Y': 10.5457   Cb: 13.5786   Cr: 15.1585 )
00000020: 12.6519   (Y': 10.5223   Cb: 13.5991   Cr: 15.1464 )
00000021: 12.6816   (Y': 10.5522   Cb: 13.6545   Cr: 15.1391 )
00000022: 12.704    (Y': 10.5731   Cb: 13.7372   Cr: 15.0824 )
00000023: 12.7069   (Y': 10.558    Cb: 13.8096   Cr: 15.0424 )
00000024: 12.7081   (Y': 10.5931   Cb: 13.7909   Cr: 14.9754 )
00000025: 12.749    (Y': 10.6595   Cb: 13.8213   Cr: 14.9608 )
00000026: 12.8358   (Y': 10.7144   Cb: 14.0654   Cr: 14.9347 )
00000027: 12.9183   (Y': 10.7858   Cb: 14.1941   Cr: 14.9903 )
00000028: 12.9837   (Y': 10.8173   Cb: 14.3703   Cr: 15.0141 )
00000029: 13.0502   (Y': 10.8734   Cb: 14.4472   Cr: 15.0962 )
00000031: 13.0086   (Y': 10.8204   Cb: 14.4534   Cr: 15.0295 )
00000032: 12.9515   (Y': 10.7657   Cb: 14.4568   Cr: 14.8983 )
00000030: 13.0405   (Y': 10.8368   Cb: 14.4588   Cr: 15.1335 )
00000033: 12.9457   (Y': 10.792    Cb: 14.405    Cr: 14.8609 )
00000034: 12.9254   (Y': 10.7655   Cb: 14.3687   Cr: 14.8747 )
00000035: 12.9583   (Y': 10.8091   Cb: 14.3486   Cr: 14.9397 )
00000037: 12.9831   (Y': 10.8071   Cb: 14.375    Cr: 15.0328 )
00000038: 12.882    (Y': 10.7268   Cb: 14.2476   Cr: 14.9079 )
00000036: 13.0464   (Y': 10.8309   Cb: 14.4553   Cr: 15.1823 )
00000039: 12.8135   (Y': 10.7014   Cb: 14.1298   Cr: 14.7849 )
00000040: 12.7851   (Y': 10.7542   Cb: 14.0071   Cr: 14.6623 )
00000041: 12.7346   (Y': 10.7518   Cb: 13.8714   Cr: 14.5941 )
00000044: 12.9311   (Y': 11.0222   Cb: 14.0157   Cr: 14.6769 )
00000045: 12.8857   (Y': 10.9621   Cb: 13.995    Cr: 14.6367 )
00000043: 12.9342   (Y': 11.0275   Cb: 13.9903   Cr: 14.708  )
00000042: 12.8889   (Y': 10.9538   Cb: 13.95     Cr: 14.7241 )
00000046: 12.7963   (Y': 10.875    Cb: 13.901    Cr: 14.5475 )
00000047: 12.8482   (Y': 10.866    Cb: 14.05     Cr: 14.6311 )
00000049: 12.8993   (Y': 10.8993   Cb: 14.1066   Cr: 14.7185 )
00000048: 12.9011   (Y': 10.9424   Cb: 14.0372   Cr: 14.7039 )
00000051: 12.8391   (Y': 10.8108   Cb: 13.9837   Cr: 14.8015 )
00000050: 12.8473   (Y': 10.8223   Cb: 14.0313   Cr: 14.7547 )
00000052: 12.9351   (Y': 10.9362   Cb: 14.0052   Cr: 14.9149 )
00000053: 13.0216   (Y': 11.0388   Cb: 14.0341   Cr: 15.0329 )
00000054: 13.1115   (Y': 11.0254   Cb: 14.0794   Cr: 15.454  )
00000055: 13.1196   (Y': 11.0092   Cb: 14.0714   Cr: 15.5524 )
00000056: 13.0522   (Y': 10.8527   Cb: 14.0716   Cr: 15.6502 )
00000057: 13.0232   (Y': 10.8451   Cb: 13.9924   Cr: 15.6294 )
00000058: 12.9927   (Y': 10.7634   Cb: 14.0107   Cr: 15.6839 )
00000059: 13.0058   (Y': 10.7658   Cb: 13.9888   Cr: 15.7826 )
00000060: 13.1137   (Y': 10.8564   Cb: 14.0931   Cr: 15.9514 )
00000061: 13.0902   (Y': 10.7975   Cb: 14.067    Cr: 16.0484 )
00000063: 13.0638   (Y': 10.8441   Cb: 13.9538   Cr: 15.9192 )
00000062: 13.1186   (Y': 10.824    Cb: 14.0913   Cr: 16.0899 )
00000064: 13.1592   (Y': 10.9846   Cb: 13.9898   Cr: 15.9642 )
00000065: 13.1851   (Y': 10.9765   Cb: 14.0728   Cr: 16.0085 )
00000066: 13.2267   (Y': 11.0567   Cb: 14.1131   Cr: 15.9313 )
00000067: 13.3799   (Y': 11.2191   Cb: 14.2399   Cr: 16.0965 )
00000068: 13.3189   (Y': 11.1028   Cb: 14.2667   Cr: 16.0734 )
00000069: 13.3404   (Y': 11.1634   Cb: 14.2728   Cr: 15.9973 )
00000070: 13.2294   (Y': 11.0935   Cb: 14.1021   Cr: 15.8515 )
00000071: 13.2427   (Y': 11.125    Cb: 14.126    Cr: 15.7952 )
00000072: 13.2342   (Y': 11.0932   Cb: 14.1938   Cr: 15.7442 )
00000073: 13.202    (Y': 11.0111   Cb: 14.2536   Cr: 15.7288 )
00000074: 13.2337   (Y': 10.9908   Cb: 14.4567   Cr: 15.68   )
00000075: 13.2315   (Y': 10.9719   Cb: 14.4471   Cr: 15.7373 )
00000076: 13.2239   (Y': 10.9173   Cb: 14.5156   Cr: 15.7696 )
00000077: 13.2138   (Y': 10.9162   Cb: 14.4635   Cr: 15.7886 )
00000078: 13.1992   (Y': 10.8682   Cb: 14.5005   Cr: 15.8075 )
00000079: 13.1917   (Y': 10.8565   Cb: 14.5029   Cr: 15.7998 )
00000080: 13.1291   (Y': 10.8621   Cb: 14.418    Cr: 15.5594 )
00000081: 13.139    (Y': 10.8589   Cb: 14.4288   Cr: 15.6075 )
00000082: 13.2205   (Y': 11.0097   Cb: 14.3892   Cr: 15.6448 )
00000083: 13.2186   (Y': 11.0087   Cb: 14.4213   Cr: 15.5953 )
00000085: 13.2838   (Y': 11.0861   Cb: 14.425    Cr: 15.7068 )
00000084: 13.2398   (Y': 10.9934   Cb: 14.4623   Cr: 15.697  )
00000086: 13.4628   (Y': 11.3059   Cb: 14.4557   Cr: 15.972  )
00000087: 13.6053   (Y': 11.3852   Cb: 14.6288   Cr: 16.2599 )
00000088: 13.6223   (Y': 11.3115   Cb: 14.7024   Cr: 16.4817 )
00000089: 13.6465   (Y': 11.3629   Cb: 14.6527   Cr: 16.5287 )
00000090: 13.6061   (Y': 11.299    Cb: 14.5922   Cr: 16.5978 )
00000093: 13.665    (Y': 11.2874   Cb: 14.6706   Cr: 16.8721 )
00000091: 13.675    (Y': 11.3229   Cb: 14.686    Cr: 16.7821 )
00000092: 13.6718   (Y': 11.3323   Cb: 14.6183   Cr: 16.8405 )
00000094: 13.6519   (Y': 11.3183   Cb: 14.6386   Cr: 16.7338 )
00000095: 13.7042   (Y': 11.3428   Cb: 14.6894   Cr: 16.8869 )
00000096: 13.7251   (Y': 11.3898   Cb: 14.6574   Cr: 16.9028 )
00000097: 13.7451   (Y': 11.378    Cb: 14.7178   Cr: 16.9693 )
00000098: 13.652    (Y': 11.2438   Cb: 14.6781   Cr: 16.9371 )
00000099: 13.6429   (Y': 11.2687   Cb: 14.6233   Cr: 16.88   )
00000100: 13.6428   (Y': 11.3342   Cb: 14.6307   Cr: 16.6367 )
00000101: 13.6586   (Y': 11.3346   Cb: 14.6641   Cr: 16.6774 )
00000102: 13.6169   (Y': 11.3163   Cb: 14.5655   Cr: 16.6471 )
00000103: 13.6681   (Y': 11.355    Cb: 14.6218   Cr: 16.7327 )
00000104: 13.7058   (Y': 11.3678   Cb: 14.6851   Cr: 16.8155 )
00000105: 13.7002   (Y': 11.3782   Cb: 14.6993   Cr: 16.7221 )
00000106: 13.8516   (Y': 11.5496   Cb: 14.8541   Cr: 16.8005 )
00000107: 13.8542   (Y': 11.5792   Cb: 14.8299   Cr: 16.7556 )
00000108: 13.7105   (Y': 11.4425   Cb: 14.6457   Cr: 16.6524 )
00000110: 13.7422   (Y': 11.4556   Cb: 14.8673   Cr: 16.4572 )
00000109: 13.6749   (Y': 11.4226   Cb: 14.6299   Cr: 16.5339 )
00000111: 13.7614   (Y': 11.4608   Cb: 14.8652   Cr: 16.5521 )
00000112: 13.6704   (Y': 11.3448   Cb: 14.836    Cr: 16.4513 )
00000114: 13.6287   (Y': 11.3467   Cb: 14.7532   Cr: 16.3296 )
00000113: 13.7053   (Y': 11.3883   Cb: 14.8531   Cr: 16.4844 )
00000116: 13.8156   (Y': 11.6532   Cb: 14.7959   Cr: 16.3588 )
00000115: 13.7515   (Y': 11.5184   Cb: 14.8401   Cr: 16.3523 )
00000118: 13.8201   (Y': 11.7477   Cb: 14.7022   Cr: 16.2441 )
00000117: 13.8001   (Y': 11.662    Cb: 14.7726   Cr: 16.283  )
00000119: 13.8206   (Y': 11.7513   Cb: 14.6637   Cr: 16.2919 )
00000121: 13.81     (Y': 11.6403   Cb: 14.6709   Cr: 16.5526 )
00000120: 13.768    (Y': 11.642    Cb: 14.6336   Cr: 16.371  )
00000122: 13.7938   (Y': 11.5918   Cb: 14.72     Cr: 16.5371 )
00000124: 13.8309   (Y': 11.5669   Cb: 14.7874   Cr: 16.7255 )
00000123: 13.7919   (Y': 11.5738   Cb: 14.7471   Cr: 16.5416 )
00000125: 13.9      (Y': 11.5867   Cb: 14.8768   Cr: 16.9279 )
00000126: 13.912    (Y': 11.6664   Cb: 14.8547   Cr: 16.7683 )
00000127: 13.875    (Y': 11.6112   Cb: 14.8774   Cr: 16.6985 )
00000128: 13.779    (Y': 11.4957   Cb: 14.8283   Cr: 16.5944 )
00000129: 13.7721   (Y': 11.457    Cb: 14.867    Cr: 16.6231 )
00000130: 13.7813   (Y': 11.4211   Cb: 14.97     Cr: 16.6423 )
00000132: 13.8037   (Y': 11.4426   Cb: 15.0349   Cr: 16.6059 )
00000133: 13.7501   (Y': 11.377    Cb: 15.0345   Cr: 16.5158 )
00000131: 13.7918   (Y': 11.4361   Cb: 15        Cr: 16.6091 )
00000134: 13.8524   (Y': 11.4726   Cb: 15.1473   Cr: 16.6251 )
00000135: 13.8772   (Y': 11.4732   Cb: 15.2492   Cr: 16.6222 )
00000136: 13.9395   (Y': 11.4824   Cb: 15.4147   Cr: 16.7198 )
00000137: 13.9552   (Y': 11.5027   Cb: 15.4406   Cr: 16.7063 )
00000138: 13.9769   (Y': 11.4401   Cb: 15.5227   Cr: 16.9348 )
00000139: 13.9887   (Y': 11.469    Cb: 15.4943   Cr: 16.942  )
00000140: 14.0306   (Y': 11.5183   Cb: 15.5266   Cr: 16.9711 )
00000141: 14.0769   (Y': 11.5608   Cb: 15.5259   Cr: 17.0977 )
00000143: 14.0942   (Y': 11.5939   Cb: 15.5108   Cr: 17.1048 )
00000142: 14.0134   (Y': 11.518    Cb: 15.4229   Cr: 17.0172 )
00000144: 14.0056   (Y': 11.4487   Cb: 15.5486   Cr: 17.0396 )
00000145: 14.0118   (Y': 11.4564   Cb: 15.5882   Cr: 16.9938 )
00000146: 14.0445   (Y': 11.5063   Cb: 15.6332   Cr: 16.9488 )
00000148: 14.0065   (Y': 11.4959   Cb: 15.6219   Cr: 16.7803 )
00000147: 14.0412   (Y': 11.5181   Cb: 15.632    Cr: 16.8902 )
00000149: 14.0674   (Y': 11.58     Cb: 15.6738   Cr: 16.7754 )
00000150: 14.0027   (Y': 11.5091   Cb: 15.6258   Cr: 16.7096 )
00000151: 14.0967   (Y': 11.6502   Cb: 15.6829   Cr: 16.6974 )
00000152: 14.1959   (Y': 11.7075   Cb: 15.7417   Cr: 16.9864 )
00000153: 14.2587   (Y': 11.786    Cb: 15.7961   Cr: 17.0077 )
00000154: 14.3744   (Y': 11.8713   Cb: 15.9576   Cr: 17.1653 )
00000155: 14.4576   (Y': 11.9048   Cb: 16.047    Cr: 17.412  )
00000156: 14.63     (Y': 12.0374   Cb: 16.2496   Cr: 17.6868 )
00000158: 14.3462   (Y': 11.5007   Cb: 16.3281   Cr: 17.9032 )
00000157: 14.6437   (Y': 12.0051   Cb: 16.3541   Cr: 17.7454 )
00000159: 14.4955   (Y': 11.6908   Cb: 16.4422   Cr: 17.928  )
00000160: 14.7959   (Y': 12.2084   Cb: 16.4075   Cr: 17.8456 )
00000161: 15.0073   (Y': 12.5337   Cb: 16.4191   Cr: 17.9314 )
00000162: 15.3244   (Y': 13.0459   Cb: 16.394    Cr: 18.0945 )
00000165: 15.3017   (Y': 12.9904   Cb: 16.3613   Cr: 18.1937 )
00000164: 15.3394   (Y': 13.0326   Cb: 16.3207   Cr: 18.3379 )
00000163: 15.3149   (Y': 13.0879   Cb: 16.2605   Cr: 18.1075 )
00000168: 14.6735   (Y': 12.4151   Cb: 15.7029   Cr: 17.4392 )
00000167: 14.9785   (Y': 12.6705   Cb: 15.9469   Cr: 18.0017 )
00000166: 15.0805   (Y': 12.8069   Cb: 16.0746   Cr: 17.9486 )
00000170: 14.2167   (Y': 11.8342   Cb: 15.488    Cr: 17.0318 )
00000169: 14.5197   (Y': 12.2549   Cb: 15.6071   Cr: 17.2203 )
00000171: 14.0434   (Y': 11.5602   Cb: 15.4035   Cr: 17.0756 )
00000172: 14.0527   (Y': 11.536    Cb: 15.4242   Cr: 17.1892 )
00000173: 14.0374   (Y': 11.5609   Cb: 15.3141   Cr: 17.1705 )
00000174: 13.946    (Y': 11.558    Cb: 15.0922   Cr: 16.9655 )
00000176: 13.925    (Y': 11.6483   Cb: 14.9109   Cr: 16.816  )
00000175: 13.9288   (Y': 11.5612   Cb: 15.0848   Cr: 16.863  )
00000177: 13.8618   (Y': 11.622    Cb: 14.7799   Cr: 16.738  )
00000178: 13.88     (Y': 11.6664   Cb: 14.7422   Cr: 16.7594 )
00000179: 13.932    (Y': 11.7755   Cb: 14.7307   Cr: 16.7309 )
00000180: 13.8523   (Y': 11.7191   Cb: 14.6088   Cr: 16.6455 )
00000181: 13.8772   (Y': 11.7457   Cb: 14.565    Cr: 16.7773 )
00000182: 13.8324   (Y': 11.6669   Cb: 14.61     Cr: 16.6933 )
00000183: 13.8875   (Y': 11.755    Cb: 14.5971   Cr: 16.7546 )
00000184: 13.9703   (Y': 11.8252   Cb: 14.7828   Cr: 16.7124 )
00000186: 14.026    (Y': 11.9862   Cb: 14.806    Cr: 16.506  )
00000185: 14.1171   (Y': 12.0321   Cb: 14.8943   Cr: 16.7324 )
00000187: 14.1301   (Y': 12.0862   Cb: 14.831    Cr: 16.742  )
00000188: 14.4572   (Y': 12.3789   Cb: 15.2819   Cr: 16.9813 )
00000189: 14.5981   (Y': 12.4621   Cb: 15.4493   Cr: 17.2529 )
00000190: 14.8789   (Y': 12.727    Cb: 15.7827   Cr: 17.5025 )
00000193: 14.9625   (Y': 12.9727   Cb: 15.7568   Cr: 17.2841 )
00000191: 15.0027   (Y': 12.8915   Cb: 15.8711   Cr: 17.5582 )
00000194: 14.9345   (Y': 13.0349   Cb: 15.6167   Cr: 17.1772 )
00000192: 15.0531   (Y': 13.0281   Cb: 15.8632   Cr: 17.448  )
00000195: 14.8845   (Y': 12.9598   Cb: 15.6064   Cr: 17.1357 )
00000196: 14.5388   (Y': 12.5959   Cb: 15.2421   Cr: 16.865  )
00000197: 14.3443   (Y': 12.3323   Cb: 15.0856   Cr: 16.8036 )
00000198: 14.1745   (Y': 12.0829   Cb: 15.0532   Cr: 16.6577 )
00000199: 14.1215   (Y': 11.9642   Cb: 15.0839   Cr: 16.6755 )
00000200: 14.1133   (Y': 12.041    Cb: 14.9662   Cr: 16.5789 )
00000202: 14.1935   (Y': 12.0356   Cb: 15.159    Cr: 16.7443 )
00000201: 14.1396   (Y': 12.0393   Cb: 15.0726   Cr: 16.5701 )
00000203: 14.2561   (Y': 12.0571   Cb: 15.2267   Cr: 16.9235 )
00000204: 14.2491   (Y': 11.9935   Cb: 15.3043   Cr: 16.9676 )
00000207: 14.4844   (Y': 12.1537   Cb: 15.6063   Cr: 17.3463 )
00000206: 14.3449   (Y': 12.0241   Cb: 15.469    Cr: 17.1711 )
00000205: 14.2799   (Y': 12.0572   Cb: 15.2806   Cr: 16.9758 )
00000208: 14.6245   (Y': 12.2873   Cb: 15.8326   Cr: 17.3818 )
00000210: 14.7987   (Y': 12.5469   Cb: 16.0369   Cr: 17.251  )
00000209: 14.7146   (Y': 12.3965   Cb: 15.9509   Cr: 17.3715 )
00000212: 14.5544   (Y': 12.3788   Cb: 15.7506   Cr: 16.8425 )
00000211: 14.7817   (Y': 12.5326   Cb: 16.0559   Cr: 17.179  )
00000213: 14.4927   (Y': 12.3539   Cb: 15.6592   Cr: 16.717  )
00000215: 14.26     (Y': 12.1603   Cb: 15.3882   Cr: 16.4273 )
00000216: 14.2473   (Y': 12.1323   Cb: 15.4049   Cr: 16.4186 )
00000214: 14.3342   (Y': 12.2456   Cb: 15.4517   Cr: 16.4858 )
00000218: 14.2753   (Y': 12.0905   Cb: 15.5217   Cr: 16.5252 )
00000217: 14.2196   (Y': 12.0757   Cb: 15.4105   Cr: 16.4269 )
00000220: 14.476    (Y': 12.1938   Cb: 15.8172   Cr: 16.8837 )
00000219: 14.3407   (Y': 12.1071   Cb: 15.6948   Cr: 16.593  )
00000221: 14.5211   (Y': 12.208    Cb: 15.944    Cr: 16.917  )
00000223: 14.6463   (Y': 12.2557   Cb: 16.0929   Cr: 17.2486 )
00000222: 14.5613   (Y': 12.1865   Cb: 15.9793   Cr: 17.1513 )
00000224: 14.5983   (Y': 12.2232   Cb: 15.9809   Cr: 17.2357 )
00000225: 14.6218   (Y': 12.2415   Cb: 15.997    Cr: 17.286  )
00000226: 14.7693   (Y': 12.354    Cb: 16.1356   Cr: 17.5598 )
00000227: 14.8303   (Y': 12.3846   Cb: 16.2129   Cr: 17.6995 )
00000228: 14.9066   (Y': 12.5442   Cb: 16.06     Cr: 17.8274 )
00000229: 14.9884   (Y': 12.6235   Cb: 16.1493   Cr: 17.9065 )
00000230: 15.1253   (Y': 12.7839   Cb: 16.2811   Cr: 17.9722 )
00000231: 15.1526   (Y': 12.8072   Cb: 16.3436   Cr: 17.9612 )
00000232: 15.257    (Y': 12.9581   Cb: 16.3861   Cr: 18.0049 )
00000233: 15.1386   (Y': 12.8337   Cb: 16.2341   Cr: 17.9555 )
00000234: 14.8749   (Y': 12.3638   Cb: 16.2624   Cr: 17.9672 )
00000235: 14.9266   (Y': 12.413    Cb: 16.314    Cr: 18.0279 )
00000236: 14.992    (Y': 12.3826   Cb: 16.4738   Cr: 18.3131 )
00000237: 15.0458   (Y': 12.4349   Cb: 16.5603   Cr: 18.3234 )
00000238: 15.0274   (Y': 12.4148   Cb: 16.5734   Cr: 18.2649 )
00000239: 15.0343   (Y': 12.4127   Cb: 16.5543   Cr: 18.3456 )
00000240: 14.9388   (Y': 12.3844   Cb: 16.3172   Cr: 18.2065 )
00000241: 14.8372   (Y': 12.2783   Cb: 16.2596   Cr: 18.0547 )
00000242: 14.7569   (Y': 12.1921   Cb: 16.1977   Cr: 17.9687 )
00000245: 14.8101   (Y': 12.1546   Cb: 16.3956   Cr: 18.1571 )
00000243: 14.6995   (Y': 12.1353   Cb: 16.168    Cr: 17.8679 )
00000244: 14.7402   (Y': 12.1094   Cb: 16.3011   Cr: 18.0263 )
00000246: 14.8373   (Y': 12.2148   Cb: 16.3421   Cr: 18.175  )
00000248: 14.9642   (Y': 12.3309   Cb: 16.3893   Cr: 18.4707 )
00000247: 14.8883   (Y': 12.2812   Cb: 16.3064   Cr: 18.2995 )
00000250: 15.0368   (Y': 12.2915   Cb: 16.6618   Cr: 18.6969 )
00000249: 15.0121   (Y': 12.3145   Cb: 16.5466   Cr: 18.6117 )
00000251: 14.9494   (Y': 12.1774   Cb: 16.6113   Cr: 18.6682 )
00000253: 14.8343   (Y': 12.2148   Cb: 16.2262   Cr: 18.3378 )
00000252: 14.8479   (Y': 12.1359   Cb: 16.4167   Cr: 18.4532 )
00000254: 14.7753   (Y': 12.1787   Cb: 16.1838   Cr: 18.1596 )
00000255: 14.8062   (Y': 12.2289   Cb: 16.2239   Cr: 18.1011 )
00000256: 14.8753   (Y': 12.3019   Cb: 16.3106   Cr: 18.1281 )
00000257: 14.8755   (Y': 12.275    Cb: 16.3753   Cr: 18.1352 )
00000258: 14.895    (Y': 12.2427   Cb: 16.4108   Cr: 18.3353 )
00000259: 14.9517   (Y': 12.3401   Cb: 16.4038   Cr: 18.3276 )
00000260: 15.051    (Y': 12.4648   Cb: 16.4806   Cr: 18.362  )
00000261: 14.914    (Y': 12.2787   Cb: 16.3953   Cr: 18.3391 )
00000262: 14.9217   (Y': 12.2823   Cb: 16.3609   Cr: 18.43   )
00000263: 15.006    (Y': 12.4007   Cb: 16.4018   Cr: 18.4457 )
00000264: 14.8708   (Y': 12.2503   Cb: 16.2786   Cr: 18.3526 )
00000266: 14.772    (Y': 12.1751   Cb: 16.0486   Cr: 18.3745 )
00000265: 14.8263   (Y': 12.225    Cb: 16.1654   Cr: 18.3421 )
00000267: 14.8566   (Y': 12.2315   Cb: 16.1581   Cr: 18.5349 )
00000268: 14.8092   (Y': 12.2177   Cb: 15.9793   Cr: 18.5762 )
00000269: 14.8193   (Y': 12.2454   Cb: 15.9365   Cr: 18.6077 )
00000270: 14.8813   (Y': 12.3011   Cb: 16.033    Cr: 18.6332 )
00000271: 14.9718   (Y': 12.3593   Cb: 16.2116   Cr: 18.704  )
00000272: 14.9846   (Y': 12.3699   Cb: 16.1812   Cr: 18.8044 )
00000273: 14.9796   (Y': 12.3677   Cb: 16.1774   Cr: 18.7848 )
00000274: 14.9612   (Y': 12.3874   Cb: 16.1462   Cr: 18.6262 )
00000275: 14.943    (Y': 12.3729   Cb: 16.114    Cr: 18.6176 )
00000276: 14.9424   (Y': 12.3524   Cb: 16.241    Cr: 18.4786 )
00000277: 14.9735   (Y': 12.4176   Cb: 16.2263   Cr: 18.4482 )
00000278: 14.857    (Y': 12.2961   Cb: 16.1384   Cr: 18.3041 )
00000281: 14.6676   (Y': 12.134    Cb: 15.8831   Cr: 18.1162 )
00000280: 14.7195   (Y': 12.1788   Cb: 15.9364   Cr: 18.1932 )
00000279: 14.8124   (Y': 12.2782   Cb: 16.0059   Cr: 18.3001 )
00000282: 14.6862   (Y': 12.2274   Cb: 15.7187   Cr: 18.1535 )
00000283: 14.6723   (Y': 12.2218   Cb: 15.7097   Cr: 18.0985 )
00000284: 14.5688   (Y': 12.146    Cb: 15.5699   Cr: 17.9515 )
00000285: 14.5733   (Y': 12.2031   Cb: 15.5259   Cr: 17.8426 )
00000286: 14.6689   (Y': 12.285    Cb: 15.6636   Cr: 17.9172 )
00000287: 14.7066   (Y': 12.3397   Cb: 15.7058   Cr: 17.8857 )
00000288: 14.7126   (Y': 12.3847   Cb: 15.6761   Cr: 17.8124 )
00000289: 14.6638   (Y': 12.3443   Cb: 15.6568   Cr: 17.6874 )
00000290: 14.559    (Y': 12.2404   Cb: 15.5163   Cr: 17.6364 )
00000291: 14.6099   (Y': 12.2725   Cb: 15.5859   Cr: 17.7225 )
00000292: 14.5518   (Y': 12.1228   Cb: 15.7099   Cr: 17.6974 )
00000293: 14.5249   (Y': 12.0904   Cb: 15.6761   Cr: 17.7018 )
00000294: 14.5987   (Y': 12.266    Cb: 15.6439   Cr: 17.5846 )
00000295: 14.7023   (Y': 12.4016   Cb: 15.731    Cr: 17.606  )
00000296: 14.9128   (Y': 12.6143   Cb: 15.9818   Cr: 17.7487 )
00000297: 14.8819   (Y': 12.6618   Cb: 15.9141   Cr: 17.5238 )
00000298: 14.9968   (Y': 12.7028   Cb: 16.1838   Cr: 17.6471 )
00000299: 15.1396   (Y': 12.7848   Cb: 16.4532   Cr: 17.8065 )
00000300: 15.2137   (Y': 12.7795   Cb: 16.7025   Cr: 17.9002 )
00000301: 15.1929   (Y': 12.7161   Cb: 16.7514   Cr: 17.9281 )
00000303: 15.2383   (Y': 12.7175   Cb: 16.856    Cr: 18.0438 )
00000302: 15.1796   (Y': 12.6335   Cb: 16.8654   Cr: 17.9828 )
00000304: 15.1996   (Y': 12.689    Cb: 16.9105   Cr: 17.8518 )
00000305: 15.2725   (Y': 12.7597   Cb: 16.9732   Cr: 17.9445 )
00000306: 15.3733   (Y': 12.813    Cb: 17.1345   Cr: 18.1282 )
00000308: 15.5437   (Y': 13.0587   Cb: 17.1917   Cr: 18.1904 )
00000307: 15.3833   (Y': 12.8656   Cb: 17.0368   Cr: 18.1317 )
00000309: 15.4512   (Y': 12.9718   Cb: 17.1242   Cr: 18.0488 )
00000311: 15.49     (Y': 13.0337   Cb: 17.119    Cr: 18.0684 )
00000310: 15.5211   (Y': 13.0556   Cb: 17.1735   Cr: 18.0995 )
00000313: 15.4561   (Y': 12.97     Cb: 17.2024   Cr: 17.9857 )
00000314: 15.48     (Y': 12.9754   Cb: 17.1886   Cr: 18.1155 )
00000312: 15.5337   (Y': 13.1072   Cb: 17.1325   Cr: 18.0555 )
00000315: 15.4966   (Y': 12.9642   Cb: 17.2488   Cr: 18.1693 )
00000316: 15.5451   (Y': 13.0086   Cb: 17.3082   Cr: 18.2184 )
00000317: 15.6202   (Y': 13.049    Cb: 17.4922   Cr: 18.2764 )
00000318: 15.6653   (Y': 13.1847   Cb: 17.4342   Cr: 18.1509 )
00000320: 15.6594   (Y': 13.2084   Cb: 17.3445   Cr: 18.152  )
00000319: 15.6302   (Y': 13.1805   Cb: 17.3459   Cr: 18.0825 )
00000322: 15.6258   (Y': 13.0661   Cb: 17.5387   Cr: 18.1956 )
00000321: 15.6603   (Y': 13.1166   Cb: 17.5206   Cr: 18.24   )
00000324: 15.7536   (Y': 13.1728   Cb: 17.6917   Cr: 18.3634 )
00000323: 15.6325   (Y': 13.1323   Cb: 17.4153   Cr: 18.1638 )
00000325: 15.7475   (Y': 13.1738   Cb: 17.6754   Cr: 18.3458 )
00000327: 15.5959   (Y': 13.0046   Cb: 17.5023   Cr: 18.2779 )
00000326: 15.6716   (Y': 13.0795   Cb: 17.5957   Cr: 18.3352 )
00000328: 15.5824   (Y': 13.0398   Cb: 17.4552   Cr: 18.1437 )
00000329: 15.6473   (Y': 13.0985   Cb: 17.5049   Cr: 18.2462 )
00000330: 15.7274   (Y': 13.2255   Cb: 17.5117   Cr: 18.262  )
00000331: 15.7296   (Y': 13.245    Cb: 17.46     Cr: 18.2737 )
00000332: 15.6078   (Y': 13.1182   Cb: 17.3617   Cr: 18.1397 )
00000333: 15.0766   (Y': 12.3824   Cb: 17.1236   Cr: 17.9479 )
00000336: 15.014    (Y': 12.3998   Cb: 17.0269   Cr: 17.648  )
00000334: 15.1181   (Y': 12.3844   Cb: 17.3214   Cr: 17.9473 )
00000335: 15.0988   (Y': 12.4792   Cb: 17.0436   Cr: 17.8314 )
00000337: 14.7871   (Y': 12.2503   Cb: 16.6014   Cr: 17.399  )
00000338: 14.7136   (Y': 12.1452   Cb: 16.7158   Cr: 17.2098 )
00000339: 14.5886   (Y': 12.0761   Cb: 16.5279   Cr: 16.979  )
00000340: 14.5608   (Y': 12.071    Cb: 16.4846   Cr: 16.8984 )
00000341: 14.7843   (Y': 12.0929   Cb: 16.992    Cr: 17.4594 )
00000342: 14.64     (Y': 11.9651   Cb: 16.6813   Cr: 17.4497 )
00000343: 14.5518   (Y': 11.869    Cb: 16.5545   Cr: 17.4364 )
00000344: 14.5929   (Y': 11.9389   Cb: 16.5982   Cr: 17.3718 )
00000345: 14.5879   (Y': 11.994    Cb: 16.1964   Cr: 17.6652 )
00000346: 14.6856   (Y': 12.0686   Cb: 16.2261   Cr: 17.9481 )
00000347: 14.6265   (Y': 11.9441   Cb: 16.1397   Cr: 18.1957 )
00000348: 14.5634   (Y': 11.8219   Cb: 16.1213   Cr: 18.3153 )
00000349: 15.1093   (Y': 12.4462   Cb: 16.4362   Cr: 18.9085 )
00000350: 15.2272   (Y': 12.6584   Cb: 16.4546   Cr: 18.7974 )
00000351: 15.2541   (Y': 12.8176   Cb: 16.3251   Cr: 18.5694 )
00000352: 15.3445   (Y': 12.8342   Cb: 16.4614   Cr: 18.868  )
00000353: 15.4829   (Y': 13.0561   Cb: 16.4754   Cr: 18.8959 )
00000354: 15.4759   (Y': 13.0829   Cb: 16.4558   Cr: 18.7826 )
00000355: 15.1972   (Y': 12.8222   Cb: 16.0198   Cr: 18.7163 )
00000356: 15.1212   (Y': 12.7711   Cb: 15.954    Cr: 18.5263 )
00000357: 15.0074   (Y': 12.5494   Cb: 16.0074   Cr: 18.5289 )
00000359: 15.0066   (Y': 12.4501   Cb: 16.1007   Cr: 18.7625 )
00000358: 15.0182   (Y': 12.562    Cb: 16.0305   Cr: 18.5105 )
00000360: 15.1117   (Y': 12.5669   Cb: 16.1472   Cr: 18.9265 )
00000361: 15.2765   (Y': 12.8022   Cb: 16.2261   Cr: 18.9557 )
00000362: 15.2109   (Y': 12.7527   Cb: 16.1173   Cr: 18.9056 )
00000363: 15.2006   (Y': 12.7407   Cb: 16.1721   Cr: 18.7809 )
00000364: 15.2557   (Y': 12.8686   Cb: 16.1623   Cr: 18.668  )
00000365: 15.2475   (Y': 12.7446   Cb: 16.3038   Cr: 18.8483 )
00000366: 15.26     (Y': 12.747    Cb: 16.343    Cr: 18.8543 )
00000368: 15.1981   (Y': 12.7332   Cb: 16.2068   Cr: 18.7313 )
00000367: 15.226    (Y': 12.7513   Cb: 16.194    Cr: 18.873  )
00000369: 15.3063   (Y': 12.8513   Cb: 16.3457   Cr: 18.7464 )
00000370: 15.2825   (Y': 12.8081   Cb: 16.3205   Cr: 18.8011 )
00000371: 15.3055   (Y': 12.8564   Cb: 16.2341   Cr: 18.9209 )
00000372: 15.3325   (Y': 12.8348   Cb: 16.3736   Cr: 18.9399 )
00000373: 15.3669   (Y': 12.9      Cb: 16.3634   Cr: 18.9296 )
00000374: 15.3295   (Y': 12.8878   Cb: 16.2332   Cr: 18.9612 )
00000375: 15.2692   (Y': 12.942    Cb: 16.0884   Cr: 18.6137 )
00000376: 15.2979   (Y': 12.9572   Cb: 16.1313   Cr: 18.6671 )
00000377: 15.2575   (Y': 13.0561   Cb: 15.8739   Cr: 18.5162 )
00000378: 15.2639   (Y': 13.0274   Cb: 15.8658   Cr: 18.676  )
00000379: 15.3854   (Y': 13.1504   Cb: 16.0767   Cr: 18.6266 )
00000380: 15.3198   (Y': 13.0856   Cb: 16.0051   Cr: 18.5689 )
00000382: 15.2923   (Y': 12.9937   Cb: 16.1097   Cr: 18.5356 )
00000381: 15.2597   (Y': 12.975    Cb: 16.0112   Cr: 18.5702 )
00000384: 15.2082   (Y': 12.6459   Cb: 16.4774   Cr: 18.6812 )
00000383: 15.2357   (Y': 12.8548   Cb: 16.1718   Cr: 18.5733 )
00000385: 15.1457   (Y': 12.4748   Cb: 16.5515   Cr: 18.8426 )
00000386: 15.14     (Y': 12.4752   Cb: 16.5281   Cr: 18.8405 )
00000387: 15.1469   (Y': 12.4557   Cb: 16.5504   Cr: 18.9367 )
00000388: 15.1002   (Y': 12.4513   Cb: 16.4033   Cr: 18.8789 )
00000389: 15.1203   (Y': 12.3563   Cb: 16.6136   Cr: 19.0861 )
00000390: 15.1285   (Y': 12.4189   Cb: 16.5856   Cr: 18.9083 )
00000391: 15.0252   (Y': 12.2767   Cb: 16.5819   Cr: 18.8114 )
00000392: 15.0217   (Y': 12.3338   Cb: 16.4537   Cr: 18.7486 )
00000393: 15.028    (Y': 12.3688   Cb: 16.3807   Cr: 18.7652 )
00000394: 14.9944   (Y': 12.3404   Cb: 16.3149   Cr: 18.7648 )
00000395: 14.9691   (Y': 12.3645   Cb: 16.2007   Cr: 18.6824 )
00000396: 14.9421   (Y': 12.3311   Cb: 16.1813   Cr: 18.6697 )
00000398: 14.8701   (Y': 12.4015   Cb: 15.8344   Cr: 18.4986 )
00000397: 14.9028   (Y': 12.375    Cb: 15.9724   Cr: 18.5822 )
00000399: 14.9865   (Y': 12.4932   Cb: 15.9834   Cr: 18.6565 )
00000400: 14.9268   (Y': 12.4309   Cb: 15.9376   Cr: 18.5815 )
00000401: 15.0312   (Y': 12.5279   Cb: 16.0781   Cr: 18.6501 )
00000402: 15.2124   (Y': 12.6039   Cb: 16.4243   Cr: 18.9771 )
00000403: 15.1963   (Y': 12.5753   Cb: 16.5454   Cr: 18.7767 )
00000404: 15.1921   (Y': 12.6146   Cb: 16.5026   Cr: 18.6585 )
00000406: 15.3869   (Y': 12.6836   Cb: 16.9702   Cr: 18.9326 )
00000405: 15.3715   (Y': 12.7426   Cb: 16.8475   Cr: 18.7794 )
00000409: 15.5667   (Y': 13.0147   Cb: 16.9418   Cr: 18.8301 )
00000407: 15.5474   (Y': 12.8614   Cb: 17.1137   Cr: 19.0474 )
00000408: 15.6954   (Y': 13.1476   Cb: 17.0315   Cr: 19.0036 )
00000410: 15.5534   (Y': 13.0146   Cb: 16.8966   Cr: 18.8158 )
00000411: 15.5186   (Y': 12.9738   Cb: 16.8441   Cr: 18.8322 )
00000412: 15.6338   (Y': 13.1018   Cb: 17.0149   Cr: 18.8126 )
00000413: 15.6692   (Y': 13.2229   Cb: 16.8694   Cr: 18.8115 )
00000414: 15.7325   (Y': 13.3371   Cb: 16.8321   Cr: 18.8507 )
00000415: 15.8712   (Y': 13.562    Cb: 16.8604   Cr: 18.8656 )
00000416: 15.91     (Y': 13.5803   Cb: 16.9124   Cr: 18.9531 )
00000417: 15.8856   (Y': 13.6167   Cb: 16.7586   Cr: 18.931  )
00000418: 15.8554   (Y': 13.644    Cb: 16.6891   Cr: 18.7739 )
00000419: 15.7732   (Y': 13.5489   Cb: 16.595    Cr: 18.7529 )
00000420: 15.8375   (Y': 13.5701   Cb: 16.7743   Cr: 18.7746 )
00000421: 15.8759   (Y': 13.5033   Cb: 17.0669   Cr: 18.7746 )
00000422: 15.9349   (Y': 13.5226   Cb: 17.1535   Cr: 18.9286 )
00000423: 15.8455   (Y': 13.4284   Cb: 17.1299   Cr: 18.7586 )
00000424: 15.9507   (Y': 13.613    Cb: 17.2084   Cr: 18.6396 )
00000425: 16.1669   (Y': 13.9267   Cb: 17.3367   Cr: 18.6765 )
00000426: 16.1166   (Y': 13.8235   Cb: 17.327    Cr: 18.7313 )
00000427: 15.9694   (Y': 13.7004   Cb: 17.0649   Cr: 18.6717 )
00000428: 15.9642   (Y': 13.6969   Cb: 17.0403   Cr: 18.6892 )
00000429: 16.0497   (Y': 13.8802   Cb: 17.0575   Cr: 18.5746 )
00000430: 16.0333   (Y': 13.8683   Cb: 17.1191   Cr: 18.4372 )
00000433: 16.0756   (Y': 13.8987   Cb: 17.1584   Cr: 18.5176 )
00000431: 16.1162   (Y': 13.9716   Cb: 17.1761   Cr: 18.4967 )
00000432: 16.0643   (Y': 13.8878   Cb: 17.218    Cr: 18.4099 )
00000434: 16.1026   (Y': 13.9566   Cb: 17.213    Cr: 18.42   )
00000435: 16.2655   (Y': 14.0968   Cb: 17.3492   Cr: 18.6825 )
00000436: 16.2597   (Y': 14.0162   Cb: 17.4323   Cr: 18.7755 )
00000437: 16.4248   (Y': 14.2034   Cb: 17.546    Cr: 18.9446 )
00000438: 16.458    (Y': 14.2771   Cb: 17.5129   Cr: 18.95   )
00000439: 16.3108   (Y': 13.9545   Cb: 17.6242   Cr: 18.9821 )
00000440: 16.2282   (Y': 13.7756   Cb: 17.7388   Cr: 18.9465 )
00000441: 16.504    (Y': 14.0768   Cb: 18.0907   Cr: 19.0428 )
00000442: 16.0189   (Y': 13.2912   Cb: 18.0792   Cr: 18.9966 )
00000443: 16.625    (Y': 14.1632   Cb: 18.2535   Cr: 19.2216 )
00000444: 16.8405   (Y': 14.4667   Cb: 18.3114   Cr: 19.359  )
00000445: 16.8288   (Y': 14.426    Cb: 18.3989   Cr: 19.3125 )
00000446: 16.8775   (Y': 14.3917   Cb: 18.6708   Cr: 19.3506 )
00000447: 17.021    (Y': 14.5703   Cb: 18.7082   Cr: 19.5104 )
00000449: 17.0567   (Y': 14.6391   Cb: 18.7003   Cr: 19.4963 )
00000448: 17.0398   (Y': 14.5197   Cb: 18.905    Cr: 19.5373 )
00000450: 17.0451   (Y': 14.6007   Cb: 18.7907   Cr: 19.4462 )
00000451: 17.0024   (Y': 14.5126   Cb: 18.8265   Cr: 19.4522 )
00000452: 17.0991   (Y': 14.6767   Cb: 18.8199   Cr: 19.4621 )
00000453: 17.0174   (Y': 14.5338   Cb: 18.7995   Cr: 19.4969 )
00000454: 16.7803   (Y': 14.1529   Cb: 18.7671   Cr: 19.4896 )
00000455: 16.5788   (Y': 13.9044   Cb: 18.6413   Cr: 19.3617 )
00000456: 16.4883   (Y': 13.7712   Cb: 18.6077   Cr: 19.3555 )
00000457: 16.4526   (Y': 13.7528   Cb: 18.5513   Cr: 19.2821 )
00000458: 16.8588   (Y': 14.3667   Cb: 18.7043   Cr: 19.2913 )
00000459: 16.8638   (Y': 14.4432   Cb: 18.6152   Cr: 19.1861 )
00000460: 16.9669   (Y': 14.5172   Cb: 18.7034   Cr: 19.3949 )
00000461: 17.0016   (Y': 14.51     Cb: 18.7833   Cr: 19.5068 )
00000462: 17.0081   (Y': 14.5037   Cb: 18.8561   Cr: 19.476  )
00000463: 17.054    (Y': 14.5768   Cb: 18.7611   Cr: 19.6029 )
00000464: 16.9305   (Y': 14.3966   Cb: 18.6709   Cr: 19.6228 )
00000465: 16.8624   (Y': 14.2485   Cb: 18.6845   Cr: 19.7264 )
00000466: 16.9926   (Y': 14.4694   Cb: 18.8147   Cr: 19.5509 )
00000467: 17.0548   (Y': 14.5745   Cb: 18.799    Cr: 19.5688 )
00000469: 16.8119   (Y': 14.2776   Cb: 18.6355   Cr: 19.4044 )
00000468: 16.8909   (Y': 14.3794   Cb: 18.6914   Cr: 19.4371 )
00000470: 16.8052   (Y': 14.2725   Cb: 18.5839   Cr: 19.4467 )
00000472: 16.8703   (Y': 14.3746   Cb: 18.6574   Cr: 19.3821 )
00000471: 16.7842   (Y': 14.2726   Cb: 18.536    Cr: 19.389  )
00000473: 16.8605   (Y': 14.3384   Cb: 18.7443   Cr: 19.3436 )
00000474: 16.7197   (Y': 14.1788   Cb: 18.5814   Cr: 19.2883 )
00000475: 16.6413   (Y': 14.1266   Cb: 18.4095   Cr: 19.2367 )
00000477: 16.4863   (Y': 13.9564   Cb: 18.2325   Cr: 19.1585 )
00000476: 16.4983   (Y': 13.9648   Cb: 18.2443   Cr: 19.1827 )
00000478: 16.3642   (Y': 13.8523   Cb: 18.0547   Cr: 19.0461 )
00000479: 16.394    (Y': 13.8321   Cb: 18.219    Cr: 19.0758 )
00000480: 16.3077   (Y': 13.7328   Cb: 18.0874   Cr: 19.0895 )
00000482: 16.3101   (Y': 13.6987   Cb: 18.1471   Cr: 19.1463 )
00000481: 16.2947   (Y': 13.7428   Cb: 18.0036   Cr: 19.0877 )
00000484: 16.1759   (Y': 13.5423   Cb: 18.0741   Cr: 19.0139 )
00000483: 16.245    (Y': 13.6539   Cb: 18.0689   Cr: 19.0273 )
00000485: 16.1842   (Y': 13.58     Cb: 18.0589   Cr: 18.9487 )
00000486: 16.0708   (Y': 13.4583   Cb: 17.9375   Cr: 18.874  )
00000487: 15.9868   (Y': 13.3348   Cb: 17.8775   Cr: 18.8998 )
00000488: 15.8947   (Y': 13.265    Cb: 17.7171   Cr: 18.8146 )
00000489: 15.8075   (Y': 13.1415   Cb: 17.6474   Cr: 18.8369 )
00000490: 15.739    (Y': 13.0743   Cb: 17.5716   Cr: 18.7733 )
00000491: 15.6801   (Y': 13.0094   Cb: 17.5077   Cr: 18.7433 )
00000492: 15.5988   (Y': 12.941    Cb: 17.3511   Cr: 18.7154 )
00000494: 15.334    (Y': 12.6081   Cb: 17.1477   Cr: 18.6299 )
00000493: 15.5112   (Y': 12.8324   Cb: 17.333    Cr: 18.6127 )
00000495: 15.2936   (Y': 12.5667   Cb: 17.0676   Cr: 18.6504 )
00000496: 15.2283   (Y': 12.5718   Cb: 16.8549   Cr: 18.5175 )
00000497: 15.2467   (Y': 12.6062   Cb: 16.8694   Cr: 18.4796 )
00000498: 15.0965   (Y': 12.4158   Cb: 16.7603   Cr: 18.4271 )
00000499: 15.0832   (Y': 12.383    Cb: 16.7599   Cr: 18.4736 )
00000500: 15.0695   (Y': 12.3595   Cb: 16.7864   Cr: 18.4399 )
00000501: 15.2514   (Y': 12.5949   Cb: 16.8442   Cr: 18.5911 )
00000503: 15.2923   (Y': 12.6302   Cb: 16.9899   Cr: 18.5017 )
00000502: 15.168    (Y': 12.518    Cb: 16.818    Cr: 18.398  )
00000504: 15.3423   (Y': 12.7365   Cb: 16.9582   Cr: 18.4533 )
00000506: 15.5053   (Y': 13.0405   Cb: 16.9001   Cr: 18.4228 )
00000505: 15.4249   (Y': 12.9146   Cb: 16.9119   Cr: 18.3715 )
00000507: 15.5381   (Y': 13.086    Cb: 16.9949   Cr: 18.3267 )
00000508: 15.5576   (Y': 13.161    Cb: 16.9242   Cr: 18.286  )
00000511: 15.5695   (Y': 13.1549   Cb: 16.9665   Cr: 18.3154 )
00000509: 15.5338   (Y': 13.1215   Cb: 16.8963   Cr: 18.3191 )
00000510: 15.5139   (Y': 13.0774   Cb: 16.8602   Cr: 18.4033 )
00000512: 15.4693   (Y': 13.0908   Cb: 16.7677   Cr: 18.2328 )
00000513: 15.3772   (Y': 13.0219   Cb: 16.6649   Cr: 18.0804 )
00000514: 15.3703   (Y': 13.0255   Cb: 16.585    Cr: 18.1425 )
00000515: 15.3647   (Y': 13.0191   Cb: 16.5535   Cr: 18.1772 )
00000517: 15.2831   (Y': 13.0141   Cb: 16.4406   Cr: 17.8966 )
00000516: 15.3036   (Y': 12.9794   Cb: 16.5117   Cr: 18.0192 )
00000518: 15.2915   (Y': 13.0552   Cb: 16.4226   Cr: 17.8427 )
00000519: 15.2678   (Y': 13.0613   Cb: 16.4125   Cr: 17.712  )
00000520: 15.3048   (Y': 13.1242   Cb: 16.4627   Cr: 17.6567 )
00000521: 15.3208   (Y': 13.0907   Cb: 16.5169   Cr: 17.7652 )
00000522: 15.3252   (Y': 13.0901   Cb: 16.5311   Cr: 17.7709 )
00000523: 15.3183   (Y': 13.0723   Cb: 16.5151   Cr: 17.8084 )
00000524: 15.2972   (Y': 13.0341   Cb: 16.5948   Cr: 17.705  )
00000525: 15.2577   (Y': 12.9721   Cb: 16.5836   Cr: 17.6953 )
00000526: 15.3405   (Y': 13.0773   Cb: 16.6812   Cr: 17.6936 )
00000527: 15.3518   (Y': 13.0981   Cb: 16.6911   Cr: 17.6792 )
00000528: 15.2093   (Y': 12.9338   Cb: 16.6181   Cr: 17.5131 )
00000529: 15.2168   (Y': 13.0061   Cb: 16.5408   Cr: 17.4419 )
00000530: 15.1707   (Y': 12.9217   Cb: 16.5215   Cr: 17.4701 )
00000531: 15.1669   (Y': 12.9578   Cb: 16.525    Cr: 17.3461 )
00000532: 15.1027   (Y': 12.8636   Cb: 16.5661   Cr: 17.2388 )
00000533: 15.0559   (Y': 12.8521   Cb: 16.4935   Cr: 17.1266 )
00000534: 15.0034   (Y': 12.8979   Cb: 16.3612   Cr: 16.9103 )
00000535: 15.0552   (Y': 12.9815   Cb: 16.3742   Cr: 16.9266 )
00000536: 15.0716   (Y': 12.9913   Cb: 16.3375   Cr: 17.0209 )
00000537: 15.0586   (Y': 13.0086   Cb: 16.2843   Cr: 16.9785 )
00000538: 14.8216   (Y': 12.8171   Cb: 15.9977   Cr: 16.6879 )
00000539: 14.803    (Y': 12.7906   Cb: 16.0152   Cr: 16.6463 )
00000540: 14.7864   (Y': 12.7772   Cb: 16.0078   Cr: 16.6115 )
00000542: 14.5947   (Y': 12.6593   Cb: 15.7903   Cr: 16.2753 )
00000541: 14.722    (Y': 12.7559   Cb: 15.9582   Cr: 16.4278 )
00000543: 14.513    (Y': 12.5507   Cb: 15.7277   Cr: 16.2341 )
00000544: 14.4967   (Y': 12.5652   Cb: 15.6332   Cr: 16.2349 )
00000545: 14.5056   (Y': 12.5528   Cb: 15.6588   Cr: 16.2745 )
00000546: 14.5841   (Y': 12.5513   Cb: 15.7853   Cr: 16.4903 )
00000548: 14.384    (Y': 12.4153   Cb: 15.4561   Cr: 16.2868 )
00000550: 14.3727   (Y': 12.4762   Cb: 15.4236   Cr: 16.1293 )
00000549: 14.3808   (Y': 12.4422   Cb: 15.4314   Cr: 16.2367 )
00000547: 14.4645   (Y': 12.4368   Cb: 15.605    Cr: 16.4306 )
00000551: 14.4169   (Y': 12.5095   Cb: 15.5026   Cr: 16.1578 )
00000552: 14.559    (Y': 12.711    Cb: 15.5947   Cr: 16.2227 )
00000553: 14.5448   (Y': 12.6696   Cb: 15.6309   Cr: 16.2116 )
00000554: 14.5638   (Y': 12.6565   Cb: 15.7441   Cr: 16.197  )
00000555: 14.5843   (Y': 12.6317   Cb: 15.8242   Cr: 16.255  )
00000557: 14.5391   (Y': 12.5533   Cb: 15.9058   Cr: 16.149  )
00000556: 14.5163   (Y': 12.5552   Cb: 15.8691   Cr: 16.0846 )
00000558: 14.585    (Y': 12.5568   Cb: 15.9695   Cr: 16.2743 )
00000559: 14.5781   (Y': 12.578    Cb: 15.8909   Cr: 16.2791 )
00000560: 14.6351   (Y': 12.59     Cb: 15.992    Cr: 16.3944 )
00000561: 14.7258   (Y': 12.6789   Cb: 16.0823   Cr: 16.4898 )
00000562: 14.7242   (Y': 12.6746   Cb: 16.1256   Cr: 16.4459 )
00000563: 14.6746   (Y': 12.6551   Cb: 16.0975   Cr: 16.3027 )
00000564: 14.7027   (Y': 12.72     Cb: 16.0717   Cr: 16.3029 )
00000565: 14.6434   (Y': 12.6663   Cb: 15.9521   Cr: 16.2954 )
00000566: 14.7155   (Y': 12.6583   Cb: 16.0005   Cr: 16.5851 )
00000567: 14.7017   (Y': 12.6278   Cb: 15.9822   Cr: 16.6178 )
00000568: 14.6578   (Y': 12.5343   Cb: 15.9571   Cr: 16.6785 )
00000569: 14.7275   (Y': 12.6313   Cb: 15.982    Cr: 16.7307 )
00000570: 14.7841   (Y': 12.6293   Cb: 15.9857   Cr: 17.0074 )
00000571: 14.8439   (Y': 12.6558   Cb: 16.0403   Cr: 17.1668 )
00000572: 14.848    (Y': 12.655    Cb: 16.0442   Cr: 17.1849 )
00000573: 14.8108   (Y': 12.6476   Cb: 15.9737   Cr: 17.107  )
00000574: 14.7614   (Y': 12.5955   Cb: 16.0109   Cr: 16.9549 )
00000575: 14.7147   (Y': 12.5578   Cb: 15.9996   Cr: 16.8408 )
00000576: 14.6356   (Y': 12.5485   Cb: 15.8925   Cr: 16.6124 )
00000577: 14.6142   (Y': 12.5617   Cb: 15.7542   Cr: 16.6439 )
00000578: 14.624    (Y': 12.6423   Cb: 15.6204   Cr: 16.6526 )
00000579: 14.6307   (Y': 12.6287   Cb: 15.6292   Cr: 16.7082 )
00000580: 14.7243   (Y': 12.6672   Cb: 15.7146   Cr: 16.9574 )
00000581: 14.7428   (Y': 12.7236   Cb: 15.6921   Cr: 16.9291 )
00000582: 14.7369   (Y': 12.734    Cb: 15.6239   Cr: 16.9642 )
00000583: 14.7285   (Y': 12.7389   Cb: 15.5892   Cr: 16.9565 )
00000584: 14.6615   (Y': 12.6733   Cb: 15.4828   Cr: 16.9406 )
00000585: 14.645    (Y': 12.638    Cb: 15.4638   Cr: 16.9784 )
00000586: 14.6801   (Y': 12.6419   Cb: 15.6026   Cr: 16.9534 )
00000588: 14.8115   (Y': 12.8195   Cb: 15.7523   Cr: 16.9385 )
00000590: 14.3906   (Y': 12.4588   Cb: 15.278    Cr: 16.4345 )
00000587: 14.6547   (Y': 12.6478   Cb: 15.5404   Cr: 16.8945 )
00000589: 14.7145   (Y': 12.7538   Cb: 15.6242   Cr: 16.8023 )
00000592: 14.2453   (Y': 12.5054   Cb: 14.8723   Cr: 16.1722 )
00000591: 14.3095   (Y': 12.422    Cb: 15.1327   Cr: 16.3278 )
00000593: 14.2492   (Y': 12.5687   Cb: 14.845    Cr: 16.0821 )
00000594: 14.1764   (Y': 12.4521   Cb: 14.8145   Cr: 16.0522 )
00000596: 14.1931   (Y': 12.3429   Cb: 15.0019   Cr: 16.14   )
00000595: 14.2186   (Y': 12.5081   Cb: 14.8185   Cr: 16.1143 )
Total: 14.5775   (Y': 12.2595   Cb: 15.7918   Cr: 17.2646 )
