00000000: 18.8805   (Y': 16.6004   Cb: 20.2289   Cr: 21.2734 )
00000001: 18.8591   (Y': 16.5748   Cb: 20.1926   Cr: 21.2832 )
00000002: 18.8191   (Y': 16.5981   Cb: 20.1075   Cr: 21.1176 )
00000007: 18.5334   (Y': 16.5018   Cb: 19.6657   Cr: 20.519  )
00000006: 18.5269   (Y': 16.4634   Cb: 19.6808   Cr: 20.5676 )
00000004: 18.6338   (Y': 16.5165   Cb: 19.8457   Cr: 20.7433 )
00000003: 18.7008   (Y': 16.5436   Cb: 19.9559   Cr: 20.8643 )
00000005: 18.5504   (Y': 16.4788   Cb: 19.7476   Cr: 20.5588 )
00000008: 18.5103   (Y': 16.5029   Cb: 19.6323   Cr: 20.4482 )
00000009: 18.5495   (Y': 16.5363   Cb: 19.7277   Cr: 20.4347 )
00000010: 18.587    (Y': 16.5603   Cb: 19.7723   Cr: 20.497  )
00000014: 18.563    (Y': 16.3398   Cb: 19.7025   Cr: 21.0631 )
00000012: 18.4675   (Y': 16.3366   Cb: 19.6263   Cr: 20.6801 )
00000013: 18.5325   (Y': 16.3423   Cb: 19.6851   Cr: 20.9187 )
00000011: 18.4508   (Y': 16.382    Cb: 19.5862   Cr: 20.528  )
00000015: 18.5981   (Y': 16.3054   Cb: 19.7736   Cr: 21.2602 )
00000016: 18.6516   (Y': 16.357    Cb: 19.8261   Cr: 21.3207 )
00000017: 18.6707   (Y': 16.3176   Cb: 19.9463   Cr: 21.3838 )
00000018: 18.6603   (Y': 16.3073   Cb: 19.903    Cr: 21.4197 )
00000019: 18.6862   (Y': 16.3159   Cb: 19.986    Cr: 21.4213 )
00000020: 18.6829   (Y': 16.3476   Cb: 19.909    Cr: 21.4084 )
00000021: 18.665    (Y': 16.3395   Cb: 19.8936   Cr: 21.3561 )
00000022: 18.7059   (Y': 16.3782   Cb: 19.9481   Cr: 21.3846 )
00000023: 18.6876   (Y': 16.3715   Cb: 19.849    Cr: 21.4441 )
00000024: 18.6779   (Y': 16.3579   Cb: 19.8458   Cr: 21.4377 )
00000025: 18.7199   (Y': 16.3732   Cb: 20.0264   Cr: 21.3704 )
00000026: 18.7738   (Y': 16.4503   Cb: 20.0413   Cr: 21.4043 )
00000027: 18.712    (Y': 16.369    Cb: 20.0065   Cr: 21.367  )
00000028: 18.7378   (Y': 16.3717   Cb: 20.0733   Cr: 21.4102 )
00000029: 18.6812   (Y': 16.2913   Cb: 20.0478   Cr: 21.388  )
00000030: 18.6309   (Y': 16.2385   Cb: 20.0149   Cr: 21.3219 )
00000031: 18.6362   (Y': 16.2541   Cb: 20.0351   Cr: 21.2744 )
00000032: 18.6354   (Y': 16.2346   Cb: 20.0463   Cr: 21.3174 )
00000033: 18.6486   (Y': 16.2374   Cb: 20.0598   Cr: 21.3639 )
00000034: 18.6778   (Y': 16.2702   Cb: 20.0919   Cr: 21.3775 )
00000035: 18.6839   (Y': 16.251    Cb: 20.1665   Cr: 21.3743 )
00000037: 18.6861   (Y': 16.2289   Cb: 20.2435   Cr: 21.3584 )
00000038: 18.666    (Y': 16.2117   Cb: 20.2137   Cr: 21.3414 )
00000036: 18.6761   (Y': 16.2396   Cb: 20.1627   Cr: 21.3731 )
00000039: 18.7235   (Y': 16.2639   Cb: 20.3002   Cr: 21.3784 )
00000040: 18.7491   (Y': 16.2592   Cb: 20.3679   Cr: 21.4494 )
00000041: 18.8111   (Y': 16.3466   Cb: 20.4442   Cr: 21.4108 )
00000042: 18.8217   (Y': 16.3502   Cb: 20.4857   Cr: 21.4048 )
00000043: 18.9602   (Y': 16.4918   Cb: 20.6749   Cr: 21.472  )
00000046: 18.9999   (Y': 16.6137   Cb: 20.593    Cr: 21.405  )
00000045: 18.9606   (Y': 16.5442   Cb: 20.6092   Cr: 21.3906 )
00000044: 18.9853   (Y': 16.5349   Cb: 20.6587   Cr: 21.4903 )
00000047: 19.0069   (Y': 16.6621   Cb: 20.567    Cr: 21.3284 )
00000048: 18.9396   (Y': 16.6442   Cb: 20.4765   Cr: 21.1465 )
00000049: 18.7977   (Y': 16.5909   Cb: 20.2685   Cr: 20.8385 )
00000050: 18.7003   (Y': 16.5262   Cb: 20.2004   Cr: 20.6225 )
00000051: 18.5909   (Y': 16.4669   Cb: 20.0505   Cr: 20.4311 )
00000052: 18.5614   (Y': 16.4368   Cb: 20.0092   Cr: 20.4156 )
00000053: 18.4915   (Y': 16.3766   Cb: 19.9093   Cr: 20.3549 )
00000054: 18.4144   (Y': 16.3124   Cb: 19.8149   Cr: 20.2647 )
00000055: 18.3274   (Y': 16.2112   Cb: 19.8558   Cr: 20.0742 )
00000056: 18.2612   (Y': 16.1333   Cb: 19.8787   Cr: 19.9446 )
00000057: 18.2193   (Y': 16.0647   Cb: 19.9533   Cr: 19.8505 )
00000058: 18.2072   (Y': 16.0428   Cb: 19.9562   Cr: 19.8472 )
00000060: 18.2903   (Y': 15.9411   Cb: 20.2445   Cr: 20.1963 )
00000059: 18.27     (Y': 15.9742   Cb: 20.1704   Cr: 20.0891 )
00000061: 18.3989   (Y': 15.9225   Cb: 20.4734   Cr: 20.5374 )
00000062: 18.3555   (Y': 15.8539   Cb: 20.5222   Cr: 20.4747 )
00000063: 18.1915   (Y': 15.7166   Cb: 20.3384   Cr: 20.2535 )
00000065: 17.7933   (Y': 15.3659   Cb: 19.8217   Cr: 19.8391 )
00000064: 18.0598   (Y': 15.6042   Cb: 20.2431   Cr: 20.0327 )
00000066: 17.6496   (Y': 15.2423   Cb: 19.6231   Cr: 19.6945 )
00000068: 17.167    (Y': 14.7269   Cb: 19.1262   Cr: 19.3199 )
00000069: 17.126    (Y': 14.6917   Cb: 19.0327   Cr: 19.3174 )
00000067: 17.3149   (Y': 14.9033   Cb: 19.2799   Cr: 19.3804 )
00000070: 17.1462   (Y': 14.6968   Cb: 19.0457   Cr: 19.3893 )
00000071: 17.2061   (Y': 14.7134   Cb: 19.1258   Cr: 19.5568 )
00000072: 17.2963   (Y': 14.7558   Cb: 19.2769   Cr: 19.7281 )
00000073: 17.5207   (Y': 14.9269   Cb: 19.6906   Cr: 19.9157 )
00000074: 17.5907   (Y': 14.9803   Cb: 19.8366   Cr: 19.9585 )
00000075: 17.7283   (Y': 15.1581   Cb: 19.8905   Cr: 20.0572 )
00000078: 17.9271   (Y': 15.3478   Cb: 20.089    Cr: 20.2848 )
00000076: 17.7965   (Y': 15.2036   Cb: 19.9986   Cr: 20.1549 )
00000077: 17.8915   (Y': 15.3129   Cb: 20.096    Cr: 20.2029 )
00000079: 17.9519   (Y': 15.4016   Cb: 20.1154   Cr: 20.2185 )
00000080: 17.9553   (Y': 15.4216   Cb: 20.1216   Cr: 20.1697 )
00000081: 18.0854   (Y': 15.563    Cb: 20.2704   Cr: 20.2472 )
00000082: 18.121    (Y': 15.6169   Cb: 20.259    Cr: 20.2763 )
00000083: 18.225    (Y': 15.7693   Cb: 20.3929   Cr: 20.2128 )
00000084: 18.278    (Y': 15.8296   Cb: 20.3794   Cr: 20.31   )
00000085: 18.4073   (Y': 15.8942   Cb: 20.6029   Cr: 20.5313 )
00000086: 18.4521   (Y': 15.9383   Cb: 20.6566   Cr: 20.5697 )
00000087: 18.5385   (Y': 16.0003   Cb: 20.8649   Cr: 20.6094 )
00000089: 18.702    (Y': 16.1397   Cb: 21.235    Cr: 20.6543 )
00000088: 18.6083   (Y': 16.0595   Cb: 21.012    Cr: 20.638  )
00000090: 18.7224   (Y': 16.1564   Cb: 21.2829   Cr: 20.661  )
00000092: 18.8331   (Y': 16.274    Cb: 21.5236   Cr: 20.6435 )
00000091: 18.8256   (Y': 16.293    Cb: 21.407    Cr: 20.6534 )
00000093: 18.9678   (Y': 16.3358   Cb: 21.8113   Cr: 20.8571 )
00000095: 19.1179   (Y': 16.364    Cb: 22.1672   Cr: 21.2001 )
00000094: 19.0051   (Y': 16.337    Cb: 21.917    Cr: 20.943  )
00000096: 19.1414   (Y': 16.3975   Cb: 22.1398   Cr: 21.2341 )
00000097: 19.154    (Y': 16.3684   Cb: 22.1125   Cr: 21.4096 )
00000099: 19.2334   (Y': 16.446    Cb: 22.0758   Cr: 21.5965 )
00000098: 19.1966   (Y': 16.4341   Cb: 22.0589   Cr: 21.4617 )
00000101: 19.3103   (Y': 16.5308   Cb: 22.0653   Cr: 21.727  )
00000102: 19.3394   (Y': 16.5887   Cb: 22.0154   Cr: 21.7351 )
00000100: 19.257    (Y': 16.4781   Cb: 22.0803   Cr: 21.6093 )
00000103: 19.3533   (Y': 16.6643   Cb: 21.8331   Cr: 21.7368 )
00000104: 19.3896   (Y': 16.7141   Cb: 21.7632   Cr: 21.8352 )
00000105: 19.3997   (Y': 16.7546   Cb: 21.5933   Cr: 21.9342 )
00000107: 19.3969   (Y': 16.8835   Cb: 21.2691   Cr: 21.8655 )
00000108: 19.4401   (Y': 16.9177   Cb: 21.2988   Cr: 21.9528 )
00000109: 19.3727   (Y': 16.9093   Cb: 21.0986   Cr: 21.855  )
00000106: 19.3546   (Y': 16.7691   Cb: 21.3647   Cr: 21.8968 )
00000110: 19.336    (Y': 16.8995   Cb: 21.0038   Cr: 21.8049 )
00000111: 19.0065   (Y': 16.3984   Cb: 21.0344   Cr: 21.6033 )
00000112: 19.298    (Y': 16.7512   Cb: 21.3003   Cr: 21.7251 )
00000113: 19.551    (Y': 17.2467   Cb: 21.2125   Cr: 21.6415 )
00000115: 18.408    (Y': 15.966    Cb: 20.1608   Cr: 20.7931 )
00000114: 19.3597   (Y': 17.072    Cb: 21.0384   Cr: 21.3862 )
00000116: 18.4829   (Y': 16.071    Cb: 20.1884   Cr: 20.8323 )
00000118: 18.1481   (Y': 15.6788   Cb: 19.9343   Cr: 20.5784 )
00000117: 18.1388   (Y': 15.6366   Cb: 19.9367   Cr: 20.6581 )
00000119: 18.1789   (Y': 15.7011   Cb: 19.9511   Cr: 20.6517 )
00000120: 18.2061   (Y': 15.7229   Cb: 20.0257   Cr: 20.641  )
00000121: 18.2381   (Y': 15.7486   Cb: 20.0672   Cr: 20.6815 )
00000122: 18.2594   (Y': 15.7536   Cb: 20.0824   Cr: 20.7609 )
00000123: 18.3316   (Y': 15.7983   Cb: 20.2426   Cr: 20.8188 )
00000124: 18.3675   (Y': 15.8204   Cb: 20.3002   Cr: 20.8739 )
00000125: 18.4153   (Y': 15.8321   Cb: 20.4217   Cr: 20.9547 )
00000126: 18.4426   (Y': 15.855    Cb: 20.4558   Cr: 20.9883 )
00000128: 18.4633   (Y': 15.8493   Cb: 20.5166   Cr: 21.0505 )
00000130: 18.4693   (Y': 15.8449   Cb: 20.5204   Cr: 21.0936 )
00000127: 18.4771   (Y': 15.862    Cb: 20.5181   Cr: 21.0822 )
00000131: 18.4708   (Y': 15.8399   Cb: 20.5198   Cr: 21.1192 )
00000129: 18.473    (Y': 15.8599   Cb: 20.4997   Cr: 21.0873 )
00000133: 18.4988   (Y': 15.8656   Cb: 20.5457   Cr: 21.1575 )
00000132: 18.4924   (Y': 15.8715   Cb: 20.5301   Cr: 21.1205 )
00000134: 18.4796   (Y': 15.8379   Cb: 20.5453   Cr: 21.1458 )
00000135: 18.4448   (Y': 15.7893   Cb: 20.5259   Cr: 21.1401 )
00000136: 18.4319   (Y': 15.7735   Cb: 20.499    Cr: 21.1534 )
00000137: 18.4101   (Y': 15.7322   Cb: 20.5196   Cr: 21.1498 )
00000138: 18.3929   (Y': 15.7256   Cb: 20.4803   Cr: 21.1214 )
00000139: 18.3402   (Y': 15.6647   Cb: 20.4513   Cr: 21.07   )
00000141: 18.3028   (Y': 15.6108   Cb: 20.4395   Cr: 21.0609 )
00000142: 18.4154   (Y': 15.7358   Cb: 20.515    Cr: 21.1726 )
00000140: 18.3403   (Y': 15.6401   Cb: 20.4902   Cr: 21.1114 )
00000143: 18.5095   (Y': 15.8508   Cb: 20.5664   Cr: 21.2441 )
00000144: 18.5453   (Y': 15.8965   Cb: 20.631    Cr: 21.2122 )
00000145: 18.5505   (Y': 15.9139   Cb: 20.619    Cr: 21.1958 )
00000146: 18.556    (Y': 15.8993   Cb: 20.6743   Cr: 21.2131 )
00000147: 18.557    (Y': 15.912    Cb: 20.673    Cr: 21.177  )
00000148: 18.5261   (Y': 15.8892   Cb: 20.6606   Cr: 21.0988 )
00000149: 18.5286   (Y': 15.8685   Cb: 20.6822   Cr: 21.1572 )
00000150: 18.5301   (Y': 15.8784   Cb: 20.6854   Cr: 21.1287 )
00000151: 18.5006   (Y': 15.8244   Cb: 20.6593   Cr: 21.1787 )
00000152: 18.4706   (Y': 15.8115   Cb: 20.6201   Cr: 21.1003 )
00000153: 18.4547   (Y': 15.7823   Cb: 20.6324   Cr: 21.0982 )
00000155: 18.4264   (Y': 15.7816   Cb: 20.5898   Cr: 20.9932 )
00000154: 18.4121   (Y': 15.7577   Cb: 20.5473   Cr: 21.0424 )
00000156: 18.4037   (Y': 15.7362   Cb: 20.6178   Cr: 20.9905 )
00000157: 18.3988   (Y': 15.7638   Cb: 20.592    Cr: 20.9007 )
00000159: 18.3947   (Y': 15.7542   Cb: 20.5977   Cr: 20.9045 )
00000158: 18.4048   (Y': 15.7546   Cb: 20.6162   Cr: 20.9373 )
00000160: 18.3965   (Y': 15.7673   Cb: 20.5807   Cr: 20.8892 )
00000161: 18.3527   (Y': 15.7291   Cb: 20.5374   Cr: 20.8269 )
00000163: 18.3447   (Y': 15.6976   Cb: 20.6122   Cr: 20.8074 )
00000162: 18.3502   (Y': 15.7068   Cb: 20.5916   Cr: 20.8285 )
00000164: 18.3414   (Y': 15.7036   Cb: 20.5543   Cr: 20.8313 )
00000165: 18.3388   (Y': 15.6891   Cb: 20.5726   Cr: 20.8455 )
00000166: 18.3252   (Y': 15.6627   Cb: 20.5858   Cr: 20.8455 )
00000168: 18.3054   (Y': 15.6215   Cb: 20.5863   Cr: 20.8754 )
00000169: 18.3157   (Y': 15.6372   Cb: 20.586    Cr: 20.8791 )
00000167: 18.3112   (Y': 15.6492   Cb: 20.5555   Cr: 20.847  )
00000170: 18.2919   (Y': 15.5949   Cb: 20.6092   Cr: 20.8669 )
00000171: 18.2999   (Y': 15.6223   Cb: 20.5835   Cr: 20.8455 )
00000172: 18.3471   (Y': 15.6913   Cb: 20.609    Cr: 20.8441 )
00000173: 18.3802   (Y': 15.7011   Cb: 20.7221   Cr: 20.8699 )
00000174: 18.4228   (Y': 15.7439   Cb: 20.7614   Cr: 20.9155 )
00000175: 18.454    (Y': 15.8002   Cb: 20.7695   Cr: 20.8886 )
00000176: 18.4376   (Y': 15.7898   Cb: 20.7533   Cr: 20.8528 )
00000177: 18.3985   (Y': 15.7446   Cb: 20.7112   Cr: 20.8363 )
00000178: 18.396    (Y': 15.7381   Cb: 20.7157   Cr: 20.8398 )
00000180: 18.4712   (Y': 15.8517   Cb: 20.7501   Cr: 20.8339 )
00000179: 18.5122   (Y': 15.9115   Cb: 20.7505   Cr: 20.8575 )
00000182: 31.6785   (Y': 27.9505   Cb: 36.9946   Cr: 36.2803 )
00000181: 18.8373   (Y': 16.0407   Cb: 21.0381   Cr: 21.9037 )
00000183: 24.3342   (Y': 20.9011   Cb: 28.6663   Cr: 28.0324 )
00000184: 23.0231   (Y': 19.7416   Cb: 26.9269   Cr: 26.3569 )
00000185: 21.2469   (Y': 18.1995   Cb: 24.5276   Cr: 24.1455 )
00000186: 20.5818   (Y': 17.821    Cb: 23.1784   Cr: 23.0867 )
00000188: 19.4123   (Y': 16.7354   Cb: 22.1032   Cr: 21.5616 )
00000189: 18.903    (Y': 16.4842   Cb: 20.9876   Cr: 20.8691 )
00000191: 18.4224   (Y': 16.1829   Cb: 20.2351   Cr: 20.1846 )
00000190: 18.6592   (Y': 16.2641   Cb: 20.7154   Cr: 20.5883 )
00000192: 18.4835   (Y': 16.2378   Cb: 20.2636   Cr: 20.2939 )
00000187: 19.7267   (Y': 16.9922   Cb: 22.5051   Cr: 21.9769 )
00000193: 18.3857   (Y': 16.1181   Cb: 20.2694   Cr: 20.1489 )
00000194: 18.3695   (Y': 16.0677   Cb: 20.2756   Cr: 20.1985 )
00000195: 18.2046   (Y': 15.9647   Cb: 20.0366   Cr: 19.9486 )
00000197: 18.0887   (Y': 15.8738   Cb: 19.9209   Cr: 19.7707 )
00000196: 18.2016   (Y': 15.9528   Cb: 20.1227   Cr: 19.8821 )
00000198: 18.0839   (Y': 15.9015   Cb: 19.9607   Cr: 19.6452 )
00000200: 17.9448   (Y': 15.7977   Cb: 19.7924   Cr: 19.4504 )
00000201: 17.843    (Y': 15.6846   Cb: 19.6433   Cr: 19.4196 )
00000199: 17.9941   (Y': 15.8374   Cb: 19.8209   Cr: 19.5417 )
00000202: 17.8093   (Y': 15.6915   Cb: 19.5309   Cr: 19.366  )
00000203: 17.8294   (Y': 15.662    Cb: 19.5337   Cr: 19.5209 )
00000204: 17.8075   (Y': 15.6597   Cb: 19.5184   Cr: 19.4453 )
00000205: 17.7917   (Y': 15.7017   Cb: 19.3824   Cr: 19.4119 )
00000207: 17.8279   (Y': 15.776    Cb: 19.3186   Cr: 19.4609 )
00000206: 17.7235   (Y': 15.6535   Cb: 19.2741   Cr: 19.3373 )
00000209: 18.1649   (Y': 16.0632   Cb: 19.6858   Cr: 19.8847 )
00000210: 17.7712   (Y': 15.8114   Cb: 19.1378   Cr: 19.3221 )
00000211: 18.1468   (Y': 16.0967   Cb: 19.5733   Cr: 19.8427 )
00000208: 18.1281   (Y': 15.9654   Cb: 19.719    Cr: 19.9239 )
00000212: 18.1318   (Y': 16.0508   Cb: 19.5667   Cr: 19.8929 )
00000213: 18.0741   (Y': 16.0117   Cb: 19.548    Cr: 19.7492 )
00000214: 18.0306   (Y': 15.9718   Cb: 19.4564   Cr: 19.7479 )
00000215: 18.081    (Y': 16.0148   Cb: 19.4573   Cr: 19.87   )
00000216: 18.0947   (Y': 16.0209   Cb: 19.5222   Cr: 19.8467 )
00000217: 18.1915   (Y': 16.116    Cb: 19.6335   Cr: 19.9316 )
00000218: 18.1614   (Y': 16.097    Cb: 19.5379   Cr: 19.9457 )
00000219: 18.2588   (Y': 16.175    Cb: 19.7922   Cr: 19.9229 )
00000220: 18.3738   (Y': 16.3033   Cb: 19.9443   Cr: 19.9686 )
00000221: 18.2809   (Y': 16.2246   Cb: 19.8176   Cr: 19.8769 )
00000223: 18.2499   (Y': 16.1144   Cb: 19.7988   Cr: 20.0224 )
00000224: 18.1057   (Y': 16.0035   Cb: 19.586    Cr: 19.8696 )
00000222: 18.3804   (Y': 16.2656   Cb: 19.9815   Cr: 20.049  )
00000226: 17.9886   (Y': 15.9958   Cb: 19.3099   Cr: 19.6632 )
00000225: 18.014    (Y': 15.9837   Cb: 19.4092   Cr: 19.6965 )
00000227: 18.0053   (Y': 16.0986   Cb: 19.2183   Cr: 19.6012 )
00000229: 18.1247   (Y': 16.1916   Cb: 19.4452   Cr: 19.6644 )
00000230: 18.1403   (Y': 16.1233   Cb: 19.5928   Cr: 19.7321 )
00000232: 18.1302   (Y': 16.022    Cb: 19.7114   Cr: 19.8032 )
00000228: 18.0415   (Y': 16.1368   Cb: 19.2862   Cr: 19.5988 )
00000233: 18.1925   (Y': 16.0469   Cb: 19.7938   Cr: 19.9352 )
00000231: 18.1678   (Y': 16.0683   Cb: 19.6975   Cr: 19.873  )
00000234: 18.1951   (Y': 16.037    Cb: 19.7989   Cr: 19.9664 )
00000235: 18.2958   (Y': 16.1039   Cb: 19.9067   Cr: 20.1437 )
00000236: 18.2172   (Y': 16.0147   Cb: 19.8039   Cr: 20.1184 )
00000237: 18.2183   (Y': 16.0664   Cb: 19.7804   Cr: 20.0177 )
00000238: 18.2125   (Y': 16.0741   Cb: 19.7315   Cr: 20.0243 )
00000240: 18.1792   (Y': 16.1156   Cb: 19.6111   Cr: 19.9016 )
00000241: 18.2373   (Y': 16.1763   Cb: 19.5943   Cr: 20.035  )
00000243: 18.2332   (Y': 16.1104   Cb: 19.6413   Cr: 20.1272 )
00000239: 18.2106   (Y': 16.1224   Cb: 19.6874   Cr: 19.9444 )
00000242: 18.2191   (Y': 16.1466   Cb: 19.6109   Cr: 20.0064 )
00000244: 18.2669   (Y': 16.1125   Cb: 19.7152   Cr: 20.1958 )
00000245: 18.2947   (Y': 16.1045   Cb: 19.7725   Cr: 20.2834 )
00000246: 18.3726   (Y': 16.2117   Cb: 19.8061   Cr: 20.3351 )
00000247: 18.3222   (Y': 16.1649   Cb: 19.7243   Cr: 20.3111 )
00000248: 18.3324   (Y': 16.1783   Cb: 19.7458   Cr: 20.3002 )
00000249: 18.299    (Y': 16.1002   Cb: 19.7937   Cr: 20.2912 )
00000250: 18.3108   (Y': 16.1248   Cb: 19.8307   Cr: 20.2417 )
00000252: 18.3394   (Y': 16.2304   Cb: 19.805    Cr: 20.1358 )
00000253: 18.249    (Y': 16.2094   Cb: 19.6126   Cr: 19.9879 )
00000251: 18.3193   (Y': 16.1671   Cb: 19.8208   Cr: 20.1842 )
00000254: 18.2119   (Y': 16.2322   Cb: 19.5216   Cr: 19.8685 )
00000255: 18.0892   (Y': 16.1558   Cb: 19.3276   Cr: 19.7176 )
00000256: 18.0901   (Y': 16.1465   Cb: 19.3326   Cr: 19.7374 )
00000257: 18.1114   (Y': 16.2215   Cb: 19.2207   Cr: 19.7853 )
00000258: 18.1221   (Y': 16.2332   Cb: 19.2749   Cr: 19.7446 )
00000259: 18.0591   (Y': 16.1771   Cb: 19.1808   Cr: 19.7011 )
00000260: 18.0799   (Y': 16.2061   Cb: 19.2144   Cr: 19.6891 )
00000261: 18.027    (Y': 16.1166   Cb: 19.1684   Cr: 19.711  )
00000264: 17.9107   (Y': 16.0067   Cb: 18.9934   Cr: 19.647  )
00000265: 17.835    (Y': 15.9274   Cb: 18.9217   Cr: 19.5752 )
00000263: 17.964    (Y': 16.0581   Cb: 19.0512   Cr: 19.6998 )
00000262: 18.0048   (Y': 16.106    Cb: 19.1204   Cr: 19.6916 )
00000266: 17.8237   (Y': 15.9113   Cb: 18.8839   Cr: 19.6059 )
00000267: 18.5894   (Y': 16.516    Cb: 20.0285   Cr: 20.3276 )
00000268: 18.078    (Y': 16.1605   Cb: 19.2946   Cr: 19.6942 )
00000270: 18.1123   (Y': 15.9245   Cb: 19.5063   Cr: 20.191  )
00000269: 18.2677   (Y': 16.2187   Cb: 19.5089   Cr: 20.1674 )
00000272: 17.1781   (Y': 15.5085   Cb: 18.1184   Cr: 18.5696 )
00000271: 17.3597   (Y': 15.598    Cb: 18.3826   Cr: 18.8497 )
00000273: 16.8623   (Y': 15.4511   Cb: 17.5785   Cr: 18.0082 )
00000274: 16.893    (Y': 15.3187   Cb: 17.7114   Cr: 18.2311 )
00000275: 16.8405   (Y': 15.3295   Cb: 17.5717   Cr: 18.1551 )
00000276: 16.8081   (Y': 15.2985   Cb: 17.5104   Cr: 18.1531 )
00000278: 16.7228   (Y': 15.0755   Cb: 17.6506   Cr: 18.0832 )
00000277: 16.7858   (Y': 15.1816   Cb: 17.6352   Cr: 18.1477 )
00000279: 16.6694   (Y': 15.0464   Cb: 17.5825   Cr: 17.9978 )
00000281: 16.4368   (Y': 14.8418   Cb: 17.3704   Cr: 17.6883 )
00000280: 16.6042   (Y': 14.9703   Cb: 17.5466   Cr: 17.9219 )
00000282: 16.3825   (Y': 14.7839   Cb: 17.3468   Cr: 17.608  )
00000283: 16.3794   (Y': 14.8098   Cb: 17.3025   Cr: 17.5937 )
00000284: 16.3677   (Y': 14.7968   Cb: 17.2765   Cr: 17.5997 )
00000285: 16.3706   (Y': 14.7963   Cb: 17.2817   Cr: 17.6065 )
00000286: 16.4016   (Y': 14.8189   Cb: 17.3168   Cr: 17.6491 )
00000287: 16.4568   (Y': 14.9008   Cb: 17.33     Cr: 17.699  )
00000288: 16.5519   (Y': 14.9827   Cb: 17.4236   Cr: 17.8209 )
00000290: 16.7311   (Y': 15.2396   Cb: 17.5361   Cr: 17.9262 )
00000289: 16.6971   (Y': 15.1746   Cb: 17.5304   Cr: 17.9191 )
00000291: 16.8377   (Y': 15.2962   Cb: 17.6838   Cr: 18.0816 )
00000292: 16.869    (Y': 15.224    Cb: 17.8125   Cr: 18.2074 )
00000293: 16.8678   (Y': 15.1182   Cb: 17.8808   Cr: 18.3432 )
00000294: 16.8417   (Y': 15.0995   Cb: 17.8344   Cr: 18.3241 )
00000295: 16.8853   (Y': 15.1076   Cb: 17.9299   Cr: 18.3853 )
00000296: 16.8518   (Y': 15.0927   Cb: 17.8937   Cr: 18.3154 )
00000297: 16.892    (Y': 15.1728   Cb: 17.9713   Cr: 18.2328 )
00000298: 16.9682   (Y': 15.2227   Cb: 18.1077   Cr: 18.2987 )
00000299: 17.054    (Y': 15.2806   Cb: 18.2739   Cr: 18.3582 )
00000300: 17.0444   (Y': 15.3067   Cb: 18.2354   Cr: 18.3064 )
00000303: 17.3015   (Y': 15.6595   Cb: 18.3306   Cr: 18.5424 )
00000302: 17.1661   (Y': 15.5285   Cb: 18.2683   Cr: 18.323  )
00000305: 17.1707   (Y': 15.4316   Cb: 18.2795   Cr: 18.5205 )
00000301: 17.1141   (Y': 15.4161   Cb: 18.2849   Cr: 18.3178 )
00000304: 17.2961   (Y': 15.6086   Cb: 18.366    Cr: 18.5832 )
00000306: 17.1453   (Y': 15.3376   Cb: 18.2919   Cr: 18.5974 )
00000307: 17.1081   (Y': 15.2596   Cb: 18.3231   Cr: 18.5742 )
00000308: 17.2085   (Y': 15.3176   Cb: 18.4612   Cr: 18.7264 )
00000309: 17.1708   (Y': 15.2365   Cb: 18.454    Cr: 18.7527 )
00000312: 17.1398   (Y': 15.2111   Cb: 18.3786   Cr: 18.7568 )
00000311: 17.1412   (Y': 15.1893   Cb: 18.4263   Cr: 18.761  )
00000313: 17.1704   (Y': 15.2257   Cb: 18.3872   Cr: 18.8485 )
00000310: 17.1549   (Y': 15.2101   Cb: 18.4539   Cr: 18.7436 )
00000315: 17.1555   (Y': 15.2161   Cb: 18.3199   Cr: 18.8802 )
00000316: 17.1619   (Y': 15.2292   Cb: 18.3327   Cr: 18.8638 )
00000314: 17.1499   (Y': 15.219    Cb: 18.3438   Cr: 18.8217 )
00000317: 17.2086   (Y': 15.3301   Cb: 18.3597   Cr: 18.8096 )
00000318: 17.2149   (Y': 15.3563   Cb: 18.3285   Cr: 18.8136 )
00000320: 17.1386   (Y': 15.2732   Cb: 18.2936   Cr: 18.7061 )
00000319: 17.1825   (Y': 15.36     Cb: 18.2841   Cr: 18.7154 )
00000321: 17.0951   (Y': 15.2125   Cb: 18.2163   Cr: 18.7391 )
00000323: 17.1416   (Y': 15.2252   Cb: 18.2512   Cr: 18.8758 )
00000322: 17.1059   (Y': 15.2595   Cb: 18.1618   Cr: 18.7427 )
00000324: 17.2022   (Y': 15.2692   Cb: 18.2849   Cr: 19.0064 )
00000325: 17.1127   (Y': 15.195    Cb: 18.1485   Cr: 18.9367 )
00000326: 17.094    (Y': 15.209    Cb: 18.0679   Cr: 18.9155 )
00000329: 17.0071   (Y': 15.1479   Cb: 17.8306   Cr: 18.9561 )
00000328: 17.0598   (Y': 15.2051   Cb: 17.9184   Cr: 18.9532 )
00000327: 17.0824   (Y': 15.2368   Cb: 17.9546   Cr: 18.9369 )
00000330: 17.0561   (Y': 15.1546   Cb: 17.9438   Cr: 19.0249 )
00000331: 17.0993   (Y': 15.2805   Cb: 17.9005   Cr: 18.981  )
00000332: 17.1138   (Y': 15.3012   Cb: 17.9032   Cr: 18.9966 )
00000333: 17.1425   (Y': 15.3491   Cb: 17.8874   Cr: 19.0379 )
00000336: 17.2243   (Y': 15.3882   Cb: 17.9581   Cr: 19.2361 )
00000335: 17.1634   (Y': 15.3981   Cb: 17.8761   Cr: 19.0356 )
00000337: 17.1922   (Y': 15.4313   Cb: 17.8404   Cr: 19.1396 )
00000334: 17.1051   (Y': 15.2922   Cb: 17.8274   Cr: 19.0765 )
00000338: 17.0947   (Y': 15.3819   Cb: 17.7232   Cr: 18.9572 )
00000340: 17.1261   (Y': 15.4674   Cb: 17.6355   Cr: 19.0268 )
00000339: 17.0768   (Y': 15.3781   Cb: 17.7037   Cr: 18.9094 )
00000341: 17.1225   (Y': 15.4732   Cb: 17.7068   Cr: 18.9012 )
00000342: 17.0786   (Y': 15.4679   Cb: 17.6259   Cr: 18.8217 )
00000345: 17.1103   (Y': 15.479    Cb: 17.6779   Cr: 18.8712 )
00000343: 17.1085   (Y': 15.5204   Cb: 17.6291   Cr: 18.8381 )
00000344: 17.0698   (Y': 15.4876   Cb: 17.5863   Cr: 18.792  )
00000346: 17.1519   (Y': 15.529    Cb: 17.6452   Cr: 18.9942 )
00000348: 17.193    (Y': 15.5408   Cb: 17.7387   Cr: 19.0292 )
00000347: 17.2183   (Y': 15.5707   Cb: 17.7584   Cr: 19.0521 )
00000349: 17.0915   (Y': 15.4118   Cb: 17.6854   Cr: 18.925  )
00000350: 16.9822   (Y': 15.3217   Cb: 17.5361   Cr: 18.8262 )
00000352: 16.7155   (Y': 15.2682   Cb: 17.1812   Cr: 18.2263 )
00000351: 16.8745   (Y': 15.3325   Cb: 17.3967   Cr: 18.505  )
00000353: 16.6052   (Y': 15.2365   Cb: 17.0347   Cr: 18.0097 )
00000354: 16.5596   (Y': 15.17     Cb: 17.019    Cr: 17.9665 )
00000355: 16.4657   (Y': 15.1332   Cb: 16.8641   Cr: 17.841  )
00000356: 16.4513   (Y': 15.106    Cb: 16.8642   Cr: 17.8324 )
00000357: 16.4162   (Y': 15.0684   Cb: 16.8735   Cr: 17.747  )
00000359: 16.5412   (Y': 15.1837   Cb: 17.0808   Cr: 17.7911 )
00000360: 16.5958   (Y': 15.2272   Cb: 17.1745   Cr: 17.8202 )
00000358: 16.4589   (Y': 15.125    Cb: 16.9736   Cr: 17.6955 )
00000361: 16.6203   (Y': 15.2287   Cb: 17.1455   Cr: 17.9504 )
00000363: 16.8498   (Y': 15.5242   Cb: 17.341    Cr: 18.0992 )
00000364: 16.8605   (Y': 15.5361   Cb: 17.3691   Cr: 18.087  )
00000362: 16.7142   (Y': 15.2707   Cb: 17.2775   Cr: 18.0967 )
00000366: 17.1916   (Y': 15.8553   Cb: 17.6847   Cr: 18.4582 )
00000365: 17.077    (Y': 15.7473   Cb: 17.5636   Cr: 18.3394 )
00000368: 16.637    (Y': 15.6778   Cb: 16.8574   Cr: 17.5936 )
00000367: 17.1466   (Y': 15.8344   Cb: 17.6064   Cr: 18.4095 )
00000369: 16.6856   (Y': 15.651    Cb: 16.9341   Cr: 17.7279 )
00000370: 16.7935   (Y': 15.6214   Cb: 17.1366   Cr: 17.9502 )
00000371: 16.9271   (Y': 15.6032   Cb: 17.4143   Cr: 18.1782 )
00000372: 17.0492   (Y': 15.6814   Cb: 17.6483   Cr: 18.2487 )
00000373: 17.1739   (Y': 15.7014   Cb: 17.8999   Cr: 18.4211 )
00000374: 17.267    (Y': 15.7513   Cb: 18.0382   Cr: 18.5454 )
00000375: 17.4581   (Y': 15.8143   Cb: 18.2859   Cr: 18.9243 )
00000376: 17.4568   (Y': 15.7582   Cb: 18.3286   Cr: 18.9858 )
00000377: 17.5484   (Y': 15.7749   Cb: 18.4491   Cr: 19.2044 )
00000378: 17.5202   (Y': 15.7247   Cb: 18.4691   Cr: 19.1679 )
00000379: 17.6246   (Y': 15.8005   Cb: 18.6235   Cr: 19.2773 )
00000380: 17.5474   (Y': 15.6786   Cb: 18.5552   Cr: 19.2907 )
00000381: 17.6424   (Y': 15.7773   Cb: 18.6288   Cr: 19.4029 )
00000382: 17.5561   (Y': 15.6808   Cb: 18.5675   Cr: 19.3101 )
00000383: 17.5904   (Y': 15.6628   Cb: 18.6581   Cr: 19.3998 )
00000384: 17.5809   (Y': 15.6717   Cb: 18.6119   Cr: 19.3909 )
00000385: 17.5791   (Y': 15.6845   Cb: 18.567    Cr: 19.4063 )
00000386: 17.5797   (Y': 15.6845   Cb: 18.5815   Cr: 19.3914 )
00000387: 17.5691   (Y': 15.7324   Cb: 18.4859   Cr: 19.3482 )
00000388: 17.5676   (Y': 15.7173   Cb: 18.5462   Cr: 19.303  )
00000389: 17.52     (Y': 15.7709   Cb: 18.3958   Cr: 19.1525 )
00000390: 17.4489   (Y': 15.7052   Cb: 18.3499   Cr: 19.0398 )
00000391: 17.4497   (Y': 15.6657   Cb: 18.3501   Cr: 19.1291 )
00000392: 17.4548   (Y': 15.6974   Cb: 18.37     Cr: 19.0584 )
00000393: 17.2425   (Y': 15.4721   Cb: 18.1377   Cr: 18.8984 )
00000394: 17.3673   (Y': 15.5462   Cb: 18.2762   Cr: 19.1204 )
00000395: 17.2675   (Y': 15.5201   Cb: 18.1125   Cr: 18.933  )
00000396: 17.3375   (Y': 15.5526   Cb: 18.2318   Cr: 19.0266 )
00000397: 17.3924   (Y': 15.4467   Cb: 18.4582   Cr: 19.247  )
00000398: 17.5107   (Y': 15.5346   Cb: 18.6502   Cr: 19.351  )
00000399: 17.632    (Y': 15.6918   Cb: 18.6523   Cr: 19.5285 )
00000400: 17.729    (Y': 15.7897   Cb: 18.7237   Cr: 19.6553 )
00000401: 17.7646   (Y': 15.7659   Cb: 18.7631   Cr: 19.8336 )
00000402: 17.8829   (Y': 15.8416   Cb: 18.9158   Cr: 20.0182 )
00000403: 18.061    (Y': 16.0012   Cb: 19.1446   Cr: 20.1794 )
00000404: 18.0429   (Y': 15.9384   Cb: 19.0754   Cr: 20.3485 )
00000405: 18.1378   (Y': 16.0968   Cb: 19.1482   Cr: 20.3014 )
00000406: 18.0417   (Y': 16.0421   Cb: 18.9385   Cr: 20.2469 )
00000408: 18.2199   (Y': 16.3325   Cb: 19.2155   Cr: 20.0207 )
00000407: 18.1524   (Y': 16.2404   Cb: 19.0031   Cr: 20.1952 )
00000409: 18.2535   (Y': 16.3385   Cb: 19.2495   Cr: 20.1194 )
00000410: 18.2949   (Y': 16.3592   Cb: 19.2565   Cr: 20.2532 )
00000411: 17.8787   (Y': 16.0459   Cb: 18.7917   Cr: 19.6532 )
00000412: 17.6032   (Y': 15.7197   Cb: 18.398    Cr: 19.6495 )
00000413: 17.3551   (Y': 15.6361   Cb: 17.9851   Cr: 19.2298 )
00000414: 17.3847   (Y': 15.6619   Cb: 18.0504   Cr: 19.2206 )
00000415: 17.4819   (Y': 15.6076   Cb: 18.3252   Cr: 19.4415 )
00000416: 17.4347   (Y': 15.51     Cb: 18.3772   Cr: 19.3902 )
00000417: 17.3299   (Y': 15.4786   Cb: 18.1712   Cr: 19.2374 )
00000418: 17.2453   (Y': 15.3917   Cb: 17.9666   Cr: 19.317  )
00000420: 17.1029   (Y': 15.3061   Cb: 17.7378   Cr: 19.154  )
00000419: 17.1073   (Y': 15.2755   Cb: 17.7406   Cr: 19.2468 )
00000421: 17.0045   (Y': 15.2356   Cb: 17.619    Cr: 19.0166 )
00000422: 16.9381   (Y': 15.1506   Cb: 17.5516   Cr: 18.9966 )
00000423: 17.0497   (Y': 15.224    Cb: 17.7403   Cr: 19.0946 )
00000424: 17.0285   (Y': 15.163    Cb: 17.7087   Cr: 19.1866 )
00000425: 17.0661   (Y': 15.1267   Cb: 17.88     Cr: 19.2274 )
00000426: 16.9981   (Y': 15.0358   Cb: 17.8575   Cr: 19.1566 )
00000428: 16.874    (Y': 14.8624   Cb: 17.7988   Cr: 19.0731 )
00000427: 16.8972   (Y': 14.8851   Cb: 17.8375   Cr: 19.0771 )
00000429: 16.8336   (Y': 14.7982   Cb: 17.7969   Cr: 19.0443 )
00000430: 16.8536   (Y': 14.8253   Cb: 17.7585   Cr: 19.1244 )
00000431: 16.7838   (Y': 14.8234   Cb: 17.5024   Cr: 19.1344 )
00000432: 16.7575   (Y': 14.8638   Cb: 17.4043   Cr: 19.0359 )
00000433: 17.147    (Y': 15.0081   Cb: 18.2602   Cr: 19.4406 )
00000434: 17.3758   (Y': 15.2579   Cb: 18.5392   Cr: 19.5473 )
00000435: 18.3951   (Y': 16.3482   Cb: 19.4484   Cr: 20.5186 )
00000436: 18.3793   (Y': 16.426    Cb: 19.3309   Cr: 20.394  )
00000437: 17.6297   (Y': 15.8338   Cb: 18.3116   Cr: 19.6145 )
00000438: 17.3645   (Y': 15.4647   Cb: 18.1026   Cr: 19.5289 )
00000439: 17.5691   (Y': 15.5954   Cb: 18.4681   Cr: 19.7039 )
00000440: 17.6949   (Y': 15.5978   Cb: 18.6659   Cr: 20.0632 )
00000441: 17.2741   (Y': 15.2533   Cb: 18.1287   Cr: 19.5942 )
00000442: 17.0847   (Y': 15.0438   Cb: 17.985    Cr: 19.3961 )
00000443: 16.9289   (Y': 14.823    Cb: 17.8497   Cr: 19.3929 )
00000444: 16.9579   (Y': 14.7706   Cb: 17.9824   Cr: 19.5116 )
00000445: 17.1349   (Y': 14.9545   Cb: 18.2148   Cr: 19.5911 )
00000447: 17.0965   (Y': 14.9973   Cb: 18.0608   Cr: 19.4801 )
00000446: 17.1707   (Y': 14.9817   Cb: 18.2435   Cr: 19.6618 )
00000449: 17.188    (Y': 15.1045   Cb: 18.1638   Cr: 19.5124 )
00000448: 17.1121   (Y': 15.0129   Cb: 18.0954   Cr: 19.4695 )
00000450: 17.0617   (Y': 15.0093   Cb: 17.9742   Cr: 19.3874 )
00000451: 16.4396   (Y': 14.5701   Cb: 17.104    Cr: 18.6302 )
00000452: 16.4718   (Y': 14.6481   Cb: 17.1443   Cr: 18.5363 )
00000453: 16.5272   (Y': 14.7888   Cb: 17.0564   Cr: 18.5862 )
00000455: 16.6048   (Y': 14.9163   Cb: 17.0368   Cr: 18.6844 )
00000454: 16.5373   (Y': 14.8064   Cb: 17.0679   Cr: 18.5761 )
00000457: 16.7118   (Y': 14.9804   Cb: 17.1283   Cr: 18.9185 )
00000456: 16.6403   (Y': 14.9056   Cb: 17.0922   Cr: 18.8022 )
00000458: 16.853    (Y': 15.0886   Cb: 17.3717   Cr: 18.9898 )
00000459: 16.8716   (Y': 15.0071   Cb: 17.4786   Cr: 19.1317 )
00000460: 16.9367   (Y': 15.052    Cb: 17.5789   Cr: 19.1983 )
00000461: 16.9874   (Y': 15.0839   Cb: 17.6939   Cr: 19.2051 )
00000463: 17.1061   (Y': 15.1883   Cb: 17.8165   Cr: 19.3555 )
00000462: 16.9284   (Y': 15.0258   Cb: 17.6288   Cr: 19.1527 )
00000464: 17.058    (Y': 15.1441   Cb: 17.7354   Cr: 19.3451 )
00000465: 16.9316   (Y': 15.03     Cb: 17.5318   Cr: 19.2997 )
00000466: 16.9212   (Y': 15.0466   Cb: 17.4907   Cr: 19.2637 )
00000467: 16.8211   (Y': 14.9723   Cb: 17.367    Cr: 19.1314 )
00000469: 16.688    (Y': 14.9057   Cb: 17.1501   Cr: 18.9534 )
00000468: 16.7602   (Y': 14.9496   Cb: 17.2488   Cr: 19.0581 )
00000471: 16.7627   (Y': 15.0769   Cb: 17.1664   Cr: 18.8775 )
00000470: 16.7255   (Y': 15.0011   Cb: 17.1471   Cr: 18.9073 )
00000472: 16.6882   (Y': 15.0094   Cb: 17.0886   Cr: 18.7913 )
00000473: 16.6857   (Y': 15.0118   Cb: 17.1223   Cr: 18.724  )
00000474: 16.6731   (Y': 15.0095   Cb: 17.1081   Cr: 18.6898 )
00000475: 16.6861   (Y': 15.0259   Cb: 17.159    Cr: 18.6411 )
00000477: 16.5692   (Y': 14.9412   Cb: 17.0049   Cr: 18.503  )
00000476: 16.6315   (Y': 14.9768   Cb: 17.118    Cr: 18.555  )
00000478: 16.5098   (Y': 14.862    Cb: 16.9688   Cr: 18.4556 )
00000479: 16.5379   (Y': 14.826    Cb: 17.1437   Cr: 18.4289 )
00000480: 16.5107   (Y': 14.7804   Cb: 17.1519   Cr: 18.3962 )
00000481: 16.5407   (Y': 14.7897   Cb: 17.2012   Cr: 18.4487 )
00000482: 16.5107   (Y': 14.7753   Cb: 17.1344   Cr: 18.4318 )
00000483: 16.5393   (Y': 14.8052   Cb: 17.1574   Cr: 18.4646 )
00000484: 16.5167   (Y': 14.7927   Cb: 17.1168   Cr: 18.4433 )
00000485: 16.5032   (Y': 14.8392   Cb: 17.0418   Cr: 18.3758 )
00000486: 16.5325   (Y': 14.8854   Cb: 17.062    Cr: 18.3796 )
00000487: 16.6048   (Y': 14.9278   Cb: 17.2021   Cr: 18.4277 )
00000489: 16.5902   (Y': 14.9641   Cb: 17.1688   Cr: 18.3256 )
00000488: 16.649    (Y': 14.978    Cb: 17.3005   Cr: 18.388  )
00000490: 16.5128   (Y': 14.8911   Cb: 17.0485   Cr: 18.2953 )
00000492: 16.3079   (Y': 14.7719   Cb: 16.7573   Cr: 18.021  )
00000491: 16.3355   (Y': 14.7901   Cb: 16.8076   Cr: 18.0382 )
00000493: 16.2558   (Y': 14.6444   Cb: 16.6925   Cr: 18.1507 )
00000495: 16.3315   (Y': 14.6738   Cb: 16.8307   Cr: 18.2439 )
00000494: 16.2922   (Y': 14.6837   Cb: 16.711    Cr: 18.2055 )
00000496: 16.3507   (Y': 14.7175   Cb: 16.8603   Cr: 18.1935 )
00000497: 16.4064   (Y': 14.7668   Cb: 16.9912   Cr: 18.163  )
00000498: 16.4231   (Y': 14.7944   Cb: 16.9833   Cr: 18.1884 )
00000500: 16.7533   (Y': 15.1301   Cb: 17.2879   Cr: 18.5405 )
00000499: 16.6048   (Y': 15.0181   Cb: 17.0886   Cr: 18.3808 )
00000501: 16.7403   (Y': 15.219    Cb: 17.2      Cr: 18.4091 )
00000502: 16.6859   (Y': 15.1549   Cb: 17.137    Cr: 18.3863 )
00000503: 16.6234   (Y': 15.1629   Cb: 17.0092   Cr: 18.265  )
00000504: 16.5411   (Y': 15.1374   Cb: 16.885    Cr: 18.124  )
00000505: 16.497    (Y': 15.0733   Cb: 16.9149   Cr: 18.0224 )
00000506: 16.4779   (Y': 15.0993   Cb: 16.882    Cr: 17.9332 )
00000507: 16.4453   (Y': 15.0031   Cb: 16.899    Cr: 17.9615 )
00000508: 16.342    (Y': 14.8305   Cb: 16.8498   Cr: 17.9279 )
00000509: 16.2866   (Y': 14.8718   Cb: 16.708    Cr: 17.79   )
00000511: 16.2012   (Y': 14.8812   Cb: 16.585    Cr: 17.5714 )
00000510: 16.2599   (Y': 14.9111   Cb: 16.6755   Cr: 17.6442 )
00000512: 16.1695   (Y': 14.826    Cb: 16.5868   Cr: 17.5417 )
00000513: 16.2169   (Y': 14.9052   Cb: 16.618    Cr: 17.5503 )
00000514: 16.2295   (Y': 14.9154   Cb: 16.6417   Cr: 17.5538 )
00000515: 16.2817   (Y': 14.8967   Cb: 16.7598   Cr: 17.6567 )
00000516: 16.2872   (Y': 14.8883   Cb: 16.7271   Cr: 17.7363 )
00000517: 16.2118   (Y': 14.845    Cb: 16.593    Cr: 17.6741 )
00000518: 16.183    (Y': 14.8055   Cb: 16.5731   Cr: 17.6543 )
00000519: 16.085    (Y': 14.681    Cb: 16.4939   Cr: 17.5835 )
00000520: 15.9985   (Y': 14.6019   Cb: 16.3705   Cr: 17.5302 )
00000521: 15.9258   (Y': 14.5383   Cb: 16.3152   Cr: 17.4171 )
00000522: 15.9355   (Y': 14.5332   Cb: 16.3313   Cr: 17.4478 )
00000523: 15.9259   (Y': 14.5815   Cb: 16.2753   Cr: 17.3859 )
00000524: 15.947    (Y': 14.5867   Cb: 16.3343   Cr: 17.3889 )
00000527: 15.9446   (Y': 14.6163   Cb: 16.3325   Cr: 17.3255 )
00000526: 15.9238   (Y': 14.5896   Cb: 16.3089   Cr: 17.3191 )
00000525: 15.9225   (Y': 14.5599   Cb: 16.3068   Cr: 17.3724 )
00000528: 15.9413   (Y': 14.6645   Cb: 16.3315   Cr: 17.2245 )
00000529: 15.9275   (Y': 14.6668   Cb: 16.2665   Cr: 17.2452 )
00000530: 15.5657   (Y': 13.9019   Cb: 16.2773   Cr: 17.213  )
00000531: 15.9509   (Y': 14.7064   Cb: 16.341    Cr: 17.1766 )
00000532: 15.9104   (Y': 14.6846   Cb: 16.2455   Cr: 17.1707 )
00000534: 15.9624   (Y': 14.8058   Cb: 16.2286   Cr: 17.1869 )
00000533: 15.9307   (Y': 14.7506   Cb: 16.224    Cr: 17.1621 )
00000535: 15.968    (Y': 14.7668   Cb: 16.2784   Cr: 17.2153 )
00000536: 15.9708   (Y': 14.721    Cb: 16.3446   Cr: 17.2259 )
00000537: 15.9065   (Y': 14.5552   Cb: 16.3527   Cr: 17.2577 )
00000538: 15.9271   (Y': 14.6113   Cb: 16.3476   Cr: 17.2442 )
00000539: 15.9236   (Y': 14.5475   Cb: 16.3898   Cr: 17.2962 )
00000541: 15.9203   (Y': 14.5003   Cb: 16.4084   Cr: 17.3495 )
00000540: 15.9332   (Y': 14.5597   Cb: 16.3572   Cr: 17.3537 )
00000542: 15.9589   (Y': 14.4972   Cb: 16.4737   Cr: 17.4363 )
00000543: 15.9595   (Y': 14.4625   Cb: 16.5041   Cr: 17.4695 )
00000544: 15.9067   (Y': 14.3927   Cb: 16.4437   Cr: 17.4604 )
00000545: 16.0319   (Y': 14.4051   Cb: 16.6843   Cr: 17.6746 )
00000546: 16.0503   (Y': 14.3731   Cb: 16.7196   Cr: 17.78   )
00000548: 16.1899   (Y': 14.3631   Cb: 17.031    Cr: 18.0399 )
00000547: 16.1106   (Y': 14.2887   Cb: 16.9262   Cr: 17.9811 )
00000550: 16.1246   (Y': 14.4446   Cb: 16.8539   Cr: 17.7849 )
00000549: 16.0977   (Y': 14.3689   Cb: 16.8761   Cr: 17.8037 )
00000551: 16.2057   (Y': 14.7583   Cb: 16.731    Cr: 17.6419 )
00000553: 17.0035   (Y': 15.5578   Cb: 17.8289   Cr: 18.0931 )
00000552: 16.2009   (Y': 14.8101   Cb: 16.6943   Cr: 17.5682 )
00000554: 16.8572   (Y': 15.4834   Cb: 17.6397   Cr: 17.8655 )
00000555: 17.2708   (Y': 15.853    Cb: 18.1286   Cr: 18.2769 )
00000558: 17.1393   (Y': 15.9392   Cb: 17.4276   Cr: 18.4123 )
00000556: 17.4541   (Y': 15.809    Cb: 18.366    Cr: 18.8275 )
00000557: 16.9499   (Y': 15.7237   Cb: 17.274    Cr: 18.2243 )
00000559: 17.2748   (Y': 16.1165   Cb: 17.5361   Cr: 18.5081 )
00000560: 17.5558   (Y': 16.3483   Cb: 17.9153   Cr: 18.7539 )
00000561: 17.2863   (Y': 16.1032   Cb: 17.3548   Cr: 18.82   )
00000562: 17.5314   (Y': 16.2888   Cb: 17.6913   Cr: 19.05   )
00000564: 17.5554   (Y': 16.3495   Cb: 17.7387   Cr: 18.9744 )
00000563: 17.7695   (Y': 16.4785   Cb: 18.0364   Cr: 19.2361 )
00000565: 17.5904   (Y': 16.4749   Cb: 17.8156   Cr: 18.7956 )
00000566: 17.6037   (Y': 16.4865   Cb: 17.8375   Cr: 18.8011 )
00000567: 17.6164   (Y': 16.3725   Cb: 18.1182   Cr: 18.7095 )
00000568: 17.5889   (Y': 16.3725   Cb: 18.0312   Cr: 18.7038 )
00000569: 17.9879   (Y': 16.5077   Cb: 18.5835   Cr: 19.4023 )
00000570: 18.1383   (Y': 16.6693   Cb: 18.7499   Cr: 19.5118 )
00000571: 18.2311   (Y': 16.5696   Cb: 18.8901   Cr: 19.9398 )
00000572: 18.3361   (Y': 16.5609   Cb: 19.2306   Cr: 20.0032 )
00000574: 18.0636   (Y': 16.5253   Cb: 18.7737   Cr: 19.4556 )
00000573: 18.1275   (Y': 16.5873   Cb: 18.851    Cr: 19.5074 )
00000575: 18.3703   (Y': 16.7792   Cb: 19.1592   Cr: 19.7751 )
00000577: 18.4175   (Y': 16.7088   Cb: 19.3285   Cr: 19.9222 )
00000576: 18.6173   (Y': 16.915    Cb: 19.5679   Cr: 20.0639 )
00000578: 18.583    (Y': 16.7997   Cb: 19.5422   Cr: 20.1919 )
00000579: 18.4395   (Y': 16.7563   Cb: 19.3886   Cr: 19.8485 )
00000580: 18.3718   (Y': 16.6425   Cb: 19.2556   Cr: 19.952  )
00000581: 18.332    (Y': 16.7735   Cb: 19.1956   Cr: 19.5893 )
00000582: 18.4396   (Y': 16.7868   Cb: 19.3998   Cr: 19.7753 )
00000583: 18.6129   (Y': 16.7897   Cb: 19.7684   Cr: 20.0885 )
00000584: 18.7128   (Y': 16.8881   Cb: 19.8269   Cr: 20.2366 )
00000585: 18.6903   (Y': 16.8025   Cb: 19.8945   Cr: 20.2538 )
00000586: 18.5922   (Y': 16.7415   Cb: 19.8139   Cr: 20.0561 )
00000587: 18.7482   (Y': 17.0382   Cb: 19.8983   Cr: 19.997  )
00000589: 18.4856   (Y': 16.8884   Cb: 19.4293   Cr: 19.7303 )
00000588: 18.6953   (Y': 17.0925   Cb: 19.6927   Cr: 19.8938 )
00000591: 18.3526   (Y': 16.927    Cb: 19.1436   Cr: 19.4429 )
00000590: 18.3956   (Y': 16.9706   Cb: 19.2226   Cr: 19.4469 )
00000592: 18.1716   (Y': 16.6426   Cb: 19.0062   Cr: 19.4045 )
00000593: 18.5674   (Y': 17.2111   Cb: 19.3775   Cr: 19.5169 )
Total: 17.5787   (Y': 15.6417   Cb: 18.6447   Cr: 19.4124 )
