00000000: 11.251    (Y': 7.98434   Cb: 14.3373   Cr: 15.3735 )
00000002: 11.3805   (Y': 8.13845   Cb: 14.3537   Cr: 15.5136 )
00000006: 11.8985   (Y': 8.97383   Cb: 14.1609   Cr: 15.4144 )
00000003: 11.3827   (Y': 8.16057   Cb: 14.2788   Cr: 15.5092 )
00000005: 11.673    (Y': 8.61573   Cb: 14.2423   Cr: 15.3912 )
00000004: 11.5762   (Y': 8.45337   Cb: 14.25     Cr: 15.4778 )
00000001: 11.2717   (Y': 7.99716   Cb: 14.3883   Cr: 15.3992 )
00000007: 11.9487   (Y': 9.03878   Cb: 14.2619   Cr: 15.334  )
00000008: 11.8785   (Y': 8.9388    Cb: 14.2263   Cr: 15.3477 )
00000009: 11.8689   (Y': 8.92198   Cb: 14.2297   Cr: 15.3532 )
00000012: 11.907    (Y': 8.99983   Cb: 14.1418   Cr: 15.3831 )
00000011: 11.8681   (Y': 8.92031   Cb: 14.2152   Cr: 15.3741 )
00000013: 12.1994   (Y': 9.47142   Cb: 14.1218   Cr: 15.3554 )
00000015: 11.8216   (Y': 8.89742   Cb: 14.032    Cr: 15.4053 )
00000014: 12.1301   (Y': 9.45339   Cb: 13.9926   Cr: 15.1697 )
00000010: 11.8936   (Y': 8.95671   Cb: 14.229    Cr: 15.3664 )
00000017: 12.2179   (Y': 9.49661   Cb: 14.1232   Cr: 15.3703 )
00000016: 11.8091   (Y': 8.86563   Cb: 14.0734   Cr: 15.406  )
00000018: 12.3491   (Y': 9.59014   Cb: 14.2609   Cr: 15.6417 )
00000022: 12.4113   (Y': 9.67104   Cb: 14.183    Cr: 15.8257 )
00000019: 12.3627   (Y': 9.60099   Cb: 14.2329   Cr: 15.724  )
00000021: 12.3785   (Y': 9.64523   Cb: 14.1924   Cr: 15.7038 )
00000023: 12.3734   (Y': 9.6718    Cb: 14.0758   Cr: 15.7312 )
00000020: 12.363    (Y': 9.58566   Cb: 14.1845   Cr: 15.8598 )
00000025: 12.3079   (Y': 9.64895   Cb: 13.9011   Cr: 15.6566 )
00000024: 12.3932   (Y': 9.75262   Cb: 13.9654   Cr: 15.7007 )
00000026: 12.2571   (Y': 9.61211   Cb: 13.7758   Cr: 15.6633 )
00000027: 12.1825   (Y': 9.51271   Cb: 13.7972   Cr: 15.5427 )
00000029: 11.9506   (Y': 9.26786   Cb: 13.5653   Cr: 15.3629 )
00000028: 12.0714   (Y': 9.42404   Cb: 13.6314   Cr: 15.4238 )
00000031: 11.8426   (Y': 9.22282   Cb: 13.3291   Cr: 15.1978 )
00000030: 11.8508   (Y': 9.21123   Cb: 13.3489   Cr: 15.267  )
00000032: 11.8813   (Y': 9.23984   Cb: 13.3847   Cr: 15.2968 )
00000034: 12.0523   (Y': 9.42751   Cb: 13.5192   Cr: 15.4577 )
00000033: 11.9188   (Y': 9.29265   Cb: 13.392    Cr: 15.3195 )
00000035: 12.0935   (Y': 9.5126    Cb: 13.4701   Cr: 15.4667 )
00000036: 12.0087   (Y': 9.40273   Cb: 13.4123   Cr: 15.4386 )
00000038: 12.1162   (Y': 9.52578   Cb: 13.501    Cr: 15.5141 )
00000037: 12.0295   (Y': 9.46053   Cb: 13.4184   Cr: 15.337  )
00000039: 12.179    (Y': 9.60588   Cb: 13.5407   Cr: 15.545  )
00000040: 12.3426   (Y': 9.8116    Cb: 13.7585   Cr: 15.4655 )
00000041: 12.4173   (Y': 9.86954   Cb: 13.8716   Cr: 15.5454 )
00000042: 12.5338   (Y': 10.032    Cb: 13.9448   Cr: 15.5577 )
00000043: 12.5599   (Y': 9.98532   Cb: 14.091    Cr: 15.6753 )
00000044: 12.3838   (Y': 9.78256   Cb: 13.9267   Cr: 15.5823 )
00000046: 12.3647   (Y': 9.75508   Cb: 13.8892   Cr: 15.6223 )
00000045: 12.444    (Y': 9.86643   Cb: 13.9542   Cr: 15.6012 )
00000047: 12.2832   (Y': 9.68834   Cb: 13.7942   Cr: 15.5045 )
00000050: 11.9689   (Y': 9.37121   Cb: 13.4758   Cr: 15.2071 )
00000048: 12.1386   (Y': 9.5586    Cb: 13.5917   Cr: 15.3895 )
00000049: 12.2368   (Y': 9.66093   Cb: 13.7087   Cr: 15.4439 )
00000053: 12.1824   (Y': 9.57121   Cb: 13.8512   Cr: 15.2397 )
00000051: 11.9442   (Y': 9.3656    Cb: 13.459    Cr: 15.0986 )
00000052: 11.9182   (Y': 9.35718   Cb: 13.5527   Cr: 14.8407 )
00000054: 12.2358   (Y': 9.57018   Cb: 13.7643   Cr: 15.7107 )
00000055: 12.2823   (Y': 9.64068   Cb: 13.8203   Cr: 15.6451 )
00000056: 12.2169   (Y': 9.63799   Cb: 13.6912   Cr: 15.4319 )
00000057: 12.3427   (Y': 9.72877   Cb: 13.8588   Cr: 15.63   )
00000058: 12.5268   (Y': 9.88577   Cb: 14.0859   Cr: 15.8556 )
00000059: 12.6126   (Y': 9.95994   Cb: 14.1924   Cr: 15.9566 )
00000061: 12.462    (Y': 9.85467   Cb: 14.1088   Cr: 15.5352 )
00000060: 12.5018   (Y': 9.81867   Cb: 14.2259   Cr: 15.7554 )
00000062: 12.482    (Y': 9.87578   Cb: 14.1133   Cr: 15.5724 )
00000064: 12.2031   (Y': 9.52289   Cb: 13.9352   Cr: 15.4334 )
00000063: 12.4204   (Y': 9.78802   Cb: 14.087    Cr: 15.5595 )
00000065: 12.0933   (Y': 9.375     Cb: 13.9571   Cr: 15.2901 )
00000066: 12.1165   (Y': 9.33135   Cb: 14.0067   Cr: 15.5469 )
00000067: 12.2106   (Y': 9.39082   Cb: 14.1117   Cr: 15.7724 )
00000068: 12.2066   (Y': 9.37348   Cb: 14.1797   Cr: 15.7223 )
00000069: 12.1839   (Y': 9.34481   Cb: 14.1659   Cr: 15.7126 )
00000070: 12.252    (Y': 9.40056   Cb: 14.271    Cr: 15.7816 )
00000071: 12.325    (Y': 9.42445   Cb: 14.3654   Cr: 16.0432 )
00000072: 12.2301   (Y': 9.28916   Cb: 14.2776   Cr: 16.128  )
00000073: 12.1729   (Y': 9.24963   Cb: 14.2019   Cr: 16.0139 )
00000074: 12.0892   (Y': 9.21118   Cb: 14.1527   Cr: 15.6726 )
00000075: 11.9597   (Y': 9.1183    Cb: 13.9818   Cr: 15.4418 )
00000076: 11.8629   (Y': 9.05144   Cb: 13.9219   Cr: 15.1693 )
00000077: 11.7301   (Y': 8.92406   Cb: 13.7518   Cr: 15.0644 )
00000078: 11.5491   (Y': 8.75952   Cb: 13.5886   Cr: 14.7925 )
00000079: 11.555    (Y': 8.80499   Cb: 13.5514   Cr: 14.6988 )
00000080: 11.3209   (Y': 8.62083   Cb: 13.1952   Cr: 14.433  )
00000081: 11.2381   (Y': 8.57018   Cb: 13.045    Cr: 14.3185 )
00000082: 11.0374   (Y': 8.44429   Cb: 12.8053   Cr: 13.8976 )
00000084: 10.7772   (Y': 8.26536   Cb: 12.5055   Cr: 13.4117 )
00000083: 10.9739   (Y': 8.41054   Cb: 12.7144   Cr: 13.7658 )
00000085: 10.6915   (Y': 8.25205   Cb: 12.3755   Cr: 13.1496 )
00000086: 10.4569   (Y': 8.0683    Cb: 12.1221   Cr: 12.7835 )
00000088: 9.30481   (Y': 7.03652   Cb: 10.9515   Cr: 11.3136 )
00000087: 10.175    (Y': 7.86244   Cb: 11.7619   Cr: 12.3725 )
00000090: 9.29664   (Y': 7.07608   Cb: 10.882    Cr: 11.2459 )
00000089: 9.85541   (Y': 7.59728   Cb: 11.5917   Cr: 11.7424 )
00000091: 9.5329    (Y': 7.30067   Cb: 11.2033   Cr: 11.4216 )
00000092: 9.76107   (Y': 7.50887   Cb: 11.4509   Cr: 11.6811 )
00000093: 9.48447   (Y': 7.21742   Cb: 11.1449   Cr: 11.4751 )
00000094: 9.14502   (Y': 6.89393   Cb: 10.7443   Cr: 11.1597 )
00000095: 9.15404   (Y': 6.87518   Cb: 10.8068   Cr: 11.1846 )
00000096: 9.27526   (Y': 7.0265    Cb: 10.9443   Cr: 11.2083 )
00000097: 9.33037   (Y': 7.07912   Cb: 10.9995   Cr: 11.2698 )
00000098: 9.46129   (Y': 7.21669   Cb: 11.1616   Cr: 11.3506 )
00000099: 9.54385   (Y': 7.28971   Cb: 11.259    Cr: 11.4424 )
00000100: 9.67904   (Y': 7.40014   Cb: 11.4726   Cr: 11.5611 )
00000101: 9.80159   (Y': 7.5515    Cb: 11.5729   Cr: 11.6319 )
00000102: 10.0618   (Y': 7.79868   Cb: 11.8524   Cr: 11.9059 )
00000103: 10.1086   (Y': 7.85807   Cb: 11.8998   Cr: 11.9199 )
00000104: 10.2876   (Y': 8.02341   Cb: 12.116    Cr: 12.0966 )
00000105: 10.3331   (Y': 8.05615   Cb: 12.1588   Cr: 12.1774 )
00000106: 10.533    (Y': 8.23429   Cb: 12.4023   Cr: 12.3902 )
00000107: 10.6212   (Y': 8.31663   Cb: 12.5388   Cr: 12.4459 )
00000109: 10.8157   (Y': 8.41502   Cb: 12.8949   Cr: 12.7378 )
00000108: 10.7292   (Y': 8.382     Cb: 12.7151   Cr: 12.5987 )
00000110: 10.9347   (Y': 8.47312   Cb: 13.1335   Cr: 12.9095 )
00000112: 11.0674   (Y': 8.53859   Cb: 13.3799   Cr: 13.1246 )
00000111: 11.0499   (Y': 8.56488   Cb: 13.2808   Cr: 13.0597 )
00000113: 11.0984   (Y': 8.57754   Cb: 13.4133   Cr: 13.1301 )
00000114: 11.2008   (Y': 8.64972   Cb: 13.5831   Cr: 13.2567 )
00000115: 11.2698   (Y': 8.67656   Cb: 13.7375   Cr: 13.3699 )
00000117: 11.1528   (Y': 8.58955   Cb: 13.5206   Cr: 13.2574 )
00000116: 11.2142   (Y': 8.64142   Cb: 13.5795   Cr: 13.3493 )
00000118: 11.1897   (Y': 8.62666   Cb: 13.5386   Cr: 13.3117 )
00000119: 11.211    (Y': 8.64894   Cb: 13.5658   Cr: 13.3244 )
00000120: 11.1685   (Y': 8.61516   Cb: 13.4059   Cr: 13.37   )
00000121: 11.1937   (Y': 8.65287   Cb: 13.3752   Cr: 13.4139 )
00000122: 11.1285   (Y': 8.59363   Cb: 13.3153   Cr: 13.3253 )
00000123: 11.067    (Y': 8.50253   Cb: 13.3144   Cr: 13.2922 )
00000124: 11.1386   (Y': 8.56409   Cb: 13.3554   Cr: 13.4249 )
00000125: 11.0643   (Y': 8.45826   Cb: 13.2728   Cr: 13.457  )
00000126: 10.8367   (Y': 8.28      Cb: 12.9452   Cr: 13.1801 )
00000127: 10.6972   (Y': 8.14034   Cb: 12.7631   Cr: 13.0866 )
00000128: 10.3851   (Y': 7.89097   Cb: 12.334    Cr: 12.7082 )
00000129: 10.2861   (Y': 7.76162   Cb: 12.2136   Cr: 12.7267 )
00000130: 10.113    (Y': 7.56422   Cb: 12.0537   Cr: 12.6155 )
00000131: 10.0625   (Y': 7.51996   Cb: 11.9811   Cr: 12.5702 )
00000132: 10.0163   (Y': 7.44515   Cb: 11.9847   Cr: 12.5594 )
00000134: 10.0666   (Y': 7.44865   Cb: 12.0568   Cr: 12.7394 )
00000133: 10.0178   (Y': 7.41145   Cb: 11.978    Cr: 12.6867 )
00000135: 10.0403   (Y': 7.4234    Cb: 12.0081   Cr: 12.7359 )
00000136: 10.022    (Y': 7.40568   Cb: 11.9747   Cr: 12.7338 )
00000137: 10.0213   (Y': 7.42382   Cb: 11.9414   Cr: 12.7083 )
00000139: 10.0508   (Y': 7.45338   Cb: 11.9745   Cr: 12.7328 )
00000138: 10.0292   (Y': 7.41351   Cb: 11.9766   Cr: 12.7454 )
00000140: 10.01     (Y': 7.41727   Cb: 11.9219   Cr: 12.6907 )
00000141: 9.9514    (Y': 7.35813   Cb: 11.8775   Cr: 12.6167 )
00000142: 9.89127   (Y': 7.36471   Cb: 11.7466   Cr: 12.4212 )
00000144: 9.87414   (Y': 7.37604   Cb: 11.7467   Cr: 12.2944 )
00000143: 9.86681   (Y': 7.34011   Cb: 11.7164   Cr: 12.4039 )
00000145: 9.85686   (Y': 7.39516   Cb: 11.6898   Cr: 12.2104 )
00000147: 9.88781   (Y': 7.44742   Cb: 11.7553   Cr: 12.1393 )
00000146: 9.89787   (Y': 7.44015   Cb: 11.7957   Cr: 12.1675 )
00000148: 9.90789   (Y': 7.50541   Cb: 11.7926   Cr: 12.0314 )
00000149: 9.91072   (Y': 7.50757   Cb: 11.7935   Cr: 12.0381 )
00000150: 9.85653   (Y': 7.43677   Cb: 11.7966   Cr: 11.9709 )
00000152: 9.90948   (Y': 7.53185   Cb: 11.8657   Cr: 11.8902 )
00000151: 9.91038   (Y': 7.50737   Cb: 11.8553   Cr: 11.9726 )
00000153: 9.89579   (Y': 7.55047   Cb: 11.7729   Cr: 11.8689 )
00000154: 9.90985   (Y': 7.57607   Cb: 11.8013   Cr: 11.8374 )
00000155: 9.93569   (Y': 7.61343   Cb: 11.8027   Cr: 11.8573 )
00000156: 9.95448   (Y': 7.66699   Cb: 11.8119   Cr: 11.7946 )
00000157: 9.9695    (Y': 7.6309    Cb: 11.9225   Cr: 11.8485 )
00000158: 10.0391   (Y': 7.6938    Cb: 12.0331   Cr: 11.8957 )
00000159: 10.0679   (Y': 7.7497    Cb: 12.0238   Cr: 11.8909 )
00000160: 10.0943   (Y': 7.76034   Cb: 12.1037   Cr: 11.9065 )
00000163: 10.3119   (Y': 8.01621   Cb: 12.2555   Cr: 12.0889 )
00000164: 10.3938   (Y': 8.07622   Cb: 12.295    Cr: 12.2686 )
00000161: 10.1207   (Y': 7.81292   Cb: 12.097    Cr: 11.8972 )
00000162: 10.241    (Y': 7.94593   Cb: 12.1752   Cr: 12.0254 )
00000165: 10.4169   (Y': 8.0937    Cb: 12.3168   Cr: 12.308  )
00000166: 10.8881   (Y': 8.55244   Cb: 12.565    Cr: 13.0484 )
00000167: 24.5319   (Y': 20.8368   Cb: 30.0655   Cr: 28.7489 )
00000169: 15.0948   (Y': 11.2875   Cb: 19.6984   Cr: 21.1042 )
00000168: 16.0186   (Y': 12.0582   Cb: 21.2959   Cr: 22.709  )
00000171: 13.3655   (Y': 9.87317   Cb: 16.5841   Cr: 18.7621 )
00000170: 13.8405   (Y': 10.2706   Cb: 17.3494   Cr: 19.3817 )
00000173: 12.3679   (Y': 9.10729   Cb: 14.952    Cr: 17.1851 )
00000174: 11.9154   (Y': 8.79676   Cb: 14.1777   Cr: 16.4071 )
00000172: 12.6237   (Y': 9.2939    Cb: 15.4061   Cr: 17.567  )
00000175: 11.6695   (Y': 8.61909   Cb: 13.7896   Cr: 16.0146 )
00000176: 11.308    (Y': 8.35813   Cb: 13.3062   Cr: 15.3266 )
00000178: 11.2484   (Y': 8.26841   Cb: 13.3532   Cr: 15.2497 )
00000180: 11.2031   (Y': 8.24821   Cb: 13.2379   Cr: 15.1886 )
00000181: 11.2318   (Y': 8.27625   Cb: 13.3057   Cr: 15.1599 )
00000177: 11.2789   (Y': 8.34687   Cb: 13.2512   Cr: 15.2504 )
00000179: 11.2593   (Y': 8.29853   Cb: 13.3213   Cr: 15.2316 )
00000182: 11.1608   (Y': 8.18598   Cb: 13.2615   Cr: 15.1424 )
00000183: 11.1633   (Y': 8.19957   Cb: 13.2397   Cr: 15.1275 )
00000184: 11.1388   (Y': 8.18667   Cb: 13.2129   Cr: 15.0499 )
00000185: 11.145    (Y': 8.19638   Cb: 13.2459   Cr: 14.9987 )
00000186: 11.1461   (Y': 8.19197   Cb: 13.2728   Cr: 14.9879 )
00000187: 11.1535   (Y': 8.21339   Cb: 13.2577   Cr: 14.9619 )
00000188: 11.1607   (Y': 8.22839   Cb: 13.2768   Cr: 14.9151 )
00000189: 11.1172   (Y': 8.16778   Cb: 13.2727   Cr: 14.8946 )
00000191: 11.1167   (Y': 8.16811   Cb: 13.2836   Cr: 14.8731 )
00000190: 11.0764   (Y': 8.10754   Cb: 13.2795   Cr: 14.8762 )
00000192: 11.0888   (Y': 8.12681   Cb: 13.3145   Cr: 14.8242 )
00000194: 11.4294   (Y': 8.65067   Cb: 13.2968   Cr: 14.865  )
00000195: 11.0318   (Y': 8.04179   Cb: 13.2763   Cr: 14.8736 )
00000198: 11.3302   (Y': 8.41971   Cb: 13.4389   Cr: 14.9949 )
00000197: 11.3573   (Y': 8.44849   Cb: 13.4254   Cr: 15.0727 )
00000199: 11.3449   (Y': 8.42444   Cb: 13.4284   Cr: 15.092  )
00000196: 11.4179   (Y': 8.55469   Cb: 13.4075   Cr: 15.0417 )
00000193: 11.4821   (Y': 8.69626   Cb: 13.3779   Cr: 14.9071 )
00000200: 11.2208   (Y': 8.29      Cb: 13.364    Cr: 14.929  )
00000201: 11.1761   (Y': 8.23611   Cb: 13.3289   Cr: 14.9129 )
00000204: 11.1522   (Y': 8.20764   Cb: 13.3095   Cr: 14.9037 )
00000202: 11.1696   (Y': 8.2367    Cb: 13.3051   Cr: 14.8985 )
00000205: 11.1274   (Y': 8.16516   Cb: 13.3144   Cr: 14.9196 )
00000206: 11.1444   (Y': 8.1901    Cb: 13.3303   Cr: 14.9007 )
00000208: 11.1404   (Y': 8.18903   Cb: 13.3073   Cr: 14.9104 )
00000207: 11.1447   (Y': 8.20374   Cb: 13.2699   Cr: 14.9262 )
00000209: 11.154    (Y': 8.20323   Cb: 13.2977   Cr: 14.9544 )
00000203: 11.1756   (Y': 8.22002   Cb: 13.3408   Cr: 14.9678 )
00000210: 11.175    (Y': 8.2077    Cb: 13.3457   Cr: 15.0145 )
00000211: 11.145    (Y': 8.17034   Cb: 13.3103   Cr: 15.0286 )
00000212: 11.1504   (Y': 8.18644   Cb: 13.3121   Cr: 14.9875 )
00000213: 11.1359   (Y': 8.16173   Cb: 13.3308   Cr: 14.9729 )
00000214: 11.1399   (Y': 8.18198   Cb: 13.2768   Cr: 14.985  )
00000216: 11.1271   (Y': 8.15633   Cb: 13.2809   Cr: 15.0088 )
00000217: 11.1667   (Y': 8.19483   Cb: 13.3412   Cr: 15.0227 )
00000218: 11.1721   (Y': 8.21424   Cb: 13.2848   Cr: 15.0529 )
00000215: 11.1277   (Y': 8.14916   Cb: 13.3277   Cr: 14.9787 )
00000219: 11.2253   (Y': 8.2662    Cb: 13.3736   Cr: 15.059  )
00000220: 11.2955   (Y': 8.3429    Cb: 13.3972   Cr: 15.1672 )
00000221: 11.3148   (Y': 8.36449   Cb: 13.4158   Cr: 15.1768 )
00000222: 11.3488   (Y': 8.40152   Cb: 13.4386   Cr: 15.2128 )
00000225: 11.4872   (Y': 8.56414   Cb: 13.5527   Cr: 15.2726 )
00000226: 11.5178   (Y': 8.58161   Cb: 13.6146   Cr: 15.3189 )
00000227: 11.5569   (Y': 8.62327   Cb: 13.6085   Cr: 15.413  )
00000228: 11.6033   (Y': 8.65218   Cb: 13.6684   Cr: 15.5231 )
00000224: 11.4319   (Y': 8.47816   Cb: 13.5023   Cr: 15.3567 )
00000223: 11.3758   (Y': 8.41443   Cb: 13.4881   Cr: 15.2743 )
00000229: 11.6444   (Y': 8.70024   Cb: 13.7292   Cr: 15.5007 )
00000230: 11.6927   (Y': 8.76778   Cb: 13.7383   Cr: 15.5167 )
00000232: 11.7358   (Y': 8.82255   Cb: 13.8074   Cr: 15.4666 )
00000231: 11.7133   (Y': 8.8017    Cb: 13.7165   Cr: 15.5385 )
00000233: 11.7625   (Y': 8.88388   Cb: 13.7362   Cr: 15.4791 )
00000234: 11.8508   (Y': 8.96921   Cb: 13.8116   Cr: 15.6004 )
00000236: 11.8805   (Y': 9.01103   Cb: 13.8167   Cr: 15.6114 )
00000237: 11.8871   (Y': 9.02744   Cb: 13.8352   Cr: 15.5563 )
00000235: 11.8151   (Y': 8.95556   Cb: 13.7742   Cr: 15.467  )
00000238: 11.9373   (Y': 9.0675    Cb: 13.8729   Cr: 15.6712 )
00000239: 11.9238   (Y': 9.06566   Cb: 13.8473   Cr: 15.623  )
00000241: 11.9567   (Y': 9.06128   Cb: 13.9872   Cr: 15.6657 )
00000240: 11.9561   (Y': 9.0555    Cb: 13.9479   Cr: 15.7471 )
00000242: 11.9958   (Y': 9.09135   Cb: 14.0348   Cr: 15.734  )
00000243: 12.03     (Y': 9.12937   Cb: 14.0529   Cr: 15.7745 )
00000245: 12.1096   (Y': 9.1883    Cb: 14.1675   Cr: 15.8981 )
00000246: 12.194    (Y': 9.28269   Cb: 14.256    Cr: 15.93   )
00000244: 12.1217   (Y': 9.20171   Cb: 14.1673   Cr: 15.9227 )
00000247: 12.1822   (Y': 9.26212   Cb: 14.2153   Cr: 16.0024 )
00000250: 12.2418   (Y': 9.33359   Cb: 14.2772   Cr: 16.0031 )
00000249: 12.2044   (Y': 9.29283   Cb: 14.2268   Cr: 16.0006 )
00000248: 12.1843   (Y': 9.26469   Cb: 14.2343   Cr: 15.977  )
00000251: 12.2677   (Y': 9.35991   Cb: 14.29     Cr: 16.0462 )
00000253: 12.3365   (Y': 9.42777   Cb: 14.3081   Cr: 16.1968 )
00000252: 12.3021   (Y': 9.37045   Cb: 14.2876   Cr: 16.2512 )
00000255: 12.3107   (Y': 9.42374   Cb: 14.1965   Cr: 16.2018 )
00000254: 12.2967   (Y': 9.39595   Cb: 14.2061   Cr: 16.2161 )
00000256: 12.2713   (Y': 9.38326   Cb: 14.115    Cr: 16.2347 )
00000258: 12.1943   (Y': 9.31012   Cb: 14.0524   Cr: 16.1159 )
00000257: 12.2344   (Y': 9.35125   Cb: 14.101    Cr: 16.1378 )
00000259: 12.1988   (Y': 9.30428   Cb: 14.0856   Cr: 16.1241 )
00000260: 12.258    (Y': 9.36761   Cb: 14.1552   Cr: 16.147  )
00000261: 12.2526   (Y': 9.33775   Cb: 14.1678   Cr: 16.231  )
00000262: 12.2923   (Y': 9.38453   Cb: 14.2072   Cr: 16.2371 )
00000263: 12.3312   (Y': 9.41909   Cb: 14.2459   Cr: 16.2972 )
00000264: 12.4051   (Y': 9.49568   Cb: 14.3285   Cr: 16.344  )
00000265: 12.4318   (Y': 9.49541   Cb: 14.4384   Cr: 16.3706 )
00000266: 12.4223   (Y': 9.46873   Cb: 14.3915   Cr: 16.5058 )
00000267: 12.4646   (Y': 9.50835   Cb: 14.4747   Cr: 16.4957 )
00000269: 12.4509   (Y': 9.45677   Cb: 14.4906   Cr: 16.628  )
00000268: 12.4516   (Y': 9.46582   Cb: 14.4795   Cr: 16.6045 )
00000270: 12.5012   (Y': 9.54963   Cb: 14.4639   Cr: 16.5854 )
00000271: 12.4979   (Y': 9.53425   Cb: 14.4494   Cr: 16.6622 )
00000272: 12.5502   (Y': 9.60013   Cb: 14.5171   Cr: 16.6199 )
00000273: 12.5152   (Y': 9.55552   Cb: 14.5205   Cr: 16.5714 )
00000274: 12.4853   (Y': 9.57938   Cb: 14.3912   Cr: 16.4354 )
00000275: 12.4493   (Y': 9.54004   Cb: 14.3619   Cr: 16.4049 )
00000277: 12.3667   (Y': 9.49646   Cb: 14.2431   Cr: 16.1932 )
00000276: 12.3718   (Y': 9.46124   Cb: 14.2888   Cr: 16.3266 )
00000278: 12.3663   (Y': 9.52296   Cb: 14.2696   Cr: 16.029  )
00000279: 12.4155   (Y': 9.5948    Cb: 14.2439   Cr: 16.0906 )
00000280: 12.4646   (Y': 9.68841   Cb: 14.277    Cr: 15.9696 )
00000281: 12.3917   (Y': 9.60815   Cb: 14.224    Cr: 15.899  )
00000282: 12.4722   (Y': 9.64883   Cb: 14.3717   Cr: 16.0521 )
00000283: 12.4122   (Y': 9.56586   Cb: 14.3018   Cr: 16.1089 )
00000284: 12.4971   (Y': 9.59956   Cb: 14.4705   Cr: 16.3014 )
00000285: 12.5048   (Y': 9.58895   Cb: 14.5242   Cr: 16.3254 )
00000287: 12.5219   (Y': 9.62175   Cb: 14.5218   Cr: 16.2982 )
00000286: 12.5518   (Y': 9.65016   Cb: 14.5332   Cr: 16.3634 )
00000288: 12.4048   (Y': 9.52739   Cb: 14.3903   Cr: 16.0985 )
00000290: 12.4101   (Y': 9.58484   Cb: 14.3393   Cr: 15.9547 )
00000289: 12.3976   (Y': 9.52042   Cb: 14.3903   Cr: 16.0794 )
00000291: 12.3211   (Y': 9.48203   Cb: 14.2875   Cr: 15.8725 )
00000292: 12.2032   (Y': 9.38165   Cb: 14.1626   Cr: 15.6885 )
00000293: 12.1455   (Y': 9.33603   Cb: 14.0947   Cr: 15.5939 )
00000294: 12.0696   (Y': 9.25375   Cb: 14.0074   Cr: 15.5616 )
00000296: 12.098    (Y': 9.34202   Cb: 13.961    Cr: 15.4459 )
00000298: 12.2771   (Y': 9.50775   Cb: 14.1243   Cr: 15.7028 )
00000297: 12.2195   (Y': 9.45849   Cb: 14.0744   Cr: 15.5998 )
00000299: 12.328    (Y': 9.5701    Cb: 14.1059   Cr: 15.8067 )
00000295: 12.0987   (Y': 9.28438   Cb: 14.0563   Cr: 15.5562 )
00000300: 12.273    (Y': 9.43478   Cb: 14.1987   Cr: 15.8794 )
00000302: 12.2236   (Y': 9.47336   Cb: 13.9937   Cr: 15.6821 )
00000301: 12.2825   (Y': 9.46522   Cb: 14.1231   Cr: 15.9239 )
00000303: 12.1322   (Y': 9.41472   Cb: 13.832    Cr: 15.559  )
00000305: 12.2456   (Y': 9.5453    Cb: 13.9596   Cr: 15.5814 )
00000304: 12.167    (Y': 9.45142   Cb: 13.9183   Cr: 15.5102 )
00000307: 12.2186   (Y': 9.4946    Cb: 13.9974   Cr: 15.5566 )
00000308: 12.2447   (Y': 9.54067   Cb: 13.9872   Cr: 15.5542 )
00000306: 12.1566   (Y': 9.43184   Cb: 13.9026   Cr: 15.5454 )
00000309: 12.1825   (Y': 9.47348   Cb: 13.9765   Cr: 15.4387 )
00000310: 12.2397   (Y': 9.57647   Cb: 13.8987   Cr: 15.5083 )
00000311: 12.2211   (Y': 9.58169   Cb: 13.8593   Cr: 15.4272 )
00000313: 12.1016   (Y': 9.51091   Cb: 13.7689   Cr: 15.0859 )
00000312: 12.1024   (Y': 9.50413   Cb: 13.7862   Cr: 15.0918 )
00000314: 12.014    (Y': 9.42786   Cb: 13.669    Cr: 14.9983 )
00000315: 12.0709   (Y': 9.50396   Cb: 13.6616   Cr: 15.0745 )
00000317: 12.0897   (Y': 9.50769   Cb: 13.7017   Cr: 15.1183 )
00000318: 12.2659   (Y': 9.67176   Cb: 13.8573   Cr: 15.3679 )
00000319: 12.3462   (Y': 9.75631   Cb: 13.8927   Cr: 15.4968 )
00000320: 12.6223   (Y': 10.0156   Cb: 14.1507   Cr: 15.863  )
00000321: 12.7797   (Y': 10.1551   Cb: 14.3174   Cr: 16.0756 )
00000322: 13.0162   (Y': 10.4077   Cb: 14.5289   Cr: 16.2871 )
00000323: 13.0982   (Y': 10.5223   Cb: 14.5639   Cr: 16.3144 )
00000316: 12.0979   (Y': 9.52295   Cb: 13.6744   Cr: 15.15   )
00000324: 13.2195   (Y': 10.6918   Cb: 14.7291   Cr: 16.1955 )
00000326: 13.5791   (Y': 11.1672   Cb: 14.9344   Cr: 16.3735 )
00000327: 13.656    (Y': 11.2748   Cb: 14.9294   Cr: 16.4645 )
00000328: 13.6286   (Y': 11.0962   Cb: 15.0815   Cr: 16.7023 )
00000325: 13.5141   (Y': 11.0309   Cb: 14.979    Cr: 16.3971 )
00000329: 13.5417   (Y': 10.9531   Cb: 15.0242   Cr: 16.7816 )
00000330: 13.1425   (Y': 10.6599   Cb: 14.4643   Cr: 16.2294 )
00000331: 13.0401   (Y': 10.5176   Cb: 14.3971   Cr: 16.2203 )
00000332: 12.8007   (Y': 10.2676   Cb: 14.143    Cr: 16.0429 )
00000333: 12.5741   (Y': 10.0166   Cb: 14.0084   Cr: 15.7679 )
00000334: 12.252    (Y': 9.62053   Cb: 13.8161   Cr: 15.5358 )
00000337: 12.1367   (Y': 9.52198   Cb: 13.6929   Cr: 15.3675 )
00000336: 12.0327   (Y': 9.42891   Cb: 13.5814   Cr: 15.2328 )
00000338: 12.1401   (Y': 9.52428   Cb: 13.6943   Cr: 15.3777 )
00000339: 12.171    (Y': 9.54675   Cb: 13.7099   Cr: 15.4644 )
00000340: 12.2133   (Y': 9.55375   Cb: 13.7956   Cr: 15.5809 )
00000335: 12.2226   (Y': 9.59417   Cb: 13.7812   Cr: 15.5026 )
00000341: 12.3108   (Y': 9.59567   Cb: 13.9241   Cr: 15.8598 )
00000342: 12.3753   (Y': 9.64394   Cb: 14.0322   Cr: 15.9253 )
00000343: 12.395    (Y': 9.65801   Cb: 14.0516   Cr: 15.9693 )
00000344: 12.6507   (Y': 9.95037   Cb: 14.2067   Cr: 16.2272 )
00000346: 12.7588   (Y': 9.96851   Cb: 14.5301   Cr: 16.3868 )
00000347: 12.7512   (Y': 10.1045   Cb: 14.3962   Cr: 15.976  )
00000345: 12.6936   (Y': 9.98296   Cb: 14.253    Cr: 16.3086 )
00000348: 12.4175   (Y': 9.80658   Cb: 14.0241   Cr: 15.5607 )
00000349: 12.4965   (Y': 9.87291   Cb: 14.0991   Cr: 15.6934 )
00000350: 12.574    (Y': 9.90177   Cb: 14.1957   Cr: 15.9333 )
00000352: 12.3649   (Y': 9.62333   Cb: 14.174    Cr: 15.7305 )
00000351: 12.565    (Y': 9.86503   Cb: 14.2773   Cr: 15.902  )
00000354: 12.3025   (Y': 9.44818   Cb: 14.3292   Cr: 15.8341 )
00000353: 12.2522   (Y': 9.48165   Cb: 14.1541   Cr: 15.6055 )
00000356: 12.318    (Y': 9.44561   Cb: 14.311    Cr: 15.9777 )
00000355: 12.294    (Y': 9.43032   Cb: 14.3219   Cr: 15.8648 )
00000357: 12.3279   (Y': 9.48242   Cb: 14.2538   Cr: 15.9663 )
00000359: 12.3725   (Y': 9.48214   Cb: 14.3378   Cr: 16.1558 )
00000360: 12.3638   (Y': 9.49544   Cb: 14.3155   Cr: 16.0665 )
00000358: 12.3753   (Y': 9.5256    Cb: 14.3221   Cr: 16.0017 )
00000361: 12.4011   (Y': 9.53891   Cb: 14.3368   Cr: 16.0999 )
00000362: 12.4113   (Y': 9.56773   Cb: 14.3363   Cr: 16.0425 )
00000363: 12.38     (Y': 9.56947   Cb: 14.2658   Cr: 15.9242 )
00000364: 12.3563   (Y': 9.50386   Cb: 14.2978   Cr: 16.003  )
00000366: 12.3663   (Y': 9.51241   Cb: 14.2562   Cr: 16.0969 )
00000367: 12.37     (Y': 9.54904   Cb: 14.2359   Cr: 15.9892 )
00000365: 12.3893   (Y': 9.51077   Cb: 14.3224   Cr: 16.1671 )
00000370: 12.3309   (Y': 9.55218   Cb: 14.1176   Cr: 15.8853 )
00000369: 12.3663   (Y': 9.59422   Cb: 14.1495   Cr: 15.8971 )
00000368: 12.317    (Y': 9.48477   Cb: 14.1583   Cr: 16.0241 )
00000371: 12.3531   (Y': 9.56763   Cb: 14.1511   Cr: 15.9194 )
00000372: 12.3802   (Y': 9.57646   Cb: 14.25     Cr: 15.9188 )
00000373: 12.2926   (Y': 9.46893   Cb: 14.2326   Cr: 15.815  )
00000375: 12.3158   (Y': 9.53315   Cb: 14.2241   Cr: 15.7098 )
00000374: 12.3235   (Y': 9.56065   Cb: 14.1472   Cr: 15.7563 )
00000377: 12.3128   (Y': 9.55014   Cb: 14.1835   Cr: 15.6774 )
00000376: 12.3196   (Y': 9.53523   Cb: 14.203    Cr: 15.7565 )
00000378: 12.4577   (Y': 9.75238   Cb: 14.2052   Cr: 15.7657 )
00000379: 12.5628   (Y': 9.86576   Cb: 14.2197   Cr: 15.9696 )
00000380: 12.8736   (Y': 10.3215   Cb: 14.3773   Cr: 15.9457 )
00000381: 13.0897   (Y': 10.5275   Cb: 14.6372   Cr: 16.1362 )
00000383: 13.0315   (Y': 10.4138   Cb: 14.7222   Cr: 16.0826 )
00000384: 13.0862   (Y': 10.4401   Cb: 14.9086   Cr: 16.0653 )
00000382: 13.0689   (Y': 10.4673   Cb: 14.7186   Cr: 16.1168 )
00000386: 13.0476   (Y': 10.5311   Cb: 14.4715   Cr: 16.1059 )
00000385: 12.9441   (Y': 10.2803   Cb: 14.7342   Cr: 16.0316 )
00000387: 12.9049   (Y': 10.4141   Cb: 14.3065   Cr: 15.9039 )
00000388: 12.7017   (Y': 10.2331   Cb: 13.9938   Cr: 15.7829 )
00000389: 12.7426   (Y': 10.2572   Cb: 14.0828   Cr: 15.8121 )
00000390: 13.3309   (Y': 10.8139   Cb: 14.8167   Cr: 16.3024 )
00000391: 13.2947   (Y': 10.8249   Cb: 14.7695   Cr: 16.1185 )
00000392: 13.5056   (Y': 10.9935   Cb: 15.3729   Cr: 15.9758 )
00000393: 13.1904   (Y': 10.8862   Cb: 14.7803   Cr: 15.3611 )
00000394: 12.6421   (Y': 10.5586   Cb: 13.963    Cr: 14.5359 )
00000395: 12.4872   (Y': 10.391    Cb: 13.7798   Cr: 14.4455 )
00000396: 12.4248   (Y': 10.2513   Cb: 13.7287   Cr: 14.5727 )
00000397: 12.7575   (Y': 10.5109   Cb: 14.1476   Cr: 15.002  )
00000399: 12.5554   (Y': 10.1867   Cb: 14.1659   Cr: 14.8874 )
00000398: 12.6512   (Y': 10.2835   Cb: 14.2442   Cr: 15.0013 )
00000401: 12.5033   (Y': 10.1145   Cb: 14.13     Cr: 14.8759 )
00000400: 12.4235   (Y': 10.0573   Cb: 13.9648   Cr: 14.831  )
00000402: 12.4548   (Y': 10.1075   Cb: 14.0343   Cr: 14.761  )
00000403: 12.438    (Y': 10.0457   Cb: 14.0643   Cr: 14.8215 )
00000405: 12.4544   (Y': 10.0291   Cb: 14.0563   Cr: 14.9686 )
00000404: 12.4249   (Y': 10.0122   Cb: 14.0013   Cr: 14.9312 )
00000406: 12.3776   (Y': 9.91814   Cb: 14.0131   Cr: 14.958  )
00000407: 12.3161   (Y': 9.86235   Cb: 13.8656   Cr: 14.9869 )
00000408: 12.2789   (Y': 9.83483   Cb: 13.8244   Cr: 14.9237 )
00000409: 12.2908   (Y': 9.80632   Cb: 13.8349   Cr: 15.0707 )
00000410: 12.3085   (Y': 9.81613   Cb: 13.8164   Cr: 15.1638 )
00000411: 12.3139   (Y': 9.83221   Cb: 13.6999   Cr: 15.3032 )
00000412: 12.1499   (Y': 9.62975   Cb: 13.526    Cr: 15.2921 )
00000413: 12.0956   (Y': 9.57978   Cb: 13.4437   Cr: 15.2646 )
00000414: 12.0615   (Y': 9.52445   Cb: 13.3872   Cr: 15.3449 )
00000415: 11.9544   (Y': 9.4119    Cb: 13.2688   Cr: 15.2766 )
00000417: 11.7439   (Y': 9.17203   Cb: 13.0394   Cr: 15.2119 )
00000416: 11.8411   (Y': 9.29569   Cb: 13.1363   Cr: 15.205  )
00000418: 11.6886   (Y': 9.17684   Cb: 12.9372   Cr: 14.9978 )
00000419: 11.6008   (Y': 9.04736   Cb: 12.9241   Cr: 14.9507 )
00000421: 11.4716   (Y': 9.00823   Cb: 12.7787   Cr: 14.5121 )
00000420: 11.5394   (Y': 9.05192   Cb: 12.8344   Cr: 14.6848 )
00000422: 11.3049   (Y': 8.86      Cb: 12.6439   Cr: 14.2339 )
00000423: 11.3253   (Y': 8.95461   Cb: 12.5088   Cr: 14.2288 )
00000424: 11.7178   (Y': 9.2054    Cb: 13.304    Cr: 14.5363 )
00000425: 12.2239   (Y': 9.69959   Cb: 13.8987   Cr: 14.9671 )
00000426: 11.6979   (Y': 9.28999   Cb: 13.2507   Cr: 14.2188 )
00000427: 11.4559   (Y': 9.06228   Cb: 13.0447   Cr: 13.8888 )
00000428: 11.127    (Y': 8.83321   Cb: 12.5952   Cr: 13.4106 )
00000429: 11.3119   (Y': 9.02266   Cb: 12.6676   Cr: 13.7218 )
00000431: 11.4498   (Y': 9.18217   Cb: 12.6529   Cr: 13.9964 )
00000430: 11.4071   (Y': 9.11899   Cb: 12.7275   Cr: 13.8593 )
00000432: 11.132    (Y': 8.77803   Cb: 12.3473   Cr: 13.9337 )
00000433: 11.1325   (Y': 8.71543   Cb: 12.427    Cr: 14.0302 )
00000434: 11.3222   (Y': 8.83665   Cb: 12.7158   Cr: 14.3142 )
00000435: 11.3299   (Y': 8.82348   Cb: 12.7938   Cr: 14.2948 )
00000436: 11.2701   (Y': 8.77125   Cb: 12.7437   Cr: 14.1948 )
00000437: 11.1989   (Y': 8.70595   Cb: 12.595    Cr: 14.2135 )
00000438: 11.1089   (Y': 8.62944   Cb: 12.4196   Cr: 14.2014 )
00000439: 10.9199   (Y': 8.46124   Cb: 12.1941   Cr: 13.9928 )
00000441: 11.8587   (Y': 9.32164   Cb: 13.3172   Cr: 14.9416 )
00000440: 11.5324   (Y': 9.03818   Cb: 12.895    Cr: 14.6004 )
00000442: 11.969    (Y': 9.37195   Cb: 13.5249   Cr: 15.1328 )
00000443: 12.2767   (Y': 9.52251   Cb: 14.0883   Cr: 15.6911 )
00000444: 12.1663   (Y': 9.29046   Cb: 14.1324   Cr: 15.8813 )
00000445: 12.0413   (Y': 9.1993    Cb: 13.8968   Cr: 15.7709 )
00000446: 11.546    (Y': 8.89692   Cb: 13.1103   Cr: 14.899  )
00000447: 11.7441   (Y': 9.11147   Cb: 13.4426   Cr: 14.8401 )
00000448: 11.9377   (Y': 9.30132   Cb: 13.8967   Cr: 14.7109 )
00000449: 11.9279   (Y': 9.30833   Cb: 13.6706   Cr: 14.9155 )
00000450: 11.588    (Y': 8.94255   Cb: 13.1967   Cr: 14.8605 )
00000451: 11.5814   (Y': 8.93366   Cb: 13.1204   Cr: 14.9673 )
00000452: 11.7386   (Y': 9.11203   Cb: 13.2299   Cr: 15.113  )
00000453: 11.7407   (Y': 9.16547   Cb: 13.1252   Cr: 15.0789 )
00000455: 11.6446   (Y': 9.02483   Cb: 12.9515   Cr: 15.2911 )
00000454: 11.6725   (Y': 9.03464   Cb: 13.0601   Cr: 15.2593 )
00000456: 11.6796   (Y': 9.01157   Cb: 12.9976   Cr: 15.5164 )
00000457: 11.733    (Y': 9.06986   Cb: 13.0428   Cr: 15.5625 )
00000458: 11.8251   (Y': 9.07898   Cb: 13.2264   Cr: 15.8725 )
00000459: 11.8639   (Y': 9.11956   Cb: 13.2428   Cr: 15.9438 )
00000460: 11.9169   (Y': 9.1896    Cb: 13.301    Cr: 15.9062 )
00000461: 11.9435   (Y': 9.23926   Cb: 13.2664   Cr: 15.9376 )
00000462: 11.9689   (Y': 9.21164   Cb: 13.3605   Cr: 16.0878 )
00000463: 11.9264   (Y': 9.19351   Cb: 13.3021   Cr: 15.9575 )
00000464: 11.9345   (Y': 9.14489   Cb: 13.3858   Cr: 16.1006 )
00000465: 11.9658   (Y': 9.20141   Cb: 13.41     Cr: 16.0215 )
00000466: 11.9493   (Y': 9.17445   Cb: 13.4473   Cr: 15.9582 )
00000467: 11.9488   (Y': 9.20833   Cb: 13.3852   Cr: 15.9058 )
00000469: 11.9143   (Y': 9.18316   Cb: 13.3569   Cr: 15.817  )
00000468: 11.9427   (Y': 9.19382   Cb: 13.426    Cr: 15.8559 )
00000470: 11.9407   (Y': 9.2649    Cb: 13.2748   Cr: 15.7838 )
00000471: 11.9508   (Y': 9.30181   Cb: 13.2912   Cr: 15.6645 )
00000472: 11.9835   (Y': 9.36807   Cb: 13.2604   Cr: 15.6631 )
00000473: 11.9494   (Y': 9.34174   Cb: 13.2555   Cr: 15.5464 )
00000474: 12.5218   (Y': 9.89488   Cb: 13.9737   Cr: 15.9596 )
00000475: 12.8907   (Y': 10.2435   Cb: 14.39     Cr: 16.3362 )
00000476: 12.8275   (Y': 10.2457   Cb: 14.3483   Cr: 15.9852 )
00000477: 12.6451   (Y': 9.99905   Cb: 14.2423   Cr: 15.9371 )
00000479: 12.288    (Y': 9.61051   Cb: 13.7643   Cr: 15.8962 )
00000481: 12.026    (Y': 9.35875   Cb: 13.6122   Cr: 15.4185 )
00000478: 12.3509   (Y': 9.64107   Cb: 13.8834   Cr: 16.0061 )
00000482: 11.9234   (Y': 9.2957    Cb: 13.4315   Cr: 15.2768 )
00000480: 11.9979   (Y': 9.33797   Cb: 13.4938   Cr: 15.5005 )
00000484: 11.5386   (Y': 8.94903   Cb: 12.9815   Cr: 14.842  )
00000485: 11.7042   (Y': 9.08714   Cb: 13.1622   Cr: 15.0927 )
00000483: 11.7767   (Y': 9.17827   Cb: 13.2146   Cr: 15.1225 )
00000486: 11.7497   (Y': 9.10734   Cb: 13.2729   Cr: 15.1382 )
00000489: 11.4118   (Y': 8.78599   Cb: 12.9549   Cr: 14.7044 )
00000488: 11.3496   (Y': 8.72734   Cb: 12.8805   Cr: 14.6467 )
00000487: 11.7033   (Y': 9.05866   Cb: 13.234    Cr: 15.0898 )
00000490: 11.2338   (Y': 8.58504   Cb: 12.8251   Cr: 14.5448 )
00000492: 11.2045   (Y': 8.49204   Cb: 12.8883   Cr: 14.6343 )
00000491: 11.1924   (Y': 8.49929   Cb: 12.8233   Cr: 14.6222 )
00000493: 11.0805   (Y': 8.3318    Cb: 12.821    Cr: 14.5762 )
00000494: 10.9152   (Y': 8.1112    Cb: 12.7377   Cr: 14.5255 )
00000495: 10.8783   (Y': 8.08394   Cb: 12.7239   Cr: 14.4122 )
00000496: 10.7929   (Y': 7.98568   Cb: 12.6424   Cr: 14.3764 )
00000497: 10.7355   (Y': 7.93291   Cb: 12.6084   Cr: 14.2647 )
00000498: 10.7159   (Y': 7.95839   Cb: 12.5609   Cr: 14.0955 )
00000500: 10.6445   (Y': 7.90518   Cb: 12.442    Cr: 14.0176 )
00000499: 10.686    (Y': 7.91636   Cb: 12.5209   Cr: 14.1305 )
00000501: 10.6518   (Y': 7.92699   Cb: 12.426    Cr: 13.9992 )
00000502: 10.5603   (Y': 7.84315   Cb: 12.3715   Cr: 13.8251 )
00000503: 10.5052   (Y': 7.7841    Cb: 12.3072   Cr: 13.7984 )
00000505: 10.4349   (Y': 7.81047   Cb: 12.0854   Cr: 13.5665 )
00000504: 10.4388   (Y': 7.78972   Cb: 12.122    Cr: 13.6178 )
00000506: 10.3208   (Y': 7.74371   Cb: 11.9135   Cr: 13.3582 )
00000507: 10.4952   (Y': 7.93604   Cb: 12.0112   Cr: 13.5755 )
00000508: 10.3779   (Y': 7.87842   Cb: 12.0355   Cr: 13.0603 )
00000509: 9.27721   (Y': 6.93305   Cb: 10.6644   Cr: 11.8122 )
00000511: 9.18151   (Y': 7.01317   Cb: 10.4533   Cr: 11.3545 )
00000510: 9.42393   (Y': 7.17791   Cb: 10.772    Cr: 11.7185 )
00000512: 9.49425   (Y': 7.28817   Cb: 10.8813   Cr: 11.6304 )
00000513: 9.47881   (Y': 7.25049   Cb: 10.9077   Cr: 11.626  )
00000514: 9.36795   (Y': 7.12491   Cb: 10.7983   Cr: 11.554  )
00000515: 9.29581   (Y': 7.06831   Cb: 10.72     Cr: 11.4463 )
00000516: 9.17877   (Y': 6.98754   Cb: 10.5545   Cr: 11.2882 )
00000517: 9.14881   (Y': 6.98668   Cb: 10.4663   Cr: 11.2495 )
00000519: 8.99625   (Y': 6.82679   Cb: 10.2719   Cr: 11.1674 )
00000518: 9.03094   (Y': 6.86146   Cb: 10.3129   Cr: 11.1944 )
00000520: 9.09478   (Y': 6.91937   Cb: 10.4294   Cr: 11.2105 )
00000521: 9.17823   (Y': 6.96226   Cb: 10.5433   Cr: 11.3677 )
00000522: 9.24838   (Y': 6.94657   Cb: 10.6978   Cr: 11.5782 )
00000523: 9.32012   (Y': 6.95236   Cb: 10.8326   Cr: 11.7679 )
00000524: 9.59381   (Y': 7.12021   Cb: 11.2759   Cr: 12.1617 )
00000525: 9.63896   (Y': 7.14009   Cb: 11.3426   Cr: 12.2618 )
00000527: 9.80631   (Y': 7.32724   Cb: 11.5248   Cr: 12.3473 )
00000526: 9.79518   (Y': 7.30394   Cb: 11.5136   Cr: 12.3751 )
00000528: 9.86153   (Y': 7.35725   Cb: 11.6818   Cr: 12.3614 )
00000529: 9.93272   (Y': 7.41579   Cb: 11.7682   Cr: 12.455  )
00000530: 9.97353   (Y': 7.42506   Cb: 11.9335   Cr: 12.4533 )
00000531: 10.1706   (Y': 7.61334   Cb: 12.1856   Cr: 12.6167 )
00000534: 10.1915   (Y': 7.65505   Cb: 12.1626   Cr: 12.6206 )
00000533: 10.1798   (Y': 7.59346   Cb: 12.2515   Cr: 12.6565 )
00000532: 10.1864   (Y': 7.59127   Cb: 12.2692   Cr: 12.6788 )
00000535: 10.1916   (Y': 7.6398    Cb: 12.2211   Cr: 12.6046 )
00000536: 10.1743   (Y': 7.61296   Cb: 12.1751   Cr: 12.6491 )
00000537: 10.3025   (Y': 7.73905   Cb: 12.2993   Cr: 12.7889 )
00000538: 10.226    (Y': 7.67338   Cb: 12.206    Cr: 12.6964 )
00000539: 10.148    (Y': 7.59029   Cb: 12.0808   Cr: 12.6883 )
00000540: 10.0593   (Y': 7.51858   Cb: 11.9414   Cr: 12.6035 )
00000543: 9.70556   (Y': 7.12511   Cb: 11.5084   Cr: 12.4774 )
00000542: 9.74289   (Y': 7.18165   Cb: 11.5303   Cr: 12.4687 )
00000541: 9.89534   (Y': 7.33618   Cb: 11.7765   Cr: 12.5007 )
00000545: 9.59478   (Y': 7.06614   Cb: 11.3149   Cr: 12.2951 )
00000544: 9.65593   (Y': 7.11554   Cb: 11.4017   Cr: 12.3634 )
00000546: 9.47999   (Y': 6.9677    Cb: 11.1613   Cr: 12.1747 )
00000547: 9.375     (Y': 6.86381   Cb: 11.07     Cr: 12.0489 )
00000548: 9.22981   (Y': 6.78434   Cb: 10.8271   Cr: 11.8131 )
00000549: 9.15074   (Y': 6.72606   Cb: 10.7151   Cr: 11.7097 )
00000550: 9.02769   (Y': 6.61818   Cb: 10.5728   Cr: 11.5632 )
00000551: 8.95895   (Y': 6.56064   Cb: 10.4731   Cr: 11.4985 )
00000553: 8.83623   (Y': 6.4611    Cb: 10.3083   Cr: 11.3573 )
00000552: 8.87572   (Y': 6.48478   Cb: 10.3852   Cr: 11.3984 )
00000554: 8.78979   (Y': 6.4101    Cb: 10.2509   Cr: 11.3391 )
00000555: 8.77698   (Y': 6.39018   Cb: 10.2459   Cr: 11.3384 )
00000556: 8.88988   (Y': 6.51025   Cb: 10.3377   Cr: 11.4561 )
00000558: 8.84289   (Y': 6.50206   Cb: 10.2358   Cr: 11.3602 )
00000557: 8.89948   (Y': 6.53614   Cb: 10.3172   Cr: 11.4541 )
00000559: 8.85484   (Y': 6.51139   Cb: 10.2477   Cr: 11.3803 )
00000561: 9.01198   (Y': 6.6773    Cb: 10.4783   Cr: 11.4176 )
00000560: 8.92085   (Y': 6.59543   Cb: 10.3274   Cr: 11.3739 )
00000563: 9.13706   (Y': 6.84693   Cb: 10.5932   Cr: 11.425  )
00000562: 9.1105    (Y': 6.80234   Cb: 10.5923   Cr: 11.4194 )
00000564: 9.16483   (Y': 6.86627   Cb: 10.6304   Cr: 11.4655 )
00000565: 9.19125   (Y': 6.91181   Cb: 10.6496   Cr: 11.446  )
00000566: 9.23336   (Y': 6.93042   Cb: 10.7652   Cr: 11.4675 )
00000567: 9.24675   (Y': 6.92695   Cb: 10.8004   Cr: 11.5034 )
00000569: 9.29641   (Y': 6.96394   Cb: 10.893    Cr: 11.5394 )
00000568: 9.28095   (Y': 6.95223   Cb: 10.8839   Cr: 11.5057 )
00000571: 9.35292   (Y': 7.01233   Cb: 11.0026   Cr: 11.558  )
00000570: 9.35698   (Y': 7.03378   Cb: 10.9503   Cr: 11.5771 )
00000573: 9.41663   (Y': 7.04184   Cb: 11.1001   Cr: 11.6818 )
00000572: 9.40011   (Y': 7.04316   Cb: 11.0817   Cr: 11.6158 )
00000574: 9.54556   (Y': 7.14538   Cb: 11.2813   Cr: 11.8254 )
00000575: 9.48247   (Y': 7.10246   Cb: 11.1427   Cr: 11.7895 )
00000576: 9.56279   (Y': 7.14946   Cb: 11.2338   Cr: 11.9567 )
00000577: 9.56518   (Y': 7.17005   Cb: 11.2265   Cr: 11.9159 )
00000578: 9.61642   (Y': 7.23013   Cb: 11.2263   Cr: 12.0016 )
Total: 11.3029   (Y': 8.67954   Cb: 13.0704   Cr: 14.2714 )
