./ps4_degrader: invalid option -- 'v'
Capturing with the following configuration:
 - Capture device: DeckLink 4K Extreme 12G
 - Video mode: 720p59.94
 - Pixel format: 8 bit BGRA (4:4:4:x)
[libx264 @ 0x2c59e40] using cpu capabilities: MMX2 SSE2Fast SSSE3 SSE4.2 AVX AVX2 FMA3 LZCNT BMI2
[libx264 @ 0x2c59e40] profile High 4:2:2 Intra, level 3.1, 4:2:2 8-bit
PLAYBACK (hw timestamp): Frame 53 Displayed Late. Expected (+/- 5%): 50000
	Timestamp delay: 66689
	Hardware timestamp delay: 66619
[libx264 @ 0x2c59e40] frame I:581   Avg QP:33.00  size: 29054
[libx264 @ 0x2c59e40] mb I  I16..4: 25.8% 60.3% 13.9%
[libx264 @ 0x2c59e40] final ratefactor: 39.11
[libx264 @ 0x2c59e40] 8x8 transform intra:60.3%
[libx264 @ 0x2c59e40] coded y,uvDC,uvAC intra: 41.4% 53.6% 9.8%
[libx264 @ 0x2c59e40] i16 v,h,dc,p: 22% 37% 21% 21%
[libx264 @ 0x2c59e40] i8 v,h,dc,ddl,ddr,vr,hd,vl,hu: 11% 20% 35%  6%  6%  4%  8%  3%  7%
[libx264 @ 0x2c59e40] i4 v,h,dc,ddl,ddr,vr,hd,vl,hu: 17% 23% 23%  6%  7%  5%  8%  4%  7%
[libx264 @ 0x2c59e40] i8c dc,h,v,p: 70% 15% 13%  3%
[libx264 @ 0x2c59e40] kb/s:4648.63
Stopping Capture
