00000000: 14.0551   (Y': 11.119    Cb: 17.1872   Cr: 16.6693 )
00000001: 14.0372   (Y': 11.1024   Cb: 17.1963   Cr: 16.6235 )
00000002: 14.0364   (Y': 11.0985   Cb: 17.2044   Cr: 16.6255 )
00000003: 14.0565   (Y': 11.1166   Cb: 17.1973   Cr: 16.6768 )
00000004: 14.0557   (Y': 11.1175   Cb: 17.2059   Cr: 16.6619 )
00000006: 14.0582   (Y': 11.1282   Cb: 17.1949   Cr: 16.6467 )
00000007: 14.0622   (Y': 11.1325   Cb: 17.2075   Cr: 16.6418 )
00000005: 14.0748   (Y': 11.1428   Cb: 17.2172   Cr: 16.6651 )
00000008: 14.0208   (Y': 11.0797   Cb: 17.1867   Cr: 16.6233 )
00000009: 14.0404   (Y': 11.1011   Cb: 17.193    Cr: 16.6479 )
00000010: 14.0472   (Y': 11.1095   Cb: 17.1812   Cr: 16.6656 )
00000011: 14.0466   (Y': 11.1106   Cb: 17.1871   Cr: 16.6535 )
00000012: 14.0462   (Y': 11.1177   Cb: 17.1765   Cr: 16.6352 )
00000013: 14.0409   (Y': 11.1203   Cb: 17.1485   Cr: 16.6217 )
00000015: 14.0226   (Y': 11.0993   Cb: 17.1317   Cr: 16.6117 )
00000014: 14.041    (Y': 11.1205   Cb: 17.1591   Cr: 16.6125 )
00000016: 14.0168   (Y': 11.0892   Cb: 17.1258   Cr: 16.6211 )
00000018: 14.027    (Y': 11.0979   Cb: 17.1432   Cr: 16.6305 )
00000017: 14.0442   (Y': 11.1116   Cb: 17.1476   Cr: 16.672  )
00000020: 14.0988   (Y': 11.1762   Cb: 17.2233   Cr: 16.6718 )
00000019: 14.0842   (Y': 11.1639   Cb: 17.1801   Cr: 16.6746 )
00000021: 14.1876   (Y': 11.2735   Cb: 17.2846   Cr: 16.7547 )
00000023: 14.175    (Y': 11.2855   Cb: 17.2336   Cr: 16.6901 )
00000022: 14.1936   (Y': 11.2818   Cb: 17.3      Cr: 16.7443 )
00000024: 14.1814   (Y': 11.2816   Cb: 17.2458   Cr: 16.7269 )
00000025: 14.1975   (Y': 11.3042   Cb: 17.2707   Cr: 16.713  )
00000026: 14.1681   (Y': 11.2609   Cb: 17.2685   Cr: 16.708  )
00000027: 14.1723   (Y': 11.2768   Cb: 17.2226   Cr: 16.7155 )
00000028: 14.1572   (Y': 11.2551   Cb: 17.2303   Cr: 16.7034 )
00000029: 14.1344   (Y': 11.2243   Cb: 17.2121   Cr: 16.7049 )
00000030: 14.1071   (Y': 11.1941   Cb: 17.2004   Cr: 16.6737 )
00000031: 14.0858   (Y': 11.1751   Cb: 17.1574   Cr: 16.6633 )
00000032: 14.0893   (Y': 11.1819   Cb: 17.1732   Cr: 16.6446 )
00000033: 14.0542   (Y': 11.133    Cb: 17.1504   Cr: 16.6474 )
00000034: 14.051    (Y': 11.1261   Cb: 17.1592   Cr: 16.6468 )
00000035: 14.1862   (Y': 11.2893   Cb: 17.2488   Cr: 16.7231 )
00000036: 14.2867   (Y': 11.4003   Cb: 17.3104   Cr: 16.8218 )
00000037: 14.3527   (Y': 11.4998   Cb: 17.362    Cr: 16.7855 )
00000038: 14.4101   (Y': 11.5646   Cb: 17.409    Cr: 16.8273 )
00000039: 14.4431   (Y': 11.6055   Cb: 17.4531   Cr: 16.8241 )
00000041: 14.4558   (Y': 11.6223   Cb: 17.4384   Cr: 16.8469 )
00000040: 14.4427   (Y': 11.5917   Cb: 17.4557   Cr: 16.8663 )
00000042: 14.4945   (Y': 11.6702   Cb: 17.4321   Cr: 16.8947 )
00000043: 14.4923   (Y': 11.6926   Cb: 17.4101   Cr: 16.8288 )
00000044: 14.5289   (Y': 11.7193   Cb: 17.4541   Cr: 16.8914 )
00000045: 14.5625   (Y': 11.7579   Cb: 17.5385   Cr: 16.8644 )
00000046: 14.589    (Y': 11.7893   Cb: 17.5404   Cr: 16.8961 )
00000047: 14.6117   (Y': 11.8209   Cb: 17.5284   Cr: 16.9203 )
00000048: 14.6017   (Y': 11.8134   Cb: 17.5199   Cr: 16.901  )
00000049: 16.803    (Y': 14.0853   Cb: 19.8492   Cr: 18.7791 )
00000050: 16.7254   (Y': 14.0536   Cb: 19.7686   Cr: 18.5714 )
00000051: 15.661    (Y': 13.0358   Cb: 18.5383   Cr: 17.5044 )
00000053: 14.6592   (Y': 11.9725   Cb: 17.4144   Cr: 16.7821 )
00000052: 15.1566   (Y': 12.4769   Cb: 17.9896   Cr: 17.1925 )
00000054: 14.5221   (Y': 11.8454   Cb: 17.1774   Cr: 16.7024 )
00000056: 14.5401   (Y': 11.8622   Cb: 17.1503   Cr: 16.7653 )
00000055: 14.526    (Y': 11.8523   Cb: 17.1156   Cr: 16.7569 )
00000057: 14.606    (Y': 11.9317   Cb: 17.1498   Cr: 16.8815 )
00000058: 14.6725   (Y': 11.98     Cb: 17.3526   Cr: 16.8795 )
00000059: 14.8228   (Y': 12.124    Cb: 17.562    Cr: 16.9965 )
00000060: 14.7863   (Y': 12.0852   Cb: 17.4973   Cr: 16.9919 )
00000061: 15.0528   (Y': 12.4188   Cb: 17.7818   Cr: 17.0418 )
00000062: 15.0819   (Y': 12.4217   Cb: 17.8618   Cr: 17.1044 )
00000063: 15.0932   (Y': 12.3841   Cb: 17.9709   Cr: 17.1799 )
00000065: 14.8375   (Y': 12.069    Cb: 17.7384   Cr: 17.088  )
00000064: 14.9558   (Y': 12.231    Cb: 17.8475   Cr: 17.0784 )
00000066: 14.8225   (Y': 12.0358   Cb: 17.7377   Cr: 17.1191 )
00000067: 14.7746   (Y': 11.9715   Cb: 17.7011   Cr: 17.1147 )
00000068: 14.7333   (Y': 11.9193   Cb: 17.7619   Cr: 17.0212 )
00000070: 14.7351   (Y': 11.9292   Cb: 17.7744   Cr: 16.9878 )
00000069: 14.7297   (Y': 11.9127   Cb: 17.7589   Cr: 17.0269 )
00000071: 14.7364   (Y': 11.9021   Cb: 17.7565   Cr: 17.0979 )
00000072: 14.7307   (Y': 11.907    Cb: 17.7721   Cr: 17.039  )
00000073: 14.6812   (Y': 11.8463   Cb: 17.7267   Cr: 17.0227 )
00000074: 14.699    (Y': 11.8619   Cb: 17.7467   Cr: 17.0465 )
00000075: 15.2217   (Y': 12.573    Cb: 17.9725   Cr: 17.2352 )
00000076: 28.7712   (Y': 24.9911   Cb: 34.5721   Cr: 33.3407 )
00000077: 21.9271   (Y': 18.4247   Cb: 26.395    Cr: 25.8783 )
00000078: 20.2977   (Y': 16.7957   Cb: 24.7857   Cr: 24.2294 )
00000079: 18.6065   (Y': 15.3369   Cb: 22.1284   Cr: 22.2468 )
00000080: 18.1874   (Y': 14.7918   Cb: 22.2884   Cr: 21.898  )
00000081: 17.3995   (Y': 14.1072   Cb: 21.264    Cr: 20.8184 )
00000082: 17.0791   (Y': 13.962    Cb: 20.5603   Cr: 20.0757 )
00000083: 16.6222   (Y': 13.7038   Cb: 19.3952   Cr: 19.5143 )
00000084: 16.4346   (Y': 13.5973   Cb: 19.1265   Cr: 19.11   )
00000086: 16.0519   (Y': 13.2613   Cb: 18.6981   Cr: 18.6096 )
00000085: 16.0471   (Y': 13.2514   Cb: 18.7126   Cr: 18.6033 )
00000087: 16.0754   (Y': 13.2295   Cb: 18.7555   Cr: 18.7939 )
00000088: 16.1329   (Y': 13.2376   Cb: 18.8489   Cr: 18.9963 )
00000089: 16.385    (Y': 13.4343   Cb: 19.329    Cr: 19.2288 )
00000090: 16.544    (Y': 13.7188   Cb: 19.3503   Cr: 19.0669 )
00000091: 16.0308   (Y': 13.3623   Cb: 18.7363   Cr: 18.1419 )
00000092: 15.9344   (Y': 13.2701   Cb: 18.6425   Cr: 18.031  )
00000093: 16.0112   (Y': 13.3532   Cb: 18.5969   Cr: 18.1975 )
00000094: 16.0947   (Y': 13.4179   Cb: 18.7751   Cr: 18.2531 )
00000096: 16.2703   (Y': 13.5443   Cb: 19.161    Cr: 18.3973 )
00000095: 16.2142   (Y': 13.5396   Cb: 19.034    Cr: 18.2458 )
00000097: 16.31     (Y': 13.5552   Cb: 19.2497   Cr: 18.4847 )
00000098: 16.3438   (Y': 13.5736   Cb: 19.3296   Cr: 18.5278 )
00000099: 16.3976   (Y': 13.6086   Cb: 19.4075   Cr: 18.6209 )
00000100: 16.417    (Y': 13.6034   Cb: 19.4418   Cr: 18.7067 )
00000101: 16.4196   (Y': 13.5776   Cb: 19.4195   Cr: 18.8243 )
00000102: 17.0209   (Y': 14.0975   Cb: 20.0176   Cr: 19.7126 )
00000104: 16.4331   (Y': 13.5056   Cb: 19.4087   Cr: 19.1596 )
00000103: 17.0469   (Y': 14.0587   Cb: 20.029    Cr: 19.9976 )
00000105: 16.9667   (Y': 13.9662   Cb: 19.909    Cr: 20.0063 )
00000106: 16.9066   (Y': 13.8976   Cb: 19.7108   Cr: 20.1281 )
00000107: 16.8643   (Y': 13.8848   Cb: 19.6783   Cr: 19.9533 )
00000108: 16.7986   (Y': 13.8272   Cb: 19.6123   Cr: 19.8554 )
00000110: 16.7204   (Y': 13.8408   Cb: 19.2525   Cr: 19.7209 )
00000109: 16.7161   (Y': 13.7778   Cb: 19.3614   Cr: 19.8226 )
00000112: 16.542    (Y': 13.694    Cb: 19.1213   Cr: 19.372  )
00000111: 16.5663   (Y': 13.7235   Cb: 19.1301   Cr: 19.3934 )
00000114: 16.3387   (Y': 13.5586   Cb: 18.7539   Cr: 19.0972 )
00000113: 16.3927   (Y': 13.5639   Cb: 18.9276   Cr: 19.1991 )
00000115: 16.2682   (Y': 13.5609   Cb: 18.5792   Cr: 18.8848 )
00000116: 16.2732   (Y': 13.6235   Cb: 18.475    Cr: 18.8141 )
00000117: 16.1949   (Y': 13.6893   Cb: 18.0909   Cr: 18.6118 )
00000118: 16.1357   (Y': 13.6828   Cb: 17.9112   Cr: 18.5281 )
00000119: 16.0457   (Y': 13.6301   Cb: 17.714    Cr: 18.4498 )
00000120: 15.955    (Y': 13.544    Cb: 17.5552   Cr: 18.4271 )
00000122: 15.8155   (Y': 13.478    Cb: 17.2432   Cr: 18.2779 )
00000123: 15.557    (Y': 12.8388   Cb: 17.6955   Cr: 18.4058 )
00000121: 15.8654   (Y': 13.5096   Cb: 17.2717   Cr: 18.4113 )
00000124: 15.8223   (Y': 13.3488   Cb: 17.56     Cr: 18.3227 )
00000125: 16.2842   (Y': 14.0579   Cb: 17.6709   Cr: 18.4762 )
00000126: 15.578    (Y': 13.1792   Cb: 17.1509   Cr: 18.0461 )
00000127: 15.0127   (Y': 12.4832   Cb: 16.739    Cr: 17.7083 )
00000128: 14.9291   (Y': 12.3908   Cb: 16.6233   Cr: 17.6944 )
00000129: 15.0814   (Y': 12.6041   Cb: 16.7046   Cr: 17.7346 )
00000130: 15.1132   (Y': 12.6884   Cb: 16.6466   Cr: 17.712  )
00000131: 14.9685   (Y': 12.5624   Cb: 16.5074   Cr: 17.5009 )
00000132: 14.8531   (Y': 12.4261   Cb: 16.3975   Cr: 17.4447 )
00000133: 14.6512   (Y': 12.2092   Cb: 16.1451   Cr: 17.3565 )
00000134: 14.5644   (Y': 12.1058   Cb: 16.0938   Cr: 17.2775 )
00000135: 14.6187   (Y': 12.1392   Cb: 16.1999   Cr: 17.3329 )
00000136: 14.6328   (Y': 12.1167   Cb: 16.2855   Cr: 17.3768 )
00000137: 14.733    (Y': 12.2128   Cb: 16.4177   Cr: 17.4498 )
00000138: 14.7711   (Y': 12.2596   Cb: 16.4482   Cr: 17.4686 )
00000139: 14.7745   (Y': 12.2059   Cb: 16.5381   Cr: 17.5549 )
00000140: 14.8046   (Y': 12.2489   Cb: 16.5587   Cr: 17.5528 )
00000142: 14.7765   (Y': 12.2265   Cb: 16.5178   Cr: 17.5219 )
00000141: 14.8124   (Y': 12.2708   Cb: 16.5395   Cr: 17.5471 )
00000143: 14.7635   (Y': 12.1962   Cb: 16.4973   Cr: 17.5777 )
00000144: 14.7665   (Y': 12.2018   Cb: 16.5021   Cr: 17.569  )
00000146: 14.7346   (Y': 12.1771   Cb: 16.4479   Cr: 17.5413 )
00000145: 14.7516   (Y': 12.1845   Cb: 16.4987   Cr: 17.5481 )
00000147: 14.7255   (Y': 12.1316   Cb: 16.516    Cr: 17.5594 )
00000148: 14.7031   (Y': 12.0996   Cb: 16.4995   Cr: 17.5635 )
00000149: 14.6327   (Y': 12.0088   Cb: 16.5104   Cr: 17.4621 )
00000150: 14.6235   (Y': 12.0046   Cb: 16.473    Cr: 17.4705 )
00000151: 14.6026   (Y': 11.9686   Cb: 16.4525   Cr: 17.5029 )
00000152: 14.5809   (Y': 11.9465   Cb: 16.4615   Cr: 17.4434 )
00000153: 14.5524   (Y': 11.914    Cb: 16.412    Cr: 17.456  )
00000154: 14.5681   (Y': 11.936    Cb: 16.4272   Cr: 17.45   )
00000155: 14.5634   (Y': 11.9142   Cb: 16.4275   Cr: 17.5001 )
00000156: 14.5745   (Y': 11.9351   Cb: 16.4084   Cr: 17.5143 )
00000158: 14.5639   (Y': 11.9235   Cb: 16.4161   Cr: 17.4841 )
00000157: 14.5398   (Y': 11.9074   Cb: 16.3794   Cr: 17.4475 )
00000159: 14.5433   (Y': 11.8839   Cb: 16.4213   Cr: 17.4991 )
00000160: 14.5571   (Y': 11.9035   Cb: 16.42     Cr: 17.5115 )
00000161: 14.535    (Y': 11.8702   Cb: 16.4231   Cr: 17.4976 )
00000162: 14.5436   (Y': 11.8958   Cb: 16.4185   Cr: 17.4616 )
00000163: 14.5313   (Y': 11.8553   Cb: 16.4529   Cr: 17.4919 )
00000164: 14.5231   (Y': 11.8496   Cb: 16.4044   Cr: 17.5268 )
00000165: 14.4986   (Y': 11.8171   Cb: 16.4084   Cr: 17.4946 )
00000166: 14.458    (Y': 11.7957   Cb: 16.3485   Cr: 17.4088 )
00000168: 14.4198   (Y': 11.7364   Cb: 16.3238   Cr: 17.4307 )
00000167: 14.4321   (Y': 11.7592   Cb: 16.3379   Cr: 17.4016 )
00000169: 14.3969   (Y': 11.7211   Cb: 16.2961   Cr: 17.3855 )
00000170: 14.3651   (Y': 11.6816   Cb: 16.2692   Cr: 17.3759 )
00000171: 14.3541   (Y': 11.6558   Cb: 16.2593   Cr: 17.4188 )
00000172: 14.3566   (Y': 11.6644   Cb: 16.2553   Cr: 17.407  )
00000173: 14.3459   (Y': 11.6535   Cb: 16.273    Cr: 17.36   )
00000174: 14.3679   (Y': 11.6903   Cb: 16.2681   Cr: 17.3624 )
00000175: 14.4101   (Y': 11.745    Cb: 16.2784   Cr: 17.3991 )
00000177: 14.6216   (Y': 11.9975   Cb: 16.4602   Cr: 17.5005 )
00000176: 14.4679   (Y': 11.8197   Cb: 16.3166   Cr: 17.4211 )
00000178: 14.6537   (Y': 12.0434   Cb: 16.5151   Cr: 17.4558 )
00000179: 14.6732   (Y': 12.0734   Cb: 16.4847   Cr: 17.5013 )
00000180: 14.7137   (Y': 12.1118   Cb: 16.559    Cr: 17.5064 )
00000181: 14.7514   (Y': 12.1581   Cb: 16.5809   Cr: 17.534  )
00000182: 14.7568   (Y': 12.1804   Cb: 16.5864   Cr: 17.482  )
00000183: 14.7972   (Y': 12.2082   Cb: 16.6957   Cr: 17.4812 )
00000184: 14.8536   (Y': 12.2377   Cb: 16.828    Cr: 17.5381 )
00000185: 14.9634   (Y': 12.3336   Cb: 16.9855   Cr: 17.6395 )
00000186: 14.9851   (Y': 12.3573   Cb: 17.0385   Cr: 17.6182 )
00000187: 15.0547   (Y': 12.3992   Cb: 17.1616   Cr: 17.7203 )
00000188: 15.0617   (Y': 12.3925   Cb: 17.2425   Cr: 17.6911 )
00000189: 15.0929   (Y': 12.4416   Cb: 17.294    Cr: 17.6402 )
00000190: 15.1821   (Y': 12.5517   Cb: 17.3029   Cr: 17.7483 )
00000191: 15.2408   (Y': 12.5649   Cb: 17.5383   Cr: 17.766  )
00000192: 15.2795   (Y': 12.5765   Cb: 17.6585   Cr: 17.81   )
00000193: 15.4135   (Y': 12.7066   Cb: 17.874    Cr: 17.874  )
00000194: 15.4805   (Y': 12.7355   Cb: 18.0557   Cr: 17.9537 )
00000195: 15.5813   (Y': 12.8015   Cb: 18.2701   Cr: 18.061  )
00000196: 15.6054   (Y': 12.7849   Cb: 18.4253   Cr: 18.0992 )
00000197: 15.6883   (Y': 12.8494   Cb: 18.6418   Cr: 18.1233 )
00000198: 15.7176   (Y': 12.8404   Cb: 18.7016   Cr: 18.2565 )
00000199: 15.7583   (Y': 12.8567   Cb: 18.8376   Cr: 18.2972 )
00000200: 15.7558   (Y': 12.8533   Cb: 18.8529   Cr: 18.2821 )
00000201: 15.8184   (Y': 12.8698   Cb: 19.0782   Cr: 18.3668 )
00000202: 15.8529   (Y': 12.8973   Cb: 19.1853   Cr: 18.3651 )
00000203: 15.8345   (Y': 12.9047   Cb: 19.1776   Cr: 18.2484 )
00000204: 15.8842   (Y': 12.9134   Cb: 19.2728   Cr: 18.4036 )
00000205: 15.9081   (Y': 12.95     Cb: 19.3134   Cr: 18.3694 )
00000206: 15.8907   (Y': 12.9274   Cb: 19.2763   Cr: 18.3864 )
00000207: 15.8892   (Y': 12.8895   Cb: 19.3847   Cr: 18.4246 )
00000208: 15.8991   (Y': 12.874    Cb: 19.431    Cr: 18.4972 )
00000209: 15.8089   (Y': 12.8124   Cb: 19.2921   Cr: 18.3433 )
00000211: 15.7411   (Y': 12.7074   Cb: 19.2482   Cr: 18.3911 )
00000210: 15.7643   (Y': 12.7432   Cb: 19.2746   Cr: 18.3655 )
00000212: 15.7883   (Y': 12.7494   Cb: 19.3284   Cr: 18.4302 )
00000214: 15.7516   (Y': 12.646    Cb: 19.5562   Cr: 18.4343 )
00000213: 15.7836   (Y': 12.69     Cb: 19.6025   Cr: 18.4102 )
00000215: 15.665    (Y': 12.6399   Cb: 19.1953   Cr: 18.2647 )
00000216: 15.5879   (Y': 12.5299   Cb: 19.1313   Cr: 18.299  )
00000217: 15.413    (Y': 12.3732   Cb: 18.9166   Cr: 18.0888 )
00000218: 15.3105   (Y': 12.2936   Cb: 18.6997   Cr: 17.9965 )
00000219: 15.1446   (Y': 12.1653   Cb: 18.3865   Cr: 17.8193 )
00000220: 15.0932   (Y': 12.1254   Cb: 18.2427   Cr: 17.8081 )
00000221: 14.8854   (Y': 11.9419   Cb: 17.9649   Cr: 17.5741 )
00000222: 14.807    (Y': 11.8688   Cb: 17.8173   Cr: 17.5402 )
00000224: 14.5626   (Y': 11.7381   Cb: 17.1799   Cr: 17.2675 )
00000223: 14.5811   (Y': 11.7051   Cb: 17.371    Cr: 17.2989 )
00000225: 15.5971   (Y': 12.6737   Cb: 18.3704   Cr: 18.5083 )
00000226: 15.6454   (Y': 12.8119   Cb: 18.2613   Cr: 18.3844 )
00000227: 16.5172   (Y': 14.0115   Cb: 18.8471   Cr: 18.4921 )
00000228: 16.1208   (Y': 13.7543   Cb: 17.9778   Cr: 18.1728 )
00000229: 15.0025   (Y': 12.8895   Cb: 16.8718   Cr: 16.4104 )
00000230: 14.6603   (Y': 12.5425   Cb: 16.5982   Cr: 16.0182 )
00000231: 13.7885   (Y': 11.3694   Cb: 15.9289   Cr: 15.7021 )
00000232: 14.0458   (Y': 11.5576   Cb: 16.0189   Cr: 16.3251 )
00000233: 13.931    (Y': 11.3494   Cb: 15.6041   Cr: 16.8749 )
00000234: 14.5286   (Y': 12.1447   Cb: 15.9791   Cr: 17.1044 )
00000235: 14.2351   (Y': 11.8955   Cb: 15.6818   Cr: 16.6801 )
00000236: 14.0198   (Y': 11.7202   Cb: 15.4211   Cr: 16.4027 )
00000237: 13.7677   (Y': 11.652    Cb: 14.774    Cr: 16.14   )
00000238: 13.5366   (Y': 11.4093   Cb: 14.4321   Cr: 16.0993 )
00000239: 14.2892   (Y': 11.8848   Cb: 16.2266   Cr: 16.3633 )
00000240: 16.5391   (Y': 14.0674   Cb: 18.9777   Cr: 18.3243 )
00000241: 16.549    (Y': 13.9679   Cb: 19.2771   Cr: 18.3892 )
00000242: 16.3305   (Y': 13.5664   Cb: 19.11     Cr: 18.6739 )
00000243: 15.6035   (Y': 12.7203   Cb: 18.4472   Cr: 18.2946 )
00000244: 15.2899   (Y': 12.3275   Cb: 18.2423   Cr: 18.1697 )
00000245: 14.7929   (Y': 11.6162   Cb: 18.0711   Cr: 18.2438 )
00000246: 14.5235   (Y': 11.2888   Cb: 17.9489   Cr: 18.0932 )
00000247: 14.1043   (Y': 10.8226   Cb: 17.6462   Cr: 17.7832 )
00000248: 13.9622   (Y': 10.6844   Cb: 17.4309   Cr: 17.6988 )
00000250: 13.6767   (Y': 10.4511   Cb: 16.9759   Cr: 17.3369 )
00000249: 13.7641   (Y': 10.5026   Cb: 17.1335   Cr: 17.5253 )
00000251: 13.5612   (Y': 10.3621   Cb: 16.7578   Cr: 17.2047 )
00000252: 13.5087   (Y': 10.3235   Cb: 16.6857   Cr: 17.1076 )
00000254: 13.4343   (Y': 10.2893   Cb: 16.5202   Cr: 16.9445 )
00000253: 13.4395   (Y': 10.2698   Cb: 16.6064   Cr: 16.9764 )
00000255: 13.3881   (Y': 10.2574   Cb: 16.466    Cr: 16.8414 )
00000256: 13.3772   (Y': 10.2516   Cb: 16.4281   Cr: 16.8366 )
00000257: 13.3895   (Y': 10.2927   Cb: 16.3463   Cr: 16.823  )
00000258: 13.3699   (Y': 10.2607   Cb: 16.3222   Cr: 16.8646 )
00000259: 13.3119   (Y': 10.2483   Cb: 16.1761   Cr: 16.7015 )
00000260: 13.2816   (Y': 10.2068   Cb: 16.1705   Cr: 16.6925 )
00000261: 13.3055   (Y': 10.2406   Cb: 16.1997   Cr: 16.6666 )
00000262: 13.2847   (Y': 10.2208   Cb: 16.1374   Cr: 16.6886 )
00000264: 13.2175   (Y': 10.1581   Cb: 16.0507   Cr: 16.6241 )
00000263: 13.2336   (Y': 10.1847   Cb: 16.0278   Cr: 16.6379 )
00000265: 13.1465   (Y': 10.0935   Cb: 15.9811   Cr: 16.5231 )
00000266: 13.1688   (Y': 10.1146   Cb: 16.0185   Cr: 16.5335 )
00000270: 13.1837   (Y': 10.1135   Cb: 16.0304   Cr: 16.6225 )
00000268: 13.1689   (Y': 10.1119   Cb: 16.0372   Cr: 16.5249 )
00000267: 13.1637   (Y': 10.1215   Cb: 15.9858   Cr: 16.5073 )
00000269: 13.1731   (Y': 10.0864   Cb: 16.058    Cr: 16.6423 )
00000271: 13.2196   (Y': 10.162    Cb: 16.0518   Cr: 16.6188 )
00000272: 13.2542   (Y': 10.1845   Cb: 16.1504   Cr: 16.6348 )
00000274: 13.5774   (Y': 10.5151   Cb: 16.4967   Cr: 16.8996 )
00000273: 13.4896   (Y': 10.4196   Cb: 16.4175   Cr: 16.8361 )
00000275: 13.6984   (Y': 10.6276   Cb: 16.6192   Cr: 17.0567 )
00000276: 13.7843   (Y': 10.7358   Cb: 16.6897   Cr: 17.0625 )
00000277: 13.9699   (Y': 10.957    Cb: 16.8838   Cr: 17.0897 )
00000278: 14.0735   (Y': 11.0691   Cb: 17.006    Cr: 17.1395 )
00000279: 14.2474   (Y': 11.2705   Cb: 17.1511   Cr: 17.2325 )
00000280: 14.3717   (Y': 11.3587   Cb: 17.327    Cr: 17.4484 )
00000282: 14.5448   (Y': 11.4978   Cb: 17.5762   Cr: 17.6832 )
00000281: 14.5074   (Y': 11.4639   Cb: 17.5883   Cr: 17.5815 )
00000283: 14.6999   (Y': 11.6341   Cb: 17.8282   Cr: 17.8186 )
00000284: 14.7642   (Y': 11.6998   Cb: 17.8825   Cr: 17.887  )
00000285: 14.9376   (Y': 11.8761   Cb: 18.1015   Cr: 18.0036 )
00000286: 15.0183   (Y': 11.9204   Cb: 18.2425   Cr: 18.1763 )
00000287: 15.1216   (Y': 12.0143   Cb: 18.389    Cr: 18.2771 )
00000288: 15.2695   (Y': 12.1237   Cb: 18.6623   Cr: 18.4679 )
00000289: 15.434    (Y': 12.2688   Cb: 18.881    Cr: 18.6652 )
00000290: 15.5693   (Y': 12.3929   Cb: 19.1281   Cr: 18.7448 )
00000291: 15.8547   (Y': 12.692    Cb: 19.3653   Cr: 19.0153 )
00000292: 16.0006   (Y': 12.8604   Cb: 19.5224   Cr: 19.0562 )
00000293: 16.2864   (Y': 13.1707   Cb: 19.7048   Cr: 19.3339 )
00000294: 16.4164   (Y': 13.2997   Cb: 19.9101   Cr: 19.4006 )
00000295: 16.5202   (Y': 13.3895   Cb: 19.9722   Cr: 19.5993 )
00000296: 16.5278   (Y': 13.4278   Cb: 19.8971   Cr: 19.5562 )
00000297: 16.639    (Y': 13.5482   Cb: 19.9031   Cr: 19.7288 )
00000298: 16.7142   (Y': 13.6505   Cb: 19.8837   Cr: 19.7831 )
00000299: 16.8741   (Y': 13.8341   Cb: 19.983    Cr: 19.9064 )
00000300: 16.9096   (Y': 13.919    Cb: 19.8868   Cr: 19.8746 )
00000301: 17.0524   (Y': 14.1601   Cb: 19.7623   Cr: 19.9111 )
00000302: 17.0459   (Y': 14.1917   Cb: 19.7306   Cr: 19.7894 )
00000303: 17.0329   (Y': 14.2122   Cb: 19.5771   Cr: 19.8002 )
00000304: 17.0089   (Y': 14.1949   Cb: 19.5129   Cr: 19.7945 )
00000306: 17.0351   (Y': 14.3982   Cb: 18.9825   Cr: 19.824  )
00000305: 17.026    (Y': 14.3335   Cb: 19.137    Cr: 19.8155 )
00000307: 16.9866   (Y': 14.4007   Cb: 18.842    Cr: 19.7125 )
00000309: 17.2052   (Y': 14.669    Cb: 19.0406   Cr: 19.7897 )
00000308: 17.1265   (Y': 14.5394   Cb: 18.9731   Cr: 19.8669 )
00000310: 17.206    (Y': 14.7246   Cb: 19.1063   Cr: 19.544  )
00000311: 17.2454   (Y': 14.8012   Cb: 19.1733   Cr: 19.4428 )
00000312: 17.2129   (Y': 14.6625   Cb: 19.3532   Cr: 19.504  )
00000315: 17.1921   (Y': 14.7958   Cb: 18.9265   Cr: 19.4618 )
00000314: 17.4037   (Y': 14.9798   Cb: 19.3144   Cr: 19.5607 )
00000313: 17.2399   (Y': 14.6496   Cb: 19.4134   Cr: 19.6197 )
00000316: 16.9882   (Y': 14.5301   Cb: 18.823    Cr: 19.3287 )
00000317: 16.907    (Y': 14.4527   Cb: 18.6861   Cr: 19.2993 )
00000318: 16.8352   (Y': 14.3981   Cb: 18.4848   Cr: 19.3277 )
00000319: 16.8528   (Y': 14.4757   Cb: 18.3484   Cr: 19.3505 )
00000320: 16.7994   (Y': 14.4661   Cb: 18.1737   Cr: 19.318  )
00000321: 16.7959   (Y': 14.4691   Cb: 18.0828   Cr: 19.4105 )
00000323: 16.83     (Y': 14.5174   Cb: 18.3387   Cr: 19.1191 )
00000322: 16.7712   (Y': 14.4366   Cb: 18.1007   Cr: 19.3528 )
00000324: 17.1482   (Y': 14.9701   Cb: 18.6377   Cr: 19.0926 )
00000325: 16.8696   (Y': 14.7074   Cb: 18.2137   Cr: 18.9392 )
00000326: 16.6046   (Y': 14.4112   Cb: 17.9074   Cr: 18.8076 )
00000327: 16.4777   (Y': 14.2285   Cb: 17.901    Cr: 18.6893 )
00000328: 16.4528   (Y': 14.2078   Cb: 17.8567   Cr: 18.6763 )
00000329: 16.4463   (Y': 14.1905   Cb: 17.8698   Cr: 18.6763 )
00000330: 16.3273   (Y': 14.0489   Cb: 17.7499   Cr: 18.6224 )
00000331: 16.2575   (Y': 14.0065   Cb: 17.6797   Cr: 18.4756 )
00000332: 16.2695   (Y': 13.9767   Cb: 17.732    Cr: 18.5576 )
00000333: 16.4611   (Y': 14.1696   Cb: 17.9403   Cr: 18.7253 )
00000334: 16.5535   (Y': 14.2974   Cb: 18.0205   Cr: 18.7322 )
00000337: 17.1488   (Y': 14.7324   Cb: 18.904    Cr: 19.4543 )
00000336: 16.8332   (Y': 14.4774   Cb: 18.4891   Cr: 19.0748 )
00000338: 17.3358   (Y': 14.8492   Cb: 19.2497   Cr: 19.6746 )
00000339: 17.6463   (Y': 15.083    Cb: 19.6473   Cr: 20.1275 )
00000335: 16.7357   (Y': 14.3804   Cb: 18.3322   Cr: 19.0447 )
00000340: 17.8064   (Y': 15.2506   Cb: 19.8863   Cr: 20.1776 )
00000342: 17.8929   (Y': 15.3701   Cb: 19.8313   Cr: 20.3162 )
00000341: 17.8781   (Y': 15.3679   Cb: 19.7948   Cr: 20.2861 )
00000344: 18.0848   (Y': 15.5857   Cb: 20.0425   Cr: 20.4135 )
00000346: 18.0991   (Y': 15.613    Cb: 20.1706   Cr: 20.269  )
00000345: 18.0727   (Y': 15.6177   Cb: 20.0054   Cr: 20.2965 )
00000343: 18.0478   (Y': 15.5664   Cb: 19.9221   Cr: 20.4148 )
00000347: 18.1614   (Y': 15.7541   Cb: 20.0012   Cr: 20.3465 )
00000348: 18.0757   (Y': 15.6648   Cb: 19.9138   Cr: 20.2729 )
00000349: 17.9779   (Y': 15.4932   Cb: 19.8969   Cr: 20.3054 )
00000350: 17.9874   (Y': 15.5187   Cb: 19.8649   Cr: 20.3125 )
00000351: 17.8125   (Y': 15.4203   Cb: 19.5325   Cr: 20.0865 )
00000353: 16.5554   (Y': 14.1893   Cb: 18.2119   Cr: 18.8263 )
00000352: 17.6257   (Y': 15.2799   Cb: 19.3206   Cr: 19.7948 )
00000354: 16.6164   (Y': 14.2827   Cb: 18.2909   Cr: 18.7742 )
00000355: 15.8008   (Y': 13.4002   Cb: 17.4228   Cr: 18.2148 )
00000356: 15.6012   (Y': 13.1769   Cb: 17.2027   Cr: 18.1124 )
00000357: 15.3703   (Y': 12.8783   Cb: 17.1122   Cr: 17.924  )
00000358: 15.3286   (Y': 12.8358   Cb: 17.0623   Cr: 17.895  )
00000359: 15.2847   (Y': 12.7168   Cb: 17.1824   Cr: 17.8993 )
00000360: 15.3279   (Y': 12.7589   Cb: 17.2655   Cr: 17.8994 )
00000362: 15.0701   (Y': 12.3655   Cb: 17.3849   Cr: 17.6733 )
00000361: 15.137    (Y': 12.4861   Cb: 17.316    Cr: 17.7067 )
00000363: 14.9864   (Y': 12.2474   Cb: 17.4342   Cr: 17.567  )
00000364: 14.9708   (Y': 12.1896   Cb: 17.4588   Cr: 17.6562 )
00000366: 14.8858   (Y': 12.1111   Cb: 17.3686   Cr: 17.5537 )
00000365: 14.8807   (Y': 12.0907   Cb: 17.3973   Cr: 17.5672 )
00000367: 14.9008   (Y': 12.0974   Cb: 17.4584   Cr: 17.5924 )
00000368: 14.9695   (Y': 12.1695   Cb: 17.5326   Cr: 17.6431 )
00000369: 15.0287   (Y': 12.2087   Cb: 17.6207   Cr: 17.7438 )
00000370: 15.0444   (Y': 12.2389   Cb: 17.5637   Cr: 17.783  )
00000371: 15.024    (Y': 12.2331   Cb: 17.5963   Cr: 17.6561 )
00000372: 15.0167   (Y': 12.2228   Cb: 17.5847   Cr: 17.6642 )
00000373: 14.9849   (Y': 12.2438   Cb: 17.4327   Cr: 17.5731 )
00000374: 14.9707   (Y': 12.2257   Cb: 17.4751   Cr: 17.5142 )
00000375: 14.9305   (Y': 12.2162   Cb: 17.3863   Cr: 17.4203 )
00000376: 14.9208   (Y': 12.2285   Cb: 17.2747   Cr: 17.4414 )
00000378: 14.7924   (Y': 12.1462   Cb: 17.1347   Cr: 17.1754 )
00000377: 14.831    (Y': 12.1699   Cb: 17.2042   Cr: 17.2305 )
00000379: 14.6556   (Y': 12.0418   Cb: 16.8973   Cr: 17.0387 )
00000380: 14.5635   (Y': 11.9811   Cb: 16.7413   Cr: 16.9141 )
00000381: 14.4833   (Y': 11.9004   Cb: 16.6696   Cr: 16.8266 )
00000382: 14.4215   (Y': 11.842    Cb: 16.573    Cr: 16.7905 )
00000383: 14.2689   (Y': 11.6878   Cb: 16.404    Cr: 16.6604 )
00000384: 14.2458   (Y': 11.6385   Cb: 16.3849   Cr: 16.7161 )
00000385: 14.0795   (Y': 11.4512   Cb: 16.2116   Cr: 16.626  )
00000386: 14.0515   (Y': 11.4067   Cb: 16.2157   Cr: 16.6173 )
00000387: 13.944    (Y': 11.2719   Cb: 16.183    Cr: 16.5193 )
00000388: 13.8784   (Y': 11.2136   Cb: 16.1449   Cr: 16.4    )
00000389: 13.7246   (Y': 11.0661   Cb: 15.9387   Cr: 16.2815 )
00000390: 13.6841   (Y': 11.0644   Cb: 15.8558   Cr: 16.1597 )
00000391: 13.5685   (Y': 10.9778   Cb: 15.6859   Cr: 16.0093 )
00000394: 13.4126   (Y': 10.8711   Cb: 15.4276   Cr: 15.8093 )
00000392: 13.5177   (Y': 10.9695   Cb: 15.5435   Cr: 15.9239 )
00000393: 13.4405   (Y': 10.878    Cb: 15.5058   Cr: 15.8482 )
00000395: 13.351    (Y': 10.8065   Cb: 15.3323   Cr: 15.7947 )
00000397: 13.3106   (Y': 10.9129   Cb: 15.0397   Cr: 15.5905 )
00000396: 13.3289   (Y': 10.8374   Cb: 15.1968   Cr: 15.734  )
00000398: 13.3037   (Y': 10.9581   Cb: 14.9345   Cr: 15.5445 )
00000399: 13.321    (Y': 11.0336   Cb: 14.8017   Cr: 15.5713 )
00000400: 13.2952   (Y': 11.0253   Cb: 14.7109   Cr: 15.5745 )
00000401: 13.3009   (Y': 11.0313   Cb: 14.6766   Cr: 15.6282 )
00000402: 13.3009   (Y': 11.0427   Cb: 14.6273   Cr: 15.6575 )
00000403: 13.3109   (Y': 11.065    Cb: 14.5825   Cr: 15.7023 )
00000404: 13.3305   (Y': 11.0782   Cb: 14.6377   Cr: 15.6947 )
00000405: 13.3786   (Y': 11.1431   Cb: 14.6269   Cr: 15.7698 )
00000406: 13.394    (Y': 11.1524   Cb: 14.6708   Cr: 15.7662 )
00000407: 13.4682   (Y': 11.2544   Cb: 14.6538   Cr: 15.8785 )
00000408: 13.468    (Y': 11.2629   Cb: 14.6158   Cr: 15.9042 )
00000409: 13.5003   (Y': 11.3099   Cb: 14.6468   Cr: 15.8952 )
00000410: 13.5234   (Y': 11.3525   Cb: 14.6378   Cr: 15.9054 )
00000411: 13.5078   (Y': 11.3366   Cb: 14.5574   Cr: 15.9793 )
00000413: 13.5621   (Y': 11.3985   Cb: 14.5973   Cr: 16.0312 )
00000412: 13.5264   (Y': 11.3383   Cb: 14.5823   Cr: 16.0386 )
00000414: 13.5609   (Y': 11.4021   Cb: 14.5519   Cr: 16.078  )
00000415: 13.543    (Y': 11.3958   Cb: 14.578    Cr: 15.965  )
00000417: 13.4869   (Y': 11.3596   Cb: 14.5074   Cr: 15.8723 )
00000416: 13.5181   (Y': 11.3843   Cb: 14.5612   Cr: 15.891  )
00000419: 13.3916   (Y': 11.2605   Cb: 14.4551   Cr: 15.7293 )
00000418: 13.4339   (Y': 11.3219   Cb: 14.4657   Cr: 15.7609 )
00000420: 13.3406   (Y': 11.1919   Cb: 14.4259   Cr: 15.6991 )
00000421: 13.2213   (Y': 11.0529   Cb: 14.324    Cr: 15.6118 )
00000422: 13.1599   (Y': 10.9748   Cb: 14.2553   Cr: 15.6088 )
00000423: 13.0632   (Y': 10.8795   Cb: 14.1301   Cr: 15.5469 )
00000425: 12.9613   (Y': 10.6939   Cb: 14.1248   Cr: 15.5617 )
00000424: 13.0074   (Y': 10.7977   Cb: 14.1042   Cr: 15.5268 )
00000427: 12.9474   (Y': 10.623    Cb: 14.1511   Cr: 15.6703 )
00000426: 12.946    (Y': 10.6826   Cb: 14.1131   Cr: 15.5292 )
00000428: 12.9267   (Y': 10.6123   Cb: 14.103    Cr: 15.6563 )
00000429: 12.9214   (Y': 10.569    Cb: 14.1262   Cr: 15.7329 )
00000430: 12.865    (Y': 10.5022   Cb: 14.0634   Cr: 15.7203 )
00000431: 12.8075   (Y': 10.446    Cb: 13.9846   Cr: 15.6901 )
00000432: 12.7941   (Y': 10.4425   Cb: 13.96     Cr: 15.6597 )
00000433: 12.8075   (Y': 10.4422   Cb: 13.9746   Cr: 15.7176 )
00000434: 12.7537   (Y': 10.386    Cb: 13.9305   Cr: 15.6574 )
00000435: 12.7554   (Y': 10.3643   Cb: 13.9028   Cr: 15.7836 )
00000437: 12.7412   (Y': 10.367    Cb: 13.8703   Cr: 15.7394 )
00000436: 12.7468   (Y': 10.3738   Cb: 13.881    Cr: 15.7327 )
00000438: 12.7408   (Y': 10.3672   Cb: 13.871    Cr: 15.7351 )
00000439: 12.7425   (Y': 10.3665   Cb: 13.8883   Cr: 15.7214 )
00000440: 12.7097   (Y': 10.323    Cb: 13.8543   Cr: 15.7271 )
00000441: 12.6903   (Y': 10.2815   Cb: 13.8722   Cr: 15.7277 )
00000442: 12.7093   (Y': 10.2993   Cb: 13.8921   Cr: 15.7491 )
00000443: 12.7011   (Y': 10.2733   Cb: 13.9001   Cr: 15.7787 )
00000444: 12.7145   (Y': 10.2769   Cb: 13.9051   Cr: 15.8406 )
00000445: 12.7235   (Y': 10.2464   Cb: 13.98     Cr: 15.8905 )
00000446: 12.742    (Y': 10.2662   Cb: 14.0289   Cr: 15.8573 )
00000447: 12.7462   (Y': 10.2579   Cb: 14.018    Cr: 15.9308 )
00000448: 12.735    (Y': 10.2365   Cb: 14.0136   Cr: 15.9464 )
00000449: 12.7546   (Y': 10.2275   Cb: 14.1265   Cr: 15.9289 )
00000450: 12.7566   (Y': 10.2451   Cb: 14.1137   Cr: 15.8961 )
00000452: 12.7752   (Y': 10.2548   Cb: 14.1213   Cr: 15.9643 )
00000453: 12.7727   (Y': 10.2207   Cb: 14.1448   Cr: 16.0409 )
00000451: 12.7672   (Y': 10.2433   Cb: 14.1478   Cr: 15.9163 )
00000454: 12.7969   (Y': 10.2284   Cb: 14.2218   Cr: 16.0473 )
00000457: 12.7512   (Y': 10.1617   Cb: 14.1967   Cr: 16.0505 )
00000455: 12.7428   (Y': 10.1609   Cb: 14.1585   Cr: 16.0585 )
00000456: 12.7296   (Y': 10.1599   Cb: 14.1305   Cr: 16.0209 )
00000458: 12.7409   (Y': 10.1488   Cb: 14.1821   Cr: 16.057  )
00000460: 12.743    (Y': 10.1522   Cb: 14.1905   Cr: 16.0446 )
00000459: 12.7033   (Y': 10.1054   Cb: 14.1504   Cr: 16.0328 )
00000461: 12.7388   (Y': 10.1552   Cb: 14.1714   Cr: 16.0348 )
00000462: 12.7338   (Y': 10.1412   Cb: 14.169    Cr: 16.061  )
00000463: 12.7372   (Y': 10.1171   Cb: 14.2112   Cr: 16.1127 )
00000465: 12.7387   (Y': 10.0953   Cb: 14.2555   Cr: 16.1412 )
00000464: 12.7429   (Y': 10.1115   Cb: 14.2374   Cr: 16.1323 )
00000466: 12.7344   (Y': 10.0604   Cb: 14.3028   Cr: 16.1817 )
00000467: 12.7209   (Y': 10.0433   Cb: 14.3068   Cr: 16.1558 )
00000468: 12.719    (Y': 10.0415   Cb: 14.3167   Cr: 16.1356 )
00000469: 12.7241   (Y': 10.0224   Cb: 14.3663   Cr: 16.172  )
00000470: 12.7313   (Y': 10.0325   Cb: 14.3393   Cr: 16.2195 )
00000473: 12.7951   (Y': 10.0744   Cb: 14.4647   Cr: 16.2801 )
00000472: 12.7405   (Y': 10.0332   Cb: 14.3943   Cr: 16.1941 )
00000471: 12.7444   (Y': 10.0261   Cb: 14.4144   Cr: 16.2194 )
00000474: 12.7795   (Y': 10.052    Cb: 14.462    Cr: 16.2739 )
00000476: 12.8193   (Y': 10.0826   Cb: 14.5336   Cr: 16.3045 )
00000475: 12.8105   (Y': 10.0834   Cb: 14.5153   Cr: 16.2696 )
00000477: 12.8347   (Y': 10.0685   Cb: 14.6056   Cr: 16.359  )
00000478: 12.8374   (Y': 10.0579   Cb: 14.6309   Cr: 16.3847 )
00000479: 12.824    (Y': 10.036    Cb: 14.6271   Cr: 16.3938 )
00000482: 12.8028   (Y': 9.98856   Cb: 14.6247   Cr: 16.4587 )
00000480: 12.8417   (Y': 10.0371   Cb: 14.6811   Cr: 16.4291 )
00000484: 15.1736   (Y': 12.0957   Cb: 17.8309   Cr: 18.8766 )
00000481: 12.8372   (Y': 10.0235   Cb: 14.6682   Cr: 16.4769 )
00000483: 15.1945   (Y': 12.1998   Cb: 17.6696   Cr: 18.7446 )
00000485: 15.1785   (Y': 12.1145   Cb: 17.8206   Cr: 18.8349 )
00000486: 15.0236   (Y': 11.9669   Cb: 17.6315   Cr: 18.6891 )
00000487: 14.9905   (Y': 11.9174   Cb: 17.6573   Cr: 18.6588 )
00000488: 15.1156   (Y': 12.0154   Cb: 17.961    Cr: 18.6924 )
00000491: 13.9739   (Y': 10.9578   Cb: 16.4807   Cr: 17.5801 )
00000489: 14.4827   (Y': 11.3959   Cb: 17.1789   Cr: 18.1787 )
00000490: 14.2584   (Y': 11.2116   Cb: 16.8426   Cr: 17.9079 )
00000492: 13.9148   (Y': 10.9251   Cb: 16.3477   Cr: 17.4963 )
00000493: 13.8548   (Y': 10.8454   Cb: 16.2888   Cr: 17.5255 )
00000494: 13.8603   (Y': 10.8583   Cb: 16.2728   Cr: 17.5252 )
00000495: 13.8925   (Y': 10.827    Cb: 16.4522   Cr: 17.6625 )
00000496: 13.9286   (Y': 10.8408   Cb: 16.5627   Cr: 17.709  )
00000497: 13.9507   (Y': 10.811    Cb: 16.7776   Cr: 17.7391 )
00000498: 13.9925   (Y': 10.849    Cb: 16.8455   Cr: 17.7675 )
00000499: 14.0592   (Y': 10.857    Cb: 17.0868   Cr: 17.9139 )
00000500: 14.0849   (Y': 10.8667   Cb: 17.1762   Cr: 17.9446 )
00000501: 14.1663   (Y': 10.908    Cb: 17.44     Cr: 18.0184 )
00000502: 14.1934   (Y': 10.9263   Cb: 17.5121   Cr: 18.0397 )
00000505: 14.4678   (Y': 11.1655   Cb: 18.0784   Cr: 18.1793 )
00000503: 14.3198   (Y': 11.0566   Cb: 17.727    Cr: 18.0487 )
00000504: 14.3758   (Y': 11.0893   Cb: 17.8678   Cr: 18.1317 )
00000507: 14.643    (Y': 11.3312   Cb: 18.3408   Cr: 18.3139 )
00000506: 14.5226   (Y': 11.2031   Cb: 18.1653   Cr: 18.2882 )
00000508: 14.6996   (Y': 11.3799   Cb: 18.4823   Cr: 18.3265 )
00000509: 14.8357   (Y': 11.5001   Cb: 18.7066   Cr: 18.4575 )
00000510: 14.8672   (Y': 11.5107   Cb: 18.8131   Cr: 18.5232 )
00000512: 15.0114   (Y': 11.6081   Cb: 19.1716   Cr: 18.7077 )
00000511: 14.9779   (Y': 11.588    Cb: 19.1224   Cr: 18.6207 )
00000513: 15.1381   (Y': 11.7257   Cb: 19.4422   Cr: 18.7552 )
00000514: 15.1697   (Y': 11.7407   Cb: 19.4847   Cr: 18.862  )
00000515: 15.2661   (Y': 11.8133   Cb: 19.6386   Cr: 19.0327 )
00000516: 15.3181   (Y': 11.8655   Cb: 19.6737   Cr: 19.0984 )
00000517: 15.4284   (Y': 11.9528   Cb: 19.8444   Cr: 19.2785 )
00000518: 15.4624   (Y': 12.0007   Cb: 19.8626   Cr: 19.2521 )
00000519: 12.8194   (Y': 9.39847   Cb: 16.7003   Cr: 16.8812 )
00000521: 14.509    (Y': 11.1368   Cb: 18.4074   Cr: 18.29   )
00000520: 14.1898   (Y': 10.8084   Cb: 18.0946   Cr: 18.0126 )
00000524: 13.5672   (Y': 10.4748   Cb: 16.6168   Cr: 16.8802 )
00000523: 13.8075   (Y': 10.6546   Cb: 17.1337   Cr: 17.1021 )
00000522: 14.3456   (Y': 11.0302   Cb: 18.1294   Cr: 17.95   )
00000525: 13.2433   (Y': 10.2224   Cb: 15.8964   Cr: 16.6898 )
00000526: 13.1449   (Y': 10.1703   Cb: 15.5928   Cr: 16.6393 )
00000527: 13.0879   (Y': 10.2028   Cb: 15.2509   Cr: 16.5644 )
00000528: 13.0522   (Y': 10.2041   Cb: 15.1522   Cr: 16.4559 )
00000531: 13.1806   (Y': 10.4626   Cb: 15.0956   Cr: 16.308  )
00000529: 13.0724   (Y': 10.2964   Cb: 15.0709   Cr: 16.316  )
00000530: 13.1062   (Y': 10.3553   Cb: 15.0381   Cr: 16.339  )
00000532: 13.2122   (Y': 10.512    Cb: 15.1322   Cr: 16.2654 )
00000533: 13.2579   (Y': 10.5874   Cb: 15.1678   Cr: 16.2134 )
00000534: 13.2763   (Y': 10.6338   Cb: 15.1481   Cr: 16.1793 )
00000535: 13.2953   (Y': 10.6761   Cb: 15.2024   Cr: 16.0722 )
00000537: 13.3862   (Y': 10.813    Cb: 15.2112   Cr: 16.1063 )
00000538: 13.3915   (Y': 10.8193   Cb: 15.2123   Cr: 16.1131 )
00000536: 13.3415   (Y': 10.7539   Cb: 15.2007   Cr: 16.0684 )
00000539: 13.3859   (Y': 10.8186   Cb: 15.1552   Cr: 16.155  )
00000540: 13.3824   (Y': 10.8286   Cb: 15.1857   Cr: 16.0637 )
00000541: 13.4416   (Y': 10.8423   Cb: 15.3231   Cr: 16.181  )
00000542: 13.506    (Y': 10.8991   Cb: 15.477    Cr: 16.1644 )
00000543: 13.6726   (Y': 11.074    Cb: 15.6834   Cr: 16.2572 )
00000545: 13.8385   (Y': 11.1641   Cb: 15.9734   Cr: 16.537  )
00000544: 13.7389   (Y': 11.1234   Cb: 15.7898   Cr: 16.3337 )
00000546: 13.9125   (Y': 11.1915   Cb: 16.1173   Cr: 16.6948 )
00000547: 14.0972   (Y': 11.2937   Cb: 16.4325   Cr: 17.0309 )
00000549: 14.3145   (Y': 11.4307   Cb: 16.8411   Cr: 17.3377 )
00000548: 14.1527   (Y': 11.3275   Cb: 16.5663   Cr: 17.0782 )
00000550: 14.3702   (Y': 11.4572   Cb: 16.9023   Cr: 17.5028 )
00000551: 14.4593   (Y': 11.5278   Cb: 17.0178   Cr: 17.6363 )
00000554: 14.7268   (Y': 11.7326   Cb: 17.3158   Cr: 18.1326 )
00000553: 14.6463   (Y': 11.6619   Cb: 17.1814   Cr: 18.0747 )
00000552: 14.5152   (Y': 11.5651   Cb: 17.0816   Cr: 17.7602 )
00000555: 14.9602   (Y': 11.9257   Cb: 17.6553   Cr: 18.4168 )
00000557: 15.2659   (Y': 12.2216   Cb: 18.1011   Cr: 18.6034 )
00000556: 15.0866   (Y': 12.0474   Cb: 17.7977   Cr: 18.545  )
00000558: 15.2889   (Y': 12.2592   Cb: 18.0573   Cr: 18.6383 )
00000561: 15.8527   (Y': 12.7565   Cb: 19.0826   Cr: 18.9984 )
00000559: 15.4731   (Y': 12.4203   Cb: 18.4139   Cr: 18.731  )
00000560: 15.6438   (Y': 12.5934   Cb: 18.589    Cr: 18.8869 )
00000564: 16.3013   (Y': 13.0737   Cb: 19.8722   Cr: 19.6934 )
00000563: 16.2241   (Y': 13.0621   Cb: 19.6477   Cr: 19.4637 )
00000562: 15.9586   (Y': 12.8448   Cb: 19.2315   Cr: 19.1358 )
00000565: 16.6491   (Y': 13.4128   Cb: 20.2943   Cr: 20.0107 )
00000566: 16.7356   (Y': 13.5095   Cb: 20.3987   Cr: 20.0338 )
00000569: 17.1096   (Y': 13.8938   Cb: 20.6707   Cr: 20.4574 )
00000568: 17.0078   (Y': 13.819    Cb: 20.4624   Cr: 20.3363 )
00000571: 17.0429   (Y': 13.7881   Cb: 20.5833   Cr: 20.5923 )
00000570: 17.1104   (Y': 13.8451   Cb: 20.7352   Cr: 20.6266 )
00000567: 16.9777   (Y': 13.7907   Cb: 20.4359   Cr: 20.2943 )
00000572: 17.0064   (Y': 13.7539   Cb: 20.5716   Cr: 20.5203 )
00000573: 16.9987   (Y': 13.7526   Cb: 20.512    Cr: 20.5335 )
00000574: 17.031    (Y': 13.7761   Cb: 20.5667   Cr: 20.5859 )
00000575: 17.024    (Y': 13.835    Cb: 20.3245   Cr: 20.5082 )
00000577: 17.0896   (Y': 13.8903   Cb: 20.3167   Cr: 20.701  )
00000576: 17.093    (Y': 13.9053   Cb: 20.3703   Cr: 20.5957 )
00000578: 17.0866   (Y': 13.8979   Cb: 20.2526   Cr: 20.7146 )
Total: 14.6146   (Y': 11.8643   Cb: 16.8628   Cr: 17.4519 )
