00000001: 13.1102   (Y': 12.3386   Cb: 12.7582   Cr: 14.5298 )
00000002: 13.1011   (Y': 12.3203   Cb: 12.8073   Cr: 14.4495 )
00000000: 13.3486   (Y': 12.6178   Cb: 13.0332   Cr: 14.648  )
00000004: 13.0804   (Y': 12.2644   Cb: 12.8098   Cr: 14.4532 )
00000003: 13.0931   (Y': 12.3112   Cb: 12.8086   Cr: 14.4299 )
00000005: 12.8995   (Y': 12.1109   Cb: 12.5925   Cr: 14.2805 )
00000006: 12.7692   (Y': 12.0262   Cb: 12.4483   Cr: 14.0962 )
00000008: 12.9027   (Y': 12.1159   Cb: 12.6421   Cr: 14.2132 )
00000009: 12.9487   (Y': 12.1519   Cb: 12.6823   Cr: 14.2838 )
00000012: 12.893    (Y': 12.0338   Cb: 12.5854   Cr: 14.3935 )
00000010: 12.9657   (Y': 12.157    Cb: 12.6554   Cr: 14.3847 )
00000011: 13.0215   (Y': 12.1959   Cb: 12.7278   Cr: 14.4439 )
00000013: 12.8652   (Y': 12.0391   Cb: 12.538    Cr: 14.3391 )
00000014: 12.9729   (Y': 12.1686   Cb: 12.6056   Cr: 14.4706 )
00000015: 12.9353   (Y': 12.1461   Cb: 12.5594   Cr: 14.4209 )
00000007: 12.8186   (Y': 12.0728   Cb: 12.4841   Cr: 14.1703 )
00000017: 12.9035   (Y': 12.1751   Cb: 12.3824   Cr: 14.5154 )
00000019: 12.724    (Y': 12.0551   Cb: 12.1438   Cr: 14.3321 )
00000021: 12.8472   (Y': 12.2171   Cb: 12.3113   Cr: 14.3191 )
00000022: 12.9075   (Y': 12.3353   Cb: 12.3678   Cr: 14.2931 )
00000024: 12.8791   (Y': 12.2981   Cb: 12.3557   Cr: 14.2533 )
00000023: 12.9086   (Y': 12.3491   Cb: 12.3669   Cr: 14.2774 )
00000018: 12.7561   (Y': 12.0777   Cb: 12.1804   Cr: 14.3728 )
00000029: 12.5762   (Y': 12.0715   Cb: 11.9927   Cr: 13.9255 )
00000026: 12.6414   (Y': 12.0534   Cb: 12.1098   Cr: 14.0394 )
00000028: 12.6377   (Y': 12.1502   Cb: 12.0578   Cr: 13.9549 )
00000016: 13.0083   (Y': 12.2919   Cb: 12.5178   Cr: 14.5506 )
00000046: 13.1418   (Y': 12.4548   Cb: 12.7658   Cr: 14.4601 )
00000027: 12.6345   (Y': 12.1001   Cb: 12.0888   Cr: 13.9706 )
00000031: 12.4042   (Y': 11.9491   Cb: 11.765    Cr: 13.7651 )
00000020: 12.8016   (Y': 12.2031   Cb: 12.2508   Cr: 14.2461 )
00000032: 12.4578   (Y': 12.0493   Cb: 11.7814   Cr: 13.8076 )
00000030: 12.438    (Y': 11.9702   Cb: 11.8065   Cr: 13.8062 )
00000025: 12.8103   (Y': 12.2178   Cb: 12.3304   Cr: 14.1357 )
00000033: 12.5735   (Y': 12.1672   Cb: 11.8837   Cr: 13.9417 )
00000034: 12.6428   (Y': 12.1809   Cb: 11.9466   Cr: 14.1062 )
00000037: 12.6504   (Y': 12.0692   Cb: 11.9823   Cr: 14.2586 )
00000038: 12.7891   (Y': 12.0964   Cb: 12.2361   Cr: 14.3926 )
00000039: 12.8724   (Y': 12.1829   Cb: 12.3532   Cr: 14.4154 )
00000036: 12.6496   (Y': 12.1515   Cb: 11.9463   Cr: 14.182  )
00000035: 12.6365   (Y': 12.1811   Cb: 11.9176   Cr: 14.1273 )
00000041: 12.8553   (Y': 12.1154   Cb: 12.3686   Cr: 14.4312 )
00000045: 13.128    (Y': 12.3297   Cb: 12.809    Cr: 14.5428 )
00000044: 12.9712   (Y': 12.2185   Cb: 12.6064   Cr: 14.379  )
00000042: 12.8437   (Y': 12.0487   Cb: 12.4348   Cr: 14.3904 )
00000043: 12.905    (Y': 12.146    Cb: 12.514    Cr: 14.3631 )
00000040: 12.8681   (Y': 12.1379   Cb: 12.3778   Cr: 14.4331 )
00000048: 13.068    (Y': 12.546    Cb: 12.582    Cr: 14.2951 )
00000047: 13.0181   (Y': 12.395    Cb: 12.5974   Cr: 14.3023 )
00000052: 12.9496   (Y': 12.6685   Cb: 12.3912   Cr: 13.941  )
00000049: 13.0442   (Y': 12.5565   Cb: 12.5281   Cr: 14.2648 )
00000050: 12.7855   (Y': 12.3366   Cb: 12.2615   Cr: 13.961  )
00000051: 12.8      (Y': 12.4022   Cb: 12.2863   Cr: 13.8873 )
00000053: 12.9924   (Y': 12.7207   Cb: 12.4094   Cr: 14.0064 )
00000054: 25.3133   (Y': 22.5373   Cb: 27.4941   Cr: 28.3253 )
00000055: 18.4876   (Y': 15.1274   Cb: 21.8328   Cr: 22.8141 )
00000057: 14.9109   (Y': 12.0212   Cb: 16.8924   Cr: 18.6665 )
00000056: 15.5436   (Y': 12.5084   Cb: 17.8812   Cr: 19.4719 )
00000061: 13.4041   (Y': 11.3104   Cb: 14.1072   Cr: 16.1616 )
00000059: 13.9077   (Y': 11.4258   Cb: 15.1758   Cr: 17.0742 )
00000064: 12.8293   (Y': 11.2637   Cb: 12.9988   Cr: 15.017  )
00000060: 13.5645   (Y': 11.3607   Cb: 14.3752   Cr: 16.4949 )
00000058: 14.1651   (Y': 11.5397   Cb: 15.6733   Cr: 17.5089 )
00000062: 13.1857   (Y': 11.3822   Cb: 13.5645   Cr: 15.6365 )
00000065: 12.8907   (Y': 11.4084   Cb: 12.9934   Cr: 14.9908 )
00000066: 13.0417   (Y': 11.7463   Cb: 12.9977   Cr: 14.9644 )
00000063: 12.9942   (Y': 11.3379   Cb: 13.2588   Cr: 15.2502 )
00000067: 13.1358   (Y': 11.8686   Cb: 13.0935   Cr: 14.9972 )
00000068: 13.2526   (Y': 11.996    Cb: 13.2138   Cr: 15.0869 )
00000069: 13.337    (Y': 12.0992   Cb: 13.2675   Cr: 15.1805 )
00000073: 13.2305   (Y': 11.8518   Cb: 13.2278   Cr: 15.2665 )
00000074: 13.2805   (Y': 11.9007   Cb: 13.3113   Cr: 15.2657 )
00000070: 13.3235   (Y': 11.9521   Cb: 13.3345   Cr: 15.3217 )
00000071: 13.2967   (Y': 11.8598   Cb: 13.356    Cr: 15.3629 )
00000075: 13.2916   (Y': 11.8914   Cb: 13.3511   Cr: 15.2762 )
00000077: 13.246    (Y': 11.8505   Cb: 13.2726   Cr: 15.2724 )
00000072: 13.2361   (Y': 11.8423   Cb: 13.2677   Cr: 15.2506 )
00000079: 13.4084   (Y': 12.3058   Cb: 13.1701   Cr: 15.2489 )
00000078: 13.251    (Y': 11.9199   Cb: 13.2333   Cr: 15.2079 )
00000076: 13.2922   (Y': 11.904    Cb: 13.3301   Cr: 15.2848 )
00000081: 13.2412   (Y': 12.1214   Cb: 13.019    Cr: 15.0897 )
00000083: 13.4039   (Y': 12.4497   Cb: 12.9894   Cr: 15.2471 )
00000084: 13.3472   (Y': 12.4082   Cb: 12.9268   Cr: 15.1714 )
00000082: 13.233    (Y': 12.137    Cb: 12.987    Cr: 15.0729 )
00000080: 13.4322   (Y': 12.4315   Cb: 13.0881   Cr: 15.247  )
00000086: 13.2738   (Y': 12.3901   Cb: 12.8117   Cr: 15.0648 )
00000085: 13.2821   (Y': 12.3241   Cb: 12.8702   Cr: 15.1285 )
00000090: 13.1012   (Y': 12.4786   Cb: 12.5112   Cr: 14.6478 )
00000087: 13.2375   (Y': 12.4267   Cb: 12.7373   Cr: 14.9596 )
00000091: 13.1351   (Y': 12.5563   Cb: 12.4908   Cr: 14.6996 )
00000089: 13.0354   (Y': 12.3362   Cb: 12.4413   Cr: 14.7185 )
00000092: 13.1619   (Y': 12.5727   Cb: 12.5306   Cr: 14.722  )
00000094: 13.343    (Y': 12.8698   Cb: 12.7191   Cr: 14.7076 )
00000088: 13.071    (Y': 12.3513   Cb: 12.5115   Cr: 14.7315 )
00000096: 13.357    (Y': 12.7429   Cb: 12.8467   Cr: 14.7629 )
00000095: 13.329    (Y': 12.8344   Cb: 12.7374   Cr: 14.6753 )
00000093: 13.2389   (Y': 12.681    Cb: 12.6013   Cr: 14.7584 )
00000098: 13.5177   (Y': 12.7867   Cb: 13.0729   Cr: 15.0121 )
00000101: 13.3      (Y': 12.4798   Cb: 12.8708   Cr: 14.9223 )
00000099: 13.5058   (Y': 12.7024   Cb: 13.1013   Cr: 15.0599 )
00000097: 13.4718   (Y': 12.8652   Cb: 12.9713   Cr: 14.8507 )
00000100: 13.3818   (Y': 12.5074   Cb: 13.0085   Cr: 15.0108 )
00000102: 13.0284   (Y': 12.0429   Cb: 12.6505   Cr: 14.8706 )
00000103: 13.0114   (Y': 11.9973   Cb: 12.6336   Cr: 14.9086 )
00000104: 12.8608   (Y': 11.8804   Cb: 12.4473   Cr: 14.7526 )
00000105: 12.7064   (Y': 11.7951   Cb: 12.2156   Cr: 14.5984 )
00000106: 12.6798   (Y': 11.8139   Cb: 12.158    Cr: 14.5396 )
00000107: 12.7059   (Y': 11.7761   Cb: 12.2566   Cr: 14.5616 )
00000109: 12.8803   (Y': 11.9323   Cb: 12.496    Cr: 14.6618 )
00000111: 13.0981   (Y': 12.0628   Cb: 12.7791   Cr: 14.9382 )
00000108: 12.7509   (Y': 11.8221   Cb: 12.2976   Cr: 14.6114 )
00000112: 13.3932   (Y': 12.5096   Cb: 13.0076   Cr: 15.0584 )
00000113: 13.4855   (Y': 12.5657   Cb: 13.1274   Cr: 15.1721 )
00000110: 13.0044   (Y': 11.9614   Cb: 12.6824   Cr: 14.8648 )
00000114: 13.5418   (Y': 12.7081   Cb: 13.1502   Cr: 15.1281 )
00000115: 13.5237   (Y': 12.6988   Cb: 13.1166   Cr: 15.1191 )
00000116: 13.5772   (Y': 12.6505   Cb: 13.256    Cr: 15.2181 )
00000117: 13.6633   (Y': 12.7258   Cb: 13.3573   Cr: 15.2997 )
00000119: 13.6656   (Y': 12.7772   Cb: 13.3226   Cr: 15.272  )
00000123: 13.2657   (Y': 12.4233   Cb: 12.9049   Cr: 14.8188 )
00000118: 13.637    (Y': 12.7294   Cb: 13.2993   Cr: 15.2692 )
00000121: 13.4946   (Y': 12.5824   Cb: 13.1388   Cr: 15.1637 )
00000120: 13.5387   (Y': 12.6023   Cb: 13.2267   Cr: 15.1825 )
00000122: 13.3263   (Y': 12.413    Cb: 12.973    Cr: 14.9935 )
00000126: 12.768    (Y': 12.0904   Cb: 12.3444   Cr: 14.1425 )
00000124: 13.1026   (Y': 12.3224   Cb: 12.7006   Cr: 14.6132 )
00000125: 13.0321   (Y': 12.2926   Cb: 12.6258   Cr: 14.4813 )
00000128: 12.5189   (Y': 11.6834   Cb: 12.2016   Cr: 13.9936 )
00000127: 12.6466   (Y': 11.8806   Cb: 12.287    Cr: 14.0687 )
00000129: 12.4572   (Y': 11.5905   Cb: 12.151    Cr: 13.9684 )
00000132: 12.3801   (Y': 11.48     Cb: 12.1192   Cr: 13.8813 )
00000131: 12.4031   (Y': 11.5486   Cb: 12.0352   Cr: 13.9885 )
00000134: 12.6756   (Y': 11.4259   Cb: 12.8323   Cr: 14.2123 )
00000130: 12.3916   (Y': 11.5904   Cb: 11.9964   Cr: 13.9272 )
00000133: 12.375    (Y': 11.4658   Cb: 12.1148   Cr: 13.8907 )
00000136: 13.0946   (Y': 11.9656   Cb: 13.1479   Cr: 14.5494 )
00000138: 12.9151   (Y': 11.9604   Cb: 12.7099   Cr: 14.4288 )
00000137: 13.263    (Y': 12.1829   Cb: 13.2105   Cr: 14.7783 )
00000135: 13.0624   (Y': 11.7883   Cb: 13.2864   Cr: 14.5538 )
00000140: 13.0419   (Y': 12.0324   Cb: 12.8928   Cr: 14.57   )
00000139: 12.9948   (Y': 12.0129   Cb: 12.8117   Cr: 14.5236 )
00000141: 13.1407   (Y': 12.1618   Cb: 13        Cr: 14.6021 )
00000142: 13.016    (Y': 12.0844   Cb: 12.9477   Cr: 14.2951 )
00000144: 12.9752   (Y': 11.9057   Cb: 12.9449   Cr: 14.4397 )
00000146: 13.0482   (Y': 11.8575   Cb: 12.9065   Cr: 14.9097 )
00000145: 13.0649   (Y': 11.9614   Cb: 13.0452   Cr: 14.5757 )
00000148: 12.9163   (Y': 11.5704   Cb: 12.7383   Cr: 15.1722 )
00000143: 12.9916   (Y': 12.0599   Cb: 12.9118   Cr: 14.2866 )
00000147: 12.9759   (Y': 11.7854   Cb: 12.7672   Cr: 14.9454 )
00000149: 12.938    (Y': 11.6044   Cb: 12.714    Cr: 15.247  )
00000151: 13.0252   (Y': 11.6027   Cb: 12.9958   Cr: 15.203  )
00000150: 12.8838   (Y': 11.4954   Cb: 12.7279   Cr: 15.1992 )
00000152: 12.9789   (Y': 11.5928   Cb: 13.0512   Cr: 14.9133 )
00000153: 13.1424   (Y': 11.6906   Cb: 13.2794   Cr: 15.1209 )
00000154: 13.5574   (Y': 11.9505   Cb: 13.7408   Cr: 15.8223 )
00000155: 13.6158   (Y': 11.9822   Cb: 13.7866   Cr: 15.9675 )
00000156: 13.8044   (Y': 12.1143   Cb: 14.173    Cr: 15.9822 )
00000157: 13.8176   (Y': 12.0513   Cb: 14.3316   Cr: 15.9659 )
00000158: 13.7632   (Y': 11.9477   Cb: 14.2844   Cr: 16.0245 )
00000159: 13.7125   (Y': 11.8985   Cb: 14.2146   Cr: 15.9988 )
00000161: 13.9519   (Y': 12.0671   Cb: 14.5407   Cr: 16.2922 )
00000162: 14.1157   (Y': 12.1676   Cb: 14.7294   Cr: 16.5899 )
00000160: 13.9176   (Y': 12.0474   Cb: 14.47     Cr: 16.2743 )
00000163: 14.1968   (Y': 12.1995   Cb: 14.8612   Cr: 16.7311 )
00000164: 14.364    (Y': 12.245    Cb: 15.1205   Cr: 17.1134 )
00000166: 14.3545   (Y': 12.1131   Cb: 15.22     Cr: 17.3197 )
00000167: 14.1656   (Y': 11.9192   Cb: 14.9674   Cr: 17.2533 )
00000165: 14.3421   (Y': 12.1418   Cb: 15.1438   Cr: 17.2762 )
00000172: 14.2096   (Y': 12.166    Cb: 14.8265   Cr: 16.9542 )
00000169: 14.0571   (Y': 11.855    Cb: 14.7448   Cr: 17.1903 )
00000168: 14.0888   (Y': 11.8876   Cb: 14.8209   Cr: 17.1417 )
00000171: 13.9942   (Y': 11.8548   Cb: 14.6557   Cr: 16.9642 )
00000170: 13.9813   (Y': 11.7737   Cb: 14.6965   Cr: 17.0852 )
00000175: 14.3261   (Y': 12.3618   Cb: 14.905    Cr: 16.8999 )
00000173: 14.2698   (Y': 12.218    Cb: 14.9093   Cr: 17.0024 )
00000176: 14.2651   (Y': 12.3501   Cb: 14.8079   Cr: 16.7578 )
00000180: 13.3562   (Y': 11.5198   Cb: 13.723    Cr: 15.9159 )
00000174: 14.321    (Y': 12.3278   Cb: 14.9051   Cr: 16.9694 )
00000181: 13.3764   (Y': 11.5417   Cb: 13.77     Cr: 15.8871 )
00000177: 14.0952   (Y': 12.1574   Cb: 14.6548   Cr: 16.6249 )
00000183: 13.7749   (Y': 11.9858   Cb: 14.3074   Cr: 15.9529 )
00000179: 13.5993   (Y': 11.6713   Cb: 14.034    Cr: 16.3044 )
00000182: 14.2992   (Y': 12.4655   Cb: 15.037    Cr: 16.2999 )
00000178: 13.8777   (Y': 11.9375   Cb: 14.3956   Cr: 16.4804 )
00000184: 13.6929   (Y': 11.9714   Cb: 14.174    Cr: 15.78   )
00000185: 13.8301   (Y': 12.1574   Cb: 14.107    Cr: 16.1071 )
00000188: 12.7447   (Y': 11.5605   Cb: 12.6578   Cr: 14.5076 )
00000187: 12.9649   (Y': 11.6761   Cb: 12.7813   Cr: 15.1021 )
00000192: 12.6207   (Y': 11.4512   Cb: 12.648    Cr: 14.1869 )
00000186: 13.3165   (Y': 11.9875   Cb: 13.2594   Cr: 15.3315 )
00000195: 12.6358   (Y': 11.5644   Cb: 12.3875   Cr: 14.4316 )
00000189: 12.5782   (Y': 11.4614   Cb: 12.4636   Cr: 14.2531 )
00000191: 12.4768   (Y': 11.3321   Cb: 12.4406   Cr: 14.088  )
00000190: 12.3804   (Y': 11.3259   Cb: 12.2858   Cr: 13.91   )
00000197: 12.4639   (Y': 11.4965   Cb: 12.1564   Cr: 14.1572 )
00000193: 12.5288   (Y': 11.4281   Cb: 12.4513   Cr: 14.1181 )
00000196: 12.3649   (Y': 11.3435   Cb: 12.0025   Cr: 14.2501 )
00000194: 12.6908   (Y': 11.5211   Cb: 12.5719   Cr: 14.4746 )
00000200: 12.4515   (Y': 11.5818   Cb: 12.1844   Cr: 13.9093 )
00000201: 12.6405   (Y': 11.7951   Cb: 12.3663   Cr: 14.0677 )
00000198: 12.7167   (Y': 11.7067   Cb: 12.5514   Cr: 14.2694 )
00000199: 12.5863   (Y': 11.6779   Cb: 12.3714   Cr: 14.0334 )
00000202: 12.7804   (Y': 11.7374   Cb: 12.7484   Cr: 14.2002 )
00000204: 12.7745   (Y': 11.7696   Cb: 12.7133   Cr: 14.1685 )
00000203: 12.7475   (Y': 11.731    Cb: 12.6818   Cr: 14.1678 )
00000206: 12.8251   (Y': 11.8378   Cb: 12.7468   Cr: 14.2124 )
00000207: 12.8665   (Y': 11.8715   Cb: 12.7467   Cr: 14.3259 )
00000205: 12.8441   (Y': 11.8331   Cb: 12.7954   Cr: 14.2312 )
00000209: 12.9454   (Y': 11.863    Cb: 12.9321   Cr: 14.4091 )
00000208: 12.8953   (Y': 11.8534   Cb: 12.8498   Cr: 14.3318 )
00000210: 12.9209   (Y': 11.8033   Cb: 12.9333   Cr: 14.4121 )
00000212: 12.7684   (Y': 11.6877   Cb: 12.7823   Cr: 14.1913 )
00000211: 12.9085   (Y': 11.7785   Cb: 12.9494   Cr: 14.3824 )
00000213: 12.7995   (Y': 11.7528   Cb: 12.7764   Cr: 14.2135 )
00000215: 12.7206   (Y': 11.6988   Cb: 12.7088   Cr: 14.0754 )
00000214: 12.7137   (Y': 11.675    Cb: 12.7088   Cr: 14.0882 )
00000216: 12.6151   (Y': 11.6135   Cb: 12.6307   Cr: 13.8981 )
00000217: 12.5801   (Y': 11.573    Cb: 12.5946   Cr: 13.8742 )
00000218: 12.4839   (Y': 11.4931   Cb: 12.5158   Cr: 13.7272 )
00000223: 11.6278   (Y': 10.8442   Cb: 11.54     Cr: 12.6965 )
00000220: 12.223    (Y': 11.2715   Cb: 12.2252   Cr: 13.4403 )
00000224: 11.5699   (Y': 10.822    Cb: 11.491    Cr: 12.5729 )
00000222: 11.9982   (Y': 11.2351   Cb: 11.8898   Cr: 13.0625 )
00000227: 10.8573   (Y': 10.3231   Cb: 10.507    Cr: 11.908  )
00000219: 12.3632   (Y': 11.3835   Cb: 12.3621   Cr: 13.6316 )
00000225: 12.486    (Y': 11.4546   Cb: 12.7059   Cr: 13.5578 )
00000221: 12.173    (Y': 11.2433   Cb: 12.2014   Cr: 13.3205 )
00000226: 11.7927   (Y': 11.1369   Cb: 11.657    Cr: 12.7335 )
00000231: 10.9812   (Y': 10.4441   Cb: 10.6289   Cr: 12.0391 )
00000228: 10.9741   (Y': 10.4373   Cb: 10.6497   Cr: 11.993  )
00000230: 11.1084   (Y': 10.5523   Cb: 10.8225   Cr: 12.103  )
00000229: 10.8697   (Y': 10.3117   Cb: 10.5353   Cr: 11.9329 )
00000232: 11.0199   (Y': 10.5026   Cb: 10.6421   Cr: 12.0846 )
00000234: 11.1953   (Y': 10.579    Cb: 10.926    Cr: 12.2545 )
00000233: 11.0513   (Y': 10.5104   Cb: 10.6949   Cr: 12.1202 )
00000236: 11.4231   (Y': 10.6501   Cb: 11.3251   Cr: 12.4891 )
00000235: 11.3124   (Y': 10.6417   Cb: 11.1117   Cr: 12.3599 )
00000237: 11.4116   (Y': 10.5976   Cb: 11.3185   Cr: 12.5347 )
00000238: 11.5955   (Y': 10.7082   Cb: 11.5887   Cr: 12.7207 )
00000239: 11.692    (Y': 10.7578   Cb: 11.7471   Cr: 12.8124 )
00000244: 11.9052   (Y': 10.8019   Cb: 12.0716   Cr: 13.1643 )
00000240: 11.7568   (Y': 10.7588   Cb: 11.8546   Cr: 12.9263 )
00000243: 11.8317   (Y': 10.7616   Cb: 11.9631   Cr: 13.0789 )
00000241: 11.7729   (Y': 10.7427   Cb: 11.8913   Cr: 12.9693 )
00000242: 11.8001   (Y': 10.7687   Cb: 11.8958   Cr: 13.028  )
00000245: 11.8709   (Y': 10.7469   Cb: 12.0349   Cr: 13.1686 )
00000248: 11.8448   (Y': 10.6883   Cb: 12.018    Cr: 13.1881 )
00000247: 11.8602   (Y': 10.7098   Cb: 12.0361   Cr: 13.1892 )
00000246: 11.8555   (Y': 10.7277   Cb: 12.0223   Cr: 13.1563 )
00000249: 11.8121   (Y': 10.6645   Cb: 11.9713   Cr: 13.1576 )
00000250: 11.7327   (Y': 10.5554   Cb: 11.8938   Cr: 13.129  )
00000252: 11.7127   (Y': 10.5474   Cb: 11.8491   Cr: 13.1203 )
00000254: 11.7016   (Y': 10.5249   Cb: 11.8109   Cr: 13.1669 )
00000253: 11.7007   (Y': 10.5381   Cb: 11.8109   Cr: 13.1389 )
00000251: 11.7317   (Y': 10.5661   Cb: 11.8735   Cr: 13.1329 )
00000255: 11.6487   (Y': 10.4788   Cb: 11.7289   Cr: 13.1413 )
00000256: 11.5892   (Y': 10.4216   Cb: 11.6747   Cr: 13.07   )
00000257: 11.5664   (Y': 10.3914   Cb: 11.6412   Cr: 13.0761 )
00000258: 11.5407   (Y': 10.3632   Cb: 11.6224   Cr: 13.0454 )
00000259: 11.5459   (Y': 10.3417   Cb: 11.6473   Cr: 13.0731 )
00000260: 11.5104   (Y': 10.2888   Cb: 11.6084   Cr: 13.0753 )
00000262: 11.4247   (Y': 10.1908   Cb: 11.5342   Cr: 12.9965 )
00000261: 11.5063   (Y': 10.2886   Cb: 11.6223   Cr: 13.0384 )
00000263: 11.3897   (Y': 10.2016   Cb: 11.4499   Cr: 12.9443 )
00000264: 11.3184   (Y': 10.1472   Cb: 11.3784   Cr: 12.8418 )
00000265: 11.2743   (Y': 10.1163   Cb: 11.321    Cr: 12.7918 )
00000266: 11.2579   (Y': 10.1585   Cb: 11.2414   Cr: 12.7569 )
00000267: 11.2576   (Y': 10.1612   Cb: 11.2608   Cr: 12.7234 )
00000269: 11.1372   (Y': 10.1142   Cb: 11.056    Cr: 12.5911 )
00000268: 11.1295   (Y': 10.0819   Cb: 11.0652   Cr: 12.6032 )
00000270: 11.2089   (Y': 10.2591   Cb: 11.1006   Cr: 12.5741 )
00000271: 11.2242   (Y': 10.2791   Cb: 11.1315   Cr: 12.5595 )
00000274: 11.1921   (Y': 10.2836   Cb: 11.058    Cr: 12.5236 )
00000275: 11.2009   (Y': 10.3098   Cb: 11.0598   Cr: 12.513  )
00000276: 11.2127   (Y': 10.3507   Cb: 11.0572   Cr: 12.4971 )
00000273: 11.1846   (Y': 10.2627   Cb: 11.0609   Cr: 12.5239 )
00000272: 11.1848   (Y': 10.261    Cb: 11.0581   Cr: 12.5315 )
00000279: 11.2277   (Y': 10.4032   Cb: 11.0579   Cr: 12.471  )
00000277: 11.2002   (Y': 10.3312   Cb: 11.0406   Cr: 12.5016 )
00000278: 11.2124   (Y': 10.3859   Cb: 11.0343   Cr: 12.4704 )
00000281: 11.2285   (Y': 10.397    Cb: 11.0843   Cr: 12.448  )
00000283: 11.2039   (Y': 10.3749   Cb: 11.0446   Cr: 12.4399 )
00000282: 11.2272   (Y': 10.3674   Cb: 11.0947   Cr: 12.4759 )
00000280: 11.2344   (Y': 10.4054   Cb: 11.0634   Cr: 12.4866 )
00000284: 11.1868   (Y': 10.3695   Cb: 11.0377   Cr: 12.3901 )
00000286: 11.1955   (Y': 10.371    Cb: 11.04     Cr: 12.4191 )
00000287: 11.175    (Y': 10.3518   Cb: 11.0182   Cr: 12.3981 )
00000285: 11.1841   (Y': 10.365    Cb: 11.0223   Cr: 12.4075 )
00000290: 11.176    (Y': 10.3355   Cb: 11.0271   Cr: 12.4164 )
00000291: 11.1716   (Y': 10.3372   Cb: 11.0242   Cr: 12.3997 )
00000288: 11.162    (Y': 10.3483   Cb: 10.9906   Cr: 12.3902 )
00000289: 11.1731   (Y': 10.3654   Cb: 11.001    Cr: 12.3925 )
00000293: 11.169    (Y': 10.342    Cb: 11.0116   Cr: 12.3991 )
00000292: 11.1545   (Y': 10.3083   Cb: 11.0213   Cr: 12.3822 )
00000295: 11.1906   (Y': 10.3551   Cb: 11.0298   Cr: 12.4393 )
00000294: 11.1827   (Y': 10.3504   Cb: 11.0249   Cr: 12.4219 )
00000296: 11.1919   (Y': 10.3501   Cb: 11.0517   Cr: 12.4221 )
00000297: 11.1882   (Y': 10.3412   Cb: 11.0492   Cr: 12.4253 )
00000300: 11.1572   (Y': 10.32     Cb: 11.0199   Cr: 12.3763 )
00000298: 11.1862   (Y': 10.3577   Cb: 11.0282   Cr: 12.4195 )
00000301: 11.1557   (Y': 10.3383   Cb: 10.9953   Cr: 12.3746 )
00000299: 11.1845   (Y': 10.3248   Cb: 11.0539   Cr: 12.4306 )
00000302: 11.1362   (Y': 10.3146   Cb: 10.9652   Cr: 12.3764 )
00000303: 11.1198   (Y': 10.313    Cb: 10.9409   Cr: 12.3474 )
00000304: 11.1206   (Y': 10.3409   Cb: 10.9459   Cr: 12.2994 )
00000305: 11.1112   (Y': 10.3308   Cb: 10.9254   Cr: 12.3063 )
00000306: 11.095    (Y': 10.2977   Cb: 10.9378   Cr: 12.2778 )
00000307: 11.0921   (Y': 10.2975   Cb: 10.9246   Cr: 12.2846 )
00000308: 11.0845   (Y': 10.2976   Cb: 10.8986   Cr: 12.2901 )
00000309: 11.0988   (Y': 10.3165   Cb: 10.9122   Cr: 12.2979 )
00000310: 11.1024   (Y': 10.3156   Cb: 10.9109   Cr: 12.3155 )
00000311: 11.085    (Y': 10.3081   Cb: 10.889    Cr: 12.2886 )
00000312: 11.0906   (Y': 10.3298   Cb: 10.8875   Cr: 12.2786 )
00000313: 11.0623   (Y': 10.2984   Cb: 10.8641   Cr: 12.2485 )
00000315: 11.1185   (Y': 10.3806   Cb: 10.9291   Cr: 12.2525 )
00000316: 11.1239   (Y': 10.3745   Cb: 10.9132   Cr: 12.3047 )
00000317: 11.1011   (Y': 10.3555   Cb: 10.8788   Cr: 12.2922 )
00000318: 11.0426   (Y': 10.3009   Cb: 10.8236   Cr: 12.2226 )
00000319: 11.0749   (Y': 10.3356   Cb: 10.847    Cr: 12.2636 )
00000320: 11.0642   (Y': 10.3039   Cb: 10.8488   Cr: 12.2686 )
00000322: 11.0311   (Y': 10.2449   Cb: 10.8265   Cr: 12.2614 )
00000321: 11.0437   (Y': 10.2679   Cb: 10.8479   Cr: 12.2452 )
00000314: 11.0835   (Y': 10.3417   Cb: 10.8807   Cr: 12.2415 )
00000323: 11.0384   (Y': 10.2682   Cb: 10.8253   Cr: 12.2549 )
00000325: 11.0432   (Y': 10.2943   Cb: 10.8248   Cr: 12.2336 )
00000324: 11.0496   (Y': 10.2913   Cb: 10.8256   Cr: 12.2626 )
00000326: 11.1109   (Y': 10.3427   Cb: 10.9075   Cr: 12.311  )
00000327: 11.1183   (Y': 10.3476   Cb: 10.9125   Cr: 12.3254 )
00000329: 11.1515   (Y': 10.348    Cb: 10.9744   Cr: 12.3711 )
00000328: 11.1353   (Y': 10.3659   Cb: 10.9292   Cr: 12.3412 )
00000330: 11.1964   (Y': 10.3508   Cb: 11.0349   Cr: 12.4623 )
00000332: 11.2224   (Y': 10.3202   Cb: 11.1125   Cr: 12.5098 )
00000331: 11.1791   (Y': 10.326    Cb: 11.0414   Cr: 12.4243 )
00000333: 11.2215   (Y': 10.3057   Cb: 11.1205   Cr: 12.519  )
00000337: 11.4833   (Y': 10.4789   Cb: 11.4456   Cr: 12.8437 )
00000334: 11.296    (Y': 10.358    Cb: 11.2146   Cr: 12.6036 )
00000335: 11.329    (Y': 10.377    Cb: 11.2557   Cr: 12.649  )
00000336: 11.4215   (Y': 10.4232   Cb: 11.3793   Cr: 12.7774 )
00000338: 11.5713   (Y': 10.5128   Cb: 11.5569   Cr: 12.9938 )
00000339: 11.5954   (Y': 10.5334   Cb: 11.5869   Cr: 13.0158 )
00000340: 11.7238   (Y': 10.5883   Cb: 11.7943   Cr: 13.1668 )
00000341: 11.7608   (Y': 10.5993   Cb: 11.8361   Cr: 13.2446 )
00000343: 11.9241   (Y': 10.6194   Cb: 12.0707   Cr: 13.5811 )
00000342: 11.8445   (Y': 10.5849   Cb: 11.9778   Cr: 13.4326 )
00000344: 12.0897   (Y': 10.679    Cb: 12.3131   Cr: 13.8529 )
00000345: 12.1646   (Y': 10.7296   Cb: 12.3932   Cr: 13.9709 )
00000348: 12.5549   (Y': 11.0458   Cb: 12.8362   Cr: 14.4441 )
00000346: 12.3071   (Y': 10.8394   Cb: 12.5512   Cr: 14.1609 )
00000350: 12.7933   (Y': 11.2719   Cb: 13.1335   Cr: 14.6255 )
00000351: 12.8167   (Y': 11.3494   Cb: 13.1294   Cr: 14.5722 )
00000347: 12.3841   (Y': 10.8861   Cb: 12.6621   Cr: 14.2544 )
00000349: 12.6082   (Y': 11.1083   Cb: 12.894    Cr: 14.4711 )
00000352: 12.9732   (Y': 11.4674   Cb: 13.3286   Cr: 14.7505 )
00000354: 13.2761   (Y': 11.6765   Cb: 13.734    Cr: 15.1154 )
00000353: 13.081    (Y': 11.5475   Cb: 13.4561   Cr: 14.8905 )
00000355: 13.3967   (Y': 11.7446   Cb: 13.9025   Cr: 15.2872 )
00000356: 13.6105   (Y': 11.8593   Cb: 14.1957   Cr: 15.6214 )
00000357: 13.7302   (Y': 11.9499   Cb: 14.3364   Cr: 15.7816 )
00000358: 13.7883   (Y': 12.0403   Cb: 14.4281   Cr: 15.7169 )
00000359: 13.8343   (Y': 12.057    Cb: 14.491    Cr: 15.8086 )
00000360: 13.8817   (Y': 12.0829   Cb: 14.5862   Cr: 15.8431 )
00000361: 13.8543   (Y': 12.0422   Cb: 14.599    Cr: 15.7937 )
00000362: 13.8124   (Y': 12.056    Cb: 14.5283   Cr: 15.6598 )
00000368: 13.4015   (Y': 11.7082   Cb: 14.064    Cr: 15.1756 )
00000365: 13.6253   (Y': 11.9568   Cb: 14.283    Cr: 15.3509 )
00000366: 13.5633   (Y': 11.9053   Cb: 14.2065   Cr: 15.2844 )
00000369: 13.3232   (Y': 11.5962   Cb: 14.0205   Cr: 15.1277 )
00000367: 13.5124   (Y': 11.82     Cb: 14.1925   Cr: 15.2617 )
00000364: 13.6743   (Y': 11.9926   Cb: 14.3916   Cr: 15.3533 )
00000363: 13.7657   (Y': 12.0053   Cb: 14.5123   Cr: 15.5825 )
00000370: 13.2282   (Y': 11.474    Cb: 13.9172   Cr: 15.1058 )
00000372: 12.9961   (Y': 11.2226   Cb: 13.6979   Cr: 14.9014 )
00000375: 12.7742   (Y': 10.9279   Cb: 13.4938   Cr: 14.8298 )
00000371: 13.1364   (Y': 11.3722   Cb: 13.8387   Cr: 15.0193 )
00000373: 12.9045   (Y': 11.0898   Cb: 13.6355   Cr: 14.8683 )
00000376: 12.7105   (Y': 10.8594   Cb: 13.3986   Cr: 14.8216 )
00000374: 12.7872   (Y': 10.9516   Cb: 13.5036   Cr: 14.8212 )
00000379: 12.6422   (Y': 10.7373   Cb: 13.4017   Cr: 14.7898 )
00000377: 12.6961   (Y': 10.8341   Cb: 13.4178   Cr: 14.7881 )
00000378: 12.6444   (Y': 10.7615   Cb: 13.3784   Cr: 14.7715 )
00000382: 12.7343   (Y': 10.8058   Cb: 13.5209   Cr: 14.905  )
00000383: 12.7621   (Y': 10.8193   Cb: 13.556    Cr: 14.9596 )
00000380: 12.6621   (Y': 10.7334   Cb: 13.443    Cr: 14.8412 )
00000384: 12.8357   (Y': 10.9052   Cb: 13.6604   Cr: 14.9596 )
00000381: 12.6756   (Y': 10.7378   Cb: 13.4623   Cr: 14.87   )
00000385: 12.859    (Y': 10.9052   Cb: 13.6974   Cr: 15.0237 )
00000386: 12.9434   (Y': 10.9841   Cb: 13.7914   Cr: 15.1095 )
00000387: 13.0307   (Y': 11.0583   Cb: 13.9091   Cr: 15.1898 )
00000391: 13.1724   (Y': 11.2193   Cb: 14.0581   Cr: 15.2722 )
00000388: 13.0813   (Y': 11.106    Cb: 13.9653   Cr: 15.2406 )
00000390: 13.1487   (Y': 11.164    Cb: 14.0904   Cr: 15.2554 )
00000389: 13.1227   (Y': 11.1559   Cb: 14.021    Cr: 15.2409 )
00000393: 13.1871   (Y': 11.2872   Cb: 14.0154   Cr: 15.2294 )
00000392: 13.1926   (Y': 11.282    Cb: 14.039    Cr: 15.2378 )
00000395: 13.198    (Y': 11.3344   Cb: 13.9406   Cr: 15.265  )
00000394: 13.2433   (Y': 11.3662   Cb: 14.0204   Cr: 15.2972 )
00000397: 13.1612   (Y': 11.3      Cb: 13.86     Cr: 15.2824 )
00000400: 12.9578   (Y': 11.1401   Cb: 13.5012   Cr: 15.1915 )
00000398: 13.1044   (Y': 11.2826   Cb: 13.7141   Cr: 15.2524 )
00000396: 13.1832   (Y': 11.2968   Cb: 13.9214   Cr: 15.313  )
00000399: 12.9923   (Y': 11.1716   Cb: 13.5641   Cr: 15.1925 )
00000401: 12.9326   (Y': 11.1065   Cb: 13.4398   Cr: 15.2422 )
00000402: 12.8068   (Y': 10.9998   Cb: 13.2532   Cr: 15.1599 )
00000403: 12.9718   (Y': 11.1576   Cb: 13.4141   Cr: 15.3501 )
00000417: 14.9614   (Y': 13.087    Cb: 15.7482   Cr: 16.9956 )
00000405: 13.7493   (Y': 11.7972   Cb: 14.5035   Cr: 16.0267 )
00000404: 13.5681   (Y': 11.6659   Cb: 14.2446   Cr: 15.8259 )
00000408: 14.1789   (Y': 12.2262   Cb: 14.9359   Cr: 16.4538 )
00000409: 14.2738   (Y': 12.3067   Cb: 15.0517   Cr: 16.5573 )
00000407: 14.0589   (Y': 12.0964   Cb: 14.8384   Cr: 16.3279 )
00000406: 13.9887   (Y': 12.0044   Cb: 14.7632   Cr: 16.3233 )
00000416: 14.9759   (Y': 13.0874   Cb: 15.8094   Cr: 16.9833 )
00000410: 14.4963   (Y': 12.5029   Cb: 15.3738   Cr: 16.7112 )
00000411: 14.6004   (Y': 12.6349   Cb: 15.4218   Cr: 16.8192 )
00000412: 14.8781   (Y': 12.884    Cb: 15.8027   Cr: 17.0318 )
00000414: 14.9717   (Y': 13.0197   Cb: 15.8378   Cr: 17.0948 )
00000413: 14.8711   (Y': 12.882    Cb: 15.7923   Cr: 17.0164 )
00000426: 14.6659   (Y': 12.3564   Cb: 15.6745   Cr: 17.6308 )
00000415: 15.0195   (Y': 13.0732   Cb: 15.941    Cr: 17.0555 )
00000418: 14.99     (Y': 13.0493   Cb: 15.8243   Cr: 17.1272 )
00000420: 15.0529   (Y': 13.0792   Cb: 15.8886   Cr: 17.2737 )
00000423: 14.7982   (Y': 12.6269   Cb: 15.7025   Cr: 17.4798 )
00000419: 15.0155   (Y': 13.0484   Cb: 15.8384   Cr: 17.2362 )
00000421: 15.0283   (Y': 13.0312   Cb: 15.8485   Cr: 17.3327 )
00000425: 14.6945   (Y': 12.4208   Cb: 15.6524   Cr: 17.6195 )
00000422: 14.8997   (Y': 12.7933   Cb: 15.7665   Cr: 17.443  )
00000428: 14.5787   (Y': 12.286    Cb: 15.6115   Cr: 17.4501 )
00000424: 14.6721   (Y': 12.4354   Cb: 15.6025   Cr: 17.5189 )
00000427: 14.6149   (Y': 12.2948   Cb: 15.664    Cr: 17.5521 )
00000429: 14.5565   (Y': 12.3379   Cb: 15.5859   Cr: 17.1978 )
00000431: 14.5186   (Y': 12.4177   Cb: 15.5286   Cr: 16.8447 )
00000439: 14.7734   (Y': 12.9309   Cb: 15.6076   Cr: 16.6689 )
00000432: 14.6283   (Y': 12.5739   Cb: 15.6756   Cr: 16.7792 )
00000430: 14.447    (Y': 12.3144   Cb: 15.3705   Cr: 16.9842 )
00000433: 14.8202   (Y': 12.785    Cb: 15.9091   Cr: 16.8686 )
00000434: 14.7782   (Y': 12.8546   Cb: 15.6985   Cr: 16.7596 )
00000436: 14.7351   (Y': 12.8502   Cb: 15.5663   Cr: 16.7365 )
00000438: 14.7809   (Y': 12.9429   Cb: 15.5953   Cr: 16.6911 )
00000435: 14.6759   (Y': 12.7597   Cb: 15.573    Cr: 16.6685 )
00000437: 14.7474   (Y': 12.8797   Cb: 15.5486   Cr: 16.7464 )
00000441: 14.6629   (Y': 12.866    Cb: 15.4588   Cr: 16.5007 )
00000440: 14.6647   (Y': 12.8426   Cb: 15.4778   Cr: 16.5392 )
00000442: 14.6203   (Y': 12.8335   Cb: 15.3764   Cr: 16.4856 )
00000443: 14.6107   (Y': 12.8418   Cb: 15.3426   Cr: 16.4663 )
00000444: 14.5922   (Y': 12.7878   Cb: 15.2734   Cr: 16.5983 )
00000445: 14.6059   (Y': 12.7429   Cb: 15.3214   Cr: 16.7084 )
00000447: 14.5587   (Y': 12.6743   Cb: 15.211    Cr: 16.8046 )
00000452: 13.9297   (Y': 12.2603   Cb: 14.3696   Cr: 15.9525 )
00000446: 14.6048   (Y': 12.7675   Cb: 15.2168   Cr: 16.7885 )
00000449: 14.3597   (Y': 12.4282   Cb: 15.0403   Cr: 16.6883 )
00000451: 14.1166   (Y': 12.3449   Cb: 14.6421   Cr: 16.2615 )
00000448: 14.446    (Y': 12.5628   Cb: 15.1075   Cr: 16.6761 )
00000450: 14.2344   (Y': 12.3915   Cb: 14.836    Cr: 16.4473 )
00000453: 13.878    (Y': 12.2263   Cb: 14.2758   Cr: 15.9205 )
00000458: 13.5764   (Y': 11.9305   Cb: 13.8429   Cr: 15.804  )
00000457: 13.5417   (Y': 11.9131   Cb: 13.845    Cr: 15.6707 )
00000455: 13.6711   (Y': 12.0421   Cb: 14.0046   Cr: 15.7559 )
00000459: 13.5721   (Y': 11.9103   Cb: 13.8515   Cr: 15.8184 )
00000461: 13.6164   (Y': 11.8601   Cb: 13.9952   Cr: 15.9437 )
00000463: 13.5426   (Y': 11.6909   Cb: 14.0159   Cr: 15.9718 )
00000460: 13.6008   (Y': 11.8634   Cb: 13.9579   Cr: 15.9142 )
00000456: 13.5595   (Y': 11.9378   Cb: 13.8224   Cr: 15.7342 )
00000454: 13.7805   (Y': 12.1232   Cb: 14.1335   Cr: 15.903  )
00000466: 13.3292   (Y': 11.5753   Cb: 13.7987   Cr: 15.5127 )
00000465: 13.3925   (Y': 11.5209   Cb: 13.9227   Cr: 15.7867 )
00000462: 13.5659   (Y': 11.7214   Cb: 14.0365   Cr: 15.9804 )
00000471: 12.9265   (Y': 11.2557   Cb: 13.3216   Cr: 15.0185 )
00000464: 13.4042   (Y': 11.5133   Cb: 13.934    Cr: 15.8511 )
00000467: 13.2862   (Y': 11.544    Cb: 13.7367   Cr: 15.469  )
00000470: 13.0068   (Y': 11.325    Cb: 13.4309   Cr: 15.0821 )
00000469: 13.1126   (Y': 11.3715   Cb: 13.6144   Cr: 15.2172 )
00000473: 12.7416   (Y': 11.1636   Cb: 13.0889   Cr: 14.6883 )
00000472: 12.8113   (Y': 11.2121   Cb: 13.163    Cr: 14.7996 )
00000474: 12.5009   (Y': 11.0841   Cb: 12.7443   Cr: 14.2481 )
00000475: 12.435    (Y': 11.0745   Cb: 12.6597   Cr: 14.0939 )
00000477: 12.0783   (Y': 11.0826   Cb: 12.124    Cr: 13.3116 )
00000478: 12.0875   (Y': 11.0354   Cb: 12.2609   Cr: 13.2508 )
00000476: 12.223    (Y': 11.0972   Cb: 12.3291   Cr: 13.6006 )
00000479: 11.3658   (Y': 10.7001   Cb: 11.1458   Cr: 12.4318 )
00000480: 11.6782   (Y': 11.0383   Cb: 11.4006   Cr: 12.7838 )
00000468: 13.2322   (Y': 11.5011   Cb: 13.6791   Cr: 15.3931 )
00000483: 11.2704   (Y': 10.6811   Cb: 10.9596   Cr: 12.3468 )
00000484: 11.337    (Y': 10.7976   Cb: 10.9717   Cr: 12.416  )
00000485: 11.2525   (Y': 10.7323   Cb: 10.8549   Cr: 12.3489 )
00000481: 11.3449   (Y': 10.7588   Cb: 10.9873   Cr: 12.4819 )
00000487: 10.9997   (Y': 10.5853   Cb: 10.5017   Cr: 12.0878 )
00000482: 11.3195   (Y': 10.716    Cb: 11.0245   Cr: 12.3951 )
00000486: 10.9992   (Y': 10.5612   Cb: 10.5172   Cr: 12.0975 )
00000488: 10.8885   (Y': 10.5424   Cb: 10.3261   Cr: 11.9743 )
00000489: 10.8717   (Y': 10.5421   Cb: 10.293    Cr: 11.9584 )
00000491: 11.3557   (Y': 10.9522   Cb: 10.8693   Cr: 12.4116 )
00000490: 11.24     (Y': 10.8541   Cb: 10.759    Cr: 12.2641 )
00000493: 11.4393   (Y': 11.0251   Cb: 10.9295   Cr: 12.5441 )
00000492: 11.4884   (Y': 11.0906   Cb: 10.9792   Cr: 12.5693 )
00000495: 11.0809   (Y': 10.7236   Cb: 10.4494   Cr: 12.2857 )
00000501: 11.6097   (Y': 11.1848   Cb: 11.1649   Cr: 12.6371 )
00000497: 11.1046   (Y': 10.7174   Cb: 10.5151   Cr: 12.2885 )
00000494: 11.1673   (Y': 10.8136   Cb: 10.5649   Cr: 12.323  )
00000504: 11.2715   (Y': 10.916    Cb: 10.8248   Cr: 12.2063 )
00000498: 11.1365   (Y': 10.7477   Cb: 10.5333   Cr: 12.3438 )
00000505: 11.2115   (Y': 10.8768   Cb: 10.7701   Cr: 12.1114 )
00000507: 11.0723   (Y': 10.7569   Cb: 10.6051   Cr: 11.9816 )
00000500: 11.5062   (Y': 11.0794   Cb: 11.0256   Cr: 12.5871 )
00000509: 11.0956   (Y': 10.7797   Cb: 10.6832   Cr: 11.9315 )
00000510: 11.1263   (Y': 10.7822   Cb: 10.7541   Cr: 11.9455 )
00000502: 11.4018   (Y': 11.0209   Cb: 10.9241   Cr: 12.4143 )
00000513: 11.0724   (Y': 10.7493   Cb: 10.7105   Cr: 11.8513 )
00000512: 11.0908   (Y': 10.8041   Cb: 10.6974   Cr: 11.8639 )
00000499: 11.2603   (Y': 10.854    Cb: 10.7027   Cr: 12.424  )
00000508: 11.0992   (Y': 10.7837   Cb: 10.6858   Cr: 11.9358 )
00000503: 11.3529   (Y': 10.9777   Cb: 10.9053   Cr: 12.3153 )
00000506: 11.092    (Y': 10.7844   Cb: 10.6195   Cr: 11.9981 )
00000516: 11.0376   (Y': 10.6968   Cb: 10.7012   Cr: 11.8061 )
00000496: 11.1033   (Y': 10.7539   Cb: 10.4849   Cr: 12.2769 )
00000514: 11.082    (Y': 10.7613   Cb: 10.7258   Cr: 11.85   )
00000511: 11.1757   (Y': 10.8581   Cb: 10.8071   Cr: 11.9559 )
00000515: 11.062    (Y': 10.7331   Cb: 10.7035   Cr: 11.8438 )
00000517: 11.0261   (Y': 10.6649   Cb: 10.7137   Cr: 11.7899 )
00000520: 10.8331   (Y': 10.4917   Cb: 10.4806   Cr: 11.6233 )
00000523: 10.7577   (Y': 10.4638   Cb: 10.3675   Cr: 11.5357 )
00000519: 10.9477   (Y': 10.6088   Cb: 10.6178   Cr: 11.7053 )
00000525: 10.6657   (Y': 10.3828   Cb: 10.2576   Cr: 11.4531 )
00000518: 10.9835   (Y': 10.6402   Cb: 10.6541   Cr: 11.7462 )
00000521: 10.7816   (Y': 10.4476   Cb: 10.4136   Cr: 11.5822 )
00000522: 10.735    (Y': 10.4378   Cb: 10.3365   Cr: 11.5281 )
00000526: 10.646    (Y': 10.3648   Cb: 10.2371   Cr: 11.4323 )
00000524: 10.6986   (Y': 10.3867   Cb: 10.3139   Cr: 11.4927 )
00000527: 10.6162   (Y': 10.3197   Cb: 10.2067   Cr: 11.4228 )
00000529: 10.5627   (Y': 10.3016   Cb: 10.119    Cr: 11.3696 )
00000528: 10.5987   (Y': 10.3147   Cb: 10.1786   Cr: 11.4035 )
00000530: 10.1865   (Y': 9.9592    Cb: 9.69711   Cr: 11.0115 )
00000531: 24.5924   (Y': 23.7998   Cb: 24.766    Cr: 25.3549 )
00000532: 16.5949   (Y': 13.4277   Cb: 18.8334   Cr: 21.421  )
00000533: 15.5349   (Y': 12.568    Cb: 17.3044   Cr: 20.0383 )
00000534: 14.4      (Y': 11.7304   Cb: 15.592    Cr: 18.4791 )
00000536: 13.5076   (Y': 11.2482   Cb: 14.1853   Cr: 16.8612 )
00000535: 14.0945   (Y': 11.588    Cb: 15.043    Cr: 17.9113 )
00000537: 13.3145   (Y': 11.1713   Cb: 13.8711   Cr: 16.4818 )
00000538: 13.0233   (Y': 11.1013   Cb: 13.3757   Cr: 15.8525 )
00000539: 12.881    (Y': 11.0935   Cb: 13.0952   Cr: 15.5657 )
00000540: 12.6815   (Y': 11.1847   Cb: 12.682    Cr: 14.983  )
00000541: 12.679    (Y': 11.2217   Cb: 12.6784   Cr: 14.8891 )
00000542: 12.7979   (Y': 11.3999   Cb: 12.7404   Cr: 14.9665 )
00000544: 12.8997   (Y': 11.4156   Cb: 12.9254   Cr: 15.1288 )
00000543: 12.8598   (Y': 11.4956   Cb: 12.7981   Cr: 14.9595 )
00000545: 12.8954   (Y': 11.4108   Cb: 12.9333   Cr: 15.1054 )
00000546: 12.875    (Y': 11.336    Cb: 12.9641   Cr: 15.1295 )
00000547: 12.8672   (Y': 11.3428   Cb: 12.9147   Cr: 15.156  )
00000548: 12.8994   (Y': 11.398    Cb: 12.9451   Cr: 15.1363 )
00000549: 12.9518   (Y': 11.4315   Cb: 13.0409   Cr: 15.1619 )
00000551: 13.1021   (Y': 11.555    Cb: 13.2967   Cr: 15.2071 )
00000550: 13.0407   (Y': 11.5389   Cb: 13.1114   Cr: 15.2374 )
00000552: 13.2509   (Y': 11.7545   Cb: 13.4094   Cr: 15.2957 )
00000553: 13.2888   (Y': 11.804    Cb: 13.4254   Cr: 15.3415 )
00000555: 13.3921   (Y': 11.9745   Cb: 13.4736   Cr: 15.3811 )
00000554: 13.3885   (Y': 11.9219   Cb: 13.5441   Cr: 15.3709 )
00000560: 13.7782   (Y': 12.3843   Cb: 13.8035   Cr: 15.8031 )
00000561: 13.8181   (Y': 12.344    Cb: 13.9334   Cr: 15.8798 )
00000559: 13.2433   (Y': 11.7343   Cb: 13.2906   Cr: 15.4953 )
00000562: 13.8111   (Y': 12.3304   Cb: 13.9531   Cr: 15.8462 )
00000556: 13.2035   (Y': 11.8162   Cb: 13.1684   Cr: 15.3109 )
00000557: 13.2856   (Y': 12.046    Cb: 13.0889   Cr: 15.3385 )
00000558: 13.3609   (Y': 12.0531   Cb: 13.2454   Cr: 15.4252 )
00000565: 13.7764   (Y': 12.3478   Cb: 13.8005   Cr: 15.8801 )
00000563: 13.7762   (Y': 12.3071   Cb: 13.879    Cr: 15.846  )
00000564: 13.7741   (Y': 12.314    Cb: 13.8419   Cr: 15.8792 )
00000568: 13.5743   (Y': 12.1463   Cb: 13.5407   Cr: 15.7715 )
00000569: 13.5546   (Y': 12.1161   Cb: 13.5037   Cr: 15.8052 )
00000567: 13.526    (Y': 12.0949   Cb: 13.5112   Cr: 15.6991 )
00000572: 13.2671   (Y': 11.7727   Cb: 13.2248   Cr: 15.6363 )
00000571: 13.3714   (Y': 11.8787   Cb: 13.3349   Cr: 15.7269 )
00000566: 13.6522   (Y': 12.1976   Cb: 13.6769   Cr: 15.8146 )
00000574: 13.3593   (Y': 11.8332   Cb: 13.3591   Cr: 15.7332 )
00000570: 13.4601   (Y': 11.9763   Cb: 13.4456   Cr: 15.7558 )
00000573: 13.2559   (Y': 11.7312   Cb: 13.2614   Cr: 15.6164 )
00000575: 13.3155   (Y': 11.7577   Cb: 13.3263   Cr: 15.7489 )
00000576: 13.2476   (Y': 11.7281   Cb: 13.2455   Cr: 15.6089 )
Total: 12.5808   (Y': 11.4484   Cb: 12.5539   Cr: 14.1553 )
