00000000: 11.6337   (Y': 9.64452   Cb: 12.7212   Cr: 13.5682 )
00000002: 11.6209   (Y': 9.62936   Cb: 12.7319   Cr: 13.5325 )
00000001: 11.6493   (Y': 9.66068   Cb: 12.7528   Cr: 13.5631 )
00000005: 11.6035   (Y': 9.6296    Cb: 12.6851   Cr: 13.5074 )
00000003: 11.6449   (Y': 9.65532   Cb: 12.7359   Cr: 13.5761 )
00000007: 11.571    (Y': 9.59518   Cb: 12.6388   Cr: 13.4967 )
00000004: 11.6155   (Y': 9.63465   Cb: 12.6994   Cr: 13.5337 )
00000006: 11.6035   (Y': 9.62594   Cb: 12.691    Cr: 13.5093 )
00000008: 11.5703   (Y': 9.58484   Cb: 12.6672   Cr: 13.4842 )
00000009: 11.5449   (Y': 9.55547   Cb: 12.6505   Cr: 13.4579 )
00000010: 11.5389   (Y': 9.55126   Cb: 12.6421   Cr: 13.4505 )
00000011: 11.5318   (Y': 9.5448    Cb: 12.6355   Cr: 13.4414 )
00000012: 11.8006   (Y': 9.85769   Cb: 12.8738   Cr: 13.64   )
00000014: 11.9593   (Y': 10.0123   Cb: 13.0624   Cr: 13.7728 )
00000015: 11.8682   (Y': 9.93325   Cb: 12.9641   Cr: 13.6617 )
00000013: 11.9132   (Y': 9.96331   Cb: 13.0008   Cr: 13.7519 )
00000018: 11.968    (Y': 10.0041   Cb: 13.1057   Cr: 13.781  )
00000017: 11.9096   (Y': 9.9803    Cb: 12.9952   Cr: 13.7016 )
00000016: 11.9412   (Y': 9.99461   Cb: 13.0345   Cr: 13.7652 )
00000020: 11.9475   (Y': 10.0033   Cb: 13.0331   Cr: 13.7751 )
00000019: 11.9384   (Y': 9.94392   Cb: 13.097    Cr: 13.8008 )
00000021: 11.9463   (Y': 9.99193   Cb: 13.0335   Cr: 13.7965 )
00000023: 11.8986   (Y': 9.94592   Cb: 12.9991   Cr: 13.7287 )
00000022: 11.9562   (Y': 10        Cb: 13.0446   Cr: 13.809  )
00000024: 11.8082   (Y': 9.84896   Cb: 12.8955   Cr: 13.6696 )
00000025: 11.7791   (Y': 9.82062   Cb: 12.8792   Cr: 13.6235 )
00000026: 11.7109   (Y': 9.74271   Cb: 12.8109   Cr: 13.5788 )
00000027: 11.6841   (Y': 9.71853   Cb: 12.7725   Cr: 13.5595 )
00000029: 11.6176   (Y': 9.67026   Cb: 12.6786   Cr: 13.4821 )
00000028: 11.6322   (Y': 9.67655   Cb: 12.7063   Cr: 13.5008 )
00000030: 11.6183   (Y': 9.66416   Cb: 12.6783   Cr: 13.5005 )
00000033: 11.5939   (Y': 9.64232   Cb: 12.6394   Cr: 13.4875 )
00000034: 11.6434   (Y': 9.71625   Cb: 12.688    Cr: 13.479  )
00000031: 11.5951   (Y': 9.65535   Cb: 12.6341   Cr: 13.468  )
00000032: 11.6152   (Y': 9.66394   Cb: 12.6643   Cr: 13.5035 )
00000035: 11.6682   (Y': 9.74157   Cb: 12.6973   Cr: 13.5215 )
00000036: 11.7266   (Y': 9.78663   Cb: 12.803    Cr: 13.5549 )
00000037: 11.6852   (Y': 9.74163   Cb: 12.7514   Cr: 13.5344 )
00000038: 11.6431   (Y': 9.69009   Cb: 12.7159   Cr: 13.507  )
00000039: 11.6787   (Y': 9.72298   Cb: 12.7578   Cr: 13.5417 )
00000040: 11.7152   (Y': 9.77283   Cb: 12.7843   Cr: 13.5578 )
00000042: 11.7646   (Y': 9.82594   Cb: 12.8319   Cr: 13.6009 )
00000041: 11.7359   (Y': 9.80143   Cb: 12.7904   Cr: 13.5774 )
00000043: 11.7599   (Y': 9.81987   Cb: 12.8108   Cr: 13.619  )
00000044: 11.8121   (Y': 9.86894   Cb: 12.8781   Cr: 13.6605 )
00000045: 11.8564   (Y': 9.91297   Cb: 12.936    Cr: 13.6893 )
00000049: 11.9894   (Y': 10.0583   Cb: 13.0674   Cr: 13.795  )
00000048: 12.0313   (Y': 10.0939   Cb: 13.1078   Cr: 13.8536 )
00000047: 12.0146   (Y': 10.0977   Cb: 13.0556   Cr: 13.8306 )
00000046: 11.9831   (Y': 10.0657   Cb: 13.0425   Cr: 13.7782 )
00000050: 11.8708   (Y': 9.92605   Cb: 12.9436   Cr: 13.715  )
00000051: 11.7898   (Y': 9.85243   Cb: 12.8514   Cr: 13.6297 )
00000053: 11.6739   (Y': 9.70674   Cb: 12.7495   Cr: 13.5685 )
00000052: 11.6966   (Y': 9.72439   Cb: 12.7844   Cr: 13.5887 )
00000056: 11.5559   (Y': 9.58127   Cb: 12.6334   Cr: 13.4665 )
00000055: 11.6057   (Y': 9.63625   Cb: 12.6856   Cr: 13.501  )
00000054: 11.6052   (Y': 9.64206   Cb: 12.6658   Cr: 13.5083 )
00000057: 11.5302   (Y': 9.55051   Cb: 12.6125   Cr: 13.4474 )
00000058: 11.5236   (Y': 9.55913   Cb: 12.6016   Cr: 13.4088 )
00000059: 11.5011   (Y': 9.53836   Cb: 12.5709   Cr: 13.3921 )
00000060: 11.482    (Y': 9.52211   Cb: 12.538    Cr: 13.3828 )
00000061: 11.4959   (Y': 9.53121   Cb: 12.5714   Cr: 13.3849 )
00000063: 11.483    (Y': 9.51175   Cb: 12.5453   Cr: 13.4042 )
00000062: 11.4874   (Y': 9.51858   Cb: 12.546    Cr: 13.4068 )
00000065: 11.4784   (Y': 9.51761   Cb: 12.5396   Cr: 13.3751 )
00000064: 11.4772   (Y': 9.50558   Cb: 12.5476   Cr: 13.3893 )
00000066: 11.4546   (Y': 9.47505   Cb: 12.5254   Cr: 13.3856 )
00000067: 11.4575   (Y': 9.48057   Cb: 12.528    Cr: 13.3822 )
00000069: 13.2178   (Y': 11.1224   Cb: 14.6845   Cr: 14.9797 )
00000068: 14.7311   (Y': 12.5972   Cb: 16.2708   Cr: 16.5096 )
00000071: 11.9984   (Y': 10.005    Cb: 13.1467   Cr: 13.8704 )
00000070: 12.376    (Y': 10.3432   Cb: 13.6273   Cr: 14.224  )
00000072: 11.9872   (Y': 10.0298   Cb: 13.0721   Cr: 13.8471 )
00000074: 11.931    (Y': 9.97956   Cb: 13.0264   Cr: 13.7644 )
00000073: 11.9543   (Y': 9.99656   Cb: 13.0497   Cr: 13.8024 )
00000075: 11.8981   (Y': 9.92765   Cb: 13.0225   Cr: 13.7428 )
00000077: 11.7      (Y': 9.7028    Cb: 12.8428   Cr: 13.5879 )
00000076: 11.7836   (Y': 9.79334   Cb: 12.9223   Cr: 13.659  )
00000079: 11.5709   (Y': 9.55989   Cb: 12.7018   Cr: 13.5069 )
00000078: 11.5891   (Y': 9.57754   Cb: 12.7307   Cr: 13.5136 )
00000081: 11.8605   (Y': 9.89901   Cb: 12.9702   Cr: 13.7008 )
00000080: 11.7613   (Y': 9.79771   Cb: 12.858    Cr: 13.6223 )
00000082: 11.9036   (Y': 9.94801   Cb: 13.0258   Cr: 13.7149 )
00000083: 12.2341   (Y': 10.2511   Cb: 13.4057   Cr: 14.0536 )
00000087: 12.0047   (Y': 10.0358   Cb: 13.1212   Cr: 13.8548 )
00000084: 13.0263   (Y': 10.9995   Cb: 14.3762   Cr: 14.7499 )
00000086: 12.0451   (Y': 10.0571   Cb: 13.1867   Cr: 13.9115 )
00000085: 12.5949   (Y': 10.5861   Cb: 13.8538   Cr: 14.3762 )
00000088: 11.9453   (Y': 9.98196   Cb: 13.0588   Cr: 13.7857 )
00000089: 11.9165   (Y': 9.96909   Cb: 13.0242   Cr: 13.7254 )
00000090: 11.9592   (Y': 10.0212   Cb: 13.0635   Cr: 13.75   )
00000091: 12.0189   (Y': 10.0756   Cb: 13.1421   Cr: 13.8001 )
00000093: 11.9876   (Y': 10.0184   Cb: 13.1167   Cr: 13.8237 )
00000092: 12.0138   (Y': 10.0485   Cb: 13.1599   Cr: 13.8205 )
00000097: 11.9148   (Y': 9.93842   Cb: 13.0331   Cr: 13.781  )
00000095: 11.9634   (Y': 10.0241   Cb: 13.0434   Cr: 13.786  )
00000094: 11.9924   (Y': 10.0587   Cb: 13.0634   Cr: 13.8122 )
00000096: 11.9391   (Y': 9.98975   Cb: 13.0495   Cr: 13.7497 )
00000098: 11.8214   (Y': 9.86403   Cb: 12.9183   Cr: 13.6672 )
00000099: 11.813    (Y': 9.85268   Cb: 12.9051   Cr: 13.6715 )
00000100: 11.7219   (Y': 9.74693   Cb: 12.82     Cr: 13.6088 )
00000101: 11.6696   (Y': 9.69516   Cb: 12.7622   Cr: 13.5614 )
00000103: 11.561    (Y': 9.60889   Cb: 12.6241   Cr: 13.4344 )
00000102: 11.6113   (Y': 9.64446   Cb: 12.6859   Cr: 13.5066 )
00000104: 11.5502   (Y': 9.59789   Cb: 12.6098   Cr: 13.4283 )
00000105: 11.5587   (Y': 9.62451   Cb: 12.5911   Cr: 13.4263 )
00000106: 11.6136   (Y': 9.68207   Cb: 12.6605   Cr: 13.4571 )
00000107: 11.6102   (Y': 9.67398   Cb: 12.6747   Cr: 13.4438 )
00000109: 11.9236   (Y': 10.0446   Cb: 12.9166   Cr: 13.7081 )
00000108: 11.7652   (Y': 9.86901   Cb: 12.7788   Cr: 13.5651 )
00000111: 11.9741   (Y': 10.0896   Cb: 12.9931   Cr: 13.7405 )
00000110: 12.0039   (Y': 10.1438   Cb: 13.0045   Cr: 13.736  )
00000113: 11.8271   (Y': 9.91754   Cb: 12.8393   Cr: 13.6603 )
00000112: 11.9147   (Y': 10.0183   Cb: 12.9431   Cr: 13.6974 )
00000114: 18.652    (Y': 15.4637   Cb: 22.4576   Cr: 21.6621 )
00000115: 16.9432   (Y': 13.7356   Cb: 21.0115   Cr: 19.8236 )
00000117: 16.4474   (Y': 13.5754   Cb: 19.2678   Cr: 19.1207 )
00000118: 15.5015   (Y': 12.6448   Cb: 18.0586   Cr: 18.3874 )
00000116: 17.2316   (Y': 14.4143   Cb: 19.9542   Cr: 19.8069 )
00000121: 14.6851   (Y': 11.9978   Cb: 16.957    Cr: 17.276  )
00000120: 15.1672   (Y': 12.4566   Cb: 17.4948   Cr: 17.7775 )
00000119: 15.2415   (Y': 12.3992   Cb: 17.7823   Cr: 18.0914 )
00000122: 14.089    (Y': 11.469    Cb: 16.1821   Cr: 16.6516 )
00000123: 13.8792   (Y': 11.3041   Cb: 15.877    Cr: 16.4017 )
00000124: 13.5011   (Y': 11.0072   Cb: 15.4094   Cr: 15.8685 )
00000125: 13.3125   (Y': 10.8857   Cb: 15.1866   Cr: 15.5172 )
00000126: 14.2665   (Y': 11.8779   Cb: 16.3234   Cr: 16.1775 )
00000127: 16.3533   (Y': 13.9915   Cb: 18.4182   Cr: 18.1854 )
00000128: 16.0983   (Y': 13.5135   Cb: 18.471    Cr: 18.2622 )
00000129: 16.0319   (Y': 13.5613   Cb: 18.1224   Cr: 18.1374 )
00000130: 16.0786   (Y': 13.7287   Cb: 17.9206   Cr: 18.1007 )
00000131: 15.6176   (Y': 13.3423   Cb: 17.2583   Cr: 17.6517 )
00000134: 13.0788   (Y': 10.9261   Cb: 14.5377   Cr: 14.9918 )
00000133: 13.7843   (Y': 11.5421   Cb: 15.3565   Cr: 15.8052 )
00000132: 14.3249   (Y': 12.0812   Cb: 15.9018   Cr: 16.3444 )
00000135: 12.8256   (Y': 10.7216   Cb: 14.233    Cr: 14.673  )
00000137: 12.3149   (Y': 10.3247   Cb: 13.5776   Cr: 14.0478 )
00000136: 12.4457   (Y': 10.4171   Cb: 13.7751   Cr: 14.196  )
00000138: 12.0754   (Y': 10.1558   Cb: 13.231    Cr: 13.7643 )
00000139: 11.9993   (Y': 10.0662   Cb: 13.157    Cr: 13.7168 )
00000140: 11.9037   (Y': 10.0121   Cb: 12.9634   Cr: 13.6383 )
00000142: 11.761    (Y': 9.88291   Cb: 12.7757   Cr: 13.5178 )
00000143: 11.754    (Y': 9.89441   Cb: 12.7368   Cr: 13.506  )
00000141: 11.8578   (Y': 9.98032   Cb: 12.9194   Cr: 13.558  )
00000144: 11.7549   (Y': 9.89799   Cb: 12.7282   Cr: 13.5122 )
00000145: 11.7536   (Y': 9.9098    Cb: 12.7035   Cr: 13.5089 )
00000146: 11.7598   (Y': 9.89512   Cb: 12.7228   Cr: 13.5471 )
00000147: 11.7421   (Y': 9.87088   Cb: 12.7129   Cr: 13.5354 )
00000148: 11.7767   (Y': 9.92331   Cb: 12.7418   Cr: 13.5354 )
00000149: 11.801    (Y': 9.93928   Cb: 12.7797   Cr: 13.5628 )
00000150: 11.7826   (Y': 9.92565   Cb: 12.77     Cr: 13.5232 )
00000151: 11.7907   (Y': 9.93706   Cb: 12.7601   Cr: 13.5449 )
00000152: 11.7964   (Y': 9.92845   Cb: 12.7872   Cr: 13.5581 )
00000153: 11.8062   (Y': 9.93353   Cb: 12.7842   Cr: 13.5942 )
00000154: 11.8177   (Y': 9.92243   Cb: 12.8191   Cr: 13.6301 )
00000155: 11.8865   (Y': 9.99599   Cb: 12.8933   Cr: 13.6816 )
00000156: 12.0879   (Y': 10.1718   Cb: 13.1756   Cr: 13.8466 )
00000157: 12.2667   (Y': 10.3493   Cb: 13.3704   Cr: 14.0101 )
00000158: 12.4292   (Y': 10.5066   Cb: 13.5816   Cr: 14.1286 )
00000159: 12.503    (Y': 10.5904   Cb: 13.624    Cr: 14.2155 )
00000160: 12.6636   (Y': 10.755    Cb: 13.7899   Cr: 14.3603 )
00000161: 12.7159   (Y': 10.7901   Cb: 13.8834   Cr: 14.4056 )
00000162: 12.7963   (Y': 10.8788   Cb: 13.966    Cr: 14.4645 )
00000163: 12.8783   (Y': 10.9394   Cb: 14.0619   Cr: 14.5801 )
00000164: 13.0144   (Y': 11.0625   Cb: 14.2274   Cr: 14.7135 )
00000165: 13.0685   (Y': 11.1051   Cb: 14.2783   Cr: 14.7979 )
00000167: 13.2066   (Y': 11.2464   Cb: 14.4327   Cr: 14.91   )
00000166: 13.1878   (Y': 11.2282   Cb: 14.3912   Cr: 14.9153 )
00000168: 13.2213   (Y': 11.2811   Cb: 14.5184   Cr: 14.8016 )
00000169: 13.2738   (Y': 11.3621   Cb: 14.5817   Cr: 14.7792 )
00000170: 13.2739   (Y': 11.3294   Cb: 14.6729   Cr: 14.7574 )
00000171: 13.2923   (Y': 11.3415   Cb: 14.6982   Cr: 14.7827 )
00000172: 13.3886   (Y': 11.4436   Cb: 14.7653   Cr: 14.8962 )
00000173: 13.3843   (Y': 11.4534   Cb: 14.7707   Cr: 14.8508 )
00000174: 13.3907   (Y': 11.4525   Cb: 14.7964   Cr: 14.8534 )
00000175: 13.4761   (Y': 11.5306   Cb: 14.9321   Cr: 14.9045 )
00000176: 13.5654   (Y': 11.5547   Cb: 15.1599   Cr: 15.0011 )
00000177: 13.6611   (Y': 11.6315   Cb: 15.347    Cr: 15.0516 )
00000178: 15.26     (Y': 12.9      Cb: 17.3484   Cr: 17.0651 )
00000179: 15.1722   (Y': 12.5349   Cb: 17.7722   Cr: 17.2832 )
00000181: 15.4137   (Y': 12.6565   Cb: 18.1919   Cr: 17.7364 )
00000180: 15.3085   (Y': 12.5095   Cb: 18.1919   Cr: 17.6732 )
00000182: 15.6944   (Y': 12.8341   Cb: 18.479    Cr: 18.3608 )
00000183: 15.8208   (Y': 12.8672   Cb: 18.5847   Cr: 18.8595 )
00000184: 15.7061   (Y': 12.7013   Cb: 18.5748   Cr: 18.84   )
00000185: 15.6219   (Y': 12.6532   Cb: 18.4374   Cr: 18.6662 )
00000186: 15.3398   (Y': 12.4522   Cb: 17.787    Cr: 18.469  )
00000187: 15.0822   (Y': 12.3238   Cb: 17.251    Cr: 18.0426 )
00000188: 14.6556   (Y': 12.1268   Cb: 16.3586   Cr: 17.3781 )
00000189: 14.4531   (Y': 11.9672   Cb: 16.0746   Cr: 17.1366 )
00000190: 14.1367   (Y': 11.7794   Cb: 15.5231   Cr: 16.7135 )
00000191: 14.012    (Y': 11.6967   Cb: 15.3147   Cr: 16.5696 )
00000192: 12.2523   (Y': 9.66977   Cb: 13.7529   Cr: 15.4422 )
00000193: 14.1422   (Y': 11.2181   Cb: 17.0162   Cr: 16.954  )
00000194: 16.5366   (Y': 13.9025   Cb: 19.5976   Cr: 18.2642 )
00000195: 16.5225   (Y': 13.9151   Cb: 19.592    Cr: 18.1723 )
00000196: 16.2231   (Y': 13.7659   Cb: 18.9621   Cr: 17.7291 )
00000197: 16.0969   (Y': 13.665    Cb: 18.7424   Cr: 17.6117 )
00000198: 15.7715   (Y': 13.3811   Cb: 18.3524   Cr: 17.234  )
00000199: 15.524    (Y': 13.1983   Cb: 17.9977   Cr: 16.915  )
00000200: 15.0215   (Y': 12.7307   Cb: 17.3348   Cr: 16.4583 )
00000201: 14.8949   (Y': 12.5541   Cb: 17.2306   Cr: 16.4333 )
00000202: 14.9059   (Y': 12.6247   Cb: 17.0949   Cr: 16.424  )
00000203: 14.9046   (Y': 12.6595   Cb: 17.0747   Cr: 16.3532 )
00000205: 14.6215   (Y': 12.4415   Cb: 16.5904   Cr: 16.0933 )
00000204: 14.4395   (Y': 12.1973   Cb: 16.4896   Cr: 15.9857 )
00000206: 13.7846   (Y': 11.576    Cb: 15.893    Cr: 15.2007 )
00000207: 13.6432   (Y': 11.4749   Cb: 15.7939   Cr: 14.933  )
00000208: 13.689    (Y': 11.5558   Cb: 15.7398   Cr: 14.9842 )
00000209: 13.5535   (Y': 11.4029   Cb: 15.6347   Cr: 14.8619 )
00000210: 13.6107   (Y': 11.5234   Cb: 15.5731   Cr: 14.8805 )
00000211: 13.5541   (Y': 11.4443   Cb: 15.5402   Cr: 14.8528 )
00000215: 13.379    (Y': 11.2531   Cb: 15.3701   Cr: 14.7088 )
00000216: 13.3696   (Y': 11.2082   Cb: 15.4055   Cr: 14.7403 )
00000212: 13.4344   (Y': 11.3111   Cb: 15.3918   Cr: 14.7875 )
00000213: 13.4225   (Y': 11.3036   Cb: 15.4034   Cr: 14.7454 )
00000214: 13.3947   (Y': 11.2829   Cb: 15.3614   Cr: 14.7142 )
00000217: 13.3404   (Y': 11.1741   Cb: 15.4261   Cr: 14.6797 )
00000218: 13.307    (Y': 11.1148   Cb: 15.3789   Cr: 14.717  )
00000219: 13.3056   (Y': 11.096    Cb: 15.3918   Cr: 14.7432 )
00000220: 13.3114   (Y': 11.1323   Cb: 15.3533   Cr: 14.717  )
00000221: 13.2879   (Y': 11.1014   Cb: 15.3394   Cr: 14.7023 )
00000222: 13.2205   (Y': 11.0025   Cb: 15.3029   Cr: 14.6809 )
00000223: 13.1626   (Y': 10.9181   Cb: 15.262    Cr: 14.6709 )
00000224: 13.2149   (Y': 10.947    Cb: 15.3188   Cr: 14.7749 )
00000225: 13.2363   (Y': 10.9784   Cb: 15.3605   Cr: 14.7545 )
00000226: 13.2384   (Y': 10.9815   Cb: 15.3417   Cr: 14.7723 )
00000229: 13.1407   (Y': 10.8788   Cb: 15.2461   Cr: 14.685  )
00000227: 13.2037   (Y': 10.9371   Cb: 15.3065   Cr: 14.7615 )
00000228: 13.1548   (Y': 10.8836   Cb: 15.2331   Cr: 14.7456 )
00000231: 13.093    (Y': 10.8156   Cb: 15.17     Cr: 14.7004 )
00000230: 13.1159   (Y': 10.8395   Cb: 15.1913   Cr: 14.7221 )
00000232: 13.0288   (Y': 10.7614   Cb: 15.1028   Cr: 14.6145 )
00000233: 12.9969   (Y': 10.7093   Cb: 15.1048   Cr: 14.6013 )
00000234: 12.9312   (Y': 10.6546   Cb: 15.0139   Cr: 14.5311 )
00000235: 12.8892   (Y': 10.5951   Cb: 14.9775   Cr: 14.5273 )
00000236: 12.8132   (Y': 10.5099   Cb: 14.9259   Cr: 14.4523 )
00000238: 12.6756   (Y': 10.3643   Cb: 14.7725   Cr: 14.3485 )
00000237: 12.7635   (Y': 10.4661   Cb: 14.8412   Cr: 14.4191 )
00000239: 12.6228   (Y': 10.3169   Cb: 14.7136   Cr: 14.288  )
00000240: 12.6071   (Y': 10.2898   Cb: 14.6889   Cr: 14.3091 )
00000241: 12.5889   (Y': 10.2633   Cb: 14.7087   Cr: 14.277  )
00000242: 12.5525   (Y': 10.2169   Cb: 14.6702   Cr: 14.2681 )
00000245: 12.4121   (Y': 10.0641   Cb: 14.533    Cr: 14.1563 )
00000243: 12.5063   (Y': 10.1551   Cb: 14.6389   Cr: 14.2478 )
00000244: 12.4842   (Y': 10.1378   Cb: 14.6164   Cr: 14.214  )
00000248: 12.6344   (Y': 10.3036   Cb: 14.6992   Cr: 14.3865 )
00000246: 12.4521   (Y': 10.1161   Cb: 14.5413   Cr: 14.1949 )
00000247: 12.6022   (Y': 10.2663   Cb: 14.6783   Cr: 14.3566 )
00000249: 12.6576   (Y': 10.3232   Cb: 14.7162   Cr: 14.4244 )
00000250: 12.5741   (Y': 10.2976   Cb: 14.6204   Cr: 14.2068 )
00000251: 12.6225   (Y': 10.3614   Cb: 14.6171   Cr: 14.2647 )
00000255: 12.4895   (Y': 10.2497   Cb: 14.4198   Cr: 14.1391 )
00000253: 12.5505   (Y': 10.3279   Cb: 14.4675   Cr: 14.1707 )
00000254: 12.4746   (Y': 10.2392   Cb: 14.3724   Cr: 14.1441 )
00000252: 12.6072   (Y': 10.3666   Cb: 14.5286   Cr: 14.2674 )
00000256: 12.4311   (Y': 10.1949   Cb: 14.3155   Cr: 14.1151 )
00000257: 12.4346   (Y': 10.1953   Cb: 14.3265   Cr: 14.1193 )
00000258: 12.4222   (Y': 10.1946   Cb: 14.3136   Cr: 14.0785 )
00000259: 12.4249   (Y': 10.1884   Cb: 14.3333   Cr: 14.0873 )
00000262: 12.3094   (Y': 9.9988    Cb: 14.4016   Cr: 13.9848 )
00000260: 12.4666   (Y': 10.2108   Cb: 14.4548   Cr: 14.1014 )
00000261: 12.3889   (Y': 10.1021   Cb: 14.424    Cr: 14.0569 )
00000263: 12.3085   (Y': 9.9701    Cb: 14.4269   Cr: 14.0302 )
00000264: 12.5104   (Y': 10.1803   Cb: 14.579    Cr: 14.2571 )
00000265: 12.4526   (Y': 10.1037   Cb: 14.5604   Cr: 14.2111 )
00000266: 12.3532   (Y': 10.0128   Cb: 14.4468   Cr: 14.1031 )
00000267: 12.3432   (Y': 10.0026   Cb: 14.4482   Cr: 14.0829 )
00000268: 12.3477   (Y': 10.0111   Cb: 14.4405   Cr: 14.0884 )
00000269: 12.3855   (Y': 10.0557   Cb: 14.4791   Cr: 14.1082 )
00000270: 12.5656   (Y': 10.2535   Cb: 14.6489   Cr: 14.2531 )
00000271: 12.5507   (Y': 10.2092   Cb: 14.6381   Cr: 14.309  )
00000272: 12.6132   (Y': 10.2767   Cb: 14.689    Cr: 14.3695 )
00000273: 12.6248   (Y': 10.2794   Cb: 14.7282   Cr: 14.3785 )
00000274: 12.5098   (Y': 10.1757   Cb: 14.5786   Cr: 14.2665 )
00000275: 12.5647   (Y': 10.2255   Cb: 14.6446   Cr: 14.3243 )
00000278: 12.5197   (Y': 10.1956   Cb: 14.5743   Cr: 14.264  )
00000277: 12.5281   (Y': 10.2012   Cb: 14.5608   Cr: 14.3    )
00000276: 12.527    (Y': 10.2004   Cb: 14.5928   Cr: 14.2673 )
00000279: 12.4458   (Y': 10.1156   Cb: 14.4939   Cr: 14.212  )
00000280: 12.3488   (Y': 10.0115   Cb: 14.4232   Cr: 14.1083 )
00000281: 12.5112   (Y': 10.1872   Cb: 14.5497   Cr: 14.27   )
00000282: 12.5179   (Y': 10.2082   Cb: 14.569    Cr: 14.2288 )
00000283: 12.4234   (Y': 9.96777   Cb: 14.2672   Cr: 14.7466 )
00000287: 17.3314   (Y': 14.4178   Cb: 20.3184   Cr: 19.9968 )
00000285: 21.1129   (Y': 17.5744   Cb: 25.4847   Cr: 25.3618 )
00000284: 22.9657   (Y': 18.9088   Cb: 29.5404   Cr: 29.257  )
00000286: 18.2637   (Y': 15.2188   Cb: 21.5973   Cr: 21.105  )
00000289: 15.4569   (Y': 12.8937   Cb: 17.7761   Cr: 17.6076 )
00000288: 15.9438   (Y': 13.2525   Cb: 18.4527   Cr: 18.3064 )
00000290: 14.6151   (Y': 12.2031   Cb: 16.62     Cr: 16.6411 )
00000291: 14.2851   (Y': 11.9432   Cb: 16.1896   Cr: 16.2209 )
00000293: 13.4094   (Y': 11.2965   Cb: 14.9941   Cr: 15.0899 )
00000292: 13.6668   (Y': 11.4708   Cb: 15.3392   Cr: 15.4611 )
00000294: 13.3202   (Y': 11.2689   Cb: 14.8177   Cr: 14.9447 )
00000295: 13.2425   (Y': 11.1726   Cb: 14.7582   Cr: 14.8919 )
00000297: 13.1269   (Y': 11.0757   Cb: 14.5976   Cr: 14.7789 )
00000296: 13.1227   (Y': 11.0497   Cb: 14.5771   Cr: 14.8436 )
00000298: 13.1489   (Y': 11.1613   Cb: 14.5334   Cr: 14.7441 )
00000299: 13.2329   (Y': 11.2208   Cb: 14.6455   Cr: 14.855  )
00000300: 13.1653   (Y': 11.1022   Cb: 14.571    Cr: 14.9147 )
00000301: 13.1108   (Y': 10.9816   Cb: 14.6201   Cr: 14.9103 )
00000302: 13.0708   (Y': 10.8495   Cb: 14.7127   Cr: 14.9612 )
00000303: 13.0416   (Y': 10.8136   Cb: 14.6338   Cr: 15.0028 )
00000304: 13.0351   (Y': 10.7609   Cb: 14.6969   Cr: 15.0436 )
00000305: 13.0188   (Y': 10.7416   Cb: 14.6848   Cr: 15.0308 )
00000306: 13.0199   (Y': 10.6861   Cb: 14.7735   Cr: 15.0913 )
00000307: 13.0668   (Y': 10.7436   Cb: 14.791    Cr: 15.1403 )
00000308: 13.3236   (Y': 11.0929   Cb: 14.8328   Cr: 15.3843 )
00000310: 13.2347   (Y': 10.8376   Cb: 14.9844   Cr: 15.4901 )
00000309: 13.1423   (Y': 10.794    Cb: 14.8243   Cr: 15.3327 )
00000311: 13.4388   (Y': 11.131    Cb: 15.018    Cr: 15.632  )
00000312: 13.3727   (Y': 11.0598   Cb: 14.9352   Cr: 15.5993 )
00000313: 13.3826   (Y': 11.103    Cb: 14.9058   Cr: 15.5613 )
00000315: 13.417    (Y': 11.0957   Cb: 14.9475   Cr: 15.7052 )
00000314: 13.3989   (Y': 11.1046   Cb: 14.8926   Cr: 15.6536 )
00000318: 13.4984   (Y': 11.1936   Cb: 14.9497   Cr: 15.8345 )
00000316: 13.4544   (Y': 11.1393   Cb: 14.918    Cr: 15.8056 )
00000317: 13.4603   (Y': 11.1385   Cb: 14.9388   Cr: 15.8126 )
00000319: 13.5292   (Y': 11.2477   Cb: 14.9708   Cr: 15.8101 )
00000321: 13.5335   (Y': 11.2604   Cb: 14.9871   Cr: 15.7762 )
00000320: 13.549    (Y': 11.2679   Cb: 15.01     Cr: 15.8056 )
00000323: 13.4676   (Y': 11.2119   Cb: 14.9948   Cr: 15.5754 )
00000322: 13.4721   (Y': 11.2127   Cb: 14.9635   Cr: 15.6315 )
00000325: 13.3413   (Y': 11.0649   Cb: 14.925    Cr: 15.4421 )
00000324: 13.3667   (Y': 11.1055   Cb: 14.9235   Cr: 15.4562 )
00000326: 13.214    (Y': 10.8563   Cb: 14.9257   Cr: 15.3981 )
00000327: 13.1433   (Y': 10.7659   Cb: 14.8504   Cr: 15.3893 )
00000328: 13.0785   (Y': 10.6165   Cb: 14.8704   Cr: 15.4797 )
00000329: 13.0676   (Y': 10.615    Cb: 14.8608   Cr: 15.4388 )
00000330: 13.0786   (Y': 10.6556   Cb: 14.8049   Cr: 15.4371 )
00000331: 13.0337   (Y': 10.5887   Cb: 14.817    Cr: 15.3933 )
00000333: 12.9924   (Y': 10.6151   Cb: 14.675    Cr: 15.2656 )
00000332: 12.9829   (Y': 10.5623   Cb: 14.6857   Cr: 15.3613 )
00000334: 13.0673   (Y': 10.6834   Cb: 14.744    Cr: 15.3668 )
00000336: 12.9125   (Y': 10.5698   Cb: 14.522    Cr: 15.1698 )
00000337: 12.8624   (Y': 10.5263   Cb: 14.4515   Cr: 15.1244 )
00000335: 13.0604   (Y': 10.684    Cb: 14.7293   Cr: 15.3471 )
00000338: 12.7285   (Y': 10.4318   Cb: 14.2456   Cr: 14.962  )
00000340: 12.6938   (Y': 10.397    Cb: 14.191    Cr: 14.9513 )
00000339: 12.7069   (Y': 10.3961   Cb: 14.2586   Cr: 14.9403 )
00000341: 12.7      (Y': 10.4308   Cb: 14.1899   Cr: 14.8888 )
00000342: 12.7006   (Y': 10.3785   Cb: 14.2581   Cr: 14.9595 )
00000343: 12.7102   (Y': 10.3987   Cb: 14.2449   Cr: 14.9654 )
00000345: 12.8315   (Y': 10.5365   Cb: 14.3832   Cr: 15.0199 )
00000344: 12.8288   (Y': 10.5278   Cb: 14.3745   Cr: 15.0413 )
00000346: 13.0191   (Y': 10.688    Cb: 14.5301   Cr: 15.3594 )
00000347: 13.1532   (Y': 10.7716   Cb: 14.7087   Cr: 15.5899 )
00000348: 13.3413   (Y': 10.9103   Cb: 14.8856   Cr: 15.9459 )
00000349: 13.3169   (Y': 10.8857   Cb: 14.8678   Cr: 15.9132 )
00000350: 13.529    (Y': 11.0949   Cb: 15.097    Cr: 16.1132 )
00000351: 13.5314   (Y': 11.0322   Cb: 15.1058   Cr: 16.3203 )
00000352: 13.5754   (Y': 11.0352   Cb: 15.1964   Cr: 16.4434 )
00000353: 13.541    (Y': 11.0267   Cb: 15.0947   Cr: 16.4093 )
00000354: 13.4994   (Y': 10.9722   Cb: 15.07     Cr: 16.3895 )
00000355: 13.4858   (Y': 10.957    Cb: 15.0399   Cr: 16.4043 )
00000356: 13.4756   (Y': 10.9302   Cb: 15.032    Cr: 16.449  )
00000358: 13.4349   (Y': 10.8803   Cb: 14.8617   Cr: 16.629  )
00000357: 13.461    (Y': 10.9186   Cb: 14.9461   Cr: 16.5248 )
00000359: 13.3973   (Y': 10.884    Cb: 14.7426   Cr: 16.5611 )
00000360: 13.4199   (Y': 10.9095   Cb: 14.7413   Cr: 16.6096 )
00000361: 13.4355   (Y': 10.9327   Cb: 14.7097   Cr: 16.6697 )
00000362: 13.5282   (Y': 11.0867   Cb: 14.7168   Cr: 16.6717 )
00000363: 13.5939   (Y': 11.1644   Cb: 14.7421   Cr: 16.7574 )
00000364: 13.642    (Y': 11.2977   Cb: 14.663    Cr: 16.706  )
00000365: 13.802    (Y': 11.5297   Cb: 14.7627   Cr: 16.7179 )
00000366: 14.0048   (Y': 11.7948   Cb: 14.9952   Cr: 16.6767 )
00000367: 14.0828   (Y': 11.9417   Cb: 14.9817   Cr: 16.6814 )
00000369: 14.2099   (Y': 12.1304   Cb: 15.1012   Cr: 16.6407 )
00000368: 14.2001   (Y': 12.1038   Cb: 15.0852   Cr: 16.6876 )
00000370: 14.0915   (Y': 12.0257   Cb: 14.9238   Cr: 16.5689 )
00000371: 14.0304   (Y': 11.9564   Cb: 14.8504   Cr: 16.5492 )
00000372: 13.7742   (Y': 11.6779   Cb: 14.524    Cr: 16.4655 )
00000373: 13.6101   (Y': 11.4866   Cb: 14.3254   Cr: 16.4398 )
00000374: 13.3727   (Y': 11.1619   Cb: 14.1176   Cr: 16.4365 )
00000375: 13.3872   (Y': 11.1475   Cb: 14.1539   Cr: 16.5117 )
00000377: 13.6977   (Y': 11.3635   Cb: 14.6791   Cr: 16.7904 )
00000376: 13.6033   (Y': 11.3155   Cb: 14.4695   Cr: 16.7248 )
00000378: 13.93     (Y': 11.5176   Cb: 15.0688   Cr: 17.0467 )
00000379: 14.0126   (Y': 11.5941   Cb: 15.2035   Cr: 17.0699 )
00000380: 14.1655   (Y': 11.7021   Cb: 15.4578   Cr: 17.228  )
00000381: 13.9904   (Y': 11.485    Cb: 15.3465   Cr: 17.1085 )
00000382: 13.9792   (Y': 11.3469   Cb: 15.5616   Cr: 17.2391 )
00000383: 13.9589   (Y': 11.3154   Cb: 15.5626   Cr: 17.2313 )
00000384: 14.0875   (Y': 11.3912   Cb: 15.7281   Cr: 17.5155 )
00000385: 14.1072   (Y': 11.4175   Cb: 15.7184   Cr: 17.5534 )
00000386: 14.2238   (Y': 11.4817   Cb: 15.8962   Cr: 17.7956 )
00000387: 14.167    (Y': 11.431    Cb: 15.8055   Cr: 17.7654 )
00000388: 14.205    (Y': 11.4596   Cb: 15.7916   Cr: 17.9274 )
00000389: 14.1689   (Y': 11.426    Cb: 15.7254   Cr: 17.9299 )
00000391: 14.1994   (Y': 11.5115   Cb: 15.6499   Cr: 17.8951 )
00000392: 14.2433   (Y': 11.5303   Cb: 15.7469   Cr: 17.9601 )
00000390: 14.1909   (Y': 11.4969   Cb: 15.6697   Cr: 17.8652 )
00000393: 14.1833   (Y': 11.492    Cb: 15.5937   Cr: 17.9615 )
00000394: 14.2452   (Y': 11.534    Cb: 15.7126   Cr: 18.0145 )
00000395: 14.1967   (Y': 11.4832   Cb: 15.6377   Cr: 18.0214 )
00000396: 14.2215   (Y': 11.5004   Cb: 15.6594   Cr: 18.0863 )
00000397: 14.2671   (Y': 11.5812   Cb: 15.6624   Cr: 18.0478 )
00000398: 14.3011   (Y': 11.5894   Cb: 15.7621   Cr: 18.0832 )
00000401: 14.7019   (Y': 12.0796   Cb: 16.2114   Cr: 18.0319 )
00000400: 14.6051   (Y': 12.0073   Cb: 16.0252   Cr: 17.976  )
00000399: 14.3403   (Y': 11.6501   Cb: 15.8001   Cr: 18.0297 )
00000402: 14.9427   (Y': 12.3503   Cb: 16.5229   Cr: 18.054  )
00000404: 15.0398   (Y': 12.4325   Cb: 16.7126   Cr: 18.0774 )
00000403: 14.9937   (Y': 12.382    Cb: 16.6466   Cr: 18.0745 )
00000405: 14.9766   (Y': 12.3672   Cb: 16.6187   Cr: 18.0641 )
00000406: 14.9147   (Y': 12.3322   Cb: 16.4991   Cr: 17.9837 )
00000410: 14.656    (Y': 12.0428   Cb: 16.2079   Cr: 17.8871 )
00000409: 14.7274   (Y': 12.1346   Cb: 16.3138   Cr: 17.8317 )
00000407: 14.8455   (Y': 12.3099   Cb: 16.4118   Cr: 17.7712 )
00000408: 14.7891   (Y': 12.2008   Cb: 16.3997   Cr: 17.8427 )
00000411: 14.6696   (Y': 12.0562   Cb: 16.2134   Cr: 17.9133 )
00000412: 14.7155   (Y': 12.0452   Cb: 16.367    Cr: 18.0229 )
00000413: 14.8143   (Y': 12.1734   Cb: 16.4282   Cr: 18.0615 )
00000414: 14.885    (Y': 12.168    Cb: 16.6125   Cr: 18.269  )
00000415: 14.886    (Y': 12.1708   Cb: 16.6757   Cr: 18.1732 )
00000416: 14.9392   (Y': 12.1836   Cb: 16.8514   Cr: 18.2173 )
00000419: 15.0358   (Y': 12.3124   Cb: 16.8736   Cr: 18.2881 )
00000418: 15.0731   (Y': 12.3204   Cb: 16.9424   Cr: 18.3993 )
00000417: 14.9702   (Y': 12.2423   Cb: 16.8222   Cr: 18.2207 )
00000420: 14.9321   (Y': 12.2485   Cb: 16.6811   Cr: 18.152  )
00000422: 14.9286   (Y': 12.2258   Cb: 16.7137   Cr: 18.1728 )
00000421: 14.8995   (Y': 12.1908   Cb: 16.6878   Cr: 18.1624 )
00000423: 14.8449   (Y': 12.1704   Cb: 16.563    Cr: 18.0728 )
00000424: 14.7978   (Y': 12.1146   Cb: 16.4561   Cr: 18.1468 )
00000425: 14.7333   (Y': 12.071    Cb: 16.383    Cr: 18.0117 )
00000426: 14.7983   (Y': 12.1828   Cb: 16.3412   Cr: 18.0512 )
00000427: 14.8232   (Y': 12.2217   Cb: 16.369    Cr: 18.0187 )
00000428: 14.9605   (Y': 12.436    Cb: 16.4197   Cr: 17.9966 )
00000430: 15.1622   (Y': 12.7758   Cb: 16.3621   Cr: 18.0948 )
00000429: 15.0313   (Y': 12.5604   Cb: 16.3735   Cr: 18.0462 )
00000432: 15.2675   (Y': 12.9275   Cb: 16.4263   Cr: 18.1057 )
00000431: 15.2324   (Y': 12.8932   Cb: 16.4017   Cr: 18.0522 )
00000433: 15.2932   (Y': 12.9539   Cb: 16.468    Cr: 18.1053 )
00000434: 15.3629   (Y': 13.0442   Cb: 16.5532   Cr: 18.086  )
00000436: 15.3262   (Y': 12.9929   Cb: 16.5154   Cr: 18.0977 )
00000435: 15.3849   (Y': 13.0651   Cb: 16.5833   Cr: 18.1002 )
00000437: 15.229    (Y': 12.8594   Cb: 16.4401   Cr: 18.0885 )
00000438: 14.991    (Y': 12.5559   Cb: 16.3319   Cr: 17.8836 )
00000439: 14.9268   (Y': 12.4433   Cb: 16.2923   Cr: 17.952  )
00000440: 14.827    (Y': 12.3262   Cb: 16.1903   Cr: 17.9177 )
00000441: 14.841    (Y': 12.3331   Cb: 16.2691   Cr: 17.8625 )
00000442: 14.8393   (Y': 12.3493   Cb: 16.2043   Cr: 17.889  )
00000443: 14.8582   (Y': 12.3552   Cb: 16.1971   Cr: 17.9937 )
00000444: 14.9269   (Y': 12.4042   Cb: 16.3376   Cr: 18.027  )
00000445: 14.9536   (Y': 12.3774   Cb: 16.475    Cr: 18.0889 )
00000446: 15.0568   (Y': 12.4396   Cb: 16.7071   Cr: 18.1619 )
00000447: 15.0894   (Y': 12.4314   Cb: 16.8591   Cr: 18.1826 )
00000448: 15.0944   (Y': 12.4265   Cb: 16.8647   Cr: 18.2249 )
00000449: 15.0662   (Y': 12.418    Cb: 16.8168   Cr: 18.1486 )
00000450: 15.0654   (Y': 12.4039   Cb: 16.8656   Cr: 18.1309 )
00000451: 15.1223   (Y': 12.4887   Cb: 16.9047   Cr: 18.1088 )
00000452: 15.0166   (Y': 12.4107   Cb: 16.7409   Cr: 17.9792 )
00000453: 14.9764   (Y': 12.3937   Cb: 16.6127   Cr: 17.974  )
00000454: 14.9254   (Y': 12.3319   Cb: 16.5511   Cr: 17.9772 )
00000456: 14.9625   (Y': 12.3939   Cb: 16.5023   Cr: 18.0434 )
00000455: 14.9929   (Y': 12.4      Cb: 16.6346   Cr: 18.02   )
00000458: 14.9263   (Y': 12.402    Cb: 16.337    Cr: 18.0321 )
00000457: 14.9734   (Y': 12.3954   Cb: 16.5039   Cr: 18.1027 )
00000459: 14.9561   (Y': 12.4331   Cb: 16.3494   Cr: 18.0835 )
00000460: 14.937    (Y': 12.4294   Cb: 16.3761   Cr: 17.9415 )
00000461: 14.9597   (Y': 12.4948   Cb: 16.3877   Cr: 17.8312 )
00000462: 15.0239   (Y': 12.5376   Cb: 16.5741   Cr: 17.8016 )
00000463: 15.0458   (Y': 12.5738   Cb: 16.581    Cr: 17.7957 )
00000464: 15.0609   (Y': 12.545    Cb: 16.6538   Cr: 17.8823 )
00000465: 14.9949   (Y': 12.506    Cb: 16.5705   Cr: 17.7476 )
00000466: 14.8846   (Y': 12.403    Cb: 16.4324   Cr: 17.6496 )
00000467: 14.774    (Y': 12.2783   Cb: 16.3474   Cr: 17.5523 )
00000468: 14.6807   (Y': 12.2136   Cb: 16.1389   Cr: 17.518  )
00000469: 14.6447   (Y': 12.1962   Cb: 16.0766   Cr: 17.4549 )
00000470: 14.5458   (Y': 12.0767   Cb: 15.9712   Cr: 17.4352 )
00000472: 14.4905   (Y': 12.0651   Cb: 15.7109   Cr: 17.5271 )
00000471: 14.5521   (Y': 12.1039   Cb: 15.8425   Cr: 17.5638 )
00000473: 14.4545   (Y': 12.0068   Cb: 15.7033   Cr: 17.5266 )
00000474: 14.3557   (Y': 11.9299   Cb: 15.562    Cr: 17.4151 )
00000475: 14.3069   (Y': 11.8704   Cb: 15.535    Cr: 17.3707 )
00000476: 14.2884   (Y': 11.8883   Cb: 15.4751   Cr: 17.2875 )
00000478: 14.1791   (Y': 11.8637   Cb: 15.203    Cr: 17.1399 )
00000477: 14.2526   (Y': 11.9012   Cb: 15.3396   Cr: 17.2371 )
00000479: 14.1121   (Y': 11.811    Cb: 15.1135   Cr: 17.0598 )
00000480: 14.1099   (Y': 11.8598   Cb: 14.9965   Cr: 17.0698 )
00000482: 14.0355   (Y': 11.7554   Cb: 14.98     Cr: 17.0029 )
00000481: 14.0842   (Y': 11.8022   Cb: 15.0172   Cr: 17.076  )
00000483: 14.0411   (Y': 11.7777   Cb: 14.9406   Cr: 17.0247 )
00000485: 13.9852   (Y': 11.7175   Cb: 14.9683   Cr: 16.8511 )
00000484: 13.9937   (Y': 11.7237   Cb: 14.9541   Cr: 16.9025 )
00000486: 14.0925   (Y': 11.8188   Cb: 15.0535   Cr: 17.0123 )
00000487: 14.0971   (Y': 11.8632   Cb: 15.0192   Cr: 16.9476 )
00000488: 14.0904   (Y': 11.9044   Cb: 15.0003   Cr: 16.8086 )
00000490: 14.1628   (Y': 11.9369   Cb: 15.088    Cr: 16.9831 )
00000489: 14.1584   (Y': 11.9432   Cb: 15.0399   Cr: 17.0129 )
00000491: 14.2219   (Y': 12.0055   Cb: 15.1531   Cr: 17.0028 )
00000493: 14.3125   (Y': 12.0621   Cb: 15.2411   Cr: 17.2068 )
00000492: 14.2797   (Y': 12.0119   Cb: 15.2358   Cr: 17.1879 )
00000494: 14.4018   (Y': 12.1365   Cb: 15.3574   Cr: 17.3023 )
00000495: 14.4406   (Y': 12.1435   Cb: 15.4458   Cr: 17.3688 )
00000497: 14.7712   (Y': 12.4799   Cb: 15.7771   Cr: 17.6796 )
00000496: 14.7453   (Y': 12.4831   Cb: 15.7461   Cr: 17.5663 )
00000499: 14.9614   (Y': 12.5746   Cb: 16.1274   Cr: 17.9463 )
00000498: 14.97     (Y': 12.5644   Cb: 16.1482   Cr: 18.0016 )
00000501: 14.8566   (Y': 12.4941   Cb: 15.968    Cr: 17.8415 )
00000502: 14.7529   (Y': 12.4017   Cb: 15.8552   Cr: 17.7129 )
00000500: 14.884    (Y': 12.5164   Cb: 16.0186   Cr: 17.8508 )
00000503: 14.7896   (Y': 12.4139   Cb: 15.9395   Cr: 17.7606 )
00000504: 14.642    (Y': 12.1461   Cb: 15.9096   Cr: 17.8613 )
00000505: 14.496    (Y': 11.9318   Cb: 15.8901   Cr: 17.7771 )
00000506: 14.3233   (Y': 11.5642   Cb: 16.0694   Cr: 17.8547 )
00000507: 14.2918   (Y': 11.4719   Cb: 16.191    Cr: 17.8572 )
00000508: 14.2858   (Y': 11.4273   Cb: 16.3631   Cr: 17.765  )
00000509: 14.2888   (Y': 11.4253   Cb: 16.3689   Cr: 17.7855 )
00000510: 14.336    (Y': 11.4995   Cb: 16.3654   Cr: 17.7868 )
00000511: 14.3422   (Y': 11.5148   Cb: 16.3243   Cr: 17.8207 )
00000512: 14.3149   (Y': 11.5238   Cb: 16.1898   Cr: 17.7918 )
00000513: 14.3437   (Y': 11.556    Cb: 16.2049   Cr: 17.826  )
00000514: 14.3654   (Y': 11.5235   Cb: 16.3094   Cr: 17.9616 )
00000515: 14.3809   (Y': 11.5415   Cb: 16.3455   Cr: 17.9359 )
00000516: 14.4622   (Y': 11.6594   Cb: 16.3794   Cr: 17.9284 )
00000518: 14.4879   (Y': 11.764    Cb: 16.2556   Cr: 17.8417 )
00000517: 14.4411   (Y': 11.6269   Cb: 16.3899   Cr: 17.9104 )
00000519: 14.4973   (Y': 11.8052   Cb: 16.2019   Cr: 17.8143 )
00000520: 14.5977   (Y': 11.8896   Cb: 16.3688   Cr: 17.8828 )
00000521: 14.6876   (Y': 11.9817   Cb: 16.4302   Cr: 18.0048 )
00000523: 14.8284   (Y': 11.9937   Cb: 16.6916   Cr: 18.5126 )
00000522: 14.72     (Y': 11.9314   Cb: 16.5127   Cr: 18.3077 )
00000525: 14.8633   (Y': 12.0218   Cb: 16.8304   Cr: 18.4236 )
00000526: 14.9165   (Y': 12.1295   Cb: 16.7559   Cr: 18.4277 )
00000524: 14.7734   (Y': 11.9489   Cb: 16.6765   Cr: 18.3531 )
00000527: 14.9653   (Y': 12.1865   Cb: 16.7837   Cr: 18.4728 )
00000528: 15.0567   (Y': 12.3306   Cb: 16.8134   Cr: 18.4346 )
00000529: 15.1819   (Y': 12.4798   Cb: 16.9021   Cr: 18.516  )
00000530: 15.1643   (Y': 12.4663   Cb: 16.8743   Cr: 18.4971 )
00000531: 15.1777   (Y': 12.4907   Cb: 16.8662   Cr: 18.4978 )
00000533: 15.2084   (Y': 12.5222   Cb: 16.8839   Cr: 18.5439 )
00000532: 15.2304   (Y': 12.5462   Cb: 16.949    Cr: 18.4959 )
00000534: 15.1473   (Y': 12.4894   Cb: 16.8766   Cr: 18.296  )
00000535: 15.0897   (Y': 12.4216   Cb: 16.8482   Cr: 18.237  )
00000536: 15.0331   (Y': 12.3745   Cb: 16.7912   Cr: 18.1447 )
00000537: 15.042    (Y': 12.4211   Cb: 16.7195   Cr: 18.1232 )
00000538: 15.0875   (Y': 12.5213   Cb: 16.649    Cr: 18.1288 )
00000539: 15.0329   (Y': 12.4562   Cb: 16.6366   Cr: 18.0536 )
00000540: 14.9782   (Y': 12.4392   Cb: 16.5453   Cr: 17.9145 )
00000541: 14.9221   (Y': 12.4013   Cb: 16.461    Cr: 17.8333 )
00000542: 14.8827   (Y': 12.4003   Cb: 16.4586   Cr: 17.6133 )
00000543: 14.7957   (Y': 12.319    Cb: 16.3282   Cr: 17.5644 )
00000544: 14.8085   (Y': 12.3939   Cb: 16.3099   Cr: 17.4157 )
00000545: 14.8904   (Y': 12.4583   Cb: 16.4609   Cr: 17.4651 )
00000546: 14.7798   (Y': 12.2929   Cb: 16.3852   Cr: 17.4876 )
00000547: 14.8028   (Y': 12.2832   Cb: 16.4714   Cr: 17.5378 )
00000548: 14.8005   (Y': 12.2682   Cb: 16.5476   Cr: 17.4795 )
00000550: 14.7154   (Y': 12.2018   Cb: 16.4291   Cr: 17.374  )
00000549: 14.7924   (Y': 12.2677   Cb: 16.5184   Cr: 17.4724 )
00000551: 14.718    (Y': 12.1855   Cb: 16.4466   Cr: 17.4201 )
00000552: 14.633    (Y': 12.1219   Cb: 16.2908   Cr: 17.3537 )
00000553: 14.5915   (Y': 12.0517   Cb: 16.329    Cr: 17.3073 )
00000554: 14.5638   (Y': 12.006    Cb: 16.2944   Cr: 17.3494 )
00000556: 14.5329   (Y': 12.0062   Cb: 16.2734   Cr: 17.2015 )
00000555: 14.5727   (Y': 12.0368   Cb: 16.278    Cr: 17.3158 )
00000557: 14.5724   (Y': 12.0537   Cb: 16.3157   Cr: 17.2107 )
00000558: 14.4946   (Y': 12.0371   Cb: 16.2487   Cr: 16.9259 )
00000559: 14.3686   (Y': 11.8659   Cb: 16.1541   Cr: 16.9047 )
00000560: 14.1392   (Y': 11.5061   Cb: 16.1336   Cr: 16.8587 )
00000561: 14.0993   (Y': 11.4651   Cb: 16.0705   Cr: 16.8504 )
00000562: 14.1587   (Y': 11.5848   Cb: 16.0506   Cr: 16.8    )
00000563: 14.1598   (Y': 11.5811   Cb: 16.0964   Cr: 16.7642 )
00000564: 14.1547   (Y': 11.6441   Cb: 16.0667   Cr: 16.5696 )
00000565: 14.1579   (Y': 11.6855   Cb: 16.0312   Cr: 16.4987 )
00000566: 14.2978   (Y': 11.8783   Cb: 16.1996   Cr: 16.4518 )
00000567: 14.2861   (Y': 11.9032   Cb: 16.1507   Cr: 16.3757 )
00000568: 14.319    (Y': 12.0459   Cb: 16.0283   Cr: 16.2736 )
00000569: 14.308    (Y': 12.1119   Cb: 15.8868   Cr: 16.2008 )
00000570: 14.5993   (Y': 11.8117   Cb: 16.9647   Cr: 17.4402 )
00000571: 15.1175   (Y': 12.4445   Cb: 17.3326   Cr: 17.7215 )
00000572: 15.172    (Y': 12.5043   Cb: 17.5973   Cr: 17.5407 )
00000573: 14.892    (Y': 12.3099   Cb: 17.1183   Cr: 17.1918 )
00000574: 14.2228   (Y': 11.5566   Cb: 16.4855   Cr: 16.7536 )
00000575: 14.2468   (Y': 11.645    Cb: 16.3639   Cr: 16.7234 )
00000576: 14.4687   (Y': 11.9448   Cb: 16.452    Cr: 16.8455 )
00000577: 14.4478   (Y': 11.9871   Cb: 16.3025   Cr: 16.7741 )
00000582: 13.541    (Y': 11.0797   Cb: 15.3462   Cr: 15.9245 )
00000579: 13.8746   (Y': 11.4726   Cb: 15.5608   Cr: 16.2166 )
00000578: 14.0408   (Y': 11.5944   Cb: 15.8383   Cr: 16.3884 )
00000581: 13.7066   (Y': 11.2621   Cb: 15.4451   Cr: 16.116  )
00000580: 13.7556   (Y': 11.3535   Cb: 15.4401   Cr: 16.0998 )
00000583: 13.4429   (Y': 10.9539   Cb: 15.211    Cr: 15.9559 )
00000585: 13.2334   (Y': 10.7288   Cb: 15.0101   Cr: 15.7858 )
00000584: 13.2758   (Y': 10.7806   Cb: 15.028    Cr: 15.8279 )
00000587: 13.1731   (Y': 10.6656   Cb: 14.8907   Cr: 15.8068 )
00000589: 13.2093   (Y': 10.6793   Cb: 14.9409   Cr: 15.8993 )
00000586: 13.2166   (Y': 10.7025   Cb: 14.9703   Cr: 15.8279 )
00000588: 13.1822   (Y': 10.6529   Cb: 14.9387   Cr: 15.8397 )
00000591: 13.2164   (Y': 10.6337   Cb: 15.028    Cr: 15.9851 )
00000590: 13.2158   (Y': 10.6678   Cb: 14.9813   Cr: 15.9241 )
00000592: 13.1703   (Y': 10.5649   Cb: 15.0263   Cr: 15.9623 )
00000593: 13.1806   (Y': 10.5713   Cb: 15.06     Cr: 15.957  )
00000595: 13.0432   (Y': 10.3665   Cb: 14.99     Cr: 15.9749 )
00000594: 13.1053   (Y': 10.4399   Cb: 15.0417   Cr: 16.0089 )
00000596: 12.9815   (Y': 10.2765   Cb: 14.9514   Cr: 15.9881 )
00000597: 12.9616   (Y': 10.2488   Cb: 14.9638   Cr: 15.9562 )
Total: 13.3571   (Y': 11.0905   Cb: 14.8352   Cr: 15.5524 )
