./ps4_degrader: invalid option -- 'v'
Capturing with the following configuration:
 - Capture device: DeckLink 4K Extreme 12G
 - Video mode: 720p59.94
 - Pixel format: 8 bit BGRA (4:4:4:x)
[libx264 @ 0x3682e40] using cpu capabilities: MMX2 SSE2Fast SSSE3 SSE4.2 AVX AVX2 FMA3 LZCNT BMI2
[libx264 @ 0x3682e40] profile High 4:2:2 Intra, level 3.1, 4:2:2 8-bit
PLAYBACK (hw timestamp): Frame 30 Displayed Late. Expected (+/- 5%): 50000
	Timestamp delay: 66593
	Hardware timestamp delay: 66710
PLAYBACK (hw timestamp): Frame 35 Displayed Late. Expected (+/- 5%): 50000
	Timestamp delay: 66627
	Hardware timestamp delay: 66674
PLAYBACK (hw timestamp): Frame 37 Displayed Late. Expected (+/- 5%): 50000
	Timestamp delay: 66628
	Hardware timestamp delay: 66682
PLAYBACK (hw timestamp): Frame 42 Displayed Late. Expected (+/- 5%): 50000
	Timestamp delay: 66586
	Hardware timestamp delay: 66668
PLAYBACK (hw timestamp): Frame 44 Displayed Late. Expected (+/- 5%): 50000
	Timestamp delay: 66674
	Hardware timestamp delay: 66719
PLAYBACK (hw timestamp): Frame 47 Displayed Late. Expected (+/- 5%): 50000
	Timestamp delay: 66683
	Hardware timestamp delay: 66748
PLAYBACK (hw timestamp): Frame 50 Displayed Late. Expected (+/- 5%): 50000
	Timestamp delay: 66720
	Hardware timestamp delay: 66704
PLAYBACK (hw timestamp): Frame 52 Displayed Late. Expected (+/- 5%): 50000
	Timestamp delay: 66608
	Hardware timestamp delay: 66736
PLAYBACK (hw timestamp): Frame 55 Displayed Late. Expected (+/- 5%): 50000
	Timestamp delay: 66662
	Hardware timestamp delay: 66755
PLAYBACK (hw timestamp): Frame 63 Displayed Late. Expected (+/- 5%): 50000
	Timestamp delay: 66706
	Hardware timestamp delay: 66740
PLAYBACK (hw timestamp): Frame 66 Displayed Late. Expected (+/- 5%): 50000
	Timestamp delay: 66674
	Hardware timestamp delay: 66726
PLAYBACK (hw timestamp): Frame 68 Displayed Late. Expected (+/- 5%): 50000
	Timestamp delay: 66600
	Hardware timestamp delay: 66679
PLAYBACK (hw timestamp): Frame 71 Displayed Late. Expected (+/- 5%): 50000
	Timestamp delay: 66629
	Hardware timestamp delay: 66703
PLAYBACK (hw timestamp): Frame 73 Displayed Late. Expected (+/- 5%): 50000
	Timestamp delay: 66629
	Hardware timestamp delay: 66703
PLAYBACK (hw timestamp): Frame 76 Displayed Late. Expected (+/- 5%): 50000
	Timestamp delay: 66629
	Hardware timestamp delay: 66728
PLAYBACK (hw timestamp): Frame 79 Displayed Late. Expected (+/- 5%): 50000
	Timestamp delay: 66599
	Hardware timestamp delay: 66658
PLAYBACK (hw timestamp): Frame 82 Displayed Late. Expected (+/- 5%): 50000
	Timestamp delay: 66582
	Hardware timestamp delay: 66721
PLAYBACK (hw timestamp): Frame 85 Displayed Late. Expected (+/- 5%): 50000
	Timestamp delay: 66601
	Hardware timestamp delay: 66675
PLAYBACK (hw timestamp): Frame 91 Displayed Late. Expected (+/- 5%): 50000
	Timestamp delay: 66601
	Hardware timestamp delay: 66665
PLAYBACK (hw timestamp): Frame 102 Displayed Late. Expected (+/- 5%): 50000
	Timestamp delay: 66683
	Hardware timestamp delay: 67743
PLAYBACK (hw timestamp): Frame 106 Displayed Late. Expected (+/- 5%): 50000
	Timestamp delay: 66562
	Hardware timestamp delay: 66700
PLAYBACK (hw timestamp): Frame 112 Displayed Late. Expected (+/- 5%): 50000
	Timestamp delay: 66600
	Hardware timestamp delay: 66631
PLAYBACK (hw timestamp): Frame 115 Displayed Late. Expected (+/- 5%): 50000
	Timestamp delay: 66628
	Hardware timestamp delay: 66704
PLAYBACK (hw timestamp): Frame 120 Displayed Late. Expected (+/- 5%): 50000
	Timestamp delay: 66587
	Hardware timestamp delay: 66678
PLAYBACK (hw timestamp): Frame 122 Displayed Late. Expected (+/- 5%): 50000
	Timestamp delay: 66541
	Hardware timestamp delay: 66726
PLAYBACK (hw timestamp): Frame 124 Displayed Late. Expected (+/- 5%): 50000
	Timestamp delay: 66595
	Hardware timestamp delay: 66679
PLAYBACK (hw timestamp): Frame 127 Displayed Late. Expected (+/- 5%): 50000
	Timestamp delay: 66591
	Hardware timestamp delay: 66631
PLAYBACK (hw timestamp): Frame 130 Displayed Late. Expected (+/- 5%): 50000
	Timestamp delay: 66605
	Hardware timestamp delay: 66711
PLAYBACK (hw timestamp): Frame 133 Displayed Late. Expected (+/- 5%): 50000
	Timestamp delay: 66711
	Hardware timestamp delay: 66690
PLAYBACK (hw timestamp): Frame 136 Displayed Late. Expected (+/- 5%): 50000
	Timestamp delay: 66635
	Hardware timestamp delay: 66688
PLAYBACK (hw timestamp): Frame 138 Displayed Late. Expected (+/- 5%): 50000
	Timestamp delay: 66609
	Hardware timestamp delay: 66728
PLAYBACK (hw timestamp): Frame 140 Displayed Late. Expected (+/- 5%): 50000
	Timestamp delay: 66695
	Hardware timestamp delay: 66668
PLAYBACK (hw timestamp): Frame 143 Displayed Late. Expected (+/- 5%): 50000
	Timestamp delay: 66675
	Hardware timestamp delay: 66744
PLAYBACK (hw timestamp): Frame 145 Displayed Late. Expected (+/- 5%): 50000
	Timestamp delay: 66607
	Hardware timestamp delay: 66685
PLAYBACK (hw timestamp): Frame 148 Displayed Late. Expected (+/- 5%): 50000
	Timestamp delay: 66633
	Hardware timestamp delay: 66688
PLAYBACK (hw timestamp): Frame 151 Displayed Late. Expected (+/- 5%): 50000
	Timestamp delay: 66598
	Hardware timestamp delay: 66658
PLAYBACK (hw timestamp): Frame 155 Displayed Late. Expected (+/- 5%): 50000
	Timestamp delay: 66520
	Hardware timestamp delay: 66655
PLAYBACK (hw timestamp): Frame 160 Displayed Late. Expected (+/- 5%): 50000
	Timestamp delay: 66620
	Hardware timestamp delay: 66776
PLAYBACK (hw timestamp): Frame 173 Displayed Late. Expected (+/- 5%): 50000
	Timestamp delay: 66538
	Hardware timestamp delay: 66678
PLAYBACK (hw timestamp): Frame 177 Displayed Late. Expected (+/- 5%): 50000
	Timestamp delay: 66488
	Hardware timestamp delay: 66700
PLAYBACK (hw timestamp): Frame 181 Displayed Late. Expected (+/- 5%): 50000
	Timestamp delay: 66601
	Hardware timestamp delay: 66661
PLAYBACK (hw timestamp): Frame 195 Displayed Late. Expected (+/- 5%): 50000
	Timestamp delay: 66601
	Hardware timestamp delay: 66712
PLAYBACK (hw timestamp): Frame 198 Displayed Late. Expected (+/- 5%): 50000
	Timestamp delay: 66598
	Hardware timestamp delay: 66698
PLAYBACK (hw timestamp): Frame 201 Displayed Late. Expected (+/- 5%): 50000
	Timestamp delay: 66655
	Hardware timestamp delay: 66738
PLAYBACK (hw timestamp): Frame 203 Displayed Late. Expected (+/- 5%): 50000
	Timestamp delay: 66659
	Hardware timestamp delay: 66686
PLAYBACK (hw timestamp): Frame 205 Displayed Late. Expected (+/- 5%): 50000
	Timestamp delay: 66636
	Hardware timestamp delay: 66755
PLAYBACK (hw timestamp): Frame 207 Displayed Late. Expected (+/- 5%): 50000
	Timestamp delay: 66679
	Hardware timestamp delay: 66696
PLAYBACK (hw timestamp): Frame 210 Displayed Late. Expected (+/- 5%): 50000
	Timestamp delay: 66672
	Hardware timestamp delay: 66639
PLAYBACK (hw timestamp): Frame 212 Displayed Late. Expected (+/- 5%): 50000
	Timestamp delay: 66617
	Hardware timestamp delay: 66666
PLAYBACK (hw timestamp): Frame 214 Displayed Late. Expected (+/- 5%): 50000
	Timestamp delay: 66732
	Hardware timestamp delay: 66688
PLAYBACK (hw timestamp): Frame 220 Displayed Late. Expected (+/- 5%): 50000
	Timestamp delay: 66597
	Hardware timestamp delay: 66696
PLAYBACK (hw timestamp): Frame 225 Displayed Late. Expected (+/- 5%): 50000
	Timestamp delay: 66638
	Hardware timestamp delay: 66743
PLAYBACK (hw timestamp): Frame 227 Displayed Late. Expected (+/- 5%): 50000
	Timestamp delay: 66611
	Hardware timestamp delay: 66663
PLAYBACK (hw timestamp): Frame 229 Displayed Late. Expected (+/- 5%): 50000
	Timestamp delay: 66645
	Hardware timestamp delay: 66698
PLAYBACK (hw timestamp): Frame 232 Displayed Late. Expected (+/- 5%): 50000
	Timestamp delay: 66633
	Hardware timestamp delay: 66680
PLAYBACK (hw timestamp): Frame 235 Displayed Late. Expected (+/- 5%): 50000
	Timestamp delay: 66566
	Hardware timestamp delay: 66628
PLAYBACK (hw timestamp): Frame 239 Displayed Late. Expected (+/- 5%): 50000
	Timestamp delay: 66605
	Hardware timestamp delay: 66621
PLAYBACK (hw timestamp): Frame 242 Displayed Late. Expected (+/- 5%): 50000
	Timestamp delay: 66606
	Hardware timestamp delay: 66742
PLAYBACK (hw timestamp): Frame 245 Displayed Late. Expected (+/- 5%): 50000
	Timestamp delay: 66613
	Hardware timestamp delay: 66669
PLAYBACK (hw timestamp): Frame 248 Displayed Late. Expected (+/- 5%): 50000
	Timestamp delay: 66608
	Hardware timestamp delay: 66736
PLAYBACK (hw timestamp): Frame 251 Displayed Late. Expected (+/- 5%): 50000
	Timestamp delay: 66630
	Hardware timestamp delay: 66704
PLAYBACK (hw timestamp): Frame 253 Displayed Late. Expected (+/- 5%): 50000
	Timestamp delay: 66638
	Hardware timestamp delay: 66744
PLAYBACK (hw timestamp): Frame 256 Displayed Late. Expected (+/- 5%): 50000
	Timestamp delay: 66730
	Hardware timestamp delay: 66714
PLAYBACK (hw timestamp): Frame 258 Displayed Late. Expected (+/- 5%): 50000
	Timestamp delay: 66654
	Hardware timestamp delay: 66663
PLAYBACK (hw timestamp): Frame 261 Displayed Late. Expected (+/- 5%): 50000
	Timestamp delay: 66632
	Hardware timestamp delay: 66681
PLAYBACK (hw timestamp): Frame 265 Displayed Late. Expected (+/- 5%): 50000
	Timestamp delay: 66685
	Hardware timestamp delay: 66690
PLAYBACK (hw timestamp): Frame 268 Displayed Late. Expected (+/- 5%): 50000
	Timestamp delay: 66663
	Hardware timestamp delay: 66744
PLAYBACK (hw timestamp): Frame 271 Displayed Late. Expected (+/- 5%): 50000
	Timestamp delay: 66628
	Hardware timestamp delay: 66682
PLAYBACK (hw timestamp): Frame 273 Displayed Late. Expected (+/- 5%): 50000
	Timestamp delay: 66693
	Hardware timestamp delay: 66720
PLAYBACK (hw timestamp): Frame 276 Displayed Late. Expected (+/- 5%): 50000
	Timestamp delay: 66699
	Hardware timestamp delay: 66715
PLAYBACK (hw timestamp): Frame 278 Displayed Late. Expected (+/- 5%): 50000
	Timestamp delay: 66653
	Hardware timestamp delay: 66669
PLAYBACK (hw timestamp): Frame 280 Displayed Late. Expected (+/- 5%): 50000
	Timestamp delay: 66712
	Hardware timestamp delay: 66668
PLAYBACK (hw timestamp): Frame 283 Displayed Late. Expected (+/- 5%): 50000
	Timestamp delay: 66679
	Hardware timestamp delay: 66739
PLAYBACK (hw timestamp): Frame 305 Displayed Late. Expected (+/- 5%): 50000
	Timestamp delay: 66668
	Hardware timestamp delay: 66656
PLAYBACK (hw timestamp): Frame 312 Displayed Late. Expected (+/- 5%): 50000
	Timestamp delay: 66708
	Hardware timestamp delay: 66714
PLAYBACK (hw timestamp): Frame 317 Displayed Late. Expected (+/- 5%): 50000
	Timestamp delay: 66690
	Hardware timestamp delay: 66692
PLAYBACK (hw timestamp): Frame 321 Displayed Late. Expected (+/- 5%): 50000
	Timestamp delay: 66629
	Hardware timestamp delay: 66658
PLAYBACK (hw timestamp): Frame 326 Displayed Late. Expected (+/- 5%): 50000
	Timestamp delay: 66639
	Hardware timestamp delay: 66660
PLAYBACK (hw timestamp): Frame 352 Displayed Late. Expected (+/- 5%): 50000
	Timestamp delay: 66645
	Hardware timestamp delay: 66652
PLAYBACK (hw timestamp): Frame 357 Displayed Late. Expected (+/- 5%): 50000
	Timestamp delay: 66517
	Hardware timestamp delay: 66660
PLAYBACK (hw timestamp): Frame 363 Displayed Late. Expected (+/- 5%): 50000
	Timestamp delay: 66514
	Hardware timestamp delay: 66624
PLAYBACK (hw timestamp): Frame 368 Displayed Late. Expected (+/- 5%): 50000
	Timestamp delay: 66524
	Hardware timestamp delay: 66711
PLAYBACK (hw timestamp): Frame 380 Displayed Late. Expected (+/- 5%): 50000
	Timestamp delay: 66584
	Hardware timestamp delay: 66635
PLAYBACK (hw timestamp): Frame 394 Displayed Late. Expected (+/- 5%): 50000
	Timestamp delay: 66598
	Hardware timestamp delay: 66702
PLAYBACK (hw timestamp): Frame 424 Displayed Late. Expected (+/- 5%): 50000
	Timestamp delay: 66634
	Hardware timestamp delay: 66697
PLAYBACK (hw timestamp): Frame 437 Displayed Late. Expected (+/- 5%): 50000
	Timestamp delay: 66634
	Hardware timestamp delay: 66658
PLAYBACK (hw timestamp): Frame 440 Displayed Late. Expected (+/- 5%): 50000
	Timestamp delay: 66697
	Hardware timestamp delay: 66757
PLAYBACK (hw timestamp): Frame 442 Displayed Late. Expected (+/- 5%): 50000
	Timestamp delay: 66632
	Hardware timestamp delay: 66653
PLAYBACK (hw timestamp): Frame 446 Displayed Late. Expected (+/- 5%): 50000
	Timestamp delay: 66697
	Hardware timestamp delay: 66670
PLAYBACK (hw timestamp): Frame 449 Displayed Late. Expected (+/- 5%): 50000
	Timestamp delay: 66757
	Hardware timestamp delay: 66729
PLAYBACK (hw timestamp): Frame 450 Displayed Late. Expected (+/- 5%): 50000
	Timestamp delay: 100027
	Hardware timestamp delay: 100053
PLAYBACK (hw timestamp): Frame 456 Displayed Late. Expected (+/- 5%): 50000
	Timestamp delay: 66631
	Hardware timestamp delay: 66688
PLAYBACK (hw timestamp): Frame 460 Displayed Late. Expected (+/- 5%): 50000
	Timestamp delay: 66636
	Hardware timestamp delay: 66717
PLAYBACK (hw timestamp): Frame 475 Displayed Late. Expected (+/- 5%): 50000
	Timestamp delay: 66682
	Hardware timestamp delay: 66758
PLAYBACK (hw timestamp): Frame 478 Displayed Late. Expected (+/- 5%): 50000
	Timestamp delay: 66665
	Hardware timestamp delay: 66695
PLAYBACK (hw timestamp): Frame 480 Displayed Late. Expected (+/- 5%): 50000
	Timestamp delay: 66629
	Hardware timestamp delay: 66672
PLAYBACK (hw timestamp): Frame 490 Displayed Late. Expected (+/- 5%): 50000
	Timestamp delay: 66706
	Hardware timestamp delay: 66708
PLAYBACK (hw timestamp): Frame 495 Displayed Late. Expected (+/- 5%): 50000
	Timestamp delay: 66632
	Hardware timestamp delay: 66723
PLAYBACK (hw timestamp): Frame 499 Displayed Late. Expected (+/- 5%): 50000
	Timestamp delay: 66527
	Hardware timestamp delay: 66690
PLAYBACK (hw timestamp): Frame 508 Displayed Late. Expected (+/- 5%): 50000
	Timestamp delay: 66537
	Hardware timestamp delay: 66646
PLAYBACK (hw timestamp): Frame 522 Displayed Late. Expected (+/- 5%): 50000
	Timestamp delay: 66600
	Hardware timestamp delay: 66706
PLAYBACK (hw timestamp): Frame 528 Displayed Late. Expected (+/- 5%): 50000
	Timestamp delay: 66545
	Hardware timestamp delay: 66697
PLAYBACK (hw timestamp): Frame 542 Displayed Late. Expected (+/- 5%): 50000
	Timestamp delay: 66641
	Hardware timestamp delay: 66670
[libx264 @ 0x3682e40] frame I:593   Avg QP:33.00  size: 25564
[libx264 @ 0x3682e40] mb I  I16..4: 33.2% 53.2% 13.6%
[libx264 @ 0x3682e40] final ratefactor: 38.31
[libx264 @ 0x3682e40] 8x8 transform intra:53.2%
[libx264 @ 0x3682e40] coded y,uvDC,uvAC intra: 33.9% 43.2% 5.5%
[libx264 @ 0x3682e40] i16 v,h,dc,p: 26% 36% 21% 16%
[libx264 @ 0x3682e40] i8 v,h,dc,ddl,ddr,vr,hd,vl,hu: 11% 20% 39%  5%  6%  4%  7%  3%  5%
[libx264 @ 0x3682e40] i4 v,h,dc,ddl,ddr,vr,hd,vl,hu: 19% 22% 24%  6%  7%  5%  7%  4%  7%
[libx264 @ 0x3682e40] i8c dc,h,v,p: 73% 14% 11%  2%
[libx264 @ 0x3682e40] kb/s:4090.24
Stopping Capture
