00000000: 27.6597   (Y': 24.299    Cb: 31.6781   Cr: 31.2694 )
00000003: 17.1193   (Y': 14.5567   Cb: 18.8283   Cr: 19.9492 )
00000001: 18.8656   (Y': 15.6883   Cb: 22.0124   Cr: 22.4599 )
00000002: 18.0049   (Y': 15.0634   Cb: 20.5431   Cr: 21.2472 )
00000009: 15.7728   (Y': 14.3918   Cb: 16.1791   Cr: 17.2301 )
00000004: 16.8653   (Y': 14.4598   Cb: 18.3496   Cr: 19.4657 )
00000006: 16.275    (Y': 14.2571   Cb: 17.2974   Cr: 18.3631 )
00000007: 16.0194   (Y': 14.2634   Cb: 16.7526   Cr: 17.8436 )
00000011: 15.9614   (Y': 14.6022   Cb: 16.3054   Cr: 17.4566 )
00000012: 15.9942   (Y': 14.6341   Cb: 16.3075   Cr: 17.5317 )
00000005: 16.4606   (Y': 14.3559   Cb: 17.5703   Cr: 18.6653 )
00000008: 15.9327   (Y': 14.3138   Cb: 16.5577   Cr: 17.5933 )
00000014: 16.0671   (Y': 14.7454   Cb: 16.3508   Cr: 17.5697 )
00000021: 16.1587   (Y': 14.8592   Cb: 16.408    Cr: 17.6646 )
00000015: 16.1138   (Y': 14.7722   Cb: 16.3929   Cr: 17.6611 )
00000023: 16.106    (Y': 14.882    Cb: 16.3005   Cr: 17.5434 )
00000022: 16.1376   (Y': 14.836    Cb: 16.3672   Cr: 17.6742 )
00000017: 16.157    (Y': 14.8231   Cb: 16.4487   Cr: 17.6723 )
00000018: 16.1845   (Y': 14.8507   Cb: 16.4803   Cr: 17.6943 )
00000010: 15.8329   (Y': 14.4655   Cb: 16.2058   Cr: 17.3069 )
00000016: 16.1015   (Y': 14.7767   Cb: 16.3861   Cr: 17.6088 )
00000013: 16.0597   (Y': 14.7353   Cb: 16.3493   Cr: 17.5597 )
00000024: 16.0925   (Y': 14.9021   Cb: 16.2628   Cr: 17.5007 )
00000020: 16.1749   (Y': 14.8565   Cb: 16.4569   Cr: 17.6734 )
00000028: 16.1351   (Y': 15.0186   Cb: 16.2578   Cr: 17.4737 )
00000031: 16.3786   (Y': 15.3634   Cb: 16.3138   Cr: 17.7954 )
00000027: 16.16     (Y': 15.1359   Cb: 16.1581   Cr: 17.5054 )
00000025: 16.1066   (Y': 14.9053   Cb: 16.2743   Cr: 17.5381 )
00000032: 16.3648   (Y': 15.3891   Cb: 16.2677   Cr: 17.7585 )
00000019: 16.2249   (Y': 14.8827   Cb: 16.509    Cr: 17.7664 )
00000026: 16.1656   (Y': 15.1236   Cb: 16.1832   Cr: 17.5155 )
00000030: 16.3027   (Y': 15.2998   Cb: 16.2387   Cr: 17.6969 )
00000034: 16.2725   (Y': 15.3061   Cb: 16.1747   Cr: 17.6513 )
00000029: 16.2902   (Y': 15.2864   Cb: 16.2571   Cr: 17.643  )
00000035: 16.232    (Y': 15.2895   Cb: 16.1346   Cr: 17.5696 )
00000033: 16.3114   (Y': 15.3901   Cb: 16.1998   Cr: 17.633  )
00000038: 14.9588   (Y': 13.4676   Cb: 15.2091   Cr: 16.8542 )
00000036: 14.9644   (Y': 13.7657   Cb: 14.9884   Cr: 16.591  )
00000037: 14.9125   (Y': 13.5104   Cb: 15.0946   Cr: 16.7172 )
00000041: 15.4311   (Y': 13.4782   Cb: 16.1454   Cr: 17.7682 )
00000040: 15.1967   (Y': 13.4198   Cb: 15.7      Cr: 17.3874 )
00000039: 15.0937   (Y': 13.4069   Cb: 15.5233   Cr: 17.173  )
00000043: 15.9484   (Y': 13.7749   Cb: 16.9815   Cr: 18.4495 )
00000044: 16.2349   (Y': 13.9708   Cb: 17.407    Cr: 18.8132 )
00000046: 17.1805   (Y': 14.7694   Cb: 18.7021   Cr: 19.751  )
00000042: 15.5539   (Y': 13.5317   Cb: 16.3762   Cr: 17.9234 )
00000045: 17.0203   (Y': 14.5979   Cb: 18.5283   Cr: 19.6441 )
00000047: 17.3249   (Y': 14.9785   Cb: 18.7751   Cr: 19.7858 )
00000048: 17.3666   (Y': 15.087    Cb: 18.7498   Cr: 19.7141 )
00000049: 17.5464   (Y': 15.3823   Cb: 18.7533   Cr: 19.789  )
00000050: 17.624    (Y': 15.5451   Cb: 18.7379   Cr: 19.7546 )
00000051: 17.6743   (Y': 15.7105   Cb: 18.667    Cr: 19.6631 )
00000052: 17.6664   (Y': 15.7071   Cb: 18.6665   Cr: 19.635  )
00000053: 17.6915   (Y': 15.7276   Cb: 18.7036   Cr: 19.6564 )
00000056: 17.6831   (Y': 15.7142   Cb: 18.7214   Cr: 19.6279 )
00000055: 17.6885   (Y': 15.7081   Cb: 18.7431   Cr: 19.6411 )
00000054: 17.6845   (Y': 15.7104   Cb: 18.7123   Cr: 19.6551 )
00000059: 17.6799   (Y': 15.758    Cb: 18.6179   Cr: 19.6344 )
00000058: 17.6411   (Y': 15.7389   Cb: 18.5972   Cr: 19.5255 )
00000057: 17.6921   (Y': 15.7603   Cb: 18.6828   Cr: 19.6049 )
00000062: 17.6183   (Y': 15.7405   Cb: 18.5899   Cr: 19.4258 )
00000061: 17.625    (Y': 15.7377   Cb: 18.5834   Cr: 19.4711 )
00000060: 17.6726   (Y': 15.7443   Cb: 18.6279   Cr: 19.6208 )
00000064: 17.6117   (Y': 15.7373   Cb: 18.6034   Cr: 19.3869 )
00000063: 17.6302   (Y': 15.7593   Cb: 18.617    Cr: 19.4037 )
00000069: 25.2562   (Y': 22.5757   Cb: 27.8151   Cr: 27.5368 )
00000065: 25.5366   (Y': 22.5145   Cb: 28.9611   Cr: 28.2124 )
00000067: 25.2526   (Y': 22.5748   Cb: 27.7617   Cr: 27.5717 )
00000066: 25.043    (Y': 22.4414   Cb: 27.5655   Cr: 27.1178 )
00000070: 25.1705   (Y': 22.683    Cb: 27.4206   Cr: 27.1688 )
00000068: 25.1864   (Y': 22.4971   Cb: 27.72     Cr: 27.5188 )
00000071: 25.3492   (Y': 22.7077   Cb: 27.8394   Cr: 27.5736 )
00000072: 25.4845   (Y': 22.7922   Cb: 28.053    Cr: 27.7934 )
00000074: 25.3773   (Y': 22.6041   Cb: 27.9116   Cr: 27.9868 )
00000073: 25.3463   (Y': 22.7327   Cb: 27.6963   Cr: 27.6196 )
00000075: 25.3891   (Y': 22.681    Cb: 27.8362   Cr: 27.8673 )
00000077: 25.4279   (Y': 22.6618   Cb: 27.9985   Cr: 27.9766 )
00000076: 25.3688   (Y': 22.6017   Cb: 28.0067   Cr: 27.8548 )
00000078: 25.4077   (Y': 22.6299   Cb: 27.9785   Cr: 27.9959 )
00000080: 25.1377   (Y': 22.4969   Cb: 27.7433   Cr: 27.2539 )
00000079: 25.2561   (Y': 22.5051   Cb: 27.7545   Cr: 27.8257 )
00000083: 25.3374   (Y': 22.6909   Cb: 27.7401   Cr: 27.6611 )
00000081: 25.219    (Y': 22.5727   Cb: 27.525    Cr: 27.6389 )
00000082: 25.252    (Y': 22.5362   Cb: 27.7606   Cr: 27.6941 )
00000085: 25.3199   (Y': 22.6071   Cb: 27.6912   Cr: 27.8916 )
00000086: 25.4382   (Y': 22.695    Cb: 27.8572   Cr: 28.0633 )
00000084: 25.3003   (Y': 22.5807   Cb: 27.7674   Cr: 27.7966 )
00000088: 16.5236   (Y': 14.4656   Cb: 17.5005   Cr: 18.7769 )
00000087: 16.7172   (Y': 14.6344   Cb: 17.7316   Cr: 18.9874 )
00000091: 15.8696   (Y': 13.9199   Cb: 16.6668   Cr: 18.0803 )
00000089: 16.2299   (Y': 14.28     Cb: 17.0471   Cr: 18.4138 )
00000090: 16.1264   (Y': 14.1988   Cb: 16.9034   Cr: 18.3082 )
00000092: 15.7539   (Y': 13.8196   Cb: 16.516    Cr: 17.9736 )
00000093: 15.6036   (Y': 13.6483   Cb: 16.4323   Cr: 17.7858 )
00000095: 15.5846   (Y': 13.4667   Cb: 16.6709   Cr: 17.8558 )
00000094: 15.566    (Y': 13.5611   Cb: 16.4606   Cr: 17.7882 )
00000106: INF       (Y': INF       Cb: INF       Cr: INF     )
00000105: 26.6541   (Y': 22.4807   Cb: 34.5471   Cr: 33.1655 )
00000096: 15.5991   (Y': 13.4251   Cb: 16.809    Cr: 17.865  )
00000123: INF       (Y': INF       Cb: INF       Cr: INF     )
00000097: 15.64     (Y': 13.4463   Cb: 16.7704   Cr: 18.066  )
00000098: 15.7259   (Y': 13.5509   Cb: 16.7571   Cr: 18.2342 )
00000101: 16.3378   (Y': 13.7164   Cb: 17.8968   Cr: 19.59   )
00000102: 16.5934   (Y': 13.8803   Cb: 18.3558   Cr: 19.9107 )
00000135: INF       (Y': INF       Cb: INF       Cr: INF     )
00000100: 16.2613   (Y': 13.8651   Cb: 17.5142   Cr: 19.1489 )
00000104: 18.1161   (Y': 15.0803   Cb: 20.6986   Cr: 21.7167 )
00000107: INF       (Y': INF       Cb: INF       Cr: INF     )
00000099: 16.0935   (Y': 13.8125   Cb: 17.1993   Cr: 18.8188 )
00000103: 17.3662   (Y': 14.4421   Cb: 19.6028   Cr: 20.9139 )
00000112: INF       (Y': INF       Cb: INF       Cr: INF     )
00000113: INF       (Y': INF       Cb: INF       Cr: INF     )
00000111: INF       (Y': INF       Cb: INF       Cr: INF     )
00000115: INF       (Y': INF       Cb: INF       Cr: INF     )
00000108: INF       (Y': INF       Cb: INF       Cr: INF     )
00000109: INF       (Y': INF       Cb: INF       Cr: INF     )
00000114: INF       (Y': INF       Cb: INF       Cr: INF     )
00000120: INF       (Y': INF       Cb: INF       Cr: INF     )
00000110: INF       (Y': INF       Cb: INF       Cr: INF     )
00000116: INF       (Y': INF       Cb: INF       Cr: INF     )
00000119: INF       (Y': INF       Cb: INF       Cr: INF     )
00000121: INF       (Y': INF       Cb: INF       Cr: INF     )
00000117: INF       (Y': INF       Cb: INF       Cr: INF     )
00000136: INF       (Y': INF       Cb: INF       Cr: INF     )
00000118: INF       (Y': INF       Cb: INF       Cr: INF     )
00000131: INF       (Y': INF       Cb: INF       Cr: INF     )
00000130: INF       (Y': INF       Cb: INF       Cr: INF     )
00000133: INF       (Y': INF       Cb: INF       Cr: INF     )
00000124: INF       (Y': INF       Cb: INF       Cr: INF     )
00000125: INF       (Y': INF       Cb: INF       Cr: INF     )
00000126: INF       (Y': INF       Cb: INF       Cr: INF     )
00000122: INF       (Y': INF       Cb: INF       Cr: INF     )
00000127: INF       (Y': INF       Cb: INF       Cr: INF     )
00000140: INF       (Y': INF       Cb: INF       Cr: INF     )
00000129: INF       (Y': INF       Cb: INF       Cr: INF     )
00000128: INF       (Y': INF       Cb: INF       Cr: INF     )
00000132: INF       (Y': INF       Cb: INF       Cr: INF     )
00000141: INF       (Y': INF       Cb: INF       Cr: INF     )
00000134: INF       (Y': INF       Cb: INF       Cr: INF     )
00000142: INF       (Y': INF       Cb: INF       Cr: INF     )
00000139: INF       (Y': INF       Cb: INF       Cr: INF     )
00000143: INF       (Y': INF       Cb: INF       Cr: INF     )
00000144: INF       (Y': INF       Cb: INF       Cr: INF     )
00000138: INF       (Y': INF       Cb: INF       Cr: INF     )
00000137: INF       (Y': INF       Cb: INF       Cr: INF     )
00000146: INF       (Y': INF       Cb: INF       Cr: INF     )
00000148: INF       (Y': INF       Cb: INF       Cr: INF     )
00000145: INF       (Y': INF       Cb: INF       Cr: INF     )
00000150: INF       (Y': INF       Cb: INF       Cr: INF     )
00000147: INF       (Y': INF       Cb: INF       Cr: INF     )
00000149: INF       (Y': INF       Cb: INF       Cr: INF     )
00000153: 14.1489   (Y': 14.8108   Cb: 13.0373   Cr: 14.8563 )
00000162: 13.8679   (Y': 14.8334   Cb: 12.7161   Cr: 14.3466 )
00000161: 13.8585   (Y': 14.8498   Cb: 12.6956   Cr: 14.3304 )
00000167: 13.8474   (Y': 14.5995   Cb: 12.7627   Cr: 14.4257 )
00000155: 13.8209   (Y': 15.2316   Cb: 12.5372   Cr: 14.1201 )
00000158: 13.8532   (Y': 15.0347   Cb: 12.6422   Cr: 14.2316 )
00000157: 13.8393   (Y': 15.0812   Cb: 12.6129   Cr: 14.1901 )
00000154: 14.0121   (Y': 14.9516   Cb: 12.8177   Cr: 14.5771 )
00000156: 13.8273   (Y': 15.1615   Cb: 12.5717   Cr: 14.1459 )
00000169: 13.861    (Y': 14.5816   Cb: 12.786    Cr: 14.4558 )
00000170: 13.8632   (Y': 14.5678   Cb: 12.7919   Cr: 14.468  )
00000151: 14.7748   (Y': 14.3954   Cb: 14.0536   Cr: 16.1533 )
00000171: 13.8865   (Y': 14.6034   Cb: 12.8129   Cr: 14.4827 )
00000176: 13.8925   (Y': 14.5837   Cb: 12.8267   Cr: 14.5025 )
00000163: 13.8594   (Y': 14.7378   Cb: 12.736    Cr: 14.3758 )
00000173: 13.8984   (Y': 14.6078   Cb: 12.8222   Cr: 14.5056 )
00000166: 13.8541   (Y': 14.6451   Cb: 12.7559   Cr: 14.4153 )
00000160: 13.8627   (Y': 14.8946   Cb: 12.6899   Cr: 14.3132 )
00000168: 13.8593   (Y': 14.619    Cb: 12.7688   Cr: 14.4389 )
00000152: 14.5089   (Y': 14.6021   Cb: 13.583    Cr: 15.5679 )
00000177: 13.8957   (Y': 14.5689   Cb: 12.8256   Cr: 14.5296 )
00000180: 13.9165   (Y': 14.5918   Cb: 12.8493   Cr: 14.5442 )
00000175: 13.8802   (Y': 14.589    Cb: 12.8076   Cr: 14.4828 )
00000174: 13.8985   (Y': 14.6088   Cb: 12.8195   Cr: 14.5091 )
00000178: 13.8987   (Y': 14.5709   Cb: 12.8276   Cr: 14.5352 )
00000164: 13.8595   (Y': 14.7232   Cb: 12.7388   Cr: 14.3853 )
00000179: 13.8972   (Y': 14.5761   Cb: 12.817    Cr: 14.5406 )
00000183: 13.9149   (Y': 14.565    Cb: 12.8557   Cr: 14.5558 )
00000172: 13.8886   (Y': 14.6186   Cb: 12.8027   Cr: 14.49   )
00000181: 13.9152   (Y': 14.5859   Cb: 12.8505   Cr: 14.5439 )
00000159: 13.8624   (Y': 14.9602   Cb: 12.6755   Cr: 14.2764 )
00000184: 13.9143   (Y': 14.5782   Cb: 12.8538   Cr: 14.5432 )
00000165: 13.8566   (Y': 14.672    Cb: 12.7581   Cr: 14.395  )
00000186: 13.9109   (Y': 14.5716   Cb: 12.8504   Cr: 14.5432 )
00000187: 13.9132   (Y': 14.5699   Cb: 12.8424   Cr: 14.5647 )
00000188: 13.9161   (Y': 14.5761   Cb: 12.8459   Cr: 14.5632 )
00000182: 13.9174   (Y': 14.5749   Cb: 12.8539   Cr: 14.5571 )
00000191: 13.8966   (Y': 14.5568   Cb: 12.8273   Cr: 14.5421 )
00000193: 13.9053   (Y': 14.5664   Cb: 12.8379   Cr: 14.5472 )
00000185: 13.9085   (Y': 14.5753   Cb: 12.8422   Cr: 14.5432 )
00000189: 13.9213   (Y': 14.5796   Cb: 12.8611   Cr: 14.5553 )
00000192: 13.8981   (Y': 14.5613   Cb: 12.8237   Cr: 14.5485 )
00000190: 13.9146   (Y': 14.5829   Cb: 12.8417   Cr: 14.5576 )
00000194: 13.9047   (Y': 14.5552   Cb: 12.8434   Cr: 14.5483 )
00000210: 13.9261   (Y': 14.5205   Cb: 12.8845   Cr: 14.597  )
00000235: 14.4597   (Y': 14.8925   Cb: 13.526    Cr: 15.1402 )
00000195: 13.8964   (Y': 14.5553   Cb: 12.8296   Cr: 14.5397 )
00000197: 13.9116   (Y': 14.5565   Cb: 12.8466   Cr: 14.5663 )
00000196: 13.9021   (Y': 14.5739   Cb: 12.8308   Cr: 14.5392 )
00000224: 13.9957   (Y': 14.6923   Cb: 12.918    Cr: 14.6177 )
00000219: 14.0044   (Y': 14.6817   Cb: 12.9438   Cr: 14.6204 )
00000225: 13.9888   (Y': 14.6504   Cb: 12.933    Cr: 14.6133 )
00000203: 13.9323   (Y': 14.601    Cb: 12.8496   Cr: 14.5895 )
00000208: 13.9087   (Y': 14.5138   Cb: 12.8637   Cr: 14.5738 )
00000198: 13.9136   (Y': 14.5699   Cb: 12.8428   Cr: 14.5653 )
00000227: 13.98     (Y': 14.6465   Cb: 12.9234   Cr: 14.6007 )
00000218: 13.9789   (Y': 14.661    Cb: 12.9071   Cr: 14.6064 )
00000199: 13.9191   (Y': 14.5799   Cb: 12.8518   Cr: 14.5611 )
00000226: 13.9901   (Y': 14.6514   Cb: 12.9384   Cr: 14.6087 )
00000228: 13.9786   (Y': 14.6589   Cb: 12.9053   Cr: 14.6103 )
00000240: 14.6557   (Y': 14.9542   Cb: 13.8026   Cr: 15.3648 )
00000202: 13.928    (Y': 14.5818   Cb: 12.8581   Cr: 14.581  )
00000204: 13.9144   (Y': 14.5503   Cb: 12.85     Cr: 14.5772 )
00000207: 13.9068   (Y': 14.5126   Cb: 12.857    Cr: 14.5783 )
00000206: 13.9109   (Y': 14.5269   Cb: 12.8553   Cr: 14.5808 )
00000201: 13.9265   (Y': 14.5647   Cb: 12.8707   Cr: 14.5741 )
00000205: 13.9034   (Y': 14.5016   Cb: 12.8576   Cr: 14.5766 )
00000211: 13.9556   (Y': 14.5807   Cb: 12.9075   Cr: 14.6052 )
00000234: 14.4093   (Y': 14.8907   Cb: 13.4618   Cr: 15.0585 )
00000231: 13.9684   (Y': 14.6466   Cb: 12.8953   Cr: 14.602  )
00000213: 13.9642   (Y': 14.611    Cb: 12.9035   Cr: 14.6104 )
00000236: 14.4823   (Y': 14.917    Cb: 13.5471   Cr: 15.1628 )
00000215: 13.975    (Y': 14.6498   Cb: 12.9011   Cr: 14.6131 )
00000220: 14.0077   (Y': 14.6914   Cb: 12.9437   Cr: 14.6223 )
00000212: 13.9495   (Y': 14.5776   Cb: 12.9001   Cr: 14.598  )
00000200: 13.924    (Y': 14.5773   Cb: 12.865    Cr: 14.5614 )
00000217: 13.9805   (Y': 14.6749   Cb: 12.9036   Cr: 14.6033 )
00000223: 13.995    (Y': 14.686    Cb: 12.9219   Cr: 14.6158 )
00000209: 13.927    (Y': 14.5365   Cb: 12.8795   Cr: 14.5912 )
00000229: 13.9657   (Y': 14.6512   Cb: 12.8912   Cr: 14.5942 )
00000216: 13.9758   (Y': 14.6651   Cb: 12.8972   Cr: 14.6066 )
00000214: 13.9797   (Y': 14.6407   Cb: 12.9211   Cr: 14.6087 )
00000233: 14.3038   (Y': 14.8366   Cb: 13.3288   Cr: 14.9399 )
00000222: 13.9981   (Y': 14.6702   Cb: 12.9303   Cr: 14.6296 )
00000241: 14.7432   (Y': 14.9986   Cb: 13.9182   Cr: 15.4597 )
00000221: 13.9937   (Y': 14.684    Cb: 12.9272   Cr: 14.6056 )
00000232: 14.0114   (Y': 14.6782   Cb: 12.9431   Cr: 14.6488 )
00000230: 13.9663   (Y': 14.6445   Cb: 12.8908   Cr: 14.6035 )
00000238: 14.5574   (Y': 14.9446   Cb: 13.6593   Cr: 15.2348 )
00000239: 14.6266   (Y': 14.926    Cb: 13.7778   Cr: 15.3286 )
00000237: 14.5261   (Y': 14.9406   Cb: 13.6026   Cr: 15.2111 )
00000245: 14.9262   (Y': 15.1167   Cb: 14.1353   Cr: 15.6669 )
00000242: 14.7589   (Y': 14.989    Cb: 13.946    Cr: 15.4863 )
00000243: 14.834    (Y': 15.0006   Cb: 14.055    Cr: 15.5854 )
00000263: 15.2735   (Y': 15.3193   Cb: 14.575    Cr: 16.0515 )
00000244: 14.8647   (Y': 15.043    Cb: 14.076    Cr: 15.6162 )
00000252: 15.052    (Y': 15.1932   Cb: 14.3036   Cr: 15.7891 )
00000249: 15.0243   (Y': 15.1921   Cb: 14.2365   Cr: 15.7868 )
00000247: 14.9772   (Y': 15.1428   Cb: 14.1989   Cr: 15.7285 )
00000246: 14.9455   (Y': 15.127    Cb: 14.1508   Cr: 15.7019 )
00000250: 15.0237   (Y': 15.1784   Cb: 14.2614   Cr: 15.7649 )
00000251: 15.0528   (Y': 15.1771   Cb: 14.3113   Cr: 15.7996 )
00000253: 15.083    (Y': 15.2424   Cb: 14.3187   Cr: 15.8217 )
00000248: 14.9968   (Y': 15.1545   Cb: 14.2177   Cr: 15.7583 )
00000254: 15.0951   (Y': 15.2439   Cb: 14.3376   Cr: 15.8362 )
00000259: 15.1748   (Y': 15.3079   Cb: 14.4237   Cr: 15.925  )
00000256: 15.1214   (Y': 15.2709   Cb: 14.3532   Cr: 15.8767 )
00000258: 15.1667   (Y': 15.3411   Cb: 14.4007   Cr: 15.8907 )
00000262: 15.2611   (Y': 15.3662   Cb: 14.5465   Cr: 15.9923 )
00000267: 15.3348   (Y': 15.3173   Cb: 14.6711   Cr: 16.1397 )
00000255: 15.1223   (Y': 15.2707   Cb: 14.3604   Cr: 15.87   )
00000269: 15.3347   (Y': 15.3428   Cb: 14.6589   Cr: 16.1259 )
00000264: 15.2989   (Y': 15.3127   Cb: 14.6031   Cr: 16.1113 )
00000257: 15.1727   (Y': 15.3375   Cb: 14.4088   Cr: 15.9045 )
00000270: 15.3611   (Y': 15.3539   Cb: 14.6932   Cr: 16.1594 )
00000283: 15.3857   (Y': 15.5636   Cb: 14.6288   Cr: 16.0929 )
00000266: 15.3282   (Y': 15.3487   Cb: 14.6171   Cr: 16.1543 )
00000260: 15.1828   (Y': 15.3236   Cb: 14.4238   Cr: 15.9351 )
00000265: 15.3238   (Y': 15.3267   Cb: 14.6405   Cr: 16.1315 )
00000274: 15.331    (Y': 15.4387   Cb: 14.6374   Cr: 16.0302 )
00000268: 15.3387   (Y': 15.3691   Cb: 14.6477   Cr: 16.1244 )
00000273: 15.325    (Y': 15.4284   Cb: 14.6441   Cr: 16.0117 )
00000272: 15.353    (Y': 15.4107   Cb: 14.6832   Cr: 16.077  )
00000271: 15.3416   (Y': 15.3412   Cb: 14.6995   Cr: 16.0959 )
00000261: 15.2393   (Y': 15.3477   Cb: 14.5102   Cr: 15.9868 )
00000275: 15.3325   (Y': 15.5182   Cb: 14.5988   Cr: 15.9985 )
00000284: 15.3914   (Y': 15.5421   Cb: 14.6066   Cr: 16.1689 )
00000277: 15.3617   (Y': 15.5009   Cb: 14.6378   Cr: 16.0665 )
00000276: 15.3641   (Y': 15.5151   Cb: 14.6299   Cr: 16.0702 )
00000279: 15.3568   (Y': 15.5539   Cb: 14.5925   Cr: 16.0526 )
00000280: 15.3819   (Y': 15.5911   Cb: 14.6236   Cr: 16.0558 )
00000281: 15.3771   (Y': 15.5953   Cb: 14.5997   Cr: 16.0676 )
00000286: 15.3834   (Y': 15.5361   Cb: 14.6343   Cr: 16.108  )
00000278: 15.3783   (Y': 15.5617   Cb: 14.6207   Cr: 16.0803 )
00000287: 15.4025   (Y': 15.4962   Cb: 14.7049   Cr: 16.1232 )
00000282: 15.3515   (Y': 15.5924   Cb: 14.5655   Cr: 16.029  )
00000289: 15.4686   (Y': 15.676    Cb: 14.7276   Cr: 16.1207 )
00000285: 15.3624   (Y': 15.501    Cb: 14.6207   Cr: 16.0929 )
00000288: 15.4064   (Y': 15.535    Cb: 14.6957   Cr: 16.1049 )
00000293: 15.692    (Y': 15.8754   Cb: 15.016    Cr: 16.2822 )
00000290: 15.4871   (Y': 15.6979   Cb: 14.752    Cr: 16.1274 )
00000291: 15.6069   (Y': 15.7663   Cb: 14.9103   Cr: 16.2516 )
00000294: 15.6642   (Y': 15.8471   Cb: 14.9622   Cr: 16.2899 )
00000292: 15.6616   (Y': 15.841    Cb: 14.9786   Cr: 16.2656 )
00000296: 16.5739   (Y': 15.9824   Cb: 16.3623   Cr: 17.5205 )
00000306: 15.4997   (Y': 15.4048   Cb: 14.9499   Cr: 16.2416 )
00000331: 15.6029   (Y': 15.713    Cb: 15.0767   Cr: 16.0786 )
00000299: 15.4938   (Y': 15.4943   Cb: 14.9077   Cr: 16.1709 )
00000295: 16.5821   (Y': 16.0005   Cb: 16.4024   Cr: 17.4734 )
00000302: 16.5123   (Y': 15.7038   Cb: 16.486    Cr: 17.5398 )
00000300: 15.5196   (Y': 15.4576   Cb: 14.9559   Cr: 16.2407 )
00000303: 15.999    (Y': 15.6221   Cb: 15.6364   Cr: 16.8489 )
00000304: 15.784    (Y': 15.5114   Cb: 15.3469   Cr: 16.5968 )
00000298: 15.8551   (Y': 15.8193   Cb: 15.3249   Cr: 16.5006 )
00000297: 16.0416   (Y': 15.9382   Cb: 15.528    Cr: 16.7456 )
00000301: 16.6347   (Y': 15.6654   Cb: 16.7177   Cr: 17.7761 )
00000305: 15.5458   (Y': 15.4184   Cb: 15.0206   Cr: 16.2941 )
00000307: 15.4109   (Y': 15.3723   Cb: 14.8582   Cr: 16.0893 )
00000311: 15.3043   (Y': 15.3735   Cb: 14.7122   Cr: 15.9103 )
00000310: 15.3341   (Y': 15.3537   Cb: 14.7442   Cr: 15.9939 )
00000308: 15.3543   (Y': 15.337    Cb: 14.7862   Cr: 16.0282 )
00000316: 15.3964   (Y': 15.4364   Cb: 14.8408   Cr: 15.9879 )
00000309: 15.3665   (Y': 15.3135   Cb: 14.8069   Cr: 16.0714 )
00000313: 15.3331   (Y': 15.3703   Cb: 14.7619   Cr: 15.9482 )
00000317: 15.4514   (Y': 15.4342   Cb: 14.9633   Cr: 16.0209 )
00000314: 15.3031   (Y': 15.3076   Cb: 14.7612   Cr: 15.9171 )
00000315: 15.3579   (Y': 15.394    Cb: 14.8113   Cr: 15.9421 )
00000312: 15.2776   (Y': 15.3926   Cb: 14.6487   Cr: 15.8808 )
00000319: 15.4604   (Y': 15.4128   Cb: 15.0397   Cr: 15.9797 )
00000324: 15.7278   (Y': 15.658    Cb: 15.3855   Cr: 16.1769 )
00000322: 15.5413   (Y': 15.4662   Cb: 15.1922   Cr: 16.0046 )
00000325: 15.6873   (Y': 15.7191   Cb: 15.2373   Cr: 16.154  )
00000321: 15.4804   (Y': 15.4705   Cb: 15.0969   Cr: 15.9121 )
00000328: 15.6429   (Y': 15.7478   Cb: 15.1014   Cr: 16.1439 )
00000318: 15.477    (Y': 15.4712   Cb: 15.0443   Cr: 15.964  )
00000329: 15.6565   (Y': 15.8148   Cb: 15.0548   Cr: 16.1764 )
00000323: 15.6636   (Y': 15.532    Cb: 15.326    Cr: 16.1776 )
00000332: 15.6056   (Y': 15.5788   Cb: 15.1241   Cr: 16.1778 )
00000320: 15.415    (Y': 15.4077   Cb: 14.9977   Cr: 15.8851 )
00000334: 15.6504   (Y': 15.7011   Cb: 15.1482   Cr: 16.1613 )
00000326: 15.6676   (Y': 15.6905   Cb: 15.1977   Cr: 16.1689 )
00000327: 15.6806   (Y': 15.7137   Cb: 15.1951   Cr: 16.19   )
00000330: 15.6109   (Y': 15.8649   Cb: 15.0002   Cr: 16.0405 )
00000333: 15.6541   (Y': 15.628    Cb: 15.1739   Cr: 16.2238 )
00000335: 15.6908   (Y': 15.7726   Cb: 15.1997   Cr: 16.1535 )
00000336: 15.6692   (Y': 15.7642   Cb: 15.1567   Cr: 16.1444 )
00000343: 15.8377   (Y': 15.6212   Cb: 15.5167   Cr: 16.4319 )
00000341: 15.8748   (Y': 15.7243   Cb: 15.595    Cr: 16.341  )
00000350: 15.6765   (Y': 16.4021   Cb: 14.8698   Cr: 15.9005 )
00000337: 15.7799   (Y': 15.9612   Cb: 15.2731   Cr: 16.1556 )
00000346: 15.4838   (Y': 15.4526   Cb: 15.041    Cr: 16.0123 )
00000338: 15.8149   (Y': 15.9248   Cb: 15.3558   Cr: 16.2079 )
00000340: 15.9042   (Y': 15.7576   Cb: 15.6287   Cr: 16.3607 )
00000339: 15.9018   (Y': 15.8461   Cb: 15.5652   Cr: 16.3281 )
00000361: 15.4759   (Y': 15.527    Cb: 14.9409   Cr: 16.028  )
00000370: 16.0383   (Y': 15.6353   Cb: 15.8619   Cr: 16.6869 )
00000347: 15.4214   (Y': 15.6822   Cb: 14.8333   Cr: 15.8153 )
00000364: 15.3754   (Y': 15.38     Cb: 14.8393   Cr: 15.9819 )
00000345: 15.6249   (Y': 15.6553   Cb: 15.1673   Cr: 16.1025 )
00000344: 15.7718   (Y': 15.6704   Cb: 15.4026   Cr: 16.2896 )
00000348: 15.4581   (Y': 15.8332   Cb: 14.8044   Cr: 15.8188 )
00000351: 15.6882   (Y': 16.4036   Cb: 14.897    Cr: 15.9016 )
00000352: 15.5822   (Y': 16.2527   Cb: 14.7827   Cr: 15.8466 )
00000349: 15.664    (Y': 16.3102   Cb: 14.8829   Cr: 15.9272 )
00000342: 15.8678   (Y': 15.8514   Cb: 15.4976   Cr: 16.2905 )
00000354: 15.5146   (Y': 16.2826   Cb: 14.6766   Cr: 15.7406 )
00000358: 15.4727   (Y': 15.5736   Cb: 14.8844   Cr: 16.0382 )
00000357: 15.4362   (Y': 15.5677   Cb: 14.8176   Cr: 16.0076 )
00000353: 15.5065   (Y': 16.1367   Cb: 14.7066   Cr: 15.8084 )
00000372: 15.9767   (Y': 15.8713   Cb: 15.6482   Cr: 16.4495 )
00000359: 15.5166   (Y': 15.6067   Cb: 14.9164   Cr: 16.11   )
00000355: 15.4277   (Y': 15.8525   Cb: 14.6892   Cr: 15.8477 )
00000379: 15.8112   (Y': 16.2252   Cb: 15.099    Cr: 16.2078 )
00000356: 15.4437   (Y': 15.7224   Cb: 14.7531   Cr: 15.9506 )
00000367: 15.5995   (Y': 15.3473   Cb: 15.2571   Cr: 16.2639 )
00000360: 15.4771   (Y': 15.5273   Cb: 14.9252   Cr: 16.0522 )
00000368: 15.7766   (Y': 15.4916   Cb: 15.4795   Cr: 16.4247 )
00000362: 15.5015   (Y': 15.637    Cb: 14.9188   Cr: 16.0215 )
00000363: 15.3996   (Y': 15.4402   Cb: 14.8392   Cr: 15.9967 )
00000382: 15.636    (Y': 15.881    Cb: 14.9326   Cr: 16.1958 )
00000371: 16.0847   (Y': 15.9116   Cb: 15.8284   Cr: 16.5494 )
00000366: 15.3889   (Y': 15.1858   Cb: 14.952    Cr: 16.1138 )
00000381: 15.6599   (Y': 15.7583   Cb: 15.0394   Cr: 16.2708 )
00000373: 15.8595   (Y': 15.8865   Cb: 15.388    Cr: 16.3582 )
00000365: 15.3752   (Y': 15.2524   Cb: 14.8974   Cr: 16.0556 )
00000375: 15.4708   (Y': 15.8398   Cb: 14.7766   Cr: 15.8894 )
00000369: 15.9498   (Y': 15.4605   Cb: 15.8129   Cr: 16.6621 )
00000377: 15.6567   (Y': 16.1281   Cb: 14.9174   Cr: 16.0315 )
00000374: 15.6812   (Y': 15.8985   Cb: 15.0844   Cr: 16.1317 )
00000383: 15.6167   (Y': 15.7153   Cb: 14.9798   Cr: 16.2492 )
00000378: 15.7208   (Y': 16.2831   Cb: 14.9325   Cr: 16.0715 )
00000380: 15.6896   (Y': 15.9483   Cb: 15.02     Cr: 16.1901 )
00000385: 15.6443   (Y': 15.8986   Cb: 14.9662   Cr: 16.1606 )
00000384: 15.6352   (Y': 15.7737   Cb: 14.9961   Cr: 16.2257 )
00000376: 15.5383   (Y': 15.9087   Cb: 14.8391   Cr: 15.9619 )
00000386: 15.6396   (Y': 15.8567   Cb: 14.9683   Cr: 16.1867 )
00000388: 15.4531   (Y': 15.6226   Cb: 14.8484   Cr: 15.9648 )
00000389: 15.348    (Y': 15.4279   Cb: 14.7792   Cr: 15.9116 )
00000387: 15.6017   (Y': 15.7152   Cb: 15.0204   Cr: 16.1443 )
00000391: 15.3974   (Y': 15.4833   Cb: 14.8824   Cr: 15.8856 )
00000390: 15.2942   (Y': 15.4113   Cb: 14.7264   Cr: 15.8152 )
00000393: 15.6756   (Y': 15.642    Cb: 15.3154   Cr: 16.1054 )
00000395: 16.0841   (Y': 15.8357   Cb: 15.9359   Cr: 16.5109 )
00000392: 15.4375   (Y': 15.4749   Cb: 15.001    Cr: 15.8813 )
00000394: 15.7855   (Y': 15.6531   Cb: 15.5425   Cr: 16.1878 )
00000396: 16.2607   (Y': 16.0169   Cb: 16.1801   Cr: 16.6063 )
00000397: 16.2862   (Y': 16.2707   Cb: 16.0796   Cr: 16.5194 )
00000399: 16.2133   (Y': 16.5836   Cb: 15.6938   Cr: 16.4148 )
00000398: 16.2196   (Y': 16.3955   Cb: 15.8805   Cr: 16.4037 )
00000401: 16.0372   (Y': 17.1873   Cb: 15.1305   Cr: 16.0351 )
00000400: 16.0902   (Y': 16.797    Cb: 15.4079   Cr: 16.1776 )
00000407: 15.8129   (Y': 17.1382   Cb: 14.779    Cr: 15.8382 )
00000404: 15.9113   (Y': 17.2876   Cb: 14.897    Cr: 15.8746 )
00000410: 15.8856   (Y': 16.9068   Cb: 14.9217   Cr: 16.058  )
00000402: 16.0677   (Y': 17.2576   Cb: 15.1507   Cr: 16.0478 )
00000405: 15.8345   (Y': 17.3386   Cb: 14.7925   Cr: 15.7419 )
00000403: 15.9748   (Y': 17.3018   Cb: 15.0237   Cr: 15.8953 )
00000409: 15.9558   (Y': 17.0531   Cb: 14.9612   Cr: 16.1064 )
00000406: 15.8333   (Y': 17.434    Cb: 14.7432   Cr: 15.7349 )
00000411: 15.8577   (Y': 16.5474   Cb: 14.9971   Cr: 16.1838 )
00000414: 15.7183   (Y': 15.9118   Cb: 15.1034   Cr: 16.2173 )
00000408: 15.8307   (Y': 17.1011   Cb: 14.8079   Cr: 15.8826 )
00000413: 15.6765   (Y': 15.8072   Cb: 15.0781   Cr: 16.2223 )
00000417: 15.6275   (Y': 15.9688   Cb: 14.9069   Cr: 16.1089 )
00000412: 15.8594   (Y': 16.5496   Cb: 14.9944   Cr: 16.1906 )
00000416: 15.5883   (Y': 15.9716   Cb: 14.8613   Cr: 16.0349 )
00000415: 15.5634   (Y': 16.0637   Cb: 14.8261   Cr: 15.9077 )
00000429: 15.7264   (Y': 15.3482   Cb: 15.3535   Cr: 16.5916 )
00000419: 15.5303   (Y': 15.9186   Cb: 14.7807   Cr: 16.0017 )
00000418: 15.5889   (Y': 15.9867   Cb: 14.8462   Cr: 16.0417 )
00000422: 15.6369   (Y': 16.1592   Cb: 14.8538   Cr: 16.0192 )
00000420: 15.586    (Y': 15.9839   Cb: 14.8507   Cr: 16.0288 )
00000433: 15.9337   (Y': 15.4535   Cb: 15.5839   Cr: 16.907  )
00000431: 15.7489   (Y': 15.3555   Cb: 15.3239   Cr: 16.7051 )
00000421: 15.5422   (Y': 15.9148   Cb: 14.8262   Cr: 15.9854 )
00000434: 15.9616   (Y': 15.6024   Cb: 15.525    Cr: 16.8874 )
00000424: 15.5134   (Y': 15.4733   Cb: 14.9273   Cr: 16.2384 )
00000423: 15.5693   (Y': 15.5817   Cb: 14.9576   Cr: 16.2668 )
00000428: 15.967    (Y': 15.4646   Cb: 15.6883   Cr: 16.8765 )
00000425: 15.7839   (Y': 15.5146   Cb: 15.3251   Cr: 16.6216 )
00000427: 15.9198   (Y': 15.4202   Cb: 15.6527   Cr: 16.8101 )
00000430: 15.7404   (Y': 15.3249   Cb: 15.3817   Cr: 16.6367 )
00000426: 15.8575   (Y': 15.5021   Cb: 15.4626   Cr: 16.7217 )
00000432: 15.7361   (Y': 15.3259   Cb: 15.3248   Cr: 16.6964 )
00000437: 16.0319   (Y': 15.6884   Cb: 15.6035   Cr: 16.9254 )
00000435: 16.0352   (Y': 15.6368   Cb: 15.6326   Cr: 16.9676 )
00000436: 16.0018   (Y': 15.6321   Cb: 15.5886   Cr: 16.9095 )
00000438: 15.9854   (Y': 15.6647   Cb: 15.5415   Cr: 16.8698 )
00000439: 15.9044   (Y': 15.5504   Cb: 15.4503   Cr: 16.8472 )
00000440: 15.8546   (Y': 15.5437   Cb: 15.3786   Cr: 16.77   )
00000441: 15.6941   (Y': 15.4994   Cb: 15.1318   Cr: 16.5778 )
00000442: 15.658    (Y': 15.5522   Cb: 15.0532   Cr: 16.4887 )
00000444: 15.7027   (Y': 15.5213   Cb: 15.2152   Cr: 16.4673 )
00000443: 15.6818   (Y': 15.5622   Cb: 15.1432   Cr: 16.4387 )
00000445: 15.7105   (Y': 15.4647   Cb: 15.2363   Cr: 16.5386 )
00000446: 15.6947   (Y': 15.4395   Cb: 15.2119   Cr: 16.5465 )
00000447: 15.7805   (Y': 15.8061   Cb: 15.1397   Cr: 16.5021 )
00000448: 15.9099   (Y': 15.9993   Cb: 15.2478   Cr: 16.5866 )
00000450: 15.986    (Y': 15.987    Cb: 15.36     Cr: 16.7166 )
00000453: 15.9332   (Y': 16.1077   Cb: 15.3125   Cr: 16.4601 )
00000449: 16.0312   (Y': 15.9494   Cb: 15.4268   Cr: 16.8317 )
00000451: 16.1296   (Y': 16.2333   Cb: 15.4805   Cr: 16.7727 )
00000452: 16.1039   (Y': 16.2612   Cb: 15.4471   Cr: 16.6973 )
00000454: 15.9935   (Y': 16.033    Cb: 15.4494   Cr: 16.5706 )
00000455: 15.5892   (Y': 15.7841   Cb: 14.9187   Cr: 16.1596 )
00000458: 15.3295   (Y': 15.3915   Cb: 14.7269   Cr: 15.9574 )
00000456: 15.431    (Y': 15.7985   Cb: 14.6819   Cr: 15.9229 )
00000482: 16.0611   (Y': 15.9419   Cb: 15.3662   Cr: 17.0375 )
00000460: 15.2622   (Y': 15.4066   Cb: 14.6019   Cr: 15.8747 )
00000459: 15.3194   (Y': 15.3965   Cb: 14.7068   Cr: 15.9437 )
00000461: 15.2111   (Y': 15.4188   Cb: 14.4979   Cr: 15.8249 )
00000457: 15.4402   (Y': 15.5354   Cb: 14.7894   Cr: 16.0952 )
00000462: 15.2627   (Y': 15.4182   Cb: 14.5632   Cr: 15.9157 )
00000484: 15.8893   (Y': 15.6266   Cb: 15.222    Cr: 17.0155 )
00000463: 15.32     (Y': 15.4651   Cb: 14.6299   Cr: 15.9719 )
00000464: 15.3533   (Y': 15.546    Cb: 14.6341   Cr: 15.9916 )
00000465: 15.4993   (Y': 15.697    Cb: 14.8243   Cr: 16.0725 )
00000466: 15.5225   (Y': 15.7545   Cb: 14.8138   Cr: 16.1036 )
00000467: 15.6669   (Y': 15.8902   Cb: 14.9669   Cr: 16.2459 )
00000470: 15.8166   (Y': 15.9098   Cb: 15.1434   Cr: 16.5043 )
00000469: 15.8414   (Y': 16.0739   Cb: 15.1319   Cr: 16.423  )
00000471: 15.774    (Y': 15.7994   Cb: 15.0707   Cr: 16.583  )
00000474: 15.9197   (Y': 16.3213   Cb: 15.0369   Cr: 16.5601 )
00000473: 15.8853   (Y': 16.1097   Cb: 15.0785   Cr: 16.6104 )
00000468: 15.7104   (Y': 15.9352   Cb: 15.0093   Cr: 16.2893 )
00000476: 16.0471   (Y': 16.3409   Cb: 15.1831   Cr: 16.7771 )
00000479: 16.06     (Y': 16.4156   Cb: 15.1439   Cr: 16.7976 )
00000475: 15.9581   (Y': 16.2627   Cb: 15.0977   Cr: 16.671  )
00000480: 16.0942   (Y': 16.2872   Cb: 15.2402   Cr: 16.9236 )
00000481: 16.0213   (Y': 16.0285   Cb: 15.2582   Cr: 16.9388 )
00000486: 16.1569   (Y': 16.0553   Cb: 15.4346   Cr: 17.1511 )
00000472: 15.8305   (Y': 15.8206   Cb: 15.1341   Cr: 16.6722 )
00000477: 16.1035   (Y': 16.4023   Cb: 15.2064   Cr: 16.876  )
00000487: 16.2922   (Y': 16.0665   Cb: 15.6673   Cr: 17.3056 )
00000478: 16.091    (Y': 16.3159   Cb: 15.2221   Cr: 16.9054 )
00000488: 16.3239   (Y': 15.898    Cb: 15.8297   Cr: 17.4228 )
00000491: 16.1509   (Y': 15.6324   Cb: 15.6347   Cr: 17.4178 )
00000494: 16.3151   (Y': 15.9406   Cb: 15.7386   Cr: 17.4616 )
00000492: 16.1397   (Y': 15.6207   Cb: 15.6341   Cr: 17.3913 )
00000483: 15.9635   (Y': 15.6907   Cb: 15.3004   Cr: 17.0977 )
00000493: 16.2116   (Y': 15.7702   Cb: 15.6844   Cr: 17.3809 )
00000490: 16.255    (Y': 15.6748   Cb: 15.8187   Cr: 17.4964 )
00000485: 16.0229   (Y': 16.1097   Cb: 15.1851   Cr: 16.9541 )
00000495: 16.3511   (Y': 15.9019   Cb: 15.7467   Cr: 17.6487 )
00000489: 16.2342   (Y': 15.6695   Cb: 15.8105   Cr: 17.4336 )
00000504: 16.2279   (Y': 15.6228   Cb: 15.7915   Cr: 17.5077 )
00000497: 16.0138   (Y': 15.5471   Cb: 15.3764   Cr: 17.3896 )
00000499: 15.8736   (Y': 15.4557   Cb: 15.2032   Cr: 17.2281 )
00000496: 16.2927   (Y': 15.9378   Cb: 15.6524   Cr: 17.5076 )
00000501: 16.0385   (Y': 15.666    Cb: 15.4094   Cr: 17.2613 )
00000498: 15.9628   (Y': 15.5096   Cb: 15.3042   Cr: 17.352  )
00000500: 15.894    (Y': 15.4183   Cb: 15.2887   Cr: 17.2332 )
00000509: 16.5007   (Y': 15.6023   Cb: 16.3071   Cr: 17.8996 )
00000502: 16.1393   (Y': 15.8243   Cb: 15.4948   Cr: 17.3038 )
00000503: 16.19     (Y': 15.6594   Cb: 15.7058   Cr: 17.4271 )
00000505: 16.1351   (Y': 15.3533   Cb: 15.7956   Cr: 17.5527 )
00000506: 16.1875   (Y': 15.423    Cb: 15.848    Cr: 17.5769 )
00000512: 16.4768   (Y': 15.5639   Cb: 16.3298   Cr: 17.834  )
00000511: 16.5445   (Y': 15.692    Cb: 16.3461   Cr: 17.8734 )
00000507: 16.2898   (Y': 15.4629   Cb: 16.0298   Cr: 17.6649 )
00000508: 16.2774   (Y': 15.5097   Cb: 15.9512   Cr: 17.6521 )
00000516: 16.6833   (Y': 15.8648   Cb: 16.4313   Cr: 18.0329 )
00000536: 16.3334   (Y': 15.398    Cb: 16.1666   Cr: 17.7569 )
00000510: 16.5016   (Y': 15.667    Cb: 16.2207   Cr: 17.9207 )
00000513: 16.4469   (Y': 15.6359   Cb: 16.1997   Cr: 17.7774 )
00000515: 16.4471   (Y': 15.708    Cb: 16.0656   Cr: 17.8578 )
00000518: 16.5166   (Y': 15.7074   Cb: 16.1227   Cr: 18.0639 )
00000521: 16.4913   (Y': 15.2607   Cb: 16.5067   Cr: 18.192  )
00000517: 16.5329   (Y': 15.7184   Cb: 16.1818   Cr: 18.0235 )
00000519: 16.7028   (Y': 15.4771   Cb: 16.726    Cr: 18.3825 )
00000520: 16.689    (Y': 15.4502   Cb: 16.7391   Cr: 18.3551 )
00000522: 16.3815   (Y': 15.2641   Cb: 16.2373   Cr: 18.1026 )
00000523: 16.4016   (Y': 15.3335   Cb: 16.2199   Cr: 18.0863 )
00000524: 16.2403   (Y': 15.2683   Cb: 16.0004   Cr: 17.837  )
00000514: 16.4803   (Y': 15.5662   Cb: 16.2457   Cr: 17.9663 )
00000529: 16.2422   (Y': 15.3996   Cb: 15.9146   Cr: 17.745  )
00000525: 16.1714   (Y': 15.2796   Cb: 15.8852   Cr: 17.6961 )
00000526: 16.1881   (Y': 15.2946   Cb: 15.9031   Cr: 17.7139 )
00000528: 16.2435   (Y': 15.4315   Cb: 15.9199   Cr: 17.6882 )
00000527: 16.2858   (Y': 15.4129   Cb: 16.0064   Cr: 17.7676 )
00000530: 16.2756   (Y': 15.3543   Cb: 16.0119   Cr: 17.8179 )
00000531: 16.2966   (Y': 15.4208   Cb: 16.0025   Cr: 17.8057 )
00000532: 16.3206   (Y': 15.4321   Cb: 16.0419   Cr: 17.8285 )
00000541: 16.4332   (Y': 15.4986   Cb: 16.3224   Cr: 17.776  )
00000534: 16.3834   (Y': 15.508    Cb: 16.1617   Cr: 17.7843 )
00000537: 16.4081   (Y': 15.4898   Cb: 16.2761   Cr: 17.7532 )
00000533: 16.3426   (Y': 15.4288   Cb: 16.1356   Cr: 17.7874 )
00000535: 16.346    (Y': 15.4627   Cb: 16.1373   Cr: 17.7411 )
00000539: 16.4083   (Y': 15.3805   Cb: 16.3511   Cr: 17.8366 )
00000546: 16.2217   (Y': 15.3844   Cb: 15.9805   Cr: 17.5869 )
00000548: 16.1062   (Y': 15.3866   Cb: 15.7797   Cr: 17.4039 )
00000538: 16.3853   (Y': 15.4546   Cb: 16.2725   Cr: 17.7244 )
00000540: 16.3905   (Y': 15.4675   Cb: 16.2555   Cr: 17.7478 )
00000545: 16.2315   (Y': 15.3782   Cb: 15.998    Cr: 17.6121 )
00000542: 16.3469   (Y': 15.4666   Cb: 16.1544   Cr: 17.7138 )
00000543: 16.2996   (Y': 15.3751   Cb: 16.169    Cr: 17.6529 )
00000550: 16.2086   (Y': 15.3211   Cb: 16.0433   Cr: 17.549  )
00000547: 16.0544   (Y': 15.3765   Cb: 15.6843   Cr: 17.3496 )
00000544: 16.2342   (Y': 15.3376   Cb: 16.054    Cr: 17.6107 )
00000549: 16.1863   (Y': 15.3131   Cb: 15.9818   Cr: 17.5586 )
00000553: 16.0787   (Y': 15.0916   Cb: 15.9411   Cr: 17.5499 )
00000551: 16.3055   (Y': 15.3023   Cb: 16.1924   Cr: 17.7699 )
00000552: 16.201    (Y': 15.2699   Cb: 16.015    Cr: 17.6451 )
00000554: 16.0389   (Y': 15.108    Cb: 15.8757   Cr: 17.4496 )
00000556: 16.1049   (Y': 15.0442   Cb: 16.0466   Cr: 17.5932 )
00000555: 16.0594   (Y': 15.1034   Cb: 15.9764   Cr: 17.3996 )
00000557: 15.9726   (Y': 14.9056   Cb: 15.8402   Cr: 17.5804 )
00000558: 15.9604   (Y': 14.8931   Cb: 15.8082   Cr: 17.5988 )
00000559: 15.9411   (Y': 15.0232   Cb: 15.7266   Cr: 17.4041 )
00000560: 15.9332   (Y': 15.004    Cb: 15.7043   Cr: 17.4372 )
00000562: 16.1444   (Y': 15.3082   Cb: 15.8939   Cr: 17.521  )
00000561: 16.0457   (Y': 15.1887   Cb: 15.7913   Cr: 17.4633 )
00000563: 16.1545   (Y': 15.2073   Cb: 15.9853   Cr: 17.6021 )
00000564: 16.1192   (Y': 15.1911   Cb: 15.9447   Cr: 17.5414 )
00000565: 16.1018   (Y': 15.1138   Cb: 15.9119   Cr: 17.6517 )
00000566: 16.0498   (Y': 15.0338   Cb: 15.8439   Cr: 17.6748 )
00000567: 16.0745   (Y': 15.0606   Cb: 15.8023   Cr: 17.7982 )
00000568: 16.0983   (Y': 15.042    Cb: 15.9082   Cr: 17.774  )
00000571: 16.156    (Y': 15.1625   Cb: 15.9567   Cr: 17.7297 )
00000570: 16.1037   (Y': 15.0564   Cb: 15.9227   Cr: 17.7488 )
00000569: 16.067    (Y': 15.009    Cb: 15.8718   Cr: 17.7534 )
00000572: 16.1326   (Y': 15.0784   Cb: 15.9479   Cr: 17.796  )
00000573: 16.1682   (Y': 15.2139   Cb: 15.9071   Cr: 17.7654 )
00000574: 16.2174   (Y': 15.2368   Cb: 15.9666   Cr: 17.8463 )
00000575: 16.2939   (Y': 15.347    Cb: 15.9947   Cr: 17.9368 )
00000577: 16.207    (Y': 15.0977   Cb: 16.0637   Cr: 17.9109 )
00000576: 16.179    (Y': 15.1129   Cb: 15.9835   Cr: 17.8814 )
00000579: 16.1918   (Y': 15.2321   Cb: 16.0077   Cr: 17.6827 )
00000578: 16.1897   (Y': 15.2093   Cb: 15.9813   Cr: 17.7535 )
00000580: 16.241    (Y': 15.4397   Cb: 15.962    Cr: 17.6018 )
00000585: 16.5912   (Y': 15.4544   Cb: 16.7407   Cr: 17.9306 )
00000582: 16.0692   (Y': 15.4191   Cb: 15.6638   Cr: 17.3729 )
00000587: 16.3348   (Y': 16.1119   Cb: 15.8727   Cr: 17.1176 )
00000588: 16.1788   (Y': 16.1013   Cb: 15.6376   Cr: 16.8883 )
00000581: 16.1484   (Y': 15.4889   Cb: 15.7507   Cr: 17.4554 )
00000590: 16.5836   (Y': 16.1852   Cb: 16.2207   Cr: 17.4628 )
00000589: 16.4494   (Y': 16.1137   Cb: 16.0714   Cr: 17.2655 )
00000586: 16.7079   (Y': 15.9086   Cb: 16.5908   Cr: 17.8396 )
00000584: 16.2417   (Y': 15.2724   Cb: 16.1558   Cr: 17.6087 )
00000597: 15.4723   (Y': 15.8497   Cb: 14.6256   Cr: 16.0872 )
00000595: 15.882    (Y': 16.0019   Cb: 15.1284   Cr: 16.6507 )
00000583: 15.9705   (Y': 15.3356   Cb: 15.624    Cr: 17.1652 )
00000591: 16.3734   (Y': 15.9286   Cb: 16.0509   Cr: 17.2615 )
00000593: 16.2216   (Y': 15.9605   Cb: 15.6864   Cr: 17.1535 )
00000596: 15.7054   (Y': 15.9057   Cb: 14.9093   Cr: 16.4425 )
00000594: 16.1253   (Y': 16.0348   Cb: 15.4945   Cr: 16.9732 )
00000592: 16.3509   (Y': 16.1314   Cb: 15.857    Cr: 17.1721 )
Total: 16.0223   (Y': 15.7831   Cb: 15.4943   Cr: 16.9154 )
