00000001: 12.8278   (Y': 9.7681    Cb: 15.5472   Cr: 16.369  )
00000000: 12.7701   (Y': 9.70747   Cb: 15.4256   Cr: 16.4032 )
00000002: 12.8164   (Y': 9.73392   Cb: 15.6327   Cr: 16.3462 )
00000003: 12.811    (Y': 9.68429   Cb: 15.7025   Cr: 16.4581 )
00000004: 12.7779   (Y': 9.63534   Cb: 15.787    Cr: 16.3632 )
00000005: 12.8027   (Y': 9.66546   Cb: 15.7958   Cr: 16.3808 )
00000006: 12.7835   (Y': 9.62066   Cb: 15.8785   Cr: 16.3674 )
00000007: 12.8214   (Y': 9.6681    Cb: 15.8958   Cr: 16.3831 )
00000008: 12.7913   (Y': 9.65516   Cb: 15.7796   Cr: 16.3696 )
00000010: 12.8133   (Y': 9.67772   Cb: 15.8113   Cr: 16.3782 )
00000009: 12.8165   (Y': 9.65717   Cb: 15.8589   Cr: 16.4433 )
00000011: 12.7705   (Y': 9.61585   Cb: 15.7732   Cr: 16.4204 )
00000013: 12.7273   (Y': 9.53131   Cb: 15.7823   Cr: 16.5179 )
00000012: 12.7834   (Y': 9.60021   Cb: 15.8376   Cr: 16.5121 )
00000016: 12.7592   (Y': 9.59813   Cb: 15.6886   Cr: 16.5271 )
00000015: 12.7609   (Y': 9.60967   Cb: 15.636    Cr: 16.5468 )
00000014: 12.7577   (Y': 9.57889   Cb: 15.8041   Cr: 16.4734 )
00000018: 12.7357   (Y': 9.58542   Cb: 15.562    Cr: 16.5777 )
00000017: 12.7783   (Y': 9.6401    Cb: 15.6615   Cr: 16.4905 )
00000019: 12.8065   (Y': 9.66221   Cb: 15.7105   Cr: 16.5233 )
00000023: 12.9128   (Y': 9.84797   Cb: 15.5806   Cr: 16.541  )
00000020: 12.8073   (Y': 9.63728   Cb: 15.6998   Cr: 16.6655 )
00000022: 12.8459   (Y': 9.76821   Cb: 15.5846   Cr: 16.4463 )
00000021: 12.8036   (Y': 9.67503   Cb: 15.6085   Cr: 16.5654 )
00000026: 13.2783   (Y': 10.2505   Cb: 15.9856   Cr: 16.6905 )
00000024: 13.0237   (Y': 9.95879   Cb: 15.7586   Cr: 16.57   )
00000025: 13.1116   (Y': 10.0649   Cb: 15.8504   Cr: 16.5707 )
00000030: 13.2565   (Y': 10.1942   Cb: 15.9644   Cr: 16.8232 )
00000029: 13.3936   (Y': 10.3024   Cb: 16.2213   Cr: 16.9498 )
00000028: 13.3984   (Y': 10.2802   Cb: 16.3266   Cr: 16.9625 )
00000027: 13.3245   (Y': 10.2506   Cb: 16.1058   Cr: 16.856  )
00000031: 13.1784   (Y': 10.141    Cb: 15.8661   Cr: 16.6567 )
00000032: 13.096    (Y': 10.0726   Cb: 15.7179   Cr: 16.5911 )
00000034: 12.9688   (Y': 9.94313   Cb: 15.5475   Cr: 16.5278 )
00000033: 13.0711   (Y': 10.0492   Cb: 15.69     Cr: 16.563  )
00000035: 13.0208   (Y': 9.97805   Cb: 15.5632   Cr: 16.7054 )
00000037: 13.2522   (Y': 10.2263   Cb: 15.7774   Cr: 16.8799 )
00000036: 13.12     (Y': 10.088    Cb: 15.6881   Cr: 16.7216 )
00000038: 13.413    (Y': 10.3935   Cb: 15.935    Cr: 17.0158 )
00000039: 13.4242   (Y': 10.4087   Cb: 15.9446   Cr: 17.01   )
00000040: 13.4888   (Y': 10.4358   Cb: 16.1863   Cr: 17.0259 )
00000041: 13.5453   (Y': 10.5074   Cb: 16.2391   Cr: 17.0184 )
00000043: 13.7091   (Y': 10.6333   Cb: 16.5017   Cr: 17.2359 )
00000042: 13.6303   (Y': 10.5777   Cb: 16.3068   Cr: 17.1907 )
00000048: 13.6371   (Y': 10.5874   Cb: 16.2794   Cr: 17.2266 )
00000044: 13.6449   (Y': 10.5584   Cb: 16.4482   Cr: 17.2084 )
00000046: 13.6693   (Y': 10.5922   Cb: 16.3514   Cr: 17.337  )
00000045: 13.6969   (Y': 10.6465   Cb: 16.3857   Cr: 17.2327 )
00000047: 13.6911   (Y': 10.6179   Cb: 16.3407   Cr: 17.3816 )
00000049: 13.6364   (Y': 10.59     Cb: 16.245    Cr: 17.2532 )
00000050: 13.5759   (Y': 10.5661   Cb: 16.1399   Cr: 17.0817 )
00000051: 13.5378   (Y': 10.4968   Cb: 16.2603   Cr: 16.9905 )
00000053: 13.5652   (Y': 10.5439   Cb: 16.1729   Cr: 17.0683 )
00000052: 13.5373   (Y': 10.4607   Cb: 16.1926   Cr: 17.2367 )
00000054: 13.5349   (Y': 10.465    Cb: 16.1734   Cr: 17.2239 )
00000056: 13.4706   (Y': 10.383    Cb: 16.1579   Cr: 17.1816 )
00000055: 13.5176   (Y': 10.4594   Cb: 16.1036   Cr: 17.2181 )
00000057: 13.4542   (Y': 10.4051   Cb: 16.1309   Cr: 16.9983 )
00000058: 13.421    (Y': 10.3965   Cb: 16.0181   Cr: 16.9516 )
00000059: 13.4159   (Y': 10.3983   Cb: 16.0603   Cr: 16.8583 )
00000060: 13.3915   (Y': 10.4039   Cb: 15.9992   Cr: 16.7468 )
00000061: 13.3196   (Y': 10.3442   Cb: 15.9002   Cr: 16.6546 )
00000063: 13.2953   (Y': 10.3004   Cb: 15.8741   Cr: 16.717  )
00000062: 13.2846   (Y': 10.3122   Cb: 15.9074   Cr: 16.5567 )
00000064: 13.2213   (Y': 10.2294   Cb: 15.7366   Cr: 16.7075 )
00000065: 13.237    (Y': 10.2861   Cb: 15.7155   Cr: 16.5902 )
00000066: 13.2322   (Y': 10.303    Cb: 15.7089   Cr: 16.4963 )
00000068: 13.1286   (Y': 10.2183   Cb: 15.7616   Cr: 16.1373 )
00000067: 13.2107   (Y': 10.2988   Cb: 15.7548   Cr: 16.3253 )
00000069: 13.1479   (Y': 10.2168   Cb: 15.7792   Cr: 16.2412 )
00000072: 12.9145   (Y': 10.0427   Cb: 15.4959   Cr: 15.8316 )
00000070: 12.9926   (Y': 10.0805   Cb: 15.5962   Cr: 16.041  )
00000071: 12.9502   (Y': 10.0261   Cb: 15.5768   Cr: 16.0207 )
00000074: 12.9187   (Y': 10.0646   Cb: 15.4707   Cr: 15.8004 )
00000073: 12.9328   (Y': 10.0247   Cb: 15.5654   Cr: 15.9339 )
00000075: 12.979    (Y': 10.1456   Cb: 15.5613   Cr: 15.7523 )
00000077: 12.9611   (Y': 10.133    Cb: 15.4112   Cr: 15.8572 )
00000076: 13.01     (Y': 10.1735   Cb: 15.5085   Cr: 15.8839 )
00000079: 12.8535   (Y': 10.013    Cb: 15.352    Cr: 15.7426 )
00000078: 12.8965   (Y': 10.076    Cb: 15.3175   Cr: 15.7964 )
00000080: 12.7847   (Y': 9.9441    Cb: 15.275    Cr: 15.6829 )
00000085: 12.7432   (Y': 9.82815   Cb: 15.2811   Cr: 15.8774 )
00000081: 12.7878   (Y': 9.96433   Cb: 15.2018   Cr: 15.7069 )
00000082: 12.7314   (Y': 9.88312   Cb: 15.2744   Cr: 15.601  )
00000086: 12.701    (Y': 9.81236   Cb: 15.1879   Cr: 15.7887 )
00000083: 12.6846   (Y': 9.80259   Cb: 15.2182   Cr: 15.6933 )
00000084: 12.7244   (Y': 9.80926   Cb: 15.3174   Cr: 15.7965 )
00000087: 12.6019   (Y': 9.71237   Cb: 15.0653   Cr: 15.7197 )
00000088: 12.5683   (Y': 9.65104   Cb: 15.1895   Cr: 15.6177 )
00000089: 12.5775   (Y': 9.63813   Cb: 15.1734   Cr: 15.7437 )
00000090: 12.5972   (Y': 9.61652   Cb: 15.2256   Cr: 15.8979 )
00000091: 12.5818   (Y': 9.57252   Cb: 15.2295   Cr: 15.9834 )
00000092: 12.5997   (Y': 9.62266   Cb: 15.2992   Cr: 15.8036 )
00000094: 12.9338   (Y': 10.0342   Cb: 15.4423   Cr: 16.0398 )
00000093: 12.6849   (Y': 9.74694   Cb: 15.2673   Cr: 15.8607 )
00000096: 13.0422   (Y': 10.1453   Cb: 15.4664   Cr: 16.2363 )
00000095: 12.9632   (Y': 10.0751   Cb: 15.4515   Cr: 16.0469 )
00000098: 13.0656   (Y': 10.0931   Cb: 15.6859   Cr: 16.3412 )
00000097: 13.0607   (Y': 10.138    Cb: 15.5428   Cr: 16.2909 )
00000100: 13.2543   (Y': 10.2266   Cb: 16.0635   Cr: 16.5491 )
00000101: 13.1624   (Y': 10.2489   Cb: 15.7138   Cr: 16.2751 )
00000102: 13.0934   (Y': 10.1589   Cb: 15.6351   Cr: 16.3026 )
00000099: 13.0672   (Y': 10.0433   Cb: 15.7877   Cr: 16.447  )
00000104: 12.8752   (Y': 9.87237   Cb: 15.4193   Cr: 16.3744 )
00000103: 13.065    (Y': 10.1394   Cb: 15.5495   Cr: 16.3047 )
00000106: 12.5583   (Y': 9.61609   Cb: 14.8847   Cr: 16.0667 )
00000107: 12.4733   (Y': 9.54063   Cb: 14.7251   Cr: 16.0385 )
00000105: 12.718    (Y': 9.70803   Cb: 15.1362   Cr: 16.4123 )
00000108: 12.4543   (Y': 9.40905   Cb: 14.8225   Cr: 16.3883 )
00000109: 12.5322   (Y': 9.49509   Cb: 14.9365   Cr: 16.3751 )
00000110: 12.8911   (Y': 9.81756   Cb: 15.2577   Cr: 16.9715 )
00000111: 13.0176   (Y': 10.0106   Cb: 15.2955   Cr: 16.8934 )
00000112: 13.2051   (Y': 10.3458   Cb: 15.2562   Cr: 16.7237 )
00000113: 13.0895   (Y': 10.2544   Cb: 15.1163   Cr: 16.538  )
00000114: 12.9044   (Y': 10.0166   Cb: 15.0168   Cr: 16.4621 )
00000115: 12.7879   (Y': 9.87597   Cb: 14.9641   Cr: 16.3644 )
00000116: 12.5482   (Y': 9.59433   Cb: 14.8625   Cr: 16.1246 )
00000117: 12.3898   (Y': 9.43748   Cb: 14.7353   Cr: 15.918  )
00000118: 12.4478   (Y': 9.56294   Cb: 14.757    Cr: 15.7327 )
00000119: 12.5511   (Y': 9.76836   Cb: 14.6595   Cr: 15.6788 )
00000120: 12.7158   (Y': 10.0004   Cb: 14.699    Cr: 15.7444 )
00000123: 13.3472   (Y': 10.4801   Cb: 15.8494   Cr: 16.3329 )
00000121: 12.8443   (Y': 10.0122   Cb: 15.0948   Cr: 15.9882 )
00000122: 13.2528   (Y': 10.4205   Cb: 15.7688   Cr: 16.0923 )
00000124: 12.7823   (Y': 10.1255   Cb: 14.8529   Cr: 15.4943 )
00000125: 12.4601   (Y': 9.7658    Cb: 14.482    Cr: 15.3625 )
00000126: 12.0952   (Y': 9.35732   Cb: 14.1276   Cr: 15.1461 )
00000128: 12.3767   (Y': 9.58534   Cb: 14.5906   Cr: 15.4069 )
00000127: 12.1912   (Y': 9.49718   Cb: 14.1548   Cr: 15.1651 )
00000129: 12.2153   (Y': 9.49171   Cb: 14.3536   Cr: 15.0836 )
00000131: 12.14     (Y': 9.51124   Cb: 14.0622   Cr: 14.9313 )
00000130: 12.0844   (Y': 9.43812   Cb: 14.1102   Cr: 14.8126 )
00000132: 12.0993   (Y': 9.41668   Cb: 14.0779   Cr: 15.0129 )
00000133: 12.2191   (Y': 9.4678    Cb: 14.3499   Cr: 15.199  )
00000134: 12.3207   (Y': 9.53574   Cb: 14.6353   Cr: 15.2086 )
00000135: 12.3494   (Y': 9.53804   Cb: 14.6679   Cr: 15.3322 )
00000136: 12.3895   (Y': 9.48994   Cb: 14.8252   Cr: 15.5803 )
00000137: 12.452    (Y': 9.52557   Cb: 14.9368   Cr: 15.6951 )
00000138: 12.4062   (Y': 9.46723   Cb: 14.9162   Cr: 15.6714 )
00000139: 12.2738   (Y': 9.32761   Cb: 14.8082   Cr: 15.5399 )
00000140: 12.2546   (Y': 9.32171   Cb: 14.6943   Cr: 15.5789 )
00000141: 12.2256   (Y': 9.24179   Cb: 14.7729   Cr: 15.637  )
00000142: 12.2303   (Y': 9.24106   Cb: 14.7772   Cr: 15.666  )
00000143: 12.1112   (Y': 9.10689   Cb: 14.6688   Cr: 15.5999 )
00000144: 12.0922   (Y': 9.07232   Cb: 14.6945   Cr: 15.5958 )
00000145: 12.0919   (Y': 9.05232   Cb: 14.6764   Cr: 15.7073 )
00000146: 12.0422   (Y': 8.97239   Cb: 14.6056   Cr: 15.8281 )
00000147: 12.1048   (Y': 9.03791   Cb: 14.6838   Cr: 15.856  )
00000148: 12.0713   (Y': 8.94165   Cb: 14.7725   Cr: 15.9709 )
00000149: 12.0613   (Y': 8.91266   Cb: 14.7938   Cr: 16.0167 )
00000150: 11.7143   (Y': 8.46871   Cb: 14.6313   Cr: 15.9416 )
00000151: 11.7006   (Y': 8.41332   Cb: 14.7291   Cr: 16.0145 )
00000152: 11.5533   (Y': 8.30038   Cb: 14.4406   Cr: 15.8629 )
00000153: 11.5259   (Y': 8.27673   Cb: 14.3394   Cr: 15.9182 )
00000154: 11.3858   (Y': 8.15084   Cb: 14.1405   Cr: 15.7807 )
00000155: 11.3542   (Y': 8.12061   Cb: 14.1083   Cr: 15.7424 )
00000156: 11.3763   (Y': 8.15001   Cb: 14.1034   Cr: 15.761  )
00000157: 11.3523   (Y': 8.1553    Cb: 13.9731   Cr: 15.7266 )
00000158: 11.2942   (Y': 8.1593    Cb: 13.7897   Cr: 15.5093 )
00000160: 11.4342   (Y': 8.53886   Cb: 13.5037   Cr: 15.0865 )
00000159: 11.3258   (Y': 8.27812   Cb: 13.6466   Cr: 15.341  )
00000161: 11.4513   (Y': 8.59857   Cb: 13.4602   Cr: 15.0011 )
00000163: 11.3096   (Y': 8.51813   Cb: 13.1913   Cr: 14.7783 )
00000162: 11.3679   (Y': 8.5462    Cb: 13.2688   Cr: 14.9384 )
00000164: 11.1087   (Y': 8.35638   Cb: 12.9455   Cr: 14.4791 )
00000165: 11.0284   (Y': 8.33265   Cb: 12.7709   Cr: 14.3053 )
00000166: 10.7999   (Y': 8.18223   Cb: 12.4007   Cr: 13.9767 )
00000167: 10.705    (Y': 8.1034    Cb: 12.283    Cr: 13.8538 )
00000168: 10.5171   (Y': 8.05727   Cb: 11.835    Cr: 13.5286 )
00000169: 10.4088   (Y': 8.00439   Cb: 11.607    Cr: 13.4059 )
00000170: 10.2986   (Y': 7.93962   Cb: 11.4241   Cr: 13.25   )
00000171: 10.2757   (Y': 7.92038   Cb: 11.3837   Cr: 13.2414 )
00000172: 10.3001   (Y': 7.98915   Cb: 11.3988   Cr: 13.132  )
00000173: 10.4098   (Y': 8.14097   Cb: 11.4791   Cr: 13.1497 )
00000174: 10.5014   (Y': 8.21949   Cb: 11.5878   Cr: 13.2575 )
00000175: 10.5512   (Y': 8.25697   Cb: 11.6937   Cr: 13.2653 )
00000176: 10.6537   (Y': 8.37813   Cb: 11.7635   Cr: 13.3555 )
00000177: 10.6633   (Y': 8.34335   Cb: 11.8426   Cr: 13.4064 )
00000178: 10.6476   (Y': 8.34504   Cb: 11.7882   Cr: 13.3907 )
00000180: 10.7142   (Y': 8.39811   Cb: 11.9304   Cr: 13.3927 )
00000179: 10.6587   (Y': 8.34979   Cb: 11.852    Cr: 13.3468 )
00000181: 10.6847   (Y': 8.36425   Cb: 11.9084   Cr: 13.3664 )
00000182: 10.6745   (Y': 8.31826   Cb: 11.9839   Cr: 13.351  )
00000184: 10.5849   (Y': 8.19515   Cb: 11.9787   Cr: 13.2544 )
00000183: 10.6179   (Y': 8.24811   Cb: 11.9451   Cr: 13.3135 )
00000185: 10.5781   (Y': 8.16979   Cb: 11.9993   Cr: 13.2704 )
00000186: 10.7317   (Y': 8.32216   Cb: 12.1618   Cr: 13.4164 )
00000187: 10.7291   (Y': 8.34626   Cb: 12.0896   Cr: 13.4213 )
00000188: 10.7882   (Y': 8.38945   Cb: 12.2002   Cr: 13.4619 )
00000189: 10.8404   (Y': 8.41799   Cb: 12.2722   Cr: 13.5645 )
00000190: 10.9404   (Y': 8.54034   Cb: 12.387    Cr: 13.5729 )
00000191: 11.0303   (Y': 8.61382   Cb: 12.5282   Cr: 13.6482 )
00000192: 11.0135   (Y': 8.54058   Cb: 12.6468   Cr: 13.6396 )
00000193: 10.8889   (Y': 8.44951   Cb: 12.4529   Cr: 13.4951 )
00000195: 10.7933   (Y': 8.37598   Cb: 12.4422   Cr: 13.2259 )
00000194: 10.7613   (Y': 8.35039   Cb: 12.3694   Cr: 13.2235 )
00000196: 10.7706   (Y': 8.3687    Cb: 12.4472   Cr: 13.1236 )
00000197: 10.6751   (Y': 8.26599   Cb: 12.3792   Cr: 13.0175 )
00000198: 10.5432   (Y': 8.18395   Cb: 12.2046   Cr: 12.7887 )
00000199: 10.4757   (Y': 8.11665   Cb: 12.1056   Cr: 12.7569 )
00000200: 10.5952   (Y': 8.14314   Cb: 12.3651   Cr: 12.9914 )
00000201: 10.6572   (Y': 8.17072   Cb: 12.4593   Cr: 13.1224 )
00000202: 10.7334   (Y': 8.22845   Cb: 12.6434   Cr: 13.1329 )
00000203: 10.7471   (Y': 8.23271   Cb: 12.6829   Cr: 13.1469 )
00000204: 10.8431   (Y': 8.30068   Cb: 12.8543   Cr: 13.2469 )
00000205: 10.912    (Y': 8.33049   Cb: 12.9661   Cr: 13.3924 )
00000206: 10.9928   (Y': 8.35191   Cb: 13.0651   Cr: 13.6483 )
00000207: 11.1037   (Y': 8.46798   Cb: 13.2163   Cr: 13.6963 )
00000208: 11.1944   (Y': 8.53511   Cb: 13.3343   Cr: 13.8359 )
00000209: 11.2298   (Y': 8.59668   Cb: 13.3188   Cr: 13.8403 )
00000210: 11.3285   (Y': 8.65467   Cb: 13.5041   Cr: 13.9796 )
00000211: 11.4093   (Y': 8.67273   Cb: 13.6983   Cr: 14.1516 )
00000212: 11.433    (Y': 8.71407   Cb: 13.7583   Cr: 14.0739 )
00000213: 11.5104   (Y': 8.80147   Cb: 13.8342   Cr: 14.1191 )
00000214: 11.6771   (Y': 8.92989   Cb: 14.012    Cr: 14.4066 )
00000215: 11.7347   (Y': 8.94261   Cb: 14.1297   Cr: 14.5586 )
00000216: 11.818    (Y': 9.03933   Cb: 14.1247   Cr: 14.6921 )
00000217: 11.9189   (Y': 9.15318   Cb: 14.1753   Cr: 14.8033 )
00000218: 12.0292   (Y': 9.24943   Cb: 14.3205   Cr: 14.9246 )
00000219: 12.0358   (Y': 9.24699   Cb: 14.3517   Cr: 14.9366 )
00000220: 12.1223   (Y': 9.28117   Cb: 14.5628   Cr: 15.0783 )
00000221: 12.1496   (Y': 9.33152   Cb: 14.5396   Cr: 15.0756 )
00000222: 12.1457   (Y': 9.34123   Cb: 14.3818   Cr: 15.1994 )
00000223: 12.0542   (Y': 9.18739   Cb: 14.3474   Cr: 15.285  )
00000224: 12.0267   (Y': 9.11475   Cb: 14.4121   Cr: 15.3295 )
00000225: 12.0009   (Y': 9.0471    Cb: 14.3429   Cr: 15.5401 )
00000226: 12.0153   (Y': 9.0194    Cb: 14.4146   Cr: 15.6698 )
00000227: 12.0534   (Y': 9.05095   Cb: 14.3997   Cr: 15.8108 )
00000229: 11.9819   (Y': 8.88413   Cb: 14.4386   Cr: 16.0562 )
00000228: 11.9909   (Y': 8.90763   Cb: 14.4236   Cr: 16.0249 )
00000230: 11.9289   (Y': 8.73092   Cb: 14.5389   Cr: 16.3251 )
00000231: 12.0773   (Y': 8.88296   Cb: 14.6588   Cr: 16.4959 )
00000232: 12.1092   (Y': 8.88356   Cb: 14.7708   Cr: 16.588  )
00000233: 12.0739   (Y': 8.84706   Cb: 14.7557   Cr: 16.5292 )
00000234: 12.2813   (Y': 9.04809   Cb: 15.0275   Cr: 16.6787 )
00000235: 12.296    (Y': 9.06182   Cb: 15.0648   Cr: 16.6661 )
00000236: 12.4633   (Y': 9.29501   Cb: 15.1887   Cr: 16.5305 )
00000237: 12.5543   (Y': 9.45909   Cb: 15.13     Cr: 16.4493 )
00000238: 12.7836   (Y': 9.79938   Cb: 15.232    Cr: 16.3202 )
00000239: 12.9151   (Y': 9.98125   Cb: 15.2898   Cr: 16.3248 )
00000240: 12.966    (Y': 10.0806   Cb: 15.3074   Cr: 16.2134 )
00000241: 12.8755   (Y': 10.0107   Cb: 15.2538   Cr: 15.9952 )
00000242: 12.9139   (Y': 10.0074   Cb: 15.4415   Cr: 16.0254 )
00000244: 12.7563   (Y': 9.96121   Cb: 15.2816   Cr: 15.4514 )
00000243: 12.8853   (Y': 9.98367   Cb: 15.4581   Cr: 15.9264 )
00000245: 12.7522   (Y': 9.95537   Cb: 15.1678   Cr: 15.5707 )
00000246: 12.5685   (Y': 9.87479   Cb: 14.8467   Cr: 15.1744 )
00000248: 12.3855   (Y': 9.74308   Cb: 14.5216   Cr: 14.9746 )
00000247: 12.4956   (Y': 9.83291   Cb: 14.729    Cr: 15.0455 )
00000249: 12.3868   (Y': 9.77533   Cb: 14.5146   Cr: 14.8833 )
00000250: 12.2997   (Y': 9.69167   Cb: 14.3672   Cr: 14.8511 )
00000251: 12.3404   (Y': 9.72123   Cb: 14.4254   Cr: 14.9089 )
00000252: 12.3541   (Y': 9.79019   Cb: 14.323    Cr: 14.8732 )
00000253: 12.4214   (Y': 9.80097   Cb: 14.4437   Cr: 15.0657 )
00000254: 12.4424   (Y': 9.77202   Cb: 14.5472   Cr: 15.1614 )
00000255: 12.4981   (Y': 9.81198   Cb: 14.6223   Cr: 15.2497 )
00000256: 12.4651   (Y': 9.76946   Cb: 14.5306   Cr: 15.3197 )
00000257: 12.4022   (Y': 9.72422   Cb: 14.4064   Cr: 15.2677 )
00000258: 12.3978   (Y': 9.7319    Cb: 14.4458   Cr: 15.1675 )
00000259: 12.353    (Y': 9.63555   Cb: 14.436    Cr: 15.2655 )
00000260: 12.3273   (Y': 9.55988   Cb: 14.478    Cr: 15.3434 )
00000261: 12.3004   (Y': 9.49924   Cb: 14.4405   Cr: 15.4599 )
00000262: 12.2789   (Y': 9.40614   Cb: 14.5452   Cr: 15.5681 )
00000263: 12.3834   (Y': 9.54249   Cb: 14.6684   Cr: 15.5202 )
00000264: 12.4547   (Y': 9.60243   Cb: 14.7929   Cr: 15.5725 )
00000265: 12.4167   (Y': 9.54854   Cb: 14.7749   Cr: 15.5738 )
00000266: 12.4419   (Y': 9.56101   Cb: 14.7867   Cr: 15.6665 )
00000267: 12.4175   (Y': 9.54067   Cb: 14.7247   Cr: 15.6718 )
00000268: 12.4194   (Y': 9.51397   Cb: 14.7267   Cr: 15.7933 )
00000269: 12.4319   (Y': 9.55255   Cb: 14.6746   Cr: 15.7783 )
00000270: 12.4729   (Y': 9.55185   Cb: 14.6431   Cr: 16.098  )
00000271: 12.488    (Y': 9.5742    Cb: 14.6038   Cr: 16.1574 )
00000272: 12.5089   (Y': 9.54385   Cb: 14.6027   Cr: 16.4531 )
00000273: 12.5409   (Y': 9.58384   Cb: 14.5434   Cr: 16.5887 )
00000274: 12.505    (Y': 9.57134   Cb: 14.4702   Cr: 16.4956 )
00000275: 12.4982   (Y': 9.56016   Cb: 14.4645   Cr: 16.5086 )
00000276: 12.5357   (Y': 9.54801   Cb: 14.6239   Cr: 16.6014 )
00000277: 12.545    (Y': 9.58559   Cb: 14.5801   Cr: 16.5522 )
00000278: 12.5719   (Y': 9.65074   Cb: 14.5704   Cr: 16.45   )
00000279: 12.6513   (Y': 9.7332    Cb: 14.6429   Cr: 16.5252 )
00000280: 12.6996   (Y': 9.73532   Cb: 14.7604   Cr: 16.6912 )
00000281: 12.6952   (Y': 9.68929   Cb: 14.7922   Cr: 16.8403 )
00000282: 12.6256   (Y': 9.59619   Cb: 14.8112   Cr: 16.7529 )
00000283: 12.6411   (Y': 9.63774   Cb: 14.7822   Cr: 16.7035 )
00000284: 12.702    (Y': 9.70188   Cb: 14.8537   Cr: 16.7319 )
00000286: 12.6127   (Y': 9.54466   Cb: 14.8928   Cr: 16.7957 )
00000285: 12.6573   (Y': 9.6497    Cb: 14.8145   Cr: 16.7164 )
00000287: 12.6709   (Y': 9.59709   Cb: 15.0056   Cr: 16.8009 )
00000288: 12.7074   (Y': 9.62887   Cb: 15.0404   Cr: 16.8647 )
00000289: 12.7206   (Y': 9.64599   Cb: 15.0093   Cr: 16.9254 )
00000290: 12.7861   (Y': 9.70822   Cb: 15.0663   Cr: 17.0214 )
00000291: 12.7981   (Y': 9.74014   Cb: 15.0065   Cr: 17.0397 )
00000292: 12.9182   (Y': 9.87878   Cb: 15.1429   Cr: 17.0362 )
00000293: 13.0254   (Y': 9.97901   Cb: 15.3228   Cr: 17.0695 )
00000294: 13.1589   (Y': 10.1072   Cb: 15.402    Cr: 17.3131 )
00000295: 13.189    (Y': 10.1317   Cb: 15.4581   Cr: 17.3324 )
00000296: 13.2577   (Y': 10.1995   Cb: 15.5685   Cr: 17.3426 )
00000297: 13.2239   (Y': 10.2104   Cb: 15.465    Cr: 17.1852 )
00000298: 13.3205   (Y': 10.2829   Cb: 15.5553   Cr: 17.4135 )
00000300: 13.2646   (Y': 10.252    Cb: 15.5272   Cr: 17.1899 )
00000299: 13.3062   (Y': 10.2867   Cb: 15.5259   Cr: 17.3301 )
00000301: 13.1325   (Y': 10.0372   Cb: 15.4908   Cr: 17.3406 )
00000302: 13.1933   (Y': 10.1229   Cb: 15.4941   Cr: 17.3565 )
00000303: 13.2132   (Y': 10.1696   Cb: 15.4974   Cr: 17.2625 )
00000304: 13.2103   (Y': 10.1413   Cb: 15.5371   Cr: 17.3271 )
00000305: 13.1472   (Y': 10.0691   Cb: 15.482    Cr: 17.2995 )
00000306: 13.1464   (Y': 10.0411   Cb: 15.5497   Cr: 17.3398 )
00000307: 13.1917   (Y': 10.0862   Cb: 15.5762   Cr: 17.4153 )
00000308: 13.2183   (Y': 10.1108   Cb: 15.5726   Cr: 17.4994 )
00000309: 13.156    (Y': 10.0486   Cb: 15.4899   Cr: 17.4684 )
00000310: 13.1812   (Y': 10.0696   Cb: 15.5828   Cr: 17.4113 )
00000311: 13.1714   (Y': 10.0931   Cb: 15.4936   Cr: 17.3443 )
00000312: 13.1608   (Y': 10.0744   Cb: 15.412    Cr: 17.4887 )
00000313: 13.1395   (Y': 10.0458   Cb: 15.4147   Cr: 17.4694 )
00000314: 13.1649   (Y': 10.0966   Cb: 15.4587   Cr: 17.328  )
00000315: 13.1301   (Y': 10.1248   Cb: 15.4135   Cr: 16.99   )
00000316: 13.1433   (Y': 10.1686   Cb: 15.3323   Cr: 16.9919 )
00000317: 13.1473   (Y': 10.1701   Cb: 15.3983   Cr: 16.9187 )
00000318: 13.1225   (Y': 10.09     Cb: 15.393    Cr: 17.1357 )
00000319: 13.0774   (Y': 10.0907   Cb: 15.2867   Cr: 16.9544 )
00000320: 13.128    (Y': 10.1519   Cb: 15.3517   Cr: 16.9329 )
00000321: 13.0795   (Y': 10.129    Cb: 15.2346   Cr: 16.8623 )
00000322: 13.0695   (Y': 10.1024   Cb: 15.2377   Cr: 16.9122 )
00000323: 13.0653   (Y': 10.1302   Cb: 15.1835   Cr: 16.8295 )
00000324: 13.0118   (Y': 10.1059   Cb: 15.1153   Cr: 16.6633 )
00000325: 13.013    (Y': 10.0905   Cb: 15.074    Cr: 16.8026 )
00000326: 12.9604   (Y': 10.0575   Cb: 15.0111   Cr: 16.6741 )
00000327: 12.9724   (Y': 10.0902   Cb: 14.9776   Cr: 16.6588 )
00000328: 12.9503   (Y': 10.0861   Cb: 14.8981   Cr: 16.6398 )
00000329: 12.8703   (Y': 9.99811   Cb: 14.8088   Cr: 16.6104 )
00000330: 12.905    (Y': 10.0094   Cb: 14.9098   Cr: 16.6531 )
00000331: 12.9236   (Y': 10.0273   Cb: 14.9735   Cr: 16.6086 )
00000332: 12.9484   (Y': 10.0584   Cb: 14.9704   Cr: 16.6459 )
00000333: 12.9325   (Y': 10.0284   Cb: 14.9457   Cr: 16.7077 )
00000334: 12.9499   (Y': 10.0965   Cb: 14.9112   Cr: 16.5712 )
00000335: 12.9174   (Y': 10.0641   Cb: 14.9545   Cr: 16.4296 )
00000336: 12.9062   (Y': 9.99466   Cb: 14.9753   Cr: 16.6327 )
00000337: 12.9821   (Y': 10.113    Cb: 15.0266   Cr: 16.5526 )
00000338: 12.9321   (Y': 10.1141   Cb: 14.8936   Cr: 16.3993 )
00000339: 12.942    (Y': 10.1043   Cb: 14.9358   Cr: 16.4482 )
00000340: 13.1084   (Y': 10.2981   Cb: 15.0304   Cr: 16.5991 )
00000341: 13.09     (Y': 10.3174   Cb: 14.9376   Cr: 16.5292 )
00000342: 13.013    (Y': 10.2101   Cb: 14.8394   Cr: 16.6125 )
00000343: 13.0032   (Y': 10.2095   Cb: 14.793    Cr: 16.6178 )
00000344: 13.0228   (Y': 10.2011   Cb: 14.8524   Cr: 16.7    )
00000345: 13.0942   (Y': 10.2764   Cb: 14.8945   Cr: 16.7989 )
00000346: 13.1525   (Y': 10.3546   Cb: 14.9831   Cr: 16.7238 )
00000347: 13.147    (Y': 10.3179   Cb: 15.0316   Cr: 16.7742 )
00000348: 13.1556   (Y': 10.3329   Cb: 15.0309   Cr: 16.7682 )
00000349: 13.1785   (Y': 10.3244   Cb: 15.0273   Cr: 16.9737 )
00000350: 13.2191   (Y': 10.4234   Cb: 15.0165   Cr: 16.8311 )
00000351: 13.1807   (Y': 10.4229   Cb: 14.8998   Cr: 16.7476 )
00000353: 13.1471   (Y': 10.3926   Cb: 14.7619   Cr: 16.8635 )
00000352: 13.1703   (Y': 10.426    Cb: 14.7722   Cr: 16.8633 )
00000354: 13.0487   (Y': 10.2666   Cb: 14.7324   Cr: 16.7779 )
00000355: 13.0234   (Y': 10.2575   Cb: 14.7065   Cr: 16.6811 )
00000356: 12.874    (Y': 10.1091   Cb: 14.5288   Cr: 16.5727 )
00000357: 12.8129   (Y': 10.0552   Cb: 14.4374   Cr: 16.5279 )
00000358: 12.8354   (Y': 10.1215   Cb: 14.4281   Cr: 16.4108 )
00000361: 12.8594   (Y': 10.0814   Cb: 14.4972   Cr: 16.6438 )
00000359: 12.8764   (Y': 10.1492   Cb: 14.4504   Cr: 16.5393 )
00000362: 12.8789   (Y': 10.0737   Cb: 14.5994   Cr: 16.6531 )
00000360: 12.8707   (Y': 10.1046   Cb: 14.5037   Cr: 16.6099 )
00000363: 12.8547   (Y': 9.99914   Cb: 14.6969   Cr: 16.6665 )
00000364: 12.9358   (Y': 10.0658   Cb: 14.744    Cr: 16.8706 )
00000365: 12.931    (Y': 10.0627   Cb: 14.7574   Cr: 16.8278 )
00000366: 12.8956   (Y': 10.0452   Cb: 14.6997   Cr: 16.7442 )
00000367: 12.8495   (Y': 10.0112   Cb: 14.622    Cr: 16.6922 )
00000369: 12.8147   (Y': 10.0062   Cb: 14.5258   Cr: 16.6195 )
00000370: 12.7424   (Y': 9.94555   Cb: 14.4558   Cr: 16.4903 )
00000368: 12.7918   (Y': 9.96184   Cb: 14.5402   Cr: 16.6348 )
00000371: 12.6747   (Y': 9.85703   Cb: 14.397    Cr: 16.5032 )
00000373: 12.3528   (Y': 9.44836   Cb: 14.3257   Cr: 16.1905 )
00000372: 12.4015   (Y': 9.51025   Cb: 14.3577   Cr: 16.2031 )
00000374: 12.365    (Y': 9.44338   Cb: 14.3852   Cr: 16.212  )
00000375: 12.3834   (Y': 9.48314   Cb: 14.3293   Cr: 16.2435 )
00000378: 12.4066   (Y': 9.57775   Cb: 14.2443   Cr: 16.1037 )
00000377: 12.4221   (Y': 9.61905   Cb: 14.2345   Cr: 16.0431 )
00000376: 12.3792   (Y': 9.55521   Cb: 14.1848   Cr: 16.1042 )
00000379: 12.4906   (Y': 9.6257    Cb: 14.4716   Cr: 16.1347 )
00000380: 12.471    (Y': 9.62208   Cb: 14.4321   Cr: 16.073  )
00000381: 12.5255   (Y': 9.68194   Cb: 14.4581   Cr: 16.1458 )
00000382: 12.5392   (Y': 9.67472   Cb: 14.5059   Cr: 16.2026 )
00000383: 12.5245   (Y': 9.6521    Cb: 14.5228   Cr: 16.1767 )
00000385: 12.4969   (Y': 9.57416   Cb: 14.5844   Cr: 16.2481 )
00000384: 12.4959   (Y': 9.5754    Cb: 14.5927   Cr: 16.2238 )
00000386: 12.479    (Y': 9.63889   Cb: 14.434    Cr: 16.0513 )
00000387: 12.3848   (Y': 9.53721   Cb: 14.3552   Cr: 15.9676 )
00000388: 12.3494   (Y': 9.54464   Cb: 14.3207   Cr: 15.747  )
00000389: 12.382    (Y': 9.5747    Cb: 14.2922   Cr: 15.8768 )
00000390: 12.3024   (Y': 9.45653   Cb: 14.2903   Cr: 15.8525 )
00000391: 12.3377   (Y': 9.5147    Cb: 14.2601   Cr: 15.8826 )
00000392: 12.3113   (Y': 9.46657   Cb: 14.2323   Cr: 15.9538 )
00000393: 12.2996   (Y': 9.44577   Cb: 14.2158   Cr: 15.99   )
00000394: 12.3438   (Y': 9.49241   Cb: 14.3124   Cr: 15.9455 )
00000395: 12.4041   (Y': 9.5417    Cb: 14.3988   Cr: 16.0172 )
00000396: 12.6859   (Y': 9.93033   Cb: 14.3856   Cr: 16.273  )
00000397: 12.7791   (Y': 10.0706   Cb: 14.4055   Cr: 16.2798 )
00000398: 12.8591   (Y': 10.103    Cb: 14.6049   Cr: 16.3783 )
00000399: 12.919    (Y': 10.1753   Cb: 14.6487   Cr: 16.4101 )
00000400: 13.028    (Y': 10.3055   Cb: 14.6997   Cr: 16.5175 )
00000401: 13.1157   (Y': 10.4059   Cb: 14.7611   Cr: 16.5928 )
00000402: 13.1074   (Y': 10.3652   Cb: 14.9207   Cr: 16.4697 )
00000403: 13.0688   (Y': 10.3126   Cb: 14.8795   Cr: 16.493  )
00000404: 13.1523   (Y': 10.4332   Cb: 14.933    Cr: 16.4677 )
00000405: 13.1851   (Y': 10.5057   Cb: 14.8645   Cr: 16.4881 )
00000406: 13.216    (Y': 10.576    Cb: 14.9075   Cr: 16.3489 )
00000407: 13.1987   (Y': 10.5792   Cb: 14.8371   Cr: 16.329  )
00000408: 13.1771   (Y': 10.5309   Cb: 14.8795   Cr: 16.3187 )
00000409: 13.2011   (Y': 10.5586   Cb: 14.9195   Cr: 16.3066 )
00000410: 13.178    (Y': 10.5567   Cb: 14.8972   Cr: 16.2032 )
00000411: 13.1834   (Y': 10.5894   Cb: 14.9315   Cr: 16.0722 )
00000412: 13.1028   (Y': 10.5337   Cb: 14.7781   Cr: 15.9992 )
00000413: 13.0664   (Y': 10.5107   Cb: 14.7553   Cr: 15.8983 )
00000414: 13.0598   (Y': 10.5315   Cb: 14.8209   Cr: 15.7083 )
00000415: 12.9341   (Y': 10.3892   Cb: 14.7848   Cr: 15.5286 )
00000416: 13.0215   (Y': 10.4489   Cb: 14.9158   Cr: 15.6555 )
00000417: 12.9684   (Y': 10.4132   Cb: 14.8705   Cr: 15.5361 )
00000418: 12.8508   (Y': 10.271    Cb: 14.7655   Cr: 15.4846 )
00000419: 12.843    (Y': 10.2176   Cb: 14.7478   Cr: 15.644  )
00000420: 12.7907   (Y': 10.2076   Cb: 14.6312   Cr: 15.5248 )
00000421: 12.6967   (Y': 10.1747   Cb: 14.5255   Cr: 15.2434 )
00000422: 12.6012   (Y': 10.0365   Cb: 14.5128   Cr: 15.1889 )
00000423: 12.6087   (Y': 10.0361   Cb: 14.4949   Cr: 15.2525 )
00000424: 12.5468   (Y': 9.93717   Cb: 14.3488   Cr: 15.4213 )
00000425: 12.5591   (Y': 9.92961   Cb: 14.2703   Cr: 15.626  )
00000426: 12.4492   (Y': 9.78617   Cb: 14.117    Cr: 15.7046 )
00000427: 12.4012   (Y': 9.71197   Cb: 14.0705   Cr: 15.7578 )
00000428: 12.416    (Y': 9.74415   Cb: 13.9914   Cr: 15.8439 )
00000429: 12.4468   (Y': 9.78236   Cb: 14.0152   Cr: 15.8549 )
00000430: 12.5003   (Y': 9.84411   Cb: 14.0466   Cr: 15.9094 )
00000431: 12.5135   (Y': 9.82432   Cb: 14.047    Cr: 16.0787 )
00000432: 12.6013   (Y': 9.90581   Cb: 14.1349   Cr: 16.1926 )
00000434: 12.5452   (Y': 9.85673   Cb: 14.023    Cr: 16.198  )
00000433: 12.6084   (Y': 9.89399   Cb: 14.1335   Cr: 16.2953 )
00000435: 12.6213   (Y': 9.92118   Cb: 14.1401   Cr: 16.2566 )
00000436: 12.6571   (Y': 9.97061   Cb: 14.0931   Cr: 16.3707 )
00000437: 12.6817   (Y': 9.99561   Cb: 14.1112   Cr: 16.4046 )
00000438: 12.6447   (Y': 9.94977   Cb: 14.1009   Cr: 16.3611 )
00000439: 12.6706   (Y': 9.97683   Cb: 14.1271   Cr: 16.3818 )
00000442: 12.8678   (Y': 10.1912   Cb: 14.4143   Cr: 16.3598 )
00000441: 12.763    (Y': 10.087    Cb: 14.225    Cr: 16.388  )
00000440: 12.7362   (Y': 10.1077   Cb: 14.171    Cr: 16.2076 )
00000443: 12.9234   (Y': 10.2388   Cb: 14.5381   Cr: 16.3435 )
00000444: 12.9448   (Y': 10.2693   Cb: 14.4941   Cr: 16.4276 )
00000445: 12.8949   (Y': 10.1826   Cb: 14.4812   Cr: 16.4738 )
00000446: 12.8252   (Y': 10.1318   Cb: 14.4385   Cr: 16.2834 )
00000447: 12.4902   (Y': 9.84407   Cb: 13.9821   Cr: 15.943  )
00000448: 12.2778   (Y': 9.51965   Cb: 13.8573   Cr: 16.0688 )
00000449: 12.1911   (Y': 9.48521   Cb: 13.6655   Cr: 15.9252 )
00000450: 12.0396   (Y': 9.33106   Cb: 13.5056   Cr: 15.7997 )
00000451: 11.9624   (Y': 9.28905   Cb: 13.4075   Cr: 15.6042 )
00000452: 11.8986   (Y': 9.25084   Cb: 13.2983   Cr: 15.5069 )
00000453: 11.9447   (Y': 9.26447   Cb: 13.3002   Cr: 15.7695 )
00000454: 11.9616   (Y': 9.34043   Cb: 13.2495   Cr: 15.6468 )
00000455: 11.908    (Y': 9.26881   Cb: 13.2463   Cr: 15.5836 )
00000456: 11.8412   (Y': 9.25038   Cb: 13.1732   Cr: 15.326  )
00000458: 12.181    (Y': 9.53611   Cb: 13.5847   Cr: 15.7705 )
00000457: 11.9133   (Y': 9.31247   Cb: 13.219    Cr: 15.4824 )
00000459: 12.2471   (Y': 9.52867   Cb: 13.6516   Cr: 16.1587 )
00000460: 12.4359   (Y': 9.70214   Cb: 13.9431   Cr: 16.2385 )
00000461: 12.5652   (Y': 9.81187   Cb: 14.1498   Cr: 16.3262 )
00000462: 12.5373   (Y': 9.75733   Cb: 14.1915   Cr: 16.3043 )
00000463: 12.5388   (Y': 9.75744   Cb: 14.2089   Cr: 16.2864 )
00000466: 12.2094   (Y': 9.47889   Cb: 13.7455   Cr: 15.9494 )
00000465: 12.2734   (Y': 9.48205   Cb: 14.0251   Cr: 15.9362 )
00000464: 12.4332   (Y': 9.66367   Cb: 14.14     Cr: 16.0701 )
00000467: 12.1265   (Y': 9.38249   Cb: 13.6843   Cr: 15.8901 )
00000468: 12.0683   (Y': 9.28653   Cb: 13.6296   Cr: 15.9995 )
00000469: 12.1271   (Y': 9.37609   Cb: 13.6216   Cr: 16.0301 )
00000471: 12.1374   (Y': 9.38498   Cb: 13.5868   Cr: 16.1268 )
00000470: 12.1771   (Y': 9.39645   Cb: 13.6752   Cr: 16.2136 )
00000472: 12.1142   (Y': 9.35088   Cb: 13.5217   Cr: 16.2327 )
00000473: 12.1609   (Y': 9.47981   Cb: 13.4315   Cr: 16.1441 )
00000474: 12.2033   (Y': 9.54458   Cb: 13.4451   Cr: 16.1368 )
00000475: 12.1988   (Y': 9.49722   Cb: 13.5208   Cr: 16.1816 )
00000476: 12.3293   (Y': 9.65682   Cb: 13.6325   Cr: 16.213  )
00000477: 12.3821   (Y': 9.69157   Cb: 13.7577   Cr: 16.2178 )
00000478: 12.3596   (Y': 9.66462   Cb: 13.7317   Cr: 16.2214 )
00000480: 12.72     (Y': 10.1236   Cb: 14.0178   Cr: 16.2845 )
00000481: 12.777    (Y': 10.1958   Cb: 14.0927   Cr: 16.2495 )
00000479: 12.3695   (Y': 9.7135    Cb: 13.6815   Cr: 16.1639 )
00000482: 13.0561   (Y': 10.3941   Cb: 14.6173   Cr: 16.4657 )
00000483: 13.0182   (Y': 10.3206   Cb: 14.5546   Cr: 16.6148 )
00000484: 13.075    (Y': 10.4311   Cb: 14.4963   Cr: 16.6316 )
00000485: 13.094    (Y': 10.4142   Cb: 14.6459   Cr: 16.5908 )
00000489: 12.8323   (Y': 10.2172   Cb: 14.3273   Cr: 16.156  )
00000486: 12.9344   (Y': 10.3068   Cb: 14.4614   Cr: 16.2584 )
00000487: 12.8003   (Y': 10.1864   Cb: 14.2921   Cr: 16.124  )
00000488: 12.8825   (Y': 10.291    Cb: 14.2471   Cr: 16.3164 )
00000490: 12.781    (Y': 10.1591   Cb: 14.3199   Cr: 16.0644 )
00000491: 12.7541   (Y': 10.0456   Cb: 14.3291   Cr: 16.3353 )
00000492: 12.8931   (Y': 10.2398   Cb: 14.4723   Cr: 16.2407 )
00000493: 12.7303   (Y': 10.1569   Cb: 14.2188   Cr: 15.904  )
00000494: 12.5374   (Y': 9.95689   Cb: 14.0552   Cr: 15.6941 )
00000495: 12.6923   (Y': 10.0568   Cb: 14.2333   Cr: 16.0262 )
00000496: 12.6201   (Y': 9.97395   Cb: 14.1909   Cr: 15.9514 )
00000497: 12.6135   (Y': 10.0057   Cb: 14.1251   Cr: 15.8837 )
00000498: 12.3534   (Y': 9.77162   Cb: 13.8846   Cr: 15.4955 )
00000499: 12.4404   (Y': 9.89126   Cb: 13.873    Cr: 15.6059 )
00000500: 12.3707   (Y': 9.79255   Cb: 13.7313   Cr: 15.7586 )
00000501: 12.3786   (Y': 9.82271   Cb: 13.6756   Cr: 15.7806 )
00000502: 12.4834   (Y': 10.0209   Cb: 13.6732   Cr: 15.7016 )
00000503: 12.3332   (Y': 9.89138   Cb: 13.5163   Cr: 15.4865 )
00000506: 12.099    (Y': 9.63876   Cb: 13.2334   Cr: 15.3986 )
00000504: 12.0725   (Y': 9.64828   Cb: 13.3593   Cr: 15.006  )
00000505: 12.0073   (Y': 9.58302   Cb: 13.2262   Cr: 15.0423 )
00000508: 12.0366   (Y': 9.53463   Cb: 13.2635   Cr: 15.3434 )
00000507: 12.0648   (Y': 9.59201   Cb: 13.249    Cr: 15.3301 )
00000509: 11.9612   (Y': 9.45325   Cb: 13.1896   Cr: 15.2885 )
00000510: 11.9898   (Y': 9.48509   Cb: 13.1448   Cr: 15.4256 )
00000511: 11.9955   (Y': 9.45242   Cb: 13.0905   Cr: 15.6928 )
00000513: 11.9507   (Y': 9.42432   Cb: 13.0576   Cr: 15.5571 )
00000512: 11.8891   (Y': 9.35885   Cb: 12.9929   Cr: 15.5168 )
00000514: 12.0605   (Y': 9.52526   Cb: 13.1186   Cr: 15.7924 )
00000515: 12.0184   (Y': 9.49921   Cb: 13.0407   Cr: 15.749  )
00000516: 12.0129   (Y': 9.50959   Cb: 12.9812   Cr: 15.7781 )
00000517: 11.9999   (Y': 9.49638   Cb: 13.0339   Cr: 15.6439 )
00000519: 11.9783   (Y': 9.49105   Cb: 12.9892   Cr: 15.5976 )
00000518: 11.974    (Y': 9.47873   Cb: 12.9832   Cr: 15.6289 )
00000522: 11.9059   (Y': 9.42416   Cb: 12.9409   Cr: 15.4595 )
00000521: 11.903    (Y': 9.41936   Cb: 12.8986   Cr: 15.5351 )
00000520: 11.9822   (Y': 9.49872   Cb: 13.0071   Cr: 15.5609 )
00000523: 11.9161   (Y': 9.47075   Cb: 12.8608   Cr: 15.4872 )
00000524: 11.9883   (Y': 9.5552    Cb: 12.869    Cr: 15.6287 )
00000525: 12.0403   (Y': 9.59296   Cb: 12.9461   Cr: 15.6911 )
00000527: 12.1213   (Y': 9.61864   Cb: 13.1625   Cr: 15.7486 )
00000526: 12.1242   (Y': 9.61705   Cb: 13.1501   Cr: 15.7976 )
00000528: 12.2541   (Y': 9.76151   Cb: 13.3403   Cr: 15.7601 )
00000530: 12.2076   (Y': 9.70532   Cb: 13.3362   Cr: 15.6789 )
00000529: 12.2143   (Y': 9.70581   Cb: 13.3019   Cr: 15.7822 )
00000531: 12.1843   (Y': 9.71184   Cb: 13.31     Cr: 15.5444 )
00000532: 12.2265   (Y': 9.74042   Cb: 13.348    Cr: 15.6464 )
00000533: 12.2307   (Y': 9.78096   Cb: 13.3009   Cr: 15.5973 )
00000534: 12.214    (Y': 9.77522   Cb: 13.2749   Cr: 15.555  )
00000535: 12.2081   (Y': 9.77035   Cb: 13.265    Cr: 15.5516 )
00000536: 12.2205   (Y': 9.78058   Cb: 13.2481   Cr: 15.6226 )
00000537: 12.2238   (Y': 9.76773   Cb: 13.2233   Cr: 15.7385 )
00000538: 12.1301   (Y': 9.66875   Cb: 13.1398   Cr: 15.647  )
00000539: 12.1388   (Y': 9.67532   Cb: 13.1485   Cr: 15.6647 )
00000540: 12.1066   (Y': 9.70552   Cb: 13.0691   Cr: 15.4737 )
00000542: 11.9303   (Y': 9.60654   Cb: 12.8059   Cr: 15.163  )
00000541: 12.0214   (Y': 9.65365   Cb: 12.9265   Cr: 15.3641 )
00000543: 11.8862   (Y': 9.59205   Cb: 12.7462   Cr: 15.0406 )
00000545: 11.7552   (Y': 9.46769   Cb: 12.636    Cr: 14.8515 )
00000546: 11.8224   (Y': 9.49733   Cb: 12.7372   Cr: 14.9934 )
00000544: 11.7815   (Y': 9.50318   Cb: 12.6574   Cr: 14.8545 )
00000547: 11.7764   (Y': 9.45736   Cb: 12.6706   Cr: 14.9604 )
00000548: 11.7304   (Y': 9.3424    Cb: 12.7373   Cr: 14.9734 )
00000549: 11.7043   (Y': 9.25668   Cb: 12.8102   Cr: 15.0033 )
00000550: 11.7447   (Y': 9.34236   Cb: 12.8316   Cr: 14.9084 )
00000551: 11.7483   (Y': 9.32656   Cb: 12.835    Cr: 14.9825 )
00000552: 11.9055   (Y': 9.40975   Cb: 13.1202   Cr: 15.208  )
00000553: 11.9764   (Y': 9.44596   Cb: 13.2395   Cr: 15.3339 )
00000554: 12.0302   (Y': 9.5056    Cb: 13.2539   Cr: 15.4296 )
00000555: 11.9975   (Y': 9.50499   Cb: 13.1938   Cr: 15.3179 )
00000556: 12.0791   (Y': 9.62362   Cb: 13.2058   Cr: 15.373  )
00000557: 12.1494   (Y': 9.75446   Cb: 13.1451   Cr: 15.4368 )
00000559: 12.0582   (Y': 9.76515   Cb: 12.8772   Cr: 15.2792 )
00000558: 12.0013   (Y': 9.64985   Cb: 12.9374   Cr: 15.2308 )
00000561: 12.0133   (Y': 9.71596   Cb: 12.9668   Cr: 15.0245 )
00000560: 12.0294   (Y': 9.72947   Cb: 12.9839   Cr: 15.0474 )
00000562: 11.9084   (Y': 9.56333   Cb: 12.8879   Cr: 15.0424 )
00000563: 11.9598   (Y': 9.60409   Cb: 12.9187   Cr: 15.166  )
00000564: 11.8037   (Y': 9.44291   Cb: 12.7357   Cr: 15.0737 )
00000565: 11.8429   (Y': 9.43679   Cb: 12.8223   Cr: 15.1995 )
00000566: 11.6369   (Y': 9.22775   Cb: 12.6577   Cr: 14.9343 )
00000567: 11.675    (Y': 9.23854   Cb: 12.7831   Cr: 14.929  )
00000568: 11.4905   (Y': 9.04027   Cb: 12.6235   Cr: 14.7546 )
00000569: 11.549    (Y': 9.09032   Cb: 12.6818   Cr: 14.8452 )
00000570: 11.7076   (Y': 9.26189   Cb: 12.8205   Cr: 14.9876 )
00000571: 11.7505   (Y': 9.31063   Cb: 12.8775   Cr: 14.9863 )
00000573: 11.8887   (Y': 9.44168   Cb: 12.9728   Cr: 15.222  )
00000572: 11.8607   (Y': 9.41964   Cb: 12.9647   Cr: 15.1383 )
00000575: 11.8933   (Y': 9.57024   Cb: 12.7383   Cr: 15.1769 )
00000574: 11.8731   (Y': 9.51832   Cb: 12.8109   Cr: 15.1116 )
00000577: 12.0304   (Y': 9.73245   Cb: 12.8511   Cr: 15.2657 )
00000576: 12.0322   (Y': 9.68329   Cb: 12.9492   Cr: 15.2846 )
00000581: 11.5837   (Y': 9.2803    Cb: 12.3461   Cr: 14.9427 )
00000579: 12.0226   (Y': 9.68379   Cb: 12.832    Cr: 15.4278 )
00000578: 12.1364   (Y': 9.82715   Cb: 12.9382   Cr: 15.4458 )
00000582: 11.5459   (Y': 9.27873   Cb: 12.2426   Cr: 14.8925 )
00000580: 11.7017   (Y': 9.40097   Cb: 12.4558   Cr: 15.0657 )
00000583: 11.4775   (Y': 9.2788    Cb: 12.0982   Cr: 14.719  )
00000584: 11.5307   (Y': 9.29194   Cb: 12.3081   Cr: 14.6336 )
Total: 12.3696   (Y': 9.61106   Cb: 14.2244   Cr: 15.7401 )
