00000000: 15.2011   (Y': 15.024    Cb: 14.7141   Cr: 15.9597 )
00000001: 15.2083   (Y': 15.0208   Cb: 14.7469   Cr: 15.9458 )
00000002: 15.1972   (Y': 14.9866   Cb: 14.7498   Cr: 15.9451 )
00000003: 15.1917   (Y': 14.9929   Cb: 14.7425   Cr: 15.9274 )
00000004: 15.198    (Y': 14.9761   Cb: 14.753    Cr: 15.9569 )
00000005: 15.1937   (Y': 14.9377   Cb: 14.7691   Cr: 15.9685 )
00000009: 15.1953   (Y': 14.9214   Cb: 14.7699   Cr: 15.994  )
00000011: 15.1799   (Y': 14.9037   Cb: 14.7593   Cr: 15.9754 )
00000010: 15.1914   (Y': 14.9288   Cb: 14.7437   Cr: 16.0054 )
00000007: 15.1965   (Y': 14.9371   Cb: 14.7503   Cr: 16.0046 )
00000015: 15.2007   (Y': 14.8861   Cb: 14.8205   Cr: 15.9924 )
00000014: 15.1944   (Y': 14.8773   Cb: 14.8023   Cr: 16.005  )
00000006: 15.2146   (Y': 14.9657   Cb: 14.7728   Cr: 16.0033 )
00000008: 15.1973   (Y': 14.9308   Cb: 14.7791   Cr: 15.9773 )
00000013: 15.1886   (Y': 14.8843   Cb: 14.7739   Cr: 16.0124 )
00000021: 15.2638   (Y': 14.9292   Cb: 14.9019   Cr: 16.0571 )
00000020: 15.2088   (Y': 14.8726   Cb: 14.8526   Cr: 15.9969 )
00000025: 15.8358   (Y': 15.4609   Cb: 15.6535   Cr: 16.4558 )
00000012: 15.1995   (Y': 14.9086   Cb: 14.788    Cr: 16.0019 )
00000017: 15.2074   (Y': 14.8481   Cb: 14.8402   Cr: 16.04   )
00000026: 15.9188   (Y': 15.559    Cb: 15.7452   Cr: 16.5095 )
00000018: 15.226    (Y': 14.875    Cb: 14.868    Cr: 16.0355 )
00000016: 15.2255   (Y': 14.9136   Cb: 14.8402   Cr: 16.0201 )
00000027: 16.0284   (Y': 15.6645   Cb: 15.8503   Cr: 16.6297 )
00000024: 15.6837   (Y': 15.335    Cb: 15.4541   Cr: 16.328  )
00000023: 15.6033   (Y': 15.2439   Cb: 15.3772   Cr: 16.2567 )
00000022: 15.3714   (Y': 15.0098   Cb: 15.0852   Cr: 16.1026 )
00000031: 16.2468   (Y': 15.9455   Cb: 16.1716   Cr: 16.6531 )
00000028: 16.096    (Y': 15.735    Cb: 15.9483   Cr: 16.6574 )
00000019: 15.205    (Y': 14.8556   Cb: 14.8453   Cr: 16.0147 )
00000033: 16.3427   (Y': 15.9391   Cb: 16.3037   Cr: 16.8312 )
00000037: 16.4551   (Y': 16.0781   Cb: 16.439    Cr: 16.8858 )
00000030: 16.163    (Y': 15.8762   Cb: 16.0388   Cr: 16.6076 )
00000035: 16.442    (Y': 15.9922   Cb: 16.4745   Cr: 16.9074 )
00000034: 16.3733   (Y': 15.9515   Cb: 16.3658   Cr: 16.8489 )
00000040: 16.2148   (Y': 16.037    Cb: 15.9502   Cr: 16.6948 )
00000041: 15.6403   (Y': 15.5147   Cb: 15.2155   Cr: 16.2556 )
00000038: 16.4678   (Y': 16.1003   Cb: 16.4433   Cr: 16.8961 )
00000036: 16.4606   (Y': 16.0441   Cb: 16.4707   Cr: 16.9103 )
00000042: 15.8372   (Y': 15.771    Cb: 15.4217   Cr: 16.3715 )
00000044: 15.4665   (Y': 15.3152   Cb: 15.0011   Cr: 16.1652 )
00000046: 15.5293   (Y': 15.2852   Cb: 15.1313   Cr: 16.2544 )
00000039: 16.517    (Y': 16.1735   Cb: 16.45     Cr: 16.9643 )
00000047: 15.4586   (Y': 15.1794   Cb: 15.0685   Cr: 16.2179 )
00000032: 16.2576   (Y': 15.9464   Cb: 16.1738   Cr: 16.6854 )
00000029: 16.1444   (Y': 15.8246   Cb: 16.0161   Cr: 16.633  )
00000043: 15.5132   (Y': 15.3616   Cb: 15.0381   Cr: 16.2247 )
00000045: 15.5173   (Y': 15.3081   Cb: 15.102    Cr: 16.2216 )
00000048: 15.5043   (Y': 15.2504   Cb: 15.1079   Cr: 16.2397 )
00000049: 15.5179   (Y': 15.2869   Cb: 15.1075   Cr: 16.243  )
00000053: 15.4281   (Y': 15.0637   Cb: 15.0454   Cr: 16.2881 )
00000051: 15.5373   (Y': 15.2252   Cb: 15.144    Cr: 16.3427 )
00000050: 15.5897   (Y': 15.3423   Cb: 15.1908   Cr: 16.3202 )
00000052: 15.5002   (Y': 15.1673   Cb: 15.1235   Cr: 16.3111 )
00000055: 15.4819   (Y': 15.1      Cb: 15.109    Cr: 16.352  )
00000065: 16.9063   (Y': 14.652    Cb: 18.2007   Cr: 19.2925 )
00000056: 15.4193   (Y': 14.9328   Cb: 15.0883   Cr: 16.3761 )
00000057: 15.3626   (Y': 14.565    Cb: 15.2122   Cr: 16.5364 )
00000061: 15.7094   (Y': 14.179    Cb: 16.0989   Cr: 17.4922 )
00000059: 15.4671   (Y': 14.3012   Cb: 15.5461   Cr: 16.9539 )
00000063: 16.1339   (Y': 14.246    Cb: 16.8899   Cr: 18.2431 )
00000058: 15.3665   (Y': 14.4504   Cb: 15.2744   Cr: 16.6525 )
00000066: 16.9851   (Y': 14.7423   Cb: 18.2923   Cr: 19.3218 )
00000054: 15.4177   (Y': 15.0349   Cb: 15.0464   Cr: 16.2868 )
00000060: 15.5393   (Y': 14.2601   Cb: 15.7072   Cr: 17.1169 )
00000064: 16.3471   (Y': 14.3488   Cb: 17.2595   Cr: 18.528  )
00000067: 17.0773   (Y': 14.8832   Cb: 18.302    Cr: 19.3805 )
00000068: 17.0938   (Y': 14.9905   Cb: 18.244    Cr: 19.2429 )
00000077: 17.2805   (Y': 15.4203   Cb: 18.1988   Cr: 19.1121 )
00000072: 17.2478   (Y': 15.391    Cb: 18.1791   Cr: 19.0557 )
00000062: 15.8305   (Y': 14.1865   Cb: 16.3345   Cr: 17.7054 )
00000078: 17.2587   (Y': 15.3942   Cb: 18.1451   Cr: 19.1399 )
00000076: 17.2657   (Y': 15.386    Cb: 18.2079   Cr: 19.1136 )
00000070: 17.2513   (Y': 15.3146   Cb: 18.2677   Cr: 19.1443 )
00000081: 17.2749   (Y': 15.3998   Cb: 18.177    Cr: 19.1618 )
00000069: 17.2204   (Y': 15.2213   Cb: 18.2792   Cr: 19.2149 )
00000075: 17.2628   (Y': 15.3815   Cb: 18.2077   Cr: 19.1111 )
00000073: 17.2587   (Y': 15.3796   Cb: 18.21     Cr: 19.0943 )
00000083: 24.3617   (Y': 21.4155   Cb: 27.4408   Cr: 27.0606 )
00000071: 17.2573   (Y': 15.3708   Cb: 18.2084   Cr: 19.1103 )
00000080: 17.2727   (Y': 15.4158   Cb: 18.1435   Cr: 19.156  )
00000082: 24.6266   (Y': 21.3129   Cb: 28.5441   Cr: 28.0984 )
00000085: 24.4675   (Y': 21.4536   Cb: 27.377    Cr: 27.5959 )
00000074: 17.2596   (Y': 15.3789   Cb: 18.2148   Cr: 19.0939 )
00000079: 17.2575   (Y': 15.3878   Cb: 18.1356   Cr: 19.1618 )
00000084: 24.4197   (Y': 21.405    Cb: 27.467    Cr: 27.4111 )
00000086: 24.5752   (Y': 21.5827   Cb: 27.4823   Cr: 27.6189 )
00000087: 24.6297   (Y': 21.6104   Cb: 27.3371   Cr: 28.0046 )
00000089: 24.6135   (Y': 21.5324   Cb: 27.5081   Cr: 28.0465 )
00000091: 24.6382   (Y': 21.5765   Cb: 27.5826   Cr: 27.9306 )
00000090: 24.5766   (Y': 21.5639   Cb: 27.3588   Cr: 27.8379 )
00000094: 17.2783   (Y': 15.4009   Cb: 18.1936   Cr: 19.1541 )
00000092: 17.2492   (Y': 15.3682   Cb: 18.2181   Cr: 19.0676 )
00000093: 17.2665   (Y': 15.3723   Cb: 18.1964   Cr: 19.1641 )
00000088: 24.5943   (Y': 21.6012   Cb: 27.4849   Cr: 27.6579 )
00000095: 17.2915   (Y': 15.4089   Cb: 18.1987   Cr: 19.1898 )
00000096: 17.2921   (Y': 15.4053   Cb: 18.211    Cr: 19.1858 )
00000100: 17.278    (Y': 15.4068   Cb: 18.1955   Cr: 19.1362 )
00000101: 17.2845   (Y': 15.4057   Cb: 18.2146   Cr: 19.1453 )
00000097: 17.2889   (Y': 15.4038   Cb: 18.2116   Cr: 19.174  )
00000099: 17.2796   (Y': 15.3905   Cb: 18.2171   Cr: 19.1555 )
00000104: 24.305    (Y': 21.3269   Cb: 27.4258   Cr: 27.0844 )
00000108: 24.5617   (Y': 21.5405   Cb: 27.3256   Cr: 27.8799 )
00000105: 24.4434   (Y': 21.4175   Cb: 27.4378   Cr: 27.5327 )
00000103: 24.3121   (Y': 21.3797   Cb: 27.266    Cr: 27.0774 )
00000106: 24.4633   (Y': 21.4189   Cb: 27.436    Cr: 27.6519 )
00000098: 17.2951   (Y': 15.4079   Cb: 18.2217   Cr: 19.1801 )
00000109: 24.6153   (Y': 21.5238   Cb: 27.7218   Cr: 27.8643 )
00000102: 17.2792   (Y': 15.4064   Cb: 18.2026   Cr: 19.134  )
00000107: 24.3637   (Y': 21.4573   Cb: 27.171    Cr: 27.1757 )
00000110: 24.5805   (Y': 21.4956   Cb: 27.5458   Cr: 27.952  )
00000111: 24.596    (Y': 21.4828   Cb: 27.6057   Cr: 28.0448 )
00000112: 24.5803   (Y': 21.4815   Cb: 27.6146   Cr: 27.9377 )
00000114: 24.5909   (Y': 21.4538   Cb: 27.6709   Cr: 28.0708 )
00000113: 24.5627   (Y': 21.4413   Cb: 27.6827   Cr: 27.9289 )
00000116: 24.5772   (Y': 21.4889   Cb: 27.512    Cr: 27.9973 )
00000115: 24.6045   (Y': 21.4743   Cb: 27.6774   Cr: 28.0612 )
00000118: 24.5944   (Y': 21.5002   Cb: 27.5144   Cr: 28.0577 )
00000117: 24.5879   (Y': 21.5002   Cb: 27.5137   Cr: 28.0155 )
00000120: 24.6221   (Y': 21.5366   Cb: 27.5162   Cr: 28.0755 )
00000119: 24.6008   (Y': 21.5094   Cb: 27.5146   Cr: 28.0581 )
00000121: 24.5943   (Y': 21.4953   Cb: 27.5148   Cr: 28.0787 )
00000123: 24.4591   (Y': 21.3371   Cb: 27.4764   Cr: 27.9393 )
00000124: 24.4196   (Y': 21.4199   Cb: 27.4458   Cr: 27.3719 )
00000122: 24.5943   (Y': 21.4952   Cb: 27.5148   Cr: 28.0794 )
00000126: 24.4982   (Y': 21.4439   Cb: 27.4118   Cr: 27.7924 )
00000128: 24.449    (Y': 21.3761   Cb: 27.4035   Cr: 27.7797 )
00000125: 24.4587   (Y': 21.4599   Cb: 27.1601   Cr: 27.7523 )
00000131: 24.5972   (Y': 21.5235   Cb: 27.438    Cr: 28.0587 )
00000127: 24.574    (Y': 21.4959   Cb: 27.614    Cr: 27.8353 )
00000130: 24.5117   (Y': 21.4301   Cb: 27.3618   Cr: 27.9976 )
00000139: 16.0183   (Y': 14.4914   Cb: 16.4757   Cr: 17.7019 )
00000132: 16.7066   (Y': 14.7367   Cb: 17.6647   Cr: 18.7548 )
00000135: 16.2663   (Y': 14.7688   Cb: 16.664    Cr: 17.9683 )
00000129: 24.5205   (Y': 21.4411   Cb: 27.3386   Cr: 28.0342 )
00000136: 16.2029   (Y': 14.735    Cb: 16.5755   Cr: 17.8774 )
00000134: 16.356    (Y': 14.6995   Cb: 16.9316   Cr: 18.162  )
00000133: 16.4509   (Y': 14.652    Cb: 17.1699   Cr: 18.3931 )
00000142: 16.0337   (Y': 14.1082   Cb: 17.0797   Cr: 17.8637 )
00000137: 16.0844   (Y': 14.663    Cb: 16.397    Cr: 17.7452 )
00000141: 16.0105   (Y': 14.2035   Cb: 16.9765   Cr: 17.6635 )
00000138: 16.0432   (Y': 14.6106   Cb: 16.373    Cr: 17.7032 )
00000145: 16.1951   (Y': 13.9364   Cb: 17.3098   Cr: 18.8377 )
00000143: 15.9069   (Y': 13.9579   Cb: 16.735    Cr: 18.0735 )
00000147: 16.458    (Y': 13.8791   Cb: 18.0457   Cr: 19.5088 )
00000140: 16.0192   (Y': 14.4331   Cb: 16.5781   Cr: 17.6945 )
00000146: 16.2461   (Y': 13.8402   Cb: 17.537    Cr: 19.1113 )
00000150: 19.2251   (Y': 15.7853   Cb: 22.7969   Cr: 23.7506 )
00000149: 17.8247   (Y': 14.6565   Cb: 20.5485   Cr: 21.8935 )
00000144: 15.9636   (Y': 13.9772   Cb: 16.7674   Cr: 18.2622 )
00000155: INF       (Y': INF       Cb: INF       Cr: INF     )
00000153: INF       (Y': INF       Cb: INF       Cr: INF     )
00000151: INF       (Y': INF       Cb: INF       Cr: INF     )
00000160: INF       (Y': INF       Cb: INF       Cr: INF     )
00000152: INF       (Y': INF       Cb: INF       Cr: INF     )
00000154: INF       (Y': INF       Cb: INF       Cr: INF     )
00000158: INF       (Y': INF       Cb: INF       Cr: INF     )
00000156: INF       (Y': INF       Cb: INF       Cr: INF     )
00000157: INF       (Y': INF       Cb: INF       Cr: INF     )
00000148: 16.7258   (Y': 13.9633   Cb: 18.6017   Cr: 20.0824 )
00000162: INF       (Y': INF       Cb: INF       Cr: INF     )
00000164: INF       (Y': INF       Cb: INF       Cr: INF     )
00000163: INF       (Y': INF       Cb: INF       Cr: INF     )
00000168: INF       (Y': INF       Cb: INF       Cr: INF     )
00000167: INF       (Y': INF       Cb: INF       Cr: INF     )
00000161: INF       (Y': INF       Cb: INF       Cr: INF     )
00000166: INF       (Y': INF       Cb: INF       Cr: INF     )
00000159: INF       (Y': INF       Cb: INF       Cr: INF     )
00000170: INF       (Y': INF       Cb: INF       Cr: INF     )
00000169: INF       (Y': INF       Cb: INF       Cr: INF     )
00000174: INF       (Y': INF       Cb: INF       Cr: INF     )
00000173: INF       (Y': INF       Cb: INF       Cr: INF     )
00000165: INF       (Y': INF       Cb: INF       Cr: INF     )
00000176: INF       (Y': INF       Cb: INF       Cr: INF     )
00000172: INF       (Y': INF       Cb: INF       Cr: INF     )
00000175: INF       (Y': INF       Cb: INF       Cr: INF     )
00000177: INF       (Y': INF       Cb: INF       Cr: INF     )
00000178: INF       (Y': INF       Cb: INF       Cr: INF     )
00000179: INF       (Y': INF       Cb: INF       Cr: INF     )
00000181: INF       (Y': INF       Cb: INF       Cr: INF     )
00000185: INF       (Y': INF       Cb: INF       Cr: INF     )
00000180: INF       (Y': INF       Cb: INF       Cr: INF     )
00000183: INF       (Y': INF       Cb: INF       Cr: INF     )
00000182: INF       (Y': INF       Cb: INF       Cr: INF     )
00000171: INF       (Y': INF       Cb: INF       Cr: INF     )
00000186: INF       (Y': INF       Cb: INF       Cr: INF     )
00000184: INF       (Y': INF       Cb: INF       Cr: INF     )
00000188: INF       (Y': INF       Cb: INF       Cr: INF     )
00000190: INF       (Y': INF       Cb: INF       Cr: INF     )
00000187: INF       (Y': INF       Cb: INF       Cr: INF     )
00000189: INF       (Y': INF       Cb: INF       Cr: INF     )
00000191: INF       (Y': INF       Cb: INF       Cr: INF     )
00000194: INF       (Y': INF       Cb: INF       Cr: INF     )
00000193: INF       (Y': INF       Cb: INF       Cr: INF     )
00000192: INF       (Y': INF       Cb: INF       Cr: INF     )
00000197: 14.8565   (Y': 14.2085   Cb: 14.2966   Cr: 16.3966 )
00000196: 19.2007   (Y': 17.2981   Cb: 19.9318   Cr: 21.3816 )
00000198: 14.3571   (Y': 14.3791   Cb: 13.466    Cr: 15.4511 )
00000199: 14.1998   (Y': 14.5256   Cb: 13.1921   Cr: 15.1088 )
00000200: 13.9693   (Y': 14.8149   Cb: 12.8126   Cr: 14.5655 )
00000201: 13.8467   (Y': 14.9436   Cb: 12.6423   Cr: 14.2869 )
00000202: 13.8388   (Y': 14.8722   Cb: 12.6696   Cr: 14.2829 )
00000203: 13.8599   (Y': 14.8521   Cb: 12.7137   Cr: 14.3066 )
00000195: INF       (Y': INF       Cb: INF       Cr: INF     )
00000205: 13.8607   (Y': 14.7702   Cb: 12.7418   Cr: 14.3422 )
00000206: 13.8794   (Y': 14.7312   Cb: 12.771    Cr: 14.3985 )
00000207: 13.8822   (Y': 14.7098   Cb: 12.7786   Cr: 14.4167 )
00000213: 13.8728   (Y': 14.527    Cb: 12.8331   Cr: 14.4808 )
00000212: 13.8703   (Y': 14.5474   Cb: 12.8173   Cr: 14.4753 )
00000210: 13.8785   (Y': 14.6116   Cb: 12.8201   Cr: 14.4367 )
00000211: 13.8717   (Y': 14.5843   Cb: 12.8139   Cr: 14.4488 )
00000204: 13.8624   (Y': 14.8013   Cb: 12.7396   Cr: 14.3231 )
00000208: 13.8764   (Y': 14.6644   Cb: 12.8027   Cr: 14.4046 )
00000209: 13.8701   (Y': 14.6212   Cb: 12.8086   Cr: 14.4157 )
00000214: 13.8733   (Y': 14.5288   Cb: 12.8255   Cr: 14.4918 )
00000215: 13.8741   (Y': 14.5332   Cb: 12.8233   Cr: 14.4935 )
00000216: 13.8819   (Y': 14.5232   Cb: 12.8479   Cr: 14.4943 )
00000217: 13.9081   (Y': 14.5462   Cb: 12.8626   Cr: 14.5405 )
00000218: 13.9177   (Y': 14.5619   Cb: 12.8735   Cr: 14.5423 )
00000220: 13.9326   (Y': 14.5516   Cb: 12.8873   Cr: 14.5839 )
00000219: 13.9119   (Y': 14.5503   Cb: 12.8605   Cr: 14.5529 )
00000221: 13.9658   (Y': 14.5773   Cb: 12.9318   Cr: 14.6081 )
00000222: 14.0391   (Y': 14.6044   Cb: 13.023    Cr: 14.7018 )
00000224: 14.0405   (Y': 14.5942   Cb: 13.0364   Cr: 14.6975 )
00000223: 14.0442   (Y': 14.6084   Cb: 13.0398   Cr: 14.6911 )
00000227: 14.0198   (Y': 14.5818   Cb: 13.0081   Cr: 14.6796 )
00000230: 14.0378   (Y': 14.5918   Cb: 13.0224   Cr: 14.7112 )
00000225: 14.0261   (Y': 14.5897   Cb: 13.0132   Cr: 14.6859 )
00000226: 14.0174   (Y': 14.5825   Cb: 13.0016   Cr: 14.6799 )
00000231: 14.0345   (Y': 14.5876   Cb: 13.0214   Cr: 14.7053 )
00000228: 14.0303   (Y': 14.5902   Cb: 13.0074   Cr: 14.7088 )
00000229: 14.0267   (Y': 14.5923   Cb: 13.0004   Cr: 14.7042 )
00000232: 14.0308   (Y': 14.5773   Cb: 13.0231   Cr: 14.7007 )
00000233: 14.0333   (Y': 14.6011   Cb: 13.0099   Cr: 14.7043 )
00000234: 14.0307   (Y': 14.6086   Cb: 13.0004   Cr: 14.7016 )
00000236: 14.0308   (Y': 14.5922   Cb: 13.0113   Cr: 14.7026 )
00000238: 14.0256   (Y': 14.6113   Cb: 12.995    Cr: 14.689  )
00000237: 14.025    (Y': 14.5981   Cb: 12.9967   Cr: 14.6977 )
00000235: 14.0387   (Y': 14.6135   Cb: 13.013    Cr: 14.706  )
00000240: 14.0136   (Y': 14.5822   Cb: 12.9923   Cr: 14.6808 )
00000243: 13.9997   (Y': 14.5986   Cb: 12.9762   Cr: 14.6394 )
00000239: 14.0165   (Y': 14.5852   Cb: 12.9992   Cr: 14.6778 )
00000241: 14.0102   (Y': 14.5787   Cb: 12.9935   Cr: 14.6706 )
00000244: 13.9853   (Y': 14.5858   Cb: 12.9494   Cr: 14.6416 )
00000245: 13.9786   (Y': 14.5779   Cb: 12.9542   Cr: 14.6191 )
00000247: 13.9985   (Y': 14.5739   Cb: 12.9833   Cr: 14.6496 )
00000248: 13.9963   (Y': 14.5964   Cb: 12.9538   Cr: 14.6627 )
00000242: 13.9943   (Y': 14.5909   Cb: 12.9639   Cr: 14.6464 )
00000250: 13.9829   (Y': 14.5263   Cb: 12.9783   Cr: 14.6512 )
00000249: 13.9963   (Y': 14.6033   Cb: 12.9615   Cr: 14.6443 )
00000251: 13.9855   (Y': 14.5338   Cb: 12.9745   Cr: 14.6583 )
00000253: 13.984    (Y': 14.5348   Cb: 12.9755   Cr: 14.6506 )
00000246: 14.0056   (Y': 14.6035   Cb: 12.9812   Cr: 14.6475 )
00000252: 13.9896   (Y': 14.5445   Cb: 12.9726   Cr: 14.6643 )
00000254: 13.9853   (Y': 14.5346   Cb: 12.9782   Cr: 14.6514 )
00000256: 13.9803   (Y': 14.5576   Cb: 12.95     Cr: 14.6517 )
00000258: 14.0012   (Y': 14.6248   Cb: 12.9653   Cr: 14.6341 )
00000255: 13.9889   (Y': 14.5399   Cb: 12.9787   Cr: 14.6577 )
00000259: 13.9994   (Y': 14.6423   Cb: 12.9538   Cr: 14.6274 )
00000257: 14.0058   (Y': 14.6129   Cb: 12.9702   Cr: 14.6548 )
00000261: 14.0128   (Y': 14.666    Cb: 12.9571   Cr: 14.6453 )
00000264: 14.504    (Y': 14.9078   Cb: 13.6015   Cr: 15.1702 )
00000263: 14.4129   (Y': 14.8222   Cb: 13.5127   Cr: 15.0696 )
00000277: 15.027    (Y': 15.1337   Cb: 14.2933   Cr: 15.783  )
00000260: 14.0037   (Y': 14.6461   Cb: 12.9511   Cr: 14.6423 )
00000262: 14.4163   (Y': 14.8644   Cb: 13.4889   Cr: 15.0715 )
00000269: 14.7691   (Y': 14.9699   Cb: 13.977    Cr: 15.5    )
00000265: 14.5657   (Y': 14.957    Cb: 13.6777   Cr: 15.2243 )
00000266: 14.6376   (Y': 14.9627   Cb: 13.7934   Cr: 15.3049 )
00000268: 14.7177   (Y': 14.9361   Cb: 13.9262   Cr: 15.428  )
00000274: 14.9704   (Y': 15.0853   Cb: 14.2341   Cr: 15.7205 )
00000273: 14.9419   (Y': 15.0614   Cb: 14.1994   Cr: 15.6956 )
00000267: 14.6481   (Y': 14.9292   Cb: 13.8248   Cr: 15.3337 )
00000270: 14.8309   (Y': 14.9913   Cb: 14.0617   Cr: 15.5751 )
00000284: 15.1806   (Y': 15.2577   Cb: 14.4674   Cr: 15.9424 )
00000276: 15.0099   (Y': 15.12     Cb: 14.2551   Cr: 15.7919 )
00000279: 15.0632   (Y': 15.167    Cb: 14.3462   Cr: 15.7992 )
00000271: 14.8458   (Y': 14.9683   Cb: 14.1007   Cr: 15.5997 )
00000275: 14.9908   (Y': 15.0883   Cb: 14.2576   Cr: 15.757  )
00000289: 15.2723   (Y': 15.3914   Cb: 14.5425   Cr: 16.0085 )
00000272: 14.8932   (Y': 15.0024   Cb: 14.1472   Cr: 15.6635 )
00000278: 15.0338   (Y': 15.1444   Cb: 14.3102   Cr: 15.7712 )
00000280: 15.082    (Y': 15.1825   Cb: 14.3399   Cr: 15.8571 )
00000281: 15.1071   (Y': 15.1929   Cb: 14.3885   Cr: 15.8664 )
00000286: 15.2284   (Y': 15.3759   Cb: 14.4712   Cr: 15.9706 )
00000291: 15.33     (Y': 15.3779   Cb: 14.6365   Cr: 16.0983 )
00000282: 15.1393   (Y': 15.2623   Cb: 14.404    Cr: 15.8789 )
00000283: 15.1594   (Y': 15.2409   Cb: 14.4445   Cr: 15.9185 )
00000293: 15.3414   (Y': 15.3346   Cb: 14.6568   Cr: 16.1626 )
00000285: 15.2062   (Y': 15.322    Cb: 14.482    Cr: 15.9385 )
00000288: 15.2508   (Y': 15.3871   Cb: 14.5031   Cr: 15.9926 )
00000292: 15.3157   (Y': 15.3216   Cb: 14.6356   Cr: 16.1156 )
00000287: 15.2191   (Y': 15.3494   Cb: 14.4666   Cr: 15.9745 )
00000305: 15.453    (Y': 15.5883   Cb: 14.7267   Cr: 16.1657 )
00000294: 15.3651   (Y': 15.3563   Cb: 14.6856   Cr: 16.1817 )
00000290: 15.3086   (Y': 15.3831   Cb: 14.5943   Cr: 16.0747 )
00000295: 15.3834   (Y': 15.3919   Cb: 14.6842   Cr: 16.2067 )
00000301: 15.4265   (Y': 15.4593   Cb: 14.7504   Cr: 16.1884 )
00000298: 15.3976   (Y': 15.3639   Cb: 14.7392   Cr: 16.2146 )
00000296: 15.3897   (Y': 15.3625   Cb: 14.7141   Cr: 16.2232 )
00000303: 15.4108   (Y': 15.5112   Cb: 14.6977   Cr: 16.1452 )
00000299: 15.3995   (Y': 15.3942   Cb: 14.7364   Cr: 16.1887 )
00000302: 15.4353   (Y': 15.4974   Cb: 14.7206   Cr: 16.2169 )
00000297: 15.4016   (Y': 15.388    Cb: 14.7371   Cr: 16.2026 )
00000307: 15.4632   (Y': 15.6153   Cb: 14.7223   Cr: 16.1773 )
00000304: 15.4342   (Y': 15.5533   Cb: 14.7044   Cr: 16.1705 )
00000300: 15.4255   (Y': 15.4429   Cb: 14.7282   Cr: 16.2355 )
00000308: 15.5355   (Y': 15.6692   Cb: 14.8056   Cr: 16.2552 )
00000309: 15.5862   (Y': 15.7043   Cb: 14.8815   Cr: 16.2884 )
00000311: 15.9389   (Y': 15.8196   Cb: 15.3736   Cr: 16.7316 )
00000306: 15.4226   (Y': 15.5557   Cb: 14.6845   Cr: 16.1544 )
00000313: 16.1091   (Y': 15.7897   Cb: 15.6805   Cr: 16.9711 )
00000312: 16.0535   (Y': 15.7542   Cb: 15.5979   Cr: 16.9259 )
00000314: 16.2294   (Y': 15.8569   Cb: 15.8496   Cr: 17.0963 )
00000315: 16.2135   (Y': 15.8901   Cb: 15.8052   Cr: 17.0535 )
00000325: 16.1875   (Y': 15.8312   Cb: 15.7509   Cr: 17.1096 )
00000310: 15.8851   (Y': 15.7988   Cb: 15.3335   Cr: 16.619  )
00000317: 16.1049   (Y': 16.0824   Cb: 15.5412   Cr: 16.7792 )
00000324: 16.1241   (Y': 15.8912   Cb: 15.6226   Cr: 16.9729 )
00000321: 15.6621   (Y': 15.9437   Cb: 14.9216   Cr: 16.2328 )
00000320: 15.6761   (Y': 15.9844   Cb: 14.9252   Cr: 16.2323 )
00000319: 15.8695   (Y': 16.0332   Cb: 15.1884   Cr: 16.4884 )
00000316: 16.0875   (Y': 15.993    Cb: 15.5481   Cr: 16.8152 )
00000318: 15.9697   (Y': 16.0452   Cb: 15.3215   Cr: 16.6436 )
00000326: 16.157    (Y': 15.6104   Cb: 15.8381   Cr: 17.1823 )
00000323: 15.9213   (Y': 15.9397   Cb: 15.3087   Cr: 16.6133 )
00000322: 15.7845   (Y': 15.9103   Cb: 15.1147   Cr: 16.4305 )
00000327: 16.0937   (Y': 15.454    Cb: 15.8215   Cr: 17.1917 )
00000328: 15.9225   (Y': 15.1911   Cb: 15.6694   Cr: 17.1341 )
00000329: 15.9294   (Y': 15.2037   Cb: 15.6805   Cr: 17.1263 )
00000330: 15.697    (Y': 15.1641   Cb: 15.3215   Cr: 16.7809 )
00000331: 15.7655   (Y': 15.2196   Cb: 15.3627   Cr: 16.9068 )
00000332: 15.6081   (Y': 15.1857   Cb: 15.1609   Cr: 16.6354 )
00000333: 15.5422   (Y': 15.1483   Cb: 15.1003   Cr: 16.5226 )
00000334: 15.5444   (Y': 15.1582   Cb: 15.1107   Cr: 16.5027 )
00000335: 15.5346   (Y': 15.1533   Cb: 15.1057   Cr: 16.4798 )
00000336: 15.5548   (Y': 15.1285   Cb: 15.1729   Cr: 16.4973 )
00000337: 15.535    (Y': 15.1485   Cb: 15.1429   Cr: 16.4372 )
00000339: 15.5365   (Y': 15.1686   Cb: 15.157    Cr: 16.397  )
00000338: 15.5232   (Y': 15.1888   Cb: 15.1122   Cr: 16.3816 )
00000340: 15.5104   (Y': 15.2506   Cb: 15.0869   Cr: 16.2888 )
00000342: 15.5044   (Y': 15.2617   Cb: 15.1411   Cr: 16.1834 )
00000341: 15.5102   (Y': 15.2878   Cb: 15.1162   Cr: 16.2033 )
00000343: 15.488    (Y': 15.2591   Cb: 15.1437   Cr: 16.1259 )
00000344: 15.2462   (Y': 14.7485   Cb: 15.0955   Cr: 15.9867 )
00000348: 15.2559   (Y': 14.868    Cb: 15.1001   Cr: 15.8604 )
00000345: 15.2202   (Y': 14.7704   Cb: 15.0485   Cr: 15.9232 )
00000347: 15.2616   (Y': 14.8633   Cb: 15.0895   Cr: 15.8988 )
00000349: 15.2086   (Y': 14.8482   Cb: 15.0475   Cr: 15.785  )
00000353: 15.4671   (Y': 15.4957   Cb: 15.1328   Cr: 15.7983 )
00000351: 15.1216   (Y': 14.7207   Cb: 15.0037   Cr: 15.6976 )
00000346: 15.2508   (Y': 14.8694   Cb: 15.0878   Cr: 15.8557 )
00000350: 15.1      (Y': 14.6887   Cb: 14.9928   Cr: 15.6765 )
00000354: 15.4998   (Y': 15.5232   Cb: 15.1753   Cr: 15.8253 )
00000352: 15.4119   (Y': 15.4701   Cb: 15.0424   Cr: 15.7529 )
00000356: 15.5077   (Y': 15.3088   Cb: 15.3075   Cr: 15.9369 )
00000355: 15.5548   (Y': 15.4794   Cb: 15.3117   Cr: 15.8938 )
00000357: 15.5188   (Y': 15.3564   Cb: 15.3111   Cr: 15.9144 )
00000360: 15.518    (Y': 15.455    Cb: 15.1739   Cr: 15.9614 )
00000358: 15.5176   (Y': 15.4236   Cb: 15.2559   Cr: 15.8985 )
00000361: 15.5329   (Y': 15.5165   Cb: 15.1487   Cr: 15.9726 )
00000362: 15.6184   (Y': 15.6033   Cb: 15.2219   Cr: 16.0714 )
00000365: 15.7859   (Y': 15.6344   Cb: 15.4639   Cr: 16.304  )
00000366: 15.8471   (Y': 15.8201   Cb: 15.4584   Cr: 16.304  )
00000364: 15.7687   (Y': 15.6567   Cb: 15.4159   Cr: 16.2785 )
00000367: 15.8678   (Y': 15.7914   Cb: 15.479    Cr: 16.3807 )
00000359: 15.5199   (Y': 15.4554   Cb: 15.192    Cr: 15.9456 )
00000368: 15.9046   (Y': 15.7997   Cb: 15.5175   Cr: 16.4483 )
00000371: 16.0694   (Y': 15.9296   Cb: 15.7749   Cr: 16.5407 )
00000370: 16.0598   (Y': 15.9898   Cb: 15.7098   Cr: 16.5183 )
00000369: 15.9767   (Y': 15.9088   Cb: 15.5866   Cr: 16.4817 )
00000373: 15.9884   (Y': 15.7385   Cb: 15.7195   Cr: 16.5591 )
00000363: 15.6886   (Y': 15.6426   Cb: 15.316    Cr: 16.1473 )
00000372: 16.055    (Y': 15.8055   Cb: 15.7705   Cr: 16.644  )
00000375: 15.7761   (Y': 15.5843   Cb: 15.4287   Cr: 16.3731 )
00000376: 15.7133   (Y': 15.534    Cb: 15.3774   Cr: 16.2811 )
00000377: 15.6629   (Y': 15.5881   Cb: 15.2433   Cr: 16.2122 )
00000378: 15.5846   (Y': 15.6573   Cb: 15.1144   Cr: 16.0312 )
00000374: 15.8936   (Y': 15.6821   Cb: 15.601    Cr: 16.4469 )
00000381: 15.7499   (Y': 16.3047   Cb: 15.072    Cr: 15.968  )
00000379: 15.6119   (Y': 15.7375   Cb: 15.1227   Cr: 16.0252 )
00000382: 15.7528   (Y': 16.4234   Cb: 15.0384   Cr: 15.9108 )
00000380: 15.6913   (Y': 16.0538   Cb: 15.0917   Cr: 15.9971 )
00000383: 15.6794   (Y': 16.4508   Cb: 14.8919   Cr: 15.8389 )
00000384: 15.665    (Y': 16.4697   Cb: 14.8985   Cr: 15.7701 )
00000386: 15.4118   (Y': 15.8246   Cb: 14.7372   Cr: 15.7616 )
00000385: 15.612    (Y': 16.4628   Cb: 14.7882   Cr: 15.7486 )
00000387: 15.3854   (Y': 15.7768   Cb: 14.7126   Cr: 15.7541 )
00000389: 15.3963   (Y': 15.7701   Cb: 14.7405   Cr: 15.7609 )
00000388: 15.3868   (Y': 15.7802   Cb: 14.712    Cr: 15.756  )
00000404: 15.7587   (Y': 16.0415   Cb: 15.1363   Cr: 16.1734 )
00000391: 15.499    (Y': 15.7252   Cb: 14.9531   Cr: 15.8762 )
00000394: 15.471    (Y': 15.3952   Cb: 15.1132   Cr: 15.9454 )
00000390: 15.4665   (Y': 15.6549   Cb: 14.9158   Cr: 15.8891 )
00000393: 15.4684   (Y': 15.4218   Cb: 15.0861   Cr: 15.9394 )
00000396: 15.5831   (Y': 15.4257   Cb: 15.2107   Cr: 16.17   )
00000399: 15.9768   (Y': 15.7257   Cb: 15.644    Cr: 16.6278 )
00000392: 15.5326   (Y': 15.5947   Cb: 15.0994   Cr: 15.9455 )
00000395: 15.512    (Y': 15.4318   Cb: 15.154    Cr: 15.9916 )
00000400: 16.0578   (Y': 15.8592   Cb: 15.7741   Cr: 16.5849 )
00000398: 15.8737   (Y': 15.7054   Cb: 15.4863   Cr: 16.4928 )
00000403: 15.9662   (Y': 16.1171   Cb: 15.444    Cr: 16.3929 )
00000397: 15.6589   (Y': 15.5233   Cb: 15.2338   Cr: 16.2866 )
00000402: 16.0996   (Y': 16.1894   Cb: 15.6259   Cr: 16.5319 )
00000401: 16.0854   (Y': 15.9592   Cb: 15.7528   Cr: 16.5869 )
00000406: 15.5292   (Y': 16.009    Cb: 14.7453   Cr: 15.9541 )
00000407: 15.5988   (Y': 16.0577   Cb: 14.8379   Cr: 16.0142 )
00000405: 15.6852   (Y': 15.984    Cb: 15.0483   Cr: 16.1018 )
00000410: 16.0134   (Y': 16.3567   Cb: 15.3094   Cr: 16.4709 )
00000408: 15.7619   (Y': 16.3107   Cb: 14.9247   Cr: 16.1903 )
00000409: 15.9896   (Y': 16.579    Cb: 15.1674   Cr: 16.3589 )
00000412: 16.0695   (Y': 16.1532   Cb: 15.4885   Cr: 16.6448 )
00000411: 16.0195   (Y': 16.1415   Cb: 15.4284   Cr: 16.5652 )
00000413: 15.9139   (Y': 16.0858   Cb: 15.272    Cr: 16.4714 )
00000414: 15.839    (Y': 15.9041   Cb: 15.2681   Cr: 16.4218 )
00000416: 15.6267   (Y': 15.5951   Cb: 15.0859   Cr: 16.2811 )
00000422: 15.5281   (Y': 15.6073   Cb: 15.0484   Cr: 15.9796 )
00000415: 15.7118   (Y': 15.711    Cb: 15.1509   Cr: 16.3572 )
00000420: 15.4361   (Y': 15.6203   Cb: 14.7854   Cr: 15.9919 )
00000418: 15.5188   (Y': 15.6107   Cb: 14.9057   Cr: 16.127  )
00000425: 15.9411   (Y': 15.7383   Cb: 15.7051   Cr: 16.4164 )
00000421: 15.4792   (Y': 15.6174   Cb: 14.9159   Cr: 15.9714 )
00000419: 15.4424   (Y': 15.5226   Cb: 14.8519   Cr: 16.0339 )
00000424: 15.8282   (Y': 15.6899   Cb: 15.5507   Cr: 16.2778 )
00000417: 15.6363   (Y': 15.699    Cb: 15.0486   Cr: 16.2441 )
00000431: 15.9138   (Y': 16.4363   Cb: 15.2328   Cr: 16.1659 )
00000426: 16.2521   (Y': 15.9817   Cb: 16.1443   Cr: 16.6589 )
00000423: 15.753    (Y': 15.662    Cb: 15.4466   Cr: 16.1831 )
00000430: 16.172    (Y': 16.916    Cb: 15.4378   Cr: 16.2897 )
00000433: 16.016    (Y': 16.9669   Cb: 15.1483   Cr: 16.1238 )
00000427: 16.3638   (Y': 16.1698   Cb: 16.2451   Cr: 16.6948 )
00000428: 16.325    (Y': 16.515    Cb: 15.9647   Cr: 16.5192 )
00000432: 16.0451   (Y': 16.9137   Cb: 15.1967   Cr: 16.1974 )
00000429: 16.3333   (Y': 16.6708   Cb: 15.8766   Cr: 16.4933 )
00000434: 16.0225   (Y': 17.0688   Cb: 15.0727   Cr: 16.1563 )
00000436: 15.9271   (Y': 17.2067   Cb: 14.8301   Cr: 16.069  )
00000435: 15.9543   (Y': 17.1677   Cb: 14.9185   Cr: 16.0669 )
00000437: 15.9519   (Y': 17.1319   Cb: 14.885    Cr: 16.1316 )
00000438: 15.94     (Y': 16.9102   Cb: 14.9184   Cr: 16.2319 )
00000439: 15.9487   (Y': 16.8139   Cb: 14.964    Cr: 16.282  )
00000441: 15.987    (Y': 16.5547   Cb: 15.1182   Cr: 16.4396 )
00000440: 15.9646   (Y': 16.671    Cb: 15.0665   Cr: 16.325  )
00000443: 15.8676   (Y': 16.1409   Cb: 15.1315   Cr: 16.4413 )
00000442: 15.9281   (Y': 16.3082   Cb: 15.1317   Cr: 16.4707 )
00000445: 15.6139   (Y': 15.2779   Cb: 15.1894   Cr: 16.4921 )
00000444: 15.8555   (Y': 15.8486   Cb: 15.2717   Cr: 16.538  )
00000446: 15.4901   (Y': 14.977    Cb: 15.1737   Cr: 16.4644 )
00000447: 15.5271   (Y': 15.106    Cb: 15.1333   Cr: 16.4785 )
00000450: 15.4975   (Y': 15.3224   Cb: 14.9662   Cr: 16.3133 )
00000449: 15.4996   (Y': 15.3185   Cb: 14.9695   Cr: 16.3214 )
00000453: 15.5834   (Y': 15.2467   Cb: 15.0817   Cr: 16.5692 )
00000448: 15.3804   (Y': 15.1817   Cb: 14.8713   Cr: 16.196  )
00000452: 15.62     (Y': 15.3031   Cb: 15.122    Cr: 16.5738 )
00000455: 15.6168   (Y': 15.1588   Cb: 15.1674   Cr: 16.6971 )
00000457: 15.4364   (Y': 14.7002   Cb: 15.145    Cr: 16.7098 )
00000451: 15.5585   (Y': 15.2739   Cb: 15.0586   Cr: 16.472  )
00000459: 15.3485   (Y': 14.4252   Cb: 15.2194   Cr: 16.6979 )
00000454: 15.4988   (Y': 15.1283   Cb: 15.0317   Cr: 16.4819 )
00000458: 15.4068   (Y': 14.5704   Cb: 15.2172   Cr: 16.6969 )
00000456: 15.8607   (Y': 15.8187   Cb: 15.1922   Cr: 16.7022 )
00000461: 15.2182   (Y': 14.2706   Cb: 15.1049   Cr: 16.5865 )
00000486: 15.9327   (Y': 16.1438   Cb: 15.2058   Cr: 16.5614 )
00000464: 15.0813   (Y': 13.8845   Cb: 15.1711   Cr: 16.6105 )
00000467: 15.9571   (Y': 15.7589   Cb: 15.4485   Cr: 16.7713 )
00000468: 15.8806   (Y': 15.8641   Cb: 15.3012   Cr: 16.5689 )
00000463: 15.0773   (Y': 14.0089   Cb: 15.0576   Cr: 16.5251 )
00000470: 15.5447   (Y': 14.9365   Cb: 15.2573   Cr: 16.6169 )
00000471: 15.6166   (Y': 15.0706   Cb: 15.276    Cr: 16.6707 )
00000460: 15.2186   (Y': 14.2889   Cb: 15.1227   Cr: 16.5322 )
00000465: 15.8365   (Y': 15.5598   Cb: 15.3333   Cr: 16.7445 )
00000472: 15.4849   (Y': 14.78     Cb: 15.219    Cr: 16.673  )
00000473: 15.4091   (Y': 14.5814   Cb: 15.2309   Cr: 16.6692 )
00000476: 15.8909   (Y': 15.7852   Cb: 15.302    Cr: 16.6995 )
00000469: 15.8921   (Y': 15.9932   Cb: 15.2475   Cr: 16.5319 )
00000466: 15.8445   (Y': 15.5526   Cb: 15.3715   Cr: 16.7307 )
00000462: 15.1392   (Y': 14.1578   Cb: 15.081    Cr: 16.4881 )
00000479: 15.9264   (Y': 15.7922   Cb: 15.3613   Cr: 16.7374 )
00000475: 15.3137   (Y': 14.4113   Cb: 15.1669   Cr: 16.6526 )
00000483: 16.1687   (Y': 16.3943   Cb: 15.4377   Cr: 16.7868 )
00000474: 15.3021   (Y': 14.4106   Cb: 15.1732   Cr: 16.5978 )
00000485: 16.0824   (Y': 16.3065   Cb: 15.3337   Cr: 16.7266 )
00000484: 16.0957   (Y': 16.378    Cb: 15.3164   Cr: 16.7187 )
00000482: 16.2174   (Y': 16.3104   Cb: 15.5522   Cr: 16.8943 )
00000480: 16.1427   (Y': 16.2966   Cb: 15.4296   Cr: 16.8162 )
00000481: 16.2292   (Y': 16.2575   Cb: 15.5675   Cr: 16.9765 )
00000477: 15.8897   (Y': 15.735    Cb: 15.3435   Cr: 16.7005 )
00000478: 15.8515   (Y': 15.714    Cb: 15.2772   Cr: 16.6793 )
00000487: 15.5399   (Y': 15.8467   Cb: 14.7176   Cr: 16.1963 )
00000488: 15.4782   (Y': 15.6585   Cb: 14.7357   Cr: 16.1626 )
00000491: 15.393    (Y': 15.4683   Cb: 14.7196   Cr: 16.1016 )
00000489: 15.4452   (Y': 15.4663   Cb: 14.7955   Cr: 16.1846 )
00000490: 15.4705   (Y': 15.505    Cb: 14.8187   Cr: 16.197  )
00000492: 15.3847   (Y': 15.4327   Cb: 14.7373   Cr: 16.0894 )
00000495: 15.3268   (Y': 15.4645   Cb: 14.5962   Cr: 16.0429 )
00000497: 15.3927   (Y': 15.5721   Cb: 14.6199   Cr: 16.1205 )
00000493: 15.3035   (Y': 15.379    Cb: 14.6273   Cr: 16.0158 )
00000496: 15.3326   (Y': 15.437    Cb: 14.6226   Cr: 16.0582 )
00000498: 15.4885   (Y': 15.768    Cb: 14.7054   Cr: 16.1197 )
00000499: 15.6867   (Y': 16.1018   Cb: 14.8632   Cr: 16.2303 )
00000494: 15.3257   (Y': 15.3639   Cb: 14.6683   Cr: 16.0555 )
00000500: 15.7113   (Y': 16.027    Cb: 14.9183   Cr: 16.3171 )
00000501: 15.9092   (Y': 16.1801   Cb: 15.131    Cr: 16.5429 )
00000502: 15.8418   (Y': 16.0358   Cb: 15.0914   Cr: 16.5219 )
00000504: 15.7642   (Y': 15.9407   Cb: 14.9643   Cr: 16.5341 )
00000503: 15.761    (Y': 15.8059   Cb: 15.0254   Cr: 16.5926 )
00000506: 15.8149   (Y': 15.9137   Cb: 15.0292   Cr: 16.6546 )
00000508: 15.8284   (Y': 15.7502   Cb: 15.0295   Cr: 16.9083 )
00000509: 15.8697   (Y': 15.7468   Cb: 15.156    Cr: 16.8787 )
00000510: 15.9129   (Y': 15.8497   Cb: 15.1561   Cr: 16.9092 )
00000505: 15.7219   (Y': 15.9511   Cb: 14.9066   Cr: 16.4539 )
00000513: 15.8078   (Y': 15.5187   Cb: 15.1686   Cr: 16.9281 )
00000511: 15.8902   (Y': 15.7492   Cb: 15.1989   Cr: 16.8897 )
00000515: 16.0391   (Y': 15.6032   Cb: 15.5198   Cr: 17.1891 )
00000514: 15.8318   (Y': 15.4409   Cb: 15.2555   Cr: 17.0014 )
00000516: 16.0743   (Y': 15.6052   Cb: 15.5645   Cr: 17.2584 )
00000517: 15.9634   (Y': 15.4604   Cb: 15.4443   Cr: 17.2113 )
00000512: 15.7794   (Y': 15.5153   Cb: 15.1581   Cr: 16.8389 )
00000520: 16.0837   (Y': 15.4873   Cb: 15.5798   Cr: 17.452  )
00000507: 15.7901   (Y': 15.7722   Cb: 14.9838   Cr: 16.8036 )
00000519: 16.0341   (Y': 15.4027   Cb: 15.5306   Cr: 17.4573 )
00000522: 16.2517   (Y': 15.6013   Cb: 15.7241   Cr: 17.7437 )
00000521: 16.2712   (Y': 15.6445   Cb: 15.7418   Cr: 17.7273 )
00000524: 16.1503   (Y': 15.3745   Cb: 15.6781   Cr: 17.7647 )
00000527: 16.1074   (Y': 15.5201   Cb: 15.5684   Cr: 17.5157 )
00000528: 16.0768   (Y': 15.5747   Cb: 15.4585   Cr: 17.4768 )
00000525: 16.0839   (Y': 15.4082   Cb: 15.5877   Cr: 17.5675 )
00000526: 16.0826   (Y': 15.3949   Cb: 15.5962   Cr: 17.5706 )
00000530: 16.2149   (Y': 15.8479   Cb: 15.525    Cr: 17.5248 )
00000531: 16.2514   (Y': 15.8868   Cb: 15.5755   Cr: 17.5354 )
00000518: 15.9655   (Y': 15.3794   Cb: 15.4948   Cr: 17.267  )
00000535: 16.091    (Y': 15.421    Cb: 15.5227   Cr: 17.681  )
00000534: 16.2838   (Y': 15.9174   Cb: 15.554    Cr: 17.6565 )
00000523: 16.1346   (Y': 15.2776   Cb: 15.7627   Cr: 17.7307 )
00000529: 16.1885   (Y': 15.758    Cb: 15.5439   Cr: 17.521  )
00000538: 16.2256   (Y': 15.542    Cb: 15.7184   Cr: 17.7397 )
00000537: 16.2608   (Y': 15.5663   Cb: 15.7426   Cr: 17.8106 )
00000533: 16.2403   (Y': 15.8225   Cb: 15.532    Cr: 17.6559 )
00000542: 16.4217   (Y': 15.7483   Cb: 15.9358   Cr: 17.8854 )
00000536: 16.2299   (Y': 15.5392   Cb: 15.6555   Cr: 17.8653 )
00000544: 16.5675   (Y': 15.7353   Cb: 16.1896   Cr: 18.1297 )
00000545: 16.6401   (Y': 15.8846   Cb: 16.1699   Cr: 18.2162 )
00000532: 16.2137   (Y': 15.8111   Cb: 15.5021   Cr: 17.6117 )
00000541: 16.4702   (Y': 15.7781   Cb: 15.977    Cr: 17.9762 )
00000548: 16.9062   (Y': 15.8473   Cb: 16.702    Cr: 18.6084 )
00000543: 16.6158   (Y': 15.837    Cb: 16.2479   Cr: 18.0715 )
00000540: 16.411    (Y': 15.6519   Cb: 15.9368   Cr: 17.9996 )
00000539: 16.3494   (Y': 15.6506   Cb: 15.8281   Cr: 17.9114 )
00000549: 16.6547   (Y': 15.4028   Cb: 16.6511   Cr: 18.4262 )
00000547: 16.7497   (Y': 15.6133   Cb: 16.5645   Cr: 18.5715 )
00000546: 16.6926   (Y': 15.8057   Cb: 16.3393   Cr: 18.3122 )
00000550: 16.5194   (Y': 15.3518   Cb: 16.396    Cr: 18.3062 )
00000553: 16.3104   (Y': 15.5068   Cb: 15.8797   Cr: 17.9062 )
00000552: 16.3552   (Y': 15.4068   Cb: 16.0358   Cr: 18.0325 )
00000551: 16.316    (Y': 15.3956   Cb: 15.9677   Cr: 17.9879 )
00000554: 16.2512   (Y': 15.444    Cb: 15.8423   Cr: 17.8187 )
00000555: 16.3198   (Y': 15.5833   Cb: 15.8739   Cr: 17.8253 )
00000556: 16.244    (Y': 15.5314   Cb: 15.7868   Cr: 17.7272 )
00000558: 16.2276   (Y': 15.4392   Cb: 15.8236   Cr: 17.7554 )
00000557: 16.3062   (Y': 15.4775   Cb: 15.9069   Cr: 17.8959 )
00000560: 16.3264   (Y': 15.5132   Cb: 15.9486   Cr: 17.8558 )
00000563: 16.3566   (Y': 15.5029   Cb: 16.0632   Cr: 17.8267 )
00000559: 16.308    (Y': 15.5224   Cb: 15.9226   Cr: 17.8019 )
00000561: 16.256    (Y': 15.4421   Cb: 15.8711   Cr: 17.7975 )
00000564: 16.3449   (Y': 15.5144   Cb: 16.0462   Cr: 17.7831 )
00000562: 16.32     (Y': 15.4989   Cb: 15.9549   Cr: 17.843  )
00000565: 16.3973   (Y': 15.4595   Cb: 16.1824   Cr: 17.8956 )
00000568: 16.4161   (Y': 15.4865   Cb: 16.223    Cr: 17.8678 )
00000569: 16.366    (Y': 15.4527   Cb: 16.1126   Cr: 17.8785 )
00000567: 16.3976   (Y': 15.4538   Cb: 16.2086   Cr: 17.8679 )
00000570: 16.3379   (Y': 15.4503   Cb: 16.0896   Cr: 17.7984 )
00000572: 16.311    (Y': 15.4122   Cb: 16.0673   Cr: 17.7841 )
00000571: 16.3066   (Y': 15.4141   Cb: 16.033    Cr: 17.8135 )
00000566: 16.3888   (Y': 15.4123   Cb: 16.2037   Cr: 17.911  )
00000573: 16.2949   (Y': 15.4146   Cb: 16.0322   Cr: 17.7641 )
00000575: 16.3146   (Y': 15.4131   Cb: 16.0461   Cr: 17.8296 )
00000576: 16.2801   (Y': 15.3647   Cb: 15.9979   Cr: 17.8403 )
00000574: 16.2493   (Y': 15.371    Cb: 15.9797   Cr: 17.7257 )
00000583: 16.0669   (Y': 14.9358   Cb: 15.9481   Cr: 17.7755 )
00000582: 16.2486   (Y': 15.1413   Cb: 16.1476   Cr: 17.8851 )
00000581: 16.1803   (Y': 15.0414   Cb: 16.1052   Cr: 17.8381 )
00000585: 15.9419   (Y': 15.0862   Cb: 15.6269   Cr: 17.4474 )
00000584: 15.9792   (Y': 14.9626   Cb: 15.763    Cr: 17.6208 )
00000577: 16.3065   (Y': 15.3202   Cb: 16.0558   Cr: 17.9455 )
00000578: 16.3337   (Y': 15.3653   Cb: 16.0694   Cr: 17.9612 )
00000579: 16.1745   (Y': 15.1833   Cb: 15.9134   Cr: 17.8389 )
00000589: 16.1382   (Y': 15.3024   Cb: 15.8669   Cr: 17.545  )
00000587: 16.1246   (Y': 15.4078   Cb: 15.7857   Cr: 17.4359 )
00000580: 16.1388   (Y': 15.1218   Cb: 15.9252   Cr: 17.7772 )
00000588: 16.0251   (Y': 15.1642   Cb: 15.7786   Cr: 17.4374 )
00000594: 16.2143   (Y': 15.2357   Cb: 16.0321   Cr: 17.7359 )
00000586: 16.0104   (Y': 15.289    Cb: 15.6562   Cr: 17.3516 )
00000593: 16.278    (Y': 15.3185   Cb: 16.0695   Cr: 17.8049 )
00000590: 16.1628   (Y': 15.285    Cb: 15.88     Cr: 17.6581 )
00000591: 16.1632   (Y': 15.2259   Cb: 15.9891   Cr: 17.6008 )
00000596: 16.08     (Y': 15.2321   Cb: 15.832    Cr: 17.4727 )
00000597: 16.0778   (Y': 15.2015   Cb: 15.802    Cr: 17.56   )
00000592: 16.2021   (Y': 15.2791   Cb: 15.9982   Cr: 17.6582 )
00000595: 16.1848   (Y': 15.3384   Cb: 15.935    Cr: 17.5778 )
00000598: 16.0868   (Y': 15.3091   Cb: 15.7503   Cr: 17.4934 )
00000599: 16.0746   (Y': 15.3629   Cb: 15.6694   Cr: 17.4765 )
00000602: 16.1141   (Y': 15.3905   Cb: 15.675    Cr: 17.5872 )
00000600: 16.1295   (Y': 15.4191   Cb: 15.7164   Cr: 17.5412 )
00000601: 16.1084   (Y': 15.3494   Cb: 15.706    Cr: 17.5837 )
00000605: 16.231    (Y': 15.4157   Cb: 15.8961   Cr: 17.698  )
00000603: 16.1249   (Y': 15.3306   Cb: 15.7346   Cr: 17.6412 )
00000604: 16.1332   (Y': 15.3732   Cb: 15.7233   Cr: 17.6222 )
00000607: 16.2139   (Y': 15.4492   Cb: 15.8272   Cr: 17.6748 )
00000606: 16.2377   (Y': 15.4366   Cb: 15.8728   Cr: 17.7263 )
00000608: 16.244    (Y': 15.4624   Cb: 15.8758   Cr: 17.7047 )
00000609: 16.2136   (Y': 15.524    Cb: 15.7891   Cr: 17.6088 )
00000611: 16.3228   (Y': 15.5585   Cb: 16.0281   Cr: 17.6461 )
00000610: 16.232    (Y': 15.5049   Cb: 15.8611   Cr: 17.6069 )
00000613: 16.3354   (Y': 16.1641   Cb: 15.698    Cr: 17.2951 )
00000612: 16.2677   (Y': 15.7132   Cb: 15.8564   Cr: 17.4343 )
00000615: 16.4381   (Y': 16.0808   Cb: 15.891    Cr: 17.5171 )
00000614: 16.38     (Y': 16.09     Cb: 15.8148   Cr: 17.3929 )
00000617: 16.2013   (Y': 15.9026   Cb: 15.6473   Cr: 17.2101 )
00000619: 16.0907   (Y': 15.8099   Cb: 15.5424   Cr: 17.0673 )
00000620: 16.0267   (Y': 15.7547   Cb: 15.4616   Cr: 17.0155 )
00000616: 16.3145   (Y': 15.8619   Cb: 15.786    Cr: 17.5019 )
00000621: 15.9186   (Y': 15.4174   Cb: 15.5132   Cr: 16.9985 )
00000618: 16.2449   (Y': 15.9875   Cb: 15.6829   Cr: 17.2098 )
00000622: 15.8489   (Y': 15.3735   Cb: 15.4109   Cr: 16.938  )
00000624: 15.6899   (Y': 15.3644   Cb: 15.1514   Cr: 16.7126 )
00000625: 15.5976   (Y': 15.3826   Cb: 15.0178   Cr: 16.532  )
00000626: 15.6815   (Y': 15.5454   Cb: 15.0926   Cr: 16.5277 )
00000623: 15.686    (Y': 15.383    Cb: 15.1395   Cr: 16.6897 )
00000629: 15.6036   (Y': 16.062    Cb: 14.6931   Cr: 16.2239 )
00000627: 15.6569   (Y': 15.8312   Cb: 14.9103   Cr: 16.3538 )
00000631: 15.6632   (Y': 16.0206   Cb: 14.8129   Cr: 16.3045 )
00000632: 15.7718   (Y': 16.0363   Cb: 14.9485   Cr: 16.4757 )
00000633: 15.9707   (Y': 16.079    Cb: 15.2362   Cr: 16.7263 )
00000638: 15.9884   (Y': 15.9972   Cb: 15.3081   Cr: 16.7847 )
00000628: 15.6775   (Y': 15.9677   Cb: 14.8305   Cr: 16.3869 )
00000635: 15.9635   (Y': 15.7494   Cb: 15.3918   Cr: 16.8854 )
00000630: 15.6351   (Y': 16.0201   Cb: 14.7476   Cr: 16.2997 )
00000642: 15.7317   (Y': 15.9992   Cb: 14.9379   Cr: 16.391  )
00000640: 15.7798   (Y': 16.041    Cb: 14.9632   Cr: 16.4781 )
00000634: 15.9551   (Y': 15.807    Cb: 15.3368   Cr: 16.8577 )
00000639: 15.8574   (Y': 16.0215   Cb: 15.0828   Cr: 16.6053 )
00000637: 16.049    (Y': 15.9992   Cb: 15.3952   Cr: 16.8793 )
00000636: 16.0373   (Y': 15.813    Cb: 15.4667   Cr: 16.9706 )
00000643: 15.5887   (Y': 15.9039   Cb: 14.7622   Cr: 16.2416 )
00000641: 15.7694   (Y': 16.0109   Cb: 14.9894   Cr: 16.4381 )
00000644: 15.6509   (Y': 15.8808   Cb: 14.8995   Cr: 16.2924 )
00000645: 15.5608   (Y': 15.8093   Cb: 14.8149   Cr: 16.1744 )
00000646: 15.5609   (Y': 15.667    Cb: 14.8771   Cr: 16.2484 )
00000647: 15.3008   (Y': 15.4044   Cb: 14.6412   Cr: 15.9582 )
00000648: 15.3292   (Y': 15.4236   Cb: 14.6941   Cr: 15.964  )
00000649: 15.3709   (Y': 15.3943   Cb: 14.8345   Cr: 15.9562 )
00000650: 16.086    (Y': 15.4007   Cb: 16.04     Cr: 16.9561 )
00000651: 15.9551   (Y': 15.3126   Cb: 15.8009   Cr: 16.9003 )
00000653: 15.8278   (Y': 15.3846   Cb: 15.4587   Cr: 16.7758 )
00000652: 15.9888   (Y': 15.3237   Cb: 15.8554   Cr: 16.9399 )
00000654: 15.8037   (Y': 15.5639   Cb: 15.4188   Cr: 16.5066 )
00000655: 15.4016   (Y': 15.4189   Cb: 14.9067   Cr: 15.9407 )
00000656: 15.2862   (Y': 15.5322   Cb: 14.6399   Cr: 15.7698 )
00000657: 15.31     (Y': 15.471    Cb: 14.6803   Cr: 15.8633 )
00000658: 15.5979   (Y': 15.6385   Cb: 15.0159   Cr: 16.2234 )
00000659: 15.768    (Y': 15.6751   Cb: 15.263    Cr: 16.4481 )
00000660: 15.8877   (Y': 15.7618   Cb: 15.4345   Cr: 16.5398 )
00000662: 15.9318   (Y': 15.8369   Cb: 15.3693   Cr: 16.6908 )
00000661: 15.8946   (Y': 15.8198   Cb: 15.3729   Cr: 16.5749 )
00000663: 15.9704   (Y': 15.6518   Cb: 15.5412   Cr: 16.8322 )
00000664: 15.8458   (Y': 15.6589   Cb: 15.3431   Cr: 16.6376 )
00000665: 15.6335   (Y': 15.6415   Cb: 15.0644   Cr: 16.2791 )
00000666: 15.6053   (Y': 15.6222   Cb: 14.9977   Cr: 16.2919 )
00000667: 15.8665   (Y': 15.8198   Cb: 15.2872   Cr: 16.5903 )
00000668: 15.8562   (Y': 15.7483   Cb: 15.3564   Cr: 16.5471 )
00000670: 15.8764   (Y': 15.6756   Cb: 15.4187   Cr: 16.6257 )
00000669: 15.8118   (Y': 15.7041   Cb: 15.3095   Cr: 16.5058 )
00000671: 16.0868   (Y': 15.7969   Cb: 15.7003   Cr: 16.8547 )
00000673: 15.8167   (Y': 15.46     Cb: 15.4994   Cr: 16.5812 )
00000675: 15.548    (Y': 15.2007   Cb: 15.251    Cr: 16.2745 )
00000676: 15.446    (Y': 15.1431   Cb: 15.0781   Cr: 16.2064 )
00000677: 15.2614   (Y': 15.0469   Cb: 14.8107   Cr: 16.0184 )
00000672: 16.0322   (Y': 15.669    Cb: 15.7046   Cr: 16.8185 )
00000678: 15.2621   (Y': 15.0236   Cb: 14.8072   Cr: 16.055  )
00000674: 15.7598   (Y': 15.3573   Cb: 15.4658   Cr: 16.5541 )
00000681: 15.4475   (Y': 14.9928   Cb: 15.0359   Cr: 16.4701 )
00000679: 15.276    (Y': 14.9706   Cb: 14.8078   Cr: 16.1735 )
00000682: 15.5782   (Y': 14.9808   Cb: 15.2895   Cr: 16.6361 )
00000680: 15.3553   (Y': 14.9675   Cb: 14.9354   Cr: 16.2969 )
00000684: 15.7126   (Y': 14.996    Cb: 15.4905   Cr: 16.8585 )
00000685: 15.7348   (Y': 14.968    Cb: 15.53     Cr: 16.9345 )
00000683: 15.7079   (Y': 15.0064   Cb: 15.4971   Cr: 16.8149 )
00000689: 15.5413   (Y': 14.8075   Cb: 15.1893   Cr: 16.8991 )
00000686: 15.7099   (Y': 14.951    Cb: 15.4839   Cr: 16.9269 )
00000690: 15.627    (Y': 14.8184   Cb: 15.3484   Cr: 16.9994 )
00000688: 15.5975   (Y': 14.8372   Cb: 15.3047   Cr: 16.9115 )
00000687: 15.6285   (Y': 14.8311   Cb: 15.3902   Cr: 16.9243 )
00000692: 15.7487   (Y': 14.8298   Cb: 15.5821   Cr: 17.1441 )
00000691: 15.664    (Y': 14.7898   Cb: 15.4371   Cr: 17.0701 )
00000693: 15.8581   (Y': 14.9149   Cb: 15.7275   Cr: 17.2432 )
00000694: 15.9724   (Y': 15.0065   Cb: 15.889    Cr: 17.33   )
00000696: 15.9731   (Y': 15.0669   Cb: 15.8844   Cr: 17.2381 )
00000695: 16.0013   (Y': 15.0522   Cb: 15.9292   Cr: 17.3147 )
00000697: 15.7805   (Y': 14.9383   Cb: 15.6551   Cr: 16.9912 )
00000698: 15.7429   (Y': 14.9664   Cb: 15.5658   Cr: 16.9201 )
00000699: 15.7644   (Y': 15.0157   Cb: 15.5811   Cr: 16.9066 )
00000700: 15.7225   (Y': 14.9498   Cb: 15.5377   Cr: 16.9042 )
00000702: 15.5887   (Y': 14.9451   Cb: 15.2511   Cr: 16.7838 )
00000701: 15.5908   (Y': 14.9648   Cb: 15.2549   Cr: 16.7568 )
00000703: 15.5321   (Y': 15.0078   Cb: 15.0656   Cr: 16.7337 )
00000705: 15.4069   (Y': 14.8003   Cb: 14.9608   Cr: 16.7031 )
00000706: 15.3646   (Y': 14.7215   Cb: 14.9467   Cr: 16.6757 )
00000704: 15.526    (Y': 15.0275   Cb: 15.0447   Cr: 16.7111 )
00000708: 15.4058   (Y': 14.726    Cb: 15.0038   Cr: 16.7516 )
00000709: 15.5356   (Y': 14.8646   Cb: 15.069    Cr: 16.9654 )
00000707: 15.3788   (Y': 14.748    Cb: 14.9618   Cr: 16.6697 )
00000711: 15.6705   (Y': 15.0928   Cb: 15.1321   Cr: 17.0628 )
00000712: 15.7168   (Y': 15.1019   Cb: 15.1544   Cr: 17.2062 )
00000713: 15.7644   (Y': 15.0681   Cb: 15.2201   Cr: 17.3598 )
00000710: 15.5395   (Y': 14.9135   Cb: 15.0553   Cr: 16.924  )
00000714: 15.7628   (Y': 15.0821   Cb: 15.1666   Cr: 17.4176 )
00000716: 15.7201   (Y': 15.1458   Cb: 15.118    Cr: 17.2082 )
00000717: 15.598    (Y': 15.0851   Cb: 14.9758   Cr: 17.021  )
00000715: 15.7437   (Y': 15.1303   Cb: 15.1209   Cr: 17.3295 )
00000718: 15.5684   (Y': 15.0745   Cb: 14.9259   Cr: 16.9943 )
00000719: 15.5913   (Y': 15.0955   Cb: 14.9407   Cr: 17.0332 )
00000720: 15.6091   (Y': 15.0728   Cb: 14.9523   Cr: 17.1255 )
00000721: 15.5864   (Y': 14.9504   Cb: 15.0261   Cr: 17.1071 )
00000722: 15.5439   (Y': 14.9572   Cb: 14.9489   Cr: 17.0404 )
00000723: 15.5529   (Y': 15.0183   Cb: 14.9362   Cr: 17.0014 )
00000724: 15.5983   (Y': 15.1279   Cb: 14.9345   Cr: 17.0222 )
00000727: 15.6347   (Y': 15.57     Cb: 14.8083   Cr: 16.7393 )
00000728: 15.5914   (Y': 15.6671   Cb: 14.6938   Cr: 16.6277 )
00000730: 15.4632   (Y': 15.5199   Cb: 14.529    Cr: 16.5816 )
00000729: 15.4707   (Y': 15.4001   Cb: 14.6075   Cr: 16.6414 )
00000725: 15.5789   (Y': 15.2515   Cb: 14.8711   Cr: 16.8591 )
00000732: 15.5732   (Y': 15.686    Cb: 14.5758   Cr: 16.7225 )
00000726: 15.5912   (Y': 15.3612   Cb: 14.8397   Cr: 16.8019 )
00000731: 15.5764   (Y': 15.7284   Cb: 14.5664   Cr: 16.697  )
00000735: 15.7205   (Y': 15.9373   Cb: 14.6533   Cr: 16.8548 )
00000733: 15.5873   (Y': 15.829    Cb: 14.5185   Cr: 16.6938 )
00000737: 15.7742   (Y': 15.8409   Cb: 14.7822   Cr: 16.9739 )
00000736: 15.7204   (Y': 15.9006   Cb: 14.6829   Cr: 16.8511 )
00000734: 15.6201   (Y': 15.8722   Cb: 14.5565   Cr: 16.7054 )
00000738: 15.8427   (Y': 15.8966   Cb: 14.8431   Cr: 17.0719 )
00000739: 15.7633   (Y': 15.8028   Cb: 14.7778   Cr: 16.9876 )
00000740: 15.7893   (Y': 15.7878   Cb: 14.8552   Cr: 16.9828 )
00000741: 15.8025   (Y': 15.7498   Cb: 14.9216   Cr: 16.9778 )
00000742: 15.8581   (Y': 15.7545   Cb: 15.003    Cr: 17.0601 )
00000743: 15.8327   (Y': 15.7241   Cb: 15.0253   Cr: 16.9656 )
00000744: 15.8798   (Y': 15.8423   Cb: 15.0297   Cr: 16.9862 )
00000745: 15.9649   (Y': 15.833    Cb: 15.1641   Cr: 17.1186 )
00000747: 15.7348   (Y': 15.6637   Cb: 14.9389   Cr: 16.8007 )
00000748: 15.5593   (Y': 15.3909   Cb: 14.7666   Cr: 16.7497 )
00000750: 15.6221   (Y': 15.7065   Cb: 14.6639   Cr: 16.744  )
00000746: 15.9425   (Y': 15.7597   Cb: 15.1752   Cr: 17.1129 )
00000752: 15.6571   (Y': 15.6079   Cb: 14.807    Cr: 16.7788 )
00000751: 15.7441   (Y': 15.8257   Cb: 14.8156   Cr: 16.8217 )
00000749: 15.5015   (Y': 15.3924   Cb: 14.6454   Cr: 16.7124 )
00000753: 15.7291   (Y': 15.3413   Cb: 15.0472   Cr: 17.0571 )
00000754: 15.7571   (Y': 15.4118   Cb: 15.0249   Cr: 17.1023 )
00000755: 15.8765   (Y': 15.6002   Cb: 15.0999   Cr: 17.1931 )
00000756: 16.0184   (Y': 15.9302   Cb: 15.1356   Cr: 17.2443 )
00000758: 16.1539   (Y': 15.9226   Cb: 15.313    Cr: 17.511  )
00000759: 15.9412   (Y': 15.7671   Cb: 15.0541   Cr: 17.2931 )
00000760: 15.9012   (Y': 15.7584   Cb: 14.9895   Cr: 17.2502 )
00000757: 16.1495   (Y': 15.9535   Cb: 15.3185   Cr: 17.4396 )
00000761: 15.7466   (Y': 15.6412   Cb: 14.7802   Cr: 17.136  )
00000762: 15.6802   (Y': 15.6777   Cb: 14.6543   Cr: 17.0293 )
00000763: 15.6942   (Y': 15.6317   Cb: 14.7571   Cr: 16.9743 )
00000765: 15.5866   (Y': 15.3929   Cb: 14.7569   Cr: 16.8714 )
00000764: 15.6282   (Y': 15.4761   Cb: 14.7405   Cr: 16.95   )
00000766: 15.6107   (Y': 15.4776   Cb: 14.7602   Cr: 16.8453 )
00000768: 15.8032   (Y': 15.8099   Cb: 14.883    Cr: 16.9635 )
00000769: 15.7808   (Y': 15.632    Cb: 14.9264   Cr: 17.0433 )
00000771: 15.8107   (Y': 15.9328   Cb: 14.8162   Cr: 16.9436 )
00000770: 15.7455   (Y': 15.7015   Cb: 14.8223   Cr: 16.978  )
00000767: 15.7577   (Y': 15.6225   Cb: 14.8799   Cr: 17.0397 )
00000772: 15.8612   (Y': 16.1471   Cb: 14.7793   Cr: 16.9355 )
00000773: 15.9143   (Y': 16.1612   Cb: 14.848    Cr: 17.0102 )
00000774: 15.9496   (Y': 16.2318   Cb: 14.8598   Cr: 17.0416 )
00000776: 15.9193   (Y': 16.4682   Cb: 14.7149   Cr: 16.8932 )
00000775: 16.0078   (Y': 16.4627   Cb: 14.8518   Cr: 17.0072 )
00000778: 15.7808   (Y': 16.2153   Cb: 14.6608   Cr: 16.7446 )
00000780: 15.7756   (Y': 16.0127   Cb: 14.755    Cr: 16.809  )
00000777: 15.7995   (Y': 16.3076   Cb: 14.6226   Cr: 16.7734 )
00000781: 15.7153   (Y': 15.9786   Cb: 14.719    Cr: 16.6793 )
00000782: 15.6881   (Y': 16.0087   Cb: 14.6578   Cr: 16.6385 )
00000779: 15.7934   (Y': 16.1104   Cb: 14.739    Cr: 16.7867 )
00000784: 15.709    (Y': 15.7153   Cb: 14.88     Cr: 16.7265 )
00000783: 15.713    (Y': 15.9656   Cb: 14.7034   Cr: 16.7104 )
00000786: 15.9053   (Y': 15.8277   Cb: 15.1928   Cr: 16.8544 )
00000785: 15.7748   (Y': 15.7527   Cb: 15.0004   Cr: 16.7454 )
00000787: 15.5504   (Y': 14.9209   Cb: 15.0713   Cr: 16.9328 )
00000790: 15.4702   (Y': 14.908    Cb: 14.862    Cr: 16.9485 )
00000788: 15.7187   (Y': 15.1988   Cb: 15.1654   Cr: 17.0442 )
00000789: 15.6257   (Y': 15.004    Cb: 15.0819   Cr: 17.0964 )
00000791: 15.2168   (Y': 14.7087   Cb: 14.5421   Cr: 16.7174 )
00000792: 15.6464   (Y': 15.7957   Cb: 14.6472   Cr: 16.7526 )
00000794: 15.8769   (Y': 16.034    Cb: 14.9207   Cr: 16.905  )
00000793: 15.7864   (Y': 15.9624   Cb: 14.8117   Cr: 16.8207 )
00000797: 15.8975   (Y': 16.0752   Cb: 14.9319   Cr: 16.9154 )
00000796: 15.9857   (Y': 15.97     Cb: 15.0956   Cr: 17.127  )
00000795: 15.9951   (Y': 15.9672   Cb: 15.1062   Cr: 17.1505 )
00000798: 15.812    (Y': 15.7631   Cb: 14.9767   Cr: 16.9102 )
00000799: 16.1104   (Y': 16.0094   Cb: 15.3054   Cr: 17.2295 )
00000802: 16.0868   (Y': 16.1512   Cb: 15.3043   Cr: 16.963  )
00000800: 16.1819   (Y': 16.1145   Cb: 15.4142   Cr: 17.1999 )
00000804: 15.9703   (Y': 16.5738   Cb: 14.9146   Cr: 16.6527 )
00000805: 15.9643   (Y': 16.7595   Cb: 14.8501   Cr: 16.5448 )
00000803: 15.9123   (Y': 16.3984   Cb: 14.8998   Cr: 16.6525 )
00000801: 16.2128   (Y': 16.1429   Cb: 15.521    Cr: 17.1222 )
00000806: 15.7761   (Y': 16.4519   Cb: 14.701    Cr: 16.4147 )
00000808: 15.8798   (Y': 16.5724   Cb: 14.7148   Cr: 16.6383 )
00000807: 15.9138   (Y': 16.5513   Cb: 14.7845   Cr: 16.6734 )
00000809: 15.8802   (Y': 16.4301   Cb: 14.7912   Cr: 16.6688 )
00000810: 15.8171   (Y': 16.2254   Cb: 14.8043   Cr: 16.6416 )
00000813: 15.4381   (Y': 15.1934   Cb: 14.827    Cr: 16.4566 )
00000812: 15.4164   (Y': 15.2366   Cb: 14.7134   Cr: 16.4843 )
00000811: 15.6183   (Y': 15.8125   Cb: 14.7325   Cr: 16.4935 )
00000814: 15.5169   (Y': 15.2049   Cb: 14.9754   Cr: 16.5254 )
00000815: 15.6038   (Y': 15.2329   Cb: 15.1083   Cr: 16.6274 )
00000816: 15.7603   (Y': 15.4032   Cb: 15.3093   Cr: 16.7029 )
00000817: 15.9845   (Y': 15.6007   Cb: 15.5944   Cr: 16.8801 )
00000818: 16.1203   (Y': 15.7623   Cb: 15.698    Cr: 17.025  )
00000820: 16.1112   (Y': 15.6627   Cb: 15.6477   Cr: 17.198  )
00000821: 16.2611   (Y': 15.646    Cb: 15.8781   Cr: 17.4779 )
00000822: 16.149    (Y': 15.5259   Cb: 15.7809   Cr: 17.3566 )
00000819: 16.1995   (Y': 15.7783   Cb: 15.7371   Cr: 17.2463 )
00000825: 15.5225   (Y': 15.2638   Cb: 14.8131   Cr: 16.7076 )
00000823: 15.7897   (Y': 15.0902   Cb: 15.4035   Cr: 17.143  )
00000826: 15.7636   (Y': 15.6054   Cb: 15.0332   Cr: 16.8442 )
00000824: 15.3093   (Y': 14.9876   Cb: 14.7042   Cr: 16.4241 )
00000829: 15.4033   (Y': 15.5357   Cb: 14.4849   Cr: 16.4021 )
00000830: 15.3973   (Y': 15.5516   Cb: 14.4411   Cr: 16.4288 )
00000832: 15.6757   (Y': 15.8091   Cb: 14.8369   Cr: 16.5524 )
00000827: 15.6274   (Y': 15.685    Cb: 14.7732   Cr: 16.6192 )
00000828: 15.5214   (Y': 15.6151   Cb: 14.6415   Cr: 16.5081 )
00000831: 15.5023   (Y': 15.6187   Cb: 14.6431   Cr: 16.43   )
00000834: 15.7039   (Y': 15.5776   Cb: 14.9682   Cr: 16.7506 )
00000833: 15.6102   (Y': 15.5636   Cb: 14.8176   Cr: 16.6397 )
00000835: 15.8412   (Y': 15.6267   Cb: 15.1384   Cr: 16.9554 )
00000836: 15.8146   (Y': 15.5712   Cb: 15.1607   Cr: 16.8946 )
00000838: 15.8367   (Y': 15.4789   Cb: 15.2562   Cr: 16.9655 )
00000837: 15.863    (Y': 15.4091   Cb: 15.3293   Cr: 17.0604 )
00000839: 15.7454   (Y': 15.5421   Cb: 15.075    Cr: 16.7956 )
00000840: 15.6925   (Y': 15.552    Cb: 15.0081   Cr: 16.681  )
00000842: 15.5536   (Y': 15.3016   Cb: 14.8993   Cr: 16.6457 )
00000841: 15.6817   (Y': 15.4067   Cb: 15.0529   Cr: 16.767  )
00000843: 15.617    (Y': 15.0837   Cb: 15.1686   Cr: 16.8055 )
00000844: 15.727    (Y': 15.1315   Cb: 15.2514   Cr: 17.0504 )
00000847: 15.8341   (Y': 15.65     Cb: 15.0485   Cr: 17.0351 )
00000846: 15.8026   (Y': 15.2008   Cb: 15.2498   Cr: 17.2559 )
00000845: 15.67     (Y': 15.0409   Cb: 15.1873   Cr: 17.0571 )
00000848: 15.8038   (Y': 15.5659   Cb: 15.0248   Cr: 17.0694 )
00000851: 15.7692   (Y': 15.5135   Cb: 14.9448   Cr: 17.1341 )
00000853: 15.7993   (Y': 15.6531   Cb: 14.9789   Cr: 17.0037 )
00000849: 15.6219   (Y': 15.1989   Cb: 14.9289   Cr: 17.0206 )
00000852: 15.7941   (Y': 15.5817   Cb: 14.9693   Cr: 17.0975 )
00000850: 15.6526   (Y': 15.276    Cb: 14.9025   Cr: 17.0741 )
00000854: 15.7412   (Y': 15.4623   Cb: 14.984    Cr: 17.0303 )
00000856: 15.9435   (Y': 15.7261   Cb: 15.196    Cr: 17.1304 )
00000855: 15.9889   (Y': 15.8171   Cb: 15.1761   Cr: 17.2161 )
00000859: 15.8748   (Y': 15.4662   Cb: 15.1717   Cr: 17.2676 )
00000857: 15.982    (Y': 15.8432   Cb: 15.161    Cr: 17.1771 )
00000858: 15.993    (Y': 15.8753   Cb: 15.1725   Cr: 17.159  )
00000860: 15.9414   (Y': 15.7401   Cb: 15.1193   Cr: 17.2248 )
00000862: 15.9415   (Y': 15.595    Cb: 15.1639   Cr: 17.3631 )
00000861: 15.8436   (Y': 15.5196   Cb: 15.0992   Cr: 17.1774 )
00000864: 16.2021   (Y': 15.7787   Cb: 15.4948   Cr: 17.6244 )
00000866: 16.2102   (Y': 15.9181   Cb: 15.4546   Cr: 17.5157 )
00000865: 16.1782   (Y': 15.8841   Cb: 15.4252   Cr: 17.4823 )
00000863: 15.9935   (Y': 15.575    Cb: 15.2846   Cr: 17.411  )
00000867: 16.2374   (Y': 16.0194   Cb: 15.4765   Cr: 17.4461 )
00000868: 16.2664   (Y': 16.169    Cb: 15.4641   Cr: 17.3767 )
00000871: 15.9096   (Y': 15.654    Cb: 15.1568   Cr: 17.1582 )
00000870: 15.9668   (Y': 15.8928   Cb: 15.1198   Cr: 17.1162 )
00000869: 16.1562   (Y': 16.0356   Cb: 15.3424   Cr: 17.315  )
00000872: 15.9461   (Y': 15.7226   Cb: 15.2016   Cr: 17.1368 )
00000874: 15.8858   (Y': 15.4875   Cb: 15.2414   Cr: 17.17   )
00000873: 16.0413   (Y': 15.8725   Cb: 15.2421   Cr: 17.2427 )
00000876: 15.8765   (Y': 15.2151   Cb: 15.348    Cr: 17.3879 )
00000877: 15.8463   (Y': 15.1683   Cb: 15.3958   Cr: 17.2624 )
00000879: 15.9358   (Y': 15.0968   Cb: 15.6218   Cr: 17.4115 )
00000878: 15.84     (Y': 15.0939   Cb: 15.4694   Cr: 17.2458 )
00000875: 15.8676   (Y': 15.3011   Cb: 15.3159   Cr: 17.263  )
00000880: 15.9578   (Y': 15.0309   Cb: 15.7019   Cr: 17.4981 )
00000881: 16.1456   (Y': 15.3587   Cb: 15.8101   Cr: 17.566  )
00000882: 16.1814   (Y': 15.2735   Cb: 15.9336   Cr: 17.6761 )
00000884: 16.1492   (Y': 15.0027   Cb: 16.0343   Cr: 17.8816 )
00000883: 16.0838   (Y': 14.9976   Cb: 15.9421   Cr: 17.7417 )
00000885: 16.4544   (Y': 15.4448   Cb: 16.2813   Cr: 18.0184 )
00000886: 16.4777   (Y': 15.597    Cb: 16.1924   Cr: 17.982  )
00000887: 16.5391   (Y': 15.5148   Cb: 16.3748   Cr: 18.1164 )
00000888: 16.5133   (Y': 15.5637   Cb: 16.3152   Cr: 18.007  )
00000889: 16.4074   (Y': 15.5256   Cb: 16.1899   Cr: 17.8127 )
00000890: 16.2774   (Y': 15.342    Cb: 16.1083   Cr: 17.7043 )
00000891: 16.197    (Y': 15.141    Cb: 16.0683   Cr: 17.7792 )
00000892: 16.1813   (Y': 15.1436   Cb: 16.0347   Cr: 17.7567 )
00000893: 16.272    (Y': 15.2861   Cb: 16.0715   Cr: 17.8339 )
00000894: 16.2906   (Y': 15.3489   Cb: 16.067    Cr: 17.8086 )
00000898: 16.2008   (Y': 15.3337   Cb: 15.9565   Cr: 17.6203 )
00000897: 16.188    (Y': 15.2343   Cb: 16.0111   Cr: 17.6582 )
00000896: 16.067    (Y': 14.9872   Cb: 15.9038   Cr: 17.7454 )
00000899: 16.3989   (Y': 15.6224   Cb: 16.1139   Cr: 17.728  )
00000895: 16.219    (Y': 15.2408   Cb: 15.9922   Cr: 17.807  )
00000900: 15.8052   (Y': 14.466    Cb: 15.8736   Cr: 17.6466 )
00000901: 15.9263   (Y': 14.7375   Cb: 15.8372   Cr: 17.7021 )
00000902: 15.9109   (Y': 14.7702   Cb: 15.7592   Cr: 17.6885 )
00000903: 15.6683   (Y': 14.5026   Cb: 15.4528   Cr: 17.598  )
00000904: 15.5385   (Y': 14.2157   Cb: 15.3994   Cr: 17.6754 )
00000905: 15.5165   (Y': 14.1216   Cb: 15.4662   Cr: 17.6661 )
00000906: 15.4944   (Y': 14.0465   Cb: 15.4713   Cr: 17.7205 )
00000907: 16.4357   (Y': 15.6457   Cb: 16.0319   Cr: 17.9659 )
00000908: 16.5551   (Y': 15.7571   Cb: 16.194    Cr: 18.033  )
00000911: 16.249    (Y': 15.5832   Cb: 15.7199   Cr: 17.7688 )
00000909: 16.5737   (Y': 15.528    Cb: 16.4041   Cr: 18.1984 )
00000912: 16.1334   (Y': 15.5134   Cb: 15.586    Cr: 17.6074 )
00000910: 16.4656   (Y': 15.4258   Cb: 16.2353   Cr: 18.1727 )
00000913: 15.9432   (Y': 15.2112   Cb: 15.4859   Cr: 17.4589 )
00000915: 15.9002   (Y': 15.33     Cb: 15.3181   Cr: 17.3493 )
00000916: 15.8354   (Y': 15.2864   Cb: 15.2071   Cr: 17.3253 )
00000914: 16.0038   (Y': 15.2934   Cb: 15.4865   Cr: 17.5791 )
00000918: 15.6182   (Y': 14.9777   Cb: 14.9786   Cr: 17.2777 )
00000919: 15.7048   (Y': 15.1317   Cb: 15.0022   Cr: 17.3584 )
00000917: 15.6168   (Y': 14.9841   Cb: 14.9687   Cr: 17.2774 )
00000920: 15.7431   (Y': 15.2585   Cb: 15.0444   Cr: 17.2467 )
00000922: 15.9577   (Y': 15.2942   Cb: 15.4146   Cr: 17.4962 )
00000921: 15.8248   (Y': 15.214    Cb: 15.2815   Cr: 17.2772 )
00000923: 16.445    (Y': 15.8811   Cb: 15.8508   Cr: 17.9035 )
00000924: 16.5145   (Y': 15.9595   Cb: 15.967    Cr: 17.8853 )
00000925: 16.5383   (Y': 16.0589   Cb: 15.893    Cr: 17.9463 )
00000927: 16.6587   (Y': 16.3115   Cb: 15.9699   Cr: 17.9377 )
00000926: 16.6413   (Y': 16.2195   Cb: 16.0043   Cr: 17.9488 )
00000928: 16.4749   (Y': 16.1617   Cb: 15.7686   Cr: 17.7321 )
00000929: 15.9472   (Y': 15.426    Cb: 15.3655   Cr: 17.3187 )
00000930: 15.8665   (Y': 15.2435   Cb: 15.3423   Cr: 17.3084 )
00000932: 16.0196   (Y': 15.4908   Cb: 15.4405   Cr: 17.3991 )
00000931: 15.945    (Y': 15.4221   Cb: 15.3784   Cr: 17.2959 )
00000934: 15.8442   (Y': 14.8767   Cb: 15.5506   Cr: 17.5158 )
00000933: 16.1519   (Y': 15.6566   Cb: 15.5643   Cr: 17.4928 )
00000935: 15.8765   (Y': 14.9342   Cb: 15.5261   Cr: 17.5919 )
00000936: 15.7126   (Y': 14.5036   Cb: 15.475    Cr: 17.7694 )
00000937: 16.37     (Y': 15.7813   Cb: 15.747    Cr: 17.9156 )
00000938: 16.3431   (Y': 15.9629   Cb: 15.6671   Cr: 17.6503 )
00000939: 16.2263   (Y': 15.877    Cb: 15.5117   Cr: 17.5495 )
00000942: 16.5807   (Y': 16.1131   Cb: 16.0065   Cr: 17.8592 )
00000940: 16.3119   (Y': 15.7745   Cb: 15.6723   Cr: 17.8015 )
00000941: 16.6566   (Y': 16.1672   Cb: 16.0619   Cr: 18.0001 )
00000944: 16.2729   (Y': 15.7532   Cb: 15.6861   Cr: 17.6505 )
00000943: 16.244    (Y': 15.6874   Cb: 15.6781   Cr: 17.6462 )
00000946: 16.1858   (Y': 15.627    Cb: 15.6706   Cr: 17.5129 )
00000949: 16.4008   (Y': 15.8388   Cb: 15.9982   Cr: 17.5656 )
00000945: 16.1551   (Y': 15.6215   Cb: 15.6268   Cr: 17.4634 )
00000950: 16.4769   (Y': 15.8134   Cb: 16.0866   Cr: 17.7792 )
00000947: 16.1193   (Y': 15.5223   Cb: 15.6924   Cr: 17.3726 )
00000951: 16.3661   (Y': 15.5197   Cb: 16.1025   Cr: 17.7794 )
00000948: 16.1771   (Y': 15.6099   Cb: 15.7836   Cr: 17.337  )
00000952: 16.3058   (Y': 15.4628   Cb: 16.0247   Cr: 17.739  )
00000953: 16.3351   (Y': 15.6074   Cb: 15.9819   Cr: 17.6847 )
00000954: 16.3703   (Y': 15.6161   Cb: 16.0622   Cr: 17.6964 )
00000955: 16.4071   (Y': 15.7843   Cb: 15.9732   Cr: 17.7105 )
00000957: 16.6444   (Y': 15.9881   Cb: 16.1218   Cr: 18.138  )
00000958: 16.6603   (Y': 16.0259   Cb: 16.0599   Cr: 18.2436 )
00000956: 16.507    (Y': 15.8014   Cb: 16.0868   Cr: 17.9217 )
00000960: 16.6917   (Y': 16.2054   Cb: 16.0769   Cr: 18.062  )
00000962: 16.2767   (Y': 15.6448   Cb: 15.7089   Cr: 17.8028 )
00000959: 16.6575   (Y': 16.1876   Cb: 15.9579   Cr: 18.1393 )
00000961: 16.4164   (Y': 16.014    Cb: 15.7003   Cr: 17.8212 )
00000963: 16.2361   (Y': 15.371    Cb: 15.8543   Cr: 17.8619 )
00000965: 16.6966   (Y': 15.8068   Cb: 16.3616   Cr: 18.293  )
00000966: 16.792    (Y': 15.9173   Cb: 16.4663   Cr: 18.347  )
00000968: 16.7286   (Y': 15.6063   Cb: 16.5676   Cr: 18.485  )
00000964: 16.4351   (Y': 15.6248   Cb: 16.0814   Cr: 17.9223 )
00000967: 16.8149   (Y': 15.8045   Cb: 16.5821   Cr: 18.4707 )
00000969: 16.337    (Y': 15.0283   Cb: 16.3116   Cr: 18.2588 )
00000971: 16.3607   (Y': 15.0398   Cb: 16.2972   Cr: 18.3684 )
00000970: 16.3695   (Y': 15.0461   Cb: 16.3714   Cr: 18.2792 )
00000974: 16.5126   (Y': 15.1487   Cb: 16.3918   Cr: 18.7105 )
00000973: 16.4284   (Y': 15.0666   Cb: 16.3074   Cr: 18.622  )
00000972: 16.444    (Y': 15.0745   Cb: 16.4172   Cr: 18.4984 )
00000975: 16.7075   (Y': 15.49     Cb: 16.4766   Cr: 18.7709 )
00000976: 16.6896   (Y': 15.4432   Cb: 16.4916   Cr: 18.759  )
00000978: 16.5124   (Y': 15.0665   Cb: 16.5112   Cr: 18.697  )
00000977: 16.544    (Y': 15.1355   Cb: 16.4729   Cr: 18.7597 )
00000980: 16.4745   (Y': 15.0952   Cb: 16.3991   Cr: 18.6305 )
00000979: 16.4563   (Y': 15.0784   Cb: 16.3778   Cr: 18.6146 )
00000982: 16.5254   (Y': 15.1873   Cb: 16.4287   Cr: 18.6253 )
00000981: 16.4805   (Y': 15.1661   Cb: 16.3545   Cr: 18.5768 )
00000983: 16.6326   (Y': 15.3464   Cb: 16.4412   Cr: 18.7772 )
00000984: 16.6589   (Y': 15.2985   Cb: 16.5271   Cr: 18.8677 )
00000985: 16.7897   (Y': 15.415    Cb: 16.6419   Cr: 19.0588 )
00000986: 16.8289   (Y': 15.4717   Cb: 16.6859   Cr: 19.0496 )
00000987: 16.8205   (Y': 15.5126   Cb: 16.6248   Cr: 19.0212 )
00000988: 16.7247   (Y': 15.4774   Cb: 16.4423   Cr: 18.9426 )
00000989: 16.5924   (Y': 15.3974   Cb: 16.2937   Cr: 18.7245 )
00000990: 16.5961   (Y': 15.3434   Cb: 16.3232   Cr: 18.8089 )
00000991: 16.47     (Y': 15.2069   Cb: 16.1691   Cr: 18.7564 )
00000993: 16.4979   (Y': 15.3453   Cb: 16.1212   Cr: 18.6772 )
00000992: 16.4953   (Y': 15.2259   Cb: 16.1708   Cr: 18.8393 )
00000994: 16.5494   (Y': 15.4337   Cb: 16.1496   Cr: 18.6915 )
00000998: 16.7381   (Y': 15.5972   Cb: 16.3312   Cr: 18.9467 )
00000996: 16.8614   (Y': 15.7192   Cb: 16.4449   Cr: 19.091  )
00000995: 16.7764   (Y': 15.6751   Cb: 16.3499   Cr: 18.9364 )
00000999: 16.7372   (Y': 15.6661   Cb: 16.2599   Cr: 18.9258 )
00000997: 16.8316   (Y': 15.6445   Cb: 16.4431   Cr: 19.1077 )
00001002: 16.7028   (Y': 15.479    Cb: 16.4747   Cr: 18.775  )
00001000: 16.5278   (Y': 15.2641   Cb: 16.2862   Cr: 18.7099 )
00001003: 16.7499   (Y': 15.6109   Cb: 16.4428   Cr: 18.7782 )
00001005: 16.7829   (Y': 15.6823   Cb: 16.4736   Cr: 18.7365 )
00001001: 16.616    (Y': 15.3875   Cb: 16.386    Cr: 18.7015 )
00001006: 16.7446   (Y': 15.6231   Cb: 16.4437   Cr: 18.7263 )
00001004: 16.7538   (Y': 15.7436   Cb: 16.3566   Cr: 18.676  )
00001010: 16.6493   (Y': 15.5768   Cb: 16.4357   Cr: 18.3921 )
00001008: 16.391    (Y': 15.2209   Cb: 16.182    Cr: 18.3191 )
00001007: 16.481    (Y': 15.3304   Cb: 16.2326   Cr: 18.4342 )
00001014: 16.7441   (Y': 15.7293   Cb: 16.5029   Cr: 18.4212 )
00001009: 16.4709   (Y': 15.3182   Cb: 16.2835   Cr: 18.329  )
00001011: 16.5986   (Y': 15.628    Cb: 16.3141   Cr: 18.2617 )
00001012: 16.7046   (Y': 15.7359   Cb: 16.4268   Cr: 18.3535 )
00001013: 16.7743   (Y': 15.742    Cb: 16.5291   Cr: 18.4904 )
00001015: 16.6067   (Y': 15.419    Cb: 16.467    Cr: 18.4593 )
00001017: 16.8334   (Y': 15.7869   Cb: 16.6259   Cr: 18.5176 )
00001018: 16.917    (Y': 15.9149   Cb: 16.691    Cr: 18.5471 )
00001016: 16.6758   (Y': 15.5212   Cb: 16.5214   Cr: 18.4851 )
00001019: 16.8009   (Y': 15.6998   Cb: 16.6476   Cr: 18.5047 )
00001020: 16.718    (Y': 15.5657   Cb: 16.5871   Cr: 18.4863 )
00001021: 16.8886   (Y': 15.7312   Cb: 16.8565   Cr: 18.5175 )
00001023: 16.9179   (Y': 15.5108   Cb: 17.03     Cr: 18.837  )
00001028: 17.0813   (Y': 15.684    Cb: 17.2591   Cr: 18.8818 )
00001024: 16.961    (Y': 15.5479   Cb: 17.0705   Cr: 18.897  )
00001022: 16.868    (Y': 15.7097   Cb: 16.8251   Cr: 18.5147 )
00001025: 16.9404   (Y': 15.5419   Cb: 17.0612   Cr: 18.8278 )
00001027: 16.9797   (Y': 15.5831   Cb: 17.1205   Cr: 18.8333 )
00001026: 16.9559   (Y': 15.5559   Cb: 17.0725   Cr: 18.8527 )
00001029: 17.0644   (Y': 15.6488   Cb: 17.2489   Cr: 18.8937 )
00001031: 17.1572   (Y': 15.815    Cb: 17.3058   Cr: 18.8866 )
00001030: 17.0592   (Y': 15.7209   Cb: 17.2097   Cr: 18.7781 )
00001033: 17.2626   (Y': 16.1791   Cb: 17.1833   Cr: 18.8228 )
00001036: 17.0466   (Y': 15.7912   Cb: 17.1756   Cr: 18.6325 )
00001032: 17.0116   (Y': 15.8274   Cb: 17.035    Cr: 18.6112 )
00001034: 17.329    (Y': 16.1842   Cb: 17.2901   Cr: 18.9444 )
00001052: 16.7146   (Y': 14.9763   Cb: 17.2753   Cr: 18.7284 )
00001035: 17.2789   (Y': 16.0491   Cb: 17.3639   Cr: 18.8775 )
00001038: 16.9762   (Y': 15.7224   Cb: 17.0405   Cr: 18.6509 )
00001041: 17.4004   (Y': 16.2674   Cb: 17.452    Cr: 18.865  )
00001040: 17.2473   (Y': 16.1078   Cb: 17.3341   Cr: 18.6753 )
00001048: 17.3022   (Y': 15.7373   Cb: 17.7036   Cr: 19.1434 )
00001049: 17.3384   (Y': 15.796    Cb: 17.6692   Cr: 19.2299 )
00001045: 17.3288   (Y': 15.8822   Cb: 17.5966   Cr: 19.1039 )
00001051: 17.1794   (Y': 15.6258   Cb: 17.5329   Cr: 19.0629 )
00001037: 17.0223   (Y': 15.7896   Cb: 17.0549   Cr: 18.7021 )
00001039: 17.1214   (Y': 15.9453   Cb: 17.1628   Cr: 18.6799 )
00001047: 17.3845   (Y': 15.832    Cb: 17.7845   Cr: 19.2003 )
00001060: 16.409    (Y': 14.4144   Cb: 17.5318   Cr: 18.3142 )
00001059: 16.3262   (Y': 14.2277   Cb: 17.6044   Cr: 18.3073 )
00001042: 17.3564   (Y': 16.2402   Cb: 17.3802   Cr: 18.8293 )
00001043: 17.3463   (Y': 16.0829   Cb: 17.419    Cr: 19.0278 )
00001050: 17.3084   (Y': 15.798    Cb: 17.601    Cr: 19.1842 )
00001046: 17.4098   (Y': 15.8949   Cb: 17.7193   Cr: 19.2712 )
00001057: 16.2853   (Y': 14.2632   Cb: 17.4469   Cr: 18.2121 )
00001053: 16.229    (Y': 14.1592   Cb: 17.2307   Cr: 18.4808 )
00001044: 17.2909   (Y': 15.8527   Cb: 17.5651   Cr: 19.0391 )
00001055: 16.3881   (Y': 14.4521   Cb: 17.3134   Cr: 18.3933 )
00001054: 16.3521   (Y': 14.3786   Cb: 17.2278   Cr: 18.5178 )
00001058: 16.1941   (Y': 14.0985   Cb: 17.5084   Cr: 18.126  )
00001056: 16.376    (Y': 14.4112   Cb: 17.3783   Cr: 18.3553 )
00001065: 16.3808   (Y': 14.7902   Cb: 16.6297   Cr: 18.5034 )
00001064: 16.1804   (Y': 14.5483   Cb: 16.5996   Cr: 18.1471 )
00001067: 17.13     (Y': 15.7759   Cb: 16.9925   Cr: 19.3341 )
00001066: 16.2641   (Y': 14.5412   Cb: 16.6073   Cr: 18.5624 )
00001062: 16.3895   (Y': 14.4447   Cb: 17.3794   Cr: 18.3348 )
00001071: 17.2376   (Y': 15.5651   Cb: 17.3668   Cr: 19.7593 )
00001063: 16.2421   (Y': 14.6898   Cb: 16.7685   Cr: 17.8884 )
00001068: 17.1934   (Y': 15.887    Cb: 17.0732   Cr: 19.2626 )
00001069: 17.1198   (Y': 15.3885   Cb: 17.2689   Cr: 19.7645 )
00001061: 16.4144   (Y': 14.422    Cb: 17.492    Cr: 18.3687 )
00001070: 17.1721   (Y': 15.5065   Cb: 17.2906   Cr: 19.694  )
00001072: 17.1451   (Y': 15.5932   Cb: 17.1231   Cr: 19.6217 )
00001073: 16.9344   (Y': 15.3214   Cb: 16.9226   Cr: 19.5504 )
00001074: 16.9396   (Y': 15.3323   Cb: 16.8819   Cr: 19.6259 )
00001077: 17.0244   (Y': 15.3508   Cb: 17.0736   Cr: 19.6918 )
00001076: 16.9112   (Y': 15.0935   Cb: 17.0892   Cr: 19.7477 )
00001078: 17.0386   (Y': 15.3307   Cb: 17.131    Cr: 19.7209 )
00001079: 17.1515   (Y': 15.4339   Cb: 17.2624   Cr: 19.8267 )
00001075: 16.9472   (Y': 15.1777   Cb: 17.1037   Cr: 19.6847 )
00001080: 17.1364   (Y': 15.4027   Cb: 17.2636   Cr: 19.8268 )
00001081: 17.0793   (Y': 15.3375   Cb: 17.1574   Cr: 19.8825 )
00001084: 17.0899   (Y': 15.4593   Cb: 17.0887   Cr: 19.7337 )
00001082: 17.0758   (Y': 15.3775   Cb: 17.139    Cr: 19.7848 )
00001083: 17.045    (Y': 15.392    Cb: 17.0287   Cr: 19.7776 )
00001085: 17.1182   (Y': 15.5031   Cb: 17.091    Cr: 19.7681 )
00001086: 17.1804   (Y': 15.5379   Cb: 17.2497   Cr: 19.7283 )
00001087: 17.186    (Y': 15.6447   Cb: 17.1513   Cr: 19.6586 )
00001089: 17.047    (Y': 15.4121   Cb: 17.1501   Cr: 19.5162 )
00001092: 17.1355   (Y': 15.569    Cb: 17.2209   Cr: 19.463  )
00001088: 17.1948   (Y': 15.6249   Cb: 17.1914   Cr: 19.6838 )
00001091: 17.0967   (Y': 15.4561   Cb: 17.2424   Cr: 19.5078 )
00001093: 17.2615   (Y': 15.7715   Cb: 17.3066   Cr: 19.4725 )
00001094: 17.2316   (Y': 15.8014   Cb: 17.2196   Cr: 19.3982 )
00001095: 17.1214   (Y': 15.9217   Cb: 16.8804   Cr: 19.1641 )
00001096: 17.0169   (Y': 15.9147   Cb: 16.6631   Cr: 19.0497 )
00001090: 16.918    (Y': 15.3289   Cb: 16.9755   Cr: 19.3491 )
00001100: 17.0639   (Y': 15.9146   Cb: 16.7243   Cr: 19.17   )
00001098: 16.841    (Y': 15.9128   Cb: 16.3116   Cr: 18.8331 )
00001099: 16.8108   (Y': 15.7483   Cb: 16.4068   Cr: 18.8498 )
00001102: 17.915    (Y': 16.2224   Cb: 18.34     Cr: 20.015  )
00001101: 17.6422   (Y': 16.1533   Cb: 17.8407   Cr: 19.6094 )
00001105: 16.8369   (Y': 15.5475   Cb: 16.8618   Cr: 18.6415 )
00001126: 16.6016   (Y': 15.7384   Cb: 16.6608   Cr: 17.6051 )
00001097: 16.8666   (Y': 15.8712   Cb: 16.3743   Cr: 18.9262 )
00001104: 17.5471   (Y': 15.9453   Cb: 18.0007   Cr: 19.3972 )
00001103: 17.9672   (Y': 16.2156   Cb: 18.6764   Cr: 19.8121 )
00001106: 16.3768   (Y': 15.1398   Cb: 16.2515   Cr: 18.307  )
00001110: 16.4613   (Y': 14.7496   Cb: 16.8819   Cr: 18.6138 )
00001108: 16.6547   (Y': 14.9643   Cb: 17.0257   Cr: 18.8299 )
00001114: 16.1912   (Y': 14.9116   Cb: 16.3899   Cr: 17.7272 )
00001107: 16.5249   (Y': 14.9857   Cb: 16.732    Cr: 18.5924 )
00001112: 16.3153   (Y': 14.7725   Cb: 16.677    Cr: 18.1638 )
00001115: 16.3447   (Y': 15.146    Cb: 16.4562   Cr: 17.8474 )
00001111: 16.2938   (Y': 14.7177   Cb: 16.626    Cr: 18.2584 )
00001132: 16.2084   (Y': 15.1697   Cb: 16.0013   Cr: 17.8772 )
00001116: 16.6805   (Y': 15.1702   Cb: 17.0483   Cr: 18.4504 )
00001119: 16.717    (Y': 15.3026   Cb: 17.0211   Cr: 18.3753 )
00001118: 16.6463   (Y': 15.2583   Cb: 16.8258   Cr: 18.4251 )
00001109: 16.5742   (Y': 14.8121   Cb: 17.027    Cr: 18.803  )
00001117: 16.5623   (Y': 15.2531   Cb: 16.6489   Cr: 18.3153 )
00001113: 16.2365   (Y': 14.894    Cb: 16.484    Cr: 17.828  )
00001120: 16.5897   (Y': 15.2345   Cb: 16.8817   Cr: 18.1461 )
00001121: 16.396    (Y': 15.2895   Cb: 16.5524   Cr: 17.6734 )
00001124: 16.3495   (Y': 15.6689   Cb: 16.2055   Cr: 17.3369 )
00001122: 16.2789   (Y': 15.2743   Cb: 16.3219   Cr: 17.5306 )
00001131: 16.3436   (Y': 15.3138   Cb: 16.211    Cr: 17.8839 )
00001123: 16.2336   (Y': 15.5335   Cb: 16.034    Cr: 17.3234 )
00001125: 16.5724   (Y': 15.7449   Cb: 16.6233   Cr: 17.532  )
00001130: 16.4315   (Y': 15.3292   Cb: 16.482    Cr: 17.8423 )
00001129: 16.5503   (Y': 15.4936   Cb: 16.6244   Cr: 17.8493 )
00001127: 16.5331   (Y': 15.682    Cb: 16.5087   Cr: 17.6238 )
00001128: 16.411    (Y': 15.4644   Cb: 16.383    Cr: 17.6604 )
00001133: 15.9963   (Y': 14.9406   Cb: 15.7608   Cr: 17.7413 )
00001134: 15.9756   (Y': 14.9247   Cb: 15.7213   Cr: 17.7411 )
00001135: 15.9149   (Y': 14.8172   Cb: 15.7228   Cr: 17.6726 )
00001136: 15.8891   (Y': 14.7939   Cb: 15.7126   Cr: 17.6172 )
00001138: 15.8648   (Y': 14.7459   Cb: 15.6825   Cr: 17.6477 )
00001141: 15.718    (Y': 14.5637   Cb: 15.5389   Cr: 17.5657 )
00001137: 15.8306   (Y': 14.7548   Cb: 15.6122   Cr: 17.587  )
00001140: 15.7653   (Y': 14.5843   Cb: 15.5977   Cr: 17.6487 )
00001143: 15.6524   (Y': 14.4723   Cb: 15.5123   Cr: 17.4902 )
00001139: 15.806    (Y': 14.6651   Cb: 15.6085   Cr: 17.6568 )
00001142: 15.743    (Y': 14.5864   Cb: 15.5774   Cr: 17.5738 )
00001144: 15.6216   (Y': 14.4653   Cb: 15.4641   Cr: 17.4393 )
00001147: 15.4025   (Y': 14.1494   Cb: 15.3475   Cr: 17.2549 )
00001145: 15.5411   (Y': 14.345    Cb: 15.436    Cr: 17.3561 )
00001146: 15.5234   (Y': 14.3031   Cb: 15.4482   Cr: 17.3407 )
00001148: 15.365    (Y': 14.092    Cb: 15.3144   Cr: 17.2513 )
00001150: 15.2905   (Y': 13.9929   Cb: 15.3069   Cr: 17.1247 )
00001151: 15.2626   (Y': 13.9929   Cb: 15.252    Cr: 17.0807 )
00001149: 15.2828   (Y': 13.9861   Cb: 15.2888   Cr: 17.1306 )
00001152: 15.2336   (Y': 13.9158   Cb: 15.243    Cr: 17.1201 )
00001153: 15.2515   (Y': 13.9254   Cb: 15.2766   Cr: 17.1313 )
00001154: 15.2748   (Y': 13.9424   Cb: 15.2889   Cr: 17.1849 )
00001155: 15.3171   (Y': 14.0035   Cb: 15.3348   Cr: 17.1822 )
00001157: 15.44     (Y': 14.1604   Cb: 15.4142   Cr: 17.3018 )
00001156: 15.3447   (Y': 14.0263   Cb: 15.3507   Cr: 17.2375 )
00001159: 15.551    (Y': 14.2092   Cb: 15.5512   Cr: 17.5026 )
00001158: 15.4965   (Y': 14.1844   Cb: 15.4749   Cr: 17.4191 )
00001160: 15.5986   (Y': 14.2641   Cb: 15.6369   Cr: 17.4757 )
00001162: 15.7879   (Y': 14.3974   Cb: 15.918    Cr: 17.6445 )
00001161: 15.7694   (Y': 14.4012   Cb: 15.8643   Cr: 17.6317 )
00001165: 16.0475   (Y': 14.6651   Cb: 16.2744   Cr: 17.7474 )
00001164: 15.919    (Y': 14.5172   Cb: 16.1154   Cr: 17.702  )
00001167: 16.2851   (Y': 14.9597   Cb: 16.541    Cr: 17.832  )
00001168: 16.3583   (Y': 15.0712   Cb: 16.5926   Cr: 17.8608 )
00001166: 16.1211   (Y': 14.775    Cb: 16.3432   Cr: 17.7547 )
00001163: 15.8741   (Y': 14.4596   Cb: 16.0706   Cr: 17.684  )
00001171: 16.5823   (Y': 15.3913   Cb: 16.8201   Cr: 17.9031 )
00001170: 16.473    (Y': 15.1946   Cb: 16.7769   Cr: 17.8678 )
00001169: 16.4199   (Y': 15.1267   Cb: 16.6885   Cr: 17.8881 )
00001172: 16.682    (Y': 15.4752   Cb: 16.9973   Cr: 17.9331 )
00001173: 16.8617   (Y': 15.7058   Cb: 17.1668   Cr: 18.037  )
00001176: 17.0242   (Y': 15.984    Cb: 17.1945   Cr: 18.1716 )
00001175: 16.9941   (Y': 15.8495   Cb: 17.246    Cr: 18.2158 )
00001177: 16.9889   (Y': 16.0455   Cb: 17.0048   Cr: 18.175  )
00001178: 17.019    (Y': 16.0329   Cb: 17.0587   Cr: 18.2441 )
00001174: 16.9273   (Y': 15.7747   Cb: 17.1884   Cr: 18.1514 )
00001180: 16.9434   (Y': 15.8143   Cb: 17.0475   Cr: 18.3293 )
00001181: 16.8185   (Y': 15.5065   Cb: 17.019    Cr: 18.4147 )
00001179: 16.9754   (Y': 15.8984   Cb: 17.0631   Cr: 18.2915 )
00001182: 16.7232   (Y': 15.3364   Cb: 16.9733   Cr: 18.3998 )
00001183: 16.5829   (Y': 15.1035   Cb: 16.8375   Cr: 18.4469 )
00001184: 16.5535   (Y': 15.1665   Cb: 16.6769   Cr: 18.4127 )
00001185: 16.2797   (Y': 15.0841   Cb: 16.1635   Cr: 18.1109 )
00001189: 15.4239   (Y': 14.8336   Cb: 14.6262   Cr: 17.2763 )
00001186: 16.0413   (Y': 14.998    Cb: 15.7443   Cr: 17.8612 )
00001191: 15.7635   (Y': 15.4852   Cb: 14.8746   Cr: 17.2712 )
00001190: 15.6227   (Y': 15.2251   Cb: 14.7416   Cr: 17.3027 )
00001194: 15.8665   (Y': 15.6396   Cb: 14.9735   Cr: 17.3048 )
00001192: 15.846    (Y': 15.5477   Cb: 15.0035   Cr: 17.304  )
00001188: 15.468    (Y': 14.7878   Cb: 14.7736   Cr: 17.292  )
00001187: 15.6408   (Y': 14.8425   Cb: 15.0877   Cr: 17.4297 )
00001193: 15.8653   (Y': 15.6321   Cb: 14.9837   Cr: 17.2935 )
Total: 16.1428   (Y': 15.6346   Cb: 15.6987   Cr: 17.2881 )
