./ps4_degrader: invalid option -- 'v'
Capturing with the following configuration:
 - Capture device: DeckLink 4K Extreme 12G
 - Video mode: 720p59.94
 - Pixel format: 8 bit BGRA (4:4:4:x)
[libx264 @ 0x35bee40] using cpu capabilities: MMX2 SSE2Fast SSSE3 SSE4.2 AVX AVX2 FMA3 LZCNT BMI2
[libx264 @ 0x35bee40] profile High 4:2:2 Intra, level 3.1, 4:2:2 8-bit
PLAYBACK (hw timestamp): Frame 33 Displayed Late. Expected (+/- 5%): 50000
	Timestamp delay: 66672
	Hardware timestamp delay: 66749
PLAYBACK (hw timestamp): Frame 43 Displayed Late. Expected (+/- 5%): 50000
	Timestamp delay: 66726
	Hardware timestamp delay: 66747
PLAYBACK (hw timestamp): Frame 47 Displayed Late. Expected (+/- 5%): 50000
	Timestamp delay: 66625
	Hardware timestamp delay: 66747
PLAYBACK (hw timestamp): Frame 53 Displayed Late. Expected (+/- 5%): 50000
	Timestamp delay: 66822
	Hardware timestamp delay: 66764
PLAYBACK (hw timestamp): Frame 62 Displayed Late. Expected (+/- 5%): 50000
	Timestamp delay: 66804
	Hardware timestamp delay: 66740
PLAYBACK (hw timestamp): Frame 66 Displayed Late. Expected (+/- 5%): 50000
	Timestamp delay: 66721
	Hardware timestamp delay: 66738
PLAYBACK (hw timestamp): Frame 69 Displayed Late. Expected (+/- 5%): 50000
	Timestamp delay: 66741
	Hardware timestamp delay: 66747
PLAYBACK (hw timestamp): Frame 74 Displayed Late. Expected (+/- 5%): 50000
	Timestamp delay: 66847
	Hardware timestamp delay: 66714
PLAYBACK (hw timestamp): Frame 82 Displayed Late. Expected (+/- 5%): 50000
	Timestamp delay: 66783
	Hardware timestamp delay: 66729
PLAYBACK (hw timestamp): Frame 105 Displayed Late. Expected (+/- 5%): 50000
	Timestamp delay: 66777
	Hardware timestamp delay: 66731
PLAYBACK (hw timestamp): Frame 111 Displayed Late. Expected (+/- 5%): 50000
	Timestamp delay: 66733
	Hardware timestamp delay: 66767
PLAYBACK (hw timestamp): Frame 137 Displayed Late. Expected (+/- 5%): 50000
	Timestamp delay: 66746
	Hardware timestamp delay: 66758
PLAYBACK (hw timestamp): Frame 147 Displayed Late. Expected (+/- 5%): 50000
	Timestamp delay: 66822
	Hardware timestamp delay: 66736
PLAYBACK (hw timestamp): Frame 157 Displayed Late. Expected (+/- 5%): 50000
	Timestamp delay: 66734
	Hardware timestamp delay: 66721
PLAYBACK (hw timestamp): Frame 185 Displayed Late. Expected (+/- 5%): 50000
	Timestamp delay: 66823
	Hardware timestamp delay: 66747
PLAYBACK (hw timestamp): Frame 200 Displayed Late. Expected (+/- 5%): 50000
	Timestamp delay: 100132
	Hardware timestamp delay: 100061
PLAYBACK (callback): Frame 201 Displayed Late. Expected (+/- 5%): 50000
	Timestamp delay: 16622
	Hardware timestamp delay: 110919
CAPTURE: dropped a frame (dropped_count=0)
PLAYBACK (hw timestamp): Frame 202 Displayed Late. Expected (+/- 5%): 50000
	Timestamp delay: 133426
	Hardware timestamp delay: 39217
PLAYBACK (hw timestamp): Frame 207 Displayed Late. Expected (+/- 5%): 50000
	Timestamp delay: 66668
	Hardware timestamp delay: 66686
PLAYBACK (hw timestamp): Frame 212 Displayed Late. Expected (+/- 5%): 50000
	Timestamp delay: 66645
	Hardware timestamp delay: 66692
PLAYBACK (hw timestamp): Frame 224 Displayed Late. Expected (+/- 5%): 50000
	Timestamp delay: 66802
	Hardware timestamp delay: 66749
PLAYBACK (hw timestamp): Frame 228 Displayed Late. Expected (+/- 5%): 50000
	Timestamp delay: 66772
	Hardware timestamp delay: 66729
PLAYBACK (hw timestamp): Frame 233 Displayed Late. Expected (+/- 5%): 50000
	Timestamp delay: 66735
	Hardware timestamp delay: 66680
PLAYBACK (hw timestamp): Frame 238 Displayed Late. Expected (+/- 5%): 50000
	Timestamp delay: 66722
	Hardware timestamp delay: 66779
PLAYBACK (hw timestamp): Frame 248 Displayed Late. Expected (+/- 5%): 50000
	Timestamp delay: 66771
	Hardware timestamp delay: 66722
PLAYBACK (hw timestamp): Frame 259 Displayed Late. Expected (+/- 5%): 50000
	Timestamp delay: 66702
	Hardware timestamp delay: 66675
PLAYBACK (hw timestamp): Frame 262 Displayed Late. Expected (+/- 5%): 50000
	Timestamp delay: 66634
	Hardware timestamp delay: 66747
PLAYBACK (hw timestamp): Frame 267 Displayed Late. Expected (+/- 5%): 50000
	Timestamp delay: 66760
	Hardware timestamp delay: 66710
PLAYBACK (hw timestamp): Frame 275 Displayed Late. Expected (+/- 5%): 50000
	Timestamp delay: 66758
	Hardware timestamp delay: 66777
PLAYBACK (hw timestamp): Frame 278 Displayed Late. Expected (+/- 5%): 50000
	Timestamp delay: 66796
	Hardware timestamp delay: 66726
PLAYBACK (hw timestamp): Frame 281 Displayed Late. Expected (+/- 5%): 50000
	Timestamp delay: 66785
	Hardware timestamp delay: 66813
PLAYBACK (hw timestamp): Frame 284 Displayed Late. Expected (+/- 5%): 50000
	Timestamp delay: 66737
	Hardware timestamp delay: 66751
PLAYBACK (hw timestamp): Frame 290 Displayed Late. Expected (+/- 5%): 50000
	Timestamp delay: 66736
	Hardware timestamp delay: 66741
PLAYBACK (hw timestamp): Frame 336 Displayed Late. Expected (+/- 5%): 50000
	Timestamp delay: 66834
	Hardware timestamp delay: 66805
PLAYBACK (hw timestamp): Frame 345 Displayed Late. Expected (+/- 5%): 50000
	Timestamp delay: 66767
	Hardware timestamp delay: 66779
PLAYBACK (hw timestamp): Frame 348 Displayed Late. Expected (+/- 5%): 50000
	Timestamp delay: 66632
	Hardware timestamp delay: 66709
PLAYBACK (hw timestamp): Frame 364 Displayed Late. Expected (+/- 5%): 50000
	Timestamp delay: 66612
	Hardware timestamp delay: 66739
PLAYBACK (hw timestamp): Frame 386 Displayed Late. Expected (+/- 5%): 50000
	Timestamp delay: 66795
	Hardware timestamp delay: 66719
PLAYBACK (hw timestamp): Frame 394 Displayed Late. Expected (+/- 5%): 50000
	Timestamp delay: 66676
	Hardware timestamp delay: 66731
PLAYBACK (hw timestamp): Frame 416 Displayed Late. Expected (+/- 5%): 50000
	Timestamp delay: 66716
	Hardware timestamp delay: 66789
PLAYBACK (hw timestamp): Frame 420 Displayed Late. Expected (+/- 5%): 50000
	Timestamp delay: 66802
	Hardware timestamp delay: 66796
PLAYBACK (hw timestamp): Frame 427 Displayed Late. Expected (+/- 5%): 50000
	Timestamp delay: 66733
	Hardware timestamp delay: 66745
PLAYBACK (hw timestamp): Frame 430 Displayed Late. Expected (+/- 5%): 50000
	Timestamp delay: 66732
	Hardware timestamp delay: 66743
PLAYBACK (hw timestamp): Frame 460 Displayed Late. Expected (+/- 5%): 50000
	Timestamp delay: 66724
	Hardware timestamp delay: 66723
PLAYBACK (hw timestamp): Frame 468 Displayed Late. Expected (+/- 5%): 50000
	Timestamp delay: 66822
	Hardware timestamp delay: 66708
PLAYBACK (hw timestamp): Frame 472 Displayed Late. Expected (+/- 5%): 50000
	Timestamp delay: 66735
	Hardware timestamp delay: 66699
PLAYBACK (hw timestamp): Frame 498 Displayed Late. Expected (+/- 5%): 50000
	Timestamp delay: 66749
	Hardware timestamp delay: 66742
PLAYBACK (hw timestamp): Frame 503 Displayed Late. Expected (+/- 5%): 50000
	Timestamp delay: 66718
	Hardware timestamp delay: 66733
PLAYBACK (hw timestamp): Frame 517 Displayed Late. Expected (+/- 5%): 50000
	Timestamp delay: 66736
	Hardware timestamp delay: 66755
PLAYBACK (hw timestamp): Frame 532 Displayed Late. Expected (+/- 5%): 50000
	Timestamp delay: 66680
	Hardware timestamp delay: 66730
PLAYBACK (hw timestamp): Frame 535 Displayed Late. Expected (+/- 5%): 50000
	Timestamp delay: 66752
	Hardware timestamp delay: 66768
PLAYBACK (hw timestamp): Frame 553 Displayed Late. Expected (+/- 5%): 50000
	Timestamp delay: 66675
	Hardware timestamp delay: 66758
PLAYBACK (hw timestamp): Frame 569 Displayed Late. Expected (+/- 5%): 50000
	Timestamp delay: 66849
	Hardware timestamp delay: 66746
PLAYBACK (hw timestamp): Frame 577 Displayed Late. Expected (+/- 5%): 50000
	Timestamp delay: 66747
	Hardware timestamp delay: 66707
PLAYBACK (hw timestamp): Frame 583 Displayed Late. Expected (+/- 5%): 50000
	Timestamp delay: 66821
	Hardware timestamp delay: 66721
PLAYBACK (hw timestamp): Frame 591 Displayed Late. Expected (+/- 5%): 50000
	Timestamp delay: 66794
	Hardware timestamp delay: 66764
[libx264 @ 0x35bee40] frame I:599   Avg QP:40.00  size: 10756
[libx264 @ 0x35bee40] mb I  I16..4: 28.7% 65.0%  6.3%
[libx264 @ 0x35bee40] final ratefactor: 38.09
[libx264 @ 0x35bee40] 8x8 transform intra:65.0%
[libx264 @ 0x35bee40] coded y,uvDC,uvAC intra: 16.4% 26.1% 2.5%
[libx264 @ 0x35bee40] i16 v,h,dc,p: 26% 44% 18% 12%
[libx264 @ 0x35bee40] i8 v,h,dc,ddl,ddr,vr,hd,vl,hu: 11% 14% 65%  2%  2%  1%  2%  1%  2%
[libx264 @ 0x35bee40] i4 v,h,dc,ddl,ddr,vr,hd,vl,hu: 19% 23% 29%  5%  5%  4%  6%  4%  6%
[libx264 @ 0x35bee40] i8c dc,h,v,p: 88%  7%  5%  0%
[libx264 @ 0x35bee40] kb/s:1721.02
Stopping Capture
