00000006: 14.256    (Y': 10.7047   Cb: 18.7071   Cr: 18.5057 )
00000002: 10.4758   (Y': 7.88179   Cb: 12.5962   Cr: 12.924  )
00000003: 25.104    (Y': 21.0722   Cb: 32.1347   Cr: 30.7658 )
00000004: 19.021    (Y': 15.0084   Cb: 25.5861   Cr: 24.8666 )
00000007: 13.019    (Y': 9.67581   Cb: 16.8774   Cr: 16.6908 )
00000000: 10.465    (Y': 7.89198   Cb: 12.5137   Cr: 12.9242 )
00000001: 10.452    (Y': 7.8625    Cb: 12.5576   Cr: 12.9016 )
00000005: 15.2607   (Y': 11.5922   Cb: 20.1523   Cr: 19.8389 )
00000008: 12.6382   (Y': 9.38684   Cb: 16.2356   Cr: 16.1149 )
00000013: 11.0989   (Y': 8.37005   Cb: 13.55     Cr: 13.6421 )
00000011: 11.4105   (Y': 8.52947   Cb: 14.1166   Cr: 14.2306 )
00000014: 11.1141   (Y': 8.39419   Cb: 13.5655   Cr: 13.6267 )
00000010: 11.8026   (Y': 8.7764    Cb: 14.8611   Cr: 14.8288 )
00000009: 12.0621   (Y': 8.97149   Cb: 15.2913   Cr: 15.1845 )
00000012: 11.2388   (Y': 8.42161   Cb: 13.8581   Cr: 13.9157 )
00000015: 11.0831   (Y': 8.37449   Cb: 13.5315   Cr: 13.5615 )
00000016: 11.055    (Y': 8.33014   Cb: 13.5675   Cr: 13.5228 )
00000018: 11.018    (Y': 8.32912   Cb: 13.4813   Cr: 13.4172 )
00000017: 10.9979   (Y': 8.26961   Cb: 13.5023   Cr: 13.4855 )
00000019: 10.9978   (Y': 8.27924   Cb: 13.472    Cr: 13.4834 )
00000022: 11.0232   (Y': 8.32437   Cb: 13.4025   Cr: 13.5396 )
00000023: 11.1205   (Y': 8.39814   Cb: 13.6161   Cr: 13.597  )
00000021: 10.9852   (Y': 8.29118   Cb: 13.3778   Cr: 13.4719 )
00000020: 10.9786   (Y': 8.27101   Cb: 13.436    Cr: 13.4447 )
00000024: 11.2323   (Y': 8.51903   Cb: 13.6639   Cr: 13.743  )
00000025: 11.1923   (Y': 8.40935   Cb: 13.7827   Cr: 13.7786 )
00000027: 11.2644   (Y': 8.43545   Cb: 13.8911   Cr: 13.9758 )
00000026: 11.2251   (Y': 8.4171    Cb: 13.906    Cr: 13.8088 )
00000029: 11.5019   (Y': 8.74499   Cb: 13.9624   Cr: 14.131  )
00000030: 11.2757   (Y': 8.31534   Cb: 14.1222   Cr: 14.2543 )
00000028: 11.4977   (Y': 8.80246   Cb: 13.8342   Cr: 14.0464 )
00000031: 11.301    (Y': 8.2986    Cb: 14.2239   Cr: 14.3681 )
00000033: 11.6841   (Y': 8.80255   Cb: 14.1939   Cr: 14.7172 )
00000032: 11.6378   (Y': 8.81635   Cb: 14.1339   Cr: 14.4592 )
00000034: 11.6929   (Y': 8.78602   Cb: 14.2587   Cr: 14.7627 )
00000035: 11.6487   (Y': 8.77315   Cb: 14.1438   Cr: 14.6755 )
00000036: 11.7128   (Y': 8.84716   Cb: 14.1362   Cr: 14.7826 )
00000038: 11.7837   (Y': 8.91921   Cb: 14.1854   Cr: 14.8746 )
00000039: 11.8414   (Y': 8.98223   Cb: 14.2031   Cr: 14.9587 )
00000037: 11.7888   (Y': 8.93613   Cb: 14.2061   Cr: 14.8151 )
00000040: 11.8658   (Y': 8.99062   Cb: 14.2753   Cr: 14.9898 )
00000041: 11.9139   (Y': 9.08088   Cb: 14.2516   Cr: 14.9571 )
00000042: 11.9676   (Y': 9.17642   Cb: 14.2756   Cr: 14.8866 )
00000043: 11.9137   (Y': 9.10865   Cb: 14.2978   Cr: 14.7974 )
00000044: 11.822    (Y': 9.00012   Cb: 14.2908   Cr: 14.6742 )
00000046: 11.7135   (Y': 8.86587   Cb: 14.3021   Cr: 14.5321 )
00000045: 11.7167   (Y': 8.91319   Cb: 14.1369   Cr: 14.5545 )
00000047: 11.5567   (Y': 8.67276   Cb: 14.1578   Cr: 14.4987 )
00000049: 11.571    (Y': 8.65273   Cb: 14.2921   Cr: 14.5168 )
00000048: 11.4812   (Y': 8.55766   Cb: 14.1573   Cr: 14.4952 )
00000050: 11.618    (Y': 8.69812   Cb: 14.3612   Cr: 14.5465 )
00000051: 11.5635   (Y': 8.66172   Cb: 14.3054   Cr: 14.4248 )
00000052: 11.5265   (Y': 8.63211   Cb: 14.1289   Cr: 14.5071 )
00000053: 11.5068   (Y': 8.64901   Cb: 14.0724   Cr: 14.3879 )
00000054: 11.5186   (Y': 8.66767   Cb: 14.0977   Cr: 14.3596 )
00000055: 11.4461   (Y': 8.58448   Cb: 14.0156   Cr: 14.3374 )
00000057: 11.4892   (Y': 8.64326   Cb: 14.0166   Cr: 14.3671 )
00000056: 11.4302   (Y': 8.54953   Cb: 14.0142   Cr: 14.3779 )
00000058: 11.5103   (Y': 8.6497    Cb: 14.0238   Cr: 14.4588 )
00000059: 11.4653   (Y': 8.6002    Cb: 13.9464   Cr: 14.4671 )
00000060: 11.4276   (Y': 8.5373    Cb: 13.8985   Cr: 14.5398 )
00000062: 11.4384   (Y': 8.54967   Cb: 13.8047   Cr: 14.6689 )
00000061: 11.4614   (Y': 8.59598   Cb: 13.8069   Cr: 14.6226 )
00000063: 11.5084   (Y': 8.61998   Cb: 13.805    Cr: 14.8244 )
00000064: 11.4891   (Y': 8.60276   Cb: 13.7562   Cr: 14.8335 )
00000065: 11.5568   (Y': 8.7042    Cb: 13.6929   Cr: 14.9312 )
00000066: 11.5272   (Y': 8.65569   Cb: 13.6616   Cr: 14.9835 )
00000067: 11.68     (Y': 8.8115    Cb: 13.8185   Cr: 15.1178 )
00000071: 11.9683   (Y': 9.14804   Cb: 13.9584   Cr: 15.4051 )
00000068: 11.7068   (Y': 8.85116   Cb: 13.8416   Cr: 15.0955 )
00000070: 11.7892   (Y': 8.95204   Cb: 13.8374   Cr: 15.2169 )
00000069: 11.8181   (Y': 8.96372   Cb: 13.9768   Cr: 15.1694 )
00000072: 11.968    (Y': 9.15628   Cb: 13.9295   Cr: 15.409  )
00000073: 11.9224   (Y': 9.18381   Cb: 13.716    Cr: 15.2982 )
00000074: 12.0537   (Y': 9.35412   Cb: 13.8177   Cr: 15.3152 )
00000075: 12.359    (Y': 9.69856   Cb: 13.9387   Cr: 15.7341 )
00000076: 12.4703   (Y': 9.83025   Cb: 13.981    Cr: 15.8687 )
00000077: 12.626    (Y': 9.97638   Cb: 14.1166   Cr: 16.0948 )
00000078: 12.6581   (Y': 10.0001   Cb: 14.1623   Cr: 16.1397 )
00000079: 12.6122   (Y': 9.88647   Cb: 14.1482   Cr: 16.3309 )
00000080: 12.5844   (Y': 9.8362    Cb: 14.1551   Cr: 16.3454 )
00000081: 12.4509   (Y': 9.7091    Cb: 14.0025   Cr: 16.2151 )
00000082: 12.4017   (Y': 9.64025   Cb: 14.0168   Cr: 16.1489 )
00000084: 12.1914   (Y': 9.33985   Cb: 13.9609   Cr: 16.1017 )
00000083: 12.3277   (Y': 9.52704   Cb: 13.9558   Cr: 16.2334 )
00000087: 12.3678   (Y': 9.4498    Cb: 14.2069   Cr: 16.4873 )
00000086: 12.142    (Y': 9.23355   Cb: 14.0192   Cr: 16.1506 )
00000085: 12.075    (Y': 9.15797   Cb: 13.9173   Cr: 16.1844 )
00000088: 12.4325   (Y': 9.4939    Cb: 14.2892   Cr: 16.6279 )
00000089: 12.3417   (Y': 9.3723    Cb: 14.2728   Cr: 16.5702 )
00000091: 12.6008   (Y': 9.65361   Cb: 14.5364   Cr: 16.7073 )
00000090: 12.3741   (Y': 9.39823   Cb: 14.3241   Cr: 16.6044 )
00000092: 12.6517   (Y': 9.72637   Cb: 14.5782   Cr: 16.6633 )
00000093: 12.7213   (Y': 9.76753   Cb: 14.7742   Cr: 16.6731 )
00000094: 12.7695   (Y': 9.81173   Cb: 14.8419   Cr: 16.7106 )
00000095: 12.8607   (Y': 9.87153   Cb: 15.0191   Cr: 16.8257 )
00000096: 12.9002   (Y': 9.91053   Cb: 15.0753   Cr: 16.842  )
00000097: 13.2092   (Y': 10.2491   Cb: 15.3814   Cr: 17.0128 )
00000098: 13.1715   (Y': 10.2101   Cb: 15.3672   Cr: 16.9472 )
00000099: 13.3709   (Y': 10.3569   Cb: 15.669    Cr: 17.2516 )
00000100: 13.48     (Y': 10.4796   Cb: 15.7664   Cr: 17.3119 )
00000101: 13.518    (Y': 10.5042   Cb: 15.858    Cr: 17.3378 )
00000102: 13.5959   (Y': 10.5561   Cb: 15.9829   Cr: 17.4768 )
00000103: 13.51     (Y': 10.4497   Cb: 15.9405   Cr: 17.4308 )
00000104: 13.5314   (Y': 10.4908   Cb: 15.9297   Cr: 17.3996 )
00000105: 13.416    (Y': 10.3455   Cb: 15.8915   Cr: 17.325  )
00000106: 13.4227   (Y': 10.299    Cb: 15.9761   Cr: 17.4937 )
00000107: 13.3957   (Y': 10.2488   Cb: 16.015    Cr: 17.496  )
00000108: 13.3657   (Y': 10.2157   Cb: 16.0351   Cr: 17.4128 )
00000109: 13.4535   (Y': 10.3      Cb: 16.0913   Cr: 17.5634 )
00000110: 13.5101   (Y': 10.3708   Cb: 16.186    Cr: 17.4931 )
00000111: 13.6098   (Y': 10.4321   Cb: 16.3292   Cr: 17.7352 )
00000113: 13.6098   (Y': 10.505    Cb: 16.1748   Cr: 17.5671 )
00000112: 13.6149   (Y': 10.4727   Cb: 16.2892   Cr: 17.6149 )
00000114: 13.7042   (Y': 10.6798   Cb: 16.1079   Cr: 17.4867 )
00000115: 13.8479   (Y': 10.9236   Cb: 16.1128   Cr: 17.3588 )
00000116: 13.8651   (Y': 10.9851   Cb: 15.9874   Cr: 17.3752 )
00000117: 13.8829   (Y': 11.0048   Cb: 15.9652   Cr: 17.4398 )
00000118: 13.8672   (Y': 11.0061   Cb: 15.9627   Cr: 17.3322 )
00000119: 13.7417   (Y': 10.8527   Cb: 15.8144   Cr: 17.3606 )
00000120: 13.6981   (Y': 10.7794   Cb: 15.8234   Cr: 17.3764 )
00000121: 13.5867   (Y': 10.629    Cb: 15.8184   Cr: 17.2938 )
00000122: 13.5444   (Y': 10.5518   Cb: 15.8728   Cr: 17.2795 )
00000123: 13.5853   (Y': 10.5672   Cb: 15.9942   Cr: 17.3308 )
00000124: 13.5986   (Y': 10.5697   Cb: 16.0179   Cr: 17.3817 )
00000125: 13.6596   (Y': 10.655    Cb: 16.1775   Cr: 17.1997 )
00000126: 13.6475   (Y': 10.5792   Cb: 16.2533   Cr: 17.3707 )
00000127: 13.5656   (Y': 10.4823   Cb: 16.1933   Cr: 17.333  )
00000128: 13.6291   (Y': 10.5789   Cb: 16.1848   Cr: 17.3312 )
00000129: 13.6515   (Y': 10.5996   Cb: 16.2061   Cr: 17.3632 )
00000130: 13.6004   (Y': 10.5764   Cb: 16.0981   Cr: 17.2552 )
00000131: 13.6304   (Y': 10.6178   Cb: 16.1156   Cr: 17.249  )
00000132: 13.6073   (Y': 10.5869   Cb: 16.0912   Cr: 17.2637 )
00000133: 13.5388   (Y': 10.5176   Cb: 16.128    Cr: 17.0644 )
00000134: 13.5381   (Y': 10.5087   Cb: 16.0534   Cr: 17.1955 )
00000135: 13.5287   (Y': 10.5573   Cb: 15.9705   Cr: 17.0165 )
00000136: 13.4823   (Y': 10.5307   Cb: 15.8299   Cr: 17.0046 )
00000137: 13.4655   (Y': 10.5594   Cb: 15.682    Cr: 16.9611 )
00000138: 13.4306   (Y': 10.5394   Cb: 15.6582   Cr: 16.8467 )
00000139: 13.3666   (Y': 10.4959   Cb: 15.5009   Cr: 16.8202 )
00000140: 13.3645   (Y': 10.4889   Cb: 15.461    Cr: 16.8909 )
00000141: 13.2925   (Y': 10.4081   Cb: 15.3785   Cr: 16.8722 )
00000142: 13.2669   (Y': 10.3634   Cb: 15.2586   Cr: 17.0716 )
00000143: 13.2153   (Y': 10.2638   Cb: 15.3597   Cr: 17.0188 )
00000144: 13.1708   (Y': 10.1882   Cb: 15.3862   Cr: 17.0194 )
00000147: 13.4921   (Y': 10.6435   Cb: 15.3198   Cr: 17.2947 )
00000145: 13.3159   (Y': 10.3703   Cb: 15.3528   Cr: 17.253  )
00000146: 13.3105   (Y': 10.3654   Cb: 15.3162   Cr: 17.2933 )
00000148: 13.4975   (Y': 10.6761   Cb: 15.3003   Cr: 17.2147 )
00000149: 13.3623   (Y': 10.4809   Cb: 15.235    Cr: 17.2482 )
00000150: 13.3315   (Y': 10.448    Cb: 15.1457   Cr: 17.3217 )
00000151: 13.0869   (Y': 10.2293   Cb: 14.8701   Cr: 17.0032 )
00000152: 13.1104   (Y': 10.2162   Cb: 14.9847   Cr: 17.0543 )
00000154: 13.1965   (Y': 10.2312   Cb: 15.198    Cr: 17.2871 )
00000153: 13.0895   (Y': 10.171    Cb: 15.0454   Cr: 17.0208 )
00000155: 13.1951   (Y': 10.2427   Cb: 15.2526   Cr: 17.1331 )
00000157: 13.307    (Y': 10.3352   Cb: 15.5606   Cr: 17.049  )
00000159: 13.2246   (Y': 10.2195   Cb: 15.5831   Cr: 16.9774 )
00000156: 13.238    (Y': 10.2528   Cb: 15.4209   Cr: 17.1464 )
00000158: 13.3143   (Y': 10.3345   Cb: 15.6228   Cr: 17.0166 )
00000160: 13.3119   (Y': 10.3541   Cb: 15.5481   Cr: 17.0126 )
00000161: 13.3712   (Y': 10.4113   Cb: 15.6359   Cr: 17.0422 )
00000162: 13.4402   (Y': 10.4511   Cb: 15.8511   Cr: 17.0481 )
00000163: 13.3399   (Y': 10.2452   Cb: 16.0191   Cr: 17.0954 )
00000164: 13.3679   (Y': 10.2256   Cb: 16.2359   Cr: 17.1184 )
00000165: 13.5302   (Y': 10.3479   Cb: 16.41     Cr: 17.4674 )
00000166: 13.6124   (Y': 10.3947   Cb: 16.6351   Cr: 17.5526 )
00000167: 13.5916   (Y': 10.4818   Cb: 16.4229   Cr: 17.2308 )
00000168: 13.5958   (Y': 10.4624   Cb: 16.425    Cr: 17.3511 )
00000169: 13.5929   (Y': 10.4801   Cb: 16.3112   Cr: 17.387  )
00000170: 13.5478   (Y': 10.4391   Cb: 16.3013   Cr: 17.2775 )
00000171: 13.6015   (Y': 10.4832   Cb: 16.3433   Cr: 17.3925 )
00000172: 13.6037   (Y': 10.5001   Cb: 16.3545   Cr: 17.3116 )
00000174: 13.5676   (Y': 10.4599   Cb: 16.2933   Cr: 17.3268 )
00000173: 13.5211   (Y': 10.4384   Cb: 16.1393   Cr: 17.2975 )
00000175: 13.6579   (Y': 10.5668   Cb: 16.2249   Cr: 17.544  )
00000176: 13.6572   (Y': 10.6325   Cb: 16.1814   Cr: 17.2808 )
00000177: 13.7012   (Y': 10.6726   Cb: 16.1845   Cr: 17.3961 )
00000178: 13.6225   (Y': 10.5911   Cb: 16.1085   Cr: 17.3273 )
00000179: 13.5951   (Y': 10.6112   Cb: 15.9169   Cr: 17.2984 )
00000182: 13.5397   (Y': 10.6312   Cb: 15.7662   Cr: 17.0319 )
00000180: 13.5924   (Y': 10.6298   Cb: 15.9298   Cr: 17.1767 )
00000181: 13.5722   (Y': 10.6317   Cb: 15.8693   Cr: 17.1113 )
00000183: 13.5283   (Y': 10.62     Cb: 15.749    Cr: 17.0276 )
00000184: 13.6414   (Y': 10.7207   Cb: 15.9467   Cr: 17.0827 )
00000185: 13.677    (Y': 10.7817   Cb: 15.939    Cr: 17.0659 )
00000186: 13.7798   (Y': 10.8962   Cb: 16        Cr: 17.1739 )
00000187: 13.8496   (Y': 10.8897   Cb: 16.2879   Cr: 17.2918 )
00000188: 13.8431   (Y': 10.886    Cb: 16.3876   Cr: 17.1429 )
00000189: 13.9633   (Y': 10.9977   Cb: 16.5472   Cr: 17.2526 )
00000190: 13.9436   (Y': 10.9852   Cb: 16.4944   Cr: 17.2418 )
00000191: 14.0674   (Y': 11.1176   Cb: 16.6504   Cr: 17.2916 )
00000192: 14.0866   (Y': 11.1693   Cb: 16.666    Cr: 17.1826 )
00000193: 14.1474   (Y': 11.2274   Cb: 16.8088   Cr: 17.1635 )
00000194: 13.9623   (Y': 11.0505   Cb: 16.6093   Cr: 16.9615 )
00000197: 13.5093   (Y': 10.5334   Cb: 16.2759   Cr: 16.6343 )
00000195: 13.8075   (Y': 10.8645   Cb: 16.6317   Cr: 16.7416 )
00000196: 13.7251   (Y': 10.7732   Cb: 16.4964   Cr: 16.749  )
00000198: 13.5304   (Y': 10.5476   Cb: 16.3292   Cr: 16.6492 )
00000199: 13.5197   (Y': 10.5142   Cb: 16.3379   Cr: 16.711  )
00000200: 13.471    (Y': 10.4873   Cb: 16.3212   Cr: 16.5383 )
00000201: 13.4652   (Y': 10.5008   Cb: 16.4284   Cr: 16.342  )
00000202: 13.4622   (Y': 10.4997   Cb: 16.4345   Cr: 16.3232 )
00000204: 13.3121   (Y': 10.2606   Cb: 16.5377   Cr: 16.2783 )
00000205: 13.2885   (Y': 10.2325   Cb: 16.5413   Cr: 16.247  )
00000206: 13.1976   (Y': 10.1452   Cb: 16.227    Cr: 16.3605 )
00000203: 13.3601   (Y': 10.3053   Cb: 16.6107   Cr: 16.3155 )
00000207: 13.2333   (Y': 10.1834   Cb: 16.2851   Cr: 16.3634 )
00000208: 13.1147   (Y': 10.016    Cb: 16.1673   Cr: 16.4521 )
00000209: 13.0976   (Y': 10.0566   Cb: 15.9077   Cr: 16.4495 )
00000211: 12.9733   (Y': 9.95138   Cb: 15.7684   Cr: 16.2596 )
00000210: 12.9789   (Y': 9.96165   Cb: 15.75     Cr: 16.2721 )
00000213: 12.8352   (Y': 9.74863   Cb: 15.6882   Cr: 16.3407 )
00000214: 12.7986   (Y': 9.80655   Cb: 15.4451   Cr: 16.1272 )
00000212: 12.8224   (Y': 9.75466   Cb: 15.6429   Cr: 16.28   )
00000216: 12.8526   (Y': 9.87922   Cb: 15.4399   Cr: 16.1709 )
00000215: 12.8166   (Y': 9.78522   Cb: 15.5315   Cr: 16.2359 )
00000217: 12.7413   (Y': 9.78871   Cb: 15.4094   Cr: 15.88   )
00000218: 12.6726   (Y': 9.72748   Cb: 15.3218   Cr: 15.8021 )
00000219: 12.678    (Y': 9.7226    Cb: 15.3477   Cr: 15.8263 )
00000220: 12.4649   (Y': 9.50872   Cb: 15.0916   Cr: 15.6651 )
00000221: 12.4681   (Y': 9.47255   Cb: 15.2203   Cr: 15.6905 )
00000222: 12.5372   (Y': 9.46736   Cb: 15.3225   Cr: 16.0456 )
00000224: 12.5704   (Y': 9.52737   Cb: 15.1579   Cr: 16.198  )
00000223: 12.5889   (Y': 9.49989   Cb: 15.3558   Cr: 16.2082 )
00000225: 12.664    (Y': 9.64896   Cb: 15.2002   Cr: 16.2281 )
00000226: 12.6287   (Y': 9.62753   Cb: 15.0851   Cr: 16.2322 )
00000227: 12.7151   (Y': 9.73898   Cb: 15.165    Cr: 16.214  )
00000228: 12.8312   (Y': 9.90786   Cb: 15.1719   Cr: 16.2389 )
00000230: 12.8491   (Y': 9.95619   Cb: 15.0834   Cr: 16.2639 )
00000231: 12.8814   (Y': 10.0226   Cb: 15.1078   Cr: 16.1637 )
00000232: 12.9529   (Y': 10.1093   Cb: 15.081    Cr: 16.2997 )
00000229: 12.7709   (Y': 9.83914   Cb: 15.1164   Cr: 16.2085 )
00000233: 12.9815   (Y': 10.1353   Cb: 15.1243   Cr: 16.3195 )
00000234: 12.945    (Y': 10.0846   Cb: 15.172    Cr: 16.2327 )
00000235: 13.0419   (Y': 10.2269   Cb: 15.0929   Cr: 16.3733 )
00000237: 13.2232   (Y': 10.4132   Cb: 15.3304   Cr: 16.4601 )
00000236: 13.1166   (Y': 10.2863   Cb: 15.1758   Cr: 16.5008 )
00000239: 13.5108   (Y': 10.7476   Cb: 15.557    Cr: 16.6417 )
00000238: 13.3734   (Y': 10.5605   Cb: 15.5079   Cr: 16.5864 )
00000240: 13.5289   (Y': 10.708    Cb: 15.628    Cr: 16.821  )
00000241: 13.5515   (Y': 10.7281   Cb: 15.6898   Cr: 16.8026 )
00000242: 13.2448   (Y': 10.3594   Cb: 15.5373   Cr: 16.5531 )
00000243: 13.0806   (Y': 10.1235   Cb: 15.4493   Cr: 16.5993 )
00000245: 13.0793   (Y': 10.0624   Cb: 15.4926   Cr: 16.8135 )
00000244: 13.1033   (Y': 10.0892   Cb: 15.54     Cr: 16.7923 )
00000246: 13.0992   (Y': 10.0677   Cb: 15.5474   Cr: 16.8548 )
00000247: 13.0315   (Y': 9.99435   Cb: 15.4964   Cr: 16.7919 )
00000248: 13.0567   (Y': 10.0553   Cb: 15.3991   Cr: 16.814  )
00000249: 13.1939   (Y': 10.2303   Cb: 15.4536   Cr: 16.8892 )
00000250: 13.0468   (Y': 10.0755   Cb: 15.3695   Cr: 16.6904 )
00000251: 12.9075   (Y': 9.92907   Cb: 15.3629   Cr: 16.4095 )
00000252: 12.9078   (Y': 9.85748   Cb: 15.5287   Cr: 16.5272 )
00000254: 12.6149   (Y': 9.48138   Cb: 15.5365   Cr: 16.2585 )
00000253: 12.8397   (Y': 9.76099   Cb: 15.6008   Cr: 16.4176 )
00000255: 12.6653   (Y': 9.58448   Cb: 15.429    Cr: 16.2503 )
00000256: 12.6189   (Y': 9.57549   Cb: 15.3744   Cr: 16.0437 )
00000257: 12.5882   (Y': 9.57621   Cb: 15.2777   Cr: 15.952  )
00000258: 12.5651   (Y': 9.65983   Cb: 15.1113   Cr: 15.6505 )
00000259: 12.7602   (Y': 9.9012    Cb: 15.176    Cr: 15.8133 )
00000262: 12.6456   (Y': 10.0759   Cb: 14.6354   Cr: 15.1596 )
00000260: 12.8913   (Y': 10.2604   Cb: 14.9888   Cr: 15.485  )
00000261: 12.8469   (Y': 10.2269   Cb: 14.9372   Cr: 15.4124 )
00000263: 12.5361   (Y': 9.98849   Cb: 14.4483   Cr: 15.0677 )
00000264: 12.5418   (Y': 9.98578   Cb: 14.5894   Cr: 14.9485 )
00000265: 12.4852   (Y': 9.94385   Cb: 14.5349   Cr: 14.8441 )
00000266: 12.3987   (Y': 9.91712   Cb: 14.2839   Cr: 14.7538 )
00000267: 12.4509   (Y': 9.96149   Cb: 14.35     Cr: 14.8148 )
00000269: 12.3217   (Y': 9.91335   Cb: 13.9792   Cr: 14.7167 )
00000268: 12.3255   (Y': 9.87394   Cb: 14.0347   Cr: 14.7914 )
00000270: 12.364    (Y': 9.93416   Cb: 13.9803   Cr: 14.8745 )
00000272: 12.3748   (Y': 9.96331   Cb: 13.9143   Cr: 14.9236 )
00000271: 12.3904   (Y': 9.95729   Cb: 13.9901   Cr: 14.9319 )
00000273: 12.4083   (Y': 9.97087   Cb: 13.9521   Cr: 15.0341 )
00000274: 12.438    (Y': 9.96342   Cb: 14.0516   Cr: 15.0946 )
00000275: 12.4018   (Y': 9.8895    Cb: 14.0516   Cr: 15.1366 )
00000276: 12.4371   (Y': 9.95076   Cb: 14.1874   Cr: 14.9629 )
00000277: 12.4025   (Y': 9.85953   Cb: 14.1934   Cr: 15.0631 )
00000278: 12.4045   (Y': 9.80767   Cb: 14.243    Cr: 15.1882 )
00000280: 12.4135   (Y': 9.76563   Cb: 14.2348   Cr: 15.4008 )
00000279: 12.383    (Y': 9.76826   Cb: 14.2851   Cr: 15.1501 )
00000281: 12.4152   (Y': 9.75918   Cb: 14.1243   Cr: 15.5849 )
00000282: 12.5076   (Y': 9.83179   Cb: 14.094    Cr: 15.9349 )
00000283: 12.6226   (Y': 9.93905   Cb: 14.1978   Cr: 16.0985 )
00000284: 12.7032   (Y': 9.96323   Cb: 14.331    Cr: 16.3357 )
00000288: 12.9502   (Y': 10.1358   Cb: 14.7955   Cr: 16.5718 )
00000286: 12.8653   (Y': 10.0764   Cb: 14.6012   Cr: 16.5421 )
00000285: 12.7362   (Y': 9.96067   Cb: 14.4311   Cr: 16.4179 )
00000287: 12.8939   (Y': 10.0984   Cb: 14.6638   Cr: 16.5472 )
00000289: 12.9334   (Y': 10.1158   Cb: 14.7999   Cr: 16.5371 )
00000290: 12.9592   (Y': 10.1311   Cb: 14.7691   Cr: 16.6959 )
00000291: 12.9546   (Y': 10.0814   Cb: 14.8097   Cr: 16.8291 )
00000292: 12.9373   (Y': 10.052    Cb: 14.8853   Cr: 16.7236 )
00000294: 12.9843   (Y': 10.0633   Cb: 15.0285   Cr: 16.7918 )
00000297: 12.898    (Y': 9.92458   Cb: 15.0023   Cr: 16.8675 )
00000293: 12.9816   (Y': 10.0634   Cb: 15.0044   Cr: 16.8084 )
00000296: 13.0109   (Y': 10.0653   Cb: 15.1025   Cr: 16.8641 )
00000295: 13.1074   (Y': 10.2215   Cb: 15.128    Cr: 16.7882 )
00000298: 12.9294   (Y': 9.98051   Cb: 14.9551   Cr: 16.8998 )
00000299: 12.9096   (Y': 9.95777   Cb: 14.9311   Cr: 16.901  )
00000300: 13.0118   (Y': 10.081    Cb: 15.1021   Cr: 16.7971 )
00000301: 13.0324   (Y': 10.0884   Cb: 15.1873   Cr: 16.785  )
00000302: 13.0149   (Y': 10.1262   Cb: 15.1196   Cr: 16.5874 )
00000303: 12.9947   (Y': 10.1321   Cb: 15.0945   Cr: 16.4601 )
00000305: 12.8624   (Y': 10.0614   Cb: 14.8281   Cr: 16.2521 )
00000304: 12.8547   (Y': 10.0141   Cb: 14.8477   Cr: 16.3742 )
00000306: 12.7686   (Y': 9.97184   Cb: 14.7371   Cr: 16.1371 )
00000307: 12.7766   (Y': 9.97965   Cb: 14.7307   Cr: 16.1661 )
00000308: 12.7081   (Y': 9.90015   Cb: 14.653    Cr: 16.1566 )
00000309: 12.7232   (Y': 9.89911   Cb: 14.6864   Cr: 16.2144 )
00000310: 12.739    (Y': 9.91929   Cb: 14.653    Cr: 16.282  )
00000311: 12.693    (Y': 9.87345   Cb: 14.6243   Cr: 16.2101 )
00000313: 13.1024   (Y': 10.2345   Cb: 15.0329   Cr: 16.8353 )
00000312: 12.97     (Y': 10.1426   Cb: 14.7872   Cr: 16.6926 )
00000314: 13.0971   (Y': 10.153    Cb: 15.1605   Cr: 16.9856 )
00000315: 13.1058   (Y': 10.1981   Cb: 15.1274   Cr: 16.8851 )
00000316: 12.9587   (Y': 10.063    Cb: 14.9519   Cr: 16.7246 )
00000317: 12.962    (Y': 10.0469   Cb: 14.9677   Cr: 16.8001 )
00000319: 12.9046   (Y': 9.96059   Cb: 14.914    Cr: 16.8766 )
00000318: 12.9129   (Y': 9.96745   Cb: 14.9392   Cr: 16.8654 )
00000321: 12.8823   (Y': 9.88425   Cb: 14.9853   Cr: 16.9778 )
00000320: 12.859    (Y': 9.87453   Cb: 14.8992   Cr: 16.9851 )
00000322: 12.7233   (Y': 9.7482    Cb: 14.7809   Cr: 16.7737 )
00000323: 12.7803   (Y': 9.85002   Cb: 14.8706   Cr: 16.5631 )
00000324: 12.6542   (Y': 9.85046   Cb: 14.5249   Cr: 16.1913 )
00000328: 12.9634   (Y': 10.0802   Cb: 15.0396   Cr: 16.5519 )
00000325: 12.6894   (Y': 9.86846   Cb: 14.6051   Cr: 16.235  )
00000326: 12.7133   (Y': 9.89113   Cb: 14.6838   Cr: 16.186  )
00000329: 12.8721   (Y': 9.99112   Cb: 14.9482   Cr: 16.4504 )
00000327: 12.8223   (Y': 9.95824   Cb: 14.8762   Cr: 16.3579 )
00000330: 12.7426   (Y': 9.88327   Cb: 14.8168   Cr: 16.2291 )
00000331: 12.6645   (Y': 9.84979   Cb: 14.6952   Cr: 16.022  )
00000332: 12.5382   (Y': 9.73533   Cb: 14.5152   Cr: 15.9201 )
00000334: 12.7337   (Y': 9.93795   Cb: 14.651    Cr: 16.17   )
00000333: 12.604    (Y': 9.8254    Cb: 14.4975   Cr: 16.0023 )
00000335: 12.7999   (Y': 9.99371   Cb: 14.7066   Cr: 16.2951 )
00000336: 12.6722   (Y': 9.93703   Cb: 14.4236   Cr: 16.0955 )
00000337: 12.612    (Y': 9.9449    Cb: 14.2723   Cr: 15.8941 )
00000338: 12.6214   (Y': 9.97343   Cb: 14.2031   Cr: 15.9436 )
00000339: 12.6314   (Y': 10.0026   Cb: 14.2203   Cr: 15.8686 )
00000340: 12.6998   (Y': 10.0688   Cb: 14.2558   Cr: 15.9934 )
00000342: 12.724    (Y': 10.0268   Cb: 14.451    Cr: 16.0289 )
00000341: 12.7884   (Y': 10.1267   Cb: 14.4578   Cr: 16.0359 )
00000343: 12.7263   (Y': 10.0683   Cb: 14.4169   Cr: 15.9295 )
00000344: 12.6777   (Y': 10.0252   Cb: 14.3509   Cr: 15.8843 )
00000345: 12.7123   (Y': 10.0806   Cb: 14.3767   Cr: 15.8521 )
00000346: 12.8244   (Y': 10.1389   Cb: 14.5266   Cr: 16.1189 )
00000347: 12.9385   (Y': 10.2222   Cb: 14.6682   Cr: 16.3163 )
00000348: 12.9732   (Y': 10.2535   Cb: 14.6444   Cr: 16.4524 )
00000350: 13.1258   (Y': 10.4868   Cb: 14.628    Cr: 16.5337 )
00000349: 13.0122   (Y': 10.3353   Cb: 14.5992   Cr: 16.4429 )
00000351: 13.0752   (Y': 10.4352   Cb: 14.6463   Cr: 16.3821 )
00000352: 13.1553   (Y': 10.5745   Cb: 14.6637   Cr: 16.3276 )
00000353: 13.2082   (Y': 10.6135   Cb: 14.6939   Cr: 16.4664 )
00000354: 13.514    (Y': 10.9308   Cb: 15.0467   Cr: 16.6593 )
00000355: 13.5162   (Y': 10.8922   Cb: 15.0839   Cr: 16.7658 )
00000356: 13.4305   (Y': 10.8445   Cb: 14.9212   Cr: 16.6482 )
00000357: 13.3863   (Y': 10.7746   Cb: 14.8769   Cr: 16.7036 )
00000358: 13.3145   (Y': 10.6772   Cb: 14.8499   Cr: 16.6643 )
00000360: 13.0387   (Y': 10.4086   Cb: 14.4466   Cr: 16.5597 )
00000359: 13.1894   (Y': 10.5664   Cb: 14.6759   Cr: 16.5571 )
00000361: 12.96     (Y': 10.3231   Cb: 14.3977   Cr: 16.4607 )
00000362: 12.9117   (Y': 10.2265   Cb: 14.3938   Cr: 16.5435 )
00000363: 13.0074   (Y': 10.2882   Cb: 14.5757   Cr: 16.6445 )
00000364: 13.033    (Y': 10.2493   Cb: 14.7655   Cr: 16.6921 )
00000365: 12.9672   (Y': 10.1816   Cb: 14.6748   Cr: 16.6737 )
00000366: 12.9558   (Y': 10.1047   Cb: 14.7416   Cr: 16.8368 )
00000367: 12.9413   (Y': 10.0796   Cb: 14.7473   Cr: 16.8402 )
00000368: 12.8567   (Y': 10.0083   Cb: 14.6363   Cr: 16.7354 )
00000369: 12.7963   (Y': 9.95466   Cb: 14.5966   Cr: 16.6104 )
00000370: 12.8131   (Y': 9.99325   Cb: 14.6003   Cr: 16.5481 )
00000371: 12.851    (Y': 10.058    Cb: 14.5983   Cr: 16.5279 )
00000372: 12.899    (Y': 10.1396   Cb: 14.6307   Cr: 16.4536 )
00000373: 12.967    (Y': 10.257    Cb: 14.6727   Cr: 16.3545 )
00000374: 12.8947   (Y': 10.142    Cb: 14.6775   Cr: 16.3448 )
00000375: 12.7515   (Y': 9.97166   Cb: 14.5807   Cr: 16.2476 )
00000376: 12.5184   (Y': 9.66169   Cb: 14.5138   Cr: 16.1048 )
00000377: 12.5325   (Y': 9.72534   Cb: 14.4208   Cr: 16.0588 )
00000378: 12.5034   (Y': 9.71458   Cb: 14.3583   Cr: 16.0001 )
00000379: 12.5017   (Y': 9.78766   Cb: 14.1777   Cr: 15.9499 )
00000381: 12.4399   (Y': 9.66561   Cb: 14.2699   Cr: 15.9112 )
00000380: 12.4794   (Y': 9.73674   Cb: 14.2695   Cr: 15.8773 )
00000382: 12.4263   (Y': 9.67702   Cb: 14.2024   Cr: 15.8718 )
00000384: 12.4614   (Y': 9.70153   Cb: 14.1751   Cr: 16.0457 )
00000383: 12.3728   (Y': 9.63266   Cb: 14.102    Cr: 15.8498 )
00000385: 12.4467   (Y': 9.6882    Cb: 14.1419   Cr: 16.0535 )
00000386: 12.4665   (Y': 9.62882   Cb: 14.3674   Cr: 16.1077 )
00000387: 12.4919   (Y': 9.64358   Cb: 14.4718   Cr: 16.0639 )
00000388: 12.4534   (Y': 9.63622   Cb: 14.3732   Cr: 15.9772 )
00000389: 12.4248   (Y': 9.66497   Cb: 14.2659   Cr: 15.82   )
00000390: 12.3241   (Y': 9.6205    Cb: 14.0715   Cr: 15.6249 )
00000391: 12.3607   (Y': 9.67172   Cb: 14.0955   Cr: 15.6218 )
00000392: 12.3539   (Y': 9.66126   Cb: 14.0976   Cr: 15.617  )
00000393: 12.3612   (Y': 9.64959   Cb: 14.1752   Cr: 15.6003 )
00000394: 12.3203   (Y': 9.56518   Cb: 14.0413   Cr: 15.8726 )
00000395: 12.3906   (Y': 9.67224   Cb: 14.0799   Cr: 15.8365 )
00000396: 12.2773   (Y': 9.52269   Cb: 14.0379   Cr: 15.768  )
00000400: 12.7369   (Y': 10.0734   Cb: 14.3711   Cr: 16.043  )
00000398: 12.7121   (Y': 10.0064   Cb: 14.3245   Cr: 16.2223 )
00000397: 12.36     (Y': 9.54144   Cb: 14.2544   Cr: 15.9265 )
00000399: 12.6967   (Y': 9.97964   Cb: 14.3533   Cr: 16.1864 )
00000401: 12.8022   (Y': 10.1391   Cb: 14.4542   Cr: 16.0808 )
00000402: 12.8985   (Y': 10.3014   Cb: 14.4164   Cr: 16.1177 )
00000403: 12.9769   (Y': 10.3619   Cb: 14.5484   Cr: 16.1862 )
00000404: 13.0212   (Y': 10.3737   Cb: 14.7187   Cr: 16.1744 )
00000407: 12.9404   (Y': 10.4128   Cb: 14.4638   Cr: 15.897  )
00000405: 12.9645   (Y': 10.3786   Cb: 14.5899   Cr: 15.9883 )
00000406: 12.9427   (Y': 10.3717   Cb: 14.4895   Cr: 16.0227 )
00000408: 13.0305   (Y': 10.4777   Cb: 14.626    Cr: 15.977  )
00000409: 13.0562   (Y': 10.4987   Cb: 14.655    Cr: 16.0143 )
00000410: 13.0766   (Y': 10.5089   Cb: 14.8354   Cr: 15.86   )
00000411: 13.1061   (Y': 10.5802   Cb: 14.7874   Cr: 15.8461 )
00000412: 13.0731   (Y': 10.5429   Cb: 14.7876   Cr: 15.786  )
00000415: 12.9717   (Y': 10.5253   Cb: 14.6272   Cr: 15.4863 )
00000413: 13.0528   (Y': 10.5568   Cb: 14.722    Cr: 15.709  )
00000416: 12.9453   (Y': 10.553    Cb: 14.6277   Cr: 15.2629 )
00000414: 13.0146   (Y': 10.5608   Cb: 14.6354   Cr: 15.5953 )
00000417: 12.8888   (Y': 10.4892   Cb: 14.5602   Cr: 15.2408 )
00000418: 12.8048   (Y': 10.3325   Cb: 14.559    Cr: 15.2821 )
00000419: 12.8093   (Y': 10.3132   Cb: 14.4783   Cr: 15.4663 )
00000420: 12.8137   (Y': 10.3108   Cb: 14.4812   Cr: 15.4946 )
00000421: 12.8226   (Y': 10.3222   Cb: 14.5237   Cr: 15.4535 )
00000423: 12.7144   (Y': 10.222    Cb: 14.4767   Cr: 15.2451 )
00000422: 12.6891   (Y': 10.2067   Cb: 14.4514   Cr: 15.1881 )
00000424: 12.721    (Y': 10.1199   Cb: 14.5972   Cr: 15.4728 )
00000425: 12.7366   (Y': 10.1344   Cb: 14.6014   Cr: 15.5062 )
00000427: 12.584    (Y': 9.87637   Cb: 14.4107   Cr: 15.7895 )
00000426: 12.6042   (Y': 9.93243   Cb: 14.4272   Cr: 15.678  )
00000428: 12.5887   (Y': 9.8614    Cb: 14.3978   Cr: 15.8968 )
00000429: 12.6487   (Y': 9.93122   Cb: 14.3515   Cr: 16.0711 )
00000430: 12.5509   (Y': 9.87116   Cb: 14.1211   Cr: 16.0187 )
00000431: 12.6701   (Y': 10.0049   Cb: 14.2206   Cr: 16.1086 )
00000432: 12.7382   (Y': 10.0893   Cb: 14.2018   Cr: 16.2468 )
00000433: 12.7617   (Y': 10.0743   Cb: 14.2494   Cr: 16.3934 )
00000434: 12.7636   (Y': 10.1266   Cb: 14.1421   Cr: 16.3615 )
00000435: 12.7246   (Y': 10.0749   Cb: 14.1147   Cr: 16.3573 )
00000436: 12.709    (Y': 10.0669   Cb: 14.0634   Cr: 16.3694 )
00000437: 12.7422   (Y': 10.1144   Cb: 14.0656   Cr: 16.3948 )
00000440: 12.8317   (Y': 10.2205   Cb: 14.225    Cr: 16.2995 )
00000438: 12.7782   (Y': 10.1881   Cb: 14.0584   Cr: 16.3464 )
00000439: 12.7417   (Y': 10.1107   Cb: 14.1074   Cr: 16.3359 )
00000441: 12.7892   (Y': 10.2003   Cb: 14.1668   Cr: 16.1919 )
00000444: 12.9902   (Y': 10.4469   Cb: 14.3616   Cr: 16.2259 )
00000442: 12.8658   (Y': 10.2975   Cb: 14.2793   Cr: 16.1325 )
00000443: 12.9135   (Y': 10.3565   Cb: 14.2671   Cr: 16.2298 )
00000445: 12.9683   (Y': 10.4329   Cb: 14.3078   Cr: 16.2235 )
00000447: 12.7023   (Y': 10.0709   Cb: 14.0094   Cr: 16.3983 )
00000446: 12.8428   (Y': 10.2108   Cb: 14.2593   Cr: 16.3581 )
00000448: 12.3394   (Y': 9.63926   Cb: 13.8625   Cr: 15.968  )
00000449: 12.2314   (Y': 9.61214   Cb: 13.6119   Cr: 15.7523 )
00000452: 12.2246   (Y': 9.52436   Cb: 13.606    Cr: 16.0937 )
00000450: 12.2711   (Y': 9.63284   Cb: 13.6601   Cr: 15.857  )
00000451: 12.2819   (Y': 9.64392   Cb: 13.6149   Cr: 15.9612 )
00000453: 12.195    (Y': 9.52519   Cb: 13.5196   Cr: 16.0284 )
00000454: 12.0459   (Y': 9.35509   Cb: 13.4563   Cr: 15.822  )
00000455: 12.0931   (Y': 9.4172    Cb: 13.4885   Cr: 15.8299 )
00000456: 12.1647   (Y': 9.44592   Cb: 13.6315   Cr: 15.9691 )
00000457: 12.168    (Y': 9.41875   Cb: 13.6479   Cr: 16.0884 )
00000459: 12.2739   (Y': 9.44726   Cb: 14.0238   Cr: 16.0993 )
00000458: 12.2412   (Y': 9.42917   Cb: 13.9107   Cr: 16.1304 )
00000461: 12.2913   (Y': 9.50241   Cb: 13.8995   Cr: 16.1752 )
00000460: 12.2613   (Y': 9.41932   Cb: 14.0222   Cr: 16.1401 )
00000462: 12.2999   (Y': 9.51371   Cb: 13.9605   Cr: 16.0842 )
00000463: 12.3239   (Y': 9.55427   Cb: 13.9931   Cr: 16.0206 )
00000464: 12.3112   (Y': 9.57431   Cb: 14.0031   Cr: 15.8307 )
00000465: 12.3261   (Y': 9.59077   Cb: 13.9736   Cr: 15.9072 )
00000466: 12.3704   (Y': 9.64218   Cb: 13.9868   Cr: 15.9699 )
00000468: 12.2697   (Y': 9.59993   Cb: 13.7746   Cr: 15.7993 )
00000467: 12.3482   (Y': 9.62931   Cb: 13.8711   Cr: 16.0587 )
00000469: 12.3208   (Y': 9.62854   Cb: 13.8459   Cr: 15.9126 )
00000470: 12.3158   (Y': 9.61481   Cb: 13.7359   Cr: 16.1206 )
00000471: 12.3093   (Y': 9.61889   Cb: 13.7472   Cr: 16.0366 )
00000472: 12.261    (Y': 9.54519   Cb: 13.7166   Cr: 16.0708 )
00000473: 12.2582   (Y': 9.58529   Cb: 13.6351   Cr: 16.0134 )
00000476: 12.1493   (Y': 9.53274   Cb: 13.4805   Cr: 15.7413 )
00000475: 12.1866   (Y': 9.58258   Cb: 13.4977   Cr: 15.7597 )
00000474: 12.1993   (Y': 9.60433   Cb: 13.4984   Cr: 15.7558 )
00000477: 12.1993   (Y': 9.58428   Cb: 13.5482   Cr: 15.7551 )
00000480: 12.5784   (Y': 10.0905   Cb: 13.7185   Cr: 15.9742 )
00000479: 12.3979   (Y': 9.87897   Cb: 13.6162   Cr: 15.7837 )
00000478: 12.1585   (Y': 9.57577   Cb: 13.4485   Cr: 15.6796 )
00000483: 12.5834   (Y': 10.076    Cb: 13.8      Cr: 15.9278 )
00000481: 12.5263   (Y': 10.045    Cb: 13.6824   Cr: 15.87   )
00000482: 12.5757   (Y': 10.0877   Cb: 13.7782   Cr: 15.8685 )
00000484: 12.7252   (Y': 10.1434   Cb: 14.0298   Cr: 16.2187 )
00000485: 12.7299   (Y': 10.154    Cb: 13.9643   Cr: 16.3176 )
00000486: 12.7236   (Y': 10.1073   Cb: 14.0183   Cr: 16.3766 )
00000487: 12.7502   (Y': 10.1142   Cb: 14.1169   Cr: 16.3642 )
00000488: 12.9458   (Y': 10.254    Cb: 14.404    Cr: 16.6454 )
00000489: 12.9318   (Y': 10.2344   Cb: 14.3873   Cr: 16.6605 )
00000490: 12.8798   (Y': 10.1894   Cb: 14.3803   Cr: 16.5035 )
00000491: 12.9232   (Y': 10.2338   Cb: 14.4265   Cr: 16.538  )
00000492: 12.9988   (Y': 10.3171   Cb: 14.462    Cr: 16.6464 )
00000493: 12.9495   (Y': 10.2654   Cb: 14.3705   Cr: 16.6782 )
00000494: 13.0264   (Y': 10.2926   Cb: 14.6225   Cr: 16.6824 )
00000495: 13.0179   (Y': 10.2627   Cb: 14.6226   Cr: 16.7541 )
00000496: 13.0821   (Y': 10.3605   Cb: 14.6721   Cr: 16.6952 )
00000497: 13.0572   (Y': 10.333    Cb: 14.617    Cr: 16.7299 )
00000500: 12.8969   (Y': 10.2594   Cb: 14.216    Cr: 16.598  )
00000498: 13.0383   (Y': 10.3413   Cb: 14.5605   Cr: 16.6552 )
00000499: 13.0559   (Y': 10.3904   Cb: 14.4863   Cr: 16.6887 )
00000501: 12.8111   (Y': 10.2242   Cb: 14.0359   Cr: 16.4615 )
00000502: 12.7044   (Y': 10.1444   Cb: 13.8874   Cr: 16.3152 )
00000503: 12.6426   (Y': 10.0791   Cb: 13.7993   Cr: 16.314  )
00000504: 12.6156   (Y': 10.0319   Cb: 13.8077   Cr: 16.31   )
00000506: 12.5187   (Y': 9.9512    Cb: 13.6098   Cr: 16.3276 )
00000505: 12.668    (Y': 10.0947   Cb: 13.8231   Cr: 16.3839 )
00000507: 12.5253   (Y': 9.99035   Cb: 13.5784   Cr: 16.2653 )
00000510: 12.3774   (Y': 9.83135   Cb: 13.4256   Cr: 16.174  )
00000508: 12.3942   (Y': 9.89014   Cb: 13.4196   Cr: 16.0559 )
00000509: 12.392    (Y': 9.89854   Cb: 13.3736   Cr: 16.0913 )
00000511: 12.3489   (Y': 9.83563   Cb: 13.353    Cr: 16.0887 )
00000512: 12.2675   (Y': 9.76262   Cb: 13.2696   Cr: 15.9753 )
00000513: 12.1993   (Y': 9.69132   Cb: 13.1899   Cr: 15.9422 )
00000514: 12.0953   (Y': 9.58558   Cb: 13.1544   Cr: 15.7191 )
00000517: 12.1298   (Y': 9.65037   Cb: 13.0879   Cr: 15.8141 )
00000518: 12.1792   (Y': 9.74919   Cb: 13.1286   Cr: 15.6807 )
00000519: 12.2912   (Y': 9.88038   Cb: 13.1905   Cr: 15.8087 )
00000516: 12.074    (Y': 9.59548   Cb: 13.0297   Cr: 15.7597 )
00000520: 12.3196   (Y': 9.88284   Cb: 13.3066   Cr: 15.7805 )
00000515: 12.0918   (Y': 9.5882    Cb: 13.0783   Cr: 15.8239 )
00000521: 12.2631   (Y': 9.84608   Cb: 13.2411   Cr: 15.6636 )
00000522: 12.309    (Y': 9.90517   Cb: 13.2974   Cr: 15.6417 )
00000523: 12.2936   (Y': 9.93024   Cb: 13.2091   Cr: 15.6017 )
00000524: 12.319    (Y': 9.94673   Cb: 13.3227   Cr: 15.5099 )
00000525: 12.4031   (Y': 10.0056   Cb: 13.4356   Cr: 15.6381 )
00000527: 12.3733   (Y': 9.96984   Cb: 13.4525   Cr: 15.5532 )
00000526: 12.3643   (Y': 9.99527   Cb: 13.3894   Cr: 15.5087 )
00000529: 12.2277   (Y': 9.8772    Cb: 13.2013   Cr: 15.391  )
00000530: 12.2339   (Y': 9.93723   Cb: 13.1682   Cr: 15.2739 )
00000528: 12.3432   (Y': 9.99557   Cb: 13.3216   Cr: 15.488  )
00000532: 12.2475   (Y': 9.97882   Cb: 13.1309   Cr: 15.2748 )
00000531: 12.2147   (Y': 9.92543   Cb: 13.1276   Cr: 15.2642 )
00000533: 12.2703   (Y': 10.0087   Cb: 13.1573   Cr: 15.268  )
00000534: 12.1622   (Y': 9.92658   Cb: 13.041    Cr: 15.0872 )
00000536: 12.072    (Y': 9.89965   Cb: 12.838    Cr: 14.974  )
00000537: 12.0778   (Y': 9.90312   Cb: 12.8555   Cr: 14.968  )
00000535: 12.1085   (Y': 9.88366   Cb: 12.9496   Cr: 15.0586 )
00000538: 12.0464   (Y': 9.83523   Cb: 12.8586   Cr: 14.9986 )
00000541: 12.037    (Y': 9.71436   Cb: 12.9849   Cr: 15.1442 )
00000540: 11.9997   (Y': 9.70752   Cb: 12.9192   Cr: 15.0484 )
00000542: 11.9727   (Y': 9.57448   Cb: 13.0127   Cr: 15.1978 )
00000539: 12.0288   (Y': 9.79564   Cb: 12.8707   Cr: 15.0054 )
00000543: 11.957    (Y': 9.53932   Cb: 13.0501   Cr: 15.1661 )
00000544: 12.05     (Y': 9.58463   Cb: 13.2075   Cr: 15.331  )
00000546: 12.0804   (Y': 9.67055   Cb: 13.1162   Cr: 15.3555 )
00000545: 12.0855   (Y': 9.62804   Cb: 13.2658   Cr: 15.2998 )
00000547: 11.98     (Y': 9.59978   Cb: 12.9388   Cr: 15.2758 )
00000548: 11.7492   (Y': 9.39897   Cb: 12.7057   Cr: 14.9394 )
00000549: 11.6594   (Y': 9.26586   Cb: 12.6744   Cr: 14.9088 )
00000551: 11.8579   (Y': 9.4203    Cb: 13.0142   Cr: 15.0379 )
00000550: 11.7419   (Y': 9.34941   Cb: 12.7682   Cr: 14.9691 )
00000552: 11.9306   (Y': 9.44837   Cb: 13.1102   Cr: 15.2387 )
00000554: 11.9815   (Y': 9.50856   Cb: 13.0467   Cr: 15.4465 )
00000555: 11.9677   (Y': 9.53737   Cb: 12.9353   Cr: 15.4379 )
00000553: 11.9539   (Y': 9.47045   Cb: 13.0852   Cr: 15.3469 )
00000557: 11.7436   (Y': 9.3603    Cb: 12.646    Cr: 15.1491 )
00000556: 11.7565   (Y': 9.353     Cb: 12.6415   Cr: 15.2712 )
00000558: 11.6636   (Y': 9.28216   Cb: 12.6086   Cr: 14.9873 )
00000559: 11.7153   (Y': 9.29112   Cb: 12.7803   Cr: 14.9947 )
00000560: 11.8961   (Y': 9.40329   Cb: 13.0577   Cr: 15.2748 )
00000561: 11.9182   (Y': 9.3817    Cb: 13.1205   Cr: 15.4004 )
00000562: 11.8842   (Y': 9.41585   Cb: 12.993    Cr: 15.2573 )
00000563: 11.8655   (Y': 9.41754   Cb: 12.9482   Cr: 15.2047 )
00000564: 11.7681   (Y': 9.33608   Cb: 12.797    Cr: 15.1377 )
00000565: 11.7733   (Y': 9.3876    Cb: 12.7159   Cr: 15.1172 )
00000566: 11.8388   (Y': 9.55537   Cb: 12.6547   Cr: 15.0311 )
00000567: 11.8655   (Y': 9.60624   Cb: 12.6059   Cr: 15.1043 )
00000570: 11.6557   (Y': 9.41115   Cb: 12.3599   Cr: 14.9074 )
00000569: 11.7891   (Y': 9.55571   Cb: 12.4751   Cr: 15.0337 )
00000568: 11.7605   (Y': 9.55558   Cb: 12.4661   Cr: 14.8718 )
00000573: 11.3831   (Y': 9.25829   Cb: 11.9947   Cr: 14.3909 )
00000572: 11.4251   (Y': 9.29091   Cb: 11.9822   Cr: 14.5608 )
00000571: 11.5508   (Y': 9.31157   Cb: 12.2388   Cr: 14.8129 )
00000574: 11.3763   (Y': 9.28876   Cb: 11.9637   Cr: 14.3062 )
00000575: 11.4487   (Y': 9.40173   Cb: 12.0386   Cr: 14.2478 )
00000576: 11.6079   (Y': 9.5579    Cb: 12.2295   Cr: 14.364  )
00000577: 11.752    (Y': 9.71756   Cb: 12.3581   Cr: 14.4868 )
00000579: 11.8514   (Y': 9.80806   Cb: 12.424    Cr: 14.6685 )
00000578: 11.7308   (Y': 9.75593   Cb: 12.225    Cr: 14.4735 )
00000580: 11.8089   (Y': 9.65931   Cb: 12.5477   Cr: 14.6824 )
00000582: 11.8333   (Y': 9.5493    Cb: 12.7062   Cr: 14.9304 )
00000583: 11.8861   (Y': 9.57192   Cb: 12.7705   Cr: 15.0698 )
00000581: 11.8674   (Y': 9.66799   Cb: 12.6912   Cr: 14.7629 )
00000584: 11.7929   (Y': 9.54316   Cb: 12.5424   Cr: 14.982  )
00000585: 11.7653   (Y': 9.56127   Cb: 12.3959   Cr: 15.0076 )
00000587: 11.8981   (Y': 9.75477   Cb: 12.364    Cr: 15.2362 )
00000586: 11.7547   (Y': 9.60531   Cb: 12.217    Cr: 15.1211 )
00000589: 12.0064   (Y': 9.92241   Cb: 12.4493   Cr: 15.1838 )
00000590: 11.6755   (Y': 9.69728   Cb: 11.9052   Cr: 14.9125 )
00000588: 12.0833   (Y': 9.97601   Cb: 12.555    Cr: 15.2856 )
00000591: 11.5458   (Y': 9.54761   Cb: 11.8108   Cr: 14.7791 )
00000592: 11.4435   (Y': 9.51454   Cb: 11.6771   Cr: 14.5134 )
00000593: 11.4325   (Y': 9.45531   Cb: 11.7503   Cr: 14.4953 )
00000594: 11.4      (Y': 9.44959   Cb: 11.773    Cr: 14.2782 )
00000596: 11.6112   (Y': 9.5472    Cb: 12.1047   Cr: 14.6301 )
00000595: 11.4699   (Y': 9.47349   Cb: 11.8572   Cr: 14.4649 )
Total: 12.5763   (Y': 9.84892   Cb: 14.369    Cr: 15.908  )
