./ps4_degrader: invalid option -- 'v'
Capturing with the following configuration:
 - Capture device: DeckLink 4K Extreme 12G
 - Video mode: 720p59.94
 - Pixel format: 8 bit BGRA (4:4:4:x)
[libx264 @ 0x397be40] using cpu capabilities: MMX2 SSE2Fast SSSE3 SSE4.2 AVX AVX2 FMA3 LZCNT BMI2
[libx264 @ 0x397be40] profile High 4:2:2 Intra, level 3.1, 4:2:2 8-bit
PLAYBACK (hw timestamp): Frame 38 Displayed Late. Expected (+/- 5%): 50000
	Timestamp delay: 66682
	Hardware timestamp delay: 66719
PLAYBACK (hw timestamp): Frame 68 Displayed Late. Expected (+/- 5%): 50000
	Timestamp delay: 66738
	Hardware timestamp delay: 66688
PLAYBACK (hw timestamp): Frame 74 Displayed Late. Expected (+/- 5%): 50000
	Timestamp delay: 66600
	Hardware timestamp delay: 66720
PLAYBACK (hw timestamp): Frame 76 Displayed Late. Expected (+/- 5%): 50000
	Timestamp delay: 66644
	Hardware timestamp delay: 66671
PLAYBACK (hw timestamp): Frame 83 Displayed Late. Expected (+/- 5%): 50000
	Timestamp delay: 66785
	Hardware timestamp delay: 66716
PLAYBACK (hw timestamp): Frame 88 Displayed Late. Expected (+/- 5%): 50000
	Timestamp delay: 66836
	Hardware timestamp delay: 66750
PLAYBACK (hw timestamp): Frame 92 Displayed Late. Expected (+/- 5%): 50000
	Timestamp delay: 66850
	Hardware timestamp delay: 66740
PLAYBACK (hw timestamp): Frame 101 Displayed Late. Expected (+/- 5%): 50000
	Timestamp delay: 66735
	Hardware timestamp delay: 66773
PLAYBACK (hw timestamp): Frame 107 Displayed Late. Expected (+/- 5%): 50000
	Timestamp delay: 66742
	Hardware timestamp delay: 66683
PLAYBACK (hw timestamp): Frame 110 Displayed Late. Expected (+/- 5%): 50000
	Timestamp delay: 66786
	Hardware timestamp delay: 66761
PLAYBACK (hw timestamp): Frame 114 Displayed Late. Expected (+/- 5%): 50000
	Timestamp delay: 66669
	Hardware timestamp delay: 66704
PLAYBACK (hw timestamp): Frame 117 Displayed Late. Expected (+/- 5%): 50000
	Timestamp delay: 66632
	Hardware timestamp delay: 66682
PLAYBACK (hw timestamp): Frame 119 Displayed Late. Expected (+/- 5%): 50000
	Timestamp delay: 66805
	Hardware timestamp delay: 66758
PLAYBACK (hw timestamp): Frame 126 Displayed Late. Expected (+/- 5%): 50000
	Timestamp delay: 66788
	Hardware timestamp delay: 66762
PLAYBACK (hw timestamp): Frame 130 Displayed Late. Expected (+/- 5%): 50000
	Timestamp delay: 66740
	Hardware timestamp delay: 66717
PLAYBACK (hw timestamp): Frame 134 Displayed Late. Expected (+/- 5%): 50000
	Timestamp delay: 66734
	Hardware timestamp delay: 66758
PLAYBACK (hw timestamp): Frame 139 Displayed Late. Expected (+/- 5%): 50000
	Timestamp delay: 66732
	Hardware timestamp delay: 66770
PLAYBACK (hw timestamp): Frame 143 Displayed Late. Expected (+/- 5%): 50000
	Timestamp delay: 66751
	Hardware timestamp delay: 66733
PLAYBACK (hw timestamp): Frame 146 Displayed Late. Expected (+/- 5%): 50000
	Timestamp delay: 66674
	Hardware timestamp delay: 66745
PLAYBACK (hw timestamp): Frame 153 Displayed Late. Expected (+/- 5%): 50000
	Timestamp delay: 66695
	Hardware timestamp delay: 66695
PLAYBACK (hw timestamp): Frame 156 Displayed Late. Expected (+/- 5%): 50000
	Timestamp delay: 66798
	Hardware timestamp delay: 66798
PLAYBACK (hw timestamp): Frame 161 Displayed Late. Expected (+/- 5%): 50000
	Timestamp delay: 66835
	Hardware timestamp delay: 66750
PLAYBACK (hw timestamp): Frame 167 Displayed Late. Expected (+/- 5%): 50000
	Timestamp delay: 66662
	Hardware timestamp delay: 66743
PLAYBACK (hw timestamp): Frame 173 Displayed Late. Expected (+/- 5%): 50000
	Timestamp delay: 66766
	Hardware timestamp delay: 66771
PLAYBACK (hw timestamp): Frame 178 Displayed Late. Expected (+/- 5%): 50000
	Timestamp delay: 66871
	Hardware timestamp delay: 66733
PLAYBACK (hw timestamp): Frame 185 Displayed Late. Expected (+/- 5%): 50000
	Timestamp delay: 66763
	Hardware timestamp delay: 66716
PLAYBACK (hw timestamp): Frame 190 Displayed Late. Expected (+/- 5%): 50000
	Timestamp delay: 66654
	Hardware timestamp delay: 66706
PLAYBACK (hw timestamp): Frame 193 Displayed Late. Expected (+/- 5%): 50000
	Timestamp delay: 66844
	Hardware timestamp delay: 66747
PLAYBACK (hw timestamp): Frame 196 Displayed Late. Expected (+/- 5%): 50000
	Timestamp delay: 66591
	Hardware timestamp delay: 66697
PLAYBACK (hw timestamp): Frame 199 Displayed Late. Expected (+/- 5%): 50000
	Timestamp delay: 66741
	Hardware timestamp delay: 66736
PLAYBACK (hw timestamp): Frame 203 Displayed Late. Expected (+/- 5%): 50000
	Timestamp delay: 66721
	Hardware timestamp delay: 66714
PLAYBACK (hw timestamp): Frame 208 Displayed Late. Expected (+/- 5%): 50000
	Timestamp delay: 100067
	Hardware timestamp delay: 100096
PLAYBACK (hw timestamp): Frame 215 Displayed Late. Expected (+/- 5%): 50000
	Timestamp delay: 66739
	Hardware timestamp delay: 66785
PLAYBACK (hw timestamp): Frame 220 Displayed Late. Expected (+/- 5%): 50000
	Timestamp delay: 66647
	Hardware timestamp delay: 66722
PLAYBACK (hw timestamp): Frame 224 Displayed Late. Expected (+/- 5%): 50000
	Timestamp delay: 66790
	Hardware timestamp delay: 66738
PLAYBACK (hw timestamp): Frame 230 Displayed Late. Expected (+/- 5%): 50000
	Timestamp delay: 66723
	Hardware timestamp delay: 66816
PLAYBACK (hw timestamp): Frame 233 Displayed Late. Expected (+/- 5%): 50000
	Timestamp delay: 66660
	Hardware timestamp delay: 66714
PLAYBACK (hw timestamp): Frame 237 Displayed Late. Expected (+/- 5%): 50000
	Timestamp delay: 66816
	Hardware timestamp delay: 66765
PLAYBACK (hw timestamp): Frame 241 Displayed Late. Expected (+/- 5%): 50000
	Timestamp delay: 66751
	Hardware timestamp delay: 66749
PLAYBACK (hw timestamp): Frame 245 Displayed Late. Expected (+/- 5%): 50000
	Timestamp delay: 66783
	Hardware timestamp delay: 66745
PLAYBACK (hw timestamp): Frame 255 Displayed Late. Expected (+/- 5%): 50000
	Timestamp delay: 66658
	Hardware timestamp delay: 66761
PLAYBACK (hw timestamp): Frame 260 Displayed Late. Expected (+/- 5%): 50000
	Timestamp delay: 66730
	Hardware timestamp delay: 66678
PLAYBACK (hw timestamp): Frame 263 Displayed Late. Expected (+/- 5%): 50000
	Timestamp delay: 66664
	Hardware timestamp delay: 66716
PLAYBACK (hw timestamp): Frame 268 Displayed Late. Expected (+/- 5%): 50000
	Timestamp delay: 66663
	Hardware timestamp delay: 66734
PLAYBACK (hw timestamp): Frame 271 Displayed Late. Expected (+/- 5%): 50000
	Timestamp delay: 66832
	Hardware timestamp delay: 66656
PLAYBACK (hw timestamp): Frame 275 Displayed Late. Expected (+/- 5%): 50000
	Timestamp delay: 66737
	Hardware timestamp delay: 66735
PLAYBACK (hw timestamp): Frame 278 Displayed Late. Expected (+/- 5%): 50000
	Timestamp delay: 66717
	Hardware timestamp delay: 66765
PLAYBACK (hw timestamp): Frame 282 Displayed Late. Expected (+/- 5%): 50000
	Timestamp delay: 66729
	Hardware timestamp delay: 66705
PLAYBACK (hw timestamp): Frame 286 Displayed Late. Expected (+/- 5%): 50000
	Timestamp delay: 66673
	Hardware timestamp delay: 66736
PLAYBACK (hw timestamp): Frame 290 Displayed Late. Expected (+/- 5%): 50000
	Timestamp delay: 66662
	Hardware timestamp delay: 66707
PLAYBACK (hw timestamp): Frame 300 Displayed Late. Expected (+/- 5%): 50000
	Timestamp delay: 66820
	Hardware timestamp delay: 66722
PLAYBACK (hw timestamp): Frame 307 Displayed Late. Expected (+/- 5%): 50000
	Timestamp delay: 66792
	Hardware timestamp delay: 66654
CAPTURE: dropped a frame (dropped_count=0)
PLAYBACK (hw timestamp): Frame 308 Displayed Late. Expected (+/- 5%): 50000
	Timestamp delay: 200124
	Hardware timestamp delay: 200153
PLAYBACK (hw timestamp): Frame 315 Displayed Late. Expected (+/- 5%): 50000
	Timestamp delay: 66818
	Hardware timestamp delay: 66767
PLAYBACK (hw timestamp): Frame 319 Displayed Late. Expected (+/- 5%): 50000
	Timestamp delay: 66780
	Hardware timestamp delay: 66771
PLAYBACK (hw timestamp): Frame 322 Displayed Late. Expected (+/- 5%): 50000
	Timestamp delay: 66817
	Hardware timestamp delay: 66813
PLAYBACK (hw timestamp): Frame 328 Displayed Late. Expected (+/- 5%): 50000
	Timestamp delay: 66757
	Hardware timestamp delay: 66782
PLAYBACK (hw timestamp): Frame 333 Displayed Late. Expected (+/- 5%): 50000
	Timestamp delay: 66759
	Hardware timestamp delay: 66710
PLAYBACK (hw timestamp): Frame 338 Displayed Late. Expected (+/- 5%): 50000
	Timestamp delay: 66724
	Hardware timestamp delay: 66755
PLAYBACK (hw timestamp): Frame 342 Displayed Late. Expected (+/- 5%): 50000
	Timestamp delay: 66778
	Hardware timestamp delay: 66778
PLAYBACK (hw timestamp): Frame 351 Displayed Late. Expected (+/- 5%): 50000
	Timestamp delay: 66587
	Hardware timestamp delay: 66761
PLAYBACK (hw timestamp): Frame 357 Displayed Late. Expected (+/- 5%): 50000
	Timestamp delay: 66860
	Hardware timestamp delay: 66701
PLAYBACK (hw timestamp): Frame 360 Displayed Late. Expected (+/- 5%): 50000
	Timestamp delay: 66732
	Hardware timestamp delay: 66734
PLAYBACK (hw timestamp): Frame 364 Displayed Late. Expected (+/- 5%): 50000
	Timestamp delay: 66652
	Hardware timestamp delay: 66719
PLAYBACK (hw timestamp): Frame 375 Displayed Late. Expected (+/- 5%): 50000
	Timestamp delay: 66806
	Hardware timestamp delay: 66741
PLAYBACK (hw timestamp): Frame 378 Displayed Late. Expected (+/- 5%): 50000
	Timestamp delay: 66845
	Hardware timestamp delay: 66812
PLAYBACK (hw timestamp): Frame 383 Displayed Late. Expected (+/- 5%): 50000
	Timestamp delay: 66735
	Hardware timestamp delay: 66763
PLAYBACK (hw timestamp): Frame 386 Displayed Late. Expected (+/- 5%): 50000
	Timestamp delay: 66741
	Hardware timestamp delay: 66731
PLAYBACK (hw timestamp): Frame 388 Displayed Late. Expected (+/- 5%): 50000
	Timestamp delay: 66778
	Hardware timestamp delay: 66756
PLAYBACK (hw timestamp): Frame 395 Displayed Late. Expected (+/- 5%): 50000
	Timestamp delay: 66808
	Hardware timestamp delay: 66740
PLAYBACK (hw timestamp): Frame 398 Displayed Late. Expected (+/- 5%): 50000
	Timestamp delay: 66727
	Hardware timestamp delay: 66764
PLAYBACK (hw timestamp): Frame 406 Displayed Late. Expected (+/- 5%): 50000
	Timestamp delay: 66797
	Hardware timestamp delay: 66815
PLAYBACK (hw timestamp): Frame 410 Displayed Late. Expected (+/- 5%): 50000
	Timestamp delay: 66717
	Hardware timestamp delay: 66763
PLAYBACK (hw timestamp): Frame 413 Displayed Late. Expected (+/- 5%): 50000
	Timestamp delay: 66833
	Hardware timestamp delay: 66773
PLAYBACK (hw timestamp): Frame 419 Displayed Late. Expected (+/- 5%): 50000
	Timestamp delay: 66660
	Hardware timestamp delay: 66766
PLAYBACK (hw timestamp): Frame 422 Displayed Late. Expected (+/- 5%): 50000
	Timestamp delay: 66732
	Hardware timestamp delay: 66752
PLAYBACK (hw timestamp): Frame 426 Displayed Late. Expected (+/- 5%): 50000
	Timestamp delay: 66727
	Hardware timestamp delay: 66648
PLAYBACK (hw timestamp): Frame 429 Displayed Late. Expected (+/- 5%): 50000
	Timestamp delay: 66733
	Hardware timestamp delay: 66735
PLAYBACK (hw timestamp): Frame 434 Displayed Late. Expected (+/- 5%): 50000
	Timestamp delay: 66682
	Hardware timestamp delay: 66702
PLAYBACK (hw timestamp): Frame 437 Displayed Late. Expected (+/- 5%): 50000
	Timestamp delay: 66764
	Hardware timestamp delay: 66744
PLAYBACK (hw timestamp): Frame 442 Displayed Late. Expected (+/- 5%): 50000
	Timestamp delay: 66655
	Hardware timestamp delay: 66780
PLAYBACK (hw timestamp): Frame 445 Displayed Late. Expected (+/- 5%): 50000
	Timestamp delay: 66709
	Hardware timestamp delay: 66674
PLAYBACK (hw timestamp): Frame 455 Displayed Late. Expected (+/- 5%): 50000
	Timestamp delay: 66829
	Hardware timestamp delay: 66816
PLAYBACK (hw timestamp): Frame 468 Displayed Late. Expected (+/- 5%): 50000
	Timestamp delay: 66707
	Hardware timestamp delay: 66711
PLAYBACK (hw timestamp): Frame 475 Displayed Late. Expected (+/- 5%): 50000
	Timestamp delay: 66633
	Hardware timestamp delay: 66738
PLAYBACK (hw timestamp): Frame 478 Displayed Late. Expected (+/- 5%): 50000
	Timestamp delay: 66820
	Hardware timestamp delay: 66694
PLAYBACK (hw timestamp): Frame 481 Displayed Late. Expected (+/- 5%): 50000
	Timestamp delay: 66729
	Hardware timestamp delay: 66663
PLAYBACK (hw timestamp): Frame 487 Displayed Late. Expected (+/- 5%): 50000
	Timestamp delay: 66807
	Hardware timestamp delay: 66753
PLAYBACK (hw timestamp): Frame 491 Displayed Late. Expected (+/- 5%): 50000
	Timestamp delay: 66645
	Hardware timestamp delay: 66767
PLAYBACK (hw timestamp): Frame 494 Displayed Late. Expected (+/- 5%): 50000
	Timestamp delay: 66685
	Hardware timestamp delay: 66716
PLAYBACK (hw timestamp): Frame 496 Displayed Late. Expected (+/- 5%): 50000
	Timestamp delay: 66811
	Hardware timestamp delay: 66737
PLAYBACK (hw timestamp): Frame 500 Displayed Late. Expected (+/- 5%): 50000
	Timestamp delay: 66719
	Hardware timestamp delay: 66759
PLAYBACK (hw timestamp): Frame 503 Displayed Late. Expected (+/- 5%): 50000
	Timestamp delay: 66714
	Hardware timestamp delay: 66737
PLAYBACK (hw timestamp): Frame 507 Displayed Late. Expected (+/- 5%): 50000
	Timestamp delay: 66815
	Hardware timestamp delay: 66737
PLAYBACK (hw timestamp): Frame 514 Displayed Late. Expected (+/- 5%): 50000
	Timestamp delay: 66767
	Hardware timestamp delay: 66682
PLAYBACK (hw timestamp): Frame 520 Displayed Late. Expected (+/- 5%): 50000
	Timestamp delay: 66760
	Hardware timestamp delay: 66706
PLAYBACK (hw timestamp): Frame 524 Displayed Late. Expected (+/- 5%): 50000
	Timestamp delay: 66738
	Hardware timestamp delay: 66777
PLAYBACK (hw timestamp): Frame 526 Displayed Late. Expected (+/- 5%): 50000
	Timestamp delay: 66730
	Hardware timestamp delay: 66779
PLAYBACK (hw timestamp): Frame 529 Displayed Late. Expected (+/- 5%): 50000
	Timestamp delay: 66782
	Hardware timestamp delay: 66777
PLAYBACK (hw timestamp): Frame 534 Displayed Late. Expected (+/- 5%): 50000
	Timestamp delay: 66729
	Hardware timestamp delay: 66705
PLAYBACK (hw timestamp): Frame 537 Displayed Late. Expected (+/- 5%): 50000
	Timestamp delay: 66613
	Hardware timestamp delay: 66771
PLAYBACK (hw timestamp): Frame 542 Displayed Late. Expected (+/- 5%): 50000
	Timestamp delay: 66811
	Hardware timestamp delay: 66795
PLAYBACK (hw timestamp): Frame 545 Displayed Late. Expected (+/- 5%): 50000
	Timestamp delay: 66752
	Hardware timestamp delay: 66749
PLAYBACK (hw timestamp): Frame 548 Displayed Late. Expected (+/- 5%): 50000
	Timestamp delay: 66677
	Hardware timestamp delay: 66709
PLAYBACK (hw timestamp): Frame 550 Displayed Late. Expected (+/- 5%): 50000
	Timestamp delay: 66746
	Hardware timestamp delay: 66741
PLAYBACK (hw timestamp): Frame 554 Displayed Late. Expected (+/- 5%): 50000
	Timestamp delay: 66734
	Hardware timestamp delay: 66756
PLAYBACK (hw timestamp): Frame 558 Displayed Late. Expected (+/- 5%): 50000
	Timestamp delay: 66736
	Hardware timestamp delay: 66753
PLAYBACK (hw timestamp): Frame 567 Displayed Late. Expected (+/- 5%): 50000
	Timestamp delay: 66698
	Hardware timestamp delay: 66733
PLAYBACK (hw timestamp): Frame 571 Displayed Late. Expected (+/- 5%): 50000
	Timestamp delay: 66682
	Hardware timestamp delay: 66728
PLAYBACK (hw timestamp): Frame 577 Displayed Late. Expected (+/- 5%): 50000
	Timestamp delay: 66802
	Hardware timestamp delay: 66728
PLAYBACK (hw timestamp): Frame 582 Displayed Late. Expected (+/- 5%): 50000
	Timestamp delay: 66678
	Hardware timestamp delay: 66721
PLAYBACK (hw timestamp): Frame 586 Displayed Late. Expected (+/- 5%): 50000
	Timestamp delay: 66731
	Hardware timestamp delay: 66740
[libx264 @ 0x397be40] frame I:595   Avg QP:40.00  size: 11766
[libx264 @ 0x397be40] mb I  I16..4: 29.1% 64.4%  6.5%
[libx264 @ 0x397be40] final ratefactor: 38.34
[libx264 @ 0x397be40] 8x8 transform intra:64.4%
[libx264 @ 0x397be40] coded y,uvDC,uvAC intra: 19.7% 27.7% 2.1%
[libx264 @ 0x397be40] i16 v,h,dc,p: 27% 42% 18% 14%
[libx264 @ 0x397be40] i8 v,h,dc,ddl,ddr,vr,hd,vl,hu: 13% 15% 58%  2%  3%  2%  4%  1%  3%
[libx264 @ 0x397be40] i4 v,h,dc,ddl,ddr,vr,hd,vl,hu: 20% 21% 29%  5%  6%  4%  6%  4%  6%
[libx264 @ 0x397be40] i8c dc,h,v,p: 88%  6%  5%  0%
[libx264 @ 0x397be40] kb/s:1882.49
Stopping Capture
