00000001: 11.2888   (Y': 8.92226   Cb: 12.2996   Cr: 14.4478 )
00000002: 11.2965   (Y': 9.01167   Cb: 12.2574   Cr: 14.2535 )
00000000: 11.3907   (Y': 9.02424   Cb: 12.3957   Cr: 14.5587 )
00000007: 11.7613   (Y': 9.56221   Cb: 12.8496   Cr: 14.2605 )
00000005: 11.0882   (Y': 8.8452    Cb: 12.0423   Cr: 13.9186 )
00000006: 11.3799   (Y': 9.18524   Cb: 12.4184   Cr: 13.9358 )
00000003: 11.3673   (Y': 9.11144   Cb: 12.3078   Cr: 14.2605 )
00000004: 11.2337   (Y': 8.99027   Cb: 12.1733   Cr: 14.0878 )
00000009: 11.4624   (Y': 9.30663   Cb: 12.4263   Cr: 14.0097 )
00000008: 11.6465   (Y': 9.49445   Cb: 12.6128   Cr: 14.1792 )
00000011: 11.2822   (Y': 9.18949   Cb: 12.2461   Cr: 13.6483 )
00000010: 11.3923   (Y': 9.19224   Cb: 12.4571   Cr: 13.927  )
00000012: 11.308    (Y': 9.2126    Cb: 12.2291   Cr: 13.7413 )
00000013: 11.4271   (Y': 9.34302   Cb: 12.4144   Cr: 13.737  )
00000015: 11.1201   (Y': 9.12382   Cb: 11.9705   Cr: 13.3804 )
00000014: 11.1455   (Y': 9.14071   Cb: 11.9672   Cr: 13.4682 )
00000017: 10.9985   (Y': 8.96069   Cb: 11.8279   Cr: 13.4011 )
00000016: 10.9734   (Y': 8.98747   Cb: 11.8104   Cr: 13.2244 )
00000019: 11.0707   (Y': 8.89705   Cb: 11.9573   Cr: 13.7862 )
00000018: 10.9799   (Y': 8.84844   Cb: 11.8749   Cr: 13.5554 )
00000021: 10.8521   (Y': 8.60333   Cb: 11.7279   Cr: 13.8249 )
00000020: 10.9933   (Y': 8.78023   Cb: 11.9003   Cr: 13.8009 )
00000022: 10.8322   (Y': 8.55081   Cb: 11.7497   Cr: 13.8469 )
00000023: 10.6747   (Y': 8.40758   Cb: 11.4972   Cr: 13.7983 )
00000024: 10.5052   (Y': 8.2147    Cb: 11.4772   Cr: 13.4639 )
00000025: 10.5865   (Y': 8.30478   Cb: 11.4918   Cr: 13.6226 )
00000026: 10.6512   (Y': 8.3526    Cb: 11.6208   Cr: 13.6408 )
00000027: 10.7318   (Y': 8.34083   Cb: 11.724    Cr: 14.0104 )
00000028: 10.8884   (Y': 8.4877    Cb: 11.9211   Cr: 14.1349 )
00000031: 11.3141   (Y': 8.84932   Cb: 12.4278   Cr: 14.6652 )
00000029: 10.9215   (Y': 8.4757    Cb: 11.9864   Cr: 14.2822 )
00000030: 11.156    (Y': 8.69088   Cb: 12.2721   Cr: 14.504  )
00000032: 11.3648   (Y': 8.87678   Cb: 12.5411   Cr: 14.7003 )
00000033: 11.4319   (Y': 8.94222   Cb: 12.6494   Cr: 14.707  )
00000034: 11.3027   (Y': 8.90789   Cb: 12.4022   Cr: 14.4191 )
00000035: 11.3162   (Y': 8.96961   Cb: 12.4175   Cr: 14.2625 )
00000038: 11.4075   (Y': 9.15186   Cb: 12.4118   Cr: 14.2018 )
00000036: 11.2599   (Y': 8.92923   Cb: 12.3008   Cr: 14.2455 )
00000037: 11.1673   (Y': 8.93647   Cb: 12.0763   Cr: 14.029  )
00000039: 11.4633   (Y': 9.24829   Cb: 12.4241   Cr: 14.1947 )
00000040: 11.5591   (Y': 9.38728   Cb: 12.4394   Cr: 14.2789 )
00000041: 11.5074   (Y': 9.43299   Cb: 12.2545   Cr: 14.1377 )
00000042: 11.1027   (Y': 9.08509   Cb: 11.7908   Cr: 13.6584 )
00000043: 11.0134   (Y': 9.10456   Cb: 11.4662   Cr: 13.6332 )
00000045: 10.8117   (Y': 8.9739    Cb: 11.2537   Cr: 13.2531 )
00000044: 10.8727   (Y': 9.06285   Cb: 11.2756   Cr: 13.3019 )
00000046: 10.9012   (Y': 9.06153   Cb: 11.5049   Cr: 13.1027 )
00000047: 11.0759   (Y': 9.24269   Cb: 11.6545   Cr: 13.2978 )
00000048: 11.2198   (Y': 9.41703   Cb: 11.8287   Cr: 13.3221 )
00000049: 11.1279   (Y': 9.36804   Cb: 11.6627   Cr: 13.2307 )
00000050: 11.006    (Y': 9.31355   Cb: 11.4886   Cr: 13.0219 )
00000051: 10.9702   (Y': 9.28775   Cb: 11.4703   Cr: 12.9382 )
00000053: 10.9921   (Y': 9.35965   Cb: 11.4695   Cr: 12.8775 )
00000054: 10.9397   (Y': 9.4089    Cb: 11.3708   Cr: 12.6667 )
00000052: 10.9588   (Y': 9.32731   Cb: 11.421    Cr: 12.8631 )
00000055: 10.9563   (Y': 9.42736   Cb: 11.3588   Cr: 12.7183 )
00000058: 10.9913   (Y': 9.62827   Cb: 11.3145   Cr: 12.5216 )
00000057: 11.0282   (Y': 9.66241   Cb: 11.3298   Cr: 12.5924 )
00000056: 11.0228   (Y': 9.64863   Cb: 11.3561   Cr: 12.5613 )
00000061: 11.0286   (Y': 9.47326   Cb: 11.5072   Cr: 12.7441 )
00000059: 11.0643   (Y': 9.59438   Cb: 11.4775   Cr: 12.6886 )
00000063: 11.0165   (Y': 9.40936   Cb: 11.5116   Cr: 12.8215 )
00000062: 11.0511   (Y': 9.49893   Cb: 11.5235   Cr: 12.7678 )
00000060: 11.054    (Y': 9.52608   Cb: 11.5445   Cr: 12.6963 )
00000065: 11.1453   (Y': 9.35914   Cb: 11.7979   Cr: 13.1465 )
00000064: 11.1263   (Y': 9.42401   Cb: 11.6731   Cr: 13.0753 )
00000066: 11.1848   (Y': 9.34014   Cb: 11.8942   Cr: 13.2506 )
00000067: 11.1974   (Y': 9.34382   Cb: 11.9165   Cr: 13.2715 )
00000068: 11.0253   (Y': 9.18665   Cb: 11.737    Cr: 13.0732 )
00000070: 11.1474   (Y': 9.47303   Cb: 11.7109   Cr: 13.0098 )
00000069: 10.9776   (Y': 9.19525   Cb: 11.6412   Cr: 12.9548 )
00000071: 11.1871   (Y': 9.50801   Cb: 11.8065   Cr: 12.9855 )
00000072: 11.1312   (Y': 9.38775   Cb: 11.8162   Cr: 12.9894 )
00000073: 11.2424   (Y': 9.48798   Cb: 11.9103   Cr: 13.1482 )
00000074: 11.4478   (Y': 9.60674   Cb: 12.2398   Cr: 13.3946 )
00000076: 11.3207   (Y': 9.35895   Cb: 12.1249   Cr: 13.5533 )
00000079: 11.1545   (Y': 9.20951   Cb: 11.879    Cr: 13.4553 )
00000078: 11.1425   (Y': 9.1681    Cb: 11.8852   Cr: 13.4961 )
00000075: 11.372    (Y': 9.46216   Cb: 12.2322   Cr: 13.3969 )
00000077: 11.1944   (Y': 9.22879   Cb: 12.0078   Cr: 13.4243 )
00000080: 11.358    (Y': 9.39418   Cb: 12.0647   Cr: 13.7357 )
00000081: 11.4404   (Y': 9.4309    Cb: 12.1712   Cr: 13.9084 )
00000082: 11.7164   (Y': 9.5189    Cb: 12.5306   Cr: 14.6207 )
00000084: 11.9853   (Y': 9.75133   Cb: 12.8512   Cr: 14.9257 )
00000083: 11.8329   (Y': 9.63866   Cb: 12.6413   Cr: 14.7364 )
00000087: 12.3933   (Y': 10.0398   Cb: 13.4168   Cr: 15.4851 )
00000086: 12.3883   (Y': 10.0763   Cb: 13.4064   Cr: 15.3468 )
00000085: 12.141    (Y': 9.91978   Cb: 12.9997   Cr: 15.0507 )
00000089: 12.499    (Y': 10.0347   Cb: 13.6442   Cr: 15.7957 )
00000088: 12.5071   (Y': 10.0163   Cb: 13.6381   Cr: 15.9293 )
00000090: 12.3407   (Y': 9.91839   Cb: 13.4057   Cr: 15.6129 )
00000091: 12.3775   (Y': 9.95556   Cb: 13.4884   Cr: 15.5734 )
00000095: 11.9256   (Y': 9.30959   Cb: 13.2753   Cr: 15.484  )
00000092: 12.2968   (Y': 9.8692    Cb: 13.4186   Cr: 15.4958 )
00000093: 12.2504   (Y': 9.7362    Cb: 13.4824   Cr: 15.5957 )
00000094: 12.0977   (Y': 9.53327   Cb: 13.3836   Cr: 15.5522 )
00000097: 11.8211   (Y': 9.10276   Cb: 13.4154   Cr: 15.4131 )
00000096: 11.7617   (Y': 9.07083   Cb: 13.3079   Cr: 15.3137 )
00000098: 11.9736   (Y': 9.15392   Cb: 13.8271   Cr: 15.6059 )
00000099: 12.0907   (Y': 9.20574   Cb: 14.0166   Cr: 15.9093 )
00000101: 12.4221   (Y': 9.31551   Cb: 14.821    Cr: 16.6288 )
00000103: 12.4501   (Y': 9.35115   Cb: 14.8108   Cr: 16.674  )
00000100: 12.3924   (Y': 9.35687   Cb: 14.6358   Cr: 16.4622 )
00000102: 12.3702   (Y': 9.23859   Cb: 14.7581   Cr: 16.7319 )
00000104: 12.5868   (Y': 9.51381   Cb: 14.833    Cr: 16.8492 )
00000105: 12.5498   (Y': 9.47644   Cb: 14.8008   Cr: 16.8071 )
00000106: 12.4295   (Y': 9.2962    Cb: 14.8322   Cr: 16.7771 )
00000107: 12.5788   (Y': 9.49722   Cb: 14.8799   Cr: 16.8013 )
00000110: 12.5721   (Y': 9.62968   Cb: 14.6416   Cr: 16.4434 )
00000108: 12.6815   (Y': 9.74271   Cb: 14.7589   Cr: 16.5233 )
00000109: 12.5553   (Y': 9.65542   Cb: 14.5524   Cr: 16.3352 )
00000111: 12.7024   (Y': 9.7754    Cb: 14.6649   Cr: 16.6645 )
00000112: 12.7921   (Y': 9.84505   Cb: 14.8358   Cr: 16.7254 )
00000113: 13.1867   (Y': 10.2661   Cb: 15.2112   Cr: 17.0218 )
00000114: 13.1627   (Y': 10.2241   Cb: 15.4052   Cr: 16.7672 )
00000115: 13.0882   (Y': 10.279    Cb: 15.2319   Cr: 16.2755 )
00000118: 12.8547   (Y': 10.1163   Cb: 14.8183   Cr: 15.9962 )
00000116: 12.8857   (Y': 10.1501   Cb: 14.7896   Cr: 16.0958 )
00000119: 12.8329   (Y': 10.0631   Cb: 14.8949   Cr: 15.969  )
00000117: 12.9267   (Y': 10.1625   Cb: 14.8973   Cr: 16.16   )
00000120: 12.6753   (Y': 9.99552   Cb: 14.5196   Cr: 15.7507 )
00000121: 12.6645   (Y': 9.98729   Cb: 14.4881   Cr: 15.7575 )
00000122: 12.5762   (Y': 9.96146   Cb: 14.2129   Cr: 15.6909 )
00000123: 12.4864   (Y': 9.81656   Cb: 14.1672   Cr: 15.7497 )
00000124: 12.3826   (Y': 9.70214   Cb: 13.9651   Cr: 15.8345 )
00000127: 12.5593   (Y': 9.84027   Cb: 14.2012   Cr: 16.0798 )
00000125: 12.383    (Y': 9.70183   Cb: 13.9225   Cr: 15.9051 )
00000126: 12.5263   (Y': 9.80627   Cb: 14.1554   Cr: 16.0711 )
00000128: 12.8357   (Y': 10.061    Cb: 14.4935   Cr: 16.5732 )
00000129: 12.9216   (Y': 10.1822   Cb: 14.5246   Cr: 16.5906 )
00000130: 12.6581   (Y': 9.89419   Cb: 14.2487   Cr: 16.4571 )
00000131: 12.7265   (Y': 9.96785   Cb: 14.3495   Cr: 16.4486 )
00000132: 12.6734   (Y': 9.94633   Cb: 14.2366   Cr: 16.3534 )
00000133: 12.4565   (Y': 9.73061   Cb: 13.9441   Cr: 16.2571 )
00000134: 12.3529   (Y': 9.638     Cb: 13.867    Cr: 16.0601 )
00000135: 12.2473   (Y': 9.52303   Cb: 13.7874   Cr: 15.9528 )
00000137: 12.1402   (Y': 9.47997   Cb: 13.554    Cr: 15.7775 )
00000136: 12.1729   (Y': 9.48761   Cb: 13.6079   Cr: 15.8829 )
00000138: 12.2756   (Y': 9.61465   Cb: 13.764    Cr: 15.7948 )
00000140: 12.3442   (Y': 9.61675   Cb: 14.0113   Cr: 15.8614 )
00000139: 12.1762   (Y': 9.49358   Cb: 13.7199   Cr: 15.6972 )
00000141: 12.382    (Y': 9.65673   Cb: 14.1087   Cr: 15.8011 )
00000142: 12.512    (Y': 9.75671   Cb: 14.2839   Cr: 15.9887 )
00000143: 12.4377   (Y': 9.70897   Cb: 14.1138   Cr: 15.9471 )
00000144: 12.2849   (Y': 9.57121   Cb: 13.9367   Cr: 15.7683 )
00000145: 12.1922   (Y': 9.50222   Cb: 13.7997   Cr: 15.645  )
00000146: 12.0636   (Y': 9.41095   Cb: 13.5667   Cr: 15.5254 )
00000147: 12.0128   (Y': 9.35121   Cb: 13.5363   Cr: 15.4791 )
00000148: 11.9986   (Y': 9.32664   Cb: 13.5445   Cr: 15.4726 )
00000149: 11.9618   (Y': 9.29045   Cb: 13.4781   Cr: 15.4794 )
00000150: 11.7898   (Y': 9.10297   Cb: 13.26     Cr: 15.448  )
00000151: 11.7192   (Y': 8.99614   Cb: 13.2652   Cr: 15.4099 )
00000152: 11.7043   (Y': 8.98903   Cb: 13.1992   Cr: 15.4455 )
00000153: 11.7796   (Y': 9.07732   Cb: 13.2304   Cr: 15.5375 )
00000154: 11.9466   (Y': 9.24544   Cb: 13.4046   Cr: 15.6872 )
00000155: 12.0156   (Y': 9.30869   Cb: 13.4876   Cr: 15.7581 )
00000157: 12.1193   (Y': 9.36311   Cb: 13.7946   Cr: 15.7475 )
00000156: 12.1087   (Y': 9.40882   Cb: 13.6961   Cr: 15.6333 )
00000158: 12.2282   (Y': 9.38114   Cb: 14.1502   Cr: 15.8796 )
00000159: 12.221    (Y': 9.3595    Cb: 14.2006   Cr: 15.8519 )
00000160: 12.2159   (Y': 9.37284   Cb: 14.1909   Cr: 15.7719 )
00000161: 12.2047   (Y': 9.37494   Cb: 14.1982   Cr: 15.677  )
00000162: 12.2503   (Y': 9.42672   Cb: 14.2993   Cr: 15.6198 )
00000163: 12.3587   (Y': 9.54897   Cb: 14.3939   Cr: 15.6898 )
00000167: 12.2364   (Y': 9.5781    Cb: 14.0331   Cr: 15.2948 )
00000165: 12.2553   (Y': 9.52281   Cb: 14.2253   Cr: 15.3655 )
00000164: 12.3483   (Y': 9.58303   Cb: 14.3311   Cr: 15.5702 )
00000166: 12.2682   (Y': 9.5912    Cb: 14.0973   Cr: 15.3531 )
00000168: 12.2666   (Y': 9.58122   Cb: 14.0871   Cr: 15.395  )
00000169: 12.2369   (Y': 9.536     Cb: 14.0642   Cr: 15.4158 )
00000170: 12.3436   (Y': 9.582     Cb: 14.2116   Cr: 15.7077 )
00000171: 12.3159   (Y': 9.54923   Cb: 14.1096   Cr: 15.8087 )
00000175: 12.3652   (Y': 9.51736   Cb: 14.3808   Cr: 15.8841 )
00000172: 12.3421   (Y': 9.55773   Cb: 14.1901   Cr: 15.8296 )
00000176: 12.3467   (Y': 9.47981   Cb: 14.3665   Cr: 15.943  )
00000173: 12.366    (Y': 9.5903    Cb: 14.2052   Cr: 15.8298 )
00000174: 12.3907   (Y': 9.5593    Cb: 14.3465   Cr: 15.9237 )
00000177: 12.305    (Y': 9.42567   Cb: 14.4077   Cr: 15.8392 )
00000178: 12.3711   (Y': 9.51841   Cb: 14.3391   Cr: 15.9796 )
00000179: 12.388    (Y': 9.54388   Cb: 14.3205   Cr: 16.0106 )
00000182: 12.5318   (Y': 9.69415   Cb: 14.4424   Cr: 16.1581 )
00000180: 12.4386   (Y': 9.61481   Cb: 14.3009   Cr: 16.076  )
00000183: 12.4742   (Y': 9.65619   Cb: 14.286    Cr: 16.1627 )
00000181: 12.4577   (Y': 9.60733   Cb: 14.374    Cr: 16.1322 )
00000184: 12.5476   (Y': 9.70146   Cb: 14.4092   Cr: 16.2864 )
00000186: 12.5637   (Y': 9.74877   Cb: 14.3407   Cr: 16.2927 )
00000185: 12.541    (Y': 9.70402   Cb: 14.3521   Cr: 16.3167 )
00000187: 12.556    (Y': 9.74648   Cb: 14.3047   Cr: 16.3047 )
00000190: 12.4651   (Y': 9.71794   Cb: 14.1748   Cr: 16.0012 )
00000192: 12.4356   (Y': 9.70314   Cb: 14.1566   Cr: 15.8927 )
00000191: 12.4118   (Y': 9.64988   Cb: 14.1223   Cr: 16.0097 )
00000188: 12.4888   (Y': 9.70308   Cb: 14.2199   Cr: 16.1589 )
00000193: 12.3902   (Y': 9.63931   Cb: 14.1357   Cr: 15.8878 )
00000189: 12.4729   (Y': 9.71352   Cb: 14.1599   Cr: 16.0963 )
00000194: 12.4655   (Y': 9.84673   Cb: 13.9842   Cr: 15.7679 )
00000195: 12.4292   (Y': 9.78729   Cb: 13.9762   Cr: 15.7796 )
00000196: 12.3719   (Y': 9.76805   Cb: 13.8318   Cr: 15.7054 )
00000197: 12.3465   (Y': 9.74307   Cb: 13.8623   Cr: 15.5936 )
00000198: 12.2766   (Y': 9.65655   Cb: 13.7883   Cr: 15.5939 )
00000200: 12.1588   (Y': 9.53592   Cb: 13.6163   Cr: 15.5714 )
00000202: 11.9917   (Y': 9.3215    Cb: 13.3952   Cr: 15.6894 )
00000201: 12.0871   (Y': 9.44454   Cb: 13.5523   Cr: 15.5675 )
00000203: 11.9754   (Y': 9.33326   Cb: 13.3405   Cr: 15.6182 )
00000199: 12.2492   (Y': 9.63426   Cb: 13.7445   Cr: 15.5719 )
00000204: 11.783    (Y': 9.11847   Cb: 13.1756   Cr: 15.4744 )
00000206: 11.4988   (Y': 8.84693   Cb: 12.886    Cr: 15.1455 )
00000205: 11.6787   (Y': 9.02674   Cb: 13.0619   Cr: 15.3324 )
00000207: 11.4915   (Y': 8.83767   Cb: 12.8808   Cr: 15.1426 )
00000208: 11.5425   (Y': 8.93005   Cb: 12.8657   Cr: 15.1303 )
00000210: 11.6229   (Y': 9.03437   Cb: 12.9071   Cr: 15.178  )
00000212: 11.5883   (Y': 8.96786   Cb: 12.9697   Cr: 15.1125 )
00000213: 11.5257   (Y': 8.87364   Cb: 12.9634   Cr: 15.0893 )
00000214: 11.3942   (Y': 8.74551   Cb: 12.8193   Cr: 14.9646 )
00000209: 11.5091   (Y': 8.91308   Cb: 12.7987   Cr: 15.0853 )
00000211: 11.5752   (Y': 8.96992   Cb: 12.9026   Cr: 15.1268 )
00000216: 11.4044   (Y': 8.85473   Cb: 12.7677   Cr: 14.6771 )
00000215: 11.408    (Y': 8.7848    Cb: 12.8254   Cr: 14.8857 )
00000217: 11.3964   (Y': 8.83912   Cb: 12.7921   Cr: 14.648  )
00000219: 11.8021   (Y': 9.38733   Cb: 13.0042   Cr: 14.8289 )
00000220: 11.7401   (Y': 9.31621   Cb: 12.968    Cr: 14.7602 )
00000221: 11.6419   (Y': 9.1896    Cb: 12.9049   Cr: 14.7092 )
00000218: 11.5801   (Y': 9.07616   Cb: 12.918    Cr: 14.7204 )
00000222: 11.7992   (Y': 9.37696   Cb: 13.0841   Cr: 14.7289 )
00000223: 11.7951   (Y': 9.37781   Cb: 13.0536   Cr: 14.7467 )
00000224: 11.8055   (Y': 9.43293   Cb: 13.0176   Cr: 14.6735 )
00000225: 11.8361   (Y': 9.48799   Cb: 12.9884   Cr: 14.7104 )
00000226: 11.7192   (Y': 9.39521   Cb: 12.8194   Cr: 14.5914 )
00000227: 11.6454   (Y': 9.2579    Cb: 12.8553   Cr: 14.567  )
00000229: 11.615    (Y': 9.29009   Cb: 12.783    Cr: 14.3904 )
00000230: 11.182    (Y': 8.74988   Cb: 12.5154   Cr: 14.075  )
00000231: 11.1091   (Y': 8.61278   Cb: 12.5137   Cr: 14.1233 )
00000228: 11.637    (Y': 9.29735   Cb: 12.8086   Cr: 14.4553 )
00000232: 11.0649   (Y': 8.67751   Cb: 12.3079   Cr: 13.9372 )
00000235: 11.1159   (Y': 8.69885   Cb: 12.4918   Cr: 13.8986 )
00000236: 11.1551   (Y': 8.70239   Cb: 12.6645   Cr: 13.8748 )
00000234: 11.0392   (Y': 8.64022   Cb: 12.3047   Cr: 13.9181 )
00000233: 11.0262   (Y': 8.65014   Cb: 12.2735   Cr: 13.8545 )
00000237: 11.1664   (Y': 8.69023   Cb: 12.7547   Cr: 13.8608 )
00000238: 11.2666   (Y': 8.81764   Cb: 12.906    Cr: 13.8086 )
00000239: 11.2099   (Y': 8.74981   Cb: 12.8914   Cr: 13.7357 )
00000240: 11.2631   (Y': 8.83554   Cb: 12.8942   Cr: 13.7484 )
00000241: 11.4143   (Y': 9.01279   Cb: 12.9845   Cr: 13.894  )
00000242: 11.519    (Y': 9.13696   Cb: 13.1148   Cr: 13.9082 )
00000243: 11.511    (Y': 9.17183   Cb: 13.0343   Cr: 13.8603 )
00000244: 11.4008   (Y': 8.98208   Cb: 12.9699   Cr: 13.9352 )
00000247: 11.647    (Y': 9.16386   Cb: 13.2473   Cr: 14.3486 )
00000245: 11.4104   (Y': 8.95887   Cb: 13.0182   Cr: 13.9999 )
00000246: 11.5191   (Y': 9.02967   Cb: 13.1668   Cr: 14.1811 )
00000248: 11.6359   (Y': 9.11056   Cb: 13.2505   Cr: 14.4607 )
00000249: 11.6259   (Y': 9.10453   Cb: 13.2096   Cr: 14.4784 )
00000250: 11.6543   (Y': 9.16816   Cb: 13.1854   Cr: 14.4567 )
00000251: 11.6113   (Y': 9.11586   Cb: 13.1664   Cr: 14.4131 )
00000252: 11.8117   (Y': 9.3002    Cb: 13.283    Cr: 14.7844 )
00000254: 11.6643   (Y': 9.09193   Cb: 13.2533   Cr: 14.6898 )
00000255: 11.6612   (Y': 9.05552   Cb: 13.3093   Cr: 14.7268 )
00000253: 11.7223   (Y': 9.14857   Cb: 13.3247   Cr: 14.7343 )
00000257: 11.6516   (Y': 9.06195   Cb: 13.3185   Cr: 14.6329 )
00000258: 11.823    (Y': 9.25555   Cb: 13.4692   Cr: 14.7529 )
00000256: 11.652    (Y': 9.07307   Cb: 13.3005   Cr: 14.6192 )
00000259: 11.8613   (Y': 9.3166    Cb: 13.4792   Cr: 14.7489 )
00000260: 11.8885   (Y': 9.37494   Cb: 13.5103   Cr: 14.6639 )
00000261: 11.9662   (Y': 9.50767   Cb: 13.5558   Cr: 14.6012 )
00000262: 11.8445   (Y': 9.31749   Cb: 13.4513   Cr: 14.6857 )
00000264: 11.7397   (Y': 9.17311   Cb: 13.3849   Cr: 14.6674 )
00000263: 11.7416   (Y': 9.23173   Cb: 13.3073   Cr: 14.5785 )
00000265: 11.6645   (Y': 9.10428   Cb: 13.2357   Cr: 14.671  )
00000269: 11.7691   (Y': 9.20647   Cb: 13.2387   Cr: 14.9301 )
00000267: 11.7254   (Y': 9.15307   Cb: 13.2644   Cr: 14.8213 )
00000268: 11.7427   (Y': 9.16813   Cb: 13.2608   Cr: 14.8772 )
00000266: 11.7329   (Y': 9.15242   Cb: 13.3429   Cr: 14.7589 )
00000270: 11.6357   (Y': 9.06689   Cb: 13.0074   Cr: 14.9692 )
00000271: 11.6143   (Y': 9.06931   Cb: 12.8644   Cr: 15.0502 )
00000273: 11.5079   (Y': 9.02654   Cb: 12.624    Cr: 14.9188 )
00000272: 11.5958   (Y': 9.1333    Cb: 12.7085   Cr: 14.9395 )
00000274: 11.343    (Y': 8.85153   Cb: 12.3823   Cr: 14.9281 )
00000276: 11.7237   (Y': 9.38649   Cb: 12.571    Cr: 15.0549 )
00000277: 11.8432   (Y': 9.5711    Cb: 12.6218   Cr: 15.0601 )
00000275: 11.4447   (Y': 8.93624   Cb: 12.507    Cr: 15.0576 )
00000278: 12.1315   (Y': 9.93402   Cb: 12.7957   Cr: 15.2905 )
00000279: 12.1057   (Y': 9.89882   Cb: 12.7471   Cr: 15.338  )
00000280: 12.1868   (Y': 9.88822   Cb: 12.9085   Cr: 15.6029 )
00000281: 12.2839   (Y': 9.96278   Cb: 12.9879   Cr: 15.8184 )
00000282: 12.1219   (Y': 9.70672   Cb: 13.0047   Cr: 15.6869 )
00000283: 12.0602   (Y': 9.59803   Cb: 13.0328   Cr: 15.6473 )
00000284: 11.9747   (Y': 9.4815    Cb: 13.0499   Cr: 15.5024 )
00000285: 11.9301   (Y': 9.40557   Cb: 13.064    Cr: 15.4815 )
00000286: 11.7387   (Y': 9.1131    Cb: 13.0636   Cr: 15.3794 )
00000287: 11.7271   (Y': 9.03704   Cb: 13.115    Cr: 15.5394 )
00000288: 11.9272   (Y': 9.19616   Cb: 13.3288   Cr: 15.9028 )
00000289: 11.9531   (Y': 9.19893   Cb: 13.4119   Cr: 15.9344 )
00000291: 12.2747   (Y': 9.52568   Cb: 13.854    Cr: 16.0253 )
00000292: 12.3786   (Y': 9.61739   Cb: 14.0195   Cr: 16.0832 )
00000290: 11.9399   (Y': 9.07257   Cb: 13.7029   Cr: 15.9366 )
00000293: 12.368    (Y': 9.57835   Cb: 14.0728   Cr: 16.0971 )
00000294: 12.4478   (Y': 9.6711    Cb: 14.1555   Cr: 16.1146 )
00000295: 12.4712   (Y': 9.6398    Cb: 14.2603   Cr: 16.2556 )
00000296: 12.5395   (Y': 9.7462    Cb: 14.344    Cr: 16.1303 )
00000297: 12.6366   (Y': 9.80353   Cb: 14.5322   Cr: 16.2654 )
00000298: 12.8744   (Y': 9.98942   Cb: 14.8906   Cr: 16.5572 )
00000299: 12.9071   (Y': 10.0086   Cb: 14.9807   Cr: 16.5679 )
00000301: 13.0269   (Y': 10.0897   Cb: 15.2502   Cr: 16.6515 )
00000300: 12.9194   (Y': 9.97023   Cb: 15.1144   Cr: 16.6383 )
00000302: 13.0118   (Y': 10.0525   Cb: 15.2918   Cr: 16.6589 )
00000303: 13.0558   (Y': 10.1019   Cb: 15.3374   Cr: 16.6765 )
00000304: 13.0176   (Y': 10.025    Cb: 15.3803   Cr: 16.7059 )
00000305: 12.9822   (Y': 9.95614   Cb: 15.4303   Cr: 16.7121 )
00000306: 12.9354   (Y': 9.90292   Cb: 15.4008   Cr: 16.6727 )
00000307: 12.9302   (Y': 9.942     Cb: 15.2631   Cr: 16.6389 )
00000308: 12.9429   (Y': 9.99144   Cb: 15.2147   Cr: 16.5654 )
00000311: 13.0237   (Y': 10.2001   Cb: 14.9956   Cr: 16.5003 )
00000312: 13.151    (Y': 10.2892   Cb: 15.1369   Cr: 16.7741 )
00000310: 12.8723   (Y': 10.0136   Cb: 14.8749   Cr: 16.4572 )
00000309: 12.9826   (Y': 10.0607   Cb: 15.1305   Cr: 16.6432 )
00000313: 13.239    (Y': 10.3026   Cb: 15.4174   Cr: 16.923  )
00000315: 13.3453   (Y': 10.3586   Cb: 15.61     Cr: 17.1422 )
00000316: 13.5147   (Y': 10.5558   Cb: 15.7432   Cr: 17.2312 )
00000314: 13.3498   (Y': 10.4214   Cb: 15.5101   Cr: 17.0229 )
00000317: 13.4766   (Y': 10.5406   Cb: 15.6611   Cr: 17.1497 )
00000318: 13.5713   (Y': 10.6487   Cb: 15.7164   Cr: 17.2386 )
00000319: 13.5559   (Y': 10.623    Cb: 15.7772   Cr: 17.1637 )
00000320: 13.4893   (Y': 10.6204   Cb: 15.5568   Cr: 17.027  )
00000321: 13.3922   (Y': 10.5523   Cb: 15.3611   Cr: 16.943  )
00000323: 13.4123   (Y': 10.6502   Cb: 15.207    Cr: 16.8835 )
00000322: 13.3668   (Y': 10.5255   Cb: 15.3268   Cr: 16.9367 )
00000324: 13.4127   (Y': 10.6547   Cb: 15.1936   Cr: 16.8875 )
00000325: 13.3217   (Y': 10.562    Cb: 15.1272   Cr: 16.7675 )
00000326: 13.3474   (Y': 10.6205   Cb: 15.0261   Cr: 16.8449 )
00000327: 13.2409   (Y': 10.4652   Cb: 14.9212   Cr: 16.9465 )
00000329: 12.9801   (Y': 10.1514   Cb: 14.7547   Cr: 16.7752 )
00000330: 12.8389   (Y': 9.98781   Cb: 14.6187   Cr: 16.7297 )
00000331: 12.9165   (Y': 10.0316   Cb: 14.7117   Cr: 16.9449 )
00000332: 12.7635   (Y': 9.87671   Cb: 14.5373   Cr: 16.8373 )
00000328: 13.0387   (Y': 10.2107   Cb: 14.7954   Cr: 16.8594 )
00000333: 12.8244   (Y': 9.92925   Cb: 14.7146   Cr: 16.7471 )
00000334: 12.8062   (Y': 9.94792   Cb: 14.6223   Cr: 16.6729 )
00000337: 12.5745   (Y': 9.69917   Cb: 14.4295   Cr: 16.4592 )
00000336: 12.645    (Y': 9.75621   Cb: 14.5019   Cr: 16.5912 )
00000339: 12.7805   (Y': 9.87575   Cb: 14.7      Cr: 16.703  )
00000338: 12.7217   (Y': 9.83442   Cb: 14.5832   Cr: 16.6529 )
00000335: 12.748    (Y': 9.91844   Cb: 14.5302   Cr: 16.5347 )
00000341: 13.8376   (Y': 10.9322   Cb: 16.1848   Cr: 17.1605 )
00000340: 13.4699   (Y': 10.4071   Cb: 16.025    Cr: 17.2328 )
00000342: 13.612    (Y': 10.8402   Cb: 15.6829   Cr: 16.7442 )
00000343: 12.9367   (Y': 10.3377   Cb: 14.7499   Cr: 15.7599 )
00000344: 12.0505   (Y': 9.5476    Cb: 13.5956   Cr: 14.8914 )
00000347: 11.9979   (Y': 9.40102   Cb: 13.8198   Cr: 14.8026 )
00000348: 11.8324   (Y': 9.22105   Cb: 13.6592   Cr: 14.6815 )
00000345: 11.8973   (Y': 9.39576   Cb: 13.4442   Cr: 14.731  )
00000349: 11.7903   (Y': 9.21593   Cb: 13.5269   Cr: 14.6251 )
00000346: 11.9796   (Y': 9.44648   Cb: 13.6848   Cr: 14.7139 )
00000350: 11.6799   (Y': 9.06879   Cb: 13.5078   Cr: 14.527  )
00000351: 11.6536   (Y': 9.03414   Cb: 13.5303   Cr: 14.4686 )
00000352: 11.5302   (Y': 8.91242   Cb: 13.42     Cr: 14.3231 )
00000353: 11.4518   (Y': 8.85186   Cb: 13.3247   Cr: 14.2041 )
00000354: 11.2707   (Y': 8.71269   Cb: 13.1492   Cr: 13.8752 )
00000355: 11.1863   (Y': 8.68534   Cb: 12.9799   Cr: 13.7072 )
00000356: 10.9915   (Y': 8.50932   Cb: 12.7421   Cr: 13.504  )
00000357: 10.9417   (Y': 8.47369   Cb: 12.7161   Cr: 13.3815 )
00000358: 12.0687   (Y': 9.35168   Cb: 14.2514   Cr: 14.862  )
00000359: 11.8055   (Y': 9.19272   Cb: 13.7826   Cr: 14.4765 )
00000360: 11.6686   (Y': 9.13262   Cb: 13.7397   Cr: 13.9879 )
00000363: 11.8365   (Y': 9.1417    Cb: 14.2977   Cr: 14.2569 )
00000362: 11.8358   (Y': 9.17503   Cb: 14.2335   Cr: 14.2099 )
00000361: 11.7091   (Y': 9.13235   Cb: 13.8901   Cr: 14.0391 )
00000364: 11.9511   (Y': 9.37731   Cb: 14.2098   Cr: 14.1928 )
00000365: 12.0772   (Y': 9.49128   Cb: 14.2708   Cr: 14.4225 )
00000366: 12.2677   (Y': 9.65048   Cb: 14.4579   Cr: 14.7153 )
00000368: 12.2865   (Y': 9.74054   Cb: 14.6276   Cr: 14.366  )
00000370: 12.1246   (Y': 9.52494   Cb: 14.6323   Cr: 14.2068 )
00000367: 12.2926   (Y': 9.70495   Cb: 14.5916   Cr: 14.5365 )
00000371: 12.0177   (Y': 9.45596   Cb: 14.5444   Cr: 13.9738 )
00000369: 12.2979   (Y': 9.75332   Cb: 14.5757   Cr: 14.4336 )
00000372: 11.7676   (Y': 9.19334   Cb: 14.3529   Cr: 13.708  )
00000373: 11.6563   (Y': 9.09339   Cb: 14.2043   Cr: 13.597  )
00000374: 11.4721   (Y': 8.92178   Cb: 13.8023   Cr: 13.5744 )
00000375: 11.3997   (Y': 8.86696   Cb: 13.721    Cr: 13.4598 )
00000376: 11.244    (Y': 8.68582   Cb: 13.5124   Cr: 13.4293 )
00000377: 11.2822   (Y': 8.70639   Cb: 13.5619   Cr: 13.5096 )
00000378: 11.4526   (Y': 8.87535   Cb: 13.7393   Cr: 13.6772 )
00000379: 11.7298   (Y': 9.15589   Cb: 14.0624   Cr: 13.8994 )
00000380: 11.6511   (Y': 9.07788   Cb: 13.9452   Cr: 13.8561 )
00000382: 11.9047   (Y': 9.28123   Cb: 14.3759   Cr: 14.092  )
00000381: 11.7144   (Y': 9.13428   Cb: 14.0278   Cr: 13.9214 )
00000384: 11.9945   (Y': 9.30481   Cb: 14.6228   Cr: 14.2397 )
00000383: 11.9202   (Y': 9.26109   Cb: 14.4279   Cr: 14.1822 )
00000385: 12.0798   (Y': 9.39728   Cb: 14.6815   Cr: 14.3269 )
00000386: 12.1716   (Y': 9.44365   Cb: 14.9041   Cr: 14.442  )
00000387: 12.1607   (Y': 9.43514   Cb: 14.8772   Cr: 14.4382 )
00000388: 12.125    (Y': 9.35092   Cb: 14.8802   Cr: 14.5237 )
00000389: 12.1996   (Y': 9.41043   Cb: 14.966    Cr: 14.6378 )
00000390: 12.1982   (Y': 9.42711   Cb: 15.0049   Cr: 14.5399 )
00000392: 12.2092   (Y': 9.3978    Cb: 15.0485   Cr: 14.6549 )
00000391: 12.2369   (Y': 9.44817   Cb: 15.1078   Cr: 14.579  )
00000393: 12.1428   (Y': 9.33013   Cb: 14.9711   Cr: 14.6027 )
00000394: 12.0693   (Y': 9.24927   Cb: 14.9004   Cr: 14.5512 )
00000395: 12.0528   (Y': 9.25541   Cb: 14.876    Cr: 14.4664 )
00000396: 12.0028   (Y': 9.17952   Cb: 14.8074   Cr: 14.5207 )
00000398: 11.9531   (Y': 9.1273    Cb: 14.7535   Cr: 14.4833 )
00000397: 11.9628   (Y': 9.13864   Cb: 14.7372   Cr: 14.5119 )
00000399: 12        (Y': 9.1843    Cb: 14.7073   Cr: 14.5847 )
00000401: 12.0378   (Y': 9.17914   Cb: 14.8283   Cr: 14.6926 )
00000400: 12.0057   (Y': 9.16444   Cb: 14.7729   Cr: 14.6216 )
00000402: 12.1166   (Y': 9.22039   Cb: 14.9381   Cr: 14.8766 )
00000403: 12.1047   (Y': 9.19489   Cb: 14.9533   Cr: 14.8886 )
00000404: 12.2104   (Y': 9.30972   Cb: 15.0615   Cr: 14.9578 )
00000405: 12.2038   (Y': 9.29749   Cb: 15.0013   Cr: 15.0251 )
00000406: 12.2301   (Y': 9.31446   Cb: 14.9789   Cr: 15.1366 )
00000409: 12.2614   (Y': 9.34273   Cb: 14.9564   Cr: 15.2359 )
00000407: 12.2098   (Y': 9.28371   Cb: 14.9468   Cr: 15.1686 )
00000408: 12.2933   (Y': 9.38013   Cb: 14.9216   Cr: 15.3189 )
00000410: 12.2364   (Y': 9.29901   Cb: 14.894    Cr: 15.3255 )
00000411: 12.2745   (Y': 9.32395   Cb: 14.9422   Cr: 15.4053 )
00000412: 12.2161   (Y': 9.27861   Cb: 14.8405   Cr: 15.3427 )
00000414: 12.1161   (Y': 9.13789   Cb: 14.7747   Cr: 15.3719 )
00000413: 12.1407   (Y': 9.19018   Cb: 14.7517   Cr: 15.3354 )
00000415: 12.1143   (Y': 9.12709   Cb: 14.7928   Cr: 15.3851 )
00000416: 12.1602   (Y': 9.16542   Cb: 14.843    Cr: 15.4579 )
00000417: 12.2027   (Y': 9.17637   Cb: 14.9522   Cr: 15.5597 )
00000418: 12.2728   (Y': 9.20837   Cb: 15.0814   Cr: 15.7293 )
00000419: 12.2618   (Y': 9.18049   Cb: 15.127    Cr: 15.729  )
00000420: 12.3443   (Y': 9.17645   Cb: 15.352    Cr: 16.0523 )
00000421: 12.3522   (Y': 9.11321   Cb: 15.5474   Cr: 16.1957 )
00000422: 12.4327   (Y': 9.13718   Cb: 15.5848   Cr: 16.6312 )
00000423: 12.4681   (Y': 9.10731   Cb: 15.7733   Cr: 16.8487 )
00000424: 12.4095   (Y': 8.98273   Cb: 15.6689   Cr: 17.2698 )
00000425: 12.5079   (Y': 9.05834   Cb: 15.7417   Cr: 17.5635 )
00000426: 12.4745   (Y': 8.95529   Cb: 15.7942   Cr: 17.915  )
00000428: 12.573    (Y': 9.01746   Cb: 16.0245   Cr: 18.0891 )
00000427: 12.5314   (Y': 8.97543   Cb: 15.9611   Cr: 18.087  )
00000430: 12.5646   (Y': 9.14273   Cb: 15.645    Cr: 17.6622 )
00000429: 12.5377   (Y': 9.02894   Cb: 15.8863   Cr: 17.8509 )
00000431: 12.6358   (Y': 9.23105   Cb: 15.606    Cr: 17.7901 )
00000432: 12.6073   (Y': 9.23854   Cb: 15.407    Cr: 17.7916 )
00000433: 12.5572   (Y': 9.23012   Cb: 15.2078   Cr: 17.7068 )
00000434: 12.3709   (Y': 9.05973   Cb: 14.9567   Cr: 17.5253 )
00000435: 12.1992   (Y': 8.96383   Cb: 14.5889   Cr: 17.1915 )
00000436: 11.9503   (Y': 8.76469   Cb: 14.1674   Cr: 16.9344 )
00000437: 11.8638   (Y': 8.67328   Cb: 14.0938   Cr: 16.8556 )
00000438: 11.824    (Y': 8.64145   Cb: 14.0339   Cr: 16.8015 )
00000439: 11.8739   (Y': 8.70555   Cb: 14.0122   Cr: 16.8947 )
00000440: 12.0732   (Y': 8.91972   Cb: 14.2571   Cr: 16.9124 )
00000441: 12.1331   (Y': 8.96892   Cb: 14.3368   Cr: 17.0039 )
00000442: 12.3195   (Y': 9.14245   Cb: 14.5766   Cr: 17.1741 )
00000443: 12.339    (Y': 9.14709   Cb: 14.6734   Cr: 17.1487 )
00000445: 12.4048   (Y': 9.32515   Cb: 14.727    Cr: 16.5849 )
00000444: 12.4012   (Y': 9.29006   Cb: 14.7067   Cr: 16.7789 )
00000446: 12.4463   (Y': 9.32168   Cb: 14.9761   Cr: 16.5565 )
00000447: 12.4284   (Y': 9.28299   Cb: 14.9968   Cr: 16.5932 )
00000449: 12.3653   (Y': 9.16419   Cb: 15.0481   Cr: 16.6712 )
00000448: 12.3983   (Y': 9.21298   Cb: 14.9954   Cr: 16.742  )
00000450: 12.2914   (Y': 9.13771   Cb: 14.9008   Cr: 16.4424 )
00000451: 12.2522   (Y': 9.09855   Cb: 14.8235   Cr: 16.4582 )
00000452: 12.0732   (Y': 8.95872   Cb: 14.4827   Cr: 16.3071 )
00000453: 11.9286   (Y': 8.83509   Cb: 14.2777   Cr: 16.1413 )
00000454: 11.8508   (Y': 8.806     Cb: 14.0439   Cr: 16.0468 )
00000457: 11.7491   (Y': 8.79464   Cb: 13.8711   Cr: 15.5994 )
00000456: 11.7178   (Y': 8.75399   Cb: 13.8431   Cr: 15.6082 )
00000455: 11.7435   (Y': 8.7414    Cb: 13.8985   Cr: 15.778  )
00000458: 11.7612   (Y': 8.85148   Cb: 13.902    Cr: 15.3766 )
00000459: 11.7811   (Y': 8.91599   Cb: 13.8705   Cr: 15.2718 )
00000460: 11.747    (Y': 8.91192   Cb: 13.848    Cr: 15.0949 )
00000462: 11.6906   (Y': 8.89243   Cb: 13.68     Cr: 15.0365 )
00000461: 11.7683   (Y': 8.96553   Cb: 13.8166   Cr: 15.0532 )
00000465: 11.5692   (Y': 8.83633   Cb: 13.3337   Cr: 14.9637 )
00000463: 11.6318   (Y': 8.84873   Cb: 13.5818   Cr: 14.9694 )
00000464: 11.5344   (Y': 8.76452   Cb: 13.3699   Cr: 14.9791 )
00000466: 11.3556   (Y': 8.67804   Cb: 12.9947   Cr: 14.71   )
00000467: 11.3155   (Y': 8.65481   Cb: 12.9268   Cr: 14.644  )
00000468: 11.2529   (Y': 8.62592   Cb: 12.8386   Cr: 14.4872 )
00000470: 11.0464   (Y': 8.39822   Cb: 12.7526   Cr: 14.1899 )
00000469: 11.1644   (Y': 8.55013   Cb: 12.7648   Cr: 14.329  )
00000471: 10.9868   (Y': 8.357     Cb: 12.6577   Cr: 14.1104 )
00000472: 10.9733   (Y': 8.36991   Cb: 12.6914   Cr: 13.9353 )
00000473: 10.9506   (Y': 8.37195   Cb: 12.652    Cr: 13.8466 )
00000474: 10.9207   (Y': 8.28691   Cb: 12.7381   Cr: 13.8619 )
00000475: 10.9849   (Y': 8.37697   Cb: 12.7387   Cr: 13.9161 )
00000476: 10.9826   (Y': 8.335     Cb: 12.7957   Cr: 13.9794 )
00000477: 10.9663   (Y': 8.29749   Cb: 12.8073   Cr: 14.0049 )
00000478: 10.8869   (Y': 8.17413   Cb: 12.7402   Cr: 14.0763 )
00000479: 10.9478   (Y': 8.24922   Cb: 12.763    Cr: 14.1342 )
00000480: 10.7435   (Y': 8.00575   Cb: 12.551    Cr: 14.096  )
00000481: 10.8259   (Y': 8.09213   Cb: 12.6327   Cr: 14.1633 )
00000482: 10.9491   (Y': 8.19063   Cb: 12.825    Cr: 14.2891 )
00000483: 11.0101   (Y': 8.24357   Cb: 12.9089   Cr: 14.3514 )
00000484: 11.1131   (Y': 8.30461   Cb: 13.1243   Cr: 14.4716 )
00000485: 11.3118   (Y': 8.47646   Cb: 13.3744   Cr: 14.712  )
00000486: 11.4273   (Y': 8.56587   Cb: 13.5367   Cr: 14.8745 )
00000487: 11.4013   (Y': 8.51192   Cb: 13.5843   Cr: 14.8693 )
00000489: 11.2737   (Y': 8.42728   Cb: 13.283    Cr: 14.7951 )
00000488: 11.3764   (Y': 8.49641   Cb: 13.4481   Cr: 14.9565 )
00000490: 11.2298   (Y': 8.40219   Cb: 13.2117   Cr: 14.7095 )
00000491: 11.1555   (Y': 8.34352   Cb: 13.1122   Cr: 14.6041 )
00000492: 11.1119   (Y': 8.30711   Cb: 13.064    Cr: 14.5368 )
00000493: 11.1475   (Y': 8.3516    Cb: 13.0902   Cr: 14.5483 )
00000494: 11.1417   (Y': 8.34345   Cb: 13.0876   Cr: 14.5482 )
00000495: 11.1626   (Y': 8.37541   Cb: 13.0948   Cr: 14.5417 )
00000496: 11.2327   (Y': 8.42624   Cb: 13.2397   Cr: 14.5887 )
00000497: 11.2944   (Y': 8.47018   Cb: 13.345    Cr: 14.6645 )
00000498: 11.3617   (Y': 8.50564   Cb: 13.473    Cr: 14.7835 )
00000499: 11.3948   (Y': 8.53557   Cb: 13.523    Cr: 14.8075 )
00000500: 11.4873   (Y': 8.61178   Cb: 13.613    Cr: 14.9732 )
00000501: 11.5005   (Y': 8.63391   Cb: 13.6063   Cr: 14.975  )
00000502: 11.5415   (Y': 8.62142   Cb: 13.8264   Cr: 15.0069 )
00000503: 11.5647   (Y': 8.62127   Cb: 13.8818   Cr: 15.0907 )
00000504: 11.6207   (Y': 8.65888   Cb: 13.9288   Cr: 15.241  )
00000505: 11.6349   (Y': 8.69225   Cb: 13.8831   Cr: 15.2503 )
00000506: 11.6496   (Y': 8.67371   Cb: 13.9312   Cr: 15.3718 )
00000507: 11.6499   (Y': 8.68185   Cb: 13.9608   Cr: 15.2948 )
00000508: 11.6463   (Y': 8.63111   Cb: 14.0594   Cr: 15.3724 )
00000510: 11.6721   (Y': 8.68866   Cb: 13.9896   Cr: 15.3797 )
00000509: 11.6807   (Y': 8.67999   Cb: 14.1079   Cr: 15.3201 )
00000511: 11.6405   (Y': 8.68399   Cb: 13.9205   Cr: 15.2748 )
00000512: 11.6082   (Y': 8.69584   Cb: 13.8146   Cr: 15.1447 )
00000514: 11.5331   (Y': 8.66878   Cb: 13.7172   Cr: 14.8929 )
00000513: 11.5891   (Y': 8.69953   Cb: 13.7744   Cr: 15.055  )
00000515: 11.5037   (Y': 8.68791   Cb: 13.6071   Cr: 14.7689 )
00000516: 11.4309   (Y': 8.58277   Cb: 13.5709   Cr: 14.7813 )
00000518: 11.4416   (Y': 8.67269   Cb: 13.387    Cr: 14.7283 )
00000517: 11.4342   (Y': 8.62396   Cb: 13.5629   Cr: 14.6444 )
00000519: 11.4425   (Y': 8.67064   Cb: 13.3258   Cr: 14.8275 )
00000522: 11.3913   (Y': 8.6509    Cb: 13.17     Cr: 14.796  )
00000520: 11.5888   (Y': 8.77006   Cb: 13.4995   Cr: 15.1326 )
00000521: 11.2697   (Y': 8.48339   Cb: 13.0845   Cr: 14.8146 )
00000524: 10.7404   (Y': 8.08608   Cb: 12.3278   Cr: 14.0796 )
00000523: 11.235    (Y': 8.51734   Cb: 12.9911   Cr: 14.5798 )
00000525: 10.2979   (Y': 7.67427   Cb: 11.8008   Cr: 13.6431 )
00000526: 10.3745   (Y': 7.8098    Cb: 11.8087   Cr: 13.5962 )
00000527: 10.6175   (Y': 7.97194   Cb: 12.1318   Cr: 14.0324 )
00000528: 10.112    (Y': 7.47293   Cb: 11.5488   Cr: 13.6233 )
00000530: 9.75137   (Y': 7.15523   Cb: 11.0674   Cr: 13.284  )
00000529: 9.98962   (Y': 7.37232   Cb: 11.3814   Cr: 13.4844 )
00000531: 9.74187   (Y': 7.17224   Cb: 11.0696   Cr: 13.1486 )
00000532: 9.66236   (Y': 7.11776   Cb: 10.9578   Cr: 13.0227 )
00000534: 9.63784   (Y': 7.1359    Cb: 10.9438   Cr: 12.8197 )
00000533: 9.67744   (Y': 7.16967   Cb: 10.9263   Cr: 12.9708 )
00000535: 9.61205   (Y': 7.12326   Cb: 10.9233   Cr: 12.7375 )
00000536: 9.53831   (Y': 7.02052   Cb: 10.8583   Cr: 12.7575 )
00000537: 9.52609   (Y': 7.01269   Cb: 10.8296   Cr: 12.7545 )
00000538: 9.37095   (Y': 6.88983   Cb: 10.6352   Cr: 12.5405 )
00000539: 9.24284   (Y': 6.76024   Cb: 10.5032   Cr: 12.424  )
00000540: 9.18109   (Y': 6.70399   Cb: 10.41     Cr: 12.3911 )
00000541: 9.17495   (Y': 6.71861   Cb: 10.3906   Cr: 12.3295 )
00000542: 9.083     (Y': 6.61838   Cb: 10.2762   Cr: 12.3034 )
00000543: 9.09164   (Y': 6.62905   Cb: 10.2828   Cr: 12.3079 )
00000545: 9.13335   (Y': 6.69204   Cb: 10.3055   Cr: 12.3017 )
00000544: 9.05783   (Y': 6.60398   Cb: 10.227    Cr: 12.2769 )
00000546: 9.06291   (Y': 6.58897   Cb: 10.2649   Cr: 12.3039 )
00000547: 9.03275   (Y': 6.55304   Cb: 10.2475   Cr: 12.2748 )
00000548: 9.09295   (Y': 6.63193   Cb: 10.3019   Cr: 12.2751 )
00000549: 9.08673   (Y': 6.60316   Cb: 10.331    Cr: 12.2965 )
00000550: 9.08674   (Y': 6.62217   Cb: 10.2984   Cr: 12.2777 )
00000551: 9.09016   (Y': 6.62528   Cb: 10.3283   Cr: 12.2408 )
00000552: 9.1213    (Y': 6.66639   Cb: 10.3332   Cr: 12.2765 )
00000553: 9.13965   (Y': 6.67404   Cb: 10.3659   Cr: 12.3115 )
00000554: 9.13401   (Y': 6.66307   Cb: 10.3523   Cr: 12.3381 )
00000555: 9.14131   (Y': 6.68464   Cb: 10.3176   Cr: 12.3593 )
00000556: 9.13306   (Y': 6.66568   Cb: 10.3164   Cr: 12.3795 )
00000557: 9.14698   (Y': 6.69565   Cb: 10.2932   Cr: 12.3937 )
00000558: 9.18362   (Y': 6.72812   Cb: 10.3553   Cr: 12.4048 )
00000559: 9.16515   (Y': 6.69949   Cb: 10.3509   Cr: 12.4014 )
00000560: 9.19157   (Y': 6.72419   Cb: 10.3996   Cr: 12.3987 )
00000561: 9.19329   (Y': 6.72488   Cb: 10.3815   Cr: 12.4357 )
00000562: 9.1146    (Y': 6.60752   Cb: 10.3528   Cr: 12.4226 )
00000563: 9.16525   (Y': 6.68153   Cb: 10.384    Cr: 12.4161 )
00000564: 9.17321   (Y': 6.70508   Cb: 10.3473   Cr: 12.4375 )
00000565: 9.10429   (Y': 6.61715   Cb: 10.3215   Cr: 12.3703 )
00000566: 9.09821   (Y': 6.60748   Cb: 10.3099   Cr: 12.3867 )
00000567: 9.09951   (Y': 6.61884   Cb: 10.3266   Cr: 12.3257 )
00000568: 9.07928   (Y': 6.63777   Cb: 10.278    Cr: 12.2066 )
00000569: 9.10709   (Y': 6.67884   Cb: 10.264    Cr: 12.2522 )
00000570: 9.13495   (Y': 6.70105   Cb: 10.3219   Cr: 12.2533 )
00000571: 9.21167   (Y': 6.77671   Cb: 10.4234   Cr: 12.2954 )
00000572: 9.23999   (Y': 6.77367   Cb: 10.5263   Cr: 12.322  )
00000574: 9.17633   (Y': 6.67938   Cb: 10.5382   Cr: 12.2554 )
00000573: 9.24615   (Y': 6.7685    Cb: 10.5518   Cr: 12.3398 )
00000575: 9.21047   (Y': 6.72539   Cb: 10.5536   Cr: 12.2747 )
00000576: 9.25569   (Y': 6.75974   Cb: 10.6102   Cr: 12.342  )
00000577: 9.24773   (Y': 6.73048   Cb: 10.6373   Cr: 12.3594 )
00000578: 9.27805   (Y': 6.74672   Cb: 10.6521   Cr: 12.465  )
00000579: 9.29065   (Y': 6.78067   Cb: 10.6276   Cr: 12.4548 )
00000580: 8.21431   (Y': 5.76581   Cb: 9.35129   Cr: 11.4655 )
00000581: 23.4236   (Y': 19.7939   Cb: 27.6795   Cr: 28.3985 )
00000582: 17.2409   (Y': 13.3906   Cb: 22.3579   Cr: 23.0023 )
00000583: 15.7754   (Y': 11.9925   Cb: 20.2467   Cr: 21.7365 )
00000584: 14.4003   (Y': 10.762    Cb: 18.3997   Cr: 19.7664 )
00000585: 13.7953   (Y': 10.1936   Cb: 17.6511   Cr: 19.0722 )
00000588: 12.4575   (Y': 9.20349   Cb: 15.3653   Cr: 16.7452 )
00000586: 13.2349   (Y': 9.82614   Cb: 16.5187   Cr: 17.9412 )
00000587: 12.9053   (Y': 9.53826   Cb: 16.0975   Cr: 17.4733 )
00000589: 12.2442   (Y': 9.04662   Cb: 15.0174   Cr: 16.4027 )
00000590: 11.9074   (Y': 8.83352   Cb: 14.4496   Cr: 15.7414 )
00000591: 11.8482   (Y': 8.7933    Cb: 14.3193   Cr: 15.6858 )
00000593: 11.7731   (Y': 8.70941   Cb: 14.2368   Cr: 15.6647 )
00000592: 11.8027   (Y': 8.74202   Cb: 14.2722   Cr: 15.6713 )
00000595: 11.7015   (Y': 8.6339    Cb: 14.2021   Cr: 15.5615 )
00000594: 11.7358   (Y': 8.68286   Cb: 14.1705   Cr: 15.6141 )
00000596: 11.6659   (Y': 8.60006   Cb: 14.1917   Cr: 15.4827 )
00000597: 11.6348   (Y': 8.52595   Cb: 14.1901   Cr: 15.6268 )
Total: 11.5751   (Y': 8.96229   Cb: 13.1771   Cr: 14.7319 )
