./ps4_degrader: invalid option -- 'v'
Capturing with the following configuration:
 - Capture device: DeckLink 4K Extreme 12G
 - Video mode: 720p59.94
 - Pixel format: 8 bit BGRA (4:4:4:x)
[libx264 @ 0x3509e40] using cpu capabilities: MMX2 SSE2Fast SSSE3 SSE4.2 AVX AVX2 FMA3 LZCNT BMI2
[libx264 @ 0x3509e40] profile High 4:2:2 Intra, level 3.1, 4:2:2 8-bit
PLAYBACK (hw timestamp): Frame 30 Displayed Late. Expected (+/- 5%): 50000
	Timestamp delay: 66644
	Hardware timestamp delay: 66679
PLAYBACK (hw timestamp): Frame 32 Displayed Late. Expected (+/- 5%): 50000
	Timestamp delay: 66748
	Hardware timestamp delay: 66796
PLAYBACK (hw timestamp): Frame 35 Displayed Late. Expected (+/- 5%): 50000
	Timestamp delay: 66703
	Hardware timestamp delay: 66704
PLAYBACK (hw timestamp): Frame 38 Displayed Late. Expected (+/- 5%): 50000
	Timestamp delay: 66633
	Hardware timestamp delay: 66637
PLAYBACK (hw timestamp): Frame 40 Displayed Late. Expected (+/- 5%): 50000
	Timestamp delay: 66705
	Hardware timestamp delay: 66716
PLAYBACK (hw timestamp): Frame 42 Displayed Late. Expected (+/- 5%): 50000
	Timestamp delay: 66568
	Hardware timestamp delay: 66725
PLAYBACK (hw timestamp): Frame 44 Displayed Late. Expected (+/- 5%): 50000
	Timestamp delay: 66538
	Hardware timestamp delay: 66613
PLAYBACK (hw timestamp): Frame 46 Displayed Late. Expected (+/- 5%): 50000
	Timestamp delay: 66738
	Hardware timestamp delay: 66757
PLAYBACK (hw timestamp): Frame 49 Displayed Late. Expected (+/- 5%): 50000
	Timestamp delay: 66743
	Hardware timestamp delay: 66741
PLAYBACK (hw timestamp): Frame 52 Displayed Late. Expected (+/- 5%): 50000
	Timestamp delay: 66553
	Hardware timestamp delay: 66688
PLAYBACK (hw timestamp): Frame 54 Displayed Late. Expected (+/- 5%): 50000
	Timestamp delay: 66604
	Hardware timestamp delay: 66667
PLAYBACK (hw timestamp): Frame 56 Displayed Late. Expected (+/- 5%): 50000
	Timestamp delay: 66786
	Hardware timestamp delay: 66739
PLAYBACK (hw timestamp): Frame 59 Displayed Late. Expected (+/- 5%): 50000
	Timestamp delay: 66596
	Hardware timestamp delay: 66683
PLAYBACK (hw timestamp): Frame 62 Displayed Late. Expected (+/- 5%): 50000
	Timestamp delay: 66587
	Hardware timestamp delay: 66651
PLAYBACK (hw timestamp): Frame 64 Displayed Late. Expected (+/- 5%): 50000
	Timestamp delay: 66747
	Hardware timestamp delay: 66725
PLAYBACK (hw timestamp): Frame 67 Displayed Late. Expected (+/- 5%): 50000
	Timestamp delay: 66745
	Hardware timestamp delay: 66672
PLAYBACK (hw timestamp): Frame 70 Displayed Late. Expected (+/- 5%): 50000
	Timestamp delay: 66589
	Hardware timestamp delay: 66620
PLAYBACK (hw timestamp): Frame 72 Displayed Late. Expected (+/- 5%): 50000
	Timestamp delay: 66603
	Hardware timestamp delay: 66709
PLAYBACK (hw timestamp): Frame 74 Displayed Late. Expected (+/- 5%): 50000
	Timestamp delay: 66637
	Hardware timestamp delay: 66712
PLAYBACK (hw timestamp): Frame 76 Displayed Late. Expected (+/- 5%): 50000
	Timestamp delay: 66636
	Hardware timestamp delay: 66725
PLAYBACK (hw timestamp): Frame 79 Displayed Late. Expected (+/- 5%): 50000
	Timestamp delay: 66636
	Hardware timestamp delay: 66715
PLAYBACK (hw timestamp): Frame 82 Displayed Late. Expected (+/- 5%): 50000
	Timestamp delay: 66624
	Hardware timestamp delay: 66686
PLAYBACK (hw timestamp): Frame 86 Displayed Late. Expected (+/- 5%): 50000
	Timestamp delay: 66516
	Hardware timestamp delay: 66638
PLAYBACK (hw timestamp): Frame 90 Displayed Late. Expected (+/- 5%): 50000
	Timestamp delay: 66614
	Hardware timestamp delay: 66668
PLAYBACK (hw timestamp): Frame 93 Displayed Late. Expected (+/- 5%): 50000
	Timestamp delay: 66595
	Hardware timestamp delay: 66711
PLAYBACK (hw timestamp): Frame 96 Displayed Late. Expected (+/- 5%): 50000
	Timestamp delay: 66558
	Hardware timestamp delay: 66668
PLAYBACK (hw timestamp): Frame 98 Displayed Late. Expected (+/- 5%): 50000
	Timestamp delay: 66702
	Hardware timestamp delay: 66703
PLAYBACK (hw timestamp): Frame 101 Displayed Late. Expected (+/- 5%): 50000
	Timestamp delay: 66625
	Hardware timestamp delay: 66709
PLAYBACK (hw timestamp): Frame 103 Displayed Late. Expected (+/- 5%): 50000
	Timestamp delay: 66569
	Hardware timestamp delay: 66693
PLAYBACK (hw timestamp): Frame 105 Displayed Late. Expected (+/- 5%): 50000
	Timestamp delay: 66759
	Hardware timestamp delay: 66721
PLAYBACK (hw timestamp): Frame 107 Displayed Late. Expected (+/- 5%): 50000
	Timestamp delay: 66647
	Hardware timestamp delay: 66792
PLAYBACK (hw timestamp): Frame 110 Displayed Late. Expected (+/- 5%): 50000
	Timestamp delay: 66627
	Hardware timestamp delay: 66678
PLAYBACK (hw timestamp): Frame 113 Displayed Late. Expected (+/- 5%): 50000
	Timestamp delay: 66804
	Hardware timestamp delay: 66702
PLAYBACK (hw timestamp): Frame 117 Displayed Late. Expected (+/- 5%): 50000
	Timestamp delay: 66580
	Hardware timestamp delay: 66752
PLAYBACK (hw timestamp): Frame 120 Displayed Late. Expected (+/- 5%): 50000
	Timestamp delay: 66601
	Hardware timestamp delay: 66692
PLAYBACK (hw timestamp): Frame 125 Displayed Late. Expected (+/- 5%): 50000
	Timestamp delay: 66700
	Hardware timestamp delay: 66736
PLAYBACK (hw timestamp): Frame 130 Displayed Late. Expected (+/- 5%): 50000
	Timestamp delay: 66729
	Hardware timestamp delay: 66773
PLAYBACK (hw timestamp): Frame 134 Displayed Late. Expected (+/- 5%): 50000
	Timestamp delay: 66747
	Hardware timestamp delay: 66733
PLAYBACK (hw timestamp): Frame 137 Displayed Late. Expected (+/- 5%): 50000
	Timestamp delay: 66715
	Hardware timestamp delay: 66662
PLAYBACK (hw timestamp): Frame 140 Displayed Late. Expected (+/- 5%): 50000
	Timestamp delay: 66641
	Hardware timestamp delay: 66687
PLAYBACK (hw timestamp): Frame 143 Displayed Late. Expected (+/- 5%): 50000
	Timestamp delay: 66605
	Hardware timestamp delay: 66703
PLAYBACK (hw timestamp): Frame 145 Displayed Late. Expected (+/- 5%): 50000
	Timestamp delay: 66644
	Hardware timestamp delay: 66645
PLAYBACK (hw timestamp): Frame 148 Displayed Late. Expected (+/- 5%): 50000
	Timestamp delay: 66571
	Hardware timestamp delay: 66685
PLAYBACK (hw timestamp): Frame 151 Displayed Late. Expected (+/- 5%): 50000
	Timestamp delay: 66548
	Hardware timestamp delay: 66650
PLAYBACK (hw timestamp): Frame 154 Displayed Late. Expected (+/- 5%): 50000
	Timestamp delay: 66524
	Hardware timestamp delay: 66624
PLAYBACK (hw timestamp): Frame 157 Displayed Late. Expected (+/- 5%): 50000
	Timestamp delay: 66724
	Hardware timestamp delay: 66678
PLAYBACK (hw timestamp): Frame 160 Displayed Late. Expected (+/- 5%): 50000
	Timestamp delay: 66679
	Hardware timestamp delay: 66732
PLAYBACK (hw timestamp): Frame 164 Displayed Late. Expected (+/- 5%): 50000
	Timestamp delay: 66603
	Hardware timestamp delay: 66654
PLAYBACK (hw timestamp): Frame 167 Displayed Late. Expected (+/- 5%): 50000
	Timestamp delay: 66599
	Hardware timestamp delay: 66756
PLAYBACK (hw timestamp): Frame 171 Displayed Late. Expected (+/- 5%): 50000
	Timestamp delay: 66873
	Hardware timestamp delay: 66776
PLAYBACK (hw timestamp): Frame 175 Displayed Late. Expected (+/- 5%): 50000
	Timestamp delay: 66554
	Hardware timestamp delay: 66702
PLAYBACK (hw timestamp): Frame 179 Displayed Late. Expected (+/- 5%): 50000
	Timestamp delay: 66696
	Hardware timestamp delay: 66673
PLAYBACK (hw timestamp): Frame 182 Displayed Late. Expected (+/- 5%): 50000
	Timestamp delay: 66933
	Hardware timestamp delay: 66710
PLAYBACK (hw timestamp): Frame 186 Displayed Late. Expected (+/- 5%): 50000
	Timestamp delay: 66602
	Hardware timestamp delay: 66653
PLAYBACK (hw timestamp): Frame 189 Displayed Late. Expected (+/- 5%): 50000
	Timestamp delay: 66640
	Hardware timestamp delay: 66689
PLAYBACK (hw timestamp): Frame 191 Displayed Late. Expected (+/- 5%): 50000
	Timestamp delay: 66625
	Hardware timestamp delay: 66814
PLAYBACK (hw timestamp): Frame 194 Displayed Late. Expected (+/- 5%): 50000
	Timestamp delay: 66667
	Hardware timestamp delay: 66633
PLAYBACK (hw timestamp): Frame 196 Displayed Late. Expected (+/- 5%): 50000
	Timestamp delay: 66631
	Hardware timestamp delay: 66689
PLAYBACK (hw timestamp): Frame 199 Displayed Late. Expected (+/- 5%): 50000
	Timestamp delay: 66626
	Hardware timestamp delay: 66736
PLAYBACK (hw timestamp): Frame 204 Displayed Late. Expected (+/- 5%): 50000
	Timestamp delay: 66750
	Hardware timestamp delay: 66669
PLAYBACK (hw timestamp): Frame 213 Displayed Late. Expected (+/- 5%): 50000
	Timestamp delay: 66652
	Hardware timestamp delay: 66639
PLAYBACK (hw timestamp): Frame 218 Displayed Late. Expected (+/- 5%): 50000
	Timestamp delay: 66632
	Hardware timestamp delay: 66704
PLAYBACK (hw timestamp): Frame 222 Displayed Late. Expected (+/- 5%): 50000
	Timestamp delay: 66698
	Hardware timestamp delay: 66689
PLAYBACK (hw timestamp): Frame 225 Displayed Late. Expected (+/- 5%): 50000
	Timestamp delay: 66848
	Hardware timestamp delay: 66748
PLAYBACK (hw timestamp): Frame 228 Displayed Late. Expected (+/- 5%): 50000
	Timestamp delay: 66547
	Hardware timestamp delay: 66732
PLAYBACK (hw timestamp): Frame 230 Displayed Late. Expected (+/- 5%): 50000
	Timestamp delay: 66714
	Hardware timestamp delay: 66716
PLAYBACK (hw timestamp): Frame 232 Displayed Late. Expected (+/- 5%): 50000
	Timestamp delay: 66558
	Hardware timestamp delay: 66666
PLAYBACK (hw timestamp): Frame 234 Displayed Late. Expected (+/- 5%): 50000
	Timestamp delay: 66720
	Hardware timestamp delay: 66683
PLAYBACK (hw timestamp): Frame 243 Displayed Late. Expected (+/- 5%): 50000
	Timestamp delay: 66645
	Hardware timestamp delay: 66666
PLAYBACK (hw timestamp): Frame 247 Displayed Late. Expected (+/- 5%): 50000
	Timestamp delay: 66659
	Hardware timestamp delay: 66761
PLAYBACK (hw timestamp): Frame 252 Displayed Late. Expected (+/- 5%): 50000
	Timestamp delay: 66635
	Hardware timestamp delay: 66696
PLAYBACK (hw timestamp): Frame 268 Displayed Late. Expected (+/- 5%): 50000
	Timestamp delay: 66691
	Hardware timestamp delay: 66683
PLAYBACK (hw timestamp): Frame 271 Displayed Late. Expected (+/- 5%): 50000
	Timestamp delay: 66633
	Hardware timestamp delay: 66688
PLAYBACK (hw timestamp): Frame 276 Displayed Late. Expected (+/- 5%): 50000
	Timestamp delay: 66643
	Hardware timestamp delay: 66705
PLAYBACK (hw timestamp): Frame 278 Displayed Late. Expected (+/- 5%): 50000
	Timestamp delay: 66632
	Hardware timestamp delay: 66734
PLAYBACK (hw timestamp): Frame 283 Displayed Late. Expected (+/- 5%): 50000
	Timestamp delay: 66720
	Hardware timestamp delay: 66664
PLAYBACK (hw timestamp): Frame 285 Displayed Late. Expected (+/- 5%): 50000
	Timestamp delay: 66730
	Hardware timestamp delay: 66693
PLAYBACK (hw timestamp): Frame 287 Displayed Late. Expected (+/- 5%): 50000
	Timestamp delay: 66761
	Hardware timestamp delay: 66763
PLAYBACK (hw timestamp): Frame 290 Displayed Late. Expected (+/- 5%): 50000
	Timestamp delay: 66665
	Hardware timestamp delay: 66743
PLAYBACK (hw timestamp): Frame 292 Displayed Late. Expected (+/- 5%): 50000
	Timestamp delay: 66728
	Hardware timestamp delay: 66709
PLAYBACK (hw timestamp): Frame 294 Displayed Late. Expected (+/- 5%): 50000
	Timestamp delay: 66707
	Hardware timestamp delay: 66649
PLAYBACK (hw timestamp): Frame 296 Displayed Late. Expected (+/- 5%): 50000
	Timestamp delay: 66638
	Hardware timestamp delay: 66736
PLAYBACK (hw timestamp): Frame 298 Displayed Late. Expected (+/- 5%): 50000
	Timestamp delay: 66712
	Hardware timestamp delay: 66681
PLAYBACK (hw timestamp): Frame 309 Displayed Late. Expected (+/- 5%): 50000
	Timestamp delay: 66640
	Hardware timestamp delay: 66733
PLAYBACK (hw timestamp): Frame 312 Displayed Late. Expected (+/- 5%): 50000
	Timestamp delay: 66728
	Hardware timestamp delay: 66694
PLAYBACK (hw timestamp): Frame 329 Displayed Late. Expected (+/- 5%): 50000
	Timestamp delay: 66614
	Hardware timestamp delay: 66744
PLAYBACK (hw timestamp): Frame 342 Displayed Late. Expected (+/- 5%): 50000
	Timestamp delay: 66636
	Hardware timestamp delay: 66706
PLAYBACK (hw timestamp): Frame 350 Displayed Late. Expected (+/- 5%): 50000
	Timestamp delay: 66693
	Hardware timestamp delay: 66709
PLAYBACK (hw timestamp): Frame 354 Displayed Late. Expected (+/- 5%): 50000
	Timestamp delay: 66720
	Hardware timestamp delay: 66687
PLAYBACK (hw timestamp): Frame 359 Displayed Late. Expected (+/- 5%): 50000
	Timestamp delay: 66690
	Hardware timestamp delay: 66710
PLAYBACK (hw timestamp): Frame 361 Displayed Late. Expected (+/- 5%): 50000
	Timestamp delay: 66703
	Hardware timestamp delay: 66655
PLAYBACK (hw timestamp): Frame 363 Displayed Late. Expected (+/- 5%): 50000
	Timestamp delay: 66791
	Hardware timestamp delay: 66662
PLAYBACK (hw timestamp): Frame 366 Displayed Late. Expected (+/- 5%): 50000
	Timestamp delay: 66628
	Hardware timestamp delay: 66644
PLAYBACK (hw timestamp): Frame 369 Displayed Late. Expected (+/- 5%): 50000
	Timestamp delay: 66737
	Hardware timestamp delay: 66758
PLAYBACK (hw timestamp): Frame 372 Displayed Late. Expected (+/- 5%): 50000
	Timestamp delay: 66705
	Hardware timestamp delay: 66678
PLAYBACK (hw timestamp): Frame 376 Displayed Late. Expected (+/- 5%): 50000
	Timestamp delay: 66575
	Hardware timestamp delay: 66726
PLAYBACK (hw timestamp): Frame 380 Displayed Late. Expected (+/- 5%): 50000
	Timestamp delay: 66552
	Hardware timestamp delay: 66642
PLAYBACK (hw timestamp): Frame 382 Displayed Late. Expected (+/- 5%): 50000
	Timestamp delay: 66634
	Hardware timestamp delay: 66703
PLAYBACK (hw timestamp): Frame 386 Displayed Late. Expected (+/- 5%): 50000
	Timestamp delay: 66628
	Hardware timestamp delay: 66792
PLAYBACK (hw timestamp): Frame 389 Displayed Late. Expected (+/- 5%): 50000
	Timestamp delay: 66693
	Hardware timestamp delay: 66746
PLAYBACK (hw timestamp): Frame 393 Displayed Late. Expected (+/- 5%): 50000
	Timestamp delay: 66638
	Hardware timestamp delay: 66694
PLAYBACK (hw timestamp): Frame 396 Displayed Late. Expected (+/- 5%): 50000
	Timestamp delay: 66629
	Hardware timestamp delay: 66687
PLAYBACK (hw timestamp): Frame 398 Displayed Late. Expected (+/- 5%): 50000
	Timestamp delay: 66530
	Hardware timestamp delay: 66695
PLAYBACK (hw timestamp): Frame 400 Displayed Late. Expected (+/- 5%): 50000
	Timestamp delay: 66675
	Hardware timestamp delay: 66814
PLAYBACK (hw timestamp): Frame 403 Displayed Late. Expected (+/- 5%): 50000
	Timestamp delay: 66659
	Hardware timestamp delay: 66680
PLAYBACK (hw timestamp): Frame 406 Displayed Late. Expected (+/- 5%): 50000
	Timestamp delay: 66639
	Hardware timestamp delay: 66679
PLAYBACK (hw timestamp): Frame 409 Displayed Late. Expected (+/- 5%): 50000
	Timestamp delay: 66616
	Hardware timestamp delay: 66656
PLAYBACK (hw timestamp): Frame 412 Displayed Late. Expected (+/- 5%): 50000
	Timestamp delay: 66614
	Hardware timestamp delay: 66839
PLAYBACK (hw timestamp): Frame 415 Displayed Late. Expected (+/- 5%): 50000
	Timestamp delay: 66725
	Hardware timestamp delay: 66635
PLAYBACK (hw timestamp): Frame 419 Displayed Late. Expected (+/- 5%): 50000
	Timestamp delay: 66727
	Hardware timestamp delay: 66842
PLAYBACK (hw timestamp): Frame 422 Displayed Late. Expected (+/- 5%): 50000
	Timestamp delay: 66723
	Hardware timestamp delay: 66790
PLAYBACK (hw timestamp): Frame 424 Displayed Late. Expected (+/- 5%): 50000
	Timestamp delay: 66803
	Hardware timestamp delay: 66683
PLAYBACK (hw timestamp): Frame 429 Displayed Late. Expected (+/- 5%): 50000
	Timestamp delay: 66718
	Hardware timestamp delay: 66697
PLAYBACK (hw timestamp): Frame 431 Displayed Late. Expected (+/- 5%): 50000
	Timestamp delay: 66704
	Hardware timestamp delay: 66713
PLAYBACK (hw timestamp): Frame 433 Displayed Late. Expected (+/- 5%): 50000
	Timestamp delay: 66621
	Hardware timestamp delay: 66697
PLAYBACK (hw timestamp): Frame 435 Displayed Late. Expected (+/- 5%): 50000
	Timestamp delay: 66716
	Hardware timestamp delay: 66624
PLAYBACK (hw timestamp): Frame 437 Displayed Late. Expected (+/- 5%): 50000
	Timestamp delay: 66743
	Hardware timestamp delay: 66750
PLAYBACK (hw timestamp): Frame 439 Displayed Late. Expected (+/- 5%): 50000
	Timestamp delay: 66632
	Hardware timestamp delay: 66663
PLAYBACK (hw timestamp): Frame 441 Displayed Late. Expected (+/- 5%): 50000
	Timestamp delay: 66676
	Hardware timestamp delay: 66720
PLAYBACK (hw timestamp): Frame 443 Displayed Late. Expected (+/- 5%): 50000
	Timestamp delay: 66629
	Hardware timestamp delay: 66666
PLAYBACK (hw timestamp): Frame 445 Displayed Late. Expected (+/- 5%): 50000
	Timestamp delay: 66641
	Hardware timestamp delay: 66725
PLAYBACK (hw timestamp): Frame 449 Displayed Late. Expected (+/- 5%): 50000
	Timestamp delay: 66633
	Hardware timestamp delay: 66748
PLAYBACK (hw timestamp): Frame 451 Displayed Late. Expected (+/- 5%): 50000
	Timestamp delay: 66698
	Hardware timestamp delay: 66654
PLAYBACK (hw timestamp): Frame 453 Displayed Late. Expected (+/- 5%): 50000
	Timestamp delay: 66815
	Hardware timestamp delay: 66819
PLAYBACK (hw timestamp): Frame 457 Displayed Late. Expected (+/- 5%): 50000
	Timestamp delay: 66707
	Hardware timestamp delay: 66725
PLAYBACK (hw timestamp): Frame 459 Displayed Late. Expected (+/- 5%): 50000
	Timestamp delay: 66640
	Hardware timestamp delay: 66696
PLAYBACK (hw timestamp): Frame 461 Displayed Late. Expected (+/- 5%): 50000
	Timestamp delay: 66707
	Hardware timestamp delay: 66675
PLAYBACK (hw timestamp): Frame 464 Displayed Late. Expected (+/- 5%): 50000
	Timestamp delay: 66615
	Hardware timestamp delay: 66679
PLAYBACK (hw timestamp): Frame 467 Displayed Late. Expected (+/- 5%): 50000
	Timestamp delay: 66633
	Hardware timestamp delay: 66670
PLAYBACK (hw timestamp): Frame 470 Displayed Late. Expected (+/- 5%): 50000
	Timestamp delay: 66703
	Hardware timestamp delay: 66758
PLAYBACK (hw timestamp): Frame 472 Displayed Late. Expected (+/- 5%): 50000
	Timestamp delay: 66724
	Hardware timestamp delay: 66728
PLAYBACK (hw timestamp): Frame 475 Displayed Late. Expected (+/- 5%): 50000
	Timestamp delay: 66664
	Hardware timestamp delay: 66650
PLAYBACK (hw timestamp): Frame 479 Displayed Late. Expected (+/- 5%): 50000
	Timestamp delay: 66662
	Hardware timestamp delay: 66731
PLAYBACK (hw timestamp): Frame 482 Displayed Late. Expected (+/- 5%): 50000
	Timestamp delay: 66693
	Hardware timestamp delay: 66723
PLAYBACK (hw timestamp): Frame 485 Displayed Late. Expected (+/- 5%): 50000
	Timestamp delay: 66749
	Hardware timestamp delay: 66704
PLAYBACK (hw timestamp): Frame 487 Displayed Late. Expected (+/- 5%): 50000
	Timestamp delay: 66676
	Hardware timestamp delay: 66671
PLAYBACK (hw timestamp): Frame 490 Displayed Late. Expected (+/- 5%): 50000
	Timestamp delay: 66563
	Hardware timestamp delay: 66729
PLAYBACK (hw timestamp): Frame 492 Displayed Late. Expected (+/- 5%): 50000
	Timestamp delay: 66728
	Hardware timestamp delay: 66702
PLAYBACK (hw timestamp): Frame 495 Displayed Late. Expected (+/- 5%): 50000
	Timestamp delay: 66627
	Hardware timestamp delay: 66782
PLAYBACK (hw timestamp): Frame 498 Displayed Late. Expected (+/- 5%): 50000
	Timestamp delay: 66555
	Hardware timestamp delay: 66740
PLAYBACK (hw timestamp): Frame 502 Displayed Late. Expected (+/- 5%): 50000
	Timestamp delay: 66523
	Hardware timestamp delay: 66716
PLAYBACK (hw timestamp): Frame 507 Displayed Late. Expected (+/- 5%): 50000
	Timestamp delay: 66540
	Hardware timestamp delay: 66762
PLAYBACK (hw timestamp): Frame 513 Displayed Late. Expected (+/- 5%): 50000
	Timestamp delay: 66535
	Hardware timestamp delay: 66717
PLAYBACK (hw timestamp): Frame 520 Displayed Late. Expected (+/- 5%): 50000
	Timestamp delay: 66558
	Hardware timestamp delay: 66703
PLAYBACK (hw timestamp): Frame 523 Displayed Late. Expected (+/- 5%): 50000
	Timestamp delay: 66752
	Hardware timestamp delay: 66744
PLAYBACK (hw timestamp): Frame 528 Displayed Late. Expected (+/- 5%): 50000
	Timestamp delay: 66533
	Hardware timestamp delay: 66795
PLAYBACK (hw timestamp): Frame 531 Displayed Late. Expected (+/- 5%): 50000
	Timestamp delay: 66758
	Hardware timestamp delay: 66718
PLAYBACK (hw timestamp): Frame 535 Displayed Late. Expected (+/- 5%): 50000
	Timestamp delay: 66639
	Hardware timestamp delay: 66767
PLAYBACK (hw timestamp): Frame 538 Displayed Late. Expected (+/- 5%): 50000
	Timestamp delay: 66746
	Hardware timestamp delay: 66730
PLAYBACK (hw timestamp): Frame 543 Displayed Late. Expected (+/- 5%): 50000
	Timestamp delay: 66739
	Hardware timestamp delay: 66760
PLAYBACK (hw timestamp): Frame 546 Displayed Late. Expected (+/- 5%): 50000
	Timestamp delay: 66735
	Hardware timestamp delay: 66721
PLAYBACK (hw timestamp): Frame 550 Displayed Late. Expected (+/- 5%): 50000
	Timestamp delay: 66632
	Hardware timestamp delay: 66770
PLAYBACK (hw timestamp): Frame 553 Displayed Late. Expected (+/- 5%): 50000
	Timestamp delay: 66733
	Hardware timestamp delay: 66698
PLAYBACK (hw timestamp): Frame 555 Displayed Late. Expected (+/- 5%): 50000
	Timestamp delay: 66816
	Hardware timestamp delay: 66714
PLAYBACK (hw timestamp): Frame 558 Displayed Late. Expected (+/- 5%): 50000
	Timestamp delay: 66732
	Hardware timestamp delay: 66718
PLAYBACK (hw timestamp): Frame 562 Displayed Late. Expected (+/- 5%): 50000
	Timestamp delay: 66627
	Hardware timestamp delay: 66622
PLAYBACK (hw timestamp): Frame 564 Displayed Late. Expected (+/- 5%): 50000
	Timestamp delay: 66661
	Hardware timestamp delay: 66709
PLAYBACK (hw timestamp): Frame 566 Displayed Late. Expected (+/- 5%): 50000
	Timestamp delay: 66599
	Hardware timestamp delay: 66694
PLAYBACK (hw timestamp): Frame 568 Displayed Late. Expected (+/- 5%): 50000
	Timestamp delay: 66650
	Hardware timestamp delay: 66712
PLAYBACK (hw timestamp): Frame 570 Displayed Late. Expected (+/- 5%): 50000
	Timestamp delay: 66599
	Hardware timestamp delay: 66694
PLAYBACK (hw timestamp): Frame 572 Displayed Late. Expected (+/- 5%): 50000
	Timestamp delay: 66820
	Hardware timestamp delay: 66714
PLAYBACK (hw timestamp): Frame 575 Displayed Late. Expected (+/- 5%): 50000
	Timestamp delay: 66658
	Hardware timestamp delay: 66664
PLAYBACK (hw timestamp): Frame 578 Displayed Late. Expected (+/- 5%): 50000
	Timestamp delay: 66650
	Hardware timestamp delay: 66772
PLAYBACK (hw timestamp): Frame 580 Displayed Late. Expected (+/- 5%): 50000
	Timestamp delay: 66641
	Hardware timestamp delay: 66791
PLAYBACK (hw timestamp): Frame 584 Displayed Late. Expected (+/- 5%): 50000
	Timestamp delay: 66633
	Hardware timestamp delay: 66699
PLAYBACK (hw timestamp): Frame 587 Displayed Late. Expected (+/- 5%): 50000
	Timestamp delay: 66733
	Hardware timestamp delay: 66700
PLAYBACK (hw timestamp): Frame 589 Displayed Late. Expected (+/- 5%): 50000
	Timestamp delay: 66743
	Hardware timestamp delay: 66740
PLAYBACK (hw timestamp): Frame 592 Displayed Late. Expected (+/- 5%): 50000
	Timestamp delay: 66644
	Hardware timestamp delay: 66613
PLAYBACK (hw timestamp): Frame 596 Displayed Late. Expected (+/- 5%): 50000
	Timestamp delay: 66634
	Hardware timestamp delay: 66786
[libx264 @ 0x3509e40] frame I:600   Avg QP:33.00  size: 30327
[libx264 @ 0x3509e40] mb I  I16..4: 22.1% 62.8% 15.0%
[libx264 @ 0x3509e40] final ratefactor: 39.22
[libx264 @ 0x3509e40] 8x8 transform intra:62.8%
[libx264 @ 0x3509e40] coded y,uvDC,uvAC intra: 47.9% 51.8% 8.8%
[libx264 @ 0x3509e40] i16 v,h,dc,p: 23% 37% 20% 19%
[libx264 @ 0x3509e40] i8 v,h,dc,ddl,ddr,vr,hd,vl,hu: 10% 21% 31%  6%  6%  4%  9%  4%  8%
[libx264 @ 0x3509e40] i4 v,h,dc,ddl,ddr,vr,hd,vl,hu: 17% 23% 22%  6%  7%  5%  8%  4%  7%
[libx264 @ 0x3509e40] i8c dc,h,v,p: 71% 14% 12%  3%
[libx264 @ 0x3509e40] kb/s:4852.24
Stopping Capture
