00000000: 15.571    (Y': 15.5652   Cb: 14.8739   Cr: 16.4088 )
00000001: 15.5319   (Y': 15.514    Cb: 14.8588   Cr: 16.3503 )
00000002: 15.4768   (Y': 15.4973   Cb: 14.7564   Cr: 16.316  )
00000003: 15.3316   (Y': 15.3031   Cb: 14.5553   Cr: 16.3131 )
00000004: 15.2864   (Y': 15.2585   Cb: 14.5114   Cr: 16.2651 )
00000007: 15.1755   (Y': 15.1298   Cb: 14.4129   Cr: 16.1585 )
00000005: 15.1854   (Y': 15.0712   Cb: 14.4294   Cr: 16.2466 )
00000010: 15.1972   (Y': 15.1287   Cb: 14.4528   Cr: 16.1818 )
00000008: 15.1883   (Y': 15.1186   Cb: 14.4294   Cr: 16.1962 )
00000009: 15.1878   (Y': 15.1001   Cb: 14.4365   Cr: 16.2073 )
00000011: 15.2368   (Y': 15.1664   Cb: 14.497    Cr: 16.2171 )
00000012: 15.2262   (Y': 15.1523   Cb: 14.4713   Cr: 16.2337 )
00000014: 15.2955   (Y': 15.1592   Cb: 14.589    Cr: 16.3111 )
00000019: 15.3543   (Y': 15.2666   Cb: 14.5951   Cr: 16.3858 )
00000006: 15.1885   (Y': 15.1062   Cb: 14.4223   Cr: 16.2237 )
00000013: 15.2518   (Y': 15.0856   Cb: 14.5391   Cr: 16.3163 )
00000015: 15.2991   (Y': 15.1786   Cb: 14.5628   Cr: 16.3388 )
00000017: 15.3339   (Y': 15.2      Cb: 14.5977   Cr: 16.3909 )
00000020: 15.3358   (Y': 15.2997   Cb: 14.5224   Cr: 16.3833 )
00000018: 15.3209   (Y': 15.1545   Cb: 14.59     Cr: 16.4128 )
00000021: 15.2721   (Y': 15.2652   Cb: 14.4139   Cr: 16.3514 )
00000024: 15.1944   (Y': 15.4129   Cb: 14.216    Cr: 16.1833 )
00000023: 15.174    (Y': 15.3851   Cb: 14.1703   Cr: 16.2121 )
00000022: 15.2663   (Y': 15.3096   Cb: 14.3696   Cr: 16.3418 )
00000016: 15.2991   (Y': 15.175    Cb: 14.5575   Cr: 16.3516 )
00000025: 15.2381   (Y': 15.4638   Cb: 14.2806   Cr: 16.1857 )
00000027: 15.1295   (Y': 15.4781   Cb: 14.1256   Cr: 16.007  )
00000030: 15.0784   (Y': 15.3834   Cb: 14.1374   Cr: 15.9092 )
00000029: 15.049    (Y': 15.3378   Cb: 14.1097   Cr: 15.8956 )
00000028: 15.0437   (Y': 15.4143   Cb: 14.0425   Cr: 15.8923 )
00000026: 15.236    (Y': 15.5172   Cb: 14.2771   Cr: 16.1212 )
00000033: 15.076    (Y': 15.4347   Cb: 14.0907   Cr: 15.9136 )
00000035: 14.7767   (Y': 15.2344   Cb: 13.8033   Cr: 15.4887 )
00000031: 15.0573   (Y': 15.3652   Cb: 14.1168   Cr: 15.884  )
00000032: 15.0579   (Y': 15.3553   Cb: 14.1303   Cr: 15.8772 )
00000034: 14.9647   (Y': 15.4398   Cb: 13.9224   Cr: 15.7616 )
00000038: 15.2643   (Y': 15.7321   Cb: 14.2686   Cr: 15.9985 )
00000039: 15.6853   (Y': 15.8816   Cb: 14.8176   Cr: 16.5312 )
00000037: 15.2196   (Y': 15.6306   Cb: 14.2714   Cr: 15.9442 )
00000040: 16.0623   (Y': 16.1371   Cb: 15.3251   Cr: 16.8607 )
00000043: 16.0706   (Y': 16.135    Cb: 15.3911   Cr: 16.8002 )
00000041: 16.0677   (Y': 16.2117   Cb: 15.2571   Cr: 16.8904 )
00000042: 16.0435   (Y': 16.2181   Cb: 15.2376   Cr: 16.824  )
00000036: 14.7507   (Y': 15.3101   Cb: 13.7026   Cr: 15.4673 )
00000046: 15.8782   (Y': 16.0951   Cb: 15.0633   Cr: 16.6237 )
00000044: 16.0915   (Y': 16.0435   Cb: 15.5071   Cr: 16.8238 )
00000045: 16.0986   (Y': 16.2223   Cb: 15.3394   Cr: 16.871  )
00000047: 15.5281   (Y': 15.8193   Cb: 14.6511   Cr: 16.2797 )
00000048: 15.5487   (Y': 15.8074   Cb: 14.7016   Cr: 16.2934 )
00000049: 15.7767   (Y': 15.8289   Cb: 15.0465   Cr: 16.5919 )
00000050: 15.2166   (Y': 15.65     Cb: 14.2941   Cr: 15.8802 )
00000052: 15.2808   (Y': 15.6411   Cb: 14.3341   Cr: 16.0587 )
00000053: 15.2807   (Y': 15.6036   Cb: 14.4239   Cr: 15.9683 )
00000051: 15.2932   (Y': 15.6656   Cb: 14.3558   Cr: 16.0437 )
00000055: 15.1382   (Y': 15.3716   Cb: 14.3303   Cr: 15.855  )
00000054: 15.2478   (Y': 15.5336   Cb: 14.4195   Cr: 15.9354 )
00000057: 15.116    (Y': 15.1485   Cb: 14.3886   Cr: 15.9507 )
00000056: 15.1747   (Y': 15.3428   Cb: 14.404    Cr: 15.9123 )
00000062: 15.2632   (Y': 14.9531   Cb: 14.5808   Cr: 16.4788 )
00000061: 15.2963   (Y': 15.0084   Cb: 14.6364   Cr: 16.4465 )
00000060: 15.2327   (Y': 15.0004   Cb: 14.6      Cr: 16.2663 )
00000063: 15.2992   (Y': 14.9954   Cb: 14.6086   Cr: 16.5188 )
00000059: 15.2274   (Y': 15.0501   Cb: 14.5969   Cr: 16.1853 )
00000058: 15.2239   (Y': 15.1436   Cb: 14.5496   Cr: 16.1209 )
00000065: 15.2124   (Y': 14.8534   Cb: 14.5558   Cr: 16.4583 )
00000066: 15.1738   (Y': 14.8322   Cb: 14.5154   Cr: 16.3974 )
00000069: 14.646    (Y': 14.299    Cb: 14.0785   Cr: 15.7405 )
00000070: 14.6269   (Y': 14.2351   Cb: 14.0966   Cr: 15.7298 )
00000068: 14.7495   (Y': 14.3893   Cb: 14.178    Cr: 15.8685 )
00000064: 15.2827   (Y': 14.9275   Cb: 14.6247   Cr: 16.5253 )
00000067: 14.9227   (Y': 14.5355   Cb: 14.3369   Cr: 16.1011 )
00000075: 14.8776   (Y': 14.3839   Cb: 14.5336   Cr: 15.862  )
00000073: 14.5941   (Y': 14.2426   Cb: 14.1151   Cr: 15.568  )
00000074: 14.7151   (Y': 14.2928   Cb: 14.3017   Cr: 15.695  )
00000071: 14.5674   (Y': 14.206    Cb: 14.0369   Cr: 15.6282 )
00000072: 14.5411   (Y': 14.1605   Cb: 14.0459   Cr: 15.5779 )
00000078: 15.0149   (Y': 14.4877   Cb: 14.6218   Cr: 16.1154 )
00000077: 15.0157   (Y': 14.5059   Cb: 14.6179   Cr: 16.0973 )
00000079: 14.9436   (Y': 14.4003   Cb: 14.5391   Cr: 16.0836 )
00000076: 14.8906   (Y': 14.4672   Cb: 14.4624   Cr: 15.8924 )
00000080: 14.8781   (Y': 14.3305   Cb: 14.4527   Cr: 16.0546 )
00000082: 14.7458   (Y': 14.3062   Cb: 14.2394   Cr: 15.8819 )
00000083: 14.6996   (Y': 14.3141   Cb: 14.1755   Cr: 15.7849 )
00000084: 14.6968   (Y': 14.3852   Cb: 14.1354   Cr: 15.7335 )
00000081: 14.8729   (Y': 14.3608   Cb: 14.4326   Cr: 16.0186 )
00000087: 14.8725   (Y': 14.4386   Cb: 14.3596   Cr: 16.01   )
00000090: 14.9488   (Y': 14.5648   Cb: 14.3712   Cr: 16.1103 )
00000085: 14.6753   (Y': 14.3271   Cb: 14.1216   Cr: 15.7511 )
00000089: 14.9357   (Y': 14.5463   Cb: 14.361    Cr: 16.1006 )
00000088: 14.8902   (Y': 14.501    Cb: 14.342    Cr: 16.0158 )
00000092: 14.9309   (Y': 14.5212   Cb: 14.3894   Cr: 16.0759 )
00000091: 14.9696   (Y': 14.5577   Cb: 14.4182   Cr: 16.1323 )
00000086: 14.7795   (Y': 14.3571   Cb: 14.2679   Cr: 15.8988 )
00000095: 15.1151   (Y': 14.6917   Cb: 14.5978   Cr: 16.2441 )
00000094: 15.102    (Y': 14.62     Cb: 14.6237   Cr: 16.2587 )
00000093: 15.0186   (Y': 14.5837   Cb: 14.4998   Cr: 16.1659 )
00000096: 15.0627   (Y': 14.6441   Cb: 14.5558   Cr: 16.1695 )
00000097: 14.9472   (Y': 14.6211   Cb: 14.3734   Cr: 16.0222 )
00000098: 14.9179   (Y': 14.6433   Cb: 14.3006   Cr: 15.9859 )
00000099: 14.8593   (Y': 14.5796   Cb: 14.2521   Cr: 15.9195 )
00000100: 14.8618   (Y': 14.6051   Cb: 14.2308   Cr: 15.9257 )
00000102: 14.8698   (Y': 14.5164   Cb: 14.2735   Cr: 16.0159 )
00000104: 14.806    (Y': 14.4752   Cb: 14.1855   Cr: 15.9564 )
00000101: 14.8553   (Y': 14.5922   Cb: 14.2372   Cr: 15.9087 )
00000103: 14.8088   (Y': 14.4419   Cb: 14.2214   Cr: 15.9609 )
00000106: 14.7851   (Y': 14.3677   Cb: 14.2899   Cr: 15.8734 )
00000105: 14.7812   (Y': 14.3845   Cb: 14.2081   Cr: 15.9541 )
00000107: 14.7975   (Y': 14.4207   Cb: 14.267    Cr: 15.8798 )
00000112: 15.1863   (Y': 14.8383   Cb: 14.7273   Cr: 16.128  )
00000119: 15.0639   (Y': 14.7482   Cb: 14.5583   Cr: 16.027  )
00000110: 14.9521   (Y': 14.4432   Cb: 14.5783   Cr: 15.9989 )
00000109: 14.9104   (Y': 14.3865   Cb: 14.5133   Cr: 16.0114 )
00000108: 14.835    (Y': 14.4029   Cb: 14.3773   Cr: 15.8906 )
00000120: 15.3604   (Y': 14.9281   Cb: 14.8682   Cr: 16.4653 )
00000116: 15.0825   (Y': 14.7567   Cb: 14.596    Cr: 16.0324 )
00000118: 14.8906   (Y': 14.6713   Cb: 14.381    Cr: 15.733  )
00000113: 15.3083   (Y': 14.9475   Cb: 14.8644   Cr: 16.2462 )
00000117: 14.9338   (Y': 14.6646   Cb: 14.4451   Cr: 15.8119 )
00000123: 15.4717   (Y': 15.1473   Cb: 14.9053   Cr: 16.5333 )
00000122: 15.4315   (Y': 15.0369   Cb: 14.8846   Cr: 16.5628 )
00000111: 15.0545   (Y': 14.6836   Cb: 14.6045   Cr: 16.0147 )
00000115: 15.1832   (Y': 14.7945   Cb: 14.7297   Cr: 16.1724 )
00000114: 15.2554   (Y': 14.9204   Cb: 14.7995   Cr: 16.1751 )
00000125: 15.5651   (Y': 15.3598   Cb: 14.9362   Cr: 16.5571 )
00000126: 15.6195   (Y': 15.3844   Cb: 15.001    Cr: 16.6359 )
00000129: 15.5427   (Y': 14.9552   Cb: 15.0906   Cr: 16.8187 )
00000121: 15.4145   (Y': 15.016    Cb: 14.8909   Cr: 16.5173 )
00000130: 15.5546   (Y': 14.9257   Cb: 15.1202   Cr: 16.8683 )
00000131: 15.6574   (Y': 15.043    Cb: 15.2111   Cr: 16.9662 )
00000124: 15.5012   (Y': 15.2406   Cb: 14.9052   Cr: 16.5189 )
00000134: 15.7229   (Y': 15.1847   Cb: 15.2538   Cr: 16.9491 )
00000133: 15.705    (Y': 15.1316   Cb: 15.2579   Cr: 16.9519 )
00000127: 15.705    (Y': 15.4922   Cb: 15.073    Cr: 16.7117 )
00000128: 15.6563   (Y': 15.363    Cb: 15.0759   Cr: 16.6957 )
00000132: 15.6903   (Y': 15.0872   Cb: 15.2255   Cr: 17.0095 )
00000139: 15.9432   (Y': 15.6294   Cb: 15.3915   Cr: 16.9689 )
00000137: 15.9456   (Y': 15.6195   Cb: 15.3937   Cr: 16.9885 )
00000140: 16.025    (Y': 15.8118   Cb: 15.3927   Cr: 17.0324 )
00000136: 15.9144   (Y': 15.4626   Cb: 15.4251   Cr: 17.0434 )
00000135: 15.8262   (Y': 15.3106   Cb: 15.3438   Cr: 17.0386 )
00000138: 15.9246   (Y': 15.5737   Cb: 15.367    Cr: 17.0101 )
00000141: 16.0259   (Y': 15.7883   Cb: 15.3868   Cr: 17.0759 )
00000142: 15.8916   (Y': 15.7102   Cb: 15.2313   Cr: 16.898  )
00000143: 15.7731   (Y': 15.4136   Cb: 15.2298   Cr: 16.8498 )
00000144: 15.6967   (Y': 15.2382   Cb: 15.2109   Cr: 16.8301 )
00000145: 15.5034   (Y': 14.8877   Cb: 15.1034   Cr: 16.7458 )
00000149: 15.5214   (Y': 15.0103   Cb: 15.0128   Cr: 16.7659 )
00000146: 15.4948   (Y': 14.928    Cb: 15.0877   Cr: 16.6734 )
00000150: 15.5036   (Y': 15.0038   Cb: 15.0183   Cr: 16.6965 )
00000147: 15.5129   (Y': 14.9959   Cb: 15.0471   Cr: 16.7025 )
00000148: 15.5202   (Y': 14.9668   Cb: 15.0745   Cr: 16.7348 )
00000151: 15.4342   (Y': 15.0059   Cb: 14.902    Cr: 16.5922 )
00000153: 15.4241   (Y': 14.9877   Cb: 14.8916   Cr: 16.5939 )
00000154: 15.5682   (Y': 15.0151   Cb: 15.1269   Cr: 16.7758 )
00000155: 15.6195   (Y': 15.0771   Cb: 15.1764   Cr: 16.8137 )
00000152: 15.4265   (Y': 15.0197   Cb: 14.8995   Cr: 16.546  )
00000156: 15.6445   (Y': 15.109    Cb: 15.1749   Cr: 16.8674 )
00000157: 15.5749   (Y': 15.0673   Cb: 15.0906   Cr: 16.7781 )
00000161: 15.3149   (Y': 14.9159   Cb: 14.7136   Cr: 16.5337 )
00000164: 15.1813   (Y': 14.9721   Cb: 14.4966   Cr: 16.2611 )
00000165: 15.1966   (Y': 14.9509   Cb: 14.4998   Cr: 16.3445 )
00000158: 15.5496   (Y': 15.0136   Cb: 15.0933   Cr: 16.7538 )
00000159: 15.5003   (Y': 15.0393   Cb: 14.9435   Cr: 16.7427 )
00000160: 15.403    (Y': 14.9273   Cb: 14.8085   Cr: 16.7253 )
00000163: 15.1957   (Y': 15.0012   Cb: 14.5081   Cr: 16.26   )
00000168: 15.2897   (Y': 15.0683   Cb: 14.6558   Cr: 16.3103 )
00000173: 15.2929   (Y': 14.8197   Cb: 14.9009   Cr: 16.3142 )
00000174: 15.3574   (Y': 14.903    Cb: 14.9587   Cr: 16.3618 )
00000171: 15.2448   (Y': 14.9711   Cb: 14.7111   Cr: 16.1914 )
00000162: 15.3386   (Y': 15.0365   Cb: 14.7173   Cr: 16.4502 )
00000169: 15.2601   (Y': 15.0137   Cb: 14.6657   Cr: 16.2566 )
00000172: 15.3125   (Y': 14.9714   Cb: 14.8651   Cr: 16.2287 )
00000167: 15.2375   (Y': 14.9917   Cb: 14.6022   Cr: 16.2931 )
00000175: 15.415    (Y': 14.9383   Cb: 15.0187   Cr: 16.4474 )
00000166: 15.1768   (Y': 14.9566   Cb: 14.4916   Cr: 16.2719 )
00000177: 15.4681   (Y': 15.0462   Cb: 15.0319   Cr: 16.4792 )
00000170: 15.2546   (Y': 14.9452   Cb: 14.7027   Cr: 16.2749 )
00000179: 15.599    (Y': 15.1332   Cb: 15.2637   Cr: 16.5327 )
00000178: 15.5493   (Y': 15.119    Cb: 15.1504   Cr: 16.5204 )
00000182: 15.6613   (Y': 15.1905   Cb: 15.3444   Cr: 16.5775 )
00000176: 15.4083   (Y': 14.9237   Cb: 15.0121   Cr: 16.4518 )
00000183: 15.6515   (Y': 15.2426   Cb: 15.2827   Cr: 16.5523 )
00000180: 15.6581   (Y': 15.1865   Cb: 15.3369   Cr: 16.581  )
00000181: 15.7255   (Y': 15.245    Cb: 15.4334   Cr: 16.6223 )
00000184: 15.6684   (Y': 15.2469   Cb: 15.3107   Cr: 16.5718 )
00000186: 15.5326   (Y': 15.2431   Cb: 15.1203   Cr: 16.3341 )
00000185: 15.5335   (Y': 15.1935   Cb: 15.1292   Cr: 16.3901 )
00000190: 15.4254   (Y': 15.0961   Cb: 15.0568   Cr: 16.2209 )
00000189: 15.4805   (Y': 15.1106   Cb: 15.1347   Cr: 16.299  )
00000187: 15.5695   (Y': 15.2088   Cb: 15.1982   Cr: 16.4093 )
00000191: 15.513    (Y': 15.131    Cb: 15.1981   Cr: 16.3072 )
00000188: 15.5687   (Y': 15.1977   Cb: 15.1904   Cr: 16.4316 )
00000192: 15.5721   (Y': 15.1824   Cb: 15.2282   Cr: 16.4142 )
00000193: 15.6882   (Y': 15.2714   Cb: 15.3477   Cr: 16.5623 )
00000194: 15.6539   (Y': 15.2497   Cb: 15.2933   Cr: 16.5376 )
00000197: 15.6327   (Y': 15.2801   Cb: 15.2364   Cr: 16.4952 )
00000198: 15.6383   (Y': 15.2373   Cb: 15.2683   Cr: 16.5304 )
00000195: 15.6372   (Y': 15.2563   Cb: 15.2754   Cr: 16.4913 )
00000196: 15.614    (Y': 15.2241   Cb: 15.2677   Cr: 16.4595 )
00000199: 15.6709   (Y': 15.2535   Cb: 15.2843   Cr: 16.6072 )
00000200: 15.6683   (Y': 15.2606   Cb: 15.2615   Cr: 16.6189 )
00000201: 15.6146   (Y': 15.1929   Cb: 15.1692   Cr: 16.6383 )
00000202: 15.6287   (Y': 15.1934   Cb: 15.1884   Cr: 16.664  )
00000205: 15.6309   (Y': 15.0798   Cb: 15.1935   Cr: 16.8299 )
00000203: 15.6643   (Y': 15.1551   Cb: 15.2316   Cr: 16.7948 )
00000204: 15.656    (Y': 15.1435   Cb: 15.2118   Cr: 16.8078 )
00000206: 15.6506   (Y': 15.1103   Cb: 15.1941   Cr: 16.8615 )
00000207: 15.7512   (Y': 15.1596   Cb: 15.3073   Cr: 17.0212 )
00000208: 15.7945   (Y': 15.1545   Cb: 15.3671   Cr: 17.1153 )
00000209: 15.7732   (Y': 15.0951   Cb: 15.3758   Cr: 17.1093 )
00000210: 15.6675   (Y': 15.0628   Cb: 15.1937   Cr: 17.0025 )
00000211: 15.6373   (Y': 15.0174   Cb: 15.1551   Cr: 17.0091 )
00000215: 15.6241   (Y': 15.0984   Cb: 15.1421   Cr: 16.8507 )
00000212: 15.6173   (Y': 15.0593   Cb: 15.0986   Cr: 16.9484 )
00000216: 15.5977   (Y': 15.0816   Cb: 15.0956   Cr: 16.8399 )
00000213: 15.6983   (Y': 15.1643   Cb: 15.1826   Cr: 16.9878 )
00000217: 15.6587   (Y': 15.0443   Cb: 15.1578   Cr: 17.0505 )
00000219: 15.7323   (Y': 15.149    Cb: 15.2261   Cr: 17.0835 )
00000214: 15.6402   (Y': 15.0645   Cb: 15.1617   Cr: 16.9374 )
00000218: 15.6651   (Y': 15.0496   Cb: 15.1708   Cr: 17.0487 )
00000221: 15.656    (Y': 15.1352   Cb: 15.1478   Cr: 16.9145 )
00000222: 15.6519   (Y': 15.1031   Cb: 15.1768   Cr: 16.9029 )
00000220: 15.7316   (Y': 15.1552   Cb: 15.2409   Cr: 17.0483 )
00000224: 15.836    (Y': 15.3594   Cb: 15.2872   Cr: 17.0894 )
00000225: 15.8026   (Y': 15.4445   Cb: 15.251    Cr: 16.8892 )
00000223: 15.6969   (Y': 15.2609   Cb: 15.1328   Cr: 16.9134 )
00000227: 16.1722   (Y': 16.0663   Cb: 15.4183   Cr: 17.2197 )
00000226: 15.9101   (Y': 15.7797   Cb: 15.2      Cr: 16.9234 )
00000228: 16.2991   (Y': 16.2785   Cb: 15.5734   Cr: 17.1963 )
00000229: 16.3033   (Y': 16.4461   Cb: 15.4917   Cr: 17.1287 )
00000230: 16.1312   (Y': 16.1181   Cb: 15.3769   Cr: 17.0607 )
00000231: 15.9456   (Y': 15.9271   Cb: 15.1642   Cr: 16.9222 )
00000234: 15.9238   (Y': 16.1567   Cb: 15.0185   Cr: 16.7833 )
00000232: 15.9274   (Y': 15.8872   Cb: 15.1646   Cr: 16.9035 )
00000233: 15.9563   (Y': 16.1018   Cb: 15.1064   Cr: 16.8352 )
00000238: 15.7863   (Y': 16.2269   Cb: 14.8732   Cr: 16.4289 )
00000235: 15.8943   (Y': 16.2024   Cb: 14.9746   Cr: 16.6899 )
00000236: 15.8878   (Y': 16.2389   Cb: 14.979    Cr: 16.6198 )
00000239: 16.029    (Y': 16.8848   Cb: 14.9603   Cr: 16.4872 )
00000237: 15.8123   (Y': 16.1598   Cb: 14.9332   Cr: 16.5053 )
00000240: 16.1008   (Y': 16.9515   Cb: 15.0212   Cr: 16.5791 )
00000241: 15.9147   (Y': 16.9365   Cb: 14.7642   Cr: 16.3417 )
00000242: 15.9307   (Y': 16.9456   Cb: 14.7727   Cr: 16.3748 )
00000244: 16.1546   (Y': 16.8207   Cb: 15.2705   Cr: 16.5336 )
00000243: 16.1579   (Y': 17.0497   Cb: 15.1373   Cr: 16.5165 )
00000245: 16.1465   (Y': 16.6603   Cb: 15.3533   Cr: 16.5505 )
00000246: 16.1328   (Y': 16.6745   Cb: 15.3775   Cr: 16.4606 )
00000249: 16.2724   (Y': 17.0949   Cb: 15.4592   Cr: 16.4199 )
00000247: 16.1607   (Y': 16.925    Cb: 15.3524   Cr: 16.3525 )
00000248: 16.3181   (Y': 17.1644   Cb: 15.4992   Cr: 16.4524 )
00000250: 16.3228   (Y': 17.076    Cb: 15.5165   Cr: 16.5219 )
00000254: 16.0243   (Y': 16.3838   Cb: 15.361    Cr: 16.4128 )
00000253: 16.0843   (Y': 16.5263   Cb: 15.412    Cr: 16.4025 )
00000255: 15.9245   (Y': 16.2051   Cb: 15.2097   Cr: 16.4615 )
00000251: 16.3347   (Y': 17.0839   Cb: 15.5367   Cr: 16.527  )
00000252: 16.1789   (Y': 16.8729   Cb: 15.459    Cr: 16.3228 )
00000256: 15.8069   (Y': 16.0529   Cb: 15.0702   Cr: 16.4109 )
00000257: 15.666    (Y': 16.0845   Cb: 14.8829   Cr: 16.1514 )
00000261: 16.0823   (Y': 16.9553   Cb: 15.0518   Cr: 16.4715 )
00000260: 16.0585   (Y': 16.8272   Cb: 15.0681   Cr: 16.4869 )
00000263: 15.7773   (Y': 17.0161   Cb: 14.6546   Cr: 15.9856 )
00000262: 16.0991   (Y': 17.043    Cb: 15.0615   Cr: 16.4356 )
00000258: 15.6228   (Y': 16.1726   Cb: 14.7884   Cr: 16.0462 )
00000259: 15.8821   (Y': 16.6697   Cb: 14.9501   Cr: 16.2137 )
00000270: 15.8738   (Y': 16.824    Cb: 14.8583   Cr: 16.1745 )
00000273: 15.8378   (Y': 16.5307   Cb: 14.8864   Cr: 16.2829 )
00000272: 15.9127   (Y': 16.6705   Cb: 14.9403   Cr: 16.3262 )
00000264: 15.7478   (Y': 17.1011   Cb: 14.586    Cr: 15.9204 )
00000269: 15.9379   (Y': 17.0425   Cb: 14.9155   Cr: 16.119  )
00000265: 15.5725   (Y': 16.9656   Cb: 14.4126   Cr: 15.7125 )
00000266: 15.4875   (Y': 16.9008   Cb: 14.3243   Cr: 15.617  )
00000267: 15.5606   (Y': 17.166    Cb: 14.3987   Cr: 15.5507 )
00000271: 15.9007   (Y': 16.6147   Cb: 14.9482   Cr: 16.3277 )
00000275: 15.7788   (Y': 16.5912   Cb: 14.7961   Cr: 16.1567 )
00000268: 15.6354   (Y': 17.162    Cb: 14.4957   Cr: 15.6515 )
00000277: 15.9451   (Y': 16.5207   Cb: 15.0227   Cr: 16.4634 )
00000278: 16.0015   (Y': 16.5108   Cb: 15.1045   Cr: 16.5504 )
00000274: 15.8006   (Y': 16.6031   Cb: 14.8173   Cr: 16.1881 )
00000281: 15.8145   (Y': 16.0377   Cb: 15.0396   Cr: 16.496  )
00000276: 15.8574   (Y': 16.6275   Cb: 14.8575   Cr: 16.2975 )
00000279: 15.8522   (Y': 16.3103   Cb: 15.0012   Cr: 16.3893 )
00000283: 15.9351   (Y': 16.2765   Cb: 15.1412   Cr: 16.5149 )
00000280: 15.8697   (Y': 16.1555   Cb: 15.0792   Cr: 16.5041 )
00000286: 16.2864   (Y': 16.5986   Cb: 15.5426   Cr: 16.8289 )
00000284: 16.0144   (Y': 16.3432   Cb: 15.2095   Cr: 16.6225 )
00000282: 15.8094   (Y': 16.1311   Cb: 15.0601   Cr: 16.3492 )
00000287: 16.2993   (Y': 16.967    Cb: 15.4183   Cr: 16.6728 )
00000285: 16.1676   (Y': 16.6049   Cb: 15.3814   Cr: 16.638  )
00000288: 16.2644   (Y': 17.1103   Cb: 15.3762   Cr: 16.4871 )
00000289: 16.3579   (Y': 17.3925   Cb: 15.402    Cr: 16.5092 )
00000291: 16.4851   (Y': 17.4471   Cb: 15.5066   Cr: 16.7264 )
00000292: 16.3889   (Y': 17.3652   Cb: 15.448    Cr: 16.5687 )
00000290: 16.4483   (Y': 17.3662   Cb: 15.4915   Cr: 16.6982 )
00000295: 16.0826   (Y': 16.6237   Cb: 15.258    Cr: 16.5015 )
00000293: 16.2054   (Y': 16.6841   Cb: 15.4667   Cr: 16.5725 )
00000298: 16.2559   (Y': 16.9415   Cb: 15.4331   Cr: 16.5364 )
00000294: 16.1288   (Y': 16.5619   Cb: 15.3867   Cr: 16.5455 )
00000296: 16.1454   (Y': 16.7137   Cb: 15.3231   Cr: 16.535  )
00000297: 16.2558   (Y': 16.8494   Cb: 15.4275   Cr: 16.6291 )
00000301: 16.2692   (Y': 17.2339   Cb: 15.3282   Cr: 16.4588 )
00000299: 16.3087   (Y': 17.2816   Cb: 15.3611   Cr: 16.5002 )
00000300: 16.1551   (Y': 17.3435   Cb: 15.1094   Cr: 16.3002 )
00000304: 15.5933   (Y': 15.6659   Cb: 15.021    Cr: 16.1696 )
00000303: 15.9779   (Y': 16.605    Cb: 15.1621   Cr: 16.3034 )
00000302: 16.1393   (Y': 16.8723   Cb: 15.2927   Cr: 16.4076 )
00000307: 15.563    (Y': 15.5721   Cb: 14.9269   Cr: 16.2978 )
00000306: 15.6467   (Y': 15.7034   Cb: 15.0512   Cr: 16.2714 )
00000309: 15.5576   (Y': 15.5805   Cb: 14.9127   Cr: 16.2881 )
00000305: 15.5935   (Y': 15.6608   Cb: 14.9914   Cr: 16.215  )
00000308: 15.5181   (Y': 15.5212   Cb: 14.8659   Cr: 16.2821 )
00000312: 15.4288   (Y': 15.5935   Cb: 14.8351   Cr: 15.9315 )
00000310: 15.57     (Y': 15.6351   Cb: 14.9363   Cr: 16.2362 )
00000313: 15.143    (Y': 15.2754   Cb: 14.5398   Cr: 15.693  )
00000311: 15.4724   (Y': 15.5544   Cb: 14.8889   Cr: 16.0529 )
00000314: 14.8856   (Y': 14.7243   Cb: 14.4291   Cr: 15.5848 )
00000315: 14.6436   (Y': 14.2292   Cb: 14.3418   Cr: 15.4637 )
00000322: 14.9066   (Y': 14.3258   Cb: 14.6928   Cr: 15.841  )
00000316: 14.6543   (Y': 14.2866   Cb: 14.3546   Cr: 15.4103 )
00000323: 14.8352   (Y': 14.2335   Cb: 14.5862   Cr: 15.8458 )
00000321: 14.9091   (Y': 14.3596   Cb: 14.6538   Cr: 15.8533 )
00000317: 14.7636   (Y': 14.2801   Cb: 14.5125   Cr: 15.6112 )
00000318: 14.7703   (Y': 14.2901   Cb: 14.5234   Cr: 15.608  )
00000319: 14.869    (Y': 14.2757   Cb: 14.6219   Cr: 15.865  )
00000324: 14.8938   (Y': 14.3278   Cb: 14.6546   Cr: 15.8405 )
00000328: 14.9829   (Y': 14.5422   Cb: 14.5736   Cr: 15.9826 )
00000320: 14.908    (Y': 14.3111   Cb: 14.6719   Cr: 15.8944 )
00000331: 15.0067   (Y': 14.8164   Cb: 14.4304   Cr: 15.9042 )
00000325: 14.9608   (Y': 14.364    Cb: 14.6584   Cr: 16.0365 )
00000330: 14.8871   (Y': 14.6511   Cb: 14.3028   Cr: 15.8553 )
00000335: 15.2534   (Y': 15.3027   Cb: 14.5422   Cr: 16.0449 )
00000327: 14.9874   (Y': 14.4076   Cb: 14.6656   Cr: 16.0651 )
00000326: 14.9559   (Y': 14.3287   Cb: 14.6713   Cr: 16.0523 )
00000334: 15.2743   (Y': 15.2434   Cb: 14.6098   Cr: 16.0965 )
00000329: 14.9314   (Y': 14.6598   Cb: 14.3589   Cr: 15.9302 )
00000332: 15.0644   (Y': 14.9289   Cb: 14.4637   Cr: 15.9264 )
00000333: 15.1482   (Y': 15.113    Cb: 14.5075   Cr: 15.9423 )
00000337: 15.0493   (Y': 15.1021   Cb: 14.3961   Cr: 15.7563 )
00000336: 15.2338   (Y': 15.3634   Cb: 14.5142   Cr: 15.9437 )
00000338: 15.0025   (Y': 15.007    Cb: 14.367    Cr: 15.7419 )
00000339: 14.9576   (Y': 14.9061   Cb: 14.3689   Cr: 15.6997 )
00000340: 14.9451   (Y': 14.8683   Cb: 14.3917   Cr: 15.6703 )
00000341: 15.0064   (Y': 14.9675   Cb: 14.4373   Cr: 15.707  )
00000342: 15.0699   (Y': 15.0276   Cb: 14.5143   Cr: 15.7567 )
00000343: 15.9326   (Y': 16.3443   Cb: 15.0964   Cr: 16.497  )
00000344: 15.9298   (Y': 16.333    Cb: 15.0702   Cr: 16.5357 )
00000345: 16.0587   (Y': 16.473    Cb: 15.2275   Cr: 16.6136 )
00000346: 16.1303   (Y': 16.4609   Cb: 15.3191   Cr: 16.7454 )
00000347: 16.2629   (Y': 16.3421   Cb: 15.5696   Cr: 16.9945 )
00000348: 16.3112   (Y': 16.5055   Cb: 15.5948   Cr: 16.9439 )
00000349: 16.4594   (Y': 16.5491   Cb: 15.7826   Cr: 17.1558 )
00000350: 16.0958   (Y': 15.1226   Cb: 16.0662   Cr: 17.3919 )
00000351: 16.0387   (Y': 15.1618   Cb: 15.9359   Cr: 17.2748 )
00000352: 16.1653   (Y': 15.1994   Cb: 16.1879   Cr: 17.3794 )
00000354: 16.6657   (Y': 16.6686   Cb: 16.075    Cr: 17.3462 )
00000353: 16.0574   (Y': 15.125    Cb: 16.0086   Cr: 17.3113 )
00000355: 16.6116   (Y': 16.7957   Cb: 15.9171   Cr: 17.2258 )
00000357: 16.4879   (Y': 16.5397   Cb: 15.8317   Cr: 17.2003 )
00000356: 16.6229   (Y': 16.7355   Cb: 15.9578   Cr: 17.2774 )
00000360: 16.4077   (Y': 16.376    Cb: 15.8001   Cr: 17.152  )
00000359: 16.4042   (Y': 16.3786   Cb: 15.7748   Cr: 17.1712 )
00000358: 16.5086   (Y': 16.522    Cb: 15.8713   Cr: 17.2398 )
00000362: 16.2945   (Y': 16.2198   Cb: 15.6715   Cr: 17.1121 )
00000363: 16.2758   (Y': 16.2608   Cb: 15.6172   Cr: 17.0704 )
00000361: 16.3333   (Y': 16.3077   Cb: 15.6835   Cr: 17.1283 )
00000369: 16.1211   (Y': 16.1862   Cb: 15.3645   Cr: 16.9589 )
00000364: 16.2119   (Y': 16.1488   Cb: 15.5501   Cr: 17.0699 )
00000367: 16.0397   (Y': 16.1724   Cb: 15.264    Cr: 16.8253 )
00000366: 16.1492   (Y': 16.2202   Cb: 15.4245   Cr: 16.9344 )
00000371: 16.0053   (Y': 16.1425   Cb: 15.2152   Cr: 16.8062 )
00000368: 16.0658   (Y': 16.0886   Cb: 15.3235   Cr: 16.9338 )
00000370: 16.0642   (Y': 16.1939   Cb: 15.2778   Cr: 16.8686 )
00000365: 16.1735   (Y': 16.1543   Cb: 15.5185   Cr: 16.9683 )
00000372: 16.0266   (Y': 16.2049   Cb: 15.2312   Cr: 16.7876 )
00000374: 16.0385   (Y': 16.2899   Cb: 15.2172   Cr: 16.7541 )
00000373: 16.0395   (Y': 16.3449   Cb: 15.1795   Cr: 16.7509 )
00000380: 16.1268   (Y': 16.3435   Cb: 15.3477   Cr: 16.8214 )
00000379: 16.1058   (Y': 16.2396   Cb: 15.3198   Cr: 16.9049 )
00000376: 16.0413   (Y': 16.3572   Cb: 15.1907   Cr: 16.7279 )
00000375: 16.0797   (Y': 16.3333   Cb: 15.2819   Cr: 16.7596 )
00000378: 16.1912   (Y': 16.3516   Cb: 15.4332   Cr: 16.9198 )
00000377: 16.2029   (Y': 16.4191   Cb: 15.4167   Cr: 16.9083 )
00000381: 16.2127   (Y': 16.3997   Cb: 15.4824   Cr: 16.8728 )
00000382: 16.2363   (Y': 16.4037   Cb: 15.5528   Cr: 16.8542 )
00000383: 16.1609   (Y': 16.2418   Cb: 15.5042   Cr: 16.8403 )
00000385: 16.3355   (Y': 16.2736   Cb: 15.7931   Cr: 17.028  )
00000384: 16.1861   (Y': 16.1901   Cb: 15.5909   Cr: 16.8713 )
00000386: 16.3096   (Y': 16.2668   Cb: 15.7464   Cr: 17.0072 )
00000387: 16.1988   (Y': 16.1822   Cb: 15.6307   Cr: 16.8719 )
00000388: 16.1663   (Y': 16.1777   Cb: 15.588    Cr: 16.8205 )
00000389: 16.0678   (Y': 16.0768   Cb: 15.4625   Cr: 16.7606 )
00000390: 16.0651   (Y': 16.0403   Cb: 15.4566   Cr: 16.8024 )
00000391: 16.0349   (Y': 16.0389   Cb: 15.3828   Cr: 16.7977 )
00000392: 16.1687   (Y': 16.1866   Cb: 15.499    Cr: 16.9396 )
00000393: 16.2311   (Y': 16.1272   Cb: 15.6285   Cr: 17.0564 )
00000394: 16.2914   (Y': 16.1582   Cb: 15.7388   Cr: 17.0843 )
00000395: 16.2327   (Y': 16.2455   Cb: 15.5777   Cr: 16.989  )
00000396: 16.2393   (Y': 16.295    Cb: 15.5641   Cr: 16.9729 )
00000397: 16.2252   (Y': 16.2685   Cb: 15.5358   Cr: 16.9934 )
00000398: 16.2629   (Y': 16.2374   Cb: 15.6155   Cr: 17.0547 )
00000399: 16.1813   (Y': 16.1472   Cb: 15.5609   Cr: 16.9461 )
00000400: 16.2178   (Y': 16.118    Cb: 15.6155   Cr: 17.0377 )
00000401: 16.1859   (Y': 15.7426   Cb: 15.7709   Cr: 17.1972 )
00000402: 16.2095   (Y': 15.7776   Cb: 15.7782   Cr: 17.2278 )
00000403: 16.0937   (Y': 15.6956   Cb: 15.6625   Cr: 17.0646 )
00000404: 16.1162   (Y': 15.765    Cb: 15.6676   Cr: 17.0476 )
00000405: 16.0934   (Y': 15.7092   Cb: 15.7315   Cr: 16.952  )
00000408: 15.7596   (Y': 15.4032   Cb: 15.6321   Cr: 16.2919 )
00000407: 15.9956   (Y': 15.7074   Cb: 15.7447   Cr: 16.5909 )
00000406: 16.0759   (Y': 15.7186   Cb: 15.7416   Cr: 16.8632 )
00000409: 15.1259   (Y': 14.1545   Cb: 15.3858   Cr: 16.055  )
00000410: 15.2397   (Y': 14.2908   Cb: 15.4249   Cr: 16.2222 )
00000411: 15.1576   (Y': 14.2313   Cb: 15.3292   Cr: 16.1215 )
00000415: 15.8107   (Y': 15.4591   Cb: 15.7075   Cr: 16.3088 )
00000414: 15.761    (Y': 15.5408   Cb: 15.5474   Cr: 16.2304 )
00000413: 14.925    (Y': 13.6816   Cb: 15.3152   Cr: 16.149  )
00000416: 15.8611   (Y': 15.6561   Cb: 15.5815   Cr: 16.391  )
00000412: 15.0624   (Y': 14.0483   Cb: 15.2929   Cr: 16.0935 )
00000418: 16.1019   (Y': 15.8949   Cb: 15.7737   Cr: 16.6935 )
00000417: 15.9412   (Y': 15.8545   Cb: 15.5903   Cr: 16.4196 )
00000419: 16.2391   (Y': 16.054    Cb: 15.9477   Cr: 16.7596 )
00000420: 16.2618   (Y': 16.1127   Cb: 15.9175   Cr: 16.8043 )
00000421: 16.171    (Y': 16.3245   Cb: 15.6905   Cr: 16.5438 )
00000422: 16.1498   (Y': 16.3689   Cb: 15.6057   Cr: 16.5321 )
00000425: 15.9743   (Y': 15.9864   Cb: 15.5218   Cr: 16.4659 )
00000423: 16.1411   (Y': 15.8319   Cb: 15.9003   Cr: 16.7501 )
00000426: 15.8461   (Y': 16.0132   Cb: 15.3998   Cr: 16.1634 )
00000424: 15.9786   (Y': 15.7812   Cb: 15.6396   Cr: 16.5717 )
00000427: 16.1044   (Y': 16.6716   Cb: 15.4952   Cr: 16.2284 )
00000428: 15.9664   (Y': 16.3556   Cb: 15.4296   Cr: 16.1702 )
00000429: 15.9783   (Y': 16.6468   Cb: 15.3362   Cr: 16.0515 )
00000430: 15.7795   (Y': 16.167    Cb: 15.2305   Cr: 15.9995 )
00000431: 15.3803   (Y': 15.6169   Cb: 14.8904   Cr: 15.6785 )
00000432: 15.3958   (Y': 15.4399   Cb: 14.9649   Cr: 15.8256 )
00000433: 15.5412   (Y': 15.4937   Cb: 15.1925   Cr: 15.9727 )
00000434: 15.6535   (Y': 15.6492   Cb: 15.3236   Cr: 16.0151 )
00000435: 15.4644   (Y': 15.2895   Cb: 15.279    Cr: 15.8488 )
00000436: 15.5147   (Y': 15.4022   Cb: 15.2988   Cr: 15.8636 )
00000438: 15.7031   (Y': 15.6992   Cb: 15.2275   Cr: 16.2416 )
00000437: 15.6956   (Y': 15.8289   Cb: 15.1968   Cr: 16.1121 )
00000441: 16.0583   (Y': 16.4126   Cb: 15.4896   Cr: 16.3343 )
00000439: 16.0955   (Y': 16.4054   Cb: 15.5359   Cr: 16.4043 )
00000442: 15.9263   (Y': 16.0326   Cb: 15.4782   Cr: 16.3097 )
00000440: 16.2585   (Y': 16.7424   Cb: 15.6896   Cr: 16.411  )
00000445: 15.8171   (Y': 16.2693   Cb: 15.0195   Cr: 16.2878 )
00000443: 15.6119   (Y': 15.9293   Cb: 14.9555   Cr: 16.0343 )
00000444: 15.682    (Y': 16.1347   Cb: 14.9198   Cr: 16.1052 )
00000448: 15.6139   (Y': 15.5485   Cb: 15.1449   Cr: 16.2148 )
00000449: 15.4669   (Y': 15.444    Cb: 14.9179   Cr: 16.1223 )
00000446: 15.7902   (Y': 16.0804   Cb: 15.1197   Cr: 16.2587 )
00000450: 15.3888   (Y': 15.391    Cb: 14.8315   Cr: 16.0259 )
00000447: 15.5892   (Y': 15.4896   Cb: 15.1223   Cr: 16.2276 )
00000453: 15.6742   (Y': 15.8719   Cb: 15.1819   Cr: 16.0154 )
00000452: 15.5909   (Y': 15.7646   Cb: 15.0672   Cr: 15.9953 )
00000454: 15.8826   (Y': 16.2102   Cb: 15.4074   Cr: 16.0735 )
00000457: 15.8798   (Y': 15.7589   Cb: 15.5206   Cr: 16.4079 )
00000451: 15.4945   (Y': 15.596    Cb: 14.952    Cr: 16.0006 )
00000455: 16.0118   (Y': 15.994    Cb: 15.6829   Cr: 16.3871 )
00000456: 15.9206   (Y': 15.9398   Cb: 15.5243   Cr: 16.3356 )
00000458: 16.0159   (Y': 15.959    Cb: 15.6867   Cr: 16.4346 )
00000462: 15.7448   (Y': 16.6836   Cb: 14.8476   Cr: 15.8998 )
00000461: 15.652    (Y': 16.2285   Cb: 14.8963   Cr: 15.9473 )
00000459: 15.9312   (Y': 16.2256   Cb: 15.3931   Cr: 16.2294 )
00000463: 16.043    (Y': 17.3192   Cb: 15.0181   Cr: 16.0936 )
00000464: 16.0052   (Y': 17.4073   Cb: 14.9105   Cr: 16.0523 )
00000460: 15.7926   (Y': 16.2644   Cb: 15.1055   Cr: 16.1005 )
00000465: 15.9362   (Y': 17.377    Cb: 14.89     Cr: 15.8931 )
00000467: 15.5535   (Y': 15.6806   Cb: 14.9244   Cr: 16.1436 )
00000466: 15.9176   (Y': 16.7503   Cb: 15.0009   Cr: 16.1887 )
00000468: 15.6026   (Y': 15.3361   Cb: 15.1867   Cr: 16.3794 )
00000469: 15.962    (Y': 15.7619   Cb: 15.5634   Cr: 16.6336 )
00000472: 15.3623   (Y': 15.1684   Cb: 14.8483   Cr: 16.1783 )
00000473: 15.3992   (Y': 15.1935   Cb: 14.8987   Cr: 16.212  )
00000471: 15.4204   (Y': 15.2488   Cb: 14.9154   Cr: 16.1964 )
00000470: 15.5551   (Y': 15.2959   Cb: 15.1564   Cr: 16.3001 )
00000474: 15.5627   (Y': 15.2894   Cb: 15.0677   Cr: 16.4549 )
00000479: 15.3139   (Y': 14.0564   Cb: 15.5183   Cr: 16.8004 )
00000477: 15.7275   (Y': 14.7075   Cb: 15.7077   Cr: 17.0904 )
00000475: 16.1205   (Y': 16.4325   Cb: 15.3627   Cr: 16.6824 )
00000476: 15.8383   (Y': 15.4475   Cb: 15.42     Cr: 16.7819 )
00000478: 15.7177   (Y': 14.5764   Cb: 15.823    Cr: 17.1239 )
00000481: 14.9448   (Y': 13.6223   Cb: 15.1806   Cr: 16.5131 )
00000480: 15.2151   (Y': 13.8837   Cb: 15.4488   Cr: 16.8037 )
00000482: 14.9703   (Y': 13.5752   Cb: 15.276    Cr: 16.5873 )
00000483: 15.8124   (Y': 15.3999   Cb: 15.4027   Cr: 16.7736 )
00000489: 15.2664   (Y': 14.3089   Cb: 15.219    Cr: 16.5602 )
00000484: 15.9422   (Y': 15.6111   Cb: 15.4946   Cr: 16.8454 )
00000488: 15.399    (Y': 14.5409   Cb: 15.236    Cr: 16.6874 )
00000492: 15.8629   (Y': 15.7452   Cb: 15.3627   Cr: 16.5665 )
00000493: 15.8627   (Y': 15.7285   Cb: 15.32     Cr: 16.6433 )
00000485: 16.0212   (Y': 15.9557   Cb: 15.4297   Cr: 16.7841 )
00000487: 15.4152   (Y': 14.53     Cb: 15.2695   Cr: 16.724  )
00000486: 16.0862   (Y': 16.0713   Cb: 15.4728   Cr: 16.8181 )
00000498: 16.0259   (Y': 16.3235   Cb: 15.221    Cr: 16.6677 )
00000495: 16.2615   (Y': 16.3385   Cb: 15.6247   Cr: 16.9183 )
00000490: 15.9132   (Y': 15.8678   Cb: 15.3208   Cr: 16.6532 )
00000491: 15.9036   (Y': 15.8217   Cb: 15.3896   Cr: 16.5824 )
00000496: 16.2649   (Y': 16.2839   Cb: 15.6432   Cr: 16.9683 )
00000494: 16.0384   (Y': 16.1736   Cb: 15.3608   Cr: 16.6843 )
00000505: 15.3588   (Y': 15.3644   Cb: 14.7343   Cr: 16.0817 )
00000497: 16.2266   (Y': 16.3368   Cb: 15.5394   Cr: 16.914  )
00000501: 15.5117   (Y': 15.6373   Cb: 14.8264   Cr: 16.1789 )
00000502: 15.4373   (Y': 15.3505   Cb: 14.8557   Cr: 16.2125 )
00000509: 15.071    (Y': 15.2249   Cb: 14.2835   Cr: 15.8489 )
00000512: 15.4314   (Y': 15.628    Cb: 14.5978   Cr: 16.2266 )
00000503: 15.3874   (Y': 15.3088   Cb: 14.8152   Cr: 16.1399 )
00000499: 15.8976   (Y': 16.0734   Cb: 15.1794   Cr: 16.5535 )
00000500: 15.6569   (Y': 15.8304   Cb: 14.9503   Cr: 16.2994 )
00000516: 15.1895   (Y': 14.9841   Cb: 14.6565   Cr: 16.0463 )
00000519: 15.1754   (Y': 14.9104   Cb: 14.5708   Cr: 16.2118 )
00000510: 15.2541   (Y': 15.562    Cb: 14.4008   Cr: 15.9532 )
00000504: 15.3434   (Y': 15.2882   Cb: 14.7448   Cr: 16.1036 )
00000507: 15.1774   (Y': 15.1786   Cb: 14.5275   Cr: 15.9406 )
00000524: 15.3482   (Y': 14.8676   Cb: 14.7334   Cr: 16.7095 )
00000506: 15.1906   (Y': 15.1855   Cb: 14.5559   Cr: 15.9403 )
00000525: 15.3682   (Y': 15.0385   Cb: 14.7282   Cr: 16.5465 )
00000526: 15.3003   (Y': 14.9191   Cb: 14.6189   Cr: 16.6177 )
00000508: 15.0354   (Y': 15.0429   Cb: 14.3316   Cr: 15.8668 )
00000520: 15.3208   (Y': 15.0943   Cb: 14.7953   Cr: 16.1941 )
00000517: 15.3779   (Y': 15.1641   Cb: 14.7895   Cr: 16.3231 )
00000522: 15.2595   (Y': 15.1291   Cb: 14.5965   Cr: 16.2037 )
00000527: 15.532    (Y': 15.2146   Cb: 14.7295   Cr: 16.9513 )
00000513: 15.5281   (Y': 15.835    Cb: 14.7197   Cr: 16.1647 )
00000511: 15.6355   (Y': 16.0806   Cb: 14.7563   Cr: 16.2251 )
00000514: 15.3421   (Y': 15.4089   Cb: 14.5763   Cr: 16.1911 )
00000515: 15.133    (Y': 15.0594   Cb: 14.5534   Cr: 15.8893 )
00000518: 14.9555   (Y': 14.7128   Cb: 14.4226   Cr: 15.8602 )
00000521: 15.5462   (Y': 15.3986   Cb: 14.9021   Cr: 16.485  )
00000523: 15.3609   (Y': 15.0226   Cb: 14.7195   Cr: 16.5537 )
00000528: 15.6374   (Y': 15.2959   Cb: 14.8544   Cr: 17.0601 )
00000532: 15.941    (Y': 15.5757   Cb: 15.3065   Cr: 17.1619 )
00000530: 15.8002   (Y': 14.9246   Cb: 15.4677   Cr: 17.3675 )
00000529: 15.683    (Y': 15.1134   Cb: 15.0357   Cr: 17.2374 )
00000531: 15.8962   (Y': 15.5143   Cb: 15.2565   Cr: 17.1489 )
00000539: 16.3645   (Y': 15.7624   Cb: 15.8657   Cr: 17.7337 )
00000533: 16.0208   (Y': 15.8018   Cb: 15.2961   Cr: 17.1748 )
00000534: 16.0983   (Y': 15.8683   Cb: 15.3758   Cr: 17.2638 )
00000536: 16.2407   (Y': 16.1154   Cb: 15.495    Cr: 17.3008 )
00000537: 16.2257   (Y': 15.8188   Cb: 15.6006   Cr: 17.4927 )
00000540: 16.3559   (Y': 15.6729   Cb: 15.9364   Cr: 17.7328 )
00000538: 16.3294   (Y': 15.9474   Cb: 15.728    Cr: 17.524  )
00000544: 16.759    (Y': 15.9757   Cb: 16.4349   Cr: 18.1564 )
00000541: 16.5777   (Y': 15.8079   Cb: 16.217    Cr: 18.0075 )
00000546: 16.6846   (Y': 15.8744   Cb: 16.3642   Cr: 18.1214 )
00000535: 16.2541   (Y': 16.0485   Cb: 15.5588   Cr: 17.3451 )
00000542: 16.4711   (Y': 15.8504   Cb: 15.9772   Cr: 17.862  )
00000565: 16.067    (Y': 15.5421   Cb: 15.6382   Cr: 17.2147 )
00000547: 16.5763   (Y': 15.8434   Cb: 16.172    Cr: 18.0114 )
00000548: 16.5877   (Y': 15.9729   Cb: 16.0696   Cr: 18.007  )
00000554: 16.3406   (Y': 15.6053   Cb: 15.9893   Cr: 17.6997 )
00000553: 16.618    (Y': 15.5918   Cb: 16.5034   Cr: 18.1255 )
00000555: 16.1813   (Y': 15.623    Cb: 15.6248   Cr: 17.5712 )
00000549: 16.4369   (Y': 15.7977   Cb: 15.9385   Cr: 17.8648 )
00000543: 16.6472   (Y': 15.8826   Cb: 16.2831   Cr: 18.0735 )
00000556: 16.0493   (Y': 15.6627   Cb: 15.4483   Cr: 17.2497 )
00000558: 16.2539   (Y': 15.5286   Cb: 15.9549   Cr: 17.5209 )
00000551: 16.4748   (Y': 15.4045   Cb: 16.3567   Cr: 18.0679 )
00000557: 16.1151   (Y': 15.6336   Cb: 15.6241   Cr: 17.2896 )
00000561: 15.967    (Y': 15.5832   Cb: 15.3957   Cr: 17.1189 )
00000564: 15.9231   (Y': 15.5429   Cb: 15.4857   Cr: 16.8783 )
00000563: 16.3041   (Y': 15.5611   Cb: 16.0481   Cr: 17.538  )
00000545: 16.6967   (Y': 15.9227   Cb: 16.3805   Cr: 18.0672 )
00000566: 16.1905   (Y': 15.3171   Cb: 15.9716   Cr: 17.5839 )
00000560: 16.0304   (Y': 15.616    Cb: 15.4276   Cr: 17.2742 )
00000562: 15.8795   (Y': 15.5623   Cb: 15.2978   Cr: 16.9536 )
00000559: 15.9165   (Y': 15.5315   Cb: 15.3296   Cr: 17.0935 )
00000567: 15.9552   (Y': 15.4941   Cb: 15.5133   Cr: 17.0294 )
00000568: 15.9938   (Y': 15.4635   Cb: 15.5977   Cr: 17.1027 )
00000571: 16.3642   (Y': 15.3953   Cb: 16.182    Cr: 17.8685 )
00000550: 16.379    (Y': 15.7029   Cb: 15.9029   Cr: 17.8317 )
00000572: 16.301    (Y': 15.2977   Cb: 16.2178   Cr: 17.7229 )
00000573: 16.144    (Y': 15.3225   Cb: 15.9057   Cr: 17.4789 )
00000552: 16.5144   (Y': 15.4178   Cb: 16.392    Cr: 18.1627 )
00000574: 16.1654   (Y': 15.3673   Cb: 15.9188   Cr: 17.4738 )
00000569: 16.0937   (Y': 15.2167   Cb: 15.8601   Cr: 17.5146 )
00000570: 16.0121   (Y': 15.2282   Cb: 15.7763   Cr: 17.2822 )
Total: 15.6253   (Y': 15.4865   Cb: 15.0323   Cr: 16.4806 )
