00000003: 11.9591   (Y': 10.7732   Cb: 11.7579   Cr: 13.907  )
00000000: 11.9643   (Y': 10.8687   Cb: 11.7      Cr: 13.833  )
00000004: 11.949    (Y': 10.7292   Cb: 11.7565   Cr: 13.9529 )
00000002: 11.9718   (Y': 10.8238   Cb: 11.7289   Cr: 13.9107 )
00000001: 11.9745   (Y': 10.8575   Cb: 11.7439   Cr: 13.831  )
00000005: 11.9237   (Y': 10.7202   Cb: 11.6952   Cr: 13.9535 )
00000013: 11.8334   (Y': 10.7156   Cb: 11.5944   Cr: 13.7052 )
00000007: 11.8575   (Y': 10.6792   Cb: 11.645    Cr: 13.8081 )
00000012: 11.8726   (Y': 10.7489   Cb: 11.5968   Cr: 13.8165 )
00000006: 11.9185   (Y': 10.6988   Cb: 11.7241   Cr: 13.9253 )
00000009: 11.8836   (Y': 10.7637   Cb: 11.6169   Cr: 13.8048 )
00000008: 11.9012   (Y': 10.7251   Cb: 11.6781   Cr: 13.8649 )
00000018: 11.709    (Y': 10.4625   Cb: 11.5603   Cr: 13.6971 )
00000019: 11.6364   (Y': 10.3243   Cb: 11.5529   Cr: 13.6577 )
00000015: 11.7665   (Y': 10.6561   Cb: 11.5066   Cr: 13.6575 )
00000010: 11.8955   (Y': 10.7861   Cb: 11.6143   Cr: 13.8194 )
00000014: 11.8298   (Y': 10.7612   Cb: 11.5528   Cr: 13.6665 )
00000016: 11.7892   (Y': 10.6839   Cb: 11.5185   Cr: 13.6877 )
00000017: 11.7374   (Y': 10.524    Cb: 11.5631   Cr: 13.6977 )
00000011: 11.9196   (Y': 10.8054   Cb: 11.6451   Cr: 13.8427 )
00000020: 11.6364   (Y': 10.3339   Cb: 11.5391   Cr: 13.6597 )
00000021: 11.644    (Y': 10.3461   Cb: 11.5389   Cr: 13.6698 )
00000024: 11.7193   (Y': 10.4271   Cb: 11.6407   Cr: 13.6899 )
00000022: 11.6989   (Y': 10.4103   Cb: 11.5914   Cr: 13.7088 )
00000028: 11.7676   (Y': 10.4803   Cb: 11.6963   Cr: 13.7165 )
00000025: 11.735    (Y': 10.3963   Cb: 11.6911   Cr: 13.7499 )
00000026: 11.757    (Y': 10.4198   Cb: 11.7144   Cr: 13.7663 )
00000027: 11.7528   (Y': 10.453    Cb: 11.6864   Cr: 13.7204 )
00000029: 11.7871   (Y': 10.5351   Cb: 11.6812   Cr: 13.7174 )
00000023: 11.6894   (Y': 10.3585   Cb: 11.622    Cr: 13.7249 )
00000031: 11.7849   (Y': 10.4786   Cb: 11.7308   Cr: 13.7468 )
00000030: 11.764    (Y': 10.5002   Cb: 11.6782   Cr: 13.6868 )
00000033: 11.7758   (Y': 10.5075   Cb: 11.6814   Cr: 13.7218 )
00000034: 11.7816   (Y': 10.5155   Cb: 11.694    Cr: 13.7118 )
00000035: 11.7896   (Y': 10.5098   Cb: 11.7118   Cr: 13.7332 )
00000039: 11.9109   (Y': 10.6546   Cb: 11.8243   Cr: 13.8193 )
00000036: 11.7908   (Y': 10.5243   Cb: 11.6907   Cr: 13.7423 )
00000037: 11.8085   (Y': 10.5299   Cb: 11.7315   Cr: 13.7483 )
00000043: 12.0411   (Y': 10.8376   Cb: 11.8912   Cr: 13.9416 )
00000038: 11.835    (Y': 10.5773   Cb: 11.7438   Cr: 13.7537 )
00000040: 11.9241   (Y': 10.6582   Cb: 11.8327   Cr: 13.8603 )
00000032: 11.7917   (Y': 10.5061   Cb: 11.7223   Cr: 13.7342 )
00000041: 11.8914   (Y': 10.6959   Cb: 11.7316   Cr: 13.7915 )
00000042: 11.9144   (Y': 10.7036   Cb: 11.7594   Cr: 13.8381 )
00000046: 12.2043   (Y': 10.9051   Cb: 12.168    Cr: 14.1231 )
00000047: 12.1895   (Y': 10.8871   Cb: 12.146    Cr: 14.126  )
00000045: 12.1758   (Y': 10.8916   Cb: 12.1125   Cr: 14.1055 )
00000044: 12.0964   (Y': 10.8556   Cb: 11.9783   Cr: 14.0228 )
00000048: 12.183    (Y': 10.8528   Cb: 12.1447   Cr: 14.1706 )
00000049: 12.1308   (Y': 10.7216   Cb: 12.1328   Cr: 14.2269 )
00000050: 12.0864   (Y': 10.6756   Cb: 12.0839   Cr: 14.1934 )
00000052: 12.102    (Y': 10.7287   Cb: 12.0249   Cr: 14.2475 )
00000054: 12.0476   (Y': 10.6354   Cb: 12.0199   Cr: 14.1992 )
00000053: 12.0891   (Y': 10.7006   Cb: 12.0414   Cr: 14.22   )
00000055: 12.0962   (Y': 10.6472   Cb: 12.0829   Cr: 14.3085 )
00000058: 12.0991   (Y': 10.6339   Cb: 12.1228   Cr: 14.2873 )
00000057: 12.1112   (Y': 10.6277   Cb: 12.1155   Cr: 14.3748 )
00000059: 12.1343   (Y': 10.6541   Cb: 12.1524   Cr: 14.3669 )
00000056: 12.0937   (Y': 10.6074   Cb: 12.13     Cr: 14.3107 )
00000051: 12.0562   (Y': 10.6777   Cb: 11.9901   Cr: 14.1952 )
00000060: 12.1385   (Y': 10.6314   Cb: 12.2218   Cr: 14.3273 )
00000062: 12.2194   (Y': 10.7064   Cb: 12.3722   Cr: 14.3111 )
00000061: 12.238    (Y': 10.7001   Cb: 12.4128   Cr: 14.3524 )
00000063: 12.2876   (Y': 10.7935   Cb: 12.4173   Cr: 14.3719 )
00000064: 12.2959   (Y': 10.8288   Cb: 12.4368   Cr: 14.3023 )
00000065: 12.3521   (Y': 10.9735   Cb: 12.3526   Cr: 14.3828 )
00000067: 12.5403   (Y': 11.1658   Cb: 12.5921   Cr: 14.4815 )
00000070: 12.6133   (Y': 11.2168   Cb: 12.6498   Cr: 14.626  )
00000068: 12.6391   (Y': 11.2751   Cb: 12.6798   Cr: 14.5752 )
00000066: 12.4624   (Y': 11.0561   Cb: 12.4894   Cr: 14.5119 )
00000069: 12.6398   (Y': 11.2685   Cb: 12.6712   Cr: 14.6061 )
00000071: 12.5056   (Y': 11.245    Cb: 12.4683   Cr: 14.346  )
00000072: 12.3617   (Y': 11.1599   Cb: 12.2484   Cr: 14.2008 )
00000073: 12.2166   (Y': 11.0026   Cb: 12.1396   Cr: 14.0239 )
00000075: 12.212    (Y': 10.9189   Cb: 12.2198   Cr: 14.0496 )
00000074: 12.1583   (Y': 10.8939   Cb: 12.1244   Cr: 14.0013 )
00000078: 12.5011   (Y': 11.0657   Cb: 12.6321   Cr: 14.4527 )
00000079: 12.6191   (Y': 11.1095   Cb: 12.8007   Cr: 14.6583 )
00000080: 12.756    (Y': 11.2407   Cb: 12.9524   Cr: 14.7854 )
00000077: 12.4533   (Y': 11.0487   Cb: 12.5546   Cr: 14.3832 )
00000081: 12.7691   (Y': 11.206    Cb: 12.9859   Cr: 14.8771 )
00000076: 12.2872   (Y': 10.9911   Cb: 12.2706   Cr: 14.1686 )
00000084: 12.8313   (Y': 11.2039   Cb: 13.0583   Cr: 15.0764 )
00000082: 12.8355   (Y': 11.246    Cb: 13.0712   Cr: 14.9757 )
00000085: 12.7854   (Y': 11.1335   Cb: 13.0222   Cr: 15.0752 )
00000088: 12.7938   (Y': 11.1494   Cb: 12.9942   Cr: 15.1236 )
00000086: 12.808    (Y': 11.1557   Cb: 13.0453   Cr: 15.0979 )
00000089: 12.8011   (Y': 11.1194   Cb: 13.0522   Cr: 15.1423 )
00000091: 12.7826   (Y': 11.1409   Cb: 12.9882   Cr: 15.0971 )
00000090: 12.798    (Y': 11.18     Cb: 12.9924   Cr: 15.0724 )
00000083: 12.7507   (Y': 11.1216   Cb: 12.9725   Cr: 15.0081 )
00000087: 12.8033   (Y': 11.1471   Cb: 13.009    Cr: 15.1541 )
00000092: 12.7844   (Y': 11.1745   Cb: 12.9354   Cr: 15.1096 )
00000093: 12.8419   (Y': 11.1979   Cb: 13.0424   Cr: 15.1708 )
00000094: 12.8957   (Y': 11.2561   Cb: 13.1102   Cr: 15.191  )
00000095: 12.9914   (Y': 11.3805   Cb: 13.1607   Cr: 15.2892 )
00000096: 13.0061   (Y': 11.3576   Cb: 13.18     Cr: 15.39   )
00000097: 13.0898   (Y': 11.5386   Cb: 13.2251   Cr: 15.2983 )
00000098: 13.1459   (Y': 11.5791   Cb: 13.2958   Cr: 15.3683 )
00000100: 13.2222   (Y': 11.5476   Cb: 13.4366   Cr: 15.6053 )
00000099: 13.1755   (Y': 11.4662   Cb: 13.4437   Cr: 15.5593 )
00000102: 13.3497   (Y': 11.7661   Cb: 13.4954   Cr: 15.6193 )
00000110: 13.1986   (Y': 11.5979   Cb: 13.3114   Cr: 15.5645 )
00000104: 13.4016   (Y': 12.0189   Cb: 13.379    Cr: 15.4786 )
00000105: 13.2734   (Y': 11.7714   Cb: 13.3371   Cr: 15.4823 )
00000108: 13.1669   (Y': 11.5216   Cb: 13.339    Cr: 15.5457 )
00000103: 13.381    (Y': 11.9144   Cb: 13.4119   Cr: 15.5606 )
00000106: 13.2703   (Y': 11.7517   Cb: 13.3628   Cr: 15.4705 )
00000111: 13.2212   (Y': 11.659    Cb: 13.349    Cr: 15.4684 )
00000101: 13.3316   (Y': 11.7268   Cb: 13.4803   Cr: 15.6481 )
00000115: 13.1449   (Y': 11.6793   Cb: 13.1461   Cr: 15.3714 )
00000107: 13.2133   (Y': 11.5544   Cb: 13.3857   Cr: 15.6261 )
00000113: 13.2461   (Y': 11.723    Cb: 13.3259   Cr: 15.4783 )
00000116: 13.1178   (Y': 11.6414   Cb: 13.1156   Cr: 15.3757 )
00000114: 13.166    (Y': 11.6875   Cb: 13.1936   Cr: 15.3787 )
00000109: 13.1452   (Y': 11.5221   Cb: 13.3035   Cr: 15.4911 )
00000122: 13.0269   (Y': 11.5137   Cb: 13.1156   Cr: 15.2212 )
00000112: 13.3127   (Y': 11.7708   Cb: 13.4222   Cr: 15.5406 )
00000123: 13.0119   (Y': 11.4187   Cb: 13.1628   Cr: 15.2964 )
00000126: 13.1008   (Y': 11.5706   Cb: 13.1898   Cr: 15.3346 )
00000117: 13.0992   (Y': 11.663    Cb: 13.0893   Cr: 15.2763 )
00000119: 13.0544   (Y': 11.5167   Cb: 13.1848   Cr: 15.2388 )
00000118: 13.0775   (Y': 11.5785   Cb: 13.1539   Cr: 15.2582 )
00000127: 13.0763   (Y': 11.5763   Cb: 13.1321   Cr: 15.293  )
00000124: 13.0374   (Y': 11.5083   Cb: 13.1431   Cr: 15.2414 )
00000125: 13.0397   (Y': 11.5701   Cb: 13.0721   Cr: 15.2243 )
00000132: 12.9066   (Y': 11.3931   Cb: 12.9749   Cr: 15.1349 )
00000131: 12.9752   (Y': 11.4098   Cb: 13.0914   Cr: 15.2487 )
00000128: 12.9724   (Y': 11.487    Cb: 13.0149   Cr: 15.177  )
00000129: 12.9604   (Y': 11.3925   Cb: 13.0617   Cr: 15.2647 )
00000120: 13.0437   (Y': 11.5176   Cb: 13.1764   Cr: 15.1972 )
00000136: 13.0676   (Y': 11.6117   Cb: 13.1866   Cr: 15.0827 )
00000130: 12.9793   (Y': 11.4002   Cb: 13.0991   Cr: 15.2806 )
00000121: 13.044    (Y': 11.4664   Cb: 13.1989   Cr: 15.2842 )
00000134: 12.9378   (Y': 11.4636   Cb: 13.0097   Cr: 15.0684 )
00000135: 12.9663   (Y': 11.5127   Cb: 13.0513   Cr: 15.0293 )
00000133: 12.9117   (Y': 11.4224   Cb: 12.9948   Cr: 15.0594 )
00000137: 13.1728   (Y': 11.7606   Cb: 13.269    Cr: 15.1269 )
00000139: 13.1904   (Y': 11.8538   Cb: 13.2517   Cr: 15.037  )
00000141: 13.1955   (Y': 11.8321   Cb: 13.2837   Cr: 15.0576 )
00000138: 13.2299   (Y': 11.8255   Cb: 13.3171   Cr: 15.1811 )
00000140: 13.2212   (Y': 11.8932   Cb: 13.2785   Cr: 15.0559 )
00000142: 13.2023   (Y': 11.8101   Cb: 13.298    Cr: 15.1142 )
00000143: 13.223    (Y': 11.7833   Cb: 13.3381   Cr: 15.2085 )
00000144: 13.218    (Y': 11.754    Cb: 13.349    Cr: 15.2326 )
00000146: 13.2061   (Y': 11.7556   Cb: 13.319    Cr: 15.2185 )
00000145: 13.2202   (Y': 11.7531   Cb: 13.3637   Cr: 15.2226 )
00000147: 13.1984   (Y': 11.7438   Cb: 13.3315   Cr: 15.1889 )
00000150: 13.2973   (Y': 11.8919   Cb: 13.4187   Cr: 15.1986 )
00000149: 13.2434   (Y': 11.8895   Cb: 13.3039   Cr: 15.1275 )
00000153: 13.303    (Y': 11.8412   Cb: 13.5094   Cr: 15.1989 )
00000148: 13.2147   (Y': 11.7754   Cb: 13.324    Cr: 15.208  )
00000152: 13.2572   (Y': 11.8197   Cb: 13.404    Cr: 15.1892 )
00000151: 13.3066   (Y': 11.8664   Cb: 13.4455   Cr: 15.2568 )
00000154: 13.3182   (Y': 11.8523   Cb: 13.514    Cr: 15.2389 )
00000156: 13.303    (Y': 11.807    Cb: 13.5119   Cr: 15.2703 )
00000155: 13.3074   (Y': 11.8399   Cb: 13.5046   Cr: 15.2295 )
00000158: 13.4108   (Y': 11.9241   Cb: 13.6094   Cr: 15.373  )
00000157: 13.3854   (Y': 11.8989   Cb: 13.5773   Cr: 15.3571 )
00000165: 13.4187   (Y': 12.0514   Cb: 13.5091   Cr: 15.2858 )
00000168: 13.4257   (Y': 12.0597   Cb: 13.5001   Cr: 15.3142 )
00000160: 13.4492   (Y': 12.0122   Cb: 13.6251   Cr: 15.337  )
00000164: 13.4272   (Y': 11.9806   Cb: 13.5886   Cr: 15.3571 )
00000159: 13.4352   (Y': 11.996    Cb: 13.6012   Cr: 15.3419 )
00000163: 13.4417   (Y': 11.9921   Cb: 13.6208   Cr: 15.3518 )
00000162: 13.4243   (Y': 12.0245   Cb: 13.5963   Cr: 15.2387 )
00000169: 13.4246   (Y': 12.0002   Cb: 13.5413   Cr: 15.3739 )
00000166: 13.4344   (Y': 12.0724   Cb: 13.5147   Cr: 15.3055 )
00000161: 13.4567   (Y': 12.1135   Cb: 13.6169   Cr: 15.1714 )
00000172: 13.3777   (Y': 12.0151   Cb: 13.4283   Cr: 15.2955 )
00000167: 13.3964   (Y': 12.0101   Cb: 13.4754   Cr: 15.3213 )
00000170: 13.4044   (Y': 11.9985   Cb: 13.5211   Cr: 15.3139 )
00000176: 13.3861   (Y': 11.9486   Cb: 13.4406   Cr: 15.4613 )
00000177: 13.3909   (Y': 11.9247   Cb: 13.4443   Cr: 15.533  )
00000171: 13.4361   (Y': 12.0853   Cb: 13.503    Cr: 15.304  )
00000180: 13.2376   (Y': 11.911    Cb: 13.1509   Cr: 15.2954 )
00000179: 13.3284   (Y': 12.0074   Cb: 13.2221   Cr: 15.4064 )
00000173: 13.397    (Y': 12.0153   Cb: 13.4644   Cr: 15.3297 )
00000174: 13.4083   (Y': 12.0397   Cb: 13.4642   Cr: 15.3305 )
00000175: 13.3465   (Y': 11.9195   Cb: 13.4122   Cr: 15.3807 )
00000183: 13.2346   (Y': 11.9715   Cb: 13.0573   Cr: 15.3054 )
00000181: 13.1737   (Y': 11.8964   Cb: 13.0398   Cr: 15.2027 )
00000185: 13.3771   (Y': 12.1142   Cb: 13.2464   Cr: 15.3702 )
00000184: 13.2993   (Y': 11.9796   Cb: 13.1935   Cr: 15.3736 )
00000178: 13.3899   (Y': 11.9791   Cb: 13.3777   Cr: 15.5127 )
00000186: 13.388    (Y': 12.0866   Cb: 13.2874   Cr: 15.4141 )
00000182: 13.1394   (Y': 11.8939   Cb: 12.9727   Cr: 15.1544 )
00000187: 13.4189   (Y': 12.0475   Cb: 13.3614   Cr: 15.5278 )
00000189: 13.349    (Y': 11.9817   Cb: 13.2123   Cr: 15.5822 )
00000188: 13.4057   (Y': 12.0106   Cb: 13.3426   Cr: 15.5771 )
00000190: 13.3631   (Y': 11.9844   Cb: 13.262    Cr: 15.5612 )
00000191: 13.2599   (Y': 11.9944   Cb: 13.0824   Cr: 15.3362 )
00000192: 13.1896   (Y': 12.029    Cb: 12.9022   Cr: 15.2289 )
00000193: 13.3199   (Y': 12.1842   Cb: 13.074    Cr: 15.2388 )
00000194: 13.378    (Y': 12.3045   Cb: 13.1179   Cr: 15.1964 )
00000195: 13.5574   (Y': 12.5269   Cb: 13.2998   Cr: 15.2897 )
00000197: 13.7505   (Y': 12.5118   Cb: 13.5746   Cr: 15.7669 )
00000196: 13.5901   (Y': 12.5277   Cb: 13.3302   Cr: 15.3869 )
00000198: 13.6114   (Y': 12.3505   Cb: 13.432    Cr: 15.6809 )
00000199: 13.6606   (Y': 12.5302   Cb: 13.3608   Cr: 15.6586 )
00000201: 13.5213   (Y': 12.6307   Cb: 13.0106   Cr: 15.408  )
00000200: 13.6136   (Y': 12.558    Cb: 13.2537   Cr: 15.5624 )
00000205: 13.6566   (Y': 13.0331   Cb: 12.9864   Cr: 15.3394 )
00000207: 13.5404   (Y': 13.0863   Cb: 12.7863   Cr: 15.0883 )
00000204: 13.6223   (Y': 12.9038   Cb: 12.9871   Cr: 15.4098 )
00000206: 13.6082   (Y': 13.0633   Cb: 12.8687   Cr: 15.2789 )
00000208: 13.5114   (Y': 13.1209   Cb: 12.7209   Cr: 15.0217 )
00000203: 13.5617   (Y': 12.8183   Cb: 12.9767   Cr: 15.3068 )
00000202: 13.5545   (Y': 12.7439   Cb: 13.0095   Cr: 15.3519 )
00000214: 13.276    (Y': 12.9133   Cb: 12.6796   Cr: 14.4354 )
00000218: 13.9519   (Y': 13.8054   Cb: 13.2858   Cr: 14.9212 )
00000209: 13.3618   (Y': 13.0202   Cb: 12.6052   Cr: 14.7411 )
00000215: 13.4075   (Y': 13.0216   Cb: 12.8576   Cr: 14.5308 )
00000216: 13.4784   (Y': 13.0954   Cb: 12.9367   Cr: 14.5857 )
00000213: 13.2955   (Y': 12.9473   Cb: 12.6865   Cr: 14.4533 )
00000212: 13.2756   (Y': 13.0837   Cb: 12.4931   Cr: 14.4824 )
00000220: 13.6688   (Y': 13.3655   Cb: 13.0761   Cr: 14.7398 )
00000219: 13.6954   (Y': 13.5349   Cb: 13.0149   Cr: 14.7041 )
00000217: 13.8432   (Y': 13.72     Cb: 13.1597   Cr: 14.808  )
00000221: 13.7635   (Y': 13.2117   Cb: 13.331    Cr: 14.9566 )
00000224: 13.6932   (Y': 12.7601   Cb: 13.4524   Cr: 15.2218 )
00000210: 13.339    (Y': 13.0274   Cb: 12.5821   Cr: 14.6746 )
00000222: 13.768    (Y': 13.2714   Cb: 13.2838   Cr: 14.9546 )
00000223: 13.7762   (Y': 12.9563   Cb: 13.4761   Cr: 15.1987 )
00000211: 13.3158   (Y': 13.0254   Cb: 12.5716   Cr: 14.6006 )
00000226: 13.4868   (Y': 12.6593   Cb: 13.1496   Cr: 14.9783 )
00000227: 13.5142   (Y': 12.8188   Cb: 13.0301   Cr: 15.0113 )
00000229: 13.5192   (Y': 12.9853   Cb: 12.8274   Cr: 15.09   )
00000231: 13.7662   (Y': 13.6451   Cb: 12.9081   Cr: 14.9967 )
00000230: 13.648    (Y': 13.3648   Cb: 12.8377   Cr: 15.0297 )
00000228: 13.5176   (Y': 12.8763   Cb: 12.9649   Cr: 15.0349 )
00000232: 13.6152   (Y': 13.6075   Cb: 12.7111   Cr: 14.7685 )
00000235: 13.1323   (Y': 13.3098   Cb: 12.2063   Cr: 14.0884 )
00000225: 13.5543   (Y': 12.7169   Cb: 13.2039   Cr: 15.0829 )
00000233: 13.3682   (Y': 13.3594   Cb: 12.4679   Cr: 14.5169 )
00000234: 13.226    (Y': 13.1972   Cb: 12.37     Cr: 14.3302 )
00000236: 13.1088   (Y': 13.4262   Cb: 12.1265   Cr: 13.9882 )
00000237: 13.0427   (Y': 13.2473   Cb: 12.1548   Cr: 13.909  )
00000238: 13.029    (Y': 13.3128   Cb: 12.0838   Cr: 13.8902 )
00000239: 13.1228   (Y': 13.0468   Cb: 12.3469   Cr: 14.1643 )
00000240: 13.1689   (Y': 13.1432   Cb: 12.3507   Cr: 14.2107 )
00000245: 13.1898   (Y': 12.9011   Cb: 12.4581   Cr: 14.4524 )
00000241: 13.163    (Y': 13.1727   Cb: 12.2858   Cr: 14.251  )
00000243: 13.1123   (Y': 12.9468   Cb: 12.3291   Cr: 14.284  )
00000244: 13.1068   (Y': 12.9594   Cb: 12.2843   Cr: 14.3161 )
00000246: 13.336    (Y': 12.9757   Cb: 12.6355   Cr: 14.653  )
00000242: 13.1264   (Y': 13.0824   Cb: 12.2784   Cr: 14.238  )
00000247: 13.4298   (Y': 12.937    Cb: 12.858    Cr: 14.7428 )
00000251: 13.5084   (Y': 12.7473   Cb: 13.0937   Cr: 15.0064 )
00000249: 13.4323   (Y': 12.867    Cb: 12.8507   Cr: 14.873  )
00000248: 13.451    (Y': 12.934    Cb: 12.8727   Cr: 14.8107 )
00000250: 13.4712   (Y': 12.8547   Cb: 12.9115   Cr: 14.9588 )
00000253: 13.6302   (Y': 12.7912   Cb: 13.3062   Cr: 15.1209 )
00000255: 13.7833   (Y': 12.9731   Cb: 13.4313   Cr: 15.2678 )
00000254: 13.6158   (Y': 12.7111   Cb: 13.3686   Cr: 15.1041 )
00000257: 13.698    (Y': 12.8565   Cb: 13.3482   Cr: 15.2327 )
00000258: 13.7745   (Y': 12.8638   Cb: 13.4615   Cr: 15.3737 )
00000266: 13.6839   (Y': 12.9569   Cb: 13.1967   Cr: 15.2389 )
00000260: 13.7536   (Y': 13.0572   Cb: 13.2609   Cr: 15.2661 )
00000252: 13.5459   (Y': 12.6657   Cb: 13.2129   Cr: 15.1223 )
00000256: 13.7494   (Y': 12.9069   Cb: 13.3906   Cr: 15.2997 )
00000265: 13.7687   (Y': 12.9575   Cb: 13.3798   Cr: 15.312  )
00000262: 13.7967   (Y': 13.0749   Cb: 13.3456   Cr: 15.2857 )
00000277: 13.0837   (Y': 12.3662   Cb: 12.7929   Cr: 14.3265 )
00000268: 13.4103   (Y': 12.6975   Cb: 12.9132   Cr: 14.957  )
00000264: 13.7471   (Y': 12.886    Cb: 13.4544   Cr: 15.2284 )
00000269: 13.5144   (Y': 12.962    Cb: 12.9822   Cr: 14.8576 )
00000261: 13.8026   (Y': 13.0477   Cb: 13.3751   Cr: 15.3104 )
00000263: 13.8321   (Y': 13.0997   Cb: 13.4299   Cr: 15.2632 )
00000284: 12.6174   (Y': 11.5929   Cb: 12.5607   Cr: 14.0392 )
00000275: 13.1851   (Y': 12.5229   Cb: 12.8379   Cr: 14.4227 )
00000271: 13.4953   (Y': 12.9872   Cb: 13.0155   Cr: 14.6923 )
00000259: 13.8167   (Y': 13.1634   Cb: 13.3279   Cr: 15.2522 )
00000274: 13.3682   (Y': 12.7273   Cb: 13.0076   Cr: 14.5921 )
00000278: 12.921    (Y': 12.0126   Cb: 12.7743   Cr: 14.27   )
00000272: 13.3936   (Y': 12.8605   Cb: 12.9163   Cr: 14.6245 )
00000270: 13.5881   (Y': 13.0861   Cb: 13.0328   Cr: 14.8896 )
00000273: 13.3977   (Y': 12.7327   Cb: 13.042    Cr: 14.6518 )
00000286: 12.7241   (Y': 11.7552   Cb: 12.6422   Cr: 14.0846 )
00000285: 12.7106   (Y': 11.6726   Cb: 12.7041   Cr: 14.0863 )
00000267: 13.4698   (Y': 12.7345   Cb: 12.968    Cr: 15.0622 )
00000283: 12.6702   (Y': 11.6764   Cb: 12.5977   Cr: 14.0608 )
00000280: 12.9815   (Y': 12.1076   Cb: 12.8803   Cr: 14.2106 )
00000282: 12.635    (Y': 11.5616   Cb: 12.6574   Cr: 14.0332 )
00000276: 13.1713   (Y': 12.5412   Cb: 12.8177   Cr: 14.3686 )
00000281: 12.6442   (Y': 11.6092   Cb: 12.6421   Cr: 14.0086 )
00000279: 13.0461   (Y': 12.1104   Cb: 12.9533   Cr: 14.3654 )
00000287: 12.524    (Y': 11.5145   Cb: 12.4839   Cr: 13.8966 )
00000289: 12.3522   (Y': 11.1761   Cb: 12.4218   Cr: 13.871  )
00000291: 12.4886   (Y': 11.2424   Cb: 12.5751   Cr: 14.1168 )
00000288: 12.4939   (Y': 11.5318   Cb: 12.4275   Cr: 13.8217 )
00000290: 12.367    (Y': 11.1839   Cb: 12.4126   Cr: 13.9327 )
00000304: 12.6515   (Y': 11.6877   Cb: 12.4419   Cr: 14.1878 )
00000294: 12.618    (Y': 11.4188   Cb: 12.6282   Cr: 14.2653 )
00000298: 12.6635   (Y': 11.1934   Cb: 12.8874   Cr: 14.5516 )
00000297: 12.6709   (Y': 11.2397   Cb: 12.8982   Cr: 14.4714 )
00000295: 12.7176   (Y': 11.4263   Cb: 12.8481   Cr: 14.3713 )
00000306: 12.7401   (Y': 11.8471   Cb: 12.5195   Cr: 14.1693 )
00000293: 12.5837   (Y': 11.3497   Cb: 12.661    Cr: 14.2013 )
00000292: 12.5444   (Y': 11.3129   Cb: 12.6293   Cr: 14.1464 )
00000307: 12.7968   (Y': 12.0059   Cb: 12.4989   Cr: 14.1682 )
00000315: 12.8419   (Y': 12.0441   Cb: 12.6056   Cr: 14.1355 )
00000296: 12.6792   (Y': 11.3781   Cb: 12.7988   Cr: 14.3679 )
00000301: 12.678    (Y': 11.4315   Cb: 12.638    Cr: 14.4938 )
00000302: 12.7246   (Y': 11.494    Cb: 12.6789   Cr: 14.5171 )
00000299: 12.7673   (Y': 11.3534   Cb: 12.8816   Cr: 14.6977 )
00000303: 12.6883   (Y': 11.7114   Cb: 12.4595   Cr: 14.2767 )
00000308: 12.7849   (Y': 11.9898   Cb: 12.5118   Cr: 14.127  )
00000319: 13.7151   (Y': 13.0738   Cb: 13.3411   Cr: 14.9592 )
00000300: 12.6823   (Y': 11.3156   Cb: 12.7643   Cr: 14.5607 )
00000313: 12.6351   (Y': 11.8044   Cb: 12.4307   Cr: 13.9368 )
00000311: 12.6777   (Y': 11.8876   Cb: 12.4227   Cr: 13.9853 )
00000309: 12.8026   (Y': 12.0949   Cb: 12.4636   Cr: 14.0995 )
00000326: 13.8639   (Y': 13.1939   Cb: 13.6091   Cr: 14.9836 )
00000305: 12.7071   (Y': 11.8821   Cb: 12.444    Cr: 14.0838 )
00000310: 12.8156   (Y': 12.1038   Cb: 12.4966   Cr: 14.09   )
00000321: 13.856    (Y': 13.1261   Cb: 13.5682   Cr: 15.1142 )
00000316: 13.1772   (Y': 12.4999   Cb: 12.8588   Cr: 14.397  )
00000314: 12.7328   (Y': 11.9445   Cb: 12.4849   Cr: 14.0272 )
00000318: 13.6416   (Y': 13.0591   Cb: 13.2155   Cr: 14.8715 )
00000331: 14.045    (Y': 13.3099   Cb: 13.8207   Cr: 15.2222 )
00000323: 13.5099   (Y': 12.375    Cb: 13.5235   Cr: 15.031  )
00000312: 12.6953   (Y': 11.9569   Cb: 12.3853   Cr: 13.999  )
00000320: 13.7199   (Y': 13.0279   Cb: 13.3624   Cr: 15.0191 )
00000317: 13.598    (Y': 13.046    Cb: 13.1734   Cr: 14.7801 )
00000322: 13.86     (Y': 13.2027   Cb: 13.5326   Cr: 15.0616 )
00000325: 13.9054   (Y': 13.2217   Cb: 13.7087   Cr: 14.9669 )
00000327: 13.9591   (Y': 13.3879   Cb: 13.6452   Cr: 15.0134 )
00000333: 14.0301   (Y': 13.2485   Cb: 13.7858   Cr: 15.3089 )
00000328: 14.0073   (Y': 13.3273   Cb: 13.7501   Cr: 15.1453 )
00000324: 13.465    (Y': 12.3404   Cb: 13.5112   Cr: 14.9218 )
00000329: 14.0752   (Y': 13.328    Cb: 13.887    Cr: 15.2219 )
00000330: 14.158    (Y': 13.4473   Cb: 13.9291   Cr: 15.3038 )
00000332: 14.0858   (Y': 13.2995   Cb: 13.8801   Cr: 15.3175 )
00000334: 13.9273   (Y': 13.1544   Cb: 13.6932   Cr: 15.1776 )
00000335: 13.8468   (Y': 13.0396   Cb: 13.5631   Cr: 15.2243 )
00000336: 13.7967   (Y': 13.0445   Cb: 13.5006   Cr: 15.1026 )
00000337: 13.7273   (Y': 12.9229   Cb: 13.4523   Cr: 15.0872 )
00000338: 13.7142   (Y': 12.8875   Cb: 13.4237   Cr: 15.1341 )
00000339: 13.5822   (Y': 12.7667   Cb: 13.2653   Cr: 15.0224 )
00000348: 13.644    (Y': 12.7898   Cb: 13.4193   Cr: 15.0135 )
00000343: 13.4715   (Y': 12.6215   Cb: 13.2043   Cr: 14.8961 )
00000341: 13.6257   (Y': 12.7614   Cb: 13.3714   Cr: 15.0553 )
00000342: 13.6177   (Y': 12.7269   Cb: 13.3695   Cr: 15.0835 )
00000347: 13.6133   (Y': 12.7741   Cb: 13.3635   Cr: 14.9941 )
00000346: 13.5513   (Y': 12.7271   Cb: 13.2921   Cr: 14.9209 )
00000344: 13.5439   (Y': 12.6741   Cb: 13.2929   Cr: 14.9779 )
00000361: 13.6481   (Y': 12.8367   Cb: 13.3842   Cr: 15.0033 )
00000340: 13.6429   (Y': 12.7574   Cb: 13.3595   Cr: 15.1524 )
00000345: 13.5539   (Y': 12.7106   Cb: 13.3071   Cr: 14.9374 )
00000362: 13.7573   (Y': 13.0022   Cb: 13.4431   Cr: 15.0938 )
00000349: 13.7027   (Y': 12.8596   Cb: 13.4439   Cr: 15.1031 )
00000374: 13.6418   (Y': 12.4721   Cb: 13.7581   Cr: 15.0847 )
00000350: 13.7019   (Y': 12.8531   Cb: 13.452    Cr: 15.0991 )
00000359: 13.7055   (Y': 12.9944   Cb: 13.4123   Cr: 14.9418 )
00000363: 13.888    (Y': 12.9944   Cb: 13.6826   Cr: 15.2962 )
00000355: 13.9188   (Y': 13.177    Cb: 13.6753   Cr: 15.1332 )
00000360: 13.6985   (Y': 12.9547   Cb: 13.3867   Cr: 15.0137 )
00000357: 13.7516   (Y': 13.0954   Cb: 13.4822   Cr: 14.8704 )
00000353: 13.7589   (Y': 13.109    Cb: 13.4815   Cr: 14.8791 )
00000354: 13.8123   (Y': 13.1765   Cb: 13.4971   Cr: 14.9639 )
00000351: 13.7154   (Y': 12.8832   Cb: 13.51     Cr: 15.0209 )
00000352: 13.7878   (Y': 12.9949   Cb: 13.5662   Cr: 15.0524 )
00000365: 14.089    (Y': 13.302    Cb: 13.8472   Cr: 15.3729 )
00000356: 13.8877   (Y': 13.1617   Cb: 13.6355   Cr: 15.0895 )
00000376: 13.519    (Y': 12.3446   Cb: 13.6772   Cr: 14.9138 )
00000380: 13.1339   (Y': 11.6956   Cb: 13.7898   Cr: 14.3976 )
00000358: 13.7867   (Y': 13.1729   Cb: 13.4678   Cr: 14.9106 )
00000367: 14.0933   (Y': 13.2958   Cb: 13.8562   Cr: 15.3873 )
00000368: 14.0447   (Y': 13.2019   Cb: 13.8443   Cr: 15.3604 )
00000364: 13.9982   (Y': 13.1957   Cb: 13.7578   Cr: 15.3053 )
00000379: 13.0918   (Y': 11.5959   Cb: 13.7576   Cr: 14.4531 )
00000372: 13.8007   (Y': 12.5096   Cb: 13.9243   Cr: 15.4635 )
00000369: 14.0199   (Y': 13.0872   Cb: 13.8583   Cr: 15.4316 )
00000370: 13.9582   (Y': 12.8944   Cb: 13.8944   Cr: 15.4601 )
00000377: 13.3609   (Y': 12.0879   Cb: 13.7783   Cr: 14.6042 )
00000371: 13.7341   (Y': 12.4611   Cb: 13.8352   Cr: 15.3939 )
00000366: 14.047    (Y': 13.2616   Cb: 13.8001   Cr: 15.3352 )
00000378: 12.9718   (Y': 11.2428   Cb: 13.8212   Cr: 14.5919 )
00000381: 13.2145   (Y': 11.686    Cb: 13.9972   Cr: 14.5039 )
00000373: 13.6849   (Y': 12.5261   Cb: 13.7639   Cr: 15.159  )
00000383: 13.4934   (Y': 12.7214   Cb: 13.4565   Cr: 14.4792 )
00000382: 13.1592   (Y': 11.7312   Cb: 13.7719   Cr: 14.4538 )
00000375: 13.4602   (Y': 12.2123   Cb: 13.6138   Cr: 14.9978 )
00000384: 13.5375   (Y': 12.7951   Cb: 13.449    Cr: 14.5449 )
00000385: 13.7572   (Y': 12.8225   Cb: 13.8414   Cr: 14.8416 )
00000386: 13.6359   (Y': 12.8253   Cb: 13.6271   Cr: 14.6444 )
00000387: 13.6073   (Y': 12.7696   Cb: 13.7171   Cr: 14.5107 )
00000388: 13.6783   (Y': 12.8118   Cb: 13.8756   Cr: 14.5211 )
00000389: 13.6846   (Y': 12.8246   Cb: 13.9097   Cr: 14.486  )
00000390: 13.6345   (Y': 12.7976   Cb: 13.7593   Cr: 14.5186 )
00000391: 13.6158   (Y': 12.9105   Cb: 13.5884   Cr: 14.4917 )
00000392: 13.655    (Y': 13.1784   Cb: 13.5784   Cr: 14.2787 )
00000393: 13.4463   (Y': 12.9236   Cb: 13.2619   Cr: 14.262  )
00000394: 13.378    (Y': 13.1166   Cb: 12.846    Cr: 14.3057 )
00000396: 12.929    (Y': 12.678    Cb: 12.3691   Cr: 13.8823 )
00000395: 13.0593   (Y': 12.9413   Cb: 12.4639   Cr: 13.8921 )
00000397: 13.1583   (Y': 12.7579   Cb: 12.6397   Cr: 14.2562 )
00000399: 13.5254   (Y': 13.0398   Cb: 13.0807   Cr: 14.6388 )
00000401: 13.5492   (Y': 13.3501   Cb: 13.004    Cr: 14.4144 )
00000400: 13.5133   (Y': 13.1136   Cb: 13.051    Cr: 14.5302 )
00000402: 13.5822   (Y': 13.3662   Cb: 13.03     Cr: 14.479  )
00000398: 13.2903   (Y': 12.9704   Cb: 12.7522   Cr: 14.3052 )
00000403: 13.4074   (Y': 13.2463   Cb: 12.8324   Cr: 14.2659 )
00000404: 13.073    (Y': 12.7154   Cb: 12.6262   Cr: 14.0105 )
00000405: 13.0975   (Y': 12.3139   Cb: 12.9074   Cr: 14.3036 )
00000409: 13.7902   (Y': 13.7958   Cb: 13.1928   Cr: 14.4765 )
00000406: 12.8543   (Y': 12.2789   Cb: 12.6141   Cr: 13.8154 )
00000408: 13.6624   (Y': 13.5503   Cb: 13.1953   Cr: 14.3158 )
00000414: 12.5285   (Y': 12.1799   Cb: 12.0587   Cr: 13.4858 )
00000411: 12.8263   (Y': 12.4192   Cb: 12.4175   Cr: 13.779  )
00000412: 12.7005   (Y': 12.2047   Cb: 12.356    Cr: 13.6884 )
00000413: 12.7109   (Y': 12.2773   Cb: 12.3097   Cr: 13.6896 )
00000410: 12.9567   (Y': 12.4651   Cb: 12.4166   Cr: 14.2191 )
00000416: 12.9661   (Y': 12.6287   Cb: 12.5272   Cr: 13.866  )
00000407: 13.2934   (Y': 13.1589   Cb: 13.0257   Cr: 13.7271 )
00000417: 12.5401   (Y': 12.0571   Cb: 12.1641   Cr: 13.5532 )
00000418: 12.5664   (Y': 12.0408   Cb: 12.2559   Cr: 13.5505 )
00000420: 12.8583   (Y': 12.4199   Cb: 12.4468   Cr: 13.8581 )
00000422: 13.2342   (Y': 12.7147   Cb: 13.0394   Cr: 14.0587 )
00000419: 12.7944   (Y': 12.3911   Cb: 12.3862   Cr: 13.7413 )
00000415: 12.8728   (Y': 12.661    Cb: 12.367    Cr: 13.7003 )
00000421: 13.0736   (Y': 12.5872   Cb: 12.7912   Cr: 13.9656 )
00000424: 13.8719   (Y': 13.5143   Cb: 13.7048   Cr: 14.4522 )
00000426: 13.9849   (Y': 14.105    Cb: 13.4919   Cr: 14.4084 )
00000429: 13.2884   (Y': 13.7395   Cb: 12.5434   Cr: 13.6905 )
00000430: 13.2817   (Y': 13.7368   Cb: 12.5262   Cr: 13.6937 )
00000425: 14.0117   (Y': 14.0207   Cb: 13.5795   Cr: 14.4817 )
00000423: 13.665    (Y': 13.2456   Cb: 13.506    Cr: 14.3133 )
00000431: 13.3131   (Y': 13.2829   Cb: 12.5715   Cr: 14.2454 )
00000428: 13.7791   (Y': 14.3852   Cb: 12.9981   Cr: 14.0793 )
00000433: 13.3801   (Y': 13.0967   Cb: 12.7184   Cr: 14.5263 )
00000432: 13.3369   (Y': 13.2973   Cb: 12.5806   Cr: 14.3028 )
00000434: 13.4093   (Y': 13.1354   Cb: 12.7431   Cr: 14.5492 )
00000427: 13.7957   (Y': 14.1954   Cb: 13.1108   Cr: 14.1716 )
00000436: 13.2462   (Y': 12.5073   Cb: 13.0205   Cr: 14.4313 )
00000440: 13.427    (Y': 12.616    Cb: 13.0946   Cr: 14.8831 )
00000439: 13.3749   (Y': 12.6255   Cb: 13.04     Cr: 14.7328 )
00000437: 13.2475   (Y': 12.4669   Cb: 13.0197   Cr: 14.5012 )
00000435: 13.3623   (Y': 12.8594   Cb: 12.9464   Cr: 14.4595 )
00000443: 13.4014   (Y': 12.8053   Cb: 12.9275   Cr: 14.7233 )
00000444: 13.1559   (Y': 12.1279   Cb: 12.9785   Cr: 14.7597 )
00000441: 13.419    (Y': 12.5602   Cb: 13.1083   Cr: 14.9239 )
00000445: 13.1761   (Y': 12.1657   Cb: 12.9921   Cr: 14.7577 )
00000438: 13.2542   (Y': 12.5124   Cb: 12.9186   Cr: 14.6005 )
00000447: 13.0566   (Y': 11.7176   Cb: 13.0885   Cr: 14.9531 )
00000446: 13.1429   (Y': 11.833    Cb: 13.1536   Cr: 15.011  )
00000442: 13.2241   (Y': 12.4897   Cb: 12.7968   Cr: 14.6974 )
00000449: 12.8357   (Y': 11.3787   Cb: 12.9908   Cr: 14.7982 )
00000448: 13.0421   (Y': 11.5628   Cb: 13.228    Cr: 15.0069 )
00000450: 12.8329   (Y': 11.2112   Cb: 13.148    Cr: 14.9278 )
00000455: 13.7225   (Y': 12.7548   Cb: 13.5199   Cr: 15.2553 )
00000452: 13.5475   (Y': 12.5076   Cb: 13.3993   Cr: 15.1293 )
00000453: 13.5566   (Y': 12.7748   Cb: 13.2306   Cr: 14.9544 )
00000454: 13.7673   (Y': 12.8548   Cb: 13.5379   Cr: 15.2426 )
00000457: 13.323    (Y': 11.8788   Cb: 13.4492   Cr: 15.3014 )
00000456: 13.4299   (Y': 12.0481   Cb: 13.4808   Cr: 15.3883 )
00000458: 13.658    (Y': 12.6342   Cb: 13.4464   Cr: 15.3061 )
00000459: 13.598    (Y': 12.5997   Cb: 13.3745   Cr: 15.2174 )
00000460: 13.5697   (Y': 12.6211   Cb: 13.3386   Cr: 15.1112 )
00000461: 13.5285   (Y': 12.5345   Cb: 13.2724   Cr: 15.1902 )
00000451: 13.3992   (Y': 12.3192   Cb: 13.3127   Cr: 14.9634 )
00000465: 13.7717   (Y': 12.8496   Cb: 13.4544   Cr: 15.3978 )
00000463: 13.6929   (Y': 12.7041   Cb: 13.3983   Cr: 15.4052 )
00000464: 13.8929   (Y': 12.8726   Cb: 13.6413   Cr: 15.5962 )
00000469: 13.1578   (Y': 12.2327   Cb: 12.8561   Cr: 14.7651 )
00000467: 13.6936   (Y': 12.7902   Cb: 13.3607   Cr: 15.3108 )
00000466: 13.703    (Y': 12.8057   Cb: 13.3728   Cr: 15.3049 )
00000462: 13.6025   (Y': 12.561    Cb: 13.3644   Cr: 15.3247 )
00000468: 13.3933   (Y': 12.4996   Cb: 13.0183   Cr: 15.0599 )
00000470: 13.0455   (Y': 12.0783   Cb: 12.7861   Cr: 14.6632 )
00000473: 13.0295   (Y': 11.8709   Cb: 12.891    Cr: 14.822  )
00000472: 12.9186   (Y': 11.8356   Cb: 12.7487   Cr: 14.6133 )
00000474: 13.0628   (Y': 11.9625   Cb: 12.9015   Cr: 14.7771 )
00000476: 12.8864   (Y': 11.6984   Cb: 12.842    Cr: 14.5925 )
00000475: 13.0035   (Y': 11.864    Cb: 12.89     Cr: 14.7199 )
00000471: 12.983    (Y': 11.9599   Cb: 12.7507   Cr: 14.6616 )
00000477: 12.8581   (Y': 11.7137   Cb: 12.81     Cr: 14.486  )
00000478: 12.5725   (Y': 11.3999   Cb: 12.4424   Cr: 14.3794 )
00000479: 12.663    (Y': 11.6043   Cb: 12.4423   Cr: 14.3906 )
00000480: 12.8713   (Y': 12.1065   Cb: 12.5096   Cr: 14.2945 )
00000481: 13.1551   (Y': 12.5205   Cb: 12.7157   Cr: 14.485  )
00000482: 13.0868   (Y': 12.3654   Cb: 12.7227   Cr: 14.4425 )
00000483: 13.2407   (Y': 12.5447   Cb: 12.9123   Cr: 14.5036 )
00000486: 12.8934   (Y': 11.8705   Cb: 12.7318   Cr: 14.4643 )
00000487: 13.0338   (Y': 11.9681   Cb: 12.7989   Cr: 14.797  )
00000490: 13.2434   (Y': 12.0843   Cb: 13.0427   Cr: 15.1358 )
00000485: 12.8165   (Y': 11.8454   Cb: 12.6159   Cr: 14.352  )
00000489: 13.0741   (Y': 11.8948   Cb: 12.8666   Cr: 15.0185 )
00000492: 13.236    (Y': 12.131    Cb: 13.0205   Cr: 15.0442 )
00000491: 13.2216   (Y': 12.1193   Cb: 12.9792   Cr: 15.0682 )
00000488: 12.9978   (Y': 11.8676   Cb: 12.778    Cr: 14.8629 )
00000494: 13.3813   (Y': 12.3009   Cb: 13.218    Cr: 15.0609 )
00000495: 13.3207   (Y': 12.1673   Cb: 13.1516   Cr: 15.1512 )
00000493: 13.2752   (Y': 12.1104   Cb: 13.1147   Cr: 15.1147 )
00000484: 12.736    (Y': 11.8399   Cb: 12.5448   Cr: 14.1276 )
00000496: 13.4534   (Y': 12.2108   Cb: 13.3272   Cr: 15.3968 )
00000499: 13.8915   (Y': 12.6203   Cb: 13.7593   Cr: 15.9044 )
00000497: 13.4376   (Y': 12.2045   Cb: 13.2839   Cr: 15.4055 )
00000503: 13.7813   (Y': 12.4728   Cb: 13.6217   Cr: 15.9211 )
00000505: 13.7453   (Y': 12.533    Cb: 13.4371   Cr: 15.9317 )
00000504: 13.793    (Y': 12.5913   Cb: 13.4753   Cr: 15.973  )
00000498: 13.6308   (Y': 12.398    Cb: 13.4595   Cr: 15.6268 )
00000501: 13.8064   (Y': 12.4558   Cb: 13.7008   Cr: 15.9488 )
00000500: 13.7292   (Y': 12.449    Cb: 13.5981   Cr: 15.7597 )
00000509: 14.0695   (Y': 12.7173   Cb: 14.1261   Cr: 15.9562 )
00000502: 13.8052   (Y': 12.4899   Cb: 13.656    Cr: 15.9425 )
00000508: 14.1423   (Y': 12.876    Cb: 14.0914   Cr: 16.0154 )
00000506: 13.7726   (Y': 12.5687   Cb: 13.5061   Cr: 15.8678 )
00000511: 14.0663   (Y': 12.6614   Cb: 14.2756   Cr: 15.837  )
00000512: 13.9694   (Y': 12.563    Cb: 14.1165   Cr: 15.8345 )
00000507: 13.9532   (Y': 12.6782   Cb: 13.8028   Cr: 16.0044 )
00000510: 14.0166   (Y': 12.5967   Cb: 14.1859   Cr: 15.8773 )
00000514: 13.8763   (Y': 12.4379   Cb: 14.0169   Cr: 15.8199 )
00000513: 13.8806   (Y': 12.4799   Cb: 13.9927   Cr: 15.7859 )
00000515: 13.9046   (Y': 12.5041   Cb: 14.0196   Cr: 15.8051 )
00000518: 13.9409   (Y': 12.4402   Cb: 14.061    Cr: 16.0556 )
00000516: 13.9286   (Y': 12.51     Cb: 14.0085   Cr: 15.9219 )
00000517: 13.8044   (Y': 12.381    Cb: 13.8837   Cr: 15.809  )
00000519: 13.9318   (Y': 12.4877   Cb: 14.0012   Cr: 15.9985 )
00000520: 14.1086   (Y': 12.5784   Cb: 14.2592   Cr: 16.2434 )
00000521: 14.8372   (Y': 13.0589   Cb: 15.4757   Cr: 16.8388 )
00000523: 14.5101   (Y': 12.7351   Cb: 15.1659   Cr: 16.4806 )
00000522: 14.8006   (Y': 13.1189   Cb: 15.3013   Cr: 16.766  )
00000524: 14.656    (Y': 12.7581   Cb: 15.3964   Cr: 16.8122 )
00000526: 13.944    (Y': 12.1789   Cb: 14.2579   Cr: 16.3983 )
00000525: 14.6448   (Y': 12.6616   Cb: 15.3953   Cr: 17.0111 )
00000527: 13.7816   (Y': 12.205    Cb: 13.7841   Cr: 16.2774 )
00000528: 13.9163   (Y': 12.1584   Cb: 14.067    Cr: 16.6314 )
00000530: 13.5442   (Y': 11.8919   Cb: 13.5818   Cr: 16.1747 )
00000529: 13.6867   (Y': 11.9716   Cb: 13.8121   Cr: 16.3293 )
00000531: 13.4728   (Y': 11.7987   Cb: 13.5631   Cr: 16.0672 )
00000532: 13.4771   (Y': 11.7827   Cb: 13.6204   Cr: 16.0324 )
00000533: 13.6097   (Y': 11.9299   Cb: 13.7537   Cr: 16.1247 )
00000534: 13.7009   (Y': 12.0023   Cb: 13.9155   Cr: 16.1454 )
00000535: 13.7322   (Y': 11.9521   Cb: 14.0266   Cr: 16.259  )
00000538: 13.8354   (Y': 11.9236   Cb: 14.3028   Cr: 16.4394 )
00000537: 13.788    (Y': 11.9069   Cb: 14.1805   Cr: 16.4293 )
00000536: 13.6963   (Y': 11.8966   Cb: 14.0229   Cr: 16.2225 )
00000539: 13.8385   (Y': 11.9936   Cb: 14.2149   Cr: 16.4058 )
00000542: 13.8332   (Y': 11.9045   Cb: 14.3974   Cr: 16.3304 )
00000543: 13.8661   (Y': 11.9339   Cb: 14.4423   Cr: 16.3542 )
00000540: 13.8645   (Y': 12.0197   Cb: 14.2923   Cr: 16.3475 )
00000544: 13.8448   (Y': 11.9434   Cb: 14.3838   Cr: 16.3056 )
00000541: 13.8538   (Y': 11.9921   Cb: 14.2883   Cr: 16.3719 )
00000546: 13.7332   (Y': 11.9438   Cb: 14.0907   Cr: 16.1812 )
00000545: 13.8084   (Y': 11.9433   Cb: 14.3116   Cr: 16.2269 )
00000547: 13.7332   (Y': 11.9379   Cb: 14.0847   Cr: 16.2062 )
00000548: 13.7037   (Y': 11.9567   Cb: 13.9961   Cr: 16.1458 )
00000549: 13.6612   (Y': 11.9348   Cb: 13.9396   Cr: 16.072  )
00000550: 13.6407   (Y': 11.9865   Cb: 13.8846   Cr: 15.9244 )
00000551: 13.639    (Y': 11.9701   Cb: 13.9253   Cr: 15.8924 )
00000552: 13.7144   (Y': 11.9521   Cb: 14.0502   Cr: 16.126  )
00000553: 13.7477   (Y': 11.9455   Cb: 14.1668   Cr: 16.1312 )
00000555: 13.6179   (Y': 11.9356   Cb: 13.8797   Cr: 15.9433 )
00000554: 13.6941   (Y': 11.9531   Cb: 14.0236   Cr: 16.0602 )
00000557: 13.6107   (Y': 11.8519   Cb: 13.9364   Cr: 16.0292 )
00000556: 13.5453   (Y': 11.8487   Cb: 13.8522   Cr: 15.8347 )
00000559: 13.7506   (Y': 12.0437   Cb: 14.0185   Cr: 16.1286 )
00000562: 13.493    (Y': 12.0515   Cb: 13.5002   Cr: 15.654  )
00000560: 13.5912   (Y': 12.0448   Cb: 13.6958   Cr: 15.8381 )
00000561: 13.5762   (Y': 12.1425   Cb: 13.6046   Cr: 15.685  )
00000564: 13.6263   (Y': 12.1848   Cb: 13.6962   Cr: 15.6861 )
00000563: 13.5842   (Y': 12.1979   Cb: 13.6092   Cr: 15.593  )
00000558: 13.6384   (Y': 11.9036   Cb: 13.9432   Cr: 16.0285 )
00000566: 13.8098   (Y': 12.3209   Cb: 13.8878   Cr: 15.9647 )
00000565: 13.7059   (Y': 12.2397   Cb: 13.8199   Cr: 15.7518 )
00000567: 13.7792   (Y': 12.2118   Cb: 13.9432   Cr: 15.9799 )
00000568: 13.826    (Y': 12.2169   Cb: 14.0163   Cr: 16.0853 )
00000569: 13.9125   (Y': 12.3111   Cb: 14.097    Cr: 16.1624 )
00000570: 13.9188   (Y': 12.1641   Cb: 14.268    Cr: 16.2892 )
00000571: 13.8673   (Y': 12.1084   Cb: 14.2207   Cr: 16.2419 )
00000572: 13.8067   (Y': 12.199    Cb: 14.0269   Cr: 16.0145 )
00000573: 13.741    (Y': 12.1306   Cb: 13.9649   Cr: 15.9498 )
00000574: 13.8023   (Y': 12.2118   Cb: 13.9894   Cr: 16.0215 )
00000575: 13.736    (Y': 12.2156   Cb: 13.8464   Cr: 15.912  )
00000576: 13.7508   (Y': 12.3298   Cb: 13.7511   Cr: 15.8763 )
00000578: 13.8145   (Y': 12.3587   Cb: 13.8525   Cr: 15.958  )
00000577: 13.7237   (Y': 12.2244   Cb: 13.8198   Cr: 15.8734 )
00000579: 13.8038   (Y': 12.2765   Cb: 13.8769   Cr: 16.057  )
00000581: 13.8513   (Y': 12.2926   Cb: 13.967    Cr: 16.1093 )
00000580: 13.8322   (Y': 12.2666   Cb: 13.9557   Cr: 16.0944 )
00000582: 13.924    (Y': 12.3624   Cb: 14.0526   Cr: 16.1683 )
00000584: 13.9049   (Y': 12.321    Cb: 14.0659   Cr: 16.15   )
00000586: 13.8622   (Y': 12.254    Cb: 14.0852   Cr: 16.067  )
00000587: 13.8677   (Y': 12.3276   Cb: 14.0658   Cr: 15.9509 )
00000583: 13.9462   (Y': 12.3162   Cb: 14.1423   Cr: 16.2474 )
00000585: 13.897    (Y': 12.3211   Cb: 14.1138   Cr: 16.0346 )
00000590: 13.8554   (Y': 12.5075   Cb: 13.9438   Cr: 15.6848 )
00000589: 13.7165   (Y': 12.2837   Cb: 13.9111   Cr: 15.5673 )
00000588: 13.7044   (Y': 12.2451   Cb: 13.8558   Cr: 15.6773 )
00000591: 13.9155   (Y': 12.6328   Cb: 14.004    Cr: 15.6122 )
Total: 13.1766   (Y': 12.0523   Cb: 13.0508   Cr: 14.8827 )
