00000000: 11.8498   (Y': 9.279     Cb: 14.2863   Cr: 13.9128 )
00000001: 11.7684   (Y': 9.23548   Cb: 14.1732   Cr: 13.7517 )
00000002: 11.7282   (Y': 9.1778    Cb: 14.1692   Cr: 13.7285 )
00000004: 11.6122   (Y': 9.04985   Cb: 14.074    Cr: 13.6276 )
00000003: 11.6477   (Y': 9.09395   Cb: 14.1101   Cr: 13.6379 )
00000006: 11.5078   (Y': 8.92542   Cb: 14.0061   Cr: 13.5484 )
00000007: 11.4195   (Y': 8.841     Cb: 13.9075   Cr: 13.4578 )
00000005: 11.5773   (Y': 9.02386   Cb: 14.0553   Cr: 13.5529 )
00000008: 11.3999   (Y': 8.81808   Cb: 13.9174   Cr: 13.4214 )
00000009: 11.284    (Y': 8.69584   Cb: 13.7709   Cr: 13.3515 )
00000010: 11.2198   (Y': 8.65612   Cb: 13.7146   Cr: 13.2095 )
00000011: 11.1234   (Y': 8.54963   Cb: 13.5652   Cr: 13.1904 )
00000013: 10.9714   (Y': 8.41075   Cb: 13.3297   Cr: 13.0774 )
00000012: 11.0649   (Y': 8.51094   Cb: 13.4709   Cr: 13.1072 )
00000015: 10.7747   (Y': 8.24522   Cb: 13.0697   Cr: 12.85   )
00000014: 10.9169   (Y': 8.3727    Cb: 13.2935   Cr: 12.9583 )
00000017: 10.6865   (Y': 8.18433   Cb: 12.9167   Cr: 12.7452 )
00000016: 10.7211   (Y': 8.18373   Cb: 13.0244   Cr: 12.8114 )
00000018: 10.6261   (Y': 8.1025    Cb: 12.8522   Cr: 12.751  )
00000019: 10.6191   (Y': 8.12638   Cb: 12.7971   Cr: 12.7016 )
00000021: 10.5875   (Y': 8.11237   Cb: 12.7859   Cr: 12.6005 )
00000020: 10.5682   (Y': 8.08793   Cb: 12.7385   Cr: 12.6229 )
00000022: 10.5637   (Y': 8.09395   Cb: 12.7006   Cr: 12.621  )
00000023: 10.6451   (Y': 8.18469   Cb: 12.7115   Cr: 12.7459 )
00000024: 10.6307   (Y': 8.17036   Cb: 12.655    Cr: 12.7744 )
00000026: 10.0904   (Y': 7.56255   Cb: 11.8653   Cr: 12.7204 )
00000027: 18.7943   (Y': 14.7993   Cb: 25.1469   Cr: 24.6546 )
00000025: 10.5909   (Y': 8.15845   Cb: 12.5826   Cr: 12.6878 )
00000028: 16.1327   (Y': 12.2594   Cb: 21.7666   Cr: 21.5537 )
00000029: 14.0258   (Y': 10.4464   Cb: 18.2963   Cr: 18.6361 )
00000030: 13.3827   (Y': 9.90465   Cb: 17.326    Cr: 17.71   )
00000031: 12.4128   (Y': 9.09633   Cb: 15.9764   Cr: 16.2455 )
00000032: 12.0112   (Y': 8.75336   Cb: 15.4286   Cr: 15.7022 )
00000033: 11.4039   (Y': 8.27177   Cb: 14.5257   Cr: 14.8163 )
00000034: 11.1708   (Y': 8.11839   Cb: 14.0243   Cr: 14.5229 )
00000035: 10.688    (Y': 7.79111   Cb: 13.2152   Cr: 13.7621 )
00000036: 10.5191   (Y': 7.64718   Cb: 12.9321   Cr: 13.6261 )
00000037: 10.5281   (Y': 7.64758   Cb: 12.9785   Cr: 13.6256 )
00000038: 10.5306   (Y': 7.64893   Cb: 13.004    Cr: 13.6057 )
00000039: 10.5142   (Y': 7.66595   Cb: 12.9041   Cr: 13.5554 )
00000040: 10.5598   (Y': 7.69918   Cb: 13.0347   Cr: 13.5516 )
00000041: 10.5509   (Y': 7.71615   Cb: 12.9308   Cr: 13.5516 )
00000042: 10.5311   (Y': 7.71408   Cb: 12.8981   Cr: 13.4791 )
00000043: 10.5232   (Y': 7.67938   Cb: 13.0561   Cr: 13.3871 )
00000046: 10.5571   (Y': 7.67387   Cb: 13.167    Cr: 13.4864 )
00000045: 10.6042   (Y': 7.71296   Cb: 13.1953   Cr: 13.585  )
00000044: 10.5317   (Y': 7.66745   Cb: 13.1163   Cr: 13.4168 )
00000047: 10.6526   (Y': 7.76956   Cb: 13.278    Cr: 13.5647 )
00000049: 11.066    (Y': 8.17673   Cb: 13.8351   Cr: 13.8528 )
00000048: 10.7083   (Y': 7.8414    Cb: 13.3625   Cr: 13.5297 )
00000050: 11.1527   (Y': 8.27976   Cb: 13.8955   Cr: 13.906  )
00000051: 11.4776   (Y': 8.74923   Cb: 14.0225   Cr: 13.9253 )
00000052: 11.1431   (Y': 8.1874    Cb: 14.0197   Cr: 14.0731 )
00000054: 11.417    (Y': 8.62176   Cb: 13.976    Cr: 14.0779 )
00000053: 11.1435   (Y': 8.17947   Cb: 13.9368   Cr: 14.1925 )
00000056: 11.4687   (Y': 8.61803   Cb: 14.0264   Cr: 14.3318 )
00000055: 11.3774   (Y': 8.51996   Cb: 13.962    Cr: 14.2366 )
00000057: 11.5808   (Y': 8.70284   Cb: 14.1287   Cr: 14.5575 )
00000058: 11.6547   (Y': 8.74478   Cb: 14.2206   Cr: 14.7365 )
00000059: 11.6384   (Y': 8.77709   Cb: 14.0635   Cr: 14.6894 )
00000060: 11.6247   (Y': 8.76288   Cb: 14.1221   Cr: 14.5958 )
00000061: 11.7282   (Y': 8.87505   Cb: 14.116    Cr: 14.7909 )
00000063: 11.7504   (Y': 8.85818   Cb: 14.1984   Cr: 14.8974 )
00000062: 11.7281   (Y': 8.87259   Cb: 14.0572   Cr: 14.8695 )
00000064: 11.8002   (Y': 8.9222    Cb: 14.2453   Cr: 14.8938 )
00000066: 11.8896   (Y': 9.06246   Cb: 14.2805   Cr: 14.8489 )
00000067: 11.8506   (Y': 9.03342   Cb: 14.2515   Cr: 14.7608 )
00000065: 11.9178   (Y': 9.11264   Cb: 14.2265   Cr: 14.888  )
00000068: 11.7801   (Y': 8.97169   Cb: 14.2513   Cr: 14.5804 )
00000069: 11.7098   (Y': 8.85333   Cb: 14.2597   Cr: 14.6031 )
00000071: 11.4859   (Y': 8.51491   Cb: 14.2077   Cr: 14.64   )
00000070: 11.5976   (Y': 8.69099   Cb: 14.2279   Cr: 14.5949 )
00000073: 11.5534   (Y': 8.60841   Cb: 14.2443   Cr: 14.6362 )
00000072: 11.4805   (Y': 8.53195   Cb: 14.1532   Cr: 14.5979 )
00000074: 11.584    (Y': 8.70147   Cb: 14.1426   Cr: 14.5669 )
00000075: 11.5464   (Y': 8.69134   Cb: 14.0831   Cr: 14.4484 )
00000076: 11.5405   (Y': 8.68636   Cb: 14.0813   Cr: 14.4344 )
00000077: 11.5852   (Y': 8.69493   Cb: 14.1664   Cr: 14.5729 )
00000078: 11.5833   (Y': 8.68344   Cb: 14.198    Cr: 14.5715 )
00000080: 11.7013   (Y': 8.75817   Cb: 14.3581   Cr: 14.8147 )
00000081: 11.6499   (Y': 8.71894   Cb: 14.2642   Cr: 14.7617 )
00000079: 11.7072   (Y': 8.7726    Cb: 14.3698   Cr: 14.7798 )
00000082: 11.6137   (Y': 8.67837   Cb: 14.1385   Cr: 14.8458 )
00000083: 11.588    (Y': 8.64109   Cb: 14.0125   Cr: 14.9906 )
00000085: 11.5586   (Y': 8.67487   Cb: 13.7796   Cr: 14.9517 )
00000084: 11.601    (Y': 8.65561   Cb: 13.9836   Cr: 15.0501 )
00000086: 11.5687   (Y': 8.71133   Cb: 13.7058   Cr: 14.9616 )
00000087: 11.4125   (Y': 8.54301   Cb: 13.5222   Cr: 14.8939 )
00000088: 11.3763   (Y': 8.50974   Cb: 13.4719   Cr: 14.8647 )
00000089: 11.5144   (Y': 8.66952   Cb: 13.589    Cr: 14.9385 )
00000091: 11.5451   (Y': 8.79959   Cb: 13.3178   Cr: 14.9801 )
00000092: 11.4905   (Y': 8.76229   Cb: 13.1941   Cr: 14.956  )
00000090: 11.5662   (Y': 8.76724   Cb: 13.5214   Cr: 14.9623 )
00000093: 11.4984   (Y': 8.83673   Cb: 13.1174   Cr: 14.8193 )
00000094: 11.634    (Y': 8.99563   Cb: 13.2257   Cr: 14.9035 )
00000095: 11.9762   (Y': 9.41663   Cb: 13.4578   Cr: 15.1078 )
00000096: 11.9744   (Y': 9.37647   Cb: 13.5268   Cr: 15.1465 )
00000097: 12.2449   (Y': 9.66982   Cb: 13.7332   Cr: 15.4247 )
00000098: 12.3595   (Y': 9.75996   Cb: 13.8505   Cr: 15.6285 )
00000099: 12.4865   (Y': 9.93108   Cb: 13.8053   Cr: 15.8514 )
00000100: 12.5107   (Y': 10.0038   Cb: 13.7136   Cr: 15.8753 )
00000101: 12.3551   (Y': 9.80869   Cb: 13.5797   Cr: 15.839  )
00000102: 12.3594   (Y': 9.81418   Cb: 13.5753   Cr: 15.8537 )
00000103: 12.4255   (Y': 9.86005   Cb: 13.6852   Cr: 15.9271 )
00000104: 12.31     (Y': 9.74033   Cb: 13.613    Cr: 15.7572 )
00000106: 12.1396   (Y': 9.54665   Cb: 13.3997   Cr: 15.7536 )
00000105: 12.2519   (Y': 9.59978   Cb: 13.6451   Cr: 15.8895 )
00000107: 12.188    (Y': 9.57504   Cb: 13.4794   Cr: 15.8326 )
00000108: 12.2128   (Y': 9.61395   Cb: 13.472    Cr: 15.853  )
00000109: 12.2399   (Y': 9.59533   Cb: 13.5445   Cr: 15.9967 )
00000110: 12.1684   (Y': 9.50446   Cb: 13.486    Cr: 15.9882 )
00000111: 12.2534   (Y': 9.56321   Cb: 13.5563   Cr: 16.2184 )
00000114: 12.2502   (Y': 9.59448   Cb: 13.5402   Cr: 16.0823 )
00000112: 12.2132   (Y': 9.54687   Cb: 13.4733   Cr: 16.1478 )
00000113: 12.245    (Y': 9.61453   Cb: 13.4678   Cr: 16.0871 )
00000115: 12.3914   (Y': 9.71592   Cb: 13.7104   Cr: 16.26   )
00000116: 12.4211   (Y': 9.72513   Cb: 13.8046   Cr: 16.2677 )
00000117: 12.5513   (Y': 9.82791   Cb: 14.021    Cr: 16.3712 )
00000118: 12.6344   (Y': 9.8875    Cb: 14.1843   Cr: 16.4241 )
00000119: 12.7276   (Y': 9.9409    Cb: 14.3923   Cr: 16.5078 )
00000120: 12.703    (Y': 9.88522   Cb: 14.4006   Cr: 16.5725 )
00000121: 12.6023   (Y': 9.80051   Cb: 14.3494   Cr: 16.3187 )
00000122: 12.685    (Y': 9.87184   Cb: 14.4061   Cr: 16.4947 )
00000123: 12.723    (Y': 9.88327   Cb: 14.5629   Cr: 16.4664 )
00000124: 12.7346   (Y': 9.87998   Cb: 14.5344   Cr: 16.6102 )
00000125: 12.6094   (Y': 9.73962   Cb: 14.5032   Cr: 16.4069 )
00000126: 12.6564   (Y': 9.78714   Cb: 14.5829   Cr: 16.4015 )
00000127: 12.6464   (Y': 9.75593   Cb: 14.6157   Cr: 16.4243 )
00000129: 12.6569   (Y': 9.79621   Cb: 14.6404   Cr: 16.2783 )
00000128: 12.5585   (Y': 9.66539   Cb: 14.5481   Cr: 16.3178 )
00000130: 12.6285   (Y': 9.74345   Cb: 14.6562   Cr: 16.2949 )
00000131: 12.5367   (Y': 9.65204   Cb: 14.5536   Cr: 16.217  )
00000132: 12.5803   (Y': 9.70628   Cb: 14.5759   Cr: 16.244  )
00000133: 12.6792   (Y': 9.81539   Cb: 14.6397   Cr: 16.3486 )
00000134: 12.6258   (Y': 9.73742   Cb: 14.6662   Cr: 16.2884 )
00000135: 12.5897   (Y': 9.69265   Cb: 14.6182   Cr: 16.3097 )
00000137: 12.7397   (Y': 9.91533   Cb: 14.6824   Cr: 16.2615 )
00000136: 12.5989   (Y': 9.76037   Cb: 14.5608   Cr: 16.1541 )
00000138: 12.6885   (Y': 9.81132   Cb: 14.7599   Cr: 16.2569 )
00000140: 12.6885   (Y': 9.79742   Cb: 14.7576   Cr: 16.3222 )
00000139: 12.698    (Y': 9.81492   Cb: 14.7512   Cr: 16.3186 )
00000141: 12.7503   (Y': 9.85152   Cb: 14.8218   Cr: 16.4148 )
00000142: 12.7928   (Y': 9.90731   Cb: 14.8736   Cr: 16.3848 )
00000143: 12.799    (Y': 9.89773   Cb: 14.8832   Cr: 16.4567 )
00000144: 12.7658   (Y': 9.87302   Cb: 14.8367   Cr: 16.4044 )
00000145: 12.7296   (Y': 9.8717    Cb: 14.6417   Cr: 16.4443 )
00000146: 12.8043   (Y': 9.93973   Cb: 14.708    Cr: 16.5624 )
00000147: 12.6875   (Y': 9.8338    Cb: 14.6547   Cr: 16.3018 )
00000148: 12.7265   (Y': 9.87496   Cb: 14.666    Cr: 16.3718 )
00000149: 12.638    (Y': 9.78212   Cb: 14.6333   Cr: 16.221  )
00000150: 12.6704   (Y': 9.83256   Cb: 14.6503   Cr: 16.197  )
00000151: 12.7064   (Y': 9.83897   Cb: 14.6984   Cr: 16.3452 )
00000152: 12.711    (Y': 9.81403   Cb: 14.7082   Cr: 16.4766 )
00000153: 12.7564   (Y': 9.89804   Cb: 14.6898   Cr: 16.4411 )
00000155: 12.729    (Y': 9.89563   Cb: 14.6923   Cr: 16.2596 )
00000156: 12.7252   (Y': 9.88331   Cb: 14.7025   Cr: 16.2729 )
00000154: 12.7455   (Y': 9.85112   Cb: 14.7469   Cr: 16.4929 )
00000157: 12.6933   (Y': 9.85026   Cb: 14.6907   Cr: 16.2175 )
00000158: 12.6971   (Y': 9.84725   Cb: 14.6956   Cr: 16.2489 )
00000159: 12.647    (Y': 9.82991   Cb: 14.5899   Cr: 16.137  )
00000160: 12.6298   (Y': 9.81418   Cb: 14.622    Cr: 16.044  )
00000161: 12.6386   (Y': 9.80904   Cb: 14.5594   Cr: 16.2147 )
00000162: 12.6632   (Y': 9.81283   Cb: 14.6206   Cr: 16.2767 )
00000164: 12.5656   (Y': 9.74399   Cb: 14.4231   Cr: 16.2002 )
00000163: 12.6272   (Y': 9.75075   Cb: 14.5479   Cr: 16.414  )
00000166: 12.4732   (Y': 9.70798   Cb: 14.1015   Cr: 16.2157 )
00000165: 12.5209   (Y': 9.7432    Cb: 14.2038   Cr: 16.2313 )
00000168: 12.4599   (Y': 9.67317   Cb: 13.9882   Cr: 16.4719 )
00000167: 12.5011   (Y': 9.71833   Cb: 14.0892   Cr: 16.3911 )
00000169: 12.5136   (Y': 9.76251   Cb: 13.971    Cr: 16.4827 )
00000171: 12.5855   (Y': 9.75554   Cb: 14.2757   Cr: 16.5244 )
00000172: 12.5814   (Y': 9.73939   Cb: 14.2854   Cr: 16.5544 )
00000170: 12.4996   (Y': 9.68367   Cb: 14.0993   Cr: 16.5264 )
00000175: 12.8949   (Y': 10.0242   Cb: 14.6716   Cr: 16.8851 )
00000174: 12.6139   (Y': 9.74288   Cb: 14.3934   Cr: 16.6012 )
00000173: 12.5722   (Y': 9.70329   Cb: 14.3635   Cr: 16.5294 )
00000176: 12.8234   (Y': 9.91423   Cb: 14.729    Cr: 16.7896 )
00000177: 12.8388   (Y': 9.93682   Cb: 14.6923   Cr: 16.8543 )
00000178: 12.7865   (Y': 9.91475   Cb: 14.5929   Cr: 16.7324 )
00000180: 12.7792   (Y': 10.0408   Cb: 14.3148   Cr: 16.5551 )
00000179: 12.7873   (Y': 9.98578   Cb: 14.4334   Cr: 16.6666 )
00000182: 12.6688   (Y': 10.0398   Cb: 13.9224   Cr: 16.4487 )
00000181: 12.6732   (Y': 9.98474   Cb: 14.0465   Cr: 16.504  )
00000183: 12.712    (Y': 10.0312   Cb: 14.1783   Cr: 16.3508 )
00000185: 12.6882   (Y': 9.91748   Cb: 14.5068   Cr: 16.161  )
00000184: 12.7535   (Y': 10.0281   Cb: 14.3571   Cr: 16.3613 )
00000186: 12.578    (Y': 9.83045   Cb: 14.3649   Cr: 16.0002 )
00000187: 12.4031   (Y': 9.58278   Cb: 14.405    Cr: 15.8237 )
00000188: 12.3793   (Y': 9.51763   Cb: 14.4801   Cr: 15.8392 )
00000189: 12.5267   (Y': 9.6745    Cb: 14.6152   Cr: 15.9629 )
00000190: 12.4865   (Y': 9.59719   Cb: 14.6747   Cr: 15.9469 )
00000191: 12.56     (Y': 9.68668   Cb: 14.6696   Cr: 16.0585 )
00000193: 12.6557   (Y': 9.74775   Cb: 14.822    Cr: 16.2275 )
00000192: 12.6772   (Y': 9.81146   Cb: 14.7677   Cr: 16.1693 )
00000194: 12.7085   (Y': 9.84469   Cb: 14.8224   Cr: 16.1599 )
00000195: 12.8199   (Y': 9.96718   Cb: 14.8456   Cr: 16.3458 )
00000196: 12.6542   (Y': 9.7366    Cb: 14.8102   Cr: 16.284  )
00000197: 12.6436   (Y': 9.77954   Cb: 14.6727   Cr: 16.2144 )
00000198: 12.687    (Y': 9.82498   Cb: 14.6585   Cr: 16.3322 )
00000200: 12.7209   (Y': 9.90232   Cb: 14.5722   Cr: 16.352  )
00000199: 12.6139   (Y': 9.76554   Cb: 14.4822   Cr: 16.3521 )
00000201: 12.7482   (Y': 9.9621    Cb: 14.5393   Cr: 16.3278 )
00000204: 12.7966   (Y': 10.0638   Cb: 14.5333   Cr: 16.2315 )
00000202: 12.8405   (Y': 10.0879   Cb: 14.5971   Cr: 16.329  )
00000203: 12.844    (Y': 10.1132   Cb: 14.5885   Cr: 16.2591 )
00000205: 12.8796   (Y': 10.1426   Cb: 14.6162   Cr: 16.332  )
00000206: 12.914    (Y': 10.1831   Cb: 14.6608   Cr: 16.3266 )
00000207: 12.8906   (Y': 10.1468   Cb: 14.6554   Cr: 16.3304 )
00000209: 12.8985   (Y': 10.0944   Cb: 14.8716   Cr: 16.2914 )
00000208: 12.9446   (Y': 10.191    Cb: 14.8021   Cr: 16.2908 )
00000210: 12.8942   (Y': 10.0684   Cb: 14.9356   Cr: 16.2837 )
00000212: 12.7779   (Y': 9.92899   Cb: 14.9516   Cr: 16.0869 )
00000211: 12.8248   (Y': 9.98831   Cb: 14.9419   Cr: 16.1567 )
00000213: 12.7233   (Y': 9.79535   Cb: 15.1355   Cr: 16.0608 )
00000214: 12.7016   (Y': 9.82102   Cb: 14.9939   Cr: 15.9901 )
00000215: 12.7494   (Y': 9.80237   Cb: 15.1424   Cr: 16.1927 )
00000216: 12.7722   (Y': 9.84976   Cb: 15.1724   Cr: 16.1012 )
00000217: 12.7311   (Y': 9.78781   Cb: 15.1136   Cr: 16.1716 )
00000219: 12.8768   (Y': 10.0507   Cb: 15.1118   Cr: 16.0165 )
00000218: 12.8033   (Y': 9.94211   Cb: 15.0757   Cr: 16.0371 )
00000220: 12.8147   (Y': 9.98882   Cb: 15.1146   Cr: 15.875  )
00000221: 12.7378   (Y': 9.93323   Cb: 15.1438   Cr: 15.5953 )
00000222: 12.7099   (Y': 9.91028   Cb: 15.0414   Cr: 15.6329 )
00000223: 12.8059   (Y': 10.0471   Cb: 15.151    Cr: 15.5647 )
00000224: 12.8026   (Y': 9.99754   Cb: 15.1912   Cr: 15.6815 )
00000225: 12.8941   (Y': 10.0695   Cb: 15.3822   Cr: 15.7355 )
00000226: 12.9401   (Y': 10.0925   Cb: 15.3638   Cr: 15.9397 )
00000227: 12.8734   (Y': 9.98738   Cb: 15.3449   Cr: 15.9682 )
00000228: 12.9554   (Y': 10.1073   Cb: 15.3571   Cr: 15.9824 )
00000229: 13.0504   (Y': 10.2394   Cb: 15.3188   Cr: 16.0906 )
00000230: 13.066    (Y': 10.2991   Cb: 15.2112   Cr: 16.0871 )
00000231: 13.1199   (Y': 10.3359   Cb: 15.2482   Cr: 16.2272 )
00000232: 13.1971   (Y': 10.4753   Cb: 15.2      Cr: 16.2247 )
00000233: 13.1353   (Y': 10.4728   Cb: 14.9419   Cr: 16.1958 )
00000235: 12.7781   (Y': 10.1623   Cb: 14.3925   Cr: 15.9285 )
00000234: 13.0354   (Y': 10.3817   Cb: 14.7332   Cr: 16.2114 )
00000237: 12.2773   (Y': 9.81302   Cb: 13.6693   Cr: 15.1974 )
00000236: 12.6483   (Y': 10.0526   Cb: 14.3635   Cr: 15.5866 )
00000238: 12.147    (Y': 9.67968   Cb: 13.4573   Cr: 15.1964 )
00000240: 12.3828   (Y': 9.96876   Cb: 13.5825   Cr: 15.4109 )
00000239: 12.3768   (Y': 9.9703    Cb: 13.5975   Cr: 15.3469 )
00000241: 12.3683   (Y': 9.90233   Cb: 13.6621   Cr: 15.4378 )
00000242: 12.4066   (Y': 9.99938   Cb: 13.6183   Cr: 15.3928 )
00000243: 12.4327   (Y': 9.8885    Cb: 13.8845   Cr: 15.5513 )
00000244: 12.4071   (Y': 9.76599   Cb: 13.9508   Cr: 15.7594 )
00000245: 12.4112   (Y': 9.76792   Cb: 13.8984   Cr: 15.8597 )
00000246: 12.3855   (Y': 9.77831   Cb: 13.8235   Cr: 15.7657 )
00000247: 12.5138   (Y': 9.99801   Cb: 13.7781   Cr: 15.8129 )
00000248: 12.7643   (Y': 10.2291   Cb: 14.0546   Cr: 16.0963 )
00000249: 13.1812   (Y': 10.6959   Cb: 14.4687   Cr: 16.3301 )
00000250: 13.4961   (Y': 11.0671   Cb: 14.6582   Cr: 16.6355 )
00000251: 13.6461   (Y': 10.9404   Cb: 15.4766   Cr: 16.8394 )
00000253: 13.2073   (Y': 10.604    Cb: 14.8947   Cr: 16.2104 )
00000252: 13.7079   (Y': 10.9531   Cb: 15.7473   Cr: 16.8146 )
00000254: 13.0128   (Y': 10.566    Cb: 14.3973   Cr: 15.8837 )
00000255: 12.38     (Y': 9.90695   Cb: 13.7446   Cr: 15.3696 )
00000256: 12.3883   (Y': 9.84941   Cb: 13.8921   Cr: 15.4127 )
00000257: 12.5356   (Y': 9.91524   Cb: 14.3335   Cr: 15.4537 )
00000258: 12.1468   (Y': 9.45886   Cb: 14.0217   Cr: 15.2125 )
00000259: 12.2344   (Y': 9.89431   Cb: 13.513    Cr: 14.9023 )
00000260: 12.2392   (Y': 9.91426   Cb: 13.496    Cr: 14.8891 )
00000261: 12.0504   (Y': 9.80764   Cb: 13.0308   Cr: 14.8403 )
00000262: 12.057    (Y': 9.86629   Cb: 12.9754   Cr: 14.7771 )
00000263: 11.9663   (Y': 9.73497   Cb: 12.9369   Cr: 14.7344 )
00000265: 12.0548   (Y': 9.7946    Cb: 13.1454   Cr: 14.7362 )
00000264: 12.0423   (Y': 9.84855   Cb: 13.0319   Cr: 14.6656 )
00000266: 12.0779   (Y': 9.82481   Cb: 13.193    Cr: 14.7026 )
00000267: 12.0153   (Y': 9.82635   Cb: 13.0267   Cr: 14.5931 )
00000268: 11.9968   (Y': 9.79129   Cb: 12.9877   Cr: 14.6541 )
00000270: 11.7725   (Y': 9.5872    Cb: 12.7117   Cr: 14.4444 )
00000269: 11.8914   (Y': 9.67786   Cb: 12.8587   Cr: 14.6087 )
00000272: 11.6898   (Y': 9.57506   Cb: 12.5214   Cr: 14.3104 )
00000271: 11.7309   (Y': 9.58555   Cb: 12.601    Cr: 14.3854 )
00000273: 11.8655   (Y': 9.75515   Cb: 12.6583   Cr: 14.5324 )
00000274: 11.8379   (Y': 9.71412   Cb: 12.638    Cr: 14.5337 )
00000275: 11.881    (Y': 9.814     Cb: 12.6158   Cr: 14.5083 )
00000277: 11.5781   (Y': 9.56279   Cb: 12.1627   Cr: 14.2907 )
00000276: 11.794    (Y': 9.72426   Cb: 12.414    Cr: 14.6135 )
00000279: 11.6077   (Y': 9.61419   Cb: 12.1311   Cr: 14.3565 )
00000278: 11.5292   (Y': 9.46023   Cb: 12.1513   Cr: 14.3425 )
00000280: 11.5692   (Y': 9.57546   Cb: 12.1172   Cr: 14.2781 )
00000281: 11.3953   (Y': 9.49816   Cb: 11.8583   Cr: 13.9657 )
00000282: 11.3911   (Y': 9.46204   Cb: 11.8573   Cr: 14.0465 )
00000283: 11.3189   (Y': 9.33319   Cb: 11.8939   Cr: 13.9602 )
00000284: 11.1802   (Y': 9.21645   Cb: 11.7343   Cr: 13.7921 )
00000286: 11.2245   (Y': 9.2894    Cb: 11.6983   Cr: 13.885  )
00000287: 11.2647   (Y': 9.36928   Cb: 11.6932   Cr: 13.8864 )
00000288: 11.2306   (Y': 9.36061   Cb: 11.5987   Cr: 13.8819 )
00000285: 11.1668   (Y': 9.19408   Cb: 11.7353   Cr: 13.781  )
00000289: 11.2798   (Y': 9.45531   Cb: 11.5709   Cr: 13.9343 )
00000290: 11.3644   (Y': 9.50558   Cb: 11.6609   Cr: 14.1068 )
00000291: 11.514    (Y': 9.49151   Cb: 12.041    Cr: 14.3445 )
00000292: 11.5517   (Y': 9.44882   Cb: 12.1547   Cr: 14.5039 )
00000294: 11.7443   (Y': 9.539     Cb: 12.5817   Cr: 14.6364 )
00000296: 11.7722   (Y': 9.46453   Cb: 12.7796   Cr: 14.7324 )
00000295: 11.7117   (Y': 9.42159   Cb: 12.6399   Cr: 14.7392 )
00000293: 11.6267   (Y': 9.44979   Cb: 12.4167   Cr: 14.5044 )
00000297: 11.695    (Y': 9.31691   Cb: 12.8202   Cr: 14.7126 )
00000298: 11.6404   (Y': 9.2844    Cb: 12.7611   Cr: 14.589  )
00000299: 11.3453   (Y': 8.8714    Cb: 12.6915   Cr: 14.3651 )
00000300: 11.4078   (Y': 8.96261   Cb: 12.7445   Cr: 14.3409 )
00000301: 11.4669   (Y': 9.0778    Cb: 12.7788   Cr: 14.2465 )
00000303: 11.804    (Y': 9.60246   Cb: 12.9164   Cr: 14.2775 )
00000302: 11.4897   (Y': 9.06403   Cb: 12.8985   Cr: 14.2558 )
00000304: 11.7518   (Y': 9.52003   Cb: 12.8948   Cr: 14.2731 )
00000305: 11.7107   (Y': 9.49945   Cb: 12.7869   Cr: 14.2631 )
00000306: 11.6513   (Y': 9.43636   Cb: 12.6462   Cr: 14.3319 )
00000307: 11.666    (Y': 9.39555   Cb: 12.6994   Cr: 14.4644 )
00000308: 11.6391   (Y': 9.35208   Cb: 12.6898   Cr: 14.465  )
00000309: 11.6798   (Y': 9.37448   Cb: 12.6996   Cr: 14.6132 )
00000310: 11.6463   (Y': 9.36082   Cb: 12.6596   Cr: 14.5238 )
00000311: 11.6458   (Y': 9.36357   Cb: 12.6402   Cr: 14.5418 )
00000312: 11.5995   (Y': 9.36086   Cb: 12.4974   Cr: 14.504  )
00000313: 11.6301   (Y': 9.47615   Cb: 12.4009   Cr: 14.4654 )
00000314: 11.5724   (Y': 9.43211   Cb: 12.3442   Cr: 14.3633 )
00000315: 11.433    (Y': 9.30858   Cb: 12.1735   Cr: 14.2247 )
00000317: 10.8788   (Y': 8.48395   Cb: 11.9232   Cr: 14.0847 )
00000319: 10.8829   (Y': 8.4473    Cb: 11.9558   Cr: 14.1919 )
00000316: 11.2706   (Y': 9.09488   Cb: 12.0612   Cr: 14.1435 )
00000318: 10.7967   (Y': 8.39051   Cb: 11.8567   Cr: 14.018  )
00000320: 10.9417   (Y': 8.46938   Cb: 12.0626   Cr: 14.3091 )
00000321: 11.0288   (Y': 8.50658   Cb: 12.1694   Cr: 14.5589 )
00000322: 11.058    (Y': 8.51869   Cb: 12.2175   Cr: 14.6244 )
00000326: 11.4657   (Y': 8.87869   Cb: 12.6763   Cr: 15.1412 )
00000323: 11.2574   (Y': 8.73979   Cb: 12.352    Cr: 14.8494 )
00000325: 11.4365   (Y': 8.86097   Cb: 12.6234   Cr: 15.1056 )
00000324: 11.3346   (Y': 8.8159    Cb: 12.4341   Cr: 14.9227 )
00000327: 11.5499   (Y': 8.92905   Cb: 12.8076   Cr: 15.2869 )
00000328: 11.5006   (Y': 8.83266   Cb: 12.7832   Cr: 15.4011 )
00000329: 11.504    (Y': 8.8055    Cb: 12.824    Cr: 15.4764 )
00000330: 11.4775   (Y': 8.78466   Cb: 12.7751   Cr: 15.4647 )
00000331: 11.5083   (Y': 8.79394   Cb: 12.893    Cr: 15.4364 )
00000333: 11.4579   (Y': 8.77373   Cb: 12.8164   Cr: 15.2951 )
00000332: 11.4977   (Y': 8.80179   Cb: 12.8548   Cr: 15.3908 )
00000334: 11.5542   (Y': 8.87869   Cb: 12.9163   Cr: 15.3464 )
00000335: 11.7451   (Y': 9.11547   Cb: 13.0224   Cr: 15.4856 )
00000336: 11.8075   (Y': 9.15513   Cb: 13.1399   Cr: 15.5501 )
00000337: 11.9325   (Y': 9.26312   Cb: 13.3492   Cr: 15.6045 )
00000338: 11.8508   (Y': 9.17163   Cb: 13.3494   Cr: 15.4297 )
00000339: 11.8935   (Y': 9.20356   Cb: 13.3546   Cr: 15.5803 )
00000340: 12.0203   (Y': 9.33186   Cb: 13.4989   Cr: 15.6712 )
00000341: 12.0547   (Y': 9.39608   Cb: 13.4531   Cr: 15.711  )
00000342: 12.003    (Y': 9.34433   Cb: 13.3821   Cr: 15.6923 )
00000344: 12.1025   (Y': 9.47211   Cb: 13.4232   Cr: 15.7708 )
00000343: 12.0854   (Y': 9.45243   Cb: 13.3822   Cr: 15.806  )
00000346: 11.9682   (Y': 9.34803   Cb: 13.3824   Cr: 15.4382 )
00000345: 11.9937   (Y': 9.37331   Cb: 13.3295   Cr: 15.5936 )
00000347: 11.9248   (Y': 9.36743   Cb: 13.2518   Cr: 15.2842 )
00000348: 11.9518   (Y': 9.39568   Cb: 13.2695   Cr: 15.3213 )
00000349: 12.0634   (Y': 9.53454   Cb: 13.352    Cr: 15.374  )
00000350: 12.0025   (Y': 9.50325   Cb: 13.2271   Cr: 15.3027 )
00000351: 11.9637   (Y': 9.42513   Cb: 13.2666   Cr: 15.2889 )
00000352: 12.0047   (Y': 9.4177    Cb: 13.3853   Cr: 15.3957 )
00000353: 12.1408   (Y': 9.54161   Cb: 13.5099   Cr: 15.5986 )
00000354: 12.0585   (Y': 9.41998   Cb: 13.5093   Cr: 15.5448 )
00000355: 11.9844   (Y': 9.30451   Cb: 13.4514   Cr: 15.6182 )
00000356: 12.0161   (Y': 9.28088   Cb: 13.5908   Cr: 15.7131 )
00000358: 12.011    (Y': 9.21098   Cb: 13.6922   Cr: 15.8247 )
00000359: 12.0625   (Y': 9.24976   Cb: 13.7822   Cr: 15.8727 )
00000357: 11.9582   (Y': 9.18459   Cb: 13.6109   Cr: 15.6987 )
00000360: 12.1231   (Y': 9.31316   Cb: 13.858    Cr: 15.8957 )
00000361: 12.2922   (Y': 9.45202   Cb: 14.1211   Cr: 16.0543 )
00000362: 12.3769   (Y': 9.51573   Cb: 14.2357   Cr: 16.1892 )
00000363: 12.3923   (Y': 9.52708   Cb: 14.2396   Cr: 16.2414 )
00000364: 12.3455   (Y': 9.51529   Cb: 14.0876   Cr: 16.1995 )
00000367: 12.3594   (Y': 9.44433   Cb: 14.3733   Cr: 16.1847 )
00000366: 12.413    (Y': 9.525     Cb: 14.3349   Cr: 16.2518 )
00000365: 12.3615   (Y': 9.5118    Cb: 14.249    Cr: 16.0767 )
00000368: 12.3879   (Y': 9.52952   Cb: 14.327    Cr: 16.0646 )
00000369: 12.4408   (Y': 9.5769    Cb: 14.4612   Cr: 16.0229 )
00000370: 12.4365   (Y': 9.53505   Cb: 14.531    Cr: 16.0803 )
00000371: 12.5513   (Y': 9.60463   Cb: 14.6104   Cr: 16.4593 )
00000372: 12.5643   (Y': 9.65596   Cb: 14.5609   Cr: 16.384  )
00000374: 12.538    (Y': 9.65611   Cb: 14.518    Cr: 16.2603 )
00000373: 12.5933   (Y': 9.70006   Cb: 14.5992   Cr: 16.3287 )
00000375: 12.456    (Y': 9.61351   Cb: 14.4714   Cr: 15.9521 )
00000376: 12.4133   (Y': 9.57667   Cb: 14.3675   Cr: 15.9714 )
00000377: 12.3408   (Y': 9.52111   Cb: 14.2942   Cr: 15.8266 )
00000378: 12.3714   (Y': 9.57199   Cb: 14.299    Cr: 15.8084 )
00000379: 12.4059   (Y': 9.59188   Cb: 14.348    Cr: 15.8841 )
00000382: 12.2966   (Y': 9.62632   Cb: 13.9633   Cr: 15.5816 )
00000380: 12.4458   (Y': 9.65949   Cb: 14.297    Cr: 15.9369 )
00000381: 12.3394   (Y': 9.61292   Cb: 14.0523   Cr: 15.7841 )
00000384: 12.1334   (Y': 9.4393    Cb: 13.8313   Cr: 15.4676 )
00000383: 12.1643   (Y': 9.53944   Cb: 13.7364   Cr: 15.4105 )
00000386: 12.2618   (Y': 9.57423   Cb: 13.9861   Cr: 15.5325 )
00000385: 12.2468   (Y': 9.5776    Cb: 13.9678   Cr: 15.4502 )
00000387: 12.3447   (Y': 9.66085   Cb: 14.0517   Cr: 15.625  )
00000388: 12.3867   (Y': 9.72944   Cb: 14.0147   Cr: 15.6769 )
00000389: 12.2939   (Y': 9.63512   Cb: 13.9463   Cr: 15.5546 )
00000390: 12.3312   (Y': 9.67355   Cb: 13.9761   Cr: 15.5984 )
00000392: 12.5058   (Y': 9.87311   Cb: 14.114    Cr: 15.7297 )
00000391: 12.4804   (Y': 9.85542   Cb: 14.1048   Cr: 15.6516 )
00000393: 12.7107   (Y': 9.98444   Cb: 14.4806   Cr: 16.0707 )
00000394: 12.8961   (Y': 10.1212   Cb: 14.7439   Cr: 16.3441 )
00000395: 13.015    (Y': 10.2299   Cb: 14.8535   Cr: 16.5199 )
00000397: 13.1012   (Y': 10.3535   Cb: 14.8784   Cr: 16.5385 )
00000396: 13.0408   (Y': 10.2941   Cb: 14.7957   Cr: 16.5068 )
00000398: 13.0837   (Y': 10.3761   Cb: 14.8404   Cr: 16.3876 )
00000399: 13.1594   (Y': 10.4709   Cb: 14.8593   Cr: 16.4686 )
00000400: 13.2605   (Y': 10.5326   Cb: 15.0314   Cr: 16.6255 )
00000401: 13.291    (Y': 10.5774   Cb: 14.9828   Cr: 16.7138 )
00000402: 13.343    (Y': 10.5942   Cb: 15.1007   Cr: 16.814  )
00000403: 13.2573   (Y': 10.5198   Cb: 14.9454   Cr: 16.7854 )
00000405: 13.1248   (Y': 10.389    Cb: 14.7414   Cr: 16.7567 )
00000406: 13.1442   (Y': 10.3989   Cb: 14.7457   Cr: 16.8417 )
00000404: 13.1754   (Y': 10.4591   Cb: 14.8616   Cr: 16.6176 )
00000407: 12.978    (Y': 10.2012   Cb: 14.6121   Cr: 16.7639 )
00000408: 12.9466   (Y': 10.1942   Cb: 14.532    Cr: 16.7017 )
00000409: 13.0122   (Y': 10.2805   Cb: 14.5806   Cr: 16.7041 )
00000410: 13.0534   (Y': 10.2677   Cb: 14.7181   Cr: 16.8287 )
00000411: 12.9764   (Y': 10.211    Cb: 14.6409   Cr: 16.6617 )
00000412: 12.9719   (Y': 10.1245   Cb: 14.76     Cr: 16.8322 )
00000413: 12.9607   (Y': 10.1245   Cb: 14.7664   Cr: 16.7411 )
00000415: 12.7572   (Y': 9.92438   Cb: 14.5554   Cr: 16.5338 )
00000414: 12.8482   (Y': 9.96641   Cb: 14.7191   Cr: 16.738  )
00000416: 12.7553   (Y': 9.92421   Cb: 14.5314   Cr: 16.5593 )
00000417: 12.679    (Y': 9.86908   Cb: 14.446    Cr: 16.4005 )
00000418: 12.759    (Y': 9.97165   Cb: 14.484    Cr: 16.4456 )
00000419: 12.8209   (Y': 10.0392   Cb: 14.6239   Cr: 16.3637 )
00000420: 12.861    (Y': 10.0872   Cb: 14.6223   Cr: 16.4329 )
00000421: 12.78     (Y': 9.97881   Cb: 14.5499   Cr: 16.4584 )
00000423: 12.436    (Y': 9.61036   Cb: 14.2859   Cr: 16.1003 )
00000422: 12.6913   (Y': 9.90251   Cb: 14.454    Cr: 16.326  )
00000425: 12.4154   (Y': 9.56423   Cb: 14.2994   Cr: 16.1426 )
00000424: 12.4535   (Y': 9.61291   Cb: 14.3714   Cr: 16.0823 )
00000426: 12.4446   (Y': 9.56148   Cb: 14.356    Cr: 16.2772 )
00000428: 12.4397   (Y': 9.62845   Cb: 14.203    Cr: 16.1736 )
00000427: 12.432    (Y': 9.57757   Cb: 14.2705   Cr: 16.2449 )
00000429: 12.3208   (Y': 9.46936   Cb: 14.1601   Cr: 16.1188 )
00000430: 12.3424   (Y': 9.48304   Cb: 14.2012   Cr: 16.1464 )
00000431: 12.2859   (Y': 9.40065   Cb: 14.1563   Cr: 16.193  )
00000432: 12.2579   (Y': 9.41168   Cb: 14.0557   Cr: 16.0971 )
00000433: 12.3341   (Y': 9.46413   Cb: 14.1865   Cr: 16.1976 )
00000434: 12.3726   (Y': 9.51181   Cb: 14.219    Cr: 16.2025 )
00000435: 12.3395   (Y': 9.53013   Cb: 14.1342   Cr: 16.0154 )
00000436: 12.2932   (Y': 9.48064   Cb: 14.1057   Cr: 15.9563 )
00000437: 12.3298   (Y': 9.55251   Cb: 14.1393   Cr: 15.8442 )
00000439: 12.2003   (Y': 9.45698   Cb: 13.9594   Cr: 15.6461 )
00000438: 12.2866   (Y': 9.50213   Cb: 14.0759   Cr: 15.8616 )
00000440: 12.2053   (Y': 9.46543   Cb: 13.9454   Cr: 15.6651 )
00000441: 12.1741   (Y': 9.46139   Cb: 13.9288   Cr: 15.501  )
00000442: 12.1518   (Y': 9.41317   Cb: 13.9994   Cr: 15.4514 )
00000444: 12.0604   (Y': 9.33454   Cb: 13.7945   Cr: 15.4709 )
00000443: 12.056    (Y': 9.28963   Cb: 13.8391   Cr: 15.5629 )
00000445: 11.9727   (Y': 9.23841   Cb: 13.7056   Cr: 15.4197 )
00000446: 12.0803   (Y': 9.37147   Cb: 13.7961   Cr: 15.4481 )
00000447: 12.3833   (Y': 9.74939   Cb: 14.0405   Cr: 15.5415 )
00000448: 12.4091   (Y': 9.77578   Cb: 14.0449   Cr: 15.5953 )
00000449: 12.4261   (Y': 9.82878   Cb: 14.0445   Cr: 15.5017 )
00000450: 12.4519   (Y': 9.84367   Cb: 14.0836   Cr: 15.5498 )
00000453: 12.2077   (Y': 9.64739   Cb: 13.7718   Cr: 15.224  )
00000451: 12.3557   (Y': 9.78428   Cb: 13.9504   Cr: 15.3701 )
00000452: 12.3435   (Y': 9.76329   Cb: 13.9358   Cr: 15.393  )
00000454: 12.2004   (Y': 9.68384   Cb: 13.7691   Cr: 15.0563 )
00000455: 12.2586   (Y': 9.74733   Cb: 13.8008   Cr: 15.1323 )
00000456: 12.2487   (Y': 9.71852   Cb: 13.8208   Cr: 15.1475 )
00000457: 12.3001   (Y': 9.83049   Cb: 13.7903   Cr: 15.1023 )
00000458: 12.2928   (Y': 9.81552   Cb: 13.7475   Cr: 15.1695 )
00000461: 12.62     (Y': 10.18     Cb: 14.2597   Cr: 15.1334 )
00000459: 12.4328   (Y': 9.96608   Cb: 13.8363   Cr: 15.3445 )
00000460: 12.4992   (Y': 10.0489   Cb: 13.9314   Cr: 15.3149 )
00000462: 12.7066   (Y': 10.2892   Cb: 14.3969   Cr: 15.0899 )
00000463: 12.7896   (Y': 10.3371   Cb: 14.5366   Cr: 15.2138 )
00000464: 12.8957   (Y': 10.3979   Cb: 14.7258   Cr: 15.364  )
00000465: 12.847    (Y': 10.4114   Cb: 14.6155   Cr: 15.195  )
00000466: 13.0101   (Y': 10.4947   Cb: 14.9351   Cr: 15.4251 )
00000467: 12.6691   (Y': 10.1692   Cb: 14.6579   Cr: 14.9668 )
00000468: 12.5365   (Y': 10.0672   Cb: 14.453    Cr: 14.8203 )
00000469: 12.5571   (Y': 10.0493   Cb: 14.5099   Cr: 14.9179 )
00000470: 12.5272   (Y': 10.0036   Cb: 14.4224   Cr: 15.0017 )
00000472: 12.4413   (Y': 9.98688   Cb: 14.3505   Cr: 14.6889 )
00000471: 12.3895   (Y': 9.89697   Cb: 14.3626   Cr: 14.6819 )
00000473: 12.1929   (Y': 9.67747   Cb: 14.2412   Cr: 14.4741 )
00000474: 11.8864   (Y': 9.45033   Cb: 13.9036   Cr: 13.9677 )
00000475: 12.1481   (Y': 9.68827   Cb: 14.1203   Cr: 14.3443 )
00000477: 12.3817   (Y': 9.894     Cb: 14.1489   Cr: 14.8917 )
00000476: 12.4021   (Y': 9.89856   Cb: 14.288    Cr: 14.824  )
00000479: 12.3913   (Y': 9.83958   Cb: 14.2304   Cr: 15.0221 )
00000478: 12.3477   (Y': 9.82676   Cb: 14.1305   Cr: 14.9455 )
00000480: 12.258    (Y': 9.66962   Cb: 14.0966   Cr: 15.0128 )
00000481: 12.1796   (Y': 9.58901   Cb: 14.016    Cr: 14.9447 )
00000482: 12.2235   (Y': 9.61334   Cb: 14.0487   Cr: 15.0705 )
00000484: 12.318    (Y': 9.64592   Cb: 14.1845   Cr: 15.3355 )
00000483: 12.2366   (Y': 9.58057   Cb: 14.1008   Cr: 15.198  )
00000485: 12.5088   (Y': 9.8173    Cb: 14.3699   Cr: 15.6064 )
00000486: 12.536    (Y': 9.82451   Cb: 14.3052   Cr: 15.8377 )
00000487: 12.5682   (Y': 9.82941   Cb: 14.3974   Cr: 15.894  )
00000488: 12.5815   (Y': 9.7861    Cb: 14.4294   Cr: 16.1165 )
00000489: 12.6282   (Y': 9.83097   Cb: 14.4706   Cr: 16.179  )
00000490: 12.5714   (Y': 9.72846   Cb: 14.4565   Cr: 16.2595 )
00000491: 12.6049   (Y': 9.81165   Cb: 14.4163   Cr: 16.1849 )
00000492: 12.65     (Y': 9.91691   Cb: 14.31     Cr: 16.2022 )
00000493: 12.6956   (Y': 9.96997   Cb: 14.3606   Cr: 16.2084 )
00000494: 12.705    (Y': 10.0479   Cb: 14.1878   Cr: 16.2169 )
00000495: 12.6241   (Y': 10.0807   Cb: 13.8559   Cr: 16.0842 )
00000496: 12.608    (Y': 10.0687   Cb: 13.7805   Cr: 16.1523 )
00000497: 12.745    (Y': 10.2097   Cb: 13.9508   Cr: 16.2163 )
00000498: 12.7432   (Y': 10.2244   Cb: 13.949    Cr: 16.1493 )
00000499: 12.7875   (Y': 10.2063   Cb: 14.2101   Cr: 16.0899 )
00000500: 13.0928   (Y': 10.294    Cb: 15.0684   Cr: 16.4598 )
00000501: 13.5683   (Y': 10.7107   Cb: 15.9084   Cr: 16.7052 )
00000502: 13.5814   (Y': 10.7249   Cb: 16.0114   Cr: 16.608  )
00000503: 13.2968   (Y': 10.7      Cb: 15.1708   Cr: 16.0368 )
00000504: 12.8868   (Y': 10.311    Cb: 14.6653   Cr: 15.6733 )
00000506: 12.8487   (Y': 10.2405   Cb: 14.504    Cr: 15.9134 )
00000505: 12.8036   (Y': 10.173    Cb: 14.4951   Cr: 15.9014 )
00000507: 12.8267   (Y': 10.2032   Cb: 14.5222   Cr: 15.8926 )
00000508: 12.7312   (Y': 10.0685   Cb: 14.5498   Cr: 15.7767 )
00000509: 12.5391   (Y': 9.86286   Cb: 14.4031   Cr: 15.5754 )
00000510: 12.3831   (Y': 9.69781   Cb: 14.2873   Cr: 15.4005 )
00000511: 12.2891   (Y': 9.54648   Cb: 14.2549   Cr: 15.4444 )
00000512: 12.4121   (Y': 9.66695   Cb: 14.3335   Cr: 15.6362 )
00000513: 12.3327   (Y': 9.64761   Cb: 14.1715   Cr: 15.4357 )
00000514: 12.2741   (Y': 9.591     Cb: 14.132    Cr: 15.3439 )
00000517: 11.6327   (Y': 8.88404   Cb: 13.5211   Cr: 14.9159 )
00000516: 11.9006   (Y': 9.12559   Cb: 13.8734   Cr: 15.1747 )
00000515: 12.0487   (Y': 9.32288   Cb: 13.9205   Cr: 15.2643 )
00000518: 11.4553   (Y': 8.73209   Cb: 13.3374   Cr: 14.6461 )
00000519: 11.211    (Y': 8.48999   Cb: 13.0903   Cr: 14.3973 )
00000521: 10.9444   (Y': 8.30978   Cb: 12.6547   Cr: 14.0314 )
00000520: 11.1448   (Y': 8.44883   Cb: 12.9863   Cr: 14.2853 )
00000522: 10.8642   (Y': 8.22046   Cb: 12.5929   Cr: 13.9601 )
00000523: 10.7655   (Y': 8.17799   Cb: 12.4396   Cr: 13.729  )
00000524: 10.5894   (Y': 8.04745   Cb: 12.2536   Cr: 13.4059 )
00000525: 10.3745   (Y': 7.9363    Cb: 11.9095   Cr: 13.0138 )
00000526: 10.2361   (Y': 7.84131   Cb: 11.7667   Cr: 12.7438 )
00000527: 11.0074   (Y': 8.41918   Cb: 13.1405   Cr: 13.4233 )
00000529: 10.5296   (Y': 8.22082   Cb: 12.3068   Cr: 12.5079 )
00000528: 10.902    (Y': 8.41751   Cb: 12.9304   Cr: 13.1118 )
00000530: 10.408    (Y': 8.1397    Cb: 12.1971   Cr: 12.2669 )
00000531: 10.3773   (Y': 8.15118   Cb: 12.1987   Cr: 12.0976 )
00000532: 10.2953   (Y': 8.11945   Cb: 12.0297   Cr: 11.9775 )
00000533: 10.1779   (Y': 8.12876   Cb: 11.6881   Cr: 11.7844 )
00000534: 10.1951   (Y': 8.12781   Cb: 11.7325   Cr: 11.8161 )
00000536: 10.1735   (Y': 7.92696   Cb: 11.9399   Cr: 11.9999 )
00000535: 10.1595   (Y': 7.95492   Cb: 11.8436   Cr: 11.9633 )
00000538: 10.2284   (Y': 7.85514   Cb: 12.2442   Cr: 12.1383 )
00000537: 10.1035   (Y': 7.80512   Cb: 11.9845   Cr: 11.9483 )
00000540: 10.7064   (Y': 8.17221   Cb: 12.983    Cr: 12.8133 )
00000541: 10.7012   (Y': 8.15898   Cb: 12.9611   Cr: 12.8477 )
00000539: 10.5754   (Y': 8.08911   Cb: 12.7915   Cr: 12.6026 )
00000542: 10.6418   (Y': 8.09019   Cb: 12.869    Cr: 12.8484 )
00000544: 10.2856   (Y': 7.79581   Cb: 12.3837   Cr: 12.4393 )
00000543: 10.3863   (Y': 7.8681    Cb: 12.5466   Cr: 12.5603 )
00000545: 10.0479   (Y': 7.60754   Cb: 12.0592   Cr: 12.1474 )
00000546: 9.95251   (Y': 7.54726   Cb: 11.8677   Cr: 12.0518 )
00000548: 9.66117   (Y': 7.29156   Cb: 11.559    Cr: 11.6792 )
00000547: 9.77408   (Y': 7.39258   Cb: 11.6946   Cr: 11.8016 )
00000549: 9.55691   (Y': 7.17812   Cb: 11.449    Cr: 11.6062 )
00000550: 9.56139   (Y': 7.18087   Cb: 11.4314   Cr: 11.6385 )
00000551: 9.54622   (Y': 7.16308   Cb: 11.4302   Cr: 11.616  )
00000552: 9.54269   (Y': 7.13495   Cb: 11.4806   Cr: 11.6254 )
00000553: 9.58984   (Y': 7.18345   Cb: 11.5583   Cr: 11.6374 )
00000554: 9.64383   (Y': 7.22547   Cb: 11.6461   Cr: 11.6905 )
00000555: 9.75092   (Y': 7.37439   Cb: 11.7961   Cr: 11.641  )
00000557: 9.83317   (Y': 7.50793   Cb: 11.784    Cr: 11.6793 )
00000556: 9.75021   (Y': 7.37955   Cb: 11.7663   Cr: 11.6528 )
00000558: 9.82032   (Y': 7.50635   Cb: 11.7867   Cr: 11.6221 )
00000560: 9.81975   (Y': 7.52685   Cb: 11.7922   Cr: 11.5619 )
00000559: 9.84223   (Y': 7.53393   Cb: 11.8209   Cr: 11.6177 )
00000561: 9.84535   (Y': 7.57097   Cb: 11.7762   Cr: 11.5803 )
00000562: 9.92887   (Y': 7.64637   Cb: 11.872    Cr: 11.6725 )
00000563: 10.0378   (Y': 7.73173   Cb: 12.0434   Cr: 11.7818 )
00000565: 10.0931   (Y': 7.77861   Cb: 12.0273   Cr: 11.9276 )
00000564: 10.046    (Y': 7.73697   Cb: 12.0044   Cr: 11.8425 )
00000566: 10.1662   (Y': 7.82854   Cb: 12.1365   Cr: 12.026  )
00000567: 10.3804   (Y': 8.02238   Cb: 12.3164   Cr: 12.3284 )
00000568: 10.4905   (Y': 8.0815    Cb: 12.4502   Cr: 12.5544 )
00000569: 10.7341   (Y': 8.28161   Cb: 12.7293   Cr: 12.8852 )
00000570: 10.8049   (Y': 8.32891   Cb: 12.8312   Cr: 12.9919 )
00000571: 10.9705   (Y': 8.51081   Cb: 12.9562   Cr: 13.1521 )
00000572: 11.095    (Y': 8.59072   Cb: 13.0826   Cr: 13.4071 )
00000573: 11.2108   (Y': 8.64093   Cb: 13.2691   Cr: 13.6496 )
00000574: 11.2087   (Y': 8.62886   Cb: 13.2783   Cr: 13.6667 )
00000576: 11.3057   (Y': 8.6662    Cb: 13.4975   Cr: 13.8242 )
00000575: 11.3121   (Y': 8.69748   Cb: 13.4851   Cr: 13.7699 )
00000577: 11.3289   (Y': 8.63738   Cb: 13.571    Cr: 13.9666 )
00000578: 11.363    (Y': 8.67957   Cb: 13.5951   Cr: 13.9841 )
00000579: 11.5024   (Y': 8.84368   Cb: 13.6505   Cr: 14.1326 )
00000580: 11.4189   (Y': 8.81098   Cb: 13.434    Cr: 14.0292 )
00000581: 11.4591   (Y': 8.8709    Cb: 13.3813   Cr: 14.1123 )
00000582: 11.446    (Y': 8.85763   Cb: 13.2191   Cr: 14.283  )
00000583: 11.5334   (Y': 8.8874    Cb: 13.2839   Cr: 14.6077 )
00000584: 11.6845   (Y': 9.03574   Cb: 13.5068   Cr: 14.6735 )
00000585: 11.9132   (Y': 9.25175   Cb: 13.6162   Cr: 15.1119 )
00000586: 11.8508   (Y': 9.21655   Cb: 13.5266   Cr: 14.9844 )
00000587: 11.5856   (Y': 9.0051    Cb: 13.1861   Cr: 14.6247 )
00000588: 11.5211   (Y': 8.92681   Cb: 13.1087   Cr: 14.6291 )
00000589: 11.479    (Y': 8.87682   Cb: 13.0088   Cr: 14.7    )
00000590: 11.3951   (Y': 8.79335   Cb: 12.8904   Cr: 14.6661 )
00000591: 11.1807   (Y': 8.54355   Cb: 12.6211   Cr: 14.6783 )
00000592: 11.2646   (Y': 8.6298    Cb: 12.7156   Cr: 14.7358 )
00000593: 11.3479   (Y': 8.70982   Cb: 12.8159   Cr: 14.8052 )
00000594: 11.4623   (Y': 8.82724   Cb: 12.9897   Cr: 14.8155 )
00000595: 11.5366   (Y': 8.93992   Cb: 13.0098   Cr: 14.8216 )
Total: 11.9041   (Y': 9.27487   Cb: 13.6653   Cr: 14.9025 )
