00000001: 15.5656   (Y': 13.258    Cb: 16.684    Cr: 18.3572 )
00000000: 15.5493   (Y': 13.2369   Cb: 16.671    Cr: 18.3518 )
00000006: 15.5568   (Y': 13.2547   Cb: 16.6556   Cr: 18.3599 )
00000003: 15.5561   (Y': 13.2448   Cb: 16.6772   Cr: 18.3558 )
00000002: 15.5696   (Y': 13.2621   Cb: 16.6812   Cr: 18.371  )
00000007: 15.5528   (Y': 13.2526   Cb: 16.6524   Cr: 18.3481 )
00000005: 15.552    (Y': 13.2326   Cb: 16.6716   Cr: 18.3803 )
00000004: 15.554    (Y': 13.2399   Cb: 16.6767   Cr: 18.3605 )
00000008: 15.5646   (Y': 13.2593   Cb: 16.6772   Cr: 18.3574 )
00000013: 15.5367   (Y': 13.23     Cb: 16.6587   Cr: 18.3201 )
00000010: 15.532    (Y': 13.2331   Cb: 16.6395   Cr: 18.3116 )
00000012: 15.5468   (Y': 13.2335   Cb: 16.6789   Cr: 18.3367 )
00000011: 15.5439   (Y': 13.233    Cb: 16.6561   Cr: 18.3554 )
00000015: 15.5624   (Y': 13.241    Cb: 16.6882   Cr: 18.3881 )
00000014: 15.5678   (Y': 13.2465   Cb: 16.7009   Cr: 18.3826 )
00000009: 15.5375   (Y': 13.2223   Cb: 16.6624   Cr: 18.3441 )
00000016: 15.5539   (Y': 13.2329   Cb: 16.6811   Cr: 18.3764 )
00000017: 15.5479   (Y': 13.2256   Cb: 16.6745   Cr: 18.3757 )
00000019: 15.558    (Y': 13.2396   Cb: 16.6876   Cr: 18.3683 )
00000018: 15.5563   (Y': 13.2434   Cb: 16.6767   Cr: 18.3622 )
00000020: 15.5586   (Y': 13.2446   Cb: 16.6943   Cr: 18.3458 )
00000023: 15.9112   (Y': 13.6119   Cb: 17.0593   Cr: 18.6329 )
00000022: 15.8068   (Y': 13.4972   Cb: 16.9587   Cr: 18.5562 )
00000021: 15.6304   (Y': 13.3116   Cb: 16.7725   Cr: 18.4235 )
00000024: 15.9291   (Y': 13.6135   Cb: 17.109    Cr: 18.6571 )
00000025: 15.9985   (Y': 13.6922   Cb: 17.1653   Cr: 18.7157 )
00000026: 16.0075   (Y': 13.7203   Cb: 17.1607   Cr: 18.6839 )
00000027: 16.0711   (Y': 13.7756   Cb: 17.235    Cr: 18.7585 )
00000029: 16.0998   (Y': 13.8153   Cb: 17.2461   Cr: 18.7775 )
00000028: 16.1037   (Y': 13.825    Cb: 17.2583   Cr: 18.7517 )
00000030: 16.1146   (Y': 13.8272   Cb: 17.265    Cr: 18.7958 )
00000031: 16.1692   (Y': 13.8585   Cb: 17.3557   Cr: 18.8728 )
00000033: 16.2524   (Y': 13.9682   Cb: 17.4444   Cr: 18.8651 )
00000034: 16.2872   (Y': 13.9956   Cb: 17.4711   Cr: 18.934  )
00000032: 16.2059   (Y': 13.8967   Cb: 17.4073   Cr: 18.8831 )
00000035: 16.3612   (Y': 14.0882   Cb: 17.5369   Cr: 18.9617 )
00000038: 16.3772   (Y': 14.1177   Cb: 17.5398   Cr: 18.9546 )
00000037: 16.3914   (Y': 14.1242   Cb: 17.5729   Cr: 18.9661 )
00000039: 16.3496   (Y': 14.1155   Cb: 17.4669   Cr: 18.9132 )
00000036: 16.3811   (Y': 14.0947   Cb: 17.5742   Cr: 18.9987 )
00000040: 16.3354   (Y': 14.0872   Cb: 17.4694   Cr: 18.9186 )
00000041: 16.3426   (Y': 14.1017   Cb: 17.4392   Cr: 18.9559 )
00000042: 16.3399   (Y': 14.1125   Cb: 17.4355   Cr: 18.9136 )
00000043: 16.3342   (Y': 14.1306   Cb: 17.3996   Cr: 18.8785 )
00000044: 16.31     (Y': 14.0973   Cb: 17.3875   Cr: 18.8646 )
00000045: 16.3058   (Y': 14.0983   Cb: 17.372    Cr: 18.8609 )
00000046: 16.3191   (Y': 14.0997   Cb: 17.3994   Cr: 18.8903 )
00000047: 16.2931   (Y': 14.0914   Cb: 17.3575   Cr: 18.8338 )
00000048: 16.3026   (Y': 14.0851   Cb: 17.392    Cr: 18.8555 )
00000051: 16.2655   (Y': 14.08     Cb: 17.3189   Cr: 18.7732 )
00000049: 16.3053   (Y': 14.1038   Cb: 17.3701   Cr: 18.8447 )
00000050: 16.2658   (Y': 14.0768   Cb: 17.3205   Cr: 18.7825 )
00000052: 16.2631   (Y': 14.0865   Cb: 17.2818   Cr: 18.7936 )
00000054: 16.2512   (Y': 14.0742   Cb: 17.2999   Cr: 18.7407 )
00000053: 16.2382   (Y': 14.0446   Cb: 17.2796   Cr: 18.7871 )
00000055: 16.2165   (Y': 14.044    Cb: 17.2296   Cr: 18.7425 )
00000056: 16.2035   (Y': 14.0215   Cb: 17.2346   Cr: 18.7322 )
00000057: 16.1861   (Y': 14.0036   Cb: 17.2145   Cr: 18.7202 )
00000058: 16.1587   (Y': 13.9881   Cb: 17.2012   Cr: 18.6381 )
00000059: 16.181    (Y': 14.0133   Cb: 17.1888   Cr: 18.7007 )
00000060: 16.1504   (Y': 13.9791   Cb: 17.1794   Cr: 18.6506 )
00000061: 16.1523   (Y': 13.9769   Cb: 17.1793   Cr: 18.6676 )
00000062: 16.1464   (Y': 13.9736   Cb: 17.1728   Cr: 18.6549 )
00000063: 16.1261   (Y': 13.9521   Cb: 17.1537   Cr: 18.6363 )
00000064: 16.1525   (Y': 14.0059   Cb: 17.1504   Cr: 18.6244 )
00000065: 16.108    (Y': 13.9549   Cb: 17.1002   Cr: 18.6071 )
00000066: 16.1408   (Y': 13.9733   Cb: 17.1553   Cr: 18.6504 )
00000067: 16.088    (Y': 13.9303   Cb: 17.0849   Cr: 18.5938 )
00000068: 16.0997   (Y': 13.9553   Cb: 17.0841   Cr: 18.5845 )
00000070: 16.0959   (Y': 13.9164   Cb: 17.1327   Cr: 18.6091 )
00000069: 16.114    (Y': 13.9417   Cb: 17.1409   Cr: 18.6202 )
00000071: 16.0775   (Y': 13.9238   Cb: 17.074    Cr: 18.572  )
00000073: 16.0725   (Y': 13.9147   Cb: 17.0675   Cr: 18.5815 )
00000072: 16.082    (Y': 13.9159   Cb: 17.0891   Cr: 18.5981 )
00000076: 16.0463   (Y': 13.8811   Cb: 17.0553   Cr: 18.5568 )
00000074: 16.07     (Y': 13.9159   Cb: 17.0486   Cr: 18.5911 )
00000075: 16.067    (Y': 13.9086   Cb: 17.0676   Cr: 18.5694 )
00000078: 16.0603   (Y': 13.9049   Cb: 17.0575   Cr: 18.5588 )
00000077: 16.0645   (Y': 13.9129   Cb: 17.0659   Cr: 18.546  )
00000079: 16.0378   (Y': 13.8642   Cb: 17.0417   Cr: 18.5801 )
00000080: 16.023    (Y': 13.8552   Cb: 17.0487   Cr: 18.5176 )
00000081: 16.0363   (Y': 13.8727   Cb: 17.0352   Cr: 18.5563 )
00000082: 16.0136   (Y': 13.8479   Cb: 17.0149   Cr: 18.5368 )
00000083: 16.0197   (Y': 13.8469   Cb: 17.0259   Cr: 18.5566 )
00000084: 16.0169   (Y': 13.8622   Cb: 16.996    Cr: 18.5394 )
00000085: 16.0071   (Y': 13.8115   Cb: 17.0563   Cr: 18.5505 )
00000086: 16.0177   (Y': 13.812    Cb: 17.0737   Cr: 18.5823 )
00000087: 16.0116   (Y': 13.8258   Cb: 17.0535   Cr: 18.5368 )
00000088: 16.0047   (Y': 13.796    Cb: 17.0881   Cr: 18.5397 )
00000089: 16.0043   (Y': 13.812    Cb: 17.0764   Cr: 18.5063 )
00000090: 16.0501   (Y': 13.8468   Cb: 17.1051   Cr: 18.6083 )
00000092: 16.0453   (Y': 13.8323   Cb: 17.1522   Cr: 18.5604 )
00000091: 16.0582   (Y': 13.8524   Cb: 17.154    Cr: 18.5671 )
00000094: 16.15     (Y': 13.9145   Cb: 17.2899   Cr: 18.6868 )
00000093: 16.1115   (Y': 13.8749   Cb: 17.2407   Cr: 18.6661 )
00000095: 16.1971   (Y': 13.9639   Cb: 17.3551   Cr: 18.7018 )
00000096: 16.24     (Y': 13.9773   Cb: 17.4385   Cr: 18.7781 )
00000097: 16.3349   (Y': 14.0943   Cb: 17.5186   Cr: 18.8266 )
00000101: 16.7704   (Y': 14.4663   Cb: 18.1221   Cr: 19.2299 )
00000098: 16.4233   (Y': 14.161    Cb: 17.691    Cr: 18.8677 )
00000099: 16.6014   (Y': 14.3203   Cb: 17.9336   Cr: 19.0175 )
00000100: 16.6414   (Y': 14.3567   Cb: 17.9809   Cr: 19.0589 )
00000102: 16.8307   (Y': 14.5385   Cb: 18.1614   Cr: 19.2819 )
00000103: 16.8482   (Y': 14.5674   Cb: 18.2097   Cr: 19.2264 )
00000104: 16.8362   (Y': 14.5534   Cb: 18.2208   Cr: 19.1908 )
00000105: 16.9001   (Y': 14.6269   Cb: 18.2748   Cr: 19.2392 )
00000107: 16.979    (Y': 14.7449   Cb: 18.3793   Cr: 19.1763 )
00000106: 16.8816   (Y': 14.6286   Cb: 18.2591   Cr: 19.1595 )
00000109: 17.0548   (Y': 14.7942   Cb: 18.4578   Cr: 19.3229 )
00000108: 17.0258   (Y': 14.7808   Cb: 18.45     Cr: 19.2245 )
00000110: 17.0811   (Y': 14.833    Cb: 18.446    Cr: 19.3609 )
00000111: 17.057    (Y': 14.7529   Cb: 18.4843   Cr: 19.4207 )
00000112: 17.0928   (Y': 14.8182   Cb: 18.4681   Cr: 19.4356 )
00000113: 17.141    (Y': 14.8813   Cb: 18.5313   Cr: 19.4227 )
00000114: 17.1543   (Y': 14.8701   Cb: 18.5841   Cr: 19.4575 )
00000115: 17.1282   (Y': 14.8885   Cb: 18.5511   Cr: 19.3138 )
00000116: 17.14     (Y': 14.8917   Cb: 18.6029   Cr: 19.302  )
00000117: 17.2274   (Y': 15.0246   Cb: 18.617    Cr: 19.3516 )
00000118: 17.2319   (Y': 15.075    Cb: 18.583    Cr: 19.2792 )
00000119: 17.3379   (Y': 15.17     Cb: 18.6384   Cr: 19.4745 )
00000120: 17.3545   (Y': 15.1588   Cb: 18.6742   Cr: 19.5432 )
00000121: 17.3935   (Y': 15.2337   Cb: 18.6755   Cr: 19.5312 )
00000122: 17.437    (Y': 15.2634   Cb: 18.7695   Cr: 19.5505 )
00000123: 17.3245   (Y': 15.1216   Cb: 18.6765   Cr: 19.4942 )
00000124: 17.279    (Y': 15.0899   Cb: 18.5916   Cr: 19.4586 )
00000125: 17.1185   (Y': 14.9468   Cb: 18.3979   Cr: 19.2911 )
00000126: 17.0239   (Y': 14.873    Cb: 18.2839   Cr: 19.1642 )
00000127: 17.0361   (Y': 14.8178   Cb: 18.3231   Cr: 19.3287 )
00000128: 17.074    (Y': 14.8092   Cb: 18.3729   Cr: 19.4852 )
00000129: 17.1832   (Y': 14.8688   Cb: 18.5523   Cr: 19.651  )
00000130: 17.2097   (Y': 14.9039   Cb: 18.5628   Cr: 19.6723 )
00000131: 17.1927   (Y': 14.8966   Cb: 18.5651   Cr: 19.602  )
00000132: 17.1705   (Y': 14.8621   Cb: 18.5698   Cr: 19.5818 )
00000133: 17.1684   (Y': 14.8966   Cb: 18.5466   Cr: 19.4992 )
00000134: 17.1746   (Y': 14.903    Cb: 18.5625   Cr: 19.4929 )
00000135: 17.1615   (Y': 14.9253   Cb: 18.4435   Cr: 19.5111 )
00000136: 17.2354   (Y': 14.9802   Cb: 18.5307   Cr: 19.6228 )
00000137: 17.1993   (Y': 14.942    Cb: 18.5352   Cr: 19.5414 )
00000139: 17.2758   (Y': 15.0242   Cb: 18.6161   Cr: 19.5959 )
00000138: 17.2363   (Y': 14.9795   Cb: 18.5346   Cr: 19.625  )
00000140: 17.3254   (Y': 15.0988   Cb: 18.5877   Cr: 19.6727 )
00000141: 17.3996   (Y': 15.1777   Cb: 18.701    Cr: 19.6841 )
00000142: 17.4766   (Y': 15.2989   Cb: 18.7441   Cr: 19.6805 )
00000143: 17.5741   (Y': 15.398    Cb: 18.8256   Cr: 19.7933 )
00000144: 17.601    (Y': 15.4009   Cb: 18.9095   Cr: 19.8157 )
00000145: 17.649    (Y': 15.4591   Cb: 18.9581   Cr: 19.835  )
00000146: 17.7096   (Y': 15.5042   Cb: 18.9505   Cr: 20.024  )
00000147: 17.8405   (Y': 15.6032   Cb: 19.1056   Cr: 20.2155 )
00000148: 17.8518   (Y': 15.6052   Cb: 19.1031   Cr: 20.2712 )
00000149: 17.9636   (Y': 15.6903   Cb: 19.2042   Cr: 20.4769 )
00000150: 17.9784   (Y': 15.682    Cb: 19.2404   Cr: 20.5329 )
00000151: 18.065    (Y': 15.8004   Cb: 19.2661   Cr: 20.6052 )
00000152: 18.1122   (Y': 15.8461   Cb: 19.2991   Cr: 20.6765 )
00000153: 18.1882   (Y': 15.9171   Cb: 19.3995   Cr: 20.7345 )
00000154: 18.2203   (Y': 15.9499   Cb: 19.3758   Cr: 20.8411 )
00000155: 18.2678   (Y': 15.9813   Cb: 19.4827   Cr: 20.8558 )
00000157: 18.2676   (Y': 15.9782   Cb: 19.5054   Cr: 20.8337 )
00000156: 18.2464   (Y': 15.9444   Cb: 19.4715   Cr: 20.8682 )
00000158: 18.3045   (Y': 16.0267   Cb: 19.5969   Cr: 20.7626 )
00000159: 18.2864   (Y': 15.9769   Cb: 19.6272   Cr: 20.7763 )
00000160: 18.2096   (Y': 15.9299   Cb: 19.5383   Cr: 20.6265 )
00000161: 18.0986   (Y': 15.8795   Cb: 19.4206   Cr: 20.3494 )
00000162: 18.0402   (Y': 15.8392   Cb: 19.3594   Cr: 20.2441 )
00000163: 17.8849   (Y': 15.7954   Cb: 19.0334   Cr: 19.9995 )
00000164: 17.8441   (Y': 15.7972   Cb: 18.9277   Cr: 19.9293 )
00000166: 17.828    (Y': 15.7837   Cb: 18.8807   Cr: 19.9454 )
00000165: 17.8416   (Y': 15.7659   Cb: 18.9101   Cr: 20.0217 )
00000167: 17.8207   (Y': 15.7833   Cb: 18.8586   Cr: 19.9394 )
00000169: 17.7884   (Y': 15.8004   Cb: 18.8101   Cr: 19.8011 )
00000168: 17.7936   (Y': 15.7802   Cb: 18.8098   Cr: 19.8779 )
00000170: 17.7794   (Y': 15.802    Cb: 18.7549   Cr: 19.8242 )
00000172: 17.7903   (Y': 15.7965   Cb: 18.7616   Cr: 19.8816 )
00000173: 17.7456   (Y': 15.7884   Cb: 18.6725   Cr: 19.8019 )
00000171: 17.7566   (Y': 15.7354   Cb: 18.7652   Cr: 19.8706 )
00000174: 17.7425   (Y': 15.7794   Cb: 18.6165   Cr: 19.8835 )
00000175: 17.7492   (Y': 15.7617   Cb: 18.6745   Cr: 19.8847 )
00000176: 17.7126   (Y': 15.7297   Cb: 18.6371   Cr: 19.8374 )
00000177: 17.7314   (Y': 15.7611   Cb: 18.6169   Cr: 19.8754 )
00000179: 17.6482   (Y': 15.7177   Cb: 18.521    Cr: 19.7079 )
00000181: 17.5892   (Y': 15.6696   Cb: 18.4811   Cr: 19.597  )
00000178: 17.722    (Y': 15.7738   Cb: 18.5866   Cr: 19.8375 )
00000180: 17.6356   (Y': 15.6955   Cb: 18.5146   Cr: 19.7112 )
00000182: 17.5724   (Y': 15.6317   Cb: 18.4583   Cr: 19.6406 )
00000183: 17.495    (Y': 15.5238   Cb: 18.4425   Cr: 19.5601 )
00000185: 17.5358   (Y': 15.5706   Cb: 18.5757   Cr: 19.4692 )
00000184: 17.4869   (Y': 15.5041   Cb: 18.4437   Cr: 19.5692 )
00000186: 17.5511   (Y': 15.5656   Cb: 18.6247   Cr: 19.4931 )
00000187: 17.5132   (Y': 15.527    Cb: 18.5873   Cr: 19.4567 )
00000189: 17.2684   (Y': 15.3834   Cb: 18.1715   Cr: 19.178  )
00000188: 17.4286   (Y': 15.4512   Cb: 18.4851   Cr: 19.3716 )
00000190: 17.1969   (Y': 15.328    Cb: 18.0853   Cr: 19.0865 )
00000191: 17.0605   (Y': 15.1982   Cb: 17.9033   Cr: 18.9921 )
00000193: 17.001    (Y': 15.1844   Cb: 17.7072   Cr: 19.0025 )
00000192: 17.0216   (Y': 15.1897   Cb: 17.7657   Cr: 19.0094 )
00000194: 17.0132   (Y': 15.1953   Cb: 17.7215   Cr: 19.0152 )
00000196: 16.9426   (Y': 15.141    Cb: 17.564    Cr: 19.0242 )
00000197: 16.9457   (Y': 15.1661   Cb: 17.5442   Cr: 19.0061 )
00000195: 16.9453   (Y': 15.121    Cb: 17.6037   Cr: 19.0308 )
00000198: 16.9832   (Y': 15.1808   Cb: 17.6182   Cr: 19.0478 )
00000199: 16.9824   (Y': 15.1287   Cb: 17.6758   Cr: 19.0924 )
00000201: 16.968    (Y': 15.0557   Cb: 17.6792   Cr: 19.202  )
00000200: 17.0281   (Y': 15.1823   Cb: 17.6671   Cr: 19.1947 )
00000202: 17.0102   (Y': 15.1047   Cb: 17.7416   Cr: 19.1983 )
00000203: 16.971    (Y': 15.0526   Cb: 17.7394   Cr: 19.1407 )
00000204: 16.9967   (Y': 15.1029   Cb: 17.8038   Cr: 19.052  )
00000205: 16.9323   (Y': 15.0645   Cb: 17.7798   Cr: 18.871  )
00000206: 16.8038   (Y': 14.9189   Cb: 17.6969   Cr: 18.7255 )
00000209: 14.9135   (Y': 12.8479   Cb: 16.1492   Cr: 16.861  )
00000207: 14.7993   (Y': 13.0094   Cb: 15.7926   Cr: 16.3829 )
00000208: 14.7995   (Y': 12.9134   Cb: 15.873    Cr: 16.5055 )
00000210: 15.0093   (Y': 12.8706   Cb: 16.3113   Cr: 17.0664 )
00000211: 15.2718   (Y': 13.001    Cb: 16.7103   Cr: 17.5258 )
00000212: 15.4312   (Y': 13.0953   Cb: 16.9465   Cr: 17.7805 )
00000213: 15.8046   (Y': 13.3838   Cb: 17.4205   Cr: 18.2876 )
00000214: 16.0371   (Y': 13.5965   Cb: 17.681    Cr: 18.5473 )
00000215: 16.6711   (Y': 14.1691   Cb: 18.385    Cr: 19.2915 )
00000216: 17.0327   (Y': 14.4839   Cb: 18.8793   Cr: 19.6448 )
00000218: 17.6522   (Y': 15.0697   Cb: 19.5787   Cr: 20.2812 )
00000217: 17.6791   (Y': 15.0515   Cb: 19.6775   Cr: 20.3751 )
00000219: 17.6527   (Y': 15.2003   Cb: 19.3941   Cr: 20.0829 )
00000220: 17.6308   (Y': 15.267    Cb: 19.2395   Cr: 19.9503 )
00000221: 17.6366   (Y': 15.3982   Cb: 19.0773   Cr: 19.7974 )
00000222: 17.6855   (Y': 15.4934   Cb: 19.0274   Cr: 19.8377 )
00000223: 17.6651   (Y': 15.5023   Cb: 18.9927   Cr: 19.7556 )
00000224: 17.6689   (Y': 15.5252   Cb: 18.9632   Cr: 19.7484 )
00000226: 17.6696   (Y': 15.5267   Cb: 18.9669   Cr: 19.7435 )
00000225: 17.6582   (Y': 15.5155   Cb: 18.9529   Cr: 19.7349 )
00000229: 17.6606   (Y': 15.5197   Cb: 18.9454   Cr: 19.7439 )
00000227: 17.6572   (Y': 15.5126   Cb: 18.955    Cr: 19.7348 )
00000230: 17.6724   (Y': 15.528    Cb: 18.9605   Cr: 19.7611 )
00000228: 17.6723   (Y': 15.5429   Cb: 18.9546   Cr: 19.7287 )
00000231: 17.662    (Y': 15.5171   Cb: 18.959    Cr: 19.7416 )
00000232: 17.6568   (Y': 15.5113   Cb: 18.9641   Cr: 19.7254 )
00000234: 17.6569   (Y': 15.4995   Cb: 18.9671   Cr: 19.7541 )
00000233: 17.6609   (Y': 15.5103   Cb: 18.963    Cr: 19.7493 )
00000235: 17.6401   (Y': 15.4768   Cb: 18.9556   Cr: 19.7464 )
00000237: 17.6468   (Y': 15.5023   Cb: 18.9523   Cr: 19.7149 )
00000236: 17.6516   (Y': 15.5012   Cb: 18.9622   Cr: 19.7294 )
00000238: 17.6899   (Y': 15.5381   Cb: 18.978    Cr: 19.7986 )
00000239: 17.6612   (Y': 15.5185   Cb: 18.9243   Cr: 19.7756 )
00000240: 17.7179   (Y': 15.5426   Cb: 19.0093   Cr: 19.8858 )
00000241: 17.6814   (Y': 15.5235   Cb: 19.0057   Cr: 19.763  )
00000242: 17.6872   (Y': 15.5465   Cb: 19.0126   Cr: 19.7219 )
00000243: 17.6742   (Y': 15.5344   Cb: 19.0347   Cr: 19.6654 )
00000244: 17.6922   (Y': 15.5558   Cb: 19.0398   Cr: 19.6897 )
00000245: 17.6125   (Y': 15.4789   Cb: 18.9076   Cr: 19.6647 )
00000246: 17.6738   (Y': 15.4962   Cb: 19.0139   Cr: 19.7886 )
00000247: 17.6353   (Y': 15.4928   Cb: 18.9385   Cr: 19.7007 )
00000248: 17.6878   (Y': 15.5085   Cb: 18.9851   Cr: 19.8593 )
00000249: 17.6875   (Y': 15.5215   Cb: 18.978    Cr: 19.8311 )
00000250: 17.6839   (Y': 15.5038   Cb: 18.9885   Cr: 19.8486 )
00000251: 17.7073   (Y': 15.53     Cb: 19.0153   Cr: 19.8601 )
00000252: 17.5879   (Y': 15.503    Cb: 18.8961   Cr: 19.4995 )
00000253: 17.5718   (Y': 15.5112   Cb: 18.789    Cr: 19.5289 )
00000254: 17.5751   (Y': 15.502    Cb: 18.7882   Cr: 19.5686 )
00000255: 17.5946   (Y': 15.5125   Cb: 18.8436   Cr: 19.5683 )
00000257: 17.6263   (Y': 15.5215   Cb: 18.9514   Cr: 19.5688 )
00000256: 17.5805   (Y': 15.5109   Cb: 18.8658   Cr: 19.4805 )
00000258: 17.6425   (Y': 15.5221   Cb: 18.9601   Cr: 19.6337 )
00000259: 26.0646   (Y': 23.0161   Cb: 29.6659   Cr: 28.6932 )
00000260: 25.3838   (Y': 22.8561   Cb: 27.9427   Cr: 27.2175 )
00000262: 25.642    (Y': 22.954    Cb: 28.2253   Cr: 27.9231 )
00000261: 25.6388   (Y': 22.9568   Cb: 28.2234   Cr: 27.8998 )
00000263: 25.6748   (Y': 22.9688   Cb: 28.336    Cr: 27.9406 )
00000265: 25.7313   (Y': 23.0552   Cb: 28.3227   Cr: 27.968  )
00000264: 25.5568   (Y': 23.0559   Cb: 27.9037   Cr: 27.5027 )
00000266: 25.8476   (Y': 23.0844   Cb: 28.5814   Cr: 28.2304 )
00000268: 25.794    (Y': 22.9745   Cb: 28.4133   Cr: 28.479  )
00000267: 25.7141   (Y': 23.0026   Cb: 28.181    Cr: 28.1833 )
00000269: 25.8014   (Y': 23.0566   Cb: 28.3213   Cr: 28.3289 )
00000270: 25.7703   (Y': 22.956    Cb: 28.5065   Cr: 28.322  )
00000271: 25.806    (Y': 22.9814   Cb: 28.4865   Cr: 28.4479 )
00000272: 25.8091   (Y': 22.9803   Cb: 28.487    Cr: 28.4684 )
00000273: 25.5395   (Y': 22.8792   Cb: 28.2076   Cr: 27.6588 )
00000274: 25.6487   (Y': 22.9605   Cb: 28.1008   Cr: 28.0569 )
00000275: 25.6637   (Y': 22.9192   Cb: 28.1949   Cr: 28.1785 )
00000276: 25.9348   (Y': 23.2423   Cb: 28.4886   Cr: 28.2576 )
00000277: 16.5336   (Y': 14.3275   Cb: 17.8277   Cr: 18.7829 )
00000279: 16.0517   (Y': 14.065    Cb: 17.0471   Cr: 18.0947 )
00000278: 16.3126   (Y': 14.1782   Cb: 17.4969   Cr: 18.5025 )
00000280: 15.9508   (Y': 13.9461   Cb: 16.9597   Cr: 18.0218 )
00000281: 15.7205   (Y': 13.6727   Cb: 16.7617   Cr: 17.8618 )
00000282: 15.6071   (Y': 13.5405   Cb: 16.6793   Cr: 17.7584 )
00000283: 15.4514   (Y': 13.3069   Cb: 16.6927   Cr: 17.5976 )
00000284: 15.3955   (Y': 13.2059   Cb: 16.7529   Cr: 17.5225 )
00000285: 15.5137   (Y': 13.2523   Cb: 17.1779   Cr: 17.4856 )
00000286: 15.6366   (Y': 13.2919   Cb: 17.5652   Cr: 17.5561 )
00000287: 15.7939   (Y': 13.2984   Cb: 17.821    Cr: 18.0379 )
00000288: 15.8663   (Y': 13.3775   Cb: 17.738    Cr: 18.2588 )
00000289: 16.3027   (Y': 13.6367   Cb: 18.2342   Cr: 19.2145 )
00000290: 16.4819   (Y': 13.6999   Cb: 18.5955   Cr: 19.5999 )
00000291: 16.6046   (Y': 13.6583   Cb: 19.0247   Cr: 20.0107 )
00000292: 16.8826   (Y': 13.8465   Cb: 19.462    Cr: 20.4882 )
00000293: 18.0044   (Y': 14.7851   Cb: 21.0454   Cr: 21.9306 )
00000294: 19.1732   (Y': 15.8637   Cb: 22.4407   Cr: 23.3058 )
00000295: 27.8045   (Y': 23.2486   Cb: 39.4185   Cr: 38.9867 )
00000297: INF       (Y': INF       Cb: INF       Cr: INF     )
00000296: INF       (Y': INF       Cb: INF       Cr: INF     )
00000300: INF       (Y': INF       Cb: INF       Cr: INF     )
00000298: INF       (Y': INF       Cb: INF       Cr: INF     )
00000299: INF       (Y': INF       Cb: INF       Cr: INF     )
00000301: INF       (Y': INF       Cb: INF       Cr: INF     )
00000302: INF       (Y': INF       Cb: INF       Cr: INF     )
00000303: INF       (Y': INF       Cb: INF       Cr: INF     )
00000304: INF       (Y': INF       Cb: INF       Cr: INF     )
00000305: INF       (Y': INF       Cb: INF       Cr: INF     )
00000306: INF       (Y': INF       Cb: INF       Cr: INF     )
00000307: INF       (Y': INF       Cb: INF       Cr: INF     )
00000308: INF       (Y': INF       Cb: INF       Cr: INF     )
00000309: INF       (Y': INF       Cb: INF       Cr: INF     )
00000310: INF       (Y': INF       Cb: INF       Cr: INF     )
00000311: INF       (Y': INF       Cb: INF       Cr: INF     )
00000312: INF       (Y': INF       Cb: INF       Cr: INF     )
00000313: INF       (Y': INF       Cb: INF       Cr: INF     )
00000314: INF       (Y': INF       Cb: INF       Cr: INF     )
00000315: INF       (Y': INF       Cb: INF       Cr: INF     )
00000316: INF       (Y': INF       Cb: INF       Cr: INF     )
00000317: INF       (Y': INF       Cb: INF       Cr: INF     )
00000318: INF       (Y': INF       Cb: INF       Cr: INF     )
00000319: INF       (Y': INF       Cb: INF       Cr: INF     )
00000320: INF       (Y': INF       Cb: INF       Cr: INF     )
00000321: INF       (Y': INF       Cb: INF       Cr: INF     )
00000323: INF       (Y': INF       Cb: INF       Cr: INF     )
00000322: INF       (Y': INF       Cb: INF       Cr: INF     )
00000324: INF       (Y': INF       Cb: INF       Cr: INF     )
00000325: INF       (Y': INF       Cb: INF       Cr: INF     )
00000326: INF       (Y': INF       Cb: INF       Cr: INF     )
00000327: INF       (Y': INF       Cb: INF       Cr: INF     )
00000328: INF       (Y': INF       Cb: INF       Cr: INF     )
00000329: INF       (Y': INF       Cb: INF       Cr: INF     )
00000331: INF       (Y': INF       Cb: INF       Cr: INF     )
00000330: INF       (Y': INF       Cb: INF       Cr: INF     )
00000332: INF       (Y': INF       Cb: INF       Cr: INF     )
00000333: INF       (Y': INF       Cb: INF       Cr: INF     )
00000335: INF       (Y': INF       Cb: INF       Cr: INF     )
00000334: INF       (Y': INF       Cb: INF       Cr: INF     )
00000336: INF       (Y': INF       Cb: INF       Cr: INF     )
00000337: INF       (Y': INF       Cb: INF       Cr: INF     )
00000339: INF       (Y': INF       Cb: INF       Cr: INF     )
00000338: INF       (Y': INF       Cb: INF       Cr: INF     )
00000340: 23.958    (Y': 20.2856   Cb: 28.1672   Cr: 29.3148 )
00000341: 16.8406   (Y': 14.3431   Cb: 18.5857   Cr: 19.4086 )
00000342: 15.8478   (Y': 13.5855   Cb: 17.2239   Cr: 18.1542 )
00000343: 15.4878   (Y': 13.336    Cb: 16.6798   Cr: 17.7153 )
00000345: 14.7921   (Y': 13.1406   Cb: 15.4026   Cr: 16.5416 )
00000346: 14.6766   (Y': 13.1115   Cb: 15.1824   Cr: 16.3767 )
00000344: 14.9713   (Y': 13.151    Cb: 15.7546   Cr: 16.88   )
00000347: 14.6606   (Y': 13.1265   Cb: 15.1348   Cr: 16.3368 )
00000348: 14.573    (Y': 13.0949   Cb: 14.9796   Cr: 16.2228 )
00000349: 14.5521   (Y': 13.0956   Cb: 14.9448   Cr: 16.176  )
00000351: 14.469    (Y': 13.0761   Cb: 14.7894   Cr: 16.0618 )
00000350: 14.4831   (Y': 13.0775   Cb: 14.8193   Cr: 16.0799 )
00000352: 14.4466   (Y': 13.073    Cb: 14.7669   Cr: 16.0011 )
00000354: 14.4334   (Y': 13.0868   Cb: 14.7201   Cr: 15.9804 )
00000353: 14.4304   (Y': 13.058    Cb: 14.7438   Cr: 15.9917 )
00000356: 14.393    (Y': 13.0772   Cb: 14.6542   Cr: 15.9141 )
00000355: 14.4132   (Y': 13.0701   Cb: 14.7023   Cr: 15.9501 )
00000357: 14.3884   (Y': 13.0851   Cb: 14.6388   Cr: 15.9002 )
00000360: 14.3796   (Y': 13.0972   Cb: 14.5964   Cr: 15.8965 )
00000358: 14.3849   (Y': 13.0906   Cb: 14.6313   Cr: 15.885  )
00000359: 14.3825   (Y': 13.0929   Cb: 14.6042   Cr: 15.9065 )
00000361: 14.3948   (Y': 13.1302   Cb: 14.5918   Cr: 15.9046 )
00000362: 14.3848   (Y': 13.1422   Cb: 14.5762   Cr: 15.8607 )
00000363: 14.388    (Y': 13.1401   Cb: 14.5818   Cr: 15.8708 )
00000364: 14.3832   (Y': 13.1406   Cb: 14.5769   Cr: 15.8562 )
00000365: 14.3981   (Y': 13.1571   Cb: 14.5866   Cr: 15.8749 )
00000368: 14.397    (Y': 13.1568   Cb: 14.595    Cr: 15.8599 )
00000367: 14.3879   (Y': 13.131    Cb: 14.5947   Cr: 15.8699 )
00000366: 14.3837   (Y': 13.1266   Cb: 14.5907   Cr: 15.8661 )
00000369: 14.3826   (Y': 13.142    Cb: 14.5851   Cr: 15.8399 )
00000370: 14.3762   (Y': 13.1238   Cb: 14.5727   Cr: 15.864  )
00000371: 14.3859   (Y': 13.1324   Cb: 14.5819   Cr: 15.8762 )
00000372: 14.394    (Y': 13.1564   Cb: 14.5739   Cr: 15.8762 )
00000373: 14.38     (Y': 13.1204   Cb: 14.5747   Cr: 15.8835 )
00000376: 14.4497   (Y': 13.1988   Cb: 14.6322   Cr: 15.9535 )
00000375: 14.4162   (Y': 13.1757   Cb: 14.5943   Cr: 15.9063 )
00000374: 14.4046   (Y': 13.1598   Cb: 14.5887   Cr: 15.8944 )
00000377: 14.4544   (Y': 13.2013   Cb: 14.6502   Cr: 15.9441 )
00000378: 14.457    (Y': 13.2058   Cb: 14.6613   Cr: 15.9319 )
00000379: 14.4458   (Y': 13.1983   Cb: 14.6498   Cr: 15.9143 )
00000380: 14.4215   (Y': 13.1764   Cb: 14.6191   Cr: 15.8942 )
00000381: 14.4009   (Y': 13.1607   Cb: 14.5947   Cr: 15.8694 )
00000382: 14.4278   (Y': 13.2006   Cb: 14.6017   Cr: 15.8985 )
00000383: 14.4615   (Y': 13.2293   Cb: 14.6351   Cr: 15.942  )
00000384: 14.465    (Y': 13.2144   Cb: 14.6528   Cr: 15.9608 )
00000385: 14.4719   (Y': 13.2267   Cb: 14.6502   Cr: 15.9707 )
00000386: 14.4544   (Y': 13.2042   Cb: 14.6315   Cr: 15.9641 )
00000387: 14.4373   (Y': 13.1775   Cb: 14.6359   Cr: 15.9361 )
00000388: 14.4376   (Y': 13.187    Cb: 14.618    Cr: 15.9436 )
00000389: 14.4373   (Y': 13.2018   Cb: 14.6125   Cr: 15.9219 )
00000390: 14.4241   (Y': 13.1752   Cb: 14.612    Cr: 15.9169 )
00000391: 14.4432   (Y': 13.2032   Cb: 14.6199   Cr: 15.9343 )
00000392: 14.4473   (Y': 13.2087   Cb: 14.6139   Cr: 15.9494 )
00000394: 14.4583   (Y': 13.1746   Cb: 14.6776   Cr: 15.9743 )
00000393: 14.4542   (Y': 13.218    Cb: 14.6138   Cr: 15.9614 )
00000395: 14.466    (Y': 13.198    Cb: 14.6639   Cr: 15.9809 )
00000396: 14.4561   (Y': 13.1983   Cb: 14.6556   Cr: 15.9499 )
00000397: 14.4426   (Y': 13.1859   Cb: 14.6369   Cr: 15.9412 )
00000400: 14.746    (Y': 13.4951   Cb: 14.978    Cr: 16.1834 )
00000402: 14.9869   (Y': 13.7257   Cb: 15.2364   Cr: 16.4203 )
00000401: 14.908    (Y': 13.6809   Cb: 15.132    Cr: 16.312  )
00000399: 14.4673   (Y': 13.197    Cb: 14.6649   Cr: 15.9871 )
00000398: 14.4667   (Y': 13.1979   Cb: 14.675    Cr: 15.9691 )
00000403: 15.053    (Y': 13.8065   Cb: 15.2981   Cr: 16.4652 )
00000404: 15.1472   (Y': 13.8743   Cb: 15.4251   Cr: 16.5652 )
00000405: 15.1754   (Y': 13.8994   Cb: 15.4757   Cr: 16.5704 )
00000407: 15.3022   (Y': 14.0123   Cb: 15.5929   Cr: 16.7356 )
00000406: 15.2848   (Y': 13.9964   Cb: 15.5821   Cr: 16.7065 )
00000408: 15.3763   (Y': 14.1084   Cb: 15.6557   Cr: 16.7834 )
00000410: 15.4712   (Y': 14.224    Cb: 15.7556   Cr: 16.8336 )
00000409: 15.4146   (Y': 14.1666   Cb: 15.6753   Cr: 16.8092 )
00000412: 15.5561   (Y': 14.3131   Cb: 15.858    Cr: 16.8886 )
00000411: 15.4779   (Y': 14.2326   Cb: 15.7693   Cr: 16.8278 )
00000413: 15.5743   (Y': 14.3541   Cb: 15.8597   Cr: 16.8867 )
00000416: 15.62     (Y': 14.4277   Cb: 15.8717   Cr: 16.9256 )
00000414: 15.6135   (Y': 14.4108   Cb: 15.8553   Cr: 16.95   )
00000415: 15.5937   (Y': 14.3659   Cb: 15.8655   Cr: 16.9374 )
00000418: 15.6407   (Y': 14.4659   Cb: 15.8685   Cr: 16.9455 )
00000417: 15.6245   (Y': 14.427    Cb: 15.8878   Cr: 16.9245 )
00000420: 15.7166   (Y': 14.5651   Cb: 15.9375   Cr: 16.9893 )
00000419: 15.6804   (Y': 14.5067   Cb: 15.9023   Cr: 16.9909 )
00000421: 15.727    (Y': 14.5693   Cb: 15.9236   Cr: 17.0419 )
00000422: 15.7841   (Y': 14.6688   Cb: 15.9516   Cr: 17.0622 )
00000423: 15.8038   (Y': 14.7296   Cb: 15.9437   Cr: 17.047  )
00000425: 15.8224   (Y': 14.777    Cb: 15.9482   Cr: 17.0348 )
00000424: 15.8299   (Y': 14.7718   Cb: 15.9478   Cr: 17.074  )
00000426: 15.8889   (Y': 14.854    Cb: 15.9801   Cr: 17.1286 )
00000428: 15.9946   (Y': 14.9167   Cb: 16.1179   Cr: 17.2655 )
00000427: 15.9406   (Y': 14.9126   Cb: 16.0361   Cr: 17.1632 )
00000429: 16.0398   (Y': 14.993    Cb: 16.1369   Cr: 17.2918 )
00000430: 16.103    (Y': 15.0545   Cb: 16.2094   Cr: 17.3457 )
00000431: 16.0629   (Y': 14.9956   Cb: 16.1661   Cr: 17.3421 )
00000433: 16.116    (Y': 15.0154   Cb: 16.2303   Cr: 17.4382 )
00000432: 16.0995   (Y': 15.04     Cb: 16.1811   Cr: 17.3934 )
00000434: 16.1237   (Y': 15.0731   Cb: 16.2127   Cr: 17.3929 )
00000435: 16.1363   (Y': 15.0955   Cb: 16.2161   Cr: 17.4009 )
00000436: 16.0809   (Y': 15.1053   Cb: 16.1312   Cr: 17.2749 )
00000438: 16.0782   (Y': 15.1275   Cb: 16.1337   Cr: 17.2249 )
00000437: 16.1294   (Y': 15.1972   Cb: 16.1624   Cr: 17.2749 )
00000440: 16.1765   (Y': 15.258    Cb: 16.2105   Cr: 17.2986 )
00000441: 16.1256   (Y': 15.2051   Cb: 16.1557   Cr: 17.256  )
00000439: 16.1243   (Y': 15.1822   Cb: 16.1908   Cr: 17.2429 )
00000442: 16.0861   (Y': 15.1523   Cb: 16.1334   Cr: 17.2157 )
00000443: 16.109    (Y': 15.1842   Cb: 16.1141   Cr: 17.2789 )
00000444: 16.0828   (Y': 15.1594   Cb: 16.0796   Cr: 17.2613 )
00000445: 16.0937   (Y': 15.1831   Cb: 16.0639   Cr: 17.2866 )
00000446: 16.067    (Y': 15.1353   Cb: 16.0683   Cr: 17.2531 )
00000447: 16.1117   (Y': 15.1707   Cb: 16.1161   Cr: 17.3089 )
00000450: 16.164    (Y': 15.1631   Cb: 16.2154   Cr: 17.3984 )
00000448: 16.1696   (Y': 15.2158   Cb: 16.1853   Cr: 17.3729 )
00000451: 16.1609   (Y': 15.1965   Cb: 16.2027   Cr: 17.3474 )
00000449: 16.1724   (Y': 15.1731   Cb: 16.2252   Cr: 17.4025 )
00000452: 16.1608   (Y': 15.1416   Cb: 16.2443   Cr: 17.3838 )
00000454: 16.2151   (Y': 15.2657   Cb: 16.272    Cr: 17.3576 )
00000453: 16.1951   (Y': 15.1622   Cb: 16.3104   Cr: 17.4    )
00000455: 16.2342   (Y': 15.2571   Cb: 16.3217   Cr: 17.3826 )
00000456: 16.2184   (Y': 15.235    Cb: 16.3507   Cr: 17.3206 )
00000458: 16.268    (Y': 15.2779   Cb: 16.407    Cr: 17.3727 )
00000459: 16.2754   (Y': 15.2839   Cb: 16.4141   Cr: 17.3827 )
00000457: 16.2838   (Y': 15.3079   Cb: 16.4109   Cr: 17.3802 )
00000461: 16.3006   (Y': 15.304    Cb: 16.4208   Cr: 17.4392 )
00000460: 16.3073   (Y': 15.3003   Cb: 16.4542   Cr: 17.4293 )
00000462: 16.2597   (Y': 15.2081   Cb: 16.4322   Cr: 17.423  )
00000463: 16.2424   (Y': 15.1645   Cb: 16.4696   Cr: 17.3815 )
00000464: 16.1644   (Y': 14.9248   Cb: 16.5086   Cr: 17.4377 )
00000465: 16.1598   (Y': 14.9009   Cb: 16.5531   Cr: 17.4075 )
00000466: 16.0995   (Y': 14.8718   Cb: 16.4763   Cr: 17.312  )
00000468: 16.0412   (Y': 14.794    Cb: 16.4434   Cr: 17.2571 )
00000467: 16.0676   (Y': 14.8388   Cb: 16.4644   Cr: 17.2577 )
00000470: 15.9674   (Y': 14.6946   Cb: 16.3822   Cr: 17.2137 )
00000471: 15.9285   (Y': 14.684    Cb: 16.3296   Cr: 17.1412 )
00000469: 15.9722   (Y': 14.7533   Cb: 16.3143   Cr: 17.2116 )
00000472: 15.814    (Y': 14.6058   Cb: 16.1981   Cr: 16.9834 )
00000473: 15.8301   (Y': 14.6562   Cb: 16.1984   Cr: 16.9598 )
00000475: 15.8412   (Y': 14.6779   Cb: 16.2585   Cr: 16.8956 )
00000476: 15.8864   (Y': 14.7851   Cb: 16.2885   Cr: 16.8565 )
00000474: 15.8325   (Y': 14.6651   Cb: 16.2163   Cr: 16.9327 )
00000477: 15.8583   (Y': 14.8338   Cb: 16.2362   Cr: 16.7344 )
00000478: 15.6845   (Y': 14.4777   Cb: 16.1806   Cr: 16.7212 )
00000479: 15.6638   (Y': 14.4718   Cb: 16.1971   Cr: 16.6343 )
00000481: 15.4664   (Y': 14.133    Cb: 16.1223   Cr: 16.5412 )
00000480: 15.6798   (Y': 14.5666   Cb: 16.1206   Cr: 16.6254 )
00000482: 15.8426   (Y': 14.8182   Cb: 16.2584   Cr: 16.6765 )
00000484: 15.9891   (Y': 14.9175   Cb: 16.4539   Cr: 16.8424 )
00000486: 15.9304   (Y': 14.9556   Cb: 16.2407   Cr: 16.8066 )
00000483: 15.8808   (Y': 14.8323   Cb: 16.3399   Cr: 16.7044 )
00000487: 15.8902   (Y': 14.9761   Cb: 16.1379   Cr: 16.746  )
00000485: 15.9874   (Y': 14.8956   Cb: 16.4398   Cr: 16.8859 )
00000488: 15.8903   (Y': 15.0287   Cb: 16.0678   Cr: 16.7489 )
00000489: 15.9034   (Y': 15.058    Cb: 16.0791   Cr: 16.74   )
00000490: 15.9116   (Y': 15.0637   Cb: 16.0147   Cr: 16.8381 )
00000491: 16.0003   (Y': 15.101    Cb: 16.1685   Cr: 16.9265 )
00000492: 16.0028   (Y': 15.1873   Cb: 16.1207   Cr: 16.8637 )
00000495: 16.0098   (Y': 15.1181   Cb: 16.1904   Cr: 16.9101 )
00000494: 16.0233   (Y': 15.1755   Cb: 16.1599   Cr: 16.9098 )
00000496: 15.9482   (Y': 14.9931   Cb: 16.1706   Cr: 16.8961 )
00000493: 16.0327   (Y': 15.2295   Cb: 16.1191   Cr: 16.913  )
00000498: 16.0182   (Y': 14.887    Cb: 16.3768   Cr: 17.0877 )
00000497: 15.9186   (Y': 14.879    Cb: 16.1855   Cr: 16.947  )
00000499: 16.0328   (Y': 14.9061   Cb: 16.4492   Cr: 17.0278 )
00000500: 16.0289   (Y': 14.8761   Cb: 16.5049   Cr: 16.9993 )
00000501: 15.9912   (Y': 14.8439   Cb: 16.4779   Cr: 16.9404 )
00000503: 16.0139   (Y': 14.9157   Cb: 16.3821   Cr: 17.0183 )
00000502: 15.9852   (Y': 14.8742   Cb: 16.3919   Cr: 16.966  )
00000505: 16.0647   (Y': 15.0634   Cb: 16.3888   Cr: 16.9661 )
00000506: 16.0041   (Y': 15.1005   Cb: 16.232    Cr: 16.8666 )
00000504: 16.0491   (Y': 15.0549   Cb: 16.3449   Cr: 16.9719 )
00000507: 16.0131   (Y': 15.1234   Cb: 16.2224   Cr: 16.8766 )
00000508: 16.0203   (Y': 15.1227   Cb: 16.2267   Cr: 16.8991 )
00000509: 16.0327   (Y': 15.1364   Cb: 16.2343   Cr: 16.9151 )
00000510: 15.9921   (Y': 15.0694   Cb: 16.2188   Cr: 16.8853 )
00000512: 15.9085   (Y': 14.89     Cb: 16.1536   Cr: 16.9291 )
00000513: 15.8983   (Y': 14.9371   Cb: 16.1048   Cr: 16.8744 )
00000514: 15.8764   (Y': 14.9576   Cb: 16.0277   Cr: 16.853  )
00000511: 15.9524   (Y': 14.9693   Cb: 16.2095   Cr: 16.9027 )
00000515: 15.8712   (Y': 14.9384   Cb: 16.008    Cr: 16.8872 )
00000516: 15.9353   (Y': 15.0126   Cb: 16.0746   Cr: 16.9326 )
00000517: 15.9684   (Y': 15.0375   Cb: 16.1128   Cr: 16.9724 )
00000518: 15.9389   (Y': 14.9567   Cb: 16.1175   Cr: 16.9816 )
00000519: 15.9774   (Y': 14.9779   Cb: 16.1814   Cr: 17.017  )
00000520: 16.0513   (Y': 15.025    Cb: 16.3102   Cr: 17.0679 )
00000521: 16.0856   (Y': 15.0139   Cb: 16.364    Cr: 17.1524 )
00000522: 16.0065   (Y': 14.9331   Cb: 16.2716   Cr: 17.0919 )
00000523: 15.9416   (Y': 14.8605   Cb: 16.2292   Cr: 17.0126 )
00000524: 15.8843   (Y': 14.7723   Cb: 16.1735   Cr: 17.0047 )
00000525: 15.9145   (Y': 14.8152   Cb: 16.1698   Cr: 17.0551 )
00000527: 16.0096   (Y': 15.0114   Cb: 16.1362   Cr: 17.1427 )
00000526: 15.9266   (Y': 14.8568   Cb: 16.1022   Cr: 17.1168 )
00000528: 16.1462   (Y': 15.073    Cb: 16.326    Cr: 17.3366 )
00000529: 16.1584   (Y': 15.0666   Cb: 16.3413   Cr: 17.3765 )
00000531: 16.0288   (Y': 14.9804   Cb: 16.1468   Cr: 17.2564 )
00000530: 16.0396   (Y': 14.9651   Cb: 16.1787   Cr: 17.2845 )
00000532: 16.0413   (Y': 15.026    Cb: 16.1146   Cr: 17.2712 )
00000533: 16.0029   (Y': 14.9985   Cb: 16.0715   Cr: 17.2207 )
00000534: 15.9363   (Y': 14.9583   Cb: 15.9482   Cr: 17.1846 )
00000536: 15.9237   (Y': 15.0538   Cb: 15.8515   Cr: 17.1073 )
00000535: 15.9385   (Y': 15        Cb: 15.9355   Cr: 17.1415 )
00000537: 15.9297   (Y': 15.0992   Cb: 15.846    Cr: 17.0661 )
00000538: 15.9769   (Y': 15.0844   Cb: 15.911    Cr: 17.1883 )
00000540: 15.9175   (Y': 14.9739   Cb: 15.8973   Cr: 17.1515 )
00000539: 16.0044   (Y': 15.1225   Cb: 15.9808   Cr: 17.1431 )
00000541: 15.9305   (Y': 14.9555   Cb: 15.9541   Cr: 17.1587 )
00000542: 15.9124   (Y': 14.919    Cb: 15.9708   Cr: 17.1253 )
00000544: 15.935    (Y': 14.9755   Cb: 15.9519   Cr: 17.146  )
00000545: 15.9367   (Y': 14.9988   Cb: 15.9444   Cr: 17.1243 )
00000546: 15.9285   (Y': 15.0869   Cb: 15.8834   Cr: 17.0314 )
00000547: 15.9288   (Y': 15.0952   Cb: 15.88     Cr: 17.0241 )
00000548: 15.901    (Y': 15.0583   Cb: 15.8331   Cr: 17.0356 )
00000543: 15.9034   (Y': 14.9691   Cb: 15.9112   Cr: 17.0852 )
00000549: 15.8187   (Y': 15.0238   Cb: 15.7213   Cr: 16.9172 )
00000550: 15.8421   (Y': 15.0849   Cb: 15.7256   Cr: 16.9082 )
00000551: 15.8375   (Y': 15.1407   Cb: 15.684    Cr: 16.8611 )
00000552: 15.815    (Y': 15.1826   Cb: 15.6216   Cr: 16.7967 )
00000553: 15.8394   (Y': 15.2338   Cb: 15.6233   Cr: 16.8122 )
00000554: 16.0036   (Y': 15.6008   Cb: 15.7932   Cr: 16.6932 )
00000555: 16.078    (Y': 15.7042   Cb: 15.9138   Cr: 16.6749 )
00000557: 15.9701   (Y': 15.4501   Cb: 15.9517   Cr: 16.582  )
00000558: 15.9452   (Y': 15.2499   Cb: 16.026    Cr: 16.6777 )
00000559: 15.8771   (Y': 15.1385   Cb: 15.9222   Cr: 16.713  )
00000556: 15.9975   (Y': 15.5434   Cb: 15.9362   Cr: 16.5747 )
00000560: 15.8303   (Y': 15.1475   Cb: 15.7777   Cr: 16.7049 )
00000562: 16.0001   (Y': 15.4303   Cb: 15.9636   Cr: 16.6988 )
00000563: 15.4671   (Y': 14.2758   Cb: 15.8346   Cr: 16.6275 )
00000564: 15.5642   (Y': 14.7207   Cb: 15.6146   Cr: 16.5484 )
00000561: 15.9456   (Y': 15.2513   Cb: 15.9644   Cr: 16.7498 )
00000565: 15.665    (Y': 15.1154   Cb: 15.474    Cr: 16.5264 )
00000566: 15.8118   (Y': 15.7018   Cb: 15.3534   Cr: 16.4514 )
00000567: 15.9922   (Y': 15.943    Cb: 15.4259   Cr: 16.7013 )
00000569: 16.0568   (Y': 15.7151   Cb: 15.5      Cr: 17.1284 )
00000568: 16.0477   (Y': 15.7996   Cb: 15.4911   Cr: 16.9926 )
00000570: 15.9946   (Y': 15.5094   Cb: 15.558    Cr: 17.0959 )
00000571: 15.9536   (Y': 15.4385   Cb: 15.5218   Cr: 17.0913 )
00000573: 15.858    (Y': 15.1269   Cb: 15.5608   Cr: 17.1317 )
00000572: 15.8934   (Y': 15.1724   Cb: 15.6032   Cr: 17.1408 )
00000575: 15.9548   (Y': 15.1345   Cb: 15.7364   Cr: 17.2592 )
00000574: 15.9061   (Y': 15.1517   Cb: 15.6307   Cr: 17.1856 )
00000577: 16.073    (Y': 15.2962   Cb: 15.8493   Cr: 17.3149 )
00000578: 16.2556   (Y': 15.4868   Cb: 16.0168   Cr: 17.5061 )
00000576: 15.9963   (Y': 15.2348   Cb: 15.7584   Cr: 17.234  )
00000579: 16.2894   (Y': 15.5436   Cb: 16.0341   Cr: 17.5265 )
00000580: 16.3046   (Y': 15.6062   Cb: 16.0188   Cr: 17.5108 )
00000582: 16.2348   (Y': 15.4708   Cb: 15.9798   Cr: 17.5006 )
00000581: 16.3025   (Y': 15.6455   Cb: 16.0063   Cr: 17.4597 )
00000584: 16.2106   (Y': 15.3832   Cb: 16.0105   Cr: 17.5011 )
00000583: 16.2093   (Y': 15.4117   Cb: 15.9949   Cr: 17.4716 )
00000585: 16.1794   (Y': 15.2415   Cb: 16.0776   Cr: 17.5149 )
00000587: 16.0733   (Y': 14.9615   Cb: 16.0763   Cr: 17.5674 )
00000588: 15.841    (Y': 14.7051   Cb: 15.8496   Cr: 17.3712 )
00000586: 16.063    (Y': 14.9441   Cb: 16.0823   Cr: 17.547  )
00000589: 15.8014   (Y': 14.6319   Cb: 15.8311   Cr: 17.364  )
00000590: 16.4307   (Y': 15.9205   Cb: 16.0313   Cr: 17.5153 )
00000591: 16.422    (Y': 15.8782   Cb: 16.0471   Cr: 17.5208 )
00000592: 16.5563   (Y': 15.8866   Cb: 16.3037   Cr: 17.6721 )
00000593: 16.5603   (Y': 15.857    Cb: 16.358    Cr: 17.6588 )
00000594: 16.6913   (Y': 15.9084   Cb: 16.5635   Cr: 17.812  )
00000596: 16.7166   (Y': 16.064    Cb: 16.5005   Cr: 17.7576 )
00000595: 16.7641   (Y': 16.0969   Cb: 16.5756   Cr: 17.7901 )
00000598: 16.4933   (Y': 15.5035   Cb: 16.4646   Cr: 17.8164 )
00000597: 16.7468   (Y': 16.1109   Cb: 16.506    Cr: 17.7963 )
00000600: 16.4161   (Y': 15.2607   Cb: 16.4835   Cr: 17.8996 )
00000599: 16.463    (Y': 15.4442   Cb: 16.4411   Cr: 17.8264 )
00000601: 16.3612   (Y': 15.1794   Cb: 16.4398   Cr: 17.8779 )
00000602: 16.2378   (Y': 15.0396   Cb: 16.3446   Cr: 17.7462 )
00000603: 16.724    (Y': 16.0444   Cb: 16.462    Cr: 17.8678 )
00000604: 16.9016   (Y': 16.3444   Cb: 16.5969   Cr: 17.9231 )
00000605: 16.8565   (Y': 16.2515   Cb: 16.5946   Cr: 17.8893 )
00000607: 16.6381   (Y': 15.8394   Cb: 16.4657   Cr: 17.8436 )
00000608: 16.7294   (Y': 15.7274   Cb: 16.7262   Cr: 18.0387 )
00000609: 16.6608   (Y': 15.778    Cb: 16.5621   Cr: 17.9011 )
00000606: 16.7056   (Y': 15.9496   Cb: 16.5086   Cr: 17.8779 )
00000610: 16.7122   (Y': 15.8276   Cb: 16.6228   Cr: 17.9425 )
00000612: 16.6526   (Y': 15.7398   Cb: 16.6145   Cr: 17.8603 )
00000614: 16.5819   (Y': 15.6095   Cb: 16.5673   Cr: 17.8566 )
00000611: 16.6723   (Y': 15.7679   Cb: 16.6229   Cr: 17.8812 )
00000613: 16.6947   (Y': 15.7564   Cb: 16.6643   Cr: 17.9333 )
00000615: 16.5713   (Y': 15.5859   Cb: 16.5555   Cr: 17.8693 )
00000616: 16.658    (Y': 15.71     Cb: 16.6016   Cr: 17.9483 )
00000618: 16.5406   (Y': 15.6961   Cb: 16.3867   Cr: 17.7943 )
00000617: 16.554    (Y': 15.6479   Cb: 16.453    Cr: 17.8353 )
00000619: 16.4811   (Y': 15.6521   Cb: 16.317    Cr: 17.7234 )
00000620: 16.3532   (Y': 15.6126   Cb: 16.1513   Cr: 17.5083 )
00000621: 16.3668   (Y': 15.6303   Cb: 16.1788   Cr: 17.4966 )
00000623: 16.4115   (Y': 15.6259   Cb: 16.2282   Cr: 17.6115 )
00000622: 16.3736   (Y': 15.6047   Cb: 16.1625   Cr: 17.5857 )
00000624: 16.5013   (Y': 15.7806   Cb: 16.2569   Cr: 17.6839 )
00000625: 16.5089   (Y': 15.7514   Cb: 16.3198   Cr: 17.6724 )
00000626: 16.5484   (Y': 15.862    Cb: 16.3444   Cr: 17.6236 )
00000627: 16.6246   (Y': 15.7823   Cb: 16.518    Cr: 17.8102 )
00000629: 16.6567   (Y': 15.7745   Cb: 16.6178   Cr: 17.8159 )
00000628: 16.6328   (Y': 15.7721   Cb: 16.5488   Cr: 17.8172 )
00000632: 16.7869   (Y': 15.7799   Cb: 16.768    Cr: 18.1258 )
00000631: 16.7693   (Y': 15.7278   Cb: 16.8      Cr: 18.1005 )
00000630: 16.7655   (Y': 15.7136   Cb: 16.8289   Cr: 18.0707 )
00000633: 16.7395   (Y': 15.7203   Cb: 16.7023   Cr: 18.1247 )
00000634: 16.7089   (Y': 15.7201   Cb: 16.616    Cr: 18.1191 )
00000635: 16.6782   (Y': 15.6775   Cb: 16.5677   Cr: 18.1344 )
00000636: 16.655    (Y': 15.6757   Cb: 16.5055   Cr: 18.13   )
00000637: 16.6666   (Y': 15.6143   Cb: 16.577    Cr: 18.1846 )
00000638: 16.7146   (Y': 15.6098   Cb: 16.6662   Cr: 18.2694 )
00000639: 16.7894   (Y': 15.7572   Cb: 16.7352   Cr: 18.2214 )
00000640: 16.8746   (Y': 15.7626   Cb: 16.978    Cr: 18.2312 )
00000641: 16.8644   (Y': 15.721    Cb: 17.0111   Cr: 18.2191 )
00000642: 16.8721   (Y': 15.7432   Cb: 16.9051   Cr: 18.3551 )
00000643: 16.8959   (Y': 15.6531   Cb: 17.0423   Cr: 18.4337 )
00000644: 16.9673   (Y': 15.721    Cb: 17.0783   Cr: 18.5611 )
00000645: 17.0485   (Y': 15.7494   Cb: 17.2417   Cr: 18.6298 )
00000646: 16.9521   (Y': 15.6893   Cb: 17.0821   Cr: 18.5507 )
00000647: 16.9614   (Y': 15.6884   Cb: 17.1064   Cr: 18.5591 )
00000648: 17.0201   (Y': 15.7011   Cb: 17.1585   Cr: 18.7174 )
00000649: 17.0262   (Y': 15.6985   Cb: 17.1374   Cr: 18.7805 )
00000650: 17.1849   (Y': 15.7501   Cb: 17.3681   Cr: 19.0567 )
00000651: 17.2639   (Y': 15.7754   Cb: 17.4985   Cr: 19.1764 )
00000652: 17.2397   (Y': 15.7333   Cb: 17.4989   Cr: 19.1553 )
00000653: 17.1938   (Y': 15.7304   Cb: 17.4116   Cr: 19.0765 )
00000654: 16.9931   (Y': 15.6014   Cb: 17.1054   Cr: 18.8788 )
00000655: 16.9651   (Y': 15.5768   Cb: 17.0436   Cr: 18.8949 )
00000657: 16.9727   (Y': 15.6896   Cb: 16.9953   Cr: 18.7674 )
00000656: 16.9275   (Y': 15.6437   Cb: 16.9025   Cr: 18.7962 )
00000658: 17.044    (Y': 15.7221   Cb: 17.1437   Cr: 18.8033 )
00000659: 17.0688   (Y': 15.7002   Cb: 17.2133   Cr: 18.8585 )
00000660: 17.1499   (Y': 15.7278   Cb: 17.3865   Cr: 18.9179 )
00000661: 17.1073   (Y': 15.6686   Cb: 17.3783   Cr: 18.8613 )
00000662: 17.3044   (Y': 15.74     Cb: 17.6894   Cr: 19.1673 )
00000663: 17.3094   (Y': 15.7285   Cb: 17.7183   Cr: 19.1755 )
00000665: 17.5278   (Y': 15.8756   Cb: 18.0217   Cr: 19.4347 )
00000664: 17.508    (Y': 15.8843   Cb: 17.9829   Cr: 19.3773 )
00000666: 17.5821   (Y': 15.9487   Cb: 18.0837   Cr: 19.4361 )
00000667: 17.616    (Y': 15.9313   Cb: 18.207    Cr: 19.4646 )
00000668: 17.5943   (Y': 15.9104   Cb: 18.1521   Cr: 19.4858 )
00000669: 17.6075   (Y': 15.9248   Cb: 18.1604   Cr: 19.5031 )
00000670: 17.5136   (Y': 15.9133   Cb: 17.925    Cr: 19.4193 )
00000671: 17.4708   (Y': 15.7861   Cb: 17.9493   Cr: 19.4744 )
00000672: 17.4673   (Y': 15.8035   Cb: 17.9361   Cr: 19.4362 )
00000673: 17.3223   (Y': 15.5984   Cb: 17.7425   Cr: 19.5053 )
00000674: 17.3422   (Y': 15.6767   Cb: 17.6937   Cr: 19.4865 )
00000675: 17.4107   (Y': 15.7241   Cb: 17.7935   Cr: 19.5588 )
00000676: 17.5054   (Y': 15.7359   Cb: 17.9707   Cr: 19.7337 )
00000677: 17.4815   (Y': 15.7766   Cb: 17.881    Cr: 19.6486 )
00000678: 17.4808   (Y': 15.9339   Cb: 17.7789   Cr: 19.4292 )
00000679: 17.4515   (Y': 15.9239   Cb: 17.6909   Cr: 19.4435 )
00000680: 17.5158   (Y': 15.9702   Cb: 17.7624   Cr: 19.538  )
00000681: 17.4256   (Y': 15.9109   Cb: 17.6245   Cr: 19.4501 )
00000682: 17.4288   (Y': 15.9323   Cb: 17.5648   Cr: 19.5086 )
00000683: 17.3664   (Y': 15.8733   Cb: 17.4881   Cr: 19.4613 )
00000684: 17.3906   (Y': 15.8731   Cb: 17.5314   Cr: 19.5114 )
00000685: 17.3282   (Y': 15.8326   Cb: 17.4556   Cr: 19.4197 )
00000686: 17.3367   (Y': 15.7518   Cb: 17.5214   Cr: 19.5462 )
00000688: 17.3292   (Y': 15.6893   Cb: 17.6731   Cr: 19.4237 )
00000687: 17.3589   (Y': 15.7683   Cb: 17.6028   Cr: 19.4894 )
00000689: 17.3177   (Y': 15.6198   Cb: 17.7186   Cr: 19.4663 )
00000691: 17.3568   (Y': 15.6412   Cb: 17.8565   Cr: 19.4031 )
00000690: 17.3008   (Y': 15.5925   Cb: 17.7456   Cr: 19.4094 )
00000692: 17.3656   (Y': 15.6463   Cb: 17.8206   Cr: 19.4858 )
00000693: 17.3759   (Y': 15.6599   Cb: 17.8163   Cr: 19.5095 )
00000694: 17.3894   (Y': 15.5995   Cb: 17.9672   Cr: 19.5039 )
00000695: 17.3622   (Y': 15.5698   Cb: 17.8997   Cr: 19.5408 )
00000696: 17.4397   (Y': 15.6098   Cb: 18.0375   Cr: 19.6249 )
00000697: 17.4634   (Y': 15.5877   Cb: 18.1294   Cr: 19.6675 )
00000698: 17.3634   (Y': 15.4907   Cb: 18.0392   Cr: 19.546  )
00000699: 17.3845   (Y': 15.5204   Cb: 18.0582   Cr: 19.5483 )
00000701: 17.3126   (Y': 15.5218   Cb: 17.9664   Cr: 19.3232 )
00000700: 17.3408   (Y': 15.5467   Cb: 17.9752   Cr: 19.3862 )
00000703: 17.3072   (Y': 15.5098   Cb: 17.9215   Cr: 19.3887 )
00000704: 17.3182   (Y': 15.5275   Cb: 17.954    Cr: 19.3535 )
00000702: 17.3359   (Y': 15.5199   Cb: 17.987    Cr: 19.4116 )
00000706: 17.2316   (Y': 15.4869   Cb: 17.8336   Cr: 19.2035 )
00000705: 17.3398   (Y': 15.5296   Cb: 18.0005   Cr: 19.3877 )
00000707: 17.1954   (Y': 15.4795   Cb: 17.8059   Cr: 19.0893 )
00000708: 17.0732   (Y': 15.2894   Cb: 17.788    Cr: 18.9855 )
00000709: 17.0496   (Y': 15.2274   Cb: 17.772    Cr: 19.0429 )
00000710: 17.1655   (Y': 15.4585   Cb: 17.7757   Cr: 19.0392 )
00000711: 17.0824   (Y': 15.4269   Cb: 17.5585   Cr: 19.0219 )
00000712: 16.9183   (Y': 15.2956   Cb: 17.3015   Cr: 18.9152 )
00000714: 16.924    (Y': 15.3868   Cb: 17.2596   Cr: 18.797  )
00000713: 16.8912   (Y': 15.2832   Cb: 17.275    Cr: 18.8537 )
00000715: 16.8868   (Y': 15.3601   Cb: 17.1893   Cr: 18.7841 )
00000717: 17.0505   (Y': 15.5081   Cb: 17.3941   Cr: 18.9236 )
00000716: 17.0083   (Y': 15.4976   Cb: 17.2966   Cr: 18.891  )
00000718: 17.0669   (Y': 15.4724   Cb: 17.4361   Cr: 19.0195 )
00000719: 17.1847   (Y': 15.5596   Cb: 17.6143   Cr: 19.1201 )
00000720: 17.1749   (Y': 15.5602   Cb: 17.5816   Cr: 19.1192 )
00000721: 17.1703   (Y': 15.4838   Cb: 17.6568   Cr: 19.1671 )
00000722: 17.0623   (Y': 15.36     Cb: 17.6087   Cr: 19.0118 )
00000723: 17.0048   (Y': 15.4364   Cb: 17.4101   Cr: 18.8482 )
00000725: 16.9263   (Y': 15.3384   Cb: 17.3124   Cr: 18.8395 )
00000724: 16.9265   (Y': 15.363    Cb: 17.3032   Cr: 18.799  )
00000727: 16.8144   (Y': 15.3049   Cb: 17.1323   Cr: 18.6522 )
00000726: 16.8272   (Y': 15.3132   Cb: 17.141    Cr: 18.6806 )
00000728: 16.8166   (Y': 15.3593   Cb: 17.088    Cr: 18.6091 )
00000729: 16.797    (Y': 15.377    Cb: 17.0613   Cr: 18.5216 )
00000730: 16.8166   (Y': 15.2828   Cb: 17.1448   Cr: 18.6927 )
00000731: 16.7805   (Y': 15.233    Cb: 17.087    Cr: 18.718  )
00000732: 16.9003   (Y': 15.3264   Cb: 17.2401   Cr: 18.8487 )
00000733: 16.9913   (Y': 15.3859   Cb: 17.3502   Cr: 18.9836 )
00000734: 16.9229   (Y': 15.3069   Cb: 17.3125   Cr: 18.895  )
00000735: 16.924    (Y': 15.3195   Cb: 17.333    Cr: 18.8424 )
00000736: 16.9185   (Y': 15.3428   Cb: 17.2905   Cr: 18.8247 )
00000737: 16.8109   (Y': 15.2295   Cb: 17.2227   Cr: 18.6738 )
00000738: 16.8238   (Y': 15.1761   Cb: 17.2986   Cr: 18.7476 )
00000739: 16.8205   (Y': 15.2222   Cb: 17.2932   Cr: 18.6366 )
00000740: 16.773    (Y': 15.3283   Cb: 17.1404   Cr: 18.4069 )
00000741: 16.8491   (Y': 15.417    Cb: 17.1994   Cr: 18.4805 )
00000742: 16.9527   (Y': 15.4749   Cb: 17.3036   Cr: 18.6773 )
00000743: 16.9456   (Y': 15.4773   Cb: 17.2546   Cr: 18.7081 )
00000744: 16.8363   (Y': 15.5287   Cb: 17.0263   Cr: 18.4387 )
00000746: 16.7354   (Y': 15.4569   Cb: 16.8808   Cr: 18.3428 )
00000747: 16.6412   (Y': 15.3331   Cb: 16.8234   Cr: 18.2551 )
00000745: 16.7611   (Y': 15.5376   Cb: 16.8713   Cr: 18.3122 )
00000748: 16.6601   (Y': 15.4826   Cb: 16.8044   Cr: 18.0793 )
00000749: 16.553    (Y': 15.4543   Cb: 16.6588   Cr: 17.8828 )
00000750: 16.5547   (Y': 15.5176   Cb: 16.605    Cr: 17.852  )
00000751: 16.3923   (Y': 15.4231   Cb: 16.3817   Cr: 17.656  )
00000752: 16.1073   (Y': 15.1252   Cb: 16.0569   Cr: 17.4468 )
00000753: 16.0969   (Y': 15.1122   Cb: 16.0509   Cr: 17.4351 )
00000754: 16.0127   (Y': 15.1416   Cb: 15.8672   Cr: 17.2981 )
00000755: 15.9555   (Y': 15.0763   Cb: 15.8551   Cr: 17.1919 )
00000756: 16.1325   (Y': 15.1912   Cb: 16.046    Cr: 17.4527 )
00000757: 16.1546   (Y': 15.0582   Cb: 16.1734   Cr: 17.5984 )
00000758: 16.365    (Y': 15.1368   Cb: 16.4606   Cr: 17.9458 )
00000759: 16.3838   (Y': 15.2072   Cb: 16.4838   Cr: 17.8613 )
00000760: 16.4183   (Y': 15.3355   Cb: 16.4744   Cr: 17.7871 )
00000761: 16.3784   (Y': 15.3959   Cb: 16.37     Cr: 17.6613 )
00000762: 16.1824   (Y': 15.3154   Cb: 16.117    Cr: 17.3524 )
00000763: 16.0799   (Y': 15.2571   Cb: 15.9678   Cr: 17.2417 )
00000766: 17.3427   (Y': 16.0212   Cb: 17.7336   Cr: 18.707  )
00000764: 16.0177   (Y': 15.2055   Cb: 15.874    Cr: 17.2057 )
00000765: 17.1229   (Y': 15.6406   Cb: 17.612    Cr: 18.6739 )
00000767: 17.2743   (Y': 15.8978   Cb: 17.7183   Cr: 18.6755 )
00000768: 16.9545   (Y': 16.0729   Cb: 17.0942   Cr: 17.8878 )
00000770: 16.3491   (Y': 15.5718   Cb: 16.3148   Cr: 17.3395 )
00000769: 16.7211   (Y': 15.8336   Cb: 16.9403   Cr: 17.57   )
00000771: 16.3465   (Y': 15.519    Cb: 16.352    Cr: 17.363  )
00000773: 15.9207   (Y': 15.0471   Cb: 15.9432   Cr: 16.9866 )
00000772: 16.1268   (Y': 15.1997   Cb: 16.1544   Cr: 17.2711 )
00000774: 15.9013   (Y': 15.0346   Cb: 16.0144   Cr: 16.8443 )
00000775: 16.0757   (Y': 15.1476   Cb: 16.2767   Cr: 17.0071 )
00000777: 16.1871   (Y': 15.2076   Cb: 16.3252   Cr: 17.2755 )
00000776: 15.9323   (Y': 15.0469   Cb: 16.0925   Cr: 16.8471 )
00000778: 16.2256   (Y': 15.2035   Cb: 16.3641   Cr: 17.3829 )
00000779: 16.1435   (Y': 15.2143   Cb: 16.3328   Cr: 17.0903 )
00000780: 16.4945   (Y': 15.4109   Cb: 16.6584   Cr: 17.7229 )
00000781: 16.4911   (Y': 15.5211   Cb: 16.5577   Cr: 17.6547 )
00000782: 16.4599   (Y': 15.467    Cb: 16.4822   Cr: 17.7192 )
00000783: 16.6498   (Y': 15.5428   Cb: 16.7161   Cr: 18.0476 )
00000784: 16.5288   (Y': 15.4604   Cb: 16.5546   Cr: 17.9135 )
00000785: 16.3866   (Y': 15.3081   Cb: 16.4439   Cr: 17.7461 )
00000786: 16.5544   (Y': 15.5121   Cb: 16.6285   Cr: 17.829  )
00000787: 16.6987   (Y': 15.5833   Cb: 16.8856   Cr: 17.9521 )
00000788: 16.4331   (Y': 15.4513   Cb: 16.4657   Cr: 17.6604 )
00000789: 16.4243   (Y': 15.4634   Cb: 16.4827   Cr: 17.5835 )
00000790: 16.8956   (Y': 15.849    Cb: 16.9147   Cr: 18.2512 )
00000791: 16.7141   (Y': 15.6371   Cb: 16.8046   Cr: 18.0269 )
00000792: 16.5382   (Y': 15.4654   Cb: 16.6997   Cr: 17.7512 )
00000793: 16.613    (Y': 15.4583   Cb: 16.8047   Cr: 17.9287 )
00000794: 16.4817   (Y': 15.4359   Cb: 16.6037   Cr: 17.6996 )
00000795: 16.3634   (Y': 15.2966   Cb: 16.5497   Cr: 17.535  )
00000796: 16.2853   (Y': 15.2776   Cb: 16.5046   Cr: 17.3196 )
00000797: 16.099    (Y': 15.0951   Cb: 16.3684   Cr: 17.0674 )
00000798: 16.4269   (Y': 15.2388   Cb: 16.7519   Cr: 17.6335 )
00000800: 16.333    (Y': 15.2047   Cb: 16.6111   Cr: 17.4943 )
00000799: 16.4626   (Y': 15.3258   Cb: 16.7911   Cr: 17.5771 )
00000801: 16.3044   (Y': 15.1164   Cb: 16.6556   Cr: 17.4788 )
00000802: 16.2298   (Y': 15.0053   Cb: 16.5943   Cr: 17.4514 )
00000803: 16.1112   (Y': 14.8786   Cb: 16.4584   Cr: 17.3685 )
00000805: 16.2196   (Y': 14.8415   Cb: 16.6831   Cr: 17.5994 )
00000804: 16.1721   (Y': 14.8546   Cb: 16.584    Cr: 17.503  )
00000806: 16.313    (Y': 14.8405   Cb: 16.8782   Cr: 17.7492 )
00000807: 16.2149   (Y': 14.7448   Cb: 16.7353   Cr: 17.7017 )
00000809: 16.1526   (Y': 14.6671   Cb: 16.6668   Cr: 17.6778 )
00000810: 16.0163   (Y': 14.5031   Cb: 16.5373   Cr: 17.589  )
00000808: 16.238    (Y': 14.7255   Cb: 16.7845   Cr: 17.777  )
00000811: 16.0285   (Y': 14.5251   Cb: 16.5644   Cr: 17.5625 )
00000812: 15.9376   (Y': 14.4293   Cb: 16.4609   Cr: 17.4972 )
00000813: 15.9328   (Y': 14.3981   Cb: 16.4528   Cr: 17.5508 )
00000814: 15.9771   (Y': 14.4087   Cb: 16.4778   Cr: 17.6909 )
00000817: 16.0521   (Y': 14.6487   Cb: 16.3269   Cr: 17.7278 )
00000816: 16.0189   (Y': 14.5448   Cb: 16.3806   Cr: 17.7208 )
00000818: 15.9488   (Y': 14.4114   Cb: 16.317    Cr: 17.7761 )
00000815: 16.0127   (Y': 14.4347   Cb: 16.4976   Cr: 17.7681 )
00000819: 16.0018   (Y': 14.5065   Cb: 16.3055   Cr: 17.8293 )
00000820: 16.1532   (Y': 15.0542   Cb: 16.1808   Cr: 17.5895 )
00000821: 16.1829   (Y': 15.1725   Cb: 16.1404   Cr: 17.5603 )
00000822: 16.1161   (Y': 15.2599   Cb: 15.9885   Cr: 17.3524 )
00000824: 16.4128   (Y': 15.1585   Cb: 16.7488   Cr: 17.7227 )
00000823: 16.3989   (Y': 15.283    Cb: 16.5958   Cr: 17.6406 )
00000825: 16.2615   (Y': 15.0282   Cb: 16.5275   Cr: 17.6225 )
00000826: 15.741    (Y': 14.5104   Cb: 15.7779   Cr: 17.4104 )
00000827: 15.7148   (Y': 14.3806   Cb: 15.7944   Cr: 17.529  )
00000828: 15.9704   (Y': 14.7335   Cb: 15.9237   Cr: 17.7769 )
00000829: 16.0097   (Y': 14.7374   Cb: 15.9658   Cr: 17.8844 )
00000830: 16.0779   (Y': 14.8159   Cb: 16.0048   Cr: 17.9769 )
00000832: 16.042    (Y': 14.7985   Cb: 16.0338   Cr: 17.8036 )
00000833: 16.0176   (Y': 14.7989   Cb: 15.9802   Cr: 17.7739 )
00000831: 16.0503   (Y': 14.799    Cb: 15.9747   Cr: 17.9312 )
00000835: 15.7666   (Y': 14.2224   Cb: 16.0074   Cr: 17.7941 )
00000834: 15.8207   (Y': 14.2804   Cb: 16.0437   Cr: 17.8665 )
00000836: 15.7431   (Y': 14.1347   Cb: 16.0182   Cr: 17.8677 )
00000838: 16.0797   (Y': 14.8064   Cb: 16.0306   Cr: 17.9643 )
00000837: 16.0361   (Y': 14.7407   Cb: 16.0173   Cr: 17.9197 )
00000841: 16.0537   (Y': 14.7977   Cb: 15.976    Cr: 17.9474 )
00000839: 16.1014   (Y': 14.7869   Cb: 16.1028   Cr: 17.9933 )
00000840: 16.0418   (Y': 14.7684   Cb: 15.9778   Cr: 17.95   )
00000842: 16.0305   (Y': 14.8085   Cb: 15.9391   Cr: 17.8764 )
00000843: 15.9755   (Y': 14.7559   Cb: 15.8733   Cr: 17.8334 )
00000844: 15.969    (Y': 14.8329   Cb: 15.8019   Cr: 17.7618 )
00000845: 15.9989   (Y': 14.8993   Cb: 15.824    Cr: 17.7332 )
00000846: 16.0312   (Y': 14.9423   Cb: 15.8723   Cr: 17.72   )
00000847: 16.0614   (Y': 14.9674   Cb: 15.92     Cr: 17.7332 )
00000848: 16.1112   (Y': 15.1053   Cb: 15.9318   Cr: 17.6778 )
00000849: 16.1889   (Y': 15.2307   Cb: 16.0069   Cr: 17.674  )
00000850: 16.2321   (Y': 15.3732   Cb: 15.9777   Cr: 17.653  )
00000851: 16.3076   (Y': 15.4313   Cb: 16.081    Cr: 17.7172 )
00000852: 16.2532   (Y': 15.3576   Cb: 16.0132   Cr: 17.7153 )
00000853: 16.2405   (Y': 15.3241   Cb: 15.9995   Cr: 17.74   )
00000854: 16.1986   (Y': 15.2385   Cb: 15.9901   Cr: 17.7264 )
00000855: 16.1631   (Y': 15.2023   Cb: 15.9685   Cr: 17.6717 )
00000857: 16.2319   (Y': 15.2347   Cb: 16.0856   Cr: 17.7337 )
00000856: 16.183    (Y': 15.1999   Cb: 16.0119   Cr: 17.6966 )
00000858: 16.2775   (Y': 15.2833   Cb: 16.1318   Cr: 17.773  )
00000859: 16.2906   (Y': 15.2981   Cb: 16.1372   Cr: 17.7945 )
00000860: 16.3886   (Y': 15.3411   Cb: 16.2912   Cr: 17.9095 )
00000861: 16.4421   (Y': 15.3822   Cb: 16.338    Cr: 17.995  )
00000862: 16.4733   (Y': 15.3849   Cb: 16.4285   Cr: 17.9923 )
00000863: 16.5001   (Y': 15.3971   Cb: 16.4745   Cr: 18.0185 )
00000864: 16.5742   (Y': 15.5113   Cb: 16.4849   Cr: 18.1114 )
00000865: 16.6255   (Y': 15.6098   Cb: 16.4673   Cr: 18.1781 )
00000866: 16.6691   (Y': 15.684    Cb: 16.4785   Cr: 18.2148 )
00000867: 16.6714   (Y': 15.7225   Cb: 16.4447   Cr: 18.2068 )
00000868: 16.6051   (Y': 15.7478   Cb: 16.3512   Cr: 18.0224 )
00000869: 16.5744   (Y': 15.7381   Cb: 16.2874   Cr: 18.0051 )
00000871: 16.7278   (Y': 15.8421   Cb: 16.4914   Cr: 18.1675 )
00000870: 16.6495   (Y': 15.7657   Cb: 16.42     Cr: 18.0759 )
00000872: 16.7956   (Y': 15.9344   Cb: 16.5942   Cr: 18.1431 )
00000873: 16.6698   (Y': 15.8143   Cb: 16.4484   Cr: 18.0368 )
00000875: 16.4137   (Y': 15.4169   Cb: 16.2684   Cr: 17.9137 )
00000874: 16.4991   (Y': 15.6007   Cb: 16.325    Cr: 17.8701 )
00000876: 16.2815   (Y': 15.3924   Cb: 16.0537   Cr: 17.7146 )
00000877: 16.1822   (Y': 15.4269   Cb: 15.8848   Cr: 17.4948 )
00000878: 16.1749   (Y': 15.3925   Cb: 15.8856   Cr: 17.5198 )
00000879: 16.1581   (Y': 15.3596   Cb: 15.8987   Cr: 17.4859 )
00000880: 16.1301   (Y': 15.3779   Cb: 15.8561   Cr: 17.404  )
00000882: 16.0347   (Y': 15.2352   Cb: 15.8584   Cr: 17.2467 )
00000881: 16.1258   (Y': 15.3616   Cb: 15.8539   Cr: 17.416  )
00000883: 16.0241   (Y': 15.1962   Cb: 15.9019   Cr: 17.2078 )
00000884: 16.0774   (Y': 15.2219   Cb: 16.0538   Cr: 17.174  )
00000885: 16.1269   (Y': 15.2126   Cb: 16.135    Cr: 17.276  )
00000886: 16.1951   (Y': 15.1803   Cb: 16.2547   Cr: 17.4422 )
00000887: 16.2231   (Y': 15.1533   Cb: 16.3382   Cr: 17.491  )
00000888: 16.268    (Y': 15.1071   Cb: 16.395    Cr: 17.6803 )
00000889: 16.3371   (Y': 15.1753   Cb: 16.4512   Cr: 17.7686 )
00000890: 16.2983   (Y': 15.2072   Cb: 16.2317   Cr: 17.8538 )
00000891: 16.2978   (Y': 15.2445   Cb: 16.1782   Cr: 17.8619 )
00000892: 16.2195   (Y': 15.203    Cb: 16.0283   Cr: 17.8232 )
00000893: 16.1614   (Y': 15.1525   Cb: 15.9482   Cr: 17.7846 )
00000894: 16.0932   (Y': 15.0311   Cb: 15.8654   Cr: 17.8385 )
00000895: 16.0309   (Y': 14.937    Cb: 15.8088   Cr: 17.8284 )
00000896: 16.07     (Y': 15.0324   Cb: 15.797    Cr: 17.8399 )
00000897: 16.1101   (Y': 15.0307   Cb: 15.8605   Cr: 17.923  )
00000899: 16.2285   (Y': 15.011    Cb: 16.1453   Cr: 18.0522 )
00000898: 16.1582   (Y': 14.9406   Cb: 16.0629   Cr: 18.0012 )
00000900: 16.3067   (Y': 15.0536   Cb: 16.2701   Cr: 18.1308 )
00000901: 16.3026   (Y': 15.0587   Cb: 16.2927   Cr: 18.0674 )
00000902: 16.7589   (Y': 15.1419   Cb: 17.2805   Cr: 18.5498 )
00000903: 16.5007   (Y': 15.0422   Cb: 16.7879   Cr: 18.273  )
00000904: 16.6825   (Y': 15.3555   Cb: 16.8355   Cr: 18.3752 )
00000905: 16.4824   (Y': 15.1878   Cb: 16.582    Cr: 18.1869 )
00000906: 16.2345   (Y': 14.924    Cb: 16.2944   Cr: 18.0295 )
00000907: 16.2406   (Y': 14.9356   Cb: 16.3402   Cr: 17.966  )
00000908: 16.1971   (Y': 14.9216   Cb: 16.2692   Cr: 17.9033 )
00000909: 16.2018   (Y': 14.891    Cb: 16.298    Cr: 17.9438 )
00000910: 16.2292   (Y': 14.8679   Cb: 16.3302   Cr: 18.0677 )
00000911: 16.1459   (Y': 14.7938   Cb: 16.2499   Cr: 17.9607 )
00000912: 16.1384   (Y': 14.8035   Cb: 16.2011   Cr: 17.9792 )
00000913: 16.0149   (Y': 14.7691   Cb: 15.9581   Cr: 17.8551 )
00000915: 15.779    (Y': 14.5212   Cb: 15.8327   Cr: 17.4771 )
00000914: 15.8518   (Y': 14.6448   Cb: 15.7802   Cr: 17.6367 )
00000916: 15.8261   (Y': 14.5866   Cb: 15.8926   Cr: 17.4698 )
00000917: 16.18     (Y': 15.1746   Cb: 16.0564   Cr: 17.6635 )
00000918: 16.2326   (Y': 15.2532   Cb: 16.0877   Cr: 17.7011 )
00000919: 16.4157   (Y': 15.452    Cb: 16.3592   Cr: 17.7323 )
00000920: 16.3424   (Y': 15.4297   Cb: 16.2003   Cr: 17.6921 )
00000921: 16.3564   (Y': 15.5212   Cb: 16.216    Cr: 17.5764 )
00000922: 16.2605   (Y': 15.4243   Cb: 16.1172   Cr: 17.4863 )
00000923: 16.2701   (Y': 15.4012   Cb: 16.1706   Cr: 17.4886 )
00000924: 16.2695   (Y': 15.3668   Cb: 16.2421   Cr: 17.4462 )
00000925: 16.2693   (Y': 15.3365   Cb: 16.2728   Cr: 17.4543 )
00000926: 16.1807   (Y': 15.2494   Cb: 16.1901   Cr: 17.3555 )
00000927: 16.2702   (Y': 15.3174   Cb: 16.2175   Cr: 17.5634 )
00000928: 16.2266   (Y': 15.3683   Cb: 16.1173   Cr: 17.4415 )
00000929: 16.2196   (Y': 15.4084   Cb: 16.0308   Cr: 17.4679 )
00000930: 16.231    (Y': 15.4356   Cb: 16.0417   Cr: 17.4547 )
00000931: 16.4261   (Y': 15.5427   Cb: 16.2513   Cr: 17.7731 )
00000932: 16.3639   (Y': 15.4415   Cb: 16.1847   Cr: 17.7833 )
00000933: 16.3693   (Y': 15.4456   Cb: 16.2398   Cr: 17.7201 )
00000934: 16.3701   (Y': 15.4629   Cb: 16.2434   Cr: 17.6892 )
00000935: 16.2135   (Y': 15.2401   Cb: 16.2029   Cr: 17.4844 )
00000936: 16.1481   (Y': 15.0677   Cb: 16.1874   Cr: 17.5352 )
00000937: 16.0674   (Y': 14.9366   Cb: 16.1632   Cr: 17.4675 )
00000939: 16.1823   (Y': 14.8959   Cb: 16.5259   Cr: 17.5412 )
00000938: 16.1268   (Y': 14.916    Cb: 16.3167   Cr: 17.546  )
00000940: 16.2559   (Y': 14.9715   Cb: 16.5994   Cr: 17.6113 )
00000941: 16.2021   (Y': 14.909    Cb: 16.5702   Cr: 17.5424 )
00000942: 16.1373   (Y': 14.8352   Cb: 16.5508   Cr: 17.438  )
00000943: 16.1882   (Y': 14.8645   Cb: 16.6299   Cr: 17.4938 )
00000945: 16.2263   (Y': 14.7759   Cb: 16.8913   Cr: 17.502  )
00000944: 16.1798   (Y': 14.8154   Cb: 16.6994   Cr: 17.4664 )
00000946: 16.3092   (Y': 14.888    Cb: 16.9179   Cr: 17.5957 )
00000947: 16.4633   (Y': 14.9089   Cb: 17.1783   Cr: 17.8813 )
00000948: 16.5211   (Y': 14.949    Cb: 17.2653   Cr: 17.94   )
00000949: 16.3789   (Y': 14.8818   Cb: 17.0682   Cr: 17.715  )
00000951: 15.9353   (Y': 14.6701   Cb: 16.437    Cr: 17.0653 )
00000950: 16.266    (Y': 14.8808   Cb: 16.9045   Cr: 17.4519 )
00000952: 15.9105   (Y': 14.6711   Cb: 16.3629   Cr: 17.0531 )
00000953: 15.9564   (Y': 14.7453   Cb: 16.2497   Cr: 17.2427 )
00000954: 15.9747   (Y': 14.8008   Cb: 16.17     Cr: 17.3199 )
00000956: 16.1485   (Y': 14.9359   Cb: 16.2712   Cr: 17.6617 )
00000955: 16.0943   (Y': 14.9252   Cb: 16.2099   Cr: 17.5369 )
00000957: 16.1387   (Y': 14.9899   Cb: 16.1533   Cr: 17.6845 )
00000958: 16.0965   (Y': 14.9067   Cb: 16.1571   Cr: 17.6534 )
00000960: 16.2323   (Y': 15.0924   Cb: 16.2598   Cr: 17.7431 )
00000959: 16.1492   (Y': 15.0158   Cb: 16.1798   Cr: 17.644  )
00000964: 16.2685   (Y': 15.1706   Cb: 16.2574   Cr: 17.7569 )
00000961: 16.2458   (Y': 15.1273   Cb: 16.2496   Cr: 17.7509 )
00000962: 16.1923   (Y': 15.0957   Cb: 16.1702   Cr: 17.6942 )
00000963: 16.2311   (Y': 15.1522   Cb: 16.2242   Cr: 17.6794 )
00000965: 16.1364   (Y': 15.0441   Cb: 16.1565   Cr: 17.5714 )
00000966: 16.1546   (Y': 15.0868   Cb: 16.183    Cr: 17.5346 )
00000968: 16.1192   (Y': 14.9629   Cb: 16.2457   Cr: 17.5237 )
00000967: 16.1368   (Y': 15.0025   Cb: 16.2206   Cr: 17.5596 )
00000970: 16.1841   (Y': 14.9597   Cb: 16.4329   Cr: 17.551  )
00000969: 16.2031   (Y': 15.0645   Cb: 16.3474   Cr: 17.5526 )
00000972: 16.2256   (Y': 14.8668   Cb: 16.6376   Cr: 17.6333 )
00000971: 16.2228   (Y': 14.8832   Cb: 16.6347   Cr: 17.5947 )
00000973: 16.2449   (Y': 14.8166   Cb: 16.7558   Cr: 17.6622 )
00000974: 16.2894   (Y': 14.8121   Cb: 16.838    Cr: 17.7554 )
00000976: 16.3691   (Y': 15        Cb: 16.7818   Cr: 17.7957 )
00000975: 16.3824   (Y': 14.9624   Cb: 16.8466   Cr: 17.8416 )
00000977: 16.515    (Y': 15.1902   Cb: 16.8477   Cr: 17.9597 )
00000979: 16.5139   (Y': 15.2108   Cb: 16.7301   Cr: 18.0712 )
00000978: 16.572    (Y': 15.2847   Cb: 16.8275   Cr: 18.0465 )
00000980: 16.5256   (Y': 15.2601   Cb: 16.6625   Cr: 18.1199 )
00000981: 16.5129   (Y': 15.2579   Cb: 16.6206   Cr: 18.1279 )
00000982: 16.5272   (Y': 15.2956   Cb: 16.5886   Cr: 18.163  )
00000983: 16.5581   (Y': 15.2731   Cb: 16.641    Cr: 18.2679 )
00000984: 16.5253   (Y': 15.254    Cb: 16.5961   Cr: 18.2253 )
00000985: 16.4583   (Y': 15.2171   Cb: 16.467    Cr: 18.1898 )
00000987: 16.3231   (Y': 15.1185   Cb: 16.3545   Cr: 17.9503 )
00000986: 16.4424   (Y': 15.1492   Cb: 16.4829   Cr: 18.2309 )
00000988: 16.3231   (Y': 15.0983   Cb: 16.3911   Cr: 17.9364 )
00000989: 16.3946   (Y': 15.1737   Cb: 16.4832   Cr: 17.9712 )
00000993: 16.6142   (Y': 15.3448   Cb: 16.6675   Cr: 18.3358 )
00000990: 16.4196   (Y': 15.2302   Cb: 16.4948   Cr: 17.9554 )
00000992: 16.5257   (Y': 15.3167   Cb: 16.5191   Cr: 18.2165 )
00000991: 16.5196   (Y': 15.3105   Cb: 16.5885   Cr: 18.1016 )
00000994: 16.5632   (Y': 15.3049   Cb: 16.6156   Cr: 18.2643 )
00000995: 16.4516   (Y': 15.2816   Cb: 16.4492   Cr: 18.0617 )
00000996: 16.4577   (Y': 15.2769   Cb: 16.5045   Cr: 18.0175 )
00000997: 16.4288   (Y': 15.2463   Cb: 16.469    Cr: 18.0012 )
00000998: 16.4593   (Y': 15.2665   Cb: 16.5414   Cr: 17.9918 )
00001002: 16.6544   (Y': 15.615    Cb: 16.6361   Cr: 18.0488 )
00000999: 16.484    (Y': 15.2773   Cb: 16.6089   Cr: 17.9832 )
00001001: 16.6548   (Y': 15.6046   Cb: 16.6572   Cr: 18.0397 )
00001000: 16.5621   (Y': 15.3934   Cb: 16.6432   Cr: 18.0513 )
00001003: 16.69     (Y': 15.61     Cb: 16.6165   Cr: 18.2352 )
00001004: 16.6463   (Y': 15.5521   Cb: 16.5586   Cr: 18.2386 )
00001005: 16.5858   (Y': 15.3752   Cb: 16.5929   Cr: 18.2597 )
00001006: 16.5162   (Y': 15.4048   Cb: 16.5174   Cr: 18.012  )
00001007: 16.4963   (Y': 15.3399   Cb: 16.4986   Cr: 18.0736 )
00001008: 16.54     (Y': 15.3724   Cb: 16.5424   Cr: 18.1385 )
00001011: 16.5928   (Y': 15.3266   Cb: 16.6691   Cr: 18.2748 )
00001010: 16.592    (Y': 15.3745   Cb: 16.6466   Cr: 18.2105 )
00001009: 16.6238   (Y': 15.4756   Cb: 16.6147   Cr: 18.202  )
00001012: 16.5758   (Y': 15.266    Cb: 16.7113   Cr: 18.2588 )
00001013: 16.6062   (Y': 15.289    Cb: 16.8111   Cr: 18.2066 )
00001014: 16.5717   (Y': 15.299    Cb: 16.7585   Cr: 18.111  )
00001015: 16.5968   (Y': 15.338    Cb: 16.7882   Cr: 18.1035 )
00001016: 16.6999   (Y': 15.3771   Cb: 16.938    Cr: 18.2658 )
00001017: 16.7367   (Y': 15.3407   Cb: 17.0559   Cr: 18.3371 )
00001018: 16.8094   (Y': 15.3588   Cb: 17.1707   Cr: 18.4634 )
00001019: 16.8452   (Y': 15.3191   Cb: 17.2503   Cr: 18.5973 )
00001020: 16.962    (Y': 15.3833   Cb: 17.4116   Cr: 18.7667 )
00001021: 17.0177   (Y': 15.3724   Cb: 17.5352   Cr: 18.877  )
00001022: 17.0209   (Y': 15.3499   Cb: 17.5868   Cr: 18.8725 )
00001023: 16.9665   (Y': 15.2475   Cb: 17.539    Cr: 18.919  )
00001024: 16.9962   (Y': 15.2357   Cb: 17.606    Cr: 18.9947 )
00001025: 16.936    (Y': 15.133    Cb: 17.6253   Cr: 18.9277 )
00001026: 16.8878   (Y': 15.049    Cb: 17.6453   Cr: 18.8743 )
00001027: 16.7777   (Y': 14.9076   Cb: 17.5671   Cr: 18.798  )
00001028: 16.7647   (Y': 14.8171   Cb: 17.6835   Cr: 18.8071 )
00001029: 16.7876   (Y': 14.8475   Cb: 17.6533   Cr: 18.8811 )
00001030: 16.8034   (Y': 14.8646   Cb: 17.6401   Cr: 18.9323 )
00001032: 16.8354   (Y': 14.8344   Cb: 17.678    Cr: 19.1186 )
00001031: 16.8409   (Y': 14.8718   Cb: 17.6657   Cr: 19.0643 )
00001033: 16.9824   (Y': 14.8985   Cb: 17.8768   Cr: 19.4212 )
00001034: 17.0002   (Y': 14.8919   Cb: 17.915    Cr: 19.4798 )
00001035: 17.137    (Y': 15.0811   Cb: 17.9511   Cr: 19.6127 )
00001036: 17.1971   (Y': 15.1757   Cb: 17.9959   Cr: 19.5982 )
00001037: 17.3504   (Y': 15.5869   Cb: 17.8804   Cr: 19.4688 )
00001038: 17.4245   (Y': 15.8005   Cb: 17.8381   Cr: 19.3805 )
00001040: 17.6384   (Y': 16.244    Cb: 17.7542   Cr: 19.5244 )
00001041: 17.5137   (Y': 15.8719   Cb: 17.8496   Cr: 19.6248 )
00001043: 17.6657   (Y': 16.268    Cb: 17.8253   Cr: 19.4941 )
00001042: 17.4677   (Y': 15.7946   Cb: 17.869    Cr: 19.556  )
00001039: 17.5791   (Y': 16.164    Cb: 17.7493   Cr: 19.4286 )
00001044: 17.4349   (Y': 16.0242   Cb: 17.6204   Cr: 19.2525 )
00001045: 17.055    (Y': 15.4645   Cb: 17.4627   Cr: 18.9439 )
00001046: 16.9952   (Y': 15.2877   Cb: 17.5497   Cr: 18.9455 )
00001047: 16.6202   (Y': 14.8753   Cb: 17.1987   Cr: 18.6253 )
00001048: 16.4734   (Y': 14.6647   Cb: 17.1008   Cr: 18.5641 )
00001049: 16.4559   (Y': 14.6474   Cb: 17.1467   Cr: 18.4587 )
00001051: 16.5805   (Y': 14.7357   Cb: 17.2841   Cr: 18.6544 )
00001050: 16.4478   (Y': 14.6348   Cb: 17.1411   Cr: 18.4582 )
00001052: 16.5481   (Y': 14.7358   Cb: 17.203    Cr: 18.6092 )
00001053: 16.5355   (Y': 14.7161   Cb: 17.1705   Cr: 18.6418 )
00001055: 16.6064   (Y': 14.8568   Cb: 17.1913   Cr: 18.6135 )
00001054: 16.57     (Y': 14.7648   Cb: 17.202    Cr: 18.6458 )
00001056: 16.6025   (Y': 14.8852   Cb: 17.1733   Cr: 18.5535 )
00001057: 16.6026   (Y': 14.9586   Cb: 17.1387   Cr: 18.4339 )
00001058: 16.633    (Y': 15.0074   Cb: 17.1532   Cr: 18.4447 )
00001059: 16.7052   (Y': 15.0356   Cb: 17.2627   Cr: 18.5649 )
00001060: 16.7194   (Y': 15.0768   Cb: 17.2572   Cr: 18.5454 )
00001061: 16.7484   (Y': 15.2212   Cb: 17.1962   Cr: 18.4452 )
00001062: 16.7621   (Y': 15.2428   Cb: 17.187    Cr: 18.4732 )
00001063: 16.8099   (Y': 15.1623   Cb: 17.374    Cr: 18.6118 )
00001064: 16.8467   (Y': 15.2089   Cb: 17.373    Cr: 18.6775 )
00001065: 16.983    (Y': 15.2938   Cb: 17.5751   Cr: 18.8401 )
00001066: 16.9835   (Y': 15.2624   Cb: 17.5833   Cr: 18.9036 )
00001067: 17.1272   (Y': 15.4383   Cb: 17.6845   Cr: 19.0308 )
00001068: 17.0565   (Y': 15.4705   Cb: 17.5282   Cr: 18.8469 )
00001069: 17.1315   (Y': 15.7139   Cb: 17.4629   Cr: 18.759  )
00001071: 17.1069   (Y': 15.6046   Cb: 17.5461   Cr: 18.7632 )
00001070: 17.257    (Y': 15.8379   Cb: 17.6254   Cr: 18.8381 )
00001072: 17.0043   (Y': 15.4388   Cb: 17.4484   Cr: 18.7878 )
00001073: 17.0529   (Y': 15.4498   Cb: 17.5563   Cr: 18.8378 )
00001074: 17.0602   (Y': 15.4078   Cb: 17.5586   Cr: 18.9618 )
00001075: 17.1336   (Y': 15.3811   Cb: 17.7781   Cr: 19.0662 )
00001076: 17.182    (Y': 15.3771   Cb: 17.8359   Cr: 19.2263 )
00001077: 17.2499   (Y': 15.4146   Cb: 17.9313   Cr: 19.3312 )
00001078: 17.2638   (Y': 15.4195   Cb: 17.9358   Cr: 19.3799 )
00001079: 17.3541   (Y': 15.4749   Cb: 18.1202   Cr: 19.4281 )
00001080: 17.7529   (Y': 16.0751   Cb: 18.4414   Cr: 19.4598 )
00001081: 17.8745   (Y': 16.2868   Cb: 18.4445   Cr: 19.5388 )
00001082: 17.8351   (Y': 16.221    Cb: 18.4581   Cr: 19.4876 )
00001083: 17.6471   (Y': 16.0194   Cb: 18.2979   Cr: 19.2936 )
00001084: 17.4868   (Y': 15.9062   Cb: 18.043    Cr: 19.1538 )
00001085: 17.2996   (Y': 15.7466   Cb: 17.8402   Cr: 18.9289 )
00001086: 17.1817   (Y': 15.6269   Cb: 17.725    Cr: 18.8112 )
00001087: 16.9821   (Y': 15.4554   Cb: 17.5632   Cr: 18.5065 )
00001088: 16.8941   (Y': 15.3913   Cb: 17.5184   Cr: 18.318  )
00001089: 16.9607   (Y': 15.4545   Cb: 17.6347   Cr: 18.3322 )
00001090: 16.8294   (Y': 15.2782   Cb: 17.4327   Cr: 18.3761 )
00001091: 16.8922   (Y': 15.284    Cb: 17.496    Cr: 18.5569 )
00001092: 17.0058   (Y': 15.4307   Cb: 17.5008   Cr: 18.7415 )
00001093: 16.9555   (Y': 15.341    Cb: 17.4126   Cr: 18.8287 )
00001094: 17.1059   (Y': 15.4938   Cb: 17.6443   Cr: 18.864  )
00001095: 17.0253   (Y': 15.4017   Cb: 17.5222   Cr: 18.8641 )
00001096: 16.9953   (Y': 15.3785   Cb: 17.4412   Cr: 18.8895 )
00001097: 17.2983   (Y': 15.768    Cb: 17.6264   Cr: 19.1668 )
00001098: 17.3588   (Y': 15.9067   Cb: 17.5752   Cr: 19.219  )
00001099: 17.714    (Y': 16.4036   Cb: 17.9262   Cr: 19.2911 )
00001100: 17.8735   (Y': 16.6542   Cb: 17.9778   Cr: 19.4249 )
00001101: 17.813    (Y': 16.5251   Cb: 18.1055   Cr: 19.2401 )
00001103: 17.2129   (Y': 15.5801   Cb: 17.6405   Cr: 19.1692 )
00001102: 17.5519   (Y': 16.0984   Cb: 17.7535   Cr: 19.4372 )
00001104: 17.1199   (Y': 15.3669   Cb: 17.6452   Cr: 19.2193 )
00001105: 17.1152   (Y': 15.2766   Cb: 17.7293   Cr: 19.2993 )
00001106: 17.12     (Y': 15.2298   Cb: 17.788    Cr: 19.3586 )
00001107: 17.0578   (Y': 15.2414   Cb: 17.7029   Cr: 19.1424 )
00001108: 17.1493   (Y': 15.3513   Cb: 17.8354   Cr: 19.1335 )
00001109: 17.1708   (Y': 15.3993   Cb: 17.8022   Cr: 19.166  )
00001110: 17.0761   (Y': 15.2653   Cb: 17.7236   Cr: 19.144  )
00001111: 16.9805   (Y': 14.994    Cb: 17.7719   Cr: 19.2968 )
00001112: 16.9088   (Y': 14.9158   Cb: 17.6537   Cr: 19.31   )
00001113: 17.0579   (Y': 15.0171   Cb: 17.8016   Cr: 19.5954 )
00001114: 17.0749   (Y': 15.0212   Cb: 17.7932   Cr: 19.6883 )
00001115: 17.2363   (Y': 15.1409   Cb: 18.0193   Cr: 19.873  )
00001117: 17.2253   (Y': 15.0592   Cb: 18.149    Cr: 19.8622 )
00001116: 17.2037   (Y': 15.1284   Cb: 17.9794   Cr: 19.7925 )
00001118: 17.1909   (Y': 14.9813   Cb: 18.1495   Cr: 19.909  )
00001119: 17.0889   (Y': 14.902    Cb: 17.9701   Cr: 19.8536 )
00001120: 17.1565   (Y': 15.0003   Cb: 17.9972   Cr: 19.8891 )
00001121: 17.0737   (Y': 14.9963   Cb: 17.843    Cr: 19.6783 )
00001122: 17.118    (Y': 15.0075   Cb: 17.9388   Cr: 19.7424 )
00001123: 17.1392   (Y': 15.0523   Cb: 17.9476   Cr: 19.7127 )
00001124: 17.2348   (Y': 15.1098   Cb: 18.1007   Cr: 19.8346 )
00001125: 17.2969   (Y': 15.1695   Cb: 18.1329   Cr: 19.9487 )
00001126: 17.3751   (Y': 15.2317   Cb: 18.2131   Cr: 20.0722 )
00001127: 17.3923   (Y': 15.3216   Cb: 18.1547   Cr: 19.9881 )
00001128: 17.3314   (Y': 15.2415   Cb: 18.0888   Cr: 19.9916 )
00001129: 17.2856   (Y': 15.1936   Cb: 18.0249   Cr: 19.9801 )
00001130: 17.2643   (Y': 15.1493   Cb: 17.9893   Cr: 20.0515 )
00001131: 17.1528   (Y': 15.0951   Cb: 17.7902   Cr: 19.9067 )
00001132: 17.1439   (Y': 15.0905   Cb: 17.7817   Cr: 19.884  )
00001133: 17.123    (Y': 15.0628   Cb: 17.8029   Cr: 19.8159 )
00001135: 17.2198   (Y': 15.1493   Cb: 17.8358   Cr: 20.0479 )
00001134: 17.1038   (Y': 15.047    Cb: 17.7473   Cr: 19.8452 )
00001137: 17.3092   (Y': 15.2497   Cb: 17.8981   Cr: 20.1486 )
00001136: 17.2798   (Y': 15.1891   Cb: 17.9038   Cr: 20.1577 )
00001138: 17.3904   (Y': 15.2576   Cb: 18.1093   Cr: 20.2432 )
00001139: 17.3926   (Y': 15.2809   Cb: 18.0311   Cr: 20.3123 )
00001140: 17.4283   (Y': 15.2519   Cb: 18.1322   Cr: 20.447  )
00001141: 17.3995   (Y': 15.1899   Cb: 18.1676   Cr: 20.4196 )
00001143: 17.3546   (Y': 15.1738   Cb: 18.1369   Cr: 20.257  )
00001142: 17.432    (Y': 15.2339   Cb: 18.1859   Cr: 20.4382 )
00001144: 17.2938   (Y': 15.1272   Cb: 18.0552   Cr: 20.1845 )
00001145: 17.2147   (Y': 15.1142   Cb: 17.9686   Cr: 19.9122 )
00001146: 17.2565   (Y': 15.1055   Cb: 18.1341   Cr: 19.9168 )
00001147: 17.165    (Y': 15.096    Cb: 17.9624   Cr: 19.7026 )
00001148: 17.1372   (Y': 15.0639   Cb: 17.9076   Cr: 19.7284 )
00001149: 17.2488   (Y': 15.171    Cb: 18.0159   Cr: 19.858  )
00001150: 17.2954   (Y': 15.1812   Cb: 18.0647   Cr: 20.0101 )
00001154: 17.3712   (Y': 15.3033   Cb: 18.2209   Cr: 19.8292 )
00001151: 17.2947   (Y': 15.1739   Cb: 18.0619   Cr: 20.0329 )
00001152: 17.2179   (Y': 15.0855   Cb: 18.0181   Cr: 19.9397 )
00001153: 17.3471   (Y': 15.3153   Cb: 18.091    Cr: 19.8582 )
00001155: 17.3555   (Y': 15.4043   Cb: 18.0612   Cr: 19.7001 )
00001156: 17.3705   (Y': 15.4461   Cb: 18.089    Cr: 19.6258 )
00001157: 17.3656   (Y': 15.4086   Cb: 18.1089   Cr: 19.6717 )
00001158: 17.3258   (Y': 15.435    Cb: 18.0344   Cr: 19.5084 )
00001159: 17.3237   (Y': 15.3929   Cb: 18.1056   Cr: 19.5067 )
00001160: 17.2599   (Y': 15.294    Cb: 18.1009   Cr: 19.4527 )
00001161: 17.3016   (Y': 15.4413   Cb: 18.0995   Cr: 19.2866 )
00001162: 17.3263   (Y': 15.4315   Cb: 18.159    Cr: 19.3502 )
00001163: 17.5013   (Y': 15.5312   Cb: 18.3895   Cr: 19.6412 )
00001164: 17.5658   (Y': 15.5953   Cb: 18.4818   Cr: 19.6702 )
00001165: 17.6798   (Y': 15.64     Cb: 18.7683   Cr: 19.7403 )
00001167: 17.9021   (Y': 15.7781   Cb: 19.1985   Cr: 19.9277 )
00001166: 17.7609   (Y': 15.6753   Cb: 18.9507   Cr: 19.8147 )
00001170: 17.8154   (Y': 15.5595   Cb: 19.2661   Cr: 20.013  )
00001168: 17.9855   (Y': 15.7755   Cb: 19.3483   Cr: 20.1612 )
00001169: 17.8136   (Y': 15.5444   Cb: 19.254    Cr: 20.061  )
00001171: 17.7551   (Y': 15.5738   Cb: 19.1488   Cr: 19.817  )
00001172: 17.801    (Y': 15.5702   Cb: 19.2587   Cr: 19.921  )
00001173: 17.8892   (Y': 15.5419   Cb: 19.5065   Cr: 20.1506 )
00001175: 17.932    (Y': 15.6482   Cb: 19.4666   Cr: 20.1092 )
00001174: 17.9285   (Y': 15.5977   Cb: 19.501    Cr: 20.1947 )
00001176: 17.9187   (Y': 15.5948   Cb: 19.5524   Cr: 20.095  )
00001177: 17.9269   (Y': 15.6269   Cb: 19.5241   Cr: 20.0773 )
00001179: 17.8983   (Y': 15.5799   Cb: 19.4687   Cr: 20.131  )
00001178: 17.9607   (Y': 15.6986   Cb: 19.4773   Cr: 20.0985 )
00001180: 17.8338   (Y': 15.5119   Cb: 19.4149   Cr: 20.0647 )
00001181: 17.7958   (Y': 15.3973   Cb: 19.4787   Cr: 20.1312 )
00001185: 17.933    (Y': 15.6386   Cb: 19.5978   Cr: 19.9924 )
00001182: 17.7632   (Y': 15.3576   Cb: 19.4153   Cr: 20.1558 )
00001184: 17.9072   (Y': 15.4886   Cb: 19.6104   Cr: 20.2789 )
00001183: 17.8091   (Y': 15.4298   Cb: 19.4613   Cr: 20.1239 )
00001186: 17.9879   (Y': 15.689    Cb: 19.6617   Cr: 20.05   )
00001187: 17.9749   (Y': 15.7135   Cb: 19.5676   Cr: 20.0246 )
00001188: 17.9573   (Y': 15.6233   Cb: 19.5616   Cr: 20.1954 )
00001189: 17.8982   (Y': 15.5406   Cb: 19.5537   Cr: 20.1453 )
Total: 16.6618   (Y': 15.142    Cb: 17.0928   Cr: 18.3656 )
